1308931261 353
1308931321 355
1308931382 355
1308931441 350
1308931501 347
1308931561 348
1308931621 344
1308931681 327
1308931741 325
1308931801 325
1308931861 326
1308931921 333
1308931981 330
1308932041 338
1308932101 339
1308932161 340
1308932221 335
1308932281 336
1308932341 338
1308932401 330
1308932461 320
1308932521 327
1308932581 322
1308932641 324
1308932701 328
1308932761 327
1308932821 336
1308932881 331
1308932941 342
1308933001 341
1308933061 342
1308933121 340
1308933181 335
1308933242 338
1308933301 333
1308933361 337
1308933421 339
1308933481 335
1308933541 334
1308933601 325
1308933661 322
1308933721 318
1308933781 309
1308933841 311
1308933901 309
1308933961 316
1308934021 324
1308934081 312
1308934141 320
1308934201 313
1308934261 314
1308934321 312
1308934381 298
1308934441 306
1308934501 303
1308934561 300
1308934621 289
1308934681 278
1308934741 291
1308934801 286
1308934861 299
1308934921 298
1308934981 295
1308935041 295
1308935101 290
1308935161 285
1308935221 282
1308935281 274
1308935341 284
1308935401 279
1308935461 278
1308935521 286
1308935581 279
1308935641 279
1308935701 273
1308935761 275
1308935821 287
1308935881 279
1308935941 282
1308936001 289
1308936061 283
1308936122 283
1308936181 282
1308936241 281
1308936301 285
1308936361 268
1308936421 265
1308936481 257
1308936541 259
1308936601 252
1308936661 257
1308936721 256
1308936781 265
1308936841 265
1308936901 268
1308936961 263
1308937021 265
1308937081 274
1308937141 272
1308937201 276
1308937261 278
1308937321 281
1308937381 288
1308937441 269
1308937501 278
1308937561 278
1308937621 286
1308937681 275
1308937741 283
1308937801 290
1308937861 286
1308937922 291
1308937981 275
1308938041 278
1308938101 273
1308938161 269
1308938221 276
1308938281 268
1308938341 275
1308938401 275
1308938461 271
1308938521 274
1308938581 261
1308938641 266
1308938701 265
1308938761 258
1308938821 266
1308938881 260
1308938941 253
1308939001 258
1308939061 252
1308939121 254
1308939181 250
1308939241 247
1308939301 243
1308939361 235
1308939421 240
1308939481 232
1308939541 239
1308939601 235
1308939661 231
1308939721 241
1308939781 238
1308939841 242
1308939901 250
1308939961 238
1308940021 237
1308940081 239
1308940141 237
1308940201 239
1308940261 234
1308940321 237
1308940381 239
1308940441 233
1308940501 239
1308940561 219
1308940621 217
1308940681 217
1308940741 232
1308940801 223
1308940861 226
1308940921 225
1308940981 222
1308941041 225
1308941101 226
1308941161 211
1308941221 208
1308941281 202
1308941341 205
1308941401 204
1308941461 200
1308941521 199
1308941581 198
1308941641 200
1308941701 202
1308941761 198
1308941821 203
1308941881 210
1308941941 207
1308942001 210
1308942061 203
1308942121 199
1308942181 199
1308942241 198
1308942301 198
1308942361 195
1308942421 198
1308942481 195
1308942541 202
1308942601 186
1308942661 190
1308942721 185
1308942781 186
1308942841 193
1308942901 191
1308942961 195
1308943021 179
1308943082 185
1308943141 184
1308943201 184
1308943261 188
1308943321 176
1308943381 178
1308943441 172
1308943501 180
1308943561 174
1308943621 170
1308943681 176
1308943741 167
1308943801 174
1308943861 163
1308943921 168
1308943981 161
1308944041 163
1308944102 171
1308944161 167
1308944221 165
1308944281 165
1308944341 172
1308944401 173
1308944461 164
1308944521 159
1308944581 166
1308944641 169
1308944701 164
1308944761 164
1308944821 156
1308944881 160
1308944941 158
1308945001 165
1308945061 166
1308945121 164
1308945181 164
1308945241 160
1308945301 164
1308945361 170
1308945421 159
1308945481 162
1308945541 161
1308945601 169
1308945661 154
1308945721 149
1308945781 152
1308945841 155
1308945901 148
1308945961 143
1308946021 140
1308946081 148
1308946141 151
1308946201 144
1308946261 148
1308946321 147
1308946381 152
1308946441 147
1308946501 144
1308946561 145
1308946621 144
1308946681 147
1308946741 149
1308946801 140
1308946861 139
1308946921 135
1308946981 141
1308947041 138
1308947101 138
1308947161 138
1308947221 135
1308947281 139
1308947341 142
1308947401 139
1308947461 143
1308947521 125
1308947581 132
1308947641 135
1308947701 128
1308947761 132
1308947821 134
1308947881 129
1308947941 131
1308948001 133
1308948061 134
1308948121 131
1308948181 133
1308948241 131
1308948301 134
1308948361 130
1308948421 131
1308948481 130
1308948541 125
1308948601 128
1308948661 128
1308948721 131
1308948781 134
1308948841 120
1308948901 122
1308948961 126
1308949021 119
1308949081 123
1308949141 125
1308949201 127
1308949261 125
1308949321 129
1308949381 126
1308949441 127
1308949501 122
1308949561 128
1308949621 130
1308949681 125
1308949742 127
1308949802 121
1308949861 125
1308949921 117
1308949982 121
1308950041 116
1308950101 121
1308950161 125
1308950221 127
1308950281 130
1308950341 131
1308950401 135
1308950461 137
1308950521 138
1308950581 113
1308950641 116
1308950701 121
1308950761 124
1308950821 113
1308950881 115
1308950941 111
1308951001 115
1308951061 117
1308951121 118
1308951181 121
1308951241 121
1308951301 125
1308951361 115
1308951421 117
1308951481 111
1308951541 113
1308951601 120
1308951661 119
1308951721 120
1308951781 113
1308951842 116
1308951901 121
1308951961 116
1308952021 118
1308952081 115
1308952141 116
1308952201 120
1308952261 114
1308952321 115
1308952381 112
1308952441 113
1308952501 115
1308952561 119
1308952621 117
1308952681 113
1308952741 113
1308952801 111
1308952861 115
1308952921 113
1308952981 116
1308953041 116
1308953101 111
1308953161 115
1308953222 108
1308953281 111
1308953341 109
1308953401 110
1308953461 116
1308953521 111
1308953581 113
1308953642 111
1308953701 114
1308953761 117
1308953821 119
1308953881 108
1308953942 109
1308954001 111
1308954061 111
1308954121 107
1308954181 109
1308954241 111
1308954301 114
1308954361 111
1308954421 112
1308954481 113
1308954541 114
1308954601 116
1308954661 116
1308954721 118
1308954781 120
1308954841 122
1308954901 125
1308954961 113
1308955021 113
1308955081 113
1308955141 113
1308955201 117
1308955261 122
1308955321 122
1308955381 124
1308955441 106
1308955501 107
1308955561 111
1308955621 112
1308955681 108
1308955741 109
1308955801 111
1308955861 113
1308955921 115
1308955981 111
1308956041 108
1308956101 113
1308956161 118
1308956221 122
1308956281 124
1308956341 110
1308956401 113
1308956461 118
1308956521 109
1308956581 112
1308956641 112
1308956701 115
1308956762 120
1308956821 108
1308956882 111
1308956941 107
1308957001 110
1308957061 113
1308957121 116
1308957181 112
1308957241 113
1308957301 114
1308957361 117
1308957421 119
1308957481 121
1308957541 105
1308957601 108
1308957661 112
1308957721 115
1308957781 118
1308957841 120
1308957901 123
1308957961 114
1308958021 112
1308958081 112
1308958141 113
1308958201 115
1308958261 118
1308958321 116
1308958381 118
1308958441 117
1308958501 119
1308958561 117
1308958621 114
1308958681 115
1308958741 117
1308958801 118
1308958861 111
1308958921 115
1308958981 112
1308959041 113
1308959101 109
1308959161 112
1308959221 116
1308959281 119
1308959341 121
1308959401 124
1308959461 111
1308959521 113
1308959581 108
1308959641 111
1308959701 110
1308959761 114
1308959821 113
1308959881 115
1308959941 111
1308960001 111
1308960061 117
1308960121 113
1308960181 112
1308960241 115
1308960301 115
1308960361 116
1308960421 115
1308960481 115
1308960541 114
1308960601 115
1308960662 119
1308960721 123
1308960781 109
1308960841 112
1308960901 112
1308960961 119
1308961022 120
1308961081 115
1308961141 116
1308961201 120
1308961261 129
1308961321 132
1308961381 128
1308961441 124
1308961501 128
1308961561 132
1308961621 129
1308961681 126
1308961741 123
1308961801 126
1308961861 130
1308961921 128
1308961981 125
1308962041 126
1308962101 127
1308962161 136
1308962221 132
1308962281 135
1308962341 132
1308962401 131
1308962461 139
1308962521 129
1308962581 131
1308962641 132
1308962701 132
1308962761 139
1308962821 139
1308962881 142
1308962941 147
1308963001 146
1308963061 147
1308963121 145
1308963181 137
1308963241 128
1308963301 130
1308963361 134
1308963421 133
1308963481 140
1308963541 137
1308963601 137
1308963661 142
1308963721 140
1308963781 141
1308963841 140
1308963901 138
1308963961 142
1308964021 139
1308964081 137
1308964141 134
1308964201 133
1308964261 138
1308964321 135
1308964381 133
1308964441 133
1308964501 133
1308964561 138
1308964621 139
1308964681 140
1308964741 137
1308964801 140
1308964861 143
1308964921 139
1308964981 144
1308965041 146
1308965101 150
1308965161 156
1308965222 154
1308965281 147
1308965341 148
1308965401 157
1308965461 165
1308965521 176
1308965581 186
1308965642 191
1308965701 191
1308965761 197
1308965821 192
1308965881 194
1308965941 188
1308966001 191
1308966061 198
1308966121 194
1308966181 195
1308966241 200
1308966301 197
1308966361 206
1308966421 195
1308966481 193
1308966541 192
1308966601 192
1308966661 200
1308966721 194
1308966781 189
1308966841 190
1308966901 196
1308966961 210
1308967021 204
1308967081 204
1308967141 207
1308967201 207
1308967261 218
1308967321 210
1308967382 206
1308967441 206
1308967501 204
1308967561 211
1308967621 206
1308967681 202
1308967741 203
1308967801 204
1308967861 213
1308967921 218
1308967981 210
1308968041 216
1308968101 218
1308968161 223
1308968221 217
1308968281 210
1308968341 214
1308968401 213
1308968461 223
1308968521 214
1308968581 213
1308968641 214
1308968701 219
1308968761 220
1308968821 217
1308968881 224
1308968941 229
1308969001 226
1308969062 227
1308969121 222
1308969181 221
1308969241 222
1308969301 223
1308969361 228
1308969421 229
1308969481 232
1308969541 232
1308969601 231
1308969661 238
1308969721 237
1308969781 232
1308969841 233
1308969901 232
1308969961 236
1308970021 239
1308970081 243
1308970141 236
1308970201 238
1308970261 243
1308970321 245
1308970381 243
1308970441 247
1308970501 253
1308970561 255
1308970621 254
1308970681 256
1308970741 255
1308970801 250
1308970861 253
1308970921 257
1308970981 235
1308971041 244
1308971101 253
1308971161 261
1308971221 253
1308971281 257
1308971341 258
1308971401 262
1308971461 268
1308971521 266
1308971581 262
1308971641 267
1308971701 268
1308971761 271
1308971821 261
1308971881 268
1308971941 270
1308972001 272
1308972061 264
1308972122 266
1308972181 265
1308972241 263
1308972301 261
1308972361 267
1308972421 274
1308972481 279
1308972542 274
1308972601 277
1308972661 278
1308972721 280
1308972781 278
1308972841 273
1308972901 273
1308972961 279
1308973021 278
1308973081 268
1308973141 257
1308973201 237
1308973261 238
1308973321 228
1308973381 228
1308973441 223
1308973501 226
1308973561 229
1308973621 228
1308973681 223
1308973741 225
1308973801 227
1308973861 235
1308973921 234
1308973981 237
1308974041 237
1308974101 237
1308974161 244
1308974221 235
1308974281 243
1308974341 239
1308974401 232
1308974461 242
1308974522 237
1308974582 235
1308974641 239
1308974701 239
1308974761 238
1308974821 236
1308974881 229
1308974941 227
1308975001 226
1308975061 233
1308975121 229
1308975181 232
1308975241 226
1308975301 224
1308975361 228
1308975421 224
1308975481 221
1308975541 219
1308975601 210
1308975661 227
1308975721 219
1308975781 219
1308975841 221
1308975901 222
1308975961 234
1308976021 231
1308976081 225
1308976141 221
1308976201 227
1308976261 240
1308976321 244
1308976381 234
1308976441 238
1308976501 237
1308976561 254
1308976621 247
1308976681 235
1308976741 233
1308976801 241
1308976861 250
1308976921 245
1308976981 249
1308977041 250
1308977101 253
1308977161 270
1308977221 251
1308977281 256
1308977341 250
1308977401 243
1308977461 253
1308977521 242
1308977581 247
1308977641 251
1308977701 246
1308977761 249
1308977821 241
1308977881 245
1308977941 239
1308978001 242
1308978061 257
1308978121 252
1308978181 251
1308978241 252
1308978301 251
1308978361 258
1308978421 253
1308978481 260
1308978541 249
1308978601 241
1308978661 249
1308978721 246
1308978781 242
1308978841 241
1308978901 243
1308978961 254
1308979021 250
1308979081 252
1308979141 253
1308979201 252
1308979261 259
1308979321 252
1308979381 248
1308979441 246
1308979501 246
1308979562 253
1308979621 255
1308979681 260
1308979741 256
1308979801 262
1308979861 274
1308979921 274
1308979981 273
1308980041 269
1308980101 265
1308980161 277
1308980221 272
1308980281 275
1308980341 262
1308980401 276
1308980461 277
1308980521 284
1308980581 283
1308980641 275
1308980701 288
1308980761 298
1308980821 288
1308980881 284
1308980941 276
1308981001 275
1308981061 283
1308981121 273
1308981181 276
1308981241 271
1308981301 271
1308981361 282
1308981421 271
1308981481 273
1308981541 269
1308981601 273
1308981661 284
1308981721 268
1308981781 261
1308981841 254
1308981901 255
1308981961 263
1308982021 259
1308982081 256
1308982141 262
1308982201 264
1308982261 271
1308982321 263
1308982381 265
1308982441 270
1308982501 268
1308982561 274
1308982622 267
1308982681 265
1308982741 270
1308982801 271
1308982861 283
1308982921 279
1308982981 268
1308983041 268
1308983101 272
1308983161 274
1308983221 266
1308983281 258
1308983341 261
1308983401 271
1308983461 280
1308983521 279
1308983581 278
1308983641 279
1308983701 281
1308983761 291
1308983821 288
1308983881 272
1308983941 271
1308984001 270
1308984061 275
1308984121 279
1308984181 275
1308984241 272
1308984302 271
1308984362 279
1308984421 276
1308984481 262
1308984541 260
1308984601 257
1308984661 278
1308984721 275
1308984781 272
1308984841 266
1308984901 269
1308984961 281
1308985021 283
1308985081 282
1308985141 274
1308985201 277
1308985261 291
1308985321 290
1308985381 281
1308985442 275
1308985501 269
1308985561 273
1308985621 274
1308985681 256
1308985741 261
1308985801 256
1308985861 267
1308985921 260
1308985981 256
1308986041 262
1308986101 260
1308986161 269
1308986221 266
1308986281 264
1308986341 253
1308986401 260
1308986461 272
1308986521 268
1308986581 265
1308986641 268
1308986701 262
1308986761 266
1308986821 267
1308986881 265
1308986941 265
1308987001 259
1308987062 270
1308987121 273
1308987181 269
1308987241 275
1308987301 270
1308987361 278
1308987421 284
1308987481 282
1308987541 279
1308987601 275
1308987661 289
1308987721 293
1308987781 289
1308987841 302
1308987901 292
1308987961 294
1308988021 299
1308988081 287
1308988141 287
1308988201 286
1308988261 283
1308988321 293
1308988381 291
1308988441 301
1308988501 296
1308988561 297
1308988621 300
1308988681 292
1308988741 291
1308988801 297
1308988861 289
1308988921 294
1308988981 290
1308989041 287
1308989101 291
1308989161 289
1308989221 293
1308989281 285
1308989341 277
1308989401 280
1308989461 293
1308989521 297
1308989581 280
1308989641 274
1308989701 279
1308989761 287
1308989821 276
1308989881 275
1308989941 273
1308990001 268
1308990061 271
1308990121 271
1308990182 266
1308990241 271
1308990301 264
1308990361 276
1308990421 280
1308990481 278
1308990541 275
1308990601 276
1308990661 284
1308990721 288
1308990781 278
1308990841 275
1308990901 269
1308990961 276
1308991021 276
1308991081 271
1308991141 276
1308991201 275
1308991261 284
1308991321 279
1308991381 283
1308991441 286
1308991501 282
1308991561 286
1308991621 283
1308991681 276
1308991741 272
1308991801 272
1308991861 276
1308991921 274
1308991981 275
1308992041 275
1308992101 274
1308992161 276
1308992221 277
1308992281 275
1308992342 268
1308992401 268
1308992461 271
1308992521 272
1308992581 273
1308992641 278
1308992701 272
1308992761 279
1308992821 279
1308992881 269
1308992941 268
1308993001 269
1308993061 274
1308993121 267
1308993181 259
1308993241 262
1308993301 260
1308993361 261
1308993421 265
1308993481 263
1308993541 256
1308993602 260
1308993662 260
1308993721 265
1308993781 253
1308993841 253
1308993901 259
1308993961 265
1308994021 267
1308994081 265
1308994141 270
1308994201 271
1308994261 274
1308994321 275
1308994381 265
1308994441 267
1308994501 262
1308994561 263
1308994621 269
1308994681 262
1308994741 263
1308994801 262
1308994861 265
1308994921 275
1308994981 266
1308995041 262
1308995101 264
1308995161 267
1308995221 267
1308995281 261
1308995341 264
1308995401 257
1308995461 262
1308995521 258
1308995581 245
1308995641 244
1308995701 235
1308995761 243
1308995821 241
1308995881 249
1308995941 242
1308996001 249
1308996061 257
1308996121 257
1308996181 256
1308996241 252
1308996301 252
1308996361 257
1308996421 249
1308996481 241
1308996541 243
1308996601 244
1308996661 249
1308996721 251
1308996781 250
1308996841 253
1308996901 251
1308996961 256
1308997021 254
1308997081 253
1308997141 248
1308997201 249
1308997261 249
1308997321 240
1308997381 234
1308997441 233
1308997501 234
1308997561 234
1308997621 234
1308997681 239
1308997741 233
1308997801 233
1308997861 242
1308997921 237
1308997981 238
1308998041 233
1308998101 241
1308998161 249
1308998221 236
1308998281 232
1308998341 230
1308998402 229
1308998461 244
1308998521 232
1308998581 231
1308998641 238
1308998701 238
1308998761 245
1308998821 247
1308998881 242
1308998941 242
1308999001 240
1308999061 244
1308999121 245
1308999181 239
1308999241 232
1308999301 226
1308999361 240
1308999421 244
1308999481 241
1308999541 239
1308999601 239
1308999661 256
1308999721 248
1308999781 243
1308999841 245
1308999901 245
1308999961 244
1309000021 238
1309000081 234
1309000142 235
1309000201 238
1309000261 241
1309000321 241
1309000381 242
1309000441 240
1309000501 243
1309000561 245
1309000621 238
1309000681 243
1309000741 231
1309000801 233
1309000861 243
1309000921 245
1309000981 239
1309001041 246
1309001101 246
1309001161 255
1309001221 254
1309001281 250
1309001341 256
1309001401 261
1309001461 271
1309001521 263
1309001581 258
1309001641 245
1309001701 244
1309001761 251
1309001821 243
1309001881 249
1309001941 245
1309002001 251
1309002061 254
1309002122 250
1309002181 248
1309002241 242
1309002301 243
1309002361 247
1309002421 247
1309002481 236
1309002541 240
1309002601 244
1309002661 244
1309002721 241
1309002781 235
1309002841 235
1309002901 239
1309002961 242
1309003021 241
1309003081 236
1309003141 240
1309003201 244
1309003261 242
1309003321 241
1309003381 240
1309003441 244
1309003501 239
1309003561 245
1309003622 247
1309003681 248
1309003741 248
1309003801 252
1309003861 260
1309003921 256
1309003981 248
1309004041 249
1309004101 249
1309004161 259
1309004221 258
1309004281 252
1309004341 256
1309004401 259
1309004461 264
1309004521 265
1309004581 264
1309004641 263
1309004701 266
1309004761 272
1309004821 269
1309004881 270
1309004941 269
1309005001 263
1309005061 274
1309005121 265
1309005181 260
1309005241 262
1309005301 264
1309005361 267
1309005421 265
1309005481 267
1309005541 261
1309005601 265
1309005661 272
1309005721 267
1309005781 265
1309005841 264
1309005901 261
1309005961 266
1309006021 254
1309006081 250
1309006141 249
1309006201 256
1309006261 257
1309006321 256
1309006381 250
1309006441 252
1309006501 257
1309006561 264
1309006621 265
1309006681 265
1309006741 273
1309006801 273
1309006861 271
1309006921 267
1309006981 258
1309007041 260
1309007101 263
1309007161 264
1309007221 259
1309007281 264
1309007341 258
1309007401 269
1309007461 263
1309007521 258
1309007581 256
1309007642 254
1309007701 259
1309007761 265
1309007821 266
1309007881 269
1309007941 266
1309008001 281
1309008061 288
1309008121 286
1309008181 281
1309008241 274
1309008301 277
1309008361 282
1309008421 278
1309008481 271
1309008541 265
1309008601 268
1309008661 274
1309008721 271
1309008781 269
1309008841 271
1309008901 265
1309008961 268
1309009022 267
1309009081 272
1309009141 273
1309009201 275
1309009261 282
1309009321 276
1309009381 270
1309009441 266
1309009501 277
1309009561 281
1309009621 278
1309009681 284
1309009741 280
1309009801 274
1309009861 275
1309009921 268
1309009981 272
1309010041 261
1309010101 264
1309010161 269
1309010221 278
1309010281 279
1309010341 277
1309010401 280
1309010461 278
1309010521 275
1309010581 273
1309010641 266
1309010701 261
1309010761 268
1309010821 266
1309010881 264
1309010941 269
1309011001 273
1309011061 281
1309011121 281
1309011181 277
1309011241 285
1309011301 284
1309011362 276
1309011421 277
1309011481 287
1309011541 286
1309011601 279
1309011661 285
1309011721 290
1309011781 298
1309011841 288
1309011901 291
1309011961 301
1309012021 293
1309012081 283
1309012141 290
1309012201 288
1309012261 289
1309012321 296
1309012381 295
1309012441 299
1309012501 300
1309012561 301
1309012621 301
1309012681 286
1309012741 285
1309012801 280
1309012861 287
1309012921 287
1309012981 287
1309013041 294
1309013101 294
1309013161 292
1309013221 282
1309013282 286
1309013341 280
1309013401 281
1309013461 273
1309013521 281
1309013581 281
1309013641 294
1309013701 292
1309013761 292
1309013821 299
1309013881 296
1309013941 301
1309014001 299
1309014061 293
1309014121 298
1309014181 300
1309014242 306
1309014301 306
1309014361 307
1309014421 291
1309014481 294
1309014541 300
1309014601 301
1309014661 300
1309014721 301
1309014781 316
1309014841 307
1309014901 301
1309014961 304
1309015021 288
1309015081 294
1309015141 297
1309015201 291
1309015261 284
1309015321 295
1309015381 297
1309015441 289
1309015501 282
1309015561 287
1309015621 284
1309015681 277
1309015741 284
1309015801 291
1309015861 289
1309015921 289
1309015982 283
1309016041 294
1309016101 286
1309016161 284
1309016221 285
1309016281 288
1309016341 283
1309016401 282
1309016461 292
1309016521 288
1309016581 292
1309016641 286
1309016701 285
1309016761 288
1309016821 284
1309016881 276
1309016941 284
1309017001 276
1309017061 275
1309017121 268
1309017181 264
1309017241 269
1309017301 266
1309017361 273
1309017421 271
1309017481 271
1309017541 291
1309017601 286
1309017661 297
