1309968061 18
1309968121 21
1309968181 21
1309968241 23
1309968301 23
1309968361 23
1309968421 23
1309968481 23
1309968541 23
1309968601 23
1309968661 23
1309968721 20
1309968781 21
1309968841 19
1309968901 19
1309968961 19
1309969021 17
1309969081 18
1309969141 18
1309969201 18
1309969261 17
1309969321 17
1309969381 18
1309969441 18
1309969501 18
1309969561 18
1309969621 18
1309969681 15
1309969741 13
1309969801 13
1309969861 13
1309969921 13
1309969981 17
1309970041 18
1309970101 18
1309970161 18
1309970221 19
1309970281 20
1309970341 20
1309970401 17
1309970461 17
1309970521 16
1309970581 16
1309970641 17
1309970701 17
1309970761 17
1309970821 14
1309970881 15
1309970941 15
1309971001 15
1309971061 14
1309971121 14
1309971181 14
1309971241 15
1309971301 15
1309971361 15
1309971421 15
1309971481 14
1309971541 16
1309971601 17
1309971661 17
1309971721 17
1309971781 17
1309971841 15
1309971901 15
1309971961 15
1309972021 13
1309972081 14
1309972141 14
1309972201 14
1309972261 15
1309972321 15
1309972381 15
1309972441 15
1309972501 15
1309972561 15
1309972621 15
1309972681 15
1309972741 15
1309972801 13
1309972861 14
1309972921 14
1309972981 14
1309973041 15
1309973101 15
1309973161 15
1309973221 15
1309973281 15
1309973341 15
1309973401 14
1309973461 12
1309973521 13
1309973581 14
1309973641 15
1309973702 15
1309973762 15
1309973821 16
1309973881 16
1309973941 16
1309974001 17
1309974061 18
1309974121 18
1309974181 18
1309974241 18
1309974301 18
1309974361 18
1309974421 18
1309974481 18
1309974541 13
1309974601 14
1309974661 16
1309974721 16
1309974781 16
1309974841 16
1309974901 16
1309974961 16
1309975021 16
1309975081 16
1309975141 13
1309975201 13
1309975261 13
1309975321 13
1309975381 13
1309975441 13
1309975501 13
1309975561 13
1309975621 13
1309975681 13
1309975741 13
1309975801 13
1309975861 13
1309975921 13
1309975981 13
1309976041 13
1309976101 13
1309976161 13
1309976221 13
1309976282 13
1309976341 13
1309976401 13
1309976461 13
1309976521 10
1309976581 10
1309976641 10
1309976701 10
1309976761 10
1309976821 10
1309976881 10
1309976941 10
1309977001 11
1309977061 11
1309977121 11
1309977181 11
1309977241 11
1309977301 11
1309977361 11
1309977421 11
1309977481 11
1309977541 11
1309977601 11
1309977661 11
1309977721 11
1309977781 11
1309977841 11
1309977901 11
1309977961 11
1309978021 11
1309978081 11
1309978141 11
1309978201 11
1309978261 13
1309978321 13
1309978381 13
1309978441 13
1309978501 13
1309978561 13
1309978621 13
1309978682 13
1309978741 13
1309978801 13
1309978861 13
1309978921 13
1309978981 10
1309979041 12
1309979101 12
1309979162 12
1309979221 13
1309979281 13
1309979341 13
1309979401 13
1309979461 13
1309979521 13
1309979581 13
1309979641 13
1309979701 13
1309979761 11
1309979821 11
1309979881 11
1309979942 11
1309980001 11
1309980061 11
1309980121 11
1309980181 11
1309980241 11
1309980301 11
1309980361 11
1309980421 11
1309980481 11
1309980541 11
1309980601 11
1309980661 11
1309980721 11
1309980781 11
1309980841 11
1309980901 11
1309980961 11
1309981021 11
1309981081 11
1309981141 11
1309981201 12
1309981261 12
1309981321 12
1309981381 13
1309981441 13
1309981501 13
1309981561 13
1309981621 13
1309981681 13
1309981741 13
1309981801 13
1309981861 13
1309981921 13
1309981981 13
1309982041 13
1309982101 11
1309982161 11
1309982221 11
1309982281 11
1309982341 11
1309982401 11
1309982461 11
1309982521 11
1309982581 11
1309982641 11
1309982701 11
1309982761 11
1309982821 11
1309982881 11
1309982941 11
1309983001 11
1309983061 11
1309983121 11
1309983182 11
1309983242 11
1309983301 11
1309983361 11
1309983421 11
1309983481 11
1309983541 11
1309983601 11
1309983661 11
1309983721 11
1309983781 11
1309983841 11
1309983901 11
1309983961 11
1309984021 11
1309984081 11
1309984141 11
1309984201 11
1309984261 11
1309984322 11
1309984381 11
1309984441 10
1309984501 10
1309984561 10
1309984621 10
1309984681 10
1309984741 10
1309984801 10
1309984861 10
1309984921 10
1309984981 10
1309985041 10
1309985101 10
1309985161 10
1309985221 10
1309985281 10
1309985341 10
1309985401 10
1309985461 10
1309985521 10
1309985581 10
1309985641 10
1309985701 10
1309985761 10
1309985821 10
1309985881 10
1309985941 10
1309986001 10
1309986061 10
1309986121 10
1309986181 10
1309986241 10
1309986301 11
1309986361 11
1309986421 11
1309986481 11
1309986541 11
1309986601 11
1309986661 11
1309986721 11
1309986781 11
1309986841 11
1309986901 11
1309986961 11
1309987021 12
1309987081 12
1309987141 12
1309987201 12
1309987261 12
1309987321 12
1309987381 12
1309987441 12
1309987501 12
1309987561 12
1309987621 12
1309987681 12
1309987741 12
1309987801 12
1309987861 12
1309987921 12
1309987981 12
1309988041 12
1309988101 12
1309988161 12
1309988221 12
1309988281 12
1309988341 12
1309988401 12
1309988461 12
1309988521 12
1309988581 12
1309988641 13
1309988701 13
1309988761 13
1309988821 13
1309988881 13
1309988941 12
1309989001 12
1309989061 12
1309989121 12
1309989181 12
1309989241 12
1309989301 12
1309989361 12
1309989421 12
1309989481 12
1309989541 12
1309989601 12
1309989661 12
1309989721 12
1309989781 12
1309989841 12
1309989901 12
1309989961 12
1309990021 12
1309990081 12
1309990141 13
1309990201 13
1309990261 13
1309990321 13
1309990381 13
1309990441 13
1309990501 13
1309990561 13
1309990621 13
1309990681 13
1309990741 12
1309990801 12
1309990861 12
1309990921 12
1309990981 12
1309991041 12
1309991101 12
1309991161 12
1309991221 12
1309991281 12
1309991341 12
1309991401 12
1309991461 12
1309991521 12
1309991581 12
1309991641 12
1309991701 12
1309991761 12
1309991821 12
1309991881 12
1309991941 12
1309992001 12
1309992061 12
1309992121 12
1309992181 12
1309992241 12
1309992301 12
1309992361 12
1309992421 12
1309992481 12
1309992541 12
1309992601 12
1309992661 12
1309992721 12
1309992781 12
1309992842 12
1309992901 12
1309992961 12
1309993021 12
1309993081 12
1309993141 12
1309993201 12
1309993261 12
1309993321 12
1309993381 12
1309993441 12
1309993501 12
1309993561 12
1309993621 12
1309993681 12
1309993741 12
1309993801 12
1309993861 12
1309993921 12
1309993981 12
1309994041 12
1309994101 12
1309994161 12
1309994221 12
1309994281 10
1309994341 11
1309994401 11
1309994461 11
1309994521 11
1309994581 12
1309994641 12
1309994701 12
1309994761 12
1309994821 12
1309994881 12
1309994941 12
1309995001 12
1309995061 12
1309995121 11
1309995181 12
1309995241 13
1309995301 13
1309995361 13
1309995421 13
1309995481 13
1309995541 13
1309995601 13
1309995661 13
1309995721 13
1309995781 13
1309995841 13
1309995901 13
1309995962 13
1309996021 13
1309996081 13
1309996141 13
1309996201 13
1309996261 14
1309996321 15
1309996381 15
1309996441 13
1309996501 14
1309996561 14
1309996621 14
1309996681 14
1309996741 14
1309996801 14
1309996861 14
1309996921 14
1309996981 14
1309997041 10
1309997101 10
1309997161 10
1309997221 10
1309997281 10
1309997341 11
1309997401 11
1309997461 11
1309997521 11
1309997581 11
1309997641 11
1309997701 11
1309997761 11
1309997821 11
1309997881 13
1309997941 13
1309998001 14
1309998062 14
1309998121 14
1309998181 14
1309998241 14
1309998301 11
1309998361 11
1309998421 11
1309998481 11
1309998541 11
1309998601 13
1309998661 13
1309998721 13
1309998781 13
1309998841 13
1309998901 13
1309998961 12
1309999021 12
1309999081 12
1309999141 12
1309999201 12
1309999261 12
1309999321 13
1309999381 13
1309999441 13
1309999501 12
1309999561 12
1309999621 12
1309999681 12
1309999741 12
1309999801 13
1309999861 13
1309999921 13
1309999981 13
1310000041 13
1310000101 14
1310000161 14
1310000221 14
1310000281 12
1310000341 13
1310000401 15
1310000461 15
1310000521 15
1310000581 15
1310000641 15
1310000701 15
1310000761 15
1310000821 15
1310000881 12
1310000941 11
1310001001 12
1310001061 11
1310001121 11
1310001181 11
1310001241 11
1310001301 11
1310001361 11
1310001421 12
1310001481 12
1310001541 12
1310001601 11
1310001661 11
1310001721 11
1310001781 12
1310001842 12
1310001901 12
1310001961 12
1310002021 13
1310002081 13
1310002141 13
1310002201 14
1310002261 14
1310002321 12
1310002381 12
1310002441 12
1310002501 13
1310002561 13
1310002621 13
1310002681 12
1310002741 14
1310002801 15
1310002861 15
1310002921 15
1310002981 16
1310003041 16
1310003101 16
1310003161 16
1310003221 16
1310003281 18
1310003341 18
1310003401 18
1310003462 18
1310003521 18
1310003581 18
1310003641 18
1310003701 19
1310003761 19
1310003821 19
1310003881 14
1310003941 15
1310004001 16
1310004061 16
1310004121 14
1310004181 14
1310004241 15
1310004301 16
1310004361 16
1310004421 16
1310004481 16
1310004541 15
1310004601 16
1310004661 16
1310004721 16
1310004782 15
1310004841 15
1310004901 15
1310004961 16
1310005021 16
1310005081 17
1310005141 18
1310005202 19
1310005261 19
1310005321 19
1310005381 20
1310005441 20
1310005501 20
1310005561 18
1310005621 18
1310005681 18
1310005741 18
1310005801 18
1310005861 17
1310005921 17
1310005981 18
1310006041 18
1310006101 17
1310006161 18
1310006222 18
1310006281 18
1310006341 19
1310006401 19
1310006461 20
1310006521 20
1310006581 21
1310006641 21
1310006701 21
1310006761 20
1310006821 21
1310006881 22
1310006941 23
1310007001 23
1310007061 21
1310007121 23
1310007181 24
1310007241 24
1310007301 24
1310007361 24
1310007421 20
1310007481 20
1310007541 19
1310007601 19
1310007661 20
1310007721 21
1310007781 22
1310007841 22
1310007901 22
1310007961 22
1310008021 21
1310008081 22
1310008141 20
1310008201 20
1310008261 20
1310008321 20
1310008381 20
1310008441 20
1310008501 22
1310008561 23
1310008622 23
1310008681 25
1310008741 25
1310008801 23
1310008861 22
1310008921 22
1310008981 22
1310009041 22
1310009101 22
1310009161 19
1310009221 19
1310009281 21
1310009341 21
1310009401 21
1310009461 21
1310009521 22
1310009581 22
1310009641 23
1310009701 24
1310009761 24
1310009821 25
1310009881 24
1310009941 24
1310010001 22
1310010061 22
1310010121 20
1310010181 20
1310010241 21
1310010301 21
1310010361 21
1310010421 22
1310010481 22
1310010541 23
1310010601 24
1310010661 25
1310010721 25
1310010781 25
1310010841 19
1310010901 20
1310010961 19
1310011021 21
1310011081 22
1310011141 24
1310011201 24
1310011262 25
1310011321 19
1310011381 22
1310011441 22
1310011501 22
1310011561 18
1310011621 18
1310011681 19
1310011741 20
1310011801 17
1310011861 19
1310011921 19
1310011981 19
1310012041 19
1310012101 19
1310012161 20
1310012221 20
1310012281 20
1310012341 18
1310012401 18
1310012461 19
1310012521 19
1310012581 20
1310012641 21
1310012701 22
1310012761 23
1310012821 23
1310012881 23
1310012941 24
1310013001 24
1310013061 26
1310013121 26
1310013181 24
1310013241 24
1310013301 24
1310013361 25
1310013421 25
1310013481 25
1310013541 20
1310013601 21
1310013661 22
1310013721 22
1310013781 21
1310013841 21
1310013901 21
1310013961 22
1310014021 22
1310014081 22
1310014141 22
1310014201 17
1310014261 22
1310014321 22
1310014381 23
1310014441 24
1310014501 21
1310014561 22
1310014621 19
1310014681 19
1310014741 21
1310014801 21
1310014861 22
1310014921 22
1310014981 19
1310015041 20
1310015101 20
1310015161 20
1310015221 20
1310015281 16
1310015341 16
1310015401 16
1310015461 17
1310015521 17
1310015581 17
1310015641 17
1310015701 17
1310015761 18
1310015821 17
1310015881 17
1310015941 18
1310016001 19
1310016061 20
1310016121 20
1310016181 21
1310016241 22
1310016301 20
1310016361 21
1310016421 21
1310016481 22
1310016541 18
1310016601 18
1310016661 20
1310016721 20
1310016781 18
1310016841 19
1310016901 20
1310016961 21
1310017021 21
1310017081 23
1310017141 25
1310017201 25
1310017261 26
1310017321 25
1310017381 25
1310017441 27
1310017501 28
1310017561 29
1310017621 29
1310017681 26
1310017741 27
1310017801 27
1310017861 28
1310017921 21
1310017981 24
1310018041 24
1310018101 20
1310018161 21
1310018221 21
1310018281 21
1310018341 22
1310018401 19
1310018461 21
1310018521 21
1310018581 21
1310018641 21
1310018701 21
1310018761 22
1310018821 22
1310018881 16
1310018941 16
1310019001 18
1310019061 19
1310019121 19
1310019181 15
1310019241 17
1310019301 18
1310019361 20
1310019421 20
1310019481 20
1310019541 20
1310019601 19
1310019661 19
1310019721 18
1310019781 18
1310019841 17
1310019901 17
1310019961 17
1310020021 17
1310020081 17
1310020141 19
1310020201 18
1310020261 20
1310020321 20
1310020381 21
1310020441 22
1310020501 22
1310020561 23
1310020621 23
1310020681 23
1310020741 16
1310020801 16
1310020861 17
1310020921 18
1310020981 19
1310021041 20
1310021101 20
1310021161 20
1310021221 20
1310021281 21
1310021341 17
1310021401 18
1310021461 16
1310021521 16
1310021581 17
1310021641 18
1310021701 18
1310021761 19
1310021821 19
1310021881 17
1310021941 19
1310022001 20
1310022061 21
1310022121 19
1310022181 20
1310022241 22
1310022301 22
1310022361 20
1310022421 21
1310022481 21
1310022541 22
1310022601 21
1310022661 22
1310022721 20
1310022781 20
1310022841 21
1310022901 22
1310022961 23
1310023021 18
1310023081 20
1310023141 23
1310023201 23
1310023261 23
1310023321 23
1310023381 23
1310023441 23
1310023501 23
1310023561 24
1310023621 21
1310023681 22
1310023741 22
1310023801 21
1310023861 21
1310023921 21
1310023981 22
1310024041 22
1310024101 23
1310024161 24
1310024221 20
1310024281 21
1310024341 21
1310024401 22
1310024461 19
1310024521 19
1310024581 18
1310024641 19
1310024701 19
1310024761 20
1310024821 17
1310024881 17
1310024941 17
1310025001 17
1310025061 18
1310025121 19
1310025181 19
1310025241 20
1310025302 20
1310025361 21
1310025421 21
1310025481 22
1310025541 21
1310025601 21
1310025661 22
1310025721 22
1310025781 19
1310025841 20
1310025901 20
1310025961 22
1310026021 22
1310026081 22
1310026141 22
1310026201 22
1310026261 23
1310026321 20
1310026381 20
1310026441 21
1310026501 21
1310026561 22
1310026621 22
1310026681 22
1310026741 22
1310026801 22
1310026861 18
1310026921 19
1310026981 20
1310027042 21
1310027102 19
1310027161 20
1310027221 20
1310027281 21
1310027341 22
1310027401 20
1310027461 21
1310027521 21
1310027581 16
1310027641 17
1310027701 19
1310027761 21
1310027821 21
1310027881 21
1310027941 21
1310028001 21
1310028061 22
1310028121 20
1310028181 22
1310028241 23
1310028301 24
1310028361 25
1310028421 25
1310028481 24
1310028541 24
1310028601 25
1310028661 25
1310028721 25
1310028781 25
1310028841 25
1310028901 25
1310028961 19
1310029021 19
1310029081 19
1310029141 19
1310029201 18
1310029261 18
1310029321 19
1310029381 19
1310029441 19
1310029502 20
1310029561 21
1310029621 22
1310029681 22
1310029741 22
1310029801 19
1310029861 19
1310029921 19
1310029981 18
1310030041 17
1310030101 18
1310030161 20
1310030221 20
1310030281 17
1310030341 17
1310030401 17
1310030461 17
1310030521 17
1310030581 17
1310030641 18
1310030701 19
1310030761 20
1310030821 21
1310030881 22
1310030942 22
1310031001 22
1310031061 23
1310031121 22
1310031181 22
1310031241 23
1310031301 23
1310031361 23
1310031421 19
1310031481 21
1310031541 22
1310031601 22
1310031661 23
1310031721 23
1310031781 24
1310031841 24
1310031901 20
1310031961 21
1310032021 21
1310032081 18
1310032141 18
1310032201 19
1310032261 19
1310032321 19
1310032381 20
1310032441 20
1310032501 19
1310032561 21
1310032621 21
1310032681 22
1310032741 23
1310032801 23
1310032861 24
1310032921 24
1310032981 25
1310033041 25
1310033101 18
1310033161 20
1310033221 20
1310033281 21
1310033341 21
1310033401 21
1310033461 22
1310033521 22
1310033581 24
1310033641 24
1310033701 24
1310033761 25
1310033821 19
1310033881 20
1310033941 20
1310034001 19
1310034061 19
1310034121 19
1310034181 21
1310034241 21
1310034301 21
1310034361 22
1310034421 17
1310034481 19
1310034541 19
1310034601 19
1310034661 20
1310034721 20
1310034781 21
1310034841 16
1310034901 16
1310034961 17
1310035021 16
1310035081 17
1310035141 17
1310035201 17
1310035261 18
1310035321 19
1310035381 19
1310035441 15
1310035501 15
1310035561 16
1310035621 17
1310035681 18
1310035741 17
1310035801 16
1310035861 17
1310035921 18
1310035981 18
1310036041 18
1310036101 18
1310036161 19
1310036221 18
1310036281 17
1310036341 18
1310036402 19
1310036461 22
1310036521 23
1310036581 24
1310036641 22
1310036701 23
1310036761 24
1310036821 25
1310036881 25
1310036941 25
1310037001 25
1310037061 26
1310037121 26
1310037181 17
1310037241 17
1310037301 17
1310037361 17
1310037421 18
1310037481 18
1310037541 18
1310037601 18
1310037662 17
1310037721 18
1310037781 18
1310037841 18
1310037901 15
1310037961 16
1310038021 16
1310038081 17
1310038141 17
1310038201 17
1310038261 18
1310038321 19
1310038381 19
1310038441 14
1310038501 15
1310038561 16
1310038621 16
1310038681 18
1310038741 18
1310038801 18
1310038861 18
1310038921 19
1310038981 19
1310039041 19
1310039101 19
1310039161 20
1310039221 19
1310039281 19
1310039341 20
1310039402 20
1310039461 21
1310039521 22
1310039581 22
1310039641 18
1310039701 18
1310039761 19
1310039821 20
1310039881 20
1310039941 18
1310040001 18
1310040061 18
1310040121 19
1310040181 19
1310040242 20
1310040301 20
1310040361 21
1310040421 23
1310040481 19
1310040541 20
1310040601 20
1310040661 21
1310040721 22
1310040781 16
1310040841 17
1310040901 17
1310040961 18
1310041021 18
1310041081 18
1310041141 18
1310041201 19
1310041261 20
1310041321 20
1310041381 20
1310041441 20
1310041501 20
1310041561 20
1310041621 21
1310041681 21
1310041741 19
1310041801 19
1310041861 21
1310041921 22
1310041981 22
1310042042 18
1310042101 18
1310042161 19
1310042221 20
1310042281 19
1310042341 18
1310042401 18
1310042461 19
1310042521 18
1310042581 18
1310042641 17
1310042701 18
1310042761 20
1310042821 21
1310042881 22
1310042941 22
1310043001 22
1310043061 23
1310043121 18
1310043181 18
1310043241 18
1310043301 16
1310043361 18
1310043421 18
1310043481 18
1310043541 18
1310043601 19
1310043661 20
1310043721 17
1310043781 18
1310043841 19
1310043901 19
1310043961 21
1310044021 21
1310044081 21
1310044141 17
1310044201 17
1310044261 18
1310044321 19
1310044381 19
1310044441 18
1310044501 18
1310044561 19
1310044621 20
1310044681 19
1310044741 16
1310044802 17
1310044862 19
1310044921 19
1310044981 17
1310045041 18
1310045101 19
1310045161 20
1310045221 20
1310045281 19
1310045341 18
1310045401 17
1310045461 18
1310045521 18
1310045581 14
1310045641 14
1310045701 13
1310045761 14
1310045821 14
1310045881 14
1310045941 14
1310046001 14
1310046061 16
1310046121 16
1310046181 16
1310046241 13
1310046301 13
1310046361 14
1310046421 14
1310046481 14
1310046541 13
1310046601 14
1310046662 15
1310046721 16
1310046781 16
1310046841 16
1310046901 16
1310046961 17
1310047021 17
1310047081 17
1310047141 17
1310047201 10
1310047261 12
1310047321 12
1310047381 12
1310047441 13
1310047501 15
1310047561 18
1310047621 18
1310047681 19
1310047741 19
1310047801 19
1310047861 20
1310047921 20
1310047981 16
1310048041 16
1310048101 14
1310048161 15
1310048221 15
1310048281 15
1310048341 15
1310048401 15
1310048461 16
1310048521 13
1310048581 14
1310048641 14
1310048701 14
1310048761 14
1310048821 14
1310048881 14
1310048941 14
1310049001 14
1310049061 15
1310049121 15
1310049181 15
1310049241 15
1310049301 14
1310049361 15
1310049421 15
1310049481 15
1310049541 15
1310049601 14
1310049661 15
1310049721 15
1310049781 15
1310049841 17
1310049901 17
1310049961 17
1310050021 18
1310050081 18
1310050141 18
1310050201 18
1310050261 16
1310050321 17
1310050381 18
1310050441 19
1310050501 16
1310050561 17
1310050621 17
1310050681 15
1310050741 16
1310050801 17
1310050861 17
1310050921 17
1310050981 17
1310051041 17
1310051101 17
1310051161 17
1310051221 17
1310051281 10
1310051341 12
1310051401 12
1310051461 12
1310051521 12
1310051581 12
1310051641 13
1310051701 14
1310051761 14
1310051821 14
1310051881 14
1310051941 15
1310052001 16
1310052061 11
1310052121 12
1310052181 13
1310052241 14
1310052301 15
1310052361 15
1310052421 17
1310052481 18
1310052541 18
1310052601 18
1310052661 18
1310052721 15
1310052781 15
1310052841 15
1310052901 15
1310052961 15
1310053021 15
1310053081 15
1310053141 14
1310053202 13
1310053261 13
1310053321 13
1310053381 13
1310053441 14
1310053501 14
1310053561 12
1310053621 12
1310053681 12
1310053741 13
1310053801 14
1310053861 14
1310053921 14
1310053981 14
1310054041 15
1310054101 15
1310054161 12
1310054221 13
1310054281 13
1310054341 13
1310054401 13
