1312041661 3
1312041721 3
1312041781 3
1312041841 3
1312041901 3
1312041961 3
1312042021 3
1312042082 3
1312042142 3
1312042201 3
1312042261 3
1312042321 3
1312042381 3
1312042441 3
1312042501 3
1312042561 3
1312042621 3
1312042681 3
1312042741 3
1312042801 3
1312042861 3
1312042921 3
1312042981 3
1312043041 3
1312043101 3
1312043161 3
1312043221 2
1312043281 2
1312043341 2
1312043401 2
1312043461 2
1312043521 2
1312043581 2
1312043641 2
1312043701 2
1312043761 2
1312043821 2
1312043881 2
1312043941 2
1312044001 2
1312044061 2
1312044121 2
1312044181 2
1312044241 2
1312044301 2
1312044361 2
1312044421 2
1312044481 2
1312044541 2
1312044601 2
1312044661 2
1312044721 2
1312044781 2
1312044842 2
1312044901 2
1312044961 2
1312045021 2
1312045081 3
1312045141 3
1312045201 3
1312045261 3
1312045321 3
1312045381 3
1312045441 3
1312045501 3
1312045561 3
1312045621 3
1312045681 3
1312045741 3
1312045801 3
1312045861 3
1312045921 3
1312045981 3
1312046041 3
1312046101 3
1312046161 3
1312046221 3
1312046281 3
1312046342 3
1312046401 3
1312046461 3
1312046521 3
1312046581 3
1312046641 3
1312046701 3
1312046761 3
1312046821 3
1312046881 3
1312046941 3
1312047001 3
1312047061 3
1312047121 3
1312047181 3
1312047241 3
1312047301 3
1312047361 3
1312047421 3
1312047481 3
1312047541 3
1312047601 3
1312047661 3
1312047721 3
1312047781 3
1312047841 3
1312047901 3
1312047961 3
1312048021 3
1312048081 3
1312048141 3
1312048201 3
1312048261 3
1312048321 3
1312048381 3
1312048441 3
1312048502 3
1312048561 3
1312048621 3
1312048681 3
1312048741 3
1312048801 3
1312048861 3
1312048921 3
1312048981 3
1312049041 3
1312049102 3
1312049161 3
1312049221 3
1312049281 3
1312049341 3
1312049401 3
1312049461 3
1312049521 3
1312049581 3
1312049641 3
1312049701 3
1312049761 3
1312049821 3
1312049881 3
1312049941 3
1312050001 3
1312050061 3
1312050121 3
1312050181 3
1312050241 3
1312050302 3
1312050361 3
1312050421 3
1312050481 3
1312050541 3
1312050601 3
1312050661 3
1312050721 3
1312050781 3
1312050841 3
1312050901 3
1312050961 3
1312051021 3
1312051081 3
1312051141 3
1312051201 3
1312051261 3
1312051321 3
1312051381 3
1312051441 3
1312051501 3
1312051561 3
1312051621 3
1312051681 3
1312051741 3
1312051801 3
1312051861 3
1312051921 3
1312051981 3
1312052041 3
1312052101 3
1312052161 3
1312052221 3
1312052281 3
1312052341 3
1312052401 3
1312052461 3
1312052521 3
1312052582 3
1312052641 3
1312052701 3
1312052761 3
1312052821 3
1312052881 3
1312052941 3
1312053001 3
1312053061 3
1312053121 3
1312053181 3
1312053241 3
1312053301 3
1312053361 3
1312053421 3
1312053481 3
1312053541 3
1312053601 3
1312053661 3
1312053721 3
1312053781 3
1312053841 3
1312053901 3
1312053961 3
1312054021 3
1312054081 3
1312054141 3
1312054201 3
1312054261 3
1312054321 3
1312054381 3
1312054441 3
1312054501 3
1312054561 3
1312054621 3
1312054681 3
1312054741 3
1312054801 3
1312054862 3
1312054921 3
1312054981 3
1312055041 3
1312055101 3
1312055161 3
1312055221 3
1312055281 3
1312055341 3
1312055401 3
1312055461 3
1312055521 3
1312055581 3
1312055641 3
1312055701 3
1312055761 3
1312055821 3
1312055881 3
1312055941 3
1312056001 3
1312056061 3
1312056121 3
1312056181 3
1312056241 3
1312056301 3
1312056361 3
1312056421 3
1312056481 3
1312056541 3
1312056601 3
1312056661 3
1312056721 3
1312056781 3
1312056841 3
1312056901 3
1312056961 3
1312057021 3
1312057081 3
1312057141 3
1312057201 3
1312057261 3
1312057321 3
1312057381 3
1312057441 3
1312057501 3
1312057561 3
1312057621 3
1312057681 3
1312057741 3
1312057802 3
1312057861 3
1312057921 3
1312057981 3
1312058041 3
1312058101 3
1312058161 3
1312058221 3
1312058281 3
1312058341 3
1312058401 3
1312058461 3
1312058521 3
1312058581 3
1312058641 3
1312058701 3
1312058761 3
1312058821 3
1312058881 3
1312058941 3
1312059001 3
1312059061 3
1312059121 3
1312059181 3
1312059241 3
1312059301 3
1312059361 3
1312059421 3
1312059482 3
1312059541 2
1312059601 2
1312059661 2
1312059721 2
1312059781 2
1312059841 2
1312059901 2
1312059961 2
1312060021 2
1312060081 2
1312060141 2
1312060201 2
1312060194 2
1312060201 2
1312060261 2
1312060321 2
1312060381 2
1312060441 2
1312060501 2
1312060561 2
1312060621 2
1312060681 2
1312060741 2
1312060801 2
1312060861 2
1312060921 2
1312060981 2
1312061042 2
1312061101 2
1312061161 2
1312061221 2
1312061281 2
1312061341 2
1312061401 2
1312061461 2
1312061521 2
1312061581 2
1312061641 2
1312061701 2
1312061761 2
1312061821 2
1312061881 2
1312061941 2
1312062001 2
1312062061 2
1312062121 2
1312062181 2
1312062241 2
1312062301 2
1312062361 2
1312062421 2
1312062481 2
1312062541 2
1312062601 2
1312062661 2
1312062721 2
1312062781 2
1312062841 2
1312062901 2
1312062961 2
1312063021 2
1312063081 2
1312063141 2
1312063201 2
1312063261 2
1312063321 2
1312063381 2
1312063441 2
1312063501 2
1312063561 2
1312063621 2
1312063681 2
1312063741 2
1312063801 2
1312063861 2
1312063921 2
1312063981 2
1312064041 2
1312064101 2
1312064161 2
1312064221 2
1312064281 2
1312064341 2
1312064401 2
1312064461 2
1312064521 2
1312064581 2
1312064641 2
1312064701 2
1312064761 2
1312064821 2
1312064881 2
1312064941 2
1312065001 2
1312065061 2
1312065121 2
1312065181 2
1312065241 2
1312065301 2
1312065361 2
1312065421 2
1312065481 2
1312065541 2
1312065601 2
1312065661 2
1312065721 2
1312065781 2
1312065841 2
1312065901 2
1312065961 2
1312066021 2
1312066081 2
1312066141 2
1312066201 2
1312066261 2
1312066321 2
1312066381 2
1312066441 2
1312066501 2
1312066561 2
1312066621 2
1312066681 2
1312066742 2
1312066801 2
1312066861 2
1312066921 2
1312066981 2
1312067041 2
1312067101 2
1312067161 2
1312067221 2
1312067281 2
1312067341 2
1312067401 2
1312067461 2
1312067521 2
1312067581 2
1312067641 2
1312067701 2
1312067761 2
1312067821 2
1312067881 2
1312067941 2
1312068001 2
1312068061 2
1312068121 2
1312068181 2
1312068241 2
1312068301 2
1312068361 2
1312068421 2
1312068481 2
1312068541 2
1312068601 2
1312068661 2
1312068721 2
1312068781 2
1312068841 2
1312068901 2
1312068961 2
1312069021 2
1312069081 2
1312069141 2
1312069201 2
1312069261 2
1312069321 2
1312069381 2
1312069441 3
1312069501 3
1312069561 3
1312069621 3
1312069681 3
1312069741 3
1312069801 3
1312069861 3
1312069921 3
1312069981 3
1312070041 3
1312070101 3
1312070161 3
1312070221 3
1312070281 3
1312070341 3
1312070401 3
1312070461 3
1312070521 3
1312070581 3
1312070641 3
1312070701 3
1312070761 3
1312070821 3
1312070881 3
1312070941 3
1312071001 3
1312071061 3
1312071121 3
1312071181 3
1312071241 3
1312071301 3
1312071361 3
1312071421 3
1312071481 3
1312071541 3
1312071601 3
1312071661 3
1312071721 3
1312071781 3
1312071841 3
1312071901 3
1312071961 3
1312072021 3
1312072081 3
1312072141 3
1312072201 3
1312072261 3
1312072321 3
1312072381 3
1312072441 3
1312072501 3
1312072561 3
1312072621 3
1312072681 3
1312072741 3
1312072801 3
1312072861 3
1312072921 3
1312072981 3
1312073041 3
1312073101 3
1312073161 3
1312073221 3
1312073281 3
1312073341 3
1312073401 3
1312073461 3
1312073521 3
1312073581 3
1312073641 3
1312073701 3
1312073761 3
1312073821 3
1312073881 3
1312073941 3
1312074001 3
1312074061 3
1312074121 3
1312074181 3
1312074241 3
1312074301 3
1312074361 3
1312074421 3
1312074481 3
1312074541 3
1312074601 3
1312074661 3
1312074721 3
1312074781 3
1312074841 3
1312074901 3
1312074961 3
1312075021 3
1312075081 3
1312075141 3
1312075201 3
1312075261 3
1312075321 3
1312075381 3
1312075441 3
1312075501 3
1312075561 3
1312075621 3
1312075682 3
1312075741 3
1312075801 3
1312075861 3
1312075921 3
1312075981 3
1312076041 3
1312076101 3
1312076161 3
1312076221 3
1312076281 3
1312076341 3
1312076401 3
1312076461 3
1312076521 3
1312076581 3
1312076641 3
1312076701 3
1312076761 3
1312076821 3
1312076881 3
1312076941 3
1312077001 3
1312077061 3
1312077121 3
1312077181 3
1312077241 3
1312077301 3
1312077361 3
1312077421 3
1312077481 3
1312077541 3
1312077601 3
1312077661 3
1312077721 3
1312077781 3
1312077841 3
1312077901 3
1312077961 3
1312078021 3
1312078081 3
1312078141 3
1312078201 3
1312078261 3
1312078321 3
1312078381 3
1312078441 3
1312078501 3
1312078561 3
1312078621 3
1312078681 3
1312078741 3
1312078801 3
1312078861 3
1312078921 3
1312078981 3
1312079041 3
1312079101 3
1312079161 3
1312079221 3
1312079281 3
1312079341 3
1312079401 3
1312079461 3
1312079521 3
1312079581 3
1312079641 3
1312079701 3
1312079761 3
1312079821 3
1312079881 3
1312079941 3
1312080001 3
1312080061 3
1312080121 2
1312080181 3
1312080242 3
1312080301 3
1312080361 3
1312080421 3
1312080481 3
1312080541 3
1312080601 3
1312080661 3
1312080721 3
1312080781 3
1312080841 3
1312080901 3
1312080961 3
1312081021 3
1312081081 3
1312081141 3
1312081201 3
1312081261 3
1312081321 3
1312081381 3
1312081441 3
1312081501 3
1312081561 3
1312081621 3
1312081681 3
1312081741 3
1312081801 3
1312081861 3
1312081921 3
1312081981 3
1312082041 3
1312082101 2
1312082161 2
1312082221 2
1312082281 2
1312082341 2
1312082401 2
1312082461 2
1312082521 2
1312082581 2
1312082641 2
1312082702 2
1312082761 2
1312082821 2
1312082881 2
1312082941 2
1312083001 2
1312083061 2
1312083121 2
1312083181 2
1312083241 2
1312083302 2
1312083361 2
1312083421 2
1312083481 2
1312083541 3
1312083601 3
1312083661 3
1312083721 3
1312083781 3
1312083841 3
1312083901 3
1312083961 3
1312084021 3
1312084081 3
1312084141 3
1312084201 3
1312084261 3
1312084321 3
1312084381 3
1312084441 3
1312084501 3
1312084561 3
1312084621 3
1312084681 3
1312084741 3
1312084801 3
1312084861 3
1312084921 3
1312084981 3
1312085041 3
1312085101 3
1312085161 3
1312085221 3
1312085281 3
1312085341 3
1312085401 3
1312085461 3
1312085521 3
1312085581 3
1312085641 3
1312085701 3
1312085761 3
1312085821 3
1312085881 3
1312085941 3
1312086001 3
1312086061 3
1312086121 3
1312086181 3
1312086241 3
1312086301 3
1312086361 3
1312086421 3
1312086481 3
1312086541 3
1312086601 3
1312086661 3
1312086721 3
1312086781 3
1312086841 3
1312086901 3
1312086961 3
1312087021 3
1312087081 3
1312087141 3
1312087201 3
1312087261 3
1312087321 3
1312087382 3
1312087441 3
1312087501 3
1312087561 3
1312087621 3
1312087681 3
1312087741 3
1312087801 2
1312087861 3
1312087921 3
1312087981 3
1312088041 3
1312088101 3
1312088161 3
1312088221 3
1312088281 3
1312088341 3
1312088401 3
1312088461 3
1312088521 3
1312088581 3
1312088641 3
1312088701 3
1312088761 3
1312088821 3
1312088881 3
1312088941 3
1312089001 3
1312089061 3
1312089121 3
1312089181 3
1312089241 3
1312089301 3
1312089361 3
1312089421 3
1312089481 3
1312089541 3
1312089601 3
1312089661 2
1312089721 2
1312089781 2
1312089841 2
1312089901 2
1312089961 2
1312090021 2
1312090081 2
1312090141 2
1312090201 2
1312090261 2
1312090321 2
1312090381 2
1312090441 2
1312090501 2
1312090561 2
1312090621 2
1312090681 2
1312090741 2
1312090801 2
1312090861 2
1312090921 2
1312090981 2
1312091041 2
1312091101 2
1312091161 2
1312091221 2
1312091281 2
1312091342 2
1312091401 2
1312091461 2
1312091521 2
1312091581 2
1312091641 2
1312091701 2
1312091761 2
1312091821 2
1312091881 2
1312091941 2
1312092001 3
1312092061 3
1312092121 3
1312092181 3
1312092241 3
1312092301 3
1312092361 3
1312092421 3
1312092481 3
1312092541 3
1312092601 3
1312092661 3
1312092721 3
1312092781 3
1312092841 3
1312092901 3
1312092961 3
1312093021 2
1312093081 2
1312093141 2
1312093201 2
1312093261 2
1312093322 3
1312093381 3
1312093441 3
1312093501 3
1312093561 3
1312093621 4
1312093681 4
1312093741 4
1312093801 4
1312093861 4
1312093921 4
1312093981 4
1312094041 4
1312094101 4
1312094161 4
1312094221 4
1312094281 4
1312094341 4
1312094401 4
1312094461 4
1312094521 4
1312094581 4
1312094641 4
1312094701 4
1312094761 4
1312094821 4
1312094881 3
1312094941 3
1312095001 3
1312095061 3
1312095121 3
1312095181 3
1312095241 3
1312095301 3
1312095361 3
1312095421 3
1312095481 3
1312095541 3
1312095602 3
1312095661 3
1312095721 3
1312095781 3
1312095841 3
1312095901 3
1312095961 3
1312096021 3
1312096081 3
1312096141 3
1312096201 3
1312096261 3
1312096321 3
1312096381 3
1312096441 3
1312096501 3
1312096561 3
1312096621 3
1312096681 3
1312096741 3
1312096801 3
1312096861 3
1312096921 3
1312096981 3
1312097041 3
1312097101 3
1312097161 3
1312097221 3
1312097281 3
1312097341 3
1312097401 3
1312097461 3
1312097521 3
1312097581 3
1312097641 3
1312097701 3
1312097761 3
1312097821 3
1312097881 3
1312097941 3
1312098001 3
1312098061 3
1312098121 3
1312098181 3
1312098241 3
1312098301 3
1312098361 4
1312098421 4
1312098481 4
1312098541 4
1312098601 4
1312098661 4
1312098721 4
1312098781 4
1312098841 4
1312098901 4
1312098961 4
1312099021 4
1312099081 4
1312099141 4
1312099202 4
1312099261 4
1312099321 4
1312099381 4
1312099441 4
1312099501 4
1312099561 4
1312099621 4
1312099681 4
1312099741 4
1312099801 4
1312099861 4
1312099921 4
1312099981 4
1312100041 4
1312100101 4
1312100161 4
1312100221 3
1312100281 3
1312100341 3
1312100401 3
1312100461 3
1312100521 3
1312100581 3
1312100641 3
1312100701 3
1312100761 3
1312100821 3
1312100881 3
1312100941 3
1312101001 3
1312101061 3
1312101121 3
1312101181 3
1312101241 3
1312101301 3
1312101361 3
1312101421 4
1312101481 4
1312101541 5
1312101601 5
1312101661 5
1312101721 5
1312101781 5
1312101841 5
1312101901 5
1312101961 5
1312102021 5
1312102081 5
1312102141 5
1312102201 5
1312102261 5
1312102321 5
1312102381 5
1312102441 5
1312102501 5
1312102561 5
1312102621 5
1312102681 5
1312102741 5
1312102801 5
1312102861 5
1312102922 5
1312102981 5
1312103041 5
1312103101 5
1312103161 5
1312103221 5
1312103281 5
1312103341 5
1312103401 5
1312103461 5
1312103521 3
1312103581 3
1312103641 3
1312103701 3
1312103761 3
1312103821 3
1312103881 3
1312103941 3
1312104001 3
1312104061 4
1312104121 4
1312104181 4
1312104241 4
1312104301 4
1312104361 5
1312104421 5
1312104481 5
1312104541 5
1312104601 5
1312104661 5
1312104721 5
1312104781 5
1312104841 5
1312104901 5
1312104961 5
1312105021 5
1312105081 5
1312105141 5
1312105201 5
1312105261 5
1312105322 5
1312105381 5
1312105441 5
1312105501 5
1312105561 5
1312105621 5
1312105681 5
1312105741 5
1312105801 5
1312105861 5
1312105921 5
1312105981 5
1312106041 5
1312106101 5
1312106161 5
1312106221 5
1312106281 5
1312106341 5
1312106401 5
1312106461 5
1312106521 5
1312106581 5
1312106641 5
1312106701 5
1312106761 5
1312106821 5
1312106881 5
1312106941 5
1312107001 5
1312107061 5
1312107121 5
1312107181 5
1312107241 5
1312107301 5
1312107361 5
1312107422 5
1312107481 5
1312107541 5
1312107601 5
1312107661 5
1312107721 5
1312107781 5
1312107841 5
1312107901 5
1312107961 3
1312108021 3
1312108081 3
1312108141 3
1312108201 3
1312108261 4
1312108321 4
1312108381 4
1312108441 4
1312108501 4
1312108561 5
1312108621 5
1312108681 5
1312108741 5
1312108801 5
1312108861 5
1312108921 5
1312108981 5
1312109041 5
1312109101 5
1312109161 5
1312109221 5
1312109281 5
1312109341 5
1312109401 5
1312109461 5
1312109521 5
1312109581 5
1312109641 5
1312109701 5
1312109761 5
1312109821 5
1312109881 5
1312109941 5
1312110001 5
1312110061 5
1312110121 5
1312110181 5
1312110241 5
1312110301 5
1312110361 4
1312110421 4
1312110481 4
1312110541 4
1312110601 4
1312110661 5
1312110721 5
1312110781 5
1312110841 5
1312110901 5
1312110961 5
1312111021 5
1312111081 5
1312111141 5
1312111201 5
1312111261 5
1312111321 5
1312111381 5
1312111441 5
1312111501 5
1312111561 6
1312111621 6
1312111681 6
1312111741 6
1312111801 6
1312111861 6
1312111921 6
1312111981 6
1312112041 6
1312112101 6
1312112161 6
1312112221 6
1312112281 6
1312112341 6
1312112401 6
1312112461 6
1312112521 6
1312112581 6
1312112641 6
1312112701 6
1312112761 6
1312112821 6
1312112881 6
1312112941 6
1312113001 6
1312113061 6
1312113121 6
1312113181 6
1312113241 6
1312113301 6
1312113361 6
1312113421 6
1312113481 6
1312113541 6
1312113601 6
1312113661 6
1312113721 6
1312113781 3
1312113841 3
1312113901 3
1312113961 4
1312114021 4
1312114081 4
1312114141 4
1312114201 4
1312114261 4
1312114321 4
1312114381 4
1312114441 4
1312114501 4
1312114561 5
1312114621 5
1312114681 5
1312114741 5
1312114801 5
1312114861 5
1312114921 5
1312114981 5
1312115041 5
1312115101 5
1312115162 6
1312115221 7
1312115281 5
1312115341 5
1312115401 5
1312115461 6
1312115521 6
1312115581 4
1312115641 4
1312115701 4
1312115761 4
1312115821 4
1312115881 4
1312115941 4
1312116001 4
1312116061 5
1312116121 5
1312116181 5
1312116241 5
1312116301 5
1312116361 5
1312116421 5
1312116481 5
1312116541 4
1312116601 4
1312116661 4
1312116721 4
1312116781 4
1312116841 6
1312116901 6
1312116961 7
1312117021 7
1312117081 7
1312117141 7
1312117201 7
1312117261 8
1312117322 8
1312117381 8
1312117441 8
1312117501 8
1312117561 8
1312117621 8
1312117681 8
1312117741 8
1312117801 8
1312117861 8
1312117921 8
1312117981 8
1312118041 8
1312118101 8
1312118161 8
1312118221 8
1312118281 8
1312118341 3
1312118401 3
1312118461 4
1312118521 4
1312118581 4
1312118641 4
1312118701 4
1312118761 4
1312118821 4
1312118881 4
1312118941 3
1312119001 3
1312119061 3
1312119121 3
1312119181 3
1312119241 3
1312119301 3
1312119361 4
1312119421 4
1312119481 4
1312119541 4
1312119601 3
1312119661 4
1312119721 4
1312119781 4
1312119841 3
1312119901 4
1312119961 5
1312120021 5
1312120081 5
1312120141 5
1312120201 5
1312120261 5
1312120321 5
1312120381 5
1312120441 5
1312120501 4
1312120561 5
1312120621 6
1312120681 6
1312120741 6
1312120801 6
1312120861 5
1312120922 5
1312120981 5
1312121041 5
1312121101 5
1312121161 5
1312121221 5
1312121281 5
1312121341 5
1312121401 5
1312121461 6
1312121521 6
1312121581 6
1312121641 6
1312121701 6
1312121761 6
1312121821 6
1312121881 5
1312121941 5
1312122001 5
1312122061 6
1312122121 6
1312122181 6
1312122241 6
1312122301 6
1312122361 6
1312122421 6
1312122481 6
1312122541 6
1312122601 3
1312122661 5
1312122721 5
1312122781 5
1312122841 5
1312122902 5
1312122961 5
1312123021 5
1312123081 5
1312123141 5
1312123201 3
1312123261 4
1312123321 4
1312123381 4
1312123441 4
1312123501 4
1312123561 5
1312123621 5
1312123681 5
1312123741 5
1312123801 5
1312123861 5
1312123921 5
1312123981 5
1312124041 5
1312124101 5
1312124161 5
1312124221 5
1312124281 5
1312124341 5
1312124401 5
1312124461 6
1312124521 6
1312124581 6
1312124641 6
1312124701 6
1312124761 6
1312124821 6
1312124881 6
1312124941 6
1312125001 6
1312125061 6
1312125121 6
1312125181 6
1312125241 6
1312125301 6
1312125361 6
1312125421 6
1312125481 6
1312125541 4
1312125601 5
1312125661 7
1312125721 7
1312125781 6
1312125841 6
1312125901 6
1312125961 7
1312126021 7
1312126081 7
1312126141 7
1312126201 7
1312126261 7
1312126321 7
1312126381 7
1312126441 7
1312126501 3
1312126561 5
1312126621 6
1312126681 6
1312126741 6
1312126801 6
1312126861 6
1312126921 6
1312126981 6
1312127041 6
1312127101 6
1312127161 6
1312127221 6
1312127281 6
1312127341 6
1312127401 6
1312127461 6
1312127521 6
1312127581 6
1312127641 6
1312127701 6
1312127761 6
1312127821 6
1312127881 6
1312127941 6
1312128001 6
