1307933702 325
1307933761 335
1307933821 334
1307933881 328
1307933941 334
1307934001 325
1307934061 333
1307934122 336
1307934181 326
1307934241 332
1307934302 324
1307934361 332
1307934421 331
1307934481 329
1307934541 343
1307934601 339
1307934662 344
1307934721 354
1307934781 353
1307934841 351
1307934901 353
1307934961 350
1307935021 347
1307935081 337
1307935141 344
1307935201 342
1307935261 345
1307935321 344
1307935381 342
1307935441 348
1307935501 350
1307935561 346
1307935621 343
1307935681 340
1307935741 348
1307935801 348
1307935861 345
1307935921 352
1307935981 344
1307936041 347
1307936101 346
1307936161 350
1307936222 356
1307936281 354
1307936342 360
1307936401 368
1307936461 367
1307936521 364
1307936581 371
1307936641 379
1307936701 379
1307936761 377
1307936821 372
1307936881 365
1307936941 372
1307937001 378
1307937062 377
1307937122 375
1307937182 376
1307937241 374
1307937301 374
1307937361 365
1307937421 362
1307937481 359
1307937541 356
1307937601 352
1307937661 357
1307937721 357
1307937782 358
1307937842 362
1307937901 359
1307937962 356
1307938021 370
1307938081 363
1307938141 367
1307938201 366
1307938261 367
1307938321 372
1307938381 365
1307938441 367
1307938501 359
1307938562 353
1307938621 346
1307938682 348
1307938741 345
1307938801 346
1307938861 348
1307938921 344
1307938981 339
1307939041 349
1307939101 362
1307939161 358
1307939221 366
1307939281 369
1307939341 375
1307939402 379
1307939462 364
1307939522 372
1307939581 363
1307939641 365
1307939701 373
1307939761 378
1307939821 375
1307939881 366
1307939941 369
1307940001 372
1307940061 364
1307940122 370
1307940182 369
1307940241 375
1307940301 370
1307940361 363
1307940421 376
1307940481 370
1307940541 370
1307940601 370
1307940661 367
1307940721 377
1307940781 362
1307940842 370
1307940901 368
1307940961 367
1307941021 372
1307941081 362
1307941141 364
1307941201 366
1307941261 364
1307941322 370
1307941381 358
1307941441 356
1307941503 355
1307941561 362
1307941621 349
1307941681 340
1307941742 342
1307941802 344
1307941861 332
1307941921 338
1307941981 323
1307942041 327
1307942101 338
1307942162 348
1307942222 352
1307942282 343
1307942342 344
1307942401 348
1307942462 345
1307942522 349
1307942581 343
1307942642 353
1307942701 352
1307942761 349
1307942821 352
1307942881 345
1307942941 350
1307943001 354
1307943061 348
1307943122 351
1307943182 354
1307943241 363
1307943301 366
1307943361 365
1307943421 365
1307943482 367
1307943541 373
1307943601 368
1307943661 366
1307943721 367
1307943782 362
1307943842 369
1307943901 374
1307943961 380
1307944021 369
1307944082 362
1307944142 364
1307944201 370
1307944261 369
1307944321 361
1307944381 360
1307944441 360
1307944501 360
1307944561 355
1307944621 345
1307944681 351
1307944741 352
1307944802 358
1307944861 349
1307944921 357
1307944981 348
1307945041 341
1307945101 351
1307945161 358
1307945222 357
1307945282 358
1307945341 356
1307945401 372
1307945461 358
1307945521 352
1307945581 356
1307945641 351
1307945701 353
1307945762 350
1307945821 349
1307945882 361
1307945941 367
1307946002 379
1307946061 377
1307946121 377
1307946182 370
1307946242 363
1307946301 369
1307946361 357
1307946421 364
1307946482 362
1307946541 356
1307946601 361
1307946661 366
1307946721 359
1307946781 359
1307946841 350
1307946901 356
1307946961 358
1307947021 363
1307947081 365
1307947141 362
1307947204 361
1307947261 359
1307947321 359
1307947381 357
1307947441 361
1307947501 359
1307947561 371
1307947621 365
1307947681 367
1307947741 365
1307947801 377
1307947861 380
1307947921 375
1307947981 377
1307948041 375
1307948101 388
1307948161 379
1307948221 382
1307948282 376
1307948341 369
1307948401 379
1307948462 376
1307948522 370
1307948581 372
1307948642 369
1307948701 380
1307948761 378
1307948821 379
1307948881 375
1307948941 379
1307949002 383
1307949062 390
1307949122 379
1307949181 377
1307949241 376
1307949302 380
1307949361 386
1307949421 384
1307949481 382
1307949541 380
1307949601 383
1307949661 387
1307949721 386
1307949782 379
1307949841 389
1307949901 390
1307949962 396
1307950021 392
1307950081 392
1307950142 394
1307950201 391
1307950263 394
1307950321 392
1307950381 390
1307950442 387
1307950501 394
1307950561 392
1307950622 391
1307950682 402
1307950742 399
1307950801 407
1307950861 413
1307950922 406
1307950983 404
1307951041 403
1307951101 408
1307951161 408
1307951221 400
1307951281 398
1307951341 398
1307951401 394
1307951461 397
1307951521 395
1307951581 396
1307951641 394
1307951701 394
1307951762 402
1307951822 388
1307951881 384
1307951941 386
1307952001 390
1307952061 378
1307952121 376
1307952181 384
1307952241 379
1307952301 388
1307952361 396
1307952421 380
1307952481 386
1307952541 386
1307952601 382
1307952662 384
1307952721 369
1307952781 367
1307952841 366
1307952901 368
1307952962 380
1307953021 387
1307953081 390
1307953143 396
1307953202 392
1307953261 407
1307953321 406
1307953382 396
1307953441 390
1307953501 401
1307953561 413
1307953621 408
1307953681 408
1307953741 406
1307953801 407
1307953862 416
1307953922 399
1307953983 390
1307954042 393
1307954101 394
1307954161 405
1307954221 397
1307954281 404
1307954341 403
1307954401 413
1307954461 412
1307954522 413
1307954581 406
1307954642 403
1307954701 411
1307954761 404
1307954821 394
1307954881 400
1307954941 393
1307955001 395
1307955062 392
1307955121 386
1307955182 387
1307955242 379
1307955302 382
1307955361 387
1307955421 380
1307955482 389
1307955541 389
1307955601 402
1307955664 397
1307955721 399
1307955784 398
1307955841 400
1307955901 399
1307955961 399
1307956021 388
1307956081 392
1307956143 403
1307956201 405
1307956261 404
1307956321 395
1307956384 393
1307956441 406
1307956501 400
1307956561 401
1307956621 403
1307956681 397
1307956741 398
1307956802 401
1307956861 406
1307956921 405
1307956981 392
1307957041 395
1307957101 394
1307957162 393
1307957221 389
1307957282 382
1307957341 389
1307957401 383
1307957461 391
1307957521 391
1307957581 392
1307957641 400
1307957701 392
1307957761 404
1307957821 416
1307957881 407
1307957942 417
1307958001 415
1307958061 427
1307958121 416
1307958182 415
1307958241 410
1307958301 405
1307958362 408
1307958422 426
1307958481 432
1307958542 435
1307958601 421
1307958662 412
1307958721 422
1307958781 411
1307958842 406
1307958901 400
1307958961 410
1307959021 400
1307959081 405
1307959141 386
1307959201 383
1307959263 369
1307959321 373
1307959382 369
1307959442 371
1307959502 372
1307959561 357
1307959621 367
1307959681 368
1307959742 365
1307959801 369
1307959861 368
1307959922 369
1307959981 368
1307960041 362
1307960101 361
1307960162 368
1307960222 364
1307960282 366
1307960341 367
1307960401 368
1307960461 368
1307960521 365
1307960581 363
1307960641 369
1307960701 358
1307960761 356
1307960821 366
1307960882 367
1307960942 364
1307961001 363
1307961062 363
1307961122 360
1307961181 357
1307961241 358
1307961301 360
1307961361 360
1307961421 362
1307961481 364
1307961541 370
1307961602 374
1307961661 366
1307961721 377
1307961781 373
1307961841 370
1307961901 377
1307961961 361
1307962021 361
1307962081 363
1307962141 361
1307962201 364
1307962261 366
1307962322 371
1307962381 379
1307962442 376
1307962501 374
1307962562 368
1307962622 371
1307962682 369
1307962742 371
1307962804 367
1307962862 374
1307962921 381
1307962981 377
1307963042 373
1307963101 374
1307963161 385
1307963222 387
1307963281 379
1307963341 383
1307963401 381
1307963462 381
1307963522 384
1307963581 384
1307963641 391
1307963701 389
1307963762 394
1307963822 399
1307963883 406
1307963942 400
1307964002 392
1307964062 397
1307964122 408
1307964182 408
1307964242 407
1307964302 406
1307964362 401
1307964422 409
1307964482 413
1307964541 414
1307964602 420
1307964662 410
1307964722 410
1307964781 412
1307964841 392
1307964901 397
1307964961 389
1307965021 401
1307965081 397
1307965141 393
1307965201 402
1307965261 398
1307965321 406
1307965381 398
1307965442 399
1307965501 399
1307965562 399
1307965622 400
1307965682 400
1307965742 414
1307965802 407
1307965861 411
1307965921 409
1307965981 407
1307966041 409
1307966101 404
1307966161 402
1307966221 421
1307966281 419
1307966341 428
1307966401 421
1307966463 425
1307966521 436
1307966581 439
1307966641 430
1307966701 412
1307966762 419
1307966822 415
1307966882 410
1307966943 409
1307967001 411
1307967061 417
1307967121 422
1307967181 428
1307967241 433
1307967301 432
1307967362 429
1307967421 439
1307967481 440
1307967542 438
1307967601 439
1307967662 438
1307967722 446
1307967781 439
1307967841 443
1307967901 449
1307967961 446
1307968021 451
1307968081 455
1307968141 461
1307968201 455
1307968262 451
1307968323 453
1307968382 457
1307968442 466
1307968501 467
1307968561 461
1307968622 472
1307968682 471
1307968742 476
1307968802 488
1307968861 472
1307968921 472
1307968981 484
1307969041 491
1307969101 493
1307969161 484
1307969221 488
1307969281 497
1307969341 499
1307969401 509
1307969462 495
1307969522 489
1307969582 502
1307969642 501
1307969702 519
1307969761 508
1307969822 505
1307969882 520
1307969942 510
1307970002 517
1307970061 522
1307970123 519
1307970182 525
1307970241 517
1307970301 526
1307970361 521
1307970421 519
1307970481 535
1307970541 538
1307970601 534
1307970664 529
1307970721 514
1307970781 537
1307970841 537
1307970901 544
1307970962 527
1307971022 522
1307971081 539
1307971141 543
