1316621581 253
1316621641 254
1316621701 251
1316621761 252
1316621821 248
1316621881 249
1316621941 252
1316622001 257
1316622061 244
1316622121 243
1316622181 242
1316622241 242
1316622301 236
1316622361 237
1316622421 239
1316622481 230
1316622541 238
1316622601 238
1316622661 230
1316622721 232
1316622781 231
1316622841 224
1316622901 220
1316622961 219
1316623021 226
1316623081 221
1316623141 219
1316623201 225
1316623261 216
1316623321 217
1316623381 211
1316623441 212
1316623501 217
1316623561 208
1316623621 210
1316623681 211
1316623741 206
1316623801 213
1316623861 212
1316623921 213
1316623981 203
1316624041 205
1316624101 208
1316624161 200
1316624221 204
1316624281 201
1316624341 197
1316624401 196
1316624461 187
1316624521 198
1316624582 195
1316624641 189
1316624701 191
1316624761 189
1316624821 197
1316624881 192
1316624941 191
1316625001 196
1316625062 189
1316625122 197
1316625181 187
1316625241 192
1316625301 193
1316625361 188
1316625421 190
1316625481 189
1316625541 191
1316625601 187
1316625661 180
1316625721 188
1316625781 175
1316625841 179
1316625901 184
1316625961 181
1316626021 169
1316626081 166
1316626141 173
1316626201 171
1316626261 161
1316626321 157
1316626381 153
1316626441 159
1316626501 154
1316626561 149
1316626621 152
1316626681 150
1316626741 150
1316626801 151
1316626861 146
1316626921 151
1316626981 149
1316627041 152
1316627101 153
1316627161 142
1316627221 144
1316627281 143
1316627341 143
1316627401 150
1316627461 147
1316627521 144
1316627581 143
1316627641 147
1316627701 143
1316627761 129
1316627821 132
1316627881 129
1316627941 133
1316628001 135
1316628062 131
1316628122 136
1316628182 134
1316628241 132
1316628301 128
1316628361 128
1316628421 124
1316628481 126
1316628541 126
1316628601 125
1316628661 125
1316628721 128
1316628781 116
1316628841 113
1316628901 116
1316628961 111
1316629022 109
1316629082 113
1316629141 110
1316629201 115
1316629261 102
1316629321 103
1316629381 105
1316629441 102
1316629501 106
1316629561 106
1316629621 108
1316629681 103
1316629741 104
1316629801 100
1316629861 102
1316629921 101
1316629981 103
1316630041 104
1316630101 99
1316630161 102
1316630221 104
1316630281 94
1316630341 94
1316630401 92
1316630461 88
1316630521 95
1316630581 90
1316630641 87
1316630701 91
1316630761 86
1316630821 88
1316630881 87
1316630941 89
1316631001 85
1316631061 86
1316631121 79
1316631181 78
1316631241 81
1316631301 81
1316631361 85
1316631421 81
1316631481 82
1316631541 73
1316631601 77
1316631662 74
1316631721 76
1316631781 78
1316631841 69
1316631901 72
1316631961 74
1316632021 69
1316632081 71
1316632141 70
1316632201 74
1316632261 76
1316632321 78
1316632381 68
1316632442 71
1316632503 72
1316632561 73
1316632621 75
1316632681 74
1316632741 77
1316632801 78
1316632861 78
1316632921 80
1316632981 82
1316633041 75
1316633101 72
1316633161 70
1316633221 70
1316633281 74
1316633341 75
1316633401 76
1316633461 72
1316633521 72
1316633581 75
1316633641 66
1316633701 69
1316633761 66
1316633821 67
1316633881 69
1316633941 70
1316634001 73
1316634061 75
1316634121 70
1316634181 71
1316634241 72
1316634301 76
1316634361 77
1316634421 80
1316634481 81
1316634541 68
1316634601 70
1316634661 70
1316634721 73
1316634781 75
1316634841 77
1316634901 66
1316634961 68
1316635021 72
1316635081 73
1316635141 75
1316635202 77
1316635261 78
1316635321 82
1316635381 83
1316635441 84
1316635501 86
1316635561 64
1316635621 65
1316635681 67
1316635741 62
1316635801 64
1316635861 64
1316635921 67
1316635981 69
1316636042 69
1316636101 62
1316636161 64
1316636221 66
1316636281 66
1316636341 66
1316636401 68
1316636461 69
1316636521 69
1316636581 70
1316636641 71
1316636701 75
1316636761 76
1316636821 77
1316636881 81
1316636941 82
1316637001 84
1316637061 85
1316637121 86
1316637181 87
1316637241 87
1316637301 89
1316637361 61
1316637421 64
1316637481 68
1316637541 60
1316637601 63
1316637661 64
1316637721 66
1316637781 65
1316637841 64
1316637901 64
1316637961 65
1316638021 67
1316638081 65
1316638141 65
1316638201 69
1316638261 66
1316638321 68
1316638381 71
1316638441 72
1316638501 74
1316638561 74
1316638621 75
1316638681 79
1316638741 61
1316638801 64
1316638861 66
1316638921 68
1316638981 73
1316639041 75
1316639101 76
1316639161 77
1316639221 78
1316639281 81
1316639341 81
1316639401 83
1316639394 83
1316639401 83
1316639461 85
1316639521 86
1316639581 88
1316639641 89
1316639701 90
1316639761 90
1316639821 91
1316639884 93
1316639941 93
1316640001 62
1316640061 63
1316640121 67
1316640182 65
1316640241 65
1316640301 68
1316640361 69
1316640421 72
1316640481 74
1316640541 75
1316640601 77
1316640661 79
1316640721 81
1316640781 83
1316640841 83
1316640901 86
1316640961 88
1316641021 90
1316641081 91
1316641141 91
1316641201 92
1316641261 93
1316641321 94
1316641381 94
1316641441 94
1316641501 95
1316641561 95
1316641621 95
1316641681 95
1316641741 96
1316641801 98
1316641861 58
1316641921 61
1316641981 63
1316642041 60
1316642101 62
1316642161 63
1316642221 66
1316642281 64
1316642341 65
1316642401 67
1316642461 69
1316642522 66
1316642582 61
1316642641 63
1316642701 60
1316642761 64
1316642821 67
1316642881 68
1316642941 68
1316643001 61
1316643061 64
1316643121 67
1316643181 68
1316643241 61
1316643301 61
1316643361 63
1316643421 61
1316643481 63
1316643541 64
1316643601 64
1316643661 65
1316643721 68
1316643781 70
1316643841 62
1316643901 65
1316643961 66
1316644021 68
1316644081 70
1316644141 71
1316644201 74
1316644261 76
1316644321 79
1316644381 80
1316644441 80
1316644501 81
1316644561 60
1316644621 62
1316644681 66
1316644741 67
1316644801 70
1316644861 64
1316644921 67
1316644981 68
1316645041 68
1316645101 69
1316645161 70
1316645221 73
1316645281 74
1316645341 57
1316645401 62
1316645461 63
1316645521 66
1316645581 64
1316645641 63
1316645701 66
1316645761 61
1316645821 65
1316645881 67
1316645941 67
1316646001 69
1316646061 71
1316646121 72
1316646181 63
1316646241 62
1316646301 63
1316646361 64
1316646421 66
1316646481 68
1316646541 68
1316646601 69
1316646661 71
1316646721 63
1316646781 64
1316646841 61
1316646901 63
1316646961 62
1316647021 64
1316647081 67
1316647141 67
1316647201 70
1316647261 66
1316647321 69
1316647381 70
1316647441 68
1316647501 71
1316647561 72
1316647621 75
1316647681 73
1316647741 70
1316647801 75
1316647861 74
1316647921 74
1316647981 77
1316648041 70
1316648101 71
1316648161 73
1316648221 73
1316648281 79
1316648341 77
1316648401 79
1316648461 80
1316648521 79
1316648581 77
1316648641 72
1316648701 74
1316648761 72
1316648821 72
1316648881 74
1316648941 74
1316649001 77
1316649061 79
1316649121 78
1316649181 80
1316649241 79
1316649301 80
1316649361 81
1316649421 81
1316649481 83
1316649541 84
1316649601 87
1316649661 92
1316649721 90
1316649781 93
1316649841 89
1316649901 92
1316649961 92
1316650021 88
1316650081 94
1316650141 89
1316650201 92
1316650261 93
1316650321 94
1316650381 105
1316650441 107
1316650501 105
1316650561 106
1316650621 109
1316650681 111
1316650741 104
1316650801 108
1316650861 113
1316650921 106
1316650981 109
1316651041 104
1316651101 102
1316651161 108
1316651221 104
1316651281 108
1316651341 104
1316651401 106
1316651461 112
1316651521 109
1316651581 106
1316651641 107
1316651701 108
1316651761 119
1316651821 113
1316651881 121
1316651941 122
1316652001 122
1316652061 122
1316652121 121
1316652181 115
1316652241 107
1316652301 105
1316652361 104
1316652421 109
1316652481 109
1316652541 105
1316652601 111
1316652661 119
1316652721 113
1316652781 114
1316652841 111
1316652901 117
1316652961 124
1316653021 120
1316653081 124
1316653141 126
1316653201 129
1316653261 129
1316653321 127
1316653381 133
1316653442 128
1316653502 130
1316653561 134
1316653621 128
1316653681 132
1316653741 133
1316653801 138
1316653861 140
1316653921 139
1316653981 143
1316654041 137
1316654101 139
1316654161 138
1316654221 130
1316654281 133
1316654341 131
1316654401 136
1316654461 143
1316654521 138
1316654581 142
1316654641 140
1316654701 142
1316654761 147
1316654821 143
1316654881 148
1316654941 140
1316655001 141
1316655061 156
1316655121 151
1316655181 153
1316655241 151
1316655301 148
1316655361 158
1316655421 150
1316655481 152
1316655541 145
1316655601 140
1316655661 144
1316655721 138
1316655781 140
1316655841 136
1316655901 138
1316655961 148
1316656021 148
1316656082 144
1316656141 141
1316656201 148
1316656261 151
1316656321 150
1316656381 142
1316656441 138
1316656501 139
1316656561 144
1316656621 147
1316656681 132
1316656741 122
1316656801 125
1316656861 124
1316656921 125
1316656981 117
1316657041 115
1316657101 117
1316657161 115
1316657221 117
1316657281 116
1316657341 116
1316657401 120
1316657461 122
1316657521 119
1316657581 115
1316657641 111
1316657701 113
1316657761 105
1316657821 110
1316657881 115
1316657941 111
1316658001 116
1316658061 117
1316658121 117
1316658181 122
1316658241 125
1316658301 128
1316658361 128
1316658422 134
1316658481 133
1316658541 124
1316658601 123
1316658661 122
1316658721 126
1316658781 121
1316658841 112
1316658901 115
1316658961 119
1316659021 116
1316659081 118
1316659141 115
1316659201 118
1316659261 118
1316659321 121
1316659381 124
1316659441 124
1316659501 129
1316659561 125
1316659621 127
1316659681 128
1316659741 118
1316659801 116
1316659861 117
1316659921 123
1316659981 127
1316660041 121
1316660101 125
1316660161 124
1316660221 128
1316660281 132
1316660341 122
1316660401 126
1316660461 118
1316660521 123
1316660581 120
1316660641 112
1316660701 116
1316660761 114
1316660821 122
1316660881 127
1316660941 117
1316661001 122
1316661062 123
1316661121 130
1316661181 129
1316661241 123
1316661301 125
1316661361 115
1316661421 117
1316661481 129
1316661541 123
1316661601 126
1316661661 125
1316661721 130
1316661781 133
1316661841 126
1316661901 127
1316661961 128
1316662021 124
1316662081 120
1316662141 120
1316662201 122
1316662261 119
1316662321 122
1316662381 125
1316662441 117
1316662501 115
1316662561 111
1316662621 112
1316662681 112
1316662741 111
1316662801 117
1316662861 115
1316662921 121
1316662981 120
1316663041 118
1316663101 123
1316663161 120
1316663221 121
1316663281 121
1316663341 121
1316663401 124
1316663461 124
1316663521 126
1316663581 132
1316663641 128
1316663701 127
1316663761 130
1316663821 130
1316663881 130
1316663941 125
1316664001 125
1316664061 125
1316664121 122
1316664181 121
1316664241 122
1316664301 127
1316664361 131
1316664421 131
1316664481 135
1316664541 134
1316664601 133
1316664662 139
1316664721 136
1316664781 144
1316664841 143
1316664901 144
1316664961 148
1316665021 158
1316665081 162
1316665141 166
1316665201 168
1316665261 169
1316665321 172
1316665381 172
1316665441 163
1316665501 172
1316665561 171
1316665621 180
1316665681 180
1316665741 173
1316665801 176
1316665861 174
1316665921 176
1316665981 167
1316666041 168
1316666101 171
1316666161 171
1316666221 174
1316666281 174
1316666341 172
1316666401 177
1316666461 178
1316666521 178
1316666581 183
1316666641 183
1316666701 185
1316666761 185
1316666821 190
1316666881 195
1316666941 190
1316667001 193
1316667061 192
1316667121 196
1316667181 202
1316667241 189
1316667301 192
1316667361 195
1316667421 195
1316667481 190
1316667541 180
1316667601 179
1316667661 180
1316667721 188
1316667781 185
1316667841 190
1316667901 186
1316667961 193
1316668021 197
1316668081 201
1316668141 191
1316668201 191
1316668261 193
1316668321 197
1316668381 194
1316668441 191
1316668501 196
1316668561 208
1316668621 208
1316668681 217
1316668742 221
1316668801 222
1316668861 226
1316668921 223
1316668981 227
1316669041 229
1316669101 225
1316669161 221
1316669221 215
1316669281 218
1316669341 214
1316669401 221
1316669461 225
1316669521 219
1316669582 232
1316669641 226
1316669701 228
1316669761 227
1316669821 221
1316669881 222
1316669941 215
1316670001 211
1316670061 215
1316670121 214
1316670181 210
1316670241 201
1316670301 216
1316670361 218
1316670421 222
1316670481 227
1316670541 221
1316670601 219
1316670661 223
1316670721 222
1316670781 221
1316670841 218
1316670901 215
1316670961 211
1316671021 208
1316671081 210
1316671141 201
1316671201 199
1316671261 197
1316671321 194
1316671382 202
1316671441 200
1316671501 195
1316671561 194
1316671621 194
1316671681 199
1316671741 201
1316671801 202
1316671861 196
1316671921 197
1316671981 204
1316672041 200
1316672101 195
1316672161 192
1316672221 190
1316672281 192
1316672341 188
1316672401 183
1316672461 178
1316672521 177
1316672581 182
1316672641 175
1316672701 183
1316672761 180
1316672821 181
1316672881 184
1316672941 177
1316673001 174
1316673061 177
1316673121 174
1316673181 176
1316673241 172
1316673301 170
1316673361 176
1316673421 177
1316673481 176
1316673541 175
1316673601 178
1316673661 182
1316673721 187
1316673781 186
1316673841 188
1316673901 189
1316673961 190
1316674021 185
1316674081 192
1316674141 189
1316674202 190
1316674261 190
1316674321 190
1316674381 193
1316674441 197
1316674501 194
1316674561 197
1316674621 199
1316674681 202
1316674741 210
1316674801 208
1316674861 210
1316674921 213
1316674981 222
1316675041 224
1316675101 218
1316675161 220
1316675221 212
1316675281 216
1316675341 214
1316675401 208
1316675461 206
1316675521 215
1316675581 225
1316675641 227
1316675701 226
1316675761 223
1316675821 220
1316675881 225
1316675941 218
1316676001 223
1316676061 225
1316676121 227
1316676181 227
1316676241 227
1316676301 222
1316676361 223
1316676421 217
1316676481 219
1316676541 213
1316676601 211
1316676661 214
1316676721 215
1316676781 215
1316676841 206
1316676901 206
1316676961 208
1316677021 207
1316677081 202
1316677141 200
1316677201 204
1316677261 206
1316677321 202
1316677381 206
1316677441 209
1316677501 207
1316677561 204
1316677621 196
1316677681 201
1316677741 198
1316677801 194
1316677861 194
1316677921 196
1316677982 194
1316678041 188
1316678101 193
1316678161 196
1316678221 201
1316678281 204
1316678341 203
1316678401 193
1316678461 191
1316678521 188
1316678581 179
1316678641 169
1316678701 165
1316678761 153
1316678821 160
1316678881 155
1316678941 164
1316679001 168
1316679061 169
1316679121 180
1316679181 179
1316679241 177
1316679301 177
1316679361 181
1316679421 182
1316679481 185
1316679541 188
1316679601 190
1316679661 191
1316679721 192
1316679781 190
1316679841 184
1316679902 189
1316679961 189
1316680021 191
1316680081 192
1316680141 195
1316680201 194
1316680261 196
1316680321 201
1316680381 200
1316680441 202
1316680501 200
1316680561 204
1316680621 198
1316680681 190
1316680741 191
1316680801 188
1316680861 182
1316680921 184
1316680981 183
1316681041 184
1316681101 188
1316681161 187
1316681221 185
1316681281 185
1316681341 184
1316681401 188
1316681461 184
1316681521 186
1316681581 173
1316681641 180
1316681701 186
1316681761 186
1316681821 183
1316681881 181
1316681941 183
1316682001 181
1316682061 182
1316682121 170
1316682181 167
1316682241 175
1316682301 171
1316682361 179
1316682421 176
1316682481 173
1316682541 175
1316682601 170
1316682661 175
1316682721 171
1316682782 173
1316682841 178
1316682902 176
1316682961 172
1316683021 172
1316683081 171
1316683141 177
1316683201 174
1316683261 179
1316683321 170
1316683381 173
1316683441 180
1316683501 183
1316683561 175
1316683621 175
1316683681 174
1316683741 185
1316683801 183
1316683861 182
1316683921 184
1316683981 175
1316684041 177
1316684101 174
1316684161 176
1316684221 169
1316684281 168
1316684341 171
1316684401 167
1316684461 169
1316684521 163
1316684581 165
1316684641 167
1316684701 159
1316684761 157
1316684821 161
1316684881 158
1316684941 158
1316685001 149
1316685061 153
1316685121 151
1316685181 149
1316685241 153
1316685301 153
1316685361 152
1316685421 151
1316685481 149
1316685541 155
1316685601 149
1316685662 149
1316685721 144
1316685781 141
1316685841 147
1316685901 140
1316685961 145
1316686021 140
1316686081 145
1316686141 143
1316686201 140
1316686262 143
1316686322 141
1316686381 138
1316686441 140
1316686501 137
1316686561 136
1316686621 141
1316686681 140
1316686741 138
1316686801 142
1316686861 140
1316686921 138
1316686981 140
1316687041 144
1316687101 129
1316687161 128
1316687221 136
1316687281 134
1316687341 133
1316687401 133
1316687461 137
1316687521 137
1316687581 134
1316687641 133
1316687701 135
1316687761 130
1316687821 125
1316687881 125
1316687941 123
1316688001 127
1316688061 127
1316688121 129
1316688181 132
1316688241 127
1316688301 130
1316688361 133
1316688421 132
1316688481 141
1316688541 140
1316688601 139
1316688661 141
1316688721 138
1316688781 140
1316688841 138
1316688901 135
1316688961 139
1316689021 136
1316689081 145
1316689141 142
1316689201 147
1316689261 148
1316689321 150
1316689381 152
1316689441 148
1316689501 143
1316689561 147
1316689621 148
1316689681 156
1316689741 148
1316689801 150
1316689861 150
1316689921 149
1316689981 155
1316690041 154
1316690101 149
1316690161 147
1316690221 143
1316690281 148
1316690341 147
1316690401 146
1316690461 148
1316690521 143
1316690581 154
1316690641 146
1316690701 144
1316690761 147
1316690821 147
1316690881 141
1316690941 140
1316691001 141
1316691061 139
1316691121 139
1316691181 141
1316691241 139
1316691301 135
1316691361 132
1316691421 132
1316691481 139
1316691541 140
1316691601 132
1316691661 136
1316691721 130
1316691781 139
1316691841 147
1316691901 135
1316691961 136
1316692021 138
1316692081 146
1316692141 142
1316692201 141
1316692261 145
1316692321 143
1316692381 147
1316692441 142
1316692501 138
1316692561 136
1316692621 136
1316692681 142
1316692741 137
1316692802 134
1316692861 137
1316692922 134
1316692981 146
1316693041 144
1316693101 142
1316693161 142
1316693221 138
1316693281 146
1316693341 141
1316693401 133
1316693461 138
1316693521 139
1316693581 146
1316693641 150
1316693701 133
1316693761 133
1316693821 137
1316693881 144
1316693941 146
1316694001 149
1316694061 155
1316694121 150
1316694181 154
1316694241 154
1316694301 154
1316694361 158
1316694421 153
1316694481 160
1316694541 169
1316694601 161
1316694661 160
1316694721 155
1316694781 160
1316694841 167
1316694901 162
1316694961 162
1316695021 163
1316695081 165
1316695141 166
1316695201 161
1316695261 166
1316695321 157
1316695381 154
1316695441 155
1316695501 154
1316695561 153
1316695621 152
1316695681 149
1316695741 155
1316695801 160
1316695861 164
1316695921 156
1316695981 158
1316696041 160
1316696101 154
1316696161 154
1316696221 151
1316696281 153
1316696341 156
1316696402 154
1316696461 158
1316696521 148
1316696581 150
1316696641 150
1316696701 150
1316696761 145
1316696821 141
1316696881 144
1316696941 148
1316697001 146
1316697061 146
1316697121 148
1316697181 152
1316697241 151
1316697301 153
1316697361 147
1316697421 146
1316697481 148
1316697541 154
1316697601 150
1316697661 155
1316697721 156
1316697782 162
1316697841 169
1316697901 157
1316697961 154
1316698021 155
1316698081 161
1316698141 167
1316698201 168
1316698261 171
1316698321 175
1316698381 168
1316698441 174
1316698501 174
1316698561 167
1316698621 165
1316698681 170
1316698741 176
1316698801 170
1316698861 169
1316698921 165
1316698981 170
1316699041 172
1316699101 174
1316699161 165
1316699221 171
1316699281 170
1316699341 171
1316699401 172
1316699461 164
1316699521 168
1316699581 175
1316699641 175
1316699701 183
1316699761 174
1316699821 177
1316699881 175
1316699941 172
1316700001 171
1316700061 165
1316700121 168
1316700182 168
1316700241 169
1316700301 177
1316700361 166
1316700421 169
1316700481 167
1316700541 164
1316700601 160
1316700661 157
1316700721 161
1316700781 154
1316700841 162
1316700901 157
1316700961 157
1316701021 155
1316701081 157
1316701141 160
1316701201 155
1316701261 159
1316701321 163
1316701381 160
1316701441 158
1316701501 161
1316701561 159
1316701621 161
1316701681 152
1316701741 154
1316701801 157
1316701861 156
1316701921 159
1316701981 159
1316702041 153
1316702101 160
1316702161 164
1316702221 155
1316702281 159
1316702341 152
1316702401 155
1316702461 148
1316702521 152
1316702581 156
1316702641 150
1316702701 156
1316702761 156
1316702821 162
1316702881 167
1316702941 167
1316703001 176
1316703061 174
1316703121 172
1316703181 181
1316703241 183
1316703301 180
1316703361 170
1316703421 168
1316703481 163
1316703541 162
1316703601 167
1316703661 176
1316703721 174
1316703781 171
1316703841 172
1316703901 173
1316703961 175
1316704021 172
1316704081 172
1316704141 169
1316704201 174
1316704261 176
1316704321 170
1316704381 174
1316704441 173
1316704501 177
1316704561 181
1316704621 175
1316704681 171
1316704741 174
1316704801 185
1316704861 186
1316704921 181
1316704981 180
1316705041 180
1316705101 185
1316705161 188
1316705221 177
1316705281 181
1316705341 184
1316705401 180
1316705461 182
1316705521 181
1316705581 187
1316705641 171
1316705701 177
1316705761 172
1316705821 175
1316705881 168
1316705941 167
1316706001 174
1316706061 173
1316706121 179
1316706181 179
1316706241 179
1316706301 186
1316706361 181
1316706421 174
1316706481 173
1316706542 171
1316706601 179
1316706661 173
1316706721 180
1316706781 181
1316706841 175
1316706901 179
1316706961 177
1316707021 181
1316707081 180
1316707141 177
1316707201 187
