1317830461 373
1317830521 372
1317830581 365
1317830641 364
1317830701 373
1317830761 378
1317830821 372
1317830881 373
1317830941 381
1317831001 377
1317831061 373
1317831122 380
1317831181 364
1317831241 364
1317831301 366
1317831361 358
1317831421 354
1317831481 360
1317831541 362
1317831601 375
1317831661 368
1317831721 361
1317831781 359
1317831841 357
1317831901 355
1317831961 353
1317832021 353
1317832081 347
1317832141 359
1317832201 348
1317832261 352
1317832321 346
1317832381 339
1317832441 339
1317832501 334
1317832562 353
1317832621 329
1317832681 328
1317832741 332
1317832801 334
1317832861 336
1317832921 329
1317832981 320
1317833041 330
1317833101 328
1317833161 333
1317833221 326
1317833281 321
1317833341 319
1317833401 322
1317833461 321
1317833521 323
1317833581 320
1317833641 326
1317833701 326
1317833761 322
1317833821 327
1317833881 326
1317833941 314
1317834001 307
1317834061 312
1317834121 310
1317834181 305
1317834241 313
1317834301 315
1317834361 311
1317834421 320
1317834481 324
1317834541 326
1317834601 314
1317834662 315
1317834721 315
1317834781 307
1317834841 304
1317834901 297
1317834961 303
1317835021 304
1317835081 309
1317835141 300
1317835201 296
1317835261 313
1317835321 313
1317835381 317
1317835441 319
1317835501 303
1317835561 309
1317835621 297
1317835681 295
1317835741 286
1317835801 282
1317835861 292
1317835921 287
1317835981 290
1317836041 288
1317836101 283
1317836161 288
1317836221 278
1317836281 280
1317836341 274
1317836401 287
1317836461 274
1317836521 275
1317836581 274
1317836641 270
1317836701 261
1317836761 264
1317836821 266
1317836881 265
1317836941 274
1317837001 272
1317837061 273
1317837121 269
1317837181 262
1317837241 257
1317837302 255
1317837361 256
1317837421 262
1317837481 252
1317837541 253
1317837601 252
1317837661 254
1317837721 242
1317837782 242
1317837841 248
1317837901 247
1317837961 245
1317838021 249
1317838081 247
1317838141 244
1317838201 244
1317838261 245
1317838321 245
1317838381 241
1317838441 242
1317838501 232
1317838561 234
1317838621 236
1317838681 232
1317838741 236
1317838801 219
1317838861 218
1317838921 218
1317838982 215
1317839041 219
1317839101 223
1317839161 228
1317839221 220
1317839281 208
1317839341 212
1317839401 199
1317839461 198
1317839521 196
1317839581 191
1317839641 191
1317839701 192
1317839761 193
1317839821 199
1317839881 189
1317839941 192
1317840001 188
1317840061 177
1317840121 184
1317840181 190
1317840241 174
1317840301 171
1317840361 177
1317840421 178
1317840481 182
1317840541 170
1317840601 174
1317840661 177
1317840721 180
1317840781 175
1317840841 173
1317840901 177
1317840962 179
1317841021 172
1317841081 172
1317841141 176
1317841201 171
1317841261 168
1317841321 173
1317841381 166
1317841441 162
1317841501 165
1317841561 168
1317841621 169
1317841681 163
1317841741 165
1317841801 167
1317841862 166
1317841921 172
1317841981 171
1317842041 165
1317842101 167
1317842161 170
1317842221 162
1317842281 161
1317842341 155
1317842401 156
1317842461 162
1317842521 152
1317842581 151
1317842641 152
1317842701 150
1317842761 154
1317842821 158
1317842881 147
1317842941 149
1317843001 149
1317843061 154
1317843121 148
1317843181 152
1317843241 144
1317843301 146
1317843361 151
1317843421 155
1317843481 157
1317843541 160
1317843601 160
1317843661 135
1317843721 141
1317843781 137
1317843841 135
1317843901 137
1317843961 141
1317844021 143
1317844081 137
1317844142 141
1317844201 142
1317844261 145
1317844321 139
1317844381 136
1317844441 141
1317844501 142
1317844561 147
1317844621 154
1317844681 135
1317844741 133
1317844801 131
1317844861 136
1317844921 139
1317844981 134
1317845041 136
1317845101 138
1317845161 142
1317845221 147
1317845281 149
1317845341 132
1317845401 132
1317845461 129
1317845521 133
1317845581 136
1317845642 138
1317845701 128
1317845761 131
1317845821 137
1317845881 138
1317845941 139
1317846001 141
1317846061 143
1317846121 146
1317846181 149
1317846241 150
1317846301 151
1317846361 154
1317846421 126
1317846481 126
1317846541 129
1317846601 132
1317846661 135
1317846721 137
1317846781 125
1317846841 127
1317846901 130
1317846961 123
1317847022 127
1317847081 131
1317847141 134
1317847201 137
1317847261 141
1317847321 125
1317847382 129
1317847441 132
1317847501 136
1317847561 121
1317847621 125
1317847681 121
1317847741 123
1317847801 126
1317847861 130
1317847921 135
1317847981 137
1317848041 119
1317848101 122
1317848161 125
1317848221 127
1317848281 129
1317848341 131
1317848401 121
1317848461 122
1317848521 126
1317848581 130
1317848641 133
1317848701 127
1317848761 130
1317848821 135
1317848881 138
1317848941 141
1317849001 143
1317848994 143
1317849001 143
1317849061 144
1317849122 117
1317849181 117
1317849241 121
1317849301 124
1317849361 129
1317849421 120
1317849481 122
1317849541 125
1317849602 127
1317849661 130
1317849721 133
1317849781 135
1317849841 138
1317849901 114
1317849961 118
1317850021 121
1317850081 123
1317850141 126
1317850201 128
1317850261 131
1317850321 135
1317850381 137
1317850441 139
1317850501 139
1317850561 142
1317850621 144
1317850681 145
1317850741 146
1317850801 147
1317850861 151
1317850921 153
1317850981 154
1317851041 155
1317851101 158
1317851161 159
1317851221 161
1317851281 162
1317851341 164
1317851401 165
1317851461 166
1317851522 168
1317851581 170
1317851641 171
1317851701 172
1317851761 175
1317851821 176
1317851881 177
1317851941 179
1317852001 179
1317852061 180
1317852121 180
1317852181 111
1317852241 115
1317852301 116
1317852361 120
1317852421 122
1317852481 113
1317852542 116
1317852602 118
1317852661 123
1317852721 126
1317852782 128
1317852841 129
1317852901 129
1317852961 133
1317853021 135
1317853081 137
1317853141 110
1317853201 110
1317853261 114
1317853321 117
1317853381 120
1317853441 123
1317853501 124
1317853561 129
1317853621 131
1317853681 133
1317853741 136
1317853801 111
1317853861 110
1317853921 115
1317853981 112
1317854041 113
1317854101 115
1317854161 118
1317854221 122
1317854281 125
1317854341 127
1317854401 128
1317854461 112
1317854521 116
1317854581 119
1317854641 111
1317854701 110
1317854761 113
1317854821 114
1317854881 119
1317854941 112
1317855001 113
1317855061 115
1317855121 117
1317855181 121
1317855241 124
1317855301 114
1317855361 117
1317855421 120
1317855481 112
1317855541 116
1317855601 110
1317855661 114
1317855721 112
1317855781 114
1317855841 118
1317855901 119
1317855962 121
1317856021 123
1317856081 120
1317856141 124
1317856201 121
1317856261 125
1317856321 128
1317856381 131
1317856441 120
1317856501 123
1317856561 123
1317856621 124
1317856681 122
1317856741 124
1317856801 126
1317856862 128
1317856921 130
1317856981 119
1317857041 120
1317857101 121
1317857161 125
1317857221 124
1317857281 123
1317857341 126
1317857401 127
1317857461 134
1317857521 135
1317857581 135
1317857641 133
1317857701 134
1317857761 136
1317857821 140
1317857881 136
1317857941 137
1317858001 137
1317858061 137
1317858121 135
1317858182 136
1317858241 136
1317858301 136
1317858361 140
1317858421 139
1317858481 140
1317858541 143
1317858601 141
1317858661 143
1317858721 144
1317858781 149
1317858841 144
1317858901 141
1317858961 144
1317859021 141
1317859081 145
1317859141 146
1317859201 144
1317859261 147
1317859321 142
1317859381 144
1317859441 137
1317859502 141
1317859561 145
1317859621 145
1317859682 143
1317859741 146
1317859801 145
1317859861 144
1317859921 150
1317859981 145
1317860041 146
1317860101 188
1317860161 187
1317860221 192
1317860281 186
1317860341 185
1317860401 185
1317860461 197
1317860521 203
1317860581 202
1317860641 199
1317860701 202
1317860761 200
1317860821 202
1317860881 203
1317860941 204
1317861001 203
1317861061 206
1317861121 182
1317861181 187
1317861241 189
1317861301 190
1317861361 192
1317861421 195
1317861481 195
1317861541 191
1317861602 196
1317861661 197
1317861721 197
1317861781 191
1317861841 185
1317861901 191
1317861961 193
1317862021 196
1317862081 197
1317862141 200
1317862201 205
1317862261 203
1317862321 206
1317862381 200
1317862441 195
1317862501 199
1317862561 201
1317862621 199
1317862681 201
1317862741 199
1317862801 205
1317862861 203
1317862921 204
1317862981 204
1317863041 208
1317863101 207
1317863161 210
1317863221 207
1317863281 217
1317863341 213
1317863401 217
1317863461 219
1317863522 219
1317863581 223
1317863641 215
1317863701 217
1317863761 216
1317863821 222
1317863881 216
1317863941 216
1317864001 225
1317864061 241
1317864121 238
1317864182 242
1317864241 238
1317864301 244
1317864361 247
1317864421 245
1317864481 244
1317864541 236
1317864601 236
1317864661 236
1317864721 232
1317864781 233
1317864841 223
1317864901 228
1317864961 225
1317865021 233
1317865082 236
1317865141 236
1317865201 235
1317865261 232
1317865321 238
1317865381 236
1317865441 235
1317865501 237
1317865561 241
1317865621 244
1317865681 243
1317865741 242
1317865801 235
1317865861 241
1317865921 241
1317865981 241
1317866041 245
1317866101 243
1317866161 248
1317866221 245
1317866281 243
1317866341 236
1317866401 228
1317866461 230
1317866521 233
1317866581 217
1317866641 212
1317866701 217
1317866761 214
1317866821 215
1317866881 207
1317866941 201
1317867001 208
1317867061 202
1317867121 201
1317867181 197
1317867241 193
1317867301 194
1317867362 198
1317867422 187
1317867481 190
1317867541 192
1317867601 194
1317867661 202
1317867721 195
1317867781 197
1317867841 194
1317867901 195
1317867961 195
1317868021 197
1317868081 191
1317868141 191
1317868201 187
1317868261 193
1317868321 187
1317868381 188
1317868441 190
1317868502 197
1317868561 205
1317868621 202
1317868681 198
1317868741 200
1317868801 209
1317868861 204
1317868921 201
1317868981 201
1317869041 203
1317869101 210
1317869161 214
1317869221 210
1317869281 211
1317869341 206
1317869401 212
1317869461 207
1317869521 204
1317869581 200
1317869641 195
1317869701 204
1317869761 208
1317869821 216
1317869881 220
1317869941 217
1317870001 225
1317870061 228
1317870121 219
1317870181 213
1317870241 206
1317870301 214
1317870361 221
1317870421 209
1317870481 211
1317870541 212
1317870601 217
1317870661 221
1317870721 219
1317870781 211
1317870841 212
1317870901 217
1317870961 219
1317871021 222
1317871081 212
1317871141 218
1317871201 223
1317871261 223
1317871321 236
1317871381 224
1317871442 230
1317871501 236
1317871561 238
1317871621 233
1317871681 225
1317871741 226
1317871802 230
1317871861 228
1317871921 223
1317871981 218
1317872041 225
1317872101 226
1317872161 226
1317872221 232
1317872281 223
1317872341 224
1317872401 226
1317872461 216
1317872521 218
1317872581 216
1317872641 211
1317872701 223
1317872761 220
1317872821 225
1317872881 220
1317872941 226
1317873001 231
1317873061 229
1317873121 236
1317873181 230
1317873241 236
1317873301 240
1317873361 240
1317873421 228
1317873481 233
1317873541 236
1317873601 234
1317873661 234
1317873721 225
1317873781 222
1317873841 225
1317873901 224
1317873962 227
1317874021 227
1317874081 223
1317874141 231
1317874201 236
1317874261 235
1317874321 238
1317874381 237
1317874441 242
1317874501 244
1317874561 245
1317874621 238
1317874681 242
1317874742 242
1317874801 244
1317874862 244
1317874921 251
1317874981 252
1317875041 256
1317875101 260
1317875161 263
1317875221 265
1317875281 270
1317875342 268
1317875401 273
1317875461 270
1317875521 264
1317875581 270
1317875641 274
1317875701 279
1317875761 266
1317875821 265
1317875881 263
1317875941 269
1317876001 265
1317876061 263
1317876121 258
1317876181 259
1317876241 267
1317876301 269
1317876361 265
1317876421 260
1317876481 257
1317876541 251
1317876601 248
1317876661 250
1317876721 257
1317876781 250
1317876841 251
1317876901 250
1317876961 244
1317877021 231
1317877081 228
1317877141 233
1317877201 241
1317877261 245
1317877321 240
1317877381 240
1317877442 248
1317877501 253
1317877561 252
1317877621 248
1317877681 249
1317877741 256
1317877801 255
1317877861 258
1317877922 254
1317877981 252
1317878041 257
1317878101 263
1317878161 259
1317878221 259
1317878281 259
1317878341 270
1317878401 268
1317878461 273
1317878521 278
1317878581 276
1317878641 269
1317878701 276
1317878761 277
1317878821 280
1317878881 274
1317878941 278
1317879001 276
1317879061 283
1317879121 285
1317879181 279
1317879241 286
1317879301 284
1317879361 290
1317879421 281
1317879481 287
1317879541 285
1317879601 287
1317879661 290
1317879721 290
1317879781 295
1317879841 296
1317879901 302
1317879961 303
1317880021 299
1317880081 296
1317880141 307
1317880201 300
1317880261 300
1317880321 303
1317880381 303
1317880441 304
1317880501 299
1317880561 306
1317880621 309
1317880681 303
1317880741 301
1317880801 309
1317880861 311
1317880921 299
1317880981 299
1317881041 296
1317881101 294
1317881161 298
1317881221 293
1317881281 293
1317881341 295
1317881401 294
1317881461 300
1317881521 298
1317881581 292
1317881641 290
1317881701 287
1317881761 284
1317881821 285
1317881881 278
1317881941 275
1317882001 278
1317882061 270
1317882121 267
1317882181 264
1317882241 263
1317882301 258
1317882361 265
1317882421 264
1317882481 261
1317882541 267
1317882601 258
1317882661 262
1317882721 256
1317882781 252
1317882841 250
1317882901 248
1317882961 248
1317883021 253
1317883081 248
1317883141 249
1317883201 253
1317883261 251
1317883321 250
1317883381 244
1317883441 247
1317883501 244
1317883561 245
1317883621 245
1317883681 242
1317883741 247
1317883801 254
1317883861 258
1317883922 258
1317883981 259
1317884041 268
1317884101 275
1317884161 282
1317884221 286
1317884281 288
1317884341 291
1317884401 289
1317884461 287
1317884521 290
1317884581 288
1317884641 287
1317884701 278
1317884761 279
1317884821 272
1317884881 274
1317884941 275
1317885001 286
1317885061 286
1317885121 285
1317885181 288
1317885241 283
1317885301 294
1317885361 288
1317885421 287
1317885481 287
1317885541 283
1317885601 290
1317885661 289
1317885722 288
1317885782 313
1317885841 320
1317885901 331
1317885961 331
1317886021 338
1317886081 338
1317886141 335
1317886201 338
1317886261 336
1317886321 333
1317886381 333
1317886441 332
1317886501 336
1317886561 331
1317886621 332
1317886681 329
1317886741 328
1317886801 333
1317886861 332
1317886921 331
1317886981 334
1317887041 328
1317887102 332
1317887161 324
1317887221 325
1317887281 326
1317887341 326
1317887401 327
1317887461 329
1317887521 331
1317887581 326
1317887641 322
1317887701 317
1317887761 315
1317887821 315
1317887881 313
1317887941 307
1317888001 312
1317888061 313
1317888121 313
1317888181 311
1317888241 304
1317888301 295
1317888361 287
1317888421 284
1317888482 283
1317888541 267
1317888601 261
1317888661 261
1317888721 265
1317888781 261
1317888841 264
1317888901 298
1317888961 334
1317889021 337
1317889081 334
1317889141 325
1317889201 334
1317889261 333
1317889321 343
1317889381 344
1317889441 337
1317889501 341
1317889561 338
1317889621 338
1317889681 349
1317889741 361
1317889801 383
1317889861 362
1317889921 369
1317889981 367
1317890041 368
1317890101 376
1317890161 365
1317890221 367
1317890281 352
1317890341 341
1317890401 347
1317890461 349
1317890521 346
1317890581 344
1317890641 350
1317890701 350
1317890761 352
1317890821 358
1317890881 360
1317890941 355
1317891001 360
1317891061 356
1317891121 354
1317891181 349
1317891241 344
1317891301 336
1317891361 335
1317891421 341
1317891481 335
1317891541 341
1317891601 339
1317891661 335
1317891721 341
1317891781 324
1317891841 321
1317891901 323
1317891961 318
1317892022 322
1317892081 318
1317892141 317
1317892201 325
1317892262 333
1317892321 337
1317892381 341
1317892441 344
1317892501 349
1317892561 344
1317892621 348
1317892681 338
1317892741 337
1317892801 335
1317892861 329
1317892921 330
1317892981 331
1317893041 328
1317893101 327
1317893162 320
1317893221 323
1317893281 318
1317893341 315
1317893401 323
1317893461 319
1317893521 319
1317893581 320
1317893641 325
1317893701 331
1317893761 325
1317893821 323
1317893881 327
1317893941 314
1317894001 316
1317894061 305
1317894121 311
1317894181 309
1317894241 308
1317894301 302
1317894361 306
1317894421 307
1317894481 305
1317894541 295
1317894601 293
1317894661 290
1317894721 294
1317894781 295
1317894841 300
1317894901 298
1317894961 290
1317895021 292
1317895081 295
1317895141 279
1317895201 270
1317895261 269
1317895321 262
1317895382 259
1317895441 258
1317895501 262
1317895561 263
1317895621 253
1317895681 246
1317895741 240
1317895801 236
1317895861 230
1317895921 224
1317895981 226
1317896041 221
1317896101 218
1317896161 216
1317896221 225
1317896281 216
1317896341 217
1317896401 212
1317896461 212
1317896521 210
1317896581 205
1317896641 202
1317896701 203
1317896761 209
1317896821 211
1317896881 214
1317896941 209
1317897001 213
1317897061 213
1317897121 213
1317897181 206
1317897241 207
1317897301 212
1317897361 216
1317897421 218
1317897481 208
1317897541 210
1317897601 204
1317897661 201
1317897721 204
1317897781 204
1317897841 199
1317897901 202
1317897961 204
1317898021 206
1317898081 200
1317898141 200
1317898201 195
1317898261 202
1317898321 207
1317898381 207
1317898441 205
1317898501 211
1317898561 214
1317898622 212
1317898681 216
1317898741 216
1317898801 213
1317898861 218
1317898921 211
1317898981 214
1317899041 203
1317899101 205
1317899161 209
1317899221 205
1317899281 207
1317899341 205
1317899401 205
1317899462 214
1317899521 214
1317899581 213
1317899641 216
1317899701 222
1317899761 225
1317899821 227
1317899881 222
1317899941 219
1317900001 225
1317900061 229
1317900121 227
1317900181 228
1317900241 232
1317900301 235
1317900361 231
1317900421 228
1317900481 225
1317900541 229
1317900601 231
1317900661 231
1317900721 230
1317900781 229
1317900842 228
1317900901 233
1317900961 224
1317901021 234
1317901081 237
1317901141 234
1317901201 233
1317901261 231
1317901321 236
1317901381 232
1317901441 241
1317901501 238
1317901561 233
1317901621 237
1317901681 234
1317901741 231
1317901801 230
1317901861 234
1317901921 229
1317901981 218
1317902041 225
1317902101 225
1317902161 225
1317902221 229
1317902281 236
1317902341 236
1317902401 230
1317902461 230
1317902521 238
1317902581 229
1317902641 236
1317902701 236
1317902761 231
1317902821 232
1317902881 232
1317902941 242
1317903001 236
1317903061 237
1317903121 239
1317903181 243
1317903241 248
1317903301 245
1317903361 241
1317903421 245
1317903481 239
1317903541 243
1317903601 235
1317903661 233
1317903721 243
1317903781 240
1317903841 247
1317903901 249
1317903961 254
1317904021 254
1317904081 258
1317904141 261
1317904201 259
1317904261 263
1317904321 266
1317904381 267
1317904441 273
1317904501 270
1317904561 273
1317904621 277
1317904681 276
1317904741 275
1317904801 276
1317904861 275
1317904921 280
1317904981 276
1317905041 280
1317905101 279
1317905161 279
1317905221 282
1317905282 276
1317905341 275
1317905401 267
1317905461 273
1317905521 279
1317905581 272
1317905641 280
1317905701 279
1317905761 279
1317905821 278
1317905881 277
1317905941 284
1317906001 284
1317906061 276
1317906121 278
1317906181 278
1317906241 271
1317906301 269
1317906361 262
1317906421 266
1317906481 268
1317906541 276
1317906601 279
1317906661 279
1317906721 278
1317906781 280
1317906841 280
1317906901 275
1317906961 281
1317907022 276
1317907081 284
1317907141 282
1317907201 277
1317907261 286
1317907321 296
1317907381 285
1317907441 292
1317907501 283
1317907561 289
1317907621 289
1317907681 294
1317907741 293
1317907801 296
1317907861 303
1317907921 303
1317907981 299
1317908041 311
1317908101 303
1317908161 302
1317908221 302
1317908281 298
1317908341 303
1317908401 291
1317908461 298
1317908521 301
1317908581 301
1317908641 307
1317908701 307
1317908761 317
1317908821 319
1317908881 320
1317908941 317
1317909002 314
1317909061 314
1317909122 311
1317909181 309
1317909241 312
1317909301 306
1317909361 312
1317909421 312
1317909481 312
1317909541 315
1317909601 314
1317909661 313
1317909721 314
1317909781 317
1317909841 317
1317909901 312
1317909961 317
1317910021 322
1317910081 325
1317910141 325
1317910201 320
1317910261 333
1317910321 325
1317910381 325
1317910441 336
1317910501 324
1317910561 327
1317910621 326
1317910681 327
1317910741 326
1317910801 326
1317910861 325
1317910921 330
1317910982 316
1317911041 318
1317911102 325
1317911161 316
1317911221 327
1317911281 319
1317911341 322
1317911401 309
1317911461 313
1317911521 325
1317911581 318
1317911641 322
1317911701 313
1317911761 324
1317911821 322
1317911881 317
1317911941 323
1317912001 319
1317912061 331
1317912121 328
1317912181 322
1317912241 328
1317912301 316
1317912361 320
1317912421 317
1317912481 325
1317912541 326
1317912601 332
1317912661 335
1317912721 326
1317912781 329
1317912841 324
1317912901 322
1317912961 328
1317913021 319
1317913081 314
1317913141 319
1317913201 310
1317913261 313
1317913321 317
1317913381 319
1317913441 326
1317913501 328
1317913562 322
1317913621 320
1317913681 323
1317913741 321
1317913802 312
1317913861 306
1317913921 319
1317913981 322
1317914041 317
1317914101 317
1317914161 310
1317914221 322
1317914281 332
1317914341 315
1317914401 310
1317914461 302
1317914521 313
1317914581 313
1317914641 316
1317914701 319
1317914761 306
1317914821 308
1317914881 311
1317914941 315
1317915001 300
1317915061 299
1317915121 308
1317915181 309
1317915241 309
1317915301 313
1317915361 303
1317915421 310
1317915481 306
1317915541 310
1317915601 299
1317915661 288
1317915721 298
1317915781 294
1317915841 294
1317915901 297
1317915961 298
1317916021 308
1317916081 292
1317916141 297
1317916201 295
1317916261 290
1317916321 292
1317916381 289
1317916441 294
1317916501 287
1317916561 280
1317916621 285
1317916681 284
1317916741 289
1317916801 286
