1313942461 0
1313942521 0
1313942581 0
1313942641 0
1313942701 0
1313942761 0
1313942821 0
1313942881 0
1313942941 0
1313943001 0
1313943061 0
1313943121 0
1313943181 0
1313943241 0
1313943301 0
1313943361 0
1313943421 0
1313943481 0
1313943541 0
1313943601 0
1313943661 0
1313943722 0
1313943781 0
1313943841 0
1313943901 0
1313943961 0
1313944021 0
1313944081 0
1313944142 0
1313944201 0
1313944261 0
1313944321 0
1313944381 0
1313944441 0
1313944501 0
1313944561 0
1313944621 0
1313944681 0
1313944741 0
1313944801 0
1313944861 0
1313944921 0
1313944981 0
1313945041 0
1313945101 0
1313945161 0
1313945221 0
1313945281 0
1313945341 0
1313945401 0
1313945461 0
1313945521 0
1313945581 1
1313945641 1
1313945701 1
1313945761 1
1313945821 1
1313945881 1
1313945941 1
1313946001 1
1313946061 1
1313946121 1
1313946181 1
1313946241 1
1313946301 1
1313946361 1
1313946421 1
1313946481 1
1313946541 1
1313946601 1
1313946661 1
1313946721 1
1313946781 1
1313946841 1
1313946901 1
1313946961 1
1313947021 1
1313947081 1
1313947141 1
1313947201 1
1313947261 1
1313947321 1
1313947381 1
1313947441 1
1313947501 1
1313947561 1
1313947621 1
1313947681 1
1313947741 1
1313947801 1
1313947861 1
1313947921 1
1313947981 1
1313948041 1
1313948101 1
1313948161 1
1313948221 1
1313948281 1
1313948341 1
1313948401 1
1313948461 1
1313948521 1
1313948581 1
1313948641 1
1313948701 1
1313948761 1
1313948821 1
1313948881 1
1313948941 1
1313949001 1
1313949061 1
1313949121 1
1313949181 1
1313949241 1
1313949301 1
1313949361 1
1313949421 1
1313949482 1
1313949541 1
1313949601 1
1313949661 1
1313949721 1
1313949781 1
1313949841 1
1313949901 1
1313949961 0
1313950021 0
1313950081 0
1313950141 0
1313950201 0
1313950261 0
1313950321 0
1313950381 0
1313950441 0
1313950501 0
1313950561 0
1313950621 0
1313950681 0
1313950742 0
1313950801 0
1313950861 0
1313950921 0
1313950981 0
1313951041 0
1313951101 0
1313951161 0
1313951221 0
1313951281 0
1313951342 0
1313951402 0
1313951461 0
1313951521 0
1313951581 0
1313951641 0
1313951701 0
1313951761 0
1313951821 0
1313951881 0
1313951941 0
1313952001 0
1313952061 0
1313952121 0
1313952181 0
1313952241 0
1313952301 0
1313952361 0
1313952421 0
1313952481 0
1313952541 0
1313952601 0
1313952661 0
1313952721 0
1313952781 0
1313952841 1
1313952901 1
1313952961 1
1313953021 1
1313953081 1
1313953141 1
1313953201 1
1313953261 1
1313953321 1
1313953381 1
1313953441 1
1313953501 1
1313953561 1
1313953621 1
1313953682 1
1313953741 1
1313953801 1
1313953861 1
1313953921 1
1313953981 1
1313954041 1
1313954101 1
1313954161 1
1313954221 1
1313954281 1
1313954341 1
1313954401 1
1313954461 1
1313954521 1
1313954581 1
1313954641 1
1313954701 1
1313954761 1
1313954821 1
1313954881 1
1313954941 1
1313955001 1
1313955061 1
1313955121 1
1313955181 1
1313955241 1
1313955301 1
1313955361 1
1313955421 1
1313955481 1
1313955541 1
1313955601 1
1313955661 1
1313955721 1
1313955781 1
1313955841 1
1313955901 1
1313955961 1
1313956021 1
1313956081 1
1313956141 1
1313956202 1
1313956261 1
1313956321 1
1313956382 1
1313956441 1
1313956501 1
1313956561 1
1313956621 1
1313956681 1
1313956741 1
1313956801 1
1313956861 1
1313956921 1
1313956981 1
1313957041 1
1313957101 1
1313957161 1
1313957221 1
1313957281 1
1313957341 1
1313957401 1
1313957461 1
1313957521 1
1313957581 1
1313957641 1
1313957701 1
1313957761 1
1313957821 1
1313957881 1
1313957941 1
1313958001 1
1313958061 1
1313958121 1
1313958181 1
1313958241 1
1313958301 1
1313958361 1
1313958421 1
1313958481 1
1313958541 1
1313958601 1
1313958661 1
1313958721 1
1313958781 1
1313958841 1
1313958901 1
1313958961 1
1313959021 1
1313959081 1
1313959141 1
1313959201 1
1313959261 1
1313959321 1
1313959381 1
1313959441 1
1313959501 1
1313959561 1
1313959621 1
1313959681 1
1313959741 1
1313959801 1
1313959861 1
1313959921 1
1313959981 1
1313960041 1
1313960101 1
1313960161 1
1313960221 1
1313960281 1
1313960341 1
1313960401 1
1313960461 1
1313960521 1
1313960581 1
1313960641 1
1313960701 1
1313960761 1
1313960821 1
1313960881 1
1313960941 1
1313961001 1
1313960994 1
1313961001 1
1313961061 1
1313961121 1
1313961181 1
1313961241 1
1313961301 1
1313961361 1
1313961421 1
1313961481 1
1313961541 1
1313961601 1
1313961661 1
1313961721 1
1313961781 1
1313961841 1
1313961901 1
1313961961 1
1313962021 1
1313962081 1
1313962141 1
1313962201 1
1313962261 1
1313962321 1
1313962381 1
1313962442 1
1313962501 1
1313962561 1
1313962621 1
1313962681 1
1313962741 1
1313962801 1
1313962861 1
1313962921 1
1313962981 1
1313963041 1
1313963101 1
1313963161 1
1313963221 1
1313963281 1
1313963341 1
1313963401 1
1313963461 1
1313963521 1
1313963581 1
1313963641 1
1313963701 1
1313963761 1
1313963821 1
1313963881 1
1313963941 1
1313964001 1
1313964061 1
1313964121 1
1313964182 1
1313964241 1
1313964301 1
1313964362 1
1313964421 1
1313964481 1
1313964541 1
1313964601 1
1313964661 1
1313964721 1
1313964781 1
1313964841 1
1313964901 1
1313964961 1
1313965021 1
1313965081 1
1313965141 1
1313965201 1
1313965262 1
1313965321 1
1313965381 1
1313965441 1
1313965501 1
1313965561 1
1313965621 1
1313965681 1
1313965741 1
1313965801 1
1313965861 1
1313965921 1
1313965981 0
1313966041 0
1313966101 0
1313966161 0
1313966221 0
1313966281 0
1313966341 0
1313966401 0
1313966461 0
1313966521 0
1313966581 0
1313966641 0
1313966701 0
1313966761 0
1313966822 0
1313966881 0
1313966941 0
1313967001 0
1313967061 0
1313967121 0
1313967181 0
1313967241 0
1313967301 0
1313967361 0
1313967421 0
1313967481 0
1313967541 0
1313967601 0
1313967661 0
1313967721 0
1313967781 0
1313967841 0
1313967901 0
1313967961 0
1313968021 0
1313968081 0
1313968141 0
1313968201 0
1313968261 0
1313968321 0
1313968381 0
1313968441 0
1313968501 0
1313968561 0
1313968621 0
1313968681 0
1313968741 0
1313968801 0
1313968862 0
1313968921 0
1313968981 0
1313969041 0
1313969101 0
1313969161 0
1313969221 0
1313969281 0
1313969341 0
1313969401 0
1313969461 0
1313969521 0
1313969581 0
1313969641 0
1313969701 0
1313969761 0
1313969821 0
1313969881 0
1313969941 0
1313970001 0
1313970061 0
1313970121 0
1313970181 0
1313970241 0
1313970301 0
1313970361 0
1313970421 0
1313970481 0
1313970541 0
1313970601 0
1313970661 0
1313970721 0
1313970781 0
1313970841 0
1313970901 0
1313970961 0
1313971021 0
1313971081 0
1313971141 0
1313971201 0
1313971261 0
1313971321 0
1313971381 0
1313971441 0
1313971501 0
1313971561 0
1313971621 0
1313971681 0
1313971741 0
1313971801 0
1313971861 0
1313971921 0
1313971981 0
1313972041 0
1313972101 0
1313972161 0
1313972221 0
1313972281 0
1313972341 0
1313972401 0
1313972461 0
1313972521 0
1313972581 0
1313972641 0
1313972701 0
1313972761 0
1313972821 0
1313972881 0
1313972941 0
1313973001 0
1313973061 0
1313973121 0
1313973181 0
1313973241 1
1313973301 1
1313973361 1
1313973421 1
1313973481 1
1313973541 1
1313973601 1
1313973662 1
1313973721 1
1313973781 1
1313973841 1
1313973901 1
1313973961 1
1313974021 1
1313974081 1
1313974141 1
1313974201 1
1313974261 1
1313974321 1
1313974381 1
1313974441 1
1313974501 1
1313974561 1
1313974621 1
1313974681 1
1313974741 1
1313974801 1
1313974861 1
1313974921 1
1313974981 1
1313975041 1
1313975101 2
1313975161 2
1313975221 2
1313975282 2
1313975341 2
1313975401 2
1313975461 2
1313975521 2
1313975581 2
1313975641 2
1313975701 2
1313975761 2
1313975821 2
1313975881 2
1313975941 3
1313976001 3
1313976061 3
1313976121 3
1313976181 3
1313976241 3
1313976301 3
1313976361 3
1313976421 3
1313976481 3
1313976541 3
1313976601 3
1313976661 3
1313976721 3
1313976781 3
1313976841 3
1313976901 3
1313976961 3
1313977021 3
1313977081 3
1313977141 3
1313977201 3
1313977261 3
1313977321 2
1313977381 2
1313977441 2
1313977501 2
1313977561 2
1313977621 2
1313977681 2
1313977741 2
1313977801 2
1313977861 2
1313977921 1
1313977981 1
1313978041 1
1313978102 1
1313978161 1
1313978221 1
1313978281 1
1313978341 1
1313978401 1
1313978461 1
1313978521 1
1313978581 1
1313978641 1
1313978701 1
1313978761 1
1313978821 1
1313978881 1
1313978941 1
1313979002 1
1313979061 1
1313979121 1
1313979181 1
1313979241 1
1313979301 1
1313979361 1
1313979421 1
1313979481 1
1313979541 1
1313979601 1
1313979661 1
1313979721 1
1313979781 1
1313979841 1
1313979901 1
1313979961 1
1313980021 1
1313980081 1
1313980141 1
1313980201 1
1313980261 1
1313980321 1
1313980381 0
1313980441 1
1313980501 1
1313980561 1
1313980621 1
1313980681 1
1313980741 1
1313980802 1
1313980861 1
1313980922 1
1313980981 1
1313981041 1
1313981101 1
1313981161 1
1313981221 1
1313981281 1
1313981341 2
1313981401 2
1313981461 2
1313981521 2
1313981581 2
1313981641 2
1313981701 2
1313981761 2
1313981821 2
1313981881 1
1313981941 1
1313982001 1
1313982061 1
1313982121 1
1313982181 1
1313982241 1
1313982301 1
1313982361 1
1313982421 1
1313982481 1
1313982541 2
1313982601 2
1313982661 3
1313982721 3
1313982781 3
1313982841 3
1313982901 3
1313982961 3
1313983021 3
1313983081 3
1313983141 3
1313983201 3
1313983261 3
1313983321 3
1313983381 1
1313983441 1
1313983501 1
1313983561 1
1313983621 2
1313983681 2
1313983741 2
1313983801 2
1313983861 2
1313983921 2
1313983981 2
1313984041 0
1313984101 0
1313984161 0
1313984221 0
1313984281 0
1313984341 0
1313984401 0
1313984461 0
1313984521 0
1313984581 0
1313984641 0
1313984701 0
1313984761 0
1313984821 0
1313984881 0
1313984941 0
1313985001 0
1313985061 0
1313985121 0
1313985181 0
1313985241 0
1313985301 0
1313985361 0
1313985421 0
1313985481 0
1313985542 0
1313985601 0
1313985661 0
1313985721 0
1313985781 1
1313985841 1
1313985901 1
1313985961 1
1313986021 1
1313986081 1
1313986141 1
1313986201 1
1313986261 1
1313986321 1
1313986381 1
1313986441 1
1313986501 1
1313986562 1
1313986621 1
1313986681 1
1313986741 1
1313986801 1
1313986861 1
1313986921 1
1313986981 1
1313987041 1
1313987101 1
1313987161 1
1313987221 1
1313987281 1
1313987341 1
1313987401 1
1313987461 1
1313987521 1
1313987581 1
1313987641 1
1313987701 1
1313987761 1
1313987821 1
1313987881 1
1313987941 1
1313988001 1
1313988061 1
1313988121 1
1313988181 1
1313988241 1
1313988301 0
1313988361 0
1313988421 0
1313988481 0
1313988541 0
1313988601 0
1313988661 0
1313988721 0
1313988781 0
1313988841 2
1313988901 2
1313988961 2
1313989021 2
1313989081 2
1313989141 2
1313989201 2
1313989261 2
1313989321 2
1313989381 2
1313989441 2
1313989501 2
1313989561 2
1313989621 2
1313989681 2
1313989741 2
1313989801 2
1313989861 2
1313989921 2
1313989981 2
1313990041 2
1313990101 2
1313990161 1
1313990221 1
1313990281 1
1313990341 1
1313990401 1
1313990461 1
1313990521 1
1313990581 0
1313990641 0
1313990701 0
1313990761 0
1313990821 0
1313990881 0
1313990941 0
1313991001 0
1313991061 0
1313991121 0
1313991181 0
1313991241 0
1313991301 0
1313991361 0
1313991421 0
1313991481 0
1313991541 0
1313991601 0
1313991661 0
1313991721 0
1313991781 0
1313991841 0
1313991901 0
1313991961 0
1313992021 0
1313992081 0
1313992141 0
1313992201 0
1313992261 0
1313992321 0
1313992381 0
1313992441 0
1313992501 1
1313992561 1
1313992621 1
1313992681 1
1313992741 2
1313992801 2
1313992861 2
1313992921 2
1313992981 2
1313993041 2
1313993101 2
1313993161 2
1313993221 2
1313993281 2
1313993341 2
1313993401 2
1313993461 2
1313993521 3
1313993581 3
1313993641 3
1313993701 3
1313993761 3
1313993821 3
1313993881 1
1313993941 1
1313994001 2
1313994061 2
1313994121 2
1313994181 2
1313994241 2
1313994301 2
1313994361 2
1313994421 0
1313994481 0
1313994541 0
1313994601 0
1313994661 0
1313994721 0
1313994781 0
1313994841 0
1313994901 0
1313994961 0
1313995021 0
1313995081 0
1313995141 0
1313995201 1
1313995261 1
1313995321 1
1313995381 1
1313995441 1
1313995501 1
1313995561 1
1313995621 0
1313995681 0
1313995741 0
1313995801 0
1313995861 0
1313995921 0
1313995981 0
1313996041 0
1313996101 2
1313996161 2
1313996221 2
1313996281 2
1313996341 2
1313996401 2
1313996461 2
1313996521 2
1313996581 2
1313996641 2
1313996701 2
1313996761 2
1313996821 2
1313996881 2
1313996941 2
1313997001 2
1313997061 2
1313997121 2
1313997181 2
1313997241 2
1313997301 2
1313997361 2
1313997421 2
1313997481 2
1313997541 2
1313997601 2
1313997661 2
1313997721 2
1313997781 2
1313997841 2
1313997901 2
1313997961 2
1313998021 2
1313998081 2
1313998141 2
1313998201 2
1313998261 2
1313998321 2
1313998381 2
1313998441 2
1313998501 2
1313998561 2
1313998621 2
1313998681 2
1313998741 2
1313998801 2
1313998861 2
1313998921 2
1313998981 2
1313999041 2
1313999101 2
1313999161 2
1313999221 2
1313999281 2
1313999341 2
1313999401 2
1313999461 2
1313999521 2
1313999581 2
1313999641 3
1313999701 4
1313999761 4
1313999821 4
1313999881 4
1313999941 4
1314000001 4
1314000061 4
1314000121 4
1314000181 4
1314000241 4
1314000301 4
1314000361 4
1314000421 0
1314000481 0
1314000541 1
1314000601 1
1314000661 1
1314000721 1
1314000781 1
1314000841 1
1314000901 1
1314000961 1
1314001021 1
1314001081 1
1314001141 1
1314001201 1
1314001261 1
1314001321 1
1314001381 1
1314001441 1
1314001501 1
1314001561 1
1314001621 1
1314001681 1
1314001741 1
1314001801 1
1314001861 1
1314001921 1
1314001981 1
1314002041 1
1314002101 1
1314002161 1
1314002221 1
1314002281 1
1314002341 1
1314002401 1
1314002461 1
1314002521 1
1314002581 1
1314002641 1
1314002701 1
1314002761 1
1314002821 1
1314002881 1
1314002941 1
1314003001 1
1314003061 1
1314003121 1
1314003181 1
1314003241 1
1314003301 1
1314003361 1
1314003421 1
1314003481 1
1314003541 1
1314003601 1
1314003661 1
1314003721 1
1314003782 1
1314003841 1
1314003901 0
1314003961 1
1314004021 1
1314004081 1
1314004141 1
1314004201 1
1314004261 1
1314004321 1
1314004381 1
1314004441 1
1314004501 1
1314004561 1
1314004621 1
1314004681 0
1314004741 0
1314004801 0
1314004861 0
1314004921 0
1314004981 0
1314005041 0
1314005101 1
1314005161 1
1314005221 1
1314005281 1
1314005341 1
1314005401 2
1314005461 2
1314005521 2
1314005581 2
1314005641 2
1314005701 2
1314005761 2
1314005821 2
1314005882 2
1314005941 2
1314006001 2
1314006061 2
1314006121 2
1314006181 2
1314006241 2
1314006301 2
1314006361 2
1314006421 2
1314006481 2
1314006541 2
1314006601 2
1314006661 2
1314006721 2
1314006781 2
1314006841 2
1314006901 2
1314006961 2
1314007021 2
1314007081 2
1314007141 0
1314007201 0
1314007261 0
1314007321 0
1314007381 0
1314007441 0
1314007501 0
1314007561 0
1314007621 0
1314007681 0
1314007741 0
1314007801 0
1314007861 0
1314007921 0
1314007981 0
1314008041 0
1314008101 0
1314008161 0
1314008221 0
1314008281 0
1314008341 0
1314008401 0
1314008461 0
1314008521 0
1314008581 0
1314008641 0
1314008701 0
1314008761 0
1314008821 0
1314008881 0
1314008941 0
1314009001 0
1314009061 0
1314009121 0
1314009181 0
1314009241 0
1314009301 0
1314009361 0
1314009421 0
1314009481 0
1314009541 0
1314009601 0
1314009661 0
1314009721 0
1314009781 0
1314009841 0
1314009901 1
1314009961 1
1314010021 2
1314010081 2
1314010141 2
1314010201 2
1314010261 2
1314010321 2
1314010381 2
1314010441 2
1314010501 2
1314010561 2
1314010621 2
1314010681 2
1314010741 2
1314010801 2
1314010861 2
1314010921 2
1314010981 2
1314011041 2
1314011101 2
1314011161 2
1314011221 2
1314011281 2
1314011341 2
1314011401 2
1314011461 2
1314011521 2
1314011581 2
1314011641 2
1314011701 2
1314011761 2
1314011821 2
1314011881 2
1314011941 2
1314012001 2
1314012061 2
1314012121 2
1314012181 2
1314012241 2
1314012301 2
1314012362 2
1314012421 2
1314012481 2
1314012541 2
1314012601 2
1314012661 2
1314012721 2
1314012781 2
1314012841 2
1314012901 2
1314012961 2
1314013021 2
1314013081 2
1314013141 2
1314013201 2
1314013261 2
1314013321 0
1314013381 1
1314013441 1
1314013501 1
1314013561 1
1314013621 1
1314013681 1
1314013741 1
1314013801 1
1314013861 0
1314013921 1
1314013981 1
1314014041 1
1314014101 1
1314014161 1
1314014221 1
1314014281 1
1314014341 1
1314014401 1
1314014461 1
1314014521 1
1314014581 1
1314014641 1
1314014701 1
1314014761 1
1314014821 1
1314014881 1
1314014941 1
1314015001 1
1314015061 1
1314015121 1
1314015181 1
1314015241 1
1314015301 1
1314015361 1
1314015421 1
1314015481 1
1314015541 1
1314015601 1
1314015661 1
1314015721 1
1314015781 1
1314015841 1
1314015901 1
1314015961 1
1314016021 1
1314016081 1
1314016141 1
1314016201 1
1314016261 0
1314016321 0
1314016381 0
1314016441 0
1314016501 0
1314016561 0
1314016621 0
1314016681 0
1314016741 0
1314016801 0
1314016861 0
1314016921 0
1314016981 0
1314017041 0
1314017101 0
1314017161 0
1314017221 0
1314017281 0
1314017341 0
1314017401 0
1314017461 0
1314017521 0
1314017581 0
1314017641 0
1314017701 0
1314017761 0
1314017821 0
1314017881 0
1314017941 0
1314018001 0
1314018061 0
1314018121 0
1314018181 0
1314018241 0
1314018301 0
1314018361 0
1314018421 0
1314018482 0
1314018541 0
1314018601 0
1314018661 0
1314018721 0
1314018781 0
1314018841 0
1314018901 0
1314018961 0
1314019021 0
1314019081 0
1314019141 0
1314019201 0
1314019261 0
1314019321 0
1314019381 0
1314019441 0
1314019501 0
1314019561 0
1314019621 0
1314019681 0
1314019742 0
1314019801 0
1314019861 0
1314019921 0
1314019981 0
1314020041 0
1314020101 0
1314020161 0
1314020221 0
1314020281 0
1314020341 0
1314020401 0
1314020461 0
1314020521 0
1314020581 0
1314020641 0
1314020701 0
1314020761 0
1314020821 0
1314020881 0
1314020941 0
1314021001 0
1314021061 0
1314021121 0
1314021181 0
1314021241 0
1314021301 0
1314021361 0
1314021421 0
1314021481 0
1314021541 0
1314021601 0
1314021661 0
1314021721 0
1314021781 0
1314021841 0
1314021901 0
1314021961 0
1314022021 0
1314022081 0
1314022141 0
1314022201 0
1314022261 0
1314022321 0
1314022381 0
1314022441 0
1314022501 0
1314022561 1
1314022621 1
1314022681 1
1314022741 1
1314022801 1
1314022861 1
1314022921 1
1314022981 1
1314023041 1
1314023101 1
1314023161 0
1314023221 1
1314023281 1
1314023341 1
1314023401 1
1314023461 1
1314023521 1
1314023581 2
1314023641 2
1314023701 2
1314023761 2
1314023821 2
1314023881 2
1314023941 2
1314024001 2
1314024061 2
1314024121 2
1314024181 2
1314024241 2
1314024301 0
1314024361 0
1314024421 0
1314024481 0
1314024541 1
1314024601 1
1314024661 1
1314024722 1
1314024781 1
1314024841 1
1314024901 1
1314024961 1
1314025021 1
1314025081 1
1314025141 1
1314025201 1
1314025261 1
1314025321 1
1314025381 1
1314025441 1
1314025501 1
1314025561 1
1314025621 1
1314025681 1
1314025741 1
1314025801 0
1314025861 0
1314025921 0
1314025981 0
1314026041 0
1314026102 0
1314026162 0
1314026221 0
1314026281 0
1314026341 0
1314026401 0
1314026461 0
1314026521 0
1314026581 0
1314026641 0
1314026701 0
1314026761 0
1314026821 0
1314026881 0
1314026941 0
1314027001 0
1314027061 0
1314027121 0
1314027181 0
1314027241 0
1314027301 0
1314027361 0
1314027421 0
1314027481 1
1314027541 1
1314027601 1
1314027661 1
1314027721 1
1314027781 1
1314027841 1
1314027901 1
1314027962 1
1314028021 1
1314028081 1
1314028141 1
1314028201 1
1314028261 1
1314028321 1
1314028381 1
1314028441 1
1314028501 1
1314028561 1
1314028621 1
1314028681 1
1314028741 1
1314028801 1
