1310659261 5
1310659321 5
1310659381 5
1310659441 5
1310659501 5
1310659562 5
1310659621 3
1310659681 3
1310659741 4
1310659801 4
1310659861 4
1310659921 4
1310659981 4
1310660041 4
1310660101 4
1310660161 3
1310660221 3
1310660281 3
1310660341 3
1310660401 4
1310660461 4
1310660521 4
1310660581 5
1310660641 5
1310660701 5
1310660762 5
1310660821 5
1310660881 5
1310660941 5
1310661001 5
1310661061 3
1310661121 3
1310661181 3
1310661241 3
1310661301 3
1310661361 3
1310661421 3
1310661481 3
1310661541 3
1310661601 3
1310661661 3
1310661721 3
1310661781 3
1310661841 3
1310661901 3
1310661961 3
1310662021 3
1310662081 3
1310662141 3
1310662201 4
1310662261 4
1310662321 4
1310662381 4
1310662441 4
1310662501 4
1310662561 4
1310662621 4
1310662681 4
1310662741 3
1310662801 3
1310662861 3
1310662921 3
1310662981 3
1310663041 3
1310663101 3
1310663161 3
1310663221 3
1310663281 3
1310663341 3
1310663401 3
1310663461 3
1310663521 3
1310663581 3
1310663641 3
1310663701 3
1310663761 3
1310663821 2
1310663881 2
1310663941 3
1310664001 3
1310664061 3
1310664121 3
1310664181 3
1310664241 3
1310664301 3
1310664361 3
1310664421 3
1310664481 3
1310664541 3
1310664601 3
1310664661 3
1310664721 3
1310664781 3
1310664841 3
1310664901 3
1310664961 3
1310665021 3
1310665081 3
1310665141 3
1310665201 3
1310665261 3
1310665321 3
1310665381 2
1310665441 2
1310665501 2
1310665561 2
1310665621 2
1310665681 2
1310665741 2
1310665801 2
1310665861 2
1310665921 2
1310665981 2
1310666041 2
1310666101 2
1310666161 2
1310666221 2
1310666281 2
1310666341 2
1310666401 2
1310666461 2
1310666521 2
1310666581 2
1310666641 2
1310666701 2
1310666761 2
1310666821 2
1310666881 2
1310666941 2
1310667001 2
1310667061 2
1310667121 2
1310667181 2
1310667241 2
1310667301 2
1310667361 2
1310667421 2
1310667481 2
1310667541 2
1310667601 2
1310667661 2
1310667721 2
1310667781 2
1310667841 2
1310667901 2
1310667961 2
1310668021 2
1310668081 2
1310668141 2
1310668201 2
1310668261 2
1310668321 2
1310668381 2
1310668441 2
1310668501 2
1310668561 2
1310668621 2
1310668681 2
1310668741 2
1310668801 2
1310668861 2
1310668921 2
1310668981 2
1310669041 2
1310669101 2
1310669161 2
1310669221 2
1310669281 2
1310669341 2
1310669401 2
1310669461 2
1310669521 2
1310669581 2
1310669641 2
1310669701 2
1310669761 2
1310669821 2
1310669882 2
1310669941 2
1310670001 2
1310670061 2
1310670121 2
1310670181 3
1310670241 3
1310670301 3
1310670361 3
1310670421 3
1310670481 3
1310670541 3
1310670601 3
1310670661 3
1310670721 3
1310670781 3
1310670841 3
1310670901 3
1310670961 3
1310671021 3
1310671081 3
1310671141 3
1310671201 3
1310671261 3
1310671321 3
1310671381 3
1310671441 3
1310671501 3
1310671561 3
1310671621 3
1310671681 3
1310671741 3
1310671801 3
1310671861 3
1310671921 3
1310671981 3
1310672041 3
1310672101 3
1310672161 3
1310672221 3
1310672281 3
1310672341 3
1310672401 3
1310672461 3
1310672521 3
1310672581 3
1310672641 3
1310672701 3
1310672761 3
1310672821 3
1310672881 3
1310672941 3
1310673001 3
1310673061 3
1310673121 3
1310673181 3
1310673241 3
1310673301 3
1310673361 3
1310673421 3
1310673481 3
1310673541 3
1310673601 3
1310673661 3
1310673721 3
1310673781 3
1310673841 3
1310673901 3
1310673961 3
1310674021 3
1310674081 3
1310674141 3
1310674201 3
1310674261 3
1310674321 3
1310674381 3
1310674441 3
1310674501 3
1310674561 3
1310674621 3
1310674681 3
1310674741 3
1310674801 3
1310674861 3
1310674922 3
1310674981 3
1310675041 3
1310675101 3
1310675161 3
1310675221 3
1310675281 3
1310675342 3
1310675401 3
1310675461 3
1310675521 3
1310675581 3
1310675641 3
1310675701 3
1310675761 3
1310675821 3
1310675881 3
1310675941 3
1310676001 3
1310676061 3
1310676121 3
1310676181 3
1310676241 3
1310676301 3
1310676361 3
1310676421 3
1310676481 3
1310676541 3
1310676601 3
1310676661 3
1310676721 3
1310676781 3
1310676841 3
1310676901 3
1310676961 3
1310677021 3
1310677081 3
1310677141 3
1310677201 3
1310677261 3
1310677321 3
1310677381 3
1310677441 3
1310677501 3
1310677561 3
1310677621 3
1310677681 3
1310677741 3
1310677801 3
1310677794 3
1310677801 3
1310677861 3
1310677921 3
1310677981 3
1310678041 3
1310678101 3
1310678161 3
1310678221 3
1310678281 3
1310678341 3
1310678401 3
1310678461 3
1310678521 3
1310678581 3
1310678641 3
1310678701 3
1310678761 3
1310678822 3
1310678882 3
1310678941 3
1310679001 3
1310679061 3
1310679121 3
1310679181 3
1310679241 3
1310679301 3
1310679361 3
1310679421 3
1310679481 3
1310679541 3
1310679601 3
1310679661 3
1310679721 3
1310679781 3
1310679841 3
1310679901 3
1310679961 3
1310680021 3
1310680081 3
1310680141 3
1310680201 3
1310680261 3
1310680321 3
1310680381 3
1310680441 3
1310680501 3
1310680561 3
1310680621 3
1310680681 3
1310680741 3
1310680801 3
1310680861 3
1310680921 3
1310680981 3
1310681041 3
1310681101 3
1310681161 3
1310681221 2
1310681281 2
1310681341 2
1310681401 2
1310681461 2
1310681521 2
1310681581 2
1310681641 2
1310681701 2
1310681761 2
1310681822 2
1310681881 2
1310681941 2
1310682001 2
1310682061 2
1310682121 2
1310682181 2
1310682241 2
1310682301 2
1310682361 2
1310682421 2
1310682481 2
1310682541 2
1310682601 2
1310682661 2
1310682721 2
1310682781 2
1310682841 2
1310682901 2
1310682961 2
1310683021 2
1310683081 2
1310683141 2
1310683201 2
1310683261 2
1310683321 2
1310683381 2
1310683441 2
1310683501 2
1310683561 2
1310683621 2
1310683681 2
1310683741 2
1310683801 2
1310683861 2
1310683921 2
1310683981 2
1310684041 2
1310684101 2
1310684161 2
1310684221 2
1310684282 2
1310684341 2
1310684401 2
1310684461 2
1310684521 2
1310684581 2
1310684641 2
1310684701 2
1310684761 2
1310684821 2
1310684881 2
1310684941 2
1310685001 2
1310685061 2
1310685121 2
1310685181 2
1310685241 2
1310685301 2
1310685361 2
1310685421 2
1310685481 2
1310685541 2
1310685601 2
1310685661 2
1310685721 2
1310685781 2
1310685841 2
1310685901 2
1310685961 2
1310686022 2
1310686081 2
1310686141 2
1310686201 3
1310686261 3
1310686321 3
1310686381 3
1310686441 3
1310686501 3
1310686561 3
1310686621 3
1310686681 3
1310686741 3
1310686801 3
1310686861 3
1310686921 3
1310686981 3
1310687041 3
1310687101 2
1310687161 2
1310687221 2
1310687281 2
1310687341 2
1310687401 2
1310687461 2
1310687521 2
1310687581 2
1310687641 2
1310687701 2
1310687761 2
1310687821 2
1310687881 2
1310687941 2
1310688001 2
1310688061 2
1310688121 2
1310688181 2
1310688241 2
1310688301 2
1310688361 2
1310688421 2
1310688481 2
1310688541 2
1310688601 2
1310688661 2
1310688721 2
1310688781 2
1310688841 2
1310688901 2
1310688961 2
1310689021 2
1310689081 2
1310689141 2
1310689201 2
1310689261 2
1310689321 3
1310689381 3
1310689441 3
1310689501 3
1310689561 3
1310689621 3
1310689681 3
1310689741 3
1310689801 3
1310689861 3
1310689921 3
1310689981 3
1310690041 3
1310690102 3
1310690161 3
1310690221 3
1310690281 2
1310690341 2
1310690401 2
1310690461 2
1310690521 2
1310690581 2
1310690641 2
1310690701 2
1310690761 2
1310690821 2
1310690881 2
1310690941 2
1310691001 2
1310691061 2
1310691121 2
1310691181 2
1310691241 2
1310691301 2
1310691361 2
1310691421 2
1310691481 2
1310691541 2
1310691601 2
1310691661 2
1310691722 2
1310691781 3
1310691841 3
1310691901 3
1310691961 3
1310692021 3
1310692081 3
1310692141 3
1310692201 3
1310692261 3
1310692321 2
1310692381 2
1310692441 3
1310692501 3
1310692561 3
1310692621 3
1310692681 3
1310692741 3
1310692801 3
1310692861 3
1310692921 3
1310692981 3
1310693041 3
1310693101 3
1310693161 3
1310693221 2
1310693281 2
1310693341 2
1310693401 2
1310693461 2
1310693521 2
1310693581 2
1310693641 2
1310693701 2
1310693761 3
1310693821 3
1310693881 3
1310693941 3
1310694001 3
1310694061 3
1310694121 4
1310694181 4
1310694241 4
1310694301 4
1310694361 5
1310694421 5
1310694481 5
1310694541 5
1310694601 5
1310694661 5
1310694721 5
1310694781 5
1310694841 5
1310694901 5
1310694961 5
1310695021 5
1310695081 4
1310695141 4
1310695201 4
1310695262 4
1310695321 4
1310695381 4
1310695441 4
1310695501 4
1310695561 4
1310695621 4
1310695681 4
1310695741 4
1310695801 4
1310695861 4
1310695921 4
1310695981 4
1310696041 4
1310696101 4
1310696161 4
1310696221 4
1310696281 4
1310696341 4
1310696401 4
1310696461 4
1310696521 4
1310696581 4
1310696641 3
1310696701 3
1310696761 3
1310696821 3
1310696881 3
1310696941 3
1310697001 3
1310697061 3
1310697121 3
1310697181 3
1310697241 3
1310697301 3
1310697361 3
1310697421 3
1310697481 4
1310697541 4
1310697601 4
1310697661 4
1310697721 4
1310697781 4
1310697841 5
1310697901 5
1310697961 5
1310698021 5
1310698081 5
1310698141 5
1310698201 5
1310698261 5
1310698321 5
1310698381 5
1310698441 5
1310698502 4
1310698561 4
1310698621 4
1310698681 4
1310698741 4
1310698801 4
1310698861 4
1310698921 4
1310698981 4
1310699041 6
1310699101 7
1310699161 7
1310699221 7
1310699281 7
1310699341 7
1310699401 7
1310699461 7
1310699521 4
1310699581 5
1310699641 5
1310699701 5
1310699761 5
1310699821 5
1310699881 5
1310699941 5
1310700001 6
1310700061 6
1310700121 7
1310700181 7
1310700241 7
1310700301 7
1310700361 7
1310700421 7
1310700481 7
1310700541 7
1310700601 6
1310700661 6
1310700721 6
1310700781 6
1310700841 6
1310700901 7
1310700961 8
1310701021 8
1310701081 8
1310701141 8
1310701201 8
1310701261 9
1310701321 9
1310701381 9
1310701441 10
1310701501 10
1310701561 10
1310701621 10
1310701681 10
1310701741 8
1310701801 8
1310701861 8
1310701921 8
1310701981 8
1310702041 6
1310702101 7
1310702161 7
1310702221 8
1310702281 8
1310702341 9
1310702401 9
1310702461 9
1310702522 9
1310702581 9
1310702641 9
1310702701 9
1310702761 9
1310702821 9
1310702881 7
1310702941 7
1310703001 8
1310703061 8
1310703121 8
1310703181 8
1310703241 8
1310703301 8
1310703361 8
1310703421 8
1310703481 8
1310703541 6
1310703601 6
1310703661 6
1310703721 6
1310703781 6
1310703841 6
1310703901 6
1310703961 6
1310704021 6
1310704081 6
1310704141 6
1310704201 6
1310704261 6
1310704321 8
1310704381 8
1310704441 8
1310704501 8
1310704561 8
1310704621 8
1310704681 7
1310704741 7
1310704801 7
1310704861 5
1310704921 5
1310704981 8
1310705041 8
1310705101 9
1310705162 9
1310705221 9
1310705281 9
1310705341 9
1310705401 9
1310705461 6
1310705521 6
1310705581 6
1310705641 6
1310705701 6
1310705761 6
1310705821 6
1310705881 6
1310705941 6
1310706001 6
1310706061 6
1310706121 6
1310706181 6
1310706241 6
1310706301 6
1310706361 6
1310706421 5
1310706481 5
1310706541 6
1310706601 6
1310706661 6
1310706721 6
1310706781 6
1310706841 6
1310706901 5
1310706961 6
1310707021 6
1310707082 6
1310707141 6
1310707201 6
1310707261 6
1310707321 6
1310707381 6
1310707441 6
1310707501 6
1310707561 3
1310707621 5
1310707681 5
1310707741 5
1310707801 5
1310707861 5
1310707921 5
1310707981 5
1310708041 5
1310708101 3
1310708161 7
1310708221 7
1310708281 7
1310708341 7
1310708401 7
1310708461 8
1310708521 8
1310708581 8
1310708641 8
1310708701 8
1310708761 8
1310708821 8
1310708881 5
1310708941 5
1310709001 5
1310709061 5
1310709121 6
1310709181 6
1310709241 7
1310709301 7
1310709361 7
1310709421 7
1310709481 7
1310709541 7
1310709601 7
1310709661 7
1310709721 7
1310709781 7
1310709841 5
1310709901 5
1310709961 5
1310710021 5
1310710081 5
1310710141 4
1310710201 4
1310710261 4
1310710322 4
1310710381 5
1310710441 5
1310710501 5
1310710561 5
1310710621 5
1310710681 5
1310710741 5
1310710801 5
1310710861 5
1310710921 5
1310710981 5
1310711041 5
1310711101 6
1310711161 6
1310711221 6
1310711281 6
1310711341 6
1310711401 6
1310711461 6
1310711521 6
1310711581 6
1310711641 6
1310711701 5
1310711761 5
1310711821 4
1310711881 5
1310711941 6
1310712001 6
1310712061 6
1310712121 5
1310712181 5
1310712241 5
1310712301 5
1310712361 5
1310712421 5
1310712481 5
1310712541 3
1310712601 3
1310712661 4
1310712721 4
1310712781 4
1310712841 4
1310712901 5
1310712961 5
1310713021 4
1310713081 5
1310713142 5
1310713201 5
1310713261 5
1310713321 5
1310713381 5
1310713441 5
1310713501 5
1310713561 5
1310713621 5
1310713681 4
1310713741 5
1310713801 5
1310713861 5
1310713921 5
1310713981 5
1310714041 5
1310714101 5
1310714161 5
1310714221 5
1310714281 5
1310714341 5
1310714401 5
1310714461 4
1310714521 4
1310714581 4
1310714641 4
1310714701 4
1310714761 4
1310714821 4
1310714881 3
1310714941 3
1310715001 4
1310715061 5
1310715121 5
1310715181 5
1310715241 5
1310715301 5
1310715361 5
1310715421 5
1310715481 5
1310715541 5
1310715601 5
1310715661 5
1310715721 5
1310715781 5
1310715841 5
1310715901 5
1310715961 5
1310716021 5
1310716081 5
1310716141 5
1310716201 5
1310716261 5
1310716321 5
1310716381 5
1310716441 5
1310716501 4
1310716561 4
1310716621 4
1310716681 4
1310716741 4
1310716801 4
1310716861 4
1310716921 4
1310716981 4
1310717041 4
1310717101 4
1310717161 5
1310717221 6
1310717281 6
1310717341 6
1310717401 6
1310717461 6
1310717521 6
1310717581 6
1310717641 6
1310717702 6
1310717762 6
1310717821 6
1310717881 5
1310717941 6
1310718001 8
1310718061 8
1310718121 8
1310718181 8
1310718241 9
1310718301 10
1310718361 10
1310718421 10
1310718481 10
1310718541 10
1310718601 10
1310718661 10
1310718721 10
1310718781 10
1310718841 10
1310718901 10
1310718961 10
1310719021 10
1310719081 10
1310719141 10
1310719201 10
1310719261 10
1310719321 10
1310719382 4
1310719441 4
1310719501 4
1310719561 4
1310719621 4
1310719681 4
1310719741 4
1310719801 4
1310719861 4
1310719921 4
1310719981 4
1310720041 4
1310720101 4
1310720161 4
1310720221 4
1310720281 4
1310720341 4
1310720401 4
1310720461 4
1310720521 4
1310720581 4
1310720641 4
1310720701 4
1310720761 4
1310720821 4
1310720881 4
1310720941 4
1310721001 4
1310721062 4
1310721121 4
1310721181 4
1310721241 4
1310721301 4
1310721361 4
1310721421 4
1310721481 4
1310721541 4
1310721601 4
1310721661 4
1310721721 4
1310721781 4
1310721841 4
1310721901 4
1310721961 4
1310722021 4
1310722081 4
1310722141 4
1310722201 4
1310722261 4
1310722321 4
1310722381 4
1310722441 4
1310722501 4
1310722561 4
1310722621 4
1310722681 5
1310722741 5
1310722801 5
1310722861 5
1310722921 5
1310722981 5
1310723041 5
1310723101 5
1310723161 5
1310723221 5
1310723281 5
1310723341 3
1310723401 3
1310723461 3
1310723521 3
1310723581 3
1310723641 3
1310723701 4
1310723761 4
1310723821 4
1310723881 4
1310723941 4
1310724001 4
1310724061 4
1310724122 4
1310724181 4
1310724241 4
1310724301 4
1310724361 5
1310724421 5
1310724481 5
1310724541 5
1310724601 5
1310724661 5
1310724721 5
1310724781 3
1310724841 4
1310724901 4
1310724961 4
1310725021 4
1310725081 4
1310725141 4
1310725201 4
1310725261 4
1310725321 4
1310725381 4
1310725441 4
1310725501 4
1310725561 4
1310725621 4
1310725681 4
1310725741 4
1310725801 4
1310725861 4
1310725921 4
1310725981 4
1310726041 4
1310726101 4
1310726161 4
1310726221 4
1310726281 4
1310726341 4
1310726401 5
1310726461 5
1310726521 5
1310726581 5
1310726641 5
1310726701 5
1310726761 5
1310726821 5
1310726881 5
1310726941 5
1310727001 5
1310727061 5
1310727121 5
1310727181 5
1310727241 5
1310727301 5
1310727361 5
1310727421 5
1310727481 5
1310727541 5
1310727601 5
1310727661 5
1310727722 5
1310727781 5
1310727841 5
1310727901 5
1310727961 5
1310728021 5
1310728081 5
1310728141 5
1310728201 3
1310728261 3
1310728321 3
1310728381 4
1310728441 4
1310728501 5
1310728561 5
1310728621 5
1310728681 5
1310728741 5
1310728801 5
1310728861 5
1310728921 4
1310728981 5
1310729041 5
1310729101 5
1310729161 5
1310729221 5
1310729281 6
1310729341 6
1310729401 6
1310729461 6
1310729521 6
1310729581 6
1310729641 6
1310729701 6
1310729761 6
1310729821 5
1310729881 5
1310729941 5
1310730001 5
1310730061 5
1310730121 5
1310730181 5
1310730241 5
1310730301 5
1310730361 5
1310730421 5
1310730481 5
1310730541 5
1310730601 5
1310730661 5
1310730721 6
1310730781 6
1310730841 6
1310730901 6
1310730961 6
1310731021 6
1310731081 6
1310731141 6
1310731201 6
1310731261 6
1310731321 6
1310731381 6
1310731441 6
1310731501 4
1310731561 5
1310731621 5
1310731681 5
1310731741 5
1310731801 5
1310731861 5
1310731921 5
1310731981 6
1310732041 6
1310732101 6
1310732161 6
1310732221 6
1310732281 6
1310732341 6
1310732401 6
1310732461 7
1310732521 7
1310732581 7
1310732641 7
1310732701 7
1310732761 8
1310732821 8
1310732881 8
1310732941 10
1310733001 10
1310733061 10
1310733121 10
1310733181 9
1310733241 10
1310733301 10
1310733361 10
1310733421 10
1310733481 10
1310733541 10
1310733601 10
1310733661 10
1310733721 10
1310733781 10
1310733841 10
1310733901 10
1310733961 10
1310734021 10
1310734081 10
1310734141 10
1310734201 10
1310734261 10
1310734321 10
1310734381 5
1310734441 6
1310734501 7
1310734561 7
1310734621 7
1310734681 7
1310734741 7
1310734801 8
1310734862 8
1310734921 8
1310734981 8
1310735041 8
1310735101 8
1310735161 8
1310735221 8
1310735281 7
1310735341 8
1310735401 8
1310735461 8
1310735521 8
1310735581 8
1310735642 8
1310735702 8
1310735761 7
1310735821 7
1310735881 7
1310735941 7
1310736001 7
1310736061 7
1310736121 7
1310736181 7
1310736241 7
1310736301 7
1310736361 7
1310736421 7
1310736481 7
1310736541 8
1310736601 8
1310736661 8
1310736721 8
1310736781 8
1310736841 8
1310736901 8
1310736961 8
1310737021 8
1310737081 8
1310737141 8
1310737201 8
1310737261 8
1310737321 8
1310737381 8
1310737441 8
1310737501 8
1310737561 8
1310737621 8
1310737681 8
1310737741 8
1310737801 5
1310737861 5
1310737921 6
1310737981 6
1310738041 7
1310738101 7
1310738161 7
1310738221 7
1310738281 7
1310738341 7
1310738401 7
1310738461 7
1310738521 7
1310738581 7
1310738641 5
1310738701 5
1310738761 6
1310738821 6
1310738881 6
1310738941 6
1310739001 7
1310739061 7
1310739121 7
1310739181 7
1310739241 6
1310739301 8
1310739361 8
1310739421 8
1310739481 8
1310739541 8
1310739601 8
1310739661 8
1310739721 6
1310739781 6
1310739841 7
1310739901 5
1310739961 5
1310740021 5
1310740081 5
1310740141 5
1310740201 5
1310740261 6
1310740321 6
1310740381 6
1310740441 6
1310740501 6
1310740561 6
1310740621 6
1310740681 6
1310740741 5
1310740801 6
1310740861 6
1310740921 7
1310740981 7
1310741041 7
1310741101 7
1310741161 7
1310741221 7
1310741281 5
1310741341 5
1310741401 5
1310741461 5
1310741521 5
1310741581 5
1310741641 5
1310741701 5
1310741761 5
1310741821 5
1310741881 5
1310741941 5
1310742001 5
1310742061 6
1310742121 6
1310742181 6
1310742241 6
1310742301 7
1310742361 7
1310742421 7
1310742481 7
1310742541 7
1310742601 7
1310742661 7
1310742721 7
1310742781 6
1310742841 6
1310742901 6
1310742961 6
1310743021 6
1310743081 6
1310743141 6
1310743201 6
1310743261 6
1310743322 6
1310743382 6
1310743441 6
1310743501 6
1310743561 6
1310743621 6
1310743681 6
1310743741 5
1310743801 5
1310743861 5
1310743921 5
1310743981 5
1310744041 5
1310744101 5
1310744161 5
1310744221 5
1310744281 5
1310744341 6
1310744401 6
1310744462 6
1310744521 6
1310744581 6
1310744641 6
1310744701 6
1310744761 6
1310744821 6
1310744881 6
1310744941 6
1310745001 6
1310745061 6
1310745121 6
1310745181 5
1310745241 5
1310745301 5
1310745361 5
1310745421 5
1310745481 6
1310745541 6
1310745601 6
