1313510461 1
1313510521 1
1313510581 1
1313510641 1
1313510701 1
1313510761 1
1313510821 1
1313510881 1
1313510941 1
1313511001 1
1313511061 1
1313511121 1
1313511181 1
1313511242 1
1313511301 1
1313511361 1
1313511421 1
1313511481 1
1313511541 1
1313511601 1
1313511661 1
1313511721 1
1313511781 1
1313511841 1
1313511901 1
1313511961 1
1313512021 1
1313512081 1
1313512141 1
1313512201 1
1313512261 1
1313512321 1
1313512381 1
1313512441 1
1313512501 1
1313512561 1
1313512621 1
1313512681 1
1313512741 1
1313512801 0
1313512861 0
1313512921 0
1313512981 0
1313513041 0
1313513101 0
1313513161 0
1313513221 0
1313513281 0
1313513341 0
1313513401 0
1313513461 0
1313513521 0
1313513581 1
1313513641 1
1313513701 1
1313513761 1
1313513821 1
1313513881 1
1313513941 1
1313514001 1
1313514061 1
1313514121 1
1313514181 1
1313514241 1
1313514301 1
1313514361 1
1313514421 1
1313514481 1
1313514541 1
1313514601 1
1313514661 1
1313514721 1
1313514781 1
1313514841 1
1313514901 1
1313514961 0
1313515021 0
1313515081 0
1313515141 0
1313515201 0
1313515261 0
1313515321 0
1313515381 0
1313515441 0
1313515501 0
1313515561 0
1313515621 0
1313515681 0
1313515741 0
1313515801 0
1313515861 0
1313515921 0
1313515981 0
1313516041 0
1313516101 0
1313516161 0
1313516221 0
1313516281 0
1313516341 0
1313516401 0
1313516461 0
1313516521 0
1313516581 0
1313516641 0
1313516701 0
1313516761 0
1313516821 0
1313516881 0
1313516941 0
1313517001 0
1313517061 0
1313517121 0
1313517181 0
1313517241 0
1313517301 0
1313517361 0
1313517422 0
1313517481 0
1313517541 0
1313517601 0
1313517661 0
1313517721 0
1313517781 0
1313517841 0
1313517901 0
1313517961 0
1313518021 0
1313518081 0
1313518141 0
1313518201 0
1313518261 0
1313518321 0
1313518381 0
1313518441 0
1313518501 0
1313518561 0
1313518621 0
1313518681 0
1313518741 0
1313518801 0
1313518861 0
1313518921 0
1313518981 0
1313519041 0
1313519101 0
1313519161 0
1313519221 0
1313519281 0
1313519341 0
1313519401 0
1313519461 0
1313519521 0
1313519582 0
1313519641 0
1313519701 0
1313519761 0
1313519821 0
1313519881 0
1313519941 0
1313520001 0
1313520061 0
1313520121 0
1313520181 0
1313520241 0
1313520301 0
1313520361 0
1313520421 0
1313520481 0
1313520541 0
1313520601 0
1313520661 0
1313520721 0
1313520781 1
1313520841 1
1313520901 1
1313520961 1
1313521021 1
1313521081 1
1313521141 1
1313521201 1
1313521261 1
1313521321 1
1313521381 1
1313521441 1
1313521501 1
1313521561 1
1313521621 1
1313521681 1
1313521741 1
1313521801 1
1313521861 1
1313521921 1
1313521981 1
1313522041 1
1313522101 1
1313522161 1
1313522221 1
1313522281 1
1313522341 1
1313522401 1
1313522461 1
1313522521 1
1313522581 1
1313522642 1
1313522701 1
1313522761 1
1313522821 1
1313522881 1
1313522941 1
1313523002 1
1313523061 1
1313523121 1
1313523181 1
1313523241 1
1313523301 1
1313523361 1
1313523421 1
1313523481 1
1313523541 1
1313523601 1
1313523661 1
1313523721 0
1313523781 0
1313523841 0
1313523901 0
1313523961 0
1313524021 0
1313524081 0
1313524141 0
1313524201 0
1313524261 0
1313524321 0
1313524381 0
1313524441 0
1313524501 0
1313524561 0
1313524621 0
1313524681 0
1313524741 0
1313524801 0
1313524861 0
1313524921 0
1313524981 0
1313525041 0
1313525101 0
1313525162 0
1313525221 0
1313525281 0
1313525341 0
1313525401 0
1313525462 0
1313525521 0
1313525582 0
1313525641 0
1313525701 0
1313525761 0
1313525821 0
1313525881 0
1313525941 0
1313526001 0
1313526061 0
1313526122 0
1313526181 0
1313526241 0
1313526310 0
1313526361 0
1313526421 0
1313526481 0
1313526542 0
1313526601 0
1313526661 0
1313526721 0
1313526781 0
1313526841 0
1313526901 0
1313526961 0
1313527021 0
1313527081 0
1313527141 0
1313527201 0
1313527261 0
1313527321 0
1313527381 0
1313527441 0
1313527501 0
1313527561 0
1313527621 0
1313527681 0
1313527741 0
1313527801 0
1313527861 0
1313527921 0
1313527981 0
1313528041 0
1313528101 0
1313528161 0
1313528221 0
1313528281 0
1313528341 0
1313528401 0
1313528461 0
1313528521 0
1313528581 0
1313528641 0
1313528701 0
1313528762 0
1313528821 0
1313528881 0
1313528941 0
1313529001 0
1313528994 0
1313529001 0
1313529061 0
1313529121 0
1313529181 0
1313529241 0
1313529301 0
1313529361 0
1313529421 0
1313529481 0
1313529541 0
1313529601 0
1313529661 0
1313529721 0
1313529781 0
1313529841 0
1313529901 0
1313529962 0
1313530021 0
1313530081 0
1313530141 0
1313530201 0
1313530261 0
1313530321 0
1313530381 0
1313530441 0
1313530501 0
1313530561 0
1313530621 0
1313530681 0
1313530741 0
1313530801 0
1313530861 0
1313530921 0
1313530981 0
1313531041 0
1313531101 0
1313531161 0
1313531221 0
1313531281 0
1313531341 0
1313531401 0
1313531461 0
1313531521 0
1313531582 0
1313531641 0
1313531701 0
1313531761 0
1313531821 0
1313531881 0
1313531941 0
1313532001 0
1313532061 0
1313532121 0
1313532181 0
1313532241 0
1313532301 0
1313532361 0
1313532421 0
1313532481 0
1313532541 0
1313532601 0
1313532662 0
1313532721 0
1313532781 0
1313532841 0
1313532901 0
1313532961 0
1313533021 0
1313533081 0
1313533141 0
1313533201 0
1313533261 0
1313533321 0
1313533381 0
1313533441 0
1313533501 0
1313533561 0
1313533621 0
1313533681 0
1313533741 0
1313533801 0
1313533861 0
1313533921 0
1313533981 0
1313534041 0
1313534101 0
1313534161 0
1313534221 0
1313534281 0
1313534342 0
1313534401 0
1313534461 0
1313534521 0
1313534581 0
1313534641 0
1313534701 0
1313534761 0
1313534821 0
1313534881 0
1313534941 0
1313535001 0
1313535061 0
1313535121 0
1313535181 0
1313535241 0
1313535301 0
1313535361 0
1313535421 0
1313535481 0
1313535541 0
1313535601 0
1313535661 0
1313535721 0
1313535781 0
1313535841 0
1313535901 0
1313535961 0
1313536021 0
1313536081 0
1313536141 0
1313536201 0
1313536262 0
1313536321 0
1313536381 0
1313536441 0
1313536501 0
1313536561 0
1313536621 0
1313536681 0
1313536741 0
1313536801 0
1313536861 0
1313536921 0
1313536981 0
1313537041 0
1313537101 0
1313537161 0
1313537221 0
1313537281 0
1313537341 0
1313537401 0
1313537461 0
1313537521 0
1313537581 0
1313537641 0
1313537701 0
1313537761 0
1313537821 0
1313537881 0
1313537941 0
1313538002 0
1313538061 0
1313538121 0
1313538181 0
1313538241 0
1313538301 0
1313538361 0
1313538421 0
1313538481 0
1313538541 0
1313538601 0
1313538661 0
1313538721 0
1313538781 0
1313538841 0
1313538901 0
1313538961 0
1313539021 0
1313539081 0
1313539141 0
1313539201 0
1313539261 0
1313539321 0
1313539381 0
1313539441 0
1313539501 0
1313539561 0
1313539621 0
1313539681 0
1313539741 0
1313539801 0
1313539861 0
1313539921 0
1313539981 0
1313540041 0
1313540101 0
1313540161 0
1313540221 0
1313540281 0
1313540341 0
1313540401 0
1313540461 0
1313540521 0
1313540581 0
1313540641 0
1313540701 0
1313540761 0
1313540821 0
1313540881 0
1313540941 0
1313541001 0
1313541061 0
1313541121 0
1313541181 0
1313541241 0
1313541301 0
1313541361 0
1313541421 0
1313541481 0
1313541541 0
1313541601 0
1313541661 0
1313541721 0
1313541781 0
1313541841 0
1313541901 0
1313541961 0
1313542021 0
1313542081 0
1313542141 0
1313542201 0
1313542261 0
1313542321 0
1313542381 0
1313542441 0
1313542502 0
1313542561 0
1313542621 0
1313542681 0
1313542741 0
1313542801 0
1313542861 0
1313542921 0
1313542981 0
1313543041 0
1313543101 0
1313543162 0
1313543221 0
1313543281 1
1313543341 1
1313543401 1
1313543461 1
1313543521 1
1313543581 1
1313543641 1
1313543701 1
1313543761 1
1313543821 1
1313543881 1
1313543941 1
1313544001 1
1313544061 1
1313544121 0
1313544181 0
1313544241 0
1313544301 0
1313544361 0
1313544421 0
1313544481 0
1313544541 0
1313544601 0
1313544661 0
1313544721 0
1313544781 0
1313544841 0
1313544901 0
1313544961 0
1313545021 0
1313545081 0
1313545141 0
1313545201 0
1313545261 0
1313545321 0
1313545381 0
1313545442 0
1313545501 0
1313545561 0
1313545621 0
1313545681 0
1313545741 0
1313545801 0
1313545861 0
1313545921 0
1313545981 0
1313546041 0
1313546101 0
1313546161 0
1313546221 0
1313546281 0
1313546341 0
1313546401 0
1313546461 0
1313546521 0
1313546581 0
1313546641 0
1313546702 0
1313546762 0
1313546821 0
1313546881 0
1313546941 0
1313547001 0
1313547061 0
1313547121 0
1313547181 0
1313547241 1
1313547301 1
1313547361 1
1313547421 1
1313547481 1
1313547541 1
1313547601 1
1313547661 1
1313547721 1
1313547781 0
1313547841 1
1313547901 1
1313547961 1
1313548021 1
1313548081 1
1313548141 1
1313548201 1
1313548261 1
1313548321 1
1313548381 1
1313548441 1
1313548501 1
1313548561 1
1313548621 1
1313548681 1
1313548741 1
1313548801 1
1313548861 1
1313548921 1
1313548981 1
1313549041 1
1313549101 1
1313549161 1
1313549221 1
1313549281 1
1313549341 1
1313549401 1
1313549461 1
1313549521 1
1313549581 1
1313549641 1
1313549701 1
1313549761 1
1313549821 1
1313549881 1
1313549941 1
1313550001 1
1313550061 1
1313550121 1
1313550181 1
1313550241 1
1313550301 1
1313550361 1
1313550421 1
1313550481 1
1313550541 1
1313550601 1
1313550661 1
1313550721 1
1313550781 1
1313550841 1
1313550902 1
1313550961 1
1313551021 1
1313551081 1
1313551141 1
1313551201 1
1313551261 1
1313551321 1
1313551381 1
1313551441 1
1313551501 1
1313551561 0
1313551621 0
1313551681 0
1313551741 1
1313551801 1
1313551861 2
1313551921 2
1313551981 2
1313552041 2
1313552101 2
1313552161 2
1313552221 2
1313552281 1
1313552341 1
1313552401 2
1313552461 2
1313552521 2
1313552581 2
1313552641 2
1313552701 1
1313552761 1
1313552821 1
1313552881 1
1313552941 1
1313553001 1
1313553061 1
1313553121 1
1313553181 1
1313553241 1
1313553301 1
1313553361 1
1313553421 1
1313553481 0
1313553541 0
1313553602 0
1313553661 1
1313553721 1
1313553781 1
1313553841 1
1313553901 1
1313553961 2
1313554021 2
1313554081 2
1313554141 2
1313554201 2
1313554261 2
1313554321 2
1313554382 2
1313554441 2
1313554501 2
1313554561 2
1313554621 2
1313554681 2
1313554741 2
1313554801 2
1313554861 2
1313554921 2
1313554981 2
1313555041 2
1313555101 2
1313555161 2
1313555221 2
1313555281 2
1313555341 2
1313555401 2
1313555461 2
1313555521 2
1313555581 2
1313555641 2
1313555701 2
1313555761 2
1313555821 2
1313555881 2
1313555941 2
1313556001 2
1313556061 2
1313556121 2
1313556181 2
1313556241 2
1313556301 2
1313556361 2
1313556421 2
1313556481 2
1313556541 2
1313556601 2
1313556661 2
1313556722 2
1313556781 2
1313556841 2
1313556901 2
1313556961 2
1313557021 2
1313557081 2
1313557141 2
1313557201 1
1313557261 1
1313557321 1
1313557381 1
1313557441 1
1313557501 1
1313557561 1
1313557621 1
1313557681 1
1313557741 1
1313557801 1
1313557861 1
1313557921 1
1313557981 1
1313558041 1
1313558101 1
1313558161 1
1313558221 1
1313558281 1
1313558341 1
1313558401 1
1313558461 1
1313558521 1
1313558581 0
1313558641 0
1313558701 0
1313558761 0
1313558821 0
1313558881 0
1313558941 0
1313559001 1
1313559061 1
1313559121 1
1313559181 1
1313559241 1
1313559301 1
1313559361 1
1313559421 1
1313559481 1
1313559541 1
1313559601 1
1313559661 1
1313559721 1
1313559781 1
1313559841 1
1313559901 1
1313559961 1
1313560021 1
1313560081 1
1313560141 1
1313560201 1
1313560261 1
1313560321 1
1313560381 0
1313560441 0
1313560501 0
1313560561 0
1313560621 0
1313560681 0
1313560741 0
1313560801 0
1313560861 0
1313560921 0
1313560981 0
1313561041 0
1313561101 0
1313561161 0
1313561221 2
1313561281 2
1313561341 2
1313561401 2
1313561461 2
1313561521 2
1313561581 2
1313561641 2
1313561701 2
1313561761 2
1313561821 2
1313561881 2
1313561941 2
1313562001 2
1313562061 2
1313562121 2
1313562181 2
1313562241 2
1313562301 1
1313562361 1
1313562421 1
1313562481 1
1313562541 1
1313562602 1
1313562661 1
1313562721 1
1313562781 1
1313562841 1
1313562901 1
1313562961 1
1313563021 1
1313563081 1
1313563141 2
1313563201 2
1313563261 2
1313563321 2
1313563381 2
1313563441 2
1313563501 2
1313563561 2
1313563621 0
1313563681 0
1313563741 0
1313563801 0
1313563861 0
1313563921 0
1313563981 0
1313564041 0
1313564101 0
1313564161 0
1313564221 0
1313564281 0
1313564341 0
1313564401 0
1313564461 0
1313564521 0
1313564582 0
1313564641 0
1313564701 0
1313564761 0
1313564821 0
1313564881 0
1313564941 0
1313565001 0
1313565061 0
1313565121 0
1313565181 0
1313565241 0
1313565301 0
1313565361 0
1313565421 0
1313565481 0
1313565541 0
1313565601 0
1313565661 0
1313565721 1
1313565781 1
1313565841 1
1313565901 1
1313565961 1
1313566021 1
1313566081 1
1313566141 1
1313566201 1
1313566261 1
1313566321 1
1313566381 1
1313566441 1
1313566501 1
1313566561 1
1313566621 1
1313566681 1
1313566741 1
1313566801 1
1313566861 1
1313566921 1
1313566981 1
1313567041 1
1313567101 1
1313567161 1
1313567221 1
1313567281 1
1313567341 1
1313567401 1
1313567461 1
1313567521 1
1313567581 2
1313567641 2
1313567701 2
1313567761 2
1313567821 2
1313567881 2
1313567941 3
1313568001 3
1313568061 3
1313568121 3
1313568181 3
1313568241 3
1313568301 3
1313568361 3
1313568421 1
1313568481 0
1313568541 1
1313568601 1
1313568661 1
1313568721 1
1313568781 1
1313568841 1
1313568901 1
1313568961 1
1313569021 1
1313569081 1
1313569141 1
1313569201 1
1313569261 1
1313569321 1
1313569381 0
1313569441 0
1313569501 0
1313569561 0
1313569621 0
1313569681 0
1313569741 0
1313569801 0
1313569861 0
1313569921 0
1313569981 0
1313570041 0
1313570101 0
1313570161 0
1313570221 0
1313570281 0
1313570341 0
1313570401 0
1313570461 0
1313570521 0
1313570581 0
1313570641 0
1313570701 0
1313570762 0
1313570821 0
1313570881 0
1313570941 0
1313571001 0
1313571061 0
1313571121 0
1313571181 0
1313571241 0
1313571301 1
1313571361 1
1313571421 1
1313571481 2
1313571541 2
1313571601 2
1313571661 2
1313571721 2
1313571781 2
1313571841 2
1313571901 2
1313571961 2
1313572021 2
1313572081 2
1313572141 2
1313572201 2
1313572261 2
1313572321 2
1313572381 2
1313572441 0
1313572501 0
1313572561 0
1313572621 0
1313572681 0
1313572741 0
1313572801 0
1313572861 0
1313572921 0
1313572981 0
1313573041 0
1313573101 0
1313573161 0
1313573221 0
1313573281 0
1313573341 0
1313573401 0
1313573461 0
1313573521 0
1313573581 0
1313573641 0
1313573701 0
1313573761 0
1313573821 0
1313573881 0
1313573941 0
1313574001 0
1313574061 0
1313574121 0
1313574181 0
1313574241 0
1313574301 0
1313574361 0
1313574421 0
1313574481 0
1313574541 0
1313574601 0
1313574661 0
1313574721 0
1313574781 0
1313574841 0
1313574901 0
1313574961 0
1313575021 0
1313575081 0
1313575141 0
1313575201 0
1313575261 0
1313575321 0
1313575381 0
1313575441 0
1313575501 0
1313575561 0
1313575622 0
1313575682 0
1313575741 0
1313575801 0
1313575861 0
1313575921 0
1313575981 0
1313576041 0
1313576101 0
1313576161 0
1313576221 0
1313576281 0
1313576341 0
1313576401 0
1313576461 0
1313576521 1
1313576581 1
1313576641 1
1313576701 1
1313576761 1
1313576821 1
1313576881 1
1313576941 1
1313577001 1
1313577061 1
1313577121 1
1313577181 1
1313577241 1
1313577301 1
1313577361 0
1313577421 0
1313577481 0
1313577541 0
1313577601 1
1313577661 1
1313577721 1
1313577781 1
1313577841 1
1313577901 1
1313577961 1
1313578021 1
1313578081 1
1313578141 1
1313578201 1
1313578261 1
1313578321 1
1313578381 1
1313578441 1
1313578501 1
1313578561 1
1313578621 1
1313578681 1
1313578742 1
1313578801 1
1313578861 1
1313578921 1
1313578981 1
1313579041 1
1313579101 1
1313579161 1
1313579221 1
1313579281 1
1313579341 1
1313579401 1
1313579461 1
1313579521 1
1313579581 1
1313579641 1
1313579701 1
1313579761 1
1313579821 1
1313579881 1
1313579942 1
1313580001 0
1313580061 0
1313580121 0
1313580181 0
1313580241 0
1313580301 0
1313580361 0
1313580421 0
1313580481 0
1313580541 0
1313580601 0
1313580661 0
1313580721 0
1313580781 0
1313580841 0
1313580901 0
1313580961 0
1313581021 0
1313581081 0
1313581141 0
1313581201 0
1313581261 0
1313581321 0
1313581381 0
1313581442 0
1313581501 0
1313581561 0
1313581621 0
1313581681 0
1313581741 0
1313581801 0
1313581861 0
1313581921 0
1313581981 0
1313582041 0
1313582101 0
1313582161 0
1313582221 0
1313582281 0
1313582341 0
1313582401 0
1313582461 0
1313582521 0
1313582582 0
1313582641 0
1313582701 0
1313582761 0
1313582821 0
1313582881 0
1313582941 0
1313583001 0
1313583061 0
1313583121 0
1313583181 0
1313583241 0
1313583301 0
1313583361 0
1313583421 0
1313583481 0
1313583541 0
1313583601 1
1313583661 1
1313583721 1
1313583781 1
1313583841 1
1313583901 1
1313583961 1
1313584021 1
1313584081 0
1313584141 0
1313584201 1
1313584261 1
1313584321 1
1313584381 1
1313584441 1
1313584501 2
1313584561 2
1313584621 2
1313584681 2
1313584741 2
1313584801 2
1313584861 2
1313584921 0
1313584981 0
1313585041 0
1313585101 0
1313585161 2
1313585221 2
1313585281 2
1313585341 2
1313585401 2
1313585461 2
1313585521 2
1313585581 2
1313585641 2
1313585701 2
1313585761 2
1313585821 2
1313585881 2
1313585941 2
1313586001 0
1313586061 0
1313586121 0
1313586181 0
1313586241 0
1313586301 0
1313586361 0
1313586421 0
1313586481 0
1313586541 0
1313586601 0
1313586661 0
1313586721 1
1313586781 1
1313586841 1
1313586901 1
1313586961 1
1313587021 1
1313587081 1
1313587141 1
1313587201 1
1313587261 1
1313587321 1
1313587381 3
1313587441 4
1313587501 5
1313587561 5
1313587621 5
1313587681 5
1313587741 4
1313587801 4
1313587861 4
1313587921 1
1313587981 1
1313588041 1
1313588101 1
1313588161 2
1313588221 2
1313588281 2
1313588341 2
1313588401 3
1313588461 4
1313588521 4
1313588581 4
1313588641 4
1313588701 4
1313588761 4
1313588821 1
1313588881 2
1313588941 2
1313589001 2
1313589061 2
1313589121 2
1313589181 2
1313589241 2
1313589301 2
1313589362 2
1313589421 2
1313589481 2
1313589541 2
1313589601 2
1313589661 2
1313589721 2
1313589781 2
1313589841 2
1313589901 2
1313589961 2
1313590021 2
1313590081 2
1313590141 2
1313590201 2
1313590261 2
1313590321 2
1313590381 2
1313590441 2
1313590501 2
1313590561 2
1313590621 2
1313590681 1
1313590741 1
1313590801 1
1313590861 1
1313590922 1
1313590981 1
1313591041 1
1313591101 1
1313591161 1
1313591221 1
1313591281 1
1313591341 1
1313591401 1
1313591461 1
1313591521 1
1313591581 1
1313591641 1
1313591701 1
1313591761 1
1313591821 1
1313591881 0
1313591941 0
1313592001 0
1313592061 0
1313592121 0
1313592181 0
1313592241 0
1313592301 0
1313592361 0
1313592421 0
1313592481 0
1313592541 0
1313592601 0
1313592661 0
1313592721 0
1313592781 1
1313592841 1
1313592901 2
1313592961 2
1313593021 2
1313593081 2
1313593141 2
1313593201 2
1313593261 2
1313593321 2
1313593381 2
1313593441 2
1313593501 2
1313593561 2
1313593621 2
1313593681 2
1313593741 2
1313593801 2
1313593861 2
1313593921 2
1313593981 2
1313594041 2
1313594101 2
1313594161 2
1313594221 2
1313594281 2
1313594341 2
1313594401 2
1313594461 2
1313594521 2
1313594581 2
1313594641 2
1313594701 2
1313594761 2
1313594821 2
1313594881 2
1313594941 2
1313595001 2
1313595061 2
1313595121 2
1313595181 2
1313595241 2
1313595301 2
1313595361 2
1313595421 2
1313595481 2
1313595541 2
1313595601 2
1313595661 2
1313595721 2
1313595781 0
1313595841 1
1313595901 1
1313595961 1
1313596021 1
1313596081 1
1313596141 1
1313596201 1
1313596261 1
1313596321 1
1313596381 1
1313596441 1
1313596501 1
1313596561 1
1313596621 1
1313596681 1
1313596741 1
1313596801 1
