1315756861 5
1315756921 5
1315756981 6
1315757041 6
1315757101 6
1315757161 6
1315757221 6
1315757281 6
1315757341 6
1315757401 6
1315757461 6
1315757521 6
1315757581 6
1315757641 6
1315757701 6
1315757761 7
1315757821 7
1315757881 7
1315757941 8
1315758001 7
1315758061 7
1315758121 7
1315758181 9
1315758241 9
1315758301 10
1315758361 10
1315758421 10
1315758481 11
1315758541 11
1315758601 11
1315758661 11
1315758721 11
1315758781 11
1315758841 11
1315758901 11
1315758961 7
1315759021 7
1315759081 9
1315759141 9
1315759201 9
1315759261 9
1315759321 9
1315759381 11
1315759441 11
1315759501 12
1315759561 12
1315759621 12
1315759681 12
1315759741 12
1315759801 12
1315759861 12
1315759921 12
1315759981 8
1315760041 8
1315760101 9
1315760161 9
1315760221 10
1315760281 11
1315760341 13
1315760401 13
1315760461 12
1315760521 12
1315760581 12
1315760641 12
1315760701 10
1315760761 10
1315760821 10
1315760881 11
1315760941 11
1315761001 11
1315761061 11
1315761121 11
1315761181 5
1315761241 5
1315761302 5
1315761361 5
1315761421 5
1315761481 5
1315761541 5
1315761601 5
1315761661 5
1315761721 5
1315761781 5
1315761841 4
1315761901 4
1315761961 4
1315762021 4
1315762081 5
1315762141 5
1315762201 5
1315762261 5
1315762321 5
1315762381 6
1315762441 6
1315762501 6
1315762561 6
1315762621 6
1315762681 6
1315762741 6
1315762801 6
1315762861 6
1315762921 6
1315762981 6
1315763041 6
1315763101 6
1315763162 6
1315763221 6
1315763281 6
1315763341 6
1315763401 4
1315763461 4
1315763521 4
1315763581 5
1315763641 5
1315763701 7
1315763761 8
1315763821 8
1315763881 8
1315763941 8
1315764001 8
1315764061 8
1315764121 8
1315764181 8
1315764241 8
1315764301 9
1315764361 9
1315764421 9
1315764481 9
1315764541 9
1315764601 10
1315764662 10
1315764721 10
1315764782 10
1315764841 4
1315764901 5
1315764961 5
1315765021 5
1315765081 5
1315765141 5
1315765201 6
1315765261 6
1315765321 6
1315765381 4
1315765441 4
1315765501 5
1315765561 4
1315765621 4
1315765681 4
1315765741 4
1315765801 5
1315765861 5
1315765921 5
1315765981 5
1315766041 5
1315766101 5
1315766161 5
1315766221 5
1315766281 5
1315766341 5
1315766401 6
1315766461 6
1315766521 6
1315766581 6
1315766641 6
1315766701 7
1315766761 7
1315766821 7
1315766881 7
1315766941 7
1315767001 7
1315767061 7
1315767121 7
1315767181 7
1315767241 7
1315767301 7
1315767361 7
1315767421 7
1315767481 7
1315767541 7
1315767601 8
1315767661 8
1315767721 8
1315767781 5
1315767841 5
1315767901 6
1315767961 6
1315768021 6
1315768081 6
1315768141 5
1315768201 5
1315768261 5
1315768321 5
1315768381 5
1315768441 5
1315768501 5
1315768561 5
1315768621 5
1315768681 5
1315768741 5
1315768801 6
1315768861 6
1315768921 6
1315768981 6
1315769041 6
1315769101 7
1315769161 7
1315769221 7
1315769281 7
1315769341 7
1315769401 8
1315769461 8
1315769521 8
1315769581 8
1315769641 8
1315769701 8
1315769761 8
1315769821 8
1315769881 8
1315769941 8
1315770001 9
1315770061 9
1315770121 9
1315770181 4
1315770242 4
1315770301 5
1315770361 6
1315770421 6
1315770481 6
1315770541 6
1315770601 6
1315770661 6
1315770721 6
1315770781 6
1315770841 4
1315770901 4
1315770961 4
1315771021 4
1315771081 4
1315771141 4
1315771201 5
1315771261 5
1315771321 5
1315771381 5
1315771441 5
1315771501 6
1315771561 6
1315771621 6
1315771681 6
1315771741 6
1315771801 7
1315771861 7
1315771921 7
1315771981 7
1315772041 7
1315772101 8
1315772161 8
1315772221 8
1315772281 8
1315772341 8
1315772401 8
1315772466 8
1315772521 8
1315772581 8
1315772641 8
1315772701 9
1315772761 9
1315772821 9
1315772881 9
1315772941 9
1315773001 9
1315773066 9
1315773121 9
1315773181 9
1315773241 9
1315773301 9
1315773361 9
1315773422 9
1315773481 9
1315773541 9
1315773601 9
1315773661 9
1315773721 9
1315773781 9
1315773841 9
1315773901 9
1315773961 9
1315774021 9
1315774081 9
1315774141 9
1315774201 9
1315774261 9
1315774321 9
1315774381 9
1315774441 9
1315774501 9
1315774561 9
1315774621 9
1315774681 9
1315774741 9
1315774801 9
1315774861 9
1315774921 9
1315774981 9
1315775041 9
1315775101 9
1315775161 5
1315775221 5
1315775281 5
1315775341 5
1315775401 6
1315775394 6
1315775401 6
1315775461 6
1315775521 6
1315775581 6
1315775641 6
1315775701 7
1315775761 7
1315775821 7
1315775881 7
1315775942 7
1315776001 8
1315776061 6
1315776121 7
1315776181 7
1315776241 7
1315776301 8
1315776361 8
1315776421 8
1315776481 8
1315776541 8
1315776601 9
1315776661 9
1315776721 9
1315776781 9
1315776841 9
1315776901 9
1315776961 9
1315777021 9
1315777081 9
1315777141 9
1315777201 5
1315777261 5
1315777321 5
1315777381 5
1315777441 5
1315777501 6
1315777561 6
1315777621 6
1315777681 6
1315777741 6
1315777801 7
1315777861 7
1315777921 8
1315777981 8
1315778041 8
1315778101 8
1315778161 8
1315778221 8
1315778281 8
1315778341 8
1315778401 9
1315778461 9
1315778521 9
1315778581 9
1315778641 9
1315778702 9
1315778761 9
1315778821 9
1315778881 9
1315778941 9
1315779001 9
1315779061 9
1315779121 9
1315779181 9
1315779241 9
1315779301 9
1315779361 9
1315779421 9
1315779481 6
1315779541 6
1315779601 7
1315779661 7
1315779721 8
1315779781 8
1315779842 8
1315779901 8
1315779961 8
1315780021 7
1315780081 7
1315780141 7
1315780201 8
1315780261 8
1315780321 9
1315780381 9
1315780441 9
1315780501 10
1315780561 10
1315780621 10
1315780681 10
1315780741 10
1315780801 11
1315780861 11
1315780921 11
1315780981 11
1315781041 11
1315781101 12
1315781161 12
1315781221 12
1315781281 12
1315781341 12
1315781401 12
1315781461 12
1315781521 12
1315781581 12
1315781641 12
1315781701 12
1315781761 12
1315781821 12
1315781881 12
1315781941 5
1315782001 6
1315782061 6
1315782121 7
1315782181 7
1315782241 7
1315782301 8
1315782361 8
1315782421 8
1315782481 8
1315782541 8
1315782601 8
1315782661 8
1315782721 8
1315782781 8
1315782841 8
1315782901 8
1315782961 8
1315783021 9
1315783081 9
1315783141 9
1315783201 9
1315783262 9
1315783321 9
1315783381 9
1315783441 9
1315783501 9
1315783561 9
1315783621 9
1315783681 9
1315783741 9
1315783801 9
1315783861 9
1315783921 9
1315783981 9
1315784041 9
1315784101 10
1315784161 10
1315784221 10
1315784281 10
1315784341 10
1315784401 6
1315784461 6
1315784521 6
1315784581 6
1315784641 5
1315784701 6
1315784761 6
1315784821 7
1315784881 7
1315784941 7
1315785001 8
1315785061 6
1315785121 6
1315785181 6
1315785241 6
1315785301 7
1315785361 7
1315785421 6
1315785481 7
1315785541 7
1315785601 7
1315785661 6
1315785721 7
1315785781 7
1315785841 7
1315785901 7
1315785961 7
1315786021 7
1315786081 7
1315786141 7
1315786201 7
1315786262 7
1315786321 7
1315786381 7
1315786441 7
1315786501 7
1315786561 7
1315786621 11
1315786681 11
1315786741 11
1315786801 11
1315786861 11
1315786921 12
1315786981 12
1315787041 12
1315787101 13
1315787161 13
1315787221 13
1315787281 13
1315787341 7
1315787401 7
1315787461 7
1315787521 8
1315787581 9
1315787641 9
1315787701 9
1315787761 9
1315787821 7
1315787881 7
1315787941 7
1315788001 7
1315788061 7
1315788121 5
1315788181 6
1315788241 8
1315788301 8
1315788361 7
1315788421 9
1315788481 9
1315788541 8
1315788601 8
1315788661 8
1315788721 6
1315788781 6
1315788841 6
1315788901 6
1315788961 6
1315789021 8
1315789081 8
1315789141 8
1315789201 8
1315789261 8
1315789321 9
1315789381 9
1315789441 9
1315789501 9
1315789561 9
1315789621 9
1315789681 9
1315789741 9
1315789801 9
1315789861 9
1315789921 9
1315789981 9
1315790041 5
1315790101 6
1315790161 6
1315790221 7
1315790281 7
1315790341 6
1315790401 7
1315790461 7
1315790521 8
1315790581 8
1315790641 8
1315790701 8
1315790761 8
1315790821 9
1315790881 9
1315790941 9
1315791001 9
1315791061 7
1315791121 6
1315791181 6
1315791241 6
1315791301 6
1315791361 6
1315791421 7
1315791481 7
1315791541 7
1315791601 7
1315791661 8
1315791721 9
1315791781 9
1315791841 10
1315791901 10
1315791961 12
1315792021 12
1315792082 12
1315792141 12
1315792201 12
1315792261 8
1315792321 9
1315792381 9
1315792441 9
1315792501 7
1315792561 7
1315792621 8
1315792681 8
1315792741 8
1315792801 8
1315792861 8
1315792921 9
1315792981 9
1315793041 9
1315793101 9
1315793161 9
1315793221 9
1315793281 8
1315793341 9
1315793401 9
1315793461 9
1315793521 9
1315793581 9
1315793641 9
1315793701 8
1315793761 8
1315793821 8
1315793881 9
1315793941 9
1315794001 10
1315794061 10
1315794121 10
1315794181 10
1315794241 11
1315794301 11
1315794361 11
1315794421 11
1315794481 9
1315794541 10
1315794601 10
1315794661 10
1315794721 10
1315794782 10
1315794841 11
1315794901 12
1315794961 12
1315795021 12
1315795081 12
1315795141 12
1315795201 12
1315795261 12
1315795321 12
1315795381 12
1315795441 11
1315795501 11
1315795561 9
1315795621 11
1315795681 11
1315795741 11
1315795801 11
1315795861 11
1315795921 10
1315795981 10
1315796041 10
1315796101 10
1315796161 10
1315796221 9
1315796281 10
1315796341 10
1315796401 10
1315796461 10
1315796521 10
1315796581 10
1315796641 10
1315796701 9
1315796761 9
1315796821 9
1315796881 9
1315796941 10
1315797001 10
1315797061 10
1315797121 10
1315797181 10
1315797241 9
1315797302 9
1315797361 9
1315797421 9
1315797481 9
1315797541 9
1315797602 10
1315797661 11
1315797721 11
1315797781 11
1315797841 11
1315797901 11
1315797961 11
1315798021 8
1315798081 8
1315798141 9
1315798201 11
1315798261 11
1315798321 13
1315798381 14
1315798442 15
1315798501 15
1315798561 14
1315798621 15
1315798681 16
1315798741 16
1315798801 16
1315798861 18
1315798921 18
1315798981 18
1315799041 19
1315799101 19
1315799161 19
1315799221 19
1315799281 19
1315799341 19
1315799401 21
1315799461 21
1315799521 21
1315799581 21
1315799641 20
1315799701 21
1315799761 21
1315799821 21
1315799881 21
1315799941 16
1315800001 17
1315800061 17
1315800121 15
1315800181 16
1315800241 16
1315800301 16
1315800361 17
1315800421 18
1315800481 18
1315800541 18
1315800601 19
1315800661 17
1315800721 18
1315800781 19
1315800841 19
1315800901 20
1315800961 18
1315801021 18
1315801081 18
1315801141 18
1315801201 19
1315801261 20
1315801321 16
1315801381 16
1315801441 16
1315801501 16
1315801561 17
1315801621 17
1315801681 15
1315801741 15
1315801801 15
1315801861 15
1315801921 15
1315801981 16
1315802041 17
1315802101 16
1315802161 17
1315802221 17
1315802281 18
1315802341 18
1315802401 16
1315802461 16
1315802521 15
1315802581 16
1315802641 16
1315802701 16
1315802761 16
1315802821 16
1315802881 17
1315802941 17
1315803001 17
1315803061 19
1315803121 18
1315803181 15
1315803241 15
1315803301 15
1315803361 17
1315803421 17
1315803481 17
1315803541 18
1315803601 19
1315803661 19
1315803721 19
1315803781 19
1315803841 19
1315803902 19
1315803961 20
1315804021 20
1315804081 19
1315804141 19
1315804201 19
1315804261 19
1315804321 20
1315804381 20
1315804441 20
1315804501 21
1315804561 20
1315804621 18
1315804681 18
1315804741 18
1315804801 17
1315804861 18
1315804921 18
1315804981 19
1315805041 19
1315805101 15
1315805161 17
1315805221 16
1315805281 17
1315805341 17
1315805401 17
1315805461 17
1315805521 17
1315805581 20
1315805641 20
1315805701 18
1315805761 19
1315805821 19
1315805881 20
1315805941 18
1315806001 18
1315806061 19
1315806121 17
1315806181 18
1315806241 18
1315806301 16
1315806361 16
1315806421 17
1315806481 17
1315806541 15
1315806601 16
1315806661 17
1315806721 18
1315806781 18
1315806841 16
1315806901 18
1315806961 21
1315807021 21
1315807081 21
1315807141 20
1315807201 20
1315807261 21
1315807321 21
1315807381 20
1315807441 20
1315807501 20
1315807561 19
1315807621 18
1315807681 21
1315807741 21
1315807801 21
1315807861 21
1315807921 23
1315807981 24
1315808041 26
1315808101 25
1315808161 25
1315808221 23
1315808281 24
1315808341 24
1315808401 19
1315808461 20
1315808521 21
1315808581 21
1315808641 21
1315808701 18
1315808761 18
1315808821 20
1315808881 21
1315808941 19
1315809001 21
1315809061 22
1315809121 22
1315809181 26
1315809241 27
1315809301 24
1315809361 26
1315809421 25
1315809482 30
1315809541 29
1315809601 29
1315809661 32
1315809721 30
1315809781 29
1315809841 32
1315809901 29
1315809961 31
1315810021 29
1315810081 26
1315810141 27
1315810201 26
1315810261 22
1315810321 19
1315810381 22
1315810441 24
1315810501 23
1315810561 21
1315810621 21
1315810681 23
1315810741 22
1315810801 25
1315810861 25
1315810921 26
1315810981 27
1315811041 27
1315811101 28
1315811161 27
1315811221 27
1315811281 25
1315811341 26
1315811401 24
1315811461 24
1315811521 24
1315811581 26
1315811641 26
1315811701 27
1315811761 27
1315811821 27
1315811881 26
1315811941 27
1315812001 28
1315812061 28
1315812121 28
1315812181 29
1315812241 30
1315812301 29
1315812361 28
1315812421 27
1315812481 26
1315812541 26
1315812601 22
1315812661 26
1315812721 26
1315812781 27
1315812841 25
1315812901 27
1315812961 27
1315813021 30
1315813081 27
1315813141 28
1315813201 26
1315813261 24
1315813321 25
1315813381 25
1315813441 23
1315813501 24
1315813561 24
1315813621 25
1315813681 26
1315813741 25
1315813801 26
1315813861 25
1315813921 25
1315813981 26
1315814041 27
1315814101 23
1315814161 24
1315814221 22
1315814281 21
1315814341 22
1315814401 21
1315814461 23
1315814521 24
1315814581 24
1315814641 22
1315814702 23
1315814761 22
1315814821 21
1315814881 22
1315814941 22
1315815001 21
1315815061 20
1315815121 18
1315815181 18
1315815241 18
1315815301 17
1315815361 18
1315815421 19
1315815481 19
1315815541 18
1315815601 21
1315815661 21
1315815721 18
1315815781 18
1315815841 18
1315815901 19
1315815961 18
1315816021 18
1315816081 18
1315816141 16
1315816201 18
1315816261 16
1315816321 19
1315816381 20
1315816441 21
1315816501 22
1315816561 18
1315816621 18
1315816681 16
1315816741 15
1315816801 16
1315816861 16
1315816921 16
1315816981 19
1315817041 17
1315817101 18
1315817161 18
1315817221 18
1315817281 19
1315817341 20
1315817401 17
1315817461 17
1315817521 18
1315817581 19
1315817641 18
1315817701 23
1315817761 23
1315817821 23
1315817881 24
1315817941 22
1315818001 21
1315818061 22
1315818121 23
1315818181 24
1315818241 23
1315818301 23
1315818361 19
1315818421 19
1315818481 17
1315818541 17
1315818601 15
1315818661 15
1315818721 15
1315818781 14
1315818841 14
1315818901 16
1315818961 16
1315819021 16
1315819081 16
1315819141 16
1315819201 16
1315819261 13
1315819321 14
1315819381 14
1315819441 14
1315819501 15
1315819561 15
1315819621 15
1315819681 16
1315819741 17
1315819801 17
1315819861 16
1315819921 17
1315819981 18
1315820041 18
1315820101 18
1315820161 18
1315820221 18
1315820281 13
1315820341 14
1315820401 15
1315820461 16
1315820521 13
1315820581 13
1315820641 13
1315820701 14
1315820761 15
1315820821 15
1315820881 15
1315820941 15
1315821001 15
1315821061 14
1315821121 14
1315821181 12
1315821241 12
1315821301 12
1315821361 12
1315821421 11
1315821481 12
1315821541 11
1315821601 12
1315821661 12
1315821721 12
1315821781 13
1315821841 13
1315821901 14
1315821961 17
1315822021 17
1315822081 18
1315822141 18
1315822201 18
1315822261 20
1315822321 19
1315822381 20
1315822441 22
1315822501 22
1315822561 22
1315822621 22
1315822681 22
1315822741 22
1315822801 16
1315822861 16
1315822921 16
1315822981 9
1315823041 11
1315823101 11
1315823161 11
1315823221 12
1315823281 13
1315823341 15
1315823401 14
1315823461 14
1315823521 13
1315823581 15
1315823641 15
1315823701 14
1315823761 14
1315823821 15
1315823881 13
1315823941 17
1315824001 17
1315824061 16
1315824121 16
1315824181 16
1315824241 17
1315824301 18
1315824361 18
1315824421 15
1315824481 14
1315824541 13
1315824601 12
1315824661 13
1315824721 13
1315824781 12
1315824841 14
1315824901 14
1315824961 14
1315825021 14
1315825081 14
1315825141 13
1315825201 11
1315825261 14
1315825321 14
1315825381 13
1315825441 16
1315825501 17
1315825561 17
1315825621 18
1315825681 16
1315825741 17
1315825801 17
1315825861 18
1315825921 17
1315825981 20
1315826041 21
1315826101 19
1315826161 19
1315826221 19
1315826281 18
1315826341 18
1315826401 14
1315826462 15
1315826521 11
1315826581 12
1315826641 13
1315826701 13
1315826761 14
1315826821 14
1315826881 12
1315826941 13
1315827001 13
1315827061 13
1315827121 14
1315827181 16
1315827241 16
1315827301 16
1315827361 17
1315827422 17
1315827481 14
1315827541 15
1315827601 15
1315827661 15
1315827721 16
1315827781 16
1315827841 16
1315827901 16
1315827961 16
1315828021 13
1315828081 11
1315828141 12
1315828201 15
1315828261 15
1315828321 16
1315828381 16
1315828441 15
1315828501 16
1315828561 15
1315828621 16
1315828681 18
1315828741 17
1315828801 19
1315828861 19
1315828921 19
1315828981 13
1315829041 13
1315829101 13
1315829161 11
1315829221 11
1315829281 12
1315829341 12
1315829401 16
1315829461 14
1315829521 18
1315829581 21
1315829641 20
1315829701 21
1315829761 22
1315829821 23
1315829881 17
1315829941 17
1315830001 18
1315830062 21
1315830121 24
1315830181 27
1315830241 24
1315830301 26
1315830361 25
1315830421 25
1315830481 26
1315830541 26
1315830601 26
1315830661 16
1315830721 16
1315830781 17
1315830841 17
1315830901 17
1315830961 19
1315831021 19
1315831081 18
1315831141 20
1315831201 22
1315831261 23
1315831321 20
1315831381 21
1315831441 23
1315831501 23
1315831561 27
1315831621 27
1315831681 27
1315831741 23
1315831801 25
1315831861 25
1315831921 25
1315831981 23
1315832041 23
1315832101 26
1315832161 27
1315832221 23
1315832281 23
1315832341 23
1315832401 26
1315832461 25
1315832521 23
1315832581 24
1315832641 22
1315832701 27
1315832761 27
1315832821 25
1315832881 26
1315832941 25
1315833001 28
1315833061 25
1315833121 26
1315833181 24
1315833241 24
1315833302 25
1315833361 26
1315833421 28
1315833481 29
1315833541 29
1315833601 34
1315833661 31
1315833721 32
1315833781 34
1315833841 30
1315833901 33
1315833961 32
1315834021 29
1315834081 29
1315834141 29
1315834201 31
1315834261 26
1315834321 27
1315834381 28
1315834441 31
1315834501 34
1315834561 32
1315834621 33
1315834681 32
1315834741 30
1315834801 32
1315834861 29
1315834921 28
1315834981 30
1315835041 32
1315835101 35
1315835161 35
1315835221 32
1315835281 33
1315835341 34
1315835401 36
1315835461 36
1315835521 30
1315835581 32
1315835641 32
1315835701 35
1315835761 38
1315835821 36
1315835881 34
1315835941 31
1315836001 32
1315836061 34
1315836121 35
1315836181 32
1315836241 33
1315836301 33
1315836361 32
1315836421 35
1315836481 36
1315836541 37
1315836601 39
1315836661 43
1315836721 41
1315836781 41
1315836841 40
1315836901 39
1315836961 41
1315837021 35
1315837081 37
1315837141 39
1315837201 39
1315837261 34
1315837321 33
1315837381 37
1315837441 39
1315837501 40
1315837561 42
1315837621 43
1315837681 43
1315837741 47
1315837801 40
1315837861 46
1315837921 44
1315837981 46
1315838041 47
1315838101 48
1315838161 49
1315838221 50
1315838281 40
1315838341 42
1315838401 37
1315838461 38
1315838521 39
1315838581 36
1315838641 36
1315838701 35
1315838761 36
1315838821 36
1315838881 31
1315838941 34
1315839001 38
1315839061 43
1315839121 43
1315839181 46
1315839241 43
1315839301 46
1315839361 47
1315839421 47
1315839481 45
1315839541 38
1315839601 40
1315839661 41
1315839721 36
1315839781 37
1315839841 36
1315839901 37
1315839961 36
1315840021 33
1315840081 38
1315840141 35
1315840201 34
1315840261 36
1315840321 35
1315840381 35
1315840441 37
1315840501 37
1315840561 36
1315840621 33
1315840681 37
1315840741 34
1315840801 39
1315840861 38
1315840921 33
1315840981 35
1315841041 36
1315841101 43
1315841161 44
1315841222 42
1315841281 45
1315841341 44
1315841401 46
1315841461 47
1315841521 34
1315841581 31
1315841641 29
1315841701 30
1315841761 31
1315841821 33
1315841881 35
1315841941 34
1315842001 36
1315842061 33
1315842121 34
1315842181 33
1315842241 37
1315842301 37
1315842361 40
1315842421 38
1315842481 39
1315842541 42
1315842601 40
1315842661 33
1315842721 32
1315842781 35
1315842841 36
1315842901 30
1315842961 32
1315843021 31
1315843081 34
1315843141 33
1315843201 33
