1310313661 10
1310313721 11
1310313781 11
1310313841 11
1310313901 11
1310313961 11
1310314021 11
1310314081 11
1310314141 11
1310314201 9
1310314261 9
1310314321 9
1310314381 9
1310314441 9
1310314501 9
1310314561 9
1310314621 9
1310314681 9
1310314741 9
1310314801 9
1310314861 9
1310314921 7
1310314981 8
1310315041 8
1310315101 8
1310315161 8
1310315221 8
1310315281 8
1310315341 8
1310315401 8
1310315461 8
1310315521 8
1310315581 8
1310315641 8
1310315701 8
1310315761 8
1310315821 8
1310315881 8
1310315941 8
1310316001 8
1310316061 8
1310316121 8
1310316181 8
1310316241 8
1310316301 8
1310316361 8
1310316421 8
1310316481 8
1310316541 9
1310316601 9
1310316661 10
1310316721 10
1310316781 10
1310316841 10
1310316901 10
1310316961 10
1310317021 10
1310317081 10
1310317141 10
1310317201 10
1310317261 10
1310317321 10
1310317381 10
1310317441 10
1310317501 7
1310317561 7
1310317621 7
1310317681 7
1310317741 7
1310317801 8
1310317861 8
1310317921 8
1310317981 8
1310318041 8
1310318101 8
1310318162 9
1310318221 8
1310318281 8
1310318342 8
1310318401 8
1310318461 8
1310318521 8
1310318581 8
1310318641 8
1310318702 8
1310318761 8
1310318821 8
1310318881 8
1310318941 8
1310319001 8
1310319061 8
1310319121 8
1310319181 8
1310319241 8
1310319301 8
1310319361 8
1310319421 8
1310319481 8
1310319541 8
1310319601 7
1310319661 7
1310319721 7
1310319781 7
1310319841 7
1310319901 7
1310319961 7
1310320021 7
1310320081 7
1310320141 7
1310320201 7
1310320261 7
1310320321 7
1310320381 7
1310320441 7
1310320501 7
1310320561 7
1310320621 7
1310320681 6
1310320741 6
1310320801 6
1310320861 6
1310320921 6
1310320981 7
1310321041 7
1310321101 7
1310321162 7
1310321221 7
1310321281 7
1310321341 7
1310321401 7
1310321461 7
1310321521 7
1310321581 7
1310321641 7
1310321701 7
1310321761 7
1310321821 7
1310321881 7
1310321941 7
1310322001 7
1310322061 7
1310322121 7
1310322181 7
1310322241 7
1310322301 7
1310322361 7
1310322421 7
1310322482 7
1310322541 7
1310322601 7
1310322661 7
1310322721 7
1310322781 6
1310322841 6
1310322901 6
1310322961 7
1310323021 7
1310323081 7
1310323141 7
1310323201 7
1310323261 7
1310323321 7
1310323381 7
1310323441 7
1310323501 6
1310323561 6
1310323621 6
1310323681 6
1310323741 6
1310323801 7
1310323861 7
1310323921 7
1310323981 7
1310324041 7
1310324101 7
1310324161 7
1310324221 7
1310324281 7
1310324341 7
1310324401 7
1310324461 7
1310324521 7
1310324581 7
1310324641 7
1310324701 6
1310324761 6
1310324821 6
1310324881 6
1310324941 6
1310325001 6
1310325061 6
1310325121 6
1310325181 6
1310325241 6
1310325301 6
1310325361 6
1310325421 6
1310325481 6
1310325541 6
1310325601 6
1310325661 6
1310325721 6
1310325781 6
1310325841 6
1310325901 6
1310325961 6
1310326021 6
1310326081 6
1310326141 6
1310326201 6
1310326261 6
1310326321 6
1310326381 6
1310326441 6
1310326501 6
1310326561 6
1310326621 6
1310326681 6
1310326741 6
1310326801 6
1310326861 6
1310326921 6
1310326981 6
1310327041 5
1310327101 5
1310327161 7
1310327221 7
1310327281 7
1310327341 7
1310327401 7
1310327461 7
1310327521 7
1310327581 7
1310327641 7
1310327701 7
1310327761 7
1310327822 7
1310327881 7
1310327941 7
1310328001 7
1310328061 7
1310328121 7
1310328181 7
1310328241 7
1310328301 7
1310328361 7
1310328421 5
1310328481 5
1310328541 5
1310328601 5
1310328661 5
1310328721 5
1310328781 5
1310328841 5
1310328901 5
1310328961 5
1310329021 5
1310329081 5
1310329141 5
1310329201 5
1310329261 5
1310329321 5
1310329382 5
1310329441 5
1310329501 5
1310329561 5
1310329621 5
1310329681 5
1310329741 5
1310329801 5
1310329861 5
1310329921 5
1310329981 5
1310330041 5
1310330101 5
1310330161 5
1310330221 5
1310330281 5
1310330341 5
1310330401 5
1310330461 5
1310330521 5
1310330581 5
1310330641 5
1310330701 5
1310330761 5
1310330821 5
1310330881 5
1310330941 5
1310331001 5
1310331061 5
1310331121 5
1310331181 5
1310331241 5
1310331301 5
1310331361 5
1310331421 5
1310331481 5
1310331541 5
1310331601 5
1310331661 5
1310331721 5
1310331781 5
1310331841 5
1310331901 5
1310331961 5
1310332021 5
1310332081 5
1310332141 5
1310332201 5
1310332192 5
1310332201 5
1310332261 5
1310332321 5
1310332381 5
1310332441 5
1310332501 5
1310332561 5
1310332621 5
1310332681 5
1310332741 5
1310332801 5
1310332861 5
1310332921 5
1310332981 5
1310333041 5
1310333101 5
1310333161 5
1310333221 5
1310333281 5
1310333341 5
1310333401 5
1310333462 5
1310333521 5
1310333581 5
1310333641 5
1310333701 5
1310333761 5
1310333821 5
1310333881 5
1310333941 5
1310334001 5
1310334061 5
1310334121 5
1310334181 5
1310334241 5
1310334301 5
1310334361 5
1310334421 5
1310334481 5
1310334541 5
1310334601 5
1310334661 5
1310334721 5
1310334781 5
1310334841 5
1310334901 5
1310334961 5
1310335021 5
1310335081 5
1310335141 5
1310335201 5
1310335261 5
1310335321 5
1310335381 5
1310335441 5
1310335501 5
1310335561 5
1310335621 5
1310335681 5
1310335741 5
1310335801 5
1310335861 5
1310335921 5
1310335981 5
1310336041 5
1310336101 5
1310336161 5
1310336221 5
1310336281 5
1310336341 5
1310336401 5
1310336461 5
1310336521 5
1310336581 5
1310336641 5
1310336701 5
1310336761 5
1310336821 5
1310336881 5
1310336941 5
1310337001 5
1310337061 5
1310337121 5
1310337181 5
1310337241 5
1310337301 5
1310337361 5
1310337421 5
1310337481 5
1310337541 5
1310337601 5
1310337661 5
1310337721 5
1310337781 5
1310337841 5
1310337901 5
1310337961 5
1310338021 5
1310338081 5
1310338141 5
1310338201 5
1310338261 4
1310338321 4
1310338381 4
1310338441 4
1310338501 4
1310338561 4
1310338621 4
1310338681 4
1310338741 4
1310338801 4
1310338862 4
1310338921 4
1310338981 4
1310339041 4
1310339101 4
1310339161 4
1310339221 4
1310339282 4
1310339341 4
1310339401 4
1310339461 4
1310339522 4
1310339581 4
1310339641 4
1310339701 4
1310339761 4
1310339821 4
1310339881 4
1310339941 4
1310340001 4
1310340061 4
1310340121 4
1310340181 4
1310340241 4
1310340301 4
1310340361 4
1310340421 4
1310340481 4
1310340541 4
1310340601 4
1310340661 4
1310340721 4
1310340781 4
1310340841 4
1310340901 4
1310340961 4
1310341021 4
1310341081 4
1310341141 4
1310341201 4
1310341261 4
1310341321 4
1310341381 4
1310341441 4
1310341501 4
1310341561 4
1310341621 4
1310341681 4
1310341741 4
1310341801 4
1310341861 4
1310341921 4
1310341981 4
1310342041 4
1310342101 4
1310342161 4
1310342221 4
1310342281 4
1310342341 4
1310342401 4
1310342461 4
1310342521 4
1310342581 4
1310342641 4
1310342701 4
1310342761 4
1310342821 4
1310342881 4
1310342941 4
1310343001 5
1310343061 5
1310343121 5
1310343181 5
1310343241 5
1310343301 5
1310343361 5
1310343421 5
1310343481 5
1310343541 5
1310343601 5
1310343661 5
1310343721 5
1310343781 5
1310343841 5
1310343901 5
1310343961 5
1310344021 5
1310344081 5
1310344141 4
1310344201 5
1310344261 5
1310344321 5
1310344381 5
1310344441 5
1310344501 5
1310344561 5
1310344621 5
1310344681 5
1310344741 5
1310344801 5
1310344861 5
1310344921 5
1310344981 5
1310345041 5
1310345101 5
1310345161 6
1310345221 7
1310345281 7
1310345341 7
1310345401 7
1310345461 7
1310345521 7
1310345581 7
1310345641 7
1310345701 7
1310345761 7
1310345821 7
1310345881 7
1310345941 8
1310346001 8
1310346061 8
1310346121 8
1310346181 8
1310346241 9
1310346301 9
1310346361 7
1310346421 7
1310346481 7
1310346541 7
1310346601 7
1310346661 7
1310346721 7
1310346781 7
1310346841 5
1310346901 5
1310346961 5
1310347021 5
1310347081 5
1310347141 5
1310347201 5
1310347261 5
1310347321 5
1310347381 6
1310347441 6
1310347501 6
1310347561 6
1310347621 6
1310347681 6
1310347741 6
1310347801 6
1310347861 6
1310347921 6
1310347981 6
1310348041 6
1310348101 5
1310348161 5
1310348221 5
1310348281 5
1310348341 5
1310348401 5
1310348461 5
1310348522 5
1310348581 5
1310348641 5
1310348701 5
1310348761 5
1310348821 5
1310348881 4
1310348941 5
1310349001 5
1310349061 5
1310349121 5
1310349181 5
1310349241 5
1310349301 5
1310349361 5
1310349421 5
1310349481 5
1310349541 5
1310349601 5
1310349661 5
1310349721 5
1310349782 5
1310349841 5
1310349901 5
1310349961 5
1310350021 5
1310350081 6
1310350141 6
1310350201 8
1310350261 10
1310350321 10
1310350381 10
1310350441 11
1310350501 13
1310350561 13
1310350621 13
1310350681 13
1310350741 14
1310350801 14
1310350861 14
1310350921 9
1310350981 9
1310351041 10
1310351101 10
1310351161 10
1310351221 10
1310351281 7
1310351341 7
1310351401 7
1310351461 6
1310351521 6
1310351582 6
1310351641 6
1310351701 6
1310351761 7
1310351821 7
1310351881 7
1310351941 8
1310352001 9
1310352061 9
1310352121 8
1310352181 10
1310352241 11
1310352301 11
1310352361 11
1310352421 10
1310352481 10
1310352541 10
1310352601 10
1310352661 10
1310352721 10
1310352781 10
1310352841 10
1310352901 10
1310352961 10
1310353021 10
1310353081 10
1310353141 7
1310353201 7
1310353261 7
1310353321 7
1310353381 8
1310353441 8
1310353501 8
1310353561 8
1310353621 8
1310353681 8
1310353741 8
1310353801 8
1310353861 8
1310353921 8
1310353981 8
1310354041 8
1310354101 8
1310354161 8
1310354221 7
1310354281 7
1310354341 7
1310354401 7
1310354461 7
1310354521 7
1310354581 7
1310354641 7
1310354701 7
1310354761 7
1310354821 7
1310354881 7
1310354941 6
1310355001 6
1310355061 6
1310355121 6
1310355181 7
1310355241 7
1310355301 7
1310355361 8
1310355421 8
1310355481 8
1310355541 9
1310355601 9
1310355661 10
1310355722 10
1310355781 11
1310355841 11
1310355901 10
1310355961 11
1310356021 11
1310356081 11
1310356141 10
1310356201 11
1310356261 12
1310356321 12
1310356381 11
1310356441 11
1310356501 11
1310356561 11
1310356621 11
1310356681 10
1310356741 10
1310356801 10
1310356861 11
1310356921 11
1310356981 11
1310357041 11
1310357101 11
1310357161 11
1310357221 11
1310357281 11
1310357341 11
1310357401 11
1310357461 11
1310357521 11
1310357581 11
1310357641 8
1310357701 8
1310357761 8
1310357821 8
1310357881 8
1310357941 8
1310358001 8
1310358061 8
1310358121 8
1310358181 8
1310358241 8
1310358301 8
1310358361 8
1310358421 8
1310358481 8
1310358541 8
1310358601 8
1310358661 8
1310358721 8
1310358781 8
1310358841 8
1310358901 8
1310358961 8
1310359021 8
1310359081 9
1310359141 9
1310359201 9
1310359261 9
1310359321 9
1310359381 9
1310359441 10
1310359501 10
1310359561 10
1310359621 10
1310359681 10
1310359741 11
1310359801 11
1310359861 11
1310359921 11
1310359981 11
1310360041 11
1310360101 10
1310360161 10
1310360221 10
1310360281 10
1310360341 8
1310360401 9
1310360461 10
1310360521 10
1310360581 10
1310360641 10
1310360701 10
1310360761 10
1310360821 10
1310360881 10
1310360941 10
1310361001 10
1310361061 10
1310361121 10
1310361181 10
1310361241 8
1310361301 9
1310361361 9
1310361421 10
1310361481 10
1310361541 10
1310361601 10
1310361661 10
1310361721 10
1310361781 10
1310361841 10
1310361901 10
1310361961 10
1310362021 9
1310362081 9
1310362141 9
1310362201 9
1310362261 9
1310362321 9
1310362381 10
1310362441 10
1310362501 10
1310362561 8
1310362621 8
1310362681 8
1310362741 8
1310362801 9
1310362861 9
1310362921 9
1310362981 9
1310363041 9
1310363101 9
1310363161 8
1310363221 10
1310363281 10
1310363341 10
1310363402 10
1310363461 10
1310363521 10
1310363581 12
1310363641 11
1310363701 12
1310363761 13
1310363821 14
1310363881 14
1310363941 14
1310364001 13
1310364061 13
1310364121 13
1310364181 13
1310364241 13
1310364301 13
1310364361 13
1310364421 10
1310364481 10
1310364541 10
1310364601 10
1310364661 10
1310364721 10
1310364781 10
1310364841 10
1310364901 10
1310364961 10
1310365021 7
1310365081 7
1310365141 7
1310365201 7
1310365261 8
1310365321 8
1310365381 9
1310365441 10
1310365501 12
1310365561 13
1310365621 13
1310365681 13
1310365741 12
1310365801 11
1310365861 10
1310365921 11
1310365981 11
1310366041 11
1310366101 11
1310366161 12
1310366221 12
1310366281 13
1310366341 13
1310366401 13
1310366461 13
1310366521 12
1310366581 12
1310366641 11
1310366701 10
1310366761 11
1310366821 11
1310366881 13
1310366941 12
1310367001 13
1310367061 13
1310367121 14
1310367181 16
1310367241 16
1310367301 14
1310367361 14
1310367421 14
1310367481 14
1310367541 14
1310367601 11
1310367661 11
1310367721 11
1310367781 10
1310367841 10
1310367901 12
1310367961 12
1310368021 13
1310368081 14
1310368141 13
1310368201 15
1310368261 16
1310368321 16
1310368381 16
1310368441 16
1310368501 16
1310368561 16
1310368621 16
1310368681 13
1310368741 13
1310368801 13
1310368861 15
1310368921 15
1310368981 16
1310369041 16
1310369101 16
1310369161 15
1310369221 15
1310369281 15
1310369341 15
1310369401 15
1310369461 15
1310369521 10
1310369581 10
1310369641 10
1310369701 10
1310369761 11
1310369821 12
1310369881 12
1310369941 12
1310370001 13
1310370061 13
1310370121 13
1310370181 13
1310370241 13
1310370301 14
1310370361 15
1310370421 16
1310370481 16
1310370541 16
1310370601 16
1310370661 16
1310370721 17
1310370781 17
1310370841 15
1310370901 15
1310370961 15
1310371021 16
1310371081 16
1310371141 16
1310371201 16
1310371261 16
1310371321 12
1310371381 12
1310371441 13
1310371501 12
1310371561 12
1310371621 15
1310371681 15
1310371741 15
1310371801 15
1310371861 15
1310371921 15
1310371981 15
1310372041 15
1310372101 15
1310372161 15
1310372221 16
1310372281 13
1310372341 13
1310372401 15
1310372461 16
1310372521 18
1310372581 18
1310372641 18
1310372701 17
1310372761 18
1310372821 19
1310372881 16
1310372941 16
1310373001 17
1310373061 18
1310373121 19
1310373181 19
1310373241 19
1310373301 19
1310373361 19
1310373421 20
1310373481 12
1310373541 12
1310373601 12
1310373661 13
1310373721 14
1310373781 14
1310373841 12
1310373901 12
1310373962 12
1310374021 13
1310374081 13
1310374141 13
1310374201 13
1310374261 13
1310374321 14
1310374381 11
1310374441 11
1310374501 11
1310374561 9
1310374621 10
1310374681 11
1310374741 11
1310374801 11
1310374861 12
1310374921 14
1310374981 14
1310375041 14
1310375101 12
1310375161 13
1310375221 14
1310375281 14
1310375341 14
1310375401 14
1310375461 14
1310375521 16
1310375581 16
1310375641 14
1310375701 14
1310375761 14
1310375821 16
1310375881 16
1310375941 16
1310376001 16
1310376061 16
1310376121 17
1310376181 10
1310376241 11
1310376301 11
1310376361 11
1310376421 12
1310376481 13
1310376541 13
1310376601 13
1310376661 12
1310376721 12
1310376781 12
1310376841 12
1310376901 12
1310376961 12
1310377021 13
1310377081 13
1310377141 13
1310377201 13
1310377261 13
1310377321 14
1310377381 14
1310377441 14
1310377501 14
1310377561 14
1310377621 15
1310377681 11
1310377741 11
1310377801 11
1310377861 11
1310377921 12
1310377981 12
1310378041 12
1310378101 12
1310378161 12
1310378221 13
1310378281 9
1310378341 10
1310378401 10
1310378461 10
1310378521 11
1310378582 11
1310378641 11
1310378701 10
1310378761 11
1310378822 11
1310378881 11
1310378941 11
1310379001 11
1310379061 11
1310379121 12
1310379181 12
1310379241 12
1310379301 12
1310379361 10
1310379421 12
1310379481 13
1310379541 13
1310379601 13
1310379661 13
1310379721 14
1310379781 14
1310379841 14
1310379901 14
1310379961 14
1310380021 11
1310380081 11
1310380141 11
1310380201 11
1310380261 12
1310380321 13
1310380381 13
1310380441 12
1310380501 12
1310380561 12
1310380621 13
1310380681 13
1310380741 11
1310380801 11
1310380861 11
1310380921 11
1310380981 11
1310381041 11
1310381101 11
1310381161 12
1310381221 13
1310381281 13
1310381341 13
1310381401 13
1310381461 13
1310381521 14
1310381581 14
1310381641 12
1310381701 12
1310381762 12
1310381821 13
1310381881 13
1310381941 12
1310382001 12
1310382061 12
1310382121 12
1310382181 12
1310382241 12
1310382301 12
1310382361 10
1310382421 11
1310382481 12
1310382541 11
1310382601 13
1310382661 13
1310382721 13
1310382781 13
1310382841 13
1310382901 13
1310382961 13
1310383021 13
1310383081 8
1310383141 9
1310383201 9
1310383261 10
1310383321 10
1310383381 11
1310383441 11
1310383501 10
1310383561 10
1310383621 10
1310383681 10
1310383741 10
1310383801 10
1310383861 10
1310383921 10
1310383981 10
1310384041 10
1310384101 10
1310384161 10
1310384221 10
1310384282 7
1310384341 7
1310384401 8
1310384461 8
1310384521 9
1310384581 9
1310384641 9
1310384701 9
1310384761 9
1310384821 7
1310384881 9
1310384941 9
1310385001 9
1310385061 9
1310385121 9
1310385181 9
1310385241 10
1310385301 10
1310385361 10
1310385421 10
1310385481 10
1310385541 11
1310385601 11
1310385661 11
1310385721 11
1310385781 11
1310385841 11
1310385901 11
1310385961 10
1310386021 10
1310386081 10
1310386141 10
1310386201 10
1310386261 10
1310386321 10
1310386381 10
1310386441 8
1310386501 8
1310386561 8
1310386621 9
1310386681 10
1310386741 11
1310386801 11
1310386861 11
1310386921 11
1310386981 12
1310387041 12
1310387101 12
1310387161 12
1310387221 9
1310387281 9
1310387341 9
1310387401 9
1310387461 9
1310387521 9
1310387581 9
1310387641 9
1310387701 7
1310387761 8
1310387821 9
1310387881 9
1310387941 9
1310388001 10
1310388061 10
1310388121 10
1310388181 10
1310388241 10
1310388301 10
1310388361 10
1310388421 10
1310388481 10
1310388541 10
1310388601 10
1310388661 10
1310388721 10
1310388781 10
1310388841 8
1310388902 10
1310388961 10
1310389021 11
1310389081 11
1310389141 11
1310389201 11
1310389261 11
1310389321 11
1310389381 11
1310389441 11
1310389501 11
1310389561 11
1310389621 11
1310389681 11
1310389741 11
1310389801 11
1310389861 11
1310389921 11
1310389981 11
1310390041 11
1310390101 11
1310390161 11
1310390221 11
1310390281 11
1310390341 11
1310390401 11
1310390461 8
1310390521 8
1310390581 8
1310390641 8
1310390701 10
1310390761 10
1310390821 10
1310390881 10
1310390941 11
1310391001 12
1310391061 12
1310391121 12
1310391181 12
1310391241 12
1310391301 12
1310391361 12
1310391421 12
1310391481 12
1310391541 12
1310391601 7
1310391661 9
1310391721 9
1310391781 10
1310391841 10
1310391901 11
1310391961 11
1310392021 11
1310392081 11
1310392141 10
1310392201 10
1310392261 10
1310392321 9
1310392381 9
1310392441 9
1310392501 9
1310392561 9
1310392621 9
1310392681 9
1310392741 9
1310392801 9
1310392861 9
1310392921 9
1310392981 9
1310393041 9
1310393101 10
1310393161 10
1310393221 10
1310393281 10
1310393341 10
1310393402 10
1310393461 10
1310393521 10
1310393581 10
1310393641 10
1310393701 7
1310393761 8
1310393821 8
1310393881 8
1310393941 8
1310394001 9
1310394061 9
1310394121 9
1310394181 9
1310394241 9
1310394301 8
1310394361 8
1310394421 8
1310394481 6
1310394541 6
1310394601 6
1310394661 6
1310394721 6
1310394781 7
1310394841 8
1310394901 10
1310394961 11
1310395021 11
1310395081 13
1310395141 14
1310395201 14
1310395261 14
1310395321 14
1310395381 11
1310395442 11
1310395501 11
1310395561 11
1310395621 9
1310395681 9
1310395741 9
1310395801 9
1310395861 9
1310395921 9
1310395981 10
1310396041 10
1310396101 10
1310396161 10
1310396221 10
1310396281 10
1310396341 10
1310396401 10
1310396461 7
1310396521 7
1310396581 9
1310396641 9
1310396701 9
1310396761 9
1310396821 9
1310396881 9
1310396941 10
1310397001 10
1310397061 10
1310397121 10
1310397181 10
1310397241 10
1310397301 10
1310397361 10
1310397421 10
1310397482 10
1310397541 6
1310397601 6
1310397661 7
1310397721 7
1310397781 7
1310397841 7
1310397901 7
1310397961 8
1310398021 8
1310398081 7
1310398141 7
1310398201 7
1310398261 9
1310398321 9
1310398381 9
1310398441 9
1310398501 9
1310398561 10
1310398621 10
1310398681 10
1310398741 10
1310398801 10
1310398861 9
1310398921 9
1310398981 9
1310399041 10
1310399102 10
1310399161 14
1310399221 14
1310399281 13
1310399341 13
1310399401 13
1310399461 14
1310399521 15
1310399581 15
1310399641 15
1310399701 15
1310399761 10
1310399821 10
1310399881 10
1310399941 10
1310400001 7
