1315152061 0
1315152121 0
1315152181 0
1315152241 0
1315152301 0
1315152361 0
1315152421 0
1315152481 0
1315152541 0
1315152601 0
1315152661 0
1315152721 0
1315152781 0
1315152841 0
1315152902 0
1315152961 0
1315153021 0
1315153081 0
1315153141 0
1315153201 0
1315153261 0
1315153321 0
1315153381 0
1315153441 1
1315153501 1
1315153561 1
1315153621 1
1315153681 1
1315153741 1
1315153801 1
1315153861 0
1315153921 0
1315153981 0
1315154041 0
1315154101 0
1315154161 0
1315154221 0
1315154281 0
1315154341 0
1315154401 0
1315154461 0
1315154521 0
1315154581 0
1315154641 0
1315154701 0
1315154761 0
1315154821 0
1315154881 0
1315154941 0
1315155001 0
1315155061 0
1315155121 0
1315155181 0
1315155241 0
1315155301 0
1315155361 0
1315155421 0
1315155481 0
1315155542 0
1315155601 0
1315155661 1
1315155721 2
1315155781 2
1315155842 2
1315155901 2
1315155961 2
1315156021 2
1315156081 2
1315156141 2
1315156201 2
1315156261 1
1315156321 1
1315156381 1
1315156441 1
1315156501 1
1315156561 1
1315156621 1
1315156681 1
1315156741 1
1315156801 1
1315156861 1
1315156921 1
1315156981 1
1315157041 1
1315157101 1
1315157161 1
1315157221 1
1315157281 1
1315157341 1
1315157401 1
1315157461 1
1315157521 1
1315157581 1
1315157641 1
1315157701 1
1315157761 1
1315157821 1
1315157881 1
1315157941 1
1315158001 1
1315158061 1
1315158121 1
1315158181 1
1315158241 1
1315158301 1
1315158361 1
1315158421 1
1315158481 1
1315158541 1
1315158601 1
1315158661 1
1315158721 1
1315158781 1
1315158841 1
1315158901 1
1315158961 1
1315159021 1
1315159081 1
1315159141 1
1315159201 1
1315159261 1
1315159321 1
1315159381 1
1315159441 1
1315159501 1
1315159561 1
1315159621 1
1315159681 1
1315159741 1
1315159801 1
1315159861 1
1315159921 1
1315159981 1
1315160041 1
1315160101 1
1315160161 1
1315160221 1
1315160281 1
1315160341 1
1315160401 1
1315160461 1
1315160521 1
1315160581 1
1315160641 1
1315160701 1
1315160761 1
1315160821 1
1315160881 1
1315160941 1
1315161001 1
1315161061 1
1315161121 1
1315161181 1
1315161241 1
1315161301 1
1315161361 1
1315161421 1
1315161481 1
1315161541 1
1315161601 1
1315161661 1
1315161721 1
1315161781 1
1315161841 1
1315161901 1
1315161961 1
1315162021 1
1315162081 1
1315162141 1
1315162201 1
1315162262 1
1315162321 1
1315162381 1
1315162441 1
1315162501 1
1315162561 1
1315162621 1
1315162681 1
1315162741 1
1315162801 1
1315162861 1
1315162921 1
1315162981 1
1315163041 1
1315163101 1
1315163161 1
1315163221 1
1315163281 1
1315163341 1
1315163401 1
1315163461 1
1315163521 1
1315163581 1
1315163641 1
1315163701 1
1315163761 1
1315163821 1
1315163881 1
1315163941 1
1315164001 1
1315164061 1
1315164121 1
1315164181 1
1315164241 1
1315164301 1
1315164361 1
1315164421 1
1315164481 1
1315164541 1
1315164601 1
1315164661 1
1315164721 1
1315164781 1
1315164841 1
1315164901 1
1315164961 1
1315165021 1
1315165081 1
1315165141 1
1315165201 1
1315165261 1
1315165321 1
1315165381 1
1315165441 1
1315165502 1
1315165561 1
1315165621 1
1315165681 1
1315165741 1
1315165801 1
1315165861 1
1315165921 1
1315165981 1
1315166041 1
1315166101 1
1315166161 1
1315166221 1
1315166281 1
1315166341 1
1315166401 1
1315166461 1
1315166521 1
1315166581 1
1315166641 1
1315166701 1
1315166761 1
1315166821 1
1315166881 1
1315166941 1
1315167001 1
1315167061 1
1315167121 1
1315167181 1
1315167241 1
1315167301 1
1315167361 1
1315167421 1
1315167481 1
1315167541 1
1315167602 1
1315167661 1
1315167721 1
1315167781 1
1315167841 1
1315167901 1
1315167961 1
1315168021 1
1315168081 1
1315168142 1
1315168201 1
1315168261 1
1315168321 1
1315168381 1
1315168441 1
1315168501 1
1315168561 1
1315168621 1
1315168681 1
1315168741 1
1315168801 1
1315168861 1
1315168921 1
1315168981 1
1315169041 1
1315169101 1
1315169161 1
1315169221 1
1315169281 1
1315169341 1
1315169402 1
1315169461 1
1315169521 1
1315169581 1
1315169641 1
1315169701 1
1315169761 1
1315169821 1
1315169881 1
1315169941 1
1315170001 1
1315170061 1
1315170122 1
1315170181 1
1315170241 1
1315170301 1
1315170361 1
1315170421 1
1315170481 1
1315170541 1
1315170601 1
1315170594 1
1315170601 1
1315170661 1
1315170721 1
1315170781 1
1315170841 1
1315170901 1
1315170961 1
1315171021 1
1315171081 1
1315171141 1
1315171201 1
1315171261 1
1315171321 1
1315171381 1
1315171441 1
1315171501 1
1315171561 1
1315171621 1
1315171681 1
1315171741 1
1315171801 1
1315171861 1
1315171921 1
1315171981 1
1315172041 1
1315172101 1
1315172161 1
1315172221 1
1315172281 1
1315172341 1
1315172401 1
1315172461 1
1315172521 1
1315172581 1
1315172641 1
1315172701 1
1315172761 1
1315172821 1
1315172881 1
1315172941 1
1315173001 1
1315173061 1
1315173122 1
1315173181 1
1315173241 1
1315173301 1
1315173361 1
1315173421 1
1315173481 1
1315173541 1
1315173601 1
1315173661 1
1315173721 1
1315173781 1
1315173841 1
1315173901 1
1315173961 1
1315174021 1
1315174081 1
1315174141 1
1315174201 1
1315174261 1
1315174321 1
1315174381 1
1315174441 1
1315174501 1
1315174561 1
1315174621 1
1315174681 1
1315174741 1
1315174801 1
1315174861 1
1315174921 1
1315174981 1
1315175041 1
1315175101 1
1315175161 1
1315175221 1
1315175281 1
1315175341 1
1315175401 1
1315175461 1
1315175521 1
1315175581 1
1315175641 1
1315175701 1
1315175761 1
1315175821 1
1315175881 1
1315175941 1
1315176001 1
1315176061 1
1315176121 1
1315176181 1
1315176241 1
1315176301 1
1315176361 1
1315176421 0
1315176481 0
1315176541 0
1315176601 0
1315176661 0
1315176721 0
1315176781 0
1315176841 0
1315176901 0
1315176961 0
1315177021 0
1315177081 0
1315177141 0
1315177201 0
1315177261 0
1315177321 0
1315177381 0
1315177441 0
1315177501 0
1315177561 0
1315177621 0
1315177681 0
1315177741 0
1315177801 0
1315177861 0
1315177921 0
1315177981 0
1315178041 0
1315178101 0
1315178161 0
1315178221 0
1315178281 0
1315178341 0
1315178401 0
1315178461 0
1315178521 0
1315178581 0
1315178641 0
1315178701 0
1315178761 0
1315178821 0
1315178881 0
1315178941 0
1315179002 0
1315179061 0
1315179121 0
1315179181 0
1315179241 0
1315179301 0
1315179361 0
1315179421 0
1315179481 0
1315179541 0
1315179601 0
1315179661 0
1315179721 0
1315179781 0
1315179841 0
1315179901 0
1315179961 0
1315180021 0
1315180081 0
1315180141 0
1315180201 0
1315180261 0
1315180321 0
1315180381 0
1315180441 0
1315180501 0
1315180561 0
1315180621 0
1315180681 0
1315180741 0
1315180801 0
1315180861 0
1315180921 0
1315180981 0
1315181041 0
1315181101 0
1315181161 0
1315181221 0
1315181281 0
1315181341 0
1315181401 0
1315181461 0
1315181521 0
1315181581 0
1315181641 0
1315181701 0
1315181761 0
1315181821 0
1315181881 0
1315181941 0
1315182001 0
1315182061 0
1315182121 0
1315182181 0
1315182241 0
1315182301 0
1315182361 0
1315182421 0
1315182481 0
1315182541 1
1315182601 1
1315182661 1
1315182721 1
1315182781 1
1315182841 1
1315182901 1
1315182961 1
1315183021 0
1315183081 0
1315183141 0
1315183201 0
1315183261 0
1315183321 0
1315183381 0
1315183441 1
1315183501 1
1315183561 1
1315183621 1
1315183681 1
1315183741 1
1315183801 0
1315183861 0
1315183921 0
1315183981 0
1315184041 0
1315184101 0
1315184161 0
1315184221 0
1315184281 1
1315184341 1
1315184401 1
1315184461 1
1315184521 1
1315184581 2
1315184641 2
1315184701 2
1315184761 2
1315184821 2
1315184881 2
1315184941 2
1315185001 2
1315185061 2
1315185121 2
1315185181 2
1315185241 2
1315185301 2
1315185362 1
1315185421 1
1315185481 1
1315185541 1
1315185601 1
1315185661 1
1315185721 1
1315185781 1
1315185841 1
1315185901 2
1315185961 2
1315186021 2
1315186081 2
1315186141 2
1315186201 2
1315186261 2
1315186321 2
1315186381 2
1315186441 2
1315186501 1
1315186561 1
1315186621 1
1315186681 1
1315186741 1
1315186801 1
1315186861 1
1315186921 1
1315186981 2
1315187041 2
1315187101 2
1315187161 2
1315187221 2
1315187281 2
1315187341 2
1315187401 2
1315187461 2
1315187521 3
1315187581 4
1315187641 4
1315187701 4
1315187761 5
1315187821 5
1315187881 5
1315187941 6
1315188001 6
1315188061 6
1315188121 6
1315188181 6
1315188241 6
1315188301 6
1315188361 6
1315188421 6
1315188481 6
1315188541 6
1315188601 3
1315188661 3
1315188721 3
1315188781 3
1315188841 3
1315188901 3
1315188961 3
1315189021 3
1315189081 3
1315189141 3
1315189201 3
1315189261 3
1315189321 1
1315189381 2
1315189441 2
1315189501 2
1315189561 2
1315189621 2
1315189681 2
1315189741 2
1315189801 1
1315189861 1
1315189921 1
1315189981 1
1315190041 1
1315190101 1
1315190161 1
1315190221 1
1315190281 1
1315190341 1
1315190401 1
1315190461 1
1315190521 0
1315190581 1
1315190641 1
1315190701 1
1315190761 2
1315190822 2
1315190881 2
1315190941 2
1315191001 2
1315191061 2
1315191121 2
1315191181 2
1315191241 2
1315191301 1
1315191361 1
1315191421 1
1315191481 1
1315191541 1
1315191601 1
1315191661 1
1315191721 1
1315191781 1
1315191841 1
1315191901 1
1315191961 1
1315192021 1
1315192081 1
1315192141 1
1315192201 1
1315192261 1
1315192321 1
1315192381 1
1315192441 1
1315192501 1
1315192561 1
1315192621 1
1315192681 1
1315192741 1
1315192801 1
1315192861 1
1315192921 1
1315192981 1
1315193041 2
1315193101 2
1315193161 2
1315193221 2
1315193281 2
1315193341 2
1315193401 2
1315193461 3
1315193521 3
1315193581 3
1315193641 3
1315193701 3
1315193761 3
1315193821 3
1315193881 3
1315193941 3
1315194001 3
1315194061 1
1315194121 2
1315194181 2
1315194241 2
1315194301 1
1315194361 1
1315194421 1
1315194481 1
1315194541 1
1315194601 1
1315194661 1
1315194721 1
1315194782 1
1315194841 1
1315194901 1
1315194961 1
1315195021 0
1315195081 0
1315195141 0
1315195201 0
1315195261 0
1315195321 0
1315195381 0
1315195441 0
1315195501 0
1315195562 0
1315195621 0
1315195681 0
1315195741 0
1315195801 0
1315195861 0
1315195921 1
1315195981 1
1315196041 1
1315196101 1
1315196161 2
1315196221 2
1315196281 2
1315196341 2
1315196401 1
1315196461 1
1315196521 1
1315196581 0
1315196641 0
1315196701 0
1315196761 0
1315196821 0
1315196881 0
1315196941 0
1315197001 1
1315197061 1
1315197121 1
1315197181 1
1315197241 1
1315197301 1
1315197361 1
1315197421 1
1315197481 1
1315197541 1
1315197601 1
1315197661 1
1315197721 1
1315197781 1
1315197841 1
1315197901 1
1315197961 1
1315198022 1
1315198081 1
1315198141 1
1315198201 1
1315198261 1
1315198321 1
1315198381 1
1315198441 1
1315198501 1
1315198561 1
1315198621 1
1315198681 1
1315198741 1
1315198801 1
1315198861 1
1315198921 1
1315198981 1
1315199041 1
1315199101 1
1315199161 1
1315199221 1
1315199281 1
1315199341 1
1315199401 1
1315199461 1
1315199521 1
1315199581 1
1315199641 1
1315199701 1
1315199761 2
1315199821 2
1315199881 2
1315199941 2
1315200001 2
1315200061 2
1315200121 2
1315200181 2
1315200241 2
1315200301 1
1315200361 1
1315200421 1
1315200481 2
1315200541 2
1315200601 2
1315200661 2
1315200721 2
1315200781 2
1315200841 2
1315200901 2
1315200961 3
1315201021 4
1315201081 5
1315201141 5
1315201201 5
1315201261 6
1315201321 6
1315201381 6
1315201441 6
1315201501 5
1315201561 5
1315201621 6
1315201681 6
1315201741 4
1315201801 4
1315201861 4
1315201921 4
1315201981 4
1315202041 4
1315202101 4
1315202161 4
1315202221 4
1315202281 4
1315202341 3
1315202401 3
1315202461 3
1315202521 3
1315202581 3
1315202641 3
1315202701 3
1315202761 3
1315202821 3
1315202881 3
1315202941 3
1315203001 3
1315203061 3
1315203121 3
1315203181 3
1315203241 3
1315203301 3
1315203361 3
1315203421 3
1315203481 2
1315203541 2
1315203601 3
1315203661 3
1315203721 3
1315203781 4
1315203841 4
1315203901 4
1315203961 4
1315204021 4
1315204081 4
1315204141 4
1315204201 4
1315204261 2
1315204321 2
1315204381 2
1315204441 3
1315204501 3
1315204561 3
1315204621 4
1315204681 4
1315204741 4
1315204801 4
1315204861 4
1315204921 4
1315204981 5
1315205041 5
1315205101 5
1315205161 6
1315205222 6
1315205281 6
1315205341 6
1315205401 5
1315205461 5
1315205521 5
1315205581 5
1315205641 5
1315205701 7
1315205761 7
1315205821 7
1315205881 8
1315205941 8
1315206001 5
1315206061 5
1315206122 5
1315206181 5
1315206241 5
1315206301 5
1315206361 3
1315206421 3
1315206481 3
1315206541 3
1315206601 4
1315206661 3
1315206721 3
1315206781 3
1315206841 3
1315206901 3
1315206961 3
1315207021 3
1315207081 3
1315207141 3
1315207202 3
1315207262 3
1315207321 2
1315207381 3
1315207441 3
1315207501 3
1315207561 3
1315207621 3
1315207681 3
1315207741 3
1315207801 3
1315207861 2
1315207921 2
1315207981 2
1315208041 2
1315208101 2
1315208161 2
1315208221 2
1315208281 1
1315208341 1
1315208401 1
1315208461 1
1315208521 1
1315208581 1
1315208641 1
1315208701 1
1315208761 1
1315208821 1
1315208881 1
1315208941 1
1315209001 1
1315209061 1
1315209121 1
1315209181 1
1315209241 1
1315209301 1
1315209361 1
1315209421 1
1315209481 1
1315209541 2
1315209601 2
1315209661 3
1315209721 3
1315209781 3
1315209841 3
1315209901 3
1315209961 3
1315210021 3
1315210081 3
1315210141 3
1315210201 3
1315210261 1
1315210321 1
1315210381 2
1315210441 2
1315210501 2
1315210561 2
1315210621 2
1315210681 2
1315210741 2
1315210801 2
1315210861 2
1315210921 2
1315210981 2
1315211041 2
1315211101 1
1315211161 2
1315211221 2
1315211281 2
1315211341 2
1315211401 2
1315211461 2
1315211521 2
1315211581 2
1315211641 3
1315211701 4
1315211761 4
1315211821 4
1315211881 4
1315211941 5
1315212001 5
1315212061 5
1315212122 5
1315212181 3
1315212241 3
1315212301 3
1315212361 3
1315212421 2
1315212481 3
1315212541 3
1315212601 3
1315212661 3
1315212721 3
1315212781 4
1315212841 4
1315212901 4
1315212961 4
1315213021 3
1315213081 3
1315213141 5
1315213201 5
1315213261 3
1315213321 3
1315213381 3
1315213441 3
1315213501 4
1315213561 4
1315213621 4
1315213681 4
1315213741 2
1315213801 2
1315213861 2
1315213921 2
1315213981 1
1315214041 1
1315214101 1
1315214161 1
1315214221 1
1315214281 1
1315214341 1
1315214401 1
1315214461 1
1315214521 2
1315214581 2
1315214641 2
1315214701 3
1315214761 3
1315214821 3
1315214881 3
1315214941 3
1315215001 3
1315215061 3
1315215121 3
1315215182 3
1315215241 2
1315215301 2
1315215361 2
1315215421 2
1315215481 2
1315215541 2
1315215601 2
1315215661 2
1315215721 2
1315215781 2
1315215841 2
1315215901 2
1315215961 2
1315216021 2
1315216081 2
1315216141 2
1315216201 2
1315216261 2
1315216321 3
1315216381 3
1315216441 3
1315216501 4
1315216561 4
1315216621 4
1315216681 4
1315216741 4
1315216801 4
1315216861 4
1315216921 4
1315216981 3
1315217041 4
1315217101 4
1315217161 4
1315217221 4
1315217281 4
1315217341 4
1315217401 4
1315217461 2
1315217521 2
1315217581 2
1315217641 2
1315217701 2
1315217761 2
1315217821 2
1315217881 1
1315217941 3
1315218001 3
1315218061 3
1315218121 4
1315218181 4
1315218241 4
1315218301 4
1315218362 4
1315218421 4
1315218481 4
1315218541 4
1315218601 4
1315218661 4
1315218721 4
1315218781 2
1315218841 2
1315218901 2
1315218961 2
1315219021 2
1315219081 2
1315219141 2
1315219201 2
1315219261 2
1315219321 2
1315219381 2
1315219441 2
1315219501 2
1315219561 2
1315219621 2
1315219681 2
1315219741 2
1315219801 2
1315219861 2
1315219921 2
1315219981 2
1315220041 2
1315220101 2
1315220161 2
1315220221 2
1315220281 2
1315220341 2
1315220401 2
1315220461 2
1315220521 2
1315220581 2
1315220641 2
1315220701 2
1315220761 2
1315220821 2
1315220881 2
1315220941 2
1315221001 1
1315221061 1
1315221121 1
1315221181 1
1315221241 1
1315221301 1
1315221361 1
1315221421 1
1315221481 1
1315221541 1
1315221601 2
1315221661 2
1315221721 2
1315221781 2
1315221841 2
1315221901 2
1315221961 2
1315222021 3
1315222081 3
1315222141 3
1315222201 3
1315222261 3
1315222321 3
1315222381 3
1315222441 3
1315222501 3
1315222561 3
1315222621 3
1315222681 3
1315222741 1
1315222801 1
1315222861 1
1315222921 1
1315222981 1
1315223041 2
1315223101 2
1315223161 2
1315223221 2
1315223281 2
1315223341 2
1315223401 2
1315223461 2
1315223521 2
1315223581 2
1315223641 2
1315223701 2
1315223762 2
1315223821 3
1315223881 2
1315223941 3
1315224001 3
1315224061 3
1315224121 3
1315224181 2
1315224241 2
1315224301 2
1315224361 2
1315224421 2
1315224481 2
1315224541 2
1315224601 2
1315224661 1
1315224721 1
1315224781 1
1315224841 1
1315224902 1
1315224961 1
1315225021 1
1315225081 1
1315225141 1
1315225201 1
1315225261 1
1315225321 1
1315225381 1
1315225441 1
1315225501 1
1315225561 1
1315225621 1
1315225681 1
1315225741 1
1315225801 1
1315225861 1
1315225921 1
1315225981 1
1315226041 1
1315226101 1
1315226161 1
1315226221 1
1315226281 1
1315226341 1
1315226401 1
1315226461 2
1315226521 2
1315226581 3
1315226641 3
1315226701 3
1315226761 3
1315226821 3
1315226881 3
1315226941 3
1315227001 3
1315227061 3
1315227121 4
1315227181 4
1315227241 4
1315227301 4
1315227361 4
1315227421 4
1315227481 4
1315227542 4
1315227601 4
1315227661 4
1315227721 4
1315227781 5
1315227841 6
1315227901 7
1315227961 8
1315228022 8
1315228082 8
1315228141 8
1315228201 8
1315228261 8
1315228321 8
1315228381 7
1315228441 7
1315228501 7
1315228561 7
1315228621 7
1315228681 7
1315228741 7
1315228801 7
1315228861 7
1315228921 7
1315228981 7
1315229041 6
1315229101 6
1315229161 6
1315229221 6
1315229281 6
1315229341 6
1315229401 6
1315229461 6
1315229521 6
1315229581 6
1315229641 6
1315229701 6
1315229761 6
1315229821 5
1315229881 7
1315229941 7
1315230001 7
1315230061 7
1315230121 7
1315230181 7
1315230241 7
1315230301 7
1315230361 7
1315230421 5
1315230481 5
1315230541 5
1315230601 5
1315230661 5
1315230721 5
1315230781 5
1315230841 5
1315230901 5
1315230961 6
1315231021 6
1315231081 6
1315231141 6
1315231201 6
1315231261 6
1315231321 6
1315231381 6
1315231441 4
1315231501 4
1315231561 2
1315231621 2
1315231681 2
1315231741 2
1315231801 2
1315231861 2
1315231921 2
1315231981 2
1315232041 2
1315232101 2
1315232161 2
1315232221 2
1315232281 2
1315232341 2
1315232401 2
1315232461 2
1315232521 2
1315232581 2
1315232641 2
1315232701 2
1315232761 3
1315232821 3
1315232881 3
1315232941 3
1315233001 4
1315233061 4
1315233121 5
1315233181 5
1315233241 5
1315233301 4
1315233361 4
1315233421 4
1315233481 3
1315233541 4
1315233601 4
1315233661 4
1315233721 3
1315233781 3
1315233841 3
1315233901 3
1315233961 3
1315234021 3
1315234081 3
1315234141 3
1315234201 3
1315234262 3
1315234321 3
1315234381 3
1315234441 3
1315234501 3
1315234561 3
1315234621 1
1315234681 1
1315234741 1
1315234801 1
1315234861 2
1315234921 2
1315234981 2
1315235041 2
1315235101 2
1315235161 2
1315235221 2
1315235281 2
1315235341 2
1315235401 2
1315235461 2
1315235521 2
1315235581 2
1315235641 2
1315235701 2
1315235761 2
1315235821 2
1315235881 2
1315235941 2
1315236001 2
1315236061 2
1315236121 2
1315236181 1
1315236241 2
1315236301 2
1315236361 4
1315236421 4
1315236481 4
1315236541 4
1315236601 4
1315236661 4
1315236721 4
1315236781 4
1315236841 4
1315236901 4
1315236961 4
1315237022 4
1315237081 4
1315237141 4
1315237201 1
1315237261 1
1315237321 1
1315237381 1
1315237441 1
1315237501 1
1315237561 1
1315237621 1
1315237681 0
1315237741 0
1315237801 0
1315237861 1
1315237921 1
1315237981 2
1315238041 2
1315238101 2
1315238161 2
1315238221 2
1315238281 2
1315238341 2
1315238401 2
