1313078461 1
1313078521 1
1313078581 1
1313078641 2
1313078701 2
1313078761 2
1313078822 2
1313078881 2
1313078941 2
1313079001 2
1313079061 2
1313079121 2
1313079181 2
1313079241 2
1313079301 0
1313079361 0
1313079421 0
1313079481 0
1313079541 0
1313079601 0
1313079661 0
1313079721 0
1313079781 0
1313079841 0
1313079901 0
1313079961 0
1313080021 0
1313080081 0
1313080141 0
1313080201 0
1313080261 0
1313080321 0
1313080381 0
1313080441 0
1313080501 0
1313080561 0
1313080621 0
1313080681 0
1313080741 0
1313080801 0
1313080861 0
1313080921 0
1313080981 0
1313081041 0
1313081101 0
1313081161 0
1313081221 0
1313081281 0
1313081341 1
1313081401 1
1313081461 1
1313081521 1
1313081581 1
1313081641 1
1313081701 1
1313081761 1
1313081821 1
1313081881 1
1313081941 1
1313082001 1
1313082061 1
1313082121 1
1313082181 1
1313082241 1
1313082301 1
1313082361 1
1313082421 1
1313082481 1
1313082541 1
1313082601 1
1313082661 1
1313082721 1
1313082781 1
1313082841 1
1313082901 1
1313082961 1
1313083021 1
1313083081 1
1313083141 1
1313083201 1
1313083261 1
1313083321 1
1313083381 1
1313083441 1
1313083501 1
1313083561 1
1313083621 1
1313083681 1
1313083741 1
1313083801 1
1313083861 1
1313083921 1
1313083981 1
1313084041 1
1313084101 1
1313084161 1
1313084221 1
1313084281 1
1313084341 1
1313084401 1
1313084461 1
1313084521 1
1313084581 1
1313084641 1
1313084701 1
1313084761 1
1313084821 1
1313084881 1
1313084941 1
1313085001 1
1313085061 1
1313085121 1
1313085181 1
1313085241 1
1313085301 1
1313085361 1
1313085421 1
1313085481 1
1313085541 1
1313085601 1
1313085661 1
1313085721 1
1313085781 1
1313085841 1
1313085901 1
1313085961 1
1313086021 1
1313086081 1
1313086141 1
1313086201 1
1313086261 1
1313086321 1
1313086381 1
1313086441 1
1313086501 1
1313086561 1
1313086621 1
1313086681 1
1313086741 1
1313086803 1
1313086861 1
1313086921 1
1313086981 1
1313087041 1
1313087101 1
1313087161 1
1313087221 1
1313087281 1
1313087341 1
1313087401 1
1313087461 1
1313087521 1
1313087581 1
1313087641 1
1313087701 1
1313087761 1
1313087821 1
1313087881 1
1313087941 1
1313088002 1
1313088061 1
1313088121 1
1313088181 1
1313088241 0
1313088301 0
1313088361 0
1313088421 0
1313088481 0
1313088541 0
1313088601 0
1313088661 0
1313088721 0
1313088781 0
1313088841 0
1313088901 0
1313088961 0
1313089021 0
1313089081 0
1313089141 0
1313089201 0
1313089261 0
1313089321 0
1313089381 0
1313089441 0
1313089501 0
1313089561 0
1313089621 0
1313089681 0
1313089741 0
1313089801 0
1313089861 0
1313089921 0
1313089981 0
1313090041 0
1313090101 0
1313090161 0
1313090221 0
1313090281 0
1313090341 0
1313090401 0
1313090461 0
1313090521 0
1313090581 0
1313090641 0
1313090701 0
1313090761 0
1313090821 0
1313090881 0
1313090941 0
1313091001 0
1313091061 0
1313091121 0
1313091181 0
1313091241 0
1313091301 0
1313091361 0
1313091421 0
1313091481 0
1313091541 0
1313091601 0
1313091661 0
1313091721 0
1313091781 0
1313091841 0
1313091901 0
1313091961 0
1313092021 0
1313092081 0
1313092141 0
1313092201 0
1313092261 0
1313092321 0
1313092381 0
1313092441 1
1313092501 1
1313092562 1
1313092621 1
1313092681 1
1313092741 1
1313092801 1
1313092861 1
1313092921 1
1313092981 1
1313093041 1
1313093101 1
1313093161 1
1313093221 1
1313093281 1
1313093341 1
1313093401 1
1313093461 1
1313093521 1
1313093581 1
1313093641 1
1313093701 1
1313093761 1
1313093821 1
1313093882 1
1313093941 1
1313094001 1
1313094061 1
1313094121 1
1313094181 1
1313094241 1
1313094301 1
1313094361 1
1313094421 1
1313094481 1
1313094541 1
1313094601 1
1313094661 1
1313094721 1
1313094781 1
1313094841 1
1313094901 1
1313094961 1
1313095021 1
1313095081 1
1313095141 1
1313095201 1
1313095261 1
1313095321 1
1313095381 1
1313095441 1
1313095501 1
1313095561 1
1313095622 1
1313095681 1
1313095741 1
1313095801 1
1313095861 1
1313095921 1
1313095981 1
1313096041 1
1313096101 1
1313096161 1
1313096221 1
1313096281 1
1313096341 1
1313096401 1
1313096461 1
1313096521 1
1313096581 1
1313096641 1
1313096701 1
1313096761 1
1313096821 1
1313096881 1
1313096941 1
1313097001 1
1313096994 1
1313097001 1
1313097061 1
1313097121 1
1313097181 1
1313097241 1
1313097301 1
1313097361 1
1313097421 1
1313097481 1
1313097541 1
1313097601 1
1313097661 1
1313097721 1
1313097781 1
1313097841 1
1313097901 1
1313097961 1
1313098021 1
1313098081 1
1313098141 1
1313098201 1
1313098261 1
1313098321 1
1313098381 1
1313098441 1
1313098501 1
1313098561 1
1313098621 1
1313098681 1
1313098741 1
1313098801 1
1313098861 1
1313098921 1
1313098981 1
1313099041 1
1313099101 1
1313099161 1
1313099221 1
1313099281 1
1313099341 1
1313099401 1
1313099461 1
1313099521 1
1313099581 1
1313099641 1
1313099701 1
1313099761 1
1313099821 1
1313099881 1
1313099941 1
1313100001 1
1313100061 1
1313100121 1
1313100181 1
1313100241 1
1313100301 1
1313100361 1
1313100421 1
1313100481 1
1313100541 1
1313100601 1
1313100661 1
1313100721 1
1313100781 1
1313100841 1
1313100901 1
1313100961 1
1313101021 1
1313101081 1
1313101141 1
1313101201 1
1313101261 1
1313101321 1
1313101381 1
1313101441 1
1313101501 1
1313101561 1
1313101621 1
1313101681 1
1313101741 1
1313101801 1
1313101861 1
1313101921 1
1313101981 1
1313102041 1
1313102101 1
1313102161 1
1313102221 1
1313102281 1
1313102341 1
1313102401 1
1313102461 1
1313102521 1
1313102581 1
1313102641 1
1313102701 1
1313102761 1
1313102821 1
1313102881 1
1313102941 1
1313103001 1
1313103061 1
1313103121 1
1313103181 1
1313103242 1
1313103301 1
1313103361 1
1313103421 1
1313103481 1
1313103541 1
1313103601 1
1313103661 1
1313103721 1
1313103781 1
1313103841 1
1313103901 1
1313103961 0
1313104021 0
1313104081 0
1313104141 0
1313104201 0
1313104261 0
1313104321 0
1313104381 0
1313104441 0
1313104501 0
1313104561 0
1313104621 0
1313104681 0
1313104741 0
1313104801 0
1313104861 0
1313104921 0
1313104982 0
1313105042 0
1313105101 0
1313105161 0
1313105221 0
1313105281 0
1313105341 0
1313105401 0
1313105461 0
1313105521 0
1313105581 0
1313105641 0
1313105701 0
1313105761 0
1313105821 0
1313105881 0
1313105941 0
1313106001 0
1313106061 0
1313106121 0
1313106181 0
1313106241 0
1313106301 0
1313106361 0
1313106421 0
1313106481 0
1313106541 0
1313106601 0
1313106661 0
1313106721 0
1313106781 0
1313106841 0
1313106901 0
1313106961 0
1313107021 0
1313107081 0
1313107141 0
1313107201 0
1313107261 1
1313107321 1
1313107381 1
1313107441 1
1313107501 1
1313107561 1
1313107621 1
1313107681 0
1313107741 1
1313107801 1
1313107861 1
1313107921 1
1313107981 1
1313108041 1
1313108101 1
1313108161 1
1313108221 1
1313108282 1
1313108341 1
1313108401 1
1313108462 1
1313108521 1
1313108581 1
1313108641 1
1313108701 1
1313108762 1
1313108821 1
1313108881 1
1313108941 1
1313109001 1
1313109061 1
1313109121 1
1313109181 1
1313109241 1
1313109301 1
1313109361 1
1313109421 1
1313109481 0
1313109541 0
1313109601 0
1313109661 0
1313109721 0
1313109781 0
1313109841 0
1313109901 0
1313109961 0
1313110021 0
1313110081 0
1313110141 0
1313110201 0
1313110261 0
1313110321 1
1313110381 1
1313110441 1
1313110501 1
1313110561 1
1313110621 1
1313110681 1
1313110741 1
1313110801 1
1313110861 1
1313110921 1
1313110981 1
1313111041 1
1313111101 1
1313111161 1
1313111221 1
1313111281 1
1313111341 1
1313111401 1
1313111461 1
1313111521 1
1313111581 0
1313111641 0
1313111701 0
1313111761 0
1313111821 0
1313111881 0
1313111941 0
1313112001 0
1313112061 0
1313112121 0
1313112181 0
1313112241 0
1313112301 0
1313112361 0
1313112421 0
1313112481 0
1313112541 0
1313112601 0
1313112661 0
1313112721 0
1313112781 0
1313112841 0
1313112901 0
1313112961 0
1313113021 0
1313113081 0
1313113141 0
1313113201 0
1313113261 0
1313113321 0
1313113381 0
1313113441 0
1313113501 0
1313113561 0
1313113621 0
1313113681 0
1313113741 0
1313113801 0
1313113861 0
1313113921 0
1313113981 1
1313114041 1
1313114101 1
1313114161 1
1313114221 1
1313114281 1
1313114342 1
1313114401 1
1313114461 1
1313114521 1
1313114581 1
1313114641 1
1313114701 1
1313114761 1
1313114821 1
1313114881 1
1313114941 1
1313115001 1
1313115062 1
1313115121 1
1313115181 1
1313115241 1
1313115301 1
1313115361 1
1313115421 1
1313115481 1
1313115541 1
1313115601 1
1313115661 1
1313115721 1
1313115781 1
1313115841 1
1313115901 1
1313115961 1
1313116021 1
1313116081 1
1313116141 0
1313116201 1
1313116261 1
1313116321 1
1313116381 1
1313116441 1
1313116501 1
1313116561 1
1313116621 1
1313116682 1
1313116741 1
1313116801 1
1313116861 1
1313116921 1
1313116981 1
1313117041 1
1313117101 1
1313117161 1
1313117221 1
1313117281 1
1313117341 1
1313117401 1
1313117461 1
1313117521 1
1313117581 1
1313117641 1
1313117701 1
1313117761 1
1313117821 1
1313117881 1
1313117941 1
1313118001 1
1313118061 1
1313118121 0
1313118181 0
1313118241 0
1313118301 0
1313118361 1
1313118421 1
1313118481 1
1313118541 1
1313118601 1
1313118661 1
1313118721 1
1313118782 1
1313118841 1
1313118901 1
1313118961 1
1313119021 1
1313119081 1
1313119141 1
1313119201 1
1313119261 1
1313119321 1
1313119381 1
1313119441 1
1313119501 1
1313119561 1
1313119621 1
1313119681 1
1313119741 1
1313119801 1
1313119861 2
1313119921 2
1313119981 2
1313120041 2
1313120101 2
1313120161 2
1313120221 2
1313120281 2
1313120341 2
1313120401 2
1313120461 2
1313120521 1
1313120581 1
1313120641 1
1313120701 1
1313120761 1
1313120821 1
1313120881 1
1313120941 1
1313121001 1
1313121061 1
1313121121 1
1313121181 1
1313121241 1
1313121302 1
1313121361 1
1313121421 1
1313121481 1
1313121541 1
1313121601 1
1313121661 1
1313121721 1
1313121781 1
1313121841 1
1313121901 1
1313121961 1
1313122021 1
1313122081 1
1313122141 1
1313122201 1
1313122261 1
1313122321 1
1313122381 1
1313122441 1
1313122501 1
1313122561 1
1313122621 1
1313122681 1
1313122741 1
1313122801 1
1313122861 1
1313122921 1
1313122981 1
1313123041 1
1313123101 1
1313123161 1
1313123221 1
1313123281 1
1313123341 1
1313123401 1
1313123461 1
1313123521 1
1313123581 1
1313123641 1
1313123701 1
1313123761 1
1313123821 1
1313123881 1
1313123941 1
1313124001 1
1313124061 1
1313124121 1
1313124181 1
1313124241 1
1313124301 1
1313124361 2
1313124421 2
1313124481 2
1313124541 2
1313124601 2
1313124661 2
1313124721 2
1313124781 2
1313124841 2
1313124901 2
1313124961 2
1313125021 2
1313125081 2
1313125141 2
1313125201 2
1313125261 2
1313125321 2
1313125381 2
1313125441 2
1313125501 2
1313125561 2
1313125621 2
1313125681 2
1313125741 2
1313125801 2
1313125861 2
1313125921 3
1313125981 3
1313126041 3
1313126101 4
1313126161 4
1313126221 4
1313126281 4
1313126341 4
1313126401 4
1313126461 4
1313126521 4
1313126581 2
1313126641 3
1313126701 3
1313126761 3
1313126821 3
1313126881 3
1313126941 3
1313127001 3
1313127061 3
1313127121 3
1313127181 3
1313127241 3
1313127301 3
1313127361 3
1313127421 3
1313127481 3
1313127542 3
1313127601 3
1313127661 3
1313127721 3
1313127781 3
1313127841 3
1313127901 3
1313127961 3
1313128021 3
1313128081 3
1313128141 3
1313128201 3
1313128261 2
1313128321 2
1313128381 2
1313128441 2
1313128501 2
1313128561 2
1313128621 2
1313128681 3
1313128741 4
1313128801 4
1313128861 5
1313128921 5
1313128981 5
1313129041 5
1313129101 5
1313129161 5
1313129221 5
1313129281 5
1313129341 5
1313129401 5
1313129461 5
1313129521 5
1313129581 5
1313129641 5
1313129701 5
1313129761 5
1313129821 5
1313129881 5
1313129941 5
1313130001 5
1313130061 5
1313130121 5
1313130181 5
1313130242 5
1313130301 5
1313130361 1
1313130421 2
1313130481 2
1313130541 2
1313130601 2
1313130661 2
1313130721 2
1313130782 2
1313130842 3
1313130901 3
1313130961 3
1313131021 3
1313131081 3
1313131141 3
1313131201 3
1313131261 3
1313131321 3
1313131381 3
1313131441 3
1313131501 3
1313131561 3
1313131621 3
1313131681 3
1313131741 3
1313131801 3
1313131861 3
1313131921 2
1313131981 2
1313132041 2
1313132101 2
1313132161 2
1313132221 2
1313132281 2
1313132341 2
1313132401 2
1313132461 2
1313132521 2
1313132581 3
1313132641 3
1313132702 4
1313132762 5
1313132821 5
1313132881 5
1313132941 5
1313133001 5
1313133061 5
1313133121 5
1313133181 4
1313133241 4
1313133301 4
1313133361 4
1313133421 4
1313133481 4
1313133541 3
1313133601 3
1313133661 3
1313133721 3
1313133781 3
1313133841 2
1313133901 3
1313133961 3
1313134021 3
1313134081 3
1313134141 3
1313134201 3
1313134261 3
1313134321 3
1313134381 3
1313134441 3
1313134501 3
1313134561 3
1313134621 3
1313134681 3
1313134741 3
1313134801 3
1313134861 3
1313134921 3
1313134981 3
1313135041 2
1313135102 2
1313135161 2
1313135221 2
1313135281 2
1313135341 2
1313135401 2
1313135461 2
1313135521 2
1313135581 2
1313135641 2
1313135701 2
1313135761 2
1313135821 2
1313135881 2
1313135941 2
1313136001 3
1313136061 3
1313136121 3
1313136181 3
1313136241 4
1313136301 4
1313136361 4
1313136421 4
1313136481 4
1313136541 4
1313136601 4
1313136662 3
1313136721 4
1313136781 4
1313136841 4
1313136901 4
1313136961 4
1313137021 4
1313137081 4
1313137141 4
1313137201 4
1313137261 4
1313137321 5
1313137381 5
1313137441 5
1313137501 5
1313137562 5
1313137621 5
1313137681 5
1313137741 5
1313137801 5
1313137861 5
1313137921 5
1313137981 5
1313138041 5
1313138101 5
1313138161 5
1313138221 5
1313138281 5
1313138341 5
1313138401 5
1313138461 5
1313138521 5
1313138581 5
1313138641 5
1313138701 5
1313138761 5
1313138821 5
1313138881 5
1313138941 5
1313139001 5
1313139061 5
1313139121 5
1313139181 5
1313139241 5
1313139301 1
1313139361 1
1313139421 1
1313139481 1
1313139541 1
1313139601 1
1313139661 1
1313139721 1
1313139781 1
1313139841 1
1313139901 1
1313139961 1
1313140021 1
1313140081 1
1313140141 1
1313140201 1
1313140261 1
1313140321 2
1313140381 2
1313140441 2
1313140501 2
1313140561 2
1313140621 2
1313140681 2
1313140741 2
1313140801 2
1313140861 2
1313140921 2
1313140981 2
1313141041 2
1313141101 3
1313141161 3
1313141221 3
1313141281 3
1313141341 3
1313141401 3
1313141461 3
1313141521 3
1313141581 3
1313141641 3
1313141701 3
1313141761 3
1313141821 3
1313141881 3
1313141941 3
1313142001 3
1313142061 3
1313142121 3
1313142181 3
1313142241 3
1313142301 3
1313142361 3
1313142421 3
1313142481 3
1313142541 3
1313142601 3
1313142661 3
1313142721 3
1313142782 3
1313142841 3
1313142901 3
1313142961 3
1313143021 3
1313143081 3
1313143141 3
1313143201 3
1313143261 3
1313143321 1
1313143381 1
1313143441 1
1313143501 1
1313143561 1
1313143621 1
1313143681 1
1313143741 1
1313143801 1
1313143861 1
1313143921 1
1313143981 1
1313144041 1
1313144101 1
1313144161 1
1313144221 1
1313144281 2
1313144341 2
1313144401 2
1313144461 2
1313144521 2
1313144581 2
1313144641 2
1313144701 2
1313144761 2
1313144821 2
1313144881 3
1313144941 3
1313145001 3
1313145061 3
1313145121 3
1313145181 3
1313145241 3
1313145301 3
1313145361 3
1313145421 3
1313145481 3
1313145541 3
1313145601 3
1313145661 3
1313145721 1
1313145781 2
1313145841 2
1313145901 2
1313145961 2
1313146021 2
1313146081 2
1313146141 2
1313146201 2
1313146261 2
1313146321 2
1313146381 2
1313146441 2
1313146501 2
1313146561 2
1313146621 2
1313146681 2
1313146741 2
1313146801 2
1313146861 2
1313146921 2
1313146981 2
1313147041 2
1313147101 1
1313147161 1
1313147221 1
1313147281 1
1313147341 1
1313147401 1
1313147461 1
1313147521 1
1313147581 1
1313147641 1
1313147701 1
1313147761 1
1313147822 1
1313147881 1
1313147941 1
1313148001 1
1313148061 1
1313148121 1
1313148181 1
1313148241 1
1313148301 1
1313148361 1
1313148421 1
1313148481 1
1313148541 1
1313148601 1
1313148661 1
1313148721 1
1313148781 2
1313148841 2
1313148901 3
1313148961 3
1313149021 3
1313149081 3
1313149141 3
1313149201 3
1313149261 3
1313149321 3
1313149381 3
1313149441 4
1313149501 4
1313149561 4
1313149621 4
1313149681 4
1313149741 4
1313149801 4
1313149861 4
1313149921 4
1313149981 4
1313150041 4
1313150101 4
1313150161 4
1313150221 4
1313150281 4
1313150341 5
1313150401 5
1313150461 5
1313150521 5
1313150581 5
1313150641 5
1313150701 5
1313150761 5
1313150821 5
1313150881 5
1313150941 5
1313151001 5
1313151061 5
1313151121 5
1313151181 5
1313151241 5
1313151301 5
1313151361 5
1313151421 5
1313151482 5
1313151541 5
1313151601 5
1313151661 5
1313151721 5
1313151781 5
1313151841 5
1313151901 5
1313151961 5
1313152021 5
1313152082 5
1313152141 5
1313152201 5
1313152261 5
1313152321 5
1313152381 5
1313152441 5
1313152501 5
1313152561 1
1313152621 1
1313152681 1
1313152741 1
1313152801 1
1313152861 1
1313152921 1
1313152981 1
1313153041 1
1313153101 1
1313153161 1
1313153221 1
1313153281 1
1313153341 1
1313153401 1
1313153461 1
1313153521 1
1313153581 1
1313153641 1
1313153701 1
1313153761 1
1313153821 1
1313153881 1
1313153941 1
1313154001 1
1313154061 1
1313154121 1
1313154181 1
1313154241 1
1313154301 2
1313154361 2
1313154421 2
1313154481 2
1313154541 2
1313154601 2
1313154661 2
1313154721 2
1313154781 2
1313154841 2
1313154901 2
1313154961 2
1313155021 2
1313155081 2
1313155142 2
1313155201 2
1313155261 2
1313155321 2
1313155381 2
1313155441 2
1313155501 2
1313155561 2
1313155621 2
1313155681 2
1313155741 2
1313155801 2
1313155861 2
1313155921 1
1313155981 1
1313156041 1
1313156101 1
1313156161 1
1313156221 1
1313156281 1
1313156341 1
1313156401 1
1313156461 1
1313156521 1
1313156581 1
1313156641 1
1313156701 1
1313156761 1
1313156821 1
1313156881 1
1313156941 1
1313157001 1
1313157061 1
1313157121 1
1313157181 1
1313157241 1
1313157301 1
1313157361 1
1313157421 1
1313157482 1
1313157541 1
1313157601 1
1313157661 1
1313157721 1
1313157781 1
1313157841 1
1313157901 1
1313157961 1
1313158021 1
1313158081 1
1313158141 1
1313158201 1
1313158261 1
1313158321 1
1313158381 1
1313158441 1
1313158501 1
1313158561 1
1313158621 1
1313158681 1
1313158741 1
1313158801 2
1313158861 2
1313158921 2
1313158981 2
1313159041 2
1313159101 2
1313159161 2
1313159221 2
1313159281 2
1313159341 2
1313159401 2
1313159461 2
1313159521 2
1313159581 2
1313159641 2
1313159701 2
1313159761 2
1313159821 2
1313159881 2
1313159941 2
1313160001 2
1313160061 1
1313160121 1
1313160181 1
1313160241 1
1313160301 1
1313160361 1
1313160421 1
1313160481 1
1313160541 1
1313160601 2
1313160661 2
1313160721 2
1313160781 3
1313160841 3
1313160901 3
1313160961 3
1313161021 3
1313161081 3
1313161141 3
1313161201 3
1313161261 3
1313161321 3
1313161381 3
1313161441 3
1313161501 3
1313161561 3
1313161621 3
1313161681 3
1313161741 3
1313161801 3
1313161861 3
1313161921 1
1313161981 1
1313162041 1
1313162101 1
1313162161 1
1313162221 1
1313162281 1
1313162341 1
1313162401 1
1313162461 1
1313162521 1
1313162581 1
1313162641 1
1313162701 1
1313162761 1
1313162821 1
1313162881 1
1313162941 1
1313163001 2
1313163061 2
1313163121 2
1313163181 2
1313163241 3
1313163301 3
1313163361 3
1313163421 3
1313163481 3
1313163541 3
1313163601 3
1313163661 3
1313163722 3
1313163781 3
1313163841 3
1313163901 3
1313163961 3
1313164021 3
1313164081 3
1313164141 3
1313164201 3
1313164261 3
1313164321 3
1313164381 3
1313164441 3
1313164501 3
1313164561 3
1313164621 3
1313164681 3
1313164741 3
1313164801 3
