1314979981 0
1314980041 0
1314980101 0
1314980161 0
1314980221 0
1314980281 0
1314980341 0
1314980401 0
1314980461 0
1314980521 0
1314980581 0
1314980641 0
1314980701 0
1314980761 0
1314980821 0
1314980881 0
1314980941 0
1314981001 0
1314981061 0
1314981121 0
1314981181 0
1314981241 0
1314981301 0
1314981361 0
1314981421 0
1314981481 1
1314981541 1
1314981601 1
1314981661 1
1314981721 1
1314981781 1
1314981841 1
1314981901 1
1314981961 1
1314982021 1
1314982081 1
1314982141 1
1314982201 1
1314982261 1
1314982321 1
1314982381 1
1314982441 1
1314982501 1
1314982561 1
1314982621 1
1314982681 1
1314982741 1
1314982801 1
1314982861 1
1314982921 1
1314982981 1
1314983041 1
1314983101 1
1314983161 1
1314983221 1
1314983281 1
1314983341 1
1314983401 1
1314983461 1
1314983521 1
1314983581 1
1314983641 0
1314983701 0
1314983761 0
1314983821 0
1314983881 0
1314983941 0
1314984001 0
1314984061 0
1314984121 0
1314984182 0
1314984241 0
1314984301 0
1314984361 0
1314984421 0
1314984481 0
1314984541 0
1314984601 0
1314984661 0
1314984721 0
1314984781 0
1314984841 0
1314984901 0
1314984961 0
1314985021 0
1314985081 0
1314985141 0
1314985201 0
1314985261 0
1314985321 0
1314985381 0
1314985441 0
1314985501 0
1314985561 0
1314985621 0
1314985681 0
1314985741 0
1314985801 0
1314985861 0
1314985921 0
1314985981 0
1314986041 0
1314986101 0
1314986162 0
1314986221 0
1314986281 0
1314986341 0
1314986401 0
1314986461 0
1314986521 0
1314986581 0
1314986641 0
1314986701 0
1314986761 0
1314986821 0
1314986881 0
1314986941 0
1314987001 0
1314987061 0
1314987121 0
1314987181 0
1314987241 0
1314987301 0
1314987361 0
1314987421 0
1314987481 0
1314987541 0
1314987601 0
1314987661 0
1314987721 0
1314987781 0
1314987841 0
1314987901 0
1314987961 0
1314988021 0
1314988081 0
1314988141 0
1314988201 0
1314988261 0
1314988321 0
1314988381 0
1314988441 1
1314988501 1
1314988561 1
1314988621 1
1314988681 1
1314988741 1
1314988801 1
1314988861 0
1314988921 0
1314988981 0
1314989041 0
1314989101 0
1314989161 0
1314989221 0
1314989281 0
1314989341 0
1314989402 0
1314989461 0
1314989521 0
1314989581 0
1314989641 0
1314989701 0
1314989761 0
1314989821 0
1314989881 0
1314989941 0
1314990001 0
1314990061 0
1314990121 0
1314990181 0
1314990241 0
1314990301 0
1314990361 0
1314990421 0
1314990481 0
1314990541 0
1314990601 0
1314990661 0
1314990721 0
1314990781 0
1314990841 0
1314990901 0
1314990961 0
1314991021 0
1314991081 0
1314991141 0
1314991201 0
1314991261 0
1314991321 0
1314991381 0
1314991441 0
1314991501 0
1314991561 0
1314991621 0
1314991681 0
1314991741 0
1314991801 0
1314991861 0
1314991921 0
1314991981 0
1314992041 0
1314992101 0
1314992161 0
1314992221 0
1314992281 0
1314992341 0
1314992401 0
1314992462 0
1314992521 0
1314992581 0
1314992641 0
1314992701 0
1314992761 0
1314992821 0
1314992881 0
1314992941 0
1314993001 0
1314993061 0
1314993121 0
1314993181 0
1314993241 0
1314993301 0
1314993361 0
1314993421 0
1314993481 0
1314993541 0
1314993601 0
1314993661 0
1314993721 0
1314993781 0
1314993841 0
1314993901 0
1314993961 0
1314994021 0
1314994081 0
1314994141 0
1314994201 0
1314994261 0
1314994321 0
1314994381 0
1314994441 0
1314994501 0
1314994561 0
1314994621 0
1314994681 0
1314994741 0
1314994801 0
1314994861 0
1314994921 0
1314994981 0
1314995041 0
1314995101 0
1314995161 0
1314995221 0
1314995281 0
1314995341 0
1314995401 0
1314995462 0
1314995521 0
1314995585 0
1314995641 0
1314995701 0
1314995761 0
1314995821 0
1314995881 0
1314995941 0
1314996001 0
1314996061 0
1314996121 0
1314996181 0
1314996241 0
1314996301 0
1314996361 0
1314996421 0
1314996481 0
1314996541 0
1314996601 0
1314996661 0
1314996721 0
1314996782 0
1314996841 0
1314996901 0
1314996961 0
1314997021 0
1314997081 0
1314997141 0
1314997201 0
1314997261 0
1314997321 0
1314997381 0
1314997441 0
1314997501 0
1314997561 0
1314997621 0
1314997681 0
1314997741 0
1314997801 0
1314997794 0
1314997801 0
1314997861 0
1314997921 0
1314997981 0
1314998041 0
1314998101 0
1314998161 0
1314998221 1
1314998281 1
1314998341 1
1314998401 1
1314998461 1
1314998521 1
1314998581 1
1314998641 1
1314998701 1
1314998761 1
1314998821 1
1314998881 1
1314998941 1
1314999001 1
1314999061 1
1314999121 1
1314999181 1
1314999241 1
1314999301 1
1314999362 1
1314999422 1
1314999481 1
1314999541 1
1314999601 1
1314999661 1
1314999721 1
1314999781 1
1314999841 1
1314999901 1
1314999961 1
1315000021 1
1315000081 1
1315000141 1
1315000201 1
1315000261 1
1315000321 1
1315000381 1
1315000441 1
1315000501 1
1315000562 1
1315000622 1
1315000681 1
1315000741 1
1315000801 1
1315000861 1
1315000921 1
1315000981 1
1315001041 1
1315001101 1
1315001161 1
1315001222 1
1315001281 1
1315001341 1
1315001401 1
1315001461 1
1315001521 1
1315001581 1
1315001641 1
1315001701 1
1315001761 1
1315001821 1
1315001881 1
1315001941 1
1315002001 1
1315002061 1
1315002121 1
1315002182 1
1315002241 1
1315002301 1
1315002361 1
1315002421 1
1315002481 1
1315002541 1
1315002601 1
1315002661 1
1315002721 1
1315002781 1
1315002841 1
1315002901 1
1315002961 1
1315003021 1
1315003081 1
1315003141 1
1315003201 1
1315003261 1
1315003321 1
1315003381 1
1315003441 1
1315003501 1
1315003561 1
1315003621 1
1315003681 1
1315003741 1
1315003801 1
1315003861 1
1315003921 1
1315003981 1
1315004041 1
1315004101 1
1315004161 1
1315004221 1
1315004281 1
1315004341 1
1315004401 1
1315026122 1
1315026181 1
1315026241 1
1315026301 1
1315026361 1
1315026421 1
1315026481 1
1315026541 1
1315026601 1
1315026661 1
1315026721 1
1315026782 1
1315026841 1
1315026901 1
1315026961 1
1315027021 1
1315027081 1
1315027141 0
1315027201 0
1315027261 0
1315027321 0
1315027381 0
1315027441 0
1315027501 0
1315027561 0
1315027621 0
1315027681 0
1315027741 0
1315027801 0
1315027861 0
1315027921 0
1315027981 0
1315028041 0
1315028101 0
1315028161 0
1315028221 0
1315028281 0
1315028341 0
1315028401 0
1315028461 0
1315028521 0
1315028581 0
1315028641 0
1315028701 0
1315028761 0
1315028821 0
1315028881 0
1315028941 0
1315029001 0
1315029061 0
1315029121 0
1315029181 0
1315029241 0
1315029301 0
1315029361 0
1315029421 0
1315029481 0
1315029541 0
1315029601 0
1315029661 0
1315029721 0
1315029781 0
1315029841 0
1315029901 0
1315029961 0
1315030021 0
1315030081 0
1315030141 0
1315030201 0
1315030261 0
1315030321 0
1315030381 0
1315030441 0
1315030501 0
1315030561 0
1315030621 0
1315030681 0
1315030741 0
1315030801 0
1315030861 0
1315030921 0
1315030981 0
1315031041 0
1315031101 0
1315031161 0
1315031221 0
1315031281 0
1315031341 0
1315031401 0
1315031461 0
1315031521 0
1315031581 0
1315031641 0
1315031701 0
1315031761 0
1315031821 0
1315031881 0
1315031941 0
1315032001 0
1315032061 0
1315032121 1
1315032181 1
1315032241 1
1315032301 1
1315032361 1
1315032421 1
1315032481 0
1315032541 0
1315032601 0
1315032661 0
1315032721 0
1315032781 0
1315032842 0
1315032901 0
1315032961 0
1315033021 0
1315033081 0
1315033141 0
1315033201 0
1315033261 0
1315033321 0
1315033381 0
1315033441 0
1315033501 0
1315033561 0
1315033621 0
1315033681 0
1315033741 0
1315033801 0
1315033861 0
1315033921 0
1315033982 1
1315034042 1
1315034101 1
1315034161 1
1315034222 1
1315034281 1
1315034341 1
1315034401 1
1315034461 1
1315034521 1
1315034581 1
1315034641 1
1315034701 1
1315034761 1
1315034821 1
1315034881 1
1315034941 1
1315035001 1
1315035061 1
1315035121 1
1315035181 1
1315035241 1
1315035301 1
1315035361 1
1315035421 1
1315035481 1
1315035541 1
1315035601 1
1315035661 1
1315035721 1
1315035781 1
1315035841 1
1315035901 1
1315035961 1
1315036021 1
1315036081 1
1315036141 1
1315036201 1
1315036261 1
1315036321 1
1315036381 1
1315036441 1
1315036501 1
1315036561 1
1315036621 1
1315036681 1
1315036741 1
1315036801 1
1315036861 1
1315036921 1
1315036981 1
1315037041 1
1315037101 1
1315037161 1
1315037221 1
1315037281 1
1315037341 1
1315037401 1
1315037461 1
1315037521 1
1315037581 1
1315037641 0
1315037701 0
1315037761 0
1315037821 0
1315037881 0
1315037941 0
1315038001 0
1315038061 0
1315038121 0
1315038181 0
1315038241 0
1315038301 0
1315038361 0
1315038421 0
1315038481 0
1315038541 0
1315038601 0
1315038661 0
1315038721 0
1315038781 0
1315038841 0
1315038901 0
1315038961 0
1315039021 0
1315039081 0
1315039141 0
1315039201 0
1315039261 0
1315039321 0
1315039381 0
1315039441 0
1315039501 0
1315039561 0
1315039621 0
1315039681 0
1315039741 0
1315039801 0
1315039861 0
1315039921 0
1315039981 0
1315040041 0
1315040101 0
1315040161 0
1315040221 0
1315040281 0
1315040341 1
1315040401 1
1315040461 1
1315040521 1
1315040581 1
1315040641 1
1315040701 1
1315040761 1
1315040821 1
1315040881 0
1315040941 0
1315041001 0
1315041061 0
1315041121 2
1315041181 2
1315041241 2
1315041301 2
1315041361 2
1315041421 2
1315041481 2
1315041541 2
1315041601 2
1315041661 2
1315041721 2
1315041781 2
1315041842 2
1315041901 2
1315041961 2
1315042021 2
1315042081 2
1315042141 2
1315042201 2
1315042261 2
1315042321 2
1315042381 2
1315042441 2
1315042501 2
1315042561 2
1315042621 2
1315042681 2
1315042741 2
1315042801 2
1315042861 2
1315042921 2
1315042981 3
1315043041 3
1315043101 3
1315043161 3
1315043221 3
1315043281 3
1315043341 3
1315043401 3
1315043461 3
1315043521 3
1315043581 3
1315043641 3
1315043701 3
1315043761 3
1315043821 3
1315043881 3
1315043941 3
1315044001 3
1315044061 3
1315044121 3
1315044181 3
1315044241 3
1315044301 3
1315044361 3
1315044421 3
1315044481 3
1315044541 1
1315044601 1
1315044661 1
1315044721 1
1315044781 1
1315044841 1
1315044901 1
1315044961 1
1315045021 1
1315045081 1
1315045141 1
1315045201 1
1315045261 1
1315045321 1
1315045381 1
1315045441 1
1315045501 1
1315045561 1
1315045621 1
1315045681 1
1315045741 1
1315045801 1
1315045861 1
1315045921 1
1315045981 1
1315046041 1
1315046101 1
1315046161 1
1315046221 1
1315046281 1
1315046341 1
1315046401 0
1315046461 1
1315046522 1
1315046581 1
1315046641 1
1315046701 1
1315046761 1
1315046821 2
1315046881 1
1315046941 2
1315047001 2
1315047061 2
1315047121 3
1315047181 3
1315047241 3
1315047301 3
1315047361 2
1315047421 2
1315047481 2
1315047541 1
1315047601 1
1315047661 1
1315047721 1
1315047781 1
1315047841 1
1315047901 1
1315047961 1
1315048021 1
1315048081 1
1315048141 1
1315048201 2
1315048261 2
1315048321 2
1315048381 2
1315048441 2
1315048501 2
1315048561 2
1315048621 2
1315048681 2
1315048741 2
1315048801 2
1315048861 2
1315048921 2
1315048981 2
1315049041 2
1315049101 1
1315049161 1
1315049221 1
1315049281 1
1315049341 1
1315049401 1
1315049461 1
1315049521 1
1315049581 0
1315049641 0
1315049701 0
1315049761 0
1315049821 0
1315049881 0
1315049941 0
1315050001 0
1315050061 0
1315050121 0
1315050181 0
1315050241 0
1315050301 0
1315050361 0
1315050421 0
1315050481 0
1315050541 0
1315050601 0
1315050661 0
1315050721 0
1315050781 0
1315050841 0
1315050901 0
1315050961 0
1315051021 0
1315051081 0
1315051141 0
1315051201 0
1315051261 0
1315051321 0
1315051381 0
1315051441 0
1315051501 0
1315051561 0
1315051621 0
1315051681 0
1315051741 0
1315051801 0
1315051861 0
1315051921 0
1315051981 0
1315052041 0
1315052101 0
1315052161 0
1315052221 0
1315052281 0
1315052341 0
1315052401 0
1315052461 0
1315052521 0
1315052581 0
1315052641 0
1315052701 0
1315052761 0
1315052821 0
1315052881 0
1315052941 0
1315053001 0
1315053061 0
1315053121 0
1315053181 0
1315053241 1
1315053301 1
1315053361 1
1315053421 1
1315053481 1
1315053541 1
1315053601 1
1315053661 1
1315053722 1
1315053781 1
1315053841 1
1315053901 1
1315053961 1
1315054021 1
1315054081 1
1315054141 0
1315054201 0
1315054261 0
1315054321 0
1315054381 0
1315054441 0
1315054501 0
1315054561 0
1315054621 0
1315054681 1
1315054741 1
1315054801 1
1315054861 1
1315054921 1
1315054981 1
1315055041 1
1315055101 1
1315055161 1
1315055221 1
1315055281 1
1315055341 1
1315055401 1
1315055461 1
1315055521 1
1315055581 1
1315055641 1
1315055701 1
1315055761 1
1315055821 1
1315055881 1
1315055941 1
1315056001 1
1315056061 1
1315056121 1
1315056181 1
1315056241 1
1315056301 1
1315056361 1
1315056421 1
1315056481 1
1315056541 1
1315056601 1
1315056661 1
1315056721 1
1315056781 1
1315056841 1
1315056901 1
1315056961 1
1315057021 1
1315057081 1
1315057141 1
1315057201 1
1315057261 1
1315057321 1
1315057381 1
1315057441 1
1315057501 1
1315057561 1
1315057621 1
1315057681 1
1315057741 1
1315057801 1
1315057861 1
1315057921 0
1315057981 0
1315058041 0
1315058101 0
1315058161 0
1315058221 0
1315058281 0
1315058341 0
1315058401 1
1315058461 1
1315058522 1
1315058581 1
1315058641 1
1315058701 1
1315058761 1
1315058821 1
1315058881 1
1315058941 1
1315059001 1
1315059061 1
1315059121 1
1315059181 1
1315059241 1
1315059301 1
1315059361 1
1315059421 1
1315059481 0
1315059541 0
1315059601 0
1315059661 0
1315059721 0
1315059781 0
1315059841 0
1315059901 0
1315059961 0
1315060021 0
1315060081 0
1315060141 0
1315060201 0
1315060261 0
1315060321 0
1315060381 0
1315060441 1
1315060501 1
1315060561 1
1315060621 1
1315060681 1
1315060741 1
1315060801 1
1315060861 1
1315060921 1
1315060981 0
1315061041 0
1315061101 0
1315061161 0
1315061221 0
1315061281 0
1315061341 0
1315061401 0
1315061461 0
1315061522 0
1315061581 0
1315061641 0
1315061701 0
1315061761 0
1315061821 0
1315061881 0
1315061941 0
1315062001 0
1315062061 0
1315062121 0
1315062181 0
1315062242 0
1315062301 0
1315062361 0
1315062421 0
1315062481 0
1315062541 0
1315062601 0
1315062661 0
1315062721 0
1315062781 0
1315062841 0
1315062901 0
1315062961 0
1315063021 0
1315063081 0
1315063141 0
1315063201 0
1315063261 0
1315063321 1
1315063381 1
1315063441 1
1315063501 1
1315063561 1
1315063621 1
1315063681 1
1315063741 1
1315063801 1
1315063861 1
1315063921 1
1315063981 1
1315064041 1
1315064101 1
1315064161 1
1315064221 1
1315064281 1
1315064341 1
1315064401 1
1315064461 2
1315064521 2
1315064581 2
1315064641 2
1315064701 2
1315064761 2
1315064821 2
1315064881 2
1315064941 2
1315065001 2
1315065061 2
1315065121 2
1315065181 2
1315065241 2
1315065301 2
1315065361 2
1315065421 2
1315065481 2
1315065541 2
1315065601 2
