1308844862 555
1308844922 544
1308844981 557
1308845041 563
1308845102 552
1308845162 560
1308845222 566
1308845282 571
1308845341 572
1308845402 547
1308845461 549
1308845522 553
1308845582 538
1308845641 552
1308845701 538
1308845761 537
1308845821 538
1308845882 536
1308845941 555
1308846001 537
1308846061 537
1308846121 524
1308846181 527
1308846241 534
1308846301 530
1308846361 516
1308846421 526
1308846481 527
1308846541 541
1308846601 548
1308846661 529
1308846721 528
1308846782 532
1308846841 541
1308846901 540
1308846962 527
1308847021 543
1308847081 528
1308847141 527
1308847201 526
1308847261 517
1308847321 503
1308847381 508
1308847441 513
1308847501 515
1308847562 509
1308847621 510
1308847681 526
1308847741 521
1308847801 523
1308847861 525
1308847922 512
1308847981 521
1308848041 521
1308848101 512
1308848161 515
1308848222 496
1308848282 508
1308848341 514
1308848401 510
1308848461 499
1308848522 492
1308848581 496
1308848642 496
1308848701 485
1308848761 490
1308848821 480
1308848881 493
1308848942 503
1308849002 496
1308849061 491
1308849121 482
1308849181 494
1308849241 499
1308849301 485
1308849361 490
1308849421 481
1308849481 487
1308849541 491
1308849601 482
1308849661 464
1308849721 452
1308849781 461
1308849841 458
1308849901 453
1308849961 450
1308850021 442
1308850081 448
1308850141 446
1308850201 440
1308850261 428
1308850321 428
1308850381 427
1308850442 428
1308850501 426
1308850561 425
1308850621 420
1308850682 419
1308850741 429
1308850802 435
1308850861 437
1308850921 436
1308850981 450
1308851041 452
1308851101 454
1308851162 450
1308851221 436
1308851281 438
1308851341 431
1308851401 433
1308851461 422
1308851521 419
1308851581 423
1308851641 421
1308851701 416
1308851761 408
1308851821 415
1308851881 416
1308851941 413
1308852002 409
1308852062 400
1308852121 400
1308852181 402
1308852241 415
1308852301 398
1308852361 382
1308852421 383
1308852481 393
1308852541 399
1308852601 387
1308852661 383
1308852721 393
1308852781 383
1308852841 394
1308852901 402
1308852961 381
1308853021 383
1308853081 374
1308853141 389
1308853202 380
1308853261 371
1308853321 379
1308853381 367
1308853441 378
1308853502 375
1308853561 367
1308853621 378
1308853681 368
1308853741 366
1308853801 366
1308853861 359
1308853921 358
1308853981 353
1308854041 350
1308854101 355
1308854162 338
1308854221 335
1308854281 329
1308854341 339
1308854401 340
1308854461 336
1308854521 349
1308854581 345
1308854641 358
1308854701 352
1308854761 346
1308854821 355
1308854881 340
1308854942 338
1308855001 321
1308855061 319
1308855121 325
1308855182 306
1308855241 311
1308855301 311
1308855361 318
1308855422 317
1308855482 313
1308855541 322
1308855601 314
1308855661 299
1308855721 300
1308855781 292
1308855842 306
1308855901 295
1308855961 299
1308856021 298
1308856082 293
1308856141 301
1308856201 299
1308856261 280
1308856321 281
1308856381 267
1308856441 273
1308856501 270
1308856561 270
1308856621 274
1308856681 268
1308856741 265
1308856801 263
1308856861 270
1308856921 264
1308856981 264
1308857041 260
1308857101 256
1308857161 253
1308857221 256
1308857281 247
1308857341 250
1308857401 244
1308857461 237
1308857522 243
1308857582 239
1308857641 239
1308857702 237
1308857762 238
1308857822 242
1308857881 242
1308857941 247
1308858001 248
1308858061 249
1308858121 249
1308858181 245
1308858241 249
1308858301 241
1308858361 239
1308858421 248
1308858481 247
1308858541 244
1308858601 238
1308858661 229
1308858721 237
1308858781 248
1308858841 235
1308858901 237
1308858961 228
1308859028 230
1308859081 226
1308859141 227
1308859201 220
1308859261 217
1308859321 220
1308859381 216
1308859441 220
1308859501 226
1308859561 217
1308859621 227
1308859681 233
1308859742 222
1308859801 224
1308859861 224
1308859963 204
1308860000 223
1308860048 218
1308860101 219
1308860161 218
1308860221 221
1308860282 225
1308860342 216
1308860401 223
1308860461 208
1308860521 209
1308860581 209
1308860641 213
1308860701 199
1308860761 200
1308860822 200
1308860881 208
1308860942 204
1308861004 201
1308861061 203
1308861122 205
1308861181 213
1308861241 207
1308861301 196
1308861367 196
1308861423 201
1308861481 214
1308861541 205
1308861601 199
1308861661 190
1308861721 187
1308861781 197
1308861842 196
1308861901 191
1308861965 179
1308862021 177
1308862081 182
1308862142 194
1308862201 188
1308862262 184
1308862322 175
1308862382 180
1308862441 190
1308862501 186
1308862561 183
1308862622 175
1308862682 177
1308862741 187
1308862802 182
1308862861 190
1308862921 193
1308862981 172
1308863041 187
1308863101 182
1308863161 178
1308863221 172
1308863281 176
1308863341 184
1308863401 194
1308863461 187
1308863521 172
1308863581 178
1308863641 180
1308863701 177
1308863762 177
1308863822 170
1308863881 172
1308863941 174
1308864001 178
1308864061 170
1308864121 165
1308864181 167
1308864241 168
1308864301 160
1308864361 161
1308864421 165
1308864481 168
1308864541 176
1308864601 183
1308864661 187
1308864721 189
1308864781 156
1308864841 162
1308864901 166
1308864961 156
1308865022 159
1308865081 152
1308865141 159
1308865201 162
1308865262 168
1308865321 153
1308865381 155
1308865441 159
1308865501 160
1308865561 157
1308865621 159
1308865681 156
1308865741 161
1308865802 160
1308865861 165
1308865921 168
1308865982 169
1308866042 181
1308866102 170
1308866162 171
1308866222 174
1308866281 162
1308866345 168
1308866401 174
1308866461 177
1308866521 166
1308866581 161
1308866641 165
1308866701 172
1308866761 163
1308866821 158
1308866881 160
1308866941 168
1308867003 162
1308867061 165
1308867121 158
1308867181 158
1308867241 161
1308867301 157
1308867362 157
1308867421 161
1308867481 153
1308867542 162
1308867601 158
1308867661 163
1308867722 159
1308867781 157
1308867841 168
1308867901 163
1308867961 168
1308868021 163
1308868081 166
1308868142 168
1308868201 169
1308868262 174
1308868322 171
1308868382 164
1308868441 175
1308868501 177
1308868561 172
1308868621 177
1308868681 169
1308868741 177
1308868801 183
1308868863 189
1308868921 165
1308868981 167
1308869041 173
1308869101 167
1308869161 175
1308869221 173
1308869281 176
1308869341 175
1308869401 172
1308869461 172
1308869521 166
1308869581 169
1308869641 173
1308869701 169
1308869762 174
1308869821 173
1308869881 175
1308869942 177
1308870001 175
1308870062 176
1308870122 176
1308870181 176
1308870241 181
1308870301 173
1308870361 181
1308870421 180
1308870481 174
1308870541 185
1308870601 180
1308870661 179
1308870722 174
1308870781 182
1308870841 187
1308870901 189
1308870961 185
1308871021 188
1308871081 185
1308871141 188
1308871201 187
1308871261 191
1308871321 184
1308871381 177
1308871442 184
1308871502 190
1308871562 188
1308871621 186
1308871682 186
1308871741 188
1308871801 191
1308871861 199
1308871921 195
1308871981 188
1308872042 190
1308872102 188
1308872162 195
1308872221 196
1308872281 188
1308872341 198
1308872401 189
1308872462 192
1308872521 185
1308872581 182
1308872641 190
1308872702 188
1308872762 193
1308872822 197
1308872882 181
1308872942 186
1308873001 193
1308873061 200
1308873121 189
1308873181 188
1308873241 190
1308873301 190
1308873362 193
1308873421 191
1308873481 190
1308873541 202
1308873601 204
1308873661 204
1308873721 203
1308873781 197
1308873841 199
1308873901 193
1308873961 199
1308874021 192
1308874081 190
1308874141 201
1308874201 203
1308874261 191
1308874321 188
1308874381 196
1308874441 206
1308874501 228
1308874561 230
1308874621 248
1308874681 263
1308874741 272
1308874801 270
1308874861 268
1308874921 268
1308874981 271
1308875041 271
1308875101 260
1308875161 265
1308875222 261
1308875281 260
1308875341 266
1308875401 264
1308875461 271
1308875521 268
1308875581 275
1308875641 284
1308875701 284
1308875761 283
1308875821 271
1308875881 263
1308875942 267
1308876001 260
1308876061 260
1308876121 260
1308876183 265
1308876242 274
1308876301 278
1308876362 279
1308876422 278
1308876482 274
1308876541 274
1308876601 272
1308876661 269
1308876721 268
1308876781 279
1308876841 282
1308876901 294
1308876961 289
1308877021 292
1308877081 292
1308877141 289
1308877201 296
1308877261 285
1308877321 273
1308877381 281
1308877441 278
1308877501 282
1308877561 284
1308877621 279
1308877681 288
1308877741 293
1308877801 288
1308877861 281
1308877921 279
1308877982 291
1308878041 290
1308878101 299
1308878161 291
1308878221 294
1308878281 304
1308878341 312
1308878401 320
1308878461 315
1308878522 314
1308878581 325
1308878642 314
1308878702 321
1308878762 318
1308878822 320
1308878881 334
1308878941 333
1308879001 344
1308879061 335
1308879121 331
1308879181 334
1308879241 334
1308879301 335
1308879361 333
1308879421 325
1308879481 334
1308879541 326
1308879602 334
1308879661 319
1308879721 320
1308879781 325
1308879841 326
1308879901 318
1308879961 321
1308880022 314
1308880082 324
1308880142 313
1308880201 317
1308880261 312
1308880321 308
1308880381 311
1308880441 305
1308880501 309
1308880562 304
1308880622 297
1308880682 299
1308880741 289
1308880801 296
1308880865 291
1308880922 302
1308880981 301
1308881041 304
1308881102 316
1308881161 306
1308881221 303
1308881281 304
1308881341 299
1308881401 302
1308881461 299
1308881521 297
1308881582 303
1308881642 324
1308881702 358
1308881761 403
1308881821 406
1308881881 417
1308881941 417
1308882001 421
1308882061 413
1308882121 422
1308882181 429
1308882241 430
1308882301 442
1308882361 442
1308882421 450
1308882482 448
1308882542 451
1308882601 466
1308882661 452
1308882721 460
1308882781 471
1308882841 469
1308882901 497
1308882961 469
1308883021 441
1308883081 418
1308883141 420
1308883201 427
1308883261 423
1308883321 421
1308883381 428
1308883441 421
1308883501 424
1308883562 428
1308883621 421
1308883681 425
1308883741 429
1308883801 442
1308883861 448
1308883922 454
1308883981 450
1308884042 457
1308884101 463
1308884161 450
1308884221 454
1308884281 458
1308884341 450
1308884401 456
1308884467 445
1308884522 443
1308884582 446
1308884642 453
1308884702 465
1308884762 462
1308884822 467
1308884881 472
1308884941 467
1308885002 472
1308885061 470
1308885121 468
1308885181 475
1308885241 475
1308885301 490
1308885361 481
1308885421 484
1308885482 482
1308885542 472
1308885602 474
1308885661 461
1308885721 480
1308885781 474
1308885841 465
1308885901 481
1308885961 478
1308886021 487
1308886081 486
1308886141 479
1308886201 486
1308886261 479
1308886321 482
1308886381 486
1308886441 487
1308886501 490
1308886561 476
1308886621 471
1308886681 469
1308886741 460
1308886801 468
1308886861 461
1308886921 462
1308886981 468
1308887041 483
1308887101 485
1308887161 469
1308887221 474
1308887281 472
1308887341 463
1308887402 480
1308887461 448
1308887521 457
1308887582 450
1308887642 448
1308887702 445
1308887762 442
1308887822 437
1308887881 425
1308887941 424
1308888001 425
1308888061 414
1308888121 421
1308888181 425
1308888241 427
1308888301 433
1308888361 421
1308888421 434
1308888481 430
1308888541 420
1308888601 428
1308888661 424
1308888721 421
1308888781 419
1308888841 424
1308888901 442
1308888961 448
1308889021 456
1308889081 461
1308889141 459
1308889201 475
1308889261 457
1308889321 460
1308889381 455
1308889441 455
1308889501 454
1308889561 446
1308889621 444
1308889681 450
1308889741 448
1308889801 455
1308889861 449
1308889921 448
1308889981 454
1308890041 438
1308890102 445
1308890161 442
1308890221 455
1308890281 463
1308890341 466
1308890401 462
1308890461 467
1308890521 480
1308890581 477
1308890641 480
1308890701 461
1308890761 461
1308890821 454
1308890881 442
1308890941 439
1308891001 427
1308891061 423
1308891121 424
1308891181 421
1308891241 433
1308891301 436
1308891361 429
1308891421 430
1308891481 410
1308891541 413
1308891601 416
1308891661 424
1308891721 432
1308891781 447
1308891841 456
1308891901 468
1308891961 474
1308892021 482
1308892081 485
1308892141 486
1308892201 490
1308892261 482
1308892321 482
1308892381 459
1308892441 460
1308892501 460
1308892561 461
1308892621 457
1308892681 449
1308892742 451
1308892801 453
1308892861 446
1308892921 465
1308892981 456
1308893042 455
1308893102 476
1308893162 471
1308893221 469
1308893281 460
1308893341 460
1308893401 469
1308893461 475
1308893521 484
1308893581 495
1308893641 483
1308893701 486
1308893761 481
1308893821 479
1308893881 474
1308893941 464
1308894001 471
1308894061 453
1308894121 453
1308894181 448
1308894241 447
1308894301 452
1308894361 456
1308894421 450
1308894481 458
1308894541 448
1308894601 462
1308894661 466
1308894721 464
1308894782 465
1308894841 450
1308894901 459
1308894961 463
1308895021 456
1308895081 463
1308895141 465
1308895201 466
1308895261 466
1308895321 466
1308895381 469
1308895441 470
1308895501 480
1308895561 469
1308895622 467
1308895682 492
1308895742 496
1308895802 512
1308895861 505
1308895921 514
1308895982 512
1308896041 494
1308896102 491
1308896161 469
1308896221 448
1308896281 444
1308896341 444
1308896401 454
1308896461 453
1308896521 459
1308896581 438
1308896641 448
1308896701 445
1308896761 454
1308896821 441
1308896881 433
1308896941 436
1308897001 441
1308897061 438
1308897121 428
1308897181 424
1308897242 420
1308897301 428
1308897361 431
1308897421 432
1308897481 439
1308897541 447
1308897602 440
1308897661 443
1308897721 436
1308897781 444
1308897841 439
1308897901 442
1308897961 441
1308898021 446
1308898081 456
1308898141 444
1308898201 446
1308898261 457
1308898321 450
1308898381 455
1308898441 457
1308898501 453
1308898561 443
1308898621 431
1308898681 439
1308898741 433
1308898801 434
1308898861 438
1308898921 436
1308898981 442
1308899041 437
1308899101 431
1308899161 442
1308899221 434
1308899281 444
1308899341 451
1308899401 457
1308899461 471
1308899521 461
1308899581 461
1308899641 460
1308899701 464
1308899761 452
1308899821 452
1308899881 457
1308899941 459
1308900001 458
1308900061 470
1308900121 473
1308900182 479
1308900242 474
1308900301 469
1308900361 479
1308900421 476
1308900481 482
1308900541 478
1308900601 483
1308900661 486
1308900721 480
1308900781 494
1308900841 484
1308900901 490
1308900961 502
1308901021 487
1308901081 489
1308901141 474
1308901201 466
1308901261 469
1308901321 477
1308901381 483
1308901441 479
1308901501 476
1308901561 487
1308901622 473
1308901681 474
1308901742 475
1308901801 465
1308901861 461
1308901921 471
1308901981 484
1308902041 474
1308902101 464
1308902161 477
1308902221 466
1308902281 475
1308902341 459
1308902401 456
1308902461 472
1308902521 463
1308902581 474
1308902641 463
1308902701 457
1308902761 460
1308902821 450
1308902881 459
1308902941 461
1308903001 446
1308903061 459
1308903121 448
1308903182 450
1308903241 448
1308903301 435
1308903361 450
1308903421 441
1308903481 444
1308903541 438
1308903601 431
1308903661 430
1308903721 422
1308903782 437
1308903841 442
1308903901 437
1308903962 443
1308904021 447
1308904081 448
1308904141 452
1308904201 449
1308904261 445
1308904321 446
1308904381 441
1308904441 434
1308904501 425
1308904561 427
1308904621 416
1308904681 416
1308904741 412
1308904801 405
1308904861 427
1308904921 432
1308904981 432
1308905041 437
1308905101 444
1308905161 454
1308905221 461
1308905281 438
1308905341 440
1308905401 442
1308905461 438
1308905521 444
1308905581 448
1308905641 466
1308905701 454
1308905761 458
1308905821 459
1308905881 450
1308905941 450
1308906001 451
1308906061 459
1308906121 451
1308906181 448
1308906241 450
1308906301 455
1308906361 456
1308906421 442
1308906481 449
1308906541 456
1308906601 453
1308906661 460
1308906721 457
1308906781 453
1308906841 441
1308906901 444
1308906961 443
1308907021 438
1308907081 448
1308907141 456
1308907201 450
1308907261 459
1308907321 456
1308907381 459
1308907441 462
1308907501 454
1308907561 462
1308907621 458
1308907681 460
1308907741 462
1308907801 452
1308907861 452
1308907921 442
1308907981 444
1308908041 435
1308908101 430
1308908161 431
1308908221 423
1308908281 434
1308908341 423
1308908401 416
1308908461 433
1308908521 433
1308908581 448
1308908641 437
1308908701 440
1308908761 445
1308908821 440
1308908881 439
1308908941 427
1308909001 422
1308909061 413
1308909121 410
1308909181 413
1308909241 412
1308909301 415
1308909361 423
1308909421 423
1308909481 433
1308909541 427
1308909601 425
1308909661 419
1308909721 431
1308909781 432
1308909841 423
1308909901 422
1308909961 424
1308910021 421
1308910081 425
1308910141 428
1308910202 422
1308910261 417
1308910321 414
1308910381 417
1308910441 413
1308910501 408
1308910561 402
1308910621 404
1308910681 402
1308910741 407
1308910801 394
1308910861 390
1308910921 396
1308910981 392
1308911041 390
1308911101 380
1308911161 388
1308911221 380
1308911281 384
1308911341 371
1308911401 364
1308911461 365
1308911521 366
1308911581 365
1308911642 357
1308911701 354
1308911761 361
1308911821 355
1308911881 365
1308911941 370
1308912001 359
1308912061 373
1308912121 370
1308912181 378
1308912241 371
1308912301 362
1308912361 363
1308912421 349
1308912481 360
1308912541 358
1308912601 355
1308912661 353
1308912721 341
1308912781 345
1308912841 337
1308912901 325
1308912961 335
1308913021 326
1308913081 331
1308913141 338
1308913201 334
1308913261 338
1308913321 333
1308913381 336
1308913441 333
1308913501 341
1308913561 348
1308913621 340
1308913681 348
1308913741 346
1308913801 346
1308913862 344
1308913922 333
1308913981 337
1308914041 340
1308914101 353
1308914161 341
1308914221 338
1308914281 335
1308914341 333
1308914401 334
1308914461 326
1308914521 318
1308914581 319
1308914641 314
1308914701 315
1308914761 315
1308914821 321
1308914881 329
1308914941 335
1308915001 334
1308915061 342
1308915121 338
1308915181 324
1308915241 314
1308915301 314
1308915361 315
1308915421 302
1308915481 316
1308915541 308
1308915601 313
1308915661 319
1308915721 313
1308915781 317
1308915841 323
1308915901 317
1308915962 319
1308916021 310
1308916081 319
1308916141 323
1308916201 319
1308916261 330
1308916321 322
1308916381 326
1308916441 327
1308916501 323
1308916561 326
1308916621 323
1308916681 320
1308916741 317
1308916801 314
1308916861 319
1308916921 320
1308916981 324
1308917041 326
1308917101 330
1308917161 336
1308917221 332
1308917281 332
1308917341 336
1308917401 336
1308917461 329
1308917521 335
1308917581 324
1308917641 326
1308917701 318
1308917761 327
1308917821 319
1308917881 321
1308917941 329
1308918001 326
1308918061 337
1308918121 338
1308918181 339
1308918241 344
1308918301 344
1308918361 344
1308918421 341
1308918481 351
1308918541 344
1308918601 346
1308918661 341
1308918721 342
1308918781 338
1308918841 331
1308918901 335
1308918961 336
1308919021 333
1308919081 334
1308919141 328
1308919201 326
1308919261 322
1308919321 321
1308919381 323
1308919441 320
1308919501 331
1308919561 335
1308919621 330
1308919681 337
1308919741 335
1308919801 334
1308919861 338
1308919921 328
1308919982 339
1308920041 341
1308920101 341
1308920161 340
1308920221 338
1308920281 339
1308920341 352
1308920401 336
1308920461 330
1308920521 331
1308920581 327
1308920641 324
1308920702 326
1308920761 328
1308920821 331
1308920881 341
1308920941 350
1308921001 360
1308921061 361
1308921121 357
1308921181 368
1308921242 361
1308921301 360
1308921361 356
1308921421 343
1308921481 359
1308921541 365
1308921601 368
1308921661 373
1308921721 348
1308921781 361
1308921841 369
1308921901 359
1308921961 368
1308922021 366
1308922081 378
1308922141 391
1308922201 388
1308922261 376
1308922321 369
1308922382 384
1308922441 378
1308922501 384
1308922561 374
1308922621 374
1308922681 374
1308922741 358
1308922801 350
1308922861 346
1308922921 343
1308922981 351
1308923041 355
1308923101 360
1308923161 363
1308923221 366
1308923281 376
1308923341 371
1308923401 368
1308923461 366
1308923521 366
1308923581 367
1308923641 366
1308923701 361
1308923761 361
1308923821 352
1308923881 353
1308923941 358
1308924001 359
1308924061 362
1308924121 348
1308924181 346
1308924241 357
1308924301 362
1308924361 353
1308924421 355
1308924481 367
1308924541 357
1308924601 350
1308924661 354
1308924721 344
1308924781 349
1308924841 352
1308924901 351
1308924961 351
1308925021 353
1308925081 360
1308925141 365
1308925201 358
1308925261 351
1308925321 358
1308925381 362
1308925441 362
1308925502 373
1308925561 358
1308925622 351
1308925681 348
1308925742 357
1308925801 361
1308925861 362
1308925921 358
1308925981 349
1308926042 354
1308926101 360
1308926161 356
1308926221 344
1308926281 345
1308926341 356
1308926401 360
1308926461 366
1308926521 369
1308926581 374
1308926641 376
1308926701 383
1308926761 374
1308926821 352
1308926881 346
1308926941 343
1308927001 347
1308927061 342
1308927121 347
1308927181 350
1308927241 352
1308927301 352
1308927361 355
1308927421 353
1308927481 354
1308927541 359
1308927601 363
1308927661 366
1308927721 365
1308927781 376
1308927841 375
1308927901 367
1308927961 377
1308928021 366
1308928081 370
1308928141 370
1308928201 374
1308928261 375
1308928322 369
1308928381 354
1308928441 365
1308928501 365
1308928561 361
1308928621 358
1308928681 359
1308928741 357
1308928801 357
1308928862 358
1308928921 358
1308928981 354
1308929041 366
1308929101 366
1308929161 360
1308929221 361
1308929281 358
1308929341 364
1308929401 378
1308929461 365
1308929521 358
1308929581 350
1308929641 349
1308929701 349
1308929761 349
1308929821 352
1308929881 359
1308929941 365
1308930001 365
1308930061 366
1308930121 369
1308930181 371
1308930241 369
1308930301 368
1308930361 364
1308930421 364
1308930481 353
1308930541 365
1308930601 361
1308930661 351
1308930721 353
1308930781 347
1308930841 349
1308930901 353
1308930961 346
1308931021 353
1308931081 352
1308931141 357
1308931201 353
