1309708861 81
1309708921 76
1309708981 73
1309709041 79
1309709101 79
1309709161 82
1309709221 81
1309709281 83
1309709341 85
1309709401 82
1309709461 82
1309709521 87
1309709581 82
1309709641 88
1309709701 85
1309709761 88
1309709821 90
1309709881 86
1309709941 90
1309710001 89
1309710061 90
1309710122 91
1309710181 88
1309710241 93
1309710301 84
1309710361 85
1309710422 84
1309710481 83
1309710542 85
1309710602 86
1309710661 86
1309710721 86
1309710781 79
1309710841 80
1309710901 80
1309710961 83
1309711021 85
1309711081 86
1309711141 91
1309711201 89
1309711261 89
1309711321 86
1309711381 84
1309711441 89
1309711501 86
1309711561 87
1309711622 84
1309711681 83
1309711742 88
1309711801 88
1309711861 90
1309711921 87
1309711981 86
1309712041 87
1309712101 81
1309712161 80
1309712221 86
1309712281 87
1309712341 86
1309712401 83
1309712461 79
1309712521 85
1309712581 80
1309712641 80
1309712701 80
1309712761 80
1309712821 82
1309712881 81
1309712941 82
1309713001 76
1309713061 76
1309713121 75
1309713181 73
1309713241 77
1309713301 79
1309713361 74
1309713421 76
1309713481 75
1309713541 70
1309713601 73
1309713661 73
1309713721 66
1309713781 67
1309713841 68
1309713901 71
1309713961 58
1309714021 62
1309714081 62
1309714141 53
1309714201 56
1309714261 57
1309714321 61
1309714381 61
1309714441 58
1309714501 61
1309714561 58
1309714621 62
1309714681 63
1309714741 61
1309714801 60
1309714861 61
1309714922 61
1309714981 60
1309715041 55
1309715101 55
1309715161 56
1309715221 57
1309715281 56
1309715341 55
1309715401 56
1309715461 55
1309715521 59
1309715581 57
1309715641 58
1309715701 62
1309715761 63
1309715821 61
1309715881 58
1309715941 61
1309716001 62
1309716062 60
1309716121 63
1309716181 64
1309716241 64
1309716301 66
1309716361 66
1309716421 63
1309716482 60
1309716541 60
1309716601 60
1309716661 60
1309716721 58
1309716783 60
1309716841 60
1309716901 53
1309716961 48
1309717021 50
1309717081 52
1309717142 51
1309717201 53
1309717261 54
1309717321 55
1309717381 53
1309717441 53
1309717501 54
1309717561 57
1309717621 58
1309717681 58
1309717742 48
1309717801 51
1309717861 54
1309717921 56
1309717981 57
1309718041 57
1309718101 59
1309718161 56
1309718221 58
1309718281 59
1309718341 55
1309718401 57
1309718461 59
1309718521 59
1309718581 60
1309718641 57
1309718701 59
1309718761 60
1309718821 62
1309718881 65
1309718941 65
1309719001 57
1309719061 58
1309719121 58
1309719181 56
1309719241 57
1309719301 58
1309719361 59
1309719421 60
1309719481 62
1309719541 62
1309719601 62
1309719661 63
1309719721 50
1309719781 52
1309719841 48
1309719901 49
1309719961 50
1309720021 54
1309720081 55
1309720141 55
1309720201 56
1309720261 56
1309720321 53
1309720381 54
1309720441 51
1309720501 52
1309720561 53
1309720621 57
1309720681 55
1309720741 51
1309720801 52
1309720861 52
1309720921 54
1309720981 48
1309721041 47
1309721101 46
1309721161 46
1309721221 48
1309721281 48
1309721341 48
1309721401 44
1309721461 44
1309721521 46
1309721581 46
1309721641 46
1309721701 47
1309721761 47
1309721821 47
1309721881 43
1309721941 41
1309722001 42
1309722061 42
1309722121 44
1309722181 46
1309722241 43
1309722301 44
1309722361 43
1309722421 46
1309722481 45
1309722541 45
1309722601 46
1309722661 46
1309722721 49
1309722781 49
1309722842 49
1309722901 40
1309722961 40
1309723021 42
1309723081 42
1309723141 42
1309723201 42
1309723261 42
1309723321 44
1309723381 41
1309723441 41
1309723501 41
1309723561 41
1309723621 42
1309723681 43
1309723741 43
1309723801 40
1309723861 40
1309723921 43
1309723982 43
1309724041 43
1309724101 44
1309724162 39
1309724221 41
1309724281 41
1309724341 40
1309724401 42
1309724461 42
1309724521 45
1309724581 45
1309724641 42
1309724701 44
1309724761 44
1309724821 46
1309724881 43
1309724941 44
1309725001 43
1309725061 43
1309725121 45
1309725181 46
1309725241 44
1309725301 44
1309725361 44
1309725421 47
1309725481 48
1309725541 48
1309725601 49
1309725661 49
1309725721 50
1309725781 51
1309725841 51
1309725901 51
1309725961 51
1309726021 52
1309726081 52
1309726141 52
1309726201 52
1309726261 52
1309726321 54
1309726381 55
1309726441 55
1309726501 55
1309726561 55
1309726621 56
1309726681 56
1309726741 56
1309726801 57
1309726861 57
1309726921 58
1309726981 58
1309727041 58
1309727101 59
1309727161 59
1309727221 61
1309727281 61
1309727341 38
1309727401 39
1309727461 39
1309727521 42
1309727581 42
1309727642 43
1309727702 44
1309727761 44
1309727821 45
1309727881 38
1309727941 38
1309728001 39
1309728061 38
1309728121 39
1309728181 40
1309728241 40
1309728301 41
1309728361 41
1309728421 40
1309728481 41
1309728541 41
1309728601 42
1309728662 42
1309728721 44
1309728781 45
1309728841 45
1309728901 45
1309728961 45
1309729021 45
1309729081 45
1309729141 45
1309729201 46
1309729261 46
1309729321 47
1309729381 48
1309729441 48
1309729501 48
1309729561 48
1309729621 49
1309729681 49
1309729741 49
1309729801 49
1309729861 49
1309729921 51
1309729981 51
1309730041 51
1309730101 38
1309730161 39
1309730221 41
1309730281 42
1309730341 42
1309730401 43
1309730461 43
1309730521 42
1309730581 43
1309730641 43
1309730701 43
1309730761 43
1309730821 46
1309730881 47
1309730941 47
1309731001 48
1309731061 48
1309731121 51
1309731181 51
1309731241 36
1309731301 39
1309731361 39
1309731421 42
1309731481 43
1309731541 43
1309731601 44
1309731661 40
1309731721 41
1309731781 42
1309731841 42
1309731901 43
1309731962 43
1309732021 45
1309732081 46
1309732141 46
1309732201 38
1309732261 38
1309732321 40
1309732381 41
1309732441 41
1309732501 42
1309732561 42
1309732621 44
1309732681 45
1309732741 45
1309732801 46
1309732861 46
1309732921 46
1309732981 46
1309733041 46
1309733101 46
1309733161 46
1309733221 48
1309733281 49
1309733341 39
1309733401 40
1309733461 40
1309733521 41
1309733581 41
1309733641 41
1309733701 42
1309733761 42
1309733821 44
1309733882 40
1309733941 41
1309734001 41
1309734061 41
1309734121 41
1309734181 43
1309734241 44
1309734301 43
1309734361 43
1309734421 45
1309734481 43
1309734541 45
1309734601 45
1309734661 42
1309734721 44
1309734781 45
1309734841 41
1309734901 43
1309734961 43
1309735021 46
1309735081 44
1309735141 45
1309735201 44
1309735261 43
1309735321 47
1309735381 48
1309735441 48
1309735501 49
1309735561 49
1309735621 51
1309735681 42
1309735741 40
1309735801 40
1309735861 39
1309735921 44
1309735981 45
1309736041 45
1309736101 46
1309736161 46
1309736221 49
1309736281 43
1309736341 43
1309736401 43
1309736461 43
1309736521 45
1309736581 43
1309736641 43
1309736701 45
1309736761 46
1309736821 49
1309736881 50
1309736942 50
1309737001 51
1309737061 45
1309737121 47
1309737181 43
1309737241 44
1309737301 46
1309737361 45
1309737421 49
1309737481 48
1309737541 47
1309737601 48
1309737661 48
1309737721 48
1309737781 49
1309737841 45
1309737901 46
1309737961 47
1309738021 52
1309738081 53
1309738141 54
1309738201 55
1309738261 48
1309738321 51
1309738381 52
1309738441 44
1309738501 43
1309738561 44
1309738621 47
1309738681 46
1309738741 42
1309738801 43
1309738861 43
1309738921 48
1309738981 45
1309739041 42
1309739101 44
1309739161 46
1309739221 51
1309739281 49
1309739341 50
1309739401 52
1309739461 53
1309739521 56
1309739581 57
1309739641 51
1309739701 51
1309739761 48
1309739821 51
1309739881 49
1309739941 49
1309740001 51
1309740061 48
1309740121 51
1309740181 48
1309740241 48
1309740301 51
1309740361 49
1309740421 51
1309740481 51
1309740541 52
1309740601 54
1309740661 52
1309740721 56
1309740781 58
1309740841 53
1309740901 54
1309740961 55
1309741021 58
1309741081 58
1309741141 58
1309741201 60
1309741261 55
1309741321 60
1309741381 62
1309741441 58
1309741501 61
1309741561 63
1309741621 65
1309741681 63
1309741741 59
1309741801 59
1309741861 58
1309741921 64
1309741981 63
1309742041 60
1309742101 61
1309742161 61
1309742221 66
1309742281 59
1309742341 60
1309742401 60
1309742461 60
1309742521 63
1309742581 65
1309742641 66
1309742701 69
1309742761 68
1309742821 67
1309742881 65
1309742941 62
1309743001 65
1309743061 66
1309743121 65
1309743181 66
1309743241 70
1309743301 70
1309743361 72
1309743421 75
1309743481 70
1309743541 66
1309743601 68
1309743661 65
1309743721 64
1309743781 68
1309743841 67
1309743901 69
1309743961 73
1309744021 74
1309744081 75
1309744141 74
1309744201 72
1309744261 72
1309744321 68
1309744381 68
1309744441 64
1309744501 64
1309744561 60
1309744621 63
1309744681 64
1309744741 64
1309744801 65
1309744861 56
1309744921 60
1309744981 51
1309745041 52
1309745101 54
1309745161 54
1309745221 55
1309745281 55
1309745341 55
1309745401 55
1309745461 53
1309745521 57
1309745581 61
1309745641 61
1309745701 63
1309745761 63
1309745822 67
1309745881 68
1309745941 69
1309746001 69
1309746061 71
1309746121 71
1309746181 72
1309746241 74
1309746301 71
1309746361 77
1309746421 72
1309746481 77
1309746541 79
1309746601 79
1309746661 79
1309746721 79
1309746781 82
1309746841 76
1309746901 75
1309746961 77
1309747021 71
1309747081 76
1309747141 73
1309747201 72
1309747261 71
1309747321 72
1309747381 70
1309747442 69
1309747501 64
1309747561 73
1309747621 73
1309747681 76
1309747741 75
1309747801 80
1309747861 82
1309747921 81
1309747981 77
1309748041 75
1309748101 77
1309748161 74
1309748221 77
1309748281 77
1309748341 79
1309748401 80
1309748461 80
1309748521 79
1309748581 78
1309748641 80
1309748701 83
1309748761 86
1309748821 84
1309748881 89
1309748941 91
1309749001 88
1309749061 87
1309749122 84
1309749181 87
1309749241 88
1309749302 79
1309749361 80
1309749421 81
1309749481 85
1309749541 83
1309749601 76
1309749661 77
1309749721 80
1309749781 80
1309749841 79
1309749901 79
1309749961 78
1309750021 78
1309750081 76
1309750141 77
1309750201 81
1309750261 79
1309750321 84
1309750381 87
1309750441 87
1309750501 89
1309750561 93
1309750621 90
1309750681 92
1309750741 94
1309750801 96
1309750861 95
1309750921 84
1309750981 89
1309751041 92
1309751101 90
1309751161 89
1309751221 91
1309751281 91
1309751341 87
1309751401 87
1309751461 90
1309751521 92
1309751581 94
1309751641 95
1309751701 98
1309751761 97
1309751821 97
1309751881 100
1309751941 101
1309752001 104
1309752061 97
1309752121 99
1309752181 103
1309752242 102
1309752301 93
1309752361 88
1309752421 89
1309752481 87
1309752541 89
1309752601 92
1309752661 91
1309752721 96
1309752781 100
1309752841 102
1309752901 102
1309752961 100
1309753021 101
1309753081 103
1309753141 106
1309753201 94
1309753261 89
1309753321 94
1309753381 92
1309753441 93
1309753501 92
1309753561 92
1309753621 92
1309753681 94
1309753741 92
1309753801 93
1309753861 93
1309753921 86
1309753981 85
1309754041 90
1309754101 94
1309754161 94
1309754222 99
1309754281 99
1309754341 104
1309754401 106
1309754461 103
1309754521 99
1309754581 97
1309754641 98
1309754701 94
1309754761 96
1309754821 100
1309754881 101
1309754941 104
1309755001 107
1309755061 103
1309755121 99
1309755181 98
1309755241 96
1309755301 98
1309755361 93
1309755421 98
1309755481 99
1309755541 98
1309755601 98
1309755661 103
1309755722 103
1309755782 97
1309755841 107
1309755901 107
1309755961 101
1309756021 103
1309756081 96
1309756141 99
1309756201 101
1309756261 93
1309756321 92
1309756381 94
1309756441 98
1309756501 105
1309756561 101
1309756621 104
1309756681 105
1309756741 100
1309756801 105
1309756861 102
1309756921 105
1309756981 105
1309757041 108
1309757101 113
1309757161 109
1309757221 116
1309757281 109
1309757341 110
1309757401 110
1309757461 103
1309757521 107
1309757581 103
1309757641 109
1309757701 113
1309757761 110
1309757821 107
1309757881 105
1309757941 102
1309758001 98
1309758061 102
1309758121 98
1309758181 100
1309758241 99
1309758301 97
1309758361 99
1309758421 103
1309758481 99
1309758541 101
1309758601 102
1309758661 100
1309758721 98
1309758781 96
1309758841 95
1309758901 93
1309758961 97
1309759021 104
1309759081 100
1309759141 104
1309759201 104
1309759261 106
1309759321 99
1309759381 95
1309759441 94
1309759501 95
1309759561 96
1309759621 96
1309759681 98
1309759741 102
1309759801 96
1309759861 98
1309759921 95
1309759981 97
1309760041 98
1309760101 93
1309760161 97
1309760221 102
1309760281 97
1309760341 105
1309760401 104
1309760461 101
1309760521 102
1309760581 99
1309760641 101
1309760701 100
1309760761 95
1309760821 94
1309760881 95
1309760941 99
1309761001 97
1309761061 96
1309761121 95
1309761181 86
1309761241 91
1309761301 93
1309761361 96
1309761421 98
1309761481 97
1309761541 106
1309761601 109
1309761661 110
1309761721 110
1309761781 110
1309761841 120
1309761901 120
1309761961 122
1309762021 118
1309762081 118
1309762141 121
1309762201 115
1309762261 113
1309762321 112
1309762381 116
1309762441 121
1309762501 121
1309762561 116
1309762621 115
1309762681 114
1309762741 121
1309762801 117
1309762861 115
1309762921 118
1309762981 117
1309763041 125
1309763101 126
1309763161 121
1309763221 116
1309763281 117
1309763341 112
1309763401 107
1309763461 103
1309763521 105
1309763581 103
1309763641 103
1309763701 108
1309763761 104
1309763821 103
1309763881 102
1309763941 102
1309764001 105
1309764061 100
1309764121 101
1309764181 98
1309764241 100
1309764301 105
1309764361 104
1309764421 110
1309764481 107
1309764541 110
1309764602 110
1309764661 108
1309764721 109
1309764781 103
1309764841 102
1309764901 105
1309764961 100
1309765021 101
1309765081 103
1309765141 103
1309765201 109
1309765261 111
1309765321 113
1309765381 109
1309765441 109
1309765501 109
1309765561 106
1309765621 110
1309765681 99
1309765741 101
1309765801 101
1309765861 97
1309765921 101
1309765981 99
1309766041 100
1309766101 107
1309766161 97
1309766221 104
1309766281 101
1309766341 101
1309766401 109
1309766461 102
1309766521 106
1309766581 105
1309766641 109
1309766701 113
1309766761 107
1309766821 111
1309766881 110
1309766941 112
1309767001 115
1309767061 106
1309767121 110
1309767181 106
1309767241 104
1309767301 109
1309767362 106
1309767421 110
1309767481 106
1309767541 105
1309767602 109
1309767662 109
1309767721 99
1309767781 98
1309767841 95
1309767901 98
1309767961 92
1309768021 97
1309768081 99
1309768141 96
1309768201 105
1309768261 104
1309768321 108
1309768381 107
1309768441 106
1309768501 107
1309768561 103
1309768621 102
1309768681 100
1309768741 95
1309768801 101
1309768861 101
1309768921 103
1309768981 102
1309769041 101
1309769101 108
1309769161 107
1309769221 108
1309769281 99
1309769341 101
1309769401 104
1309769461 95
1309769521 93
1309769581 92
1309769641 95
1309769701 91
1309769761 85
1309769821 93
1309769881 93
1309769941 94
1309770001 97
1309770061 99
1309770121 103
1309770181 102
1309770241 97
1309770301 100
1309770361 100
1309770421 98
1309770481 98
1309770541 93
1309770601 90
1309770661 88
1309770721 94
1309770781 92
1309770841 91
1309770901 94
1309770961 94
1309771021 92
1309771081 88
1309771141 91
1309771201 85
1309771261 85
1309771321 91
1309771381 87
1309771441 90
1309771501 93
1309771561 93
1309771621 91
1309771681 92
1309771741 88
1309771801 88
1309771861 87
1309771921 93
1309771981 95
1309772041 96
1309772101 99
1309772161 96
1309772221 97
1309772281 98
1309772341 96
1309772401 91
1309772461 88
1309772521 91
1309772581 89
1309772641 90
1309772701 88
1309772761 87
1309772821 86
1309772881 86
1309772941 82
1309773001 86
1309773061 81
1309773121 86
1309773181 85
1309773241 87
1309773301 87
1309773361 83
1309773421 84
1309773481 83
1309773541 83
1309773601 85
1309773661 82
1309773721 86
1309773781 90
1309773841 92
1309773901 97
1309773961 89
1309774021 92
1309774081 94
1309774141 92
1309774201 91
1309774261 86
1309774321 86
1309774381 87
1309774441 87
1309774501 84
1309774561 81
1309774621 83
1309774681 79
1309774741 74
1309774801 78
1309774861 75
1309774921 77
1309774981 78
1309775041 73
1309775101 75
1309775161 73
1309775221 75
1309775281 74
1309775341 77
1309775401 79
1309775461 79
1309775521 76
1309775581 80
1309775641 81
1309775701 80
1309775761 77
1309775821 81
1309775881 84
1309775941 75
1309776001 81
1309776061 82
1309776121 84
1309776181 78
1309776241 77
1309776301 83
1309776361 84
1309776421 85
1309776481 81
1309776541 79
1309776601 82
1309776661 76
1309776721 78
1309776781 77
1309776841 77
1309776901 82
1309776961 78
1309777021 79
1309777081 75
1309777141 77
1309777201 79
1309777261 79
1309777321 71
1309777381 72
1309777441 70
1309777501 78
1309777561 76
1309777621 78
1309777681 79
1309777741 82
1309777801 86
1309777861 83
1309777921 84
1309777981 84
1309778041 85
1309778101 87
1309778161 90
1309778221 84
1309778281 80
1309778341 81
1309778401 85
1309778461 77
1309778521 78
1309778582 80
1309778641 81
1309778702 84
1309778761 76
1309778821 78
1309778881 79
1309778941 82
1309779001 83
1309779061 80
1309779121 82
1309779181 84
1309779241 84
1309779301 85
1309779361 81
1309779421 82
1309779481 81
1309779541 82
1309779601 86
1309779662 81
1309779721 77
1309779781 81
1309779841 81
1309779901 86
1309779961 88
1309780021 88
1309780081 92
1309780141 90
1309780201 89
1309780261 89
1309780321 85
1309780381 85
1309780441 81
1309780501 90
1309780561 88
1309780621 86
1309780681 86
1309780741 87
1309780801 90
1309780861 90
1309780921 78
1309780981 81
1309781041 80
1309781102 81
1309781161 79
1309781221 80
1309781282 82
1309781341 82
1309781401 87
1309781461 84
1309781521 83
1309781581 89
1309781641 84
1309781701 88
1309781761 81
1309781821 80
1309781881 77
1309781941 75
1309782001 81
1309782061 75
1309782121 78
1309782181 80
1309782241 77
1309782301 85
1309782361 81
1309782421 78
1309782481 85
1309782541 88
1309782601 94
1309782661 86
1309782721 91
1309782781 93
1309782841 86
1309782901 90
1309782961 87
1309783021 83
1309783082 88
1309783141 94
1309783201 95
1309783261 95
1309783321 88
1309783381 90
1309783441 89
1309783501 87
1309783561 76
1309783621 79
1309783681 79
1309783741 81
1309783801 84
1309783861 82
1309783921 86
1309783981 84
1309784041 85
1309784101 90
1309784161 84
1309784221 85
1309784281 84
1309784341 84
1309784401 88
1309784461 88
1309784521 85
1309784581 86
1309784641 81
1309784701 81
1309784761 76
1309784821 80
1309784881 85
1309784941 86
1309785001 91
1309785061 86
1309785121 88
1309785181 92
1309785241 85
1309785301 88
1309785361 79
1309785421 82
1309785481 81
1309785541 83
1309785601 86
1309785661 78
1309785721 82
1309785781 82
1309785841 81
1309785901 83
1309785961 84
1309786021 79
1309786081 81
1309786141 82
1309786201 89
1309786261 82
1309786321 85
1309786381 89
1309786441 96
1309786501 102
1309786561 89
1309786621 91
1309786681 93
1309786741 95
1309786801 95
1309786861 88
1309786921 90
1309786981 88
1309787041 89
1309787101 91
1309787161 90
1309787221 87
1309787281 88
1309787341 93
1309787401 97
1309787461 87
1309787521 84
1309787581 84
1309787641 88
1309787701 84
1309787761 81
1309787821 81
1309787881 80
1309787941 82
1309788001 79
1309788061 80
1309788122 83
1309788181 92
1309788241 99
1309788301 103
1309788361 104
1309788421 104
1309788481 95
1309788541 99
1309788601 98
1309788661 94
1309788721 96
1309788781 91
1309788841 96
1309788901 91
1309788961 87
1309789021 90
1309789081 88
1309789141 91
1309789201 92
1309789261 92
1309789321 93
1309789381 96
1309789441 95
1309789501 99
1309789561 99
1309789621 96
1309789681 98
1309789741 99
1309789801 98
1309789861 96
1309789921 97
1309789981 99
1309790041 103
1309790101 103
1309790161 102
1309790221 104
1309790281 100
1309790341 101
1309790401 100
1309790461 101
1309790521 105
1309790581 105
1309790641 105
1309790701 106
1309790761 101
1309790821 99
1309790881 96
1309790941 99
1309791001 102
1309791061 110
1309791121 114
1309791181 118
1309791241 122
1309791301 119
1309791361 115
1309791421 107
1309791481 105
1309791541 102
1309791601 102
1309791661 100
1309791721 103
1309791781 103
1309791841 102
1309791901 95
1309791961 94
1309792021 98
1309792081 94
1309792141 94
1309792201 100
1309792261 97
1309792321 96
1309792381 92
1309792441 92
1309792501 99
1309792561 96
1309792621 95
1309792681 93
1309792741 92
1309792801 98
1309792861 97
1309792921 99
1309792981 99
1309793041 98
1309793101 102
1309793161 100
1309793221 96
1309793281 90
1309793341 89
1309793401 94
1309793461 95
1309793521 92
1309793581 98
1309793641 99
1309793701 102
1309793761 102
1309793821 101
1309793881 102
1309793941 105
1309794001 111
1309794061 104
1309794121 100
1309794181 98
1309794241 97
1309794301 100
1309794362 95
1309794421 101
1309794481 101
1309794541 100
1309794601 102
1309794661 98
1309794721 98
1309794781 96
1309794841 97
1309794901 101
1309794961 99
1309795021 103
1309795081 100
1309795141 99
1309795201 102
