1318521602 353
1318521661 348
1318521722 355
1318521782 352
1318521841 347
1318521901 351
1318521961 344
1318522021 348
1318522081 344
1318522141 343
1318522201 352
1318522261 350
1318522321 352
1318522381 354
1318522441 335
1318522501 343
1318522561 344
1318522621 340
1318522681 348
1318522741 341
1318522801 345
1318522861 340
1318522921 347
1318522981 340
1318523041 334
1318523101 340
1318523161 336
1318523221 341
1318523281 340
1318523341 343
1318523401 338
1318523461 331
1318523521 330
1318523581 325
1318523641 320
1318523701 328
1318523762 318
1318523822 323
1318523882 312
1318523942 303
1318524001 315
1318524061 308
1318524121 312
1318524181 312
1318524241 295
1318524301 297
1318524361 299
1318524421 301
1318524481 296
1318524541 291
1318524601 291
1318524661 291
1318524721 299
1318524781 301
1318524841 294
1318524901 300
1318524961 303
1318525021 302
1318525081 311
1318525141 290
1318525201 302
1318525261 306
1318525321 306
1318525381 311
1318525441 304
1318525501 298
1318525561 303
1318525621 299
1318525681 299
1318525741 282
1318525801 281
1318525861 280
1318525921 282
1318525981 281
1318526041 266
1318526101 280
1318526161 280
1318526221 283
1318526281 284
1318526341 273
1318526401 272
1318526462 282
1318526521 273
1318526581 277
1318526641 272
1318526701 280
1318526761 284
1318526821 281
1318526881 276
1318526942 281
1318527001 291
1318527061 283
1318527121 287
1318527181 290
1318527241 285
1318527301 293
1318527361 284
1318527421 282
1318527481 283
1318527541 270
1318527601 274
1318527661 273
1318527721 277
1318527781 285
1318527841 272
1318527901 277
1318527961 276
1318528021 268
1318528081 268
1318528141 258
1318528201 262
1318528261 259
1318528321 265
1318528381 266
1318528441 258
1318528502 262
1318528562 255
1318528621 259
1318528681 260
1318528741 256
1318528801 254
1318528861 242
1318528921 243
1318528981 246
1318529041 242
1318529101 244
1318529161 241
1318529221 243
1318529281 250
1318529341 246
1318529401 241
1318529461 240
1318529521 235
1318529581 239
1318529641 227
1318529701 227
1318529761 229
1318529821 222
1318529881 232
1318529941 237
1318530002 219
1318530061 219
1318530121 225
1318530182 235
1318530241 221
1318530301 211
1318530361 209
1318530421 205
1318530481 217
1318530541 207
1318530601 202
1318530661 207
1318530721 199
1318530781 206
1318530841 204
1318530901 192
1318530961 193
1318531021 186
1318531081 191
1318531141 194
1318531202 190
1318531261 197
1318531321 193
1318531381 199
1318531441 195
1318531501 192
1318531561 196
1318531621 196
1318531681 201
1318531741 196
1318531801 193
1318531861 191
1318531921 187
1318531981 193
1318532041 192
1318532101 198
1318532161 182
1318532221 185
1318532281 196
1318532341 188
1318532401 188
1318532461 189
1318532521 192
1318532581 187
1318532642 182
1318532701 180
1318532761 177
1318532822 179
1318532881 175
1318532941 173
1318533001 174
1318533061 176
1318533121 171
1318533181 175
1318533241 173
1318533301 174
1318533361 182
1318533421 176
1318533481 182
1318533541 176
1318533601 177
1318533661 182
1318533721 186
1318533781 169
1318533841 170
1318533901 160
1318533961 162
1318534021 152
1318534081 156
1318534141 161
1318534201 145
1318534261 151
1318534321 154
1318534381 147
1318534441 147
1318534501 149
1318534562 147
1318534622 141
1318534681 142
1318534741 140
1318534801 138
1318534861 143
1318534921 141
1318534981 141
1318535041 147
1318535101 149
1318535161 140
1318535221 142
1318535282 137
1318535341 133
1318535402 133
1318535461 137
1318535521 139
1318535581 141
1318535641 140
1318535701 140
1318535761 145
1318535821 141
1318535881 147
1318535941 134
1318536001 132
1318536061 135
1318536121 130
1318536181 132
1318536242 132
1318536301 136
1318536361 139
1318536438 124
1318536481 129
1318536541 134
1318536603 123
1318536661 127
1318536721 123
1318536781 127
1318536841 120
1318536902 120
1318536964 118
1318537021 122
1318537081 126
1318537141 129
1318537201 121
1318537261 126
1318537321 115
1318537381 118
1318537441 124
1318537501 123
1318537561 127
1318537621 130
1318537681 135
1318537741 140
1318537801 130
1318537861 134
1318537921 137
1318537981 116
1318538041 120
1318538101 118
1318538162 123
1318538221 123
1318538281 126
1318538341 129
1318538404 132
1318538461 135
1318538521 137
1318538581 119
1318538641 118
1318538701 122
1318538761 125
1318538821 117
1318538881 121
1318538941 124
1318539001 126
1318539061 130
1318539121 113
1318539181 117
1318539241 120
1318539301 121
1318539361 124
1318539421 128
1318539481 130
1318539541 133
1318539601 135
1318539661 107
1318539721 112
1318539782 116
1318539841 117
1318539901 120
1318539961 105
1318540021 110
1318540081 106
1318540141 109
1318540201 103
1318540195 103
1318540201 104
1318540261 105
1318540321 109
1318540381 114
1318540441 115
1318540501 108
1318540561 109
1318540621 100
1318540682 104
1318540741 105
1318540801 101
1318540861 104
1318540921 106
1318540981 102
1318541041 104
1318541101 109
1318541161 112
1318541221 102
1318541281 102
1318541341 104
1318541401 108
1318541461 110
1318541521 114
1318541581 101
1318541641 103
1318541701 103
1318541761 106
1318541821 109
1318541881 111
1318541942 112
1318542001 116
1318542061 119
1318542121 122
1318542181 124
1318542241 125
1318542301 99
1318542361 100
1318542421 104
1318542481 107
1318542541 108
1318542601 112
1318542661 114
1318542721 98
1318542781 95
1318542841 98
1318542901 101
1318542961 104
1318543021 108
1318543081 110
1318543141 111
1318543201 115
1318543261 118
1318543321 122
1318543381 123
1318543441 91
1318543501 96
1318543561 99
1318543621 102
1318543681 105
1318543741 95
1318543801 101
1318543861 103
1318543921 106
1318543981 109
1318544041 110
1318544101 115
1318544161 116
1318544221 120
1318544282 122
1318544341 122
1318544401 95
1318544461 94
1318544521 95
1318544581 99
1318544641 90
1318544702 95
1318544761 97
1318544821 94
1318544881 98
1318544941 98
1318545001 95
1318545061 98
1318545121 95
1318545181 99
1318545241 99
1318545301 103
1318545361 105
1318545421 93
1318545481 89
1318545541 89
1318545601 94
1318545661 97
1318545721 98
1318545781 101
1318545841 91
1318545901 96
1318545961 92
1318546021 99
1318546081 95
1318546141 93
1318546201 98
1318546261 101
1318546321 104
1318546381 107
1318546441 94
1318546501 97
1318546562 97
1318546621 99
1318546681 98
1318546741 100
1318546801 102
1318546861 103
1318546921 101
1318546981 106
1318547041 104
1318547101 106
1318547161 103
1318547221 104
1318547281 108
1318547341 102
1318547401 106
1318547461 105
1318547521 103
1318547581 107
1318547641 99
1318547702 105
1318547762 103
1318547821 105
1318547881 108
1318547941 109
1318548001 113
1318548061 108
1318548121 113
1318548181 106
1318548241 106
1318548301 110
1318548361 104
1318548421 106
1318548481 111
1318548541 113
1318548601 119
1318548661 121
1318548721 104
1318548781 108
1318548841 108
1318548901 108
1318548961 110
1318549021 110
1318549081 114
1318549141 108
1318549201 109
1318549261 107
1318549321 108
1318549381 110
1318549441 110
1318549501 115
1318549561 108
1318549621 113
1318549681 116
1318549741 112
1318549801 116
1318549861 117
1318549921 113
1318549982 115
1318550041 111
1318550101 112
1318550161 107
1318550221 109
1318550281 113
1318550341 114
1318550401 116
1318550461 115
1318550521 115
1318550581 120
1318550641 112
1318550701 114
1318550761 112
1318550821 111
1318550881 114
1318550941 117
1318551001 116
1318551061 121
1318551121 121
1318551181 126
1318551241 130
1318551301 125
1318551361 128
1318551421 134
1318551481 138
1318551541 136
1318551601 140
1318551661 135
1318551721 139
1318551781 143
1318551841 145
1318551901 145
1318551961 145
1318552021 153
1318552081 153
1318552141 151
1318552201 151
1318552261 144
1318552321 149
1318552381 147
1318552441 150
1318552501 149
1318552561 151
1318552621 154
1318552681 154
1318552741 154
1318552801 155
1318552861 158
1318552921 162
1318552981 190
1318553041 188
1318553101 197
1318553161 198
1318553221 200
1318553281 205
1318553341 201
1318553401 199
1318553461 197
1318553521 200
1318553581 205
1318553641 195
1318553701 210
1318553761 213
1318553821 220
1318553881 218
1318553941 219
1318554001 224
1318554061 225
1318554121 228
1318554181 224
1318554241 233
1318554301 233
1318554361 234
1318554421 235
1318554481 238
1318554541 238
1318554601 237
1318554661 236
1318554721 237
1318554781 237
1318554841 261
1318554901 273
1318554961 277
1318555021 280
1318555081 277
1318555141 283
1318555201 286
1318555261 284
1318555321 290
1318555381 289
1318555441 285
1318555501 287
1318555561 289
1318555621 292
1318555682 293
1318555741 288
1318555801 288
1318555861 293
1318555921 304
1318555981 298
1318556041 296
1318556101 303
1318556161 304
1318556221 309
1318556281 302
1318556341 302
1318556401 305
1318556461 309
1318556521 310
1318556581 308
1318556641 316
1318556701 320
1318556761 320
1318556821 314
1318556881 299
1318556941 299
1318557001 300
1318557061 292
1318557121 293
1318557181 288
1318557241 285
1318557301 271
1318557361 273
1318557421 273
1318557481 259
1318557541 255
1318557601 241
1318557661 231
1318557721 236
1318557781 229
1318557841 233
1318557902 225
1318557961 224
1318558021 225
1318558081 221
1318558141 213
1318558201 218
1318558261 212
1318558321 205
1318558381 207
1318558441 204
1318558501 209
1318558561 211
1318558621 207
1318558681 210
1318558741 208
1318558801 205
1318558861 206
1318558921 208
1318558981 204
1318559041 199
1318559101 198
1318559161 200
1318559221 204
1318559281 199
1318559341 198
1318559401 202
1318559461 209
1318559521 216
1318559581 208
1318559641 207
1318559701 209
1318559761 217
1318559821 217
1318559881 216
1318559941 214
1318560001 217
1318560061 219
1318560121 222
1318560181 224
1318560241 226
1318560301 225
1318560361 232
1318560421 233
1318560481 227
1318560541 225
1318560601 225
1318560661 226
1318560721 223
1318560781 217
1318560841 219
1318560901 220
1318560961 223
1318561021 230
1318561081 218
1318561141 222
1318561201 214
1318561261 214
1318561321 216
1318561381 223
1318561441 227
1318561501 233
1318561561 239
1318561621 248
1318561681 249
1318561741 252
1318561801 254
1318561861 263
1318561921 259
1318561981 258
1318562041 245
1318562101 246
1318562161 242
1318562221 232
1318562281 232
1318562341 240
1318562401 241
1318562461 238
1318562521 240
1318562581 242
1318562641 249
1318562701 253
1318562761 256
1318562821 261
1318562881 256
1318562941 258
1318563001 258
1318563061 251
1318563121 255
1318563181 252
1318563242 243
1318563301 243
1318563361 247
1318563421 248
1318563481 235
1318563541 237
1318563601 240
1318563661 236
1318563721 240
1318563781 235
1318563841 239
1318563901 241
1318563961 236
1318564021 242
1318564081 247
1318564141 238
1318564201 239
1318564261 241
1318564321 243
1318564381 238
1318564441 244
1318564501 243
1318564561 244
1318564621 251
1318564681 247
1318564741 255
1318564801 253
1318564861 247
1318564921 251
1318564981 247
1318565041 249
1318565101 256
1318565161 236
1318565221 239
1318565281 229
1318565341 232
1318565401 231
1318565461 229
1318565521 230
1318565581 233
1318565641 227
1318565701 226
1318565761 225
1318565821 236
1318565881 242
1318565941 248
1318566001 245
1318566061 242
1318566121 253
1318566181 245
1318566241 249
1318566301 250
1318566361 244
1318566421 246
1318566481 234
1318566541 240
1318566601 236
1318566661 231
1318566721 237
1318566781 232
1318566841 234
1318566901 244
1318566961 236
1318567021 244
1318567081 242
1318567141 237
1318567201 242
1318567261 237
1318567321 246
1318567381 242
1318567441 240
1318567501 242
1318567561 241
1318567621 251
1318567681 239
1318567741 242
1318567801 241
1318567861 234
1318567921 242
1318567981 235
1318568041 232
1318568101 232
1318568161 234
1318568221 238
1318568281 230
1318568341 225
1318568401 225
1318568461 229
1318568521 227
1318568581 230
1318568641 228
1318568701 231
1318568762 233
1318568821 230
1318568881 233
1318568941 226
1318569001 228
1318569061 228
1318569121 227
1318569181 228
1318569241 226
1318569301 229
1318569361 225
1318569421 235
1318569481 229
1318569541 231
1318569601 234
1318569661 228
1318569721 233
1318569781 229
1318569841 230
1318569901 237
1318569961 239
1318570021 242
1318570081 243
1318570141 249
1318570201 259
1318570261 250
1318570321 252
1318570381 253
1318570441 250
1318570501 252
1318570561 250
1318570621 248
1318570681 252
1318570741 252
1318570801 253
1318570861 252
1318570921 264
1318570981 262
1318571041 265
1318571101 268
1318571161 264
1318571221 259
1318571281 256
1318571341 250
1318571401 254
1318571461 255
1318571521 256
1318571581 253
1318571641 250
1318571701 255
1318571761 247
1318571821 245
1318571881 246
1318571941 249
1318572001 249
1318572062 247
1318572121 248
1318572181 255
1318572241 258
1318572302 263
1318572362 261
1318572421 280
1318572481 301
1318572541 306
1318572601 305
1318572661 306
1318572721 310
1318572781 317
1318572841 315
1318572901 316
1318572961 305
1318573021 307
1318573081 311
1318573141 308
1318573201 306
1318573261 307
1318573321 306
1318573381 319
1318573441 319
1318573501 322
1318573561 322
1318573621 317
1318573681 321
1318573741 316
1318573801 313
1318573861 311
1318573921 313
1318573981 316
1318574041 311
1318574101 307
1318574161 308
1318574221 314
1318574282 310
1318574341 309
1318574401 305
1318574461 303
1318574521 300
1318574581 300
1318574641 299
1318574701 296
1318574761 291
1318574821 286
1318574881 290
1318574941 289
1318575001 286
1318575061 288
1318575121 286
1318575181 292
1318575241 289
1318575301 288
1318575361 286
1318575421 291
1318575481 290
1318575541 296
1318575601 290
1318575661 299
1318575721 301
1318575781 307
1318575842 307
1318575902 310
1318575961 311
1318576022 316
1318576081 322
1318576141 317
1318576201 323
1318576261 322
1318576321 321
1318576381 332
1318576441 320
1318576501 319
1318576561 317
1318576621 317
1318576681 311
1318576741 296
1318576801 301
1318576861 295
1318576921 289
1318576981 290
1318577041 290
1318577101 286
1318577161 285
1318577221 294
1318577281 297
1318577341 294
1318577401 294
1318577461 290
1318577522 296
1318577581 302
1318577641 293
1318577701 301
1318577761 304
1318577821 308
1318577881 307
1318577941 305
1318578001 301
1318578061 295
1318578121 295
1318578181 296
1318578241 305
1318578301 296
1318578361 298
1318578421 297
1318578481 302
1318578541 303
1318578601 294
1318578661 293
1318578721 289
1318578781 293
1318578841 286
1318578901 287
1318578961 287
1318579021 290
1318579081 295
1318579141 293
1318579201 293
1318579261 296
1318579321 289
1318579381 298
1318579441 294
1318579501 301
1318579561 291
1318579621 292
1318579681 284
1318579741 263
1318579801 243
1318579861 242
1318579921 243
1318579981 244
1318580041 246
1318580101 236
1318580162 238
1318580221 234
1318580281 235
1318580341 234
1318580401 233
1318580461 231
1318580521 229
1318580581 232
1318580641 231
1318580701 228
1318580761 232
1318580821 241
1318580881 246
1318580941 244
1318581001 243
1318581061 249
1318581121 241
1318581181 243
1318581241 240
1318581301 239
1318581361 238
1318581421 237
1318581481 241
1318581541 237
1318581601 238
1318581661 237
1318581721 239
1318581781 238
1318581841 243
1318581901 245
1318581961 249
1318582021 255
1318582081 261
1318582141 264
1318582201 256
1318582261 256
1318582321 256
1318582381 266
1318582441 265
1318582501 263
1318582561 252
1318582621 261
1318582681 257
1318582741 251
1318582801 260
1318582861 255
1318582921 257
1318582981 261
1318583041 263
1318583101 265
1318583161 256
1318583221 262
1318583281 272
1318583341 272
1318583401 271
1318583461 262
1318583521 252
1318583581 261
1318583641 268
1318583701 258
1318583761 248
1318583821 253
1318583881 263
1318583941 258
1318584001 254
1318584062 248
1318584121 257
1318584181 260
1318584241 267
1318584301 262
1318584361 252
1318584421 257
1318584481 267
1318584541 264
1318584601 262
1318584661 263
1318584721 271
1318584781 278
1318584841 280
1318584901 270
1318584962 264
1318585021 261
1318585081 265
1318585141 264
1318585201 255
1318585261 248
1318585321 257
1318585381 253
1318585441 260
1318585501 260
1318585561 246
1318585621 249
1318585681 244
1318585741 257
1318585801 256
1318585861 247
1318585921 245
1318585981 255
1318586041 258
1318586101 254
1318586161 251
1318586221 248
1318586281 254
1318586341 266
1318586401 256
1318586461 243
1318586521 245
1318586581 246
1318586641 256
1318586701 251
1318586761 242
1318586821 245
1318586881 254
1318586941 258
1318587001 258
1318587061 242
1318587121 238
1318587181 243
1318587241 251
1318587301 251
1318587362 244
1318587422 249
1318587482 252
1318587541 266
1318587601 261
1318587661 244
1318587721 233
1318587781 235
1318587841 240
1318587901 228
1318587961 225
1318588021 231
1318588081 232
1318588141 239
1318588201 234
1318588261 224
1318588321 225
1318588381 230
1318588441 238
1318588501 223
1318588561 223
1318588621 225
1318588681 223
1318588741 232
1318588801 214
1318588861 217
1318588921 219
1318588981 229
1318589041 233
1318589101 227
1318589161 215
1318589221 219
1318589281 228
1318589341 230
1318589401 221
1318589461 226
1318589521 230
1318589581 237
1318589641 241
1318589701 223
1318589761 217
1318589821 227
1318589881 225
1318589941 230
1318590001 227
1318590061 226
1318590121 232
1318590181 224
1318590241 223
1318590301 214
1318590361 214
1318590421 219
1318590481 217
1318590541 225
1318590601 224
1318590661 211
1318590721 217
1318590781 217
1318590841 224
1318590901 221
1318590961 224
1318591021 229
1318591081 231
1318591141 241
1318591201 226
1318591261 225
1318591321 231
1318591381 227
1318591441 238
1318591501 225
1318591561 218
1318591621 224
1318591681 226
1318591741 229
1318591801 223
1318591861 228
1318591921 229
1318591981 227
1318592041 234
1318592101 233
1318592161 229
1318592221 233
1318592281 231
1318592341 234
1318592401 219
1318592461 217
1318592521 222
1318592581 222
1318592641 232
1318592701 221
1318592761 225
1318592821 229
1318592881 231
1318592941 241
1318593001 242
1318593061 233
1318593121 237
1318593182 240
1318593241 240
1318593301 240
1318593361 230
1318593421 226
1318593481 234
1318593541 239
1318593601 228
1318593661 230
1318593721 234
1318593781 240
1318593841 252
1318593901 238
1318593961 231
1318594021 235
1318594081 242
1318594141 248
1318594201 238
1318594261 236
1318594321 240
1318594381 239
1318594441 253
1318594501 254
1318594561 247
1318594621 246
1318594681 253
1318594741 260
1318594801 251
1318594861 244
1318594921 250
1318594981 248
1318595041 263
1318595101 250
1318595161 249
1318595221 249
1318595281 256
1318595341 266
1318595401 256
1318595461 246
1318595521 252
1318595581 247
1318595641 259
1318595701 248
1318595761 246
1318595821 255
1318595881 255
1318595941 265
1318596001 253
1318596061 242
1318596121 252
1318596181 244
1318596241 243
1318596301 244
1318596361 242
1318596421 247
1318596481 250
1318596541 256
1318596601 257
1318596661 252
1318596721 259
1318596781 259
1318596841 266
1318596901 258
1318596961 263
1318597021 263
1318597081 270
1318597141 273
1318597201 263
1318597261 264
1318597321 271
1318597381 270
1318597441 283
1318597501 268
1318597561 272
1318597621 283
1318597681 273
1318597741 283
1318597801 277
1318597861 278
1318597921 272
1318597981 276
1318598041 286
1318598101 271
1318598161 280
1318598221 279
1318598281 282
1318598341 276
1318598401 271
1318598461 277
1318598521 280
1318598581 279
1318598641 287
1318598701 291
1318598761 280
1318598821 283
1318598881 286
1318598941 296
1318599001 286
1318599061 290
1318599121 291
1318599181 284
1318599241 292
1318599301 278
1318599361 281
1318599421 284
1318599481 283
1318599541 289
1318599601 275
1318599661 280
1318599721 279
1318599781 275
1318599841 280
1318599901 281
1318599961 285
1318600021 280
1318600081 279
1318600141 280
1318600201 279
1318600261 286
1318600321 283
1318600381 295
1318600441 299
1318600501 303
1318600561 302
1318600621 301
1318600681 302
1318600741 297
1318600801 295
1318600861 297
1318600921 293
1318600981 285
1318601041 300
1318601101 277
1318601161 284
1318601221 281
1318601281 281
1318601341 276
1318601401 280
1318601461 282
1318601521 287
1318601581 293
1318601641 298
1318601701 301
1318601761 300
1318601821 306
1318601881 308
1318601941 320
1318602001 304
1318602061 308
1318602121 311
1318602181 316
1318602241 319
1318602301 317
1318602361 315
1318602421 316
1318602481 321
1318602541 320
1318602601 317
1318602661 312
1318602721 318
1318602781 319
1318602841 315
1318602901 312
1318602961 305
1318603022 307
1318603081 316
1318603141 307
1318603201 309
1318603261 311
1318603321 320
1318603381 318
1318603441 316
1318603501 304
1318603561 304
1318603621 318
1318603681 323
1318603741 329
1318603801 313
1318603861 311
1318603921 308
1318603981 308
1318604041 316
1318604101 313
1318604161 302
1318604221 309
1318604281 307
1318604341 320
1318604401 314
1318604461 309
1318604521 317
1318604581 318
1318604641 314
1318604701 312
1318604761 308
1318604821 311
1318604881 303
1318604941 308
1318605001 303
1318605061 300
1318605121 298
1318605181 301
1318605242 306
1318605301 305
1318605361 305
1318605421 307
1318605481 303
1318605541 314
1318605601 300
1318605661 293
1318605721 294
1318605781 295
1318605841 295
1318605901 287
1318605961 282
1318606021 287
1318606081 291
1318606141 301
1318606201 294
1318606261 289
1318606321 292
1318606381 298
1318606441 300
1318606502 308
1318606561 293
1318606621 297
1318606681 297
1318606741 306
1318606801 291
1318606861 285
1318606921 284
1318606981 291
1318607041 284
1318607101 275
1318607161 267
1318607221 267
1318607281 267
1318607341 273
1318607401 276
1318607461 276
1318607521 274
1318607581 276
1318607641 279
1318607701 285
1318607761 270
1318607821 265
1318607881 267
1318607941 275
1318608001 267
