1312387261 4
1312387321 4
1312387381 4
1312387441 4
1312387501 4
1312387562 5
1312387621 5
1312387681 5
1312387741 5
1312387801 5
1312387861 6
1312387921 3
1312387981 3
1312388041 3
1312388101 3
1312388161 3
1312388221 3
1312388281 3
1312388341 3
1312388401 3
1312388461 3
1312388521 3
1312388581 3
1312388641 3
1312388701 3
1312388761 3
1312388821 3
1312388881 1
1312388941 1
1312389001 1
1312389061 1
1312389121 1
1312389181 1
1312389241 1
1312389301 1
1312389361 1
1312389421 1
1312389481 1
1312389541 1
1312389601 1
1312389661 1
1312389721 1
1312389781 1
1312389841 1
1312389901 1
1312389961 1
1312390021 1
1312390081 1
1312390141 1
1312390201 1
1312390261 1
1312390321 1
1312390381 1
1312390441 1
1312390501 1
1312390561 1
1312390621 1
1312390681 1
1312390741 1
1312390801 1
1312390861 1
1312390921 1
1312390981 1
1312391041 2
1312391101 2
1312391161 2
1312391222 2
1312391282 2
1312391341 2
1312391401 2
1312391461 2
1312391521 2
1312391581 2
1312391641 2
1312391701 2
1312391761 2
1312391821 2
1312391881 2
1312391941 2
1312392001 2
1312392061 2
1312392121 2
1312392181 2
1312392241 2
1312392301 2
1312392361 2
1312392421 2
1312392481 2
1312392541 2
1312392601 2
1312392661 2
1312392721 2
1312392781 2
1312392841 2
1312392901 2
1312392961 2
1312393021 2
1312393081 2
1312393141 2
1312393201 2
1312393261 2
1312393321 2
1312393381 2
1312393441 2
1312393501 2
1312393561 2
1312393621 2
1312393681 2
1312393741 2
1312393801 2
1312393861 2
1312393921 2
1312393981 2
1312394041 2
1312394101 2
1312394161 2
1312394221 2
1312394281 2
1312394341 2
1312394401 2
1312394461 2
1312394521 2
1312394581 2
1312394641 2
1312394701 2
1312394761 2
1312394821 2
1312394881 2
1312394941 2
1312395001 2
1312395061 2
1312395121 2
1312395181 2
1312395241 2
1312395301 2
1312395361 2
1312395421 2
1312395481 2
1312395541 2
1312395601 2
1312395661 2
1312395721 2
1312395781 2
1312395841 2
1312395901 2
1312395961 2
1312396021 1
1312396081 1
1312396141 1
1312396201 1
1312396261 1
1312396321 1
1312396381 1
1312396441 1
1312396501 1
1312396561 1
1312396621 1
1312396681 1
1312396741 1
1312396801 1
1312396861 1
1312396921 1
1312396981 1
1312397041 1
1312397101 1
1312397161 1
1312397221 1
1312397281 1
1312397341 1
1312397401 1
1312397461 1
1312397522 1
1312397581 1
1312397641 1
1312397701 1
1312397761 1
1312397821 1
1312397881 1
1312397941 1
1312398001 1
1312398061 1
1312398121 1
1312398181 1
1312398241 1
1312398301 1
1312398361 1
1312398421 1
1312398481 1
1312398541 1
1312398601 1
1312398661 1
1312398721 1
1312398781 1
1312398841 1
1312398901 1
1312398961 1
1312399021 1
1312399081 1
1312399141 1
1312399201 1
1312399261 1
1312399321 1
1312399381 1
1312399441 1
1312399501 1
1312399561 1
1312399621 1
1312399681 1
1312399741 1
1312399801 1
1312399861 1
1312399921 1
1312399981 1
1312400041 1
1312400101 1
1312400161 1
1312400221 1
1312400281 1
1312400341 1
1312400401 1
1312400461 1
1312400521 1
1312400581 1
1312400641 1
1312400701 1
1312400761 1
1312400821 1
1312400881 1
1312400941 1
1312401001 1
1312401061 1
1312401121 1
1312401181 1
1312401241 1
1312401301 1
1312401361 1
1312401421 1
1312401481 1
1312401541 1
1312401601 1
1312401661 1
1312401721 1
1312401781 1
1312401841 1
1312401901 1
1312401961 1
1312402021 1
1312402081 1
1312402142 1
1312402201 1
1312402261 1
1312402321 1
1312402381 1
1312402441 1
1312402501 1
1312402561 1
1312402621 1
1312402681 1
1312402741 1
1312402801 1
1312402861 1
1312402921 1
1312402981 1
1312403041 1
1312403101 1
1312403161 1
1312403221 1
1312403281 1
1312403341 1
1312403401 1
1312403461 1
1312403521 1
1312403581 1
1312403641 1
1312403701 1
1312403761 1
1312403821 1
1312403881 1
1312403941 1
1312404001 1
1312404061 1
1312404121 1
1312404181 1
1312404241 1
1312404301 1
1312404361 1
1312404421 1
1312404481 1
1312404541 1
1312404601 1
1312404661 1
1312404721 1
1312404781 1
1312404841 1
1312404901 1
1312404961 1
1312405021 1
1312405081 1
1312405141 1
1312405201 1
1312405261 1
1312405321 1
1312405381 1
1312405441 1
1312405501 1
1312405561 1
1312405621 1
1312405681 1
1312405741 1
1312405801 1
1312405794 1
1312405801 1
1312405861 1
1312405921 1
1312405981 1
1312406041 1
1312406101 1
1312406161 1
1312406221 1
1312406281 1
1312406341 1
1312406401 1
1312406461 1
1312406522 1
1312406581 1
1312406641 1
1312406701 1
1312406761 1
1312406821 1
1312406882 1
1312406941 1
1312407001 1
1312407061 1
1312407121 1
1312407181 1
1312407241 1
1312407301 1
1312407361 1
1312407421 1
1312407481 1
1312407541 1
1312407601 1
1312407661 1
1312407721 1
1312407781 1
1312407841 1
1312407901 1
1312407961 1
1312408021 1
1312408081 1
1312408141 1
1312408201 1
1312408261 1
1312408321 1
1312408381 1
1312408441 1
1312408502 1
1312408561 1
1312408621 1
1312408681 1
1312408741 1
1312408801 1
1312408861 1
1312408921 1
1312408981 1
1312409041 1
1312409101 1
1312409161 1
1312409221 1
1312409281 1
1312409341 1
1312409401 1
1312409461 1
1312409521 1
1312409581 1
1312409641 1
1312409701 1
1312409761 1
1312409821 1
1312409881 1
1312409941 1
1312410001 1
1312410061 1
1312410121 1
1312410181 1
1312410241 1
1312410301 1
1312410361 1
1312410421 1
1312410481 1
1312410541 1
1312410601 1
1312410661 1
1312410721 1
1312410781 1
1312410841 1
1312410901 1
1312410961 1
1312411021 1
1312411081 1
1312411141 1
1312411201 1
1312411261 1
1312411321 1
1312411381 1
1312411441 1
1312411501 1
1312411561 1
1312411621 1
1312411681 1
1312411741 1
1312411801 1
1312411861 1
1312411921 1
1312411981 1
1312412041 1
1312412101 1
1312412161 1
1312412221 1
1312412281 1
1312412341 1
1312412401 1
1312412461 1
1312412521 1
1312412581 1
1312412641 1
1312412701 1
1312412761 1
1312412821 1
1312412881 1
1312412941 1
1312413001 1
1312413061 1
1312413121 1
1312413181 1
1312413241 1
1312413301 1
1312413361 1
1312413421 1
1312413481 1
1312413541 1
1312413601 1
1312413661 1
1312413722 1
1312413781 1
1312413841 1
1312413901 1
1312413961 1
1312414021 1
1312414081 1
1312414141 1
1312414201 1
1312414261 1
1312414321 1
1312414381 1
1312414441 1
1312414501 1
1312414561 1
1312414621 1
1312414681 1
1312414741 1
1312414801 1
1312414861 1
1312414921 1
1312414981 1
1312415041 1
1312415101 1
1312415161 1
1312415221 1
1312415281 1
1312415341 1
1312415401 1
1312415461 1
1312415521 1
1312415581 1
1312415641 1
1312415701 1
1312415761 1
1312415821 1
1312415881 1
1312415942 1
1312416001 1
1312416061 1
1312416121 1
1312416181 1
1312416241 1
1312416301 1
1312416361 1
1312416421 1
1312416481 1
1312416541 1
1312416601 1
1312416661 1
1312416721 1
1312416781 1
1312416841 1
1312416901 1
1312416961 1
1312417021 1
1312417081 1
1312417141 1
1312417201 1
1312417261 1
1312417321 1
1312417381 1
1312417441 1
1312417501 1
1312417561 1
1312417621 1
1312417681 1
1312417741 1
1312417801 1
1312417861 1
1312417921 1
1312417981 1
1312418041 1
1312418101 1
1312418161 1
1312418221 1
1312418281 1
1312418341 1
1312418401 1
1312418461 1
1312418521 1
1312418581 1
1312418641 1
1312418701 1
1312418761 1
1312418821 1
1312418881 1
1312418941 1
1312419001 1
1312419061 1
1312419121 1
1312419181 1
1312419241 1
1312419301 1
1312419361 1
1312419421 1
1312419481 1
1312419541 1
1312419601 1
1312419663 1
1312419721 1
1312419781 1
1312419841 1
1312419901 1
1312419961 1
1312420021 1
1312420081 1
1312420141 1
1312420201 1
1312420261 1
1312420321 1
1312420381 1
1312420441 1
1312420501 1
1312420561 1
1312420621 1
1312420681 1
1312420741 1
1312420801 1
1312420861 1
1312420921 1
1312420981 1
1312421041 1
1312421101 1
1312421161 1
1312421221 1
1312421281 1
1312421341 1
1312421401 1
1312421461 1
1312421521 1
1312421581 1
1312421641 1
1312421701 1
1312421761 1
1312421821 1
1312421881 1
1312421941 1
1312422001 1
1312422061 1
1312422121 1
1312422181 1
1312422241 1
1312422301 1
1312422361 1
1312422421 1
1312422481 1
1312422541 1
1312422601 1
1312422661 1
1312422721 1
1312422781 1
1312422841 1
1312422901 1
1312422961 1
1312423021 1
1312423081 1
1312423141 1
1312423201 1
1312423261 1
1312423321 1
1312423381 1
1312423441 1
1312423501 1
1312423561 1
1312423621 1
1312423681 1
1312423741 1
1312423801 1
1312423861 1
1312423921 1
1312423981 1
1312424041 1
1312424101 1
1312424161 1
1312424221 1
1312424281 1
1312424341 1
1312424401 1
1312424461 2
1312424521 3
1312424581 3
1312424641 3
1312424701 3
1312424761 3
1312424821 3
1312424881 4
1312424941 4
1312425001 3
1312425061 3
1312425121 3
1312425181 3
1312425241 3
1312425301 1
1312425361 1
1312425421 1
1312425481 1
1312425541 1
1312425601 1
1312425661 1
1312425721 1
1312425781 1
1312425841 1
1312425901 1
1312425961 1
1312426021 1
1312426081 1
1312426141 1
1312426201 1
1312426261 1
1312426321 1
1312426381 1
1312426441 1
1312426501 1
1312426561 1
1312426621 1
1312426681 1
1312426741 1
1312426801 1
1312426861 1
1312426921 1
1312426981 1
1312427041 1
1312427101 1
1312427161 1
1312427221 1
1312427281 1
1312427341 1
1312427401 1
1312427461 1
1312427521 1
1312427581 1
1312427641 1
1312427701 1
1312427761 1
1312427821 1
1312427881 1
1312427941 1
1312428001 1
1312428061 1
1312428121 1
1312428181 1
1312428241 1
1312428301 1
1312428361 1
1312428421 1
1312428481 1
1312428541 1
1312428601 1
1312428661 1
1312428721 1
1312428781 1
1312428841 1
1312428901 1
1312428961 1
1312429021 1
1312429081 1
1312429141 1
1312429201 1
1312429261 1
1312429321 1
1312429381 1
1312429441 1
1312429501 1
1312429561 1
1312429621 1
1312429681 1
1312429741 1
1312429801 1
1312429861 1
1312429921 1
1312429981 1
1312430041 1
1312430101 1
1312430161 1
1312430221 1
1312430281 1
1312430341 1
1312430401 1
1312430461 1
1312430521 1
1312430581 1
1312430641 1
1312430701 1
1312430761 1
1312430821 1
1312430881 1
1312430941 1
1312431001 1
1312431061 1
1312431121 1
1312431182 1
1312431241 1
1312431301 1
1312431361 1
1312431421 1
1312431481 1
1312431541 1
1312431601 1
1312431661 1
1312431721 1
1312431781 1
1312431841 1
1312431901 1
1312431961 1
1312432021 1
1312432081 1
1312432141 2
1312432201 2
1312432261 2
1312432321 2
1312432381 2
1312432441 2
1312432501 2
1312432561 2
1312432621 2
1312432681 2
1312432741 2
1312432801 2
1312432861 2
1312432921 2
1312432981 2
1312433041 2
1312433101 2
1312433161 1
1312433221 1
1312433281 1
1312433341 1
1312433401 1
1312433461 1
1312433522 1
1312433581 1
1312433641 1
1312433701 2
1312433761 2
1312433821 2
1312433881 2
1312433941 2
1312434001 2
1312434061 2
1312434121 2
1312434181 2
1312434241 2
1312434301 2
1312434361 2
1312434422 2
1312434481 2
1312434541 2
1312434601 2
1312434661 2
1312434721 2
1312434781 2
1312434841 2
1312434901 1
1312434961 2
1312435021 2
1312435081 2
1312435141 2
1312435201 2
1312435261 2
1312435321 2
1312435381 2
1312435441 2
1312435501 2
1312435561 2
1312435621 2
1312435681 2
1312435741 2
1312435801 2
1312435861 2
1312435921 2
1312435981 2
1312436041 2
1312436101 2
1312436161 2
1312436221 2
1312436281 2
1312436341 2
1312436401 2
1312436461 2
1312436521 2
1312436581 2
1312436641 2
1312436701 2
1312436761 2
1312436821 2
1312436881 2
1312436941 2
1312437002 2
1312437061 1
1312437121 1
1312437181 1
1312437241 1
1312437301 1
1312437361 1
1312437421 1
1312437481 1
1312437541 1
1312437601 1
1312437661 1
1312437721 1
1312437781 1
1312437841 1
1312437901 1
1312437961 1
1312438021 1
1312438081 1
1312438141 1
1312438201 1
1312438261 1
1312438321 1
1312438381 2
1312438441 2
1312438501 2
1312438561 2
1312438622 3
1312438681 3
1312438741 3
1312438801 3
1312438861 3
1312438921 3
1312438981 3
1312439041 3
1312439101 3
1312439161 3
1312439221 3
1312439281 3
1312439341 3
1312439401 3
1312439461 3
1312439521 3
1312439581 3
1312439641 3
1312439701 3
1312439761 3
1312439821 3
1312439881 3
1312439941 3
1312440001 3
1312440061 2
1312440121 2
1312440181 2
1312440241 2
1312440301 2
1312440361 2
1312440421 2
1312440481 2
1312440541 2
1312440601 2
1312440661 2
1312440721 2
1312440781 2
1312440841 2
1312440901 2
1312440961 2
1312441021 2
1312441081 2
1312441141 2
1312441201 2
1312441261 2
1312441321 2
1312441381 2
1312441441 2
1312441501 2
1312441561 2
1312441621 2
1312441681 1
1312441741 1
1312441801 1
1312441861 1
1312441921 1
1312441981 1
1312442041 1
1312442101 1
1312442161 1
1312442221 1
1312442281 1
1312442341 1
1312442401 1
1312442461 1
1312442521 1
1312442581 1
1312442641 1
1312442701 1
1312442761 1
1312442821 1
1312442881 1
1312442941 1
1312443001 1
1312443062 1
1312443121 1
1312443181 2
1312443241 2
1312443301 2
1312443361 2
1312443421 2
1312443481 2
1312443541 2
1312443601 2
1312443661 2
1312443721 2
1312443781 2
1312443841 2
1312443901 2
1312443961 2
1312444021 2
1312444081 2
1312444141 3
1312444201 3
1312444261 3
1312444321 3
1312444381 3
1312444441 3
1312444501 3
1312444561 3
1312444621 3
1312444681 3
1312444741 2
1312444801 2
1312444861 3
1312444921 3
1312444981 3
1312445041 3
1312445101 3
1312445161 3
1312445221 3
1312445281 3
1312445341 3
1312445401 3
1312445461 3
1312445521 3
1312445581 3
1312445641 3
1312445701 3
1312445761 3
1312445821 3
1312445881 3
1312445941 3
1312446001 3
1312446061 3
1312446121 3
1312446181 3
1312446241 2
1312446301 2
1312446361 2
1312446421 2
1312446481 2
1312446541 2
1312446601 2
1312446661 2
1312446721 2
1312446781 2
1312446841 2
1312446901 2
1312446961 2
1312447021 2
1312447081 2
1312447141 1
1312447201 3
1312447261 3
1312447321 3
1312447381 3
1312447441 3
1312447501 3
1312447561 3
1312447621 3
1312447681 3
1312447741 3
1312447801 3
1312447861 3
1312447921 3
1312447981 3
1312448041 3
1312448101 3
1312448161 3
1312448221 3
1312448281 3
1312448341 3
1312448401 3
1312448461 3
1312448521 3
1312448581 3
1312448641 3
1312448701 3
1312448761 3
1312448821 3
1312448882 3
1312448941 3
1312449001 3
1312449061 3
1312449121 3
1312449181 3
1312449241 3
1312449301 3
1312449361 3
1312449421 3
1312449481 3
1312449541 3
1312449601 3
1312449661 3
1312449721 3
1312449781 3
1312449841 3
1312449901 3
1312449961 2
1312450021 2
1312450081 2
1312450141 2
1312450201 2
1312450261 2
1312450321 2
1312450381 2
1312450441 2
1312450501 2
1312450561 2
1312450621 2
1312450681 2
1312450741 2
1312450801 2
1312450861 2
1312450921 2
1312450981 2
1312451041 2
1312451101 2
1312451161 2
1312451221 2
1312451281 2
1312451341 2
1312451401 2
1312451461 2
1312451521 2
1312451581 2
1312451641 2
1312451701 2
1312451761 2
1312451821 2
1312451881 2
1312451941 2
1312452001 2
1312452061 2
1312452121 2
1312452181 2
1312452241 2
1312452301 2
1312452361 2
1312452421 2
1312452481 2
1312452541 2
1312452601 2
1312452661 2
1312452721 2
1312452781 1
1312452841 1
1312452901 2
1312452961 2
1312453021 2
1312453081 2
1312453141 2
1312453201 2
1312453261 2
1312453322 2
1312453382 2
1312453441 2
1312453501 2
1312453561 2
1312453621 2
1312453681 2
1312453741 2
1312453801 2
1312453861 2
1312453921 2
1312453981 2
1312454041 2
1312454101 2
1312454161 2
1312454221 2
1312454281 2
1312454341 2
1312454401 2
1312454461 2
1312454521 2
1312454581 2
1312454641 2
1312454701 2
1312454761 2
1312454821 2
1312454881 2
1312454941 2
1312455001 2
1312455061 2
1312455121 2
1312455181 2
1312455241 2
1312455301 2
1312455361 2
1312455421 2
1312455481 2
1312455541 2
1312455601 2
1312455661 2
1312455721 2
1312455781 2
1312455841 2
1312455901 2
1312455961 2
1312456021 2
1312456081 2
1312456141 2
1312456201 2
1312456261 2
1312456321 2
1312456381 2
1312456441 2
1312456501 2
1312456561 2
1312456621 2
1312456681 2
1312456741 3
1312456801 3
1312456861 3
1312456921 3
1312456981 3
1312457041 3
1312457101 3
1312457161 3
1312457221 3
1312457281 3
1312457341 3
1312457401 3
1312457461 3
1312457521 3
1312457581 3
1312457641 3
1312457701 3
1312457761 3
1312457821 3
1312457881 3
1312457941 3
1312458001 3
1312458061 3
1312458121 3
1312458181 3
1312458241 3
1312458301 3
1312458361 3
1312458421 3
1312458481 3
1312458541 3
1312458601 3
1312458661 3
1312458721 3
1312458781 3
1312458842 3
1312458901 1
1312458961 2
1312459021 2
1312459081 2
1312459141 2
1312459201 2
1312459261 2
1312459321 2
1312459381 2
1312459441 2
1312459501 2
1312459561 1
1312459621 1
1312459681 1
1312459741 1
1312459801 1
1312459861 1
1312459921 1
1312459981 1
1312460041 1
1312460101 1
1312460161 1
1312460221 1
1312460281 1
1312460341 1
1312460401 1
1312460461 1
1312460521 1
1312460581 1
1312460641 1
1312460701 1
1312460761 1
1312460821 1
1312460881 1
1312460941 1
1312461001 1
1312461061 1
1312461121 1
1312461181 1
1312461241 1
1312461301 1
1312461361 1
1312461422 1
1312461481 1
1312461541 1
1312461601 1
1312461661 1
1312461721 1
1312461781 1
1312461841 1
1312461901 1
1312461961 1
1312462021 1
1312462081 1
1312462141 1
1312462201 1
1312462261 1
1312462321 1
1312462381 1
1312462441 1
1312462501 1
1312462561 1
1312462621 1
1312462681 1
1312462741 1
1312462801 1
1312462861 1
1312462921 1
1312462981 1
1312463041 1
1312463101 1
1312463161 1
1312463221 1
1312463281 1
1312463341 1
1312463401 1
1312463461 1
1312463521 1
1312463581 1
1312463641 1
1312463701 1
1312463761 1
1312463821 1
1312463881 1
1312463942 1
1312464001 1
1312464061 1
1312464121 1
1312464181 1
1312464241 1
1312464301 1
1312464361 1
1312464421 1
1312464481 1
1312464541 1
1312464601 1
1312464661 1
1312464721 1
1312464781 1
1312464841 2
1312464901 2
1312464961 2
1312465021 2
1312465081 2
1312465141 2
1312465201 2
1312465261 2
1312465321 2
1312465381 2
1312465441 2
1312465501 2
1312465561 1
1312465621 1
1312465681 1
1312465741 1
1312465801 1
1312465861 1
1312465921 1
1312465981 1
1312466042 1
1312466101 1
1312466161 1
1312466221 1
1312466281 1
1312466341 1
1312466401 1
1312466461 1
1312466521 1
1312466581 1
1312466641 1
1312466701 1
1312466761 1
1312466821 1
1312466881 1
1312466941 1
1312467001 1
1312467061 1
1312467121 1
1312467181 1
1312467241 1
1312467301 1
1312467361 1
1312467421 1
1312467482 1
1312467541 1
1312467601 1
1312467661 1
1312467721 1
1312467781 1
1312467841 1
1312467901 1
1312467961 1
1312468021 2
1312468081 2
1312468141 2
1312468201 2
1312468261 2
1312468321 2
1312468381 2
1312468441 2
1312468501 2
1312468561 2
1312468621 2
1312468681 2
1312468741 2
1312468801 2
1312468861 2
1312468921 2
1312468981 2
1312469041 2
1312469101 2
1312469161 2
1312469222 2
1312469281 2
1312469341 2
1312469401 2
1312469461 2
1312469521 1
1312469581 1
1312469641 1
1312469701 1
1312469761 1
1312469821 1
1312469881 1
1312469941 1
1312470001 1
1312470061 1
1312470121 1
1312470181 1
1312470241 1
1312470301 1
1312470361 1
1312470421 1
1312470481 1
1312470541 1
1312470601 1
1312470661 1
1312470721 1
1312470781 1
1312470841 1
1312470901 1
1312470961 1
1312471021 1
1312471081 1
1312471141 1
1312471201 2
1312471261 2
1312471321 2
1312471381 2
1312471441 2
1312471501 2
1312471561 2
1312471621 2
1312471682 2
1312471741 2
1312471801 2
1312471861 2
1312471921 2
1312471981 2
1312472041 2
1312472101 2
1312472161 2
1312472221 2
1312472281 2
1312472341 2
1312472401 3
1312472461 3
1312472521 3
1312472581 3
1312472641 3
1312472701 3
1312472761 3
1312472821 3
1312472881 3
1312472941 3
1312473001 3
1312473061 3
1312473121 3
1312473181 3
1312473241 3
1312473301 3
1312473361 3
1312473421 3
1312473481 1
1312473541 1
1312473601 1
