1316102461 102
1316102521 106
1316102581 106
1316102641 106
1316102701 107
1316102761 109
1316102821 111
1316102881 114
1316102941 116
1316103001 107
1316103061 114
1316103121 119
1316103181 113
1316103241 117
1316103301 103
1316103361 107
1316103421 112
1316103481 115
1316103542 105
1316103601 97
1316103661 99
1316103721 105
1316103781 105
1316103841 105
1316103901 102
1316103961 102
1316104021 105
1316104081 105
1316104141 103
1316104201 101
1316104261 101
1316104321 105
1316104381 101
1316104441 100
1316104502 96
1316104561 98
1316104621 97
1316104681 98
1316104741 94
1316104801 94
1316104861 87
1316104921 94
1316104981 83
1316105041 87
1316105101 90
1316105161 88
1316105221 87
1316105281 89
1316105341 85
1316105401 81
1316105461 81
1316105521 78
1316105581 75
1316105641 76
1316105701 75
1316105761 77
1316105821 82
1316105881 80
1316105941 82
1316106001 80
1316106061 78
1316106121 79
1316106181 80
1316106241 83
1316106302 84
1316106362 82
1316106421 84
1316106481 79
1316106541 84
1316106601 82
1316106661 86
1316106721 84
1316106781 83
1316106841 84
1316106901 83
1316106961 84
1316107021 81
1316107081 85
1316107141 81
1316107201 79
1316107261 74
1316107321 76
1316107381 80
1316107441 80
1316107501 78
1316107561 78
1316107621 82
1316107681 78
1316107741 82
1316107801 74
1316107861 76
1316107921 69
1316107981 71
1316108041 69
1316108101 68
1316108161 65
1316108221 68
1316108281 62
1316108341 63
1316108401 64
1316108461 64
1316108521 66
1316108581 72
1316108641 74
1316108701 69
1316108761 69
1316108821 70
1316108881 64
1316108941 66
1316109001 60
1316109061 59
1316109121 57
1316109181 55
1316109241 53
1316109301 53
1316109361 54
1316109421 55
1316109481 44
1316109541 44
1316109601 44
1316109661 44
1316109721 40
1316109781 40
1316109841 46
1316109902 46
1316109961 45
1316110021 46
1316110081 47
1316110141 47
1316110201 49
1316110261 50
1316110321 53
1316110381 46
1316110441 47
1316110501 48
1316110561 48
1316110621 50
1316110681 50
1316110741 51
1316110801 51
1316110861 40
1316110921 42
1316110981 37
1316111041 39
1316111101 39
1316111161 41
1316111221 43
1316111281 36
1316111341 36
1316111401 36
1316111461 38
1316111521 40
1316111581 37
1316111641 37
1316111701 33
1316111761 34
1316111821 37
1316111881 39
1316111941 37
1316112001 37
1316112061 39
1316112121 39
1316112181 40
1316112241 39
1316112301 40
1316112361 41
1316112421 42
1316112481 43
1316112541 43
1316112601 38
1316112661 38
1316112721 42
1316112781 42
1316112841 39
1316112901 39
1316112961 41
1316113021 38
1316113081 34
1316113141 34
1316113201 33
1316113261 34
1316113321 36
1316113381 34
1316113441 34
1316113501 35
1316113561 36
1316113621 38
1316113681 30
1316113741 30
1316113801 30
1316113861 32
1316113921 33
1316113981 33
1316114041 33
1316114101 33
1316114161 34
1316114221 36
1316114281 36
1316114341 36
1316114401 36
1316114462 28
1316114521 30
1316114581 30
1316114641 30
1316114701 30
1316114761 25
1316114821 28
1316114881 28
1316114941 28
1316115001 28
1316115061 26
1316115121 27
1316115181 24
1316115241 24
1316115301 24
1316115361 25
1316115421 26
1316115481 26
1316115541 26
1316115601 26
1316115661 27
1316115721 28
1316115781 28
1316115841 19
1316115901 19
1316115961 21
1316116021 22
1316116081 22
1316116141 23
1316116201 23
1316116261 22
1316116321 23
1316116381 23
1316116441 23
1316116501 23
1316116561 23
1316116621 24
1316116681 25
1316116741 25
1316116801 26
1316116861 27
1316116921 28
1316116981 28
1316117041 28
1316117101 28
1316117161 29
1316117221 29
1316117281 29
1316117341 29
1316117401 30
1316117461 30
1316117521 30
1316117581 30
1316117641 18
1316117701 18
1316117761 18
1316117821 19
1316117882 19
1316117941 19
1316118001 19
1316118061 19
1316118121 20
1316118181 20
1316118241 21
1316118301 21
1316118361 21
1316118421 22
1316118481 15
1316118541 17
1316118601 17
1316118661 17
1316118722 19
1316118781 16
1316118842 17
1316118901 17
1316118961 17
1316119021 18
1316119081 18
1316119141 19
1316119201 16
1316119261 16
1316119321 17
1316119381 18
1316119441 19
1316119501 19
1316119561 19
1316119621 20
1316119681 21
1316119741 21
1316119801 21
1316119861 21
1316119921 21
1316119981 22
1316120041 22
1316120101 22
1316120161 22
1316120221 23
1316120281 23
1316120341 24
1316120401 24
1316120461 24
1316120521 24
1316120581 25
1316120641 26
1316120701 26
1316120761 26
1316120821 26
1316120881 27
1316120941 17
1316121001 17
1316120995 17
1316121001 17
1316121061 17
1316121121 18
1316121181 18
1316121241 19
1316121301 19
1316121361 19
1316121421 20
1316121481 20
1316121542 20
1316121602 20
1316121661 20
1316121721 22
1316121783 22
1316121841 22
1316121901 22
1316121961 22
1316122021 23
1316122081 25
1316122141 25
1316122201 26
1316122261 26
1316122321 28
1316122381 28
1316122441 28
1316122501 28
1316122561 28
1316122621 28
1316122681 28
1316122741 28
1316122801 15
1316122861 16
1316122921 17
1316122981 18
1316123041 18
1316123101 18
1316123161 18
1316123221 20
1316123281 21
1316123342 21
1316123401 21
1316123461 21
1316123521 18
1316123581 19
1316123641 19
1316123701 19
1316123761 19
1316123821 19
1316123881 20
1316123941 20
1316124001 20
1316124061 16
1316124121 17
1316124181 18
1316124241 18
1316124301 18
1316124361 18
1316124421 19
1316124481 19
1316124541 19
1316124602 19
1316124661 19
1316124721 20
1316124781 20
1316124841 20
1316124901 20
1316124961 20
1316125021 21
1316125081 21
1316125141 21
1316125201 21
1316125261 21
1316125321 21
1316125381 21
1316125441 21
1316125501 21
1316125561 15
1316125621 15
1316125681 15
1316125741 16
1316125801 16
1316125861 16
1316125921 18
1316125981 18
1316126041 18
1316126101 18
1316126161 18
1316126221 19
1316126281 20
1316126341 21
1316126401 19
1316126461 19
1316126521 21
1316126581 21
1316126641 23
1316126701 23
1316126761 24
1316126821 25
1316126881 25
1316126941 26
1316127001 26
1316127061 21
1316127121 22
1316127181 22
1316127241 23
1316127301 23
1316127361 18
1316127421 19
1316127481 19
1316127541 18
1316127602 18
1316127662 18
1316127721 19
1316127781 19
1316127841 21
1316127901 21
1316127961 19
1316128021 21
1316128081 21
1316128141 23
1316128201 20
1316128262 20
1316128322 21
1316128381 21
1316128441 21
1316128501 22
1316128561 22
1316128621 24
1316128681 24
1316128741 25
1316128801 22
1316128861 23
1316128921 25
1316128981 23
1316129041 25
1316129101 26
1316129161 29
1316129221 31
1316129281 31
1316129341 36
1316129401 36
1316129462 31
1316129521 29
1316129581 29
1316129641 31
1316129701 33
1316129761 32
1316129821 33
1316129881 29
1316129941 29
1316130001 30
1316130061 30
1316130121 29
1316130181 29
1316130241 30
1316130301 30
1316130361 32
1316130421 33
1316130481 34
1316130541 36
1316130601 38
1316130661 39
1316130721 25
1316130781 29
1316130841 30
1316130901 30
1316130961 31
1316131021 32
1316131081 35
1316131141 35
1316131201 37
1316131261 38
1316131321 39
1316131381 41
1316131441 34
1316131501 32
1316131561 33
1316131621 34
1316131681 36
1316131741 35
1316131801 35
1316131862 36
1316131921 34
1316131981 35
1316132041 34
1316132101 34
1316132161 34
1316132221 35
1316132281 38
1316132342 43
1316132402 44
1316132461 45
1316132521 48
1316132581 49
1316132641 50
1316132701 51
1316132761 52
1316132821 54
1316132881 50
1316132941 49
1316133001 50
1316133061 53
1316133121 49
1316133181 50
1316133241 49
1316133301 50
1316133361 51
1316133421 50
1316133481 50
1316133541 49
1316133601 52
1316133661 46
1316133721 46
1316133781 45
1316133841 46
1316133901 47
1316133961 45
1316134021 46
1316134081 46
1316134141 46
1316134201 49
1316134261 47
1316134321 48
1316134381 48
1316134441 42
1316134501 45
1316134561 46
1316134621 49
1316134681 47
1316134741 49
1316134801 52
1316134861 55
1316134921 50
1316134981 57
1316135041 58
1316135101 58
1316135161 57
1316135221 58
1316135281 59
1316135341 61
1316135401 63
1316135461 66
1316135521 64
1316135581 65
1316135641 64
1316135701 61
1316135761 59
1316135821 61
1316135881 53
1316135941 53
1316136001 57
1316136061 55
1316136121 54
1316136181 50
1316136241 51
1316136301 53
1316136361 51
1316136421 56
1316136481 57
1316136541 58
1316136601 56
1316136661 59
1316136721 62
1316136781 60
1316136841 62
1316136901 58
1316136961 64
1316137021 64
1316137081 61
1316137141 59
1316137201 61
1316137261 64
1316137321 63
1316137381 65
1316137441 67
1316137501 64
1316137561 65
1316137621 62
1316137681 64
1316137741 69
1316137801 67
1316137861 68
1316137921 65
1316137981 69
1316138041 68
1316138101 67
1316138161 67
1316138221 61
1316138281 59
1316138341 61
1316138401 58
1316138461 58
1316138521 57
1316138581 59
1316138641 60
1316138701 55
1316138761 55
1316138821 55
1316138881 56
1316138941 57
1316139001 55
1316139061 56
1316139121 57
1316139181 58
1316139241 61
1316139301 61
1316139361 60
1316139421 61
1316139481 64
1316139541 64
1316139601 63
1316139662 65
1316139721 68
1316139781 70
1316139841 73
1316139901 73
1316139961 68
1316140021 69
1316140081 68
1316140141 65
1316140201 62
1316140261 61
1316140321 62
1316140381 62
1316140441 65
1316140501 68
1316140561 63
1316140621 66
1316140681 67
1316140741 64
1316140801 61
1316140861 57
1316140921 60
1316140981 63
1316141041 63
1316141101 63
1316141161 62
1316141221 65
1316141281 64
1316141341 64
1316141401 60
1316141461 64
1316141521 63
1316141581 69
1316141641 65
1316141701 66
1316141761 69
1316141821 70
1316141881 75
1316141941 78
1316142001 74
1316142061 73
1316142121 73
1316142181 73
1316142241 74
1316142301 76
1316142361 64
1316142421 66
1316142481 65
1316142541 67
1316142601 68
1316142661 62
1316142721 66
1316142781 68
1316142841 71
1316142901 65
1316142961 66
1316143021 67
1316143081 73
1316143141 71
1316143201 68
1316143261 70
1316143321 70
1316143381 68
1316143442 71
1316143501 68
1316143561 66
1316143621 66
1316143681 69
1316143741 74
1316143801 75
1316143861 72
1316143921 69
1316143981 67
1316144041 65
1316144101 66
1316144161 66
1316144221 65
1316144281 64
1316144341 64
1316144401 63
1316144461 66
1316144521 62
1316144582 66
1316144641 65
1316144701 61
1316144761 61
1316144821 62
1316144881 66
1316144941 65
1316145001 68
1316145061 70
1316145121 74
1316145181 77
1316145241 76
1316145301 74
1316145361 78
1316145421 79
1316145481 77
1316145541 78
1316145601 76
1316145661 77
1316145721 78
1316145781 84
1316145841 88
1316145901 82
1316145961 85
1316146021 83
1316146081 85
1316146141 89
1316146201 86
1316146261 84
1316146321 85
1316146381 87
1316146441 92
1316146501 93
1316146561 83
1316146622 84
1316146681 82
1316146741 91
1316146801 92
1316146861 91
1316146921 98
1316146981 94
1316147041 97
1316147101 95
1316147161 99
1316147221 101
1316147281 105
1316147341 108
1316147401 104
1316147461 107
1316147521 110
1316147581 112
1316147641 110
1316147701 110
1316147761 117
1316147821 118
1316147881 117
1316147941 120
1316148001 105
1316148061 109
1316148121 104
1316148181 104
1316148241 103
1316148301 101
1316148361 104
1316148421 103
1316148481 101
1316148542 102
1316148601 100
1316148661 101
1316148721 98
1316148781 98
1316148841 94
1316148901 93
1316148961 97
1316149021 100
1316149081 98
1316149141 103
1316149201 103
1316149261 106
1316149321 110
1316149381 102
1316149442 98
1316149501 94
1316149561 96
1316149621 98
1316149681 92
1316149741 96
1316149801 93
1316149861 95
1316149921 96
1316149981 97
1316150041 99
1316150101 93
1316150161 91
1316150221 86
1316150281 85
1316150341 83
1316150401 77
1316150461 81
1316150521 89
1316150581 83
1316150641 85
1316150701 80
1316150761 84
1316150821 92
1316150881 88
1316150941 91
1316151001 92
1316151061 96
1316151121 100
1316151181 97
1316151241 102
1316151301 99
1316151361 101
1316151421 102
1316151481 103
1316151541 100
1316151601 101
1316151661 104
1316151721 103
1316151781 101
1316151841 104
1316151901 102
1316151961 103
1316152021 103
1316152081 104
1316152141 103
1316152201 99
1316152261 96
1316152321 98
1316152381 90
1316152441 88
1316152501 83
1316152561 86
1316152621 91
1316152681 90
1316152741 90
1316152801 85
1316152861 84
1316152921 82
1316152981 82
1316153041 82
1316153101 80
1316153161 85
1316153221 89
1316153282 84
1316153341 88
1316153401 86
1316153461 88
1316153521 90
1316153581 96
1316153641 97
1316153701 99
1316153761 91
1316153821 92
1316153881 94
1316153941 94
1316154001 88
1316154061 88
1316154121 89
1316154181 88
1316154241 86
1316154301 81
1316154361 80
1316154421 82
1316154481 81
1316154541 84
1316154601 80
1316154661 82
1316154721 83
1316154781 78
1316154841 87
1316154901 84
1316154961 90
1316155022 97
1316155081 88
1316155141 88
1316155201 84
1316155261 86
1316155321 89
1316155381 84
1316155441 84
1316155501 84
1316155561 84
1316155621 84
1316155681 88
1316155741 91
1316155801 89
1316155861 89
1316155921 89
1316155981 89
1316156041 92
1316156101 88
1316156161 92
1316156221 94
1316156281 99
1316156341 96
1316156401 95
1316156461 96
1316156521 93
1316156581 100
1316156642 92
1316156701 91
1316156761 93
1316156821 92
1316156881 92
1316156941 88
1316157002 79
1316157062 81
1316157121 84
1316157181 85
1316157241 86
1316157301 86
1316157361 89
1316157421 93
1316157481 97
1316157541 92
1316157601 91
1316157661 92
1316157721 96
1316157781 98
1316157841 91
1316157901 94
1316157961 91
1316158021 88
1316158081 91
1316158141 92
1316158201 92
1316158261 89
1316158321 93
1316158381 93
1316158441 92
1316158501 92
1316158561 89
1316158621 92
1316158681 94
1316158741 91
1316158801 88
1316158861 92
1316158921 94
1316158981 96
1316159041 94
1316159101 95
1316159161 89
1316159221 86
1316159281 82
1316159341 84
1316159401 86
1316159461 86
1316159522 85
1316159581 86
1316159641 86
1316159701 84
1316159761 82
1316159821 87
1316159881 93
1316159941 91
1316160001 90
1316160061 90
1316160121 95
1316160181 101
1316160241 97
1316160301 97
1316160361 98
1316160421 101
1316160481 98
1316160541 95
1316160601 98
1316160661 92
1316160721 94
1316160781 94
1316160841 96
1316160901 90
1316160961 89
1316161021 93
1316161081 95
1316161141 91
1316161201 90
1316161261 86
1316161321 90
1316161381 93
1316161441 92
1316161501 94
1316161561 100
1316161621 101
1316161681 104
1316161741 106
1316161801 101
1316161861 99
1316161921 98
1316161981 97
1316162041 101
1316162101 101
1316162161 103
1316162221 106
1316162281 105
1316162341 101
1316162401 100
1316162461 99
1316162521 100
1316162581 101
1316162641 103
1316162701 99
1316162761 96
1316162821 93
1316162881 95
1316162941 94
1316163001 94
1316163061 99
1316163121 99
1316163181 101
1316163241 100
1316163301 97
1316163361 100
1316163421 100
1316163481 101
1316163541 102
1316163601 99
1316163661 100
1316163721 100
1316163781 103
1316163841 99
1316163901 99
1316163961 105
1316164021 106
1316164081 104
1316164141 102
1316164201 103
1316164261 104
1316164321 105
1316164381 107
1316164441 98
1316164501 94
1316164561 96
1316164621 94
1316164681 99
1316164741 99
1316164801 96
1316164861 95
1316164921 94
1316164981 95
1316165041 94
1316165101 91
1316165161 92
1316165221 92
1316165281 95
1316165341 91
1316165401 91
1316165461 93
1316165521 90
1316165581 86
1316165642 82
1316165701 84
1316165761 86
1316165821 88
1316165881 85
1316165941 86
1316166001 82
1316166061 84
1316166121 85
1316166181 85
1316166241 83
1316166301 82
1316166361 83
1316166421 81
1316166481 79
1316166541 79
1316166601 80
1316166661 77
1316166721 77
1316166781 75
1316166841 75
1316166901 74
1316166961 83
1316167021 80
1316167081 80
1316167141 83
1316167201 80
1316167261 80
1316167321 82
1316167381 82
1316167441 75
1316167501 75
1316167561 73
1316167622 73
1316167681 72
1316167741 70
1316167801 70
1316167861 71
1316167921 72
1316167981 71
1316168041 72
1316168101 71
1316168161 66
1316168221 70
1316168281 69
1316168341 69
1316168401 70
1316168461 70
1316168521 73
1316168581 60
1316168641 65
1316168701 60
1316168761 60
1316168821 62
1316168881 64
1316168941 62
1316169001 62
1316169061 57
1316169121 59
1316169181 60
1316169241 62
1316169301 61
1316169361 61
1316169421 62
1316169482 65
1316169541 67
1316169601 70
1316169661 58
1316169721 62
1316169781 62
1316169841 61
1316169901 61
1316169961 62
1316170021 63
1316170081 65
1316170141 68
1316170201 61
1316170261 64
1316170321 64
1316170381 66
1316170441 62
1316170501 63
1316170561 65
1316170621 67
1316170681 61
1316170741 61
1316170801 64
1316170861 66
1316170921 68
1316170981 71
1316171041 70
1316171101 72
1316171161 60
1316171221 62
1316171281 64
1316171341 60
1316171401 59
1316171461 59
1316171521 58
1316171581 62
1316171641 57
1316171701 61
1316171761 62
1316171821 65
1316171882 62
1316171941 61
1316172001 62
1316172061 63
1316172121 64
1316172181 64
1316172241 68
1316172301 69
1316172361 69
1316172421 61
1316172481 63
1316172541 59
1316172601 60
1316172661 57
1316172721 57
1316172781 58
1316172841 58
1316172901 60
1316172961 62
1316173021 66
1316173081 64
1316173141 63
1316173201 63
1316173261 59
1316173321 60
1316173381 62
1316173441 61
1316173501 62
1316173561 57
1316173621 60
1316173681 62
1316173741 60
1316173801 61
1316173861 60
1316173921 61
1316173981 65
1316174041 67
1316174101 57
1316174161 57
1316174221 61
1316174281 65
1316174341 65
1316174401 66
1316174461 67
1316174521 72
1316174581 73
1316174642 69
1316174701 71
1316174761 62
1316174821 66
1316174881 64
1316174941 68
1316175001 74
1316175061 70
1316175121 74
1316175181 77
1316175241 71
1316175301 66
1316175361 66
1316175421 67
1316175481 70
1316175541 65
1316175601 65
1316175661 64
1316175721 64
1316175781 62
1316175841 59
1316175901 59
1316175961 61
1316176021 63
1316176081 68
1316176141 66
1316176201 66
1316176261 61
1316176321 59
1316176381 63
1316176441 63
1316176501 63
1316176561 63
1316176621 65
1316176681 67
1316176741 67
1316176801 69
1316176861 64
1316176921 69
1316176981 73
1316177041 71
1316177101 74
1316177161 71
1316177221 74
1316177281 72
1316177341 71
1316177401 77
1316177462 72
1316177521 70
1316177581 72
1316177641 68
1316177701 69
1316177761 68
1316177821 68
1316177881 66
1316177941 65
1316178001 66
1316178061 66
1316178121 63
1316178181 65
1316178241 66
1316178301 70
1316178361 66
1316178421 69
1316178481 71
1316178541 70
1316178601 73
1316178661 75
1316178721 78
1316178781 79
1316178841 76
1316178901 80
1316178961 73
1316179021 74
1316179081 76
1316179141 75
1316179201 78
1316179261 78
1316179321 80
1316179381 85
1316179441 82
1316179501 84
1316179561 79
1316179621 81
1316179681 85
1316179741 81
1316179801 81
1316179861 79
1316179921 76
1316179981 79
1316180041 80
1316180101 83
1316180161 74
1316180221 79
1316180281 87
1316180341 83
1316180401 85
1316180461 83
1316180521 82
1316180581 84
1316180641 81
1316180701 79
1316180761 79
1316180821 82
1316180881 84
1316180941 83
1316181001 83
1316181061 82
1316181121 86
1316181181 86
1316181241 82
1316181301 78
1316181361 79
1316181421 74
1316181481 80
1316181541 77
1316181601 73
1316181661 73
1316181721 74
1316181781 77
1316181841 78
1316181901 78
1316181961 73
1316182021 74
1316182081 77
1316182141 74
1316182201 78
1316182261 72
1316182321 69
1316182381 76
1316182441 71
1316182501 74
1316182561 73
1316182621 70
1316182681 73
1316182741 76
1316182801 63
1316182861 62
1316182921 61
1316182981 66
1316183041 64
1316183101 67
1316183161 66
1316183221 67
1316183281 71
1316183341 75
1316183401 78
1316183461 71
1316183521 72
1316183581 75
1316183641 78
1316183701 67
1316183761 67
1316183821 66
1316183881 69
1316183941 72
1316184001 77
1316184061 72
1316184121 73
1316184181 75
1316184241 77
1316184301 62
1316184361 68
1316184421 71
1316184481 73
1316184541 71
1316184602 72
1316184661 65
1316184721 65
1316184781 65
1316184841 65
1316184901 59
1316184961 59
1316185021 61
1316185081 61
1316185141 59
1316185201 57
1316185261 59
1316185321 62
1316185381 63
1316185441 63
1316185501 58
1316185561 64
1316185621 65
1316185681 68
1316185741 64
1316185801 66
1316185861 71
1316185921 73
1316185981 72
1316186041 75
1316186102 71
1316186161 71
1316186221 74
1316186281 78
1316186341 79
1316186401 80
1316186461 80
1316186521 73
1316186581 79
1316186641 85
1316186701 82
1316186761 73
1316186821 68
1316186881 73
1316186941 68
1316187001 62
1316187061 63
1316187121 62
1316187181 68
1316187241 71
1316187301 62
1316187361 62
1316187421 62
1316187481 68
1316187541 66
1316187601 63
1316187661 62
1316187721 66
1316187781 69
1316187841 66
1316187901 68
1316187961 67
1316188021 71
1316188081 71
1316188141 66
1316188201 65
1316188261 63
1316188321 68
1316188381 71
1316188441 67
1316188501 62
1316188561 63
1316188621 62
1316188681 63
1316188741 64
1316188801 67
