1317052861 385
1317052921 389
1317052981 375
1317053041 371
1317053101 372
1317053161 363
1317053221 375
1317053281 366
1317053341 354
1317053401 353
1317053461 351
1317053521 361
1317053581 347
1317053641 346
1317053701 351
1317053761 353
1317053821 357
1317053881 351
1317053941 347
1317054001 344
1317054061 340
1317054121 335
1317054181 338
1317054241 328
1317054301 332
1317054361 335
1317054421 333
1317054481 321
1317054541 322
1317054601 332
1317054661 333
1317054721 331
1317054781 324
1317054841 327
1317054901 329
1317054961 322
1317055021 313
1317055081 313
1317055141 307
1317055201 315
1317055261 317
1317055321 320
1317055381 312
1317055441 310
1317055501 308
1317055561 304
1317055621 296
1317055681 299
1317055741 307
1317055801 305
1317055861 309
1317055921 303
1317055981 311
1317056041 292
1317056101 289
1317056161 274
1317056221 277
1317056281 274
1317056341 271
1317056401 272
1317056461 267
1317056521 269
1317056581 262
1317056641 261
1317056701 255
1317056761 248
1317056821 248
1317056881 246
1317056942 252
1317057001 258
1317057061 251
1317057121 253
1317057181 252
1317057241 255
1317057301 247
1317057361 241
1317057421 241
1317057481 240
1317057541 237
1317057601 241
1317057661 227
1317057721 236
1317057781 227
1317057841 231
1317057901 225
1317057961 219
1317058021 221
1317058081 222
1317058141 220
1317058201 206
1317058261 212
1317058321 218
1317058381 215
1317058441 212
1317058501 212
1317058561 210
1317058621 212
1317058681 200
1317058741 192
1317058801 188
1317058861 193
1317058921 192
1317058981 181
1317059041 179
1317059101 179
1317059161 181
1317059221 186
1317059281 185
1317059341 184
1317059401 188
1317059461 196
1317059521 180
1317059581 173
1317059641 175
1317059701 172
1317059761 172
1317059821 172
1317059881 179
1317059941 173
1317060001 166
1317060061 167
1317060121 175
1317060181 181
1317060241 168
1317060301 168
1317060361 169
1317060421 170
1317060481 171
1317060541 166
1317060601 163
1317060661 168
1317060721 157
1317060781 160
1317060841 158
1317060901 156
1317060961 158
1317061021 158
1317061081 153
1317061141 158
1317061201 146
1317061261 150
1317061321 148
1317061381 146
1317061442 143
1317061501 146
1317061561 138
1317061621 140
1317061681 144
1317061741 137
1317061801 134
1317061861 134
1317061921 136
1317061981 137
1317062041 133
1317062101 138
1317062161 140
1317062221 143
1317062281 149
1317062341 135
1317062401 135
1317062461 140
1317062521 145
1317062581 127
1317062641 124
1317062701 123
1317062761 124
1317062821 124
1317062881 129
1317062941 133
1317063001 136
1317063061 139
1317063121 119
1317063181 121
1317063241 116
1317063301 113
1317063361 111
1317063421 117
1317063481 118
1317063541 122
1317063601 125
1317063661 130
1317063721 108
1317063781 112
1317063841 104
1317063901 107
1317063961 106
1317064021 110
1317064081 110
1317064141 114
1317064201 117
1317064261 121
1317064321 110
1317064381 113
1317064441 106
1317064501 106
1317064561 107
1317064621 112
1317064681 108
1317064741 103
1317064801 106
1317064861 111
1317064921 112
1317064981 106
1317065041 109
1317065101 110
1317065161 102
1317065221 105
1317065281 103
1317065341 102
1317065401 102
1317065461 106
1317065521 112
1317065581 118
1317065641 98
1317065701 101
1317065761 104
1317065821 110
1317065881 103
1317065941 100
1317066001 103
1317066061 107
1317066121 111
1317066181 109
1317066241 111
1317066301 113
1317066361 99
1317066421 103
1317066481 100
1317066541 102
1317066601 97
1317066661 102
1317066721 106
1317066781 111
1317066841 114
1317066901 98
1317066961 102
1317067021 105
1317067081 111
1317067141 95
1317067201 99
1317067261 96
1317067321 101
1317067382 109
1317067441 111
1317067501 113
1317067561 117
1317067621 96
1317067681 97
1317067741 99
1317067801 104
1317067861 108
1317067921 111
1317067981 92
1317068041 90
1317068101 95
1317068161 99
1317068222 103
1317068281 110
1317068341 110
1317068401 87
1317068461 87
1317068521 92
1317068581 97
1317068641 90
1317068701 93
1317068761 98
1317068821 100
1317068881 104
1317068941 105
1317069001 108
1317069064 112
1317069121 116
1317069181 120
1317069241 120
1317069301 85
1317069361 88
1317069421 93
1317069481 99
1317069541 99
1317069601 102
1317069661 106
1317069721 109
1317069781 88
1317069841 89
1317069901 92
1317069961 96
1317070021 90
1317070081 96
1317070141 97
1317070201 88
1317070262 92
1317070321 95
1317070381 102
1317070441 103
1317070501 107
1317070561 109
1317070621 114
1317070681 119
1317070741 120
1317070801 122
1317070861 125
1317070921 88
1317070981 95
1317071041 95
1317071101 99
1317071161 102
1317071222 85
1317071282 92
1317071341 93
1317071401 97
1317071461 100
1317071521 88
1317071581 93
1317071641 94
1317071701 99
1317071761 88
1317071821 94
1317071881 98
1317071941 85
1317072001 87
1317072061 86
1317072121 91
1317072181 95
1317072241 96
1317072301 99
1317072361 102
1317072421 89
1317072481 91
1317072541 92
1317072601 86
1317072661 85
1317072721 89
1317072781 93
1317072841 94
1317072901 97
1317072961 103
1317073021 92
1317073081 96
1317073141 97
1317073202 98
1317073261 89
1317073321 93
1317073381 97
1317073441 98
1317073501 100
1317073561 105
1317073621 108
1317073681 111
1317073741 112
1317073801 114
1317073861 117
1317073921 119
1317073981 121
1317074041 79
1317074101 83
1317074161 88
1317074221 92
1317074281 97
1317074341 98
1317074401 100
1317074461 102
1317074521 102
1317074581 106
1317074641 78
1317074701 81
1317074761 82
1317074821 86
1317074881 83
1317074941 82
1317075001 83
1317075061 85
1317075121 88
1317075181 93
1317075241 94
1317075301 95
1317075361 86
1317075421 88
1317075481 94
1317075541 86
1317075601 88
1317075661 93
1317075721 95
1317075781 99
1317075841 100
1317075901 103
1317075961 80
1317076021 85
1317076081 90
1317076141 90
1317076201 94
1317076261 88
1317076321 90
1317076381 96
1317076441 97
1317076501 99
1317076561 102
1317076621 104
1317076681 82
1317076741 83
1317076801 85
1317076861 89
1317076921 87
1317076981 90
1317077041 90
1317077101 93
1317077161 95
1317077221 98
1317077281 101
1317077341 82
1317077401 85
1317077461 86
1317077521 87
1317077581 91
1317077641 93
1317077701 96
1317077761 95
1317077822 93
1317077881 94
1317077941 95
1317078001 89
1317078061 95
1317078122 95
1317078182 95
1317078241 91
1317078301 91
1317078361 98
1317078421 101
1317078481 107
1317078541 87
1317078601 90
1317078661 93
1317078721 89
1317078781 97
1317078841 98
1317078901 95
1317078961 100
1317079021 98
1317079081 104
1317079141 101
1317079201 100
1317079261 105
1317079321 101
1317079381 102
1317079441 96
1317079501 97
1317079561 103
1317079621 100
1317079681 105
1317079741 104
1317079801 105
1317079861 108
1317079921 106
1317079981 108
1317080041 103
1317080101 108
1317080161 111
1317080221 105
1317080281 111
1317080341 113
1317080401 101
1317080461 107
1317080521 103
1317080581 104
1317080641 100
1317080701 107
1317080761 111
1317080821 115
1317080881 110
1317080941 108
1317081001 112
1317081061 108
1317081121 109
1317081181 110
1317081241 103
1317081301 111
1317081361 109
1317081421 113
1317081481 113
1317081542 111
1317081601 109
1317081661 105
1317081721 109
1317081781 100
1317081841 103
1317081901 108
1317081961 108
1317082021 105
1317082082 111
1317082142 107
1317082201 107
1317082261 106
1317082321 103
1317082381 106
1317082441 104
1317082501 106
1317082561 111
1317082621 121
1317082681 138
1317082741 147
1317082801 195
1317082861 230
1317082921 233
1317082981 245
1317083041 243
1317083101 238
1317083161 237
1317083221 237
1317083281 236
1317083341 222
1317083401 202
1317083461 200
1317083521 190
1317083581 191
1317083641 186
1317083701 189
1317083761 208
1317083821 209
1317083881 212
1317083941 213
1317084001 217
1317084061 211
1317084121 211
1317084181 212
1317084241 208
1317084301 206
1317084361 207
1317084421 210
1317084481 216
1317084541 214
1317084601 211
1317084661 212
1317084721 207
1317084781 205
1317084841 205
1317084901 213
1317084961 216
1317085021 217
1317085081 224
1317085141 221
1317085201 224
1317085261 223
1317085321 218
1317085381 226
1317085441 218
1317085501 216
1317085561 216
1317085621 208
1317085682 209
1317085741 213
1317085801 205
1317085861 211
1317085921 217
1317085981 223
1317086041 211
1317086101 207
1317086161 211
1317086221 213
1317086281 214
1317086341 208
1317086401 211
1317086461 216
1317086521 221
1317086581 218
1317086641 216
1317086701 216
1317086761 219
1317086821 221
1317086881 210
1317086941 210
1317087001 213
1317087061 214
1317087121 214
1317087181 210
1317087241 207
1317087301 206
1317087361 208
1317087421 212
1317087481 211
1317087541 210
1317087601 174
1317087661 174
1317087721 177
1317087781 173
1317087841 173
1317087901 176
1317087961 182
1317088021 187
1317088081 177
1317088141 176
1317088202 176
1317088261 169
1317088321 173
1317088381 167
1317088441 167
1317088501 163
1317088561 166
1317088621 163
1317088681 167
1317088741 155
1317088801 160
1317088861 164
1317088921 168
1317088981 164
1317089041 162
1317089101 168
1317089161 165
1317089221 162
1317089281 159
1317089341 155
1317089401 156
1317089461 157
1317089521 160
1317089581 160
1317089641 158
1317089701 151
1317089761 153
1317089821 159
1317089881 155
1317089941 145
1317090001 141
1317090061 144
1317090121 146
1317090181 174
1317090241 173
1317090301 170
1317090361 174
1317090421 175
1317090481 169
1317090541 169
1317090601 166
1317090661 157
1317090721 140
1317090781 144
1317090841 148
1317090901 149
1317090961 154
1317091021 152
1317091081 156
1317091141 155
1317091201 154
1317091261 158
1317091321 158
1317091381 158
1317091441 154
1317091501 156
1317091561 157
1317091622 160
1317091681 163
1317091741 162
1317091801 170
1317091861 167
1317091921 170
1317091981 171
1317092041 172
1317092101 176
1317092161 177
1317092221 172
1317092281 177
1317092341 176
1317092401 172
1317092461 175
1317092521 173
1317092581 173
1317092641 169
1317092701 170
1317092761 168
1317092821 171
1317092881 173
1317092941 176
1317093001 173
1317093061 168
1317093121 171
1317093182 176
1317093242 173
1317093301 182
1317093361 183
1317093421 182
1317093481 179
1317093541 178
1317093601 176
1317093661 180
1317093721 177
1317093781 185
1317093841 181
1317093901 187
1317093961 196
1317094021 200
1317094081 202
1317094141 199
1317094201 200
1317094261 196
1317094321 199
1317094381 184
1317094441 184
1317094501 187
1317094561 186
1317094621 186
1317094681 186
1317094741 185
1317094801 187
1317094861 183
1317094921 176
1317094981 180
1317095042 178
1317095101 186
1317095161 188
1317095221 195
1317095281 198
1317095341 202
1317095401 194
1317095461 198
1317095521 192
1317095581 198
1317095641 194
1317095701 189
1317095761 195
1317095821 194
1317095881 192
1317095941 196
1317096001 192
1317096061 199
1317096121 198
1317096181 185
1317096241 188
1317096301 184
1317096361 193
1317096421 194
1317096481 197
1317096541 199
1317096601 192
1317096661 198
1317096721 203
1317096781 197
1317096841 194
1317096901 195
1317096961 199
1317097021 196
1317097081 189
1317097141 191
1317097201 193
1317097261 197
1317097321 199
1317097381 202
1317097441 200
1317097501 203
1317097561 208
1317097621 200
1317097682 200
1317097741 206
1317097801 210
1317097861 211
1317097921 217
1317097981 219
1317098041 221
1317098101 228
1317098161 228
1317098221 242
1317098281 243
1317098341 244
1317098401 244
1317098461 248
1317098521 249
1317098581 255
1317098641 247
1317098701 247
1317098761 244
1317098821 249
1317098881 252
1317098941 249
1317099001 254
1317099061 250
1317099121 256
1317099181 254
1317099241 250
1317099301 248
1317099361 239
1317099421 244
1317099481 245
1317099541 236
1317099601 241
1317099661 233
1317099721 242
1317099781 248
1317099841 257
1317099901 252
1317099961 261
1317100021 269
1317100081 268
1317100142 272
1317100201 281
1317100261 284
1317100321 290
1317100381 284
1317100441 281
1317100501 284
1317100561 285
1317100621 295
1317100681 289
1317100741 288
1317100801 291
1317100861 300
1317100921 321
1317100981 325
1317101041 314
1317101101 320
1317101161 317
1317101221 320
1317101281 308
1317101341 310
1317101401 305
1317101461 302
1317101521 310
1317101581 297
1317101641 293
1317101701 289
1317101761 299
1317101821 301
1317101881 298
1317101941 302
1317102001 310
1317102061 306
1317102121 307
1317102181 302
1317102241 303
1317102301 304
1317102361 296
1317102421 300
1317102481 296
1317102541 302
1317102601 306
1317102661 301
1317102722 305
1317102781 297
1317102841 297
1317102901 300
1317102961 308
1317103021 310
1317103081 305
1317103141 304
1317103201 308
1317103261 295
1317103321 302
1317103381 294
1317103441 294
1317103501 297
1317103561 289
1317103621 301
1317103681 293
1317103741 298
1317103801 291
1317103861 281
1317103921 283
1317103981 287
1317104041 304
1317104101 306
1317104162 302
1317104221 309
1317104281 311
1317104341 312
1317104402 313
1317104461 355
1317104521 360
1317104581 352
1317104641 348
1317104701 354
1317104761 356
1317104821 358
1317104881 352
1317104941 320
1317105001 328
1317105061 333
1317105121 338
1317105181 335
1317105241 331
1317105301 328
1317105361 298
1317105421 297
1317105481 289
1317105541 288
1317105601 289
1317105661 285
1317105721 288
1317105781 294
1317105841 291
1317105901 293
1317105961 295
1317106021 292
1317106081 303
1317106142 297
1317106201 297
1317106261 298
1317106321 300
1317106381 307
1317106441 299
1317106501 303
1317106561 304
1317106621 298
1317106681 292
1317106741 290
1317106801 288
1317106861 287
1317106921 275
1317106981 280
1317107041 276
1317107101 279
1317107161 280
1317107221 277
1317107281 279
1317107341 278
1317107401 287
1317107461 285
1317107521 288
1317107581 290
1317107641 283
1317107701 290
1317107761 287
1317107821 284
1317107881 290
1317107941 288
1317108001 290
1317108061 283
1317108121 282
1317108181 280
1317108241 279
1317108301 276
1317108361 270
1317108421 270
1317108481 273
1317108541 275
1317108601 286
1317108661 287
1317108721 287
1317108781 287
1317108841 290
1317108901 304
1317108961 308
1317109021 311
1317109081 317
1317109141 324
1317109201 328
1317109262 337
1317109321 342
1317109381 344
1317109441 342
1317109501 342
1317109561 344
1317109621 370
1317109681 376
1317109741 375
1317109801 374
1317109861 377
1317109921 382
1317109981 395
1317110041 392
1317110101 384
1317110161 387
1317110221 382
1317110281 382
1317110341 381
1317110401 366
1317110461 350
1317110521 347
1317110581 353
1317110641 323
1317110701 313
1317110762 315
1317110822 309
1317110881 301
1317110941 283
1317111001 264
1317111061 261
1317111121 250
1317111181 242
1317111241 238
1317111301 246
1317111361 252
1317111421 250
1317111481 266
1317111541 263
1317111601 306
1317111661 321
1317111721 322
1317111781 323
1317111841 316
1317111901 348
1317111961 363
1317112021 355
1317112082 365
1317112141 381
1317112201 383
1317112261 384
1317112321 379
1317112381 372
1317112441 345
1317112501 344
1317112561 346
1317112621 340
1317112681 330
1317112741 329
1317112801 330
1317112861 334
1317112921 335
1317112981 331
1317113041 331
1317113101 325
1317113161 326
1317113221 324
1317113281 318
1317113341 319
1317113401 320
1317113461 322
1317113521 320
1317113581 312
1317113641 317
1317113701 310
1317113761 315
1317113821 324
1317113881 314
1317113941 321
1317114001 315
1317114061 328
1317114121 329
1317114181 330
1317114241 343
1317114301 349
1317114361 353
1317114421 355
1317114481 348
1317114541 351
1317114601 348
1317114661 344
1317114721 345
1317114781 339
1317114841 347
1317114901 337
1317114961 336
1317115021 330
1317115081 320
1317115141 302
1317115201 295
1317115261 293
1317115321 294
1317115381 290
1317115441 279
1317115501 285
1317115561 287
1317115621 292
1317115681 278
1317115741 283
1317115801 278
1317115861 279
1317115921 279
1317115981 275
1317116041 282
1317116101 312
1317116161 316
1317116221 316
1317116281 307
1317116341 309
1317116401 311
1317116461 312
1317116521 299
1317116581 286
1317116641 249
1317116701 252
1317116761 259
1317116821 256
1317116881 254
1317116941 257
1317117001 251
1317117061 250
1317117121 251
1317117181 238
1317117241 243
1317117301 236
1317117361 235
1317117421 231
1317117481 231
1317117541 222
1317117601 217
1317117661 220
1317117721 218
1317117781 216
1317117841 219
1317117901 221
1317117961 229
1317118021 230
1317118081 219
1317118141 223
1317118201 216
1317118261 210
1317118321 215
1317118381 211
1317118441 216
1317118501 216
1317118561 220
1317118621 215
1317118681 205
1317118741 213
1317118801 200
1317118861 204
1317118921 207
1317118981 201
1317119041 200
1317119101 201
1317119161 206
1317119221 200
1317119281 202
1317119341 198
1317119401 199
1317119461 202
1317119521 206
1317119581 193
1317119641 196
1317119701 199
1317119761 200
1317119821 203
1317119881 212
1317119941 214
1317120001 217
1317120061 219
1317120121 223
1317120181 222
1317120241 223
1317120301 223
1317120361 236
1317120421 236
1317120482 227
1317120541 224
1317120601 227
1317120661 223
1317120721 225
1317120781 222
1317120841 220
1317120901 220
1317120961 227
1317121021 229
1317121081 220
1317121141 218
1317121201 218
1317121261 212
1317121321 215
1317121381 211
1317121441 213
1317121501 216
1317121561 215
1317121621 225
1317121681 216
1317121741 224
1317121801 221
1317121861 228
1317121921 231
1317121981 225
1317122041 222
1317122101 223
1317122161 229
1317122221 232
1317122281 230
1317122341 222
1317122401 222
1317122461 228
1317122521 229
1317122581 224
1317122641 222
1317122701 222
1317122761 218
1317122821 223
1317122881 228
1317122941 227
1317123001 228
1317123061 235
1317123121 238
1317123181 231
1317123241 233
1317123301 250
1317123361 252
1317123421 261
1317123481 259
1317123541 263
1317123601 264
1317123661 264
1317123721 272
1317123781 267
1317123841 271
1317123901 264
1317123961 268
1317124021 267
1317124081 261
1317124141 263
1317124201 266
1317124261 264
1317124321 275
1317124381 271
1317124441 277
1317124501 274
1317124562 278
1317124621 282
1317124681 278
1317124741 281
1317124801 274
1317124861 276
1317124921 277
1317124981 269
1317125042 277
1317125101 278
1317125161 285
1317125221 288
1317125281 291
1317125341 289
1317125401 290
1317125461 289
1317125521 286
1317125581 286
1317125641 290
1317125701 291
1317125761 295
1317125821 300
1317125881 294
1317125941 301
1317126001 307
1317126061 310
1317126121 312
1317126181 312
1317126241 310
1317126301 308
1317126361 311
1317126422 314
1317126481 309
1317126541 305
1317126601 311
1317126661 315
1317126721 313
1317126781 319
1317126841 314
1317126901 308
1317126961 299
1317127021 296
1317127081 308
1317127141 302
1317127201 302
1317127261 300
1317127321 301
1317127381 311
1317127441 314
1317127501 321
1317127561 325
1317127621 334
1317127681 339
1317127741 337
1317127801 351
1317127861 342
1317127921 340
1317127981 337
1317128041 331
1317128101 338
1317128161 337
1317128221 336
1317128281 331
1317128341 339
1317128401 334
1317128461 332
1317128521 339
1317128581 339
1317128641 346
1317128701 356
1317128761 345
1317128821 351
1317128881 349
1317128942 340
1317129002 350
1317129061 344
1317129121 349
1317129181 343
1317129241 345
1317129301 350
1317129361 348
1317129421 351
1317129481 356
1317129541 354
1317129601 360
1317129661 368
1317129721 371
1317129781 363
1317129841 369
1317129901 374
1317129961 368
1317130021 376
1317130081 373
1317130141 376
1317130201 388
1317130261 390
1317130321 383
1317130381 389
1317130441 384
1317130501 387
1317130561 380
1317130621 391
1317130681 384
1317130741 384
1317130801 387
1317130861 382
1317130921 395
1317130981 388
1317131041 390
1317131101 389
1317131161 380
1317131221 385
1317131281 379
1317131341 368
1317131401 375
1317131462 368
1317131521 385
1317131581 379
1317131641 385
1317131701 392
1317131761 384
1317131821 389
1317131881 387
1317131941 383
1317132001 391
1317132061 380
1317132122 389
1317132181 393
1317132241 386
1317132301 389
1317132361 391
1317132421 388
1317132481 394
1317132541 385
1317132601 391
1317132661 385
1317132721 376
1317132781 379
1317132841 376
1317132901 372
1317132961 369
1317133021 378
1317133081 390
1317133141 389
1317133201 403
1317133261 402
1317133321 406
1317133381 414
1317133441 400
1317133501 408
1317133561 403
1317133621 406
1317133681 410
1317133741 400
1317133801 412
1317133861 408
1317133921 418
1317133981 413
1317134041 412
1317134101 429
1317134161 423
1317134221 424
1317134281 421
1317134341 423
1317134401 424
1317134461 422
1317134521 418
1317134581 417
1317134641 419
1317134702 425
1317134761 414
1317134821 406
1317134881 413
1317134941 426
1317135001 425
1317135061 423
1317135121 415
1317135181 406
1317135241 414
1317135301 423
1317135361 420
1317135421 413
1317135481 422
1317135541 426
1317135601 426
1317135661 422
1317135721 423
1317135781 421
1317135841 431
1317135901 428
1317135961 438
1317136022 428
1317136082 429
1317136141 428
1317136201 440
1317136261 441
1317136321 422
1317136381 425
1317136441 426
1317136501 437
1317136561 435
1317136621 423
1317136681 432
1317136741 434
1317136801 442
1317136861 438
1317136921 421
1317136981 426
1317137041 430
1317137101 420
1317137161 424
1317137221 421
1317137281 415
1317137341 419
1317137401 422
1317137461 418
1317137521 418
1317137581 416
1317137641 421
1317137701 436
1317137761 449
1317137821 422
1317137881 415
1317137941 423
1317138001 427
1317138061 428
1317138121 412
1317138181 425
1317138241 429
1317138301 430
1317138361 431
1317138421 425
1317138481 420
1317138541 420
1317138601 419
1317138661 404
1317138721 392
1317138781 397
1317138841 402
1317138901 403
1317138961 403
1317139021 397
1317139081 403
1317139141 411
1317139201 403
