1315670461 3
1315670521 3
1315670581 3
1315670642 3
1315670701 3
1315670761 3
1315670821 3
1315670881 3
1315670941 3
1315671001 3
1315671061 3
1315671121 3
1315671181 3
1315671241 3
1315671301 3
1315671361 3
1315671421 3
1315671481 4
1315671541 4
1315671601 4
1315671661 4
1315671721 4
1315671781 5
1315671841 5
1315671901 5
1315671961 5
1315672021 5
1315672081 5
1315672141 5
1315672201 5
1315672261 5
1315672321 5
1315672381 6
1315672441 7
1315672501 7
1315672561 7
1315672621 7
1315672681 6
1315672741 7
1315672801 7
1315672861 6
1315672921 6
1315672981 6
1315673041 6
1315673101 6
1315673161 6
1315673221 6
1315673281 6
1315673341 6
1315673401 6
1315673461 6
1315673521 6
1315673581 6
1315673641 3
1315673701 4
1315673761 4
1315673821 4
1315673881 4
1315673941 4
1315674001 4
1315674061 4
1315674121 4
1315674181 4
1315674241 4
1315674301 4
1315674361 4
1315674421 4
1315674481 4
1315674541 4
1315674601 4
1315674661 4
1315674721 4
1315674781 4
1315674841 4
1315674901 4
1315674961 4
1315675021 4
1315675081 4
1315675141 4
1315675201 4
1315675261 4
1315675321 4
1315675381 4
1315675441 4
1315675501 4
1315675561 4
1315675621 4
1315675681 4
1315675741 4
1315675801 4
1315675861 4
1315675921 4
1315675981 3
1315676041 3
1315676101 3
1315676161 3
1315676221 3
1315676281 3
1315676341 3
1315676401 3
1315676461 3
1315676521 3
1315676581 3
1315676641 3
1315676701 3
1315676761 3
1315676821 3
1315676881 3
1315676941 3
1315677001 3
1315677061 3
1315677121 3
1315677181 3
1315677241 3
1315677302 3
1315677361 3
1315677421 3
1315677481 3
1315677541 3
1315677601 3
1315677661 3
1315677721 3
1315677781 3
1315677841 4
1315677901 4
1315677961 4
1315678021 4
1315678081 4
1315678141 4
1315678201 4
1315678262 4
1315678321 4
1315678381 4
1315678441 4
1315678501 4
1315678561 4
1315678621 4
1315678681 4
1315678741 4
1315678801 4
1315678861 4
1315678921 4
1315678981 4
1315679041 4
1315679101 3
1315679161 3
1315679221 3
1315679281 3
1315679341 3
1315679401 3
1315679461 3
1315679521 3
1315679581 3
1315679641 3
1315679701 3
1315679761 3
1315679821 3
1315679881 3
1315679941 4
1315680001 4
1315680061 4
1315680121 4
1315680181 4
1315680241 4
1315680301 4
1315680361 4
1315680422 4
1315680481 4
1315680541 4
1315680601 4
1315680661 4
1315680721 4
1315680781 4
1315680841 4
1315680901 4
1315680961 4
1315681021 4
1315681081 4
1315681141 4
1315681201 4
1315681261 4
1315681321 4
1315681381 4
1315681441 4
1315681501 4
1315681561 4
1315681621 4
1315681682 4
1315681741 4
1315681801 4
1315681861 4
1315681921 4
1315681981 4
1315682041 4
1315682101 4
1315682161 4
1315682221 4
1315682281 4
1315682341 4
1315682401 4
1315682461 4
1315682521 4
1315682581 4
1315682641 4
1315682701 4
1315682761 4
1315682821 4
1315682881 4
1315682941 4
1315683001 4
1315683061 4
1315683121 4
1315683181 4
1315683241 4
1315683301 4
1315683361 4
1315683421 4
1315683481 4
1315683541 4
1315683601 4
1315683661 4
1315683721 4
1315683781 4
1315683841 4
1315683901 4
1315683961 4
1315684021 4
1315684081 4
1315684141 4
1315684201 4
1315684261 4
1315684321 4
1315684381 4
1315684441 4
1315684501 4
1315684561 4
1315684621 4
1315684681 4
1315684741 4
1315684801 4
1315684862 4
1315684921 4
1315684981 4
1315685042 4
1315685101 4
1315685162 4
1315685221 4
1315685281 4
1315685341 4
1315685401 4
1315685461 4
1315685521 4
1315685581 4
1315685641 4
1315685701 4
1315685761 4
1315685822 4
1315685881 4
1315685941 4
1315686001 4
1315686061 4
1315686121 4
1315686181 4
1315686241 4
1315686301 4
1315686361 4
1315686421 4
1315686481 4
1315686541 4
1315686601 4
1315686661 4
1315686721 4
1315686781 3
1315686841 3
1315686901 3
1315686961 3
1315687021 3
1315687081 3
1315687141 3
1315687201 3
1315687261 3
1315687321 3
1315687381 3
1315687441 3
1315687501 3
1315687561 3
1315687621 3
1315687681 3
1315687741 3
1315687801 3
1315687861 3
1315687921 3
1315687981 3
1315688041 3
1315688101 3
1315688161 3
1315688221 3
1315688281 3
1315688341 3
1315688401 3
1315688461 3
1315688521 3
1315688582 3
1315688641 3
1315688701 3
1315688761 3
1315688821 3
1315688881 3
1315688941 3
1315689001 3
1315688994 3
1315689001 3
1315689061 3
1315689121 3
1315689181 3
1315689241 3
1315689301 3
1315689361 3
1315689422 3
1315689482 3
1315689541 3
1315689601 3
1315689661 3
1315689721 3
1315689781 3
1315689841 3
1315689901 3
1315689961 3
1315690021 3
1315690081 4
1315690141 4
1315690201 4
1315690261 4
1315690321 4
1315690381 4
1315690441 4
1315690501 4
1315690561 4
1315690621 4
1315690681 4
1315690741 4
1315690801 4
1315690861 4
1315690921 4
1315690981 4
1315691041 4
1315691101 4
1315691161 4
1315691221 4
1315691281 4
1315691341 4
1315691401 4
1315691461 4
1315691521 4
1315691581 4
1315691641 4
1315691701 4
1315691761 4
1315691821 4
1315691881 4
1315691941 4
1315692001 4
1315692061 4
1315692121 4
1315692181 4
1315692242 4
1315692301 4
1315692361 4
1315692421 4
1315692481 3
1315692541 4
1315692601 4
1315692661 4
1315692721 4
1315692781 4
1315692841 5
1315692901 5
1315692961 5
1315693021 5
1315693081 5
1315693141 5
1315693201 5
1315693261 5
1315693321 5
1315693381 5
1315693441 5
1315693501 5
1315693561 5
1315693621 5
1315693681 5
1315693741 5
1315693801 5
1315693861 5
1315693921 5
1315693981 5
1315694041 5
1315694101 5
1315694161 5
1315694221 5
1315694281 5
1315694341 5
1315694401 5
1315694461 5
1315694521 5
1315694581 5
1315694641 5
1315694702 5
1315694761 5
1315694821 5
1315694881 5
1315694941 5
1315695001 5
1315695061 5
1315695121 5
1315695181 5
1315695241 5
1315695301 5
1315695361 5
1315695421 5
1315695481 5
1315695541 5
1315695601 5
1315695661 5
1315695721 5
1315695781 5
1315695841 5
1315695901 5
1315695961 5
1315696021 5
1315696081 5
1315696141 5
1315696201 5
1315696261 5
1315696321 5
1315696381 5
1315696441 5
1315696501 5
1315696561 5
1315696621 5
1315696681 5
1315696741 5
1315696801 3
1315696861 3
1315696921 3
1315696981 3
1315697041 3
1315697101 3
1315697161 3
1315697221 3
1315697281 3
1315697341 3
1315697401 3
1315697461 3
1315697521 3
1315697581 3
1315697641 3
1315697701 3
1315697761 3
1315697821 3
1315697881 3
1315697941 3
1315698001 3
1315698061 3
1315698121 3
1315698181 3
1315698241 4
1315698301 4
1315698361 4
1315698421 4
1315698481 4
1315698541 4
1315698601 4
1315698661 4
1315698721 4
1315698781 4
1315698841 4
1315698901 4
1315698961 4
1315699021 4
1315699081 4
1315699141 4
1315699201 4
1315699261 4
1315699321 4
1315699381 4
1315699441 4
1315699501 4
1315699561 4
1315699621 4
1315699681 4
1315699741 4
1315699801 4
1315699861 4
1315699921 4
1315699981 4
1315700041 4
1315700101 4
1315700161 4
1315700221 4
1315700282 4
1315700341 4
1315700401 4
1315700461 4
1315700521 4
1315700581 4
1315700641 4
1315700701 4
1315700761 4
1315700821 4
1315700881 4
1315700941 4
1315701001 4
1315701061 4
1315701121 4
1315701181 4
1315701241 4
1315701301 4
1315701361 4
1315701421 4
1315701481 4
1315701541 4
1315701601 4
1315701661 4
1315701721 4
1315701781 4
1315701841 4
1315701901 4
1315701961 4
1315702021 4
1315702081 4
1315702141 3
1315702201 4
1315702261 4
1315702321 5
1315702381 5
1315702441 5
1315702501 5
1315702561 5
1315702621 5
1315702681 5
1315702741 5
1315702801 5
1315702861 5
1315702921 5
1315702981 3
1315703041 4
1315703101 4
1315703161 4
1315703221 4
1315703281 4
1315703341 4
1315703401 4
1315703461 4
1315703521 4
1315703581 4
1315703641 3
1315703701 4
1315703761 4
1315703821 4
1315703881 4
1315703941 4
1315704001 5
1315704061 5
1315704121 5
1315704181 6
1315704241 6
1315704301 5
1315704361 5
1315704421 5
1315704481 6
1315704541 6
1315704601 6
1315704661 6
1315704721 6
1315704781 6
1315704841 6
1315704901 6
1315704961 6
1315705021 6
1315705081 6
1315705141 6
1315705201 6
1315705261 6
1315705321 6
1315705381 6
1315705441 6
1315705501 6
1315705561 6
1315705621 6
1315705681 6
1315705741 6
1315705801 6
1315705861 6
1315705921 6
1315705981 6
1315706041 6
1315706101 6
1315706161 6
1315706221 6
1315706281 6
1315706341 6
1315706401 6
1315706461 6
1315706521 6
1315706581 5
1315706641 5
1315706701 6
1315706761 6
1315706821 6
1315706881 6
1315706942 7
1315707001 7
1315707061 7
1315707121 6
1315707181 6
1315707241 6
1315707301 6
1315707361 6
1315707421 6
1315707481 6
1315707541 6
1315707601 6
1315707661 6
1315707721 6
1315707781 6
1315707841 7
1315707901 7
1315707961 7
1315708021 7
1315708081 8
1315708141 8
1315708201 8
1315708261 8
1315708321 8
1315708381 8
1315708441 8
1315708501 8
1315708561 8
1315708621 5
1315708681 5
1315708741 6
1315708801 6
1315708861 6
1315708921 6
1315708981 7
1315709041 7
1315709101 7
1315709161 7
1315709221 7
1315709281 7
1315709341 7
1315709401 7
1315709462 7
1315709521 7
1315709581 7
1315709641 7
1315709701 7
1315709761 7
1315709821 9
1315709881 9
1315709941 9
1315710001 9
1315710061 9
1315710121 9
1315710182 9
1315710241 9
1315710301 9
1315710361 9
1315710421 5
1315710481 5
1315710541 5
1315710601 5
1315710661 5
1315710721 5
1315710781 6
1315710841 7
1315710901 8
1315710961 8
1315711021 8
1315711081 8
1315711141 8
1315711201 8
1315711261 8
1315711321 7
1315711381 7
1315711441 7
1315711501 7
1315711561 7
1315711621 7
1315711681 7
1315711741 7
1315711801 7
1315711861 7
1315711921 7
1315711981 6
1315712041 6
1315712101 6
1315712161 6
1315712221 6
1315712281 6
1315712341 6
1315712401 6
1315712461 5
1315712521 5
1315712581 5
1315712641 5
1315712701 5
1315712761 5
1315712821 5
1315712881 5
1315712941 5
1315713001 5
1315713061 5
1315713121 6
1315713181 6
1315713241 6
1315713301 6
1315713361 6
1315713421 6
1315713481 6
1315713541 6
1315713601 6
1315713661 6
1315713721 6
1315713781 6
1315713841 6
1315713901 6
1315713962 6
1315714021 6
1315714081 6
1315714141 6
1315714201 6
1315714261 6
1315714321 6
1315714381 6
1315714441 6
1315714501 6
1315714561 6
1315714621 6
1315714681 6
1315714741 5
1315714801 5
1315714861 5
1315714921 5
1315714981 5
1315715041 5
1315715101 5
1315715161 5
1315715221 5
1315715281 5
1315715341 5
1315715401 5
1315715461 5
1315715521 5
1315715581 4
1315715641 4
1315715701 4
1315715761 4
1315715821 4
1315715881 5
1315715941 5
1315716001 5
1315716061 5
1315716121 5
1315716181 4
1315716241 5
1315716301 6
1315716361 6
1315716421 5
1315716481 5
1315716541 6
1315716601 6
1315716661 6
1315716721 6
1315716781 6
1315716841 6
1315716901 6
1315716961 6
1315717021 6
1315717081 6
1315717141 6
1315717201 6
1315717261 6
1315717321 6
1315717381 6
1315717441 6
1315717502 6
1315717561 6
1315717621 4
1315717681 4
1315717741 4
1315717801 4
1315717861 4
1315717921 5
1315717981 5
1315718041 6
1315718101 6
1315718161 6
1315718221 7
1315718281 7
1315718341 7
1315718401 8
1315718461 6
1315718521 7
1315718581 7
1315718641 7
1315718701 7
1315718761 7
1315718821 7
1315718881 8
1315718941 8
1315719001 8
1315719061 8
1315719121 6
1315719181 6
1315719241 6
1315719301 6
1315719361 6
1315719421 6
1315719481 6
1315719541 6
1315719601 6
1315719661 6
1315719721 6
1315719781 6
1315719841 6
1315719901 6
1315719961 6
1315720021 6
1315720081 6
1315720141 6
1315720201 6
1315720262 6
1315720321 6
1315720381 6
1315720441 6
1315720501 6
1315720561 6
1315720621 4
1315720681 5
1315720741 5
1315720801 5
1315720861 5
1315720921 5
1315720981 5
1315721041 5
1315721101 6
1315721161 7
1315721221 7
1315721281 7
1315721341 7
1315721401 7
1315721461 9
1315721521 9
1315721581 8
1315721641 8
1315721701 9
1315721761 9
1315721821 9
1315721881 9
1315721941 9
1315722001 9
1315722061 9
1315722121 9
1315722181 9
1315722241 6
1315722301 6
1315722361 6
1315722421 6
1315722481 7
1315722541 7
1315722601 7
1315722661 7
1315722721 7
1315722781 7
1315722841 7
1315722901 5
1315722961 6
1315723021 7
1315723081 7
1315723141 7
1315723201 8
1315723261 8
1315723321 8
1315723381 8
1315723441 8
1315723501 8
1315723561 8
1315723621 8
1315723681 9
1315723741 9
1315723801 9
1315723861 9
1315723921 8
1315723981 9
1315724041 9
1315724101 9
1315724161 9
1315724221 9
1315724281 9
1315724341 9
1315724401 9
1315724461 9
1315724521 9
1315724581 9
1315724641 5
1315724701 6
1315724761 7
1315724821 7
1315724881 8
1315724941 8
1315725001 8
1315725061 8
1315725121 8
1315725181 9
1315725241 7
1315725301 6
1315725361 6
1315725421 6
1315725481 7
1315725541 7
1315725601 7
1315725661 7
1315725721 7
1315725781 8
1315725841 8
1315725901 8
1315725961 8
1315726021 8
1315726081 9
1315726141 9
1315726201 9
1315726261 9
1315726321 9
1315726381 10
1315726441 10
1315726501 6
1315726561 7
1315726621 7
1315726681 8
1315726741 7
1315726801 8
1315726861 9
1315726921 9
1315726981 10
1315727041 10
1315727101 9
1315727161 9
1315727221 9
1315727282 9
1315727341 9
1315727401 9
1315727461 7
1315727521 8
1315727581 9
1315727641 8
1315727701 8
1315727761 8
1315727821 8
1315727881 10
1315727941 8
1315728001 8
1315728061 8
1315728121 8
1315728181 9
1315728242 8
1315728301 8
1315728361 8
1315728421 8
1315728481 8
1315728541 8
1315728601 9
1315728661 9
1315728721 9
1315728781 10
1315728841 10
1315728901 10
1315728961 8
1315729021 9
1315729081 10
1315729141 9
1315729201 9
1315729261 10
1315729321 10
1315729381 11
1315729441 10
1315729501 10
1315729561 10
1315729621 8
1315729681 10
1315729741 9
1315729801 9
1315729861 9
1315729921 9
1315729981 10
1315730041 10
1315730101 10
1315730161 9
1315730221 11
1315730281 12
1315730341 14
1315730401 16
1315730461 16
1315730521 15
1315730581 16
1315730641 16
1315730701 16
1315730761 16
1315730821 16
1315730881 16
1315730941 16
1315731001 8
1315731061 9
1315731121 9
1315731181 10
1315731241 10
1315731301 10
1315731361 10
1315731421 10
1315731481 11
1315731541 11
1315731601 11
1315731662 11
1315731721 11
1315731781 12
1315731841 9
1315731901 9
1315731961 10
1315732021 10
1315732081 11
1315732141 11
1315732201 12
1315732261 12
1315732321 12
1315732381 13
1315732441 13
1315732501 13
1315732561 11
1315732621 11
1315732681 12
1315732741 12
1315732801 12
1315732861 12
1315732921 12
1315732981 12
1315733041 12
1315733101 9
1315733161 10
1315733221 11
1315733281 12
1315733341 11
1315733401 12
1315733461 13
1315733521 12
1315733581 12
1315733641 11
1315733701 10
1315733761 10
1315733821 10
1315733881 9
1315733941 10
1315734001 10
1315734061 10
1315734121 10
1315734181 11
1315734241 11
1315734301 11
1315734361 11
1315734421 8
1315734481 10
1315734541 10
1315734601 10
1315734661 10
1315734721 11
1315734781 11
1315734841 11
1315734901 10
1315734961 11
1315735021 11
1315735081 12
1315735141 12
1315735201 12
1315735261 12
1315735321 12
1315735381 12
1315735441 12
1315735501 12
1315735561 12
1315735621 12
1315735681 13
1315735741 13
1315735801 13
1315735861 13
1315735921 13
1315735981 13
1315736041 13
1315736101 13
1315736161 13
1315736221 10
1315736281 11
1315736341 11
1315736401 11
1315736461 11
1315736521 11
1315736581 11
1315736641 11
1315736701 11
1315736761 11
1315736821 11
1315736881 11
1315736941 11
1315737001 11
1315737061 11
1315737121 11
1315737181 11
1315737241 11
1315737301 11
1315737361 11
1315737421 11
1315737481 12
1315737541 12
1315737601 12
1315737661 12
1315737721 12
1315737781 12
1315737841 8
1315737901 8
1315737961 8
1315738021 8
1315738081 9
1315738141 9
1315738201 9
1315738261 9
1315738321 9
1315738381 10
1315738441 10
1315738501 10
1315738561 7
1315738621 7
1315738681 8
1315738741 8
1315738801 8
1315738861 8
1315738921 8
1315738981 8
1315739041 9
1315739101 9
1315739161 9
1315739221 9
1315739281 10
1315739341 10
1315739401 9
1315739461 8
1315739521 8
1315739581 9
1315739641 9
1315739701 9
1315739761 9
1315739821 9
1315739881 10
1315739941 10
1315740001 10
1315740061 10
1315740121 10
1315740181 11
1315740241 11
1315740301 11
1315740361 6
1315740421 6
1315740481 7
1315740541 7
1315740601 7
1315740661 7
1315740721 7
1315740781 7
1315740841 7
1315740901 7
1315740961 7
1315741021 7
1315741081 8
1315741141 8
1315741201 8
1315741261 8
1315741321 8
1315741381 7
1315741441 6
1315741501 6
1315741561 6
1315741621 6
1315741681 7
1315741741 7
1315741801 7
1315741861 7
1315741922 7
1315741981 7
1315742041 7
1315742101 7
1315742161 7
1315742221 7
1315742281 8
1315742341 8
1315742401 8
1315742461 8
1315742521 8
1315742581 9
1315742641 6
1315742701 6
1315742761 8
1315742821 8
1315742881 9
1315742941 9
1315743001 9
1315743061 9
1315743121 7
1315743181 9
1315743241 9
1315743301 9
1315743361 7
1315743422 7
1315743481 9
1315743541 9
1315743601 9
1315743661 9
1315743721 10
1315743781 10
1315743841 10
1315743901 10
1315743961 10
1315744021 10
1315744081 10
1315744141 10
1315744201 10
1315744261 10
1315744321 10
1315744381 11
1315744441 8
1315744501 8
1315744561 8
1315744621 8
1315744681 9
1315744741 9
1315744801 9
1315744861 9
1315744921 8
1315744981 8
1315745041 8
1315745101 8
1315745161 8
1315745221 8
1315745281 9
1315745341 9
1315745401 7
1315745461 7
1315745521 8
1315745581 9
1315745642 9
1315745701 9
1315745761 9
1315745821 10
1315745881 10
1315745941 9
1315746001 9
1315746061 9
1315746121 9
1315746181 10
1315746241 10
1315746302 7
1315746361 7
1315746421 7
1315746481 7
1315746541 8
1315746601 8
1315746661 8
1315746721 7
1315746781 8
1315746841 9
1315746901 9
1315746961 7
1315747021 7
1315747081 8
1315747141 9
1315747201 9
1315747261 6
1315747321 6
1315747381 7
1315747441 7
1315747501 7
1315747561 7
1315747621 7
1315747681 9
1315747741 8
1315747801 9
1315747861 9
1315747921 9
1315747981 10
1315748041 11
1315748101 11
1315748161 11
1315748221 11
1315748281 9
1315748341 10
1315748401 10
1315748461 10
1315748521 10
1315748581 11
1315748641 11
1315748701 11
1315748761 5
1315748821 5
1315748882 6
1315748941 6
1315749001 6
1315749061 6
1315749121 6
1315749181 5
1315749241 5
1315749301 5
1315749361 5
1315749421 5
1315749481 6
1315749541 5
1315749601 5
1315749661 5
1315749721 5
1315749781 7
1315749841 6
1315749901 6
1315749961 6
1315750021 5
1315750081 7
1315750141 7
1315750201 6
1315750261 6
1315750321 6
1315750381 8
1315750441 7
1315750501 7
1315750561 7
1315750621 7
1315750681 7
1315750741 7
1315750801 6
1315750861 7
1315750921 7
1315750981 8
1315751041 6
1315751101 7
1315751161 7
1315751221 7
1315751281 8
1315751341 10
1315751401 11
1315751461 13
1315751521 13
1315751581 15
1315751641 14
1315751701 15
1315751761 11
1315751821 11
1315751881 12
1315751941 12
1315752001 11
1315752061 10
1315752122 10
1315752181 10
1315752241 7
1315752301 7
1315752361 7
1315752421 6
1315752481 8
1315752541 8
1315752601 8
1315752661 8
1315752721 8
1315752781 8
1315752841 9
1315752901 10
1315752961 10
1315753021 10
1315753081 13
1315753141 13
1315753201 13
1315753261 13
1315753321 13
1315753381 14
1315753441 14
1315753501 14
1315753561 14
1315753621 14
1315753681 15
1315753741 15
1315753801 15
1315753861 15
1315753921 9
1315753981 10
1315754041 10
1315754101 10
1315754161 10
1315754221 10
1315754281 11
1315754342 11
1315754401 11
1315754461 11
1315754521 12
1315754581 11
1315754641 11
1315754701 9
1315754761 10
1315754821 10
1315754881 11
1315754941 10
1315755001 11
1315755061 10
1315755121 11
1315755181 10
1315755241 11
1315755301 11
1315755361 11
1315755421 11
1315755481 12
1315755541 9
1315755601 9
1315755661 9
1315755721 9
1315755781 10
1315755841 6
1315755901 6
1315755961 7
1315756021 7
1315756081 8
1315756141 8
1315756201 8
1315756261 8
1315756321 8
1315756381 9
1315756441 9
1315756501 9
1315756561 5
1315756621 5
1315756681 6
1315756741 6
1315756802 6
