1310140861 11
1310140921 10
1310140981 12
1310141041 14
1310141101 15
1310141161 15
1310141221 13
1310141281 14
1310141341 14
1310141401 14
1310141461 14
1310141521 14
1310141581 14
1310141641 14
1310141702 15
1310141761 10
1310141821 10
1310141881 11
1310141941 11
1310142001 13
1310142061 13
1310142121 13
1310142181 14
1310142241 9
1310142301 9
1310142361 9
1310142421 8
1310142481 12
1310142541 12
1310142601 12
1310142661 12
1310142721 12
1310142781 13
1310142841 13
1310142901 13
1310142961 13
1310143021 13
1310143081 14
1310143141 10
1310143201 11
1310143261 9
1310143321 10
1310143381 11
1310143441 11
1310143501 12
1310143561 10
1310143621 9
1310143681 10
1310143741 10
1310143801 10
1310143861 11
1310143921 11
1310143981 11
1310144041 11
1310144101 12
1310144161 12
1310144221 12
1310144281 12
1310144341 12
1310144401 7
1310144461 7
1310144521 7
1310144581 7
1310144641 7
1310144701 7
1310144761 8
1310144821 8
1310144881 8
1310144941 8
1310145001 9
1310145061 9
1310145121 6
1310145181 6
1310145241 6
1310145301 6
1310145361 6
1310145421 6
1310145481 6
1310145541 4
1310145601 6
1310145661 6
1310145721 6
1310145781 7
1310145841 7
1310145901 8
1310145961 8
1310146021 8
1310146081 8
1310146141 6
1310146201 6
1310146261 6
1310146321 6
1310146381 6
1310146441 5
1310146501 5
1310146561 5
1310146621 5
1310146681 5
1310146741 6
1310146801 6
1310146861 6
1310146921 6
1310146981 6
1310147041 6
1310147101 6
1310147161 4
1310147221 5
1310147281 5
1310147341 5
1310147401 5
1310147461 5
1310147521 5
1310147581 7
1310147641 8
1310147701 8
1310147761 9
1310147821 9
1310147881 9
1310147941 9
1310148001 9
1310148061 9
1310148121 9
1310148181 9
1310148241 9
1310148301 9
1310148361 9
1310148421 9
1310148481 9
1310148541 9
1310148601 4
1310148661 4
1310148721 5
1310148781 5
1310148841 5
1310148901 6
1310148961 6
1310149021 6
1310149082 6
1310149141 6
1310149201 7
1310149261 8
1310149321 8
1310149381 8
1310149441 8
1310149501 8
1310149561 8
1310149621 8
1310149681 8
1310149741 8
1310149801 8
1310149861 8
1310149922 8
1310149981 8
1310150041 8
1310150101 8
1310150161 8
1310150221 8
1310150281 8
1310150341 8
1310150401 8
1310150461 5
1310150521 5
1310150581 5
1310150641 6
1310150701 6
1310150761 6
1310150821 6
1310150881 6
1310150941 6
1310151001 6
1310151061 6
1310151121 6
1310151181 5
1310151241 6
1310151301 6
1310151361 6
1310151421 6
1310151481 6
1310151541 6
1310151601 6
1310151661 6
1310151721 6
1310151781 6
1310151841 6
1310151901 6
1310151961 6
1310152021 4
1310152081 4
1310152141 4
1310152201 4
1310152261 4
1310152321 4
1310152381 4
1310152441 4
1310152501 4
1310152561 4
1310152621 4
1310152682 4
1310152741 4
1310152801 4
1310152861 4
1310152921 4
1310152981 4
1310153041 4
1310153101 4
1310153161 4
1310153221 4
1310153281 4
1310153341 4
1310153401 5
1310153461 5
1310153521 5
1310153581 5
1310153641 5
1310153701 5
1310153761 5
1310153821 5
1310153881 5
1310153941 5
1310154001 5
1310154061 5
1310154121 5
1310154181 5
1310154241 5
1310154301 5
1310154361 5
1310154421 5
1310154481 5
1310154541 5
1310154601 5
1310154661 5
1310154721 5
1310154781 5
1310154841 5
1310154901 5
1310154961 5
1310155021 5
1310155081 5
1310155141 5
1310155201 5
1310155261 5
1310155321 5
1310155381 5
1310155441 5
1310155501 5
1310155561 5
1310155621 5
1310155681 5
1310155741 5
1310155801 5
1310155861 5
1310155921 5
1310155981 5
1310156041 5
1310156101 5
1310156161 5
1310156221 5
1310156281 5
1310156341 5
1310156401 5
1310156461 5
1310156521 5
1310156581 5
1310156641 5
1310156701 5
1310156761 5
1310156821 5
1310156881 5
1310156941 5
1310157001 5
1310157061 5
1310157121 5
1310157181 5
1310157241 5
1310157301 5
1310157361 5
1310157421 5
1310157481 5
1310157541 5
1310157601 5
1310157661 5
1310157721 5
1310157781 5
1310157841 5
1310157901 5
1310157961 5
1310158021 5
1310158081 5
1310158141 5
1310158201 5
1310158261 5
1310158321 4
1310158381 5
1310158441 5
1310158501 5
1310158561 5
1310158621 5
1310158681 5
1310158741 6
1310158801 6
1310158861 6
1310158922 6
1310158981 6
1310159041 6
1310159101 6
1310159161 6
1310159221 6
1310159281 6
1310159341 6
1310159401 6
1310159393 6
1310159401 6
1310159461 6
1310159521 6
1310159581 6
1310159641 6
1310159701 6
1310159762 6
1310159821 6
1310159881 6
1310159941 6
1310160001 6
1310160061 6
1310160121 6
1310160181 6
1310160241 6
1310160301 6
1310160361 6
1310160421 6
1310160481 6
1310160541 6
1310160601 6
1310160661 6
1310160721 6
1310160781 6
1310160841 6
1310160901 6
1310160961 6
1310161021 6
1310161081 6
1310161141 6
1310161202 6
1310161261 6
1310161321 6
1310161381 6
1310161441 6
1310161501 6
1310161561 6
1310161621 6
1310161681 6
1310161741 6
1310161801 6
1310161861 6
1310161921 6
1310161981 6
1310162041 6
1310162101 6
1310162161 6
1310162221 6
1310162281 6
1310162341 6
1310162401 6
1310162461 6
1310162521 6
1310162581 6
1310162641 6
1310162701 6
1310162761 6
1310162821 6
1310162881 6
1310162941 6
1310163001 6
1310163061 6
1310163121 6
1310163181 6
1310163241 6
1310163301 6
1310163361 6
1310163421 6
1310163481 5
1310163541 5
1310163601 5
1310163661 5
1310163721 5
1310163781 5
1310163841 5
1310163901 5
1310163961 5
1310164021 5
1310164081 5
1310164141 5
1310164201 5
1310164261 5
1310164321 5
1310164381 5
1310164441 5
1310164501 5
1310164561 5
1310164621 5
1310164681 5
1310164741 5
1310164801 5
1310164861 5
1310164921 5
1310164981 5
1310165041 5
1310165101 5
1310165161 5
1310165221 5
1310165281 5
1310165341 5
1310165401 5
1310165461 5
1310165521 5
1310165581 5
1310165641 5
1310165701 5
1310165761 5
1310165821 5
1310165881 5
1310165941 5
1310166001 5
1310166061 5
1310166121 5
1310166181 5
1310166241 5
1310166301 5
1310166361 5
1310166421 5
1310166481 5
1310166541 5
1310166601 5
1310166661 5
1310166721 5
1310166781 5
1310166841 5
1310166901 5
1310166961 5
1310167021 5
1310167081 5
1310167141 5
1310167201 5
1310167261 5
1310167321 5
1310167381 5
1310167441 5
1310167501 5
1310167561 5
1310167621 5
1310167681 5
1310167741 5
1310167801 5
1310167861 5
1310167921 5
1310167981 5
1310168041 6
1310168101 6
1310168161 6
1310168221 6
1310168281 6
1310168341 6
1310168401 6
1310168461 5
1310168521 5
1310168581 5
1310168641 5
1310168701 5
1310168761 5
1310168821 5
1310168881 5
1310168941 5
1310169001 5
1310169061 4
1310169121 4
1310169181 4
1310169241 5
1310169301 5
1310169361 5
1310169422 5
1310169481 5
1310169541 5
1310169601 5
1310169661 5
1310169722 5
1310169781 5
1310169841 5
1310169901 5
1310169961 5
1310170021 5
1310170081 5
1310170141 5
1310170201 5
1310170261 5
1310170321 5
1310170381 5
1310170441 5
1310170501 5
1310170561 5
1310170621 5
1310170681 5
1310170741 5
1310170802 5
1310170861 5
1310170921 5
1310170981 5
1310171041 5
1310171101 5
1310171161 5
1310171221 5
1310171281 5
1310171341 5
1310171401 5
1310171461 5
1310171521 5
1310171581 5
1310171641 5
1310171701 5
1310171761 5
1310171821 5
1310171881 5
1310171941 5
1310172001 5
1310172061 5
1310172121 6
1310172181 8
1310172241 8
1310172301 8
1310172361 8
1310172421 8
1310172481 8
1310172541 8
1310172601 4
1310172661 5
1310172721 6
1310172781 6
1310172841 6
1310172901 6
1310172961 6
1310173021 6
1310173081 6
1310173141 6
1310173201 6
1310173261 6
1310173321 6
1310173381 6
1310173441 6
1310173501 6
1310173561 6
1310173621 6
1310173681 5
1310173741 5
1310173801 5
1310173861 5
1310173921 5
1310173981 6
1310174041 6
1310174101 6
1310174161 6
1310174221 7
1310174281 7
1310174341 7
1310174401 7
1310174461 7
1310174521 7
1310174581 7
1310174641 7
1310174701 7
1310174761 7
1310174821 7
1310174881 7
1310174941 7
1310175001 7
1310175061 7
1310175121 6
1310175181 6
1310175241 6
1310175301 5
1310175361 5
1310175421 5
1310175481 5
1310175541 5
1310175601 6
1310175661 6
1310175721 6
1310175781 6
1310175841 6
1310175901 5
1310175961 6
1310176021 6
1310176081 6
1310176141 6
1310176202 6
1310176261 6
1310176321 6
1310176381 6
1310176441 6
1310176501 6
1310176561 6
1310176621 6
1310176681 6
1310176741 6
1310176801 7
1310176861 7
1310176921 7
1310176981 8
1310177041 8
1310177101 8
1310177161 8
1310177221 8
1310177281 8
1310177341 8
1310177401 8
1310177461 8
1310177521 8
1310177581 8
1310177641 8
1310177701 8
1310177761 6
1310177821 6
1310177881 6
1310177941 6
1310178001 6
1310178061 6
1310178121 6
1310178181 7
1310178241 7
1310178301 7
1310178361 7
1310178421 6
1310178481 7
1310178541 7
1310178601 6
1310178661 6
1310178721 7
1310178781 7
1310178841 9
1310178901 9
1310178961 9
1310179021 12
1310179081 13
1310179141 14
1310179201 14
1310179261 14
1310179321 14
1310179381 14
1310179441 14
1310179501 14
1310179561 14
1310179621 14
1310179681 14
1310179741 14
1310179801 14
1310179861 14
1310179921 14
1310179981 6
1310180041 6
1310180101 6
1310180161 6
1310180221 6
1310180281 6
1310180341 6
1310180401 6
1310180461 6
1310180521 6
1310180581 7
1310180641 7
1310180701 7
1310180761 7
1310180821 7
1310180881 7
1310180941 7
1310181001 7
1310181061 7
1310181121 9
1310181181 9
1310181241 9
1310181301 10
1310181361 10
1310181421 10
1310181481 10
1310181541 10
1310181601 10
1310181661 10
1310181721 10
1310181781 7
1310181841 7
1310181901 7
1310181961 7
1310182021 7
1310182081 7
1310182141 7
1310182201 7
1310182261 7
1310182321 7
1310182381 7
1310182441 7
1310182501 7
1310182561 6
1310182621 6
1310182681 6
1310182741 7
1310182801 8
1310182861 8
1310182921 8
1310182981 8
1310183041 8
1310183101 8
1310183161 6
1310183221 7
1310183281 7
1310183341 7
1310183401 7
1310183461 7
1310183521 8
1310183581 8
1310183641 7
1310183701 7
1310183761 8
1310183821 8
1310183881 9
1310183941 9
1310184001 10
1310184062 10
1310184121 10
1310184181 10
1310184241 10
1310184301 10
1310184361 10
1310184421 10
1310184482 10
1310184541 10
1310184601 10
1310184661 10
1310184721 10
1310184781 7
1310184841 7
1310184901 7
1310184961 7
1310185021 7
1310185081 7
1310185141 7
1310185201 7
1310185261 7
1310185321 5
1310185381 5
1310185441 5
1310185501 5
1310185561 6
1310185621 6
1310185681 6
1310185741 6
1310185801 6
1310185861 7
1310185921 7
1310185982 7
1310186041 7
1310186101 7
1310186161 7
1310186221 7
1310186281 7
1310186341 7
1310186401 7
1310186461 7
1310186521 7
1310186581 7
1310186641 7
1310186701 7
1310186761 7
1310186821 7
1310186881 7
1310186941 7
1310187001 7
1310187061 7
1310187121 7
1310187181 7
1310187241 7
1310187301 7
1310187361 7
1310187421 7
1310187481 7
1310187541 7
1310187601 7
1310187661 7
1310187721 6
1310187781 6
1310187841 6
1310187901 7
1310187961 7
1310188022 7
1310188081 8
1310188141 8
1310188201 8
1310188261 8
1310188321 8
1310188381 8
1310188441 8
1310188501 8
1310188561 8
1310188621 8
1310188681 8
1310188741 8
1310188801 8
1310188861 8
1310188921 8
1310188981 8
1310189041 8
1310189101 8
1310189161 8
1310189221 8
1310189281 8
1310189341 8
1310189401 8
1310189461 8
1310189521 8
1310189581 8
1310189641 8
1310189701 8
1310189762 8
1310189821 8
1310189881 8
1310189941 8
1310190001 8
1310190061 7
1310190121 7
1310190181 7
1310190241 7
1310190301 7
1310190361 8
1310190421 8
1310190481 7
1310190541 8
1310190601 8
1310190661 8
1310190721 7
1310190781 7
1310190841 7
1310190901 7
1310190961 7
1310191021 7
1310191081 8
1310191141 8
1310191201 9
1310191261 10
1310191321 10
1310191381 10
1310191441 10
1310191501 12
1310191561 13
1310191621 10
1310191681 12
1310191741 12
1310191801 13
1310191861 12
1310191921 10
1310191981 11
1310192041 11
1310192101 12
1310192161 12
1310192221 10
1310192281 12
1310192341 13
1310192401 13
1310192461 14
1310192521 14
1310192581 15
1310192642 15
1310192701 10
1310192761 10
1310192821 9
1310192881 10
1310192941 11
1310193001 11
1310193061 11
1310193121 11
1310193181 11
1310193241 11
1310193301 11
1310193361 11
1310193421 11
1310193482 11
1310193541 12
1310193601 12
1310193661 12
1310193721 12
1310193781 12
1310193841 13
1310193901 7
1310193961 7
1310194021 8
1310194081 8
1310194141 8
1310194201 8
1310194261 8
1310194321 8
1310194381 8
1310194441 8
1310194501 8
1310194561 8
1310194621 7
1310194681 7
1310194741 6
1310194801 6
1310194861 8
1310194921 8
1310194981 9
1310195041 9
1310195101 9
1310195161 9
1310195221 9
1310195281 9
1310195341 9
1310195401 9
1310195461 7
1310195521 7
1310195581 7
1310195641 7
1310195701 7
1310195761 8
1310195821 9
1310195881 9
1310195941 9
1310196001 9
1310196061 11
1310196121 11
1310196181 11
1310196241 11
1310196301 12
1310196361 12
1310196421 9
1310196481 8
1310196541 8
1310196601 8
1310196661 8
1310196721 7
1310196781 7
1310196841 8
1310196901 8
1310196961 8
1310197021 8
1310197081 8
1310197141 8
1310197201 8
1310197261 8
1310197321 8
1310197381 8
1310197441 8
1310197501 8
1310197561 8
1310197621 8
1310197681 8
1310197741 8
1310197801 8
1310197861 8
1310197921 8
1310197981 8
1310198041 8
1310198101 8
1310198161 8
1310198221 8
1310198281 8
1310198341 7
1310198401 9
1310198461 9
1310198521 10
1310198581 10
1310198641 10
1310198701 10
1310198761 10
1310198821 7
1310198881 8
1310198941 8
1310199001 8
1310199061 8
1310199121 8
1310199181 8
1310199241 8
1310199301 8
1310199361 8
1310199421 8
1310199481 9
1310199541 9
1310199601 9
1310199661 9
1310199721 8
1310199781 8
1310199841 8
1310199901 7
1310199961 8
1310200021 9
1310200081 9
1310200141 9
1310200201 9
1310200261 9
1310200321 9
1310200381 9
1310200441 9
1310200501 9
1310200561 9
1310200621 9
1310200681 9
1310200741 6
1310200801 6
1310200861 6
1310200921 6
1310200981 6
1310201041 6
1310201101 7
1310201161 7
1310201221 7
1310201281 7
1310201341 7
1310201401 7
1310201461 7
1310201521 7
1310201581 7
1310201641 7
1310201701 7
1310201761 7
1310201821 7
1310201881 7
1310201941 7
1310202001 7
1310202061 7
1310202121 6
1310202181 6
1310202241 6
1310202301 6
1310202361 6
1310202421 6
1310202481 6
1310202541 7
1310202601 7
1310202661 8
1310202721 8
1310202781 8
1310202841 8
1310202901 8
1310202962 9
1310203021 10
1310203081 10
1310203141 10
1310203201 10
1310203261 10
1310203321 10
1310203381 10
1310203441 10
1310203501 10
1310203561 10
1310203621 10
1310203681 10
1310203741 10
1310203801 10
1310203861 10
1310203921 10
1310203981 10
1310204041 10
1310204101 10
1310204161 10
1310204221 6
1310204281 7
1310204341 7
1310204401 7
1310204461 7
1310204521 8
1310204581 8
1310204641 8
1310204701 8
1310204761 7
1310204821 8
1310204881 8
1310204941 8
1310205001 8
1310205061 8
1310205121 8
1310205181 8
1310205241 8
1310205301 8
1310205361 8
1310205421 8
1310205481 8
1310205541 8
1310205601 8
1310205661 8
1310205721 8
1310205781 8
1310205841 8
1310205901 8
1310205961 8
1310206021 6
1310206081 6
1310206141 6
1310206201 6
1310206261 6
1310206321 7
1310206381 8
1310206442 8
1310206501 8
1310206561 8
1310206621 8
1310206681 8
1310206741 8
1310206801 8
1310206861 8
1310206921 8
1310206981 7
1310207041 7
1310207101 7
1310207161 7
1310207221 7
1310207281 7
1310207341 7
1310207401 7
1310207461 7
1310207521 7
1310207581 7
1310207641 7
1310207701 7
1310207761 6
1310207821 6
1310207881 6
1310207941 6
1310208001 6
1310208061 6
1310208121 6
1310208181 6
1310208241 6
1310208301 6
1310208361 6
1310208421 6
1310208481 6
1310208541 6
1310208601 6
1310208661 6
1310208721 5
1310208781 5
1310208841 5
1310208901 6
1310208961 6
1310209021 6
1310209081 6
1310209141 6
1310209201 6
1310209261 6
1310209321 6
1310209381 6
1310209441 6
1310209501 6
1310209561 6
1310209621 7
1310209681 7
1310209741 7
1310209801 8
1310209861 8
1310209921 8
1310209981 8
1310210041 8
1310210101 8
1310210161 8
1310210221 8
1310210281 8
1310210341 8
1310210401 8
1310210461 8
1310210521 8
1310210581 8
1310210641 8
1310210701 8
1310210761 8
1310210821 10
1310210881 10
1310210941 10
1310211001 10
1310211061 10
1310211121 10
1310211181 10
1310211241 10
1310211301 10
1310211361 10
1310211421 10
1310211481 10
1310211541 10
1310211601 10
1310211661 10
1310211721 10
1310211781 10
1310211841 8
1310211902 8
1310211961 9
1310212021 10
1310212081 10
1310212141 10
1310212201 10
1310212261 10
1310212321 10
1310212381 10
1310212441 10
1310212501 10
1310212561 10
1310212621 10
1310212681 10
1310212741 8
1310212801 8
1310212861 8
1310212921 9
1310212981 9
1310213041 9
1310213101 10
1310213161 10
1310213221 10
1310213281 10
1310213341 10
1310213401 10
1310213461 6
1310213521 6
1310213581 6
1310213641 6
1310213701 6
1310213761 6
1310213821 6
1310213881 6
1310213942 5
1310214001 6
1310214061 6
1310214121 6
1310214181 6
1310214241 7
1310214301 7
1310214361 8
1310214421 8
1310214481 8
1310214541 8
1310214601 8
1310214661 8
1310214721 8
1310214781 8
1310214841 10
1310214901 10
1310214961 10
1310215021 11
1310215081 12
1310215141 14
1310215201 14
1310215261 14
1310215321 15
1310215381 16
1310215441 16
1310215501 14
1310215561 14
1310215621 15
1310215681 16
1310215741 17
1310215801 14
1310215861 16
1310215921 17
1310215981 17
1310216041 14
1310216101 15
1310216161 15
1310216221 15
1310216281 9
1310216341 9
1310216401 12
1310216461 13
1310216521 13
1310216581 13
1310216641 12
1310216701 12
1310216761 12
1310216821 13
1310216881 13
1310216941 13
1310217001 13
1310217061 13
1310217121 9
1310217181 9
1310217241 9
1310217301 9
1310217361 9
1310217422 10
1310217481 10
1310217541 10
1310217601 10
1310217661 10
1310217721 11
1310217781 11
1310217841 11
1310217901 8
1310217961 9
1310218021 9
1310218081 9
1310218141 9
1310218201 9
1310218261 9
1310218321 10
1310218381 10
1310218441 10
1310218501 8
1310218561 8
1310218621 8
1310218681 9
1310218741 9
1310218801 9
1310218861 9
1310218921 8
1310218981 8
1310219041 8
1310219101 8
1310219161 8
1310219221 8
1310219281 8
1310219341 7
1310219401 8
1310219461 8
1310219521 8
1310219581 8
1310219641 8
1310219701 9
1310219761 9
1310219821 9
1310219881 7
1310219941 7
1310220001 7
1310220061 8
1310220121 8
1310220181 8
1310220241 8
1310220301 8
1310220361 8
1310220421 8
1310220482 8
1310220541 8
1310220602 7
1310220661 7
1310220721 7
1310220781 8
1310220841 9
1310220901 10
1310220961 14
1310221021 14
1310221081 14
1310221141 14
1310221201 14
1310221261 14
1310221321 15
1310221381 15
1310221441 15
1310221501 8
1310221561 8
1310221621 8
1310221681 7
1310221741 8
1310221801 9
1310221861 9
1310221921 9
1310221981 10
1310222041 10
1310222101 10
1310222161 10
1310222221 10
1310222281 10
1310222341 9
1310222401 9
1310222461 10
1310222521 10
1310222581 10
1310222641 10
1310222701 10
1310222761 10
1310222821 10
1310222881 10
1310222941 10
1310223001 10
1310223061 10
1310223121 10
1310223181 10
1310223241 6
1310223301 6
1310223361 6
1310223421 6
1310223481 6
1310223541 6
1310223601 7
1310223661 7
1310223721 8
1310223781 9
1310223841 10
1310223901 10
1310223961 12
1310224021 12
1310224081 12
1310224141 12
1310224201 12
1310224261 9
1310224321 9
1310224381 9
1310224441 8
1310224501 8
1310224561 8
1310224621 9
1310224681 9
1310224741 10
1310224801 10
1310224861 10
1310224921 10
1310224981 10
1310225041 10
1310225101 10
1310225161 10
1310225221 10
1310225281 10
1310225341 10
1310225401 10
1310225461 7
1310225521 8
1310225581 8
1310225641 8
1310225701 8
1310225761 8
1310225821 8
1310225881 9
1310225941 9
1310226001 7
1310226061 7
1310226121 7
1310226181 7
1310226241 8
1310226301 8
1310226361 7
1310226421 8
1310226481 9
1310226541 9
1310226601 9
1310226661 9
1310226721 9
1310226781 9
1310226841 9
1310226901 7
1310226961 7
1310227021 7
1310227081 7
1310227141 7
1310227201 7
