1309276861 253
1309276921 260
1309276981 255
1309277041 260
1309277101 259
1309277161 261
1309277221 259
1309277281 244
1309277341 245
1309277401 244
1309277461 239
1309277521 245
1309277581 242
1309277641 242
1309277701 242
1309277761 242
1309277821 248
1309277881 250
1309277941 259
1309278001 263
1309278061 262
1309278121 266
1309278181 259
1309278241 259
1309278301 256
1309278361 255
1309278421 251
1309278481 250
1309278541 245
1309278601 243
1309278661 229
1309278721 230
1309278781 228
1309278842 226
1309278901 235
1309278961 222
1309279021 226
1309279081 225
1309279141 226
1309279201 225
1309279261 224
1309279321 225
1309279381 231
1309279441 226
1309279501 228
1309279561 230
1309279621 235
1309279681 236
1309279741 234
1309279801 241
1309279861 243
1309279921 229
1309279981 231
1309280041 233
1309280101 227
1309280161 226
1309280221 231
1309280281 231
1309280341 239
1309280401 227
1309280461 220
1309280521 223
1309280581 222
1309280641 216
1309280701 209
1309280761 208
1309280821 212
1309280882 209
1309280941 210
1309281001 218
1309281061 209
1309281121 211
1309281181 210
1309281241 212
1309281301 207
1309281361 197
1309281421 198
1309281481 199
1309281541 194
1309281601 190
1309281662 192
1309281721 196
1309281781 194
1309281841 194
1309281902 193
1309281961 192
1309282021 190
1309282081 186
1309282141 190
1309282201 190
1309282261 190
1309282321 195
1309282381 189
1309282441 186
1309282501 192
1309282561 189
1309282621 190
1309282681 195
1309282741 192
1309282802 195
1309282861 188
1309282921 183
1309282981 185
1309283041 182
1309283101 183
1309283161 177
1309283221 175
1309283281 169
1309283341 169
1309283401 175
1309283461 173
1309283521 173
1309283581 177
1309283641 170
1309283701 175
1309283761 170
1309283821 173
1309283881 169
1309283941 166
1309284001 170
1309284061 167
1309284121 166
1309284181 164
1309284241 159
1309284302 160
1309284361 164
1309284421 163
1309284481 160
1309284541 160
1309284601 165
1309284661 159
1309284721 158
1309284781 152
1309284841 151
1309284901 154
1309284961 147
1309285021 147
1309285081 143
1309285141 144
1309285201 146
1309285261 149
1309285321 145
1309285381 143
1309285441 139
1309285501 138
1309285561 138
1309285621 139
1309285681 138
1309285741 139
1309285801 137
1309285861 142
1309285921 139
1309285981 144
1309286041 142
1309286101 137
1309286161 135
1309286221 142
1309286281 137
1309286341 138
1309286401 137
1309286462 140
1309286521 142
1309286581 142
1309286641 136
1309286701 137
1309286761 137
1309286821 140
1309286881 139
1309286941 139
1309287001 142
1309287061 133
1309287121 134
1309287181 134
1309287241 132
1309287301 134
1309287361 128
1309287421 129
1309287481 132
1309287541 131
1309287601 127
1309287661 125
1309287721 132
1309287781 135
1309287841 136
1309287901 119
1309287961 122
1309288021 121
1309288081 118
1309288141 114
1309288201 116
1309288261 117
1309288321 122
1309288381 116
1309288441 113
1309288501 114
1309288561 115
1309288621 112
1309288681 120
1309288741 111
1309288801 113
1309288861 111
1309288921 116
1309288981 115
1309289041 114
1309289101 115
1309289161 112
1309289222 113
1309289281 117
1309289341 118
1309289401 110
1309289461 111
1309289521 105
1309289581 106
1309289641 103
1309289701 107
1309289761 110
1309289821 109
1309289881 113
1309289941 108
1309290001 109
1309290061 112
1309290121 106
1309290181 109
1309290241 110
1309290301 111
1309290361 112
1309290421 117
1309290481 98
1309290541 98
1309290601 96
1309290661 100
1309290721 108
1309290781 111
1309290841 108
1309290901 105
1309290961 103
1309291021 107
1309291081 109
1309291141 100
1309291201 101
1309291261 102
1309291321 105
1309291381 98
1309291442 99
1309291502 94
1309291561 96
1309291621 102
1309291681 100
1309291741 103
1309291801 104
1309291861 106
1309291921 101
1309291981 106
1309292041 100
1309292101 101
1309292161 99
1309292221 105
1309292281 109
1309292341 110
1309292401 110
1309292461 112
1309292521 113
1309292581 102
1309292641 103
1309292701 103
1309292761 98
1309292821 101
1309292881 104
1309292941 106
1309293001 106
1309293061 107
1309293121 110
1309293182 113
1309293241 113
1309293301 113
1309293361 95
1309293421 99
1309293481 102
1309293541 92
1309293602 94
1309293661 94
1309293721 101
1309293781 103
1309293841 103
1309293901 103
1309293961 106
1309294021 95
1309294081 96
1309294141 92
1309294201 90
1309294261 95
1309294321 99
1309294381 105
1309294441 95
1309294501 97
1309294561 98
1309294621 102
1309294681 102
1309294741 88
1309294801 88
1309294861 83
1309294921 88
1309294981 90
1309295041 83
1309295101 81
1309295161 84
1309295221 89
1309295281 87
1309295341 88
1309295401 87
1309295461 87
1309295521 93
1309295581 95
1309295641 87
1309295701 86
1309295761 87
1309295821 92
1309295881 94
1309295941 94
1309296001 94
1309296061 95
1309296121 84
1309296181 87
1309296241 87
1309296301 88
1309296361 82
1309296421 87
1309296481 84
1309296541 85
1309296601 85
1309296661 86
1309296721 88
1309296781 90
1309296841 91
1309296901 91
1309296961 81
1309297021 84
1309297081 87
1309297141 88
1309297201 88
1309297261 89
1309297321 92
1309297381 85
1309297441 85
1309297502 85
1309297561 85
1309297621 91
1309297681 94
1309297741 95
1309297801 96
1309297861 83
1309297921 88
1309297981 89
1309298041 90
1309298101 82
1309298161 83
1309298221 87
1309298281 90
1309298341 91
1309298401 81
1309298461 83
1309298521 86
1309298581 83
1309298641 81
1309298701 82
1309298761 83
1309298821 86
1309298881 89
1309298941 82
1309299001 83
1309299061 83
1309299121 87
1309299181 85
1309299241 85
1309299301 85
1309299361 85
1309299421 89
1309299481 92
1309299541 93
1309299601 94
1309299661 77
1309299721 81
1309299781 84
1309299841 85
1309299901 82
1309299961 86
1309300021 91
1309300081 89
1309300141 87
1309300201 87
1309300261 88
1309300321 92
1309300381 94
1309300441 85
1309300501 82
1309300561 83
1309300621 88
1309300681 86
1309300741 86
1309300801 86
1309300861 90
1309300921 92
1309300981 90
1309301041 90
1309301101 88
1309301161 89
1309301221 94
1309301281 92
1309301341 87
1309301401 87
1309301461 90
1309301521 89
1309301581 90
1309301641 90
1309301701 84
1309301761 85
1309301821 88
1309301881 91
1309301941 86
1309302002 87
1309302061 89
1309302121 93
1309302181 89
1309302241 85
1309302301 91
1309302361 93
1309302421 96
1309302481 91
1309302541 92
1309302601 93
1309302661 94
1309302721 99
1309302781 101
1309302841 85
1309302901 87
1309302961 91
1309303021 94
1309303081 95
1309303141 85
1309303201 86
1309303261 88
1309303321 88
1309303381 90
1309303441 91
1309303501 90
1309303561 92
1309303621 98
1309303681 93
1309303741 95
1309303801 91
1309303861 93
1309303921 98
1309303981 96
1309304041 98
1309304102 98
1309304161 94
1309304221 97
1309304281 99
1309304341 93
1309304401 93
1309304461 95
1309304521 101
1309304581 104
1309304641 90
1309304701 93
1309304761 98
1309304821 102
1309304881 104
1309304941 100
1309305001 102
1309305061 102
1309305121 108
1309305181 101
1309305241 94
1309305301 97
1309305361 100
1309305421 101
1309305481 102
1309305541 94
1309305601 95
1309305661 97
1309305721 93
1309305781 95
1309305842 85
1309305901 88
1309305961 88
1309306021 91
1309306081 91
1309306141 93
1309306201 92
1309306261 92
1309306321 99
1309306381 100
1309306441 94
1309306501 94
1309306561 94
1309306621 99
1309306681 100
1309306741 101
1309306801 104
1309306861 107
1309306921 110
1309306981 115
1309307041 106
1309307101 101
1309307161 104
1309307221 106
1309307281 106
1309307341 104
1309307401 107
1309307461 113
1309307521 115
1309307581 118
1309307641 120
1309307701 124
1309307761 119
1309307821 120
1309307881 119
1309307941 120
1309308001 114
1309308061 114
1309308121 118
1309308181 120
1309308241 119
1309308301 118
1309308361 120
1309308421 122
1309308481 122
1309308541 121
1309308601 119
1309308661 122
1309308721 123
1309308781 121
1309308841 123
1309308901 126
1309308961 126
1309309021 123
1309309081 123
1309309141 127
1309309201 129
1309309261 123
1309309321 129
1309309381 131
1309309441 123
1309309501 120
1309309561 119
1309309621 122
1309309681 124
1309309741 122
1309309801 123
1309309861 127
1309309921 133
1309309981 140
1309310041 140
1309310101 137
1309310161 133
1309310221 131
1309310281 137
1309310341 127
1309310401 131
1309310461 136
1309310521 135
1309310581 146
1309310641 142
1309310701 135
1309310761 137
1309310821 136
1309310881 141
1309310941 144
1309311001 138
1309311061 135
1309311121 135
1309311181 133
1309311241 131
1309311301 132
1309311361 131
1309311421 137
1309311481 139
1309311541 141
1309311601 142
1309311661 145
1309311721 151
1309311781 152
1309311841 144
1309311901 152
1309311961 148
1309312021 146
1309312081 146
1309312141 146
1309312201 146
1309312261 144
1309312322 143
1309312381 152
1309312441 152
1309312501 148
1309312561 148
1309312621 154
1309312681 152
1309312741 152
1309312801 151
1309312861 154
1309312921 153
1309312981 152
1309313041 149
1309313101 154
1309313161 154
1309313221 155
1309313281 154
1309313341 153
1309313401 150
1309313461 150
1309313521 148
1309313581 149
1309313641 142
1309313701 146
1309313761 148
1309313821 150
1309313881 158
1309313941 158
1309314001 160
1309314061 159
1309314121 160
1309314181 168
1309314241 167
1309314301 169
1309314361 173
1309314421 174
1309314481 177
1309314541 177
1309314601 182
1309314661 183
1309314721 177
1309314781 178
1309314841 173
1309314901 179
1309314961 173
1309315021 174
1309315081 178
1309315141 175
1309315201 170
1309315261 176
1309315321 182
1309315381 185
1309315441 182
1309315501 184
1309315561 186
1309315621 179
1309315681 185
1309315741 176
1309315801 175
1309315861 175
1309315921 171
1309315981 174
1309316041 180
1309316101 179
1309316161 179
1309316221 182
1309316281 189
1309316341 182
1309316401 179
1309316461 179
1309316521 183
1309316581 190
1309316641 185
1309316701 175
1309316761 175
1309316821 179
1309316881 172
1309316941 166
1309317001 167
1309317061 173
1309317121 176
1309317181 180
1309317241 182
1309317301 184
1309317361 187
1309317421 197
1309317481 196
1309317541 198
1309317601 196
1309317661 200
1309317721 204
1309317781 208
1309317841 202
1309317902 206
1309317961 199
1309318021 201
1309318081 202
1309318141 200
1309318201 197
1309318261 199
1309318321 205
1309318381 217
1309318441 205
1309318501 205
1309318561 196
1309318621 192
1309318681 203
1309318741 197
1309318801 200
1309318861 198
1309318921 190
1309318981 203
1309319041 193
1309319101 197
1309319161 198
1309319221 197
1309319281 205
1309319341 204
1309319401 204
1309319461 206
1309319521 205
1309319581 209
1309319641 211
1309319701 208
1309319761 209
1309319821 213
1309319881 218
1309319941 212
1309320001 206
1309320061 199
1309320121 201
1309320181 210
1309320241 199
1309320301 205
1309320361 204
1309320421 212
1309320481 209
1309320541 209
1309320601 203
1309320661 210
1309320721 209
1309320781 211
1309320841 214
1309320901 213
1309320961 220
1309321021 220
1309321081 220
1309321141 221
1309321201 215
1309321261 217
1309321321 215
1309321381 220
1309321441 219
1309321501 221
1309321561 219
1309321621 219
1309321681 226
1309321741 220
1309321801 227
1309321861 222
1309321921 216
1309321981 220
1309322041 216
1309322101 216
1309322161 211
1309322221 215
1309322281 215
1309322341 210
1309322401 206
1309322461 204
1309322521 198
1309322581 209
1309322641 212
1309322701 215
1309322761 220
1309322821 214
1309322881 219
1309322941 220
1309323001 228
1309323061 216
1309323121 208
1309323181 207
1309323241 210
1309323301 210
1309323361 199
1309323421 195
1309323481 212
1309323541 214
1309323601 208
1309323661 214
1309323721 217
1309323781 221
1309323841 221
1309323901 218
1309323961 216
1309324021 213
1309324081 216
1309324141 214
1309324201 212
1309324261 208
1309324321 202
1309324381 211
1309324441 198
1309324501 201
1309324561 196
1309324621 195
1309324681 203
1309324741 210
1309324801 210
1309324861 206
1309324921 204
1309324981 211
1309325041 212
1309325101 214
1309325161 212
1309325221 217
1309325281 223
1309325341 222
1309325401 231
1309325461 234
1309325521 234
1309325581 245
1309325641 248
1309325701 246
1309325761 239
1309325821 237
1309325881 243
1309325941 243
1309326001 236
1309326061 229
1309326121 226
1309326181 228
1309326241 230
1309326301 230
1309326361 228
1309326421 232
1309326481 241
1309326541 238
1309326602 243
1309326661 245
1309326721 240
1309326781 238
1309326841 234
1309326901 230
1309326961 225
1309327021 220
1309327081 221
1309327141 217
1309327201 216
1309327261 214
1309327321 211
1309327381 219
1309327441 216
1309327501 218
1309327561 216
1309327621 216
1309327681 217
1309327741 214
1309327801 220
1309327862 218
1309327921 214
1309327981 218
1309328041 216
1309328101 219
1309328161 216
1309328221 213
1309328281 212
1309328341 208
1309328401 205
1309328461 209
1309328521 208
1309328581 208
1309328641 209
1309328701 212
1309328761 218
1309328821 211
1309328881 217
1309328941 218
1309329001 220
1309329061 219
1309329121 218
1309329181 216
1309329241 216
1309329301 214
1309329361 214
1309329421 209
1309329481 204
1309329541 204
1309329601 208
1309329661 208
1309329721 204
1309329781 202
1309329841 205
1309329901 204
1309329961 209
1309330021 207
1309330081 209
1309330141 209
1309330201 212
1309330261 215
1309330321 208
1309330381 212
1309330441 213
1309330501 208
1309330561 213
1309330621 212
1309330681 216
1309330741 219
1309330801 221
1309330861 227
1309330921 222
1309330981 226
1309331041 222
1309331101 227
1309331161 226
1309331221 223
1309331281 225
1309331341 225
1309331401 219
1309331461 227
1309331521 221
1309331581 223
1309331641 217
1309331701 222
1309331761 222
1309331821 223
1309331881 221
1309331941 227
1309332001 230
1309332061 231
1309332121 226
1309332181 227
1309332241 231
1309332301 227
1309332361 231
1309332421 228
1309332481 221
1309332541 228
1309332601 233
1309332661 233
1309332721 233
1309332781 240
1309332841 247
1309332901 241
1309332961 254
1309333021 247
1309333081 250
1309333142 257
1309333201 258
1309333261 255
1309333321 248
1309333381 251
1309333441 251
1309333501 245
1309333561 241
1309333621 239
1309333681 238
1309333741 235
1309333801 236
1309333861 237
1309333921 236
1309333981 229
1309334041 236
1309334101 234
1309334161 232
1309334221 229
1309334281 230
1309334341 238
1309334401 245
1309334461 247
1309334521 237
1309334581 243
1309334641 252
1309334701 243
1309334761 245
1309334821 246
1309334881 244
1309334941 253
1309335001 252
1309335061 253
1309335121 244
1309335181 238
1309335241 248
1309335301 247
1309335361 241
1309335421 245
1309335481 225
1309335541 227
1309335601 221
1309335661 221
1309335721 216
1309335781 221
1309335841 226
1309335901 224
1309335961 227
1309336021 238
1309336081 238
1309336141 241
1309336201 238
1309336261 232
1309336321 233
1309336381 236
1309336441 233
1309336501 235
1309336561 238
1309336621 238
1309336681 239
1309336741 243
1309336801 235
1309336861 222
1309336921 222
1309336981 226
1309337041 220
1309337101 216
1309337161 217
1309337221 216
1309337281 219
1309337342 217
1309337401 221
1309337461 219
1309337521 221
1309337581 230
1309337641 227
1309337701 220
1309337761 223
1309337821 216
1309337881 222
1309337941 215
1309338001 216
1309338061 208
1309338121 210
1309338181 216
1309338241 224
1309338301 228
1309338361 226
1309338421 227
1309338481 228
1309338541 229
1309338601 221
1309338661 218
1309338721 215
1309338781 219
1309338841 215
1309338901 212
1309338961 208
1309339021 211
1309339081 213
1309339141 215
1309339201 217
1309339261 217
1309339321 210
1309339381 213
1309339441 214
1309339501 213
1309339561 216
1309339621 217
1309339681 223
1309339741 227
1309339801 228
1309339861 220
1309339921 218
1309339981 222
1309340041 222
1309340101 218
1309340161 216
1309340221 212
1309340281 210
1309340341 212
1309340402 213
1309340461 218
1309340521 221
1309340581 221
1309340641 227
1309340701 234
1309340761 239
1309340821 239
1309340881 244
1309340941 242
1309341001 236
1309341061 230
1309341121 228
1309341181 221
1309341241 214
1309341301 218
1309341361 222
1309341421 220
1309341481 218
1309341541 223
1309341601 226
1309341661 221
1309341721 209
1309341781 210
1309341841 209
1309341901 201
1309341961 199
1309342021 201
1309342081 201
1309342141 198
1309342202 195
1309342261 196
1309342321 195
1309342381 197
1309342441 195
1309342501 194
1309342561 197
1309342621 193
1309342681 199
1309342741 204
1309342801 202
1309342862 211
1309342922 207
1309342981 214
1309343041 216
1309343101 218
1309343161 217
1309343221 204
1309343281 207
1309343341 215
1309343401 200
1309343461 189
1309343521 183
1309343581 185
1309343641 188
1309343701 192
1309343761 192
1309343821 191
1309343881 194
1309343941 189
1309344001 196
1309344061 193
1309344121 191
1309344181 191
1309344241 187
1309344301 197
1309344361 193
1309344422 186
1309344481 192
1309344541 196
1309344601 197
1309344661 193
1309344721 186
1309344781 188
1309344841 186
1309344901 187
1309344961 176
1309345021 174
1309345081 180
1309345141 173
1309345201 177
1309345261 182
1309345321 172
1309345382 182
1309345441 184
1309345501 184
1309345561 193
1309345621 196
1309345681 203
1309345741 205
1309345801 196
1309345861 195
1309345921 179
1309345981 172
1309346041 172
1309346101 176
1309346161 174
1309346221 164
1309346281 172
1309346341 169
1309346401 172
1309346461 172
1309346521 175
1309346581 180
1309346641 177
1309346701 177
1309346761 182
1309346821 176
1309346881 178
1309346941 177
1309347001 177
1309347061 170
1309347121 173
1309347181 175
1309347241 174
1309347301 171
1309347361 173
1309347421 175
1309347481 181
1309347541 182
1309347601 183
1309347661 188
1309347721 190
1309347781 187
1309347841 184
1309347901 187
1309347961 179
1309348021 176
1309348081 176
1309348141 176
1309348202 185
1309348261 188
1309348321 188
1309348381 185
1309348441 191
1309348501 186
1309348561 191
1309348621 178
1309348681 172
1309348741 169
1309348801 168
1309348861 169
1309348921 167
1309348981 163
1309349042 169
1309349101 173
1309349161 174
1309349221 176
1309349281 178
1309349341 185
1309349401 180
1309349461 181
1309349521 183
1309349581 185
1309349641 188
1309349701 182
1309349761 184
1309349821 179
1309349881 175
1309349941 172
1309350001 171
1309350061 170
1309350121 170
1309350181 177
1309350241 175
1309350301 175
1309350361 180
1309350421 177
1309350481 180
1309350541 179
1309350601 179
1309350661 185
1309350721 184
1309350781 186
1309350841 191
1309350901 186
1309350961 184
1309351021 184
1309351081 187
1309351141 188
1309351201 185
1309351261 184
1309351321 186
1309351382 187
1309351441 184
1309351501 184
1309351561 186
1309351621 179
1309351681 177
1309351741 185
1309351801 186
1309351861 186
1309351921 181
1309351981 185
1309352041 184
1309352101 183
1309352161 185
1309352221 185
1309352281 187
1309352341 190
1309352401 188
1309352461 191
1309352521 183
1309352581 185
1309352641 190
1309352701 187
1309352761 191
1309352821 192
1309352881 192
1309352941 190
1309353001 191
1309353061 203
1309353121 195
1309353181 194
1309353241 198
1309353301 199
1309353361 203
1309353421 200
1309353481 202
1309353541 197
1309353601 195
1309353661 202
1309353721 200
1309353781 196
1309353841 201
1309353901 196
1309353961 202
1309354021 197
1309354081 197
1309354141 198
1309354201 202
1309354261 203
1309354321 197
1309354381 193
1309354441 195
1309354501 196
1309354561 203
1309354621 197
1309354681 196
1309354741 201
1309354801 206
1309354861 203
1309354921 204
1309354981 207
1309355041 202
1309355101 206
1309355161 203
1309355221 198
1309355281 200
1309355341 202
1309355401 204
1309355461 209
1309355521 207
1309355581 208
1309355641 203
1309355701 204
1309355761 212
1309355821 210
1309355881 209
1309355941 210
1309356002 202
1309356061 201
1309356121 195
1309356181 194
1309356241 189
1309356301 187
1309356361 192
1309356421 186
1309356481 183
1309356541 178
1309356601 187
1309356661 189
1309356721 191
1309356781 193
1309356841 193
1309356901 193
1309356961 196
1309357021 186
1309357081 189
1309357141 186
1309357202 182
1309357261 191
1309357321 180
1309357381 185
1309357441 183
1309357501 186
1309357562 192
1309357621 185
1309357681 185
1309357741 186
1309357801 184
1309357861 201
1309357921 194
1309357981 197
1309358041 194
1309358101 205
1309358161 208
1309358221 200
1309358281 209
1309358341 212
1309358401 213
1309358461 215
1309358521 213
1309358581 216
1309358641 216
1309358701 210
1309358761 210
1309358821 198
1309358881 198
1309358941 192
1309359001 199
1309359061 206
1309359121 200
1309359181 203
1309359241 202
1309359301 208
1309359361 212
1309359421 209
1309359481 216
1309359541 212
1309359601 202
1309359661 207
1309359721 210
1309359781 212
1309359841 208
1309359901 205
1309359961 218
1309360021 220
1309360081 225
1309360141 223
1309360201 220
1309360261 230
1309360321 223
1309360381 229
1309360441 227
1309360501 227
1309360562 232
1309360621 228
1309360681 232
1309360742 237
1309360801 227
1309360861 223
1309360921 224
1309360981 224
1309361041 214
1309361101 212
1309361161 211
1309361221 210
1309361281 207
1309361341 206
1309361401 210
1309361461 211
1309361521 206
1309361581 207
1309361641 209
1309361701 207
1309361761 212
1309361821 212
1309361881 215
1309361941 218
1309362002 207
1309362061 211
1309362121 209
1309362181 208
1309362241 211
1309362301 213
1309362361 213
1309362421 208
1309362481 213
1309362541 212
1309362601 210
1309362661 208
1309362721 207
1309362781 214
1309362841 219
1309362901 217
1309362961 207
1309363021 195
1309363081 192
1309363141 191
1309363201 191
