1317484861 168
1317484921 170
1317484981 167
1317485041 161
1317485101 158
1317485161 156
1317485221 162
1317485281 164
1317485341 156
1317485401 155
1317485461 158
1317485521 163
1317485581 158
1317485641 159
1317485701 159
1317485761 162
1317485821 161
1317485881 168
1317485941 162
1317486001 154
1317486061 155
1317486121 152
1317486181 156
1317486241 147
1317486301 147
1317486361 150
1317486421 153
1317486481 153
1317486541 145
1317486601 144
1317486661 150
1317486721 151
1317486781 145
1317486841 141
1317486901 141
1317486961 138
1317487021 145
1317487081 145
1317487142 151
1317487201 142
1317487261 149
1317487321 147
1317487381 140
1317487441 144
1317487501 137
1317487561 141
1317487621 146
1317487681 138
1317487741 135
1317487801 137
1317487861 137
1317487921 143
1317487981 132
1317488041 136
1317488101 131
1317488161 133
1317488221 133
1317488281 135
1317488341 127
1317488401 123
1317488461 127
1317488521 122
1317488581 120
1317488641 128
1317488701 133
1317488761 122
1317488821 124
1317488881 121
1317488941 118
1317489001 123
1317489061 116
1317489121 123
1317489181 120
1317489241 121
1317489301 122
1317489361 119
1317489421 124
1317489481 121
1317489541 118
1317489601 122
1317489661 121
1317489721 127
1317489781 120
1317489841 121
1317489901 117
1317489961 117
1317490021 123
1317490081 116
1317490141 118
1317490201 120
1317490261 112
1317490321 110
1317490381 108
1317490441 102
1317490501 104
1317490561 104
1317490621 109
1317490681 108
1317490741 105
1317490802 103
1317490862 106
1317490921 105
1317490981 105
1317491041 100
1317491101 103
1317491161 108
1317491221 105
1317491281 107
1317491341 96
1317491401 100
1317491461 99
1317491521 101
1317491581 102
1317491641 99
1317491701 98
1317491761 92
1317491821 94
1317491881 98
1317491941 97
1317492001 97
1317492061 95
1317492121 101
1317492182 106
1317492241 106
1317492301 109
1317492361 110
1317492421 98
1317492481 94
1317492541 96
1317492601 98
1317492661 90
1317492721 94
1317492781 97
1317492841 92
1317492901 92
1317492961 93
1317493021 96
1317493081 94
1317493141 97
1317493201 92
1317493261 89
1317493321 93
1317493381 96
1317493441 96
1317493501 99
1317493561 91
1317493621 97
1317493681 102
1317493741 104
1317493801 106
1317493861 87
1317493921 91
1317493981 94
1317494041 96
1317494101 85
1317494161 85
1317494221 90
1317494281 90
1317494341 85
1317494401 86
1317494461 85
1317494521 89
1317494581 92
1317494641 95
1317494701 84
1317494761 82
1317494821 85
1317494881 86
1317494941 84
1317495001 86
1317495061 86
1317495121 90
1317495181 93
1317495241 81
1317495301 82
1317495361 80
1317495421 84
1317495481 88
1317495541 91
1317495601 78
1317495661 79
1317495721 83
1317495781 86
1317495841 83
1317495901 83
1317495962 83
1317496021 86
1317496081 90
1317496141 81
1317496202 84
1317496261 86
1317496321 82
1317496381 85
1317496441 81
1317496501 80
1317496561 81
1317496621 84
1317496681 88
1317496741 89
1317496801 92
1317496861 92
1317496921 92
1317496981 95
1317497041 67
1317497101 69
1317497161 69
1317497221 72
1317497281 76
1317497341 78
1317497401 64
1317497461 64
1317497521 69
1317497581 71
1317497641 73
1317497701 74
1317497761 74
1317497821 77
1317497881 81
1317497941 65
1317498001 64
1317498061 64
1317498121 69
1317498181 73
1317498242 74
1317498301 75
1317498361 75
1317498421 63
1317498481 69
1317498541 64
1317498601 65
1317498661 65
1317498721 70
1317498781 75
1317498841 70
1317498901 71
1317498961 71
1317499021 75
1317499081 79
1317499141 80
1317499201 81
1317499261 59
1317499322 62
1317499381 66
1317499441 63
1317499501 64
1317499561 64
1317499622 64
1317499681 64
1317499741 64
1317499801 64
1317499861 64
1317499921 64
1317499981 64
1317500041 37
1317500101 37
1317500161 37
1317500221 37
1317500281 39
1317500341 40
1317500401 41
1317500462 41
1317500521 42
1317500581 44
1317500642 44
1317500701 42
1317500761 42
1317500821 43
1317500881 44
1317500941 45
1317501001 45
1317501061 45
1317501121 45
1317501181 47
1317501241 40
1317501301 40
1317501361 40
1317501421 40
1317501481 41
1317501541 41
1317501601 41
1317501661 41
1317501721 42
1317501782 45
1317501841 45
1317501901 45
1317501961 45
1317502021 39
1317502081 41
1317502141 41
1317502201 41
1317502261 41
1317502321 42
1317502381 43
1317502441 43
1317502501 36
1317502561 36
1317502621 37
1317502681 39
1317502741 39
1317502801 39
1317502861 39
1317502921 39
1317502981 41
1317503041 41
1317503101 41
1317503161 41
1317503221 42
1317503281 43
1317503341 43
1317503401 43
1317503394 43
1317503401 43
1317503461 43
1317503521 44
1317503581 45
1317503641 45
1317503701 45
1317503761 45
1317503821 45
1317503881 45
1317503941 45
1317504001 45
1317504061 45
1317504121 46
1317504181 46
1317504241 46
1317504301 46
1317504361 46
1317504421 47
1317504481 47
1317504541 47
1317504601 47
1317504661 47
1317504722 47
1317504781 47
1317504841 47
1317504901 47
1317504961 47
1317505021 47
1317505081 47
1317505141 47
1317505201 47
1317505261 47
1317505321 47
1317505381 47
1317505441 47
1317505501 47
1317505561 47
1317505621 47
1317505681 47
1317505741 47
1317505801 28
1317505861 28
1317505921 28
1317505981 28
1317506041 28
1317506101 28
1317506161 28
1317506221 28
1317506281 28
1317506341 28
1317506401 28
1317506461 28
1317506521 28
1317506581 28
1317506641 28
1317506701 28
1317506761 28
1317506821 28
1317506881 28
1317506941 28
1317507001 28
1317507061 28
1317507121 28
1317507181 28
1317507241 28
1317507301 28
1317507361 28
1317507421 28
1317507481 28
1317507541 28
1317507601 28
1317507661 28
1317507721 28
1317507781 28
1317507841 28
1317507901 28
1317507961 28
1317508021 28
1317508081 29
1317508141 30
1317508201 30
1317508261 30
1317508321 30
1317508381 30
1317508441 30
1317508501 30
1317508561 30
1317508621 30
1317508681 30
1317508741 30
1317508801 30
1317508861 30
1317508921 30
1317508981 30
1317509041 30
1317509101 30
1317509161 28
1317509221 28
1317509281 29
1317509341 31
1317509401 31
1317509461 31
1317509521 31
1317509581 31
1317509641 31
1317509701 31
1317509761 31
1317509821 28
1317509881 30
1317509941 30
1317510001 30
1317510061 30
1317510122 30
1317510181 30
1317510241 31
1317510301 31
1317510361 31
1317510421 31
1317510481 31
1317510541 31
1317510601 31
1317510661 31
1317510721 31
1317510781 31
1317510841 31
1317510901 31
1317510961 31
1317511021 31
1317511081 33
1317511141 33
1317511201 33
1317511261 33
1317511321 33
1317511381 36
1317511441 34
1317511501 35
1317511561 35
1317511621 36
1317511681 38
1317511741 38
1317511801 38
1317511861 37
1317511921 38
1317511981 38
1317512041 38
1317512101 38
1317512161 38
1317512221 34
1317512281 34
1317512341 34
1317512401 34
1317512461 34
1317512521 32
1317512581 32
1317512641 32
1317512701 33
1317512761 33
1317512821 34
1317512881 33
1317512941 33
1317513001 33
1317513061 34
1317513121 34
1317513181 34
1317513241 34
1317513301 33
1317513361 33
1317513421 32
1317513481 33
1317513541 33
1317513601 33
1317513662 33
1317513721 33
1317513781 32
1317513841 32
1317513901 32
1317513961 32
1317514021 31
1317514081 32
1317514141 33
1317514201 34
1317514261 34
1317514321 34
1317514381 35
1317514441 35
1317514501 34
1317514562 36
1317514621 36
1317514682 37
1317514741 37
1317514801 37
1317514861 37
1317514921 37
1317514981 38
1317515041 37
1317515101 37
1317515161 37
1317515221 37
1317515281 38
1317515341 38
1317515401 35
1317515461 34
1317515521 35
1317515581 36
1317515641 36
1317515701 36
1317515761 36
1317515821 36
1317515881 36
1317515941 37
1317516001 38
1317516061 38
1317516121 39
1317516181 39
1317516241 41
1317516301 41
1317516361 39
1317516421 39
1317516481 39
1317516541 41
1317516601 42
1317516661 42
1317516721 41
1317516781 42
1317516841 43
1317516901 45
1317516961 46
1317517021 44
1317517081 47
1317517141 46
1317517201 46
1317517261 42
1317517321 47
1317517381 48
1317517442 46
1317517502 47
1317517561 48
1317517621 52
1317517681 54
1317517741 48
1317517801 50
1317517861 49
1317517921 52
1317517981 54
1317518041 52
1317518101 52
1317518161 53
1317518221 53
1317518281 53
1317518341 56
1317518401 58
1317518461 58
1317518521 58
1317518581 58
1317518641 57
1317518701 60
1317518761 56
1317518821 58
1317518881 60
1317518941 57
1317519001 58
1317519061 60
1317519121 60
1317519181 58
1317519241 61
1317519301 61
1317519361 63
1317519421 66
1317519481 64
1317519541 63
1317519601 64
1317519661 65
1317519721 64
1317519781 69
1317519841 67
1317519901 68
1317519961 68
1317520021 65
1317520081 67
1317520141 64
1317520201 67
1317520261 65
1317520321 68
1317520381 69
1317520441 68
1317520501 70
1317520561 70
1317520621 67
1317520681 72
1317520741 68
1317520801 72
1317520862 75
1317520921 73
1317520981 74
1317521041 72
1317521101 77
1317521161 79
1317521221 81
1317521281 82
1317521341 78
1317521401 78
1317521461 83
1317521521 79
1317521581 81
1317521641 79
1317521701 80
1317521761 83
1317521821 83
1317521883 81
1317521941 80
1317522002 79
1317522061 83
1317522122 85
1317522182 86
1317522241 82
1317522301 82
1317522361 87
1317522421 85
1317522481 87
1317522541 87
1317522601 87
1317522661 88
1317522721 92
1317522781 93
1317522841 83
1317522901 84
1317522961 80
1317523021 85
1317523081 84
1317523141 82
1317523201 88
1317523262 88
1317523321 89
1317523381 84
1317523441 81
1317523501 83
1317523561 83
1317523621 85
1317523681 87
1317523741 87
1317523801 91
1317523861 84
1317523921 92
1317523981 90
1317524041 90
1317524101 89
1317524161 89
1317524221 99
1317524281 105
1317524341 105
1317524401 109
1317524461 109
1317524521 116
1317524581 118
1317524641 112
1317524701 116
1317524761 110
1317524821 111
1317524881 114
1317524941 113
1317525001 113
1317525061 109
1317525121 114
1317525181 114
1317525241 110
1317525301 105
1317525361 105
1317525421 109
1317525481 108
1317525541 111
1317525601 110
1317525661 106
1317525721 109
1317525781 111
1317525841 110
1317525901 108
1317525961 111
1317526021 113
1317526082 114
1317526141 115
1317526201 116
1317526261 113
1317526321 107
1317526381 111
1317526441 115
1317526501 119
1317526561 117
1317526621 120
1317526681 121
1317526741 116
1317526801 117
1317526861 117
1317526921 119
1317526981 120
1317527041 118
1317527101 121
1317527161 122
1317527221 120
1317527281 119
1317527341 118
1317527401 123
1317527461 113
1317527521 117
1317527581 116
1317527641 118
1317527701 118
1317527761 121
1317527821 119
1317527881 119
1317527941 118
1317528001 118
1317528061 115
1317528121 120
1317528181 117
1317528241 120
1317528301 122
1317528361 125
1317528421 128
1317528481 122
1317528541 127
1317528601 128
1317528661 127
1317528721 126
1317528781 122
1317528841 121
1317528901 125
1317528961 117
1317529021 118
1317529081 118
1317529141 111
1317529201 113
1317529261 112
1317529321 115
1317529381 104
1317529441 107
1317529501 108
1317529561 110
1317529621 111
1317529681 105
1317529741 106
1317529801 107
1317529861 111
1317529921 112
1317529981 106
1317530041 106
1317530101 109
1317530161 112
1317530221 107
1317530281 106
1317530341 107
1317530401 113
1317530461 113
1317530522 112
1317530581 113
1317530641 114
1317530701 121
1317530761 121
1317530821 122
1317530881 119
1317530941 116
1317531001 118
1317531061 122
1317531121 112
1317531181 110
1317531241 111
1317531301 114
1317531361 115
1317531421 120
1317531481 121
1317531541 121
1317531601 131
1317531661 128
1317531721 131
1317531781 128
1317531841 129
1317531901 131
1317531961 124
1317532021 123
1317532081 127
1317532141 122
1317532201 130
1317532261 125
1317532321 129
1317532381 126
1317532441 125
1317532501 131
1317532561 136
1317532621 137
1317532681 136
1317532741 137
1317532801 140
1317532861 132
1317532921 135
1317532981 127
1317533041 125
1317533101 126
1317533161 137
1317533221 141
1317533281 137
1317533342 137
1317533401 136
1317533461 144
1317533521 147
1317533581 139
1317533641 141
1317533701 148
1317533761 155
1317533821 145
1317533881 139
1317533941 141
1317534001 148
1317534061 145
1317534121 154
1317534181 151
1317534241 150
1317534301 154
1317534361 156
1317534421 148
1317534481 146
1317534541 145
1317534601 151
1317534661 153
1317534721 159
1317534781 159
1317534841 159
1317534901 164
1317534961 169
1317535021 177
1317535081 168
1317535141 167
1317535201 169
1317535261 176
1317535321 155
1317535381 155
1317535441 156
1317535501 167
1317535561 163
1317535621 170
1317535681 167
1317535741 165
1317535801 173
1317535861 179
1317535921 179
1317535981 182
1317536041 180
1317536101 184
1317536161 192
1317536221 205
1317536281 193
1317536341 187
1317536401 195
1317536461 196
1317536521 195
1317536581 193
1317536641 188
1317536701 192
1317536761 188
1317536821 197
1317536881 191
1317536941 184
1317537001 185
1317537061 188
1317537121 192
1317537181 183
1317537241 177
1317537301 186
1317537361 191
1317537421 192
1317537481 186
1317537541 187
1317537601 201
1317537661 193
1317537721 205
1317537781 189
1317537841 188
1317537901 197
1317537961 188
1317538021 200
1317538081 187
1317538142 189
1317538201 195
1317538261 192
1317538321 196
1317538381 188
1317538441 195
1317538501 200
1317538561 204
1317538621 213
1317538681 206
1317538741 210
1317538801 213
1317538861 217
1317538921 223
1317538981 219
1317539041 218
1317539101 216
1317539161 220
1317539221 213
1317539281 213
1317539341 226
1317539402 220
1317539462 219
1317539521 223
1317539581 217
1317539641 223
1317539701 220
1317539761 228
1317539821 218
1317539881 212
1317539941 213
1317540001 214
1317540061 213
1317540121 213
1317540181 211
1317540241 220
1317540301 218
1317540361 219
1317540421 217
1317540481 214
1317540541 211
1317540601 212
1317540661 218
1317540721 222
1317540781 227
1317540841 221
1317540901 221
1317540961 235
1317541021 230
1317541081 228
1317541142 238
1317541201 245
1317541261 239
1317541321 245
1317541381 243
1317541441 230
1317541501 229
1317541561 230
1317541621 233
1317541681 224
1317541741 228
1317541801 219
1317541861 223
1317541921 224
1317541981 212
1317542041 216
1317542101 226
1317542161 224
1317542221 224
1317542281 217
1317542341 220
1317542401 225
1317542461 223
1317542521 229
1317542581 223
1317542641 223
1317542701 232
1317542761 232
1317542821 236
1317542881 224
1317542941 226
1317543001 235
1317543061 233
1317543121 241
1317543181 235
1317543241 227
1317543301 229
1317543361 226
1317543421 235
1317543481 230
1317543541 230
1317543601 231
1317543661 232
1317543721 237
1317543781 228
1317543841 232
1317543901 233
1317543961 235
1317544021 240
1317544081 234
1317544141 242
1317544201 244
1317544261 248
1317544321 262
1317544381 254
1317544441 253
1317544501 255
1317544561 252
1317544621 255
1317544681 256
1317544741 269
1317544801 249
1317544861 247
1317544921 257
1317544981 256
1317545041 254
1317545101 257
1317545161 254
1317545221 250
1317545281 251
1317545341 247
1317545401 252
1317545461 241
1317545521 245
1317545581 248
1317545641 244
1317545701 250
1317545761 244
1317545821 252
1317545881 259
1317545941 271
1317546001 249
1317546061 251
1317546121 253
1317546181 259
1317546241 259
1317546301 259
1317546361 252
1317546421 253
1317546481 249
1317546541 246
1317546602 252
1317546661 255
1317546722 251
1317546782 251
1317546841 250
1317546901 244
1317546961 239
1317547021 235
1317547081 239
1317547141 242
1317547201 239
1317547261 244
1317547321 243
1317547381 249
1317547441 245
1317547501 244
1317547561 237
1317547621 244
1317547681 252
1317547741 243
1317547801 244
1317547861 237
1317547921 241
1317547982 244
1317548041 237
1317548101 237
1317548161 239
1317548221 240
1317548281 237
1317548341 235
1317548401 222
1317548461 230
1317548521 234
1317548581 232
1317548641 233
1317548701 239
1317548761 230
1317548821 240
1317548881 243
1317548941 237
1317549001 233
1317549061 234
1317549121 240
1317549181 247
1317549241 234
1317549301 238
1317549361 235
1317549421 241
1317549481 247
1317549541 234
1317549601 239
1317549661 240
1317549721 243
1317549781 241
1317549841 231
1317549901 232
1317549961 230
1317550021 233
1317550081 235
1317550141 228
1317550201 235
1317550261 241
1317550321 236
1317550381 246
1317550441 230
1317550501 229
1317550561 232
1317550621 233
1317550681 232
1317550741 230
1317550801 234
1317550861 237
1317550921 240
1317550981 241
1317551041 234
1317551101 230
1317551161 226
1317551221 225
1317551281 218
1317551341 212
1317551401 212
1317551461 221
1317551521 223
1317551581 219
1317551641 215
1317551701 213
1317551761 216
1317551821 225
1317551881 216
1317551941 212
1317552001 210
1317552061 215
1317552121 222
1317552181 212
1317552241 214
1317552301 219
1317552361 223
1317552421 223
1317552481 218
1317552541 221
1317552601 213
1317552661 212
1317552721 216
1317552781 212
1317552841 208
1317552901 213
1317552961 211
1317553021 216
1317553081 222
1317553141 222
1317553201 218
1317553261 224
1317553321 228
1317553381 222
1317553441 224
1317553501 214
1317553561 216
1317553621 219
1317553681 225
1317553741 220
1317553801 217
1317553861 221
1317553921 222
1317553981 219
1317554041 217
1317554101 214
1317554161 220
1317554221 222
1317554281 219
1317554341 224
1317554401 225
1317554461 214
1317554521 226
1317554581 213
1317554641 214
1317554701 210
1317554761 213
1317554821 225
1317554881 220
1317554941 223
1317555001 221
1317555061 219
1317555122 221
1317555181 226
1317555241 230
1317555301 228
1317555361 234
1317555421 240
1317555481 242
1317555541 233
1317555601 234
1317555661 232
1317555721 236
1317555781 239
1317555841 239
1317555901 248
1317555961 237
1317556021 246
1317556081 243
1317556141 244
1317556201 242
1317556261 245
1317556321 254
1317556381 267
1317556441 248
1317556501 247
1317556561 254
1317556621 253
1317556681 254
1317556741 250
1317556801 250
1317556861 253
1317556921 255
1317556981 254
1317557041 254
1317557101 258
1317557161 253
1317557221 259
1317557281 261
1317557341 264
1317557401 262
1317557461 265
1317557521 269
1317557581 283
1317557641 281
1317557701 280
1317557761 287
1317557821 293
1317557881 299
1317557941 300
1317558001 297
1317558061 304
1317558121 299
1317558181 301
1317558241 304
1317558301 297
1317558361 298
1317558421 301
1317558481 298
1317558541 288
1317558601 290
1317558661 300
1317558722 297
1317558781 296
1317558841 295
1317558901 292
1317558961 308
1317559021 308
1317559081 309
1317559141 306
1317559201 313
1317559261 323
1317559321 319
1317559381 317
1317559441 314
1317559501 319
1317559561 331
1317559621 335
1317559681 336
1317559741 338
1317559801 343
1317559861 351
1317559921 349
1317559981 350
1317560041 347
1317560101 352
1317560161 355
1317560221 346
1317560281 342
1317560341 349
1317560401 347
1317560461 349
1317560521 343
1317560581 351
1317560641 347
1317560701 355
1317560761 359
1317560821 358
1317560881 363
1317560941 342
1317561002 346
1317561061 351
1317561121 342
1317561182 344
1317561241 337
1317561301 344
1317561361 345
1317561421 346
1317561481 349
1317561541 342
1317561601 352
1317561661 355
1317561721 353
1317561781 351
1317561841 359
1317561901 352
1317561961 354
1317562021 352
1317562081 351
1317562141 356
1317562201 369
1317562261 374
1317562321 380
1317562381 374
1317562441 366
1317562502 373
1317562561 379
1317562621 376
1317562681 370
1317562741 365
1317562801 368
1317562861 371
1317562921 369
1317562981 354
1317563041 361
1317563101 364
1317563161 374
1317563221 379
1317563281 372
1317563341 373
1317563401 365
1317563461 369
1317563521 358
1317563581 362
1317563641 364
1317563701 371
1317563761 377
1317563821 377
1317563881 384
1317563941 388
1317564001 397
1317564061 405
1317564121 396
1317564181 401
1317564241 405
1317564301 415
1317564361 422
1317564421 410
1317564481 408
1317564541 416
1317564601 419
1317564661 424
1317564721 419
1317564781 416
1317564841 423
1317564901 437
1317564961 441
1317565021 428
1317565081 431
1317565141 433
1317565202 440
1317565262 437
1317565322 430
1317565381 422
1317565441 425
1317565501 431
1317565561 441
1317565621 438
1317565681 434
1317565741 435
1317565801 453
1317565861 451
1317565921 435
1317565981 431
1317566041 423
1317566101 438
1317566161 443
1317566221 421
1317566281 424
1317566341 425
1317566401 435
1317566461 435
1317566521 429
1317566581 422
1317566641 426
1317566701 431
1317566761 432
1317566821 430
1317566881 435
1317566941 440
1317567001 449
1317567061 451
1317567121 446
1317567181 434
1317567241 441
1317567301 454
1317567361 440
1317567421 437
1317567481 425
1317567541 424
1317567601 439
1317567661 428
1317567721 424
1317567781 431
1317567841 430
1317567901 447
1317567961 443
1317568021 434
1317568081 423
1317568141 421
1317568201 442
1317568261 442
1317568321 435
1317568381 429
1317568441 429
1317568501 443
1317568561 428
1317568621 415
1317568681 424
1317568741 422
1317568801 424
1317568861 415
1317568921 409
1317568981 421
1317569041 419
1317569101 427
1317569161 410
1317569221 406
1317569281 409
1317569341 403
1317569402 411
1317569462 398
1317569521 395
1317569581 407
1317569641 395
1317569701 408
1317569761 401
1317569821 404
1317569881 397
1317569941 394
1317570001 399
1317570061 393
1317570121 394
1317570181 401
1317570241 394
1317570301 401
1317570361 399
1317570421 395
1317570481 403
1317570541 405
1317570601 401
1317570661 406
1317570721 400
1317570781 403
1317570841 398
1317570901 402
1317570961 399
1317571021 398
1317571081 406
1317571141 399
1317571201 400
