1310400061 8
1310400121 8
1310400181 8
1310400241 8
1310400301 8
1310400361 9
1310400421 6
1310400481 6
1310400541 6
1310400601 6
1310400661 6
1310400721 6
1310400781 7
1310400841 7
1310400901 7
1310400961 8
1310401021 8
1310401081 8
1310401141 8
1310401201 8
1310401261 8
1310401321 8
1310401381 8
1310401441 6
1310401501 6
1310401561 8
1310401621 8
1310401681 8
1310401741 8
1310401801 8
1310401861 8
1310401921 8
1310401981 8
1310402041 7
1310402101 7
1310402161 8
1310402221 8
1310402281 8
1310402341 8
1310402401 8
1310402461 8
1310402521 8
1310402581 6
1310402641 6
1310402701 6
1310402761 6
1310402821 7
1310402881 7
1310402941 7
1310403001 7
1310403061 7
1310403121 7
1310403181 5
1310403241 5
1310403301 5
1310403361 5
1310403421 5
1310403481 6
1310403541 7
1310403601 8
1310403661 9
1310403721 9
1310403781 9
1310403841 9
1310403901 9
1310403961 9
1310404021 9
1310404081 9
1310404141 9
1310404201 9
1310404261 9
1310404321 7
1310404381 7
1310404441 7
1310404501 7
1310404561 7
1310404621 8
1310404681 8
1310404741 8
1310404801 8
1310404861 8
1310404921 8
1310404981 8
1310405041 8
1310405101 8
1310405161 8
1310405221 8
1310405281 8
1310405341 8
1310405401 7
1310405461 8
1310405521 8
1310405581 8
1310405641 8
1310405701 8
1310405761 8
1310405821 8
1310405881 8
1310405941 8
1310406001 8
1310406061 8
1310406121 7
1310406181 7
1310406241 8
1310406301 8
1310406361 8
1310406421 8
1310406481 8
1310406541 8
1310406601 8
1310406661 8
1310406721 8
1310406781 8
1310406841 7
1310406902 7
1310406961 7
1310407021 7
1310407081 7
1310407141 7
1310407201 7
1310407261 7
1310407321 7
1310407381 7
1310407441 7
1310407501 7
1310407561 6
1310407621 6
1310407681 6
1310407741 6
1310407802 7
1310407861 7
1310407921 7
1310407981 7
1310408041 7
1310408101 7
1310408161 7
1310408221 7
1310408281 7
1310408341 7
1310408401 7
1310408461 7
1310408521 7
1310408581 6
1310408641 6
1310408701 6
1310408761 6
1310408821 6
1310408881 6
1310408941 6
1310409001 6
1310409061 6
1310409121 6
1310409181 6
1310409241 6
1310409301 6
1310409361 6
1310409421 6
1310409481 6
1310409541 6
1310409601 6
1310409661 5
1310409721 5
1310409781 5
1310409841 6
1310409901 7
1310409961 7
1310410021 7
1310410081 7
1310410141 7
1310410201 7
1310410261 7
1310410321 7
1310410381 7
1310410441 7
1310410502 7
1310410562 7
1310410621 7
1310410681 7
1310410741 7
1310410801 7
1310410861 7
1310410921 7
1310410981 7
1310411041 7
1310411101 7
1310411161 7
1310411221 5
1310411281 5
1310411341 5
1310411401 5
1310411461 5
1310411521 5
1310411581 5
1310411642 5
1310411701 5
1310411761 5
1310411821 5
1310411881 5
1310411941 5
1310412001 5
1310412061 5
1310412121 5
1310412181 5
1310412241 5
1310412301 5
1310412361 5
1310412421 5
1310412481 5
1310412541 5
1310412601 5
1310412661 5
1310412721 5
1310412781 4
1310412841 5
1310412901 5
1310412961 5
1310413021 5
1310413081 5
1310413141 5
1310413201 5
1310413261 5
1310413321 5
1310413381 5
1310413441 5
1310413501 5
1310413561 5
1310413621 5
1310413681 5
1310413741 5
1310413801 5
1310413861 5
1310413921 5
1310413981 4
1310414041 4
1310414101 4
1310414161 5
1310414221 5
1310414281 5
1310414341 5
1310414401 5
1310414462 5
1310414521 5
1310414581 5
1310414641 5
1310414701 5
1310414761 5
1310414821 5
1310414881 5
1310414941 5
1310415001 5
1310415061 5
1310415121 5
1310415181 5
1310415241 5
1310415301 5
1310415361 5
1310415421 5
1310415481 5
1310415541 5
1310415601 5
1310415661 5
1310415721 5
1310415781 5
1310415841 5
1310415901 5
1310415961 5
1310416021 5
1310416081 5
1310416141 5
1310416203 5
1310416261 5
1310416321 5
1310416381 5
1310416448 5
1310416501 5
1310416561 5
1310416621 5
1310416681 5
1310416741 5
1310416801 5
1310416861 5
1310416921 5
1310416981 5
1310417041 5
1310417101 5
1310417161 5
1310417221 5
1310417281 5
1310417341 5
1310417401 5
1310417461 5
1310417521 5
1310417581 5
1310417641 5
1310417701 5
1310417761 5
1310417821 5
1310417881 5
1310417941 5
1310418001 5
1310418061 5
1310418121 5
1310418181 5
1310418241 5
1310418301 5
1310418361 5
1310418421 5
1310418481 5
1310418541 5
1310418601 5
1310418594 5
1310418601 5
1310418661 5
1310418721 5
1310418781 5
1310418841 5
1310418901 5
1310418961 5
1310419021 5
1310419081 5
1310419141 5
1310419201 5
1310419261 5
1310419321 5
1310419381 5
1310419441 5
1310419502 5
1310419562 5
1310419622 5
1310419681 5
1310419741 5
1310419801 5
1310419861 5
1310419922 5
1310419981 5
1310420041 5
1310420101 5
1310420161 5
1310420221 5
1310420281 5
1310420341 5
1310420401 5
1310420461 5
1310420521 5
1310420581 5
1310420641 5
1310420701 5
1310420761 5
1310420821 5
1310420881 5
1310420941 6
1310421001 6
1310421061 6
1310421121 6
1310421181 6
1310421241 6
1310421301 6
1310421361 6
1310421421 7
1310421481 7
1310421541 7
1310421601 7
1310421661 7
1310421721 5
1310421781 6
1310421841 6
1310421901 6
1310421961 6
1310422021 6
1310422081 6
1310422141 6
1310422201 6
1310422261 6
1310422321 6
1310422381 6
1310422441 6
1310422501 6
1310422561 6
1310422621 6
1310422681 6
1310422741 6
1310422801 6
1310422861 6
1310422921 6
1310422981 6
1310423041 6
1310423101 6
1310423161 6
1310423221 6
1310423281 6
1310423341 6
1310423401 6
1310423461 6
1310423521 6
1310423581 6
1310423641 6
1310423701 5
1310423761 5
1310423821 5
1310423881 5
1310423941 5
1310424001 5
1310424061 5
1310424121 5
1310424181 5
1310424241 5
1310424301 5
1310424361 5
1310424421 5
1310424481 5
1310424541 5
1310424602 5
1310424661 5
1310424721 5
1310424781 5
1310424841 5
1310424901 5
1310424961 5
1310425021 5
1310425081 5
1310425141 5
1310425201 5
1310425261 5
1310425321 5
1310425381 5
1310425441 5
1310425501 5
1310425561 5
1310425621 5
1310425681 5
1310425741 5
1310425801 5
1310425861 5
1310425921 5
1310425981 5
1310426041 5
1310426101 5
1310426161 5
1310426221 5
1310426281 5
1310426341 5
1310426401 5
1310426461 5
1310426521 5
1310426581 5
1310426641 5
1310426701 5
1310426761 5
1310426821 5
1310426881 5
1310426941 5
1310427001 5
1310427061 5
1310427121 5
1310427181 5
1310427241 5
1310427301 5
1310427361 5
1310427421 5
1310427481 5
1310427541 5
1310427601 5
1310427661 5
1310427721 5
1310427781 5
1310427841 5
1310427901 5
1310427961 5
1310428021 5
1310428081 5
1310428141 5
1310428201 5
1310428261 5
1310428321 5
1310428381 5
1310428441 5
1310428501 5
1310428561 5
1310428621 5
1310428681 5
1310428741 5
1310428801 5
1310428861 4
1310428921 4
1310428981 4
1310429041 4
1310429101 4
1310429161 4
1310429221 5
1310429281 6
1310429341 6
1310429401 6
1310429461 6
1310429521 6
1310429581 6
1310429641 6
1310429701 6
1310429761 6
1310429821 6
1310429881 6
1310429941 6
1310430001 6
1310430061 6
1310430122 6
1310430181 6
1310430241 6
1310430301 6
1310430361 6
1310430421 6
1310430481 6
1310430541 6
1310430601 6
1310430661 6
1310430721 6
1310430781 6
1310430841 6
1310430901 6
1310430961 5
1310431021 5
1310431081 5
1310431141 5
1310431201 5
1310431261 5
1310431321 5
1310431381 5
1310431441 5
1310431501 5
1310431561 5
1310431621 5
1310431681 5
1310431741 4
1310431801 4
1310431861 4
1310431921 4
1310431981 4
1310432041 5
1310432101 6
1310432161 7
1310432221 7
1310432281 7
1310432341 7
1310432401 7
1310432461 7
1310432521 6
1310432581 6
1310432641 6
1310432701 6
1310432761 6
1310432821 6
1310432881 6
1310432941 6
1310433001 6
1310433061 6
1310433121 6
1310433181 7
1310433241 7
1310433301 6
1310433361 6
1310433421 6
1310433481 6
1310433541 6
1310433601 6
1310433661 6
1310433721 6
1310433781 6
1310433841 6
1310433901 7
1310433961 7
1310434021 7
1310434081 7
1310434141 7
1310434201 7
1310434261 6
1310434321 6
1310434381 6
1310434441 6
1310434501 6
1310434561 7
1310434621 8
1310434681 8
1310434741 8
1310434801 9
1310434861 9
1310434921 9
1310434981 7
1310435041 7
1310435101 7
1310435161 7
1310435221 7
1310435281 7
1310435341 7
1310435401 7
1310435461 5
1310435521 5
1310435581 5
1310435641 5
1310435701 5
1310435761 5
1310435821 5
1310435881 5
1310435941 5
1310436002 5
1310436061 5
1310436121 5
1310436181 6
1310436241 6
1310436301 6
1310436361 6
1310436421 6
1310436481 6
1310436541 6
1310436601 6
1310436661 6
1310436721 6
1310436781 6
1310436841 5
1310436901 5
1310436961 5
1310437021 6
1310437081 6
1310437141 6
1310437201 6
1310437261 6
1310437321 6
1310437381 7
1310437441 7
1310437501 7
1310437561 6
1310437621 7
1310437681 7
1310437741 8
1310437801 7
1310437862 8
1310437921 8
1310437981 8
1310438041 8
1310438101 8
1310438161 8
1310438221 5
1310438281 8
1310438341 9
1310438401 9
1310438461 9
1310438521 9
1310438581 9
1310438641 7
1310438701 9
1310438761 9
1310438821 9
1310438881 9
1310438941 9
1310439001 9
1310439061 8
1310439121 9
1310439181 10
1310439241 9
1310439301 9
1310439361 10
1310439421 10
1310439481 10
1310439541 10
1310439601 10
1310439661 10
1310439721 10
1310439781 8
1310439841 8
1310439902 8
1310439962 8
1310440021 8
1310440081 9
1310440141 10
1310440201 11
1310440261 11
1310440321 11
1310440381 12
1310440441 12
1310440501 12
1310440561 12
1310440621 12
1310440681 12
1310440741 9
1310440801 10
1310440861 10
1310440921 9
1310440981 9
1310441041 9
1310441101 9
1310441161 10
1310441221 10
1310441281 10
1310441341 9
1310441401 10
1310441461 10
1310441521 10
1310441581 10
1310441641 10
1310441701 10
1310441761 8
1310441821 9
1310441881 9
1310441941 9
1310442001 9
1310442061 9
1310442121 9
1310442181 9
1310442241 9
1310442301 10
1310442361 11
1310442421 10
1310442481 10
1310442541 10
1310442601 10
1310442661 10
1310442721 10
1310442781 10
1310442841 6
1310442901 6
1310442961 6
1310443021 6
1310443081 6
1310443141 6
1310443201 6
1310443261 6
1310443321 6
1310443381 6
1310443441 6
1310443501 7
1310443561 7
1310443621 7
1310443681 7
1310443741 7
1310443801 7
1310443861 7
1310443921 8
1310443981 8
1310444041 8
1310444101 8
1310444161 8
1310444221 8
1310444281 8
1310444341 8
1310444401 8
1310444461 8
1310444521 8
1310444581 8
1310444641 8
1310444701 8
1310444761 6
1310444821 6
1310444881 6
1310444941 6
1310445001 7
1310445061 7
1310445121 7
1310445181 7
1310445241 7
1310445301 7
1310445361 7
1310445421 7
1310445481 7
1310445541 7
1310445601 6
1310445661 6
1310445721 6
1310445782 6
1310445841 6
1310445901 6
1310445961 6
1310446021 6
1310446081 6
1310446141 6
1310446201 6
1310446261 6
1310446321 6
1310446381 6
1310446441 6
1310446501 6
1310446561 6
1310446621 6
1310446681 7
1310446741 7
1310446801 7
1310446861 7
1310446921 7
1310446981 7
1310447041 7
1310447101 7
1310447161 7
1310447221 7
1310447281 7
1310447341 7
1310447402 7
1310447461 7
1310447522 7
1310447581 7
1310447641 8
1310447701 9
1310447761 9
1310447821 9
1310447881 10
1310447941 10
1310448001 10
1310448061 10
1310448121 10
1310448181 10
1310448241 7
1310448301 7
1310448361 7
1310448421 7
1310448481 8
1310448541 8
1310448601 8
1310448661 9
1310448721 10
1310448781 10
1310448841 10
1310448901 10
1310448961 10
1310449021 8
1310449081 8
1310449141 8
1310449201 9
1310449261 9
1310449321 9
1310449381 10
1310449441 10
1310449501 10
1310449561 10
1310449621 9
1310449681 9
1310449741 9
1310449801 9
1310449861 9
1310449921 9
1310449981 10
1310450041 10
1310450101 10
1310450161 10
1310450221 10
1310450281 10
1310450341 11
1310450401 12
1310450461 12
1310450521 12
1310450581 12
1310450641 10
1310450701 10
1310450761 10
1310450821 10
1310450881 11
1310450941 11
1310451001 11
1310451061 11
1310451121 9
1310451181 9
1310451241 9
1310451301 9
1310451361 9
1310451421 9
1310451481 9
1310451541 9
1310451601 9
1310451661 10
1310451721 11
1310451781 11
1310451841 11
1310451901 11
1310451961 11
1310452021 9
1310452081 9
1310452141 8
1310452201 8
1310452261 8
1310452321 9
1310452381 9
1310452441 10
1310452501 11
1310452561 11
1310452621 11
1310452681 11
1310452741 11
1310452801 9
1310452861 9
1310452921 9
1310452981 9
1310453041 9
1310453101 7
1310453161 8
1310453221 8
1310453282 9
1310453341 9
1310453401 10
1310453461 11
1310453521 11
1310453581 11
1310453641 10
1310453701 10
1310453761 10
1310453821 9
1310453881 9
1310453941 9
1310454001 9
1310454061 10
1310454121 10
1310454181 10
1310454241 10
1310454301 10
1310454361 10
1310454421 10
1310454481 10
1310454541 10
1310454601 10
1310454661 10
1310454721 9
1310454781 9
1310454841 9
1310454901 9
1310454961 9
1310455021 9
1310455081 10
1310455141 10
1310455201 10
1310455261 10
1310455321 10
1310455381 10
1310455441 10
1310455501 10
1310455561 11
1310455621 11
1310455681 11
1310455741 11
1310455801 11
1310455861 11
1310455921 11
1310455981 11
1310456041 11
1310456101 11
1310456161 12
1310456221 13
1310456281 14
1310456341 14
1310456401 14
1310456461 14
1310456521 14
1310456581 14
1310456641 14
1310456702 14
1310456761 11
1310456821 11
1310456881 13
1310456941 13
1310457001 13
1310457061 14
1310457121 14
1310457181 13
1310457241 13
1310457301 12
1310457361 12
1310457421 12
1310457481 12
1310457541 12
1310457601 12
1310457661 11
1310457722 12
1310457781 12
1310457841 12
1310457901 12
1310457961 12
1310458021 12
1310458081 12
1310458141 12
1310458201 12
1310458261 12
1310458321 14
1310458381 14
1310458441 14
1310458501 14
1310458561 14
1310458621 14
1310458681 14
1310458741 14
1310458801 14
1310458861 10
1310458921 11
1310458981 11
1310459041 12
1310459101 12
1310459161 12
1310459221 12
1310459281 13
1310459341 13
1310459401 13
1310459461 13
1310459521 13
1310459581 11
1310459641 11
1310459701 11
1310459761 11
1310459821 11
1310459881 11
1310459941 11
1310460001 11
1310460061 11
1310460121 11
1310460181 11
1310460241 11
1310460301 11
1310460361 11
1310460421 11
1310460481 11
1310460541 9
1310460601 10
1310460661 10
1310460721 10
1310460781 10
1310460841 10
1310460901 10
1310460961 10
1310461021 10
1310461081 10
1310461141 10
1310461201 10
1310461261 9
1310461321 11
1310461381 12
1310461441 12
1310461501 12
1310461561 12
1310461621 10
1310461681 11
1310461741 11
1310461801 11
1310461861 11
1310461921 11
1310461981 11
1310462041 11
1310462101 11
1310462161 11
1310462221 11
1310462281 10
1310462341 10
1310462401 10
1310462461 10
1310462521 11
1310462581 11
1310462641 11
1310462701 9
1310462761 9
1310462821 9
1310462881 9
1310462941 9
1310463001 9
1310463061 9
1310463121 9
1310463181 9
1310463241 9
1310463301 9
1310463361 9
1310463422 7
1310463481 7
1310463541 8
1310463601 8
1310463661 8
1310463721 8
1310463781 8
1310463841 8
1310463901 8
1310463961 8
1310464021 7
1310464081 7
1310464141 7
1310464201 7
1310464261 7
1310464321 7
1310464381 6
1310464441 6
1310464501 6
1310464561 6
1310464621 6
1310464681 6
1310464741 7
1310464801 7
1310464861 7
1310464921 7
1310464981 7
1310465041 7
1310465101 7
1310465161 7
1310465221 7
1310465281 7
1310465341 7
1310465401 7
1310465461 6
1310465521 6
1310465581 6
1310465641 6
1310465701 6
1310465761 7
1310465821 7
1310465881 7
1310465941 7
1310466001 7
1310466061 7
1310466121 7
1310466181 7
1310466241 7
1310466301 7
1310466361 7
1310466421 6
1310466481 6
1310466541 6
1310466601 6
1310466661 6
1310466722 6
1310466781 6
1310466841 6
1310466901 6
1310466961 6
1310467021 6
1310467081 6
1310467141 5
1310467201 5
1310467261 5
1310467321 5
1310467381 5
1310467441 5
1310467501 5
1310467561 5
1310467621 5
1310467681 5
1310467741 5
1310467801 5
1310467861 5
1310467921 6
1310467981 6
1310468041 6
1310468101 6
1310468161 6
1310468221 6
1310468281 6
1310468341 6
1310468401 6
1310468461 6
1310468521 7
1310468581 8
1310468641 8
1310468701 10
1310468761 10
1310468821 10
1310468881 10
1310468941 10
1310469001 10
1310469061 7
1310469121 7
1310469181 7
1310469241 7
1310469301 7
1310469361 7
1310469421 7
1310469481 7
1310469541 7
1310469601 7
1310469661 7
1310469721 7
1310469781 7
1310469841 7
1310469901 7
1310469961 7
1310470021 7
1310470081 6
1310470141 6
1310470201 6
1310470261 6
1310470321 7
1310470381 7
1310470441 7
1310470501 7
1310470561 7
1310470621 7
1310470681 7
1310470741 7
1310470801 7
1310470861 7
1310470921 7
1310470981 7
1310471041 7
1310471101 7
1310471161 7
1310471221 7
1310471281 7
1310471341 7
1310471401 7
1310471461 6
1310471521 6
1310471581 6
1310471641 6
1310471701 6
1310471761 7
1310471821 7
1310471881 8
1310471941 8
1310472001 8
1310472061 8
1310472121 8
1310472181 8
1310472241 8
1310472301 9
1310472361 9
1310472421 9
1310472481 9
1310472541 9
1310472601 9
1310472661 9
1310472721 9
1310472781 9
1310472841 9
1310472901 8
1310472961 8
1310473022 8
1310473081 8
1310473141 8
1310473201 8
1310473261 8
1310473321 8
1310473381 8
1310473441 8
1310473501 7
1310473561 8
1310473621 8
1310473681 8
1310473741 8
1310473801 8
1310473861 8
1310473921 7
1310473981 7
1310474041 7
1310474101 7
1310474161 7
1310474221 7
1310474281 8
1310474341 8
1310474401 8
1310474461 8
1310474521 8
1310474581 7
1310474641 7
1310474701 7
1310474761 7
1310474821 7
1310474881 7
1310474941 7
1310475001 7
1310475061 7
1310475121 7
1310475181 7
1310475241 7
1310475301 8
1310475361 8
1310475421 9
1310475481 9
1310475541 9
1310475601 9
1310475661 9
1310475721 9
1310475781 9
1310475841 9
1310475901 9
1310475961 9
1310476021 10
1310476081 10
1310476141 10
1310476201 10
1310476261 10
1310476321 10
1310476381 10
1310476441 10
1310476501 10
1310476561 10
1310476621 10
1310476681 10
1310476741 7
1310476801 8
1310476861 10
1310476921 10
1310476981 11
1310477041 12
1310477101 12
1310477161 12
1310477221 12
1310477281 8
1310477341 8
1310477401 10
1310477461 11
1310477521 11
1310477581 11
1310477641 11
1310477701 11
1310477761 10
1310477821 10
1310477881 10
1310477941 10
1310478001 10
1310478061 10
1310478121 8
1310478181 8
1310478241 8
1310478301 8
1310478361 8
1310478421 8
1310478481 8
1310478541 8
1310478601 8
1310478661 8
1310478721 8
1310478781 8
1310478841 8
1310478901 8
1310478961 8
1310479021 8
1310479081 8
1310479141 8
1310479201 9
1310479261 9
1310479321 9
1310479381 9
1310479441 9
1310479501 10
1310479561 10
1310479621 10
1310479681 10
1310479741 10
1310479801 10
1310479861 10
1310479921 10
1310479981 10
1310480041 10
1310480101 10
1310480161 10
1310480221 8
1310480281 8
1310480341 8
1310480401 8
1310480461 8
1310480521 8
1310480581 8
1310480641 6
1310480701 6
1310480761 6
1310480821 6
1310480881 6
1310480941 6
1310481001 6
1310481061 6
1310481121 6
1310481181 6
1310481241 6
1310481301 6
1310481361 6
1310481421 6
1310481481 7
1310481541 7
1310481601 7
1310481661 8
1310481721 8
1310481781 8
1310481841 8
1310481901 8
1310481961 8
1310482021 8
1310482081 8
1310482141 10
1310482201 10
1310482261 11
1310482321 12
1310482381 13
1310482441 13
1310482501 13
1310482561 14
1310482621 14
1310482681 14
1310482741 14
1310482801 14
1310482861 9
1310482921 9
1310482981 10
1310483041 10
1310483101 10
1310483161 10
1310483221 10
1310483281 11
1310483341 11
1310483401 11
1310483461 11
1310483521 12
1310483581 12
1310483641 13
1310483701 13
1310483761 13
1310483821 13
1310483881 8
1310483941 10
1310484001 10
1310484061 12
1310484121 12
1310484181 12
1310484241 12
1310484301 13
1310484361 13
1310484421 13
1310484481 13
1310484541 13
1310484601 13
1310484661 12
1310484721 12
1310484781 13
1310484841 13
1310484901 14
1310484961 14
1310485021 14
1310485081 17
1310485141 17
1310485201 17
1310485261 17
1310485321 15
1310485381 16
1310485441 16
1310485501 16
1310485561 16
1310485621 13
1310485681 13
1310485741 13
1310485801 13
1310485861 10
1310485922 11
1310485981 12
1310486041 14
1310486101 14
1310486161 14
1310486221 14
1310486281 14
1310486341 14
1310486401 14
