1316707261 185
1316707321 181
1316707381 174
1316707441 175
1316707501 184
1316707561 186
1316707621 188
1316707681 183
1316707741 177
1316707801 180
1316707861 177
1316707921 182
1316707981 176
1316708041 175
1316708101 178
1316708161 172
1316708221 172
1316708281 172
1316708341 165
1316708401 179
1316708461 169
1316708521 174
1316708581 173
1316708641 164
1316708702 172
1316708761 166
1316708821 164
1316708881 156
1316708941 157
1316709001 158
1316709061 149
1316709121 162
1316709181 156
1316709241 152
1316709301 155
1316709361 157
1316709421 159
1316709481 155
1316709541 148
1316709601 150
1316709661 151
1316709721 148
1316709781 149
1316709841 150
1316709902 152
1316709961 151
1316710021 147
1316710081 151
1316710141 151
1316710201 155
1316710261 154
1316710321 156
1316710381 161
1316710441 161
1316710501 160
1316710561 163
1316710621 163
1316710681 159
1316710741 159
1316710801 160
1316710861 153
1316710921 143
1316710981 146
1316711041 149
1316711101 138
1316711161 134
1316711222 133
1316711282 141
1316711341 136
1316711401 137
1316711461 132
1316711521 134
1316711581 134
1316711641 129
1316711701 132
1316711761 130
1316711821 135
1316711881 140
1316711941 136
1316712001 140
1316712061 137
1316712121 135
1316712181 133
1316712241 130
1316712301 131
1316712361 130
1316712421 128
1316712481 133
1316712541 126
1316712601 128
1316712661 123
1316712721 120
1316712781 128
1316712841 116
1316712901 117
1316712961 116
1316713021 117
1316713081 118
1316713141 121
1316713201 113
1316713261 110
1316713321 107
1316713381 112
1316713441 114
1316713501 111
1316713561 111
1316713621 108
1316713681 118
1316713741 115
1316713801 111
1316713861 115
1316713921 110
1316713981 109
1316714042 111
1316714101 102
1316714161 99
1316714221 94
1316714281 98
1316714341 94
1316714401 99
1316714461 98
1316714521 99
1316714581 102
1316714641 107
1316714701 102
1316714761 106
1316714821 102
1316714881 108
1316714941 99
1316715001 95
1316715061 95
1316715121 93
1316715182 97
1316715241 95
1316715301 89
1316715361 89
1316715421 90
1316715481 91
1316715541 92
1316715601 92
1316715661 95
1316715721 96
1316715781 87
1316715841 90
1316715901 83
1316715961 85
1316716021 85
1316716081 83
1316716141 85
1316716201 83
1316716261 81
1316716321 80
1316716381 84
1316716441 88
1316716501 86
1316716561 81
1316716621 81
1316716681 81
1316716741 82
1316716801 85
1316716861 88
1316716921 89
1316716981 81
1316717041 86
1316717101 90
1316717161 81
1316717221 82
1316717281 79
1316717341 83
1316717401 82
1316717461 78
1316717522 80
1316717582 83
1316717641 79
1316717701 76
1316717761 78
1316717821 79
1316717881 83
1316717941 74
1316718001 73
1316718061 67
1316718121 67
1316718182 69
1316718242 68
1316718301 71
1316718361 72
1316718421 72
1316718481 76
1316718541 78
1316718601 80
1316718661 80
1316718721 81
1316718781 61
1316718841 64
1316718902 66
1316718961 65
1316719021 64
1316719081 66
1316719141 71
1316719201 74
1316719261 75
1316719321 75
1316719381 78
1316719441 80
1316719501 84
1316719561 85
1316719621 60
1316719681 63
1316719741 65
1316719801 63
1316719861 64
1316719922 60
1316719981 63
1316720041 66
1316720101 68
1316720161 66
1316720221 64
1316720281 65
1316720341 67
1316720401 71
1316720461 72
1316720521 72
1316720581 75
1316720641 78
1316720701 81
1316720761 82
1316720821 82
1316720881 83
1316720941 58
1316721001 56
1316721061 60
1316721121 61
1316721181 63
1316721241 61
1316721301 67
1316721361 69
1316721422 70
1316721482 72
1316721541 75
1316721601 78
1316721661 78
1316721721 54
1316721782 57
1316721841 60
1316721901 57
1316721961 54
1316722021 54
1316722081 52
1316722141 54
1316722201 57
1316722261 58
1316722323 54
1316722381 56
1316722441 58
1316722501 62
1316722561 56
1316722621 54
1316722681 56
1316722741 58
1316722801 63
1316722861 65
1316722921 65
1316722981 56
1316723041 60
1316723101 64
1316723161 65
1316723221 66
1316723281 67
1316723341 68
1316723401 71
1316723461 72
1316723521 73
1316723581 74
1316723641 75
1316723702 79
1316723761 79
1316723821 54
1316723881 56
1316723941 57
1316724001 64
1316724061 65
1316724121 66
1316724181 67
1316724241 69
1316724301 71
1316724361 71
1316724421 72
1316724481 53
1316724542 54
1316724601 57
1316724661 58
1316724721 60
1316724781 62
1316724841 63
1316724901 68
1316724961 69
1316725021 70
1316725081 71
1316725141 71
1316725201 72
1316725261 73
1316725321 74
1316725381 54
1316725441 56
1316725501 62
1316725561 63
1316725621 64
1316725681 65
1316725741 67
1316725801 58
1316725794 58
1316725801 58
1316725861 60
1316725921 60
1316725981 62
1316726041 62
1316726101 67
1316726161 68
1316726221 68
1316726281 70
1316726341 72
1316726401 74
1316726462 75
1316726521 75
1316726581 53
1316726641 56
1316726701 62
1316726761 62
1316726821 62
1316726881 64
1316726941 65
1316727001 68
1316727061 70
1316727121 70
1316727181 53
1316727241 55
1316727301 58
1316727361 60
1316727421 60
1316727481 61
1316727541 61
1316727601 63
1316727661 64
1316727722 64
1316727781 66
1316727841 67
1316727901 72
1316727961 73
1316728021 73
1316728081 73
1316728141 74
1316728201 77
1316728261 78
1316728321 78
1316728381 79
1316728441 80
1316728501 50
1316728561 51
1316728621 50
1316728681 52
1316728741 54
1316728801 57
1316728861 57
1316728921 57
1316728981 58
1316729041 60
1316729101 64
1316729161 66
1316729221 66
1316729281 67
1316729341 47
1316729401 54
1316729461 56
1316729521 56
1316729581 57
1316729641 54
1316729701 58
1316729761 60
1316729821 60
1316729881 62
1316729941 63
1316730001 55
1316730061 58
1316730121 58
1316730181 60
1316730242 51
1316730301 56
1316730361 55
1316730421 55
1316730481 56
1316730541 57
1316730602 62
1316730661 59
1316730721 59
1316730781 60
1316730841 61
1316730901 65
1316730961 66
1316731021 66
1316731081 68
1316731141 69
1316731201 71
1316731261 71
1316731321 71
1316731381 72
1316731442 72
1316731501 75
1316731561 75
1316731621 47
1316731681 50
1316731741 50
1316731801 54
1316731861 51
1316731921 50
1316731981 52
1316732041 52
1316732101 57
1316732161 58
1316732221 51
1316732281 52
1316732341 48
1316732401 52
1316732461 52
1316732521 53
1316732581 54
1316732641 54
1316732701 47
1316732761 48
1316732821 49
1316732881 51
1316732941 49
1316733001 53
1316733061 56
1316733121 52
1316733181 53
1316733241 53
1316733301 54
1316733361 54
1316733421 55
1316733481 56
1316733541 53
1316733601 57
1316733661 56
1316733721 56
1316733781 55
1316733841 52
1316733901 57
1316733961 56
1316734021 58
1316734081 59
1316734141 59
1316734201 64
1316734261 60
1316734321 61
1316734381 61
1316734441 56
1316734501 61
1316734561 56
1316734621 63
1316734681 59
1316734741 58
1316734801 63
1316734861 62
1316734921 63
1316734981 61
1316735041 53
1316735101 57
1316735161 58
1316735221 57
1316735281 57
1316735341 57
1316735401 60
1316735461 63
1316735521 59
1316735581 57
1316735641 56
1316735701 59
1316735761 58
1316735821 52
1316735881 52
1316735941 53
1316736001 57
1316736061 60
1316736121 61
1316736181 56
1316736241 58
1316736301 62
1316736361 62
1316736421 64
1316736481 67
1316736541 68
1316736601 70
1316736661 72
1316736721 68
1316736781 74
1316736841 71
1316736901 72
1316736961 71
1316737021 75
1316737081 76
1316737141 76
1316737201 77
1316737261 80
1316737321 75
1316737381 75
1316737441 74
1316737501 75
1316737562 74
1316737621 73
1316737681 70
1316737741 73
1316737801 74
1316737861 71
1316737921 74
1316737981 82
1316738041 84
1316738101 91
1316738161 92
1316738221 93
1316738281 95
1316738341 95
1316738401 93
1316738461 96
1316738521 94
1316738581 100
1316738641 99
1316738701 103
1316738761 98
1316738821 100
1316738881 97
1316738941 95
1316739001 94
1316739061 92
1316739121 94
1316739181 95
1316739241 93
1316739301 100
1316739362 102
1316739422 96
1316739481 98
1316739541 92
1316739601 96
1316739661 92
1316739721 93
1316739781 92
1316739841 93
1316739901 95
1316739961 96
1316740021 94
1316740081 98
1316740141 99
1316740201 97
1316740261 101
1316740321 95
1316740381 106
1316740441 107
1316740501 118
1316740561 125
1316740621 132
1316740681 136
1316740741 135
1316740801 139
1316740861 143
1316740921 146
1316740981 161
1316741041 164
1316741101 169
1316741161 169
1316741221 167
1316741281 172
1316741341 171
1316741401 174
1316741461 181
1316741521 175
1316741581 178
1316741641 171
1316741701 176
1316741761 181
1316741821 172
1316741882 174
1316741941 178
1316742001 173
1316742061 170
1316742121 162
1316742181 164
1316742241 166
1316742301 165
1316742361 166
1316742421 159
1316742481 159
1316742541 160
1316742601 165
1316742661 173
1316742721 167
1316742781 164
1316742841 165
1316742902 164
1316742961 164
1316743021 157
1316743081 150
1316743141 143
1316743201 139
1316743261 138
1316743321 139
1316743381 138
1316743441 135
1316743502 138
1316743561 142
1316743621 137
1316743681 136
1316743741 134
1316743801 138
1316743861 141
1316743921 144
1316743981 132
1316744041 133
1316744101 132
1316744161 132
1316744221 131
1316744281 133
1316744341 132
1316744401 132
1316744462 141
1316744521 139
1316744581 143
1316744641 140
1316744702 143
1316744761 150
1316744821 141
1316744881 146
1316744941 148
1316745001 150
1316745062 153
1316745121 155
1316745181 155
1316745242 158
1316745302 159
1316745361 163
1316745421 155
1316745481 152
1316745541 153
1316745601 155
1316745661 156
1316745722 155
1316745781 153
1316745841 155
1316745902 154
1316745961 161
1316746022 163
1316746082 157
1316746141 158
1316746201 156
1316746262 157
1316746322 153
1316746382 156
1316746441 158
1316746501 154
1316746561 159
1316746621 156
1316746681 155
1316746741 158
1316746801 154
1316746861 157
1316746921 158
1316746982 157
1316747041 160
1316747101 159
1316747161 168
1316747221 164
1316747281 162
1316747341 162
1316747401 161
1316747461 167
1316747521 159
1316747581 164
1316747641 161
1316747702 160
1316747761 165
1316747821 163
1316747881 162
1316747941 165
1316748001 168
1316748061 160
1316748122 159
1316748181 162
1316748241 160
1316748301 160
1316748361 164
1316748421 156
1316748481 152
1316748541 156
1316748601 154
1316748661 160
1316748721 152
1316748781 149
1316748841 147
1316748901 150
1316748961 151
1316749021 149
1316749081 153
1316749141 159
1316749201 155
1316749261 160
1316749321 159
1316749381 160
1316749441 158
1316749501 159
1316749561 159
1316749621 153
1316749681 155
1316749741 150
1316749801 149
1316749861 152
1316749921 155
1316749981 153
1316750042 159
1316750101 164
1316750161 166
1316750221 162
1316750281 162
1316750341 161
1316750401 156
1316750462 155
1316750521 158
1316750581 153
1316750641 149
1316750701 150
1316750761 150
1316750821 141
1316750881 142
1316750941 143
1316751001 147
1316751061 148
1316751121 132
1316751181 128
1316751241 127
1316751301 124
1316751361 127
1316751421 131
1316751481 134
1316751541 133
1316751602 131
1316751661 130
1316751721 127
1316751781 127
1316751841 134
1316751901 134
1316751961 136
1316752021 144
1316752081 142
1316752141 144
1316752201 147
1316752261 143
1316752321 141
1316752381 134
1316752441 142
1316752501 144
1316752561 146
1316752621 149
1316752681 145
1316752741 154
1316752802 151
1316752861 150
1316752921 160
1316752981 151
1316753041 156
1316753101 154
1316753162 158
1316753221 146
1316753281 139
1316753342 145
1316753401 147
1316753461 153
1316753521 159
1316753581 156
1316753641 157
1316753701 155
1316753761 160
1316753821 148
1316753881 141
1316753941 145
1316754001 144
1316754061 144
1316754121 146
1316754181 149
1316754241 153
1316754301 152
1316754361 157
1316754421 152
1316754481 155
1316754541 151
1316754601 152
1316754661 157
1316754721 160
1316754781 161
1316754841 156
1316754901 155
1316754961 152
1316755021 153
1316755081 152
1316755141 156
1316755201 157
1316755261 161
1316755321 154
1316755381 151
1316755441 150
1316755501 154
1316755561 158
1316755621 156
1316755681 168
1316755741 173
1316755801 176
1316755861 177
1316755921 179
1316755981 183
1316756041 183
1316756101 176
1316756161 181
1316756221 180
1316756281 185
1316756341 190
1316756401 188
1316756461 182
1316756521 184
1316756581 182
1316756641 185
1316756701 182
1316756761 183
1316756822 179
1316756881 179
1316756941 185
1316757001 180
1316757061 173
1316757121 171
1316757181 171
1316757241 177
1316757301 174
1316757361 172
1316757421 170
1316757481 166
1316757541 163
1316757601 166
1316757661 171
1316757721 166
1316757782 167
1316757842 172
1316757901 168
1316757961 174
1316758021 168
1316758081 171
1316758141 168
1316758201 168
1316758261 167
1316758321 163
1316758381 167
1316758441 166
1316758501 169
1316758561 175
1316758621 176
1316758681 175
1316758741 175
1316758801 176
1316758861 173
1316758921 176
1316758981 173
1316759041 173
1316759101 174
1316759161 170
1316759221 173
1316759281 168
1316759341 169
1316759401 165
1316759461 168
1316759521 170
1316759581 173
1316759641 164
1316759701 164
1316759761 171
1316759821 163
1316759881 169
1316759941 167
1316760001 168
1316760061 173
1316760121 170
1316760181 175
1316760241 176
1316760301 172
1316760361 169
1316760421 171
1316760481 166
1316760541 169
1316760601 166
1316760661 167
1316760721 168
1316760781 168
1316760841 171
1316760901 154
1316760961 152
1316761021 150
1316761081 153
1316761141 145
1316761201 140
1316761261 142
1316761322 140
1316761381 146
1316761441 144
1316761501 147
1316761561 152
1316761621 150
1316761681 155
1316761741 162
1316761801 163
1316761861 164
1316761921 169
1316761982 168
1316762041 171
1316762101 167
1316762161 164
1316762221 164
1316762281 164
1316762341 164
1316762401 158
1316762461 158
1316762521 158
1316762581 159
1316762641 159
1316762701 161
1316762761 156
1316762821 155
1316762881 159
1316762941 159
1316763001 153
1316763061 159
1316763122 159
1316763182 155
1316763242 149
1316763301 152
1316763361 160
1316763421 157
1316763481 153
1316763541 152
1316763601 151
1316763661 153
1316763721 159
1316763781 153
1316763841 155
1316763901 154
1316763961 152
1316764021 153
1316764081 143
1316764141 143
1316764201 147
1316764261 148
1316764321 147
1316764381 147
1316764441 148
1316764501 142
1316764561 139
1316764621 140
1316764681 136
1316764741 129
1316764801 123
1316764861 115
1316764921 117
1316764981 113
1316765041 113
1316765101 108
1316765161 109
1316765221 108
1316765281 109
1316765341 110
1316765401 114
1316765461 120
1316765521 124
1316765581 127
1316765641 124
1316765701 124
1316765761 129
1316765821 133
1316765881 131
1316765941 133
1316766001 130
1316766061 132
1316766121 134
1316766181 132
1316766241 132
1316766301 132
1316766362 142
1316766421 138
1316766481 135
1316766541 134
1316766601 136
1316766661 136
1316766721 136
1316766781 139
1316766841 146
1316766901 135
1316766961 137
1316767021 139
1316767081 135
1316767141 135
1316767201 135
1316767261 134
1316767321 128
1316767382 122
1316767441 125
1316767502 125
1316767561 121
1316767621 123
1316767681 130
1316767742 128
1316767802 127
1316767861 127
1316767921 132
1316767981 132
1316768041 126
1316768101 122
1316768161 122
1316768222 120
1316768282 121
1316768341 115
1316768403 118
1316768461 115
1316768521 112
1316768581 117
1316768641 112
1316768701 115
1316768761 121
1316768821 122
1316768881 123
1316768941 127
1316769001 126
1316769061 119
1316769121 118
1316769181 118
1316769241 121
1316769301 110
1316769361 116
1316769421 119
1316769481 112
1316769541 117
1316769601 119
1316769661 117
1316769721 119
1316769781 119
1316769841 123
1316769901 115
1316769961 120
1316770021 112
1316770081 106
1316770141 110
1316770201 108
1316770261 112
1316770321 112
1316770381 114
1316770441 119
1316770501 123
1316770561 123
1316770621 120
1316770681 125
1316770741 123
1316770801 125
1316770861 123
1316770921 120
1316770981 117
1316771041 117
1316771101 116
1316771161 107
1316771221 111
1316771281 113
1316771341 115
1316771401 113
1316771461 116
1316771521 121
1316771581 116
1316771641 122
1316771701 112
1316771761 118
1316771821 118
1316771881 111
1316771941 111
1316772001 113
1316772061 120
1316772121 117
1316772181 115
1316772241 117
1316772301 118
1316772361 115
1316772421 119
1316772481 115
1316772541 117
1316772601 114
1316772661 120
1316772721 110
1316772781 118
1316772841 119
1316772901 120
1316772961 113
1316773021 117
1316773081 117
1316773141 119
1316773201 109
1316773261 111
1316773321 108
1316773381 106
1316773441 105
1316773501 102
1316773561 105
1316773621 107
1316773681 107
1316773741 100
1316773801 102
1316773861 98
1316773921 102
1316773981 96
1316774042 97
1316774102 99
1316774161 90
1316774221 86
1316774281 90
1316774341 87
1316774401 91
1316774461 94
1316774521 95
1316774581 96
1316774641 93
1316774701 97
1316774761 101
1316774821 91
1316774881 89
1316774941 89
1316775001 90
1316775061 87
1316775121 85
1316775181 90
1316775241 91
1316775301 89
1316775361 90
1316775421 88
1316775481 87
1316775541 82
1316775601 85
1316775661 87
1316775721 90
1316775781 82
1316775841 86
1316775901 82
1316775961 84
1316776021 87
1316776081 85
1316776142 90
1316776201 88
1316776261 89
1316776321 89
1316776381 90
1316776441 88
1316776501 82
1316776562 84
1316776621 81
1316776681 87
1316776741 91
1316776801 85
1316776862 85
1316776922 84
1316776981 88
1316777041 89
1316777101 87
1316777161 88
1316777221 89
1316777281 91
1316777342 89
1316777401 88
1316777461 92
1316777521 89
1316777581 90
1316777642 92
1316777702 88
1316777761 91
1316777821 93
1316777881 97
1316777941 101
1316778001 91
1316778061 91
1316778121 95
1316778181 95
1316778241 99
1316778302 96
1316778361 90
1316778421 95
1316778481 97
1316778541 101
1316778601 97
1316778661 97
1316778721 102
1316778781 104
1316778841 106
1316778901 104
1316778961 106
1316779021 105
1316779081 108
1316779141 106
1316779202 108
1316779261 102
1316779321 104
1316779381 103
1316779441 103
1316779501 104
1316779561 104
1316779621 107
1316779681 111
1316779741 106
1316779801 103
1316779861 100
1316779921 106
1316779981 109
1316780041 109
1316780101 108
1316780162 108
1316780222 107
1316780281 108
1316780341 106
1316780401 114
1316780461 105
1316780521 107
1316780581 102
1316780641 105
1316780701 107
1316780761 106
1316780821 110
1316780881 110
1316780941 105
1316781001 108
1316781061 110
1316781122 114
1316781181 116
1316781241 117
1316781301 119
1316781361 114
1316781421 115
1316781481 115
1316781541 117
1316781601 109
1316781661 99
1316781721 103
1316781781 109
1316781841 98
1316781901 103
1316781961 104
1316782021 106
1316782081 110
1316782141 105
1316782201 106
1316782261 111
1316782321 105
1316782381 102
1316782441 106
1316782501 107
1316782561 103
1316782622 103
1316782682 105
1316782741 106
1316782801 103
1316782861 104
1316782921 104
1316782981 106
1316783041 113
1316783101 109
1316783161 107
1316783221 111
1316783281 109
1316783341 100
1316783401 103
1316783461 95
1316783521 101
1316783581 104
1316783642 105
1316783701 105
1316783763 100
1316783821 102
1316783881 110
1316783941 107
1316784001 106
1316784061 106
1316784121 107
1316784181 111
1316784241 105
1316784301 103
1316784361 108
1316784421 108
1316784481 109
1316784541 113
1316784601 108
1316784661 108
1316784721 108
1316784781 108
1316784841 105
1316784901 106
1316784961 107
1316785021 112
1316785081 110
1316785141 111
1316785201 99
1316785261 98
1316785321 98
1316785381 104
1316785442 100
1316785501 101
1316785561 98
1316785621 104
1316785681 106
1316785741 103
1316785801 103
1316785861 98
1316785921 105
1316785981 103
1316786041 102
1316786101 95
1316786161 99
1316786221 103
1316786281 102
1316786341 104
1316786402 101
1316786462 101
1316786521 104
1316786581 102
1316786641 99
1316786701 98
1316786761 89
1316786821 95
1316786881 94
1316786941 98
1316787001 95
1316787061 100
1316787121 100
1316787181 101
1316787241 107
1316787301 95
1316787361 98
1316787421 97
1316787481 102
1316787541 102
1316787601 95
1316787661 100
1316787721 104
1316787781 109
1316787841 113
1316787901 106
1316787961 109
1316788021 112
1316788081 110
1316788141 116
1316788201 109
1316788261 113
1316788321 114
1316788381 117
1316788441 116
1316788501 104
1316788561 108
1316788621 112
1316788681 101
1316788741 103
1316788801 106
1316788861 107
1316788921 106
1316788981 112
1316789041 104
1316789101 104
1316789161 103
1316789221 105
1316789281 102
1316789341 112
1316789401 115
1316789461 116
1316789521 120
1316789581 113
1316789641 119
1316789701 115
1316789761 113
1316789821 115
1316789881 108
1316789941 112
1316790001 109
1316790061 108
1316790121 111
1316790181 115
1316790241 117
1316790301 111
1316790362 111
1316790421 112
1316790481 115
1316790541 110
1316790601 106
1316790661 110
1316790721 114
1316790781 115
1316790841 114
1316790901 108
1316790961 110
1316791021 112
1316791081 108
1316791141 114
1316791201 110
1316791261 112
1316791321 108
1316791381 113
1316791441 116
1316791501 108
1316791561 109
1316791621 103
1316791681 111
1316791741 106
1316791801 103
1316791861 100
1316791921 103
1316791981 106
1316792041 100
1316792101 98
1316792161 103
1316792221 102
1316792281 106
1316792341 107
1316792401 102
1316792461 105
1316792521 104
1316792581 107
1316792641 107
1316792701 105
1316792761 105
1316792821 109
1316792881 111
1316792941 112
1316793001 104
1316793061 108
1316793121 107
1316793181 108
1316793241 112
1316793301 108
1316793361 110
1316793421 117
1316793481 119
1316793541 120
1316793601 118
