1315584061 7
1315584121 7
1315584181 7
1315584241 7
1315584301 6
1315584361 6
1315584421 6
1315584481 6
1315584541 6
1315584601 6
1315584661 6
1315584721 5
1315584781 5
1315584841 6
1315584901 6
1315584961 6
1315585021 6
1315585081 6
1315585142 7
1315585201 7
1315585261 6
1315585321 7
1315585381 7
1315585441 9
1315585501 9
1315585561 9
1315585622 9
1315585681 9
1315585741 10
1315585801 6
1315585861 7
1315585921 7
1315585981 7
1315586041 5
1315586101 5
1315586161 5
1315586221 5
1315586281 6
1315586341 8
1315586401 8
1315586461 8
1315586521 8
1315586581 8
1315586641 9
1315586701 9
1315586761 9
1315586821 9
1315586881 9
1315586941 10
1315587001 10
1315587061 7
1315587121 8
1315587181 8
1315587241 8
1315587301 8
1315587361 8
1315587421 8
1315587481 8
1315587541 8
1315587601 8
1315587661 8
1315587721 8
1315587781 8
1315587841 9
1315587901 9
1315587961 9
1315588021 9
1315588081 9
1315588141 9
1315588201 9
1315588261 9
1315588321 9
1315588381 9
1315588441 10
1315588501 10
1315588561 10
1315588621 10
1315588681 10
1315588741 10
1315588801 10
1315588861 10
1315588921 10
1315588981 10
1315589041 10
1315589102 10
1315589161 10
1315589221 10
1315589281 10
1315589341 10
1315589401 10
1315589461 10
1315589521 10
1315589581 10
1315589641 6
1315589701 6
1315589761 6
1315589821 6
1315589881 6
1315589941 7
1315590001 6
1315590061 6
1315590121 6
1315590181 6
1315590241 7
1315590301 7
1315590361 7
1315590421 7
1315590481 7
1315590541 8
1315590601 8
1315590661 8
1315590721 8
1315590781 8
1315590841 9
1315590901 9
1315590961 9
1315591021 9
1315591081 9
1315591141 10
1315591201 4
1315591261 4
1315591321 4
1315591381 4
1315591441 4
1315591501 4
1315591561 5
1315591621 5
1315591681 5
1315591741 6
1315591801 5
1315591861 6
1315591921 6
1315591981 6
1315592041 7
1315592101 7
1315592161 7
1315592221 7
1315592281 7
1315592341 5
1315592401 5
1315592461 5
1315592521 5
1315592581 5
1315592641 6
1315592701 6
1315592761 6
1315592821 6
1315592881 6
1315592941 6
1315593001 6
1315593061 6
1315593121 6
1315593181 6
1315593241 6
1315593301 6
1315593361 6
1315593421 6
1315593481 6
1315593541 6
1315593601 6
1315593661 6
1315593721 6
1315593781 6
1315593842 6
1315593901 6
1315593961 6
1315594021 6
1315594081 6
1315594141 7
1315594201 7
1315594261 7
1315594321 7
1315594381 7
1315594441 7
1315594501 7
1315594561 7
1315594621 7
1315594681 7
1315594741 7
1315594801 7
1315594861 7
1315594921 7
1315594981 7
1315595041 8
1315595101 8
1315595161 8
1315595221 8
1315595281 8
1315595341 8
1315595401 8
1315595462 8
1315595521 8
1315595582 8
1315595641 8
1315595701 8
1315595761 8
1315595821 8
1315595881 8
1315595941 8
1315596001 8
1315596061 8
1315596121 4
1315596181 4
1315596241 5
1315596301 5
1315596361 5
1315596421 6
1315596481 6
1315596541 7
1315596601 7
1315596661 7
1315596721 7
1315596781 7
1315596841 7
1315596901 6
1315596961 6
1315597021 6
1315597081 6
1315597141 7
1315597201 7
1315597261 7
1315597321 7
1315597381 7
1315597441 7
1315597501 7
1315597561 7
1315597621 7
1315597681 7
1315597741 8
1315597801 8
1315597861 8
1315597921 8
1315597981 8
1315598041 8
1315598101 8
1315598161 8
1315598221 8
1315598281 8
1315598341 8
1315598401 8
1315598461 8
1315598521 8
1315598581 8
1315598641 8
1315598701 8
1315598761 8
1315598822 4
1315598882 4
1315598941 5
1315599002 5
1315599061 5
1315599121 5
1315599181 5
1315599242 5
1315599301 5
1315599361 5
1315599422 5
1315599481 5
1315599541 5
1315599601 5
1315599661 5
1315599722 5
1315599781 5
1315599841 5
1315599901 5
1315599961 5
1315600021 5
1315600081 5
1315600141 6
1315600201 6
1315600261 6
1315600321 6
1315600381 6
1315600441 6
1315600501 6
1315600561 6
1315600621 6
1315600681 6
1315600741 7
1315600801 7
1315600861 7
1315600921 7
1315600981 7
1315601041 8
1315601101 8
1315601161 8
1315601221 8
1315601281 8
1315601341 8
1315601401 8
1315601461 8
1315601521 8
1315601581 8
1315601641 8
1315601701 8
1315601761 8
1315601821 8
1315601881 8
1315601941 8
1315602001 8
1315602061 8
1315602121 8
1315602181 8
1315602241 8
1315602301 8
1315602361 8
1315602421 8
1315602481 8
1315602541 8
1315602601 8
1315602594 8
1315602601 8
1315602661 8
1315602721 8
1315602781 8
1315602841 8
1315602901 8
1315602961 8
1315603021 8
1315603081 8
1315603141 8
1315603201 8
1315603261 8
1315603321 8
1315603381 8
1315603441 8
1315603501 8
1315603561 8
1315603621 8
1315603682 8
1315603741 9
1315603801 9
1315603861 9
1315603921 9
1315603981 9
1315604041 9
1315604101 9
1315604161 9
1315604221 9
1315604281 9
1315604341 9
1315604401 9
1315604461 9
1315604521 9
1315604581 9
1315604641 9
1315604701 9
1315604761 9
1315604821 9
1315604881 9
1315604941 9
1315605001 9
1315605061 9
1315605121 9
1315605181 9
1315605241 9
1315605301 9
1315605361 9
1315605421 9
1315605481 9
1315605541 9
1315605601 9
1315605661 9
1315605721 9
1315605781 9
1315605841 9
1315605901 9
1315605962 9
1315606021 9
1315606081 9
1315606141 9
1315606201 9
1315606261 9
1315606321 9
1315606381 9
1315606441 9
1315606501 9
1315606561 9
1315606621 9
1315606681 9
1315606741 9
1315606801 9
1315606861 9
1315606921 9
1315606981 9
1315607041 9
1315607101 9
1315607161 9
1315607221 9
1315607281 9
1315607341 9
1315607401 4
1315607461 4
1315607521 4
1315607581 4
1315607642 5
1315607701 5
1315607761 5
1315607821 5
1315607881 5
1315607941 5
1315608001 5
1315608061 5
1315608121 5
1315608181 5
1315608241 5
1315608301 5
1315608361 5
1315608421 5
1315608481 5
1315608541 5
1315608601 6
1315608661 6
1315608721 6
1315608781 6
1315608841 6
1315608901 6
1315608961 6
1315609021 6
1315609081 6
1315609141 6
1315609201 7
1315609261 7
1315609321 7
1315609381 7
1315609441 7
1315609501 7
1315609561 7
1315609621 7
1315609681 7
1315609741 7
1315609801 7
1315609861 7
1315609921 7
1315609981 7
1315610041 7
1315610101 7
1315610161 7
1315610221 7
1315610281 7
1315610341 7
1315610401 7
1315610461 7
1315610521 7
1315610581 7
1315610641 7
1315610701 7
1315610761 7
1315610821 7
1315610881 3
1315610941 4
1315611001 5
1315611061 5
1315611121 5
1315611181 5
1315611241 5
1315611301 6
1315611361 6
1315611421 6
1315611481 6
1315611541 6
1315611601 7
1315611661 7
1315611721 7
1315611781 7
1315611842 7
1315611901 7
1315611961 7
1315612021 7
1315612081 7
1315612141 7
1315612201 7
1315612261 7
1315612321 3
1315612381 3
1315612441 3
1315612501 4
1315612561 4
1315612621 4
1315612681 4
1315612741 4
1315612801 4
1315612861 4
1315612921 4
1315612981 4
1315613041 4
1315613101 5
1315613161 5
1315613221 5
1315613281 5
1315613341 5
1315613401 5
1315613461 5
1315613521 4
1315613581 4
1315613641 5
1315613702 5
1315613762 5
1315613821 5
1315613881 5
1315613941 5
1315614001 6
1315614061 6
1315614121 6
1315614181 6
1315614241 6
1315614301 7
1315614361 7
1315614421 7
1315614481 5
1315614541 5
1315614601 5
1315614661 5
1315614721 5
1315614781 5
1315614841 5
1315614901 6
1315614961 6
1315615021 6
1315615081 6
1315615141 6
1315615201 7
1315615261 7
1315615321 7
1315615381 7
1315615441 7
1315615501 8
1315615561 4
1315615621 4
1315615681 4
1315615741 4
1315615802 4
1315615861 4
1315615921 5
1315615981 5
1315616041 5
1315616101 6
1315616161 6
1315616221 6
1315616281 6
1315616341 6
1315616401 6
1315616461 6
1315616521 6
1315616581 6
1315616641 6
1315616701 7
1315616761 7
1315616821 7
1315616881 7
1315616941 7
1315617001 8
1315617061 8
1315617121 8
1315617181 8
1315617241 8
1315617301 9
1315617361 5
1315617421 5
1315617481 5
1315617541 5
1315617601 5
1315617661 5
1315617721 5
1315617781 5
1315617841 5
1315617901 7
1315617961 7
1315618021 7
1315618081 8
1315618141 8
1315618201 8
1315618261 8
1315618321 7
1315618381 8
1315618441 8
1315618501 8
1315618561 8
1315618621 9
1315618681 9
1315618741 10
1315618801 10
1315618861 10
1315618921 10
1315618981 5
1315619041 5
1315619101 6
1315619161 6
1315619221 6
1315619281 6
1315619341 6
1315619401 6
1315619461 6
1315619521 5
1315619581 5
1315619641 5
1315619701 5
1315619761 5
1315619821 5
1315619881 5
1315619941 5
1315620001 5
1315620061 5
1315620121 5
1315620181 5
1315620241 5
1315620301 5
1315620361 5
1315620421 5
1315620481 5
1315620541 5
1315620601 5
1315620661 5
1315620721 5
1315620782 5
1315620841 5
1315620901 5
1315620961 5
1315621021 5
1315621081 5
1315621141 5
1315621201 5
1315621262 5
1315621321 5
1315621381 6
1315621441 6
1315621501 6
1315621561 6
1315621621 6
1315621681 6
1315621741 6
1315621801 6
1315621861 6
1315621921 5
1315621981 5
1315622041 5
1315622101 5
1315622161 5
1315622221 5
1315622281 5
1315622341 5
1315622401 5
1315622461 6
1315622521 8
1315622581 8
1315622641 9
1315622701 9
1315622761 10
1315622821 10
1315622881 10
1315622941 10
1315623001 10
1315623061 10
1315623121 10
1315623181 10
1315623241 10
1315623301 8
1315623361 8
1315623421 8
1315623481 8
1315623541 8
1315623602 8
1315623661 8
1315623721 8
1315623781 9
1315623841 9
1315623901 9
1315623961 8
1315624022 8
1315624081 7
1315624141 8
1315624201 8
1315624261 8
1315624321 8
1315624381 8
1315624441 8
1315624501 8
1315624561 5
1315624621 6
1315624681 6
1315624741 6
1315624801 6
1315624861 6
1315624921 6
1315624981 6
1315625041 6
1315625101 6
1315625161 6
1315625221 6
1315625281 6
1315625341 6
1315625401 6
1315625461 6
1315625521 6
1315625581 6
1315625641 6
1315625701 5
1315625761 5
1315625821 7
1315625881 7
1315625941 7
1315626001 7
1315626061 7
1315626121 7
1315626181 7
1315626241 7
1315626301 7
1315626361 7
1315626421 6
1315626481 6
1315626541 6
1315626601 6
1315626661 6
1315626721 6
1315626781 6
1315626842 6
1315626901 6
1315626961 6
1315627021 6
1315627081 6
1315627141 6
1315627201 6
1315627261 6
1315627321 6
1315627381 6
1315627441 7
1315627501 7
1315627561 7
1315627621 7
1315627681 7
1315627741 8
1315627801 8
1315627861 8
1315627921 8
1315627981 8
1315628041 8
1315628101 8
1315628161 8
1315628221 8
1315628281 8
1315628341 8
1315628401 4
1315628461 4
1315628521 4
1315628581 4
1315628641 4
1315628701 4
1315628761 4
1315628821 4
1315628881 4
1315628941 4
1315629001 4
1315629061 4
1315629121 4
1315629181 4
1315629241 4
1315629301 4
1315629361 4
1315629421 4
1315629481 4
1315629541 4
1315629601 4
1315629661 4
1315629721 4
1315629781 4
1315629841 4
1315629901 4
1315629961 5
1315630021 5
1315630081 5
1315630141 5
1315630201 5
1315630261 5
1315630321 5
1315630381 5
1315630441 5
1315630502 5
1315630561 5
1315630621 5
1315630681 5
1315630741 5
1315630801 5
1315630861 5
1315630921 5
1315630981 5
1315631041 5
1315631101 5
1315631161 5
1315631221 5
1315631281 5
1315631341 5
1315631402 5
1315631462 5
1315631521 5
1315631581 5
1315631641 5
1315631701 5
1315631761 5
1315631821 5
1315631881 5
1315631941 3
1315632001 4
1315632061 4
1315632122 4
1315632181 4
1315632241 4
1315632301 4
1315632361 4
1315632421 4
1315632481 4
1315632541 4
1315632601 4
1315632661 4
1315632721 4
1315632781 5
1315632841 5
1315632901 5
1315632961 5
1315633021 6
1315633081 6
1315633141 6
1315633201 6
1315633261 6
1315633321 6
1315633381 6
1315633441 6
1315633501 6
1315633561 6
1315633621 6
1315633681 5
1315633741 6
1315633801 6
1315633861 6
1315633921 6
1315633981 6
1315634041 7
1315634101 7
1315634161 7
1315634221 7
1315634281 8
1315634341 9
1315634401 9
1315634461 9
1315634521 9
1315634581 9
1315634641 9
1315634701 9
1315634761 9
1315634821 9
1315634881 6
1315634941 6
1315635001 6
1315635061 6
1315635121 6
1315635181 6
1315635241 6
1315635301 6
1315635361 6
1315635421 6
1315635481 6
1315635541 6
1315635601 6
1315635661 6
1315635722 6
1315635781 6
1315635841 6
1315635901 6
1315635961 6
1315636021 6
1315636081 6
1315636141 6
1315636201 6
1315636261 5
1315636321 5
1315636381 5
1315636441 5
1315636501 5
1315636561 5
1315636621 5
1315636681 5
1315636741 5
1315636801 5
1315636861 5
1315636921 5
1315636981 5
1315637041 5
1315637101 5
1315637161 5
1315637221 5
1315637281 5
1315637341 5
1315637401 5
1315637461 6
1315637521 6
1315637581 6
1315637641 6
1315637701 6
1315637761 6
1315637821 6
1315637881 6
1315637941 6
1315638001 6
1315638061 6
1315638121 6
1315638181 6
1315638241 6
1315638301 6
1315638361 6
1315638421 6
1315638481 6
1315638541 6
1315638601 6
1315638661 6
1315638721 6
1315638781 6
1315638841 5
1315638901 5
1315638961 5
1315639021 5
1315639081 5
1315639141 5
1315639201 5
1315639261 5
1315639321 5
1315639381 5
1315639441 5
1315639502 5
1315639561 5
1315639621 5
1315639681 5
1315639741 5
1315639801 7
1315639861 7
1315639921 7
1315639981 7
1315640041 7
1315640101 7
1315640161 7
1315640221 7
1315640281 7
1315640341 7
1315640401 7
1315640461 7
1315640521 7
1315640581 6
1315640641 6
1315640701 6
1315640761 6
1315640821 7
1315640881 7
1315640941 7
1315641001 7
1315641061 7
1315641121 7
1315641181 7
1315641241 7
1315641301 7
1315641361 5
1315641421 6
1315641481 6
1315641541 6
1315641601 6
1315641661 6
1315641721 6
1315641781 6
1315641841 6
1315641901 6
1315641961 6
1315642021 5
1315642081 5
1315642141 5
1315642201 5
1315642261 5
1315642321 5
1315642381 5
1315642441 5
1315642501 5
1315642561 5
1315642621 4
1315642681 4
1315642741 5
1315642802 5
1315642861 6
1315642921 6
1315642981 6
1315643041 6
1315643101 6
1315643161 6
1315643221 6
1315643281 6
1315643341 6
1315643401 6
1315643461 6
1315643521 6
1315643581 6
1315643641 6
1315643701 4
1315643761 4
1315643821 4
1315643881 5
1315643941 5
1315644001 5
1315644061 5
1315644121 5
1315644181 5
1315644241 5
1315644301 5
1315644361 6
1315644421 6
1315644481 6
1315644541 6
1315644601 6
1315644661 6
1315644721 6
1315644781 6
1315644841 6
1315644901 6
1315644961 6
1315645021 6
1315645081 6
1315645141 6
1315645201 6
1315645261 6
1315645321 6
1315645381 6
1315645441 6
1315645501 6
1315645561 6
1315645621 6
1315645681 6
1315645741 6
1315645801 6
1315645861 6
1315645921 6
1315645981 4
1315646041 4
1315646101 4
1315646161 4
1315646221 3
1315646281 3
1315646341 3
1315646401 3
1315646461 3
1315646521 3
1315646581 3
1315646641 3
1315646701 3
1315646761 3
1315646821 3
1315646881 3
1315646941 5
1315647001 5
1315647061 5
1315647121 5
1315647181 5
1315647241 6
1315647301 7
1315647361 8
1315647421 7
1315647481 7
1315647541 7
1315647601 8
1315647661 8
1315647721 8
1315647781 8
1315647841 8
1315647901 7
1315647961 7
1315648021 7
1315648081 7
1315648141 7
1315648202 7
1315648261 7
1315648321 3
1315648381 3
1315648441 3
1315648501 3
1315648561 3
1315648621 3
1315648681 3
1315648741 3
1315648801 3
1315648861 3
1315648921 3
1315648981 3
1315649041 3
1315649101 3
1315649161 3
1315649221 3
1315649281 3
1315649341 3
1315649401 4
1315649461 4
1315649521 4
1315649581 4
1315649641 4
1315649701 4
1315649761 4
1315649821 4
1315649881 4
1315649941 4
1315650001 4
1315650061 4
1315650121 4
1315650181 4
1315650241 4
1315650301 4
1315650362 4
1315650421 4
1315650481 4
1315650541 4
1315650601 4
1315650661 4
1315650721 4
1315650781 4
1315650841 4
1315650901 3
1315650961 3
1315651021 3
1315651081 3
1315651141 3
1315651201 3
1315651261 3
1315651321 3
1315651381 3
1315651441 3
1315651501 3
1315651561 3
1315651621 3
1315651681 3
1315651741 3
1315651801 3
1315651861 3
1315651921 3
1315651981 3
1315652041 3
1315652101 3
1315652161 3
1315652221 3
1315652281 3
1315652341 4
1315652401 4
1315652461 4
1315652521 4
1315652581 4
1315652641 4
1315652702 4
1315652761 4
1315652821 4
1315652881 4
1315652941 4
1315653001 4
1315653061 4
1315653121 4
1315653181 4
1315653241 4
1315653301 4
1315653361 4
1315653421 4
1315653481 4
1315653541 4
1315653601 4
1315653661 4
1315653721 4
1315653781 4
1315653841 4
1315653901 4
1315653961 4
1315654021 4
1315654081 4
1315654141 4
1315654201 4
1315654261 4
1315654321 4
1315654381 4
1315654441 4
1315654501 4
1315654561 4
1315654621 5
1315654681 5
1315654741 5
1315654801 5
1315654861 5
1315654921 4
1315654981 4
1315655041 4
1315655101 4
1315655161 4
1315655221 4
1315655281 4
1315655341 4
1315655401 4
1315655461 4
1315655521 4
1315655581 4
1315655641 4
1315655701 4
1315655761 4
1315655821 4
1315655881 4
1315655941 4
1315656001 4
1315656061 4
1315656121 4
1315656181 4
1315656241 4
1315656301 4
1315656361 4
1315656421 4
1315656481 4
1315656541 4
1315656601 4
1315656661 3
1315656721 3
1315656782 3
1315656841 4
1315656901 4
1315656961 5
1315657021 5
1315657081 5
1315657141 6
1315657201 6
1315657261 6
1315657321 6
1315657381 7
1315657441 7
1315657501 7
1315657561 7
1315657621 6
1315657681 6
1315657741 6
1315657801 6
1315657861 6
1315657921 6
1315657981 6
1315658041 6
1315658101 6
1315658161 4
1315658221 4
1315658281 5
1315658341 5
1315658401 5
1315658461 5
1315658521 5
1315658581 5
1315658641 5
1315658701 5
1315658761 5
1315658821 4
1315658881 4
1315658941 4
1315659001 4
1315659061 5
1315659121 5
1315659181 5
1315659241 5
1315659301 5
1315659361 5
1315659421 5
1315659481 5
1315659541 4
1315659601 4
1315659661 4
1315659721 4
1315659781 4
1315659841 4
1315659901 5
1315659961 5
1315660021 5
1315660081 5
1315660141 7
1315660201 7
1315660261 7
1315660321 7
1315660381 8
1315660441 9
1315660501 9
1315660561 9
1315660621 9
1315660681 9
1315660741 9
1315660801 9
1315660861 9
1315660921 9
1315660981 9
1315661041 9
1315661101 9
1315661161 9
1315661221 9
1315661281 9
1315661341 9
1315661401 9
1315661462 3
1315661521 3
1315661581 3
1315661641 3
1315661701 3
1315661761 3
1315661821 3
1315661881 3
1315661941 3
1315662001 3
1315662061 3
1315662121 4
1315662181 4
1315662241 4
1315662301 4
1315662361 4
1315662421 4
1315662481 3
1315662541 4
1315662601 4
1315662661 4
1315662721 4
1315662781 5
1315662841 5
1315662901 5
1315662961 5
1315663021 5
1315663081 5
1315663141 5
1315663201 4
1315663261 4
1315663321 4
1315663381 4
1315663441 4
1315663501 4
1315663561 4
1315663621 4
1315663681 4
1315663741 5
1315663801 5
1315663861 5
1315663921 5
1315663981 5
1315664041 5
1315664101 5
1315664161 5
1315664221 5
1315664281 5
1315664341 5
1315664401 5
1315664461 5
1315664521 5
1315664581 5
1315664641 5
1315664701 5
1315664761 5
1315664821 5
1315664881 5
1315664941 5
1315665001 5
1315665061 5
1315665121 5
1315665181 5
1315665241 5
1315665301 5
1315665361 5
1315665421 5
1315665481 5
1315665541 5
1315665601 5
1315665661 5
1315665721 4
1315665781 5
1315665841 5
1315665901 5
1315665961 5
1315666021 5
1315666081 5
1315666141 5
1315666201 5
1315666261 5
1315666321 5
1315666381 5
1315666441 5
1315666501 5
1315666561 5
1315666621 5
1315666681 5
1315666741 5
1315666801 5
1315666861 5
1315666921 5
1315666981 5
1315667041 5
1315667101 4
1315667161 4
1315667221 4
1315667281 4
1315667341 4
1315667401 4
1315667461 5
1315667521 5
1315667581 5
1315667641 5
1315667701 5
1315667761 5
1315667822 5
1315667881 5
1315667941 5
1315668001 4
1315668061 4
1315668121 4
1315668181 4
1315668241 4
1315668301 4
1315668361 4
1315668421 4
1315668481 4
1315668541 4
1315668601 4
1315668661 4
1315668721 4
1315668781 4
1315668841 4
1315668901 4
1315668961 4
1315669021 4
1315669081 4
1315669141 4
1315669201 4
1315669262 4
1315669322 4
1315669381 4
1315669441 4
1315669501 4
1315669561 4
1315669621 4
1315669681 4
1315669741 4
1315669801 4
1315669861 4
1315669921 4
1315669981 4
1315670041 4
1315670101 3
1315670161 3
1315670221 3
1315670281 3
1315670341 3
1315670401 3
