1315324861 2
1315324921 2
1315324981 2
1315325041 2
1315325101 2
1315325161 2
1315325221 3
1315325281 3
1315325341 3
1315325401 3
1315325461 3
1315325521 4
1315325581 4
1315325641 3
1315325701 3
1315325761 2
1315325821 2
1315325881 2
1315325941 2
1315326001 2
1315326061 2
1315326121 2
1315326181 2
1315326241 2
1315326301 2
1315326361 2
1315326421 2
1315326481 2
1315326541 2
1315326601 2
1315326661 1
1315326721 1
1315326781 1
1315326841 1
1315326901 1
1315326961 1
1315327021 1
1315327081 1
1315327141 1
1315327201 1
1315327261 1
1315327321 1
1315327381 1
1315327441 1
1315327501 1
1315327561 1
1315327621 1
1315327681 1
1315327741 1
1315327801 1
1315327861 1
1315327921 1
1315327981 1
1315328042 1
1315328101 1
1315328161 1
1315328221 2
1315328281 2
1315328341 2
1315328401 2
1315328461 2
1315328521 2
1315328581 2
1315328641 2
1315328701 2
1315328761 2
1315328821 2
1315328881 2
1315328941 2
1315329001 2
1315329061 2
1315329121 2
1315329182 2
1315329242 2
1315329301 2
1315329361 2
1315329421 2
1315329481 2
1315329541 2
1315329601 2
1315329661 2
1315329721 2
1315329781 2
1315329841 1
1315329901 1
1315329961 1
1315330021 1
1315330081 1
1315330141 1
1315330201 1
1315330261 1
1315330321 1
1315330381 1
1315330441 1
1315330501 1
1315330561 1
1315330621 1
1315330681 1
1315330741 0
1315330801 0
1315330861 0
1315330921 0
1315330981 0
1315331041 0
1315331101 0
1315331161 0
1315331221 0
1315331281 0
1315331341 0
1315331401 0
1315331461 0
1315331521 0
1315331581 0
1315331641 0
1315331701 0
1315331761 0
1315331821 0
1315331881 0
1315331941 0
1315332001 0
1315332061 0
1315332121 0
1315332181 0
1315332241 0
1315332301 0
1315332361 0
1315332421 0
1315332481 0
1315332541 0
1315332601 0
1315332661 0
1315332721 0
1315332781 0
1315332841 0
1315332901 0
1315332961 0
1315333021 0
1315333081 0
1315333141 0
1315333201 0
1315333261 0
1315333321 0
1315333381 0
1315333441 0
1315333501 0
1315333561 0
1315333621 0
1315333681 0
1315333741 0
1315333802 0
1315333861 0
1315333921 0
1315333981 0
1315334041 0
1315334101 0
1315334161 0
1315334221 0
1315334281 0
1315334341 0
1315334401 0
1315334461 0
1315334521 0
1315334581 0
1315334641 0
1315334701 0
1315334761 0
1315334821 0
1315334881 0
1315334941 0
1315335001 0
1315335061 0
1315335121 0
1315335181 0
1315335241 0
1315335301 0
1315335361 0
1315335421 0
1315335481 0
1315335541 0
1315335601 0
1315335661 0
1315335721 0
1315335781 0
1315335841 0
1315335901 0
1315335961 0
1315336021 0
1315336081 0
1315336141 0
1315336201 0
1315336261 0
1315336321 0
1315336381 0
1315336441 0
1315336502 0
1315336561 0
1315336621 0
1315336681 0
1315336741 0
1315336801 0
1315336861 0
1315336921 0
1315336981 0
1315337041 0
1315337101 0
1315337161 0
1315337221 0
1315337281 0
1315337341 0
1315337401 0
1315337461 0
1315337521 0
1315337581 0
1315337641 0
1315337701 0
1315337761 0
1315337821 0
1315337881 0
1315337941 0
1315338001 0
1315338061 0
1315338121 0
1315338181 0
1315338241 0
1315338302 0
1315338361 0
1315338421 0
1315338481 0
1315338541 0
1315338601 0
1315338661 0
1315338721 0
1315338781 0
1315338841 0
1315338901 0
1315338961 0
1315339021 1
1315339081 1
1315339141 1
1315339201 1
1315339261 1
1315339321 1
1315339381 1
1315339441 1
1315339501 1
1315339561 1
1315339621 1
1315339681 1
1315339741 1
1315339801 1
1315339862 1
1315339921 1
1315339981 1
1315340041 1
1315340101 1
1315340161 1
1315340221 1
1315340281 1
1315340341 0
1315340401 0
1315340461 0
1315340521 0
1315340581 0
1315340641 0
1315340701 0
1315340761 0
1315340822 0
1315340881 0
1315340941 0
1315341002 0
1315341061 0
1315341121 0
1315341181 0
1315341241 0
1315341301 0
1315341362 0
1315341421 0
1315341481 0
1315341541 0
1315341601 0
1315341661 0
1315341721 0
1315341781 0
1315341841 0
1315341901 0
1315341961 0
1315342021 0
1315342081 0
1315342141 0
1315342201 0
1315342261 0
1315342322 0
1315342381 0
1315342441 0
1315342501 0
1315342561 0
1315342621 0
1315342681 0
1315342741 0
1315342801 0
1315342861 0
1315342921 0
1315342981 0
1315343041 0
1315343101 0
1315343162 0
1315343221 0
1315343281 0
1315343341 0
1315343401 0
1315343394 0
1315343401 0
1315343461 0
1315343521 0
1315343581 0
1315343642 0
1315343701 0
1315343761 0
1315343821 0
1315343881 0
1315343941 0
1315344001 0
1315344061 0
1315344121 0
1315344181 0
1315344241 0
1315344301 0
1315344361 0
1315344421 0
1315344481 0
1315344541 0
1315344601 0
1315344661 0
1315344721 0
1315344781 0
1315344841 0
1315344901 0
1315344961 0
1315345021 0
1315345081 0
1315345141 0
1315345201 0
1315345261 0
1315345321 0
1315345381 0
1315345441 0
1315345501 0
1315345561 0
1315345621 0
1315345681 0
1315345741 0
1315345801 0
1315345861 0
1315345921 0
1315345982 0
1315346041 0
1315346101 0
1315346161 0
1315346221 0
1315346281 0
1315346341 0
1315346401 0
1315346461 0
1315346521 0
1315346581 0
1315346641 0
1315346701 0
1315346761 0
1315346821 0
1315346881 0
1315346941 0
1315347001 0
1315347061 0
1315347121 0
1315347181 0
1315347241 0
1315347301 0
1315347361 0
1315347421 0
1315347481 0
1315347541 0
1315347601 0
1315347661 0
1315347721 0
1315347781 0
1315347841 0
1315347901 0
1315347961 0
1315348021 0
1315348081 0
1315348141 0
1315348201 0
1315348261 0
1315348321 0
1315348381 0
1315348441 0
1315348501 0
1315348561 0
1315348621 0
1315348681 0
1315348741 1
1315348801 1
1315348861 1
1315348921 1
1315348981 1
1315349041 1
1315349101 1
1315349161 1
1315349221 1
1315349281 1
1315349341 1
1315349401 1
1315349461 1
1315349521 1
1315349581 1
1315349641 1
1315349701 0
1315349761 0
1315349821 0
1315349881 0
1315349941 0
1315350001 0
1315350061 0
1315350121 0
1315350181 0
1315350241 0
1315350301 0
1315350361 0
1315350421 0
1315350481 0
1315350541 0
1315350601 0
1315350661 0
1315350721 0
1315350782 0
1315350841 0
1315350901 0
1315350961 0
1315351021 0
1315351081 0
1315351141 0
1315351201 0
1315351261 0
1315351321 0
1315351381 0
1315351441 0
1315351501 0
1315351561 0
1315351621 0
1315351681 0
1315351741 0
1315351801 0
1315351861 0
1315351921 0
1315351981 0
1315352041 0
1315352101 0
1315352161 0
1315352221 1
1315352281 1
1315352341 1
1315352401 1
1315352461 1
1315352521 1
1315352581 1
1315352641 2
1315352701 2
1315352761 2
1315352821 2
1315352881 2
1315352941 2
1315353001 2
1315353061 2
1315353121 2
1315353181 2
1315353241 3
1315353301 3
1315353361 2
1315353421 2
1315353481 2
1315353541 2
1315353601 3
1315353661 3
1315353721 3
1315353781 3
1315353841 3
1315353901 3
1315353961 3
1315354021 2
1315354081 2
1315354141 2
1315354201 2
1315354261 2
1315354321 2
1315354381 2
1315354441 2
1315354501 2
1315354561 2
1315354621 2
1315354681 2
1315354741 2
1315354801 3
1315354861 3
1315354921 3
1315354981 2
1315355041 2
1315355101 2
1315355161 2
1315355221 2
1315355281 0
1315355341 0
1315355401 0
1315355461 0
1315355521 0
1315355581 0
1315355641 0
1315355701 0
1315355761 0
1315355821 0
1315355881 0
1315355941 0
1315356001 0
1315356061 0
1315356121 0
1315356181 0
1315356241 1
1315356301 1
1315356361 1
1315356421 1
1315356481 1
1315356541 1
1315356601 2
1315356661 2
1315356721 2
1315356781 2
1315356841 2
1315356901 2
1315356961 2
1315357021 2
1315357081 2
1315357141 2
1315357202 1
1315357261 1
1315357321 1
1315357381 2
1315357441 2
1315357501 2
1315357561 2
1315357621 2
1315357681 2
1315357741 2
1315357801 2
1315357861 2
1315357921 0
1315357981 0
1315358041 0
1315358101 0
1315358161 0
1315358221 0
1315358281 0
1315358341 0
1315358402 0
1315358462 0
1315358521 0
1315358581 1
1315358641 1
1315358701 1
1315358761 1
1315358821 1
1315358881 1
1315358941 2
1315359001 1
1315359061 1
1315359121 1
1315359181 1
1315359241 1
1315359301 1
1315359361 1
1315359421 1
1315359481 1
1315359541 1
1315359601 1
1315359661 1
1315359721 0
1315359781 3
1315359841 3
1315359901 4
1315359961 4
1315360021 5
1315360081 7
1315360141 7
1315360201 7
1315360261 4
1315360321 5
1315360381 6
1315360441 5
1315360501 5
1315360561 5
1315360621 5
1315360681 6
1315360741 3
1315360801 4
1315360861 4
1315360921 4
1315360981 5
1315361041 5
1315361101 5
1315361161 3
1315361221 3
1315361282 5
1315361341 5
1315361401 5
1315361462 5
1315361521 7
1315361581 7
1315361641 5
1315361701 6
1315361761 6
1315361821 6
1315361881 6
1315361941 6
1315362001 6
1315362061 6
1315362121 7
1315362181 8
1315362241 6
1315362301 5
1315362362 5
1315362421 5
1315362481 6
1315362541 6
1315362601 4
1315362661 4
1315362721 4
1315362781 5
1315362841 5
1315362901 4
1315362961 4
1315363021 4
1315363081 5
1315363141 5
1315363201 4
1315363261 4
1315363321 4
1315363381 6
1315363441 6
1315363501 4
1315363561 4
1315363621 5
1315363681 5
1315363741 5
1315363801 6
1315363861 6
1315363921 6
1315363981 5
1315364041 5
1315364101 4
1315364161 4
1315364221 4
1315364281 5
1315364341 2
1315364401 2
1315364461 3
1315364521 3
1315364581 4
1315364641 5
1315364701 6
1315364761 6
1315364821 6
1315364881 7
1315364941 7
1315365001 6
1315365061 7
1315365121 7
1315365181 9
1315365241 8
1315365301 8
1315365361 8
1315365421 7
1315365481 8
1315365541 8
1315365601 8
1315365661 8
1315365721 8
1315365781 5
1315365841 4
1315365902 4
1315365961 4
1315366021 4
1315366081 4
1315366142 4
1315366201 5
1315366261 6
1315366321 6
1315366381 7
1315366441 7
1315366501 7
1315366561 7
1315366621 6
1315366681 7
1315366741 7
1315366801 7
1315366861 9
1315366921 10
1315366981 12
1315367041 12
1315367101 12
1315367161 13
1315367221 13
1315367281 11
1315367341 9
1315367401 11
1315367461 11
1315367521 11
1315367581 13
1315367641 14
1315367701 14
1315367761 11
1315367821 11
1315367881 11
1315367941 12
1315368001 12
1315368061 9
1315368121 10
1315368181 10
1315368241 10
1315368301 10
1315368361 10
1315368421 7
1315368481 7
1315368541 8
1315368601 8
1315368661 8
1315368721 8
1315368781 8
1315368841 8
1315368901 8
1315368961 8
1315369022 8
1315369081 8
1315369141 8
1315369201 8
1315369261 9
1315369321 5
1315369381 5
1315369441 5
1315369501 5
1315369561 6
1315369621 6
1315369681 6
1315369741 6
1315369801 6
1315369861 5
1315369921 5
1315369981 5
1315370041 5
1315370101 5
1315370161 6
1315370221 4
1315370281 4
1315370341 4
1315370401 4
1315370461 5
1315370521 5
1315370581 5
1315370641 5
1315370701 5
1315370762 5
1315370821 4
1315370881 4
1315370941 4
1315371001 4
1315371061 5
1315371121 5
1315371181 5
1315371241 5
1315371301 5
1315371361 5
1315371421 7
1315371481 7
1315371541 7
1315371601 6
1315371661 7
1315371721 6
1315371781 6
1315371841 6
1315371901 4
1315371961 5
1315372021 5
1315372081 6
1315372141 6
1315372201 6
1315372261 8
1315372321 8
1315372381 8
1315372441 8
1315372501 8
1315372561 8
1315372621 8
1315372681 4
1315372741 5
1315372801 5
1315372861 6
1315372921 6
1315372981 6
1315373041 6
1315373101 6
1315373161 6
1315373221 6
1315373281 7
1315373341 7
1315373401 7
1315373461 8
1315373521 8
1315373582 8
1315373641 8
1315373701 8
1315373761 7
1315373821 7
1315373881 7
1315373941 8
1315374001 8
1315374061 8
1315374121 8
1315374181 8
1315374241 8
1315374301 8
1315374361 9
1315374421 9
1315374481 8
1315374541 8
1315374601 7
1315374661 7
1315374721 7
1315374781 7
1315374841 7
1315374901 7
1315374961 7
1315375021 6
1315375081 7
1315375141 7
1315375201 7
1315375261 8
1315375321 8
1315375381 8
1315375442 8
1315375501 8
1315375561 9
1315375621 8
1315375681 8
1315375741 8
1315375801 8
1315375861 9
1315375921 8
1315375981 8
1315376041 8
1315376101 7
1315376161 8
1315376221 8
1315376281 7
1315376341 7
1315376401 8
1315376461 8
1315376521 8
1315376581 9
1315376641 10
1315376701 10
1315376761 11
1315376821 11
1315376881 12
1315376941 13
1315377001 13
1315377061 14
1315377122 14
1315377181 13
1315377241 13
1315377302 11
1315377361 12
1315377421 12
1315377481 10
1315377541 10
1315377601 10
1315377661 9
1315377721 9
1315377781 9
1315377841 9
1315377901 9
1315377961 10
1315378021 9
1315378081 8
1315378141 8
1315378201 8
1315378261 10
1315378321 10
1315378381 10
1315378441 10
1315378501 10
1315378561 9
1315378621 9
1315378681 9
1315378741 10
1315378801 11
1315378861 12
1315378921 13
1315378981 13
1315379041 13
1315379101 14
1315379161 14
1315379221 14
1315379281 14
1315379341 9
1315379401 10
1315379461 10
1315379521 10
1315379581 11
1315379641 13
1315379701 13
1315379762 12
1315379822 13
1315379881 14
1315379941 14
1315380001 12
1315380061 13
1315380121 13
1315380181 13
1315380241 13
1315380301 13
1315380361 13
1315380421 13
1315380481 13
1315380541 12
1315380601 12
1315380661 13
1315380721 13
1315380781 13
1315380841 13
1315380901 13
1315380961 11
1315381021 11
1315381081 11
1315381141 10
1315381201 10
1315381261 10
1315381321 10
1315381381 10
1315381441 9
1315381502 9
1315381561 9
1315381621 9
1315381681 10
1315381741 10
1315381801 10
1315381861 10
1315381921 10
1315381981 11
1315382041 11
1315382101 11
1315382161 11
1315382221 11
1315382281 11
1315382341 11
1315382401 11
1315382461 11
1315382521 11
1315382582 11
1315382641 11
1315382701 11
1315382761 11
1315382821 9
1315382881 8
1315382941 8
1315383001 9
1315383061 9
1315383121 10
1315383181 10
1315383241 10
1315383301 9
1315383361 8
1315383421 9
1315383481 9
1315383541 9
1315383601 9
1315383661 9
1315383721 9
1315383781 9
1315383841 9
1315383901 9
1315383961 9
1315384021 6
1315384081 6
1315384141 7
1315384201 7
1315384261 8
1315384321 7
1315384381 8
1315384441 9
1315384501 9
1315384561 9
1315384621 9
1315384681 7
1315384741 6
1315384801 6
1315384861 6
1315384921 6
1315384981 6
1315385041 6
1315385101 7
1315385161 7
1315385221 7
1315385281 9
1315385341 10
1315385401 10
1315385461 12
1315385521 12
1315385581 12
1315385641 12
1315385701 12
1315385761 12
1315385821 12
1315385881 12
1315385941 12
1315386001 7
1315386061 7
1315386121 7
1315386181 7
1315386241 7
1315386301 7
1315386361 7
1315386421 5
1315386481 5
1315386541 5
1315386601 5
1315386661 5
1315386721 5
1315386781 5
1315386841 5
1315386901 5
1315386961 5
1315387021 5
1315387081 5
1315387141 5
1315387201 5
1315387261 5
1315387321 5
1315387381 5
1315387441 4
1315387501 4
1315387561 4
1315387621 5
1315387681 5
1315387741 6
1315387801 6
1315387861 6
1315387921 6
1315387981 6
1315388041 6
1315388101 6
1315388161 6
1315388221 6
1315388281 6
1315388342 4
1315388401 4
1315388461 4
1315388521 4
1315388581 4
1315388641 4
1315388701 4
1315388761 4
1315388821 4
1315388881 5
1315388941 5
1315389001 5
1315389061 3
1315389121 3
1315389181 3
1315389241 3
1315389301 3
1315389361 3
1315389421 4
1315389481 4
1315389541 4
1315389601 4
1315389661 4
1315389721 4
1315389781 4
1315389841 4
1315389901 4
1315389961 4
1315390021 3
1315390081 3
1315390141 3
1315390201 5
1315390261 5
1315390321 5
1315390381 5
1315390441 5
1315390501 5
1315390561 5
1315390621 5
1315390682 5
1315390741 5
1315390801 5
1315390861 5
1315390921 5
1315390981 5
1315391041 5
1315391101 5
1315391161 5
1315391221 5
1315391281 5
1315391341 5
1315391401 2
1315391461 2
1315391521 2
1315391581 2
1315391641 2
1315391701 2
1315391761 2
1315391821 2
1315391881 2
1315391941 1
1315392001 1
1315392061 1
1315392121 1
1315392181 1
1315392241 1
1315392301 1
1315392361 1
1315392421 1
1315392481 1
1315392541 1
1315392601 1
1315392661 1
1315392721 1
1315392781 1
1315392841 1
1315392901 1
1315392961 1
1315393021 1
1315393081 2
1315393141 2
1315393201 2
1315393261 2
1315393321 2
1315393381 2
1315393441 2
1315393501 2
1315393561 2
1315393622 2
1315393681 2
1315393741 2
1315393801 2
1315393861 2
1315393921 2
1315393981 2
1315394041 2
1315394101 2
1315394161 2
1315394221 2
1315394281 2
1315394341 2
1315394401 2
1315394461 2
1315394521 1
1315394581 1
1315394641 2
1315394702 2
1315394761 3
1315394821 3
1315394881 3
1315394941 3
1315395001 3
1315395061 3
1315395121 3
1315395181 3
1315395241 3
1315395301 2
1315395361 2
1315395421 2
1315395481 2
1315395541 2
1315395601 2
1315395661 2
1315395721 1
1315395781 1
1315395841 1
1315395901 1
1315395961 1
1315396021 1
1315396081 1
1315396141 1
1315396201 1
1315396261 1
1315396321 1
1315396381 2
1315396441 2
1315396501 2
1315396561 2
1315396621 3
1315396681 3
1315396741 3
1315396801 3
1315396861 3
1315396921 2
1315396981 2
1315397041 3
1315397101 3
1315397161 3
1315397221 3
1315397281 4
1315397341 6
1315397401 6
1315397461 5
1315397521 6
1315397581 6
1315397641 6
1315397701 6
1315397761 6
1315397821 6
1315397881 6
1315397941 4
1315398001 4
1315398061 4
1315398121 5
1315398181 5
1315398241 5
1315398301 5
1315398361 5
1315398421 5
1315398481 5
1315398541 5
1315398601 5
1315398661 5
1315398721 5
1315398781 5
1315398841 5
1315398901 5
1315398961 5
1315399021 2
1315399081 3
1315399141 3
1315399201 3
1315399261 3
1315399321 3
1315399381 3
1315399441 3
1315399501 2
1315399561 3
1315399621 3
1315399681 4
1315399741 4
1315399801 5
1315399861 5
1315399921 5
1315399981 5
1315400041 4
1315400101 4
1315400161 4
1315400221 4
1315400281 4
1315400341 2
1315400401 2
1315400461 2
1315400521 2
1315400581 2
1315400641 3
1315400701 3
1315400761 3
1315400821 3
1315400881 3
1315400941 3
1315401002 3
1315401061 1
1315401121 1
1315401181 2
1315401241 3
1315401301 4
1315401361 5
1315401421 5
1315401481 5
1315401541 5
1315401601 6
1315401661 6
1315401721 6
1315401781 5
1315401841 4
1315401901 4
1315401961 4
1315402021 4
1315402081 4
1315402141 2
1315402201 3
1315402261 3
1315402321 3
1315402381 3
1315402441 3
1315402501 3
1315402561 3
1315402621 3
1315402681 3
1315402741 3
1315402801 3
1315402861 3
1315402921 3
1315402981 3
1315403041 3
1315403101 2
1315403161 2
1315403221 2
1315403281 2
1315403341 2
1315403401 2
1315403461 2
1315403521 2
1315403581 2
1315403641 2
1315403701 2
1315403761 2
1315403821 2
1315403881 1
1315403941 1
1315404001 2
1315404061 3
1315404121 3
1315404181 3
1315404241 3
1315404301 3
1315404361 3
1315404421 3
1315404481 3
1315404541 3
1315404601 1
1315404661 2
1315404721 2
1315404781 2
1315404841 2
1315404902 2
1315404961 2
1315405021 2
1315405081 2
1315405141 2
1315405201 2
1315405261 2
1315405321 2
1315405381 2
1315405441 3
1315405501 3
1315405561 4
1315405621 4
1315405681 4
1315405741 4
1315405801 4
1315405861 4
1315405921 3
1315405981 4
1315406041 5
1315406101 5
1315406161 5
1315406221 5
1315406281 5
1315406341 5
1315406401 5
1315406461 4
1315406521 4
1315406581 4
1315406641 5
1315406701 5
1315406761 5
1315406821 5
1315406881 5
1315406941 5
1315407001 5
1315407061 4
1315407121 4
1315407181 3
1315407241 4
1315407301 4
1315407361 4
1315407421 4
1315407481 4
1315407541 4
1315407601 3
1315407661 3
1315407721 3
1315407781 3
1315407841 3
1315407901 3
1315407961 3
1315408021 4
1315408081 5
1315408141 5
1315408201 5
1315408261 5
1315408321 5
1315408381 5
1315408441 5
1315408501 5
1315408561 3
1315408621 4
1315408681 4
1315408741 4
1315408801 4
1315408861 4
1315408921 4
1315408981 4
1315409041 4
1315409101 4
1315409161 4
1315409221 4
1315409281 2
1315409341 2
1315409401 2
1315409461 2
1315409521 2
1315409581 2
1315409641 2
1315409701 3
1315409761 3
1315409821 4
1315409881 4
1315409941 5
1315410002 6
1315410061 5
1315410121 5
1315410181 6
1315410241 6
1315410301 6
1315410361 6
1315410421 6
1315410481 6
1315410541 6
1315410601 6
1315410661 6
1315410721 6
1315410781 6
1315410841 4
1315410901 4
1315410961 4
1315411021 5
1315411081 5
1315411141 5
1315411201 5
