1312473661 1
1312473721 1
1312473781 1
1312473841 1
1312473901 1
1312473961 1
1312474021 1
1312474081 1
1312474141 1
1312474201 1
1312474261 1
1312474321 1
1312474381 1
1312474441 1
1312474501 1
1312474561 1
1312474621 1
1312474681 1
1312474741 1
1312474801 1
1312474861 1
1312474921 1
1312474981 1
1312475041 1
1312475101 1
1312475161 1
1312475221 1
1312475281 1
1312475341 1
1312475401 1
1312475461 1
1312475521 1
1312475581 1
1312475641 1
1312475701 1
1312475761 1
1312475821 1
1312475881 1
1312475941 1
1312476001 1
1312476061 1
1312476121 1
1312476181 1
1312476241 1
1312476301 1
1312476361 1
1312476421 1
1312476481 1
1312476541 1
1312476601 1
1312476661 1
1312476721 1
1312476781 1
1312476841 1
1312476901 1
1312476961 1
1312477021 1
1312477081 1
1312477141 1
1312477201 1
1312477261 1
1312477321 1
1312477381 1
1312477441 1
1312477502 1
1312477561 1
1312477621 1
1312477681 1
1312477741 1
1312477801 1
1312477861 1
1312477921 1
1312477981 1
1312478041 1
1312478101 1
1312478161 1
1312478221 1
1312478281 1
1312478341 1
1312478401 1
1312478461 1
1312478521 1
1312478581 1
1312478641 1
1312478701 1
1312478761 1
1312478821 1
1312478881 1
1312478941 1
1312479001 1
1312479061 1
1312479121 1
1312479181 1
1312479241 1
1312479301 1
1312479361 1
1312479421 1
1312479481 1
1312479541 1
1312479601 1
1312479661 1
1312479721 1
1312479781 1
1312479841 1
1312479901 1
1312479961 1
1312480021 1
1312480081 1
1312480141 1
1312480201 1
1312480261 1
1312480321 1
1312480381 1
1312480441 1
1312480501 1
1312480561 1
1312480621 1
1312480681 1
1312480741 1
1312480801 1
1312480861 1
1312480921 1
1312480981 1
1312481041 1
1312481101 1
1312481161 1
1312481221 1
1312481281 1
1312481341 1
1312481401 1
1312481461 1
1312481522 1
1312481581 1
1312481641 1
1312481701 1
1312481761 1
1312481821 1
1312481881 1
1312481941 1
1312482001 1
1312482061 1
1312482121 1
1312482181 1
1312482241 1
1312482301 1
1312482361 1
1312482421 1
1312482481 1
1312482541 1
1312482601 1
1312482661 1
1312482721 1
1312482781 1
1312482841 1
1312482901 1
1312482961 1
1312483021 1
1312483081 1
1312483141 1
1312483201 1
1312483261 1
1312483321 1
1312483381 1
1312483441 1
1312483501 1
1312483561 1
1312483621 1
1312483681 1
1312483741 1
1312483801 1
1312483861 1
1312483921 1
1312483981 1
1312484041 1
1312484101 1
1312484161 1
1312484221 1
1312484281 1
1312484341 1
1312484401 1
1312484461 1
1312484521 1
1312484581 1
1312484641 1
1312484702 1
1312484761 1
1312484821 1
1312484881 1
1312484941 1
1312485002 1
1312485061 1
1312485121 1
1312485181 1
1312485241 1
1312485301 1
1312485361 1
1312485421 1
1312485481 1
1312485541 1
1312485601 1
1312485661 1
1312485721 1
1312485781 1
1312485841 1
1312485901 1
1312485961 1
1312486021 1
1312486081 1
1312486141 1
1312486201 1
1312486262 1
1312486321 1
1312486381 1
1312486441 1
1312486501 1
1312486561 1
1312486621 1
1312486681 1
1312486741 1
1312486801 1
1312486861 1
1312486921 1
1312486981 1
1312487041 1
1312487101 1
1312487161 1
1312487221 1
1312487281 1
1312487341 1
1312487401 1
1312487461 1
1312487521 1
1312487581 1
1312487641 1
1312487701 1
1312487761 1
1312487821 1
1312487881 1
1312487941 1
1312488001 1
1312488061 1
1312488121 1
1312488181 1
1312488241 1
1312488301 1
1312488361 1
1312488421 1
1312488481 1
1312488541 1
1312488601 1
1312488661 1
1312488721 1
1312488781 1
1312488841 1
1312488901 1
1312488961 1
1312489021 1
1312489081 1
1312489141 1
1312489202 1
1312489261 1
1312489321 1
1312489381 1
1312489441 1
1312489501 1
1312489561 1
1312489621 1
1312489681 1
1312489741 1
1312489801 1
1312489861 1
1312489921 1
1312489981 1
1312490041 1
1312490101 1
1312490161 1
1312490222 1
1312490281 1
1312490341 1
1312490401 1
1312490461 1
1312490521 1
1312490581 1
1312490641 1
1312490701 1
1312490762 1
1312490821 1
1312490881 1
1312490941 1
1312491001 1
1312491061 1
1312491121 1
1312491181 1
1312491241 1
1312491301 1
1312491361 1
1312491421 1
1312491481 1
1312491541 1
1312491601 1
1312491661 1
1312491721 1
1312491781 1
1312491841 1
1312491901 1
1312491961 1
1312492021 1
1312492081 1
1312492142 1
1312492201 1
1312492194 1
1312492201 1
1312492261 1
1312492321 1
1312492381 1
1312492441 1
1312492501 1
1312492561 1
1312492621 1
1312492681 1
1312492741 1
1312492801 1
1312492861 1
1312492921 1
1312492981 1
1312493041 1
1312493101 2
1312493162 2
1312493221 2
1312493281 2
1312493341 2
1312493401 2
1312493461 2
1312493521 2
1312493581 2
1312493641 2
1312493701 2
1312493761 2
1312493821 2
1312493881 2
1312493941 2
1312494001 2
1312494061 2
1312494121 2
1312494181 2
1312494241 2
1312494301 2
1312494361 2
1312494421 2
1312494481 2
1312494541 2
1312494601 2
1312494661 2
1312494721 2
1312494781 2
1312494841 2
1312494901 2
1312494961 2
1312495021 2
1312495081 2
1312495141 2
1312495201 2
1312495261 2
1312495321 2
1312495381 2
1312495441 2
1312495501 2
1312495561 2
1312495621 2
1312495681 2
1312495741 2
1312495801 2
1312495861 2
1312495921 2
1312495981 2
1312496041 2
1312496101 2
1312496161 2
1312496221 2
1312496281 2
1312496341 2
1312496401 2
1312496461 2
1312496521 2
1312496581 2
1312496641 2
1312496701 2
1312496761 2
1312496821 2
1312496881 2
1312496941 2
1312497001 2
1312497061 2
1312497121 2
1312497181 2
1312497241 2
1312497301 2
1312497361 2
1312497421 2
1312497481 2
1312497541 2
1312497601 2
1312497661 2
1312497721 2
1312497781 2
1312497841 2
1312497901 2
1312497961 2
1312498021 2
1312498081 2
1312498141 2
1312498201 2
1312498261 2
1312498321 2
1312498381 2
1312498441 2
1312498501 2
1312498561 2
1312498621 2
1312498681 2
1312498741 2
1312498801 2
1312498861 2
1312498921 2
1312498981 2
1312499041 2
1312499101 2
1312499161 2
1312499221 2
1312499281 2
1312499341 2
1312499401 2
1312499461 2
1312499521 2
1312499581 2
1312499642 2
1312499701 2
1312499761 2
1312499821 2
1312499881 2
1312499941 2
1312500001 2
1312500061 2
1312500121 2
1312500181 2
1312500241 2
1312500301 2
1312500361 2
1312500421 2
1312500481 2
1312500541 2
1312500601 2
1312500661 2
1312500721 2
1312500781 2
1312500841 2
1312500901 2
1312500961 2
1312501021 2
1312501081 2
1312501141 2
1312501201 2
1312501261 2
1312501321 2
1312501381 2
1312501441 2
1312501501 2
1312501561 2
1312501621 2
1312501681 2
1312501742 2
1312501801 2
1312501861 2
1312501921 2
1312501981 2
1312502041 2
1312502101 2
1312502161 2
1312502221 2
1312502281 2
1312502341 2
1312502401 2
1312502461 2
1312502521 2
1312502581 2
1312502641 2
1312502701 2
1312502761 2
1312502821 2
1312502881 2
1312502942 2
1312503001 2
1312503061 2
1312503121 2
1312503181 2
1312503241 2
1312503301 2
1312503361 2
1312503421 2
1312503481 2
1312503541 2
1312503601 2
1312503661 2
1312503721 2
1312503781 2
1312503841 2
1312503902 2
1312503961 2
1312504021 2
1312504081 2
1312504141 2
1312504201 2
1312504261 2
1312504321 2
1312504381 2
1312504441 2
1312504501 2
1312504561 2
1312504621 2
1312504681 2
1312504741 2
1312504801 2
1312504861 2
1312504921 2
1312504981 2
1312505041 2
1312505101 2
1312505161 2
1312505221 2
1312505281 2
1312505341 2
1312505401 3
1312505461 3
1312505521 3
1312505581 3
1312505641 3
1312505701 3
1312505761 3
1312505821 3
1312505881 3
1312505941 3
1312506001 3
1312506061 3
1312506121 3
1312506181 3
1312506241 3
1312506301 3
1312506361 3
1312506421 3
1312506481 3
1312506541 3
1312506601 3
1312506661 3
1312506721 3
1312506781 3
1312506841 3
1312506901 3
1312506961 3
1312507021 3
1312507081 3
1312507141 3
1312507201 3
1312507261 3
1312507321 3
1312507381 3
1312507441 3
1312507501 3
1312507561 3
1312507621 3
1312507681 3
1312507741 3
1312507801 3
1312507861 3
1312507921 3
1312507981 3
1312508041 3
1312508101 3
1312508161 3
1312508221 3
1312508281 3
1312508341 3
1312508401 3
1312508461 3
1312508521 3
1312508581 4
1312508641 4
1312508701 4
1312508761 4
1312508821 4
1312508881 4
1312508941 4
1312509002 4
1312509061 4
1312509121 4
1312509181 4
1312509241 4
1312509301 4
1312509361 4
1312509421 3
1312509481 3
1312509541 3
1312509601 3
1312509661 3
1312509721 3
1312509781 3
1312509841 3
1312509901 3
1312509961 3
1312510021 3
1312510081 3
1312510141 3
1312510201 3
1312510261 3
1312510321 3
1312510381 3
1312510441 3
1312510501 3
1312510561 3
1312510621 3
1312510681 3
1312510741 3
1312510801 3
1312510861 3
1312510921 3
1312510981 3
1312511041 3
1312511101 3
1312511161 3
1312511221 3
1312511281 3
1312511341 3
1312511401 3
1312511461 4
1312511521 4
1312511581 4
1312511641 4
1312511701 4
1312511761 4
1312511821 4
1312511881 4
1312511941 4
1312512001 4
1312512061 4
1312512121 4
1312512181 4
1312512241 4
1312512301 4
1312512361 4
1312512421 4
1312512481 4
1312512541 3
1312512601 3
1312512661 3
1312512721 3
1312512781 4
1312512841 4
1312512901 4
1312512961 4
1312513021 4
1312513081 4
1312513141 4
1312513201 4
1312513261 4
1312513321 4
1312513381 4
1312513441 4
1312513502 4
1312513561 4
1312513622 4
1312513681 4
1312513741 4
1312513801 4
1312513861 4
1312513921 4
1312513981 4
1312514041 4
1312514101 4
1312514161 4
1312514221 1
1312514281 1
1312514341 1
1312514401 1
1312514461 1
1312514521 1
1312514581 2
1312514641 2
1312514701 2
1312514761 2
1312514821 2
1312514881 2
1312514941 2
1312515001 3
1312515061 3
1312515121 3
1312515181 3
1312515241 3
1312515301 3
1312515361 3
1312515421 3
1312515481 3
1312515541 3
1312515601 2
1312515661 2
1312515721 2
1312515781 2
1312515841 2
1312515901 2
1312515961 2
1312516021 2
1312516081 2
1312516141 2
1312516201 2
1312516261 2
1312516321 2
1312516381 2
1312516441 2
1312516501 2
1312516561 2
1312516621 2
1312516681 2
1312516741 2
1312516801 2
1312516861 2
1312516921 2
1312516981 2
1312517041 2
1312517101 2
1312517161 2
1312517221 2
1312517281 2
1312517341 2
1312517401 2
1312517461 2
1312517521 2
1312517581 2
1312517641 2
1312517701 2
1312517761 2
1312517821 2
1312517881 2
1312517941 2
1312518001 2
1312518061 2
1312518121 2
1312518181 2
1312518241 2
1312518301 2
1312518361 2
1312518421 2
1312518481 2
1312518541 2
1312518601 2
1312518661 2
1312518721 2
1312518781 2
1312518841 2
1312518901 2
1312518961 2
1312519021 2
1312519081 2
1312519141 2
1312519201 2
1312519261 2
1312519321 2
1312519381 2
1312519441 2
1312519501 2
1312519561 2
1312519622 2
1312519681 2
1312519741 2
1312519801 2
1312519861 2
1312519921 2
1312519981 2
1312520041 2
1312520101 2
1312520161 2
1312520221 2
1312520281 2
1312520341 2
1312520401 2
1312520461 2
1312520521 2
1312520581 2
1312520641 2
1312520701 2
1312520761 2
1312520821 2
1312520881 2
1312520941 2
1312521001 2
1312521061 2
1312521121 2
1312521181 2
1312521241 2
1312521301 2
1312521361 2
1312521421 2
1312521481 2
1312521541 2
1312521601 2
1312521661 2
1312521721 2
1312521782 2
1312521841 2
1312521901 2
1312521961 2
1312522021 2
1312522081 2
1312522141 2
1312522201 2
1312522261 2
1312522321 2
1312522381 2
1312522441 2
1312522501 2
1312522561 2
1312522621 2
1312522681 2
1312522741 2
1312522801 2
1312522861 2
1312522921 2
1312522981 2
1312523041 2
1312523101 2
1312523161 2
1312523221 2
1312523281 2
1312523341 2
1312523401 2
1312523461 2
1312523521 2
1312523581 2
1312523641 2
1312523701 2
1312523761 2
1312523821 2
1312523881 2
1312523942 2
1312524001 2
1312524061 2
1312524121 2
1312524181 2
1312524241 2
1312524301 2
1312524361 2
1312524421 2
1312524482 2
1312524541 2
1312524601 2
1312524661 2
1312524721 2
1312524781 2
1312524841 2
1312524901 2
1312524961 2
1312525021 2
1312525081 2
1312525141 2
1312525201 2
1312525261 2
1312525321 2
1312525381 2
1312525441 2
1312525501 2
1312525561 2
1312525621 2
1312525681 2
1312525741 2
1312525801 2
1312525861 2
1312525921 2
1312525981 2
1312526041 2
1312526101 2
1312526161 2
1312526221 2
1312526281 2
1312526341 2
1312526401 2
1312526461 2
1312526521 2
1312526581 2
1312526641 2
1312526701 2
1312526761 2
1312526821 2
1312526881 2
1312526941 1
1312527001 1
1312527061 1
1312527121 1
1312527181 1
1312527242 1
1312527301 1
1312527361 1
1312527421 1
1312527481 1
1312527541 1
1312527601 1
1312527661 1
1312527721 1
1312527781 1
1312527841 1
1312527901 1
1312527961 1
1312528021 1
1312528081 2
1312528141 3
1312528201 5
1312528261 6
1312528321 6
1312528381 7
1312528441 8
1312528501 8
1312528561 8
1312528621 8
1312528681 8
1312528741 8
1312528801 8
1312528861 8
1312528921 8
1312528981 0
1312529041 0
1312529101 0
1312529161 0
1312529221 0
1312529281 0
1312529341 0
1312529401 0
1312529461 0
1312529521 0
1312529581 0
1312529641 0
1312529701 0
1312529761 0
1312529821 0
1312529881 0
1312529942 0
1312530001 0
1312530061 0
1312530121 0
1312530181 1
1312530241 2
1312530301 2
1312530361 2
1312530421 2
1312530481 2
1312530541 2
1312530601 2
1312530661 2
1312530721 2
1312530781 2
1312530841 2
1312530901 2
1312530961 2
1312531021 0
1312531081 0
1312531141 0
1312531201 0
1312531261 0
1312531321 0
1312531381 0
1312531441 0
1312531501 0
1312531561 0
1312531621 0
1312531681 0
1312531741 1
1312531801 1
1312531861 1
1312531921 1
1312531981 1
1312532041 1
1312532101 1
1312532161 1
1312532221 1
1312532281 1
1312532341 1
1312532401 1
1312532461 2
1312532521 2
1312532581 2
1312532641 2
1312532701 2
1312532761 2
1312532821 2
1312532881 2
1312532941 2
1312533001 2
1312533061 2
1312533121 2
1312533181 2
1312533241 2
1312533301 2
1312533361 2
1312533421 2
1312533481 2
1312533541 2
1312533601 2
1312533661 2
1312533721 2
1312533781 2
1312533841 2
1312533901 2
1312533961 2
1312534021 2
1312534081 2
1312534141 2
1312534201 2
1312534261 2
1312534321 2
1312534381 2
1312534441 2
1312534501 2
1312534561 2
1312534621 2
1312534682 2
1312534741 2
1312534801 2
1312534861 2
1312534921 1
1312534981 1
1312535041 1
1312535101 1
1312535161 1
1312535221 1
1312535281 1
1312535341 0
1312535401 0
1312535461 0
1312535521 0
1312535581 0
1312535641 0
1312535701 0
1312535761 0
1312535821 0
1312535881 0
1312535941 0
1312536001 0
1312536061 0
1312536121 0
1312536181 0
1312536241 0
1312536302 0
1312536361 0
1312536421 0
1312536481 0
1312536541 0
1312536601 0
1312536661 0
1312536721 0
1312536781 0
1312536841 0
1312536901 0
1312536961 0
1312537021 0
1312537081 0
1312537141 1
1312537201 1
1312537261 1
1312537321 1
1312537381 1
1312537441 1
1312537501 1
1312537561 1
1312537621 1
1312537681 1
1312537741 1
1312537801 1
1312537861 1
1312537921 1
1312537981 1
1312538041 1
1312538101 1
1312538161 1
1312538222 1
1312538281 1
1312538341 1
1312538401 1
1312538461 1
1312538521 1
1312538581 1
1312538641 1
1312538701 1
1312538761 1
1312538821 1
1312538881 1
1312538941 1
1312539001 1
1312539061 1
1312539121 1
1312539181 1
1312539241 1
1312539301 1
1312539361 1
1312539421 1
1312539481 1
1312539541 1
1312539601 1
1312539661 1
1312539721 1
1312539781 1
1312539841 1
1312539901 1
1312539961 1
1312540021 1
1312540081 1
1312540141 1
1312540201 1
1312540261 1
1312540321 1
1312540381 1
1312540441 1
1312540501 1
1312540561 1
1312540621 1
1312540681 1
1312540742 1
1312540801 1
1312540861 1
1312540921 1
1312540981 1
1312541041 1
1312541101 1
1312541161 1
1312541221 1
1312541281 1
1312541341 1
1312541401 1
1312541461 1
1312541521 1
1312541581 1
1312541641 1
1312541701 1
1312541761 1
1312541821 1
1312541881 1
1312541941 1
1312542001 1
1312542061 1
1312542121 1
1312542181 1
1312542241 1
1312542301 1
1312542361 1
1312542421 1
1312542481 1
1312542541 1
1312542601 1
1312542661 1
1312542721 1
1312542781 1
1312542841 1
1312542901 1
1312542961 1
1312543021 1
1312543081 1
1312543141 1
1312543201 1
1312543261 1
1312543321 1
1312543381 1
1312543441 1
1312543501 1
1312543561 1
1312543621 1
1312543681 1
1312543741 1
1312543801 1
1312543861 1
1312543921 1
1312543981 1
1312544041 1
1312544101 1
1312544161 1
1312544221 1
1312544281 1
1312544342 1
1312544401 1
1312544461 1
1312544521 1
1312544581 1
1312544641 0
1312544701 1
1312544761 1
1312544821 1
1312544881 1
1312544941 1
1312545001 1
1312545061 1
1312545121 1
1312545181 1
1312545241 1
1312545301 1
1312545361 1
1312545421 1
1312545481 1
1312545541 1
1312545601 1
1312545661 1
1312545721 1
1312545781 1
1312545841 1
1312545901 1
1312545961 1
1312546021 1
1312546081 1
1312546141 1
1312546201 1
1312546261 1
1312546321 1
1312546381 1
1312546441 1
1312546501 1
1312546561 1
1312546621 1
1312546681 1
1312546741 1
1312546801 1
1312546861 1
1312546921 1
1312546981 1
1312547041 1
1312547101 1
1312547162 1
1312547221 1
1312547281 1
1312547341 1
1312547401 1
1312547461 1
1312547521 1
1312547581 1
1312547641 1
1312547701 1
1312547761 1
1312547821 1
1312547881 1
1312547941 1
1312548001 1
1312548061 1
1312548121 1
1312548181 1
1312548241 1
1312548301 1
1312548361 1
1312548421 1
1312548481 1
1312548541 1
1312548601 1
1312548661 1
1312548721 1
1312548781 1
1312548841 1
1312548901 1
1312548961 1
1312549021 1
1312549081 0
1312549141 0
1312549201 0
1312549261 0
1312549321 0
1312549381 0
1312549441 0
1312549501 0
1312549561 0
1312549621 0
1312549681 0
1312549741 0
1312549801 0
1312549861 0
1312549921 0
1312549981 1
1312550041 2
1312550101 2
1312550161 2
1312550221 3
1312550281 3
1312550342 3
1312550401 3
1312550461 3
1312550521 3
1312550581 3
1312550641 3
1312550701 3
1312550761 3
1312550821 3
1312550881 3
1312550941 3
1312551001 3
1312551061 3
1312551121 3
1312551181 3
1312551241 3
1312551301 3
1312551361 3
1312551421 3
1312551481 1
1312551541 2
1312551601 2
1312551661 2
1312551721 2
1312551781 2
1312551841 2
1312551902 2
1312551961 2
1312552021 2
1312552081 2
1312552141 2
1312552201 2
1312552261 2
1312552321 2
1312552381 2
1312552441 1
1312552501 2
1312552561 2
1312552621 2
1312552681 2
1312552741 2
1312552801 3
1312552861 3
1312552921 3
1312552981 3
1312553041 3
1312553101 3
1312553161 3
1312553221 3
1312553281 3
1312553341 1
1312553401 1
1312553461 1
1312553521 1
1312553581 1
1312553641 1
1312553701 1
1312553761 1
1312553822 2
1312553881 2
1312553941 2
1312554001 2
1312554061 2
1312554121 2
1312554181 2
1312554241 2
1312554301 1
1312554361 1
1312554421 1
1312554481 1
1312554541 1
1312554601 1
1312554661 0
1312554721 0
1312554781 0
1312554841 0
1312554902 0
1312554962 0
1312555021 0
1312555081 0
1312555141 0
1312555201 0
1312555261 0
1312555321 0
1312555381 0
1312555441 0
1312555501 0
1312555561 0
1312555621 0
1312555681 0
1312555741 0
1312555801 1
1312555861 1
1312555921 1
1312555981 1
1312556041 1
1312556101 1
1312556161 1
1312556221 1
1312556281 1
1312556341 1
1312556401 1
1312556461 1
1312556521 1
1312556581 1
1312556641 1
1312556701 1
1312556761 1
1312556821 1
1312556881 1
1312556941 0
1312557001 0
1312557061 0
1312557121 0
1312557181 0
1312557241 0
1312557301 0
1312557361 0
1312557421 0
1312557481 0
1312557541 0
1312557601 0
1312557661 0
1312557721 0
1312557781 0
1312557841 0
1312557901 0
1312557961 0
1312558021 0
1312558081 0
1312558141 0
1312558201 0
1312558261 0
1312558321 0
1312558381 0
1312558441 0
1312558501 0
1312558561 0
1312558621 0
1312558681 0
1312558741 0
1312558801 0
1312558861 0
1312558921 0
1312558981 0
1312559041 0
1312559101 0
1312559161 0
1312559221 0
1312559281 0
1312559341 0
1312559401 0
1312559461 0
1312559521 0
1312559581 0
1312559641 0
1312559701 0
1312559761 0
1312559821 0
1312559881 0
1312559941 0
1312560001 0
