1310054461 13
1310054521 13
1310054581 14
1310054641 15
1310054701 15
1310054761 15
1310054821 15
1310054881 15
1310054941 13
1310055001 13
1310055061 13
1310055121 13
1310055181 13
1310055241 14
1310055301 10
1310055361 10
1310055421 11
1310055481 11
1310055541 12
1310055601 12
1310055661 12
1310055721 12
1310055781 12
1310055841 13
1310055901 13
1310055961 10
1310056021 11
1310056081 11
1310056141 12
1310056201 12
1310056261 10
1310056321 11
1310056381 11
1310056441 12
1310056501 12
1310056561 12
1310056621 12
1310056681 12
1310056741 13
1310056801 13
1310056861 13
1310056921 8
1310056981 8
1310057041 10
1310057101 10
1310057161 10
1310057221 10
1310057281 10
1310057341 11
1310057401 9
1310057461 9
1310057521 10
1310057581 10
1310057641 10
1310057701 10
1310057761 10
1310057821 10
1310057881 10
1310057941 11
1310058001 11
1310058061 11
1310058121 11
1310058181 10
1310058241 12
1310058301 12
1310058361 12
1310058421 12
1310058481 12
1310058541 13
1310058601 13
1310058661 13
1310058721 13
1310058781 13
1310058841 14
1310058901 14
1310058962 14
1310059021 14
1310059081 14
1310059141 15
1310059201 12
1310059261 12
1310059321 11
1310059381 11
1310059441 12
1310059501 12
1310059561 12
1310059621 12
1310059681 12
1310059741 13
1310059801 13
1310059861 11
1310059921 11
1310059981 11
1310060041 12
1310060101 12
1310060161 12
1310060221 12
1310060281 12
1310060341 12
1310060401 12
1310060461 12
1310060521 12
1310060581 12
1310060641 13
1310060701 13
1310060761 13
1310060821 13
1310060881 13
1310060941 14
1310061001 14
1310061061 14
1310061121 14
1310061181 14
1310061241 13
1310061301 13
1310061361 13
1310061421 13
1310061481 13
1310061541 14
1310061601 14
1310061662 14
1310061721 14
1310061781 14
1310061841 15
1310061901 15
1310061961 15
1310062021 15
1310062081 15
1310062141 15
1310062201 15
1310062261 15
1310062321 15
1310062381 15
1310062441 16
1310062501 16
1310062561 16
1310062621 16
1310062681 16
1310062741 16
1310062801 16
1310062861 9
1310062921 10
1310062981 10
1310063041 11
1310063101 11
1310063161 11
1310063221 11
1310063281 11
1310063341 12
1310063401 11
1310063461 11
1310063521 11
1310063581 11
1310063641 12
1310063701 12
1310063761 12
1310063821 12
1310063881 12
1310063941 12
1310064001 12
1310064061 12
1310064121 11
1310064181 12
1310064241 13
1310064301 13
1310064361 13
1310064421 11
1310064481 12
1310064541 14
1310064601 14
1310064661 14
1310064721 12
1310064781 12
1310064841 13
1310064901 13
1310064961 13
1310065021 11
1310065081 11
1310065141 12
1310065201 12
1310065261 12
1310065321 12
1310065381 12
1310065441 12
1310065501 12
1310065561 12
1310065621 12
1310065681 12
1310065741 13
1310065801 13
1310065861 13
1310065921 13
1310065982 13
1310066041 13
1310066101 13
1310066161 9
1310066221 10
1310066281 10
1310066341 12
1310066401 12
1310066461 12
1310066521 12
1310066581 10
1310066641 12
1310066701 12
1310066761 12
1310066821 12
1310066881 12
1310066941 12
1310067001 12
1310067061 12
1310067121 12
1310067181 12
1310067241 12
1310067301 12
1310067361 12
1310067421 12
1310067481 12
1310067541 12
1310067601 12
1310067661 12
1310067721 12
1310067781 12
1310067841 12
1310067902 12
1310067961 12
1310068021 12
1310068081 12
1310068141 12
1310068201 12
1310068261 12
1310068321 12
1310068381 12
1310068441 12
1310068501 12
1310068561 12
1310068621 12
1310068681 12
1310068741 12
1310068801 12
1310068861 12
1310068921 12
1310068981 12
1310069041 12
1310069101 12
1310069161 12
1310069221 12
1310069281 12
1310069341 12
1310069401 12
1310069461 12
1310069521 12
1310069581 12
1310069641 12
1310069701 12
1310069761 12
1310069821 12
1310069881 12
1310069941 12
1310070001 12
1310070061 12
1310070121 12
1310070181 12
1310070241 12
1310070301 12
1310070361 12
1310070421 12
1310070481 12
1310070541 12
1310070601 12
1310070661 12
1310070721 12
1310070781 12
1310070841 12
1310070901 12
1310070961 12
1310071021 12
1310071081 12
1310071141 12
1310071201 12
1310071261 12
1310071321 12
1310071381 12
1310071441 12
1310071501 7
1310071561 7
1310071621 7
1310071681 7
1310071741 8
1310071801 8
1310071861 8
1310071921 8
1310071981 8
1310072041 8
1310072101 8
1310072161 8
1310072221 8
1310072281 8
1310072341 8
1310072401 8
1310072461 8
1310072521 8
1310072581 8
1310072641 8
1310072701 8
1310072761 8
1310072821 8
1310072882 8
1310072941 8
1310073001 8
1310073061 8
1310073121 8
1310073181 8
1310073241 8
1310073301 8
1310073361 8
1310073421 8
1310073481 8
1310073541 8
1310073601 8
1310073661 8
1310073721 8
1310073781 8
1310073841 8
1310073901 8
1310073961 8
1310074021 8
1310074081 8
1310074141 8
1310074201 8
1310074261 8
1310074321 8
1310074381 8
1310074441 8
1310074501 8
1310074561 8
1310074621 8
1310074681 8
1310074741 8
1310074801 8
1310074861 8
1310074921 8
1310074981 8
1310075041 8
1310075101 8
1310075161 8
1310075221 8
1310075281 8
1310075342 8
1310075401 8
1310075461 8
1310075521 8
1310075581 8
1310075641 8
1310075701 8
1310075761 8
1310075821 8
1310075881 8
1310075941 8
1310076001 8
1310076061 8
1310076121 8
1310076181 8
1310076241 8
1310076301 8
1310076361 8
1310076421 8
1310076481 8
1310076541 8
1310076601 8
1310076661 8
1310076721 8
1310076781 8
1310076841 8
1310076901 8
1310076961 8
1310077021 8
1310077081 7
1310077141 7
1310077201 7
1310077261 8
1310077321 8
1310077381 8
1310077441 8
1310077501 8
1310077561 8
1310077621 8
1310077681 8
1310077741 8
1310077801 8
1310077861 8
1310077921 8
1310077981 8
1310078041 8
1310078101 8
1310078161 8
1310078221 8
1310078281 8
1310078341 8
1310078401 8
1310078461 8
1310078521 8
1310078581 8
1310078641 8
1310078701 8
1310078761 8
1310078821 8
1310078881 8
1310078941 8
1310079001 8
1310079061 8
1310079121 8
1310079181 8
1310079241 8
1310079301 8
1310079361 8
1310079421 8
1310079481 8
1310079541 8
1310079601 8
1310079661 8
1310079721 8
1310079781 8
1310079841 8
1310079901 8
1310079961 8
1310080021 8
1310080081 8
1310080141 8
1310080201 8
1310080262 8
1310080321 8
1310080381 8
1310080441 8
1310080501 8
1310080561 8
1310080621 8
1310080682 8
1310080741 8
1310080801 8
1310080861 8
1310080921 8
1310080981 8
1310081041 8
1310081101 8
1310081161 8
1310081221 8
1310081281 8
1310081341 8
1310081401 8
1310081461 8
1310081521 8
1310081581 8
1310081641 8
1310081702 8
1310081761 8
1310081821 8
1310081881 8
1310081941 8
1310082001 8
1310082061 8
1310082121 8
1310082181 8
1310082241 8
1310082301 8
1310082361 8
1310082421 8
1310082481 8
1310082541 8
1310082601 8
1310082661 8
1310082721 7
1310082781 8
1310082841 8
1310082901 8
1310082961 8
1310083021 8
1310083081 8
1310083141 8
1310083201 8
1310083261 8
1310083321 8
1310083381 8
1310083441 8
1310083501 8
1310083561 8
1310083621 8
1310083681 8
1310083741 8
1310083801 8
1310083861 8
1310083921 8
1310083981 8
1310084041 8
1310084101 8
1310084161 8
1310084221 8
1310084281 8
1310084341 8
1310084401 8
1310084461 8
1310084521 8
1310084581 8
1310084641 8
1310084702 8
1310084761 8
1310084821 8
1310084881 8
1310084941 8
1310085001 8
1310085061 8
1310085121 8
1310085181 8
1310085241 8
1310085301 8
1310085361 9
1310085421 9
1310085481 10
1310085541 9
1310085601 9
1310085661 9
1310085721 9
1310085781 9
1310085841 9
1310085901 7
1310085961 7
1310086021 7
1310086081 7
1310086141 7
1310086201 7
1310086261 7
1310086321 7
1310086381 8
1310086441 8
1310086501 9
1310086561 10
1310086621 9
1310086681 10
1310086741 10
1310086801 10
1310086861 11
1310086921 11
1310086981 11
1310087041 11
1310087101 7
1310087161 7
1310087221 7
1310087281 7
1310087342 7
1310087401 7
1310087461 7
1310087521 7
1310087581 7
1310087641 7
1310087701 7
1310087761 7
1310087821 6
1310087881 7
1310087941 8
1310088001 8
1310088061 8
1310088121 8
1310088181 8
1310088241 9
1310088301 9
1310088361 9
1310088421 9
1310088481 9
1310088541 9
1310088601 9
1310088661 9
1310088721 9
1310088781 9
1310088841 10
1310088901 11
1310088961 11
1310089021 10
1310089081 10
1310089141 10
1310089201 10
1310089261 10
1310089321 10
1310089381 8
1310089441 8
1310089501 8
1310089561 8
1310089621 8
1310089681 8
1310089741 8
1310089801 7
1310089862 7
1310089921 7
1310089981 7
1310090041 7
1310090101 7
1310090161 7
1310090221 6
1310090281 7
1310090341 7
1310090401 7
1310090461 8
1310090521 9
1310090581 9
1310090641 9
1310090701 9
1310090761 9
1310090821 9
1310090881 9
1310090941 9
1310091001 8
1310091061 8
1310091121 9
1310091181 10
1310091241 10
1310091301 10
1310091361 10
1310091421 10
1310091481 7
1310091541 8
1310091601 8
1310091661 9
1310091721 9
1310091781 9
1310091841 9
1310091901 9
1310091961 9
1310092021 9
1310092081 9
1310092141 9
1310092201 9
1310092261 9
1310092321 7
1310092381 8
1310092441 8
1310092501 7
1310092561 8
1310092621 8
1310092681 8
1310092741 8
1310092801 8
1310092862 8
1310092921 8
1310092981 8
1310093041 8
1310093101 8
1310093161 8
1310093221 8
1310093281 7
1310093341 7
1310093401 7
1310093461 7
1310093521 7
1310093581 7
1310093641 7
1310093701 7
1310093761 7
1310093821 8
1310093881 8
1310093941 8
1310094001 8
1310094061 8
1310094121 9
1310094181 10
1310094241 10
1310094301 11
1310094361 11
1310094421 11
1310094481 11
1310094541 12
1310094601 12
1310094661 12
1310094721 12
1310094781 8
1310094841 8
1310094901 8
1310094961 9
1310095021 10
1310095081 9
1310095141 9
1310095202 10
1310095261 10
1310095321 9
1310095381 9
1310095441 11
1310095501 11
1310095561 10
1310095621 10
1310095681 10
1310095741 12
1310095801 12
1310095861 12
1310095921 12
1310095981 13
1310096041 13
1310096101 13
1310096161 13
1310096221 12
1310096281 12
1310096341 12
1310096401 12
1310096461 11
1310096521 11
1310096581 13
1310096641 13
1310096701 13
1310096761 13
1310096821 14
1310096881 13
1310096941 11
1310097001 11
1310097062 11
1310097121 12
1310097181 12
1310097241 12
1310097301 12
1310097361 12
1310097421 13
1310097481 14
1310097541 14
1310097601 16
1310097661 15
1310097721 15
1310097781 15
1310097841 15
1310097901 10
1310097961 12
1310098021 12
1310098081 12
1310098141 12
1310098201 12
1310098261 12
1310098321 10
1310098381 10
1310098441 10
1310098501 10
1310098561 10
1310098621 8
1310098681 8
1310098741 8
1310098801 9
1310098861 9
1310098921 9
1310098981 9
1310099041 9
1310099101 9
1310099161 9
1310099221 9
1310099281 6
1310099341 6
1310099401 6
1310099461 6
1310099521 6
1310099581 6
1310099641 6
1310099701 6
1310099761 6
1310099821 7
1310099881 7
1310099941 7
1310100001 7
1310100061 7
1310100121 7
1310100181 8
1310100241 8
1310100301 8
1310100361 8
1310100421 6
1310100481 6
1310100541 7
1310100601 7
1310100661 7
1310100721 7
1310100781 7
1310100841 6
1310100901 6
1310100962 6
1310101021 6
1310101081 6
1310101141 6
1310101201 6
1310101261 6
1310101321 6
1310101381 6
1310101441 6
1310101501 6
1310101561 6
1310101621 6
1310101681 6
1310101741 7
1310101801 8
1310101861 8
1310101921 8
1310101981 9
1310102041 10
1310102101 10
1310102161 10
1310102221 10
1310102281 10
1310102341 10
1310102401 10
1310102461 10
1310102521 10
1310102581 10
1310102641 10
1310102701 7
1310102761 7
1310102821 7
1310102881 8
1310102941 8
1310103001 8
1310103061 9
1310103121 9
1310103181 9
1310103241 9
1310103301 9
1310103361 9
1310103421 9
1310103481 9
1310103541 10
1310103601 10
1310103661 10
1310103722 10
1310103781 10
1310103841 10
1310103901 10
1310103961 10
1310104021 7
1310104081 7
1310104141 7
1310104201 7
1310104261 7
1310104321 8
1310104381 8
1310104441 11
1310104501 12
1310104561 13
1310104621 13
1310104681 13
1310104741 12
1310104801 13
1310104861 12
1310104921 12
1310104981 11
1310105041 12
1310105101 12
1310105161 12
1310105221 12
1310105281 12
1310105341 12
1310105401 12
1310105461 12
1310105521 8
1310105581 8
1310105641 8
1310105701 8
1310105761 9
1310105821 9
1310105881 9
1310105941 9
1310106001 10
1310106061 10
1310106121 10
1310106181 10
1310106241 10
1310106301 11
1310106361 9
1310106421 8
1310106481 9
1310106541 9
1310106601 9
1310106661 9
1310106721 8
1310106781 8
1310106841 7
1310106901 9
1310106961 10
1310107021 10
1310107081 10
1310107141 10
1310107201 10
1310107261 9
1310107321 10
1310107381 10
1310107441 10
1310107501 10
1310107561 10
1310107621 9
1310107681 10
1310107741 10
1310107801 10
1310107861 8
1310107921 9
1310107981 9
1310108041 9
1310108101 9
1310108161 10
1310108221 11
1310108281 11
1310108341 11
1310108401 11
1310108461 11
1310108521 11
1310108581 11
1310108641 11
1310108701 11
1310108761 8
1310108821 8
1310108882 7
1310108941 8
1310109001 9
1310109061 11
1310109122 12
1310109181 13
1310109241 13
1310109301 13
1310109361 13
1310109421 13
1310109481 13
1310109541 9
1310109601 9
1310109661 9
1310109721 9
1310109781 10
1310109841 10
1310109901 10
1310109961 10
1310110021 10
1310110081 10
1310110141 10
1310110201 9
1310110261 9
1310110321 9
1310110381 8
1310110441 8
1310110501 8
1310110561 8
1310110621 8
1310110681 8
1310110741 8
1310110802 8
1310110861 9
1310110921 9
1310110981 9
1310111041 11
1310111101 11
1310111161 11
1310111221 11
1310111281 11
1310111341 10
1310111401 11
1310111461 11
1310111521 11
1310111581 11
1310111641 11
1310111701 9
1310111761 8
1310111821 9
1310111881 9
1310111941 9
1310112001 9
1310112061 9
1310112121 9
1310112181 9
1310112241 9
1310112301 9
1310112361 8
1310112421 8
1310112481 8
1310112541 8
1310112601 8
1310112661 8
1310112721 8
1310112781 8
1310112841 8
1310112901 8
1310112961 8
1310113021 8
1310113081 8
1310113141 9
1310113201 9
1310113261 9
1310113321 9
1310113381 9
1310113441 9
1310113501 9
1310113561 9
1310113621 9
1310113681 9
1310113741 9
1310113801 9
1310113861 10
1310113921 10
1310113981 11
1310114041 11
1310114101 12
1310114161 12
1310114221 12
1310114281 13
1310114341 13
1310114401 11
1310114461 11
1310114521 11
1310114581 11
1310114641 11
1310114701 11
1310114761 11
1310114821 11
1310114881 12
1310114941 13
1310115001 12
1310115061 13
1310115121 14
1310115181 14
1310115241 14
1310115301 14
1310115361 14
1310115421 14
1310115481 14
1310115541 14
1310115601 13
1310115661 13
1310115721 15
1310115781 15
1310115841 12
1310115901 12
1310115961 13
1310116021 13
1310116081 13
1310116141 12
1310116201 13
1310116261 14
1310116321 14
1310116381 14
1310116441 14
1310116501 14
1310116561 14
1310116621 15
1310116681 14
1310116741 15
1310116801 14
1310116861 14
1310116921 15
1310116981 15
1310117041 15
1310117101 12
1310117161 13
1310117221 13
1310117281 13
1310117341 13
1310117401 13
1310117461 13
1310117521 13
1310117581 14
1310117641 16
1310117701 16
1310117761 16
1310117821 16
1310117881 16
1310117941 16
1310118001 16
1310118061 12
1310118121 12
1310118181 12
1310118241 12
1310118301 11
1310118361 11
1310118421 11
1310118481 12
1310118541 12
1310118601 12
1310118661 12
1310118721 12
1310118781 12
1310118841 12
1310118901 12
1310118961 12
1310119021 12
1310119081 12
1310119141 12
1310119201 12
1310119261 12
1310119321 12
1310119381 12
1310119441 12
1310119501 11
1310119561 12
1310119621 11
1310119681 11
1310119741 12
1310119801 12
1310119861 12
1310119921 12
1310119981 12
1310120041 12
1310120101 12
1310120161 12
1310120221 12
1310120281 12
1310120341 12
1310120401 12
1310120461 12
1310120521 8
1310120581 9
1310120642 9
1310120701 10
1310120761 10
1310120821 10
1310120881 10
1310120941 10
1310121001 10
1310121061 11
1310121121 11
1310121181 10
1310121241 10
1310121301 10
1310121361 11
1310121421 11
1310121481 9
1310121541 9
1310121601 9
1310121661 9
1310121721 10
1310121781 10
1310121841 10
1310121901 10
1310121961 10
1310122021 10
1310122081 10
1310122141 10
1310122201 10
1310122261 11
1310122321 11
1310122381 11
1310122441 11
1310122501 11
1310122561 11
1310122621 11
1310122681 11
1310122741 11
1310122801 11
1310122861 9
1310122921 9
1310122981 9
1310123041 9
1310123101 9
1310123161 10
1310123221 11
1310123281 11
1310123341 11
1310123401 11
1310123461 11
1310123521 11
1310123581 11
1310123641 11
1310123701 11
1310123761 11
1310123821 11
1310123881 11
1310123941 11
1310124001 11
1310124061 9
1310124121 9
1310124181 10
1310124241 10
1310124301 10
1310124361 11
1310124421 11
1310124481 11
1310124541 11
1310124601 10
1310124661 10
1310124721 10
1310124781 10
1310124841 8
1310124901 8
1310124961 9
1310125021 10
1310125081 10
1310125141 10
1310125201 10
1310125261 10
1310125321 10
1310125381 10
1310125441 10
1310125501 10
1310125561 10
1310125621 10
1310125681 10
1310125741 9
1310125801 9
1310125861 9
1310125921 9
1310125981 9
1310126041 8
1310126101 8
1310126161 8
1310126221 9
1310126281 9
1310126341 9
1310126401 9
1310126461 9
1310126521 9
1310126581 9
1310126641 9
1310126701 9
1310126761 9
1310126821 8
1310126881 8
1310126941 8
1310127001 9
1310127061 13
1310127121 14
1310127181 14
1310127241 14
1310127301 15
1310127361 15
1310127422 15
1310127481 15
1310127541 9
1310127601 11
1310127661 11
1310127721 11
1310127781 11
1310127841 11
1310127901 11
1310127961 12
1310128021 12
1310128081 12
1310128141 12
1310128201 12
1310128261 12
1310128321 12
1310128381 12
1310128441 12
1310128501 12
1310128561 12
1310128621 12
1310128681 12
1310128741 12
1310128801 8
1310128861 9
1310128921 9
1310128981 10
1310129041 10
1310129101 11
1310129161 11
1310129221 11
1310129281 11
1310129341 11
1310129401 11
1310129461 11
1310129521 11
1310129581 11
1310129641 10
1310129701 10
1310129761 11
1310129821 11
1310129881 11
1310129941 12
1310130001 12
1310130061 12
1310130121 12
1310130181 12
1310130241 12
1310130301 10
1310130361 11
1310130421 12
1310130481 14
1310130541 15
1310130601 15
1310130661 17
1310130721 17
1310130781 18
1310130841 15
1310130901 15
1310130961 16
1310131021 16
1310131081 17
1310131141 16
1310131201 16
1310131261 16
1310131321 16
1310131381 17
1310131441 14
1310131501 14
1310131561 14
1310131621 15
1310131681 16
1310131741 16
1310131801 14
1310131861 15
1310131921 14
1310131981 15
1310132041 15
1310132101 15
1310132161 14
1310132221 14
1310132281 15
1310132341 16
1310132401 16
1310132461 17
1310132521 17
1310132581 17
1310132641 17
1310132701 17
1310132761 17
1310132821 17
1310132881 17
1310132941 17
1310133001 17
1310133061 17
1310133121 17
1310133181 18
1310133241 18
1310133301 18
1310133361 18
1310133422 18
1310133481 19
1310133541 19
1310133601 13
1310133661 13
1310133721 14
1310133781 15
1310133841 15
1310133901 14
1310133961 14
1310134021 14
1310134081 16
1310134141 17
1310134201 17
1310134261 17
1310134321 17
1310134381 18
1310134441 15
1310134501 14
1310134561 16
1310134621 16
1310134681 17
1310134741 17
1310134801 17
1310134861 13
1310134921 13
1310134981 13
1310135042 13
1310135101 13
1310135161 15
1310135221 15
1310135281 16
1310135341 16
1310135401 18
1310135461 18
1310135521 16
1310135581 17
1310135641 17
1310135701 17
1310135761 17
1310135821 13
1310135881 15
1310135941 15
1310136001 16
1310136061 16
1310136121 13
1310136181 14
1310136241 12
1310136301 13
1310136361 14
1310136421 14
1310136481 14
1310136541 11
1310136601 11
1310136661 10
1310136721 11
1310136781 12
1310136841 13
1310136901 14
1310136961 14
1310137021 14
1310137081 15
1310137141 13
1310137201 15
1310137261 16
1310137321 16
1310137381 15
1310137441 15
1310137501 16
1310137561 17
1310137621 17
1310137681 18
1310137741 16
1310137801 15
1310137861 16
1310137921 14
1310137981 16
1310138041 16
1310138101 13
1310138161 14
1310138221 13
1310138281 16
1310138341 16
1310138401 15
1310138461 18
1310138521 15
1310138581 18
1310138641 18
1310138701 15
1310138761 16
1310138821 16
1310138881 17
1310138941 17
1310139001 17
1310139061 17
1310139121 17
1310139181 18
1310139241 9
1310139301 11
1310139361 12
1310139421 13
1310139481 16
1310139541 16
1310139601 17
1310139661 17
1310139721 17
1310139781 18
1310139841 10
1310139901 11
1310139961 11
1310140021 11
1310140081 12
1310140141 12
1310140201 13
1310140261 11
1310140321 10
1310140381 11
1310140441 12
1310140501 13
1310140561 13
1310140621 11
1310140681 11
1310140741 10
1310140801 11
