1316188861 63
1316188921 66
1316188981 65
1316189041 63
1316189101 69
1316189161 67
1316189221 70
1316189281 71
1316189341 71
1316189401 73
1316189461 68
1316189521 67
1316189581 68
1316189641 68
1316189701 71
1316189761 65
1316189822 69
1316189881 70
1316189941 68
1316190001 74
1316190061 75
1316190121 72
1316190182 71
1316190241 73
1316190301 68
1316190361 61
1316190421 60
1316190481 60
1316190541 61
1316190601 63
1316190661 62
1316190721 62
1316190781 66
1316190841 60
1316190901 59
1316190961 60
1316191021 61
1316191081 64
1316191141 54
1316191201 51
1316191261 52
1316191321 53
1316191381 52
1316191441 50
1316191501 51
1316191561 51
1316191621 52
1316191681 53
1316191741 51
1316191801 52
1316191861 53
1316191921 53
1316191981 56
1316192041 58
1316192101 56
1316192161 60
1316192221 59
1316192281 61
1316192341 54
1316192401 55
1316192461 57
1316192521 53
1316192581 53
1316192642 54
1316192701 55
1316192761 41
1316192821 45
1316192881 46
1316192941 49
1316193001 50
1316193061 45
1316193121 48
1316193181 50
1316193241 45
1316193301 45
1316193361 47
1316193421 48
1316193481 52
1316193541 54
1316193601 55
1316193661 56
1316193721 38
1316193781 42
1316193841 42
1316193901 45
1316193961 45
1316194021 44
1316194081 49
1316194141 51
1316194201 45
1316194261 46
1316194321 46
1316194381 49
1316194441 50
1316194501 40
1316194561 42
1316194621 44
1316194681 48
1316194741 49
1316194801 50
1316194861 50
1316194921 52
1316194981 54
1316195041 31
1316195101 33
1316195161 34
1316195221 30
1316195281 33
1316195341 34
1316195401 33
1316195461 31
1316195521 32
1316195581 36
1316195641 38
1316195701 38
1316195761 39
1316195821 36
1316195881 38
1316195941 39
1316196002 40
1316196061 30
1316196121 31
1316196181 34
1316196241 36
1316196301 37
1316196361 31
1316196421 33
1316196481 36
1316196541 37
1316196601 38
1316196661 39
1316196721 24
1316196781 26
1316196841 28
1316196901 28
1316196961 29
1316197021 30
1316197081 32
1316197141 24
1316197201 19
1316197261 20
1316197321 21
1316197381 26
1316197441 27
1316197501 23
1316197561 25
1316197621 26
1316197681 27
1316197741 29
1316197801 29
1316197861 24
1316197921 25
1316197981 27
1316198041 28
1316198101 28
1316198162 29
1316198221 20
1316198281 23
1316198341 21
1316198401 22
1316198461 23
1316198521 24
1316198581 26
1316198641 27
1316198701 27
1316198761 27
1316198821 27
1316198881 28
1316198941 29
1316199001 29
1316199061 29
1316199121 30
1316199181 33
1316199241 34
1316199301 34
1316199361 34
1316199421 36
1316199481 21
1316199541 22
1316199601 19
1316199661 19
1316199721 20
1316199781 23
1316199842 24
1316199901 24
1316199961 24
1316200021 25
1316200081 26
1316200141 27
1316200201 27
1316200261 27
1316200321 14
1316200381 16
1316200441 18
1316200501 18
1316200561 19
1316200621 20
1316200681 22
1316200741 19
1316200801 19
1316200861 19
1316200921 20
1316200981 14
1316201041 17
1316201101 17
1316201161 15
1316201221 15
1316201281 16
1316201341 17
1316201401 17
1316201461 17
1316201521 17
1316201581 15
1316201641 17
1316201701 17
1316201761 17
1316201822 17
1316201881 19
1316201941 20
1316202001 20
1316202061 20
1316202121 20
1316202181 21
1316202241 22
1316202301 22
1316202361 22
1316202421 14
1316202481 16
1316202541 18
1316202601 18
1316202661 18
1316202721 18
1316202781 18
1316202841 20
1316202901 20
1316202961 20
1316203021 20
1316203081 21
1316203141 21
1316203201 21
1316203261 21
1316203321 21
1316203381 22
1316203441 13
1316203501 13
1316203561 13
1316203621 13
1316203681 11
1316203741 13
1316203801 13
1316203861 13
1316203921 12
1316203981 14
1316204041 16
1316204101 16
1316204161 16
1316204221 16
1316204281 17
1316204341 19
1316204401 19
1316204462 19
1316204521 19
1316204581 19
1316204641 21
1316204701 11
1316204761 12
1316204821 12
1316204881 14
1316204941 15
1316205001 16
1316205061 16
1316205121 16
1316205181 17
1316205241 18
1316205301 18
1316205361 18
1316205421 18
1316205481 19
1316205541 20
1316205601 20
1316205661 20
1316205721 20
1316205781 20
1316205841 22
1316205901 22
1316205961 22
1316206021 22
1316206081 23
1316206141 23
1316206201 23
1316206261 23
1316206321 23
1316206381 23
1316206441 24
1316206501 24
1316206561 24
1316206621 24
1316206681 24
1316206741 25
1316206801 25
1316206861 25
1316206921 25
1316206981 25
1316207041 25
1316207101 25
1316207161 25
1316207221 25
1316207281 25
1316207341 27
1316207401 27
1316207394 27
1316207401 27
1316207461 27
1316207521 27
1316207581 27
1316207641 28
1316207701 28
1316207762 28
1316207821 28
1316207882 29
1316207941 29
1316208001 29
1316208061 29
1316208121 29
1316208181 30
1316208241 30
1316208301 30
1316208361 30
1316208421 30
1316208481 30
1316208542 14
1316208601 14
1316208661 14
1316208721 14
1316208781 16
1316208841 17
1316208901 17
1316208961 17
1316209021 17
1316209081 18
1316209141 19
1316209201 19
1316209261 19
1316209321 19
1316209381 20
1316209441 20
1316209501 20
1316209561 20
1316209621 20
1316209681 21
1316209741 21
1316209801 21
1316209861 21
1316209921 21
1316209981 21
1316210041 21
1316210101 21
1316210161 21
1316210221 21
1316210281 22
1316210341 23
1316210401 23
1316210461 23
1316210521 23
1316210581 24
1316210642 24
1316210701 24
1316210761 24
1316210821 24
1316210881 24
1316210941 24
1316211001 24
1316211061 24
1316211121 24
1316211181 25
1316211241 25
1316211301 25
1316211361 25
1316211421 25
1316211481 25
1316211541 26
1316211601 26
1316211661 26
1316211721 26
1316211781 26
1316211841 27
1316211901 10
1316211961 11
1316212021 11
1316212081 12
1316212141 13
1316212201 13
1316212261 13
1316212321 11
1316212381 13
1316212441 14
1316212501 14
1316212561 14
1316212621 14
1316212681 15
1316212741 16
1316212801 13
1316212861 13
1316212921 13
1316212981 13
1316213041 15
1316213101 15
1316213161 15
1316213221 15
1316213281 15
1316213341 16
1316213401 13
1316213461 13
1316213521 13
1316213581 14
1316213641 16
1316213701 16
1316213761 15
1316213822 15
1316213881 16
1316213941 18
1316214001 16
1316214061 16
1316214121 16
1316214181 16
1316214241 14
1316214301 15
1316214361 15
1316214421 12
1316214481 13
1316214541 15
1316214601 15
1316214661 15
1316214721 15
1316214781 16
1316214841 13
1316214901 13
1316214961 13
1316215021 12
1316215081 13
1316215141 14
1316215201 14
1316215261 14
1316215321 12
1316215381 12
1316215441 14
1316215501 14
1316215561 14
1316215621 14
1316215681 15
1316215741 16
1316215801 16
1316215861 16
1316215921 16
1316215981 16
1316216041 18
1316216101 18
1316216161 18
1316216222 10
1316216281 11
1316216341 13
1316216401 13
1316216461 13
1316216521 13
1316216581 12
1316216641 12
1316216701 12
1316216761 12
1316216821 13
1316216881 14
1316216941 16
1316217001 16
1316217061 12
1316217121 14
1316217181 14
1316217241 17
1316217301 17
1316217361 13
1316217421 14
1316217481 15
1316217541 17
1316217601 17
1316217661 17
1316217721 17
1316217781 17
1316217841 19
1316217901 13
1316217961 12
1316218021 13
1316218081 13
1316218141 15
1316218201 15
1316218261 15
1316218321 15
1316218381 16
1316218441 14
1316218501 15
1316218561 15
1316218621 14
1316218681 16
1316218741 18
1316218801 17
1316218861 17
1316218921 18
1316218981 18
1316219041 20
1316219101 15
1316219161 16
1316219221 17
1316219281 19
1316219341 21
1316219401 17
1316219461 18
1316219521 20
1316219581 21
1316219641 20
1316219702 20
1316219762 17
1316219821 16
1316219881 17
1316219941 20
1316220001 18
1316220061 17
1316220121 18
1316220181 20
1316220241 22
1316220301 17
1316220361 18
1316220421 20
1316220481 20
1316220541 22
1316220601 22
1316220661 18
1316220721 21
1316220781 21
1316220841 22
1316220901 22
1316220961 21
1316221021 20
1316221081 22
1316221141 25
1316221201 23
1316221261 25
1316221321 25
1316221381 28
1316221441 30
1316221501 27
1316221561 27
1316221621 24
1316221681 27
1316221741 28
1316221801 26
1316221861 26
1316221921 22
1316221981 24
1316222041 25
1316222101 23
1316222161 23
1316222221 22
1316222281 27
1316222341 30
1316222401 30
1316222461 32
1316222521 34
1316222581 35
1316222641 37
1316222701 34
1316222761 32
1316222821 36
1316222881 37
1316222941 39
1316223001 38
1316223061 38
1316223121 40
1316223181 40
1316223241 39
1316223301 40
1316223361 40
1316223421 31
1316223481 34
1316223541 36
1316223601 40
1316223661 41
1316223721 47
1316223781 51
1316223841 53
1316223901 52
1316223961 56
1316224021 56
1316224081 57
1316224141 56
1316224201 57
1316224261 51
1316224321 51
1316224381 50
1316224441 50
1316224501 47
1316224561 50
1316224621 52
1316224681 52
1316224741 52
1316224801 52
1316224861 53
1316224921 50
1316224981 50
1316225041 54
1316225101 52
1316225161 51
1316225221 50
1316225281 49
1316225341 53
1316225401 49
1316225461 48
1316225521 48
1316225581 49
1316225641 48
1316225701 48
1316225761 51
1316225821 53
1316225881 55
1316225941 59
1316226001 59
1316226061 60
1316226122 62
1316226181 64
1316226241 63
1316226301 58
1316226361 64
1316226421 66
1316226481 67
1316226541 68
1316226601 66
1316226661 67
1316226721 61
1316226781 64
1316226841 59
1316226901 58
1316226961 60
1316227021 59
1316227081 59
1316227141 59
1316227201 57
1316227261 58
1316227321 58
1316227381 61
1316227441 57
1316227501 60
1316227561 62
1316227621 61
1316227681 67
1316227741 68
1316227801 64
1316227861 67
1316227921 63
1316227981 66
1316228041 68
1316228101 68
1316228161 67
1316228221 65
1316228281 72
1316228341 65
1316228401 64
1316228461 63
1316228521 64
1316228581 65
1316228641 61
1316228701 59
1316228761 60
1316228821 63
1316228881 63
1316228941 61
1316229002 60
1316229061 61
1316229121 62
1316229181 63
1316229241 61
1316229301 62
1316229361 63
1316229421 62
1316229481 63
1316229541 64
1316229601 67
1316229661 69
1316229721 69
1316229781 73
1316229841 75
1316229901 67
1316229961 67
1316230021 65
1316230081 66
1316230141 61
1316230201 63
1316230261 66
1316230321 66
1316230381 74
1316230441 75
1316230501 74
1316230561 74
1316230621 72
1316230681 77
1316230741 70
1316230801 70
1316230861 64
1316230921 66
1316230981 67
1316231041 65
1316231101 61
1316231161 60
1316231221 63
1316231281 65
1316231341 68
1316231401 61
1316231461 60
1316231521 61
1316231581 64
1316231641 59
1316231702 56
1316231761 57
1316231821 61
1316231881 65
1316231941 64
1316232001 67
1316232061 67
1316232122 70
1316232181 71
1316232242 71
1316232302 73
1316232361 72
1316232421 71
1316232481 73
1316232541 73
1316232601 68
1316232661 66
1316232721 62
1316232781 62
1316232841 61
1316232901 57
1316232961 54
1316233021 55
1316233081 59
1316233141 62
1316233201 57
1316233261 57
1316233321 56
1316233381 58
1316233441 55
1316233501 53
1316233561 50
1316233621 51
1316233681 54
1316233741 51
1316233801 53
1316233861 51
1316233921 51
1316233981 52
1316234041 53
1316234101 52
1316234161 53
1316234221 55
1316234281 58
1316234341 60
1316234401 59
1316234461 61
1316234521 63
1316234581 66
1316234641 69
1316234701 67
1316234761 68
1316234821 71
1316234881 65
1316234942 68
1316235001 60
1316235061 60
1316235121 59
1316235181 60
1316235241 61
1316235301 58
1316235361 56
1316235421 56
1316235481 61
1316235541 62
1316235601 60
1316235661 57
1316235721 55
1316235781 60
1316235841 67
1316235901 68
1316235961 66
1316236021 67
1316236081 71
1316236141 75
1316236201 71
1316236261 67
1316236321 68
1316236381 68
1316236441 75
1316236501 80
1316236561 85
1316236621 84
1316236681 91
1316236741 92
1316236801 97
1316236861 96
1316236921 89
1316236981 91
1316237041 92
1316237101 88
1316237161 88
1316237221 86
1316237281 85
1316237341 87
1316237401 88
1316237461 85
1316237521 85
1316237581 88
1316237641 91
1316237701 92
1316237761 93
1316237821 92
1316237881 90
1316237941 92
1316238001 91
1316238061 84
1316238121 86
1316238181 86
1316238241 88
1316238301 90
1316238361 84
1316238421 83
1316238481 83
1316238541 80
1316238601 75
1316238661 72
1316238721 70
1316238781 71
1316238841 74
1316238901 69
1316238961 65
1316239021 66
1316239081 65
1316239141 70
1316239201 73
1316239262 75
1316239321 73
1316239381 73
1316239441 77
1316239501 78
1316239561 73
1316239622 74
1316239681 73
1316239742 75
1316239802 79
1316239861 79
1316239921 70
1316239981 73
1316240041 81
1316240101 78
1316240161 79
1316240221 80
1316240281 82
1316240341 83
1316240401 87
1316240461 79
1316240521 80
1316240581 77
1316240641 82
1316240701 74
1316240761 74
1316240821 74
1316240881 72
1316240941 78
1316241001 78
1316241061 72
1316241121 71
1316241181 72
1316241241 79
1316241301 79
1316241361 75
1316241421 76
1316241481 79
1316241541 82
1316241601 79
1316241661 79
1316241721 80
1316241781 81
1316241841 84
1316241901 81
1316241961 76
1316242021 71
1316242081 75
1316242141 72
1316242201 72
1316242261 69
1316242321 70
1316242381 66
1316242441 66
1316242501 66
1316242561 64
1316242621 66
1316242681 64
1316242741 65
1316242801 67
1316242862 61
1316242921 59
1316242981 63
1316243041 66
1316243101 69
1316243161 70
1316243221 66
1316243281 68
1316243342 69
1316243401 71
1316243461 63
1316243521 62
1316243581 63
1316243641 65
1316243701 64
1316243761 67
1316243821 65
1316243881 65
1316243941 68
1316244001 72
1316244061 69
1316244121 69
1316244181 68
1316244241 66
1316244301 65
1316244361 65
1316244421 63
1316244481 60
1316244541 60
1316244601 65
1316244661 63
1316244721 65
1316244782 60
1316244841 61
1316244901 63
1316244961 60
1316245021 59
1316245081 61
1316245141 62
1316245201 61
1316245261 60
1316245321 63
1316245381 61
1316245441 63
1316245501 62
1316245561 61
1316245621 64
1316245681 64
1316245741 69
1316245801 67
1316245861 70
1316245921 66
1316245981 68
1316246041 69
1316246101 71
1316246161 68
1316246221 67
1316246281 65
1316246341 69
1316246401 64
1316246461 63
1316246521 63
1316246581 63
1316246641 63
1316246701 64
1316246761 63
1316246821 68
1316246881 66
1316246941 66
1316247001 66
1316247061 67
1316247121 68
1316247181 61
1316247241 63
1316247301 64
1316247361 59
1316247421 58
1316247481 51
1316247541 54
1316247601 54
1316247661 54
1316247721 49
1316247781 49
1316247841 52
1316247901 53
1316247961 51
1316248021 53
1316248081 48
1316248141 52
1316248201 54
1316248261 56
1316248321 56
1316248381 57
1316248441 57
1316248501 52
1316248561 52
1316248621 54
1316248681 55
1316248741 54
1316248801 52
1316248861 50
1316248921 49
1316248981 50
1316249041 52
1316249101 52
1316249161 54
1316249221 51
1316249281 48
1316249341 51
1316249401 48
1316249461 56
1316249521 53
1316249581 57
1316249641 58
1316249701 57
1316249761 60
1316249821 60
1316249881 58
1316249941 57
1316250001 58
1316250061 59
1316250121 55
1316250182 55
1316250241 57
1316250301 58
1316250361 55
1316250421 51
1316250481 52
1316250541 53
1316250601 55
1316250661 57
1316250721 55
1316250782 58
1316250841 59
1316250901 61
1316250961 65
1316251021 63
1316251081 62
1316251141 67
1316251201 70
1316251261 72
1316251321 59
1316251381 62
1316251441 58
1316251501 61
1316251561 63
1316251621 58
1316251681 63
1316251741 63
1316251801 64
1316251861 67
1316251921 67
1316251981 55
1316252041 49
1316252101 47
1316252161 49
1316252221 49
1316252281 45
1316252341 42
1316252401 40
1316252462 43
1316252521 40
1316252581 44
1316252641 46
1316252701 48
1316252761 48
1316252821 45
1316252881 45
1316252941 45
1316253001 43
1316253061 40
1316253121 38
1316253181 37
1316253241 41
1316253301 42
1316253361 41
1316253421 43
1316253481 42
1316253541 43
1316253601 44
1316253661 50
1316253721 49
1316253781 54
1316253841 56
1316253901 58
1316253961 52
1316254021 50
1316254081 54
1316254141 51
1316254201 47
1316254261 49
1316254321 49
1316254381 48
1316254441 45
1316254501 43
1316254561 47
1316254621 49
1316254681 50
1316254741 48
1316254801 49
1316254861 48
1316254921 50
1316254981 48
1316255041 48
1316255101 48
1316255161 52
1316255221 51
1316255281 53
1316255341 55
1316255401 52
1316255461 53
1316255521 49
1316255581 53
1316255641 54
1316255701 49
1316255761 48
1316255821 47
1316255881 48
1316255941 46
1316256001 47
1316256061 49
1316256121 47
1316256181 41
1316256241 42
1316256301 48
1316256361 46
1316256421 47
1316256481 44
1316256541 45
1316256601 51
1316256661 52
1316256721 52
1316256781 52
1316256841 53
1316256901 55
1316256961 45
1316257021 45
1316257081 46
1316257141 47
1316257201 40
1316257261 47
1316257321 46
1316257381 45
1316257442 46
1316257501 48
1316257561 53
1316257621 48
1316257681 45
1316257741 45
1316257801 49
1316257861 55
1316257921 56
1316257981 51
1316258041 50
1316258101 50
1316258161 57
1316258221 54
1316258281 55
1316258341 52
1316258401 52
1316258461 56
1316258521 50
1316258581 46
1316258641 48
1316258701 46
1316258761 47
1316258821 47
1316258881 49
1316258941 43
1316259001 43
1316259061 48
1316259121 45
1316259181 43
1316259242 45
1316259301 45
1316259361 49
1316259421 46
1316259481 43
1316259541 45
1316259601 45
1316259661 45
1316259721 48
1316259781 44
1316259841 46
1316259901 47
1316259961 49
1316260021 50
1316260081 47
1316260141 48
1316260201 51
1316260261 54
1316260321 54
1316260381 51
1316260441 52
1316260501 54
1316260561 54
1316260621 54
1316260681 53
1316260741 53
1316260801 54
1316260861 55
1316260921 56
1316260981 49
1316261041 49
1316261101 50
1316261161 48
1316261221 49
1316261281 49
1316261341 52
1316261402 54
1316261461 55
1316261521 55
1316261581 52
1316261642 55
1316261702 55
1316261761 56
1316261821 54
1316261881 49
1316261941 51
1316262001 53
1316262061 52
1316262121 54
1316262181 53
1316262241 54
1316262301 57
1316262361 55
1316262421 56
1316262481 54
1316262541 56
1316262601 58
1316262661 62
1316262721 58
1316262781 58
1316262841 61
1316262901 62
1316262961 60
1316263021 57
1316263081 57
1316263141 57
1316263201 53
1316263261 56
1316263321 51
1316263381 50
1316263441 51
1316263501 53
1316263561 51
1316263621 50
1316263681 50
1316263741 49
1316263801 53
1316263861 55
1316263921 54
1316263981 53
1316264041 57
1316264101 57
1316264161 60
1316264221 60
1316264282 59
1316264341 61
1316264401 60
1316264461 61
1316264521 61
1316264581 59
1316264641 62
1316264701 61
1316264761 66
1316264821 67
1316264881 66
1316264941 65
1316265001 67
1316265061 63
1316265121 61
1316265181 56
1316265241 58
1316265301 54
1316265361 53
1316265421 56
1316265481 53
1316265541 55
1316265601 57
1316265661 58
1316265722 60
1316265781 52
1316265841 53
1316265901 54
1316265961 55
1316266021 57
1316266081 51
1316266141 57
1316266201 57
1316266261 58
1316266321 62
1316266381 60
1316266441 62
1316266501 61
1316266561 59
1316266621 60
1316266681 60
1316266741 56
1316266801 54
1316266861 58
1316266921 59
1316266981 53
1316267041 54
1316267101 55
1316267161 59
1316267221 60
1316267281 58
1316267341 63
1316267401 64
1316267462 65
1316267521 66
1316267581 64
1316267641 68
1316267701 68
1316267761 69
1316267821 70
1316267881 62
1316267941 66
1316268001 69
1316268061 69
1316268122 71
1316268181 64
1316268242 68
1316268301 68
1316268361 68
1316268422 71
1316268481 67
1316268541 68
1316268601 67
1316268661 68
1316268721 69
1316268781 70
1316268841 71
1316268901 73
1316268961 74
1316269021 76
1316269081 67
1316269141 70
1316269201 73
1316269261 73
1316269321 78
1316269381 74
1316269441 74
1316269501 76
1316269561 74
1316269621 73
1316269681 75
1316269741 73
1316269801 69
1316269861 71
1316269921 73
1316269981 72
1316270041 73
1316270101 75
1316270161 80
1316270221 75
1316270281 77
1316270341 76
1316270401 80
1316270461 82
1316270521 81
1316270581 77
1316270641 80
1316270701 83
1316270761 79
1316270821 81
1316270881 81
1316270941 78
1316271002 80
1316271061 86
1316271121 85
1316271181 83
1316271241 89
1316271301 92
1316271361 97
1316271421 97
1316271481 97
1316271541 86
1316271601 88
1316271661 88
1316271721 87
1316271781 84
1316271841 85
1316271901 86
1316271961 91
1316272021 92
1316272081 78
1316272141 78
1316272201 79
1316272261 83
1316272322 76
1316272381 75
1316272441 76
1316272501 83
1316272561 77
1316272621 80
1316272681 76
1316272741 79
1316272801 80
1316272861 75
1316272921 77
1316272981 76
1316273041 75
1316273101 78
1316273161 74
1316273221 71
1316273281 70
1316273341 71
1316273401 77
1316273461 76
1316273521 77
1316273581 78
1316273641 81
1316273701 82
1316273761 83
1316273821 79
1316273881 81
1316273941 83
1316274001 87
1316274061 86
1316274121 88
1316274181 88
1316274241 85
1316274301 86
1316274361 82
1316274421 78
1316274481 77
1316274541 77
1316274601 77
1316274661 77
1316274721 75
1316274781 73
1316274841 75
1316274901 73
1316274961 73
1316275021 75
1316275081 71
1316275141 72
1316275201 71
