1309795261 96
1309795321 96
1309795381 88
1309795441 86
1309795501 87
1309795561 80
1309795621 82
1309795681 83
1309795741 85
1309795801 82
1309795861 74
1309795921 75
1309795981 67
1309796041 67
1309796101 70
1309796161 70
1309796221 68
1309796281 65
1309796341 66
1309796401 67
1309796461 66
1309796521 67
1309796581 65
1309796641 63
1309796701 59
1309796761 60
1309796821 63
1309796881 56
1309796941 58
1309797001 59
1309797061 59
1309797121 58
1309797181 59
1309797241 61
1309797301 63
1309797361 59
1309797421 63
1309797481 63
1309797541 64
1309797601 66
1309797661 63
1309797721 66
1309797781 66
1309797841 60
1309797901 63
1309797961 59
1309798021 63
1309798081 65
1309798141 57
1309798201 60
1309798261 60
1309798321 61
1309798381 62
1309798441 59
1309798501 59
1309798562 55
1309798621 55
1309798681 55
1309798741 50
1309798801 51
1309798861 48
1309798921 54
1309798981 54
1309799041 52
1309799101 53
1309799161 49
1309799221 51
1309799281 48
1309799341 47
1309799401 49
1309799461 47
1309799521 46
1309799581 45
1309799641 46
1309799701 48
1309799761 49
1309799821 45
1309799881 46
1309799941 44
1309800001 46
1309800061 43
1309800121 43
1309800181 43
1309800241 45
1309800301 46
1309800361 43
1309800421 44
1309800481 44
1309800541 45
1309800601 46
1309800661 41
1309800721 44
1309800781 44
1309800841 45
1309800901 44
1309800961 44
1309801021 45
1309801081 45
1309801141 45
1309801201 38
1309801261 39
1309801321 39
1309801381 40
1309801441 42
1309801501 43
1309801561 42
1309801621 44
1309801681 44
1309801741 44
1309801801 43
1309801861 43
1309801921 47
1309801981 47
1309802041 48
1309802101 49
1309802161 49
1309802221 50
1309802281 39
1309802341 40
1309802401 40
1309802461 38
1309802521 42
1309802582 41
1309802641 43
1309802701 43
1309802761 41
1309802821 43
1309802881 42
1309802941 43
1309803001 43
1309803061 41
1309803121 44
1309803181 44
1309803241 45
1309803301 46
1309803361 43
1309803421 45
1309803481 45
1309803541 46
1309803601 46
1309803661 38
1309803721 39
1309803781 39
1309803841 40
1309803901 40
1309803961 40
1309804021 40
1309804081 40
1309804141 41
1309804201 35
1309804261 35
1309804321 36
1309804381 35
1309804441 36
1309804501 36
1309804561 37
1309804621 38
1309804682 38
1309804741 39
1309804801 39
1309804861 39
1309804921 36
1309804981 36
1309805041 37
1309805101 37
1309805161 34
1309805221 35
1309805281 35
1309805341 36
1309805401 34
1309805461 35
1309805521 36
1309805581 36
1309805641 37
1309805701 37
1309805761 37
1309805821 38
1309805881 38
1309805941 38
1309806001 38
1309806061 33
1309806121 35
1309806181 35
1309806241 35
1309806301 35
1309806361 36
1309806421 36
1309806481 36
1309806541 37
1309806601 37
1309806661 37
1309806721 33
1309806782 33
1309806842 34
1309806902 34
1309806961 34
1309807021 35
1309807081 35
1309807141 36
1309807201 36
1309807261 36
1309807321 37
1309807381 31
1309807441 32
1309807501 32
1309807561 32
1309807621 32
1309807681 32
1309807741 33
1309807801 33
1309807861 33
1309807921 34
1309807981 31
1309808041 32
1309808101 32
1309808161 32
1309808221 32
1309808281 33
1309808341 33
1309808401 33
1309808462 32
1309808521 33
1309808581 35
1309808641 35
1309808701 35
1309808761 34
1309808821 35
1309808881 36
1309808941 37
1309809001 37
1309809061 37
1309809121 37
1309809181 39
1309809241 39
1309809301 39
1309809361 39
1309809421 40
1309809481 40
1309809541 41
1309809601 41
1309809661 41
1309809721 41
1309809781 41
1309809841 41
1309809901 41
1309809961 41
1309810021 42
1309810081 42
1309810141 43
1309810201 43
1309810261 43
1309810321 27
1309810381 27
1309810441 28
1309810501 28
1309810561 29
1309810621 30
1309810681 30
1309810741 31
1309810801 31
1309810861 31
1309810921 31
1309810981 31
1309811041 28
1309811101 28
1309811161 28
1309811221 29
1309811281 29
1309811341 30
1309811401 30
1309811463 30
1309811522 31
1309811582 31
1309811641 32
1309811701 32
1309811761 32
1309811821 32
1309811881 32
1309811941 32
1309812001 32
1309812061 32
1309812121 32
1309812181 32
1309812241 33
1309812301 33
1309812361 33
1309812421 34
1309812481 28
1309812541 30
1309812601 30
1309812661 30
1309812721 30
1309812781 30
1309812841 30
1309812901 30
1309812961 30
1309813021 31
1309813081 31
1309813141 32
1309813201 28
1309813261 28
1309813321 29
1309813381 29
1309813441 30
1309813501 30
1309813561 30
1309813621 31
1309813681 31
1309813741 31
1309813801 31
1309813861 31
1309813921 31
1309813981 27
1309814041 28
1309814101 28
1309814161 28
1309814221 29
1309814281 29
1309814341 30
1309814401 30
1309814461 30
1309814521 30
1309814581 27
1309814641 28
1309814701 28
1309814761 28
1309814821 28
1309814881 28
1309814941 28
1309815001 28
1309815061 28
1309815121 29
1309815181 29
1309815241 30
1309815301 30
1309815361 30
1309815421 31
1309815481 31
1309815541 32
1309815601 32
1309815661 32
1309815721 33
1309815781 33
1309815841 33
1309815901 33
1309815961 33
1309816021 33
1309816081 33
1309816141 33
1309816201 33
1309816261 33
1309816321 26
1309816381 26
1309816441 27
1309816501 27
1309816561 27
1309816621 27
1309816681 26
1309816741 27
1309816801 27
1309816861 27
1309816921 28
1309816981 28
1309817041 28
1309817101 28
1309817161 28
1309817221 27
1309817281 27
1309817341 28
1309817401 28
1309817461 28
1309817521 29
1309817581 29
1309817641 30
1309817701 30
1309817761 30
1309817822 27
1309817881 27
1309817941 27
1309818001 27
1309818062 27
1309818121 28
1309818181 28
1309818241 29
1309818301 29
1309818361 29
1309818421 30
1309818481 30
1309818541 30
1309818601 30
1309818661 30
1309818721 31
1309818781 31
1309818841 31
1309818901 31
1309818961 24
1309819021 25
1309819081 25
1309819141 26
1309819201 26
1309819261 26
1309819321 27
1309819381 25
1309819441 26
1309819501 26
1309819561 26
1309819621 26
1309819681 25
1309819741 27
1309819801 26
1309819861 26
1309819921 27
1309819981 27
1309820041 27
1309820101 27
1309820161 24
1309820221 25
1309820281 25
1309820341 24
1309820401 25
1309820461 25
1309820521 27
1309820581 27
1309820641 27
1309820701 26
1309820761 27
1309820821 28
1309820881 28
1309820941 29
1309821001 29
1309821061 29
1309821121 29
1309821181 27
1309821241 28
1309821301 28
1309821361 28
1309821421 28
1309821481 28
1309821541 28
1309821601 28
1309821661 28
1309821721 29
1309821781 29
1309821841 29
1309821901 26
1309821961 27
1309822022 29
1309822081 29
1309822141 30
1309822201 29
1309822261 30
1309822321 31
1309822381 31
1309822441 30
1309822501 30
1309822561 30
1309822621 31
1309822681 29
1309822741 30
1309822801 29
1309822861 29
1309822921 30
1309822981 30
1309823041 31
1309823101 31
1309823161 31
1309823221 32
1309823281 32
1309823341 32
1309823401 32
1309823461 32
1309823521 29
1309823581 30
1309823641 31
1309823701 31
1309823761 32
1309823821 35
1309823881 36
1309823941 31
1309824001 32
1309824061 34
1309824121 36
1309824181 36
1309824241 34
1309824301 34
1309824361 34
1309824421 35
1309824481 36
1309824541 29
1309824601 30
1309824661 30
1309824721 34
1309824781 34
1309824841 35
1309824901 35
1309824961 33
1309825021 37
1309825081 38
1309825141 38
1309825201 34
1309825261 34
1309825321 36
1309825381 33
1309825441 35
1309825501 35
1309825561 34
1309825621 34
1309825681 35
1309825741 35
1309825801 35
1309825861 35
1309825921 36
1309825981 30
1309826041 31
1309826101 31
1309826161 31
1309826221 32
1309826281 32
1309826341 33
1309826401 33
1309826461 33
1309826521 35
1309826581 37
1309826641 37
1309826701 37
1309826761 31
1309826821 33
1309826881 34
1309826941 37
1309827001 38
1309827061 38
1309827121 40
1309827181 41
1309827241 40
1309827301 35
1309827361 35
1309827421 37
1309827481 38
1309827541 35
1309827601 35
1309827661 35
1309827721 34
1309827781 38
1309827841 37
1309827901 34
1309827961 36
1309828021 37
1309828081 39
1309828141 38
1309828201 34
1309828261 32
1309828321 34
1309828381 33
1309828441 35
1309828501 35
1309828561 35
1309828621 34
1309828681 36
1309828741 34
1309828801 36
1309828861 33
1309828921 35
1309828981 38
1309829041 39
1309829101 35
1309829161 35
1309829221 36
1309829281 37
1309829341 32
1309829401 33
1309829461 32
1309829521 32
1309829581 34
1309829641 35
1309829701 34
1309829761 35
1309829821 37
1309829881 40
1309829941 41
1309830001 37
1309830061 40
1309830121 41
1309830181 40
1309830241 42
1309830301 41
1309830361 41
1309830421 45
1309830481 44
1309830541 47
1309830601 46
1309830661 46
1309830721 47
1309830781 47
1309830841 44
1309830901 46
1309830961 45
1309831021 43
1309831081 47
1309831141 47
1309831201 47
1309831261 47
1309831321 48
1309831381 46
1309831441 45
1309831501 42
1309831561 42
1309831621 45
1309831681 48
1309831741 47
1309831801 47
1309831862 46
1309831921 46
1309831981 46
1309832041 41
1309832101 40
1309832161 41
1309832221 40
1309832281 42
1309832341 42
1309832401 39
1309832461 40
1309832521 39
1309832581 39
1309832641 38
1309832701 38
1309832761 39
1309832821 39
1309832881 41
1309832941 42
1309833001 40
1309833061 40
1309833121 41
1309833181 41
1309833241 39
1309833301 38
1309833361 39
1309833421 41
1309833481 41
1309833541 43
1309833601 42
1309833661 42
1309833721 43
1309833781 45
1309833841 47
1309833901 42
1309833961 43
1309834021 41
1309834081 43
1309834142 43
1309834201 39
1309834261 39
1309834321 36
1309834381 38
1309834441 37
1309834501 35
1309834561 35
1309834621 35
1309834681 37
1309834741 37
1309834801 37
1309834861 38
1309834921 38
1309834981 38
1309835041 41
1309835101 43
1309835161 43
1309835221 46
1309835281 47
1309835341 46
1309835401 46
1309835461 42
1309835521 43
1309835581 44
1309835641 47
1309835701 48
1309835761 45
1309835821 46
1309835881 47
1309835941 45
1309836001 46
1309836061 44
1309836121 45
1309836181 44
1309836241 45
1309836301 40
1309836361 43
1309836421 47
1309836481 52
1309836541 54
1309836601 53
1309836661 54
1309836721 55
1309836781 50
1309836841 51
1309836901 51
1309836961 44
1309837021 45
1309837081 46
1309837141 46
1309837201 43
1309837261 43
1309837321 44
1309837381 45
1309837441 50
1309837501 51
1309837561 53
1309837621 53
1309837681 53
1309837741 55
1309837801 54
1309837862 53
1309837921 52
1309837981 53
1309838041 54
1309838101 55
1309838161 51
1309838221 51
1309838281 50
1309838341 52
1309838401 54
1309838461 49
1309838521 45
1309838581 45
1309838641 45
1309838701 49
1309838761 49
1309838821 46
1309838881 45
1309838941 48
1309839001 48
1309839061 48
1309839121 48
1309839181 48
1309839241 40
1309839301 42
1309839361 39
1309839421 39
1309839481 39
1309839541 43
1309839601 46
1309839661 46
1309839721 44
1309839781 42
1309839842 43
1309839901 44
1309839961 43
1309840021 43
1309840081 44
1309840141 45
1309840201 45
1309840261 48
1309840321 46
1309840381 49
1309840441 50
1309840501 52
1309840561 52
1309840621 51
1309840681 53
1309840741 51
1309840801 50
1309840861 51
1309840921 48
1309840981 48
1309841041 53
1309841101 53
1309841161 57
1309841221 57
1309841281 59
1309841341 59
1309841401 57
1309841461 56
1309841521 54
1309841581 54
1309841641 55
1309841701 56
1309841761 55
1309841821 56
1309841881 53
1309841941 56
1309842001 56
1309842061 55
1309842121 51
1309842181 51
1309842241 53
1309842301 49
1309842361 50
1309842421 51
1309842481 53
1309842542 56
1309842601 57
1309842661 56
1309842721 56
1309842781 57
1309842841 57
1309842901 48
1309842961 48
1309843021 49
1309843081 50
1309843141 51
1309843201 51
1309843261 46
1309843321 46
1309843381 49
1309843441 49
1309843501 48
1309843561 53
1309843621 51
1309843681 52
1309843741 51
1309843801 55
1309843861 57
1309843921 55
1309843981 56
1309844041 58
1309844101 61
1309844161 64
1309844221 60
1309844281 60
1309844341 60
1309844401 55
1309844461 60
1309844521 58
1309844581 57
1309844641 58
1309844701 59
1309844761 54
1309844821 56
1309844881 55
1309844941 56
1309845001 53
1309845061 57
1309845121 58
1309845181 59
1309845241 58
1309845301 56
1309845361 57
1309845421 56
1309845481 57
1309845541 56
1309845601 55
1309845661 57
1309845721 54
1309845781 55
1309845841 55
1309845901 55
1309845961 57
1309846021 57
1309846081 46
1309846141 46
1309846201 47
1309846261 50
1309846321 50
1309846381 51
1309846441 54
1309846501 51
1309846561 54
1309846621 51
1309846681 52
1309846741 54
1309846801 54
1309846861 56
1309846921 47
1309846981 48
1309847041 42
1309847101 41
1309847161 45
1309847221 45
1309847281 44
1309847341 44
1309847401 44
1309847461 49
1309847521 48
1309847581 48
1309847641 50
1309847701 52
1309847761 53
1309847821 52
1309847881 53
1309847941 52
1309848001 53
1309848061 56
1309848121 51
1309848181 52
1309848241 54
1309848301 54
1309848361 55
1309848421 51
1309848481 50
1309848541 54
1309848601 56
1309848661 57
1309848721 53
1309848781 54
1309848841 57
1309848901 56
1309848961 54
1309849021 50
1309849081 51
1309849141 51
1309849201 49
1309849261 51
1309849321 46
1309849381 48
1309849441 48
1309849501 51
1309849561 52
1309849621 53
1309849681 54
1309849741 55
1309849801 55
1309849861 55
1309849921 55
1309849981 53
1309850041 52
1309850101 53
1309850162 54
1309850221 49
1309850281 50
1309850341 51
1309850401 52
1309850461 48
1309850521 49
1309850581 52
1309850641 54
1309850701 55
1309850761 53
1309850821 53
1309850881 55
1309850941 56
1309851001 49
1309851061 52
1309851121 48
1309851181 50
1309851241 51
1309851301 50
1309851361 49
1309851421 48
1309851481 47
1309851541 47
1309851601 47
1309851661 50
1309851721 52
1309851781 51
1309851841 54
1309851901 50
1309851961 55
1309852021 58
1309852081 57
1309852141 57
1309852201 58
1309852261 58
1309852321 55
1309852381 53
1309852441 54
1309852501 50
1309852561 50
1309852622 50
1309852681 48
1309852741 50
1309852801 48
1309852861 48
1309852921 49
1309852981 50
1309853041 53
1309853101 54
1309853161 56
1309853221 48
1309853281 46
1309853341 48
1309853401 50
1309853461 50
1309853521 51
1309853581 52
1309853641 48
1309853701 47
1309853761 47
1309853821 44
1309853881 47
1309853941 49
1309854001 48
1309854061 48
1309854121 50
1309854181 50
1309854241 48
1309854301 50
1309854361 48
1309854421 49
1309854481 44
1309854541 46
1309854602 45
1309854661 48
1309854721 48
1309854781 49
1309854841 49
1309854901 43
1309854961 46
1309855021 45
1309855081 42
1309855141 44
1309855201 44
1309855261 47
1309855321 44
1309855381 46
1309855441 46
1309855501 49
1309855561 54
1309855621 53
1309855681 57
1309855741 56
1309855801 56
1309855861 58
1309855921 52
1309855981 52
1309856041 45
1309856101 46
1309856161 48
1309856221 49
1309856281 44
1309856341 47
1309856401 51
1309856461 54
1309856521 55
1309856581 53
1309856641 53
1309856701 53
1309856761 52
1309856821 47
1309856881 47
1309856941 49
1309857001 49
1309857062 51
1309857121 54
1309857181 54
1309857241 52
1309857301 50
1309857361 51
1309857421 49
1309857481 49
1309857541 45
1309857601 45
1309857661 49
1309857721 47
1309857781 47
1309857841 48
1309857901 44
1309857961 46
1309858021 47
1309858081 46
1309858141 48
1309858201 50
1309858261 51
1309858321 52
1309858381 48
1309858441 50
1309858501 50
1309858561 50
1309858621 50
1309858681 50
1309858741 45
1309858801 45
1309858861 43
1309858921 39
1309858981 40
1309859041 41
1309859101 42
1309859161 44
1309859221 44
1309859281 45
1309859341 46
1309859401 43
1309859461 45
1309859521 45
1309859581 45
1309859641 44
1309859701 44
1309859761 47
1309859821 49
1309859881 44
1309859941 45
1309860001 45
1309860061 42
1309860121 44
1309860181 43
1309860241 45
1309860302 45
1309860361 48
1309860421 49
1309860481 48
1309860541 45
1309860601 46
1309860661 45
1309860721 45
1309860781 43
1309860841 44
1309860901 40
1309860961 42
1309861021 42
1309861081 42
1309861141 40
1309861201 40
1309861261 42
1309861321 44
1309861381 43
1309861441 43
1309861501 43
1309861561 44
1309861621 45
1309861681 41
1309861741 41
1309861802 40
1309861861 41
1309861921 40
1309861981 41
1309862041 41
1309862101 42
1309862161 43
1309862221 39
1309862281 38
1309862341 40
1309862401 39
1309862461 40
1309862521 40
1309862581 37
1309862641 40
1309862701 40
1309862761 38
1309862821 38
1309862881 38
1309862941 39
1309863001 37
1309863061 36
1309863121 37
1309863181 37
1309863241 37
1309863301 35
1309863361 36
1309863421 34
1309863481 36
1309863541 37
1309863601 38
1309863661 39
1309863721 39
1309863781 39
1309863841 39
1309863901 40
1309863961 39
1309864022 39
1309864081 40
1309864141 40
1309864201 37
1309864261 35
1309864321 37
1309864381 38
1309864441 36
1309864501 37
1309864561 36
1309864621 37
1309864681 39
1309864741 39
1309864801 36
1309864861 36
1309864921 37
1309864981 36
1309865041 37
1309865101 34
1309865161 36
1309865221 37
1309865281 34
1309865341 36
1309865401 36
1309865461 37
1309865521 37
1309865581 39
1309865641 41
1309865701 39
1309865761 42
1309865821 43
1309865881 43
1309865941 39
1309866002 39
1309866061 38
1309866121 38
1309866181 38
1309866241 36
1309866301 36
1309866361 36
1309866421 37
1309866481 37
1309866541 37
1309866601 39
1309866661 39
1309866721 40
1309866781 41
1309866841 42
1309866901 43
1309866961 43
1309867021 44
1309867081 43
1309867141 43
1309867201 42
1309867261 44
1309867322 45
1309867381 39
1309867441 38
1309867501 39
1309867561 40
1309867621 37
1309867681 39
1309867741 39
1309867801 39
1309867861 38
1309867921 40
1309867981 40
1309868041 39
1309868101 42
1309868161 39
1309868221 42
1309868281 43
1309868341 44
1309868401 44
1309868461 44
1309868521 43
1309868581 43
1309868641 42
1309868701 44
1309868761 45
1309868821 46
1309868881 42
1309868941 44
1309869001 44
1309869061 40
1309869121 43
1309869181 43
1309869241 44
1309869301 44
1309869361 45
1309869421 46
1309869481 40
1309869541 42
1309869601 42
1309869661 43
1309869721 46
1309869781 43
1309869841 44
1309869902 45
1309869961 46
1309870021 44
1309870081 44
1309870141 41
1309870201 41
1309870261 42
1309870321 43
1309870381 43
1309870441 37
1309870501 40
1309870561 41
1309870621 42
1309870681 42
1309870741 45
1309870801 45
1309870861 40
1309870921 41
1309870981 42
1309871041 43
1309871101 40
1309871161 40
1309871221 42
1309871281 42
1309871341 43
1309871401 44
1309871461 45
1309871521 46
1309871581 46
1309871641 45
1309871701 43
1309871761 42
1309871821 42
1309871881 44
1309871941 43
1309872001 45
1309872061 45
1309872121 47
1309872181 46
1309872241 43
1309872301 44
1309872361 44
1309872421 40
1309872481 39
1309872541 40
1309872601 40
1309872661 40
1309872721 43
1309872781 43
1309872841 42
1309872901 43
1309872961 44
1309873021 39
1309873081 38
1309873141 40
1309873201 39
1309873262 40
1309873321 38
1309873381 40
1309873441 41
1309873501 38
1309873561 39
1309873621 38
1309873681 38
1309873741 35
1309873801 36
1309873861 37
1309873921 40
1309873981 40
1309874041 38
1309874101 38
1309874161 41
1309874221 41
1309874281 34
1309874341 37
1309874401 39
1309874461 40
1309874521 39
1309874581 39
1309874641 37
1309874701 37
1309874761 38
1309874821 39
1309874881 39
1309874941 36
1309875001 37
1309875061 40
1309875121 38
1309875181 39
1309875241 39
1309875301 39
1309875361 38
1309875421 42
1309875481 42
1309875541 40
1309875601 41
1309875661 44
1309875721 45
1309875781 42
1309875841 42
1309875901 42
1309875961 42
1309876021 43
1309876081 43
1309876141 39
1309876201 38
1309876261 40
1309876321 37
1309876381 38
1309876441 35
1309876501 37
1309876561 41
1309876621 42
1309876681 44
1309876741 43
1309876801 43
1309876861 42
1309876921 41
1309876981 42
1309877041 41
1309877101 40
1309877161 41
1309877221 40
1309877281 41
1309877341 41
1309877401 43
1309877461 45
1309877521 42
1309877581 41
1309877641 41
1309877701 40
1309877761 42
1309877821 43
1309877881 44
1309877941 43
1309878001 41
1309878061 42
1309878121 42
1309878181 42
1309878241 38
1309878301 42
1309878361 44
1309878421 45
1309878481 44
1309878541 44
1309878601 46
1309878661 48
1309878721 50
1309878781 47
1309878841 48
1309878901 45
1309878961 48
1309879021 49
1309879081 48
1309879141 43
1309879201 47
1309879261 46
1309879321 47
1309879381 42
1309879441 44
1309879501 44
1309879561 45
1309879621 43
1309879681 47
1309879741 46
1309879801 47
1309879861 45
1309879921 45
1309879981 46
1309880041 45
1309880101 43
1309880161 45
1309880221 45
1309880281 45
1309880341 45
1309880401 44
1309880461 44
1309880521 44
1309880581 45
1309880641 43
1309880701 43
1309880761 43
1309880821 43
1309880881 44
1309880941 44
1309881002 45
1309881061 41
1309881121 42
1309881181 45
1309881241 41
1309881301 43
1309881361 44
1309881421 43
1309881481 45
1309881541 44
1309881601 42
