1317225661 420
1317225721 408
1317225781 400
1317225841 400
1317225901 390
1317225961 396
1317226021 393
1317226081 390
1317226141 384
1317226201 389
1317226261 388
1317226321 382
1317226381 377
1317226441 376
1317226501 382
1317226561 387
1317226621 377
1317226682 380
1317226741 372
1317226801 371
1317226861 380
1317226921 377
1317226981 373
1317227041 376
1317227101 377
1317227161 371
1317227221 360
1317227281 358
1317227341 363
1317227402 352
1317227461 348
1317227521 347
1317227581 341
1317227641 348
1317227701 338
1317227761 343
1317227821 339
1317227881 332
1317227941 338
1317228001 330
1317228061 331
1317228121 334
1317228181 333
1317228241 331
1317228301 325
1317228361 324
1317228421 320
1317228481 316
1317228541 315
1317228601 310
1317228661 310
1317228721 320
1317228781 319
1317228841 332
1317228901 323
1317228961 329
1317229021 326
1317229081 325
1317229141 326
1317229201 317
1317229261 321
1317229321 331
1317229381 331
1317229441 321
1317229501 314
1317229561 319
1317229621 307
1317229681 291
1317229741 291
1317229801 284
1317229861 294
1317229921 279
1317229981 272
1317230041 273
1317230101 264
1317230161 272
1317230221 274
1317230281 273
1317230341 283
1317230401 275
1317230461 269
1317230521 275
1317230581 270
1317230641 267
1317230701 261
1317230761 276
1317230821 268
1317230881 268
1317230941 269
1317231001 268
1317231061 272
1317231121 266
1317231181 260
1317231241 268
1317231301 255
1317231361 255
1317231421 255
1317231481 247
1317231541 244
1317231601 236
1317231661 237
1317231721 234
1317231781 228
1317231841 234
1317231901 229
1317231961 236
1317232021 245
1317232081 238
1317232141 239
1317232201 233
1317232261 238
1317232321 237
1317232381 225
1317232441 228
1317232502 228
1317232561 223
1317232621 229
1317232681 222
1317232741 220
1317232801 210
1317232861 213
1317232921 204
1317232981 200
1317233041 198
1317233101 188
1317233161 192
1317233221 189
1317233281 197
1317233341 198
1317233401 195
1317233461 199
1317233521 199
1317233581 185
1317233641 186
1317233701 192
1317233761 189
1317233822 188
1317233882 174
1317233942 183
1317234001 182
1317234061 190
1317234121 169
1317234181 169
1317234241 171
1317234301 168
1317234361 176
1317234421 174
1317234481 173
1317234541 179
1317234601 172
1317234661 172
1317234721 166
1317234781 168
1317234841 175
1317234901 161
1317234961 165
1317235021 164
1317235081 167
1317235141 165
1317235201 168
1317235261 168
1317235321 173
1317235381 159
1317235441 166
1317235501 168
1317235561 154
1317235621 160
1317235681 154
1317235741 158
1317235801 148
1317235861 151
1317235921 155
1317235981 148
1317236041 152
1317236101 150
1317236161 150
1317236221 149
1317236281 153
1317236341 158
1317236402 161
1317236461 144
1317236521 147
1317236581 146
1317236641 142
1317236701 146
1317236761 143
1317236821 149
1317236881 151
1317236941 135
1317237001 133
1317237061 131
1317237121 136
1317237181 135
1317237241 129
1317237301 132
1317237361 136
1317237421 133
1317237481 129
1317237541 130
1317237601 129
1317237661 132
1317237721 137
1317237781 139
1317237841 142
1317237901 128
1317237961 131
1317238021 127
1317238081 121
1317238141 120
1317238201 122
1317238261 118
1317238321 121
1317238381 116
1317238441 119
1317238501 119
1317238561 117
1317238621 121
1317238681 123
1317238741 120
1317238801 123
1317238861 125
1317238921 129
1317238981 132
1317239041 114
1317239101 109
1317239161 112
1317239221 118
1317239281 114
1317239341 112
1317239401 114
1317239461 118
1317239522 122
1317239581 125
1317239642 129
1317239701 130
1317239761 132
1317239821 136
1317239881 137
1317239941 140
1317240001 105
1317240061 108
1317240121 112
1317240181 104
1317240241 109
1317240301 111
1317240361 114
1317240421 111
1317240481 113
1317240541 108
1317240602 112
1317240662 116
1317240721 120
1317240781 113
1317240841 117
1317240901 119
1317240961 121
1317241021 123
1317241081 106
1317241141 107
1317241201 108
1317241261 111
1317241321 116
1317241381 117
1317241441 120
1317241501 103
1317241561 106
1317241621 112
1317241681 114
1317241741 119
1317241801 122
1317241861 124
1317241921 127
1317241981 128
1317242041 130
1317242104 101
1317242161 103
1317242221 106
1317242281 109
1317242341 104
1317242401 104
1317242461 108
1317242521 112
1317242581 115
1317242641 117
1317242701 120
1317242762 123
1317242821 126
1317242881 127
1317242941 129
1317243001 131
1317243061 132
1317243121 135
1317243181 135
1317243241 136
1317243301 136
1317243361 104
1317243421 105
1317243481 108
1317243541 104
1317243601 106
1317243661 110
1317243721 114
1317243781 116
1317243841 119
1317243901 123
1317243961 125
1317244022 128
1317244081 128
1317244141 106
1317244202 110
1317244194 110
1317244201 110
1317244261 112
1317244321 114
1317244381 115
1317244441 118
1317244501 120
1317244561 123
1317244621 126
1317244681 126
1317244741 104
1317244801 107
1317244861 109
1317244921 113
1317244981 115
1317245041 118
1317245101 121
1317245161 125
1317245221 106
1317245281 109
1317245341 111
1317245401 107
1317245461 110
1317245521 112
1317245582 115
1317245641 116
1317245701 105
1317245761 109
1317245821 112
1317245881 113
1317245941 103
1317246001 103
1317246061 108
1317246121 111
1317246181 113
1317246241 116
1317246301 118
1317246361 121
1317246421 121
1317246481 125
1317246541 127
1317246601 128
1317246661 131
1317246721 132
1317246781 134
1317246841 136
1317246901 138
1317246961 105
1317247021 107
1317247081 110
1317247141 113
1317247201 116
1317247261 120
1317247321 120
1317247381 104
1317247441 106
1317247501 107
1317247561 99
1317247621 103
1317247681 107
1317247741 102
1317247801 103
1317247861 107
1317247921 108
1317247981 101
1317248041 105
1317248101 105
1317248161 101
1317248221 103
1317248281 107
1317248341 103
1317248401 103
1317248461 100
1317248521 103
1317248581 105
1317248641 102
1317248701 104
1317248761 106
1317248821 107
1317248881 111
1317248941 114
1317249001 115
1317249061 104
1317249121 107
1317249181 109
1317249241 104
1317249301 105
1317249361 108
1317249421 104
1317249481 108
1317249541 113
1317249601 113
1317249661 107
1317249721 109
1317249781 112
1317249841 116
1317249902 105
1317249961 109
1317250021 107
1317250081 110
1317250141 114
1317250201 114
1317250261 106
1317250322 109
1317250381 106
1317250441 107
1317250501 107
1317250561 111
1317250621 110
1317250681 114
1317250741 119
1317250801 119
1317250861 108
1317250921 112
1317250981 107
1317251041 109
1317251101 104
1317251161 109
1317251221 109
1317251281 109
1317251341 112
1317251401 112
1317251461 116
1317251521 116
1317251581 120
1317251641 124
1317251701 125
1317251761 109
1317251821 109
1317251881 109
1317251941 111
1317252001 108
1317252061 113
1317252121 113
1317252181 113
1317252241 113
1317252301 113
1317252361 113
1317252421 114
1317252481 117
1317252541 114
1317252601 109
1317252661 108
1317252721 112
1317252781 106
1317252841 111
1317252901 109
1317252961 111
1317253021 114
1317253081 112
1317253141 116
1317253201 115
1317253262 115
1317253321 117
1317253381 119
1317253441 119
1317253501 120
1317253561 121
1317253621 120
1317253681 123
1317253741 123
1317253801 123
1317253861 123
1317253921 125
1317253981 120
1317254041 121
1317254101 123
1317254161 129
1317254221 120
1317254281 122
1317254341 125
1317254401 123
1317254461 128
1317254521 128
1317254581 130
1317254641 135
1317254701 125
1317254761 127
1317254821 127
1317254881 130
1317254941 134
1317255001 122
1317255061 128
1317255121 126
1317255181 128
1317255241 132
1317255301 151
1317255361 165
1317255421 156
1317255482 159
1317255541 160
1317255602 161
1317255661 163
1317255721 155
1317255781 152
1317255841 159
1317255901 160
1317255961 184
1317256021 193
1317256081 216
1317256141 222
1317256201 223
1317256261 218
1317256321 221
1317256381 220
1317256441 221
1317256501 220
1317256562 211
1317256621 212
1317256681 214
1317256741 211
1317256801 206
1317256861 209
1317256921 211
1317256981 209
1317257041 212
1317257101 217
1317257161 215
1317257221 211
1317257281 213
1317257341 212
1317257401 217
1317257461 223
1317257521 230
1317257581 232
1317257641 229
1317257701 229
1317257761 233
1317257821 230
1317257881 248
1317257941 253
1317258001 259
1317258061 259
1317258121 260
1317258181 262
1317258241 267
1317258301 263
1317258361 264
1317258421 266
1317258481 265
1317258541 263
1317258601 260
1317258661 259
1317258721 255
1317258781 259
1317258841 261
1317258901 257
1317258961 259
1317259021 257
1317259082 257
1317259141 264
1317259201 261
1317259261 257
1317259321 264
1317259381 264
1317259441 266
1317259501 266
1317259561 268
1317259621 269
1317259681 273
1317259741 274
1317259801 264
1317259861 268
1317259921 275
1317259981 274
1317260041 274
1317260101 269
1317260161 274
1317260221 276
1317260281 275
1317260341 277
1317260401 279
1317260461 288
1317260521 287
1317260581 281
1317260641 281
1317260701 279
1317260761 277
1317260821 273
1317260881 277
1317260941 269
1317261001 264
1317261061 266
1317261121 257
1317261181 242
1317261241 240
1317261301 238
1317261361 239
1317261421 232
1317261481 232
1317261541 246
1317261601 246
1317261661 239
1317261721 241
1317261782 243
1317261841 240
1317261901 238
1317261961 243
1317262021 236
1317262081 239
1317262141 220
1317262201 194
1317262261 174
1317262321 172
1317262381 186
1317262441 182
1317262501 185
1317262561 182
1317262621 176
1317262681 196
1317262741 190
1317262801 194
1317262861 192
1317262921 189
1317262981 187
1317263041 189
1317263101 185
1317263161 195
1317263221 196
1317263281 192
1317263341 194
1317263401 188
1317263461 191
1317263521 190
1317263581 192
1317263641 188
1317263701 161
1317263761 169
1317263821 172
1317263881 176
1317263941 178
1317264001 181
1317264061 185
1317264121 185
1317264181 185
1317264241 179
1317264301 176
1317264361 178
1317264421 184
1317264481 212
1317264541 222
1317264601 220
1317264661 222
1317264721 222
1317264781 217
1317264841 215
1317264901 213
1317264961 204
1317265021 201
1317265081 201
1317265141 199
1317265201 203
1317265261 200
1317265321 205
1317265381 206
1317265441 213
1317265501 212
1317265561 212
1317265621 218
1317265681 219
1317265741 218
1317265801 220
1317265861 221
1317265921 217
1317265981 210
1317266041 208
1317266101 208
1317266161 210
1317266221 204
1317266281 209
1317266341 209
1317266401 209
1317266461 213
1317266521 214
1317266581 214
1317266641 215
1317266701 223
1317266761 222
1317266821 217
1317266881 215
1317266941 215
1317267001 208
1317267061 206
1317267121 191
1317267181 197
1317267241 190
1317267301 192
1317267361 195
1317267421 200
1317267481 201
1317267541 203
1317267601 201
1317267661 207
1317267721 207
1317267781 209
1317267841 205
1317267901 213
1317267961 216
1317268021 218
1317268081 227
1317268141 222
1317268201 222
1317268261 221
1317268321 224
1317268381 223
1317268441 222
1317268501 228
1317268561 221
1317268621 221
1317268681 220
1317268741 215
1317268801 217
1317268861 212
1317268921 212
1317268981 216
1317269041 217
1317269101 221
1317269162 214
1317269221 218
1317269282 226
1317269342 219
1317269401 216
1317269461 224
1317269521 225
1317269581 230
1317269641 203
1317269701 202
1317269761 196
1317269821 191
1317269881 182
1317269941 184
1317270001 188
1317270061 196
1317270121 200
1317270181 204
1317270241 193
1317270301 199
1317270361 201
1317270421 204
1317270481 207
1317270541 203
1317270601 203
1317270662 205
1317270721 201
1317270781 203
1317270841 201
1317270901 203
1317270961 208
1317271021 211
1317271081 202
1317271141 207
1317271201 207
1317271261 210
1317271321 202
1317271381 204
1317271441 204
1317271501 208
1317271561 205
1317271621 211
1317271681 219
1317271741 217
1317271801 222
1317271861 211
1317271921 213
1317271981 212
1317272041 204
1317272101 204
1317272161 210
1317272221 216
1317272281 222
1317272341 221
1317272401 219
1317272461 219
1317272521 212
1317272581 215
1317272641 218
1317272701 221
1317272761 223
1317272821 216
1317272881 214
1317272941 214
1317273001 214
1317273061 217
1317273121 218
1317273181 218
1317273241 219
1317273301 221
1317273361 214
1317273421 219
1317273481 218
1317273541 212
1317273601 212
1317273661 205
1317273721 209
1317273781 208
1317273841 207
1317273901 215
1317273961 218
1317274021 223
1317274081 221
1317274141 230
1317274201 238
1317274261 237
1317274321 235
1317274381 238
1317274441 238
1317274501 236
1317274561 238
1317274621 231
1317274681 244
1317274741 240
1317274801 238
1317274861 236
1317274921 236
1317274981 229
1317275041 222
1317275101 214
1317275161 216
1317275221 218
1317275281 219
1317275341 220
1317275401 220
1317275461 218
1317275521 228
1317275581 221
1317275642 223
1317275701 227
1317275761 232
1317275821 240
1317275881 241
1317275941 241
1317276001 242
1317276061 238
1317276121 235
1317276181 242
1317276241 245
1317276301 245
1317276361 244
1317276421 249
1317276481 252
1317276541 249
1317276601 238
1317276661 237
1317276721 243
1317276781 230
1317276841 230
1317276901 221
1317276961 226
1317277021 215
1317277081 210
1317277142 216
1317277202 214
1317277261 221
1317277321 224
1317277381 224
1317277441 224
1317277501 221
1317277561 225
1317277621 218
1317277681 225
1317277741 226
1317277801 227
1317277861 220
1317277921 216
1317277981 220
1317278041 215
1317278101 208
1317278161 209
1317278221 207
1317278281 205
1317278341 204
1317278401 201
1317278461 204
1317278521 201
1317278581 201
1317278641 203
1317278701 203
1317278761 206
1317278821 210
1317278881 212
1317278941 206
1317279001 209
1317279061 218
1317279121 216
1317279181 220
1317279241 221
1317279301 223
1317279362 226
1317279421 231
1317279481 236
1317279541 233
1317279601 236
1317279661 237
1317279721 235
1317279781 239
1317279841 235
1317279901 229
1317279961 235
1317280021 228
1317280081 235
1317280141 233
1317280201 230
1317280261 230
1317280321 229
1317280381 232
1317280441 230
1317280501 227
1317280561 226
1317280621 227
1317280681 230
1317280741 226
1317280801 220
1317280861 225
1317280921 229
1317280982 232
1317281042 236
1317281101 236
1317281161 241
1317281221 234
1317281281 243
1317281341 245
1317281401 254
1317281461 262
1317281521 261
1317281581 265
1317281641 264
1317281701 254
1317281761 252
1317281821 253
1317281881 255
1317281941 253
1317282001 253
1317282061 255
1317282121 255
1317282181 256
1317282241 254
1317282301 251
1317282361 247
1317282421 250
1317282481 256
1317282541 259
1317282601 255
1317282661 256
1317282721 257
1317282781 264
1317282841 263
1317282901 258
1317282961 264
1317283021 264
1317283081 264
1317283141 261
1317283201 254
1317283261 257
1317283321 246
1317283381 249
1317283441 241
1317283502 233
1317283561 235
1317283622 234
1317283681 245
1317283741 244
1317283801 243
1317283861 240
1317283921 241
1317283981 240
1317284041 240
1317284101 274
1317284161 282
1317284221 284
1317284281 297
1317284341 296
1317284401 296
1317284461 320
1317284521 333
1317284581 344
1317284641 345
1317284701 347
1317284761 350
1317284821 355
1317284881 361
1317284941 361
1317285001 371
1317285061 372
1317285121 370
1317285181 373
1317285241 373
1317285301 370
1317285361 375
1317285421 374
1317285481 378
1317285541 382
1317285601 376
1317285661 376
1317285721 372
1317285781 380
1317285841 373
1317285901 370
1317285961 370
1317286021 375
1317286081 375
1317286141 381
1317286201 373
1317286261 383
1317286321 387
1317286381 394
1317286441 396
1317286501 392
1317286561 394
1317286621 386
1317286681 386
1317286741 383
1317286801 382
1317286861 386
1317286921 388
1317286982 393
1317287041 390
1317287101 401
1317287161 406
1317287221 407
1317287281 413
1317287341 410
1317287401 411
1317287461 409
1317287521 415
1317287581 418
1317287641 419
1317287701 416
1317287761 414
1317287821 418
1317287881 415
1317287941 414
1317288001 406
1317288061 400
1317288121 397
1317288181 406
1317288241 410
1317288301 412
1317288361 439
1317288421 441
1317288481 446
1317288541 448
1317288601 447
1317288661 450
1317288721 448
1317288781 442
1317288841 444
1317288901 430
1317288961 433
1317289021 426
1317289081 423
1317289141 427
1317289202 417
1317289261 425
1317289321 428
1317289381 425
1317289441 424
1317289501 423
1317289561 424
1317289621 420
1317289681 420
1317289741 412
1317289801 403
1317289861 402
1317289921 386
1317289981 383
1317290041 382
1317290101 372
1317290161 371
1317290221 358
1317290281 365
1317290341 371
1317290401 345
1317290461 343
1317290521 340
1317290581 341
1317290641 338
1317290702 325
1317290761 316
1317290821 274
1317290881 266
1317290941 256
1317291001 247
1317291061 241
1317291121 243
1317291181 234
1317291241 229
1317291301 224
1317291361 230
1317291421 235
1317291481 233
1317291541 226
1317291601 214
1317291661 200
1317291721 193
1317291781 196
1317291841 189
1317291901 184
1317291961 189
1317292021 188
1317292081 191
1317292141 188
1317292201 185
1317292261 184
1317292321 191
1317292381 194
1317292441 194
1317292501 191
1317292561 186
1317292621 192
1317292682 188
1317292741 191
1317292801 191
1317292861 194
1317292921 195
1317292981 198
1317293041 200
1317293101 194
1317293161 195
1317293221 198
1317293281 198
1317293341 206
1317293401 203
1317293461 203
1317293521 203
1317293581 198
1317293641 197
1317293701 200
1317293761 197
1317293821 196
1317293881 194
1317293941 202
1317294001 195
1317294061 194
1317294121 202
1317294181 210
1317294241 203
1317294301 207
1317294361 210
1317294421 205
1317294481 204
1317294541 206
1317294601 211
1317294661 199
1317294721 205
1317294781 209
1317294842 207
1317294901 218
1317294961 213
1317295021 212
1317295081 213
1317295141 217
1317295201 222
1317295261 210
1317295321 212
1317295381 215
1317295441 211
1317295501 211
1317295561 211
1317295621 216
1317295681 222
1317295741 222
1317295801 230
1317295861 227
1317295921 231
1317295981 230
1317296041 224
1317296101 232
1317296161 231
1317296221 218
1317296282 218
1317296341 217
1317296401 226
1317296461 225
1317296521 224
1317296581 233
1317296641 223
1317296701 231
1317296761 226
1317296821 228
1317296881 226
1317296941 221
1317297001 227
1317297061 230
1317297121 217
1317297181 218
1317297241 218
1317297301 225
1317297361 223
1317297421 231
1317297481 233
1317297541 242
1317297601 238
1317297661 235
1317297721 240
1317297781 240
1317297841 234
1317297901 238
1317297961 224
1317298021 226
1317298081 235
1317298141 235
1317298201 235
1317298261 225
1317298321 231
1317298381 235
1317298441 235
1317298501 239
1317298561 238
1317298621 236
1317298681 238
1317298741 230
1317298801 239
1317298861 235
1317298921 236
1317298981 239
1317299041 235
1317299101 237
1317299161 235
1317299221 235
1317299281 244
1317299341 243
1317299401 243
1317299461 239
1317299521 244
1317299581 241
1317299641 240
1317299701 240
1317299761 240
1317299821 241
1317299881 247
1317299941 241
1317300001 243
1317300061 243
1317300121 245
1317300181 253
1317300241 253
1317300301 254
1317300361 245
1317300422 247
1317300481 257
1317300541 249
1317300601 248
1317300661 248
1317300721 249
1317300781 251
1317300841 247
1317300901 251
1317300961 251
1317301021 250
1317301081 263
1317301141 257
1317301201 261
1317301261 267
1317301321 259
1317301381 262
1317301441 260
1317301501 258
1317301561 253
1317301622 250
1317301681 252
1317301741 250
1317301801 250
1317301861 247
1317301921 248
1317301981 252
1317302041 245
1317302101 247
1317302161 250
1317302221 248
1317302282 256
1317302342 256
1317302401 259
1317302461 261
1317302521 264
1317302581 265
1317302641 262
1317302701 261
1317302761 266
1317302821 261
1317302881 268
1317302941 258
1317303001 263
1317303061 255
1317303122 260
1317303181 267
1317303241 263
1317303301 257
1317303361 257
1317303421 253
1317303481 257
1317303541 243
1317303601 247
1317303661 247
1317303721 242
1317303781 249
1317303841 251
1317303901 261
1317303961 248
1317304021 251
1317304081 253
1317304141 254
1317304201 259
1317304261 255
1317304321 255
1317304381 261
1317304441 266
1317304501 264
1317304561 261
1317304621 264
1317304681 266
1317304741 263
1317304801 264
1317304861 268
1317304921 263
1317304981 264
1317305041 265
1317305101 263
1317305161 272
1317305221 273
1317305281 269
1317305341 268
1317305401 268
1317305461 271
1317305521 265
1317305581 274
1317305641 273
1317305701 268
1317305761 274
1317305821 275
1317305881 278
1317305941 279
1317306001 288
1317306061 278
1317306121 277
1317306181 278
1317306241 283
1317306301 285
1317306361 296
1317306421 291
1317306481 285
1317306541 289
1317306601 288
1317306661 284
1317306721 289
1317306781 292
1317306842 307
1317306901 292
1317306961 281
1317307021 276
1317307081 276
1317307141 280
1317307201 281
1317307261 275
1317307321 274
1317307381 270
1317307441 287
1317307501 271
1317307561 269
1317307621 268
1317307681 263
1317307741 277
1317307801 255
1317307861 259
1317307921 262
1317307981 260
1317308041 263
1317308101 268
1317308161 270
1317308221 269
1317308281 266
1317308341 277
1317308401 278
1317308461 278
1317308522 274
1317308581 276
1317308641 286
1317308701 286
1317308762 281
1317308821 278
1317308881 277
1317308941 274
1317309001 272
1317309061 274
1317309121 277
1317309181 280
1317309241 281
1317309301 279
1317309361 281
1317309421 280
1317309481 283
1317309541 282
1317309601 283
1317309661 285
1317309721 275
1317309781 276
1317309841 277
1317309901 270
1317309961 266
1317310021 257
1317310081 268
1317310141 275
1317310201 281
1317310261 274
1317310321 272
1317310381 272
1317310441 273
1317310501 277
1317310561 263
1317310621 262
1317310681 262
1317310741 267
1317310801 265
1317310861 268
1317310921 263
1317310981 271
1317311041 275
1317311101 274
1317311161 265
1317311221 268
1317311281 265
1317311341 265
1317311401 275
1317311461 271
1317311521 270
1317311581 271
1317311641 271
1317311701 272
1317311761 266
1317311821 262
1317311881 266
1317311941 266
1317312001 273
