1318435261 463
1318435321 459
1318435381 461
1318435441 453
1318435501 451
1318435561 439
1318435622 441
1318435681 435
1318435741 432
1318435801 424
1318435861 425
1318435921 411
1318435981 413
1318436041 400
1318436101 401
1318436161 408
1318436221 400
1318436281 397
1318436341 397
1318436401 399
1318436461 404
1318436521 406
1318436581 402
1318436641 407
1318436701 400
1318436761 401
1318436821 392
1318436881 388
1318436941 385
1318437001 390
1318437061 384
1318437121 387
1318437181 382
1318437241 378
1318437301 380
1318437361 382
1318437421 383
1318437481 389
1318437541 386
1318437601 381
1318437661 386
1318437721 388
1318437781 380
1318437841 370
1318437901 361
1318437961 367
1318438021 361
1318438081 360
1318438141 365
1318438201 367
1318438261 367
1318438321 358
1318438381 352
1318438441 343
1318438501 343
1318438561 345
1318438621 349
1318438681 335
1318438741 349
1318438801 349
1318438862 350
1318438921 341
1318438981 339
1318439042 331
1318439101 329
1318439162 332
1318439222 330
1318439281 332
1318439341 324
1318439401 320
1318439461 326
1318439521 324
1318439581 329
1318439641 325
1318439701 331
1318439761 317
1318439821 323
1318439881 317
1318439941 321
1318440001 307
1318440061 317
1318440121 306
1318440181 316
1318440241 305
1318440301 313
1318440361 301
1318440421 304
1318440481 308
1318440541 303
1318440601 303
1318440661 303
1318440721 307
1318440781 296
1318440841 289
1318440901 295
1318440962 296
1318441021 292
1318441081 292
1318441141 285
1318441201 294
1318441261 290
1318441321 290
1318441381 283
1318441441 288
1318441501 284
1318441561 275
1318441621 272
1318441681 266
1318441741 265
1318441801 261
1318441861 263
1318441921 256
1318441981 256
1318442041 254
1318442101 253
1318442161 256
1318442221 250
1318442281 255
1318442341 249
1318442401 253
1318442461 255
1318442521 249
1318442581 248
1318442641 246
1318442701 254
1318442761 255
1318442821 247
1318442881 247
1318442941 250
1318443001 257
1318443061 255
1318443121 255
1318443181 253
1318443241 247
1318443301 252
1318443361 249
1318443421 248
1318443481 244
1318443541 242
1318443601 243
1318443661 232
1318443722 236
1318443781 243
1318443842 233
1318443901 244
1318443962 239
1318444022 231
1318444081 226
1318444141 230
1318444201 239
1318444261 227
1318444321 230
1318444381 222
1318444441 216
1318444501 220
1318444561 216
1318444621 213
1318444682 213
1318444741 214
1318444801 225
1318444861 213
1318444921 215
1318444981 209
1318445041 211
1318445101 212
1318445161 210
1318445221 210
1318445281 211
1318445341 209
1318445401 204
1318445461 202
1318445521 204
1318445581 208
1318445641 201
1318445701 200
1318445761 198
1318445822 186
1318445881 184
1318445941 180
1318446001 187
1318446061 182
1318446121 181
1318446181 177
1318446242 177
1318446301 183
1318446361 187
1318446422 177
1318446481 182
1318446541 177
1318446602 181
1318446661 180
1318446721 186
1318446781 180
1318446842 167
1318446901 175
1318446961 172
1318447021 174
1318447081 178
1318447141 158
1318447201 165
1318447261 163
1318447321 155
1318447381 156
1318447441 157
1318447501 161
1318447562 165
1318447621 146
1318447681 151
1318447741 155
1318447801 145
1318447861 148
1318447921 136
1318447981 142
1318448041 134
1318448101 139
1318448162 136
1318448222 137
1318448282 139
1318448341 140
1318448401 142
1318448461 131
1318448521 135
1318448581 139
1318448641 134
1318448701 138
1318448761 142
1318448821 148
1318448881 130
1318448941 134
1318449002 135
1318449061 138
1318449121 143
1318449181 147
1318449241 150
1318449301 155
1318449361 130
1318449421 125
1318449481 121
1318449541 122
1318449601 120
1318449661 127
1318449721 123
1318449781 127
1318449841 123
1318449901 128
1318449961 129
1318450021 130
1318450081 133
1318450141 136
1318450201 139
1318450261 144
1318450321 114
1318450381 118
1318450441 120
1318450501 123
1318450561 127
1318450621 128
1318450681 113
1318450741 112
1318450801 117
1318450861 123
1318450921 125
1318450981 127
1318451041 107
1318451101 111
1318451161 111
1318451221 109
1318451281 109
1318451341 112
1318451401 112
1318451481 115
1318451523 116
1318451581 112
1318451641 113
1318451701 118
1318451761 122
1318451821 124
1318451881 126
1318451941 129
1318452001 133
1318452061 110
1318452121 104
1318452181 110
1318452242 113
1318452301 116
1318452364 121
1318452421 123
1318452481 125
1318452541 127
1318452601 107
1318452662 111
1318452721 113
1318452781 113
1318452841 115
1318452901 117
1318452961 119
1318453021 119
1318453081 122
1318453141 124
1318453201 128
1318453261 134
1318453321 136
1318453381 137
1318453442 139
1318453501 143
1318453561 147
1318453621 148
1318453681 150
1318453741 152
1318453801 155
1318453794 155
1318453801 156
1318453861 105
1318453921 104
1318453981 106
1318454041 107
1318454101 112
1318454161 115
1318454221 115
1318454281 117
1318454342 99
1318454401 103
1318454461 105
1318454521 108
1318454581 111
1318454641 113
1318454704 103
1318454761 105
1318454821 108
1318454881 111
1318454941 113
1318455001 104
1318455062 108
1318455121 110
1318455181 101
1318455241 103
1318455301 106
1318455361 110
1318455421 107
1318455481 111
1318455541 113
1318455601 117
1318455661 121
1318455721 103
1318455781 103
1318455841 105
1318455901 111
1318455961 103
1318456021 105
1318456081 107
1318456142 108
1318456201 112
1318456261 105
1318456321 107
1318456381 110
1318456441 112
1318456501 115
1318456561 105
1318456621 106
1318456681 108
1318456741 110
1318456801 102
1318456861 106
1318456921 107
1318456981 109
1318457041 110
1318457101 115
1318457161 104
1318457221 101
1318457281 103
1318457341 105
1318457401 109
1318457461 111
1318457521 112
1318457581 100
1318457641 102
1318457701 103
1318457761 107
1318457821 109
1318457881 110
1318457941 112
1318458002 106
1318458061 110
1318458121 111
1318458181 114
1318458241 116
1318458301 107
1318458361 110
1318458421 108
1318458481 114
1318458541 116
1318458601 121
1318458661 111
1318458721 110
1318458781 114
1318458841 116
1318458901 120
1318458961 123
1318459021 126
1318459081 127
1318459141 128
1318459201 132
1318459261 111
1318459321 112
1318459381 114
1318459441 116
1318459501 109
1318459561 110
1318459622 111
1318459681 106
1318459742 108
1318459802 110
1318459861 111
1318459921 108
1318459981 110
1318460041 112
1318460101 116
1318460161 113
1318460221 116
1318460281 118
1318460341 109
1318460401 110
1318460461 114
1318460521 106
1318460581 111
1318460641 110
1318460701 113
1318460761 116
1318460821 119
1318460882 122
1318460941 113
1318461001 112
1318461061 112
1318461121 109
1318461181 112
1318461241 114
1318461301 117
1318461361 116
1318461421 119
1318461481 120
1318461541 108
1318461601 112
1318461661 116
1318461721 110
1318461781 112
1318461841 105
1318461901 106
1318461961 109
1318462022 108
1318462081 112
1318462141 115
1318462201 115
1318462261 112
1318462321 115
1318462381 120
1318462441 118
1318462501 117
1318462561 123
1318462621 122
1318462681 126
1318462741 128
1318462801 124
1318462861 127
1318462922 121
1318462981 125
1318463041 121
1318463101 118
1318463161 121
1318463221 116
1318463281 120
1318463341 121
1318463401 121
1318463461 120
1318463521 120
1318463581 121
1318463641 117
1318463701 124
1318463761 127
1318463821 126
1318463881 126
1318463941 130
1318464001 132
1318464061 133
1318464122 130
1318464182 132
1318464242 133
1318464301 135
1318464361 136
1318464421 133
1318464481 130
1318464541 131
1318464601 140
1318464661 153
1318464721 151
1318464781 149
1318464841 150
1318464901 155
1318464961 159
1318465021 164
1318465081 163
1318465141 165
1318465202 180
1318465261 179
1318465321 178
1318465381 182
1318465441 178
1318465501 180
1318465561 180
1318465621 180
1318465682 187
1318465741 189
1318465801 183
1318465861 184
1318465921 185
1318465981 192
1318466041 188
1318466101 190
1318466161 191
1318466221 186
1318466281 187
1318466341 184
1318466401 187
1318466461 191
1318466522 186
1318466581 190
1318466641 189
1318466702 190
1318466762 185
1318466821 185
1318466881 192
1318466941 191
1318467001 193
1318467061 200
1318467121 201
1318467181 204
1318467241 200
1318467301 203
1318467361 201
1318467421 203
1318467481 197
1318467541 192
1318467601 199
1318467661 197
1318467721 197
1318467781 195
1318467841 197
1318467901 204
1318467961 217
1318468021 235
1318468081 245
1318468141 249
1318468201 256
1318468261 254
1318468321 256
1318468381 264
1318468441 265
1318468501 273
1318468561 272
1318468621 273
1318468681 268
1318468741 271
1318468801 254
1318468861 258
1318468921 248
1318468981 241
1318469041 243
1318469101 228
1318469161 233
1318469222 230
1318469282 226
1318469341 229
1318469401 225
1318469461 234
1318469521 230
1318469581 231
1318469641 230
1318469701 231
1318469761 239
1318469821 237
1318469881 242
1318469941 240
1318470001 236
1318470061 241
1318470121 234
1318470181 234
1318470241 229
1318470301 228
1318470361 233
1318470421 228
1318470481 226
1318470541 221
1318470601 219
1318470661 223
1318470721 227
1318470781 219
1318470841 222
1318470901 217
1318470961 223
1318471021 224
1318471081 224
1318471141 221
1318471201 222
1318471261 226
1318471321 222
1318471381 219
1318471441 208
1318471501 211
1318471561 203
1318471621 200
1318471681 187
1318471741 181
1318471801 184
1318471862 183
1318471922 184
1318471981 188
1318472042 189
1318472101 189
1318472161 183
1318472221 187
1318472281 187
1318472341 179
1318472401 178
1318472461 186
1318472521 186
1318472581 189
1318472641 184
1318472701 189
1318472761 191
1318472821 194
1318472881 198
1318472942 192
1318473002 191
1318473061 193
1318473121 194
1318473181 198
1318473241 188
1318473301 190
1318473362 199
1318473421 198
1318473481 208
1318473541 206
1318473601 210
1318473661 217
1318473721 212
1318473781 213
1318473841 208
1318473901 214
1318473961 213
1318474021 209
1318474081 210
1318474141 209
1318474201 209
1318474262 212
1318474321 211
1318474381 210
1318474441 206
1318474501 207
1318474561 209
1318474621 214
1318474681 221
1318474741 221
1318474801 227
1318474861 223
1318474921 225
1318474981 219
1318475041 217
1318475101 210
1318475161 205
1318475221 203
1318475281 202
1318475341 201
1318475401 200
1318475461 202
1318475521 203
1318475581 199
1318475641 199
1318475701 199
1318475761 202
1318475821 201
1318475881 203
1318475941 204
1318476001 204
1318476061 202
1318476121 207
1318476181 207
1318476241 208
1318476301 213
1318476361 217
1318476422 213
1318476481 213
1318476541 214
1318476601 214
1318476662 216
1318476721 217
1318476781 211
1318476841 212
1318476901 206
1318476961 207
1318477021 211
1318477081 205
1318477141 209
1318477201 215
1318477262 221
1318477322 224
1318477381 222
1318477441 226
1318477501 230
1318477561 237
1318477621 237
1318477681 236
1318477741 242
1318477802 236
1318477861 235
1318477921 226
1318477981 227
1318478041 229
1318478101 226
1318478161 228
1318478221 238
1318478281 235
1318478341 231
1318478401 229
1318478461 235
1318478521 238
1318478581 231
1318478641 233
1318478701 265
1318478762 265
1318478821 261
1318478881 265
1318478941 263
1318479001 266
1318479061 276
1318479121 274
1318479181 274
1318479241 248
1318479301 246
1318479361 252
1318479421 251
1318479481 253
1318479541 257
1318479601 262
1318479661 267
1318479721 267
1318479781 273
1318479842 263
1318479901 264
1318479961 258
1318480021 262
1318480081 260
1318480141 264
1318480201 265
1318480261 260
1318480321 253
1318480381 258
1318480441 249
1318480501 248
1318480561 257
1318480622 251
1318480681 253
1318480741 253
1318480801 261
1318480861 269
1318480921 266
1318480981 269
1318481041 267
1318481101 271
1318481161 279
1318481221 275
1318481281 278
1318481341 270
1318481401 271
1318481461 275
1318481521 271
1318481581 265
1318481641 260
1318481701 257
1318481761 274
1318481821 272
1318481881 276
1318481941 280
1318482001 285
1318482061 294
1318482122 287
1318482181 286
1318482241 287
1318482301 292
1318482361 286
1318482421 280
1318482481 277
1318482541 283
1318482601 287
1318482661 294
1318482721 302
1318482781 301
1318482842 293
1318482901 301
1318482961 303
1318483021 302
1318483081 307
1318483141 305
1318483201 298
1318483261 306
1318483321 302
1318483381 302
1318483443 301
1318483501 295
1318483561 295
1318483621 296
1318483681 293
1318483741 285
1318483801 290
1318483861 294
1318483921 292
1318483981 295
1318484041 292
1318484101 281
1318484161 293
1318484221 294
1318484281 305
1318484341 304
1318484401 305
1318484461 319
1318484521 311
1318484581 319
1318484641 303
1318484701 291
1318484761 298
1318484821 295
1318484881 294
1318484941 294
1318485001 301
1318485061 309
1318485121 301
1318485181 300
1318485241 290
1318485301 293
1318485361 303
1318485421 296
1318485481 306
1318485541 298
1318485601 291
1318485661 293
1318485721 288
1318485781 289
1318485841 282
1318485901 278
1318485961 291
1318486022 283
1318486081 286
1318486141 274
1318486201 276
1318486261 288
1318486321 283
1318486381 280
1318486441 271
1318486501 275
1318486561 286
1318486621 293
1318486681 292
1318486741 289
1318486801 287
1318486861 299
1318486921 288
1318486981 301
1318487042 291
1318487101 292
1318487161 288
1318487221 279
1318487281 282
1318487342 285
1318487402 275
1318487462 286
1318487521 284
1318487581 280
1318487641 273
1318487702 266
1318487761 274
1318487821 273
1318487881 271
1318487941 264
1318488001 266
1318488061 272
1318488121 271
1318488181 270
1318488241 262
1318488301 271
1318488361 287
1318488421 293
1318488481 301
1318488541 295
1318488601 298
1318488661 306
1318488721 307
1318488782 311
1318488842 309
1318488901 311
1318488961 312
1318489021 310
1318489081 308
1318489141 303
1318489201 305
1318489261 313
1318489321 309
1318489381 307
1318489441 304
1318489501 299
1318489562 313
1318489621 318
1318489681 321
1318489741 324
1318489801 320
1318489861 322
1318489921 312
1318489981 313
1318490041 308
1318490101 304
1318490161 311
1318490221 329
1318490281 333
1318490341 335
1318490401 342
1318490461 350
1318490522 354
1318490581 353
1318490642 351
1318490702 354
1318490761 355
1318490821 354
1318490881 359
1318490941 356
1318491001 356
1318491061 359
1318491121 357
1318491181 366
1318491241 359
1318491301 361
1318491361 363
1318491421 362
1318491481 366
1318491541 359
1318491601 354
1318491661 359
1318491721 354
1318491781 350
1318491841 347
1318491901 345
1318491961 346
1318492021 344
1318492081 343
1318492141 331
1318492202 329
1318492261 320
1318492321 317
1318492381 317
1318492441 312
1318492501 314
1318492561 301
1318492621 298
1318492681 289
1318492741 277
1318492801 279
1318492861 277
1318492921 270
1318492981 274
1318493042 266
1318493101 272
1318493161 263
1318493221 255
1318493281 246
1318493341 251
1318493401 268
1318493461 267
1318493521 271
1318493581 275
1318493641 280
1318493701 282
1318493762 283
1318493822 290
1318493882 295
1318493941 295
1318494001 294
1318494061 300
1318494121 302
1318494181 313
1318494241 317
1318494302 321
1318494361 317
1318494421 306
1318494481 312
1318494541 315
1318494601 316
1318494661 317
1318494721 304
1318494781 304
1318494841 307
1318494901 303
1318494961 303
1318495021 303
1318495081 307
1318495141 321
1318495201 322
1318495261 326
1318495321 327
1318495381 338
1318495441 339
1318495501 333
1318495562 330
1318495622 329
1318495681 330
1318495741 324
1318495801 327
1318495861 332
1318495921 332
1318495981 327
1318496042 332
1318496101 336
1318496161 332
1318496221 330
1318496281 332
1318496342 344
1318496402 349
1318496466 355
1318496521 359
1318496582 415
1318496641 430
1318496701 433
1318496761 434
1318496821 435
1318496881 434
1318496941 436
1318497001 436
1318497061 440
1318497121 433
1318497181 434
1318497242 447
1318497302 444
1318497362 440
1318497421 425
1318497481 433
1318497541 425
1318497601 403
1318497661 399
1318497721 392
1318497781 386
1318497841 391
1318497901 391
1318497961 388
1318498021 384
1318498081 379
1318498141 377
1318498201 389
1318498261 385
1318498321 383
1318498381 379
1318498441 384
1318498501 381
1318498561 383
1318498622 389
1318498681 383
1318498741 388
1318498801 386
1318498861 381
1318498921 389
1318498981 382
1318499041 382
1318499101 384
1318499161 382
1318499221 386
1318499281 376
1318499341 369
1318499401 369
1318499461 369
1318499521 367
1318499581 366
1318499642 363
1318499701 365
1318499761 361
1318499821 364
1318499882 359
1318499941 356
1318500001 358
1318500061 357
1318500121 348
1318500181 334
1318500241 332
1318500301 318
1318500362 306
1318500421 304
1318500481 297
1318500541 278
1318500601 269
1318500661 267
1318500721 265
1318500782 264
1318500841 268
1318500901 268
1318500961 271
1318501021 278
1318501081 271
1318501142 262
1318501201 264
1318501261 256
1318501321 251
1318501381 250
1318501441 242
1318501502 239
1318501562 228
1318501621 226
1318501681 222
1318501741 214
1318501801 223
1318501861 227
1318501921 225
1318501981 215
1318502041 214
1318502101 210
1318502161 213
1318502221 215
1318502281 208
1318502341 205
1318502401 212
1318502461 211
1318502521 210
1318502581 212
1318502641 213
1318502701 211
1318502761 214
1318502821 213
1318502881 217
1318502942 203
1318503001 207
1318503061 210
1318503121 214
1318503181 206
1318503242 202
1318503302 206
1318503361 211
1318503421 218
1318503481 221
1318503542 218
1318503601 224
1318503661 223
1318503721 222
1318503781 221
1318503841 223
1318503901 219
1318503961 210
1318504021 218
1318504081 215
1318504141 216
1318504201 217
1318504261 222
1318504321 222
1318504381 228
1318504441 231
1318504501 230
1318504561 232
1318504622 234
1318504682 246
1318504741 245
1318504801 258
1318504861 254
1318504921 259
1318504981 258
1318505041 249
1318505101 252
1318505161 255
1318505221 256
1318505281 252
1318505341 253
1318505401 255
1318505462 259
1318505522 262
1318505582 257
1318505642 259
1318505702 260
1318505761 265
1318505822 264
1318505881 265
1318505941 256
1318506001 272
1318506061 264
1318506121 270
1318506181 268
1318506241 269
1318506301 266
1318506361 269
1318506421 279
1318506481 275
1318506541 276
1318506601 274
1318506661 274
1318506721 278
1318506782 268
1318506842 269
1318506901 266
1318506961 272
1318507021 254
1318507081 257
1318507141 260
1318507201 267
1318507261 259
1318507321 263
1318507381 266
1318507441 270
1318507501 262
1318507561 260
1318507621 271
1318507681 273
1318507741 274
1318507801 278
1318507862 280
1318507921 286
1318507981 287
1318508041 286
1318508101 281
1318508161 282
1318508221 286
1318508282 286
1318508342 278
1318508401 286
1318508461 285
1318508521 286
1318508581 297
1318508641 292
1318508701 281
1318508761 282
1318508822 291
1318508881 294
1318508942 296
1318509002 295
1318509061 303
1318509121 306
1318509181 305
1318509241 302
1318509301 300
1318509361 299
1318509421 305
1318509481 317
1318509541 291
1318509601 293
1318509661 291
1318509721 305
1318509781 286
1318509841 287
1318509901 285
1318509961 297
1318510021 295
1318510081 298
1318510141 302
1318510201 297
1318510261 305
1318510321 306
1318510381 299
1318510442 306
1318510502 308
1318510561 303
1318510621 307
1318510681 311
1318510741 319
1318510801 300
1318510861 298
1318510922 307
1318510981 301
1318511041 305
1318511101 307
1318511162 312
1318511222 320
1318511282 317
1318511342 317
1318511401 321
1318511461 318
1318511521 319
1318511581 318
1318511641 317
1318511701 322
1318511761 311
1318511821 311
1318511881 315
1318511941 306
1318512001 309
1318512062 306
1318512122 312
1318512181 312
1318512241 307
1318512301 312
1318512361 306
1318512421 306
1318512481 308
1318512541 302
1318512601 300
1318512662 297
1318512721 304
1318512781 306
1318512841 307
1318512902 309
1318512961 308
1318513021 311
1318513081 313
1318513141 311
1318513201 311
1318513261 307
1318513321 313
1318513381 313
1318513441 304
1318513501 311
1318513561 300
1318513621 313
1318513681 314
1318513742 315
1318513801 321
1318513862 315
1318513922 315
1318513981 316
1318514041 313
1318514101 323
1318514161 312
1318514222 323
1318514281 316
1318514341 315
1318514401 320
1318514461 309
1318514521 312
1318514581 314
1318514641 309
1318514701 314
1318514761 312
1318514821 319
1318514881 317
1318514942 316
1318515001 320
1318515061 317
1318515121 322
1318515182 318
1318515241 327
1318515301 328
1318515361 326
1318515421 324
1318515481 322
1318515541 325
1318515601 337
1318515661 325
1318515721 330
1318515781 329
1318515841 326
1318515902 342
1318515961 331
1318516022 349
1318516081 347
1318516141 343
1318516201 359
1318516261 348
1318516321 351
1318516381 354
1318516441 347
1318516501 355
1318516561 340
1318516621 353
1318516681 346
1318516741 345
1318516802 350
1318516862 343
1318516921 345
1318516981 348
1318517041 359
1318517101 360
1318517161 353
1318517221 363
1318517281 367
1318517341 364
1318517401 373
1318517461 360
1318517521 360
1318517581 364
1318517641 361
1318517701 377
1318517761 361
1318517821 364
1318517881 364
1318517941 356
1318518001 350
1318518061 341
1318518121 346
1318518181 355
1318518241 358
1318518302 363
1318518361 353
1318518421 365
1318518481 366
1318518541 355
1318518602 353
1318518662 351
1318518721 359
1318518781 363
1318518841 353
1318518901 367
1318518961 364
1318519021 371
1318519081 378
1318519141 374
1318519201 386
1318519261 381
1318519321 390
1318519382 391
1318519441 372
1318519501 376
1318519561 369
1318519621 369
1318519681 368
1318519742 357
1318519802 361
1318519862 348
1318519921 353
1318519981 351
1318520041 350
1318520101 362
1318520161 353
1318520221 362
1318520281 363
1318520341 354
1318520401 366
1318520461 364
1318520521 370
1318520581 367
1318520641 363
1318520701 366
1318520761 355
1318520822 358
1318520881 363
1318520941 349
1318521001 365
1318521061 360
1318521121 365
1318521182 359
1318521241 351
1318521302 356
1318521362 355
1318521421 355
1318521481 360
1318521541 349
