1313164861 3
1313164921 3
1313164981 3
1313165041 3
1313165101 3
1313165161 3
1313165221 3
1313165281 3
1313165341 3
1313165401 3
1313165461 3
1313165521 3
1313165581 3
1313165641 3
1313165701 3
1313165761 3
1313165821 3
1313165881 3
1313165941 3
1313166001 1
1313166061 1
1313166121 1
1313166181 1
1313166241 1
1313166301 1
1313166361 1
1313166421 1
1313166481 1
1313166541 1
1313166601 1
1313166661 1
1313166721 1
1313166781 1
1313166841 1
1313166901 1
1313166961 1
1313167021 1
1313167081 1
1313167141 1
1313167201 1
1313167261 1
1313167321 1
1313167381 1
1313167441 1
1313167501 1
1313167561 1
1313167621 1
1313167681 1
1313167741 1
1313167801 1
1313167861 1
1313167921 1
1313167981 1
1313168041 1
1313168101 1
1313168161 1
1313168221 1
1313168281 1
1313168341 1
1313168401 1
1313168461 1
1313168521 1
1313168581 1
1313168641 1
1313168701 1
1313168761 1
1313168821 1
1313168881 1
1313168941 1
1313169001 1
1313169061 1
1313169121 1
1313169181 1
1313169241 1
1313169302 1
1313169361 1
1313169421 1
1313169481 1
1313169541 1
1313169601 1
1313169661 1
1313169721 1
1313169781 1
1313169841 1
1313169901 1
1313169961 1
1313170021 1
1313170081 1
1313170141 1
1313170201 1
1313170261 1
1313170321 1
1313170381 1
1313170441 1
1313170501 1
1313170561 1
1313170621 1
1313170681 2
1313170741 2
1313170801 2
1313170861 2
1313170921 2
1313170981 2
1313171041 2
1313171101 2
1313171161 2
1313171221 2
1313171281 2
1313171341 2
1313171401 2
1313171461 2
1313171521 2
1313171581 2
1313171641 2
1313171701 2
1313171761 2
1313171821 2
1313171881 2
1313171941 2
1313172001 2
1313172061 2
1313172121 2
1313172181 2
1313172241 2
1313172301 2
1313172361 2
1313172421 2
1313172481 2
1313172541 2
1313172601 2
1313172661 2
1313172721 2
1313172781 2
1313172841 2
1313172901 2
1313172961 2
1313173021 2
1313173081 2
1313173141 2
1313173201 2
1313173261 2
1313173321 2
1313173381 2
1313173441 2
1313173501 2
1313173561 2
1313173621 2
1313173681 2
1313173741 2
1313173801 2
1313173861 2
1313173921 2
1313173981 2
1313174041 2
1313174101 2
1313174161 2
1313174221 2
1313174281 2
1313174341 2
1313174402 2
1313174461 2
1313174521 2
1313174581 2
1313174641 2
1313174701 2
1313174761 2
1313174821 2
1313174881 2
1313174941 2
1313175001 2
1313175061 2
1313175121 2
1313175181 2
1313175241 2
1313175301 2
1313175361 2
1313175421 2
1313175481 2
1313175541 2
1313175601 2
1313175661 2
1313175721 2
1313175781 2
1313175841 2
1313175901 2
1313175961 2
1313176021 2
1313176081 2
1313176141 2
1313176201 2
1313176261 2
1313176321 2
1313176381 2
1313176441 2
1313176501 2
1313176561 2
1313176621 2
1313176681 2
1313176741 2
1313176801 2
1313176861 2
1313176921 2
1313176981 2
1313177041 2
1313177102 2
1313177161 2
1313177222 2
1313177281 2
1313177341 2
1313177401 2
1313177461 2
1313177521 2
1313177581 2
1313177641 2
1313177701 2
1313177762 2
1313177821 2
1313177881 2
1313177941 2
1313178001 2
1313178061 2
1313178122 2
1313178181 2
1313178241 2
1313178302 2
1313178361 2
1313178421 2
1313178481 2
1313178541 2
1313178601 2
1313178661 2
1313178721 2
1313178782 2
1313178841 2
1313178901 2
1313178961 2
1313179021 2
1313179081 2
1313179141 2
1313179201 2
1313179261 2
1313179321 2
1313179381 2
1313179441 2
1313179501 2
1313179561 2
1313179621 2
1313179681 2
1313179741 2
1313179801 2
1313179861 2
1313179921 2
1313179981 2
1313180041 2
1313180101 2
1313180162 2
1313180221 2
1313180281 2
1313180341 2
1313180401 2
1313180461 2
1313180521 2
1313180581 2
1313180641 2
1313180701 2
1313180761 2
1313180821 2
1313180881 2
1313180941 2
1313181002 2
1313181061 2
1313181121 2
1313181181 2
1313181241 2
1313181301 2
1313181361 2
1313181421 2
1313181481 2
1313181541 2
1313181601 2
1313181661 2
1313181721 2
1313181781 2
1313181841 2
1313181901 2
1313181961 2
1313182021 2
1313182081 2
1313182141 2
1313182201 2
1313182261 2
1313182321 2
1313182381 2
1313182441 2
1313182502 2
1313182562 2
1313182621 2
1313182681 2
1313182741 2
1313182801 2
1313182861 2
1313182921 2
1313182981 2
1313183041 2
1313183101 2
1313183161 2
1313183221 2
1313183281 2
1313183341 2
1313183401 2
1313183394 2
1313183401 2
1313183461 2
1313183521 2
1313183581 2
1313183642 2
1313183701 2
1313183761 2
1313183821 2
1313183881 2
1313183941 2
1313184001 2
1313184061 2
1313184121 2
1313184181 2
1313184241 2
1313184301 2
1313184362 2
1313184421 2
1313184481 2
1313184541 2
1313184601 2
1313184661 2
1313184721 2
1313184781 2
1313184841 2
1313184901 2
1313184961 2
1313185021 2
1313185081 2
1313185141 2
1313185201 2
1313185261 2
1313185321 2
1313185381 2
1313185441 2
1313185501 2
1313185561 2
1313185622 2
1313185681 2
1313185741 2
1313185801 2
1313185861 2
1313185921 2
1313185981 2
1313186041 2
1313186101 2
1313186161 2
1313186222 2
1313186281 2
1313186341 2
1313186401 2
1313186461 2
1313186521 2
1313186581 2
1313186641 2
1313186701 2
1313186761 2
1313186821 2
1313186881 2
1313186941 2
1313187001 2
1313187061 2
1313187121 2
1313187181 2
1313187241 2
1313187301 2
1313187361 2
1313187421 2
1313187481 2
1313187541 2
1313187601 2
1313187661 2
1313187722 2
1313187782 2
1313187842 2
1313187901 2
1313187961 2
1313188021 2
1313188081 2
1313188141 2
1313188201 2
1313188261 2
1313188321 2
1313188381 2
1313188441 2
1313188501 2
1313188561 2
1313188621 2
1313188681 2
1313188741 2
1313188801 2
1313188861 2
1313188921 2
1313188981 2
1313189041 2
1313189101 2
1313189161 2
1313189221 2
1313189281 2
1313189341 2
1313189401 2
1313189461 2
1313189521 2
1313189581 2
1313189641 2
1313189701 2
1313189761 2
1313189821 2
1313189881 2
1313189941 2
1313190001 2
1313190061 2
1313190121 2
1313190182 2
1313190241 2
1313190301 2
1313190361 2
1313190421 2
1313190481 2
1313190541 2
1313190601 2
1313190661 2
1313190721 2
1313190781 2
1313190841 2
1313190901 2
1313190961 2
1313191021 2
1313191081 2
1313191141 2
1313191201 2
1313191261 2
1313191321 2
1313191381 2
1313191441 2
1313191501 2
1313191561 2
1313191621 2
1313191681 2
1313191741 2
1313191801 2
1313191861 2
1313191921 2
1313191981 2
1313192041 2
1313192101 2
1313192161 2
1313192221 2
1313192281 2
1313192341 2
1313192401 2
1313192461 2
1313192521 2
1313192581 2
1313192641 2
1313192701 2
1313192761 2
1313192821 2
1313192881 2
1313192941 2
1313193001 2
1313193061 2
1313193121 2
1313193181 2
1313193241 2
1313193301 2
1313193361 2
1313193421 2
1313193481 2
1313193541 2
1313193601 2
1313193661 2
1313193721 2
1313193781 2
1313193841 2
1313193902 2
1313193961 2
1313194021 2
1313194081 2
1313194141 2
1313194202 2
1313194261 2
1313194321 2
1313194381 2
1313194441 2
1313194501 2
1313194561 2
1313194621 2
1313194681 2
1313194741 2
1313194801 2
1313194861 2
1313194921 2
1313194981 2
1313195041 2
1313195101 2
1313195161 2
1313195221 2
1313195281 2
1313195341 2
1313195401 2
1313195461 2
1313195521 2
1313195581 2
1313195641 2
1313195701 2
1313195761 2
1313195821 2
1313195881 2
1313195941 2
1313196001 2
1313196061 2
1313196121 2
1313196181 2
1313196241 2
1313196301 2
1313196361 2
1313196421 2
1313196481 2
1313196541 2
1313196601 2
1313196661 2
1313196721 2
1313196781 2
1313196841 2
1313196901 2
1313196961 2
1313197021 2
1313197081 2
1313197141 2
1313197201 2
1313197261 2
1313197321 2
1313197381 2
1313197441 2
1313197501 2
1313197561 2
1313197621 2
1313197681 2
1313197741 2
1313197801 2
1313197861 2
1313197921 2
1313197981 2
1313198041 2
1313198101 2
1313198161 2
1313198221 2
1313198281 2
1313198341 2
1313198401 2
1313198461 2
1313198521 2
1313198581 2
1313198641 2
1313198701 2
1313198761 2
1313198821 2
1313198881 2
1313198941 2
1313199001 2
1313199062 2
1313199121 2
1313199181 2
1313199241 2
1313199301 2
1313199361 2
1313199421 2
1313199481 2
1313199541 2
1313199602 2
1313199661 2
1313199721 2
1313199781 2
1313199841 2
1313199901 2
1313199961 2
1313200021 2
1313200081 2
1313200141 2
1313200201 2
1313200261 2
1313200322 2
1313200381 2
1313200441 2
1313200501 2
1313200561 2
1313200621 2
1313200681 2
1313200741 2
1313200801 2
1313200861 2
1313200921 2
1313200981 2
1313201041 2
1313201101 2
1313201161 2
1313201221 2
1313201281 2
1313201341 2
1313201401 2
1313201461 2
1313201521 2
1313201581 2
1313201641 2
1313201701 2
1313201761 2
1313201821 2
1313201881 2
1313201941 2
1313202001 2
1313202061 2
1313202121 2
1313202181 2
1313202241 2
1313202301 2
1313202361 2
1313202421 2
1313202481 2
1313202541 2
1313202601 2
1313202661 2
1313202721 2
1313202781 2
1313202841 2
1313202901 2
1313202961 2
1313203021 2
1313203081 2
1313203141 2
1313203201 2
1313203261 2
1313203321 2
1313203381 2
1313203441 2
1313203501 1
1313203561 1
1313203621 1
1313203681 1
1313203741 1
1313203801 1
1313203861 1
1313203921 1
1313203981 1
1313204041 1
1313204101 1
1313204161 1
1313204221 1
1313204282 1
1313204341 1
1313204401 1
1313204461 1
1313204521 1
1313204581 1
1313204641 1
1313204701 1
1313204762 1
1313204822 1
1313204881 1
1313204941 1
1313205001 1
1313205061 1
1313205121 1
1313205181 1
1313205241 1
1313205301 1
1313205361 1
1313205421 1
1313205481 1
1313205541 1
1313205601 1
1313205661 1
1313205721 1
1313205781 1
1313205841 1
1313205901 1
1313205961 1
1313206021 1
1313206081 1
1313206141 1
1313206201 1
1313206261 1
1313206321 1
1313206381 2
1313206441 2
1313206501 2
1313206561 2
1313206622 2
1313206681 2
1313206742 2
1313206801 2
1313206861 2
1313206921 2
1313206981 2
1313207041 2
1313207101 2
1313207161 2
1313207221 2
1313207281 2
1313207341 2
1313207401 2
1313207461 2
1313207521 2
1313207581 2
1313207641 2
1313207701 2
1313207761 2
1313207821 2
1313207881 2
1313207941 2
1313208001 2
1313208061 2
1313208121 2
1313208181 2
1313208241 2
1313208301 2
1313208361 2
1313208421 2
1313208481 2
1313208541 2
1313208601 1
1313208661 1
1313208721 1
1313208781 1
1313208841 1
1313208901 1
1313208961 1
1313209021 1
1313209082 1
1313209142 1
1313209202 1
1313209261 1
1313209321 1
1313209381 1
1313209441 1
1313209501 1
1313209561 1
1313209621 1
1313209681 1
1313209741 1
1313209801 1
1313209861 2
1313209921 2
1313209981 2
1313210041 2
1313210101 2
1313210161 3
1313210221 3
1313210281 3
1313210341 3
1313210401 3
1313210461 3
1313210521 3
1313210581 3
1313210641 3
1313210701 1
1313210761 1
1313210821 1
1313210881 1
1313210941 1
1313211001 1
1313211061 1
1313211121 1
1313211181 1
1313211241 1
1313211301 1
1313211361 2
1313211421 2
1313211481 2
1313211541 2
1313211601 2
1313211661 2
1313211721 2
1313211781 2
1313211842 2
1313211901 3
1313211961 3
1313212021 3
1313212081 3
1313212141 3
1313212202 3
1313212261 3
1313212321 3
1313212382 3
1313212441 3
1313212501 3
1313212561 3
1313212621 3
1313212681 3
1313212741 3
1313212801 3
1313212861 3
1313212921 3
1313212981 3
1313213041 3
1313213101 3
1313213161 3
1313213221 3
1313213281 3
1313213341 3
1313213401 3
1313213461 3
1313213521 3
1313213581 3
1313213641 3
1313213701 3
1313213761 3
1313213821 3
1313213881 3
1313213941 3
1313214001 3
1313214061 3
1313214121 3
1313214181 3
1313214241 3
1313214301 3
1313214361 3
1313214421 1
1313214481 1
1313214541 1
1313214601 2
1313214661 2
1313214721 2
1313214781 2
1313214841 2
1313214901 2
1313214961 2
1313215021 2
1313215081 2
1313215141 2
1313215201 2
1313215261 2
1313215321 3
1313215381 3
1313215441 3
1313215501 3
1313215561 3
1313215621 3
1313215681 3
1313215741 3
1313215801 3
1313215862 3
1313215921 3
1313215981 3
1313216041 3
1313216101 3
1313216161 3
1313216221 3
1313216281 3
1313216341 3
1313216401 3
1313216461 3
1313216521 3
1313216581 3
1313216641 3
1313216701 3
1313216761 3
1313216821 3
1313216882 3
1313216941 3
1313217001 3
1313217062 3
1313217121 3
1313217181 2
1313217241 2
1313217301 2
1313217361 2
1313217421 2
1313217481 2
1313217542 2
1313217601 2
1313217661 2
1313217721 2
1313217781 2
1313217841 2
1313217901 2
1313217961 2
1313218021 2
1313218081 2
1313218141 2
1313218201 2
1313218261 2
1313218321 2
1313218381 2
1313218441 2
1313218501 2
1313218561 2
1313218621 2
1313218681 2
1313218741 2
1313218801 2
1313218861 2
1313218921 2
1313218981 2
1313219041 2
1313219101 2
1313219161 2
1313219221 2
1313219281 2
1313219341 2
1313219402 2
1313219461 2
1313219521 2
1313219581 2
1313219642 2
1313219701 2
1313219761 2
1313219821 2
1313219881 2
1313219941 2
1313220001 2
1313220061 2
1313220121 2
1313220181 2
1313220241 2
1313220301 2
1313220361 2
1313220421 2
1313220481 2
1313220541 2
1313220601 2
1313220661 2
1313220721 1
1313220781 1
1313220841 1
1313220901 1
1313220961 1
1313221021 1
1313221081 1
1313221142 1
1313221201 1
1313221261 1
1313221321 1
1313221381 1
1313221441 1
1313221501 1
1313221561 1
1313221621 1
1313221681 1
1313221741 1
1313221801 1
1313221861 1
1313221921 1
1313221981 1
1313222041 1
1313222101 1
1313222161 1
1313222221 1
1313222281 1
1313222341 1
1313222401 1
1313222461 1
1313222521 1
1313222581 1
1313222641 1
1313222701 1
1313222761 1
1313222822 1
1313222881 1
1313222941 1
1313223001 1
1313223061 1
1313223121 1
1313223181 1
1313223241 1
1313223301 1
1313223361 1
1313223421 1
1313223481 1
1313223541 1
1313223601 1
1313223661 1
1313223721 1
1313223781 1
1313223841 2
1313223901 2
1313223961 2
1313224021 2
1313224081 2
1313224141 2
1313224201 2
1313224261 2
1313224321 2
1313224381 2
1313224441 2
1313224501 2
1313224561 2
1313224621 2
1313224681 2
1313224741 2
1313224802 2
1313224862 2
1313224921 2
1313224981 2
1313225041 2
1313225101 2
1313225161 2
1313225221 2
1313225281 2
1313225341 2
1313225401 2
1313225461 2
1313225521 2
1313225581 2
1313225641 2
1313225701 2
1313225761 2
1313225821 2
1313225881 2
1313225941 2
1313226001 2
1313226061 2
1313226121 2
1313226181 2
1313226241 2
1313226301 2
1313226361 2
1313226421 2
1313226481 2
1313226541 2
1313226601 2
1313226661 1
1313226721 2
1313226781 2
1313226841 2
1313226901 2
1313226961 2
1313227021 2
1313227082 2
1313227141 2
1313227201 2
1313227261 2
1313227321 2
1313227381 2
1313227441 2
1313227501 2
1313227561 2
1313227621 1
1313227681 1
1313227741 1
1313227801 1
1313227861 1
1313227921 1
1313227981 1
1313228041 1
1313228101 2
1313228161 2
1313228221 2
1313228281 2
1313228341 2
1313228401 3
1313228461 3
1313228521 3
1313228581 3
1313228641 3
1313228701 3
1313228761 3
1313228821 3
1313228882 3
1313228941 3
1313229001 3
1313229061 3
1313229121 3
1313229181 3
1313229241 3
1313229301 3
1313229361 3
1313229422 3
1313229481 3
1313229541 3
1313229601 3
1313229661 3
1313229721 3
1313229781 3
1313229841 3
1313229901 3
1313229961 2
1313230021 2
1313230081 2
1313230141 2
1313230201 2
1313230261 2
1313230321 2
1313230381 2
1313230441 2
1313230501 2
1313230561 2
1313230621 2
1313230681 2
1313230742 2
1313230801 2
1313230861 2
1313230921 2
1313230981 2
1313231041 2
1313231101 2
1313231161 2
1313231221 2
1313231281 2
1313231341 2
1313231401 2
1313231461 2
1313231521 2
1313231581 2
1313231641 2
1313231701 2
1313231762 2
1313231821 2
1313231881 2
1313231941 2
1313232001 2
1313232061 2
1313232121 2
1313232181 2
1313232241 2
1313232301 2
1313232361 2
1313232421 2
1313232481 2
1313232541 2
1313232601 2
1313232661 2
1313232721 2
1313232781 2
1313232841 2
1313232901 2
1313232961 2
1313233022 2
1313233081 2
1313233141 2
1313233201 2
1313233261 2
1313233321 2
1313233381 2
1313233441 2
1313233501 2
1313233561 2
1313233621 2
1313233681 2
1313233741 2
1313233801 2
1313233861 2
1313233921 2
1313233981 2
1313234041 2
1313234101 2
1313234162 2
1313234221 2
1313234281 2
1313234341 2
1313234401 2
1313234461 2
1313234521 2
1313234581 2
1313234641 2
1313234701 2
1313234761 2
1313234821 2
1313234881 2
1313234941 2
1313235001 2
1313235061 2
1313235121 2
1313235181 2
1313235241 2
1313235301 2
1313235361 2
1313235421 2
1313235481 2
1313235541 2
1313235601 2
1313235661 2
1313235721 2
1313235781 2
1313235841 2
1313235901 2
1313235961 2
1313236021 2
1313236081 2
1313236141 2
1313236201 2
1313236261 2
1313236321 2
1313236381 2
1313236441 2
1313236501 2
1313236561 2
1313236621 2
1313236681 2
1313236741 2
1313236801 2
1313236861 2
1313236921 2
1313236981 2
1313237041 2
1313237101 2
1313237161 2
1313237221 2
1313237282 2
1313237341 2
1313237402 2
1313237461 2
1313237521 2
1313237581 2
1313237641 2
1313237701 2
1313237761 2
1313237821 2
1313237881 2
1313237941 2
1313238001 2
1313238061 2
1313238121 2
1313238181 2
1313238241 2
1313238301 2
1313238361 2
1313238421 2
1313238481 1
1313238541 1
1313238601 1
1313238661 1
1313238721 1
1313238781 1
1313238841 1
1313238901 1
1313238961 1
1313239021 1
1313239081 1
1313239141 1
1313239201 1
1313239261 1
1313239321 1
1313239381 1
1313239441 1
1313239501 1
1313239561 1
1313239621 1
1313239681 1
1313239741 1
1313239801 1
1313239861 1
1313239921 1
1313239981 1
1313240041 1
1313240101 1
1313240161 1
1313240221 1
1313240281 1
1313240341 1
1313240401 1
1313240461 1
1313240522 1
1313240581 1
1313240641 1
1313240701 1
1313240761 1
1313240821 1
1313240881 1
1313240941 1
1313241001 1
1313241061 1
1313241121 1
1313241181 1
1313241241 1
1313241301 1
1313241361 1
1313241421 1
1313241481 1
1313241541 1
1313241601 1
1313241661 1
1313241721 1
1313241781 1
1313241841 1
1313241901 1
1313241961 2
1313242021 2
1313242081 2
1313242141 2
1313242201 2
1313242261 2
1313242321 2
1313242381 2
1313242441 2
1313242501 2
1313242561 2
1313242621 2
1313242681 2
1313242741 2
1313242801 2
1313242861 2
1313242921 2
1313242981 2
1313243041 2
1313243101 2
1313243161 2
1313243221 2
1313243281 2
1313243341 2
1313243401 2
1313243461 2
1313243521 2
1313243581 2
1313243641 2
1313243701 2
1313243761 2
1313243821 2
1313243881 2
1313243941 1
1313244001 1
1313244061 1
1313244121 1
1313244181 1
1313244241 1
1313244301 1
1313244361 1
1313244421 1
1313244481 1
1313244541 1
1313244601 1
1313244661 1
1313244721 1
1313244781 1
1313244841 1
1313244902 1
1313244961 1
1313245021 1
1313245081 1
1313245141 1
1313245201 1
1313245261 1
1313245321 1
1313245381 1
1313245441 1
1313245501 1
1313245561 1
1313245621 1
1313245681 1
1313245741 1
1313245801 1
1313245861 1
1313245921 1
1313245981 1
1313246041 1
1313246101 1
1313246161 1
1313246221 1
1313246281 1
1313246341 1
1313246401 1
1313246461 1
1313246521 1
1313246581 1
1313246641 1
1313246701 1
1313246761 1
1313246821 1
1313246881 1
1313246941 1
1313247001 1
1313247061 1
1313247121 1
1313247181 1
1313247241 1
1313247301 1
1313247361 1
1313247421 1
1313247481 1
1313247541 1
1313247601 1
1313247661 1
1313247721 1
1313247781 1
1313247841 1
1313247901 1
1313247961 1
1313248021 1
1313248081 1
1313248141 1
1313248201 1
1313248261 2
1313248321 2
1313248381 2
1313248441 2
1313248501 2
1313248561 3
1313248621 3
1313248681 3
1313248741 3
1313248801 3
1313248861 3
1313248921 3
1313248981 3
1313249041 4
1313249101 4
1313249161 4
1313249221 4
1313249281 4
1313249341 4
1313249402 4
1313249461 4
1313249521 4
1313249581 4
1313249641 4
1313249701 4
1313249761 4
1313249821 4
1313249881 4
1313249941 4
1313250001 4
1313250061 4
1313250121 4
1313250181 4
1313250241 4
1313250301 4
1313250361 4
1313250421 4
1313250481 4
1313250541 4
1313250601 1
1313250661 1
1313250721 1
1313250781 1
1313250842 1
1313250901 1
1313250961 1
1313251021 1
1313251081 1
1313251141 1
1313251201 1
