1314115261 5
1314115321 5
1314115381 5
1314115441 5
1314115501 5
1314115561 5
1314115621 5
1314115681 5
1314115741 5
1314115801 5
1314115861 5
1314115921 5
1314115981 5
1314116041 5
1314116101 5
1314116161 5
1314116221 3
1314116281 3
1314116341 3
1314116401 3
1314116461 3
1314116521 3
1314116581 3
1314116641 3
1314116701 3
1314116761 3
1314116821 3
1314116881 3
1314116941 2
1314117001 3
1314117061 3
1314117121 3
1314117181 3
1314117241 3
1314117301 3
1314117361 3
1314117421 3
1314117481 3
1314117541 3
1314117601 3
1314117661 3
1314117721 3
1314117781 3
1314117841 3
1314117901 3
1314117961 2
1314118021 2
1314118081 2
1314118142 2
1314118201 2
1314118261 2
1314118321 3
1314118381 5
1314118441 5
1314118501 5
1314118561 5
1314118621 5
1314118681 6
1314118741 6
1314118801 6
1314118861 6
1314118921 6
1314118981 6
1314119041 6
1314119101 6
1314119161 6
1314119221 6
1314119281 6
1314119341 6
1314119401 6
1314119461 6
1314119521 6
1314119581 6
1314119641 6
1314119701 6
1314119761 6
1314119821 6
1314119882 6
1314119941 6
1314120001 6
1314120061 6
1314120121 6
1314120181 6
1314120241 6
1314120301 6
1314120361 6
1314120421 6
1314120481 6
1314120541 6
1314120601 6
1314120661 6
1314120721 6
1314120781 6
1314120841 6
1314120901 6
1314120961 6
1314121021 6
1314121081 6
1314121141 6
1314121201 6
1314121261 6
1314121321 6
1314121381 6
1314121441 6
1314121502 6
1314121561 6
1314121621 6
1314121681 6
1314121741 6
1314121801 6
1314121861 6
1314121921 6
1314121981 6
1314122041 6
1314122101 6
1314122161 6
1314122221 6
1314122281 6
1314122341 6
1314122401 6
1314122461 6
1314122521 6
1314122581 6
1314122641 6
1314122701 6
1314122761 6
1314122821 6
1314122881 6
1314122941 6
1314123001 6
1314123061 6
1314123121 6
1314123181 6
1314123241 6
1314123301 6
1314123361 6
1314123421 6
1314123482 6
1314123541 6
1314123601 6
1314123661 6
1314123721 6
1314123782 6
1314123841 6
1314123901 6
1314123961 6
1314124021 6
1314124081 6
1314124141 6
1314124201 6
1314124261 6
1314124321 6
1314124381 6
1314124441 6
1314124501 6
1314124561 6
1314124621 6
1314124681 6
1314124741 6
1314124801 6
1314124861 6
1314124921 6
1314124981 6
1314125041 6
1314125101 6
1314125161 6
1314125221 1
1314125281 1
1314125341 1
1314125401 1
1314125461 1
1314125521 1
1314125581 1
1314125641 1
1314125701 1
1314125761 1
1314125821 1
1314125881 1
1314125941 1
1314126001 1
1314126061 1
1314126121 1
1314126181 1
1314126241 2
1314126301 2
1314126361 2
1314126421 2
1314126481 2
1314126541 2
1314126601 2
1314126661 2
1314126721 2
1314126781 2
1314126841 2
1314126901 2
1314126961 2
1314127021 2
1314127081 2
1314127141 2
1314127201 2
1314127261 2
1314127321 2
1314127381 2
1314127441 2
1314127501 2
1314127561 2
1314127621 2
1314127681 2
1314127741 2
1314127801 2
1314127861 2
1314127921 2
1314127981 2
1314128041 2
1314128101 2
1314128161 2
1314128221 2
1314128281 2
1314128341 2
1314128401 2
1314128461 2
1314128521 2
1314128581 2
1314128641 2
1314128701 2
1314128761 2
1314128821 2
1314128881 2
1314128941 2
1314129001 2
1314129061 2
1314129121 2
1314129181 2
1314129241 2
1314129301 2
1314129361 2
1314129421 2
1314129481 2
1314129541 2
1314129601 2
1314129661 2
1314129721 2
1314129781 2
1314129841 2
1314129901 2
1314129961 2
1314130021 2
1314130081 2
1314130141 2
1314130201 2
1314130261 2
1314130321 2
1314130381 2
1314130441 2
1314130502 2
1314130561 2
1314130621 2
1314130682 2
1314130741 2
1314130801 2
1314130861 2
1314130921 2
1314130981 2
1314131041 2
1314131101 2
1314131161 2
1314131221 2
1314131282 2
1314131341 2
1314131401 2
1314131461 2
1314131521 2
1314131581 2
1314131641 2
1314131701 2
1314131761 2
1314131821 2
1314131881 2
1314131941 2
1314132001 2
1314132061 2
1314132121 2
1314132181 2
1314132241 2
1314132301 2
1314132361 2
1314132421 2
1314132481 2
1314132541 2
1314132601 2
1314132661 2
1314132721 2
1314132781 2
1314132841 2
1314132901 2
1314132961 2
1314133021 2
1314133081 2
1314133141 2
1314133201 2
1314133261 2
1314133321 2
1314133381 2
1314133441 2
1314133501 2
1314133561 2
1314133621 2
1314133681 2
1314133741 2
1314133801 2
1314133794 2
1314133802 2
1314133861 2
1314133921 2
1314133981 2
1314134041 2
1314134101 2
1314134161 2
1314134221 2
1314134281 2
1314134341 2
1314134402 2
1314134461 2
1314134521 2
1314134581 2
1314134641 2
1314134701 2
1314134761 2
1314134821 2
1314134881 2
1314134941 2
1314135001 2
1314135061 2
1314135121 2
1314135181 2
1314135241 2
1314135301 2
1314135361 2
1314135421 2
1314135481 2
1314135541 2
1314135601 2
1314135661 2
1314135721 2
1314135781 2
1314135841 2
1314135901 2
1314135961 2
1314136021 2
1314136081 2
1314136141 2
1314136201 2
1314136261 2
1314136321 2
1314136381 2
1314136441 2
1314136501 2
1314136561 2
1314136621 2
1314136681 2
1314136741 2
1314136801 2
1314136861 2
1314136921 2
1314136981 2
1314137041 2
1314137101 2
1314137161 2
1314137221 1
1314137281 1
1314137341 1
1314137401 1
1314137461 1
1314137521 1
1314137581 1
1314137641 1
1314137701 1
1314137761 1
1314137821 1
1314137881 1
1314137941 1
1314138001 1
1314138061 1
1314138121 1
1314138181 1
1314138241 1
1314138301 1
1314138361 1
1314138421 1
1314138481 1
1314138541 1
1314138601 1
1314138661 1
1314138721 1
1314138781 1
1314138841 1
1314138901 1
1314138961 1
1314139021 1
1314139081 1
1314139141 1
1314139201 1
1314139261 1
1314139321 1
1314139381 1
1314139441 1
1314139501 1
1314139561 1
1314139621 1
1314139681 1
1314139741 1
1314139801 1
1314139861 1
1314139921 1
1314139981 1
1314140041 1
1314140101 1
1314140161 1
1314140221 1
1314140281 1
1314140341 1
1314140401 1
1314140461 1
1314140521 1
1314140581 1
1314140641 1
1314140701 1
1314140761 1
1314140821 1
1314140881 1
1314140941 1
1314141001 1
1314141061 1
1314141121 1
1314141181 1
1314141241 1
1314141301 1
1314141361 1
1314141421 1
1314141481 1
1314141541 1
1314141601 1
1314141661 1
1314141721 1
1314141781 1
1314141841 1
1314141901 1
1314141961 1
1314142021 1
1314142081 1
1314142141 1
1314142201 1
1314142261 1
1314142321 1
1314142381 1
1314142441 1
1314142501 1
1314142561 1
1314142621 1
1314142681 1
1314142741 1
1314142801 1
1314142861 1
1314142921 1
1314142981 1
1314143041 1
1314143101 1
1314143161 1
1314143221 1
1314143281 1
1314143341 1
1314143401 1
1314143461 1
1314143521 1
1314143581 1
1314143641 1
1314143701 1
1314143761 1
1314143821 1
1314143881 1
1314143941 1
1314144001 1
1314144061 1
1314144121 1
1314144181 1
1314144241 1
1314144301 1
1314144361 1
1314144421 1
1314144481 1
1314144541 1
1314144601 1
1314144661 1
1314144721 1
1314144781 1
1314144841 1
1314144901 1
1314144961 1
1314145021 1
1314145081 1
1314145141 1
1314145201 1
1314145261 1
1314145321 1
1314145381 1
1314145441 1
1314145501 1
1314145561 1
1314145621 1
1314145682 1
1314145741 1
1314145801 1
1314145861 1
1314145921 1
1314145981 1
1314146041 1
1314146101 1
1314146161 1
1314146221 1
1314146281 1
1314146341 1
1314146401 1
1314146461 1
1314146521 1
1314146581 1
1314146641 1
1314146701 1
1314146761 1
1314146821 1
1314146881 1
1314146941 1
1314147001 1
1314147061 1
1314147121 1
1314147181 1
1314147241 1
1314147301 1
1314147361 1
1314147421 1
1314147481 1
1314147541 1
1314147601 1
1314147661 1
1314147721 1
1314147781 1
1314147841 1
1314147901 1
1314147961 1
1314148021 1
1314148081 1
1314148141 1
1314148201 1
1314148261 1
1314148321 1
1314148381 1
1314148441 1
1314148501 1
1314148561 1
1314148621 1
1314148682 1
1314148741 1
1314148801 1
1314148861 1
1314148921 1
1314148981 2
1314149041 2
1314149101 2
1314149161 2
1314149221 2
1314149281 2
1314149341 2
1314149401 2
1314149461 2
1314149521 2
1314149581 2
1314149641 2
1314149701 2
1314149761 2
1314149821 2
1314149881 2
1314149941 2
1314150001 2
1314150061 2
1314150121 3
1314150181 3
1314150241 3
1314150301 3
1314150361 3
1314150421 3
1314150481 3
1314150541 3
1314150601 3
1314150661 3
1314150721 3
1314150781 3
1314150841 3
1314150901 3
1314150961 3
1314151021 3
1314151081 3
1314151141 3
1314151201 3
1314151261 3
1314151321 3
1314151381 3
1314151441 3
1314151501 2
1314151561 2
1314151621 2
1314151681 2
1314151741 2
1314151801 2
1314151861 2
1314151921 2
1314151981 2
1314152041 2
1314152101 2
1314152161 2
1314152221 2
1314152281 2
1314152341 2
1314152401 2
1314152461 2
1314152521 2
1314152581 2
1314152641 2
1314152701 2
1314152761 2
1314152821 2
1314152881 2
1314152941 2
1314153001 2
1314153061 3
1314153121 3
1314153181 3
1314153241 3
1314153301 3
1314153361 3
1314153421 3
1314153482 3
1314153541 3
1314153601 3
1314153661 3
1314153721 3
1314153781 3
1314153841 3
1314153901 3
1314153961 3
1314154021 3
1314154081 3
1314154141 3
1314154201 3
1314154261 3
1314154321 3
1314154381 2
1314154441 2
1314154501 2
1314154561 2
1314154621 3
1314154681 3
1314154741 3
1314154801 3
1314154861 3
1314154921 3
1314154981 3
1314155041 3
1314155101 3
1314155161 3
1314155221 1
1314155281 1
1314155341 1
1314155401 1
1314155461 1
1314155521 1
1314155581 1
1314155641 1
1314155701 2
1314155761 2
1314155821 2
1314155881 2
1314155941 2
1314156001 2
1314156061 2
1314156121 2
1314156181 2
1314156241 2
1314156301 2
1314156361 2
1314156421 2
1314156481 2
1314156541 2
1314156601 2
1314156661 2
1314156721 2
1314156781 1
1314156841 1
1314156901 1
1314156961 1
1314157021 1
1314157081 2
1314157141 2
1314157201 2
1314157261 2
1314157321 2
1314157381 2
1314157441 2
1314157501 2
1314157561 1
1314157621 3
1314157681 3
1314157741 3
1314157801 3
1314157861 3
1314157921 4
1314157981 4
1314158041 4
1314158101 4
1314158161 4
1314158221 4
1314158281 4
1314158341 4
1314158401 4
1314158461 4
1314158521 4
1314158581 4
1314158641 4
1314158701 4
1314158761 4
1314158821 3
1314158881 3
1314158941 3
1314159001 3
1314159061 3
1314159121 3
1314159181 2
1314159241 2
1314159302 2
1314159361 2
1314159421 2
1314159481 2
1314159541 2
1314159601 1
1314159661 1
1314159721 1
1314159781 1
1314159841 1
1314159901 1
1314159961 1
1314160021 1
1314160081 1
1314160141 1
1314160201 1
1314160261 1
1314160321 1
1314160381 2
1314160441 2
1314160501 2
1314160561 2
1314160621 2
1314160681 2
1314160741 2
1314160801 2
1314160861 2
1314160921 2
1314160982 2
1314161041 2
1314161101 2
1314161161 2
1314161221 2
1314161281 2
1314161341 2
1314161401 2
1314161461 2
1314161521 2
1314161581 2
1314161641 2
1314161701 2
1314161761 2
1314161821 2
1314161881 1
1314161941 2
1314162001 2
1314162061 2
1314162121 2
1314162181 2
1314162241 3
1314162301 3
1314162361 3
1314162421 3
1314162481 3
1314162541 3
1314162601 3
1314162661 1
1314162721 1
1314162781 1
1314162841 1
1314162901 1
1314162961 1
1314163021 1
1314163081 1
1314163141 1
1314163201 1
1314163261 1
1314163321 1
1314163381 1
1314163441 1
1314163501 1
1314163561 1
1314163621 1
1314163681 1
1314163741 1
1314163801 1
1314163861 1
1314163921 1
1314163981 1
1314164041 1
1314164101 1
1314164161 1
1314164221 1
1314164281 2
1314164341 2
1314164401 2
1314164461 2
1314164521 2
1314164581 2
1314164641 2
1314164701 2
1314164761 2
1314164821 2
1314164881 2
1314164941 2
1314165001 2
1314165061 2
1314165121 1
1314165181 1
1314165241 1
1314165301 1
1314165361 1
1314165421 1
1314165481 1
1314165541 1
1314165601 1
1314165661 1
1314165721 1
1314165781 1
1314165841 1
1314165901 1
1314165961 1
1314166021 1
1314166081 1
1314166141 1
1314166201 2
1314166261 2
1314166321 2
1314166381 3
1314166441 3
1314166501 3
1314166561 3
1314166621 2
1314166681 3
1314166741 3
1314166801 3
1314166861 3
1314166921 3
1314166981 3
1314167041 3
1314167101 3
1314167161 3
1314167221 3
1314167281 3
1314167341 3
1314167401 4
1314167461 4
1314167521 4
1314167581 3
1314167641 3
1314167701 4
1314167761 5
1314167821 5
1314167881 4
1314167941 5
1314168001 5
1314168061 5
1314168121 5
1314168181 4
1314168241 4
1314168301 5
1314168361 5
1314168421 5
1314168481 5
1314168541 5
1314168601 6
1314168661 6
1314168721 5
1314168781 6
1314168841 6
1314168901 7
1314168961 7
1314169021 5
1314169081 5
1314169142 5
1314169201 6
1314169261 6
1314169321 6
1314169381 6
1314169441 4
1314169501 5
1314169561 4
1314169621 4
1314169681 4
1314169741 4
1314169801 4
1314169861 4
1314169921 4
1314169981 4
1314170041 2
1314170101 2
1314170161 2
1314170221 2
1314170281 2
1314170341 2
1314170401 2
1314170461 2
1314170521 2
1314170581 2
1314170642 2
1314170701 2
1314170761 2
1314170821 2
1314170881 2
1314170941 2
1314171001 2
1314171061 3
1314171121 3
1314171181 3
1314171241 3
1314171301 3
1314171361 3
1314171421 3
1314171481 3
1314171541 3
1314171601 3
1314171661 3
1314171721 2
1314171781 3
1314171841 3
1314171901 3
1314171961 3
1314172021 3
1314172081 3
1314172141 4
1314172201 3
1314172261 3
1314172321 5
1314172381 5
1314172441 6
1314172501 5
1314172561 5
1314172621 4
1314172681 4
1314172741 4
1314172801 4
1314172861 4
1314172921 3
1314172981 3
1314173041 2
1314173101 2
1314173161 2
1314173221 1
1314173281 1
1314173341 1
1314173401 1
1314173461 1
1314173521 1
1314173581 1
1314173641 2
1314173701 2
1314173761 2
1314173821 2
1314173881 2
1314173941 2
1314174001 2
1314174061 2
1314174121 2
1314174181 2
1314174241 3
1314174301 3
1314174361 3
1314174421 3
1314174481 3
1314174541 3
1314174601 3
1314174661 3
1314174721 3
1314174781 3
1314174841 3
1314174901 3
1314174961 4
1314175021 4
1314175081 4
1314175141 4
1314175201 4
1314175261 4
1314175321 5
1314175381 5
1314175441 5
1314175502 5
1314175561 3
1314175621 3
1314175681 3
1314175741 3
1314175801 3
1314175861 3
1314175921 3
1314175981 3
1314176041 3
1314176101 3
1314176161 3
1314176221 3
1314176281 3
1314176341 3
1314176401 3
1314176461 3
1314176521 3
1314176581 3
1314176641 3
1314176701 3
1314176761 2
1314176821 2
1314176881 2
1314176941 2
1314177001 2
1314177061 1
1314177121 1
1314177181 1
1314177241 1
1314177301 1
1314177362 1
1314177421 1
1314177481 1
1314177541 1
1314177601 1
1314177661 1
1314177721 1
1314177781 1
1314177841 1
1314177901 1
1314177961 1
1314178021 1
1314178081 1
1314178141 1
1314178201 1
1314178261 1
1314178321 1
1314178381 1
1314178441 1
1314178501 1
1314178561 1
1314178621 1
1314178681 2
1314178741 4
1314178801 4
1314178861 4
1314178921 4
1314178981 4
1314179041 4
1314179101 4
1314179161 2
1314179221 2
1314179281 1
1314179341 2
1314179401 2
1314179461 2
1314179521 2
1314179581 2
1314179641 2
1314179701 2
1314179761 2
1314179821 2
1314179881 2
1314179941 2
1314180001 2
1314180061 2
1314180121 2
1314180181 2
1314180241 2
1314180301 2
1314180361 2
1314180421 2
1314180481 2
1314180541 2
1314180601 2
1314180661 2
1314180721 2
1314180781 2
1314180841 2
1314180901 2
1314180961 2
1314181021 2
1314181081 2
1314181141 2
1314181201 2
1314181261 2
1314181321 2
1314181381 2
1314181441 2
1314181501 2
1314181561 2
1314181621 2
1314181681 2
1314181741 1
1314181801 1
1314181861 1
1314181921 1
1314181981 1
1314182041 1
1314182101 1
1314182161 1
1314182221 1
1314182281 1
1314182341 1
1314182401 1
1314182461 1
1314182521 1
1314182581 1
1314182641 1
1314182701 1
1314182761 1
1314182821 1
1314182881 1
1314182941 1
1314183001 1
1314183061 1
1314183121 1
1314183181 1
1314183241 1
1314183301 1
1314183361 1
1314183421 1
1314183481 1
1314183541 1
1314183601 1
1314183661 1
1314183721 1
1314183781 1
1314183841 1
1314183901 1
1314183961 1
1314184021 1
1314184081 1
1314184141 1
1314184201 1
1314184262 1
1314184321 1
1314184381 1
1314184441 1
1314184501 1
1314184561 1
1314184621 1
1314184681 1
1314184741 1
1314184801 1
1314184861 1
1314184921 1
1314184981 1
1314185041 1
1314185101 1
1314185161 1
1314185221 1
1314185281 1
1314185341 1
1314185401 0
1314185461 0
1314185521 0
1314185581 0
1314185641 0
1314185701 0
1314185761 0
1314185821 0
1314185881 0
1314185941 0
1314186001 0
1314186061 0
1314186121 0
1314186181 1
1314186241 1
1314186301 1
1314186361 2
1314186421 2
1314186481 2
1314186541 2
1314186601 2
1314186661 2
1314186721 2
1314186781 2
1314186841 2
1314186901 2
1314186961 2
1314187021 2
1314187081 2
1314187141 2
1314187201 2
1314187261 2
1314187321 2
1314187381 2
1314187441 2
1314187501 2
1314187561 2
1314187621 2
1314187681 2
1314187741 2
1314187801 2
1314187861 2
1314187921 2
1314187981 2
1314188041 2
1314188101 2
1314188161 2
1314188221 2
1314188281 2
1314188341 2
1314188401 2
1314188461 2
1314188521 2
1314188581 2
1314188641 2
1314188701 2
1314188761 2
1314188821 2
1314188881 2
1314188941 2
1314189001 2
1314189061 2
1314189121 2
1314189181 2
1314189242 2
1314189301 2
1314189361 2
1314189421 2
1314189481 2
1314189541 2
1314189601 2
1314189661 2
1314189721 2
1314189781 0
1314189841 1
1314189901 1
1314189961 1
1314190021 1
1314190081 1
1314190141 1
1314190201 1
1314190261 1
1314190321 1
1314190381 2
1314190441 2
1314190501 2
1314190561 2
1314190621 2
1314190681 2
1314190741 2
1314190801 2
1314190861 2
1314190921 2
1314190981 2
1314191041 2
1314191101 2
1314191161 2
1314191221 2
1314191281 2
1314191341 2
1314191401 2
1314191461 2
1314191521 2
1314191581 2
1314191641 0
1314191701 0
1314191761 0
1314191821 0
1314191881 0
1314191941 0
1314192001 0
1314192061 0
1314192121 0
1314192182 0
1314192241 0
1314192301 0
1314192361 0
1314192421 0
1314192481 0
1314192541 0
1314192601 0
1314192661 0
1314192721 0
1314192781 0
1314192841 0
1314192901 0
1314192961 0
1314193021 0
1314193081 0
1314193141 0
1314193201 0
1314193261 0
1314193321 0
1314193381 0
1314193441 0
1314193501 1
1314193561 1
1314193621 1
1314193681 1
1314193741 1
1314193801 1
1314193861 1
1314193921 1
1314193981 1
1314194041 1
1314194101 1
1314194161 1
1314194222 1
1314194281 1
1314194341 0
1314194401 1
1314194461 1
1314194521 1
1314194581 1
1314194641 1
1314194701 1
1314194761 1
1314194821 1
1314194881 1
1314194941 1
1314195001 1
1314195061 1
1314195121 1
1314195181 1
1314195241 1
1314195301 2
1314195361 2
1314195421 2
1314195481 2
1314195541 2
1314195601 2
1314195661 2
1314195721 2
1314195781 2
1314195841 2
1314195901 2
1314195961 2
1314196021 2
1314196081 2
1314196141 2
1314196201 2
1314196261 2
1314196321 3
1314196381 3
1314196441 2
1314196501 2
1314196561 2
1314196621 2
1314196681 2
1314196741 2
1314196801 2
1314196861 2
1314196921 2
1314196981 2
1314197041 2
1314197101 2
1314197161 2
1314197222 2
1314197281 2
1314197341 2
1314197401 2
1314197461 2
1314197521 2
1314197581 2
1314197641 2
1314197701 2
1314197761 2
1314197821 2
1314197881 2
1314197941 2
1314198001 2
1314198061 2
1314198121 2
1314198181 2
1314198241 3
1314198301 3
1314198361 3
1314198421 3
1314198481 3
1314198541 3
1314198601 3
1314198661 1
1314198721 1
1314198781 2
1314198841 2
1314198901 2
1314198961 2
1314199021 2
1314199081 2
1314199141 2
1314199201 2
1314199261 2
1314199321 2
1314199381 2
1314199441 2
1314199501 2
1314199561 2
1314199621 2
1314199681 2
1314199741 2
1314199801 1
1314199861 1
1314199921 1
1314199981 2
1314200041 2
1314200101 2
1314200161 2
1314200221 2
1314200281 2
1314200341 2
1314200401 2
1314200461 2
1314200521 1
1314200581 1
1314200641 1
1314200701 1
1314200761 1
1314200821 1
1314200881 1
1314200941 1
1314201001 1
1314201061 1
1314201121 1
1314201181 1
1314201241 1
1314201301 1
1314201361 1
1314201421 1
1314201481 1
1314201541 1
1314201601 1
