1315411261 5
1315411321 4
1315411381 4
1315411441 4
1315411501 4
1315411561 4
1315411621 4
1315411681 4
1315411741 4
1315411801 4
1315411861 4
1315411921 4
1315411981 4
1315412042 5
1315412101 5
1315412161 5
1315412221 5
1315412281 5
1315412341 5
1315412401 5
1315412461 3
1315412521 3
1315412581 3
1315412641 3
1315412701 3
1315412761 4
1315412821 4
1315412881 4
1315412941 4
1315413001 4
1315413061 4
1315413121 4
1315413181 4
1315413241 4
1315413302 4
1315413361 4
1315413421 4
1315413481 4
1315413541 4
1315413601 4
1315413661 4
1315413721 2
1315413781 2
1315413841 2
1315413901 2
1315413961 2
1315414021 2
1315414081 2
1315414141 2
1315414201 2
1315414261 2
1315414321 2
1315414381 2
1315414441 2
1315414501 2
1315414561 2
1315414621 2
1315414681 2
1315414741 2
1315414801 2
1315414861 2
1315414921 2
1315414981 2
1315415042 2
1315415101 2
1315415161 2
1315415221 2
1315415281 2
1315415341 2
1315415401 2
1315415461 2
1315415521 2
1315415581 2
1315415641 2
1315415701 2
1315415761 2
1315415821 2
1315415881 2
1315415941 2
1315416001 2
1315416061 2
1315416121 2
1315416181 2
1315416241 3
1315416301 3
1315416361 3
1315416421 3
1315416481 3
1315416541 3
1315416601 4
1315416661 4
1315416722 4
1315416781 4
1315416841 4
1315416901 4
1315416961 4
1315417021 4
1315417081 4
1315417141 4
1315417201 4
1315417261 4
1315417321 4
1315417381 4
1315417441 4
1315417501 4
1315417561 4
1315417621 4
1315417681 4
1315417741 4
1315417801 4
1315417861 4
1315417921 4
1315417981 4
1315418041 4
1315418101 4
1315418161 4
1315418221 4
1315418281 4
1315418341 4
1315418401 4
1315418461 4
1315418521 4
1315418581 4
1315418641 4
1315418701 4
1315418761 4
1315418821 4
1315418881 4
1315418941 4
1315419001 4
1315419061 4
1315419121 4
1315419181 4
1315419241 4
1315419301 4
1315419361 4
1315419421 4
1315419482 4
1315419541 4
1315419601 4
1315419661 4
1315419721 4
1315419781 4
1315419841 4
1315419901 4
1315419961 4
1315420021 4
1315420081 4
1315420141 4
1315420201 4
1315420261 4
1315420321 3
1315420381 3
1315420441 3
1315420501 3
1315420561 3
1315420621 3
1315420681 3
1315420741 3
1315420801 3
1315420861 3
1315420921 3
1315420981 3
1315421041 3
1315421101 3
1315421161 3
1315421221 3
1315421281 3
1315421341 3
1315421401 3
1315421461 3
1315421521 3
1315421581 3
1315421641 3
1315421701 3
1315421761 3
1315421821 3
1315421881 3
1315421941 3
1315422001 3
1315422061 3
1315422121 3
1315422181 3
1315422241 3
1315422301 3
1315422361 3
1315422421 3
1315422481 3
1315422541 3
1315422601 3
1315422661 3
1315422721 3
1315422781 3
1315422841 3
1315422901 3
1315422961 3
1315423021 3
1315423081 3
1315423141 3
1315423201 3
1315423261 3
1315423321 3
1315423381 3
1315423441 1
1315423501 1
1315423561 1
1315423621 1
1315423681 1
1315423741 1
1315423801 1
1315423861 1
1315423921 1
1315423981 1
1315424041 1
1315424101 1
1315424161 1
1315424221 1
1315424281 1
1315424341 1
1315424401 1
1315424461 1
1315424521 1
1315424581 1
1315424641 1
1315424701 1
1315424761 1
1315424821 1
1315424881 1
1315424941 1
1315425001 1
1315425062 1
1315425121 1
1315425181 1
1315425241 1
1315425301 1
1315425361 1
1315425421 1
1315425481 1
1315425541 1
1315425601 1
1315425661 1
1315425721 1
1315425781 1
1315425841 1
1315425901 1
1315425961 1
1315426023 1
1315426081 1
1315426141 1
1315426201 1
1315426261 1
1315426321 1
1315426381 1
1315426441 1
1315426501 1
1315426561 1
1315426621 1
1315426681 1
1315426742 1
1315426801 1
1315426862 1
1315426921 1
1315426981 1
1315427041 1
1315427101 1
1315427161 1
1315427221 1
1315427282 1
1315427341 1
1315427401 1
1315427461 1
1315427521 1
1315427581 1
1315427641 1
1315427701 1
1315427761 1
1315427821 1
1315427881 1
1315427941 1
1315428001 1
1315428061 1
1315428121 1
1315428181 1
1315428241 1
1315428301 1
1315428361 1
1315428421 1
1315428481 1
1315428541 1
1315428601 1
1315428661 1
1315428721 1
1315428781 1
1315428841 1
1315428901 1
1315428961 1
1315429021 1
1315429082 1
1315429141 1
1315429201 1
1315429261 1
1315429321 1
1315429381 1
1315429441 1
1315429501 1
1315429561 1
1315429621 1
1315429681 1
1315429741 1
1315429801 1
1315429794 1
1315429801 1
1315429861 1
1315429921 1
1315429981 1
1315430041 1
1315430101 1
1315430161 1
1315430221 1
1315430281 1
1315430341 1
1315430401 1
1315430461 1
1315430521 1
1315430581 1
1315430641 1
1315430701 1
1315430761 1
1315430821 1
1315430881 1
1315430941 1
1315431001 1
1315431061 1
1315431121 1
1315431181 1
1315431241 1
1315431301 1
1315431361 2
1315431422 2
1315431481 2
1315431541 2
1315431601 2
1315431661 2
1315431721 2
1315431781 3
1315431841 3
1315431901 3
1315431961 3
1315432021 3
1315432081 3
1315432141 3
1315432201 3
1315432261 3
1315432321 3
1315432381 3
1315432441 3
1315432501 3
1315432561 3
1315432621 3
1315432681 3
1315432741 3
1315432801 3
1315432861 3
1315432921 3
1315432981 3
1315433041 3
1315433101 3
1315433161 3
1315433221 3
1315433281 3
1315433341 3
1315433401 3
1315433461 3
1315433521 3
1315433581 3
1315433641 3
1315433701 3
1315433761 3
1315433821 3
1315433881 3
1315433941 3
1315434001 3
1315434061 3
1315434121 3
1315434181 3
1315434241 3
1315434301 1
1315434361 1
1315434421 1
1315434481 1
1315434541 1
1315434601 1
1315434661 1
1315434721 1
1315434781 1
1315434841 1
1315434901 1
1315434961 1
1315435021 1
1315435081 1
1315435141 1
1315435201 1
1315435261 1
1315435321 1
1315435381 1
1315435441 1
1315435501 1
1315435561 1
1315435621 1
1315435681 1
1315435741 1
1315435801 1
1315435861 1
1315435921 2
1315435981 2
1315436041 2
1315436101 2
1315436161 2
1315436221 2
1315436281 2
1315436341 2
1315436401 2
1315436461 2
1315436521 2
1315436581 2
1315436641 2
1315436701 2
1315436761 2
1315436821 2
1315436881 2
1315436941 2
1315437001 2
1315437061 2
1315437121 2
1315437181 2
1315437241 2
1315437301 2
1315437361 2
1315437421 2
1315437481 2
1315437541 2
1315437601 2
1315437661 2
1315437721 2
1315437781 2
1315437841 2
1315437901 2
1315437961 2
1315438021 1
1315438081 1
1315438141 1
1315438201 1
1315438261 1
1315438321 1
1315438381 1
1315438441 1
1315438501 1
1315438561 1
1315438621 1
1315438681 1
1315438741 1
1315438801 1
1315438861 2
1315438921 2
1315438981 2
1315439041 2
1315439101 2
1315439161 2
1315439221 2
1315439281 2
1315439341 2
1315439401 2
1315439461 2
1315439521 2
1315439581 2
1315439641 2
1315439701 2
1315439761 2
1315439821 2
1315439881 2
1315439941 2
1315440001 2
1315440061 2
1315440121 2
1315440181 2
1315440241 2
1315440301 2
1315440361 2
1315440421 1
1315440481 1
1315440541 1
1315440601 1
1315440661 1
1315440721 1
1315440781 1
1315440841 2
1315440901 3
1315440961 3
1315441021 3
1315441081 3
1315441141 3
1315441201 4
1315441261 2
1315441322 3
1315441381 3
1315441441 4
1315441501 5
1315441561 5
1315441621 5
1315441681 5
1315441741 4
1315441801 5
1315441861 5
1315441921 5
1315441981 5
1315442041 5
1315442101 5
1315442161 5
1315442221 5
1315442281 6
1315442341 7
1315442401 5
1315442461 5
1315442521 6
1315442581 6
1315442641 6
1315442701 6
1315442761 6
1315442821 4
1315442881 3
1315442941 3
1315443001 3
1315443061 2
1315443121 2
1315443181 2
1315443241 2
1315443301 2
1315443361 2
1315443421 2
1315443481 2
1315443541 2
1315443601 2
1315443661 2
1315443721 2
1315443781 2
1315443841 2
1315443901 2
1315443961 2
1315444021 2
1315444081 2
1315444141 2
1315444201 2
1315444261 2
1315444321 3
1315444381 3
1315444441 3
1315444501 3
1315444561 3
1315444621 3
1315444681 3
1315444741 3
1315444801 3
1315444861 3
1315444921 3
1315444981 3
1315445041 4
1315445101 4
1315445161 4
1315445221 4
1315445281 4
1315445341 4
1315445401 4
1315445461 4
1315445521 4
1315445581 4
1315445641 4
1315445701 5
1315445761 5
1315445821 5
1315445881 5
1315445941 5
1315446001 5
1315446061 4
1315446121 4
1315446181 4
1315446241 5
1315446301 5
1315446361 5
1315446421 5
1315446481 5
1315446541 5
1315446601 5
1315446661 5
1315446721 5
1315446782 5
1315446841 5
1315446901 5
1315446961 5
1315447021 5
1315447081 5
1315447141 4
1315447201 5
1315447261 5
1315447321 5
1315447381 5
1315447441 5
1315447501 5
1315447561 4
1315447621 5
1315447681 5
1315447741 5
1315447801 5
1315447861 6
1315447921 6
1315447981 6
1315448041 6
1315448101 6
1315448161 5
1315448221 5
1315448281 5
1315448341 5
1315448401 4
1315448461 4
1315448521 4
1315448581 4
1315448641 4
1315448701 4
1315448761 4
1315448821 4
1315448881 4
1315448941 4
1315449001 4
1315449061 4
1315449121 4
1315449181 4
1315449241 4
1315449301 4
1315449361 4
1315449421 4
1315449481 4
1315449541 4
1315449601 4
1315449661 4
1315449721 4
1315449781 4
1315449841 4
1315449901 4
1315449961 4
1315450021 4
1315450081 4
1315450141 4
1315450201 4
1315450261 4
1315450321 4
1315450381 4
1315450441 3
1315450501 3
1315450561 4
1315450621 4
1315450681 5
1315450741 5
1315450801 5
1315450861 5
1315450921 5
1315450981 5
1315451041 5
1315451101 5
1315451161 5
1315451221 5
1315451281 5
1315451341 4
1315451401 5
1315451461 5
1315451521 5
1315451581 5
1315451641 5
1315451701 5
1315451761 5
1315451821 5
1315451881 5
1315451941 3
1315452001 3
1315452061 3
1315452121 3
1315452181 3
1315452241 4
1315452301 4
1315452361 4
1315452421 4
1315452481 4
1315452541 4
1315452601 4
1315452661 4
1315452721 5
1315452781 5
1315452841 5
1315452901 5
1315452961 5
1315453021 5
1315453081 5
1315453141 5
1315453201 5
1315453261 4
1315453321 5
1315453381 5
1315453441 5
1315453501 5
1315453561 6
1315453621 6
1315453681 6
1315453741 6
1315453801 6
1315453861 6
1315453921 7
1315453981 9
1315454041 10
1315454101 10
1315454161 10
1315454221 11
1315454281 11
1315454341 11
1315454401 10
1315454461 10
1315454521 10
1315454582 10
1315454641 10
1315454701 10
1315454761 10
1315454821 10
1315454881 10
1315454941 10
1315455002 8
1315455061 8
1315455121 8
1315455181 8
1315455241 8
1315455301 8
1315455361 8
1315455421 8
1315455481 8
1315455541 8
1315455601 8
1315455661 8
1315455721 9
1315455781 9
1315455841 9
1315455902 9
1315455961 9
1315456021 6
1315456081 7
1315456141 7
1315456201 6
1315456261 7
1315456321 7
1315456381 9
1315456441 9
1315456501 9
1315456561 9
1315456621 9
1315456681 9
1315456741 9
1315456801 8
1315456861 8
1315456921 7
1315456981 7
1315457041 7
1315457101 7
1315457161 7
1315457221 8
1315457281 8
1315457341 8
1315457401 8
1315457461 8
1315457521 8
1315457581 8
1315457641 8
1315457701 8
1315457761 8
1315457821 9
1315457881 9
1315457941 9
1315458001 9
1315458061 9
1315458121 9
1315458181 9
1315458241 9
1315458301 9
1315458361 9
1315458421 9
1315458481 9
1315458541 9
1315458601 9
1315458661 9
1315458721 8
1315458781 8
1315458841 8
1315458901 8
1315458961 8
1315459021 7
1315459081 7
1315459141 7
1315459201 7
1315459261 7
1315459321 7
1315459381 7
1315459441 7
1315459501 7
1315459561 7
1315459621 7
1315459681 7
1315459741 7
1315459801 7
1315459861 7
1315459921 7
1315459981 7
1315460041 7
1315460101 7
1315460161 8
1315460221 8
1315460281 8
1315460341 9
1315460401 9
1315460461 9
1315460521 9
1315460581 10
1315460641 10
1315460701 9
1315460761 9
1315460821 9
1315460881 9
1315460941 9
1315461001 9
1315461061 9
1315461121 9
1315461181 9
1315461241 9
1315461301 8
1315461361 8
1315461421 8
1315461481 8
1315461541 8
1315461601 8
1315461661 8
1315461721 8
1315461781 8
1315461841 8
1315461901 8
1315461961 8
1315462021 5
1315462081 5
1315462141 6
1315462201 7
1315462261 7
1315462321 7
1315462381 7
1315462441 7
1315462501 7
1315462561 7
1315462621 7
1315462681 6
1315462741 6
1315462801 7
1315462861 7
1315462921 7
1315462981 7
1315463041 7
1315463101 7
1315463161 7
1315463221 7
1315463281 7
1315463341 7
1315463401 7
1315463461 7
1315463521 8
1315463581 8
1315463641 8
1315463701 7
1315463761 7
1315463821 7
1315463881 7
1315463941 5
1315464001 6
1315464061 7
1315464121 7
1315464181 7
1315464241 7
1315464301 7
1315464361 7
1315464421 7
1315464481 7
1315464541 7
1315464601 7
1315464661 8
1315464721 8
1315464781 8
1315464842 8
1315464901 8
1315464961 8
1315465021 7
1315465081 7
1315465141 7
1315465201 7
1315465261 7
1315465321 6
1315465381 6
1315465441 6
1315465501 6
1315465561 6
1315465621 6
1315465682 6
1315465741 6
1315465801 6
1315465862 6
1315465921 6
1315465981 6
1315466042 7
1315466102 7
1315466161 7
1315466221 7
1315466281 7
1315466341 7
1315466401 7
1315466461 7
1315466521 7
1315466581 7
1315466641 7
1315466701 7
1315466761 7
1315466821 7
1315466881 6
1315466941 6
1315467001 7
1315467061 7
1315467121 7
1315467181 7
1315467241 8
1315467301 8
1315467361 8
1315467421 9
1315467481 9
1315467541 10
1315467601 10
1315467661 10
1315467721 9
1315467781 10
1315467841 11
1315467901 12
1315467961 12
1315468021 12
1315468081 12
1315468141 13
1315468201 13
1315468261 13
1315468321 12
1315468381 12
1315468441 10
1315468501 10
1315468561 9
1315468621 10
1315468681 10
1315468741 10
1315468802 10
1315468861 10
1315468921 10
1315468981 10
1315469041 10
1315469102 10
1315469161 10
1315469221 10
1315469281 10
1315469341 10
1315469401 10
1315469462 10
1315469521 10
1315469581 9
1315469641 8
1315469701 8
1315469761 8
1315469821 9
1315469881 8
1315469941 9
1315470001 9
1315470061 9
1315470121 9
1315470181 9
1315470241 8
1315470301 8
1315470361 8
1315470421 6
1315470482 6
1315470541 6
1315470601 6
1315470661 6
1315470721 7
1315470781 7
1315470841 7
1315470901 7
1315470961 7
1315471021 7
1315471081 6
1315471141 8
1315471201 8
1315471261 8
1315471321 8
1315471381 8
1315471441 8
1315471501 8
1315471561 8
1315471621 8
1315471681 8
1315471741 8
1315471801 8
1315471861 8
1315471921 8
1315471981 8
1315472041 8
1315472101 8
1315472161 7
1315472221 7
1315472281 8
1315472341 8
1315472401 8
1315472461 8
1315472521 8
1315472581 8
1315472641 9
1315472701 9
1315472761 10
1315472821 10
1315472881 9
1315472941 9
1315473001 5
1315473061 6
1315473121 6
1315473181 6
1315473241 6
1315473301 6
1315473361 6
1315473421 6
1315473481 6
1315473541 7
1315473601 8
1315473661 8
1315473721 8
1315473781 8
1315473841 9
1315473902 10
1315473961 11
1315474021 11
1315474081 12
1315474141 10
1315474201 11
1315474261 11
1315474321 11
1315474381 11
1315474441 11
1315474501 11
1315474561 11
1315474621 11
1315474681 11
1315474741 11
1315474801 7
1315474861 8
1315474921 8
1315474981 7
1315475041 7
1315475101 7
1315475161 7
1315475221 7
1315475281 7
1315475341 7
1315475401 7
1315475461 7
1315475521 8
1315475581 8
1315475641 8
1315475701 8
1315475761 8
1315475821 8
1315475881 8
1315475941 8
1315476001 8
1315476061 7
1315476121 7
1315476181 7
1315476241 8
1315476301 9
1315476361 9
1315476421 9
1315476481 10
1315476541 10
1315476601 11
1315476661 12
1315476721 13
1315476781 13
1315476841 13
1315476901 13
1315476961 14
1315477021 14
1315477081 14
1315477141 10
1315477201 10
1315477261 10
1315477321 10
1315477381 10
1315477441 10
1315477501 10
1315477561 10
1315477621 10
1315477681 9
1315477741 9
1315477801 9
1315477861 9
1315477921 9
1315477981 9
1315478041 9
1315478101 9
1315478161 9
1315478221 9
1315478281 9
1315478341 9
1315478401 9
1315478461 9
1315478521 9
1315478581 3
1315478641 3
1315478701 3
1315478761 3
1315478821 3
1315478881 3
1315478941 3
1315479001 3
1315479062 3
1315479121 3
1315479181 3
1315479241 3
1315479301 3
1315479361 3
1315479421 3
1315479481 3
1315479541 3
1315479601 3
1315479661 3
1315479721 3
1315479781 3
1315479841 3
1315479901 3
1315479961 3
1315480021 5
1315480081 5
1315480141 5
1315480201 5
1315480261 5
1315480322 5
1315480381 5
1315480441 5
1315480501 5
1315480561 5
1315480621 5
1315480681 5
1315480741 5
1315480801 5
1315480861 5
1315480921 5
1315480981 5
1315481041 5
1315481101 5
1315481161 5
1315481221 5
1315481281 5
1315481341 5
1315481401 5
1315481461 5
1315481521 5
1315481581 5
1315481641 5
1315481701 5
1315481761 5
1315481821 5
1315481881 5
1315481941 5
1315482001 3
1315482061 3
1315482121 3
1315482181 3
1315482241 3
1315482301 3
1315482361 3
1315482421 3
1315482481 3
1315482541 3
1315482601 3
1315482661 3
1315482721 3
1315482781 3
1315482841 4
1315482901 4
1315482961 4
1315483021 4
1315483081 4
1315483141 4
1315483201 4
1315483261 4
1315483321 4
1315483381 3
1315483441 3
1315483501 3
1315483561 3
1315483621 3
1315483681 3
1315483741 3
1315483801 4
1315483861 4
1315483921 4
1315483981 4
1315484041 4
1315484101 4
1315484161 4
1315484221 4
1315484281 4
1315484341 4
1315484401 3
1315484461 3
1315484521 3
1315484581 3
1315484641 3
1315484701 3
1315484761 3
1315484821 3
1315484881 3
1315484941 3
1315485001 3
1315485061 3
1315485121 3
1315485181 3
1315485241 3
1315485301 3
1315485361 3
1315485421 4
1315485481 4
1315485541 4
1315485601 4
1315485661 4
1315485721 4
1315485781 4
1315485841 4
1315485901 4
1315485961 4
1315486021 4
1315486081 4
1315486141 4
1315486201 4
1315486261 4
1315486321 4
1315486381 4
1315486441 4
1315486501 4
1315486561 4
1315486621 4
1315486681 4
1315486741 4
1315486801 4
1315486861 4
1315486921 4
1315486981 3
1315487041 3
1315487101 3
1315487161 3
1315487221 3
1315487281 3
1315487341 3
1315487401 3
1315487461 3
1315487521 3
1315487581 3
1315487641 3
1315487701 3
1315487761 3
1315487821 3
1315487881 3
1315487941 3
1315488001 3
1315488061 5
1315488121 5
1315488181 4
1315488241 5
1315488301 5
1315488361 5
1315488421 5
1315488481 5
1315488541 5
1315488601 5
1315488661 5
1315488721 5
1315488781 5
1315488841 2
1315488901 2
1315488961 2
1315489021 2
1315489081 2
1315489141 2
1315489201 2
1315489261 2
1315489321 2
1315489381 2
1315489441 3
1315489501 3
1315489561 3
1315489621 3
1315489681 3
1315489741 3
1315489801 3
1315489861 3
1315489921 3
1315489981 4
1315490041 3
1315490101 4
1315490161 4
1315490221 5
1315490281 6
1315490341 6
1315490401 6
1315490461 6
1315490521 6
1315490581 6
1315490641 5
1315490701 5
1315490761 6
1315490821 7
1315490881 7
1315490941 7
1315491001 7
1315491061 7
1315491121 4
1315491181 4
1315491241 2
1315491301 3
1315491361 3
1315491421 4
1315491481 5
1315491541 5
1315491601 6
1315491661 6
1315491721 6
1315491781 6
1315491841 6
1315491901 6
1315491961 6
1315492021 6
1315492081 3
1315492141 3
1315492201 4
1315492261 5
1315492321 5
1315492381 6
1315492441 6
1315492501 6
1315492561 6
1315492621 6
1315492681 6
1315492741 6
1315492801 6
1315492861 6
1315492922 6
1315492981 6
1315493041 6
1315493101 6
1315493161 6
1315493221 4
1315493281 5
1315493341 5
1315493401 6
1315493461 6
1315493521 6
1315493581 6
1315493641 6
1315493701 6
1315493761 5
1315493821 5
1315493881 5
1315493941 6
1315494001 6
1315494061 6
1315494121 7
1315494181 7
1315494241 7
1315494301 7
1315494361 7
1315494421 7
1315494481 7
1315494541 6
1315494601 6
1315494661 6
1315494721 6
1315494781 6
1315494841 5
1315494901 5
1315494961 5
1315495021 5
1315495081 3
1315495141 4
1315495201 4
1315495261 5
1315495321 6
1315495381 7
1315495441 7
1315495501 7
1315495561 6
1315495621 6
1315495681 6
1315495741 6
1315495801 6
1315495861 6
1315495922 6
1315495981 6
1315496041 6
1315496101 6
1315496161 6
1315496221 6
1315496281 6
1315496341 6
1315496401 6
1315496461 6
1315496521 6
1315496581 6
1315496641 6
1315496701 6
1315496761 6
1315496821 4
1315496881 4
1315496941 4
1315497001 5
1315497061 6
1315497121 7
1315497181 7
1315497241 6
1315497301 6
1315497361 6
1315497421 6
1315497481 6
1315497541 6
1315497601 6
