1309449661 126
1309449721 126
1309449781 119
1309449841 115
1309449901 117
1309449961 114
1309450021 118
1309450081 110
1309450141 111
1309450201 110
1309450261 114
1309450321 109
1309450382 113
1309450441 113
1309450501 117
1309450561 120
1309450621 124
1309450681 131
1309450741 129
1309450801 128
1309450862 121
1309450921 117
1309450981 122
1309451041 120
1309451101 109
1309451161 114
1309451221 110
1309451281 115
1309451341 113
1309451401 113
1309451461 117
1309451521 112
1309451581 111
1309451641 107
1309451701 105
1309451761 104
1309451821 99
1309451881 101
1309451941 95
1309452001 102
1309452061 103
1309452121 102
1309452181 107
1309452241 104
1309452301 107
1309452361 109
1309452421 107
1309452481 109
1309452541 104
1309452601 104
1309452661 106
1309452721 109
1309452781 109
1309452841 111
1309452901 107
1309452961 107
1309453021 111
1309453081 116
1309453141 102
1309453201 100
1309453261 105
1309453321 103
1309453381 105
1309453441 102
1309453501 101
1309453561 104
1309453621 106
1309453681 108
1309453741 109
1309453801 99
1309453861 101
1309453921 95
1309453981 98
1309454041 92
1309454101 90
1309454161 96
1309454221 97
1309454281 101
1309454341 101
1309454401 96
1309454461 102
1309454521 92
1309454581 93
1309454641 93
1309454701 86
1309454761 89
1309454821 87
1309454881 91
1309454941 91
1309455001 92
1309455061 91
1309455121 87
1309455181 88
1309455241 88
1309455301 89
1309455361 85
1309455422 80
1309455481 80
1309455541 81
1309455601 80
1309455661 83
1309455721 86
1309455781 87
1309455841 83
1309455901 85
1309455961 85
1309456021 87
1309456081 85
1309456141 86
1309456201 78
1309456261 83
1309456321 78
1309456381 79
1309456441 82
1309456501 79
1309456561 76
1309456621 77
1309456681 74
1309456741 74
1309456801 75
1309456861 74
1309456921 76
1309456981 79
1309457041 72
1309457101 70
1309457161 75
1309457221 72
1309457281 71
1309457341 68
1309457401 71
1309457461 74
1309457521 75
1309457581 75
1309457641 71
1309457701 74
1309457761 77
1309457821 73
1309457881 75
1309457941 71
1309458001 71
1309458061 73
1309458121 69
1309458181 74
1309458241 75
1309458301 70
1309458361 72
1309458421 68
1309458481 73
1309458541 74
1309458601 77
1309458661 80
1309458721 79
1309458781 77
1309458841 74
1309458901 71
1309458961 72
1309459021 68
1309459082 69
1309459141 67
1309459201 66
1309459261 67
1309459321 68
1309459381 69
1309459441 66
1309459501 65
1309459561 67
1309459621 70
1309459681 74
1309459741 75
1309459801 72
1309459861 74
1309459921 76
1309459981 74
1309460041 75
1309460101 64
1309460161 66
1309460221 66
1309460281 64
1309460341 62
1309460401 60
1309460461 63
1309460521 63
1309460581 66
1309460641 65
1309460701 66
1309460761 67
1309460821 58
1309460881 62
1309460941 60
1309461001 58
1309461061 56
1309461121 57
1309461181 59
1309461241 59
1309461301 59
1309461361 55
1309461421 55
1309461481 57
1309461541 56
1309461601 58
1309461661 59
1309461721 59
1309461781 55
1309461841 56
1309461901 53
1309461961 54
1309462021 52
1309462081 55
1309462141 57
1309462201 56
1309462261 58
1309462321 59
1309462381 61
1309462441 63
1309462501 63
1309462561 62
1309462621 62
1309462681 60
1309462741 60
1309462801 61
1309462861 62
1309462921 50
1309462981 51
1309463041 52
1309463101 53
1309463161 50
1309463221 51
1309463281 52
1309463341 52
1309463401 54
1309463461 53
1309463521 53
1309463581 54
1309463641 55
1309463701 51
1309463761 54
1309463822 54
1309463881 55
1309463941 56
1309464001 57
1309464061 49
1309464121 47
1309464181 48
1309464241 49
1309464301 52
1309464361 53
1309464421 52
1309464481 54
1309464541 55
1309464601 55
1309464661 57
1309464721 57
1309464781 58
1309464841 51
1309464901 51
1309464961 52
1309465021 52
1309465081 52
1309465141 53
1309465201 52
1309465261 53
1309465321 48
1309465381 50
1309465441 50
1309465502 50
1309465561 52
1309465621 50
1309465681 51
1309465741 50
1309465801 51
1309465861 53
1309465921 53
1309465981 54
1309466041 55
1309466101 52
1309466161 50
1309466221 51
1309466281 51
1309466341 52
1309466401 54
1309466461 52
1309466521 50
1309466581 51
1309466641 52
1309466701 54
1309466761 55
1309466821 55
1309466881 55
1309466941 56
1309467001 57
1309467061 58
1309467121 58
1309467181 58
1309467241 48
1309467301 49
1309467361 50
1309467421 48
1309467481 50
1309467541 51
1309467601 51
1309467661 53
1309467721 53
1309467781 54
1309467841 51
1309467901 51
1309467961 53
1309468021 53
1309468081 53
1309468141 54
1309468201 55
1309468261 57
1309468321 57
1309468381 57
1309468441 57
1309468501 58
1309468561 58
1309468621 58
1309468681 48
1309468741 50
1309468801 51
1309468861 52
1309468921 52
1309468981 54
1309469041 53
1309469101 54
1309469161 55
1309469221 55
1309469281 56
1309469341 56
1309469401 57
1309469461 47
1309469521 47
1309469581 47
1309469641 47
1309469701 48
1309469761 50
1309469821 50
1309469881 51
1309469941 52
1309470001 52
1309470061 49
1309470121 49
1309470181 49
1309470241 49
1309470301 50
1309470362 52
1309470421 52
1309470481 49
1309470541 49
1309470601 52
1309470661 53
1309470721 53
1309470781 54
1309470841 50
1309470901 50
1309470961 48
1309471021 48
1309471081 49
1309471141 49
1309471201 50
1309471261 51
1309471321 51
1309471381 52
1309471441 48
1309471501 49
1309471561 50
1309471621 50
1309471681 51
1309471741 47
1309471801 47
1309471861 48
1309471921 48
1309471981 49
1309472041 49
1309472101 49
1309472161 50
1309472221 50
1309472281 51
1309472341 49
1309472401 50
1309472461 51
1309472521 51
1309472581 48
1309472641 50
1309472701 51
1309472761 51
1309472821 51
1309472881 52
1309472941 54
1309473001 54
1309473061 47
1309473121 47
1309473181 48
1309473241 47
1309473301 48
1309473361 48
1309473421 48
1309473481 50
1309473541 51
1309473601 52
1309473661 53
1309473721 49
1309473781 51
1309473841 50
1309473901 49
1309473961 48
1309474021 48
1309474081 49
1309474141 48
1309474201 49
1309474261 51
1309474321 51
1309474381 51
1309474441 53
1309474501 53
1309474561 54
1309474621 54
1309474682 55
1309474741 56
1309474801 49
1309474861 50
1309474921 50
1309474981 45
1309475041 45
1309475101 45
1309475161 45
1309475221 45
1309475281 46
1309475341 48
1309475401 49
1309475462 48
1309475521 48
1309475582 50
1309475641 51
1309475701 52
1309475761 49
1309475821 49
1309475881 51
1309475941 52
1309476001 47
1309476061 49
1309476121 50
1309476181 52
1309476241 53
1309476301 49
1309476361 49
1309476421 50
1309476481 52
1309476541 53
1309476601 48
1309476661 48
1309476721 48
1309476781 48
1309476841 49
1309476901 47
1309476961 46
1309477021 47
1309477081 49
1309477141 51
1309477201 50
1309477261 51
1309477321 51
1309477381 49
1309477441 51
1309477502 47
1309477561 48
1309477621 47
1309477681 48
1309477741 49
1309477801 49
1309477861 49
1309477921 50
1309477981 51
1309478041 50
1309478101 51
1309478161 53
1309478221 53
1309478281 51
1309478341 53
1309478401 55
1309478461 53
1309478521 53
1309478581 54
1309478641 50
1309478701 46
1309478761 46
1309478821 46
1309478881 48
1309478941 49
1309479001 49
1309479061 49
1309479121 49
1309479181 50
1309479241 50
1309479301 49
1309479361 51
1309479421 52
1309479481 50
1309479541 53
1309479601 55
1309479661 58
1309479721 59
1309479781 60
1309479841 61
1309479901 61
1309479962 58
1309480021 57
1309480081 56
1309480141 55
1309480201 55
1309480261 57
1309480321 57
1309480381 56
1309480441 57
1309480501 57
1309480561 58
1309480621 59
1309480681 58
1309480741 58
1309480801 56
1309480861 56
1309480921 57
1309480981 57
1309481041 54
1309481101 54
1309481161 53
1309481221 58
1309481281 59
1309481341 60
1309481401 59
1309481461 60
1309481521 61
1309481581 63
1309481641 63
1309481701 63
1309481761 60
1309481821 63
1309481882 62
1309481941 68
1309482001 65
1309482061 67
1309482121 65
1309482181 66
1309482241 66
1309482301 66
1309482361 61
1309482421 62
1309482481 59
1309482541 60
1309482601 60
1309482661 59
1309482721 58
1309482781 61
1309482841 61
1309482901 61
1309482961 66
1309483021 67
1309483081 67
1309483141 68
1309483201 68
1309483261 73
1309483321 73
1309483381 69
1309483441 71
1309483501 68
1309483561 69
1309483622 70
1309483681 68
1309483741 71
1309483801 72
1309483861 74
1309483921 76
1309483981 74
1309484041 75
1309484101 77
1309484161 85
1309484221 84
1309484281 81
1309484341 83
1309484401 85
1309484461 89
1309484521 85
1309484581 84
1309484641 87
1309484701 81
1309484761 86
1309484821 85
1309484881 83
1309484941 81
1309485001 76
1309485061 77
1309485121 74
1309485181 75
1309485241 76
1309485301 74
1309485361 77
1309485421 81
1309485481 80
1309485541 80
1309485601 78
1309485661 80
1309485721 81
1309485781 79
1309485841 74
1309485901 72
1309485961 75
1309486021 76
1309486081 75
1309486141 80
1309486201 82
1309486261 83
1309486321 85
1309486381 88
1309486441 86
1309486501 92
1309486561 89
1309486621 87
1309486681 92
1309486741 91
1309486801 89
1309486861 94
1309486921 97
1309486981 94
1309487041 94
1309487101 90
1309487161 92
1309487221 91
1309487281 90
1309487341 92
1309487401 87
1309487461 90
1309487521 88
1309487581 90
1309487641 87
1309487701 87
1309487761 95
1309487821 97
1309487881 94
1309487941 101
1309488001 102
1309488061 101
1309488121 98
1309488181 100
1309488241 102
1309488301 104
1309488361 104
1309488421 104
1309488481 94
1309488541 99
1309488601 97
1309488661 101
1309488721 100
1309488781 102
1309488841 103
1309488901 107
1309488961 100
1309489021 103
1309489081 102
1309489141 101
1309489201 103
1309489261 104
1309489321 107
1309489382 105
1309489441 108
1309489501 107
1309489561 109
1309489621 109
1309489681 104
1309489741 108
1309489801 104
1309489861 110
1309489921 104
1309489981 103
1309490041 101
1309490101 99
1309490161 102
1309490221 93
1309490281 92
1309490341 94
1309490401 91
1309490461 92
1309490521 94
1309490581 101
1309490641 103
1309490701 100
1309490761 101
1309490821 98
1309490881 99
1309490941 103
1309491001 109
1309491061 111
1309491121 113
1309491181 109
1309491241 113
1309491301 117
1309491361 120
1309491421 113
1309491481 113
1309491541 114
1309491601 117
1309491661 114
1309491721 109
1309491781 110
1309491841 115
1309491901 120
1309491961 117
1309492021 112
1309492081 112
1309492141 110
1309492201 116
1309492261 115
1309492321 115
1309492381 114
1309492441 116
1309492501 121
1309492561 119
1309492621 117
1309492681 119
1309492741 122
1309492801 122
1309492861 121
1309492921 122
1309492981 113
1309493041 116
1309493101 118
1309493161 120
1309493221 114
1309493281 112
1309493341 115
1309493401 111
1309493461 111
1309493521 108
1309493581 105
1309493641 104
1309493701 103
1309493761 106
1309493821 110
1309493881 105
1309493941 107
1309494001 103
1309494061 102
1309494121 108
1309494181 108
1309494241 111
1309494301 107
1309494361 107
1309494421 109
1309494481 106
1309494541 108
1309494601 111
1309494661 112
1309494721 111
1309494781 114
1309494841 114
1309494901 115
1309494961 117
1309495021 115
1309495081 109
1309495141 107
1309495201 109
1309495261 109
1309495321 108
1309495381 108
1309495441 111
1309495501 107
1309495561 111
1309495621 106
1309495681 110
1309495741 112
1309495801 111
1309495861 111
1309495921 115
1309495981 117
1309496041 122
1309496101 120
1309496161 119
1309496221 115
1309496281 117
1309496342 120
1309496401 117
1309496461 113
1309496521 113
1309496581 116
1309496641 117
1309496701 111
1309496761 106
1309496821 112
1309496881 113
1309496941 111
1309497001 109
1309497061 111
1309497121 117
1309497181 113
1309497241 113
1309497301 114
1309497361 109
1309497421 106
1309497481 97
1309497541 101
1309497601 99
1309497661 101
1309497721 98
1309497781 95
1309497841 99
1309497901 100
1309497961 100
1309498021 94
1309498081 94
1309498141 95
1309498201 99
1309498261 104
1309498321 99
1309498381 98
1309498441 96
1309498501 94
1309498561 96
1309498621 90
1309498681 87
1309498741 84
1309498801 85
1309498861 86
1309498921 90
1309498981 92
1309499041 92
1309499101 96
1309499161 95
1309499221 99
1309499281 105
1309499341 107
1309499401 109
1309499462 109
1309499521 112
1309499581 113
1309499641 114
1309499701 118
1309499761 117
1309499821 113
1309499881 110
1309499941 114
1309500001 110
1309500061 104
1309500121 103
1309500181 106
1309500241 108
1309500301 108
1309500361 104
1309500422 111
1309500481 105
1309500541 106
1309500601 103
1309500661 103
1309500721 105
1309500781 102
1309500841 109
1309500901 111
1309500961 114
1309501021 116
1309501081 114
1309501141 119
1309501201 117
1309501261 115
1309501321 113
1309501381 112
1309501441 117
1309501501 124
1309501561 118
1309501621 116
1309501681 111
1309501741 119
1309501801 118
1309501861 105
1309501921 105
1309501981 108
1309502041 111
1309502101 103
1309502161 101
1309502221 104
1309502281 106
1309502341 115
1309502401 112
1309502461 111
1309502521 112
1309502581 113
1309502641 117
1309502701 112
1309502761 114
1309502821 120
1309502881 118
1309502941 122
1309503001 120
1309503061 113
1309503121 115
1309503181 115
1309503241 120
1309503301 116
1309503361 115
1309503421 115
1309503481 117
1309503541 116
1309503601 116
1309503661 121
1309503721 120
1309503781 124
1309503841 124
1309503901 120
1309503961 112
1309504021 108
1309504081 109
1309504141 107
1309504201 111
1309504261 109
1309504321 117
1309504381 120
1309504442 120
1309504501 122
1309504562 122
1309504621 118
1309504681 110
1309504741 115
1309504801 116
1309504861 113
1309504921 112
1309504981 107
1309505041 116
1309505101 115
1309505161 110
1309505221 115
1309505281 116
1309505341 123
1309505401 111
1309505461 114
1309505521 115
1309505581 115
1309505641 117
1309505701 109
1309505761 108
1309505821 110
1309505881 104
1309505941 112
1309506001 104
1309506061 109
1309506121 105
1309506181 105
1309506241 108
1309506301 108
1309506361 99
1309506421 103
1309506481 103
1309506541 110
1309506601 108
1309506661 111
1309506721 111
1309506781 104
1309506841 108
1309506901 112
1309506961 106
1309507021 104
1309507081 104
1309507142 104
1309507201 106
1309507261 108
1309507321 106
1309507381 104
1309507441 106
1309507501 108
1309507561 111
1309507621 112
1309507681 109
1309507741 108
1309507801 109
1309507861 111
1309507921 110
1309507981 104
1309508041 107
1309508101 109
1309508161 119
1309508222 110
1309508281 113
1309508341 117
1309508401 117
1309508461 117
1309508521 111
1309508581 117
1309508641 122
1309508701 122
1309508761 125
1309508821 115
1309508881 114
1309508941 118
1309509002 111
1309509061 110
1309509121 102
1309509181 105
1309509241 109
1309509301 105
1309509361 111
1309509421 112
1309509481 103
1309509541 106
1309509601 106
1309509661 112
1309509721 101
1309509781 109
1309509841 113
1309509901 115
1309509961 112
1309510021 106
1309510081 104
1309510141 110
1309510201 111
1309510261 111
1309510321 107
1309510381 116
1309510441 122
1309510501 121
1309510561 120
1309510621 114
1309510681 115
1309510741 115
1309510801 112
1309510861 119
1309510921 122
1309510981 123
1309511041 127
1309511101 130
1309511161 128
1309511221 129
1309511281 126
1309511341 120
1309511401 117
1309511461 119
1309511521 114
1309511581 114
1309511641 115
1309511701 112
1309511761 112
1309511821 114
1309511881 109
1309511941 108
1309512001 108
1309512061 111
1309512121 114
1309512181 102
1309512241 98
1309512301 100
1309512361 104
1309512421 97
1309512481 97
1309512541 95
1309512601 95
1309512661 96
1309512721 99
1309512781 93
1309512841 93
1309512901 94
1309512961 92
1309513021 88
1309513081 85
1309513142 87
1309513201 88
1309513261 90
1309513321 89
1309513381 88
1309513441 85
1309513501 91
1309513561 93
1309513621 91
1309513681 90
1309513741 93
1309513801 94
1309513861 100
1309513921 95
1309513981 91
1309514041 95
1309514101 95
1309514161 103
1309514221 101
1309514281 100
1309514341 102
1309514401 99
1309514461 100
1309514521 98
1309514582 96
1309514641 95
1309514701 95
1309514761 95
1309514821 91
1309514881 91
1309514941 87
1309515001 89
1309515061 98
1309515121 96
1309515181 95
1309515241 97
1309515301 100
1309515361 105
1309515421 103
1309515481 101
1309515541 100
1309515601 97
1309515661 101
1309515721 102
1309515781 98
1309515841 92
1309515901 90
1309515961 94
1309516021 93
1309516081 92
1309516141 93
1309516201 89
1309516261 95
1309516321 95
1309516381 92
1309516441 92
1309516501 93
1309516561 95
1309516621 94
1309516681 93
1309516741 90
1309516801 93
1309516861 91
1309516921 89
1309516981 93
1309517041 93
1309517101 91
1309517161 94
1309517221 92
1309517281 89
1309517341 87
1309517401 83
1309517461 81
1309517521 80
1309517581 77
1309517641 78
1309517702 79
1309517761 81
1309517821 86
1309517881 89
1309517941 90
1309518001 94
1309518061 93
1309518121 94
1309518181 92
1309518241 90
1309518301 90
1309518361 93
1309518421 90
1309518481 92
1309518541 92
1309518601 94
1309518661 87
1309518721 90
1309518781 90
1309518841 84
1309518901 85
1309518961 91
1309519021 93
1309519081 92
1309519141 91
1309519201 100
1309519261 98
1309519321 99
1309519381 99
1309519441 95
1309519501 103
1309519561 98
1309519621 96
1309519681 94
1309519741 92
1309519801 90
1309519861 92
1309519921 92
1309519981 93
1309520041 93
1309520101 100
1309520161 103
1309520221 100
1309520281 98
1309520341 90
1309520401 92
1309520461 91
1309520521 90
1309520581 94
1309520641 91
1309520701 96
1309520761 99
1309520821 98
1309520881 100
1309520941 102
1309521001 108
1309521061 100
1309521121 99
1309521181 101
1309521241 107
1309521301 110
1309521361 105
1309521421 102
1309521481 101
1309521541 97
1309521601 95
1309521661 94
1309521721 96
1309521781 93
1309521841 95
1309521901 96
1309521961 95
1309522021 97
1309522081 96
1309522141 97
1309522201 99
1309522261 105
1309522321 111
1309522381 109
1309522441 115
1309522501 108
1309522561 107
1309522621 106
1309522681 101
1309522741 102
1309522801 103
1309522861 102
1309522921 102
1309522981 101
1309523041 101
1309523101 105
1309523161 106
1309523221 107
1309523281 104
1309523341 98
1309523401 100
1309523461 102
1309523521 98
1309523581 91
1309523641 92
1309523701 95
1309523761 96
1309523821 96
1309523881 97
1309523941 96
1309524001 99
1309524061 99
1309524121 89
1309524181 90
1309524241 94
1309524301 95
1309524361 97
1309524421 97
1309524481 96
1309524541 96
1309524601 97
1309524661 92
1309524721 93
1309524781 93
1309524841 93
1309524901 93
1309524961 95
1309525021 92
1309525081 90
1309525141 89
1309525201 90
1309525261 91
1309525321 93
1309525381 94
1309525441 96
1309525501 94
1309525561 100
1309525621 100
1309525681 100
1309525741 102
1309525801 95
1309525861 99
1309525921 98
1309525981 98
1309526041 96
1309526101 100
1309526161 101
1309526221 102
1309526281 99
1309526341 99
1309526401 102
1309526461 104
1309526521 101
1309526581 99
1309526641 103
1309526701 109
1309526761 106
1309526821 104
1309526881 104
1309526941 106
1309527001 109
1309527061 107
1309527121 104
1309527181 104
1309527241 105
1309527301 109
1309527361 112
1309527421 107
1309527481 109
1309527541 108
1309527601 108
1309527661 107
1309527721 105
1309527781 103
1309527841 105
1309527901 104
1309527961 101
1309528021 102
1309528081 106
1309528141 106
1309528201 103
1309528261 102
1309528321 103
1309528381 104
1309528441 98
1309528501 103
1309528561 105
1309528621 105
1309528681 108
1309528741 111
1309528801 109
1309528861 103
1309528921 101
1309528981 105
1309529041 105
1309529101 108
1309529161 110
1309529221 108
1309529281 113
1309529341 114
1309529401 114
1309529461 114
1309529521 122
1309529581 117
1309529641 116
1309529701 114
1309529761 120
1309529821 115
1309529881 116
1309529941 110
1309530001 119
1309530061 116
1309530121 117
1309530181 119
1309530241 118
1309530301 120
1309530361 117
1309530421 114
1309530481 112
1309530541 114
1309530601 115
1309530661 110
1309530721 110
1309530781 105
1309530841 100
1309530901 101
1309530961 106
1309531021 104
1309531081 112
1309531141 112
1309531201 119
1309531261 122
1309531322 116
1309531381 113
1309531441 112
1309531501 110
1309531561 104
1309531621 106
1309531681 109
1309531741 108
1309531801 108
1309531861 109
1309531921 101
1309531981 100
1309532041 101
1309532101 97
1309532161 101
1309532221 96
1309532281 100
1309532341 101
1309532401 105
1309532461 108
1309532521 104
1309532581 104
1309532641 105
1309532701 103
1309532761 109
1309532821 110
1309532881 111
1309532941 112
1309533002 113
1309533061 115
1309533121 108
1309533181 109
1309533241 110
1309533301 113
1309533361 111
1309533421 106
1309533481 107
1309533541 110
1309533601 113
1309533661 109
1309533721 107
1309533781 111
1309533841 114
1309533901 112
1309533961 116
1309534021 110
1309534081 115
1309534141 113
1309534201 112
1309534261 113
1309534321 110
1309534381 111
1309534441 102
1309534501 102
1309534561 105
1309534621 107
1309534681 104
1309534741 105
1309534801 109
1309534861 110
1309534921 102
1309534981 104
1309535041 107
1309535101 114
1309535161 114
1309535221 115
1309535281 114
1309535341 111
1309535401 105
1309535461 107
1309535521 108
1309535581 101
1309535641 101
1309535701 104
1309535761 107
1309535821 106
1309535881 106
1309535942 106
1309536001 110
