1315065661 2
1315065721 2
1315065781 2
1315065841 2
1315065901 2
1315065961 2
1315066021 2
1315066081 2
1315066141 2
1315066201 2
1315066261 2
1315066321 2
1315066381 1
1315066441 1
1315066501 2
1315066561 2
1315066621 2
1315066681 2
1315066741 2
1315066801 2
1315066861 2
1315066921 2
1315066981 2
1315067041 2
1315067101 2
1315067161 2
1315067221 2
1315067281 2
1315067341 2
1315067401 2
1315067461 2
1315067521 2
1315067581 2
1315067641 2
1315067701 2
1315067761 2
1315067821 2
1315067881 2
1315067941 2
1315068001 2
1315068061 2
1315068121 2
1315068181 2
1315068241 2
1315068301 2
1315068361 2
1315068421 2
1315068481 2
1315068541 2
1315068601 2
1315068661 2
1315068721 2
1315068781 2
1315068841 2
1315068901 2
1315068962 2
1315069021 2
1315069081 2
1315069141 2
1315069201 2
1315069261 2
1315069321 2
1315069381 2
1315069441 2
1315069501 2
1315069561 2
1315069621 2
1315069681 2
1315069741 2
1315069801 2
1315069861 2
1315069921 2
1315069981 2
1315070041 2
1315070101 2
1315070161 2
1315070221 2
1315070281 2
1315070341 1
1315070401 1
1315070461 1
1315070521 1
1315070581 1
1315070641 1
1315070702 1
1315070761 1
1315070821 1
1315070881 1
1315070941 1
1315071001 1
1315071061 1
1315071121 1
1315071181 1
1315071241 1
1315071301 1
1315071361 2
1315071421 2
1315071481 3
1315071541 3
1315071601 3
1315071661 3
1315071721 3
1315071781 3
1315071841 3
1315071901 3
1315071961 3
1315072021 3
1315072081 3
1315072141 3
1315072201 3
1315072261 3
1315072321 3
1315072381 3
1315072441 3
1315072501 3
1315072561 3
1315072621 3
1315072681 3
1315072741 3
1315072801 3
1315072861 3
1315072921 3
1315072981 3
1315073041 3
1315073101 3
1315073161 3
1315073221 3
1315073281 3
1315073341 3
1315073401 3
1315073461 3
1315073521 3
1315073581 3
1315073641 3
1315073701 3
1315073761 3
1315073821 3
1315073881 3
1315073941 3
1315074001 3
1315074061 3
1315074121 3
1315074181 3
1315074241 3
1315074301 3
1315074361 3
1315074421 3
1315074481 3
1315074541 3
1315074601 3
1315074661 3
1315074721 3
1315074781 3
1315074841 3
1315074901 3
1315074962 3
1315075021 3
1315075081 3
1315075141 3
1315075201 3
1315075261 3
1315075321 3
1315075381 3
1315075441 3
1315075501 3
1315075561 2
1315075621 2
1315075681 2
1315075741 2
1315075801 2
1315075861 2
1315075921 2
1315075981 2
1315076041 2
1315076101 2
1315076161 2
1315076222 2
1315076281 2
1315076341 2
1315076401 2
1315076461 2
1315076521 2
1315076581 2
1315076641 2
1315076701 2
1315076761 2
1315076821 2
1315076881 2
1315076941 2
1315077001 2
1315077061 2
1315077121 2
1315077181 2
1315077241 2
1315077301 2
1315077361 2
1315077421 2
1315077481 2
1315077541 2
1315077601 2
1315077661 2
1315077721 2
1315077781 2
1315077841 2
1315077901 2
1315077961 2
1315078021 2
1315078081 2
1315078141 2
1315078201 2
1315078261 2
1315078321 2
1315078381 2
1315078441 2
1315078501 2
1315078561 2
1315078621 2
1315078681 2
1315078741 2
1315078801 2
1315078861 2
1315078921 2
1315078981 2
1315079041 2
1315079102 2
1315079161 2
1315079221 2
1315079281 2
1315079341 2
1315079401 2
1315079461 2
1315079521 2
1315079581 2
1315079641 2
1315079701 2
1315079761 2
1315079821 2
1315079881 2
1315079941 2
1315080001 2
1315080061 2
1315080121 2
1315080181 2
1315080241 2
1315080301 2
1315080361 2
1315080421 2
1315080481 2
1315080541 2
1315080601 2
1315080661 2
1315080721 2
1315080781 2
1315080841 2
1315080901 2
1315080961 2
1315081021 2
1315081081 2
1315081141 2
1315081201 2
1315081261 2
1315081321 2
1315081381 2
1315081441 2
1315081501 2
1315081561 2
1315081621 2
1315081681 2
1315081741 2
1315081801 2
1315081861 2
1315081921 2
1315081981 2
1315082041 2
1315082101 2
1315082161 2
1315082221 2
1315082281 2
1315082341 2
1315082401 2
1315082461 2
1315082521 2
1315082581 2
1315082641 2
1315082701 2
1315082761 2
1315082821 2
1315082881 2
1315082941 1
1315083001 1
1315083061 1
1315083122 1
1315083181 1
1315083241 1
1315083301 1
1315083361 1
1315083421 1
1315083481 1
1315083541 1
1315083601 1
1315083661 2
1315083721 2
1315083781 2
1315083841 2
1315083901 2
1315083961 2
1315084021 2
1315084081 2
1315084141 2
1315084201 2
1315084196 2
1315084201 2
1315084261 2
1315084321 2
1315084381 2
1315084441 2
1315084501 2
1315084561 2
1315084621 2
1315084681 2
1315084741 2
1315084801 2
1315084861 2
1315084921 2
1315084981 2
1315085041 2
1315085101 2
1315085161 2
1315085221 2
1315085281 2
1315085341 2
1315085401 2
1315085461 2
1315085521 2
1315085581 2
1315085641 2
1315085701 2
1315085761 2
1315085821 2
1315085881 2
1315085941 2
1315086001 2
1315086061 2
1315086122 2
1315086181 2
1315086241 2
1315086301 2
1315086361 2
1315086421 2
1315086481 2
1315086541 2
1315086601 2
1315086661 2
1315086721 2
1315086781 2
1315086841 0
1315086901 0
1315086961 0
1315087021 0
1315087081 0
1315087141 0
1315087201 0
1315087261 0
1315087321 0
1315087381 1
1315087441 1
1315087501 2
1315087561 3
1315087621 3
1315087681 3
1315087741 3
1315087801 3
1315087861 3
1315087921 3
1315087981 3
1315088041 3
1315088101 3
1315088161 3
1315088221 3
1315088281 3
1315088341 3
1315088401 3
1315088461 3
1315088521 3
1315088581 3
1315088641 3
1315088701 3
1315088761 3
1315088821 3
1315088881 3
1315088941 3
1315089001 3
1315089061 3
1315089121 3
1315089181 3
1315089241 3
1315089301 3
1315089361 3
1315089421 3
1315089481 3
1315089541 3
1315089601 3
1315089661 3
1315089721 3
1315089782 3
1315089841 3
1315089901 3
1315089961 3
1315090021 3
1315090081 3
1315090141 3
1315090201 3
1315090261 3
1315090321 3
1315090381 3
1315090441 3
1315090501 3
1315090561 3
1315090621 3
1315090681 3
1315090741 3
1315090801 3
1315090861 3
1315090921 3
1315090981 3
1315091041 3
1315091101 3
1315091161 3
1315091221 3
1315091281 3
1315091341 3
1315091401 3
1315091461 3
1315091521 3
1315091581 3
1315091641 3
1315091701 3
1315091761 3
1315091821 3
1315091881 3
1315091941 3
1315092001 3
1315092061 3
1315092121 3
1315092181 3
1315092241 3
1315092301 3
1315092361 3
1315092421 3
1315092481 3
1315092541 3
1315092601 3
1315092661 3
1315092721 0
1315092781 0
1315092841 0
1315092901 0
1315092961 0
1315093021 0
1315093081 0
1315093141 0
1315093201 0
1315093261 0
1315093321 0
1315093381 0
1315093441 0
1315093501 0
1315093561 0
1315093621 0
1315093681 0
1315093741 0
1315093801 0
1315093861 0
1315093921 0
1315093981 0
1315094041 0
1315094101 0
1315094161 0
1315094221 0
1315094281 0
1315094341 0
1315094401 0
1315094461 0
1315094521 0
1315094581 0
1315094641 0
1315094701 0
1315094761 0
1315094821 0
1315094881 0
1315094941 0
1315095001 0
1315095061 0
1315095121 0
1315095181 0
1315095241 0
1315095301 0
1315095361 0
1315095421 0
1315095481 0
1315095541 0
1315095601 0
1315095661 0
1315095721 0
1315095782 0
1315095841 0
1315095901 0
1315095961 0
1315096021 0
1315096081 1
1315096141 1
1315096201 1
1315096261 1
1315096321 1
1315096381 1
1315096441 1
1315096501 1
1315096561 1
1315096621 1
1315096681 1
1315096741 1
1315096801 1
1315096861 1
1315096921 1
1315096981 1
1315097041 1
1315097101 1
1315097161 1
1315097221 1
1315097281 1
1315097341 1
1315097401 1
1315097461 1
1315097521 1
1315097581 1
1315097641 1
1315097701 1
1315097761 1
1315097821 1
1315097881 1
1315097941 1
1315098001 1
1315098061 1
1315098121 1
1315098181 1
1315098241 1
1315098301 1
1315098361 1
1315098421 1
1315098482 1
1315098541 1
1315098601 1
1315098661 1
1315098721 1
1315098781 1
1315098841 1
1315098901 1
1315098961 1
1315099021 1
1315099081 1
1315099141 1
1315099201 1
1315099261 0
1315099321 0
1315099381 0
1315099441 0
1315099501 0
1315099561 0
1315099621 0
1315099681 0
1315099741 0
1315099801 0
1315099861 0
1315099921 0
1315099981 0
1315100041 0
1315100101 0
1315100161 0
1315100221 0
1315100281 0
1315100341 0
1315100401 0
1315100461 0
1315100521 0
1315100581 0
1315100641 0
1315100701 0
1315100761 0
1315100821 0
1315100881 0
1315100941 0
1315101001 0
1315101061 0
1315101121 0
1315101181 0
1315101241 0
1315101301 0
1315101361 0
1315101421 0
1315101481 0
1315101541 0
1315101601 0
1315101661 0
1315101721 0
1315101782 0
1315101841 0
1315101901 0
1315101961 0
1315102021 0
1315102081 0
1315102141 0
1315102201 0
1315102261 2
1315102321 2
1315102381 2
1315102441 2
1315102501 2
1315102561 3
1315102621 3
1315102681 3
1315102741 3
1315102801 3
1315102861 4
1315102921 4
1315102981 4
1315103041 4
1315103101 4
1315103161 4
1315103221 4
1315103281 4
1315103341 4
1315103401 2
1315103461 2
1315103521 2
1315103581 2
1315103642 2
1315103701 2
1315103761 2
1315103821 2
1315103881 2
1315103941 2
1315104001 2
1315104061 2
1315104121 2
1315104181 2
1315104241 2
1315104301 2
1315104361 2
1315104421 2
1315104481 1
1315104541 1
1315104601 1
1315104661 1
1315104721 1
1315104781 1
1315104841 1
1315104901 1
1315104961 1
1315105021 1
1315105081 1
1315105141 1
1315105201 1
1315105261 1
1315105321 1
1315105381 1
1315105441 1
1315105501 1
1315105561 1
1315105621 1
1315105681 1
1315105741 1
1315105801 1
1315105861 0
1315105921 0
1315105981 0
1315106041 0
1315106101 0
1315106161 0
1315106221 0
1315106281 0
1315106341 0
1315106401 0
1315106461 1
1315106521 1
1315106581 1
1315106641 1
1315106701 1
1315106761 1
1315106821 1
1315106881 1
1315106941 1
1315107001 1
1315107061 1
1315107121 1
1315107181 1
1315107241 1
1315107301 1
1315107361 0
1315107421 1
1315107481 1
1315107541 1
1315107601 1
1315107661 1
1315107721 1
1315107781 0
1315107841 0
1315107901 0
1315107961 0
1315108021 0
1315108081 0
1315108141 0
1315108201 0
1315108261 0
1315108321 0
1315108381 0
1315108441 0
1315108501 0
1315108561 0
1315108621 0
1315108681 0
1315108741 0
1315108801 0
1315108861 0
1315108921 0
1315108981 0
1315109041 0
1315109101 0
1315109161 0
1315109221 0
1315109281 0
1315109341 0
1315109401 0
1315109462 0
1315109521 0
1315109581 0
1315109641 0
1315109701 0
1315109761 1
1315109821 1
1315109881 1
1315109941 1
1315110001 1
1315110061 1
1315110121 2
1315110181 2
1315110241 2
1315110301 2
1315110361 2
1315110421 2
1315110481 1
1315110541 1
1315110601 1
1315110661 1
1315110721 1
1315110782 1
1315110841 1
1315110901 1
1315110961 1
1315111021 1
1315111081 1
1315111141 1
1315111201 1
1315111261 1
1315111321 1
1315111381 1
1315111441 1
1315111501 1
1315111561 1
1315111621 1
1315111681 1
1315111741 1
1315111801 1
1315111861 1
1315111921 1
1315111981 1
1315112041 1
1315112101 1
1315112161 1
1315112221 1
1315112281 1
1315112341 1
1315112401 1
1315112461 1
1315112522 1
1315112581 1
1315112641 1
1315112701 1
1315112761 1
1315112821 1
1315112881 1
1315112941 1
1315113001 1
1315113061 1
1315113121 1
1315113181 1
1315113241 1
1315113301 0
1315113361 0
1315113421 0
1315113481 0
1315113541 1
1315113601 1
1315113661 1
1315113721 1
1315113781 1
1315113841 1
1315113901 1
1315113961 1
1315114021 1
1315114081 1
1315114141 1
1315114201 1
1315114261 1
1315114321 1
1315114381 1
1315114441 1
1315114501 1
1315114561 1
1315114621 1
1315114681 1
1315114741 1
1315114801 1
1315114861 1
1315114921 1
1315114981 1
1315115041 1
1315115101 2
1315115161 2
1315115221 2
1315115281 2
1315115341 2
1315115401 2
1315115461 2
1315115521 2
1315115581 2
1315115641 2
1315115701 2
1315115761 2
1315115821 2
1315115881 2
1315115941 2
1315116001 2
1315116061 2
1315116121 2
1315116181 2
1315116241 2
1315116301 2
1315116361 2
1315116421 2
1315116481 2
1315116541 2
1315116601 2
1315116661 2
1315116721 2
1315116781 2
1315116841 2
1315116901 2
1315116961 2
1315117021 2
1315117081 2
1315117141 2
1315117201 2
1315117261 2
1315117321 2
1315117381 2
1315117441 2
1315117501 2
1315117561 2
1315117621 2
1315117681 2
1315117741 2
1315117801 2
1315117861 0
1315117921 0
1315117981 0
1315118041 0
1315118101 0
1315118161 0
1315118221 0
1315118281 0
1315118341 0
1315118401 0
1315118461 0
1315118521 0
1315118581 0
1315118641 0
1315118701 0
1315118761 0
1315118821 0
1315118881 0
1315118941 0
1315119001 0
1315119061 0
1315119121 0
1315119181 0
1315119241 1
1315119301 1
1315119361 1
1315119421 1
1315119481 1
1315119541 1
1315119601 1
1315119661 1
1315119721 1
1315119781 1
1315119841 1
1315119901 1
1315119961 1
1315120021 1
1315120081 1
1315120141 1
1315120201 1
1315120261 1
1315120321 1
1315120381 1
1315120441 1
1315120501 1
1315120561 1
1315120621 1
1315120681 1
1315120741 1
1315120801 1
1315120861 1
1315120921 1
1315120981 1
1315121041 1
1315121101 1
1315121161 1
1315121221 1
1315121281 1
1315121341 1
1315121401 1
1315121461 1
1315121521 1
1315121581 1
1315121641 1
1315121701 1
1315121761 1
1315121821 1
1315121881 1
1315121941 1
1315122001 1
1315122061 1
1315122121 2
1315122181 2
1315122241 2
1315122301 2
1315122361 2
1315122421 2
1315122481 2
1315122541 2
1315122601 2
1315122661 2
1315122721 2
1315122781 2
1315122841 2
1315122901 2
1315122961 2
1315123021 1
1315123081 1
1315123141 1
1315123201 1
1315123261 1
1315123321 1
1315123381 1
1315123441 1
1315123501 1
1315123561 1
1315123621 1
1315123681 1
1315123741 1
1315123801 1
1315123861 1
1315123921 1
1315123981 1
1315124041 1
1315124101 1
1315124161 1
1315124221 1
1315124281 1
1315124341 1
1315124401 1
1315124461 1
1315124521 1
1315124581 1
1315124642 1
1315124701 1
1315124761 1
1315124821 1
1315124881 1
1315124941 1
1315125001 1
1315125061 1
1315125121 1
1315125181 1
1315125241 1
1315125301 1
1315125361 1
1315125421 1
1315125481 1
1315125541 1
1315125601 1
1315125661 1
1315125721 1
1315125781 1
1315125841 1
1315125902 1
1315125961 1
1315126022 1
1315126081 1
1315126141 1
1315126201 1
1315126261 1
1315126321 0
1315126381 0
1315126441 0
1315126501 0
1315126561 0
1315126621 0
1315126681 0
1315126741 0
1315126801 0
1315126861 0
1315126921 0
1315126981 0
1315127041 0
1315127101 0
1315127161 0
1315127221 0
1315127281 0
1315127342 0
1315127401 0
1315127461 0
1315127521 0
1315127581 0
1315127641 0
1315127701 0
1315127761 0
1315127821 0
1315127881 0
1315127941 0
1315128001 0
1315128061 0
1315128121 0
1315128181 0
1315128241 0
1315128301 0
1315128361 0
1315128421 0
1315128481 0
1315128541 0
1315128601 0
1315128661 0
1315128721 0
1315128781 0
1315128841 0
1315128901 0
1315128961 1
1315129021 1
1315129081 1
1315129141 1
1315129201 2
1315129261 2
1315129321 2
1315129381 2
1315129441 2
1315129501 2
1315129561 2
1315129621 2
1315129681 1
1315129741 1
1315129801 2
1315129861 3
1315129921 3
1315129981 3
1315130041 3
1315130101 3
1315130161 3
1315130221 3
1315130281 3
1315130341 3
1315130401 3
1315130461 3
1315130521 3
1315130581 3
1315130641 3
1315130701 3
1315130761 3
1315130821 3
1315130881 3
1315130942 3
1315131001 3
1315131061 3
1315131121 3
1315131181 3
1315131241 3
1315131301 3
1315131361 1
1315131421 1
1315131481 1
1315131541 1
1315131601 1
1315131661 1
1315131721 1
1315131781 1
1315131841 1
1315131901 1
1315131961 1
1315132021 1
1315132081 1
1315132141 1
1315132201 1
1315132261 1
1315132321 1
1315132381 1
1315132441 1
1315132501 1
1315132561 1
1315132621 1
1315132681 1
1315132741 1
1315132801 1
1315132862 1
1315132921 1
1315132981 1
1315133041 1
1315133101 1
1315133161 1
1315133221 1
1315133281 1
1315133341 1
1315133401 1
1315133461 1
1315133521 1
1315133581 1
1315133641 1
1315133701 1
1315133761 1
1315133821 1
1315133881 1
1315133941 1
1315134001 1
1315134061 1
1315134121 1
1315134181 1
1315134241 2
1315134301 2
1315134361 2
1315134421 2
1315134481 2
1315134541 3
1315134601 3
1315134661 3
1315134721 3
1315134781 3
1315134841 3
1315134901 3
1315134962 3
1315135022 3
1315135081 3
1315135141 3
1315135201 3
1315135261 3
1315135321 3
1315135381 3
1315135441 3
1315135501 3
1315135561 3
1315135621 3
1315135681 3
1315135741 3
1315135801 3
1315135861 3
1315135921 3
1315135981 3
1315136041 3
1315136101 1
1315136161 1
1315136221 1
1315136281 1
1315136341 1
1315136401 1
1315136461 1
1315136521 1
1315136581 1
1315136641 1
1315136701 1
1315136761 1
1315136821 1
1315136881 1
1315136941 1
1315137001 1
1315137061 1
1315137121 1
1315137181 2
1315137241 2
1315137301 2
1315137361 2
1315137421 2
1315137481 3
1315137541 4
1315137601 4
1315137661 3
1315137721 3
1315137781 3
1315137841 3
1315137901 3
1315137961 3
1315138021 3
1315138081 3
1315138141 1
1315138201 1
1315138261 1
1315138321 1
1315138381 1
1315138441 1
1315138501 1
1315138562 1
1315138621 1
1315138681 1
1315138741 1
1315138801 1
1315138861 1
1315138921 1
1315138981 1
1315139041 1
1315139101 1
1315139161 1
1315139221 1
1315139281 1
1315139341 1
1315139401 1
1315139461 1
1315139521 1
1315139581 0
1315139641 1
1315139701 1
1315139761 1
1315139821 1
1315139881 1
1315139941 1
1315140001 2
1315140061 2
1315140121 2
1315140181 2
1315140241 2
1315140301 1
1315140361 1
1315140421 1
1315140481 1
1315140541 1
1315140601 1
1315140662 1
1315140721 1
1315140781 0
1315140841 1
1315140901 1
1315140961 1
1315141021 1
1315141081 1
1315141141 1
1315141201 1
1315141261 1
1315141321 1
1315141381 0
1315141441 0
1315141501 0
1315141562 0
1315141621 0
1315141681 0
1315141741 0
1315141801 0
1315141861 0
1315141921 0
1315141981 0
1315142041 0
1315142101 0
1315142161 0
1315142221 0
1315142281 0
1315142341 0
1315142401 0
1315142461 0
1315142521 0
1315142581 0
1315142641 0
1315142701 0
1315142761 0
1315142821 0
1315142881 0
1315142941 0
1315143001 0
1315143061 0
1315143121 0
1315143181 0
1315143241 0
1315143301 0
1315143361 0
1315143421 0
1315143481 0
1315143541 0
1315143601 0
1315143661 0
1315143721 0
1315143781 0
1315143841 0
1315143901 0
1315143961 0
1315144021 0
1315144081 0
1315144141 0
1315144201 0
1315144261 0
1315144321 0
1315144381 0
1315144441 0
1315144501 0
1315144561 0
1315144621 0
1315144681 0
1315144741 0
1315144801 0
1315144861 0
1315144921 0
1315144981 1
1315145041 1
1315145101 1
1315145161 1
1315145221 1
1315145281 1
1315145341 1
1315145401 1
1315145461 1
1315145521 1
1315145581 2
1315145641 2
1315145701 2
1315145761 2
1315145821 2
1315145881 2
1315145941 2
1315146001 2
1315146061 2
1315146121 2
1315146181 0
1315146241 0
1315146301 0
1315146361 1
1315146421 1
1315146481 1
1315146541 1
1315146601 1
1315146661 1
1315146721 1
1315146781 1
1315146841 1
1315146901 1
1315146961 1
1315147021 0
1315147081 0
1315147141 0
1315147201 0
1315147261 0
1315147321 0
1315147381 0
1315147441 0
1315147501 0
1315147561 0
1315147621 0
1315147681 0
1315147741 0
1315147801 0
1315147861 0
1315147921 0
1315147981 0
1315148041 0
1315148101 0
1315148161 1
1315148221 1
1315148282 1
1315148341 1
1315148401 1
1315148461 1
1315148521 1
1315148581 1
1315148641 1
1315148701 1
1315148761 1
1315148821 1
1315148881 1
1315148941 0
1315149001 0
1315149061 0
1315149121 0
1315149181 0
1315149241 0
1315149301 0
1315149361 0
1315149421 0
1315149481 0
1315149541 0
1315149603 0
1315149662 0
1315149721 0
1315149781 0
1315149841 0
1315149901 0
1315149961 0
1315150021 0
1315150081 0
1315150141 0
1315150201 0
1315150261 0
1315150321 0
1315150381 0
1315150441 0
1315150501 0
1315150561 0
1315150621 0
1315150681 0
1315150741 0
1315150801 0
1315150861 0
1315150921 0
1315150981 0
1315151041 0
1315151101 0
1315151161 0
1315151221 0
1315151281 0
1315151341 0
1315151401 0
1315151461 0
1315151521 0
1315151581 0
1315151641 0
1315151701 0
1315151761 0
1315151821 0
1315151881 0
1315151941 0
1315152001 0
