1310745661 9
1310745721 9
1310745781 9
1310745841 8
1310745901 8
1310745961 8
1310746021 8
1310746081 5
1310746141 5
1310746201 5
1310746261 5
1310746321 5
1310746381 5
1310746441 5
1310746501 5
1310746561 5
1310746621 5
1310746681 5
1310746741 5
1310746801 5
1310746861 5
1310746921 5
1310746981 5
1310747041 5
1310747101 5
1310747161 5
1310747221 5
1310747281 5
1310747341 5
1310747401 5
1310747461 5
1310747521 5
1310747581 5
1310747641 5
1310747701 5
1310747761 5
1310747821 5
1310747881 5
1310747941 5
1310748001 5
1310748061 6
1310748121 6
1310748181 6
1310748241 6
1310748301 6
1310748361 6
1310748421 6
1310748481 7
1310748542 7
1310748601 7
1310748661 7
1310748721 7
1310748781 7
1310748841 7
1310748901 7
1310748961 7
1310749021 7
1310749081 7
1310749141 7
1310749201 7
1310749261 7
1310749321 4
1310749381 4
1310749441 4
1310749501 4
1310749561 4
1310749621 4
1310749681 4
1310749741 4
1310749801 4
1310749861 4
1310749921 4
1310749981 4
1310750041 4
1310750101 4
1310750161 4
1310750221 4
1310750281 5
1310750341 5
1310750401 5
1310750461 5
1310750521 5
1310750581 5
1310750641 5
1310750702 5
1310750761 5
1310750821 5
1310750881 5
1310750941 5
1310751001 6
1310751061 6
1310751121 6
1310751181 6
1310751241 6
1310751301 6
1310751361 7
1310751421 7
1310751481 7
1310751541 7
1310751601 7
1310751661 7
1310751721 7
1310751781 7
1310751841 4
1310751901 4
1310751961 4
1310752021 4
1310752081 4
1310752141 4
1310752201 4
1310752261 4
1310752321 4
1310752381 4
1310752441 4
1310752501 4
1310752561 4
1310752621 4
1310752681 4
1310752741 4
1310752801 4
1310752861 4
1310752921 4
1310752981 4
1310753041 4
1310753101 4
1310753161 4
1310753221 4
1310753281 4
1310753341 4
1310753401 4
1310753461 4
1310753521 4
1310753581 4
1310753641 4
1310753701 4
1310753761 4
1310753821 4
1310753881 4
1310753941 4
1310754001 4
1310754061 4
1310754121 4
1310754181 4
1310754241 4
1310754301 4
1310754361 4
1310754421 4
1310754481 4
1310754541 4
1310754601 4
1310754661 4
1310754721 4
1310754781 4
1310754841 4
1310754901 4
1310754961 4
1310755021 4
1310755081 4
1310755141 4
1310755201 4
1310755261 4
1310755321 4
1310755381 4
1310755441 4
1310755501 4
1310755561 4
1310755621 4
1310755681 4
1310755741 4
1310755801 4
1310755861 4
1310755921 4
1310755981 4
1310756041 4
1310756101 4
1310756161 4
1310756221 4
1310756281 4
1310756341 4
1310756401 4
1310756461 4
1310756521 4
1310756581 4
1310756641 4
1310756701 4
1310756761 4
1310756821 4
1310756881 4
1310756941 4
1310757001 4
1310757061 4
1310757121 4
1310757181 4
1310757241 4
1310757301 4
1310757361 4
1310757421 4
1310757481 4
1310757541 4
1310757601 4
1310757661 4
1310757721 4
1310757781 4
1310757841 4
1310757901 4
1310757961 4
1310758021 4
1310758081 4
1310758142 4
1310758201 4
1310758261 4
1310758321 4
1310758381 4
1310758441 4
1310758501 4
1310758561 4
1310758621 4
1310758681 4
1310758741 4
1310758801 4
1310758861 4
1310758921 4
1310758981 4
1310759041 4
1310759101 4
1310759161 4
1310759221 4
1310759281 4
1310759341 4
1310759401 4
1310759461 4
1310759521 4
1310759581 4
1310759641 4
1310759701 4
1310759761 4
1310759821 4
1310759881 4
1310759941 4
1310760001 3
1310760062 4
1310760121 4
1310760181 4
1310760241 4
1310760301 4
1310760361 4
1310760421 4
1310760481 4
1310760541 4
1310760601 4
1310760661 4
1310760721 4
1310760781 4
1310760841 4
1310760901 4
1310760961 4
1310761021 4
1310761081 4
1310761141 4
1310761201 4
1310761261 4
1310761321 4
1310761381 4
1310761441 4
1310761502 4
1310761561 4
1310761621 4
1310761681 4
1310761741 4
1310761801 4
1310761861 4
1310761921 4
1310761981 4
1310762041 4
1310762101 4
1310762162 4
1310762221 4
1310762281 4
1310762341 4
1310762401 4
1310762461 4
1310762521 4
1310762581 4
1310762641 4
1310762701 4
1310762761 4
1310762821 4
1310762881 4
1310762941 4
1310763001 4
1310763062 4
1310763121 4
1310763181 4
1310763241 4
1310763301 4
1310763361 4
1310763421 4
1310763481 4
1310763541 4
1310763601 4
1310763661 4
1310763721 4
1310763781 4
1310763841 4
1310763901 4
1310763961 4
1310764021 4
1310764081 4
1310764141 4
1310764201 4
1310764194 4
1310764201 4
1310764261 4
1310764321 4
1310764381 4
1310764441 4
1310764501 4
1310764561 4
1310764621 4
1310764681 4
1310764741 4
1310764801 4
1310764861 4
1310764921 4
1310764981 4
1310765041 4
1310765101 4
1310765161 4
1310765221 4
1310765281 4
1310765341 4
1310765401 4
1310765461 4
1310765521 4
1310765581 4
1310765641 4
1310765701 4
1310765761 4
1310765821 4
1310765881 4
1310765941 4
1310766001 4
1310766061 4
1310766121 4
1310766181 4
1310766241 4
1310766301 4
1310766361 4
1310766421 4
1310766481 4
1310766541 4
1310766601 4
1310766661 4
1310766721 4
1310766781 4
1310766841 4
1310766901 4
1310766961 4
1310767021 4
1310767081 4
1310767141 4
1310767201 4
1310767261 4
1310767321 4
1310767381 4
1310767441 4
1310767501 4
1310767561 4
1310767621 4
1310767682 4
1310767741 4
1310767801 4
1310767861 4
1310767921 4
1310767981 4
1310768041 4
1310768101 4
1310768161 4
1310768221 4
1310768281 4
1310768342 4
1310768401 4
1310768461 4
1310768521 4
1310768581 4
1310768641 4
1310768701 4
1310768761 4
1310768821 4
1310768881 4
1310768941 4
1310769001 4
1310769061 4
1310769121 4
1310769181 4
1310769241 4
1310769301 4
1310769361 4
1310769421 4
1310769481 4
1310769541 4
1310769601 4
1310769661 4
1310769721 4
1310769781 4
1310769841 4
1310769901 4
1310769961 4
1310770021 4
1310770081 4
1310770141 4
1310770201 4
1310770261 4
1310770321 4
1310770381 3
1310770441 3
1310770501 3
1310770561 3
1310770621 3
1310770681 3
1310770741 3
1310770801 3
1310770861 3
1310770921 3
1310770981 3
1310771041 3
1310771101 3
1310771161 3
1310771221 3
1310771281 3
1310771341 3
1310771401 3
1310771461 3
1310771521 3
1310771581 3
1310771641 3
1310771701 3
1310771761 3
1310771821 3
1310771881 3
1310771941 3
1310772001 3
1310772061 3
1310772122 3
1310772181 3
1310772241 3
1310772301 3
1310772361 3
1310772421 3
1310772481 3
1310772541 3
1310772601 3
1310772661 3
1310772721 3
1310772781 3
1310772841 3
1310772901 3
1310772961 3
1310773022 3
1310773081 3
1310773141 3
1310773201 3
1310773261 3
1310773321 3
1310773381 3
1310773441 3
1310773501 3
1310773561 3
1310773621 3
1310773681 3
1310773741 3
1310773801 3
1310773861 3
1310773921 3
1310773981 3
1310774041 3
1310774101 4
1310774161 4
1310774221 4
1310774281 4
1310774341 4
1310774401 4
1310774461 4
1310774521 4
1310774581 4
1310774641 4
1310774701 4
1310774761 4
1310774821 4
1310774881 3
1310774941 3
1310775001 3
1310775061 3
1310775121 3
1310775181 3
1310775241 3
1310775301 3
1310775361 3
1310775421 4
1310775481 4
1310775541 4
1310775601 4
1310775661 4
1310775721 4
1310775781 4
1310775841 4
1310775901 4
1310775961 4
1310776021 4
1310776081 4
1310776141 4
1310776201 4
1310776261 4
1310776321 4
1310776381 4
1310776441 4
1310776501 4
1310776561 4
1310776621 4
1310776681 4
1310776741 4
1310776801 4
1310776861 4
1310776922 4
1310776981 4
1310777041 4
1310777101 4
1310777161 4
1310777221 4
1310777281 4
1310777341 4
1310777401 6
1310777461 6
1310777521 6
1310777581 6
1310777641 6
1310777701 7
1310777761 7
1310777821 7
1310777881 7
1310777941 7
1310778001 7
1310778061 7
1310778121 7
1310778181 7
1310778241 7
1310778301 7
1310778361 7
1310778421 7
1310778481 7
1310778541 7
1310778601 7
1310778661 7
1310778721 7
1310778781 7
1310778841 3
1310778901 4
1310778961 4
1310779021 4
1310779081 4
1310779141 4
1310779201 4
1310779261 4
1310779321 4
1310779381 4
1310779441 4
1310779501 4
1310779561 4
1310779621 3
1310779681 3
1310779741 3
1310779801 3
1310779861 3
1310779921 3
1310779981 3
1310780041 3
1310780101 3
1310780161 3
1310780222 3
1310780281 3
1310780341 3
1310780401 3
1310780461 3
1310780521 3
1310780581 3
1310780641 3
1310780701 3
1310780761 3
1310780821 3
1310780881 3
1310780941 3
1310781001 3
1310781061 3
1310781121 4
1310781181 4
1310781241 4
1310781301 4
1310781361 4
1310781421 4
1310781481 4
1310781541 4
1310781601 4
1310781661 4
1310781721 5
1310781781 5
1310781841 5
1310781901 5
1310781961 5
1310782021 5
1310782081 5
1310782141 5
1310782201 5
1310782261 5
1310782321 5
1310782381 5
1310782441 5
1310782501 5
1310782561 5
1310782621 5
1310782681 5
1310782741 5
1310782801 5
1310782861 5
1310782921 5
1310782981 5
1310783041 5
1310783101 5
1310783161 5
1310783221 4
1310783281 4
1310783341 6
1310783401 6
1310783461 9
1310783521 10
1310783581 10
1310783641 10
1310783701 10
1310783761 10
1310783821 10
1310783881 10
1310783941 10
1310784001 10
1310784061 10
1310784121 10
1310784181 10
1310784241 10
1310784301 10
1310784361 10
1310784421 10
1310784481 6
1310784541 6
1310784601 6
1310784661 6
1310784721 6
1310784781 7
1310784841 7
1310784901 7
1310784961 7
1310785021 5
1310785081 5
1310785141 6
1310785201 6
1310785261 6
1310785321 6
1310785381 6
1310785441 6
1310785501 6
1310785561 6
1310785621 6
1310785681 6
1310785741 6
1310785801 6
1310785861 6
1310785921 6
1310785981 6
1310786041 6
1310786101 6
1310786161 6
1310786221 6
1310786281 6
1310786341 6
1310786401 6
1310786461 6
1310786521 6
1310786581 6
1310786641 4
1310786701 4
1310786761 6
1310786821 6
1310786881 7
1310786941 7
1310787001 7
1310787061 7
1310787121 7
1310787181 7
1310787241 7
1310787301 7
1310787361 7
1310787421 7
1310787481 7
1310787541 4
1310787601 4
1310787662 4
1310787721 4
1310787781 4
1310787841 4
1310787901 4
1310787961 4
1310788021 4
1310788081 4
1310788141 4
1310788201 4
1310788261 4
1310788321 4
1310788381 4
1310788441 4
1310788501 4
1310788561 4
1310788621 4
1310788681 4
1310788741 5
1310788801 5
1310788861 5
1310788921 6
1310788981 6
1310789041 6
1310789101 6
1310789161 6
1310789221 6
1310789281 6
1310789341 6
1310789401 6
1310789461 6
1310789521 6
1310789581 6
1310789641 6
1310789701 4
1310789761 4
1310789821 4
1310789881 4
1310789941 4
1310790001 4
1310790061 4
1310790121 4
1310790181 4
1310790241 4
1310790301 5
1310790361 6
1310790421 6
1310790481 6
1310790541 7
1310790601 7
1310790661 7
1310790721 7
1310790781 7
1310790841 7
1310790901 7
1310790961 7
1310791021 7
1310791081 4
1310791141 4
1310791201 4
1310791261 4
1310791321 4
1310791381 5
1310791441 5
1310791501 5
1310791561 5
1310791621 5
1310791682 5
1310791741 5
1310791801 5
1310791861 5
1310791921 6
1310791981 6
1310792041 6
1310792101 6
1310792161 6
1310792221 7
1310792281 6
1310792341 6
1310792401 6
1310792461 5
1310792521 5
1310792581 5
1310792641 5
1310792701 5
1310792761 5
1310792821 5
1310792881 5
1310792941 4
1310793001 4
1310793061 5
1310793121 5
1310793181 5
1310793241 5
1310793301 6
1310793361 6
1310793421 6
1310793481 6
1310793541 6
1310793601 6
1310793661 6
1310793721 6
1310793781 6
1310793841 6
1310793901 6
1310793961 6
1310794021 6
1310794081 6
1310794141 6
1310794201 6
1310794261 6
1310794321 6
1310794381 5
1310794441 5
1310794501 5
1310794561 5
1310794621 5
1310794682 5
1310794741 5
1310794801 5
1310794861 5
1310794921 5
1310794981 5
1310795041 5
1310795101 6
1310795161 6
1310795221 6
1310795281 6
1310795341 6
1310795401 6
1310795461 7
1310795521 7
1310795581 7
1310795641 7
1310795701 7
1310795761 7
1310795821 7
1310795881 7
1310795941 7
1310796001 7
1310796061 7
1310796121 7
1310796181 7
1310796241 7
1310796301 7
1310796361 7
1310796421 7
1310796481 6
1310796541 6
1310796601 6
1310796661 6
1310796721 6
1310796781 6
1310796841 6
1310796901 6
1310796961 6
1310797021 6
1310797081 5
1310797141 5
1310797201 5
1310797261 5
1310797321 5
1310797381 5
1310797441 5
1310797501 5
1310797561 5
1310797621 5
1310797681 5
1310797741 5
1310797801 5
1310797861 5
1310797921 5
1310797981 5
1310798041 5
1310798101 5
1310798161 5
1310798221 6
1310798281 6
1310798341 6
1310798401 6
1310798461 6
1310798521 6
1310798581 6
1310798641 6
1310798701 6
1310798761 6
1310798821 6
1310798881 6
1310798941 6
1310799001 6
1310799061 6
1310799121 6
1310799181 6
1310799241 6
1310799301 6
1310799361 6
1310799421 6
1310799481 6
1310799541 6
1310799601 6
1310799662 6
1310799721 6
1310799781 6
1310799841 6
1310799901 6
1310799961 6
1310800021 6
1310800081 6
1310800141 6
1310800201 6
1310800261 6
1310800321 6
1310800381 6
1310800441 6
1310800501 6
1310800561 6
1310800621 6
1310800681 7
1310800741 7
1310800801 7
1310800861 7
1310800921 7
1310800981 7
1310801041 7
1310801101 7
1310801161 7
1310801222 7
1310801281 8
1310801341 8
1310801401 8
1310801461 8
1310801521 8
1310801581 8
1310801641 8
1310801701 8
1310801761 8
1310801821 8
1310801881 8
1310801941 8
1310802001 8
1310802061 8
1310802121 8
1310802181 8
1310802241 8
1310802301 8
1310802361 8
1310802421 8
1310802481 8
1310802541 8
1310802601 8
1310802661 8
1310802721 5
1310802781 5
1310802841 5
1310802901 5
1310802961 5
1310803021 5
1310803081 5
1310803141 5
1310803201 5
1310803261 5
1310803321 5
1310803381 5
1310803441 5
1310803501 5
1310803561 5
1310803621 5
1310803681 5
1310803741 5
1310803802 5
1310803861 5
1310803921 5
1310803981 5
1310804041 5
1310804101 5
1310804161 5
1310804222 5
1310804281 5
1310804341 5
1310804401 5
1310804461 5
1310804521 5
1310804581 5
1310804641 5
1310804701 5
1310804761 5
1310804821 5
1310804881 5
1310804941 5
1310805001 5
1310805061 5
1310805121 5
1310805181 5
1310805241 5
1310805301 5
1310805361 5
1310805421 5
1310805481 5
1310805541 5
1310805601 5
1310805661 5
1310805721 5
1310805781 5
1310805841 5
1310805901 5
1310805961 5
1310806021 5
1310806081 3
1310806141 4
1310806201 4
1310806261 4
1310806321 4
1310806381 4
1310806441 4
1310806501 4
1310806561 4
1310806621 4
1310806681 4
1310806741 4
1310806801 4
1310806861 4
1310806921 4
1310806981 4
1310807041 4
1310807101 4
1310807161 4
1310807221 4
1310807281 6
1310807341 6
1310807401 6
1310807461 6
1310807521 7
1310807581 7
1310807641 7
1310807701 7
1310807761 7
1310807821 7
1310807881 7
1310807941 7
1310808001 5
1310808061 6
1310808121 6
1310808181 6
1310808241 6
1310808301 6
1310808361 6
1310808421 6
1310808481 6
1310808541 6
1310808601 6
1310808661 6
1310808721 6
1310808781 6
1310808841 6
1310808901 6
1310808961 4
1310809021 6
1310809081 6
1310809141 6
1310809201 6
1310809261 6
1310809321 6
1310809381 6
1310809441 6
1310809501 6
1310809561 6
1310809621 6
1310809681 6
1310809741 6
1310809801 6
1310809861 6
1310809921 6
1310809981 6
1310810041 5
1310810101 6
1310810161 7
1310810221 7
1310810281 8
1310810341 8
1310810401 8
1310810461 7
1310810522 8
1310810581 8
1310810641 8
1310810701 8
1310810761 8
1310810821 8
1310810881 8
1310810941 5
1310811001 5
1310811061 5
1310811121 5
1310811181 5
1310811241 5
1310811301 5
1310811361 5
1310811421 5
1310811481 5
1310811541 5
1310811601 5
1310811661 4
1310811721 4
1310811781 4
1310811841 4
1310811901 4
1310811961 4
1310812021 4
1310812081 4
1310812141 4
1310812201 5
1310812261 5
1310812321 5
1310812381 5
1310812441 5
1310812501 5
1310812561 5
1310812621 5
1310812681 5
1310812741 5
1310812801 5
1310812861 5
1310812921 5
1310812981 5
1310813041 5
1310813101 5
1310813161 5
1310813221 5
1310813281 5
1310813341 5
1310813401 5
1310813461 5
1310813521 5
1310813581 5
1310813641 5
1310813701 5
1310813761 5
1310813821 5
1310813881 5
1310813941 5
1310814001 5
1310814062 5
1310814121 5
1310814181 5
1310814241 5
1310814301 5
1310814361 5
1310814421 5
1310814481 6
1310814541 6
1310814601 6
1310814661 6
1310814721 6
1310814781 6
1310814841 6
1310814901 6
1310814961 6
1310815021 6
1310815081 7
1310815141 7
1310815201 7
1310815261 7
1310815321 7
1310815381 7
1310815441 7
1310815501 7
1310815561 7
1310815621 7
1310815681 7
1310815741 7
1310815801 7
1310815861 7
1310815921 6
1310815981 6
1310816041 6
1310816101 6
1310816161 6
1310816221 6
1310816281 6
1310816341 6
1310816401 6
1310816461 6
1310816521 6
1310816581 6
1310816641 6
1310816701 6
1310816761 6
1310816821 6
1310816881 6
1310816942 6
1310817001 6
1310817061 6
1310817121 6
1310817181 6
1310817241 6
1310817301 6
1310817361 6
1310817421 6
1310817481 4
1310817541 5
1310817601 5
1310817661 5
1310817721 5
1310817781 5
1310817841 7
1310817901 7
1310817961 7
1310818021 7
1310818081 7
1310818141 7
1310818201 5
1310818261 5
1310818321 5
1310818381 4
1310818441 4
1310818501 4
1310818561 4
1310818621 4
1310818681 4
1310818741 4
1310818801 4
1310818861 4
1310818921 4
1310818981 4
1310819041 4
1310819101 5
1310819161 5
1310819221 5
1310819281 5
1310819341 5
1310819401 6
1310819461 6
1310819521 6
1310819581 5
1310819641 7
1310819701 7
1310819761 7
1310819821 7
1310819881 7
1310819941 7
1310820001 7
1310820061 7
1310820121 7
1310820181 7
1310820241 7
1310820301 7
1310820361 7
1310820421 7
1310820481 7
1310820541 7
1310820601 7
1310820661 8
1310820721 8
1310820781 8
1310820841 8
1310820901 6
1310820961 7
1310821021 7
1310821081 7
1310821141 8
1310821201 8
1310821262 9
1310821321 9
1310821381 9
1310821441 10
1310821501 10
1310821561 10
1310821621 10
1310821681 7
1310821741 8
1310821802 7
1310821861 8
1310821921 8
1310821981 8
1310822041 8
1310822101 8
1310822161 8
1310822221 7
1310822281 7
1310822341 7
1310822401 7
1310822461 7
1310822521 7
1310822581 7
1310822641 7
1310822701 6
1310822761 7
1310822821 7
1310822881 7
1310822941 8
1310823001 9
1310823061 8
1310823121 8
1310823181 8
1310823241 8
1310823301 8
1310823361 8
1310823421 7
1310823481 7
1310823541 8
1310823601 7
1310823661 7
1310823721 7
1310823781 7
1310823841 8
1310823901 8
1310823961 8
1310824021 8
1310824081 8
1310824141 9
1310824201 9
1310824261 9
1310824321 9
1310824381 9
1310824441 9
1310824501 9
1310824561 6
1310824621 6
1310824681 6
1310824741 8
1310824801 8
1310824861 8
1310824921 7
1310824981 7
1310825041 7
1310825101 7
1310825161 7
1310825221 7
1310825281 7
1310825342 8
1310825401 8
1310825461 8
1310825521 6
1310825581 6
1310825641 7
1310825701 7
1310825761 7
1310825821 7
1310825881 7
1310825941 8
1310826001 8
1310826061 8
1310826121 8
1310826181 8
1310826241 9
1310826301 9
1310826361 9
1310826421 9
1310826481 9
1310826541 10
1310826601 10
1310826661 10
1310826721 10
1310826781 10
1310826841 11
1310826901 11
1310826961 8
1310827021 8
1310827081 8
1310827141 8
1310827201 8
1310827261 8
1310827321 8
1310827381 7
1310827441 7
1310827501 7
1310827561 7
1310827621 7
1310827681 7
1310827741 7
1310827801 7
1310827861 7
1310827921 7
1310827981 7
1310828041 8
1310828101 7
1310828161 8
1310828221 8
1310828281 8
1310828341 9
1310828401 9
1310828461 9
1310828521 9
1310828581 9
1310828641 9
1310828701 10
1310828761 10
1310828821 10
1310828881 10
1310828941 11
1310829001 11
1310829061 11
1310829121 11
1310829181 11
1310829241 11
1310829302 11
1310829361 11
1310829421 11
1310829481 8
1310829541 9
1310829601 9
1310829661 9
1310829721 9
1310829781 9
1310829841 10
1310829901 10
1310829961 10
1310830021 10
1310830081 7
1310830141 8
1310830201 8
1310830261 8
1310830321 8
1310830381 8
1310830441 8
1310830501 8
1310830561 8
1310830621 8
1310830681 8
1310830741 9
1310830801 9
1310830861 9
1310830921 9
1310830981 6
1310831041 7
1310831101 7
1310831161 7
1310831221 7
1310831281 7
1310831341 7
1310831401 6
1310831461 6
1310831522 6
1310831581 6
1310831641 7
1310831701 7
1310831761 7
1310831821 7
1310831881 7
1310831941 7
1310832001 7
