1311350461 1
1311350521 1
1311350581 1
1311350641 1
1311350701 1
1311350761 1
1311350821 1
1311350881 1
1311350941 1
1311351001 1
1311351061 1
1311351121 1
1311351181 1
1311351241 1
1311351301 0
1311351361 0
1311351421 0
1311351481 0
1311351541 0
1311351601 0
1311351661 0
1311351721 0
1311351781 0
1311351841 0
1311351901 0
1311351961 0
1311352021 0
1311352081 0
1311352141 0
1311352201 0
1311352261 0
1311352321 0
1311352381 0
1311352441 0
1311352501 0
1311352561 0
1311352621 0
1311352681 0
1311352741 0
1311352801 1
1311352861 1
1311352921 2
1311352981 2
1311353041 2
1311353101 2
1311353161 2
1311353221 3
1311353281 3
1311353341 3
1311353401 3
1311353461 3
1311353521 3
1311353581 3
1311353641 3
1311353701 3
1311353761 1
1311353821 1
1311353881 1
1311353941 1
1311354001 1
1311354061 1
1311354121 1
1311354181 1
1311354241 0
1311354301 1
1311354361 1
1311354421 1
1311354481 1
1311354542 1
1311354601 1
1311354661 1
1311354721 1
1311354781 1
1311354841 1
1311354901 1
1311354961 1
1311355021 1
1311355081 1
1311355141 1
1311355201 1
1311355261 1
1311355321 1
1311355381 1
1311355441 1
1311355501 1
1311355561 1
1311355621 1
1311355681 1
1311355741 1
1311355801 1
1311355861 1
1311355921 1
1311355981 1
1311356041 1
1311356101 1
1311356161 1
1311356221 1
1311356281 1
1311356341 1
1311356401 1
1311356461 1
1311356521 1
1311356581 1
1311356641 1
1311356701 1
1311356761 1
1311356821 1
1311356881 1
1311356941 1
1311357002 1
1311357061 1
1311357121 1
1311357181 1
1311357241 1
1311357301 1
1311357361 1
1311357421 1
1311357481 1
1311357541 1
1311357601 1
1311357661 1
1311357721 1
1311357781 1
1311357841 1
1311357901 0
1311357961 0
1311358021 0
1311358081 0
1311358141 0
1311358201 0
1311358261 0
1311358321 0
1311358381 0
1311358441 0
1311358501 0
1311358561 0
1311358621 0
1311358681 1
1311358741 1
1311358801 1
1311358861 1
1311358921 1
1311358981 1
1311359041 1
1311359101 1
1311359161 1
1311359221 1
1311359281 1
1311359341 1
1311359401 1
1311359461 1
1311359521 1
1311359581 1
1311359641 1
1311359701 1
1311359761 1
1311359821 1
1311359881 1
1311359941 1
1311360001 1
1311360061 1
1311360121 1
1311360181 1
1311360241 1
1311360301 1
1311360361 1
1311360421 1
1311360481 1
1311360541 1
1311360601 1
1311360661 1
1311360721 1
1311360781 1
1311360841 1
1311360901 1
1311360961 1
1311361021 1
1311361081 1
1311361141 1
1311361201 1
1311361261 1
1311361321 1
1311361381 1
1311361441 1
1311361501 1
1311361561 1
1311361621 1
1311361681 1
1311361741 1
1311361801 1
1311361861 1
1311361921 1
1311361981 1
1311362041 1
1311362101 1
1311362162 1
1311362221 1
1311362281 1
1311362341 1
1311362401 1
1311362461 1
1311362521 1
1311362582 1
1311362641 1
1311362701 1
1311362762 1
1311362821 1
1311362881 1
1311362941 1
1311363001 1
1311363061 1
1311363121 1
1311363181 1
1311363241 1
1311363301 1
1311363361 1
1311363421 1
1311363481 1
1311363541 1
1311363601 1
1311363662 1
1311363721 1
1311363781 1
1311363841 1
1311363901 1
1311363961 1
1311364021 1
1311364081 1
1311364141 1
1311364201 1
1311364261 1
1311364321 1
1311364381 1
1311364441 1
1311364501 1
1311364561 1
1311364621 1
1311364681 1
1311364741 1
1311364801 1
1311364861 1
1311364921 1
1311364981 1
1311365041 1
1311365101 1
1311365161 1
1311365221 1
1311365281 1
1311365341 1
1311365401 1
1311365461 1
1311365521 1
1311365581 1
1311365641 1
1311365701 1
1311365761 1
1311365821 1
1311365881 1
1311365941 1
1311366001 1
1311366061 1
1311366121 1
1311366181 1
1311366241 1
1311366301 1
1311366361 1
1311366421 1
1311366481 1
1311366541 1
1311366604 1
1311366661 1
1311366721 1
1311366781 1
1311366842 1
1311366902 1
1311366961 1
1311367021 1
1311367081 1
1311367141 1
1311367201 1
1311367262 1
1311367321 1
1311367381 1
1311367441 1
1311367501 1
1311367561 1
1311367621 1
1311367681 1
1311367741 1
1311367801 1
1311367861 1
1311367921 1
1311367981 0
1311368041 0
1311368101 0
1311368161 0
1311368222 0
1311368281 0
1311368341 0
1311368401 0
1311368461 0
1311368522 0
1311368581 0
1311368641 0
1311368701 0
1311368761 0
1311368821 0
1311368881 0
1311368942 0
1311369001 0
1311368994 0
1311369001 0
1311369061 0
1311369121 0
1311369182 0
1311369241 0
1311369301 0
1311369361 0
1311369421 0
1311369481 0
1311369541 0
1311369601 0
1311369661 0
1311369721 0
1311369781 0
1311369841 0
1311369901 0
1311369961 0
1311370021 0
1311370081 0
1311370141 0
1311370201 0
1311370261 0
1311370321 0
1311370381 0
1311370441 0
1311370501 0
1311370561 0
1311370621 0
1311370681 0
1311370741 0
1311370801 0
1311370861 0
1311370921 0
1311370981 0
1311371041 0
1311371101 0
1311371161 0
1311371221 0
1311371281 0
1311371341 0
1311371401 0
1311371461 0
1311371521 0
1311371581 0
1311371641 0
1311371701 0
1311371762 0
1311371821 0
1311371881 0
1311371941 0
1311372001 0
1311372061 0
1311372121 0
1311372181 0
1311372241 0
1311372301 0
1311372361 0
1311372421 0
1311372482 0
1311372541 0
1311372601 0
1311372661 0
1311372721 0
1311372781 0
1311372841 0
1311372901 0
1311372961 0
1311373021 0
1311373081 0
1311373141 0
1311373201 0
1311373261 0
1311373321 0
1311373381 0
1311373441 0
1311373501 0
1311373561 0
1311373621 0
1311373681 0
1311373741 0
1311373801 0
1311373861 0
1311373921 0
1311373981 0
1311374041 0
1311374101 0
1311374161 0
1311374221 0
1311374281 0
1311374341 0
1311374401 0
1311374461 0
1311374521 0
1311374581 0
1311374641 0
1311374701 0
1311374761 0
1311374821 0
1311374881 0
1311374941 0
1311375001 0
1311375061 0
1311375121 0
1311375181 0
1311375241 0
1311375301 0
1311375361 0
1311375421 0
1311375481 0
1311375542 0
1311375601 0
1311375661 0
1311375721 0
1311375781 0
1311375841 0
1311375901 0
1311375961 0
1311376021 0
1311376081 0
1311376141 0
1311376201 0
1311376261 0
1311376321 0
1311376381 0
1311376441 0
1311376501 0
1311376561 0
1311376621 0
1311376681 0
1311376741 0
1311376801 0
1311376861 0
1311376921 0
1311376981 0
1311377041 0
1311377101 0
1311377162 0
1311377221 0
1311377281 0
1311377341 0
1311377401 0
1311377461 0
1311377521 0
1311377581 0
1311377641 0
1311377701 0
1311377761 0
1311377821 0
1311377881 0
1311377941 0
1311378001 0
1311378061 0
1311378121 0
1311378181 0
1311378241 0
1311378301 0
1311378361 0
1311378421 0
1311378481 0
1311378541 0
1311378601 0
1311378661 0
1311378721 0
1311378781 0
1311378841 0
1311378901 0
1311378961 0
1311379021 0
1311379081 0
1311379141 0
1311379201 0
1311379261 0
1311379321 0
1311379381 0
1311379441 0
1311379501 0
1311379561 0
1311379621 0
1311379681 0
1311379741 0
1311379801 0
1311379861 0
1311379922 0
1311379981 0
1311380041 0
1311380101 0
1311380161 0
1311380221 0
1311380281 0
1311380341 0
1311380401 0
1311380461 0
1311380521 0
1311380581 1
1311380642 1
1311380701 1
1311380762 1
1311380821 1
1311380881 1
1311380941 1
1311381001 1
1311381061 1
1311381121 1
1311381181 1
1311381241 1
1311381301 1
1311381361 1
1311381421 1
1311381481 1
1311381541 1
1311381601 1
1311381661 1
1311381721 1
1311381781 1
1311381841 1
1311381901 1
1311381961 1
1311382021 1
1311382081 1
1311382141 1
1311382201 1
1311382261 1
1311382321 1
1311382381 1
1311382441 1
1311382501 2
1311382561 2
1311382621 2
1311382681 2
1311382741 2
1311382801 2
1311382861 2
1311382921 2
1311382981 2
1311383041 2
1311383101 2
1311383161 2
1311383221 2
1311383281 2
1311383341 2
1311383401 2
1311383461 2
1311383521 2
1311383581 2
1311383642 2
1311383702 2
1311383761 2
1311383821 2
1311383881 2
1311383941 2
1311384001 2
1311384061 2
1311384121 2
1311384181 2
1311384241 2
1311384301 2
1311384361 2
1311384421 2
1311384481 2
1311384541 2
1311384601 2
1311384661 2
1311384721 2
1311384781 2
1311384841 2
1311384901 2
1311384961 2
1311385021 2
1311385081 2
1311385141 2
1311385201 2
1311385261 2
1311385321 2
1311385381 2
1311385441 2
1311385501 2
1311385561 2
1311385621 5
1311385681 8
1311385741 8
1311385801 8
1311385861 8
1311385921 8
1311385981 8
1311386041 8
1311386101 8
1311386162 8
1311386221 8
1311386281 8
1311386341 8
1311386401 8
1311386461 8
1311386521 8
1311386581 8
1311386642 8
1311386701 8
1311386761 8
1311386821 8
1311386881 8
1311386941 8
1311387001 8
1311387061 8
1311387121 8
1311387181 8
1311387241 8
1311387301 8
1311387361 8
1311387421 8
1311387481 8
1311387541 8
1311387601 8
1311387661 8
1311387721 8
1311387781 8
1311387841 8
1311387901 8
1311387961 8
1311388021 8
1311388081 8
1311388141 8
1311388201 8
1311388261 8
1311388321 8
1311388381 8
1311388441 8
1311388501 8
1311388561 7
1311388621 8
1311388681 8
1311388741 8
1311388801 8
1311388861 8
1311388921 8
1311388981 8
1311389041 8
1311389101 8
1311389161 8
1311389221 8
1311389281 8
1311389341 8
1311389401 8
1311389461 8
1311389521 8
1311389581 8
1311389641 8
1311389701 8
1311389761 8
1311389821 8
1311389881 8
1311389941 8
1311390001 8
1311390061 8
1311390121 8
1311390181 8
1311390241 8
1311390301 8
1311390361 8
1311390421 8
1311390481 8
1311390541 7
1311390601 8
1311390661 8
1311390721 8
1311390781 8
1311390841 8
1311390901 8
1311390961 8
1311391021 8
1311391081 8
1311391141 8
1311391201 8
1311391261 8
1311391321 6
1311391381 6
1311391441 6
1311391501 6
1311391561 6
1311391622 6
1311391681 6
1311391741 6
1311391801 6
1311391861 6
1311391921 6
1311391982 6
1311392042 6
1311392101 6
1311392161 6
1311392221 6
1311392281 6
1311392341 6
1311392401 4
1311392461 4
1311392521 4
1311392581 4
1311392641 4
1311392701 4
1311392761 4
1311392821 4
1311392881 4
1311392941 4
1311393001 4
1311393061 4
1311393121 4
1311393181 4
1311393241 4
1311393301 4
1311393361 4
1311393421 4
1311393481 4
1311393541 3
1311393601 4
1311393661 4
1311393721 4
1311393781 4
1311393841 4
1311393901 4
1311393961 4
1311394021 4
1311394081 4
1311394141 4
1311394201 4
1311394261 4
1311394321 4
1311394381 4
1311394441 4
1311394501 4
1311394561 4
1311394621 4
1311394681 4
1311394741 4
1311394801 4
1311394861 4
1311394921 4
1311394981 4
1311395041 4
1311395101 4
1311395161 4
1311395222 4
1311395282 4
1311395341 4
1311395401 4
1311395461 4
1311395521 4
1311395581 4
1311395641 4
1311395702 3
1311395761 3
1311395821 3
1311395881 3
1311395941 3
1311396001 3
1311396061 3
1311396121 3
1311396181 3
1311396241 3
1311396301 4
1311396361 4
1311396421 4
1311396481 4
1311396541 4
1311396601 4
1311396661 4
1311396721 4
1311396781 4
1311396841 4
1311396901 4
1311396961 4
1311397021 4
1311397081 4
1311397141 4
1311397201 4
1311397261 4
1311397321 4
1311397381 4
1311397441 4
1311397501 4
1311397562 4
1311397621 4
1311397681 4
1311397741 4
1311397801 4
1311397861 4
1311397921 4
1311397981 4
1311398041 4
1311398101 4
1311398161 4
1311398221 5
1311398281 5
1311398341 5
1311398401 5
1311398461 5
1311398521 5
1311398581 5
1311398641 5
1311398701 5
1311398761 5
1311398821 5
1311398881 5
1311398941 5
1311399001 5
1311399061 5
1311399121 5
1311399181 5
1311399242 5
1311399301 5
1311399361 5
1311399421 5
1311399481 5
1311399541 5
1311399601 5
1311399661 5
1311399721 5
1311399781 5
1311399841 5
1311399901 5
1311399961 5
1311400021 5
1311400081 5
1311400142 5
1311400202 5
1311400261 5
1311400321 5
1311400381 5
1311400441 5
1311400501 5
1311400561 5
1311400621 5
1311400681 5
1311400741 5
1311400801 5
1311400861 5
1311400921 5
1311400981 5
1311401041 5
1311401101 5
1311401161 5
1311401221 5
1311401281 5
1311401341 3
1311401401 3
1311401461 3
1311401521 3
1311401582 3
1311401641 3
1311401701 3
1311401761 3
1311401821 3
1311401881 3
1311401941 3
1311402001 3
1311402061 3
1311402121 3
1311402181 3
1311402241 3
1311402301 3
1311402361 3
1311402421 4
1311402481 4
1311402541 4
1311402601 4
1311402661 4
1311402721 4
1311402781 4
1311402841 4
1311402901 4
1311402961 4
1311403021 5
1311403081 5
1311403141 5
1311403201 5
1311403261 5
1311403321 6
1311403381 6
1311403441 6
1311403501 6
1311403561 4
1311403621 5
1311403681 5
1311403741 5
1311403801 5
1311403861 5
1311403921 5
1311403981 5
1311404041 5
1311404101 5
1311404161 5
1311404221 5
1311404281 5
1311404341 5
1311404401 4
1311404461 6
1311404521 6
1311404581 6
1311404641 6
1311404701 6
1311404761 7
1311404821 7
1311404881 8
1311404941 6
1311405001 6
1311405061 7
1311405122 7
1311405181 7
1311405241 8
1311405301 9
1311405361 9
1311405421 9
1311405481 9
1311405541 10
1311405601 11
1311405661 11
1311405721 11
1311405781 11
1311405841 11
1311405901 11
1311405961 5
1311406021 5
1311406081 5
1311406141 6
1311406201 7
1311406261 7
1311406321 7
1311406381 7
1311406441 8
1311406501 9
1311406561 9
1311406621 9
1311406681 9
1311406741 9
1311406801 9
1311406861 9
1311406921 9
1311406981 9
1311407041 9
1311407101 9
1311407161 9
1311407221 9
1311407281 9
1311407341 10
1311407401 10
1311407461 6
1311407522 6
1311407582 6
1311407641 6
1311407701 7
1311407761 7
1311407821 7
1311407881 7
1311407941 7
1311408001 8
1311408061 8
1311408121 8
1311408181 8
1311408241 6
1311408302 6
1311408361 6
1311408421 6
1311408481 6
1311408542 7
1311408602 8
1311408661 8
1311408721 8
1311408781 8
1311408841 8
1311408901 6
1311408961 6
1311409021 6
1311409081 6
1311409141 7
1311409201 8
1311409261 8
1311422420 8
1311422420 8
1311422461 9
1311422521 9
1311422581 9
1311422641 9
1311422701 9
1311422761 9
1311422821 9
1311422881 9
1311422941 9
1311423001 9
1311423061 9
1311423121 9
1311423182 9
1311423241 9
1311423301 9
1311423361 9
1311423421 0
1311423481 0
1311423541 0
1311423601 0
1311423661 0
1311423721 0
1311423781 0
1311423841 0
1311423901 0
1311423961 0
1311424021 0
1311424081 0
1311424141 0
1311424201 0
1311424261 0
1311424322 0
1311424381 0
1311424441 0
1311424501 0
1311424561 0
1311424621 0
1311424681 0
1311424741 0
1311424801 0
1311424861 0
1311424921 0
1311424981 0
1311425041 0
1311425101 0
1311425161 0
1311425221 0
1311425281 2
1311425341 2
1311425401 2
1311425461 3
1311425521 3
1311425581 3
1311425642 3
1311425701 3
1311425761 3
1311425821 3
1311425881 2
1311425941 2
1311426001 2
1311426061 2
1311426121 2
1311426181 2
1311426241 2
1311426301 2
1311426361 2
1311426421 0
1311426481 0
1311426541 1
1311426601 1
1311426661 1
1311426721 1
1311426781 1
1311426841 1
1311426901 1
1311426961 1
1311427021 1
1311427081 1
1311427141 1
1311427201 1
1311427261 1
1311427321 1
1311427381 1
1311427441 1
1311427501 1
1311427561 1
1311427621 1
1311427681 2
1311427741 2
1311427801 2
1311427861 2
1311427921 2
1311427981 2
1311428041 2
1311428101 2
1311428161 2
1311428221 2
1311428281 2
1311428341 2
1311428401 2
1311428461 2
1311428521 0
1311428581 0
1311428641 0
1311428701 0
1311428761 0
1311428821 0
1311428881 0
1311428941 0
1311429001 0
1311429061 0
1311429121 0
1311429181 0
1311429241 0
1311429301 0
1311429361 0
1311429421 0
1311429481 0
1311429541 0
1311429601 0
1311429661 0
1311429721 0
1311429781 0
1311429841 0
1311429901 0
1311429961 0
1311430021 0
1311430081 0
1311430141 0
1311430201 0
1311430261 1
1311430321 1
1311430381 1
1311430441 1
1311430502 1
1311430561 1
1311430621 1
1311430681 1
1311430741 1
1311430801 1
1311430861 1
1311430921 1
1311430981 1
1311431041 1
1311431101 1
1311431161 1
1311431221 1
1311431281 1
1311431341 1
1311431401 1
1311431461 1
1311431521 1
1311431582 1
1311431641 1
1311431701 1
1311431761 1
1311431821 1
1311431881 1
1311431941 1
1311432001 1
1311432061 1
1311432121 1
1311432181 1
1311432241 1
1311432301 1
1311432361 1
1311432421 1
1311432481 1
1311432541 1
1311432601 1
1311432661 1
1311432721 1
1311432781 1
1311432842 1
1311432902 1
1311432962 1
1311433021 1
1311433081 1
1311433141 1
1311433201 1
1311433261 1
1311433321 2
1311433381 2
1311433441 2
1311433501 2
1311433561 2
1311433621 2
1311433681 2
1311433741 2
1311433801 0
1311433861 0
1311433921 0
1311433981 0
1311434041 0
1311434101 0
1311434161 0
1311434221 0
1311434281 0
1311434341 0
1311434401 0
1311434461 0
1311434521 0
1311434581 0
1311434641 1
1311434701 1
1311434761 1
1311434821 1
1311434881 1
1311434941 1
1311435001 1
1311435061 1
1311435121 1
1311435181 0
1311435241 1
1311435301 1
1311435361 1
1311435421 1
1311435481 1
1311435541 1
1311435601 1
1311435661 1
1311435721 1
1311435781 2
1311435841 2
1311435901 2
1311435962 2
1311436021 2
1311436081 2
1311436141 2
1311436201 2
1311436261 2
1311436321 2
1311436381 2
1311436441 2
1311436501 2
1311436561 2
1311436621 2
1311436681 2
1311436742 2
1311436802 2
