1311696061 2
1311696121 2
1311696181 2
1311696241 3
1311696301 4
1311696361 4
1311696421 4
1311696481 4
1311696541 4
1311696601 4
1311696661 4
1311696721 4
1311696781 3
1311696841 3
1311696901 3
1311696961 3
1311697021 3
1311697081 3
1311697141 3
1311697201 3
1311697261 3
1311697322 3
1311697381 3
1311697441 3
1311697501 3
1311697561 3
1311697621 3
1311697681 3
1311697741 3
1311697801 3
1311697861 3
1311697921 3
1311697981 3
1311698041 3
1311698101 3
1311698161 3
1311698221 3
1311698281 3
1311698341 3
1311698401 3
1311698461 3
1311698521 3
1311698581 3
1311698641 3
1311698701 3
1311698761 3
1311698821 3
1311698881 3
1311698941 3
1311699001 3
1311699061 3
1311699121 3
1311699181 3
1311699241 3
1311699301 3
1311699361 3
1311699421 3
1311699481 3
1311699541 3
1311699601 3
1311699661 3
1311699721 3
1311699781 3
1311699841 3
1311699901 3
1311699961 3
1311700021 3
1311700081 3
1311700141 3
1311700201 3
1311700261 3
1311700321 3
1311700381 3
1311700441 3
1311700501 3
1311700561 3
1311700621 3
1311700681 3
1311700741 3
1311700801 3
1311700861 3
1311700922 3
1311700981 3
1311701041 3
1311701101 3
1311701161 3
1311701221 3
1311701281 3
1311701341 3
1311701401 3
1311701461 3
1311701521 3
1311701581 3
1311701641 3
1311701701 3
1311701761 3
1311701821 3
1311701881 3
1311701941 3
1311702001 3
1311702061 3
1311702121 3
1311702181 3
1311702241 3
1311702301 3
1311702361 3
1311702421 3
1311702481 3
1311702541 3
1311702601 3
1311702661 3
1311702721 3
1311702781 3
1311702841 2
1311702901 2
1311702961 2
1311703021 3
1311703081 3
1311703141 3
1311703201 3
1311703261 3
1311703321 3
1311703381 3
1311703441 3
1311703501 3
1311703561 3
1311703621 3
1311703681 3
1311703741 3
1311703801 3
1311703861 3
1311703921 3
1311703981 3
1311704041 3
1311704101 3
1311704161 3
1311704221 3
1311704281 3
1311704341 3
1311704401 3
1311704461 3
1311704521 3
1311704581 3
1311704641 3
1311704701 3
1311704761 3
1311704821 3
1311704881 3
1311704941 3
1311705001 3
1311705061 3
1311705121 3
1311705181 3
1311705241 3
1311705301 3
1311705361 3
1311705421 3
1311705481 3
1311705541 3
1311705601 3
1311705661 3
1311705721 3
1311705781 3
1311705842 3
1311705901 3
1311705961 3
1311706021 3
1311706081 3
1311706141 3
1311706201 3
1311706261 3
1311706321 3
1311706381 3
1311706441 3
1311706501 3
1311706561 3
1311706621 3
1311706681 3
1311706741 3
1311706801 3
1311706861 3
1311706921 3
1311706981 3
1311707041 3
1311707101 3
1311707161 3
1311707221 3
1311707282 3
1311707341 3
1311707401 3
1311707461 3
1311707521 3
1311707581 3
1311707641 3
1311707701 3
1311707761 3
1311707821 3
1311707881 3
1311707941 3
1311708001 3
1311708061 3
1311708121 3
1311708181 3
1311708241 3
1311708301 3
1311708361 3
1311708421 3
1311708481 3
1311708541 3
1311708601 3
1311708661 3
1311708721 3
1311708781 3
1311708841 3
1311708901 3
1311708961 3
1311709021 3
1311709081 3
1311709141 3
1311709201 3
1311709261 3
1311709321 3
1311709381 3
1311709441 3
1311709501 3
1311709561 3
1311709621 3
1311709681 3
1311709741 3
1311709801 3
1311709861 3
1311709921 3
1311709981 3
1311710041 3
1311710101 3
1311710161 3
1311710221 3
1311710281 3
1311710341 3
1311710402 3
1311710461 3
1311710521 3
1311710581 3
1311710641 3
1311710701 3
1311710761 3
1311710823 3
1311710881 3
1311710941 3
1311711001 3
1311711061 3
1311711121 3
1311711181 3
1311711241 3
1311711301 3
1311711361 3
1311711421 3
1311711481 3
1311711541 3
1311711601 3
1311711661 3
1311711721 3
1311711781 3
1311711841 3
1311711901 3
1311711961 3
1311712021 3
1311712081 3
1311712141 3
1311712202 3
1311712261 3
1311712321 3
1311712381 3
1311712441 3
1311712501 3
1311712561 3
1311712621 3
1311712681 3
1311712741 3
1311712801 3
1311712861 3
1311712921 3
1311712981 3
1311713041 3
1311713101 3
1311713161 3
1311713221 3
1311713281 3
1311713341 3
1311713401 3
1311713461 3
1311713521 3
1311713581 3
1311713641 3
1311713701 3
1311713761 3
1311713821 3
1311713881 3
1311713941 3
1311714001 3
1311714061 3
1311714121 3
1311714181 3
1311714241 3
1311714301 3
1311714362 3
1311714421 3
1311714481 3
1311714541 3
1311714601 3
1311714593 3
1311714601 3
1311714661 3
1311714721 3
1311714781 3
1311714841 3
1311714901 3
1311714961 3
1311715021 3
1311715081 3
1311715141 3
1311715201 3
1311715261 3
1311715321 3
1311715381 3
1311715441 3
1311715501 3
1311715561 3
1311715621 3
1311715681 3
1311715741 3
1311715801 3
1311715861 3
1311715921 3
1311715981 2
1311716041 2
1311716101 2
1311716161 2
1311716221 2
1311716281 2
1311716341 2
1311716401 2
1311716461 2
1311716521 2
1311716581 2
1311716641 2
1311716701 2
1311716761 2
1311716821 2
1311716881 2
1311716941 2
1311717001 2
1311717061 2
1311717121 2
1311717181 2
1311717241 2
1311717301 2
1311717361 2
1311717421 2
1311717481 2
1311717541 2
1311717601 2
1311717661 2
1311717721 2
1311717781 2
1311717841 2
1311717901 2
1311717961 2
1311718021 2
1311718081 2
1311718141 2
1311718201 2
1311718261 2
1311718321 2
1311718381 2
1311718441 2
1311718501 2
1311718561 2
1311718621 2
1311718681 2
1311718741 2
1311718801 2
1311718861 2
1311718921 2
1311718981 2
1311719041 2
1311719101 2
1311719162 2
1311719221 2
1311719281 2
1311719341 2
1311719401 2
1311719461 2
1311719521 2
1311719581 2
1311719641 2
1311719701 2
1311719761 2
1311719821 2
1311719881 2
1311719941 2
1311720001 2
1311720061 2
1311720121 2
1311720181 2
1311720241 2
1311720301 2
1311720361 2
1311720421 2
1311720481 2
1311720541 2
1311720601 2
1311720661 2
1311720721 2
1311720781 2
1311720841 2
1311720901 2
1311720961 2
1311721021 2
1311721081 2
1311721141 2
1311721201 2
1311721261 2
1311721321 2
1311721381 2
1311721441 2
1311721501 2
1311721561 2
1311721621 2
1311721681 2
1311721741 2
1311721802 2
1311721861 2
1311721921 2
1311721981 2
1311722041 2
1311722101 2
1311722161 2
1311722221 2
1311722281 2
1311722341 2
1311722401 2
1311722461 2
1311722521 2
1311722581 2
1311722641 2
1311722701 2
1311722761 2
1311722821 2
1311722881 2
1311722941 2
1311723001 2
1311723061 2
1311723121 2
1311723181 2
1311723241 2
1311723301 2
1311723361 2
1311723421 2
1311723481 2
1311723541 2
1311723601 2
1311723662 2
1311723721 2
1311723781 2
1311723841 2
1311723901 2
1311723961 2
1311724021 2
1311724081 2
1311724141 2
1311724201 2
1311724261 2
1311724321 2
1311724381 2
1311724441 2
1311724501 2
1311724561 2
1311724621 2
1311724681 2
1311724741 2
1311724801 2
1311724861 2
1311724921 2
1311724981 2
1311725041 2
1311725101 2
1311725161 2
1311725221 2
1311725281 2
1311725341 2
1311725401 2
1311725461 2
1311725521 2
1311725581 2
1311725641 2
1311725701 2
1311725761 2
1311725821 2
1311725881 2
1311725941 2
1311726001 2
1311726061 2
1311726121 2
1311726181 2
1311726241 2
1311726301 2
1311726361 2
1311726421 2
1311726481 2
1311726541 2
1311726601 2
1311726661 2
1311726721 2
1311726781 2
1311726841 2
1311726901 2
1311726961 2
1311727021 2
1311727081 2
1311727141 2
1311727201 2
1311727261 2
1311727321 2
1311727381 2
1311727441 2
1311727501 2
1311727561 2
1311727621 2
1311727681 2
1311727741 2
1311727801 1
1311727861 1
1311727921 1
1311727981 1
1311728041 1
1311728101 1
1311728161 1
1311728221 1
1311728281 1
1311728341 1
1311728401 1
1311728461 1
1311728521 1
1311728581 1
1311728641 1
1311728701 1
1311728761 1
1311728821 1
1311728881 2
1311728941 2
1311729001 2
1311729061 3
1311729121 3
1311729181 3
1311729241 3
1311729301 3
1311729361 3
1311729421 3
1311729481 4
1311729541 4
1311729601 4
1311729661 4
1311729721 4
1311729781 4
1311729841 4
1311729901 4
1311729961 4
1311730021 3
1311730081 3
1311730141 3
1311730201 3
1311730261 3
1311730321 3
1311730381 3
1311730441 3
1311730501 3
1311730561 3
1311730621 2
1311730681 3
1311730741 3
1311730801 3
1311730861 3
1311730921 3
1311730981 3
1311731041 3
1311731101 3
1311731161 3
1311731221 3
1311731281 3
1311731341 3
1311731401 3
1311731461 3
1311731521 3
1311731581 3
1311731641 3
1311731701 3
1311731761 3
1311731821 3
1311731881 3
1311731941 3
1311732002 3
1311732061 3
1311732121 3
1311732181 3
1311732241 3
1311732301 3
1311732361 3
1311732421 3
1311732481 3
1311732541 3
1311732601 3
1311732661 3
1311732721 3
1311732781 3
1311732841 3
1311732901 3
1311732961 3
1311733021 3
1311733082 3
1311733141 3
1311733201 4
1311733261 4
1311733321 5
1311733381 5
1311733441 5
1311733501 5
1311733561 5
1311733621 5
1311733681 5
1311733741 5
1311733801 5
1311733861 4
1311733921 4
1311733981 4
1311734041 4
1311734101 4
1311734161 4
1311734221 4
1311734281 4
1311734341 4
1311734401 4
1311734461 4
1311734521 4
1311734581 4
1311734641 4
1311734701 4
1311734761 4
1311734821 4
1311734881 4
1311734941 4
1311735001 4
1311735062 4
1311735121 4
1311735181 4
1311735241 4
1311735301 4
1311735361 4
1311735421 4
1311735481 4
1311735541 4
1311735601 4
1311735661 4
1311735721 4
1311735781 4
1311735841 4
1311735901 4
1311735961 4
1311736021 4
1311736081 4
1311736141 2
1311736201 2
1311736261 2
1311736321 2
1311736381 2
1311736441 4
1311736501 4
1311736561 4
1311736621 4
1311736681 4
1311736741 4
1311736801 4
1311736861 4
1311736921 4
1311736981 4
1311737041 4
1311737101 4
1311737161 4
1311737221 2
1311737281 2
1311737341 2
1311737401 2
1311737461 2
1311737521 2
1311737581 3
1311737641 3
1311737701 3
1311737761 3
1311737821 3
1311737881 3
1311737941 3
1311738001 3
1311738061 3
1311738121 3
1311738181 3
1311738241 3
1311738301 3
1311738361 4
1311738421 4
1311738481 4
1311738541 4
1311738601 4
1311738661 4
1311738721 4
1311738781 4
1311738841 5
1311738901 5
1311738961 5
1311739021 5
1311739081 5
1311739141 5
1311739201 5
1311739261 5
1311739321 5
1311739381 3
1311739441 3
1311739501 3
1311739561 3
1311739621 3
1311739681 3
1311739741 3
1311739801 3
1311739861 3
1311739922 3
1311739981 3
1311740041 3
1311740101 3
1311740161 3
1311740221 3
1311740282 3
1311740341 3
1311740401 3
1311740461 3
1311740521 3
1311740581 3
1311740641 3
1311740701 3
1311740761 3
1311740821 3
1311740881 3
1311740941 3
1311741002 3
1311741061 3
1311741121 3
1311741181 3
1311741241 1
1311741301 1
1311741361 1
1311741421 1
1311741481 1
1311741541 1
1311741601 1
1311741661 1
1311741721 1
1311741781 1
1311741841 1
1311741901 1
1311741961 1
1311742021 1
1311742081 2
1311742141 2
1311742201 2
1311742261 2
1311742321 2
1311742381 2
1311742441 2
1311742501 2
1311742561 2
1311742621 2
1311742681 2
1311742741 2
1311742801 2
1311742861 2
1311742921 2
1311742981 2
1311743041 2
1311743101 2
1311743161 2
1311743221 2
1311743281 1
1311743341 2
1311743401 2
1311743461 2
1311743521 2
1311743581 2
1311743641 2
1311743701 2
1311743761 2
1311743821 2
1311743881 2
1311743941 2
1311744001 2
1311744061 2
1311744121 2
1311744181 2
1311744241 2
1311744301 2
1311744361 2
1311744421 2
1311744481 2
1311744541 2
1311744601 2
1311744661 2
1311744721 2
1311744781 2
1311744841 2
1311744901 2
1311744961 3
1311745021 3
1311745081 3
1311745141 3
1311745201 3
1311745261 3
1311745321 3
1311745381 3
1311745441 3
1311745501 3
1311745561 3
1311745621 3
1311745681 3
1311745741 3
1311745801 3
1311745861 4
1311745921 4
1311745981 4
1311746041 4
1311746101 3
1311746161 3
1311746221 3
1311746281 3
1311746341 3
1311746401 3
1311746461 3
1311746521 4
1311746581 4
1311746641 4
1311746701 4
1311746761 3
1311746821 4
1311746881 4
1311746941 4
1311747001 4
1311747061 4
1311747121 4
1311747181 4
1311747241 4
1311747301 4
1311747361 4
1311747421 2
1311747481 3
1311747541 3
1311747601 3
1311747661 3
1311747721 3
1311747781 3
1311747841 3
1311747901 3
1311747961 3
1311748021 3
1311748081 3
1311748141 3
1311748201 3
1311748261 3
1311748321 3
1311748381 3
1311748441 3
1311748501 3
1311748561 3
1311748621 3
1311748681 3
1311748741 3
1311748801 3
1311748861 3
1311748921 3
1311748981 3
1311749041 3
1311749101 3
1311749162 3
1311749221 3
1311749281 3
1311749341 3
1311749401 3
1311749461 3
1311749521 3
1311749581 3
1311749641 3
1311749701 3
1311749761 3
1311749821 3
1311749881 2
1311749941 3
1311750001 3
1311750061 3
1311750121 3
1311750181 3
1311750241 3
1311750301 3
1311750361 3
1311750421 3
1311750481 3
1311750541 3
1311750601 3
1311750661 3
1311750721 3
1311750781 3
1311750841 3
1311750901 3
1311750961 3
1311751021 3
1311751081 3
1311751141 3
1311751201 3
1311751261 3
1311751321 3
1311751381 3
1311751441 3
1311751501 4
1311751561 4
1311751621 4
1311751681 4
1311751741 4
1311751801 4
1311751861 4
1311751921 4
1311751981 4
1311752041 3
1311752101 3
1311752161 3
1311752221 3
1311752281 3
1311752341 3
1311752401 3
1311752461 3
1311752521 3
1311752581 3
1311752641 2
1311752701 2
1311752761 3
1311752821 3
1311752881 3
1311752941 3
1311753001 2
1311753061 2
1311753121 2
1311753181 2
1311753241 2
1311753301 2
1311753361 2
1311753422 1
1311753481 1
1311753541 1
1311753601 1
1311753661 1
1311753721 1
1311753781 1
1311753841 1
1311753901 1
1311753961 1
1311754021 1
1311754081 1
1311754141 1
1311754201 2
1311754261 2
1311754321 2
1311754381 2
1311754441 2
1311754501 2
1311754561 3
1311754621 3
1311754681 3
1311754741 3
1311754801 3
1311754861 3
1311754921 3
1311754981 3
1311755041 3
1311755102 3
1311755161 3
1311755221 3
1311755282 3
1311755341 3
1311755401 3
1311755461 3
1311755521 3
1311755581 3
1311755641 3
1311755701 3
1311755761 3
1311755821 3
1311755881 3
1311755941 3
1311756001 3
1311756061 3
1311756121 3
1311756181 3
1311756241 3
1311756301 1
1311756361 1
1311756421 1
1311756481 1
1311756541 1
1311756601 1
1311756661 1
1311756721 1
1311756781 1
1311756841 1
1311756901 1
1311756961 1
1311757021 1
1311757081 1
1311757141 1
1311757201 1
1311757261 1
1311757321 1
1311757381 1
1311757441 1
1311757501 1
1311757561 1
1311757621 1
1311757681 1
1311757741 1
1311757801 1
1311757861 1
1311757921 1
1311757981 1
1311758041 1
1311758101 1
1311758161 1
1311758221 1
1311758281 1
1311758341 1
1311758401 1
1311758461 1
1311758521 1
1311758581 1
1311758641 1
1311758701 1
1311758761 1
1311758821 1
1311758881 1
1311758941 1
1311759001 1
1311759061 1
1311759121 1
1311759181 1
1311759241 1
1311759301 1
1311759361 1
1311759421 1
1311759481 1
1311759541 1
1311759601 1
1311759661 1
1311759721 2
1311759781 2
1311759841 2
1311759901 2
1311759961 2
1311760021 2
1311760081 2
1311760141 2
1311760201 2
1311760261 2
1311760321 2
1311760381 2
1311760441 2
1311760501 2
1311760561 2
1311760621 2
1311760681 2
1311760741 2
1311760801 2
1311760861 2
1311760921 2
1311760981 2
1311761041 2
1311761101 2
1311761161 2
1311761221 2
1311761281 2
1311761341 2
1311761401 2
1311761461 2
1311761521 2
1311761581 2
1311761641 2
1311761701 2
1311761761 2
1311761821 2
1311761881 2
1311761941 2
1311762001 2
1311762061 2
1311762121 2
1311762181 2
1311762241 2
1311762301 2
1311762361 2
1311762421 2
1311762481 2
1311762541 2
1311762601 2
1311762661 2
1311762721 2
1311762781 2
1311762841 2
1311762901 2
1311762961 2
1311763022 2
1311763081 2
1311763141 1
1311763201 1
1311763261 1
1311763321 1
1311763381 1
1311763441 1
1311763501 1
1311763561 1
1311763621 1
1311763681 1
1311763741 1
1311763801 2
1311763861 2
1311763921 2
1311763981 2
1311764041 2
1311764101 2
1311764161 2
1311764221 2
1311764281 2
1311764341 2
1311764401 2
1311764461 2
1311764521 2
1311764581 2
1311764641 2
1311764701 2
1311764761 2
1311764821 2
1311764881 2
1311764941 2
1311765001 2
1311765061 2
1311765121 2
1311765182 2
1311765241 2
1311765301 2
1311765361 2
1311765421 2
1311765481 2
1311765541 2
1311765601 2
1311765661 2
1311765721 2
1311765781 2
1311765841 2
1311765901 2
1311765961 2
1311766021 1
1311766081 2
1311766141 2
1311766201 2
1311766261 2
1311766321 2
1311766381 2
1311766441 2
1311766501 2
1311766561 2
1311766621 2
1311766681 2
1311766741 2
1311766801 2
1311766861 2
1311766921 2
1311766981 2
1311767041 2
1311767101 2
1311767161 2
1311767221 2
1311767281 2
1311767341 2
1311767401 2
1311767461 2
1311767521 2
1311767581 2
1311767641 2
1311767701 2
1311767761 2
1311767821 2
1311767881 2
1311767941 2
1311768001 2
1311768061 2
1311768121 2
1311768181 2
1311768241 2
1311768301 2
1311768361 2
1311768421 2
1311768481 2
1311768541 2
1311768601 2
1311768661 2
1311768721 2
1311768781 2
1311768841 2
1311768901 2
1311768962 2
1311769021 2
1311769081 2
1311769141 2
1311769201 2
1311769261 2
1311769321 2
1311769381 2
1311769441 2
1311769501 3
1311769561 3
1311769621 3
1311769681 3
1311769741 3
1311769802 3
1311769861 3
1311769921 3
1311769981 3
1311770041 3
1311770101 3
1311770161 3
1311770221 3
1311770281 3
1311770341 3
1311770401 3
1311770461 3
1311770521 3
1311770581 3
1311770641 3
1311770701 3
1311770761 3
1311770821 3
1311770881 4
1311770941 4
1311771001 4
1311771061 3
1311771121 3
1311771181 3
1311771241 3
1311771301 3
1311771361 2
1311771421 2
1311771481 2
1311771541 2
1311771601 2
1311771661 2
1311771721 2
1311771781 3
1311771841 3
1311771901 3
1311771961 3
1311772021 3
1311772081 4
1311772141 4
1311772201 4
1311772261 5
1311772321 5
1311772381 5
1311772441 5
1311772501 5
1311772561 5
1311772621 5
1311772681 5
1311772741 5
1311772801 5
1311772861 5
1311772922 5
1311772981 5
1311773041 5
1311773101 5
1311773161 5
1311773221 5
1311773281 5
1311773341 5
1311773401 5
1311773461 3
1311773521 3
1311773581 3
1311773641 3
1311773701 3
1311773761 4
1311773821 4
1311773881 4
1311773941 4
1311774001 4
1311774061 4
1311774121 4
1311774181 4
1311774241 4
1311774301 4
1311774361 4
1311774421 4
1311774481 4
1311774541 4
1311774601 4
1311774662 4
1311774721 4
1311774781 4
1311774841 4
1311774901 5
1311774961 5
1311775021 5
1311775081 5
1311775141 5
1311775201 5
1311775261 5
1311775321 5
1311775381 5
1311775441 5
1311775501 2
1311775561 3
1311775621 3
1311775681 3
1311775741 3
1311775801 3
1311775861 3
1311775921 3
1311775981 3
1311776041 3
1311776101 3
1311776161 3
1311776221 3
1311776281 3
1311776341 3
1311776401 3
1311776461 3
1311776521 3
1311776581 3
1311776641 2
1311776701 2
1311776761 2
1311776821 2
1311776881 2
1311776941 2
1311777001 2
1311777061 2
1311777121 2
1311777181 2
1311777241 2
1311777301 2
1311777361 2
1311777421 2
1311777481 2
1311777541 2
1311777601 2
1311777661 2
1311777721 2
1311777781 2
1311777841 2
1311777901 2
1311777961 2
1311778021 2
1311778081 2
1311778141 2
1311778201 2
1311778261 2
1311778321 2
1311778381 2
1311778441 2
1311778501 2
1311778561 2
1311778621 2
1311778681 2
1311778741 2
1311778801 2
1311778861 2
1311778921 2
1311778981 2
1311779041 2
1311779101 2
1311779161 2
1311779221 2
1311779281 2
1311779341 2
1311779401 2
1311779461 2
1311779521 2
1311779581 2
1311779641 2
1311779701 2
1311779761 2
1311779821 2
1311779881 2
1311779941 2
1311780001 1
1311780061 1
1311780121 1
1311780181 1
1311780241 1
1311780301 2
1311780361 2
1311780421 2
1311780481 2
1311780541 2
1311780601 2
1311780661 2
1311780721 2
1311780781 2
1311780841 2
1311780901 2
1311780961 2
1311781021 2
1311781081 3
1311781141 3
1311781201 3
1311781261 3
1311781321 3
1311781381 3
1311781441 3
1311781501 4
1311781561 4
1311781621 4
1311781681 4
1311781741 4
1311781801 4
1311781861 4
1311781921 4
1311781981 4
1311782041 4
1311782101 4
1311782161 4
1311782221 4
1311782281 4
1311782341 4
1311782401 4
