1318003261 174
1318003321 171
1318003381 163
1318003441 166
1318003501 165
1318003561 171
1318003621 163
1318003681 159
1318003741 156
1318003801 160
1318003861 156
1318003921 154
1318003981 149
1318004042 151
1318004101 155
1318004161 158
1318004221 157
1318004281 158
1318004341 158
1318004401 153
1318004461 150
1318004521 155
1318004581 150
1318004641 148
1318004701 154
1318004761 157
1318004821 155
1318004881 158
1318004941 160
1318005001 156
1318005061 162
1318005121 163
1318005181 165
1318005241 161
1318005301 159
1318005361 160
1318005421 166
1318005481 164
1318005541 164
1318005601 160
1318005661 163
1318005721 153
1318005781 148
1318005841 151
1318005901 154
1318005961 145
1318006021 145
1318006081 148
1318006142 141
1318006201 144
1318006261 145
1318006321 143
1318006381 141
1318006441 144
1318006501 146
1318006561 146
1318006621 146
1318006681 149
1318006741 142
1318006801 137
1318006861 133
1318006921 135
1318006981 131
1318007041 132
1318007101 130
1318007161 131
1318007221 129
1318007281 125
1318007341 125
1318007401 127
1318007461 127
1318007521 126
1318007581 130
1318007641 131
1318007701 124
1318007761 123
1318007821 123
1318007881 125
1318007942 121
1318008001 124
1318008061 122
1318008121 121
1318008181 127
1318008241 127
1318008301 129
1318008361 112
1318008421 112
1318008481 114
1318008541 111
1318008601 116
1318008661 115
1318008721 116
1318008781 118
1318008842 114
1318008901 113
1318008961 111
1318009021 116
1318009081 118
1318009141 118
1318009201 109
1318009261 106
1318009321 107
1318009381 108
1318009441 107
1318009501 110
1318009561 110
1318009621 111
1318009681 112
1318009741 113
1318009801 112
1318009861 113
1318009921 111
1318009981 113
1318010041 112
1318010101 106
1318010161 109
1318010221 111
1318010281 103
1318010341 103
1318010401 102
1318010461 103
1318010521 99
1318010581 100
1318010641 101
1318010701 103
1318010761 100
1318010821 104
1318010881 100
1318010941 102
1318011001 102
1318011061 102
1318011121 106
1318011181 107
1318011241 99
1318011301 97
1318011361 97
1318011421 100
1318011482 92
1318011541 93
1318011601 94
1318011661 84
1318011721 90
1318011781 91
1318011841 86
1318011901 87
1318011961 85
1318012021 89
1318012081 85
1318012141 86
1318012201 87
1318012261 88
1318012321 91
1318012381 92
1318012441 84
1318012501 83
1318012561 85
1318012621 88
1318012681 84
1318012741 85
1318012801 84
1318012861 85
1318012921 82
1318012981 84
1318013041 85
1318013101 86
1318013161 81
1318013221 82
1318013281 79
1318013341 80
1318013401 81
1318013461 83
1318013521 77
1318013581 81
1318013641 81
1318013701 82
1318013761 85
1318013821 87
1318013881 88
1318013941 89
1318014001 89
1318014061 78
1318014121 80
1318014181 79
1318014242 79
1318014301 77
1318014361 78
1318014421 76
1318014481 79
1318014541 79
1318014601 76
1318014661 78
1318014721 81
1318014781 81
1318014841 74
1318014901 75
1318014961 77
1318015021 75
1318015081 77
1318015141 78
1318015201 80
1318015261 71
1318015321 73
1318015381 75
1318015441 75
1318015501 71
1318015561 72
1318015621 73
1318015681 74
1318015741 72
1318015801 74
1318015861 76
1318015921 78
1318015981 80
1318016041 80
1318016101 69
1318016161 72
1318016221 74
1318016281 68
1318016341 69
1318016401 69
1318016461 71
1318016521 73
1318016581 73
1318016641 74
1318016701 67
1318016761 68
1318016821 70
1318016881 71
1318016941 72
1318017001 73
1318017061 74
1318017121 68
1318017181 70
1318017241 71
1318017302 71
1318017361 72
1318017421 73
1318017481 75
1318017541 75
1318017601 76
1318017661 66
1318017722 67
1318017782 69
1318017842 69
1318017901 69
1318017961 71
1318018021 67
1318018081 69
1318018141 69
1318018201 69
1318018261 70
1318018321 65
1318018381 67
1318018441 68
1318018501 67
1318018561 69
1318018621 72
1318018681 74
1318018741 74
1318018801 75
1318018861 76
1318018921 77
1318018982 78
1318019041 79
1318019103 79
1318019161 80
1318019221 80
1318019281 81
1318019341 64
1318019402 64
1318019461 66
1318019523 68
1318019581 70
1318019641 67
1318019701 67
1318019761 68
1318019821 69
1318019881 70
1318019941 70
1318020001 70
1318020061 66
1318020121 68
1318020182 69
1318020241 70
1318020301 71
1318020361 74
1318020421 75
1318020481 77
1318020541 62
1318020601 62
1318020661 63
1318020721 63
1318020781 64
1318020841 65
1318020901 65
1318020961 67
1318021021 69
1318021081 61
1318021141 62
1318021201 62
1318021261 60
1318021321 61
1318021381 62
1318021441 63
1318021501 63
1318021561 65
1318021621 67
1318021681 68
1318021741 69
1318021801 69
1318021795 69
1318021801 69
1318021861 60
1318021921 61
1318021981 62
1318022041 62
1318022101 62
1318022161 64
1318022221 66
1318022281 60
1318022341 61
1318022401 61
1318022461 63
1318022521 64
1318022581 60
1318022641 61
1318022701 61
1318022761 63
1318022821 64
1318022881 59
1318022941 61
1318023001 61
1318023061 64
1318023121 66
1318023181 66
1318023241 68
1318023301 59
1318023361 60
1318023421 61
1318023481 64
1318023541 66
1318023601 66
1318023661 67
1318023721 68
1318023781 69
1318023841 70
1318023901 70
1318023961 72
1318024021 73
1318024082 75
1318024141 76
1318024201 76
1318024261 76
1318024321 76
1318024381 61
1318024441 62
1318024501 62
1318024561 64
1318024621 64
1318024681 61
1318024741 64
1318024801 64
1318024861 66
1318024921 67
1318024981 68
1318025041 70
1318025101 70
1318025161 71
1318025221 73
1318025281 75
1318025341 76
1318025401 76
1318025461 76
1318025521 60
1318025581 62
1318025641 62
1318025701 61
1318025761 63
1318025821 64
1318025881 66
1318025941 67
1318026001 67
1318026061 68
1318026121 69
1318026181 71
1318026241 65
1318026301 65
1318026361 66
1318026421 68
1318026481 63
1318026541 64
1318026601 64
1318026661 65
1318026721 66
1318026781 69
1318026841 66
1318026901 66
1318026961 67
1318027021 68
1318027081 62
1318027141 65
1318027201 65
1318027261 66
1318027321 68
1318027381 70
1318027441 71
1318027501 71
1318027561 63
1318027621 64
1318027681 65
1318027741 66
1318027801 67
1318027861 68
1318027921 69
1318027981 71
1318028041 65
1318028101 65
1318028161 67
1318028221 69
1318028281 62
1318028341 63
1318028401 63
1318028461 64
1318028521 64
1318028581 63
1318028641 64
1318028701 63
1318028761 63
1318028821 65
1318028881 67
1318028941 66
1318029001 66
1318029061 68
1318029121 63
1318029182 65
1318029241 66
1318029301 60
1318029361 63
1318029422 65
1318029481 66
1318029541 66
1318029601 66
1318029661 64
1318029721 66
1318029781 69
1318029841 68
1318029901 68
1318029961 65
1318030021 66
1318030081 66
1318030141 68
1318030201 68
1318030261 68
1318030321 70
1318030381 73
1318030441 73
1318030501 74
1318030561 63
1318030621 65
1318030681 68
1318030741 68
1318030801 69
1318030861 69
1318030921 65
1318030981 67
1318031041 67
1318031101 65
1318031161 66
1318031221 67
1318031282 66
1318031341 66
1318031401 66
1318031461 66
1318031521 67
1318031581 69
1318031641 65
1318031701 67
1318031761 67
1318031821 67
1318031881 70
1318031941 68
1318032001 69
1318032061 70
1318032121 73
1318032182 70
1318032241 71
1318032301 72
1318032361 73
1318032421 75
1318032481 76
1318032541 67
1318032601 67
1318032661 68
1318032721 70
1318032781 66
1318032841 68
1318032901 69
1318032961 66
1318033021 70
1318033081 69
1318033141 71
1318033201 68
1318033261 69
1318033321 72
1318033381 73
1318033441 75
1318033501 77
1318033561 72
1318033621 76
1318033681 75
1318033741 78
1318033801 80
1318033861 82
1318033921 84
1318033981 73
1318034041 71
1318034101 73
1318034161 75
1318034221 75
1318034281 81
1318034341 80
1318034401 81
1318034461 77
1318034521 77
1318034581 81
1318034641 78
1318034701 79
1318034761 81
1318034821 82
1318034881 81
1318034941 83
1318035001 81
1318035061 84
1318035121 85
1318035181 91
1318035241 89
1318035301 92
1318035361 89
1318035421 91
1318035481 95
1318035541 90
1318035601 88
1318035661 91
1318035722 93
1318035782 84
1318035841 84
1318035901 86
1318035961 87
1318036021 92
1318036081 94
1318036141 96
1318036201 90
1318036261 90
1318036321 95
1318036381 97
1318036441 94
1318036501 93
1318036561 97
1318036621 100
1318036681 101
1318036741 95
1318036801 98
1318036861 101
1318036921 105
1318036981 107
1318037041 105
1318037101 107
1318037161 108
1318037221 112
1318037281 115
1318037341 104
1318037401 105
1318037461 97
1318037521 102
1318037581 104
1318037641 106
1318037701 105
1318037761 107
1318037821 112
1318037881 114
1318037941 109
1318038001 109
1318038061 109
1318038121 114
1318038181 114
1318038241 116
1318038301 113
1318038361 115
1318038421 118
1318038481 119
1318038541 115
1318038601 113
1318038661 115
1318038722 120
1318038781 126
1318038841 125
1318038901 120
1318038961 121
1318039021 123
1318039081 123
1318039141 122
1318039201 119
1318039261 121
1318039321 117
1318039381 121
1318039441 116
1318039501 115
1318039561 117
1318039621 118
1318039681 122
1318039741 123
1318039801 121
1318039862 123
1318039921 126
1318039981 131
1318040041 131
1318040101 124
1318040161 130
1318040222 127
1318040281 126
1318040341 128
1318040401 122
1318040461 127
1318040521 122
1318040581 131
1318040641 126
1318040701 125
1318040761 124
1318040821 128
1318040881 131
1318040941 123
1318041001 124
1318041061 125
1318041121 126
1318041182 132
1318041241 128
1318041301 128
1318041361 129
1318041421 131
1318041481 137
1318041541 134
1318041601 131
1318041661 136
1318041721 138
1318041781 144
1318041841 142
1318041901 142
1318041961 142
1318042021 146
1318042081 147
1318042141 147
1318042201 143
1318042261 145
1318042321 144
1318042381 148
1318042441 144
1318042501 149
1318042561 153
1318042621 159
1318042681 163
1318042741 162
1318042801 159
1318042861 162
1318042921 155
1318042981 157
1318043041 149
1318043101 147
1318043161 151
1318043221 150
1318043281 151
1318043341 148
1318043401 148
1318043461 150
1318043521 145
1318043581 152
1318043641 150
1318043701 154
1318043761 150
1318043821 152
1318043881 155
1318043941 157
1318044001 156
1318044061 159
1318044121 157
1318044181 155
1318044241 154
1318044301 152
1318044361 154
1318044421 156
1318044481 156
1318044541 155
1318044601 151
1318044661 153
1318044721 153
1318044781 156
1318044841 150
1318044901 155
1318044961 156
1318045021 156
1318045081 156
1318045141 161
1318045201 161
1318045261 164
1318045321 162
1318045381 165
1318045441 159
1318045501 154
1318045561 156
1318045621 151
1318045681 155
1318045741 153
1318045801 154
1318045861 158
1318045921 160
1318045981 160
1318046041 156
1318046101 160
1318046161 165
1318046221 158
1318046281 161
1318046341 166
1318046401 161
1318046461 162
1318046521 161
1318046581 162
1318046641 163
1318046701 154
1318046761 154
1318046821 158
1318046881 164
1318046941 155
1318047001 152
1318047061 154
1318047121 160
1318047181 166
1318047241 169
1318047301 145
1318047361 145
1318047421 152
1318047482 157
1318047541 152
1318047601 148
1318047661 145
1318047721 148
1318047781 145
1318047841 142
1318047901 146
1318047961 144
1318048021 148
1318048081 147
1318048141 141
1318048201 139
1318048261 141
1318048321 145
1318048381 142
1318048441 142
1318048501 139
1318048561 138
1318048621 143
1318048681 143
1318048741 133
1318048801 133
1318048861 135
1318048921 138
1318048982 139
1318049041 136
1318049101 136
1318049161 139
1318049221 143
1318049281 148
1318049341 143
1318049401 145
1318049461 146
1318049521 144
1318049581 149
1318049641 148
1318049701 146
1318049761 143
1318049821 141
1318049881 147
1318049941 138
1318050001 142
1318050061 139
1318050121 137
1318050181 137
1318050241 141
1318050301 134
1318050361 137
1318050421 134
1318050481 139
1318050541 132
1318050601 134
1318050661 140
1318050721 138
1318050781 142
1318050841 143
1318050901 145
1318050961 146
1318051021 153
1318051081 160
1318051141 157
1318051201 160
1318051261 167
1318051321 167
1318051381 165
1318051441 168
1318051501 173
1318051561 175
1318051621 170
1318051681 175
1318051741 170
1318051801 177
1318051861 182
1318051921 182
1318051981 182
1318052041 180
1318052101 182
1318052161 182
1318052221 175
1318052281 181
1318052341 181
1318052401 186
1318052461 178
1318052521 182
1318052581 185
1318052641 178
1318052701 175
1318052761 170
1318052821 177
1318052881 172
1318052941 174
1318053001 178
1318053061 175
1318053121 177
1318053182 168
1318053241 168
1318053301 164
1318053361 162
1318053421 165
1318053481 165
1318053541 166
1318053601 165
1318053661 166
1318053721 172
1318053781 169
1318053841 169
1318053901 170
1318053961 167
1318054021 168
1318054081 167
1318054141 172
1318054201 171
1318054261 170
1318054321 172
1318054381 172
1318054441 172
1318054501 169
1318054561 175
1318054622 175
1318054682 174
1318054741 173
1318054801 174
1318054861 178
1318054921 178
1318054981 175
1318055041 174
1318055101 180
1318055161 184
1318055221 186
1318055281 191
1318055341 187
1318055401 190
1318055461 195
1318055521 193
1318055581 197
1318055641 194
1318055701 197
1318055761 200
1318055821 200
1318055881 202
1318055941 203
1318056002 194
1318056061 202
1318056121 197
1318056181 195
1318056241 188
1318056301 179
1318056361 185
1318056421 185
1318056481 187
1318056541 190
1318056601 186
1318056661 194
1318056721 196
1318056781 191
1318056841 186
1318056901 181
1318056961 183
1318057021 182
1318057081 177
1318057141 178
1318057201 177
1318057261 186
1318057321 192
1318057381 175
1318057441 175
1318057501 171
1318057561 190
1318057621 187
1318057682 185
1318057741 188
1318057802 191
1318057862 192
1318057921 182
1318057981 177
1318058041 179
1318058101 180
1318058161 188
1318058221 189
1318058281 189
1318058341 194
1318058401 183
1318058461 181
1318058521 187
1318058581 183
1318058641 180
1318058701 178
1318058761 186
1318058821 186
1318058881 188
1318058941 190
1318059002 177
1318059061 177
1318059121 179
1318059181 182
1318059241 182
1318059301 182
1318059361 190
1318059421 194
1318059481 188
1318059541 188
1318059601 186
1318059661 190
1318059721 192
1318059781 190
1318059841 195
1318059901 195
1318059961 188
1318060021 185
1318060081 189
1318060141 192
1318060201 180
1318060261 184
1318060321 186
1318060381 187
1318060441 185
1318060501 185
1318060561 191
1318060621 183
1318060681 184
1318060741 186
1318060801 183
1318060861 184
1318060921 182
1318060981 179
1318061041 182
1318061101 183
1318061161 185
1318061221 189
1318061281 184
1318061341 184
1318061401 186
1318061461 178
1318061521 179
1318061581 182
1318061641 184
1318061701 177
1318061761 182
1318061821 177
1318061881 182
1318061942 183
1318062001 179
1318062062 186
1318062121 177
1318062181 182
1318062241 181
1318062301 178
1318062361 180
1318062421 174
1318062481 181
1318062541 181
1318062601 173
1318062661 173
1318062721 176
1318062781 177
1318062841 181
1318062901 178
1318062961 181
1318063021 179
1318063081 183
1318063141 182
1318063201 185
1318063261 178
1318063321 174
1318063381 170
1318063441 173
1318063501 165
1318063561 174
1318063621 179
1318063681 178
1318063741 177
1318063801 177
1318063861 176
1318063921 174
1318063981 176
1318064041 180
1318064101 166
1318064161 169
1318064221 168
1318064281 172
1318064341 175
1318064401 170
1318064461 171
1318064521 166
1318064581 173
1318064641 166
1318064701 169
1318064761 169
1318064821 168
1318064881 163
1318064941 167
1318065001 164
1318065061 164
1318065122 157
1318065182 161
1318065241 168
1318065301 165
1318065361 171
1318065421 165
1318065481 168
1318065541 164
1318065601 162
1318065661 156
1318065721 153
1318065781 154
1318065841 158
1318065901 155
1318065961 152
1318066021 154
1318066081 155
1318066141 154
1318066201 151
1318066261 148
1318066321 148
1318066381 144
1318066441 153
1318066501 148
1318066561 151
1318066621 151
1318066681 146
1318066741 151
1318066801 152
1318066861 158
1318066921 148
1318066981 149
1318067041 154
1318067102 153
1318067161 149
1318067221 150
1318067281 144
1318067341 150
1318067401 146
1318067461 153
1318067521 150
1318067581 144
1318067641 153
1318067701 150
1318067761 149
1318067821 151
1318067881 144
1318067941 157
1318068001 151
1318068061 156
1318068121 149
1318068181 148
1318068241 154
1318068301 147
1318068361 147
1318068421 148
1318068481 141
1318068541 149
1318068601 148
1318068661 150
1318068721 152
1318068781 145
1318068841 152
1318068901 150
1318068962 155
1318069022 148
1318069082 146
1318069141 151
1318069201 155
1318069261 160
1318069321 163
1318069381 139
1318069441 145
1318069501 146
1318069561 147
1318069621 146
1318069681 144
1318069741 151
1318069801 153
1318069861 149
1318069921 148
1318069981 145
1318070041 148
1318070101 147
1318070161 146
1318070221 146
1318070281 146
1318070341 148
1318070401 150
1318070461 145
1318070521 148
1318070581 140
1318070641 147
1318070701 144
1318070761 149
1318070821 145
1318070881 146
1318070941 143
1318071001 144
1318071061 140
1318071121 142
1318071181 144
1318071241 143
1318071301 143
1318071361 148
1318071421 144
1318071481 145
1318071541 146
1318071602 145
1318071661 146
1318071721 151
1318071781 146
1318071841 152
1318071901 146
1318071961 148
1318072021 143
1318072081 138
1318072141 143
1318072201 138
1318072261 142
1318072321 139
1318072381 138
1318072441 143
1318072501 140
1318072561 142
1318072621 143
1318072681 140
1318072741 142
1318072801 139
1318072861 142
1318072921 145
1318072981 146
1318073041 141
1318073101 138
1318073161 141
1318073221 141
1318073281 142
1318073341 147
1318073401 142
1318073461 147
1318073521 148
1318073581 147
1318073641 153
1318073701 148
1318073761 150
1318073821 154
1318073881 147
1318073941 152
1318074001 154
1318074061 149
1318074121 153
1318074181 149
1318074241 152
1318074301 146
1318074361 147
1318074421 143
1318074481 141
1318074541 146
1318074601 148
1318074661 143
1318074721 141
1318074781 143
1318074841 149
1318074902 146
1318074961 146
1318075021 146
1318075081 148
1318075141 149
1318075201 149
1318075261 152
1318075321 152
1318075381 154
1318075441 158
1318075501 154
1318075561 159
1318075621 163
1318075681 159
1318075741 160
1318075801 162
1318075861 162
1318075921 164
1318075981 162
1318076041 164
1318076101 166
1318076161 169
1318076221 167
1318076281 164
1318076341 171
1318076401 177
1318076461 176
1318076522 173
1318076581 176
1318076641 173
1318076701 179
1318076761 174
1318076821 176
1318076881 174
1318076941 179
1318077001 175
1318077061 172
1318077121 172
1318077181 170
1318077241 173
1318077301 177
1318077361 176
1318077421 178
1318077481 176
1318077541 176
1318077601 182
1318077661 174
1318077721 173
1318077781 166
1318077841 174
1318077901 176
1318077961 177
1318078021 176
1318078081 175
1318078141 181
1318078201 181
1318078261 179
1318078321 181
1318078381 172
1318078441 175
1318078502 175
1318078561 170
1318078621 169
1318078681 163
1318078741 167
1318078801 167
1318078861 166
1318078921 167
1318078981 163
1318079041 164
1318079101 167
1318079161 168
1318079221 167
1318079282 165
1318079341 168
1318079401 173
1318079461 160
1318079521 167
1318079581 159
1318079641 164
1318079701 169
1318079761 168
1318079821 173
1318079881 167
1318079941 170
1318080001 168
1318080061 169
1318080121 175
1318080181 165
1318080241 171
1318080301 172
1318080361 176
1318080421 181
1318080481 171
1318080541 181
1318080602 182
1318080661 181
1318080721 191
1318080781 182
1318080841 187
1318080901 190
1318080961 183
1318081021 189
1318081081 186
1318081141 192
1318081201 191
1318081261 194
1318081321 193
1318081381 195
1318081441 192
1318081501 187
1318081561 189
1318081621 188
1318081681 184
1318081741 189
1318081801 183
1318081861 181
1318081921 189
1318081981 187
1318082041 193
1318082101 191
1318082161 189
1318082221 197
1318082281 182
1318082341 190
1318082401 188
1318082461 193
1318082521 196
1318082581 199
1318082641 195
1318082701 186
1318082761 189
1318082821 189
1318082881 190
1318082941 188
1318083001 185
1318083061 184
1318083121 192
1318083181 184
1318083241 188
1318083301 185
1318083361 189
1318083421 197
1318083481 186
1318083541 189
1318083601 184
1318083661 187
1318083721 189
1318083781 185
1318083841 191
1318083902 187
1318083961 182
1318084021 190
1318084081 188
1318084141 196
1318084201 190
1318084261 193
1318084321 197
1318084381 192
1318084441 194
1318084501 188
1318084561 191
1318084621 198
1318084681 192
1318084741 199
1318084801 196
1318084861 196
1318084921 195
1318084981 197
1318085041 187
1318085101 189
1318085161 193
1318085221 189
1318085281 185
1318085341 181
1318085401 177
1318085461 181
1318085521 184
1318085581 176
1318085641 183
1318085701 180
1318085761 180
1318085821 181
1318085881 178
1318085941 181
1318086002 178
1318086061 183
1318086121 182
1318086181 178
1318086241 190
1318086301 189
1318086361 190
1318086421 197
1318086481 187
1318086541 196
1318086601 185
1318086661 186
1318086721 189
1318086781 182
1318086841 185
1318086901 178
1318086961 184
1318087021 190
1318087081 185
1318087141 182
1318087201 178
1318087261 182
1318087322 186
1318087381 181
1318087441 184
1318087501 178
1318087561 184
1318087621 191
1318087681 185
1318087741 189
1318087801 193
1318087861 197
1318087921 188
1318087981 181
1318088041 178
1318088101 178
1318088161 172
1318088221 175
1318088281 174
1318088342 177
1318088401 172
1318088461 170
1318088521 170
1318088581 168
1318088641 167
1318088701 168
1318088761 165
1318088821 168
1318088881 165
1318088941 174
1318089001 173
1318089061 175
1318089121 179
1318089181 175
1318089241 176
1318089301 179
1318089361 164
1318089421 170
1318089481 163
1318089541 175
1318089601 179
