1313683261 1
1313683321 1
1313683381 1
1313683441 1
1313683501 1
1313683561 1
1313683621 1
1313683681 1
1313683741 1
1313683801 1
1313683861 1
1313683921 1
1313683981 1
1313684041 1
1313684101 1
1313684161 1
1313684221 1
1313684281 1
1313684341 1
1313684401 1
1313684461 1
1313684521 1
1313684581 1
1313684641 1
1313684701 1
1313684761 1
1313684821 1
1313684881 1
1313684941 1
1313685001 1
1313685061 1
1313685121 1
1313685181 1
1313685241 1
1313685301 1
1313685361 1
1313685421 1
1313685481 1
1313685541 1
1313685601 1
1313685661 0
1313685721 0
1313685781 0
1313685841 0
1313685901 1
1313685961 1
1313686021 1
1313686081 1
1313686141 1
1313686201 1
1313686261 1
1313686321 1
1313686381 1
1313686441 1
1313686502 1
1313686561 1
1313686622 1
1313686681 1
1313686741 1
1313686801 1
1313686861 1
1313686921 1
1313686981 1
1313687041 1
1313687101 1
1313687161 1
1313687221 1
1313687281 1
1313687341 1
1313687401 1
1313687461 1
1313687521 1
1313687581 1
1313687641 1
1313687701 1
1313687761 1
1313687821 1
1313687881 1
1313687941 1
1313688001 1
1313688061 1
1313688121 1
1313688181 1
1313688241 1
1313688301 1
1313688361 1
1313688421 1
1313688481 1
1313688541 1
1313688601 1
1313688661 1
1313688721 1
1313688781 1
1313688841 1
1313688901 1
1313688961 1
1313689021 1
1313689081 1
1313689141 1
1313689201 1
1313689261 1
1313689321 1
1313689381 1
1313689441 1
1313689501 1
1313689561 1
1313689621 1
1313689681 1
1313689741 1
1313689801 1
1313689861 1
1313689921 1
1313689981 1
1313690042 1
1313690101 1
1313690161 1
1313690221 1
1313690281 1
1313690341 1
1313690401 1
1313690461 1
1313690521 1
1313690581 1
1313690641 1
1313690701 1
1313690761 1
1313690821 1
1313690881 1
1313690941 1
1313691001 1
1313691061 1
1313691121 1
1313691181 1
1313691241 1
1313691301 1
1313691361 1
1313691421 1
1313691481 1
1313691541 1
1313691601 1
1313691661 1
1313691721 1
1313691781 1
1313691841 1
1313691901 1
1313691961 1
1313692021 1
1313692081 1
1313692141 1
1313692201 1
1313692261 1
1313692321 1
1313692381 1
1313692441 1
1313692501 1
1313692561 1
1313692621 1
1313692681 1
1313692741 1
1313692801 1
1313692861 1
1313692921 1
1313692981 1
1313693041 1
1313693101 1
1313693161 1
1313693221 1
1313693281 1
1313693341 1
1313693401 1
1313693461 1
1313693521 1
1313693582 1
1313693641 1
1313693701 1
1313693761 1
1313693821 1
1313693881 1
1313693941 1
1313694001 1
1313694061 1
1313694121 1
1313694181 1
1313694241 1
1313694301 1
1313694361 1
1313694421 1
1313694481 1
1313694541 1
1313694601 1
1313694661 1
1313694721 1
1313694781 1
1313694841 1
1313694901 1
1313694961 1
1313695021 1
1313695081 1
1313695141 1
1313695201 1
1313695261 1
1313695321 1
1313695381 1
1313695441 1
1313695501 1
1313695561 1
1313695621 1
1313695681 1
1313695741 1
1313695801 1
1313695861 1
1313695921 1
1313695981 1
1313696041 1
1313696101 1
1313696161 1
1313696221 1
1313696281 1
1313696341 1
1313696401 1
1313696461 1
1313696521 1
1313696581 1
1313696641 1
1313696701 1
1313696761 1
1313696821 1
1313696881 1
1313696941 1
1313697001 1
1313697061 1
1313697121 1
1313697181 1
1313697241 1
1313697301 1
1313697361 1
1313697421 1
1313697481 1
1313697542 1
1313697601 1
1313697661 1
1313697721 1
1313697781 1
1313697841 1
1313697901 1
1313697961 1
1313698022 1
1313698081 1
1313698141 1
1313698201 1
1313698261 1
1313698321 1
1313698382 1
1313698441 1
1313698501 1
1313698561 1
1313698621 1
1313698681 1
1313698741 1
1313698801 1
1313698861 1
1313698921 1
1313698981 1
1313699041 1
1313699101 1
1313699161 1
1313699221 1
1313699281 1
1313699341 1
1313699401 1
1313699461 1
1313699521 1
1313699581 1
1313699641 1
1313699701 1
1313699761 1
1313699821 1
1313699881 1
1313699941 1
1313700001 1
1313700061 1
1313700121 1
1313700181 1
1313700241 1
1313700301 1
1313700361 1
1313700421 1
1313700481 1
1313700541 1
1313700602 1
1313700661 1
1313700721 1
1313700781 1
1313700841 1
1313700901 1
1313700961 1
1313701021 1
1313701081 1
1313701141 1
1313701201 1
1313701261 1
1313701321 1
1313701381 1
1313701441 1
1313701501 1
1313701561 1
1313701621 1
1313701681 1
1313701741 1
1313701801 1
1313701794 1
1313701802 1
1313701861 1
1313701921 1
1313701981 1
1313702041 1
1313702101 1
1313702161 1
1313702221 1
1313702281 1
1313702341 1
1313702401 1
1313702461 1
1313702521 1
1313702581 1
1313702641 1
1313702701 1
1313702761 1
1313702821 1
1313702881 1
1313702941 1
1313703001 1
1313703061 1
1313703121 1
1313703181 1
1313703241 1
1313703301 1
1313703361 1
1313703421 1
1313703481 1
1313703541 1
1313703601 1
1313703661 1
1313703721 1
1313703781 1
1313703841 1
1313703901 1
1313703961 1
1313704021 1
1313704081 1
1313704141 1
1313704201 1
1313704261 1
1313704321 1
1313704381 1
1313704441 1
1313704501 1
1313704561 1
1313704621 1
1313704681 1
1313704741 1
1313704801 1
1313704861 1
1313704921 1
1313704981 1
1313705041 1
1313705101 1
1313705161 1
1313705221 1
1313705281 1
1313705341 1
1313705401 1
1313705461 1
1313705521 1
1313705581 1
1313705641 1
1313705701 1
1313705761 1
1313705821 1
1313705881 1
1313705941 1
1313706001 1
1313706062 1
1313706121 1
1313706181 1
1313706241 1
1313706301 1
1313706361 1
1313706421 1
1313706481 1
1313706541 1
1313706601 1
1313706661 1
1313706721 1
1313706781 1
1313706841 1
1313706901 1
1313706961 1
1313707021 1
1313707081 1
1313707141 1
1313707201 1
1313707261 1
1313707321 1
1313707381 1
1313707442 1
1313707501 1
1313707561 1
1313707621 1
1313707681 0
1313707741 1
1313707801 1
1313707861 1
1313707921 1
1313707981 1
1313708041 1
1313708101 1
1313708161 1
1313708221 1
1313708281 1
1313708341 1
1313708401 1
1313708461 1
1313708521 1
1313708581 1
1313708641 1
1313708701 1
1313708761 1
1313708821 1
1313708881 1
1313708941 1
1313709001 1
1313709061 1
1313709121 1
1313709181 1
1313709241 1
1313709301 1
1313709361 1
1313709421 1
1313709481 1
1313709541 1
1313709601 1
1313709661 1
1313709721 1
1313709781 1
1313709841 1
1313709901 1
1313709961 1
1313710021 1
1313710081 1
1313710141 1
1313710201 1
1313710261 1
1313710321 1
1313710381 1
1313710441 1
1313710501 1
1313710561 1
1313710621 1
1313710681 1
1313710741 1
1313710801 1
1313710861 1
1313710921 1
1313710981 1
1313711041 1
1313711101 1
1313711161 1
1313711221 1
1313711281 1
1313711341 1
1313711401 1
1313711461 1
1313711521 1
1313711581 1
1313711641 1
1313711701 1
1313711761 1
1313711821 1
1313711881 1
1313711941 1
1313712001 1
1313712061 1
1313712121 1
1313712181 1
1313712241 1
1313712301 1
1313712361 1
1313712421 1
1313712481 1
1313712541 1
1313712601 1
1313712661 1
1313712721 1
1313712781 1
1313712841 1
1313712901 1
1313712961 1
1313713021 1
1313713081 1
1313713141 1
1313713201 1
1313713261 1
1313713321 1
1313713381 1
1313713441 1
1313713502 1
1313713561 1
1313713621 1
1313713681 1
1313713741 1
1313713801 1
1313713861 1
1313713921 1
1313713981 1
1313714041 1
1313714101 1
1313714161 1
1313714221 1
1313714281 1
1313714341 1
1313714401 1
1313714461 1
1313714521 1
1313714581 1
1313714641 1
1313714701 1
1313714761 1
1313714821 1
1313714881 1
1313714941 1
1313715001 1
1313715061 1
1313715121 1
1313715181 1
1313715241 1
1313715301 1
1313715361 1
1313715421 1
1313715481 1
1313715541 1
1313715601 1
1313715661 1
1313715721 1
1313715782 1
1313715841 1
1313715901 1
1313715961 1
1313716021 1
1313716081 1
1313716141 1
1313716201 1
1313716261 1
1313716321 1
1313716381 1
1313716441 1
1313716501 1
1313716561 1
1313716621 1
1313716681 1
1313716741 1
1313716801 1
1313716861 0
1313716921 1
1313716981 1
1313717041 1
1313717101 1
1313717161 1
1313717222 1
1313717281 1
1313717341 1
1313717401 1
1313717461 1
1313717521 1
1313717581 1
1313717641 1
1313717701 1
1313717761 1
1313717821 1
1313717881 1
1313717941 1
1313718001 1
1313718061 1
1313718121 2
1313718181 2
1313718241 2
1313718301 2
1313718361 2
1313718421 2
1313718481 2
1313718541 2
1313718601 2
1313718661 2
1313718721 2
1313718781 2
1313718841 2
1313718901 2
1313718961 2
1313719021 2
1313719081 1
1313719141 1
1313719201 1
1313719261 1
1313719321 1
1313719381 1
1313719441 1
1313719501 1
1313719561 1
1313719621 1
1313719681 1
1313719741 1
1313719801 1
1313719861 1
1313719922 1
1313719981 1
1313720041 1
1313720101 1
1313720161 0
1313720221 0
1313720281 0
1313720341 0
1313720401 0
1313720461 0
1313720522 0
1313720581 0
1313720641 0
1313720701 0
1313720761 0
1313720821 0
1313720881 0
1313720941 0
1313721001 0
1313721061 2
1313721121 2
1313721181 2
1313721241 2
1313721302 2
1313721361 2
1313721421 2
1313721481 2
1313721541 2
1313721601 2
1313721661 2
1313721721 2
1313721781 2
1313721841 0
1313721901 1
1313721961 1
1313722021 1
1313722081 1
1313722141 1
1313722201 1
1313722261 1
1313722321 1
1313722381 1
1313722441 0
1313722501 0
1313722561 0
1313722621 0
1313722681 0
1313722741 0
1313722801 0
1313722861 0
1313722921 0
1313722981 0
1313723041 0
1313723101 0
1313723161 0
1313723221 0
1313723281 0
1313723341 0
1313723401 0
1313723461 0
1313723521 0
1313723581 0
1313723641 0
1313723701 0
1313723761 0
1313723821 0
1313723881 0
1313723941 0
1313724001 0
1313724061 0
1313724121 0
1313724181 0
1313724241 0
1313724301 0
1313724361 0
1313724421 0
1313724481 0
1313724541 0
1313724601 0
1313724661 0
1313724721 0
1313724781 0
1313724841 0
1313724901 0
1313724961 0
1313725021 0
1313725081 0
1313725141 0
1313725201 0
1313725261 0
1313725321 0
1313725381 0
1313725441 0
1313725501 0
1313725561 0
1313725621 1
1313725682 1
1313725741 1
1313725801 1
1313725861 1
1313725921 1
1313725981 1
1313726041 1
1313726101 1
1313726161 1
1313726221 1
1313726281 1
1313726341 1
1313726401 0
1313726461 0
1313726521 0
1313726581 0
1313726641 0
1313726701 0
1313726761 0
1313726821 0
1313726881 1
1313726941 1
1313727001 1
1313727061 1
1313727121 1
1313727181 1
1313727241 1
1313727301 1
1313727361 1
1313727421 1
1313727481 1
1313727541 1
1313727601 1
1313727661 1
1313727721 1
1313727781 1
1313727841 1
1313727901 1
1313727961 1
1313728021 0
1313728081 1
1313728141 1
1313728201 1
1313728261 1
1313728321 1
1313728381 1
1313728441 1
1313728501 1
1313728561 1
1313728621 1
1313728681 1
1313728741 1
1313728801 1
1313728861 1
1313728921 1
1313728981 1
1313729041 1
1313729101 2
1313729161 2
1313729221 2
1313729281 2
1313729341 2
1313729401 2
1313729461 2
1313729521 2
1313729581 2
1313729641 2
1313729701 2
1313729761 2
1313729821 2
1313729881 2
1313729941 2
1313730001 2
1313730061 2
1313730121 0
1313730181 0
1313730241 0
1313730301 0
1313730361 1
1313730421 1
1313730481 1
1313730541 1
1313730601 1
1313730661 1
1313730721 1
1313730781 1
1313730842 1
1313730901 1
1313730961 1
1313731021 1
1313731081 1
1313731141 1
1313731201 1
1313731261 1
1313731321 1
1313731381 1
1313731441 1
1313731501 1
1313731561 1
1313731621 1
1313731681 1
1313731741 1
1313731801 1
1313731861 1
1313731921 1
1313731981 1
1313732041 1
1313732101 1
1313732161 1
1313732221 1
1313732281 1
1313732341 1
1313732401 1
1313732461 1
1313732521 1
1313732581 1
1313732641 1
1313732701 1
1313732761 1
1313732821 1
1313732881 1
1313732941 1
1313733001 1
1313733061 1
1313733121 1
1313733181 1
1313733241 1
1313733301 1
1313733361 1
1313733421 1
1313733481 1
1313733541 1
1313733601 1
1313733661 1
1313733722 1
1313733781 1
1313733841 1
1313733901 1
1313733961 1
1313734021 1
1313734081 1
1313734141 1
1313734201 1
1313734261 1
1313734321 1
1313734381 1
1313734441 1
1313734501 1
1313734561 0
1313734621 0
1313734681 0
1313734741 0
1313734801 0
1313734861 0
1313734921 0
1313734981 0
1313735041 0
1313735101 0
1313735161 0
1313735221 0
1313735281 0
1313735341 0
1313735401 0
1313735461 1
1313735521 1
1313735581 1
1313735641 1
1313735701 1
1313735761 1
1313735821 1
1313735881 1
1313735941 1
1313736001 1
1313736061 2
1313736121 2
1313736181 2
1313736241 2
1313736301 3
1313736361 3
1313736421 3
1313736481 3
1313736541 3
1313736601 3
1313736661 3
1313736721 3
1313736781 3
1313736841 0
1313736901 0
1313736961 0
1313737021 0
1313737081 0
1313737141 0
1313737201 0
1313737261 0
1313737321 0
1313737381 0
1313737441 0
1313737501 1
1313737561 1
1313737621 1
1313737681 1
1313737741 1
1313737801 1
1313737861 1
1313737921 1
1313737981 1
1313738041 1
1313738101 1
1313738161 1
1313738221 1
1313738281 1
1313738341 1
1313738401 1
1313738461 1
1313738521 1
1313738581 1
1313738641 1
1313738701 1
1313738761 1
1313738821 1
1313738881 1
1313738941 1
1313739001 1
1313739061 1
1313739121 1
1313739181 2
1313739241 2
1313739301 2
1313739361 2
1313739421 2
1313739481 2
1313739541 2
1313739601 2
1313739661 2
1313739721 2
1313739781 2
1313739841 2
1313739901 1
1313739961 1
1313740021 1
1313740081 1
1313740142 1
1313740201 1
1313740261 1
1313740321 1
1313740381 1
1313740441 1
1313740501 1
1313740561 1
1313740621 1
1313740681 1
1313740741 1
1313740801 1
1313740861 1
1313740921 1
1313740981 1
1313741042 1
1313741101 2
1313741161 2
1313741221 2
1313741281 2
1313741341 2
1313741401 2
1313741461 2
1313741521 2
1313741581 2
1313741641 1
1313741701 1
1313741761 1
1313741821 1
1313741881 1
1313741941 1
1313742001 1
1313742061 0
1313742121 1
1313742181 1
1313742241 1
1313742301 1
1313742361 1
1313742421 1
1313742481 1
1313742541 1
1313742601 1
1313742661 1
1313742721 1
1313742781 1
1313742841 1
1313742901 1
1313742961 1
1313743021 1
1313743081 1
1313743141 1
1313743201 0
1313743261 0
1313743321 0
1313743381 0
1313743441 0
1313743501 0
1313743561 0
1313743621 0
1313743681 0
1313743741 0
1313743801 0
1313743862 0
1313743921 0
1313743981 0
1313744041 0
1313744101 0
1313744161 0
1313744221 0
1313744281 0
1313744341 0
1313744401 0
1313744461 0
1313744521 0
1313744581 0
1313744641 0
1313744701 0
1313744761 0
1313744821 0
1313744881 0
1313744941 0
1313745001 0
1313745061 0
1313745121 0
1313745182 0
1313745241 0
1313745301 0
1313745361 0
1313745421 0
1313745481 0
1313745541 0
1313745601 0
1313745661 0
1313745721 0
1313745781 0
1313745841 0
1313745901 0
1313745961 0
1313746021 0
1313746081 0
1313746141 0
1313746201 0
1313746261 0
1313746321 0
1313746381 0
1313746441 0
1313746501 0
1313746561 0
1313746621 0
1313746681 0
1313746741 0
1313746801 0
1313746861 0
1313746921 0
1313746982 0
1313747041 0
1313747101 0
1313747161 0
1313747221 0
1313747281 0
1313747341 0
1313747401 0
1313747461 0
1313747521 0
1313747581 0
1313747641 0
1313747701 0
1313747761 0
1313747821 0
1313747881 0
1313747941 0
1313748001 0
1313748061 0
1313748121 0
1313748181 0
1313748241 0
1313748301 0
1313748361 0
1313748421 0
1313748481 0
1313748541 0
1313748601 0
1313748661 0
1313748721 0
1313748781 0
1313748841 0
1313748901 0
1313748961 0
1313749021 0
1313749081 0
1313749141 0
1313749202 0
1313749261 0
1313749321 0
1313749381 0
1313749441 0
1313749501 0
1313749561 0
1313749621 0
1313749681 0
1313749741 0
1313749801 0
1313749861 0
1313749921 0
1313749981 0
1313750041 0
1313750101 1
1313750161 1
1313750221 1
1313750281 1
1313750341 1
1313750401 1
1313750461 1
1313750521 1
1313750581 1
1313750641 1
1313750701 1
1313750761 1
1313750821 1
1313750881 1
1313750941 1
1313751001 1
1313751061 1
1313751121 1
1313751181 1
1313751241 1
1313751301 1
1313751361 1
1313751421 1
1313751481 1
1313751541 1
1313751601 1
1313751661 1
1313751721 1
1313751781 1
1313751841 1
1313751901 1
1313751961 1
1313752021 1
1313752081 1
1313752141 1
1313752201 1
1313752261 1
1313752321 1
1313752381 1
1313752441 1
1313752501 1
1313752561 1
1313752621 1
1313752681 1
1313752742 1
1313752801 1
1313752861 1
1313752921 1
1313752981 1
1313753041 1
1313753101 1
1313753161 1
1313753221 1
1313753281 1
1313753341 1
1313753401 1
1313753461 1
1313753521 1
1313753581 1
1313753641 1
1313753701 1
1313753761 1
1313753821 1
1313753881 1
1313753941 0
1313754001 0
1313754061 0
1313754121 0
1313754181 0
1313754241 0
1313754301 0
1313754361 0
1313754421 0
1313754481 0
1313754541 0
1313754601 0
1313754661 0
1313754721 0
1313754781 0
1313754841 0
1313754901 0
1313754961 0
1313755021 0
1313755081 0
1313755141 0
1313755201 0
1313755261 0
1313755321 0
1313755381 0
1313755441 0
1313755501 0
1313755561 0
1313755621 0
1313755681 0
1313755741 1
1313755801 1
1313755861 1
1313755921 1
1313755981 1
1313756041 1
1313756101 1
1313756161 1
1313756221 1
1313756281 1
1313756341 1
1313756401 1
1313756461 1
1313756521 1
1313756581 1
1313756641 1
1313756701 1
1313756761 1
1313756821 1
1313756881 1
1313756941 0
1313757001 1
1313757061 1
1313757121 1
1313757181 1
1313757241 1
1313757301 1
1313757361 1
1313757421 1
1313757481 1
1313757541 1
1313757601 1
1313757661 0
1313757721 0
1313757781 0
1313757841 0
1313757901 0
1313757961 0
1313758021 0
1313758081 0
1313758141 0
1313758201 0
1313758261 0
1313758321 0
1313758381 0
1313758441 0
1313758501 0
1313758561 0
1313758621 0
1313758681 0
1313758741 0
1313758801 0
1313758861 0
1313758921 0
1313758981 0
1313759041 0
1313759101 1
1313759161 1
1313759221 1
1313759281 1
1313759341 1
1313759401 1
1313759461 1
1313759521 1
1313759581 1
1313759641 1
1313759701 1
1313759761 1
1313759821 1
1313759881 1
1313759941 1
1313760001 1
1313760061 1
1313760121 1
1313760181 2
1313760241 2
1313760301 2
1313760361 2
1313760421 2
1313760481 2
1313760541 2
1313760601 2
1313760661 2
1313760721 2
1313760781 2
1313760841 1
1313760901 1
1313760961 1
1313761021 1
1313761081 1
1313761141 1
1313761201 1
1313761261 1
1313761321 1
1313761381 1
1313761441 1
1313761501 1
1313761561 1
1313761621 1
1313761681 1
1313761741 1
1313761801 1
1313761861 1
1313761921 1
1313761981 1
1313762041 1
1313762101 1
1313762161 1
1313762221 1
1313762281 1
1313762341 1
1313762401 0
1313762461 0
1313762521 0
1313762581 0
1313762641 0
1313762701 0
1313762761 0
1313762821 0
1313762881 0
1313762941 0
1313763001 0
1313763061 0
1313763121 0
1313763181 0
1313763241 0
1313763301 0
1313763361 0
1313763421 0
1313763481 0
1313763541 0
1313763601 0
1313763661 0
1313763721 0
1313763781 0
1313763841 0
1313763901 0
1313763961 0
1313764021 0
1313764081 0
1313764141 0
1313764201 0
1313764261 0
1313764321 0
1313764381 0
1313764441 0
1313764502 0
1313764561 0
1313764621 0
1313764681 0
1313764741 0
1313764801 0
1313764861 1
1313764921 1
1313764981 1
1313765041 1
1313765101 1
1313765161 1
1313765221 1
1313765281 1
1313765341 1
1313765401 1
1313765461 1
1313765521 1
1313765581 1
1313765641 1
1313765701 1
1313765761 1
1313765821 1
1313765881 1
1313765941 1
1313766001 1
1313766061 1
1313766121 1
1313766181 1
1313766241 0
1313766301 0
1313766361 0
1313766421 0
1313766481 0
1313766541 0
1313766601 0
1313766661 0
1313766721 0
1313766781 0
1313766841 0
1313766901 0
1313766961 0
1313767021 0
1313767081 0
1313767141 0
1313767201 0
1313767261 0
1313767321 0
1313767381 0
1313767441 1
1313767501 1
1313767561 1
1313767621 1
1313767681 1
1313767741 2
1313767801 3
1313767861 3
1313767921 3
1313767981 3
1313768041 3
1313768101 4
1313768161 4
1313768221 4
1313768281 4
1313768341 4
1313768401 4
1313768461 4
1313768521 4
1313768581 4
1313768641 4
1313768701 4
1313768761 4
1313768821 4
1313768881 4
1313768941 4
1313769001 4
1313769061 4
1313769121 4
1313769181 4
1313769241 4
1313769301 4
1313769361 1
1313769421 1
1313769481 1
1313769541 1
1313769601 1
