1311004861 8
1311004921 8
1311004981 8
1311005041 8
1311005101 5
1311005161 6
1311005221 6
1311005281 6
1311005341 6
1311005401 7
1311005461 7
1311005521 7
1311005581 7
1311005641 7
1311005701 7
1311005761 7
1311005821 6
1311005881 6
1311005941 6
1311006001 8
1311006061 8
1311006121 8
1311006181 8
1311006241 8
1311006301 9
1311006361 6
1311006421 6
1311006481 4
1311006541 5
1311006601 5
1311006661 5
1311006721 5
1311006781 5
1311006841 5
1311006901 6
1311006961 6
1311007021 6
1311007081 6
1311007141 6
1311007201 7
1311007261 7
1311007321 7
1311007381 7
1311007441 7
1311007501 7
1311007561 7
1311007621 7
1311007681 7
1311007741 7
1311007801 8
1311007861 8
1311007921 8
1311007981 8
1311008041 8
1311008101 8
1311008161 8
1311008221 8
1311008281 8
1311008341 8
1311008401 8
1311008461 8
1311008521 8
1311008581 8
1311008641 8
1311008701 8
1311008761 8
1311008821 8
1311008881 8
1311008941 8
1311009001 9
1311009061 9
1311009121 9
1311009181 9
1311009241 9
1311009301 9
1311009361 9
1311009421 9
1311009481 9
1311009541 9
1311009601 5
1311009661 5
1311009721 5
1311009781 5
1311009841 5
1311009901 5
1311009961 5
1311010021 5
1311010081 5
1311010141 5
1311010201 5
1311010261 5
1311010321 5
1311010381 5
1311010441 5
1311010501 5
1311010561 5
1311010621 5
1311010681 5
1311010741 5
1311010801 5
1311010861 5
1311010921 5
1311010981 5
1311011041 5
1311011101 5
1311011161 5
1311011221 5
1311011281 5
1311011341 5
1311011401 5
1311011461 5
1311011521 5
1311011581 5
1311011641 5
1311011701 5
1311011761 5
1311011821 5
1311011881 5
1311011941 5
1311012001 5
1311012061 5
1311012121 5
1311012181 5
1311012241 5
1311012301 5
1311012361 5
1311012421 5
1311012481 5
1311012541 5
1311012601 5
1311012661 5
1311012721 5
1311012781 5
1311012841 5
1311012901 5
1311012961 5
1311013021 5
1311013081 5
1311013141 5
1311013201 5
1311013261 5
1311013321 5
1311013381 5
1311013441 5
1311013502 5
1311013561 5
1311013621 5
1311013681 5
1311013741 5
1311013801 5
1311013861 5
1311013921 5
1311013981 5
1311014041 5
1311014101 5
1311014161 5
1311014221 5
1311014281 5
1311014341 5
1311014401 5
1311014461 5
1311014521 5
1311014581 5
1311014641 5
1311014701 5
1311014761 5
1311014821 5
1311014881 5
1311014941 5
1311015001 5
1311015061 5
1311015121 5
1311015181 5
1311015241 5
1311015301 5
1311015361 5
1311015421 5
1311015481 5
1311015541 5
1311015601 5
1311015661 5
1311015721 5
1311015781 5
1311015841 5
1311015901 5
1311015961 5
1311016021 5
1311016081 5
1311016141 5
1311016201 5
1311016261 5
1311016321 5
1311016381 5
1311016441 5
1311016501 5
1311016561 5
1311016621 5
1311016681 5
1311016741 5
1311016801 5
1311016861 5
1311016921 5
1311016981 3
1311017041 3
1311017101 3
1311017161 3
1311017221 3
1311017281 3
1311017341 3
1311017401 3
1311017461 3
1311017521 3
1311017581 3
1311017641 3
1311017701 3
1311017761 3
1311017821 3
1311017881 3
1311017941 3
1311018001 3
1311018061 3
1311018121 3
1311018181 3
1311018241 3
1311018301 3
1311018361 3
1311018421 3
1311018481 3
1311018541 3
1311018601 3
1311018661 3
1311018721 3
1311018781 3
1311018841 3
1311018901 3
1311018961 3
1311019021 3
1311019081 3
1311019141 3
1311019201 3
1311019261 3
1311019321 3
1311019381 3
1311019441 3
1311019501 3
1311019561 3
1311019621 3
1311019681 3
1311019741 3
1311019801 3
1311019861 3
1311019921 3
1311019981 3
1311020041 3
1311020101 3
1311020161 3
1311020222 3
1311020281 3
1311020341 3
1311020401 3
1311020462 3
1311020521 3
1311020581 3
1311020641 3
1311020701 3
1311020761 3
1311020821 3
1311020881 3
1311020941 3
1311021001 3
1311021061 3
1311021121 3
1311021181 3
1311021241 3
1311021301 3
1311021361 3
1311021421 3
1311021481 3
1311021541 3
1311021601 3
1311021661 3
1311021721 3
1311021781 3
1311021842 3
1311021901 3
1311021961 3
1311022021 3
1311022081 3
1311022141 3
1311022201 3
1311022261 3
1311022321 3
1311022381 3
1311022441 3
1311022501 3
1311022561 3
1311022621 3
1311022681 3
1311022741 3
1311022801 3
1311022861 2
1311022921 3
1311022981 3
1311023041 3
1311023101 3
1311023161 3
1311023221 3
1311023281 3
1311023341 3
1311023401 3
1311023461 3
1311023521 3
1311023581 3
1311023641 3
1311023701 3
1311023761 3
1311023821 3
1311023881 3
1311023941 3
1311024001 3
1311024061 3
1311024121 3
1311024181 3
1311024241 3
1311024301 3
1311024361 3
1311024421 3
1311024482 3
1311024542 3
1311024601 3
1311024661 3
1311024721 3
1311024782 3
1311024841 3
1311024901 3
1311024961 3
1311025021 3
1311025081 3
1311025141 3
1311025201 3
1311025261 3
1311025321 3
1311025381 3
1311025441 3
1311025501 3
1311025561 3
1311025621 3
1311025681 3
1311025741 3
1311025801 3
1311025861 3
1311025921 3
1311025981 3
1311026041 3
1311026101 3
1311026161 3
1311026221 3
1311026281 3
1311026341 3
1311026401 3
1311026461 3
1311026521 3
1311026581 3
1311026641 3
1311026701 3
1311026761 3
1311026822 3
1311026881 3
1311026941 3
1311027001 3
1311027061 3
1311027121 3
1311027181 3
1311027241 3
1311027301 3
1311027361 3
1311027421 3
1311027481 3
1311027541 3
1311027601 3
1311027661 3
1311027721 3
1311027781 3
1311027841 3
1311027901 3
1311027961 3
1311028021 3
1311028081 3
1311028141 3
1311028201 3
1311028261 3
1311028321 3
1311028381 3
1311028441 3
1311028501 3
1311028561 3
1311028622 3
1311028681 3
1311028741 3
1311028801 3
1311028861 3
1311028921 3
1311028981 3
1311029041 3
1311029101 3
1311029161 3
1311029221 3
1311029281 3
1311029341 3
1311029401 3
1311029461 3
1311029521 3
1311029581 3
1311029641 3
1311029701 3
1311029761 3
1311029821 3
1311029881 3
1311029941 3
1311030001 3
1311030061 3
1311030121 3
1311030181 3
1311030241 3
1311030301 3
1311030361 3
1311030421 3
1311030481 3
1311030541 3
1311030601 3
1311030661 3
1311030721 3
1311030781 3
1311030841 3
1311030902 3
1311030961 3
1311031021 3
1311031081 3
1311031141 3
1311031201 3
1311031261 3
1311031321 3
1311031381 3
1311031441 3
1311031501 3
1311031561 3
1311031621 3
1311031681 3
1311031741 3
1311031801 3
1311031861 3
1311031921 4
1311031981 4
1311032041 4
1311032101 4
1311032161 4
1311032221 4
1311032281 4
1311032341 4
1311032401 4
1311032461 4
1311032521 4
1311032581 4
1311032641 4
1311032701 4
1311032761 4
1311032821 4
1311032881 4
1311032941 4
1311033001 4
1311033061 4
1311033121 4
1311033181 4
1311033241 4
1311033302 4
1311033361 4
1311033421 4
1311033481 4
1311033541 4
1311033601 4
1311033661 4
1311033721 4
1311033781 4
1311033841 4
1311033901 4
1311033961 4
1311034021 4
1311034081 4
1311034141 4
1311034201 4
1311034261 4
1311034321 4
1311034381 2
1311034441 2
1311034501 3
1311034561 3
1311034621 3
1311034681 3
1311034741 3
1311034801 4
1311034861 4
1311034921 4
1311034981 4
1311035041 4
1311035101 4
1311035161 4
1311035221 4
1311035281 2
1311035341 2
1311035401 2
1311035461 2
1311035521 2
1311035581 2
1311035641 3
1311035701 3
1311035761 3
1311035821 3
1311035881 3
1311035941 3
1311036001 3
1311036061 3
1311036121 3
1311036181 3
1311036241 3
1311036301 3
1311036361 3
1311036421 3
1311036481 3
1311036541 3
1311036601 3
1311036661 3
1311036721 3
1311036781 3
1311036841 2
1311036901 3
1311036961 3
1311037021 3
1311037081 3
1311037141 3
1311037201 4
1311037261 4
1311037321 4
1311037381 4
1311037441 4
1311037501 3
1311037561 4
1311037621 4
1311037681 4
1311037741 4
1311037801 4
1311037861 4
1311037921 4
1311037981 4
1311038041 4
1311038101 4
1311038161 4
1311038221 4
1311038281 4
1311038341 4
1311038401 4
1311038461 5
1311038521 5
1311038581 5
1311038641 5
1311038701 5
1311038761 5
1311038821 5
1311038881 5
1311038941 5
1311039001 5
1311039061 4
1311039121 7
1311039181 7
1311039241 7
1311039301 7
1311039361 7
1311039421 7
1311039481 7
1311039541 7
1311039601 7
1311039661 7
1311039721 7
1311039781 7
1311039841 7
1311039901 7
1311039961 7
1311040021 7
1311040081 7
1311040141 7
1311040201 7
1311040261 7
1311040321 3
1311040381 3
1311040441 3
1311040501 3
1311040561 3
1311040621 3
1311040681 3
1311040741 3
1311040801 3
1311040861 3
1311040921 3
1311040981 3
1311041041 3
1311041101 3
1311041161 3
1311041221 3
1311041281 2
1311041341 2
1311041401 2
1311041461 2
1311041521 2
1311041581 2
1311041641 2
1311041701 2
1311041761 2
1311041821 2
1311041881 2
1311041941 3
1311042001 3
1311042061 3
1311042121 3
1311042181 3
1311042241 3
1311042301 3
1311042361 3
1311042421 2
1311042481 3
1311042541 3
1311042601 3
1311042661 3
1311042721 3
1311042781 3
1311042841 3
1311042901 3
1311042961 3
1311043021 3
1311043081 3
1311043141 3
1311043201 3
1311043261 1
1311043321 1
1311043381 1
1311043441 1
1311043501 1
1311043561 2
1311043621 2
1311043681 2
1311043741 2
1311043801 2
1311043861 2
1311043921 3
1311043981 4
1311044041 4
1311044101 4
1311044161 6
1311044221 6
1311044281 6
1311044341 6
1311044401 8
1311044461 8
1311044521 8
1311044582 8
1311044642 8
1311044701 5
1311044761 5
1311044821 5
1311044881 5
1311044941 5
1311045001 5
1311045061 5
1311045121 5
1311045181 5
1311045241 5
1311045301 5
1311045361 5
1311045421 2
1311045481 2
1311045541 2
1311045601 2
1311045661 2
1311045721 2
1311045781 2
1311045841 2
1311045901 2
1311045961 2
1311046021 2
1311046081 2
1311046141 2
1311046201 2
1311046261 3
1311046321 4
1311046381 4
1311046441 4
1311046501 4
1311046561 4
1311046621 4
1311046681 4
1311046741 4
1311046801 4
1311046861 3
1311046921 4
1311046981 4
1311047041 5
1311047101 5
1311047161 6
1311047221 6
1311047281 6
1311047341 6
1311047401 6
1311047461 6
1311047521 6
1311047582 6
1311047641 6
1311047701 3
1311047761 4
1311047821 5
1311047881 5
1311047941 5
1311048001 5
1311048061 6
1311048121 6
1311048181 6
1311048242 6
1311048301 6
1311048361 5
1311048421 5
1311048481 5
1311048541 5
1311048601 5
1311048661 5
1311048721 4
1311048781 4
1311048841 5
1311048901 5
1311048961 5
1311049021 5
1311049081 5
1311049141 5
1311049201 5
1311049261 5
1311049321 5
1311049381 5
1311049441 5
1311049501 5
1311049561 5
1311049621 5
1311049681 5
1311049741 5
1311049801 5
1311049861 5
1311049921 5
1311049981 5
1311050041 5
1311050101 5
1311050161 2
1311050221 4
1311050281 4
1311050341 4
1311050401 4
1311050461 4
1311050521 4
1311050581 4
1311050641 4
1311050701 4
1311050761 4
1311050821 4
1311050881 4
1311050941 4
1311051001 4
1311051061 5
1311051121 5
1311051181 5
1311051241 5
1311051301 5
1311051361 4
1311051421 5
1311051481 6
1311051542 6
1311051601 6
1311051661 6
1311051721 6
1311051781 3
1311051841 3
1311051901 3
1311051961 3
1311052021 3
1311052081 3
1311052141 3
1311052201 3
1311052261 3
1311052321 3
1311052381 3
1311052441 3
1311052501 3
1311052561 3
1311052621 3
1311052681 3
1311052741 2
1311052801 3
1311052861 4
1311052921 4
1311052981 5
1311053041 5
1311053101 5
1311053161 5
1311053221 5
1311053281 5
1311053341 5
1311053401 5
1311053461 1
1311053521 2
1311053581 2
1311053641 3
1311053701 3
1311053761 3
1311053821 3
1311053881 3
1311053941 3
1311054001 3
1311054061 3
1311054121 3
1311054181 3
1311054241 3
1311054301 3
1311054361 1
1311054421 1
1311054481 1
1311054542 1
1311054601 1
1311054661 1
1311054721 1
1311054781 1
1311054841 1
1311054901 1
1311054961 0
1311055021 1
1311055081 2
1311055141 2
1311055201 2
1311055261 2
1311055321 2
1311055381 3
1311055441 3
1311055501 3
1311055561 3
1311055621 3
1311055681 1
1311055741 1
1311055801 1
1311055861 1
1311055921 1
1311055981 1
1311056041 1
1311056101 1
1311056161 1
1311056221 1
1311056281 1
1311056341 1
1311056402 1
1311056461 2
1311056521 2
1311056581 2
1311056641 2
1311056701 3
1311056761 3
1311056821 4
1311056881 5
1311056941 5
1311057001 5
1311057061 5
1311057121 5
1311057181 4
1311057241 5
1311057301 5
1311057361 5
1311057421 5
1311057481 5
1311057541 5
1311057601 5
1311057661 5
1311057721 5
1311057781 5
1311057841 5
1311057901 2
1311057961 2
1311058021 2
1311058081 3
1311058141 3
1311058202 3
1311058261 3
1311058321 3
1311058381 3
1311058441 3
1311058501 3
1311058561 3
1311058621 1
1311058681 1
1311058741 1
1311058801 1
1311058861 1
1311058921 1
1311058981 1
1311059041 1
1311059101 1
1311059161 1
1311059221 1
1311059281 1
1311059341 1
1311059401 1
1311059461 1
1311059521 1
1311059581 1
1311059641 1
1311059701 1
1311059761 1
1311059821 1
1311059881 1
1311059941 1
1311060001 1
1311060061 1
1311060121 1
1311060181 2
1311060242 2
1311060301 2
1311060361 2
1311060421 3
1311060481 3
1311060541 3
1311060601 3
1311060661 3
1311060721 3
1311060781 3
1311060841 3
1311060901 3
1311060961 3
1311061021 4
1311061081 4
1311061141 4
1311061201 4
1311061261 4
1311061321 4
1311061381 4
1311061441 4
1311061501 4
1311061561 4
1311061621 4
1311061681 4
1311061741 4
1311061802 4
1311061861 4
1311061921 4
1311061981 4
1311062041 4
1311062101 4
1311062161 4
1311062221 4
1311062281 4
1311062341 2
1311062402 2
1311062461 2
1311062521 2
1311062582 2
1311062641 2
1311062701 2
1311062761 2
1311062821 2
1311062881 2
1311062941 3
1311063002 3
1311063061 3
1311063121 4
1311063181 4
1311063241 4
1311063301 4
1311063361 4
1311063421 5
1311063481 5
1311063541 5
1311063602 5
1311063661 5
1311063722 5
1311063781 5
1311063841 4
1311063901 4
1311063961 4
1311064021 4
1311064082 5
1311064142 5
1311064201 5
1311064261 5
1311064322 5
1311064381 4
1311064441 4
1311064501 4
1311064561 4
1311064622 4
1311064681 4
1311064741 4
1311064801 4
1311064861 4
1311064921 4
1311064981 4
1311065041 4
1311065102 3
1311065161 3
1311065221 3
1311065281 3
1311065341 3
1311065401 3
1311065461 3
1311065521 3
1311065581 3
1311065641 3
1311065701 3
1311065761 3
1311065821 3
1311065882 3
1311065941 3
1311066001 3
1311066061 3
1311066121 3
1311066181 5
1311066241 6
1311066301 6
1311066361 6
1311066421 7
1311066481 7
1311066541 7
1311066601 7
1311066661 7
1311066721 5
1311066781 5
1311066841 5
1311066901 5
1311066961 5
1311067021 5
1311067081 5
1311067141 6
1311067201 6
1311067261 6
1311067321 6
1311067381 6
1311067441 6
1311067501 6
1311067561 6
1311067621 6
1311067681 6
1311067741 6
1311067801 6
1311067862 6
1311067921 6
1311067981 6
1311068041 6
1311068101 6
1311068161 6
1311068221 3
1311068281 3
1311068341 3
1311068401 3
1311068461 3
1311068521 3
1311068581 3
1311068641 4
1311068701 4
1311068761 4
1311068821 4
1311068881 4
1311068941 4
1311069001 4
1311069061 4
1311069121 4
1311069181 4
1311069241 4
1311069301 4
1311069361 4
1311069421 4
1311069481 4
1311069541 4
1311069601 4
1311069661 4
1311069721 4
1311069781 4
1311069841 4
1311069901 4
1311069961 4
1311070021 4
1311070081 5
1311070141 5
1311070201 5
1311070261 5
1311070322 6
1311070381 6
1311070441 6
1311070501 6
1311070561 6
1311070621 6
1311070681 6
1311070741 6
1311070801 6
1311070861 6
1311070921 6
1311070981 6
1311071041 6
1311071101 6
1311071161 6
1311071221 6
1311071281 6
1311071341 6
1311071401 6
1311071461 3
1311071521 4
1311071581 4
1311071641 5
1311071701 5
1311071761 5
1311071821 6
1311071881 6
1311071941 6
1311072001 6
1311072061 6
1311072121 6
1311072181 6
1311072241 6
1311072301 6
1311072361 6
1311072421 6
1311072481 6
1311072541 6
1311072601 3
1311072661 3
1311072721 3
1311072781 3
1311072841 3
1311072901 3
1311072961 4
1311073021 4
1311073081 4
1311073141 4
1311073201 4
1311073261 4
1311073321 3
1311073381 3
1311073441 3
1311073501 3
1311073561 3
1311073621 3
1311073681 3
1311073741 3
1311073801 3
1311073861 3
1311073921 3
1311073981 3
1311074041 3
1311074101 3
1311074161 3
1311074221 3
1311074281 3
1311074341 3
1311074401 3
1311074461 3
1311074521 3
1311074581 3
1311074641 3
1311074701 3
1311074761 3
1311074821 3
1311074881 3
1311074941 3
1311075001 3
1311075061 3
1311075121 3
1311075181 3
1311075241 3
1311075301 3
1311075361 3
1311075421 3
1311075481 3
1311075541 3
1311075601 3
1311075661 3
1311075721 3
1311075781 3
1311075841 3
1311075901 3
1311075961 3
1311076022 1
1311076081 2
1311076141 2
1311076201 2
1311076261 3
1311076321 3
1311076381 3
1311076441 3
1311076501 3
1311076561 3
1311076621 3
1311076681 3
1311076741 2
1311076801 2
1311076861 2
1311076921 3
1311076981 3
1311077041 3
1311077101 3
1311077161 3
1311077221 3
1311077281 3
1311077341 3
1311077401 3
1311077461 2
1311077521 3
1311077581 3
1311077641 3
1311077701 3
1311077761 3
1311077821 3
1311077882 3
1311077941 3
1311078002 3
1311078061 3
1311078121 3
1311078181 4
1311078241 4
1311078301 5
1311078361 4
1311078421 4
1311078481 4
1311078541 4
1311078601 4
1311078661 4
1311078721 3
1311078781 3
1311078841 3
1311078901 3
1311078961 3
1311079021 3
1311079081 1
1311079141 1
1311079201 1
1311079261 1
1311079321 1
1311079381 1
1311079441 1
1311079501 1
1311079561 1
1311079621 2
1311079681 2
1311079741 3
1311079801 6
1311079861 6
1311079921 6
1311079981 6
1311080042 6
1311080101 6
1311080161 6
1311080221 6
1311080281 6
1311080341 6
1311080401 6
1311080461 6
1311080521 6
1311080581 6
1311080641 6
1311080701 6
1311080761 6
1311080821 6
1311080881 6
1311080941 2
1311081001 2
1311081061 2
1311081121 2
1311081181 2
1311081241 2
1311081301 2
1311081361 2
1311081421 2
1311081481 2
1311081541 2
1311081601 2
1311081662 1
1311081721 1
1311081781 1
1311081841 1
1311081901 1
1311081961 1
1311082021 1
1311082081 1
1311082141 1
1311082201 1
1311082261 1
1311082321 1
1311082381 1
1311082441 1
1311082501 1
1311082561 1
1311082621 2
1311082681 2
1311082741 2
1311082801 2
1311082862 2
1311082921 2
1311082981 2
1311083041 3
1311083101 3
1311083161 3
1311083221 3
1311083281 3
1311083341 2
1311083401 2
1311083461 2
1311083521 2
1311083581 2
1311083641 2
1311083701 2
1311083761 2
1311083821 3
1311083881 3
1311083941 3
1311084001 3
1311084061 3
1311084121 3
1311084181 2
1311084241 2
1311084301 2
1311084361 2
1311084421 2
1311084481 2
1311084541 2
1311084601 2
1311084661 2
1311084721 2
1311084781 1
1311084841 2
1311084901 2
1311084961 2
1311085021 2
1311085081 2
1311085141 2
1311085201 2
1311085261 2
1311085321 2
1311085381 2
1311085442 2
1311085501 2
1311085561 2
1311085621 2
1311085681 2
1311085741 4
1311085801 4
1311085861 4
1311085921 4
1311085981 4
1311086041 4
1311086101 4
1311086161 4
1311086221 4
1311086281 4
1311086341 4
1311086401 4
1311086461 2
1311086521 2
1311086581 2
1311086641 2
1311086701 2
1311086761 2
1311086821 2
1311086881 2
1311086942 2
1311087001 2
1311087061 1
1311087121 1
1311087181 1
1311087241 1
1311087301 1
1311087361 1
1311087421 1
1311087481 1
1311087541 1
1311087601 1
1311087661 1
1311087721 1
1311087781 1
1311087841 1
1311087901 1
1311087961 1
1311088021 1
1311088081 1
1311088141 1
1311088201 1
1311088261 1
1311088321 1
1311088381 1
1311088441 1
1311088501 1
1311088561 1
1311088621 1
1311088681 1
1311088741 1
1311088801 1
1311088861 1
1311088921 1
1311088981 2
1311089041 2
1311089101 2
1311089161 2
1311089221 2
1311089281 2
1311089341 2
1311089401 2
1311089461 2
1311089521 2
1311089581 2
1311089641 2
1311089701 2
1311089762 2
1311089821 2
1311089881 1
1311089941 1
1311090001 1
1311090061 1
1311090121 1
1311090181 1
1311090241 1
1311090301 1
1311090361 1
1311090421 2
1311090481 2
1311090541 2
1311090601 2
1311090661 2
1311090721 2
1311090781 2
1311090841 2
1311090901 2
1311090961 2
1311091021 2
1311091081 2
1311091141 2
1311091201 2
