1317312061 258
1317312121 249
1317312181 251
1317312241 256
1317312301 253
1317312361 254
1317312421 251
1317312481 254
1317312541 249
1317312601 252
1317312661 243
1317312721 235
1317312781 239
1317312841 234
1317312901 239
1317312961 235
1317313021 243
1317313081 251
1317313141 239
1317313201 236
1317313261 241
1317313321 230
1317313381 233
1317313441 234
1317313501 227
1317313561 222
1317313621 214
1317313681 218
1317313741 226
1317313801 216
1317313861 218
1317313921 219
1317313981 228
1317314041 222
1317314101 220
1317314161 219
1317314221 221
1317314281 225
1317314341 235
1317314401 224
1317314461 234
1317314521 226
1317314581 228
1317314641 231
1317314701 222
1317314761 224
1317314821 217
1317314881 219
1317314941 223
1317315001 225
1317315061 223
1317315121 218
1317315181 218
1317315241 225
1317315301 221
1317315361 214
1317315421 211
1317315481 219
1317315541 219
1317315601 216
1317315661 216
1317315721 218
1317315781 219
1317315841 219
1317315901 221
1317315961 213
1317316021 217
1317316081 221
1317316141 212
1317316201 195
1317316261 199
1317316321 197
1317316381 193
1317316441 202
1317316501 196
1317316561 189
1317316621 186
1317316681 186
1317316741 192
1317316801 186
1317316861 185
1317316921 182
1317316981 183
1317317041 185
1317317101 181
1317317161 184
1317317221 182
1317317281 181
1317317341 190
1317317401 175
1317317461 177
1317317521 183
1317317581 184
1317317641 188
1317317701 171
1317317762 176
1317317821 178
1317317881 171
1317317941 175
1317318001 182
1317318061 180
1317318121 176
1317318181 177
1317318241 177
1317318301 175
1317318361 176
1317318421 171
1317318481 172
1317318541 169
1317318601 169
1317318661 168
1317318721 165
1317318781 169
1317318841 171
1317318901 171
1317318961 169
1317319021 163
1317319081 164
1317319141 169
1317319201 163
1317319261 166
1317319321 162
1317319381 164
1317319441 163
1317319501 169
1317319561 160
1317319621 158
1317319681 159
1317319741 170
1317319801 167
1317319861 158
1317319921 157
1317319981 156
1317320041 159
1317320101 164
1317320161 151
1317320221 153
1317320281 147
1317320341 152
1317320401 158
1317320461 151
1317320521 149
1317320581 143
1317320641 145
1317320701 145
1317320761 146
1317320821 141
1317320881 133
1317320941 136
1317321001 134
1317321061 132
1317321121 129
1317321181 132
1317321241 132
1317321301 135
1317321362 129
1317321421 131
1317321481 132
1317321541 136
1317321601 134
1317321661 132
1317321721 136
1317321781 134
1317321841 140
1317321901 135
1317321961 137
1317322021 132
1317322081 130
1317322141 137
1317322201 124
1317322261 126
1317322321 131
1317322381 126
1317322441 132
1317322501 134
1317322561 135
1317322621 138
1317322681 113
1317322741 113
1317322801 109
1317322861 111
1317322921 115
1317322981 111
1317323041 111
1317323101 111
1317323161 104
1317323221 106
1317323281 108
1317323341 106
1317323401 107
1317323461 105
1317323521 109
1317323581 107
1317323641 115
1317323701 117
1317323761 101
1317323821 104
1317323881 104
1317323941 111
1317324001 105
1317324062 106
1317324121 103
1317324181 105
1317324241 107
1317324301 108
1317324361 109
1317324421 97
1317324481 98
1317324541 104
1317324601 106
1317324661 107
1317324721 111
1317324781 100
1317324841 100
1317324901 94
1317324961 96
1317325021 101
1317325081 98
1317325141 98
1317325201 96
1317325261 96
1317325321 100
1317325381 101
1317325441 109
1317325501 111
1317325561 91
1317325621 88
1317325681 89
1317325741 94
1317325801 88
1317325861 89
1317325921 90
1317325981 91
1317326041 95
1317326102 96
1317326161 91
1317326221 91
1317326281 93
1317326341 93
1317326401 88
1317326461 90
1317326521 94
1317326581 96
1317326641 103
1317326701 88
1317326761 91
1317326821 94
1317326881 92
1317326941 96
1317327001 96
1317327061 89
1317327121 89
1317327181 91
1317327241 98
1317327301 99
1317327362 101
1317327421 102
1317327482 103
1317327541 108
1317327601 90
1317327661 92
1317327721 95
1317327781 97
1317327841 99
1317327901 99
1317327961 101
1317328021 102
1317328081 102
1317328141 87
1317328201 90
1317328261 91
1317328321 93
1317328381 94
1317328441 98
1317328502 84
1317328561 85
1317328621 83
1317328681 84
1317328741 92
1317328801 94
1317328861 96
1317328921 97
1317328981 98
1317329041 102
1317329101 104
1317329161 106
1317329221 81
1317329281 82
1317329341 88
1317329401 87
1317329461 88
1317329521 91
1317329581 83
1317329641 87
1317329701 90
1317329761 92
1317329821 95
1317329881 96
1317329941 88
1317330001 82
1317330061 85
1317330121 88
1317330181 89
1317330241 96
1317330301 98
1317330361 98
1317330421 99
1317330481 100
1317330541 81
1317330601 83
1317330594 83
1317330601 84
1317330661 78
1317330721 80
1317330781 81
1317330841 88
1317330901 90
1317330961 92
1317331021 80
1317331081 80
1317331141 87
1317331201 85
1317331261 86
1317331321 89
1317331381 90
1317331441 95
1317331502 97
1317331561 97
1317331622 100
1317331681 101
1317331741 108
1317331801 110
1317331861 110
1317331921 110
1317331981 111
1317332041 111
1317332101 113
1317332161 113
1317332221 114
1317332281 115
1317332341 118
1317332401 79
1317332461 80
1317332521 83
1317332581 84
1317332641 93
1317332701 94
1317332761 74
1317332821 77
1317332881 78
1317332941 84
1317333001 85
1317333061 85
1317333121 87
1317333181 87
1317333241 79
1317333301 81
1317333361 81
1317333421 83
1317333481 74
1317333541 79
1317333601 81
1317333661 81
1317333721 75
1317333781 75
1317333842 81
1317333901 82
1317333961 84
1317334021 85
1317334081 85
1317334141 78
1317334201 79
1317334261 79
1317334321 81
1317334381 81
1317334441 87
1317334501 75
1317334561 75
1317334621 77
1317334681 77
1317334741 83
1317334801 85
1317334861 85
1317334921 87
1317334981 74
1317335041 82
1317335101 74
1317335161 73
1317335221 74
1317335281 74
1317335341 81
1317335401 82
1317335461 83
1317335521 85
1317335581 85
1317335641 90
1317335701 91
1317335761 91
1317335821 75
1317335881 73
1317335941 81
1317336001 83
1317336061 84
1317336121 85
1317336181 85
1317336241 82
1317336301 84
1317336361 85
1317336421 86
1317336481 77
1317336541 84
1317336601 86
1317336661 87
1317336721 78
1317336781 78
1317336841 86
1317336901 83
1317336961 84
1317337021 77
1317337081 76
1317337141 84
1317337201 86
1317337261 87
1317337321 80
1317337381 79
1317337441 86
1317337501 82
1317337561 79
1317337621 81
1317337681 82
1317337741 83
1317337801 80
1317337861 83
1317337921 78
1317337981 78
1317338041 87
1317338101 84
1317338161 80
1317338221 79
1317338281 80
1317338341 84
1317338401 85
1317338461 78
1317338521 82
1317338581 80
1317338641 83
1317338701 84
1317338761 81
1317338821 82
1317338881 82
1317338941 83
1317339001 86
1317339061 83
1317339121 82
1317339181 81
1317339241 88
1317339301 88
1317339361 83
1317339421 85
1317339481 82
1317339541 87
1317339601 85
1317339661 85
1317339721 85
1317339781 86
1317339841 92
1317339901 96
1317339961 96
1317340021 79
1317340081 79
1317340141 86
1317340201 89
1317340261 80
1317340321 82
1317340381 82
1317340441 84
1317340501 87
1317340561 81
1317340622 82
1317340681 82
1317340741 83
1317340801 89
1317340861 82
1317340921 80
1317340981 79
1317341041 84
1317341101 88
1317341161 83
1317341221 88
1317341281 89
1317341341 95
1317341401 103
1317341461 100
1317341521 104
1317341581 116
1317341641 150
1317341701 150
1317341761 144
1317341821 145
1317341881 145
1317341941 145
1317342001 144
1317342061 143
1317342121 143
1317342181 143
1317342241 152
1317342301 155
1317342361 187
1317342421 190
1317342481 188
1317342541 191
1317342601 194
1317342661 191
1317342721 189
1317342781 192
1317342841 215
1317342901 196
1317342961 200
1317343021 202
1317343081 200
1317343141 206
1317343201 199
1317343261 191
1317343321 185
1317343381 170
1317343441 179
1317343501 183
1317343561 177
1317343621 179
1317343681 188
1317343741 202
1317343801 199
1317343861 203
1317343921 208
1317343981 208
1317344041 216
1317344101 219
1317344162 218
1317344221 220
1317344281 214
1317344341 225
1317344401 229
1317344461 222
1317344521 222
1317344581 230
1317344641 248
1317344701 255
1317344761 255
1317344821 258
1317344881 258
1317344941 268
1317345001 272
1317345061 271
1317345121 285
1317345181 296
1317345241 308
1317345301 319
1317345361 325
1317345421 329
1317345481 322
1317345542 323
1317345601 316
1317345661 308
1317345721 302
1317345781 302
1317345841 306
1317345901 307
1317345961 300
1317346021 304
1317346081 304
1317346141 306
1317346201 307
1317346261 309
1317346321 303
1317346381 306
1317346441 312
1317346501 312
1317346561 312
1317346621 313
1317346681 350
1317346741 353
1317346801 325
1317346861 318
1317346921 322
1317346981 319
1317347041 311
1317347101 307
1317347161 290
1317347221 277
1317347281 258
1317347341 261
1317347401 264
1317347461 267
1317347521 263
1317347581 262
1317347641 265
1317347701 262
1317347761 251
1317347821 246
1317347881 240
1317347941 243
1317348001 240
1317348061 240
1317348121 237
1317348181 226
1317348241 226
1317348301 227
1317348361 220
1317348421 217
1317348481 210
1317348541 213
1317348601 211
1317348661 208
1317348721 203
1317348781 196
1317348841 196
1317348901 200
1317348961 198
1317349021 200
1317349081 197
1317349141 193
1317349201 193
1317349261 195
1317349321 207
1317349381 234
1317349441 238
1317349501 248
1317349561 268
1317349621 267
1317349681 266
1317349741 256
1317349801 248
1317349861 229
1317349921 228
1317349981 226
1317350041 230
1317350101 230
1317350161 225
1317350221 219
1317350281 215
1317350341 218
1317350401 227
1317350461 227
1317350521 220
1317350581 222
1317350641 229
1317350701 228
1317350761 225
1317350821 222
1317350881 226
1317350941 226
1317351001 230
1317351061 229
1317351121 231
1317351181 231
1317351241 227
1317351301 232
1317351361 227
1317351421 224
1317351481 224
1317351541 222
1317351601 223
1317351661 224
1317351722 251
1317351782 256
1317351841 257
1317351901 267
1317351961 268
1317352021 271
1317352081 269
1317352141 270
1317352201 265
1317352261 260
1317352321 262
1317352381 250
1317352441 254
1317352501 256
1317352561 256
1317352621 249
1317352681 244
1317352741 228
1317352801 238
1317352861 234
1317352921 233
1317352981 237
1317353041 239
1317353101 245
1317353161 235
1317353221 237
1317353281 239
1317353341 245
1317353401 252
1317353461 243
1317353521 245
1317353581 251
1317353641 251
1317353701 252
1317353761 247
1317353821 246
1317353881 238
1317353941 248
1317354001 253
1317354061 252
1317354121 254
1317354181 248
1317354241 262
1317354301 294
1317354361 294
1317354421 288
1317354481 291
1317354541 289
1317354601 291
1317354661 287
1317354721 289
1317354781 285
1317354841 287
1317354901 286
1317354961 283
1317355021 278
1317355081 280
1317355141 287
1317355201 278
1317355261 273
1317355322 270
1317355381 256
1317355441 251
1317355501 251
1317355561 251
1317355621 237
1317355681 237
1317355741 234
1317355801 236
1317355861 236
1317355921 231
1317355981 224
1317356041 228
1317356101 229
1317356161 225
1317356221 223
1317356281 216
1317356341 209
1317356401 182
1317356461 188
1317356521 179
1317356581 174
1317356641 172
1317356701 172
1317356761 172
1317356821 171
1317356881 168
1317356941 174
1317357001 172
1317357061 171
1317357121 168
1317357181 172
1317357241 178
1317357301 177
1317357361 177
1317357421 169
1317357481 169
1317357541 175
1317357601 173
1317357661 180
1317357721 178
1317357782 175
1317357841 176
1317357901 174
1317357961 178
1317358021 178
1317358081 177
1317358141 184
1317358201 188
1317358261 184
1317358321 185
1317358381 188
1317358441 185
1317358501 180
1317358561 184
1317358621 181
1317358681 179
1317358741 180
1317358801 182
1317358861 180
1317358921 173
1317358981 169
1317359041 173
1317359101 168
1317359161 176
1317359221 174
1317359281 176
1317359341 179
1317359401 183
1317359461 183
1317359521 185
1317359581 186
1317359641 191
1317359701 195
1317359761 197
1317359821 193
1317359881 197
1317359941 199
1317360001 199
1317360061 200
1317360121 194
1317360181 198
1317360241 204
1317360301 201
1317360361 202
1317360421 203
1317360481 204
1317360541 209
1317360601 206
1317360661 198
1317360721 197
1317360781 199
1317360841 201
1317360901 192
1317360961 191
1317361021 195
1317361081 196
1317361141 194
1317361201 193
1317361261 189
1317361321 189
1317361381 195
1317361441 193
1317361501 192
1317361561 189
1317361621 193
1317361681 193
1317361741 198
1317361801 195
1317361861 202
1317361921 198
1317361981 193
1317362041 193
1317362101 191
1317362161 187
1317362222 190
1317362281 195
1317362341 200
1317362401 192
1317362461 196
1317362521 199
1317362581 185
1317362641 183
1317362701 182
1317362761 188
1317362821 182
1317362881 188
1317362941 188
1317363001 205
1317363061 211
1317363121 208
1317363181 211
1317363241 242
1317363301 246
1317363361 251
1317363421 246
1317363481 241
1317363541 265
1317363601 273
1317363661 278
1317363721 273
1317363781 279
1317363841 278
1317363901 283
1317363961 289
1317364021 290
1317364081 286
1317364141 271
1317364201 268
1317364261 282
1317364321 284
1317364381 289
1317364441 291
1317364501 289
1317364561 286
1317364621 285
1317364681 286
1317364742 285
1317364801 286
1317364861 268
1317364921 262
1317364981 260
1317365041 265
1317365101 262
1317365161 259
1317365221 257
1317365281 254
1317365341 249
1317365401 252
1317365461 253
1317365521 249
1317365581 247
1317365641 242
1317365701 245
1317365761 250
1317365821 245
1317365881 246
1317365941 248
1317366001 250
1317366061 249
1317366121 253
1317366181 254
1317366241 251
1317366301 254
1317366361 252
1317366421 251
1317366481 251
1317366541 251
1317366602 250
1317366661 266
1317366721 263
1317366781 269
1317366841 267
test1317367021 208
1317367081 176
1317367141 176
1317367201 177
1317367261 171
1317367321 177
1317367381 184
1317367441 181
1317367502 182
1317367561 176
1317367621 182
1317367681 184
1317367741 182
1317367801 187
1317367861 183
1317367921 186
1317367981 191
1317368041 190
1317368101 169
1317368161 165
1317368221 173
1317368281 177
1317368341 175
1317368401 177
1317368461 179
1317368521 181
1317368581 231
1317368641 225
1317368701 225
1317368761 226
1317368821 229
1317368881 234
1317368941 234
1317369001 241
1317369061 238
1317369121 242
1317369181 242
1317369241 242
1317369301 243
1317369361 230
1317369421 234
1317369481 229
1317369541 229
1317369601 231
1317369661 228
1317369721 214
1317369781 204
1317369841 209
1317369901 184
1317369961 175
1317370021 170
1317370081 175
1317370141 171
1317370201 173
1317370261 173
1317370321 176
1317370382 184
1317370441 181
1317370501 186
1317370561 182
1317370621 172
1317370681 173
1317370741 166
1317370801 164
1317370861 159
1317370921 156
1317370981 163
1317371041 163
1317371101 164
1317371161 159
1317371221 158
1317371281 161
1317371341 158
1317371401 159
1317371461 157
1317371521 161
1317371581 169
1317371641 169
1317371701 171
1317371761 175
1317371821 174
1317371881 180
1317371941 178
1317372001 182
1317372061 177
1317372121 178
1317372181 185
1317372241 191
1317372301 188
1317372361 191
1317372421 188
1317372481 193
1317372541 187
1317372601 183
1317372661 181
1317372721 176
1317372781 176
1317372841 178
1317372902 171
1317372961 175
1317373021 172
1317373081 173
1317373141 177
1317373201 184
1317373261 179
1317373321 180
1317373381 180
1317373441 188
1317373501 178
1317373561 169
1317373621 167
1317373681 166
1317373741 173
1317373801 173
1317373862 172
1317373922 178
1317373981 174
1317374041 178
1317374101 175
1317374161 177
1317374221 177
1317374281 184
1317374341 183
1317374401 185
1317374461 178
1317374521 177
1317374581 178
1317374641 181
1317374702 180
1317374761 176
1317374821 171
1317374881 172
1317374941 171
1317375001 176
1317375061 168
1317375121 170
1317375181 164
1317375241 169
1317375301 170
1317375361 175
1317375421 154
1317375481 155
1317375541 159
1317375601 161
1317375661 163
1317375721 159
1317375781 161
1317375841 169
1317375901 166
1317375961 160
1317376021 162
1317376081 159
1317376141 156
1317376201 158
1317376261 155
1317376321 156
1317376381 160
1317376441 164
1317376501 161
1317376561 159
1317376621 157
1317376681 161
1317376741 147
1317376801 153
1317376861 148
1317376921 146
1317376981 150
1317377041 143
1317377101 152
1317377161 144
1317377221 151
1317377281 154
1317377341 160
1317377401 151
1317377461 148
1317377521 152
1317377581 150
1317377641 156
1317377701 161
1317377761 155
1317377822 156
1317377882 153
1317377941 155
1317378001 149
1317378061 146
1317378121 147
1317378181 148
1317378241 148
1317378301 142
1317378361 143
1317378421 142
1317378481 150
1317378541 146
1317378601 148
1317378661 142
1317378721 145
1317378781 143
1317378841 141
1317378901 146
1317378961 144
1317379021 142
1317379081 145
1317379141 149
1317379201 150
1317379261 141
1317379321 140
1317379381 144
1317379441 136
1317379501 142
1317379561 136
1317379621 137
1317379681 135
1317379741 136
1317379801 138
1317379861 138
1317379921 138
1317379981 136
1317380041 141
1317380101 133
1317380161 129
1317380221 129
1317380281 128
1317380341 128
1317380401 134
1317380461 127
1317380521 127
1317380581 128
1317380641 127
1317380701 134
1317380761 132
1317380821 136
1317380881 137
1317380941 139
1317381001 138
1317381061 142
1317381121 141
1317381181 145
1317381241 140
1317381301 142
1317381361 144
1317381421 138
1317381481 139
1317381541 141
1317381601 140
1317381661 138
1317381721 137
1317381781 143
1317381841 134
1317381901 137
1317381961 129
1317382021 136
1317382081 137
1317382141 142
1317382201 138
1317382261 136
1317382321 141
1317382381 148
1317382441 141
1317382501 146
1317382561 142
1317382621 145
1317382681 147
1317382741 141
1317382801 143
1317382861 143
1317382921 137
1317382981 143
1317383041 136
1317383101 141
1317383161 138
1317383221 135
1317383281 139
1317383341 134
1317383401 137
1317383461 133
1317383521 135
1317383581 143
1317383641 143
1317383701 146
1317383761 148
1317383821 145
1317383881 156
1317383941 149
1317384001 155
1317384061 151
1317384121 150
1317384181 152
1317384241 145
1317384301 150
1317384361 155
1317384421 156
1317384481 161
1317384541 157
1317384601 160
1317384661 156
1317384721 154
1317384781 159
1317384841 152
1317384901 154
1317384961 151
1317385021 157
1317385081 158
1317385141 156
1317385201 157
1317385261 159
1317385321 158
1317385381 164
1317385441 157
1317385501 158
1317385561 163
1317385621 162
1317385681 169
1317385741 164
1317385801 168
1317385861 172
1317385921 168
1317385981 173
1317386041 168
1317386101 175
1317386161 179
1317386221 179
1317386281 183
1317386341 179
1317386401 180
1317386461 174
1317386521 177
1317386581 175
1317386641 179
1317386701 168
1317386761 170
1317386821 168
1317386881 177
1317386941 169
1317387001 172
1317387061 175
1317387121 176
1317387181 179
1317387241 182
1317387301 170
1317387361 172
1317387421 175
1317387481 175
1317387541 164
1317387601 165
1317387661 165
1317387721 173
1317387781 174
1317387841 171
1317387901 177
1317387961 177
1317388021 180
1317388081 184
1317388141 183
1317388201 188
1317388261 185
1317388321 192
1317388381 204
1317388441 186
1317388501 194
1317388561 195
1317388621 200
1317388681 200
1317388741 189
1317388801 190
1317388861 190
1317388921 183
1317388981 190
1317389041 183
1317389101 182
1317389161 180
1317389221 187
1317389281 197
1317389341 180
1317389401 186
1317389461 182
1317389521 188
1317389581 191
1317389641 180
1317389702 184
1317389761 185
1317389821 188
1317389881 192
1317389941 182
1317390001 186
1317390061 187
1317390121 189
1317390181 193
1317390241 184
1317390301 188
1317390361 187
1317390421 200
1317390481 204
1317390541 196
1317390601 193
1317390661 183
1317390721 190
1317390781 198
1317390841 191
1317390901 190
1317390961 186
1317391021 187
1317391081 194
1317391141 189
1317391201 191
1317391261 189
1317391321 195
1317391381 201
1317391441 197
1317391501 190
1317391561 188
1317391621 184
1317391681 192
1317391741 191
1317391801 181
1317391861 182
1317391921 185
1317391981 199
1317392041 195
1317392101 204
1317392161 200
1317392222 199
1317392281 216
1317392342 215
1317392401 211
1317392461 198
1317392521 201
1317392581 212
1317392641 206
1317392701 208
1317392761 208
1317392821 207
1317392881 214
1317392941 213
1317393001 214
1317393061 208
1317393121 210
1317393181 207
1317393241 205
1317393301 198
1317393361 194
1317393421 198
1317393481 205
1317393541 200
1317393601 202
1317393661 198
1317393721 205
1317393781 212
1317393841 206
1317393901 213
1317393961 214
1317394021 222
1317394081 225
1317394141 223
1317394201 223
1317394261 212
1317394321 211
1317394381 221
1317394441 212
1317394501 217
1317394561 216
1317394621 213
1317394681 218
1317394741 212
1317394801 212
1317394861 210
1317394921 208
1317394981 212
1317395041 215
1317395101 215
1317395161 212
1317395221 211
1317395281 216
1317395341 208
1317395401 214
1317395461 209
1317395521 204
1317395582 205
1317395641 208
1317395701 206
1317395761 206
1317395821 206
1317395881 210
1317395941 207
1317396001 205
1317396061 208
1317396121 203
1317396181 200
1317396241 199
1317396301 204
1317396361 197
1317396421 200
1317396481 196
1317396541 200
1317396601 200
1317396661 198
1317396721 203
1317396781 198
1317396841 191
1317396901 187
1317396961 185
1317397021 184
1317397081 182
1317397141 175
1317397201 172
1317397261 174
1317397321 170
1317397381 171
1317397441 170
1317397501 172
1317397561 176
1317397621 172
1317397681 180
1317397741 179
1317397801 179
1317397861 182
1317397921 186
1317397981 181
1317398041 187
1317398101 187
1317398161 185
1317398221 186
1317398281 183
1317398341 182
1317398401 178
