1311177661 3
1311177721 1
1311177781 2
1311177841 2
1311177901 2
1311177961 2
1311178021 2
1311178081 2
1311178141 2
1311178201 2
1311178261 2
1311178321 2
1311178381 2
1311178441 2
1311178501 2
1311178561 2
1311178621 2
1311178681 1
1311178741 2
1311178801 2
1311178862 2
1311178921 2
1311178981 2
1311179041 2
1311179101 2
1311179161 2
1311179221 2
1311179281 2
1311179341 2
1311179401 2
1311179461 2
1311179521 2
1311179581 2
1311179641 2
1311179701 2
1311179761 2
1311179821 2
1311179881 2
1311179941 2
1311180001 2
1311180061 2
1311180121 2
1311180181 2
1311180241 2
1311180301 2
1311180361 2
1311180421 2
1311180481 2
1311180541 2
1311180601 2
1311180661 2
1311180721 2
1311180781 2
1311180841 2
1311180901 2
1311180961 2
1311181021 2
1311181081 2
1311181141 2
1311181201 2
1311181261 2
1311181321 2
1311181381 2
1311181441 2
1311181501 2
1311181561 2
1311181621 2
1311181681 2
1311181741 2
1311181801 2
1311181861 1
1311181921 1
1311181981 1
1311182041 1
1311182101 1
1311182161 1
1311182221 1
1311182281 2
1311182341 2
1311182401 2
1311182461 2
1311182521 2
1311182581 3
1311182641 3
1311182701 3
1311182761 4
1311182821 4
1311182881 4
1311182941 4
1311183001 4
1311183061 4
1311183121 4
1311183181 4
1311183241 4
1311183301 4
1311183361 4
1311183421 4
1311183481 4
1311183541 4
1311183601 4
1311183661 4
1311183721 4
1311183781 4
1311183841 4
1311183902 4
1311183961 4
1311184021 4
1311184081 0
1311184141 1
1311184201 1
1311184261 1
1311184321 1
1311184381 1
1311184441 1
1311184501 1
1311184561 1
1311184621 1
1311184681 1
1311184741 1
1311184801 1
1311184861 1
1311184921 1
1311184981 1
1311185041 1
1311185101 1
1311185161 1
1311185221 1
1311185281 1
1311185341 1
1311185401 1
1311185461 1
1311185521 1
1311185581 1
1311185641 1
1311185701 1
1311185761 1
1311185821 1
1311185881 1
1311185941 1
1311186001 1
1311186061 1
1311186121 1
1311186181 1
1311186241 1
1311186301 1
1311186361 1
1311186421 1
1311186481 1
1311186541 1
1311186601 1
1311186661 1
1311186721 1
1311186781 1
1311186841 1
1311186901 1
1311186961 1
1311187021 1
1311187081 1
1311187141 1
1311187201 1
1311187261 1
1311187321 1
1311187381 1
1311187441 1
1311187501 1
1311187561 1
1311187621 1
1311187681 1
1311187741 1
1311187801 1
1311187861 1
1311187921 1
1311187981 1
1311188041 1
1311188101 1
1311188161 1
1311188221 1
1311188281 1
1311188341 1
1311188401 1
1311188461 1
1311188521 1
1311188581 1
1311188641 1
1311188701 1
1311188761 1
1311188821 1
1311188881 1
1311188941 1
1311189001 1
1311189061 1
1311189121 1
1311189181 1
1311189241 1
1311189301 1
1311189361 1
1311189421 2
1311189481 2
1311189541 2
1311189601 2
1311189661 2
1311189721 2
1311189781 2
1311189841 2
1311189901 2
1311189961 2
1311190021 2
1311190081 2
1311190141 2
1311190201 2
1311190262 2
1311190321 2
1311190381 2
1311190441 2
1311190501 2
1311190561 2
1311190621 2
1311190681 2
1311190741 2
1311190801 2
1311190861 0
1311190921 0
1311190981 0
1311191041 0
1311191101 0
1311191161 0
1311191221 0
1311191281 0
1311191341 0
1311191401 0
1311191461 0
1311191521 0
1311191581 0
1311191641 0
1311191701 0
1311191761 0
1311191821 0
1311191881 0
1311191941 0
1311192001 0
1311192061 0
1311192121 0
1311192182 0
1311192241 0
1311192301 0
1311192361 0
1311192421 0
1311192482 0
1311192541 0
1311192601 0
1311192661 0
1311192721 0
1311192781 0
1311192841 0
1311192901 0
1311192961 0
1311193021 0
1311193081 0
1311193141 0
1311193201 0
1311193261 0
1311193324 0
1311193381 0
1311193441 0
1311193502 0
1311193561 0
1311193621 0
1311193681 0
1311193742 0
1311193801 0
1311193861 0
1311193921 0
1311193981 0
1311194041 0
1311194101 0
1311194161 0
1311194221 0
1311194282 0
1311194341 0
1311194401 0
1311194461 0
1311194521 0
1311194581 0
1311194641 0
1311194701 0
1311194761 0
1311194821 0
1311194881 0
1311194941 0
1311195001 0
1311195061 0
1311195121 0
1311195181 0
1311195241 0
1311195301 0
1311195361 0
1311195421 0
1311195481 0
1311195541 1
1311195601 1
1311195661 1
1311195721 1
1311195781 1
1311195841 1
1311195901 1
1311195961 1
1311196021 1
1311196081 1
1311196141 1
1311196201 1
1311196193 1
1311196201 1
1311196261 1
1311196321 1
1311196381 1
1311196441 1
1311196501 1
1311196561 1
1311196621 1
1311196681 1
1311196741 1
1311196801 1
1311196861 1
1311196921 1
1311196981 1
1311197041 1
1311197101 1
1311197161 1
1311197221 1
1311197281 1
1311197341 1
1311197401 1
1311197461 1
1311197521 1
1311197581 1
1311197641 1
1311197701 1
1311197761 1
1311197821 1
1311197881 1
1311197941 1
1311198001 1
1311198061 1
1311198121 1
1311198181 1
1311198241 1
1311198301 1
1311198361 1
1311198421 1
1311198481 1
1311198541 1
1311198601 1
1311198661 1
1311198721 1
1311198781 1
1311198841 1
1311198901 1
1311198961 1
1311199021 1
1311199081 1
1311199141 1
1311199201 1
1311199262 1
1311199321 1
1311199381 1
1311199441 1
1311199501 1
1311199561 1
1311199621 1
1311199681 1
1311199741 1
1311199801 1
1311199861 1
1311199921 1
1311199981 1
1311200041 1
1311200101 1
1311200161 1
1311200221 1
1311200281 1
1311200341 1
1311200401 1
1311200461 1
1311200521 1
1311200581 1
1311200641 1
1311200701 1
1311200761 1
1311200821 1
1311200881 1
1311200941 1
1311201001 1
1311201061 1
1311201121 1
1311201181 1
1311201241 1
1311201301 1
1311201361 1
1311201421 1
1311201481 1
1311201541 1
1311201601 1
1311201661 1
1311201721 1
1311201781 1
1311201841 1
1311201901 1
1311201961 1
1311202021 1
1311202081 1
1311202141 1
1311202201 1
1311202261 1
1311202321 1
1311202381 1
1311202441 1
1311202501 1
1311202561 1
1311202621 1
1311202681 1
1311202742 1
1311202801 1
1311202861 1
1311202921 1
1311202981 1
1311203041 1
1311203101 1
1311203161 1
1311203222 1
1311203281 1
1311203341 1
1311203401 1
1311203461 1
1311203521 1
1311203581 1
1311203641 1
1311203701 1
1311203761 1
1311203821 1
1311203881 1
1311203941 1
1311204001 1
1311204061 1
1311204121 1
1311204181 1
1311204241 1
1311204301 1
1311204361 1
1311204421 1
1311204481 1
1311204541 1
1311204601 1
1311204661 1
1311204721 1
1311204781 1
1311204841 1
1311204901 1
1311204961 1
1311205021 1
1311205081 1
1311205141 1
1311205201 1
1311205261 1
1311205321 1
1311205381 1
1311205441 1
1311205501 1
1311205561 1
1311205621 1
1311205681 1
1311205741 1
1311205801 1
1311205861 1
1311205921 1
1311205981 1
1311206041 1
1311206101 1
1311206161 1
1311206221 1
1311206281 1
1311206341 1
1311206401 1
1311206461 1
1311206521 1
1311206581 1
1311206641 1
1311206701 1
1311206761 1
1311206821 1
1311206881 1
1311206941 1
1311207001 1
1311207062 1
1311207121 1
1311207181 1
1311207241 1
1311207301 1
1311207361 1
1311207421 1
1311207481 1
1311207541 1
1311207601 1
1311207661 1
1311207721 1
1311207781 1
1311207841 1
1311207901 1
1311207961 1
1311208021 1
1311208081 1
1311208141 1
1311208202 1
1311208262 1
1311208321 1
1311208381 1
1311208441 2
1311208501 1
1311208561 1
1311208621 1
1311208681 1
1311208741 1
1311208801 1
1311208861 1
1311208921 1
1311208981 1
1311209041 1
1311209101 1
1311209161 1
1311209221 1
1311209281 1
1311209341 1
1311209401 1
1311209461 1
1311209521 1
1311209581 1
1311209641 1
1311209701 1
1311209761 1
1311209821 1
1311209881 1
1311209941 1
1311210001 1
1311210061 1
1311210121 1
1311210181 1
1311210241 0
1311210301 0
1311210361 0
1311210421 0
1311210481 0
1311210541 0
1311210601 0
1311210661 0
1311210721 0
1311210781 0
1311210841 0
1311210901 0
1311210961 0
1311211021 0
1311211081 0
1311211141 1
1311211201 1
1311211261 1
1311211321 1
1311211381 1
1311211441 1
1311211501 1
1311211561 1
1311211621 1
1311211681 1
1311211741 1
1311211801 1
1311211861 1
1311211921 1
1311211981 1
1311212041 1
1311212101 1
1311212161 1
1311212221 0
1311212281 0
1311212341 0
1311212401 0
1311212461 0
1311212521 0
1311212581 0
1311212641 0
1311212701 0
1311212761 0
1311212821 0
1311212881 0
1311212941 1
1311213001 1
1311213061 2
1311213121 2
1311213181 2
1311213241 2
1311213301 2
1311213361 2
1311213421 1
1311213481 2
1311213541 2
1311213601 2
1311213661 2
1311213721 2
1311213781 2
1311213841 2
1311213901 2
1311213961 1
1311214021 1
1311214081 1
1311214141 1
1311214201 1
1311214261 2
1311214321 2
1311214381 2
1311214441 2
1311214501 2
1311214561 2
1311214621 2
1311214681 2
1311214741 2
1311214801 2
1311214861 2
1311214921 1
1311214981 1
1311215041 1
1311215101 1
1311215161 1
1311215221 1
1311215281 1
1311215341 1
1311215401 1
1311215461 1
1311215521 0
1311215581 0
1311215641 0
1311215701 0
1311215761 0
1311215821 0
1311215881 0
1311215941 1
1311216001 1
1311216061 1
1311216121 2
1311216181 2
1311216241 2
1311216301 2
1311216361 2
1311216421 2
1311216481 2
1311216541 2
1311216601 2
1311216661 2
1311216721 2
1311216781 1
1311216841 1
1311216901 1
1311216961 1
1311217021 1
1311217081 1
1311217141 1
1311217201 1
1311217262 1
1311217321 1
1311217381 2
1311217441 2
1311217501 2
1311217561 2
1311217621 2
1311217681 1
1311217741 2
1311217801 2
1311217861 2
1311217921 1
1311217981 1
1311218041 1
1311218101 1
1311218161 1
1311218221 1
1311218281 1
1311218341 1
1311218401 1
1311218461 1
1311218521 1
1311218581 1
1311218641 1
1311218701 1
1311218762 1
1311218821 1
1311218881 1
1311218941 1
1311219001 1
1311219061 2
1311219121 2
1311219181 2
1311219241 2
1311219301 2
1311219361 2
1311219421 2
1311219481 2
1311219541 2
1311219601 2
1311219661 2
1311219721 2
1311219781 2
1311219841 2
1311219901 2
1311219961 2
1311220021 2
1311220081 2
1311220141 2
1311220201 2
1311220261 2
1311220321 2
1311220381 2
1311220441 2
1311220501 2
1311220561 0
1311220621 0
1311220681 0
1311220741 0
1311220801 0
1311220861 0
1311220921 0
1311220981 1
1311221041 1
1311221101 1
1311221161 1
1311221221 1
1311221281 1
1311221342 1
1311221401 1
1311221461 1
1311221522 1
1311221581 1
1311221641 1
1311221701 1
1311221761 1
1311221821 1
1311221881 1
1311221941 1
1311222001 1
1311222061 1
1311222121 1
1311222181 1
1311222241 1
1311222301 1
1311222361 1
1311222421 1
1311222481 1
1311222541 1
1311222601 1
1311222661 1
1311222721 1
1311222781 1
1311222841 1
1311222901 1
1311222961 1
1311223021 1
1311223081 1
1311223141 1
1311223201 1
1311223261 1
1311223321 1
1311223381 1
1311223441 1
1311223501 1
1311223561 1
1311223621 2
1311223681 2
1311223741 2
1311223801 2
1311223861 2
1311223921 2
1311223981 2
1311224041 2
1311224101 2
1311224161 2
1311224221 2
1311224281 2
1311224341 1
1311224401 1
1311224461 1
1311224521 1
1311224581 1
1311224641 2
1311224701 2
1311224761 2
1311224821 2
1311224881 2
1311224941 3
1311225001 3
1311225061 4
1311225121 4
1311225181 4
1311225241 4
1311225301 4
1311225361 2
1311225421 2
1311225481 2
1311225541 2
1311225601 2
1311225661 2
1311225721 2
1311225781 2
1311225841 2
1311225901 2
1311225961 2
1311226021 2
1311226081 1
1311226141 1
1311226201 2
1311226261 2
1311226321 2
1311226381 2
1311226441 2
1311226501 2
1311226561 3
1311226621 3
1311226681 3
1311226741 3
1311226801 4
1311226861 4
1311226921 4
1311226981 4
1311227041 5
1311227101 6
1311227161 6
1311227222 6
1311227281 6
1311227341 6
1311227401 6
1311227461 6
1311227521 6
1311227581 6
1311227641 4
1311227701 4
1311227761 4
1311227821 5
1311227881 5
1311227941 5
1311228001 5
1311228061 5
1311228121 3
1311228181 3
1311228241 3
1311228301 3
1311228361 3
1311228421 3
1311228481 3
1311228541 3
1311228601 3
1311228661 3
1311228721 3
1311228781 3
1311228841 3
1311228901 3
1311228961 3
1311229021 3
1311229081 3
1311229141 3
1311229201 4
1311229262 4
1311229322 4
1311229381 4
1311229441 3
1311229501 4
1311229561 3
1311229621 4
1311229681 5
1311229741 5
1311229801 5
1311229861 5
1311229921 5
1311229981 5
1311230041 6
1311230101 6
1311230161 6
1311230221 6
1311230281 6
1311230341 6
1311230401 6
1311230461 6
1311230521 3
1311230581 3
1311230641 3
1311230701 6
1311230761 6
1311230821 6
1311230881 6
1311230941 6
1311231001 5
1311231061 5
1311231121 5
1311231181 5
1311231241 5
1311231301 5
1311231361 2
1311231421 3
1311231481 3
1311231541 3
1311231601 3
1311231661 4
1311231721 4
1311231781 4
1311231841 2
1311231901 3
1311231961 3
1311232021 4
1311232081 4
1311232141 4
1311232201 4
1311232261 4
1311232321 4
1311232381 4
1311232441 4
1311232501 4
1311232561 2
1311232621 2
1311232681 2
1311232741 2
1311232801 2
1311232861 3
1311232921 3
1311232981 3
1311233041 3
1311233101 3
1311233161 4
1311233221 4
1311233281 4
1311233341 4
1311233401 4
1311233461 4
1311233521 4
1311233582 2
1311233641 3
1311233701 3
1311233761 4
1311233821 3
1311233881 4
1311233941 4
1311234001 4
1311234061 5
1311234121 5
1311234181 5
1311234241 5
1311234301 5
1311234361 6
1311234422 6
1311234481 6
1311234541 6
1311234601 6
1311234661 7
1311234721 7
1311234781 7
1311234841 7
1311234901 7
1311234961 7
1311235021 7
1311235081 2
1311235141 3
1311235201 3
1311235261 3
1311235321 4
1311235381 4
1311235441 4
1311235501 4
1311235561 5
1311235621 5
1311235681 5
1311235741 5
1311235801 5
1311235861 4
1311235921 4
1311235981 4
1311236041 4
1311236101 4
1311236161 4
1311236221 5
1311236281 5
1311236341 4
1311236401 4
1311236461 5
1311236521 5
1311236581 5
1311236641 5
1311236701 5
1311236761 5
1311236821 5
1311236881 5
1311236942 5
1311237002 5
1311237061 6
1311237121 6
1311237181 6
1311237241 6
1311237301 6
1311237361 4
1311237421 4
1311237481 4
1311237541 4
1311237601 4
1311237661 5
1311237721 5
1311237781 5
1311237841 5
1311237901 5
1311237961 6
1311238021 6
1311238081 6
1311238141 6
1311238201 6
1311238261 2
1311238321 3
1311238381 3
1311238441 3
1311238501 3
1311238561 4
1311238621 4
1311238681 2
1311238741 3
1311238801 3
1311238861 3
1311238921 3
1311238981 3
1311239041 4
1311239101 4
1311239161 5
1311239221 4
1311239281 4
1311239341 4
1311239401 4
1311239461 5
1311239521 5
1311239581 5
1311239641 5
1311239701 3
1311239761 5
1311239821 5
1311239881 5
1311239941 5
1311240001 5
1311240061 6
1311240122 2
1311240182 3
1311240241 3
1311240301 3
1311240361 3
1311240421 3
1311240481 3
1311240541 3
1311240601 2
1311240661 3
1311240721 3
1311240781 3
1311240841 3
1311240901 3
1311240961 3
1311241021 3
1311241081 3
1311241141 3
1311241201 3
1311241261 3
1311241321 4
1311241381 4
1311241441 4
1311241501 4
1311241561 4
1311241621 4
1311241681 4
1311241741 4
1311241801 4
1311241861 5
1311241921 3
1311241981 3
1311242041 3
1311242101 3
1311242161 4
1311242221 4
1311242281 4
1311242341 4
1311242401 4
1311242461 4
1311242521 4
1311242581 4
1311242641 4
1311242701 4
1311242761 5
1311242822 5
1311242881 5
1311242941 5
1311243001 5
1311243061 6
1311243121 6
1311243181 6
1311243242 6
1311243301 6
1311243361 6
1311243421 6
1311243481 6
1311243541 6
1311243601 6
1311243661 6
1311243721 6
1311243781 6
1311243841 6
1311243901 6
1311243961 7
1311244022 7
1311244081 7
1311244141 7
1311244201 7
1311244261 7
1311244321 7
1311244381 7
1311244441 7
1311244501 7
1311244561 8
1311244621 8
1311244681 8
1311244741 8
1311244801 8
1311244861 8
1311244921 8
1311244981 8
1311245041 8
1311245101 8
1311245161 8
1311245221 8
1311245281 8
1311245341 8
1311245401 8
1311245461 8
1311245521 8
1311245581 8
1311245641 8
1311245701 8
1311245761 8
1311245821 8
1311245881 8
1311245941 8
1311246001 8
1311246061 8
1311246121 8
1311246181 8
1311246241 8
1311246301 8
1311246361 8
1311246421 8
1311246481 8
1311246541 8
1311246601 8
1311246661 8
1311246721 8
1311246781 8
1311246841 8
1311246901 8
1311246961 8
1311247021 8
1311247081 8
1311247141 8
1311247201 1
1311247261 1
1311247321 1
1311247381 1
1311247441 1
1311247501 1
1311247561 1
1311247621 1
1311247681 1
1311247741 1
1311247801 1
1311247861 1
1311247921 1
1311247981 1
1311248041 1
1311248101 1
1311248161 1
1311248221 1
1311248282 2
1311248341 2
1311248401 2
1311248461 2
1311248521 2
1311248581 2
1311248641 2
1311248701 1
1311248761 2
1311248821 2
1311248881 2
1311248941 2
1311249001 2
1311249061 2
1311249121 2
1311249181 2
1311249241 2
1311249301 2
1311249361 2
1311249421 2
1311249481 2
1311249541 2
1311249601 2
1311249661 2
1311249721 2
1311249781 2
1311249841 2
1311249901 2
1311249961 2
1311250021 2
1311250081 2
1311250141 2
1311250201 2
1311250261 2
1311250321 2
1311250381 2
1311250441 2
1311250501 2
1311250561 2
1311250621 2
1311250681 2
1311250741 2
1311250801 2
1311250861 1
1311250921 1
1311250981 2
1311251041 2
1311251101 2
1311251161 2
1311251221 2
1311251281 2
1311251341 2
1311251401 2
1311251461 2
1311251521 2
1311251581 2
1311251641 2
1311251701 2
1311251761 2
1311251821 2
1311251881 2
1311251941 2
1311252001 2
1311252061 2
1311252121 2
1311252181 2
1311252241 2
1311252301 2
1311252361 0
1311252421 0
1311252481 0
1311252541 0
1311252601 0
1311252661 1
1311252721 1
1311252782 1
1311252841 1
1311252901 1
1311252961 1
1311253021 1
1311253081 1
1311253141 1
1311253201 1
1311253261 0
1311253321 0
1311253381 0
1311253441 0
1311253501 1
1311253561 1
1311253621 1
1311253681 1
1311253741 1
1311253801 2
1311253861 2
1311253921 2
1311253981 2
1311254041 2
1311254101 2
1311254161 2
1311254221 2
1311254281 2
1311254341 2
1311254401 2
1311254461 2
1311254521 2
1311254581 2
1311254641 2
1311254701 2
1311254761 2
1311254821 2
1311254881 2
1311254941 2
1311255001 2
1311255061 2
1311255121 2
1311255181 2
1311255241 2
1311255301 2
1311255361 0
1311255421 0
1311255481 0
1311255541 0
1311255601 0
1311255661 0
1311255721 0
1311255781 0
1311255841 0
1311255901 0
1311255961 0
1311256021 0
1311256081 0
1311256141 0
1311256201 0
1311256261 0
1311256321 0
1311256381 0
1311256441 0
1311256501 0
1311256561 0
1311256621 0
1311256681 0
1311256741 0
1311256801 0
1311256861 0
1311256921 0
1311256981 0
1311257041 0
1311257101 0
1311257161 0
1311257221 0
1311257281 0
1311257341 0
1311257401 0
1311257461 0
1311257521 0
1311257581 0
1311257641 0
1311257701 0
1311257761 0
1311257821 0
1311257881 0
1311257941 0
1311258001 0
1311258061 0
1311258121 0
1311258181 0
1311258241 0
1311258301 0
1311258361 0
1311258421 0
1311258481 0
1311258541 0
1311258601 0
1311258661 0
1311258721 0
1311258781 0
1311258841 0
1311258901 0
1311258961 0
1311259021 0
1311259081 1
1311259141 1
1311259201 1
1311259261 1
1311259321 2
1311259381 2
1311259441 2
1311259501 2
1311259561 2
1311259621 2
1311259681 2
1311259741 2
1311259801 2
1311259861 2
1311259921 2
1311259981 2
1311260041 2
1311260101 2
1311260161 1
1311260221 1
1311260281 2
1311260342 2
1311260401 2
1311260461 2
1311260521 3
1311260581 2
1311260641 1
1311260701 1
1311260761 1
1311260821 1
1311260881 1
1311260941 1
1311261001 1
1311261061 1
1311261121 1
1311261181 0
1311261241 0
1311261301 0
1311261361 0
1311261421 0
1311261481 0
1311261541 0
1311261601 0
1311261661 0
1311261721 0
1311261781 0
1311261841 0
1311261901 0
1311261961 0
1311262021 0
1311262081 0
1311262141 0
1311262201 0
1311262261 0
1311262321 0
1311262381 0
1311262441 0
1311262501 0
1311262561 0
1311262621 0
1311262681 0
1311262741 0
1311262801 0
1311262861 0
1311262921 0
1311262981 0
1311263041 0
1311263101 0
1311263161 0
1311263221 0
1311263281 0
1311263341 0
1311263401 0
1311263461 0
1311263521 0
1311263581 0
1311263641 0
1311263701 0
1311263761 0
1311263821 0
1311263881 1
1311263941 1
1311264001 1
