1310832061 7
1310832121 7
1310832181 7
1310832241 7
1310832301 7
1310832361 7
1310832421 7
1310832481 7
1310832541 8
1310832601 8
1310832661 8
1310832721 8
1310832781 8
1310832841 8
1310832901 8
1310832961 8
1310833021 8
1310833081 8
1310833141 9
1310833201 5
1310833261 5
1310833321 5
1310833381 5
1310833442 6
1310833501 6
1310833561 6
1310833621 6
1310833681 6
1310833741 6
1310833801 6
1310833861 6
1310833921 6
1310833981 6
1310834041 7
1310834101 7
1310834161 7
1310834221 7
1310834281 7
1310834341 8
1310834401 8
1310834461 8
1310834521 8
1310834581 8
1310834641 8
1310834702 8
1310834761 8
1310834822 8
1310834881 8
1310834941 8
1310835001 8
1310835061 8
1310835121 8
1310835181 8
1310835241 8
1310835301 8
1310835361 8
1310835421 8
1310835481 8
1310835541 8
1310835601 8
1310835661 8
1310835721 8
1310835781 8
1310835841 8
1310835901 8
1310835961 4
1310836021 4
1310836081 4
1310836141 4
1310836201 4
1310836261 4
1310836321 4
1310836381 4
1310836441 5
1310836501 5
1310836561 5
1310836621 5
1310836681 5
1310836741 6
1310836801 6
1310836861 6
1310836921 6
1310836981 6
1310837041 7
1310837101 7
1310837161 7
1310837221 7
1310837281 7
1310837341 8
1310837401 8
1310837461 8
1310837521 5
1310837581 5
1310837641 5
1310837701 5
1310837762 5
1310837821 5
1310837881 5
1310837941 5
1310838001 5
1310838061 5
1310838121 5
1310838181 5
1310838241 5
1310838301 5
1310838361 5
1310838421 5
1310838481 5
1310838541 5
1310838601 5
1310838661 5
1310838721 5
1310838781 5
1310838841 5
1310838901 5
1310838961 5
1310839021 5
1310839081 5
1310839141 5
1310839201 5
1310839261 5
1310839321 5
1310839381 5
1310839441 5
1310839501 5
1310839561 5
1310839621 5
1310839681 5
1310839741 5
1310839801 5
1310839861 5
1310839921 5
1310839981 5
1310840041 5
1310840101 5
1310840161 5
1310840221 5
1310840281 5
1310840341 5
1310840401 5
1310840461 5
1310840521 5
1310840581 5
1310840641 5
1310840701 5
1310840761 5
1310840821 5
1310840881 5
1310840941 5
1310841001 5
1310841061 5
1310841121 5
1310841181 5
1310841241 5
1310841301 3
1310841361 5
1310841421 5
1310841481 5
1310841541 5
1310841601 5
1310841661 5
1310841721 5
1310841781 5
1310841841 5
1310841901 5
1310841961 5
1310842021 5
1310842082 5
1310842141 5
1310842201 4
1310842261 4
1310842321 4
1310842381 4
1310842441 4
1310842501 4
1310842561 4
1310842621 4
1310842681 4
1310842741 4
1310842801 4
1310842861 4
1310842921 4
1310842982 4
1310843041 4
1310843101 4
1310843161 3
1310843221 3
1310843281 3
1310843341 3
1310843401 3
1310843461 3
1310843521 3
1310843581 3
1310843641 3
1310843701 3
1310843761 3
1310843821 3
1310843881 3
1310843941 3
1310844001 3
1310844061 3
1310844121 3
1310844181 3
1310844241 3
1310844301 3
1310844361 3
1310844421 3
1310844481 3
1310844541 3
1310844601 3
1310844661 3
1310844721 3
1310844781 3
1310844841 3
1310844901 3
1310844961 3
1310845021 3
1310845081 3
1310845141 3
1310845201 3
1310845261 3
1310845321 3
1310845381 3
1310845441 3
1310845501 3
1310845561 3
1310845621 3
1310845681 3
1310845741 3
1310845801 3
1310845861 3
1310845921 3
1310845981 3
1310846041 3
1310846101 3
1310846161 3
1310846221 3
1310846281 3
1310846341 3
1310846401 3
1310846461 3
1310846521 3
1310846581 3
1310846641 3
1310846701 3
1310846761 3
1310846822 3
1310846881 3
1310846941 3
1310847001 3
1310847061 3
1310847121 3
1310847181 3
1310847241 3
1310847301 3
1310847361 3
1310847421 3
1310847481 3
1310847541 3
1310847601 3
1310847661 3
1310847721 3
1310847781 3
1310847841 3
1310847901 3
1310847961 3
1310848021 3
1310848081 3
1310848141 3
1310848201 3
1310848261 3
1310848321 4
1310848381 4
1310848441 4
1310848501 4
1310848561 4
1310848621 4
1310848681 4
1310848741 4
1310848801 4
1310848861 4
1310848921 4
1310848981 4
1310849041 4
1310849101 4
1310849161 4
1310849221 4
1310849281 4
1310849341 4
1310849401 4
1310849461 4
1310849521 4
1310849581 4
1310849641 4
1310849701 4
1310849761 4
1310849821 4
1310849881 4
1310849941 4
1310850001 4
1310850061 4
1310850121 4
1310850181 4
1310850241 4
1310850301 4
1310850361 4
1310850421 4
1310850481 4
1310850541 4
1310850601 4
1310850593 4
1310850601 4
1310850661 4
1310850721 4
1310850781 4
1310850841 4
1310850901 4
1310850961 4
1310851021 4
1310851081 4
1310851141 4
1310851201 4
1310851261 4
1310851321 4
1310851381 4
1310851441 4
1310851501 4
1310851561 4
1310851621 4
1310851681 4
1310851741 4
1310851801 4
1310851861 4
1310851921 4
1310851981 4
1310852041 4
1310852101 4
1310852161 4
1310852221 4
1310852281 4
1310852341 4
1310852401 4
1310852461 4
1310852521 4
1310852581 4
1310852641 4
1310852701 4
1310852761 4
1310852821 3
1310852881 4
1310852941 4
1310853001 4
1310853061 4
1310853121 4
1310853181 4
1310853241 4
1310853301 4
1310853361 4
1310853421 4
1310853481 4
1310853541 4
1310853601 4
1310853661 4
1310853721 4
1310853781 4
1310853841 4
1310853901 4
1310853961 4
1310854021 4
1310854081 4
1310854141 4
1310854202 4
1310854261 4
1310854321 4
1310854381 4
1310854441 4
1310854501 4
1310854561 4
1310854621 4
1310854681 4
1310854741 4
1310854801 4
1310854861 4
1310854921 4
1310854981 4
1310855041 4
1310855101 4
1310855161 4
1310855221 4
1310855281 4
1310855341 4
1310855401 4
1310855461 4
1310855521 4
1310855581 4
1310855641 4
1310855701 4
1310855761 4
1310855821 4
1310855882 4
1310855941 4
1310856001 4
1310856061 4
1310856121 4
1310856181 4
1310856241 4
1310856301 4
1310856361 4
1310856421 4
1310856481 4
1310856541 4
1310856601 4
1310856661 4
1310856721 4
1310856781 4
1310856841 4
1310856901 4
1310856961 4
1310857021 4
1310857081 4
1310857141 4
1310857201 4
1310857261 4
1310857321 4
1310857382 4
1310857441 4
1310857501 4
1310857561 4
1310857621 4
1310857681 4
1310857741 4
1310857801 4
1310857861 4
1310857921 4
1310857981 4
1310858041 4
1310858101 4
1310858161 4
1310858221 4
1310858281 4
1310858341 4
1310858401 4
1310858461 4
1310858521 4
1310858581 4
1310858641 4
1310858701 4
1310858761 4
1310858821 4
1310858881 4
1310858941 4
1310859001 4
1310859061 4
1310859121 4
1310859181 4
1310859241 4
1310859301 4
1310859361 4
1310859421 4
1310859481 4
1310859541 4
1310859601 4
1310859661 4
1310859721 4
1310859781 4
1310859841 4
1310859901 4
1310859961 4
1310860021 4
1310860081 4
1310860141 4
1310860202 4
1310860261 4
1310860321 4
1310860381 4
1310860441 4
1310860501 4
1310860561 4
1310860621 4
1310860681 4
1310860741 4
1310860801 4
1310860861 4
1310860921 4
1310860981 4
1310861041 4
1310861101 4
1310861161 4
1310861221 4
1310861281 4
1310861341 4
1310861401 4
1310861461 4
1310861521 4
1310861581 4
1310861641 4
1310861701 4
1310861762 4
1310861821 4
1310861881 4
1310861941 4
1310862001 4
1310862061 4
1310862121 4
1310862181 4
1310862241 4
1310862301 4
1310862361 4
1310862421 4
1310862481 4
1310862541 4
1310862601 4
1310862661 4
1310862721 4
1310862781 4
1310862841 4
1310862901 4
1310862961 3
1310863021 3
1310863081 3
1310863141 3
1310863201 3
1310863261 3
1310863321 3
1310863381 3
1310863441 3
1310863501 3
1310863561 3
1310863621 3
1310863681 3
1310863741 3
1310863801 3
1310863861 3
1310863921 3
1310863981 3
1310864041 3
1310864101 3
1310864161 3
1310864221 3
1310864281 3
1310864341 3
1310864401 3
1310864461 3
1310864521 3
1310864581 3
1310864641 3
1310864701 3
1310864761 3
1310864821 3
1310864881 3
1310864941 3
1310865001 3
1310865061 3
1310865121 3
1310865181 3
1310865241 3
1310865301 3
1310865361 3
1310865421 3
1310865481 3
1310865541 3
1310865601 3
1310865661 3
1310865721 3
1310865781 3
1310865841 4
1310865901 4
1310865961 4
1310866021 4
1310866081 4
1310866141 4
1310866201 4
1310866261 4
1310866321 4
1310866381 4
1310866441 4
1310866501 3
1310866561 3
1310866621 3
1310866681 3
1310866741 3
1310866801 3
1310866861 3
1310866921 3
1310866981 3
1310867041 3
1310867101 3
1310867161 3
1310867221 3
1310867281 3
1310867341 3
1310867401 3
1310867461 3
1310867521 3
1310867581 3
1310867641 3
1310867701 3
1310867761 3
1310867821 3
1310867881 3
1310867941 3
1310868001 3
1310868061 3
1310868121 3
1310868181 3
1310868241 3
1310868301 3
1310868361 3
1310868421 3
1310868481 3
1310868541 3
1310868601 3
1310868661 3
1310868721 3
1310868781 3
1310868841 3
1310868901 4
1310868961 4
1310869021 4
1310869081 4
1310869141 4
1310869202 4
1310869261 4
1310869321 4
1310869381 4
1310869441 4
1310869501 4
1310869561 4
1310869621 4
1310869681 4
1310869741 4
1310869801 4
1310869861 4
1310869921 4
1310869981 4
1310870041 4
1310870101 4
1310870161 4
1310870221 5
1310870281 5
1310870341 5
1310870401 5
1310870461 5
1310870521 5
1310870581 5
1310870641 5
1310870701 5
1310870761 5
1310870821 5
1310870881 5
1310870941 5
1310871001 5
1310871061 5
1310871121 5
1310871181 5
1310871241 5
1310871301 5
1310871361 5
1310871421 5
1310871481 4
1310871541 4
1310871601 4
1310871661 4
1310871721 4
1310871781 4
1310871841 4
1310871901 4
1310871962 4
1310872021 4
1310872081 4
1310872141 4
1310872201 4
1310872261 4
1310872321 4
1310872381 4
1310872441 4
1310872501 4
1310872561 4
1310872621 4
1310872681 4
1310872741 4
1310872801 4
1310872861 4
1310872921 4
1310872981 4
1310873041 4
1310873101 4
1310873161 4
1310873221 4
1310873281 4
1310873341 4
1310873401 4
1310873461 4
1310873521 4
1310873581 4
1310873641 4
1310873701 4
1310873761 4
1310873821 4
1310873881 4
1310873941 4
1310874001 4
1310874061 4
1310874121 4
1310874181 4
1310874241 4
1310874301 4
1310874361 4
1310874421 4
1310874481 4
1310874541 4
1310874601 4
1310874661 4
1310874721 4
1310874781 4
1310874841 4
1310874901 4
1310874962 4
1310875021 4
1310875081 4
1310875141 4
1310875201 4
1310875261 3
1310875321 3
1310875381 3
1310875441 3
1310875501 3
1310875561 3
1310875621 3
1310875681 3
1310875741 3
1310875801 3
1310875861 3
1310875921 3
1310875981 3
1310876041 3
1310876101 3
1310876162 3
1310876221 3
1310876281 3
1310876341 3
1310876401 3
1310876461 3
1310876521 3
1310876581 3
1310876641 3
1310876701 3
1310876761 3
1310876821 3
1310876881 3
1310876941 3
1310877001 3
1310877061 3
1310877121 3
1310877181 3
1310877241 3
1310877301 3
1310877361 3
1310877421 3
1310877481 3
1310877541 3
1310877601 3
1310877661 3
1310877721 3
1310877781 3
1310877841 3
1310877901 3
1310877961 3
1310878021 3
1310878081 3
1310878141 3
1310878201 3
1310878261 3
1310878321 3
1310878381 3
1310878441 3
1310878501 3
1310878561 3
1310878621 3
1310878681 3
1310878741 3
1310878801 3
1310878862 3
1310878921 3
1310878981 3
1310879041 3
1310879101 3
1310879161 3
1310879221 3
1310879281 3
1310879341 3
1310879401 3
1310879461 3
1310879521 3
1310879581 3
1310879641 3
1310879701 3
1310879761 3
1310879821 3
1310879881 3
1310879941 3
1310880001 3
1310880061 4
1310880121 4
1310880181 4
1310880241 4
1310880301 5
1310880361 5
1310880421 5
1310880481 5
1310880541 5
1310880601 5
1310880661 5
1310880721 5
1310880781 5
1310880841 5
1310880901 5
1310880961 5
1310881021 5
1310881081 5
1310881141 5
1310881201 5
1310881261 5
1310881321 5
1310881381 5
1310881441 3
1310881501 3
1310881561 3
1310881621 3
1310881681 3
1310881741 3
1310881801 3
1310881861 3
1310881921 3
1310881981 3
1310882041 3
1310882102 3
1310882161 3
1310882221 3
1310882281 3
1310882341 3
1310882401 3
1310882461 3
1310882521 3
1310882581 3
1310882641 3
1310882701 4
1310882762 4
1310882822 4
1310882881 4
1310882941 4
1310883001 4
1310883061 4
1310883121 3
1310883181 3
1310883241 3
1310883301 3
1310883361 3
1310883421 4
1310883481 4
1310883541 4
1310883601 4
1310883661 4
1310883721 4
1310883781 5
1310883841 5
1310883901 5
1310883961 5
1310884021 5
1310884081 5
1310884141 5
1310884201 5
1310884261 5
1310884321 5
1310884381 5
1310884441 5
1310884501 5
1310884561 5
1310884621 5
1310884681 5
1310884741 5
1310884801 5
1310884861 5
1310884921 5
1310884981 5
1310885041 5
1310885101 5
1310885161 5
1310885221 5
1310885281 5
1310885342 5
1310885401 5
1310885461 5
1310885521 5
1310885581 5
1310885641 5
1310885701 5
1310885761 5
1310885821 5
1310885881 5
1310885941 5
1310886001 5
1310886061 5
1310886121 5
1310886181 5
1310886241 5
1310886301 5
1310886361 5
1310886421 5
1310886481 4
1310886541 5
1310886601 5
1310886661 5
1310886721 5
1310886781 5
1310886841 5
1310886901 5
1310886962 5
1310887021 5
1310887081 5
1310887141 5
1310887201 5
1310887261 5
1310887321 5
1310887381 5
1310887441 5
1310887501 5
1310887561 5
1310887621 5
1310887681 5
1310887741 4
1310887802 4
1310887861 4
1310887921 4
1310887981 4
1310888041 4
1310888101 4
1310888161 4
1310888221 4
1310888281 4
1310888341 4
1310888401 4
1310888461 4
1310888521 4
1310888581 4
1310888641 4
1310888701 4
1310888761 4
1310888821 4
1310888881 4
1310888941 3
1310889001 3
1310889061 3
1310889121 3
1310889181 4
1310889241 4
1310889301 4
1310889361 4
1310889421 4
1310889481 4
1310889541 4
1310889601 4
1310889661 4
1310889721 4
1310889781 4
1310889841 4
1310889901 4
1310889961 4
1310890021 4
1310890081 4
1310890141 4
1310890201 4
1310890261 4
1310890321 4
1310890381 4
1310890441 3
1310890501 3
1310890561 3
1310890621 3
1310890681 3
1310890741 3
1310890801 3
1310890861 3
1310890921 3
1310890981 3
1310891041 4
1310891101 4
1310891161 4
1310891221 4
1310891281 4
1310891341 4
1310891401 4
1310891461 4
1310891521 4
1310891581 3
1310891641 5
1310891701 5
1310891761 5
1310891821 5
1310891881 5
1310891941 5
1310892001 5
1310892061 5
1310892121 5
1310892181 5
1310892241 5
1310892301 5
1310892361 5
1310892421 5
1310892481 5
1310892541 5
1310892601 5
1310892661 6
1310892721 6
1310892781 6
1310892842 6
1310892901 6
1310892961 6
1310893021 6
1310893081 6
1310893141 6
1310893201 6
1310893261 6
1310893321 6
1310893381 6
1310893441 6
1310893501 6
1310893561 6
1310893621 5
1310893681 5
1310893741 5
1310893801 7
1310893861 8
1310893921 9
1310893981 9
1310894041 9
1310894101 9
1310894161 9
1310894221 9
1310894281 9
1310894341 9
1310894401 9
1310894461 9
1310894521 9
1310894581 3
1310894641 4
1310894701 4
1310894761 4
1310894821 4
1310894881 4
1310894941 4
1310895001 4
1310895061 3
1310895121 3
1310895181 3
1310895241 3
1310895301 3
1310895361 4
1310895421 4
1310895481 4
1310895541 4
1310895601 4
1310895661 4
1310895721 4
1310895781 4
1310895841 4
1310895901 4
1310895961 4
1310896021 4
1310896081 4
1310896141 4
1310896201 4
1310896261 4
1310896321 4
1310896381 3
1310896441 3
1310896501 3
1310896561 3
1310896621 3
1310896681 3
1310896741 3
1310896801 3
1310896861 4
1310896921 5
1310896981 5
1310897041 5
1310897101 5
1310897161 5
1310897221 5
1310897281 5
1310897341 6
1310897401 6
1310897461 6
1310897521 6
1310897581 6
1310897641 6
1310897701 6
1310897761 6
1310897821 6
1310897881 6
1310897941 6
1310898001 6
1310898061 6
1310898121 6
1310898181 6
1310898241 6
1310898301 3
1310898361 4
1310898421 4
1310898481 4
1310898541 4
1310898601 4
1310898661 4
1310898721 4
1310898781 4
1310898841 4
1310898901 4
1310898961 4
1310899021 4
1310899081 4
1310899141 4
1310899201 3
1310899261 3
1310899321 3
1310899381 3
1310899441 3
1310899501 3
1310899561 3
1310899621 3
1310899681 3
1310899741 4
1310899801 4
1310899861 4
1310899921 4
1310899981 4
1310900041 4
1310900101 4
1310900161 4
1310900221 4
1310900281 4
1310900341 4
1310900401 4
1310900461 4
1310900521 3
1310900581 4
1310900641 4
1310900701 4
1310900761 4
1310900821 4
1310900881 4
1310900941 4
1310901001 4
1310901061 4
1310901121 4
1310901181 4
1310901241 4
1310901301 4
1310901361 4
1310901421 4
1310901481 4
1310901541 4
1310901601 4
1310901662 4
1310901721 4
1310901781 4
1310901842 4
1310901902 4
1310901961 4
1310902022 4
1310902081 4
1310902141 4
1310902201 4
1310902261 4
1310902321 4
1310902381 4
1310902441 4
1310902501 4
1310902561 4
1310902621 4
1310902681 4
1310902741 4
1310902801 4
1310902861 4
1310902921 4
1310902981 4
1310903041 4
1310903101 4
1310903161 4
1310903221 4
1310903281 4
1310903341 4
1310903401 4
1310903461 4
1310903521 4
1310903581 4
1310903641 4
1310903701 4
1310903761 4
1310903821 3
1310903881 4
1310903941 4
1310904001 4
1310904061 4
1310904121 4
1310904181 4
1310904241 4
1310904301 4
1310904361 6
1310904421 6
1310904481 6
1310904541 7
1310904601 7
1310904661 7
1310904721 7
1310904781 5
1310904841 5
1310904901 5
1310904961 5
1310905021 5
1310905081 5
1310905141 5
1310905201 5
1310905261 5
1310905321 5
1310905381 5
1310905441 5
1310905501 5
1310905561 5
1310905621 4
1310905681 4
1310905741 4
1310905801 4
1310905861 4
1310905921 4
1310905981 5
1310906041 5
1310906101 5
1310906161 5
1310906221 5
1310906281 5
1310906341 5
1310906401 4
1310906461 5
1310906521 5
1310906581 5
1310906641 5
1310906701 5
1310906761 4
1310906821 5
1310906881 5
1310906941 5
1310907001 5
1310907061 5
1310907121 5
1310907181 5
1310907241 5
1310907301 5
1310907361 5
1310907421 5
1310907481 5
1310907541 3
1310907602 4
1310907661 4
1310907722 4
1310907782 4
1310907841 4
1310907901 5
1310907961 5
1310908021 6
1310908081 6
1310908141 6
1310908201 7
1310908261 7
1310908321 7
1310908381 7
1310908441 7
1310908501 7
1310908561 7
1310908621 7
1310908681 7
1310908741 7
1310908801 7
1310908861 7
1310908921 7
1310908981 7
1310909041 7
1310909101 7
1310909161 7
1310909221 7
1310909281 7
1310909341 4
1310909401 4
1310909461 4
1310909521 6
1310909581 7
1310909641 7
1310909701 7
1310909761 7
1310909821 7
1310909881 7
1310909941 7
1310910001 7
1310910062 7
1310910121 7
1310910181 7
1310910241 7
1310910301 7
1310910361 7
1310910421 7
1310910481 6
1310910541 7
1310910601 6
1310910661 6
1310910721 6
1310910781 6
1310910841 6
1310910901 6
1310910961 6
1310911021 6
1310911081 6
1310911141 3
1310911201 4
1310911261 4
1310911321 5
1310911381 5
1310911441 5
1310911501 5
1310911561 5
1310911621 5
1310911681 5
1310911741 4
1310911801 4
1310911861 4
1310911921 4
1310911982 4
1310912041 4
1310912101 4
1310912161 4
1310912221 4
1310912281 4
1310912341 4
1310912401 4
1310912461 4
1310912521 4
1310912581 4
1310912641 3
1310912701 3
1310912761 3
1310912821 3
1310912881 3
1310912941 3
1310913001 3
1310913061 3
1310913121 3
1310913181 3
1310913241 3
1310913301 3
1310913361 3
1310913421 3
1310913481 3
1310913541 3
1310913601 3
1310913661 3
1310913721 3
1310913781 3
1310913841 3
1310913901 3
1310913961 3
1310914021 3
1310914081 3
1310914141 3
1310914201 3
1310914261 3
1310914321 3
1310914381 3
1310914441 3
1310914501 3
1310914561 4
1310914621 4
1310914681 4
1310914741 4
1310914801 4
1310914861 4
1310914921 5
1310914981 5
1310915041 5
1310915101 6
1310915161 6
1310915221 6
1310915281 6
1310915341 6
1310915401 6
1310915461 6
1310915521 6
1310915581 6
1310915641 6
1310915701 6
1310915761 6
1310915821 6
1310915881 6
1310915941 6
1310916001 6
1310916061 6
1310916121 5
1310916181 5
1310916241 5
1310916302 5
1310916361 5
1310916421 5
1310916481 5
1310916541 5
1310916601 4
1310916661 4
1310916721 5
1310916781 5
1310916841 5
1310916901 5
1310916961 5
1310917021 5
1310917081 5
1310917141 5
1310917201 5
1310917261 5
1310917321 6
1310917381 6
1310917441 6
1310917501 6
1310917561 5
1310917621 6
1310917681 6
1310917741 6
1310917801 6
1310917861 6
1310917921 7
1310917981 7
1310918041 7
1310918101 7
1310918161 7
1310918221 7
1310918281 7
1310918341 5
1310918401 5
