1309536061 111
1309536121 110
1309536181 101
1309536241 105
1309536301 108
1309536361 107
1309536421 107
1309536481 103
1309536541 101
1309536601 100
1309536661 101
1309536722 103
1309536781 102
1309536841 101
1309536901 103
1309536961 93
1309537021 94
1309537081 94
1309537141 92
1309537201 90
1309537261 92
1309537322 95
1309537381 99
1309537441 102
1309537501 106
1309537561 107
1309537621 102
1309537681 105
1309537741 93
1309537801 92
1309537861 90
1309537921 89
1309537981 86
1309538041 82
1309538101 86
1309538161 86
1309538221 85
1309538281 85
1309538341 88
1309538401 95
1309538461 100
1309538521 96
1309538581 98
1309538641 102
1309538701 97
1309538761 92
1309538821 89
1309538881 86
1309538941 86
1309539001 81
1309539061 84
1309539121 79
1309539181 81
1309539241 80
1309539301 83
1309539361 85
1309539421 84
1309539481 82
1309539541 85
1309539601 80
1309539661 80
1309539721 77
1309539781 76
1309539841 78
1309539901 78
1309539961 80
1309540021 80
1309540081 80
1309540142 79
1309540201 82
1309540261 78
1309540321 76
1309540381 74
1309540441 78
1309540501 80
1309540561 74
1309540621 76
1309540681 78
1309540741 79
1309540801 81
1309540861 77
1309540921 75
1309540981 78
1309541041 76
1309541101 75
1309541161 77
1309541221 77
1309541281 76
1309541341 73
1309541401 73
1309541461 73
1309541521 70
1309541581 69
1309541641 69
1309541701 65
1309541761 70
1309541821 70
1309541881 71
1309541941 76
1309542001 74
1309542061 73
1309542121 70
1309542181 68
1309542242 67
1309542301 69
1309542361 71
1309542421 72
1309542481 63
1309542541 68
1309542601 67
1309542661 67
1309542721 68
1309542781 69
1309542841 71
1309542901 61
1309542961 60
1309543021 61
1309543081 53
1309543141 54
1309543201 57
1309543261 62
1309543321 56
1309543381 60
1309543441 60
1309543501 67
1309543561 63
1309543621 63
1309543681 63
1309543741 56
1309543801 55
1309543861 54
1309543921 55
1309543981 54
1309544041 55
1309544101 53
1309544161 52
1309544221 54
1309544281 56
1309544341 53
1309544401 54
1309544461 55
1309544521 54
1309544581 55
1309544641 55
1309544701 56
1309544761 54
1309544821 54
1309544881 55
1309544941 53
1309545001 51
1309545061 53
1309545121 51
1309545181 51
1309545241 51
1309545301 52
1309545361 55
1309545421 55
1309545481 46
1309545541 47
1309545601 50
1309545661 51
1309545721 49
1309545781 51
1309545841 49
1309545901 49
1309545961 51
1309546021 51
1309546081 48
1309546141 48
1309546201 50
1309546261 51
1309546321 51
1309546381 44
1309546441 43
1309546501 43
1309546561 44
1309546621 44
1309546681 44
1309546741 44
1309546801 41
1309546861 44
1309546921 44
1309546981 44
1309547041 44
1309547101 44
1309547161 45
1309547221 45
1309547281 41
1309547341 41
1309547401 41
1309547461 42
1309547521 42
1309547581 43
1309547641 43
1309547701 41
1309547761 43
1309547821 43
1309547881 44
1309547941 44
1309548001 44
1309548061 45
1309548121 45
1309548181 45
1309548241 45
1309548301 39
1309548361 40
1309548421 42
1309548481 42
1309548541 43
1309548601 43
1309548661 44
1309548721 44
1309548781 45
1309548841 45
1309548901 40
1309548961 42
1309549021 42
1309549081 43
1309549141 43
1309549201 44
1309549261 44
1309549321 44
1309549381 44
1309549442 38
1309549501 39
1309549561 41
1309549621 39
1309549681 39
1309549741 40
1309549801 41
1309549861 40
1309549921 41
1309549981 45
1309550041 46
1309550101 47
1309550161 47
1309550221 47
1309550281 48
1309550341 41
1309550401 41
1309550461 42
1309550521 36
1309550581 38
1309550641 38
1309550701 38
1309550761 37
1309550821 38
1309550881 39
1309550941 37
1309551001 37
1309551061 38
1309551121 37
1309551181 38
1309551241 36
1309551301 38
1309551361 40
1309551421 39
1309551481 40
1309551541 41
1309551601 41
1309551661 43
1309551721 43
1309551781 43
1309551841 43
1309551901 44
1309551961 45
1309552021 45
1309552081 46
1309552141 46
1309552201 46
1309552261 46
1309552321 46
1309552381 36
1309552441 37
1309552501 37
1309552561 39
1309552621 37
1309552681 38
1309552741 39
1309552801 40
1309552861 42
1309552921 38
1309552981 38
1309553041 38
1309553101 34
1309553161 35
1309553221 35
1309553281 35
1309553341 35
1309553401 35
1309553461 34
1309553521 35
1309553581 36
1309553641 36
1309553701 36
1309553761 36
1309553821 36
1309553881 37
1309553941 37
1309554001 37
1309554061 36
1309554121 37
1309554181 38
1309554241 37
1309554301 37
1309554361 38
1309554421 38
1309554481 39
1309554541 39
1309554601 39
1309554661 39
1309554721 35
1309554781 36
1309554841 36
1309554901 36
1309554961 38
1309555021 38
1309555081 36
1309555141 35
1309555201 36
1309555261 37
1309555321 37
1309555381 37
1309555441 37
1309555501 37
1309555561 38
1309555621 38
1309555681 39
1309555741 34
1309555801 36
1309555861 36
1309555921 39
1309555981 40
1309556041 40
1309556101 40
1309556161 42
1309556221 42
1309556281 35
1309556341 35
1309556401 36
1309556461 37
1309556521 37
1309556581 38
1309556641 38
1309556701 38
1309556762 34
1309556821 34
1309556881 35
1309556941 35
1309557001 36
1309557061 38
1309557121 38
1309557181 38
1309557241 33
1309557301 33
1309557361 35
1309557421 35
1309557481 36
1309557541 36
1309557601 36
1309557661 38
1309557721 38
1309557781 38
1309557841 38
1309557901 38
1309557961 38
1309558021 38
1309558081 38
1309558141 38
1309558201 38
1309558261 38
1309558321 38
1309558381 39
1309558441 39
1309558501 34
1309558561 35
1309558621 36
1309558681 36
1309558741 36
1309558801 36
1309558861 37
1309558922 38
1309558981 38
1309559041 38
1309559101 38
1309559161 39
1309559221 35
1309559281 34
1309559341 34
1309559401 35
1309559461 35
1309559521 36
1309559581 36
1309559641 36
1309559701 34
1309559761 35
1309559821 36
1309559881 33
1309559941 33
1309560001 34
1309560061 35
1309560121 35
1309560181 35
1309560241 35
1309560301 33
1309560361 35
1309560421 36
1309560481 34
1309560541 34
1309560601 34
1309560661 35
1309560721 37
1309560781 37
1309560841 35
1309560901 35
1309560961 37
1309561021 38
1309561081 38
1309561141 34
1309561201 36
1309561261 37
1309561321 38
1309561381 38
1309561441 38
1309561501 36
1309561561 37
1309561621 38
1309561681 38
1309561741 34
1309561801 34
1309561861 36
1309561921 37
1309561981 33
1309562041 35
1309562101 36
1309562161 37
1309562221 36
1309562281 36
1309562341 36
1309562401 37
1309562461 37
1309562521 39
1309562581 36
1309562641 37
1309562701 38
1309562761 37
1309562821 38
1309562881 38
1309562941 36
1309563002 38
1309563061 39
1309563121 40
1309563181 40
1309563241 40
1309563301 41
1309563361 44
1309563421 45
1309563481 37
1309563541 38
1309563601 40
1309563661 43
1309563721 44
1309563781 44
1309563841 45
1309563901 39
1309563961 39
1309564021 40
1309564081 40
1309564141 35
1309564201 36
1309564261 36
1309564321 37
1309564381 37
1309564441 37
1309564501 37
1309564561 38
1309564621 37
1309564681 36
1309564741 36
1309564801 37
1309564861 39
1309564921 41
1309564981 38
1309565041 39
1309565101 39
1309565161 40
1309565221 39
1309565281 39
1309565341 39
1309565401 38
1309565462 40
1309565522 37
1309565581 39
1309565641 36
1309565701 40
1309565761 41
1309565821 39
1309565881 40
1309565941 40
1309566001 36
1309566061 39
1309566121 39
1309566181 39
1309566241 39
1309566301 37
1309566361 38
1309566421 40
1309566481 40
1309566541 40
1309566601 40
1309566661 43
1309566721 41
1309566781 42
1309566841 42
1309566902 43
1309566961 43
1309567021 40
1309567081 40
1309567141 40
1309567201 41
1309567261 44
1309567321 42
1309567381 42
1309567441 42
1309567501 38
1309567561 40
1309567621 39
1309567681 38
1309567741 37
1309567801 37
1309567861 39
1309567921 38
1309567981 38
1309568041 38
1309568101 39
1309568161 37
1309568221 38
1309568281 37
1309568341 36
1309568401 39
1309568461 41
1309568521 35
1309568581 36
1309568641 36
1309568701 39
1309568761 39
1309568821 40
1309568881 38
1309568941 38
1309569001 40
1309569061 41
1309569121 41
1309569181 38
1309569241 37
1309569301 39
1309569361 41
1309569421 37
1309569481 36
1309569541 37
1309569601 40
1309569661 44
1309569721 43
1309569781 44
1309569841 44
1309569901 43
1309569961 43
1309570021 41
1309570081 42
1309570141 40
1309570201 42
1309570261 44
1309570321 45
1309570381 45
1309570441 42
1309570501 43
1309570561 42
1309570621 46
1309570681 43
1309570741 44
1309570801 43
1309570861 47
1309570921 48
1309570981 43
1309571041 42
1309571102 42
1309571161 43
1309571221 45
1309571281 43
1309571341 48
1309571401 48
1309571461 51
1309571521 48
1309571581 47
1309571641 45
1309571701 47
1309571761 46
1309571821 46
1309571881 42
1309571941 45
1309572001 47
1309572061 46
1309572121 51
1309572181 51
1309572241 50
1309572301 50
1309572362 52
1309572421 47
1309572481 44
1309572541 42
1309572601 45
1309572661 44
1309572721 45
1309572781 44
1309572841 44
1309572901 51
1309572961 46
1309573021 46
1309573081 46
1309573141 46
1309573201 47
1309573261 45
1309573321 45
1309573381 47
1309573441 47
1309573501 48
1309573561 49
1309573621 50
1309573681 47
1309573741 45
1309573801 45
1309573861 48
1309573921 49
1309573981 43
1309574041 43
1309574101 43
1309574161 45
1309574221 42
1309574281 39
1309574341 43
1309574401 44
1309574461 46
1309574521 48
1309574581 48
1309574641 49
1309574701 52
1309574761 50
1309574821 50
1309574881 48
1309574941 49
1309575001 52
1309575061 54
1309575121 49
1309575181 48
1309575241 50
1309575301 51
1309575361 52
1309575421 52
1309575481 53
1309575542 53
1309575601 47
1309575661 48
1309575721 43
1309575781 41
1309575841 43
1309575901 45
1309575961 47
1309576021 48
1309576081 50
1309576141 50
1309576201 51
1309576261 51
1309576321 50
1309576381 51
1309576441 46
1309576501 49
1309576561 49
1309576621 53
1309576681 56
1309576741 57
1309576801 61
1309576861 63
1309576921 61
1309576981 61
1309577041 52
1309577101 52
1309577161 57
1309577221 54
1309577281 48
1309577341 53
1309577401 57
1309577461 59
1309577521 52
1309577581 54
1309577642 54
1309577701 53
1309577761 54
1309577821 56
1309577881 57
1309577941 57
1309578001 57
1309578061 50
1309578121 52
1309578181 51
1309578241 45
1309578301 47
1309578361 48
1309578421 53
1309578481 50
1309578541 52
1309578601 52
1309578661 52
1309578721 55
1309578781 53
1309578841 53
1309578901 54
1309578961 55
1309579021 56
1309579081 57
1309579141 53
1309579201 55
1309579261 56
1309579321 58
1309579381 50
1309579441 46
1309579501 46
1309579561 46
1309579621 50
1309579681 52
1309579741 55
1309579801 56
1309579861 57
1309579921 53
1309579981 51
1309580041 50
1309580101 55
1309580161 51
1309580221 54
1309580281 54
1309580341 51
1309580401 52
1309580461 46
1309580521 46
1309580581 46
1309580641 47
1309580701 47
1309580761 48
1309580821 46
1309580881 43
1309580941 47
1309581001 46
1309581061 48
1309581121 48
1309581181 48
1309581241 51
1309581301 51
1309581361 51
1309581421 49
1309581481 50
1309581541 51
1309581601 50
1309581661 49
1309581721 51
1309581781 51
1309581841 50
1309581901 53
1309581961 56
1309582021 58
1309582081 59
1309582141 61
1309582201 61
1309582261 63
1309582321 59
1309582381 49
1309582441 50
1309582501 50
1309582561 46
1309582621 47
1309582681 46
1309582741 45
1309582801 48
1309582861 50
1309582921 53
1309582981 53
1309583042 53
1309583101 54
1309583161 53
1309583221 49
1309583281 45
1309583341 48
1309583401 47
1309583461 49
1309583521 50
1309583581 49
1309583641 48
1309583701 52
1309583761 54
1309583821 56
1309583881 50
1309583941 52
1309584001 54
1309584061 52
1309584121 48
1309584181 52
1309584241 49
1309584301 52
1309584361 52
1309584421 49
1309584481 50
1309584541 44
1309584601 43
1309584661 46
1309584721 45
1309584781 47
1309584841 47
1309584901 49
1309584961 54
1309585021 52
1309585081 53
1309585141 51
1309585201 50
1309585261 54
1309585321 51
1309585381 52
1309585441 50
1309585501 54
1309585561 54
1309585621 52
1309585681 54
1309585741 53
1309585801 53
1309585861 56
1309585921 56
1309585981 53
1309586041 55
1309586101 57
1309586161 58
1309586221 55
1309586281 58
1309586341 58
1309586401 60
1309586461 57
1309586522 56
1309586581 50
1309586641 51
1309586701 51
1309586761 54
1309586821 48
1309586881 47
1309586941 47
1309587001 49
1309587061 48
1309587121 49
1309587181 51
1309587241 48
1309587301 53
1309587361 55
1309587421 55
1309587481 53
1309587541 52
1309587601 47
1309587661 47
1309587721 51
1309587781 48
1309587841 50
1309587901 51
1309587961 52
1309588021 54
1309588081 50
1309588141 46
1309588201 51
1309588261 50
1309588321 53
1309588381 52
1309588441 54
1309588501 55
1309588561 53
1309588621 49
1309588681 48
1309588741 48
1309588801 51
1309588861 54
1309588921 48
1309588981 48
1309589041 49
1309589101 49
1309589162 49
1309589221 43
1309589281 45
1309589341 47
1309589401 49
1309589461 44
1309589521 45
1309589581 48
1309589641 47
1309589701 49
1309589761 51
1309589821 49
1309589881 53
1309589941 54
1309590001 55
1309590061 58
1309590121 53
1309590181 56
1309590241 57
1309590301 54
1309590361 49
1309590421 49
1309590481 49
1309590541 50
1309590601 50
1309590661 52
1309590721 50
1309590782 51
1309590841 44
1309590902 46
1309590961 48
1309591021 49
1309591081 50
1309591141 48
1309591201 50
1309591261 53
1309591321 54
1309591381 48
1309591441 49
1309591501 50
1309591561 51
1309591621 52
1309591681 53
1309591741 50
1309591801 52
1309591861 48
1309591921 49
1309591981 47
1309592041 47
1309592101 50
1309592161 54
1309592221 56
1309592281 54
1309592341 58
1309592401 61
1309592461 61
1309592521 62
1309592581 62
1309592641 63
1309592701 63
1309592761 64
1309592821 62
1309592881 60
1309592941 60
1309593001 54
1309593061 59
1309593121 60
1309593181 63
1309593241 63
1309593301 61
1309593361 65
1309593421 66
1309593481 64
1309593541 60
1309593601 62
1309593661 65
1309593721 66
1309593781 67
1309593841 62
1309593901 60
1309593961 63
1309594022 57
1309594081 58
1309594141 57
1309594201 58
1309594261 62
1309594321 62
1309594381 63
1309594441 62
1309594501 63
1309594561 65
1309594621 63
1309594681 58
1309594741 58
1309594801 57
1309594861 60
1309594921 61
1309594981 57
1309595041 58
1309595101 60
1309595161 58
1309595221 59
1309595281 57
1309595341 61
1309595401 63
1309595461 61
1309595521 55
1309595581 58
1309595641 56
1309595701 58
1309595762 56
1309595821 57
1309595881 57
1309595941 57
1309596001 61
1309596061 62
1309596121 63
1309596181 61
1309596241 65
1309596301 65
1309596361 60
1309596421 61
1309596481 57
1309596541 60
1309596601 59
1309596661 63
1309596721 62
1309596781 59
1309596841 62
1309596901 60
1309596961 63
1309597021 64
1309597081 59
1309597141 61
1309597201 61
1309597261 63
1309597321 65
1309597381 60
1309597441 60
1309597501 64
1309597561 63
1309597621 66
1309597681 66
1309597741 67
1309597801 64
1309597861 66
1309597921 65
1309597981 65
1309598041 67
1309598101 62
1309598161 63
1309598221 65
1309598281 55
1309598341 56
1309598401 56
1309598461 58
1309598521 58
1309598581 61
1309598641 63
1309598701 64
1309598761 64
1309598821 61
1309598882 63
1309598941 64
1309599001 60
1309599061 59
1309599121 59
1309599181 59
1309599241 59
1309599301 56
1309599361 60
1309599421 61
1309599481 60
1309599541 64
1309599601 59
1309599661 63
1309599721 59
1309599781 59
1309599841 63
1309599901 57
1309599961 61
1309600021 63
1309600081 63
1309600141 66
1309600201 64
1309600261 68
1309600321 69
1309600381 66
1309600441 69
1309600501 64
1309600561 72
1309600621 72
1309600681 62
1309600741 65
1309600801 61
1309600861 62
1309600921 62
1309600981 64
1309601041 68
1309601101 66
1309601161 67
1309601221 65
1309601281 64
1309601341 66
1309601401 65
1309601461 68
1309601521 70
1309601581 67
1309601641 68
1309601701 66
1309601761 67
1309601821 65
1309601881 67
1309601941 70
1309602001 64
1309602061 68
1309602121 64
1309602181 64
1309602241 60
1309602301 58
1309602361 61
1309602421 62
1309602481 59
1309602541 62
1309602601 60
1309602661 62
1309602721 61
1309602781 61
1309602841 64
1309602901 62
1309602962 62
1309603021 62
1309603081 62
1309603141 67
1309603201 58
1309603261 60
1309603321 57
1309603381 57
1309603441 59
1309603501 59
1309603561 63
1309603621 63
1309603681 61
1309603741 65
1309603801 66
1309603861 68
1309603921 61
1309603981 59
1309604041 62
1309604101 58
1309604161 61
1309604221 57
1309604281 56
1309604341 59
1309604401 59
1309604461 58
1309604521 59
1309604581 59
1309604641 59
1309604701 56
1309604761 56
1309604821 57
1309604881 58
1309604941 58
1309605001 54
1309605061 57
1309605121 54
1309605182 53
1309605241 61
1309605302 56
1309605362 59
1309605421 59
1309605481 55
1309605541 60
1309605601 56
1309605661 52
1309605721 53
1309605781 51
1309605841 54
1309605901 54
1309605961 51
1309606021 52
1309606081 54
1309606141 54
1309606201 55
1309606261 55
1309606321 56
1309606381 59
1309606441 62
1309606501 62
1309606561 62
1309606621 54
1309606681 56
1309606741 56
1309606801 52
1309606861 52
1309606921 52
1309606981 52
1309607041 54
1309607101 55
1309607161 55
1309607221 56
1309607281 57
1309607341 61
1309607401 58
1309607461 59
1309607521 59
1309607581 59
1309607641 62
1309607701 56
1309607761 58
1309607821 55
1309607881 52
1309607941 56
1309608001 54
1309608061 53
1309608121 54
1309608181 57
1309608241 59
1309608301 58
1309608361 59
1309608421 60
1309608481 67
1309608541 68
1309608601 65
1309608661 62
1309608721 62
1309608781 65
1309608841 60
1309608901 60
1309608961 54
1309609021 54
1309609082 52
1309609141 56
1309609201 57
1309609261 60
1309609322 61
1309609382 63
1309609441 64
1309609501 63
1309609561 65
1309609621 67
1309609681 65
1309609741 66
1309609802 67
1309609861 66
1309609921 66
1309609981 67
1309610041 68
1309610101 68
1309610161 62
1309610221 61
1309610281 63
1309610341 61
1309610401 57
1309610461 59
1309610521 59
1309610581 62
1309610641 66
1309610701 66
1309610761 67
1309610821 63
1309610881 65
1309610941 67
1309611001 66
1309611061 65
1309611121 66
1309611181 68
1309611241 66
1309611301 62
1309611361 64
1309611421 66
1309611481 67
1309611541 66
1309611601 67
1309611661 64
1309611721 65
1309611781 66
1309611841 63
1309611901 59
1309611961 59
1309612021 59
1309612081 62
1309612141 64
1309612201 63
1309612261 64
1309612321 62
1309612381 66
1309612441 67
1309612501 63
1309612561 62
1309612621 63
1309612681 62
1309612741 63
1309612801 65
1309612861 67
1309612921 65
1309612981 68
1309613041 70
1309613101 69
1309613161 69
1309613221 68
1309613281 68
1309613341 67
1309613401 66
1309613461 67
1309613521 65
1309613582 71
1309613641 69
1309613701 64
1309613761 64
1309613821 69
1309613881 73
1309613941 73
1309614001 70
1309614061 71
1309614121 72
1309614181 74
1309614241 74
1309614301 71
1309614361 71
1309614421 73
1309614481 77
1309614541 79
1309614601 77
1309614661 80
1309614721 80
1309614781 82
1309614841 81
1309614901 75
1309614961 76
1309615021 74
1309615081 76
1309615141 72
1309615201 69
1309615261 72
1309615321 69
1309615381 74
1309615441 72
1309615501 74
1309615561 73
1309615621 75
1309615681 79
1309615742 73
1309615802 75
1309615861 75
1309615921 68
1309615981 68
1309616041 69
1309616101 70
1309616161 70
1309616221 69
1309616281 73
1309616341 74
1309616401 74
1309616461 78
1309616521 78
1309616581 81
1309616641 80
1309616701 81
1309616761 79
1309616821 81
1309616881 84
1309616941 85
1309617001 78
1309617061 79
1309617121 82
1309617181 81
1309617241 85
1309617301 79
1309617361 77
1309617421 79
1309617481 81
1309617541 78
1309617601 73
1309617661 80
1309617721 80
1309617781 82
1309617841 82
1309617901 79
1309617961 82
1309618021 82
1309618081 78
1309618141 77
1309618201 78
1309618261 79
1309618321 77
1309618381 76
1309618441 76
1309618501 75
1309618561 75
1309618621 78
1309618681 80
1309618741 82
1309618801 81
1309618861 81
1309618921 81
1309618981 85
1309619041 82
1309619101 80
1309619161 83
1309619221 83
1309619281 86
1309619341 80
1309619401 81
1309619461 83
1309619521 84
1309619581 88
1309619641 89
1309619701 83
1309619761 84
1309619821 87
1309619881 86
1309619941 87
1309620002 82
1309620061 81
1309620121 87
1309620181 82
1309620241 84
1309620301 77
1309620361 80
1309620421 79
1309620481 80
1309620541 80
1309620601 82
1309620661 82
1309620721 84
1309620781 88
1309620841 87
1309620901 89
1309620961 86
1309621021 87
1309621081 79
1309621142 75
1309621201 72
1309621261 70
1309621321 66
1309621381 70
1309621441 71
1309621501 75
1309621561 69
1309621621 69
1309621681 68
1309621741 71
1309621801 73
1309621861 66
1309621921 69
1309621981 69
1309622041 70
1309622101 71
1309622161 68
1309622221 70
1309622281 70
1309622341 65
1309622401 66
