1308240061 548
1308240121 550
1308240181 561
1308240241 548
1308240301 545
1308240361 542
1308240421 543
1308240481 541
1308240541 536
1308240601 525
1308240661 529
1308240721 539
1308240781 550
1308240841 529
1308240901 530
1308240961 541
1308241021 538
1308241081 535
1308241141 522
1308241201 523
1308241261 528
1308241321 523
1308241381 519
1308241441 513
1308241501 506
1308241561 512
1308241621 507
1308241681 509
1308241743 513
1308241801 516
1308241861 524
1308241921 513
1308241981 516
1308242041 514
1308242101 508
1308242161 508
1308242221 506
1308242281 503
1308242341 501
1308242401 493
1308242461 507
1308242521 493
1308242581 487
1308242641 500
1308242701 489
1308242761 485
1308242821 487
1308242881 486
1308242941 490
1308243001 490
1308243061 490
1308243121 486
1308243181 482
1308243241 498
1308243301 500
1308243361 492
1308243421 486
1308243481 482
1308243541 490
1308243601 475
1308243661 471
1308243721 465
1308243781 464
1308243841 470
1308243901 458
1308243961 474
1308244021 462
1308244081 459
1308244141 458
1308244201 460
1308244262 465
1308244321 443
1308244381 445
1308244441 456
1308244502 444
1308244562 443
1308244621 431
1308244681 426
1308244741 419
1308244801 420
1308244861 430
1308244921 413
1308244981 409
1308245041 419
1308245101 421
1308245161 435
1308245221 417
1308245281 421
1308245341 421
1308245401 420
1308245461 414
1308245521 408
1308245581 407
1308245641 412
1308245701 409
1308245761 410
1308245821 407
1308245881 409
1308245941 416
1308246001 414
1308246061 412
1308246121 408
1308246181 406
1308246242 411
1308246301 394
1308246361 395
1308246421 405
1308246481 387
1308246541 390
1308246601 382
1308246661 377
1308246721 372
1308246781 376
1308246841 368
1308246901 361
1308246961 367
1308247021 375
1308247081 355
1308247141 356
1308247201 362
1308247261 345
1308247321 352
1308247381 341
1308247441 342
1308247501 330
1308247561 338
1308247621 341
1308247681 340
1308247741 346
1308247801 342
1308247861 340
1308247921 337
1308247981 334
1308248041 332
1308248101 335
1308248161 334
1308248221 334
1308248281 338
1308248341 331
1308248401 333
1308248461 341
1308248521 329
1308248581 322
1308248641 319
1308248701 313
1308248761 309
1308248821 299
1308248881 308
1308248941 305
1308249001 289
1308249062 295
1308249121 297
1308249181 292
1308249241 289
1308249301 282
1308249361 292
1308249421 297
1308249481 280
1308249541 287
1308249601 282
1308249661 287
1308249721 288
1308249781 281
1308249841 288
1308249901 281
1308249961 287
1308250021 285
1308250081 292
1308250141 286
1308250201 288
1308250261 290
1308250321 293
1308250381 297
1308250441 289
1308250501 283
1308250561 286
1308250621 277
1308250681 274
1308250741 281
1308250801 275
1308250861 272
1308250921 276
1308250981 276
1308251041 274
1308251101 279
1308251161 278
1308251221 273
1308251281 279
1308251341 284
1308251401 278
1308251461 263
1308251521 259
1308251581 259
1308251641 259
1308251701 257
1308251761 252
1308251822 260
1308251881 258
1308251941 246
1308252001 249
1308252061 246
1308252121 242
1308252181 242
1308252241 236
1308252301 240
1308252361 228
1308252421 235
1308252481 212
1308252541 206
1308252601 206
1308252661 204
1308252721 210
1308252781 204
1308252841 193
1308252901 190
1308252961 192
1308253021 187
1308253081 195
1308253141 193
1308253201 196
1308253261 192
1308253321 193
1308253381 198
1308253441 195
1308253501 183
1308253561 188
1308253621 184
1308253681 188
1308253741 181
1308253801 182
1308253861 187
1308253921 184
1308253981 179
1308254041 183
1308254101 177
1308254161 181
1308254221 181
1308254281 177
1308254342 180
1308254401 177
1308254461 181
1308254521 185
1308254581 184
1308254641 189
1308254701 182
1308254761 188
1308254821 192
1308254881 196
1308254941 199
1308255001 175
1308255061 174
1308255121 169
1308255181 172
1308255241 171
1308255301 175
1308255361 170
1308255421 167
1308255481 170
1308255541 162
1308255601 167
1308255661 165
1308255721 171
1308255781 164
1308255841 168
1308255901 167
1308255961 172
1308256021 174
1308256082 164
1308256141 169
1308256201 161
1308256262 168
1308256321 163
1308256381 160
1308256441 165
1308256501 169
1308256561 159
1308256621 162
1308256681 159
1308256741 156
1308256801 161
1308256861 166
1308256921 169
1308256981 157
1308257041 160
1308257101 160
1308257161 163
1308257221 165
1308257281 158
1308257341 158
1308257402 159
1308257461 167
1308257521 162
1308257581 165
1308257641 168
1308257701 174
1308257761 180
1308257821 181
1308257881 182
1308257941 185
1308258001 156
1308258061 159
1308258121 162
1308258181 158
1308258241 161
1308258301 166
1308258361 160
1308258421 162
1308258481 165
1308258541 150
1308258601 154
1308258661 156
1308258721 158
1308258781 161
1308258841 164
1308258901 156
1308258961 160
1308259021 156
1308259081 159
1308259141 155
1308259201 160
1308259261 166
1308259321 154
1308259381 151
1308259441 153
1308259501 159
1308259561 164
1308259621 167
1308259681 170
1308259741 173
1308259801 177
1308259861 147
1308259921 148
1308259981 150
1308260041 154
1308260101 150
1308260161 148
1308260221 152
1308260281 150
1308260341 152
1308260401 156
1308260461 161
1308260521 162
1308260581 166
1308260641 155
1308260701 159
1308260761 163
1308260821 144
1308260881 148
1308260941 145
1308261001 150
1308261061 155
1308261122 145
1308261182 145
1308261241 146
1308261301 150
1308261361 141
1308261421 142
1308261481 146
1308261541 150
1308261601 154
1308261661 151
1308261721 152
1308261781 155
1308261842 149
1308261901 152
1308261961 156
1308262021 148
1308262081 152
1308262141 156
1308262201 160
1308262262 163
1308262321 164
1308262381 147
1308262441 148
1308262501 145
1308262561 150
1308262621 151
1308262681 145
1308262741 147
1308262801 151
1308262861 156
1308262921 159
1308262981 163
1308263041 166
1308263101 149
1308263161 156
1308263221 158
1308263281 142
1308263341 146
1308263401 150
1308263461 154
1308263521 143
1308263581 147
1308263641 145
1308263701 149
1308263761 143
1308263821 145
1308263881 148
1308263941 152
1308264001 148
1308264061 150
1308264121 148
1308264181 151
1308264241 155
1308264301 148
1308264361 149
1308264421 153
1308264481 144
1308264541 149
1308264601 153
1308264661 148
1308264721 146
1308264781 151
1308264841 155
1308264901 151
1308264961 153
1308265021 155
1308265081 160
1308265141 164
1308265201 151
1308265261 155
1308265321 152
1308265381 155
1308265441 156
1308265501 156
1308265561 159
1308265621 158
1308265681 156
1308265741 160
1308265801 162
1308265861 155
1308265921 155
1308265981 153
1308266041 159
1308266101 150
1308266161 154
1308266221 154
1308266281 157
1308266341 159
1308266401 163
1308266461 162
1308266521 160
1308266581 163
1308266641 162
1308266701 157
1308266761 161
1308266821 162
1308266881 164
1308266941 161
1308267001 160
1308267061 162
1308267121 157
1308267181 159
1308267241 164
1308267301 153
1308267361 159
1308267421 156
1308267481 156
1308267541 154
1308267601 158
1308267661 159
1308267721 163
1308267781 155
1308267841 159
1308267901 161
1308267961 167
1308268021 168
1308268081 171
1308268141 170
1308268201 175
1308268261 173
1308268321 172
1308268381 171
1308268441 173
1308268501 169
1308268561 173
1308268622 171
1308268681 168
1308268741 171
1308268801 167
1308268861 166
1308268921 165
1308268981 167
1308269041 170
1308269101 162
1308269161 170
1308269221 176
1308269281 172
1308269341 177
1308269401 169
1308269461 175
1308269521 178
1308269581 175
1308269641 187
1308269701 188
1308269761 197
1308269821 198
1308269881 194
1308269941 202
1308270001 199
1308270061 193
1308270121 189
1308270181 191
1308270241 192
1308270301 183
1308270361 192
1308270421 195
1308270481 201
1308270541 203
1308270601 204
1308270661 206
1308270721 200
1308270781 208
1308270841 208
1308270901 206
1308270961 206
1308271021 197
1308271081 200
1308271141 202
1308271201 202
1308271261 203
1308271321 201
1308271381 205
1308271441 205
1308271501 204
1308271561 205
1308271621 203
1308271681 210
1308271741 216
1308271801 208
1308271861 214
1308271921 211
1308271981 212
1308272041 218
1308272101 210
1308272161 221
1308272221 225
1308272281 223
1308272341 217
1308272401 221
1308272461 220
1308272521 221
1308272581 220
1308272641 217
1308272701 213
1308272761 219
1308272821 227
1308272881 228
1308272941 229
1308273001 227
1308273061 228
1308273121 237
1308273181 233
1308273241 233
1308273301 233
1308273362 227
1308273421 232
1308273481 228
1308273541 224
1308273601 221
1308273661 220
1308273721 229
1308273781 228
1308273841 234
1308273901 234
1308273961 239
1308274021 237
1308274081 236
1308274141 235
1308274201 231
1308274261 231
1308274321 241
1308274381 237
1308274441 240
1308274501 233
1308274561 239
1308274621 244
1308274681 245
1308274741 248
1308274801 245
1308274861 243
1308274921 251
1308274981 255
1308275041 253
1308275101 258
1308275161 259
1308275221 264
1308275281 260
1308275341 262
1308275401 260
1308275461 263
1308275521 260
1308275581 252
1308275641 256
1308275701 256
1308275761 250
1308275821 252
1308275881 257
1308275941 255
1308276001 262
1308276061 259
1308276121 262
1308276181 264
1308276241 267
1308276301 262
1308276361 263
1308276421 269
1308276481 273
1308276541 275
1308276601 275
1308276661 276
1308276721 286
1308276781 277
1308276841 274
1308276901 273
1308276961 268
1308277021 264
1308277081 265
1308277141 266
1308277201 278
1308277261 283
1308277322 284
1308277381 291
1308277441 287
1308277501 295
1308277561 290
1308277621 294
1308277681 302
1308277741 296
1308277801 292
1308277861 295
1308277921 290
1308277981 303
1308278041 302
1308278101 300
1308278161 302
1308278221 310
1308278281 323
1308278341 313
1308278401 308
1308278461 306
1308278521 305
1308278581 303
1308278641 300
1308278701 304
1308278761 308
1308278821 301
1308278881 309
1308278941 310
1308279001 306
1308279061 312
1308279122 314
1308279181 319
1308279241 313
1308279301 315
1308279361 308
1308279421 310
1308279481 322
1308279541 314
1308279601 314
1308279661 320
1308279721 319
1308279781 335
1308279841 330
1308279901 322
1308279961 333
1308280021 327
1308280081 339
1308280141 325
1308280201 330
1308280261 339
1308280321 327
1308280381 335
1308280441 332
1308280501 329
1308280561 337
1308280621 331
1308280681 342
1308280741 330
1308280801 339
1308280861 345
1308280921 344
1308280982 357
1308281041 350
1308281101 352
1308281161 360
1308281221 357
1308281281 367
1308281341 347
1308281401 348
1308281461 352
1308281521 337
1308281581 346
1308281641 339
1308281701 340
1308281761 340
1308281821 347
1308281881 344
1308281941 343
1308282001 341
1308282061 349
1308282121 353
1308282181 363
1308282241 355
1308282301 349
1308282361 356
1308282421 359
1308282481 359
1308282541 351
1308282602 348
1308282661 355
1308282721 352
1308282781 353
1308282841 352
1308282901 345
1308282961 342
1308283021 339
1308283081 346
1308283141 344
1308283201 344
1308283261 345
1308283321 346
1308283381 359
1308283441 343
1308283501 335
1308283561 341
1308283621 336
1308283681 345
1308283741 326
1308283801 328
1308283861 338
1308283921 339
1308283981 350
1308284041 338
1308284101 346
1308284161 343
1308284221 349
1308284281 360
1308284341 349
1308284401 344
1308284461 350
1308284521 357
1308284581 365
1308284641 356
1308284701 353
1308284761 359
1308284821 359
1308284881 370
1308284941 360
1308285001 356
1308285061 361
1308285121 356
1308285181 361
1308285241 356
1308285301 350
1308285361 362
1308285421 355
1308285481 375
1308285541 368
1308285601 368
1308285661 374
1308285721 372
1308285781 380
1308285841 371
1308285901 371
1308285961 375
1308286021 374
1308286081 383
1308286141 366
1308286201 361
1308286261 364
1308286321 362
1308286381 373
1308286441 370
1308286501 373
1308286561 375
1308286621 375
1308286682 393
1308286741 383
1308286801 381
1308286861 397
1308286921 393
1308286981 403
1308287041 385
1308287101 385
1308287161 382
1308287221 370
1308287281 377
1308287341 376
1308287401 379
1308287461 381
1308287521 381
1308287581 396
1308287641 389
1308287701 394
1308287761 397
1308287821 396
1308287881 404
1308287941 396
1308288001 409
1308288061 414
1308288121 411
1308288181 424
1308288241 419
1308288301 419
1308288361 423
1308288421 417
1308288481 425
1308288542 421
1308288601 420
1308288661 411
1308288721 406
1308288781 417
1308288841 419
1308288901 422
1308288961 414
1308289021 423
1308289081 440
1308289141 422
1308289201 426
1308289261 422
1308289321 435
1308289381 454
1308289441 446
1308289501 444
1308289561 440
1308289621 443
1308289681 452
1308289741 445
1308289801 442
1308289861 439
1308289921 447
1308289981 461
1308290041 452
1308290101 457
1308290161 461
1308290221 465
1308290281 468
1308290341 463
1308290401 466
1308290461 465
1308290521 458
1308290581 466
1308290641 463
1308290702 478
1308290761 476
1308290821 469
1308290881 484
1308290941 480
1308291001 485
1308291061 483
1308291121 493
1308291181 508
1308291241 495
1308291301 495
1308291361 502
1308291421 506
1308291481 518
1308291541 517
1308291601 516
1308291661 524
1308291721 517
1308291781 522
1308291841 512
1308291901 504
1308291961 498
1308292021 499
1308292081 511
1308292141 500
1308292201 497
1308292261 499
1308292321 496
1308292381 513
1308292441 511
1308292501 510
1308292561 513
1308292621 515
1308292681 529
1308292741 524
1308292801 524
1308292861 534
1308292921 528
1308292981 542
1308293041 536
1308293101 540
1308293161 536
1308293221 523
1308293281 535
1308293341 516
1308293401 515
1308293461 517
1308293521 516
1308293581 536
1308293641 534
1308293701 526
1308293761 531
1308293821 534
1308293881 552
1308293941 532
1308294001 522
1308294061 523
1308294121 531
1308294181 539
1308294241 534
1308294301 531
1308294361 535
1308294421 536
1308294481 542
1308294541 525
1308294601 522
1308294661 529
1308294721 529
1308294781 535
1308294841 526
1308294901 536
1308294961 534
1308295021 531
1308295081 547
1308295141 554
1308295201 563
1308295261 560
1308295321 557
1308295381 568
1308295441 569
1308295501 574
1308295561 568
1308295621 568
1308295681 580
1308295741 578
1308295801 574
1308295861 576
1308295921 568
1308295981 577
1308296041 575
1308296101 570
1308296161 575
1308296221 572
1308296281 583
1308296341 573
1308296401 572
1308296461 579
1308296521 574
1308296581 580
1308296641 582
1308296701 577
1308296761 576
1308296821 571
1308296881 586
1308296941 582
1308297001 584
1308297061 590
1308297121 583
1308297181 591
1308297241 586
1308297301 591
1308297361 591
1308297421 598
1308297481 608
1308297541 594
1308297601 595
1308297661 599
1308297721 602
1308297781 606
1308297841 601
1308297901 599
1308297961 603
1308298021 603
1308298081 610
1308298141 595
1308298201 597
1308298261 606
1308298321 608
1308298381 608
1308298441 607
1308298501 604
1308298561 615
1308298621 611
1308298681 608
1308298741 602
1308298801 608
1308298861 603
1308298921 596
1308298981 601
1308299041 596
1308299101 597
1308299161 597
1308299221 588
1308299281 590
1308299341 586
1308299401 592
1308299461 597
1308299521 599
1308299581 603
1308299641 602
1308299701 602
1308299761 614
1308299821 606
1308299881 618
1308299941 616
1308300001 630
1308300061 644
1308300122 638
1308300181 647
1308300241 645
1308300301 651
1308300361 649
1308300421 655
1308300481 653
1308300541 646
1308300601 647
1308300661 650
1308300721 643
1308300781 638
1308300841 623
1308300901 618
1308300961 613
1308301021 605
1308301081 600
1308301141 594
1308301201 604
1308301261 601
1308301321 599
1308301381 605
1308301441 594
1308301501 601
1308301561 611
1308301621 611
1308301681 613
1308301741 604
1308301801 602
1308301861 612
1308301921 612
1308301981 612
1308302041 598
1308302101 600
1308302161 599
1308302221 588
1308302281 593
1308302341 586
1308302401 589
1308302461 600
1308302521 587
1308302581 594
1308302641 594
1308302702 596
1308302761 604
1308302822 594
1308302881 613
1308302941 595
1308303001 600
1308303061 603
1308303121 600
1308303181 597
1308303241 595
1308303301 594
1308303361 601
1308303421 597
1308303481 599
1308303541 603
1308303601 604
1308303661 610
1308303721 603
1308303781 610
1308303841 594
1308303901 595
1308303961 601
1308304021 590
1308304082 593
1308304141 593
1308304201 579
1308304261 583
1308304321 577
1308304381 573
1308304441 569
1308304501 566
1308304561 578
1308304621 570
1308304681 563
1308304741 558
1308304801 548
1308304861 563
1308304921 552
1308304981 546
1308305041 544
1308305101 543
1308305161 551
1308305222 547
1308305281 537
1308305341 540
1308305401 531
1308305461 536
1308305521 531
1308305581 522
1308305641 527
1308305701 523
1308305761 516
1308305821 513
1308305881 514
1308305941 505
1308306002 502
1308306061 497
1308306121 497
1308306182 499
1308306241 498
1308306301 500
1308306361 495
1308306421 480
1308306481 478
1308306541 483
1308306601 459
1308306661 445
1308306721 441
1308306781 444
1308306841 435
1308306901 429
1308306961 426
1308307021 425
1308307081 425
1308307141 421
1308307201 419
1308307261 421
1308307321 411
1308307381 410
1308307441 399
1308307502 392
1308307561 393
1308307621 389
1308307681 382
1308307741 375
1308307801 380
1308307861 373
1308307921 376
1308307981 384
1308308041 365
1308308101 363
1308308161 366
1308308221 358
1308308281 364
1308308341 366
1308308401 360
1308308461 369
1308308521 375
1308308581 379
1308308641 379
1308308701 374
1308308761 384
1308308821 392
1308308881 386
1308308941 383
1308309001 381
1308309061 382
1308309121 387
1308309181 382
1308309242 384
1308309301 375
1308309362 380
1308309422 387
1308309481 369
1308309541 373
1308309601 375
1308309661 372
1308309721 381
1308309781 380
1308309841 376
1308309902 370
1308309961 378
1308310021 380
1308310081 375
1308310141 376
1308310201 374
1308310261 373
1308310321 375
1308310381 380
1308310441 373
1308310501 371
1308310561 369
1308310621 379
1308310681 371
1308310741 371
1308310801 368
1308310861 360
1308310921 365
1308310981 372
1308311041 370
1308311101 368
1308311161 378
1308311221 387
1308311281 382
1308311341 385
1308311401 380
1308311461 383
1308311521 373
1308311581 377
1308311641 370
1308311701 359
1308311761 360
1308311821 360
1308311881 366
1308311941 368
1308312001 371
1308312061 368
1308312121 365
1308312181 371
1308312241 374
1308312301 362
1308312361 370
1308312421 372
1308312481 372
1308312541 375
1308312601 369
1308312661 371
1308312721 375
1308312782 379
1308312842 381
1308312901 380
1308312961 374
1308313021 368
1308313081 379
1308313141 374
1308313201 363
1308313261 369
1308313321 371
1308313381 370
1308313441 381
1308313501 370
1308313561 373
1308313621 379
1308313681 377
1308313741 375
1308313801 383
1308313861 365
1308313921 370
1308313981 373
1308314041 384
1308314101 384
1308314161 385
1308314221 396
1308314281 398
1308314341 399
1308314401 403
1308314461 401
1308314521 403
1308314581 403
1308314641 404
1308314701 412
1308314761 402
1308314821 405
1308314881 418
1308314941 412
1308315001 405
1308315061 407
1308315121 406
1308315181 405
1308315241 410
1308315301 410
1308315361 410
1308315421 407
1308315481 408
1308315541 417
1308315601 412
1308315661 410
1308315721 414
1308315781 407
1308315841 411
1308315901 419
1308315961 410
1308316021 413
1308316081 414
1308316141 417
1308316201 422
1308316261 416
1308316321 422
1308316381 419
1308316441 423
1308316501 435
1308316561 419
1308316621 419
1308316681 422
1308316741 428
1308316801 441
1308316861 424
1308316921 429
1308316981 420
1308317041 427
1308317101 435
1308317161 424
1308317221 422
1308317281 424
1308317341 435
1308317401 442
1308317461 427
1308317521 430
1308317581 440
1308317641 440
1308317701 449
1308317761 432
1308317821 440
1308317881 445
1308317941 451
1308318001 446
1308318061 448
1308318121 455
1308318181 448
1308318241 451
1308318301 456
1308318361 446
1308318421 447
1308318481 445
1308318542 455
1308318601 466
1308318661 460
1308318721 464
1308318781 461
1308318841 469
1308318901 454
1308318961 445
1308319021 456
1308319081 451
1308319141 453
1308319201 466
1308319261 451
1308319321 452
1308319381 458
1308319441 460
1308319501 450
1308319561 451
1308319621 457
1308319681 456
1308319741 449
1308319801 452
1308319862 440
1308319921 441
1308319981 442
1308320041 439
1308320101 437
1308320161 423
1308320221 429
1308320281 432
1308320341 434
1308320401 425
1308320461 427
1308320521 431
1308320581 435
1308320641 436
1308320701 437
1308320761 426
1308320821 429
1308320881 434
1308320941 425
1308321001 438
1308321061 429
1308321121 435
1308321181 441
1308321241 440
1308321301 449
1308321361 437
1308321421 444
1308321481 439
1308321541 436
1308321601 440
1308321661 438
1308321721 448
1308321781 451
1308321841 452
1308321901 461
1308321961 465
1308322021 467
1308322081 456
1308322141 465
1308322201 474
1308322261 458
1308322321 465
1308322381 458
1308322441 466
1308322501 462
1308322561 455
1308322621 450
1308322681 450
1308322741 456
1308322801 440
1308322861 442
1308322921 456
1308322981 456
1308323041 462
1308323101 457
1308323161 453
1308323221 465
1308323281 443
1308323341 438
1308323401 439
1308323461 430
1308323521 447
1308323581 437
1308323641 440
1308323701 440
1308323761 438
1308323821 451
1308323881 452
1308323941 453
1308324001 458
1308324061 447
1308324121 457
1308324181 467
1308324241 460
1308324301 478
1308324361 463
1308324421 466
1308324481 464
1308324541 460
1308324601 455
1308324661 451
1308324721 459
1308324781 450
1308324841 451
1308324901 457
1308324961 439
1308325021 447
1308325081 439
1308325141 444
1308325201 442
1308325261 431
1308325321 437
1308325381 445
1308325441 444
1308325501 450
1308325561 428
1308325621 439
1308325681 431
1308325741 439
1308325801 437
1308325861 437
1308325921 446
1308325981 443
1308326041 438
1308326101 443
1308326161 432
1308326221 450
1308326281 425
1308326341 426
1308326401 423
