1318089661 173
1318089721 177
1318089781 169
1318089841 164
1318089901 160
1318089961 160
1318090021 151
1318090081 153
1318090141 158
1318090201 161
1318090261 156
1318090321 157
1318090381 158
1318090441 149
1318090501 150
1318090561 148
1318090621 151
1318090681 149
1318090741 153
1318090801 149
1318090861 148
1318090921 148
1318090981 151
1318091041 150
1318091101 148
1318091161 141
1318091221 150
1318091281 141
1318091341 147
1318091401 142
1318091461 144
1318091521 146
1318091581 147
1318091641 141
1318091701 143
1318091761 135
1318091821 139
1318091881 139
1318091941 141
1318092001 135
1318092061 139
1318092121 140
1318092181 135
1318092241 140
1318092301 143
1318092361 135
1318092421 132
1318092481 132
1318092541 137
1318092601 141
1318092661 145
1318092721 147
1318092781 126
1318092841 129
1318092901 128
1318092961 131
1318093021 129
1318093081 126
1318093141 128
1318093201 118
1318093261 120
1318093321 117
1318093381 117
1318093441 112
1318093501 113
1318093561 117
1318093621 111
1318093681 112
1318093741 111
1318093801 116
1318093861 113
1318093921 110
1318093981 109
1318094041 111
1318094101 114
1318094161 113
1318094221 114
1318094281 115
1318094341 121
1318094401 108
1318094461 111
1318094521 104
1318094581 104
1318094641 107
1318094701 109
1318094761 111
1318094821 106
1318094881 105
1318094941 109
1318095001 114
1318095061 105
1318095122 104
1318095181 104
1318095241 109
1318095301 102
1318095361 104
1318095421 101
1318095481 100
1318095541 100
1318095601 101
1318095661 99
1318095721 101
1318095781 96
1318095841 98
1318095901 99
1318095961 94
1318096021 97
1318096081 97
1318096141 94
1318096201 97
1318096261 98
1318096321 96
1318096381 94
1318096441 97
1318096501 101
1318096561 94
1318096621 96
1318096681 96
1318096741 98
1318096801 100
1318096861 91
1318096921 93
1318096981 87
1318097041 89
1318097101 92
1318097161 89
1318097221 94
1318097281 95
1318097341 97
1318097401 100
1318097461 102
1318097521 103
1318097581 103
1318097641 84
1318097702 87
1318097761 88
1318097821 90
1318097881 78
1318097941 80
1318098001 82
1318098061 86
1318098121 86
1318098181 86
1318098241 76
1318098301 79
1318098361 81
1318098421 82
1318098481 73
1318098541 75
1318098601 78
1318098661 79
1318098721 80
1318098781 80
1318098841 82
1318098901 74
1318098961 77
1318099021 78
1318099081 69
1318099141 72
1318099201 74
1318099261 77
1318099321 79
1318099382 68
1318099441 71
1318099501 72
1318099561 71
1318099621 72
1318099681 72
1318099741 74
1318099801 75
1318099861 76
1318099921 77
1318099981 77
1318100041 79
1318100101 80
1318100161 65
1318100221 67
1318100281 67
1318100341 69
1318100401 70
1318100461 72
1318100521 72
1318100581 67
1318100641 69
1318100701 69
1318100761 71
1318100821 72
1318100881 72
1318100941 73
1318101001 67
1318101061 68
1318101121 69
1318101181 69
1318101241 71
1318101301 72
1318101362 75
1318101421 75
1318101481 75
1318101541 76
1318101602 77
1318101661 79
1318101721 79
1318101782 79
1318101841 62
1318101901 63
1318101961 67
1318102021 67
1318102081 67
1318102141 69
1318102201 64
1318102261 65
1318102321 65
1318102381 65
1318102441 67
1318102502 68
1318102561 70
1318102621 70
1318102681 70
1318102741 71
1318102801 71
1318102861 73
1318102921 73
1318102981 73
1318103041 75
1318103101 76
1318103161 76
1318103221 76
1318103281 76
1318103341 65
1318103401 65
1318103461 68
1318103521 68
1318103581 68
1318103641 68
1318103701 69
1318103761 70
1318103821 70
1318103881 70
1318103941 72
1318104001 72
1318104061 75
1318104121 75
1318104181 75
1318104241 77
1318104301 63
1318104361 66
1318104421 66
1318104481 66
1318104541 69
1318104601 69
1318104661 70
1318104721 70
1318104781 62
1318104841 66
1318104901 66
1318104961 68
1318105021 66
1318105081 65
1318105141 68
1318105201 68
1318105261 69
1318105321 70
1318105381 70
1318105441 72
1318105502 72
1318105561 74
1318105621 74
1318105681 74
1318105741 75
1318105801 75
1318105861 77
1318105922 77
1318105981 77
1318106041 77
1318106101 77
1318106161 78
1318106221 78
1318106281 78
1318106341 81
1318106401 81
1318106461 81
1318106521 81
1318106581 81
1318106641 82
1318106701 82
1318106761 83
1318106821 83
1318106881 84
1318106941 85
1318107001 85
1318107061 85
1318107121 86
1318107181 86
1318107241 86
1318107301 86
1318107361 86
1318107421 86
1318107481 86
1318107541 86
1318107601 86
1318107661 86
1318107721 86
1318107781 86
1318107841 88
1318107901 88
1318107961 88
1318108021 88
1318108081 88
1318108141 89
1318108201 89
1318108194 89
1318108201 90
1318108262 90
1318108321 90
1318108382 90
1318108441 90
1318108501 90
1318108561 90
1318108621 90
1318108681 90
1318108741 90
1318108801 90
1318108861 90
1318108921 90
1318108981 90
1318109041 90
1318109101 90
1318109161 90
1318109221 91
1318109281 91
1318109341 91
1318109401 91
1318109461 91
1318109521 91
1318109581 91
1318109641 92
1318109701 92
1318109761 92
1318109821 92
1318109881 92
1318109941 61
1318110001 64
1318110061 67
1318110121 68
1318110181 68
1318110241 69
1318110301 69
1318110361 72
1318110421 73
1318110481 74
1318110541 64
1318110601 64
1318110661 65
1318110721 66
1318110781 66
1318110841 63
1318110901 64
1318110961 67
1318111021 68
1318111081 68
1318111141 70
1318111201 70
1318111261 71
1318111321 71
1318111381 71
1318111441 63
1318111501 63
1318111561 64
1318111621 65
1318111681 65
1318111741 66
1318111801 67
1318111861 69
1318111921 62
1318111981 62
1318112041 63
1318112101 64
1318112161 67
1318112221 68
1318112281 68
1318112341 70
1318112401 70
1318112461 71
1318112521 72
1318112581 72
1318112641 72
1318112701 73
1318112761 74
1318112821 74
1318112881 60
1318112941 62
1318113001 63
1318113061 65
1318113121 66
1318113181 66
1318113241 68
1318113301 68
1318113361 70
1318113421 71
1318113481 61
1318113541 63
1318113601 62
1318113661 63
1318113721 64
1318113781 63
1318113841 65
1318113901 66
1318113961 67
1318114021 68
1318114081 68
1318114141 69
1318114201 70
1318114261 71
1318114321 71
1318114381 71
1318114441 73
1318114501 61
1318114561 62
1318114621 62
1318114681 62
1318114741 64
1318114801 63
1318114861 65
1318114921 66
1318114981 66
1318115041 68
1318115101 69
1318115161 70
1318115221 71
1318115281 71
1318115341 73
1318115401 73
1318115461 73
1318115521 62
1318115581 62
1318115641 64
1318115701 65
1318115761 67
1318115821 61
1318115881 62
1318115942 64
1318116001 63
1318116061 64
1318116121 66
1318116181 66
1318116241 68
1318116301 65
1318116361 68
1318116421 68
1318116481 68
1318116541 66
1318116601 66
1318116661 68
1318116721 68
1318116781 68
1318116841 70
1318116901 71
1318116961 73
1318117021 74
1318117081 64
1318117141 66
1318117201 67
1318117261 67
1318117321 68
1318117381 68
1318117441 70
1318117501 71
1318117561 68
1318117621 69
1318117681 69
1318117741 71
1318117801 71
1318117861 65
1318117921 64
1318117981 65
1318118041 66
1318118101 66
1318118161 68
1318118221 65
1318118281 66
1318118341 69
1318118401 69
1318118461 70
1318118521 71
1318118581 68
1318118641 71
1318118701 71
1318118761 73
1318118821 68
1318118881 69
1318118941 71
1318119001 71
1318119061 72
1318119121 71
1318119181 71
1318119241 71
1318119301 72
1318119361 73
1318119421 74
1318119481 74
1318119541 75
1318119601 75
1318119661 77
1318119721 71
1318119781 71
1318119841 73
1318119901 71
1318119961 73
1318120021 73
1318120081 74
1318120141 76
1318120201 76
1318120261 79
1318120321 74
1318120381 75
1318120441 77
1318120501 73
1318120561 75
1318120621 75
1318120681 72
1318120741 74
1318120801 75
1318120861 76
1318120921 77
1318120981 78
1318121041 78
1318121101 79
1318121162 81
1318121221 78
1318121281 79
1318121341 77
1318121401 78
1318121461 79
1318121521 80
1318121581 79
1318121641 76
1318121701 78
1318121761 80
1318121821 80
1318121881 78
1318121941 82
1318122001 82
1318122061 84
1318122121 84
1318122181 81
1318122241 84
1318122302 86
1318122362 88
1318122421 87
1318122481 87
1318122541 85
1318122601 88
1318122661 85
1318122721 86
1318122781 85
1318122841 86
1318122901 89
1318122961 90
1318123021 86
1318123081 87
1318123141 85
1318123201 87
1318123261 86
1318123321 84
1318123381 82
1318123441 82
1318123501 84
1318123561 89
1318123621 85
1318123681 88
1318123741 91
1318123801 98
1318123861 101
1318123921 98
1318123981 99
1318124041 101
1318124101 100
1318124161 100
1318124221 101
1318124281 96
1318124341 97
1318124401 100
1318124461 95
1318124521 95
1318124581 92
1318124641 93
1318124701 94
1318124761 96
1318124821 94
1318124881 93
1318124941 97
1318125001 100
1318125061 104
1318125121 98
1318125181 98
1318125241 99
1318125301 102
1318125361 99
1318125421 95
1318125481 96
1318125541 95
1318125601 97
1318125661 100
1318125721 96
1318125781 97
1318125841 97
1318125901 99
1318125961 99
1318126021 99
1318126081 98
1318126141 102
1318126201 105
1318126261 104
1318126321 104
1318126381 101
1318126441 105
1318126501 108
1318126561 110
1318126621 110
1318126681 105
1318126741 107
1318126801 109
1318126861 108
1318126921 109
1318126981 105
1318127041 107
1318127101 105
1318127161 106
1318127221 107
1318127281 108
1318127341 106
1318127401 108
1318127461 112
1318127521 113
1318127581 100
1318127641 104
1318127701 105
1318127761 109
1318127821 109
1318127881 108
1318127941 107
1318128002 109
1318128062 113
1318128121 107
1318128181 107
1318128241 105
1318128301 107
1318128361 112
1318128421 110
1318128481 111
1318128541 109
1318128601 113
1318128661 118
1318128721 117
1318128781 114
1318128841 115
1318128901 119
1318128961 121
1318129021 116
1318129081 119
1318129141 118
1318129201 119
1318129261 125
1318129321 121
1318129381 123
1318129441 123
1318129501 125
1318129561 126
1318129621 119
1318129681 121
1318129741 118
1318129801 117
1318129861 119
1318129921 122
1318129981 113
1318130041 116
1318130101 117
1318130161 121
1318130221 119
1318130281 117
1318130341 118
1318130401 120
1318130461 117
1318130521 116
1318130581 117
1318130641 112
1318130701 114
1318130761 119
1318130821 119
1318130881 112
1318130941 111
1318131001 117
1318131061 120
1318131121 122
1318131181 121
1318131241 116
1318131301 120
1318131361 122
1318131421 125
1318131481 116
1318131541 118
1318131601 115
1318131661 117
1318131721 119
1318131781 119
1318131841 120
1318131901 114
1318131961 115
1318132021 113
1318132081 114
1318132141 113
1318132201 118
1318132261 117
1318132321 119
1318132381 121
1318132441 119
1318132501 123
1318132561 122
1318132621 119
1318132681 123
1318132741 121
1318132801 123
1318132861 124
1318132922 125
1318132981 126
1318133041 117
1318133101 122
1318133161 119
1318133221 118
1318133281 121
1318133341 116
1318133401 121
1318133461 125
1318133521 127
1318133581 115
1318133641 116
1318133701 120
1318133761 120
1318133821 125
1318133881 122
1318133941 124
1318134001 124
1318134061 127
1318134121 125
1318134181 125
1318134241 121
1318134301 122
1318134361 125
1318134421 124
1318134481 124
1318134541 123
1318134601 127
1318134661 122
1318134721 124
1318134781 116
1318134841 117
1318134901 119
1318134962 125
1318135021 123
1318135081 122
1318135141 125
1318135201 124
1318135261 125
1318135321 119
1318135381 123
1318135441 122
1318135501 120
1318135561 125
1318135621 122
1318135681 122
1318135741 125
1318135801 125
1318135861 123
1318135921 117
1318135981 116
1318136041 115
1318136101 118
1318136161 117
1318136221 116
1318136281 115
1318136341 117
1318136401 119
1318136461 124
1318136521 117
1318136581 119
1318136641 118
1318136701 124
1318136762 122
1318136821 119
1318136881 123
1318136941 126
1318137001 126
1318137061 125
1318137122 123
1318137181 121
1318137241 123
1318137301 123
1318137361 125
1318137421 129
1318137481 123
1318137541 123
1318137601 127
1318137661 130
1318137721 131
1318137781 132
1318137841 136
1318137901 132
1318137961 137
1318138021 135
1318138081 131
1318138141 130
1318138201 136
1318138261 141
1318138321 130
1318138382 131
1318138441 128
1318138501 128
1318138561 132
1318138621 130
1318138681 133
1318138741 136
1318138801 138
1318138861 137
1318138921 138
1318138981 131
1318139041 136
1318139101 140
1318139161 139
1318139221 143
1318139281 136
1318139341 133
1318139401 140
1318139461 142
1318139521 138
1318139581 134
1318139641 135
1318139701 136
1318139761 134
1318139821 133
1318139881 130
1318139941 136
1318140001 136
1318140061 143
1318140121 143
1318140181 142
1318140241 143
1318140301 145
1318140361 151
1318140421 154
1318140481 140
1318140541 144
1318140601 148
1318140661 154
1318140721 153
1318140781 152
1318140841 156
1318140901 156
1318140961 161
1318141021 162
1318141081 157
1318141141 155
1318141201 151
1318141261 157
1318141321 156
1318141381 155
1318141441 159
1318141501 162
1318141561 167
1318141621 173
1318141681 171
1318141741 169
1318141801 173
1318141861 175
1318141921 177
1318141981 169
1318142041 169
1318142101 172
1318142161 173
1318142221 176
1318142281 170
1318142341 172
1318142401 159
1318142461 164
1318142521 159
1318142581 162
1318142641 165
1318142701 165
1318142761 167
1318142821 169
1318142881 156
1318142941 158
1318143001 160
1318143061 164
1318143122 160
1318143181 158
1318143241 159
1318143301 161
1318143361 163
1318143421 164
1318143481 162
1318143541 163
1318143601 169
1318143661 176
1318143721 169
1318143781 170
1318143841 169
1318143901 172
1318143961 172
1318144021 171
1318144081 170
1318144141 163
1318144201 164
1318144261 166
1318144321 162
1318144381 164
1318144441 164
1318144501 163
1318144561 168
1318144621 165
1318144681 158
1318144741 160
1318144801 157
1318144861 166
1318144921 166
1318144981 167
1318145041 168
1318145101 170
1318145161 177
1318145221 175
1318145281 166
1318145341 170
1318145401 174
1318145461 178
1318145521 182
1318145581 178
1318145641 175
1318145701 176
1318145761 172
1318145821 177
1318145881 171
1318145941 168
1318146001 173
1318146061 177
1318146121 168
1318146181 163
1318146241 165
1318146301 163
1318146361 169
1318146421 167
1318146481 166
1318146541 162
1318146602 167
1318146661 167
1318146721 169
1318146781 165
1318146841 165
1318146901 168
1318146961 171
1318147021 172
1318147081 171
1318147141 175
1318147201 178
1318147261 185
1318147321 176
1318147381 176
1318147441 173
1318147502 171
1318147562 179
1318147621 181
1318147681 180
1318147741 181
1318147801 179
1318147861 186
1318147921 186
1318147981 186
1318148041 186
1318148101 179
1318148161 185
1318148221 184
1318148281 187
1318148341 183
1318148401 181
1318148461 187
1318148521 187
1318148581 184
1318148641 186
1318148701 183
1318148761 188
1318148821 186
1318148881 187
1318148941 187
1318149001 189
1318149061 196
1318149121 195
1318149181 194
1318149241 192
1318149301 189
1318149361 189
1318149421 186
1318149481 182
1318149541 186
1318149601 177
1318149661 184
1318149721 180
1318149781 180
1318149841 179
1318149901 177
1318149961 185
1318150021 180
1318150081 182
1318150141 181
1318150201 187
1318150261 193
1318150321 184
1318150381 185
1318150441 184
1318150501 188
1318150561 190
1318150621 179
1318150681 176
1318150741 175
1318150801 177
1318150861 181
1318150921 175
1318150981 176
1318151041 176
1318151101 176
1318151161 184
1318151221 190
1318151281 194
1318151341 182
1318151401 181
1318151461 187
1318151521 183
1318151581 183
1318151641 178
1318151701 183
1318151761 190
1318151821 180
1318151882 181
1318151941 175
1318152001 178
1318152061 177
1318152121 178
1318152181 177
1318152241 170
1318152301 171
1318152361 172
1318152421 168
1318152481 172
1318152541 169
1318152601 167
1318152661 174
1318152721 176
1318152781 172
1318152841 174
1318152901 170
1318152961 174
1318153021 178
1318153081 182
1318153141 167
1318153201 167
1318153261 177
1318153321 173
1318153381 175
1318153441 175
1318153501 160
1318153561 170
1318153621 163
1318153681 168
1318153741 162
1318153801 164
1318153861 171
1318153921 165
1318153981 169
1318154041 166
1318154101 170
1318154161 177
1318154221 177
1318154281 173
1318154341 170
1318154402 169
1318154461 181
1318154521 179
1318154581 171
1318154641 167
1318154701 168
1318154761 174
1318154821 177
1318154881 172
1318154941 171
1318155001 174
1318155061 188
1318155121 177
1318155181 182
1318155241 176
1318155301 179
1318155361 184
1318155421 170
1318155481 177
1318155541 178
1318155601 180
1318155661 180
1318155721 178
1318155781 182
1318155841 185
1318155901 189
1318155961 195
1318156021 197
1318156081 186
1318156141 183
1318156201 185
1318156261 192
1318156321 181
1318156381 186
1318156441 179
1318156501 181
1318156561 189
1318156621 184
1318156681 177
1318156741 172
1318156802 174
1318156861 181
1318156921 169
1318156981 171
1318157041 173
1318157101 169
1318157161 167
1318157221 162
1318157281 166
1318157341 163
1318157401 156
1318157461 159
1318157521 159
1318157581 165
1318157641 162
1318157701 165
1318157761 176
1318157821 179
1318157881 177
1318157941 175
1318158001 176
1318158061 180
1318158121 178
1318158181 174
1318158241 168
1318158301 171
1318158361 175
1318158421 174
1318158481 172
1318158541 173
1318158601 168
1318158661 181
1318158721 181
1318158781 184
1318158841 184
1318158901 168
1318158961 177
1318159021 164
1318159081 169
1318159141 160
1318159201 165
1318159261 176
1318159321 172
1318159381 167
1318159441 163
1318159501 166
1318159561 170
1318159621 175
1318159681 157
1318159741 155
1318159801 159
1318159861 171
1318159921 170
1318159981 162
1318160041 163
1318160101 156
1318160162 168
1318160221 170
1318160281 173
1318160341 171
1318160401 179
1318160461 190
1318160521 195
1318160581 185
1318160641 182
1318160701 185
1318160761 190
1318160821 192
1318160881 189
1318160941 181
1318161001 187
1318161061 192
1318161121 188
1318161181 188
1318161241 186
1318161301 188
1318161361 198
1318161421 194
1318161481 190
1318161541 187
1318161601 189
1318161661 195
1318161721 189
1318161781 191
1318161841 190
1318161901 191
1318161961 198
1318162021 197
1318162081 196
1318162141 197
1318162201 201
1318162261 205
1318162321 198
1318162381 203
1318162441 196
1318162501 198
1318162561 202
1318162621 204
1318162681 194
1318162741 189
1318162801 187
1318162861 196
1318162921 200
1318162981 194
1318163041 193
1318163101 197
1318163161 203
1318163221 206
1318163281 205
1318163341 204
1318163401 210
1318163461 219
1318163521 210
1318163581 209
1318163641 201
1318163701 201
1318163761 205
1318163821 197
1318163881 198
1318163941 200
1318164002 200
1318164061 208
1318164121 211
1318164181 207
1318164241 209
1318164301 210
1318164361 219
1318164421 218
1318164481 214
1318164541 211
1318164601 213
1318164661 219
1318164721 225
1318164781 217
1318164841 216
1318164901 212
1318164961 221
1318165021 224
1318165081 219
1318165141 213
1318165201 213
1318165261 219
1318165321 213
1318165381 214
1318165441 213
1318165501 219
1318165561 228
1318165621 231
1318165681 224
1318165741 218
1318165801 223
1318165861 230
1318165921 224
1318165981 222
1318166041 219
1318166101 222
1318166161 221
1318166221 224
1318166281 223
1318166341 217
1318166401 219
1318166461 219
1318166521 222
1318166581 222
1318166641 214
1318166701 212
1318166761 216
1318166821 219
1318166881 221
1318166941 218
1318167001 217
1318167061 223
1318167121 230
1318167181 229
1318167241 221
1318167301 218
1318167361 227
1318167421 236
1318167481 227
1318167542 224
1318167601 221
1318167661 221
1318167721 231
1318167781 219
1318167841 215
1318167901 222
1318167961 220
1318168021 221
1318168081 220
1318168141 220
1318168201 224
1318168261 222
1318168321 229
1318168381 230
1318168441 223
1318168501 223
1318168561 227
1318168621 226
1318168681 225
1318168741 221
1318168801 222
1318168861 232
1318168921 238
1318168981 231
1318169041 230
1318169101 228
1318169161 231
1318169221 235
1318169281 228
1318169341 227
1318169401 227
1318169461 237
1318169521 243
1318169581 234
1318169641 234
1318169701 238
1318169761 241
1318169821 246
1318169881 235
1318169941 238
1318170001 238
1318170061 244
1318170121 245
1318170181 238
1318170241 234
1318170301 237
1318170361 245
1318170421 241
1318170481 238
1318170541 236
1318170601 237
1318170661 246
1318170721 245
1318170781 241
1318170841 242
1318170901 245
1318170961 247
1318171021 249
1318171081 241
1318171141 242
1318171201 241
1318171261 252
1318171321 249
1318171381 250
1318171441 245
1318171501 242
1318171561 245
1318171622 246
1318171681 240
1318171741 239
1318171801 236
1318171861 246
1318171921 247
1318171981 244
1318172041 237
1318172101 238
1318172161 243
1318172221 241
1318172281 233
1318172341 240
1318172401 241
1318172461 247
1318172521 252
1318172581 238
1318172641 231
1318172701 235
1318172761 237
1318172821 239
1318172881 242
1318172941 237
1318173001 232
1318173061 236
1318173121 237
1318173181 239
1318173241 233
1318173301 236
1318173361 234
1318173421 235
1318173481 240
1318173541 236
1318173601 232
1318173661 242
1318173721 234
1318173781 228
1318173841 225
1318173901 221
1318173961 227
1318174021 226
1318174081 219
1318174141 225
1318174201 227
1318174261 230
1318174321 233
1318174381 225
1318174441 228
1318174501 228
1318174561 232
1318174621 225
1318174681 228
1318174741 226
1318174801 226
1318174861 232
1318174921 229
1318174981 221
1318175041 220
1318175101 222
1318175161 220
1318175221 218
1318175281 211
1318175341 213
1318175401 212
1318175461 218
1318175521 215
1318175581 206
1318175641 210
1318175701 211
1318175761 218
1318175821 218
1318175881 215
1318175941 218
1318176001 218
