1311868861 3
1311868921 3
1311868981 3
1311869041 3
1311869101 3
1311869161 3
1311869221 3
1311869281 3
1311869341 3
1311869401 3
1311869461 3
1311869521 3
1311869581 3
1311869641 3
1311869701 3
1311869761 3
1311869821 3
1311869881 3
1311869941 3
1311870001 3
1311870061 4
1311870121 4
1311870181 4
1311870241 4
1311870301 4
1311870361 2
1311870421 2
1311870481 2
1311870541 2
1311870601 2
1311870661 2
1311870721 2
1311870781 2
1311870841 2
1311870901 2
1311870961 2
1311871021 2
1311871081 2
1311871141 2
1311871201 2
1311871261 2
1311871321 2
1311871381 2
1311871441 2
1311871501 2
1311871561 2
1311871621 2
1311871681 2
1311871741 2
1311871801 2
1311871861 2
1311871921 2
1311871981 2
1311872041 2
1311872101 2
1311872161 2
1311872221 2
1311872281 2
1311872341 2
1311872401 2
1311872461 2
1311872521 2
1311872581 2
1311872641 2
1311872701 2
1311872761 2
1311872821 2
1311872881 2
1311872941 2
1311873001 2
1311873061 2
1311873121 2
1311873181 2
1311873241 2
1311873301 2
1311873361 2
1311873421 2
1311873481 2
1311873541 2
1311873601 2
1311873661 2
1311873721 2
1311873781 3
1311873841 3
1311873901 3
1311873961 3
1311874021 3
1311874081 3
1311874141 3
1311874201 3
1311874261 3
1311874321 3
1311874381 3
1311874441 3
1311874501 3
1311874561 3
1311874621 3
1311874681 3
1311874741 3
1311874802 3
1311874861 3
1311874921 3
1311874981 3
1311875041 3
1311875101 3
1311875161 3
1311875221 4
1311875281 4
1311875341 4
1311875401 4
1311875461 4
1311875521 4
1311875581 4
1311875641 4
1311875701 4
1311875761 4
1311875821 4
1311875881 4
1311875941 4
1311876001 4
1311876061 4
1311876121 4
1311876181 4
1311876241 4
1311876301 4
1311876361 4
1311876422 4
1311876482 4
1311876541 4
1311876601 4
1311876661 4
1311876721 4
1311876781 4
1311876841 4
1311876901 4
1311876961 4
1311877021 4
1311877081 4
1311877141 4
1311877201 4
1311877261 4
1311877321 4
1311877381 4
1311877441 4
1311877501 4
1311877561 4
1311877621 4
1311877681 4
1311877741 4
1311877801 4
1311877861 4
1311877921 4
1311877981 4
1311878041 4
1311878101 4
1311878161 4
1311878221 4
1311878281 4
1311878341 4
1311878401 4
1311878461 4
1311878521 4
1311878581 4
1311878641 4
1311878701 4
1311878761 4
1311878821 4
1311878881 4
1311878941 4
1311879001 4
1311879061 4
1311879121 4
1311879181 4
1311879241 4
1311879301 4
1311879361 4
1311879421 4
1311879481 2
1311879541 2
1311879601 2
1311879661 2
1311879721 2
1311879781 2
1311879841 2
1311879902 2
1311879961 2
1311880021 2
1311880081 2
1311880141 2
1311880201 2
1311880261 2
1311880321 2
1311880381 2
1311880441 2
1311880501 2
1311880561 2
1311880621 2
1311880681 2
1311880741 2
1311880801 2
1311880861 2
1311880921 2
1311880981 2
1311881041 2
1311881101 2
1311881161 2
1311881221 2
1311881281 2
1311881341 2
1311881401 2
1311881461 2
1311881521 2
1311881581 2
1311881641 2
1311881701 2
1311881761 2
1311881821 2
1311881881 2
1311881941 2
1311882001 2
1311882061 2
1311882121 2
1311882181 2
1311882241 2
1311882301 2
1311882361 2
1311882421 2
1311882481 2
1311882541 2
1311882601 2
1311882661 2
1311882721 2
1311882781 2
1311882841 2
1311882901 2
1311882961 2
1311883021 2
1311883081 2
1311883141 2
1311883201 2
1311883261 2
1311883321 2
1311883381 2
1311883441 2
1311883501 2
1311883561 2
1311883621 2
1311883681 2
1311883741 2
1311883801 2
1311883861 2
1311883921 2
1311883981 2
1311884041 2
1311884101 2
1311884161 2
1311884221 2
1311884281 2
1311884342 2
1311884401 2
1311884461 2
1311884522 2
1311884581 2
1311884641 2
1311884701 2
1311884761 2
1311884821 2
1311884881 2
1311884941 2
1311885001 2
1311885061 2
1311885121 2
1311885181 2
1311885243 2
1311885301 2
1311885361 2
1311885421 2
1311885481 2
1311885541 2
1311885601 2
1311885661 2
1311885721 2
1311885781 2
1311885841 2
1311885901 2
1311885961 2
1311886021 2
1311886081 2
1311886141 2
1311886201 2
1311886261 2
1311886321 2
1311886381 2
1311886441 2
1311886501 2
1311886561 2
1311886621 2
1311886681 2
1311886741 2
1311886801 2
1311886861 2
1311886921 2
1311886982 2
1311887041 2
1311887101 2
1311887161 2
1311887221 2
1311887281 2
1311887341 2
1311887401 2
1311887394 2
1311887401 2
1311887461 2
1311887522 2
1311887582 2
1311887641 2
1311887701 2
1311887761 2
1311887821 2
1311887881 2
1311887941 2
1311888001 2
1311888061 2
1311888122 2
1311888181 2
1311888241 2
1311888301 2
1311888361 2
1311888421 2
1311888481 2
1311888541 2
1311888601 2
1311888661 2
1311888721 2
1311888781 2
1311888841 2
1311888901 2
1311888961 2
1311889021 2
1311889081 2
1311889141 2
1311889201 2
1311889261 2
1311889321 2
1311889381 2
1311889441 2
1311889501 2
1311889561 2
1311889621 2
1311889682 2
1311889741 2
1311889801 2
1311889861 2
1311889921 2
1311889981 2
1311890041 2
1311890101 2
1311890161 2
1311890221 2
1311890281 2
1311890341 2
1311890401 2
1311890461 2
1311890522 2
1311890582 2
1311890641 2
1311890701 2
1311890761 2
1311890821 2
1311890881 2
1311890941 2
1311891001 2
1311891061 2
1311891121 2
1311891181 2
1311891241 2
1311891301 2
1311891361 2
1311891421 2
1311891481 2
1311891541 2
1311891601 2
1311891661 2
1311891721 2
1311891781 2
1311891841 2
1311891901 2
1311891961 2
1311892021 2
1311892082 2
1311892141 2
1311892201 2
1311892261 2
1311892321 2
1311892381 2
1311892441 2
1311892501 2
1311892561 2
1311892621 2
1311892681 2
1311892741 2
1311892801 2
1311892861 2
1311892921 2
1311892981 2
1311893041 2
1311893101 2
1311893162 2
1311893221 2
1311893281 2
1311893341 2
1311893401 2
1311893461 2
1311893521 2
1311893581 2
1311893641 2
1311893701 2
1311893761 2
1311893821 2
1311893881 2
1311893941 2
1311894001 2
1311894061 2
1311894122 2
1311894182 2
1311894241 2
1311894301 2
1311894361 2
1311894421 2
1311894481 2
1311894541 2
1311894601 2
1311894661 2
1311894721 2
1311894781 2
1311894841 2
1311894901 2
1311894961 2
1311895021 2
1311895081 2
1311895141 2
1311895201 2
1311895261 2
1311895321 2
1311895381 2
1311895441 2
1311895501 2
1311895561 1
1311895621 2
1311895681 2
1311895741 2
1311895801 2
1311895861 2
1311895921 2
1311895981 2
1311896041 2
1311896101 2
1311896161 2
1311896221 2
1311896281 2
1311896341 2
1311896401 2
1311896461 2
1311896522 2
1311896581 2
1311896641 2
1311896701 2
1311896761 2
1311896821 2
1311896881 2
1311896941 2
1311897001 2
1311897061 2
1311897121 2
1311897181 2
1311897241 2
1311897301 2
1311897361 2
1311897421 2
1311897481 2
1311897541 2
1311897601 2
1311897661 2
1311897721 2
1311897781 2
1311897841 2
1311897901 2
1311897961 2
1311898021 2
1311898081 2
1311898141 2
1311898201 2
1311898261 2
1311898321 2
1311898381 2
1311898441 2
1311898501 2
1311898561 2
1311898621 2
1311898681 2
1311898741 2
1311898801 2
1311898861 2
1311898922 2
1311898982 2
1311899041 2
1311899101 2
1311899161 2
1311899221 2
1311899281 2
1311899341 2
1311899401 2
1311899461 2
1311899521 2
1311899581 2
1311899641 2
1311899701 2
1311899761 2
1311899821 2
1311899881 2
1311899941 2
1311900001 2
1311900061 2
1311900121 2
1311900181 2
1311900241 2
1311900301 2
1311900361 2
1311900421 2
1311900481 1
1311900541 1
1311900601 1
1311900661 1
1311900721 1
1311900781 1
1311900841 1
1311900901 1
1311900962 1
1311901021 1
1311901081 1
1311901141 1
1311901201 1
1311901261 1
1311901321 1
1311901381 1
1311901441 1
1311901501 1
1311901561 1
1311901621 1
1311901681 1
1311901741 1
1311901801 1
1311901861 1
1311901921 1
1311901981 1
1311902041 1
1311902101 1
1311902161 1
1311902221 1
1311902281 1
1311902341 1
1311902401 1
1311902461 1
1311902521 1
1311902581 1
1311902641 1
1311902701 1
1311902761 1
1311902821 1
1311902881 1
1311902941 1
1311903001 1
1311903061 1
1311903121 1
1311903181 1
1311903241 1
1311903301 1
1311903361 1
1311903421 1
1311903481 1
1311903541 1
1311903601 1
1311903661 1
1311903721 1
1311903781 1
1311903841 1
1311903901 1
1311903961 1
1311904022 1
1311904081 1
1311904141 1
1311904201 1
1311904261 1
1311904321 1
1311904381 1
1311904441 2
1311904501 2
1311904561 2
1311904621 2
1311904681 2
1311904741 2
1311904801 2
1311904861 2
1311904921 3
1311904981 3
1311905041 3
1311905101 3
1311905161 3
1311905221 3
1311905281 3
1311905341 3
1311905401 3
1311905461 3
1311905521 3
1311905581 3
1311905641 3
1311905701 3
1311905761 3
1311905821 3
1311905881 3
1311905941 3
1311906001 3
1311906061 3
1311906121 3
1311906181 3
1311906241 3
1311906301 3
1311906361 3
1311906421 3
1311906481 3
1311906541 3
1311906601 3
1311906661 3
1311906721 3
1311906781 3
1311906841 3
1311906901 3
1311906961 3
1311907021 3
1311907081 3
1311907141 2
1311907201 3
1311907261 3
1311907321 3
1311907381 3
1311907441 4
1311907501 4
1311907561 4
1311907621 4
1311907681 4
1311907741 4
1311907801 4
1311907861 4
1311907921 4
1311907981 4
1311908041 4
1311908101 4
1311908161 4
1311908221 4
1311908281 4
1311908341 4
1311908401 4
1311908461 4
1311908521 4
1311908581 4
1311908641 4
1311908702 4
1311908761 4
1311908821 4
1311908881 3
1311908942 3
1311909002 3
1311909061 4
1311909121 4
1311909181 4
1311909241 4
1311909301 4
1311909361 4
1311909421 4
1311909481 4
1311909541 4
1311909601 4
1311909661 4
1311909721 4
1311909781 4
1311909841 4
1311909901 4
1311909961 4
1311910021 5
1311910082 5
1311910141 5
1311910201 6
1311910261 6
1311910321 6
1311910381 6
1311910441 6
1311910501 6
1311910561 6
1311910621 6
1311910681 6
1311910741 6
1311910801 6
1311910861 6
1311910921 6
1311910981 4
1311911041 4
1311911101 4
1311911161 4
1311911221 4
1311911281 4
1311911341 4
1311911401 4
1311911461 4
1311911521 4
1311911581 4
1311911641 4
1311911701 4
1311911761 5
1311911821 5
1311911881 5
1311911941 5
1311912001 5
1311912061 5
1311912121 5
1311912181 5
1311912241 6
1311912301 7
1311912361 7
1311912421 7
1311912481 7
1311912541 7
1311912601 7
1311912661 6
1311912721 6
1311912781 6
1311912841 6
1311912901 6
1311912961 6
1311913021 6
1311913081 6
1311913141 6
1311913201 6
1311913261 6
1311913321 6
1311913381 6
1311913441 6
1311913501 6
1311913561 6
1311913621 6
1311913681 6
1311913741 6
1311913801 6
1311913861 6
1311913921 6
1311913981 6
1311914041 6
1311914101 6
1311914161 6
1311914221 6
1311914281 6
1311914342 6
1311914401 6
1311914461 6
1311914521 6
1311914581 6
1311914641 6
1311914701 6
1311914761 6
1311914821 6
1311914881 6
1311914941 6
1311915001 6
1311915061 6
1311915121 6
1311915181 5
1311915241 5
1311915301 5
1311915361 5
1311915421 5
1311915481 5
1311915541 5
1311915601 5
1311915661 5
1311915721 5
1311915781 5
1311915841 5
1311915901 5
1311915961 5
1311916021 5
1311916081 5
1311916141 5
1311916201 5
1311916261 5
1311916321 5
1311916381 5
1311916441 5
1311916501 5
1311916561 5
1311916621 5
1311916681 5
1311916741 5
1311916801 5
1311916861 5
1311916921 5
1311916981 4
1311917041 4
1311917101 4
1311917161 4
1311917221 4
1311917281 4
1311917341 4
1311917401 4
1311917461 4
1311917521 4
1311917581 4
1311917641 4
1311917701 4
1311917761 4
1311917821 4
1311917881 4
1311917941 4
1311918001 4
1311918061 4
1311918121 4
1311918181 4
1311918241 4
1311918301 4
1311918361 4
1311918421 4
1311918481 4
1311918541 4
1311918601 4
1311918661 4
1311918721 4
1311918781 4
1311918841 5
1311918901 5
1311918961 5
1311919021 5
1311919081 5
1311919141 5
1311919201 7
1311919261 7
1311919321 7
1311919381 7
1311919441 7
1311919501 7
1311919561 7
1311919621 7
1311919681 7
1311919741 7
1311919801 7
1311919861 7
1311919921 7
1311919981 7
1311920041 6
1311920101 7
1311920161 7
1311920221 7
1311920281 7
1311920341 7
1311920401 7
1311920461 8
1311920521 8
1311920581 8
1311920641 8
1311920701 8
1311920761 8
1311920821 8
1311920881 8
1311920941 8
1311921001 8
1311921061 8
1311921121 8
1311921181 8
1311921241 8
1311921301 8
1311921361 8
1311921421 8
1311921481 8
1311921541 8
1311921601 8
1311921661 8
1311921721 8
1311921781 8
1311921841 8
1311921901 8
1311921961 9
1311922021 9
1311922081 9
1311922141 9
1311922201 9
1311922261 9
1311922321 9
1311922381 9
1311922441 8
1311922501 8
1311922561 8
1311922621 8
1311922681 9
1311922741 9
1311922801 9
1311922861 9
1311922921 10
1311922981 10
1311923041 10
1311923101 10
1311923161 10
1311923221 10
1311923281 10
1311923341 8
1311923401 8
1311923461 8
1311923521 8
1311923581 8
1311923641 8
1311923701 8
1311923761 9
1311923821 9
1311923881 9
1311923941 9
1311924001 9
1311924061 9
1311924121 7
1311924181 7
1311924241 7
1311924301 7
1311924361 7
1311924421 7
1311924481 7
1311924541 7
1311924601 7
1311924661 7
1311924721 7
1311924781 7
1311924841 7
1311924901 7
1311924961 8
1311925021 8
1311925081 8
1311925141 8
1311925201 8
1311925261 8
1311925321 8
1311925381 8
1311925441 8
1311925501 8
1311925561 8
1311925621 8
1311925681 8
1311925741 4
1311925801 4
1311925861 4
1311925921 4
1311925981 4
1311926041 4
1311926101 4
1311926161 5
1311926221 5
1311926281 5
1311926341 6
1311926401 6
1311926461 6
1311926521 6
1311926581 6
1311926641 6
1311926701 6
1311926761 6
1311926821 6
1311926881 6
1311926941 6
1311927001 6
1311927061 6
1311927121 6
1311927181 6
1311927241 6
1311927301 6
1311927361 6
1311927421 6
1311927481 6
1311927541 6
1311927601 6
1311927661 6
1311927721 6
1311927781 6
1311927841 6
1311927901 6
1311927961 6
1311928021 6
1311928081 6
1311928141 3
1311928201 3
1311928261 3
1311928321 3
1311928381 3
1311928441 3
1311928501 3
1311928561 3
1311928621 3
1311928681 3
1311928742 3
1311928801 4
1311928861 4
1311928921 4
1311928981 4
1311929041 4
1311929101 4
1311929161 4
1311929221 4
1311929281 4
1311929341 4
1311929401 4
1311929461 4
1311929521 4
1311929581 4
1311929641 4
1311929701 4
1311929761 4
1311929821 4
1311929881 4
1311929941 4
1311930001 3
1311930061 3
1311930121 3
1311930181 4
1311930241 4
1311930301 5
1311930361 5
1311930421 5
1311930481 5
1311930541 5
1311930601 5
1311930661 5
1311930721 5
1311930781 5
1311930841 5
1311930901 5
1311930961 5
1311931021 5
1311931081 5
1311931141 5
1311931201 5
1311931261 5
1311931321 5
1311931381 5
1311931441 5
1311931501 5
1311931561 5
1311931621 5
1311931681 5
1311931741 5
1311931801 5
1311931861 5
1311931921 5
1311931981 5
1311932041 5
1311932101 5
1311932161 5
1311932221 5
1311932281 5
1311932341 5
1311932401 5
1311932461 5
1311932521 5
1311932581 4
1311932641 4
1311932701 4
1311932761 5
1311932821 5
1311932881 6
1311932941 6
1311933001 6
1311933061 6
1311933121 6
1311933181 6
1311933241 6
1311933301 6
1311933361 6
1311933421 6
1311933481 6
1311933541 6
1311933601 6
1311933661 6
1311933721 6
1311933781 6
1311933841 6
1311933901 6
1311933961 6
1311934021 6
1311934081 6
1311934141 6
1311934201 5
1311934261 5
1311934322 5
1311934381 5
1311934441 5
1311934501 5
1311934561 5
1311934621 5
1311934681 5
1311934741 5
1311934801 5
1311934861 5
1311934921 5
1311934981 4
1311935041 4
1311935101 4
1311935161 4
1311935221 4
1311935281 4
1311935341 4
1311935401 4
1311935461 4
1311935521 4
1311935581 4
1311935642 4
1311935701 4
1311935761 4
1311935821 4
1311935881 4
1311935941 4
1311936001 4
1311936061 4
1311936121 4
1311936181 4
1311936241 4
1311936301 4
1311936361 4
1311936421 4
1311936481 4
1311936541 4
1311936601 4
1311936661 4
1311936721 4
1311936781 4
1311936841 4
1311936901 4
1311936961 4
1311937021 4
1311937081 4
1311937141 4
1311937201 4
1311937261 4
1311937321 4
1311937381 4
1311937441 4
1311937501 4
1311937561 4
1311937621 4
1311937681 4
1311937741 4
1311937801 4
1311937861 4
1311937921 4
1311937981 4
1311938041 4
1311938101 4
1311938161 4
1311938221 4
1311938281 4
1311938341 4
1311938402 4
1311938461 4
1311938521 4
1311938581 4
1311938641 4
1311938701 4
1311938761 4
1311938821 4
1311938881 4
1311938941 4
1311939001 4
1311939061 4
1311939121 4
1311939181 4
1311939241 4
1311939301 4
1311939361 4
1311939421 4
1311939481 4
1311939541 4
1311939601 4
1311939661 4
1311939721 4
1311939781 4
1311939841 4
1311939901 4
1311939961 4
1311940021 4
1311940081 4
1311940141 4
1311940201 4
1311940261 4
1311940321 4
1311940381 4
1311940441 4
1311940501 4
1311940561 4
1311940621 4
1311940681 4
1311940741 4
1311940801 4
1311940861 4
1311940921 4
1311940981 4
1311941041 4
1311941101 4
1311941161 4
1311941221 4
1311941281 4
1311941341 4
1311941401 4
1311941461 4
1311941521 4
1311941581 4
1311941641 4
1311941702 4
1311941761 4
1311941821 4
1311941881 3
1311941941 4
1311942001 4
1311942061 4
1311942121 4
1311942181 4
1311942241 4
1311942301 4
1311942361 4
1311942421 4
1311942481 4
1311942541 4
1311942601 4
1311942661 4
1311942721 4
1311942781 4
1311942841 4
1311942901 4
1311942961 4
1311943021 2
1311943081 2
1311943141 2
1311943201 2
1311943261 2
1311943321 2
1311943381 2
1311943441 2
1311943501 2
1311943561 2
1311943621 2
1311943681 2
1311943741 2
1311943801 2
1311943861 2
1311943921 2
1311943981 2
1311944041 3
1311944101 3
1311944161 3
1311944221 3
1311944281 3
1311944341 3
1311944401 3
1311944461 3
1311944521 3
1311944581 2
1311944641 2
1311944701 2
1311944761 2
1311944821 2
1311944881 2
1311944941 2
1311945001 2
1311945061 2
1311945121 2
1311945181 2
1311945241 2
1311945301 2
1311945361 2
1311945421 2
1311945481 2
1311945541 2
1311945601 2
1311945661 2
1311945721 2
1311945781 2
1311945841 2
1311945901 2
1311945961 2
1311946021 2
1311946081 2
1311946141 2
1311946201 2
1311946261 2
1311946321 2
1311946381 2
1311946441 2
1311946501 2
1311946561 2
1311946621 2
1311946681 2
1311946741 2
1311946801 2
1311946861 2
1311946921 2
1311946981 2
1311947041 2
1311947101 2
1311947161 2
1311947221 2
1311947281 2
1311947341 2
1311947401 2
1311947461 2
1311947521 2
1311947581 2
1311947641 2
1311947701 2
1311947761 2
1311947821 2
1311947881 2
1311947941 2
1311948001 2
1311948061 2
1311948121 2
1311948181 2
1311948241 2
1311948301 2
1311948361 2
1311948421 2
1311948481 2
1311948541 2
1311948601 2
1311948661 2
1311948721 2
1311948781 2
1311948841 2
1311948901 2
1311948961 2
1311949021 2
1311949081 2
1311949141 2
1311949201 2
1311949261 2
1311949321 2
1311949381 2
1311949441 2
1311949501 2
1311949561 2
1311949621 2
1311949681 2
1311949741 2
1311949801 2
1311949861 2
1311949921 2
1311949981 2
1311950041 2
1311950101 2
1311950161 2
1311950221 2
1311950281 2
1311950341 2
1311950401 2
1311950461 2
1311950521 2
1311950581 3
1311950641 3
1311950701 3
1311950761 3
1311950821 4
1311950881 4
1311950941 4
1311951001 4
1311951061 3
1311951121 3
1311951181 3
1311951241 3
1311951301 3
1311951361 2
1311951421 2
1311951481 2
1311951541 2
1311951601 2
1311951661 2
1311951721 2
1311951781 2
1311951841 2
1311951901 3
1311951961 3
1311952021 3
1311952081 3
1311952141 3
1311952201 3
1311952261 4
1311952321 4
1311952381 3
1311952441 3
1311952501 3
1311952561 3
1311952621 3
1311952681 3
1311952741 3
1311952802 3
1311952861 3
1311952922 3
1311952981 3
1311953041 3
1311953101 3
1311953161 3
1311953221 3
1311953281 3
1311953341 3
1311953401 3
1311953461 3
1311953521 3
1311953581 3
1311953641 3
1311953701 3
1311953761 3
1311953821 3
1311953881 3
1311953941 3
1311954001 2
1311954061 2
1311954121 2
1311954181 2
1311954241 2
1311954301 2
1311954361 2
1311954421 2
1311954481 2
1311954541 2
1311954601 2
1311954661 2
1311954721 2
1311954781 2
1311954841 2
1311954901 2
1311954961 2
1311955021 2
1311955082 2
1311955141 2
1311955201 2
