1310918461 5
1310918521 6
1310918581 6
1310918641 6
1310918701 6
1310918761 6
1310918821 6
1310918881 6
1310918941 6
1310919001 4
1310919061 4
1310919121 5
1310919181 6
1310919242 6
1310919301 7
1310919361 7
1310919421 7
1310919481 7
1310919541 7
1310919601 8
1310919661 8
1310919721 8
1310919781 8
1310919841 8
1310919901 8
1310919961 8
1310920021 8
1310920081 8
1310920141 8
1310920201 8
1310920261 8
1310920321 8
1310920381 8
1310920441 8
1310920501 9
1310920561 9
1310920621 9
1310920681 9
1310920741 9
1310920801 9
1310920861 9
1310920921 9
1310920981 9
1310921041 9
1310921101 9
1310921161 9
1310921221 9
1310921281 9
1310921341 9
1310921401 9
1310921461 9
1310921521 9
1310921581 9
1310921641 9
1310921701 4
1310921761 5
1310921821 5
1310921881 5
1310921941 4
1310922001 5
1310922061 5
1310922121 5
1310922181 5
1310922241 4
1310922301 4
1310922361 4
1310922421 4
1310922481 4
1310922541 4
1310922601 4
1310922661 4
1310922721 5
1310922781 5
1310922841 5
1310922901 5
1310922961 5
1310923021 5
1310923081 5
1310923141 5
1310923201 5
1310923261 5
1310923321 5
1310923381 5
1310923442 5
1310923501 5
1310923561 5
1310923621 5
1310923681 5
1310923741 5
1310923801 5
1310923861 5
1310923921 5
1310923981 5
1310924041 5
1310924101 5
1310924161 5
1310924221 5
1310924281 5
1310924341 5
1310924401 5
1310924461 5
1310924521 5
1310924581 5
1310924641 5
1310924701 3
1310924761 3
1310924821 3
1310924881 3
1310924941 4
1310925001 4
1310925061 4
1310925121 4
1310925181 4
1310925241 4
1310925301 4
1310925361 4
1310925421 4
1310925481 4
1310925541 3
1310925601 4
1310925661 4
1310925721 4
1310925781 4
1310925841 4
1310925901 4
1310925961 4
1310926021 4
1310926081 4
1310926141 4
1310926201 4
1310926261 4
1310926321 4
1310926381 4
1310926441 4
1310926501 4
1310926561 4
1310926621 2
1310926681 2
1310926741 2
1310926801 2
1310926861 2
1310926921 2
1310926981 2
1310927041 2
1310927101 2
1310927161 2
1310927221 2
1310927281 2
1310927341 2
1310927401 2
1310927461 2
1310927521 2
1310927581 2
1310927641 2
1310927701 2
1310927761 1
1310927821 1
1310927881 2
1310927941 2
1310928001 2
1310928061 2
1310928121 2
1310928181 2
1310928241 2
1310928301 2
1310928361 2
1310928421 2
1310928481 2
1310928541 2
1310928601 2
1310928661 2
1310928721 2
1310928781 2
1310928841 2
1310928901 2
1310928961 2
1310929021 2
1310929081 2
1310929141 2
1310929201 2
1310929261 2
1310929321 2
1310929381 2
1310929441 2
1310929501 2
1310929561 2
1310929621 2
1310929681 2
1310929741 2
1310929801 2
1310929861 2
1310929921 2
1310929981 2
1310930041 2
1310930101 2
1310930161 2
1310930221 2
1310930282 2
1310930341 2
1310930401 2
1310930461 2
1310930521 2
1310930581 2
1310930641 2
1310930701 2
1310930761 2
1310930821 2
1310930881 2
1310930941 2
1310931001 2
1310931061 2
1310931121 2
1310931181 2
1310931241 2
1310931301 2
1310931361 2
1310931421 2
1310931481 2
1310931542 2
1310931601 2
1310931661 2
1310931721 2
1310931781 2
1310931841 2
1310931901 2
1310931961 2
1310932021 2
1310932081 2
1310932141 2
1310932201 2
1310932261 2
1310932321 2
1310932381 2
1310932441 2
1310932501 2
1310932561 2
1310932621 2
1310932681 2
1310932741 2
1310932801 2
1310932861 2
1310932921 2
1310932981 2
1310933041 2
1310933101 2
1310933161 2
1310933221 2
1310933281 2
1310933341 2
1310933401 2
1310933461 2
1310933521 2
1310933581 2
1310933641 2
1310933701 2
1310933761 2
1310933821 2
1310933881 2
1310933941 2
1310934001 2
1310934061 2
1310934121 2
1310934181 2
1310934241 2
1310934301 2
1310934361 2
1310934421 2
1310934481 2
1310934541 2
1310934601 2
1310934661 1
1310934721 1
1310934781 1
1310934841 1
1310934903 1
1310934961 1
1310935021 1
1310935081 1
1310935141 1
1310935201 1
1310935261 1
1310935321 1
1310935381 1
1310935441 1
1310935501 1
1310935561 1
1310935621 1
1310935681 1
1310935741 1
1310935801 1
1310935861 1
1310935921 1
1310935981 1
1310936041 1
1310936101 1
1310936161 1
1310936221 1
1310936281 1
1310936341 1
1310936401 1
1310936461 1
1310936521 1
1310936581 1
1310936641 1
1310936701 1
1310936761 1
1310936821 1
1310936881 1
1310936941 1
1310937001 1
1310936993 1
1310937001 1
1310937061 1
1310937121 1
1310937181 1
1310937241 1
1310937301 1
1310937361 2
1310937421 2
1310937481 2
1310937541 2
1310937601 2
1310937661 2
1310937721 2
1310937781 2
1310937841 2
1310937901 2
1310937962 2
1310938021 2
1310938081 2
1310938141 2
1310938201 2
1310938261 2
1310938321 2
1310938381 2
1310938441 2
1310938501 2
1310938561 2
1310938621 2
1310938681 2
1310938741 2
1310938801 2
1310938861 2
1310938921 2
1310938981 2
1310939041 2
1310939101 2
1310939161 2
1310939221 2
1310939281 2
1310939341 2
1310939401 2
1310939461 2
1310939521 2
1310939581 2
1310939641 2
1310939701 2
1310939761 2
1310939821 2
1310939881 2
1310939941 2
1310940001 2
1310940061 2
1310940121 2
1310940181 2
1310940241 2
1310940301 2
1310940361 2
1310940421 2
1310940481 2
1310940541 2
1310940601 2
1310940661 2
1310940721 2
1310940781 2
1310940841 2
1310940901 2
1310940961 2
1310941021 2
1310941081 2
1310941141 2
1310941201 2
1310941261 2
1310941321 2
1310941381 2
1310941441 2
1310941501 2
1310941561 2
1310941621 2
1310941681 2
1310941741 2
1310941801 2
1310941861 2
1310941921 2
1310941981 2
1310942041 2
1310942101 2
1310942161 2
1310942221 2
1310942281 2
1310942341 2
1310942401 2
1310942461 2
1310942521 2
1310942581 2
1310942641 2
1310942701 2
1310942761 2
1310942821 2
1310942881 2
1310942941 2
1310943001 2
1310943061 2
1310943121 2
1310943181 2
1310943241 2
1310943301 2
1310943361 2
1310943421 2
1310943481 2
1310943541 2
1310943601 2
1310943661 2
1310943721 2
1310943781 2
1310943841 2
1310943901 2
1310943961 2
1310944021 2
1310944081 2
1310944141 2
1310944201 2
1310944261 2
1310944321 2
1310944381 2
1310944441 2
1310944501 2
1310944561 2
1310944621 2
1310944681 2
1310944741 2
1310944801 2
1310944861 2
1310944922 2
1310944981 2
1310945041 2
1310945101 2
1310945161 2
1310945221 2
1310945281 2
1310945341 2
1310945401 2
1310945461 2
1310945521 2
1310945581 2
1310945641 2
1310945701 2
1310945761 2
1310945821 2
1310945881 2
1310945941 2
1310946001 2
1310946061 2
1310946121 2
1310946181 2
1310946241 2
1310946301 2
1310946361 2
1310946421 2
1310946481 2
1310946541 2
1310946601 2
1310946661 2
1310946721 2
1310946781 2
1310946841 2
1310946901 2
1310946961 2
1310947021 2
1310947081 2
1310947141 2
1310947201 2
1310947261 2
1310947321 2
1310947381 2
1310947441 2
1310947501 2
1310947561 2
1310947621 2
1310947681 2
1310947741 2
1310947801 2
1310947861 2
1310947921 2
1310947981 2
1310948041 2
1310948102 2
1310948161 2
1310948221 2
1310948281 2
1310948341 2
1310948401 2
1310948461 3
1310948521 3
1310948581 4
1310948641 4
1310948701 4
1310948761 4
1310948821 4
1310948881 4
1310948941 4
1310949001 4
1310949061 4
1310949121 4
1310949181 4
1310949241 4
1310949301 4
1310949361 4
1310949421 4
1310949481 4
1310949541 4
1310949601 4
1310949661 4
1310949721 4
1310949781 4
1310949841 4
1310949901 4
1310949961 4
1310950021 4
1310950081 4
1310950141 4
1310950201 4
1310950261 4
1310950321 4
1310950381 4
1310950441 4
1310950501 4
1310950561 4
1310950621 4
1310950681 4
1310950741 4
1310950801 4
1310950861 4
1310950921 4
1310950981 4
1310951041 4
1310951101 4
1310951161 4
1310951222 4
1310951281 4
1310951341 4
1310951401 4
1310951462 4
1310951521 4
1310951581 4
1310951641 4
1310951701 4
1310951761 4
1310951821 1
1310951881 1
1310951941 1
1310952001 1
1310952061 1
1310952121 1
1310952181 1
1310952241 1
1310952301 1
1310952361 1
1310952421 1
1310952481 2
1310952541 2
1310952602 2
1310952661 2
1310952721 2
1310952781 2
1310952841 2
1310952901 2
1310952961 2
1310953021 2
1310953081 2
1310953141 2
1310953201 2
1310953261 2
1310953321 2
1310953381 2
1310953441 2
1310953501 2
1310953561 2
1310953621 3
1310953681 3
1310953741 3
1310953801 3
1310953861 3
1310953921 2
1310953981 3
1310954041 3
1310954101 3
1310954161 3
1310954221 3
1310954281 3
1310954341 3
1310954401 3
1310954461 3
1310954521 4
1310954581 4
1310954641 4
1310954701 4
1310954761 4
1310954821 4
1310954881 4
1310954941 4
1310955001 4
1310955061 4
1310955121 2
1310955181 3
1310955241 3
1310955301 3
1310955361 3
1310955421 3
1310955481 3
1310955541 3
1310955601 3
1310955661 3
1310955721 2
1310955781 3
1310955842 3
1310955901 3
1310955961 3
1310956021 3
1310956081 4
1310956141 4
1310956201 4
1310956261 4
1310956321 4
1310956381 4
1310956441 4
1310956501 4
1310956561 3
1310956621 3
1310956681 3
1310956741 3
1310956801 2
1310956861 3
1310956921 3
1310956981 3
1310957041 3
1310957101 3
1310957161 4
1310957221 4
1310957281 4
1310957341 4
1310957401 4
1310957462 5
1310957521 5
1310957581 5
1310957641 5
1310957701 5
1310957761 5
1310957821 5
1310957881 5
1310957941 5
1310958001 5
1310958061 5
1310958121 4
1310958181 4
1310958241 4
1310958301 4
1310958361 5
1310958421 5
1310958481 5
1310958541 5
1310958601 5
1310958661 4
1310958721 4
1310958781 4
1310958841 3
1310958901 4
1310958961 6
1310959021 6
1310959081 5
1310959141 6
1310959201 6
1310959262 7
1310959321 7
1310959381 7
1310959441 7
1310959501 7
1310959561 8
1310959621 8
1310959681 8
1310959741 4
1310959801 4
1310959861 5
1310959921 5
1310959981 5
1310960041 5
1310960101 5
1310960161 6
1310960221 6
1310960281 5
1310960341 5
1310960401 5
1310960461 5
1310960521 5
1310960581 4
1310960641 5
1310960701 5
1310960761 6
1310960821 6
1310960881 4
1310960942 4
1310961001 3
1310961061 5
1310961121 6
1310961181 7
1310961241 7
1310961301 7
1310961361 8
1310961421 8
1310961481 8
1310961541 5
1310961601 5
1310961661 6
1310961721 7
1310961781 8
1310961841 8
1310961901 8
1310961961 9
1310962021 9
1310962081 6
1310962141 6
1310962201 6
1310962261 7
1310962321 7
1310962381 4
1310962441 5
1310962501 5
1310962561 6
1310962621 6
1310962681 7
1310962741 7
1310962801 7
1310962862 7
1310962921 7
1310962981 8
1310963041 5
1310963101 5
1310963161 6
1310963221 6
1310963281 7
1310963341 7
1310963401 7
1310963461 7
1310963521 7
1310963581 7
1310963641 7
1310963701 7
1310963761 8
1310963821 8
1310963881 8
1310963941 8
1310964001 8
1310964061 8
1310964121 8
1310964181 8
1310964241 8
1310964301 8
1310964361 8
1310964421 8
1310964481 9
1310964541 9
1310964601 9
1310964661 9
1310964721 9
1310964781 10
1310964841 10
1310964901 10
1310964961 11
1310965021 11
1310965081 4
1310965141 4
1310965201 4
1310965262 5
1310965322 5
1310965382 6
1310965441 6
1310965501 5
1310965561 5
1310965621 6
1310965681 7
1310965741 7
1310965801 7
1310965861 8
1310965921 8
1310965981 8
1310966041 8
1310966101 8
1310966161 8
1310966221 8
1310966281 9
1310966341 9
1310966401 9
1310966461 10
1310966521 10
1310966581 10
1310966641 10
1310966701 3
1310966761 3
1310966821 4
1310966881 4
1310966941 5
1310967001 5
1310967061 6
1310967121 6
1310967181 6
1310967241 7
1310967301 7
1310967361 7
1310967421 3
1310967481 3
1310967541 4
1310967601 4
1310967661 4
1310967721 4
1310967781 4
1310967841 5
1310967901 5
1310967961 2
1310968021 2
1310968081 4
1310968141 4
1310968201 4
1310968261 5
1310968321 5
1310968381 6
1310968441 7
1310968501 7
1310968561 7
1310968621 4
1310968681 4
1310968741 5
1310968801 5
1310968861 5
1310968921 5
1310968981 2
1310969041 3
1310969101 3
1310969161 3
1310969221 3
1310969281 3
1310969341 4
1310969401 4
1310969461 4
1310969521 4
1310969581 2
1310969641 3
1310969701 3
1310969761 3
1310969821 2
1310969881 3
1310969941 3
1310970001 3
1310970061 3
1310970121 3
1310970181 3
1310970241 4
1310970301 4
1310970361 4
1310970421 2
1310970481 3
1310970541 3
1310970601 3
1310970661 4
1310970721 4
1310970781 4
1310970841 4
1310970901 4
1310970961 4
1310971021 4
1310971081 4
1310971141 5
1310971201 5
1310971261 5
1310971321 5
1310971381 5
1310971441 6
1310971501 3
1310971561 3
1310971621 3
1310971681 3
1310971741 4
1310971801 4
1310971861 4
1310971921 4
1310971982 3
1310972041 5
1310972101 5
1310972161 5
1310972221 5
1310972281 5
1310972341 6
1310972401 6
1310972461 6
1310972521 4
1310972581 4
1310972641 5
1310972701 5
1310972761 5
1310972821 5
1310972881 5
1310972941 6
1310973001 6
1310973061 2
1310973121 3
1310973181 3
1310973241 4
1310973301 4
1310973361 4
1310973421 4
1310973481 4
1310973541 6
1310973601 6
1310973661 6
1310973721 6
1310973781 6
1310973841 7
1310973901 7
1310973961 7
1310974021 7
1310974081 7
1310974141 8
1310974201 8
1310974261 8
1310974321 8
1310974381 5
1310974441 5
1310974501 5
1310974561 5
1310974621 5
1310974681 5
1310974741 6
1310974801 6
1310974861 6
1310974921 6
1310974981 6
1310975041 7
1310975101 7
1310975161 7
1310975221 7
1310975281 7
1310975341 8
1310975401 8
1310975461 8
1310975521 8
1310975581 8
1310975641 6
1310975701 7
1310975761 7
1310975821 7
1310975881 8
1310975941 8
1310976001 8
1310976062 9
1310976121 9
1310976181 9
1310976241 10
1310976301 10
1310976361 10
1310976421 10
1310976481 6
1310976541 7
1310976601 7
1310976661 7
1310976721 7
1310976781 7
1310976841 8
1310976901 8
1310976961 8
1310977021 8
1310977081 8
1310977141 8
1310977201 8
1310977261 8
1310977321 8
1310977381 6
1310977441 7
1310977501 7
1310977561 7
1310977621 7
1310977681 7
1310977741 7
1310977801 7
1310977861 7
1310977921 7
1310977981 7
1310978041 8
1310978101 8
1310978161 8
1310978221 8
1310978281 8
1310978341 8
1310978401 8
1310978461 8
1310978521 8
1310978581 8
1310978641 6
1310978701 7
1310978761 7
1310978821 7
1310978881 7
1310978941 8
1310979001 8
1310979061 8
1310979121 8
1310979181 8
1310979241 9
1310979301 9
1310979361 9
1310979421 9
1310979481 9
1310979541 10
1310979601 5
1310979661 4
1310979721 4
1310979781 4
1310979841 5
1310979901 5
1310979961 5
1310980021 5
1310980081 5
1310980141 5
1310980201 5
1310980261 5
1310980321 5
1310980381 5
1310980441 6
1310980501 7
1310980561 8
1310980621 8
1310980681 8
1310980741 9
1310980801 9
1310980861 9
1310980921 9
1310980981 9
1310981041 10
1310981101 10
1310981161 11
1310981221 11
1310981281 11
1310981341 11
1310981401 11
1310981461 11
1310981521 11
1310981581 11
1310981641 11
1310981701 11
1310981761 11
1310981821 11
1310981881 11
1310981941 11
1310982001 11
1310982061 12
1310982121 12
1310982181 6
1310982241 6
1310982301 9
1310982361 11
1310982421 11
1310982481 11
1310982541 11
1310982601 11
1310982661 12
1310982721 12
1310982781 12
1310982841 13
1310982901 13
1310982961 14
1310983021 14
1310983081 14
1310983141 14
1310983201 14
1310983261 14
1310983321 14
1310983381 14
1310983441 15
1310983501 15
1310983561 16
1310983621 16
1310983681 16
1310983741 5
1310983801 5
1310983861 5
1310983921 5
1310983981 5
1310984041 6
1310984101 6
1310984161 6
1310984221 6
1310984281 6
1310984341 7
1310984401 7
1310984461 7
1310984521 7
1310984581 7
1310984641 8
1310984701 8
1310984761 8
1310984821 8
1310984881 8
1310984941 8
1310985001 8
1310985061 8
1310985121 8
1310985181 8
1310985241 8
1310985301 8
1310985361 3
1310985421 4
1310985481 4
1310985541 5
1310985601 5
1310985661 5
1310985721 5
1310985781 5
1310985841 6
1310985901 6
1310985961 6
1310986021 6
1310986081 6
1310986141 4
1310986201 5
1310986261 5
1310986321 5
1310986381 5
1310986441 6
1310986501 6
1310986561 6
1310986621 6
1310986681 6
1310986741 6
1310986801 6
1310986861 6
1310986921 6
1310986981 4
1310987041 4
1310987101 4
1310987161 5
1310987221 5
1310987281 5
1310987341 6
1310987401 6
1310987461 6
1310987521 6
1310987581 6
1310987641 7
1310987701 7
1310987761 7
1310987821 7
1310987881 7
1310987941 7
1310988001 7
1310988061 7
1310988121 7
1310988181 7
1310988241 7
1310988301 7
1310988361 7
1310988421 7
1310988481 7
1310988541 5
1310988601 5
1310988661 5
1310988721 5
1310988781 5
1310988841 6
1310988901 6
1310988961 6
1310989021 6
1310989081 6
1310989141 7
1310989201 7
1310989261 7
1310989321 7
1310989381 7
1310989441 7
1310989501 7
1310989561 7
1310989621 7
1310989681 7
1310989741 8
1310989801 8
1310989861 8
1310989921 8
1310989981 8
1310990041 8
1310990101 8
1310990161 8
1310990221 4
1310990281 4
1310990341 6
1310990401 6
1310990461 6
1310990521 6
1310990581 6
1310990641 6
1310990701 6
1310990761 6
1310990821 4
1310990881 5
1310990941 6
1310991001 7
1310991061 7
1310991121 7
1310991181 7
1310991241 8
1310991301 8
1310991361 8
1310991421 8
1310991481 8
1310991541 9
1310991601 9
1310991661 9
1310991721 9
1310991781 9
1310991841 10
1310991901 10
1310991961 4
1310992021 4
1310992081 4
1310992141 5
1310992202 5
1310992261 6
1310992321 6
1310992381 6
1310992441 6
1310992501 7
1310992561 7
1310992621 7
1310992681 7
1310992741 7
1310992801 8
1310992861 8
1310992921 8
1310992981 8
1310993041 8
1310993101 8
1310993161 5
1310993221 5
1310993281 5
1310993341 5
1310993401 6
1310993461 6
1310993521 6
1310993581 6
1310993641 6
1310993701 5
1310993761 6
1310993821 6
1310993881 6
1310993941 5
1310994001 5
1310994061 5
1310994121 5
1310994181 5
1310994241 5
1310994302 6
1310994361 6
1310994421 6
1310994481 6
1310994542 6
1310994601 6
1310994661 6
1310994721 6
1310994781 5
1310994841 5
1310994901 6
1310994961 6
1310995021 6
1310995081 6
1310995141 5
1310995201 6
1310995261 6
1310995321 6
1310995381 6
1310995441 5
1310995501 6
1310995561 6
1310995621 6
1310995681 6
1310995741 6
1310995801 6
1310995861 6
1310995921 5
1310995981 6
1310996041 6
1310996101 7
1310996161 8
1310996221 8
1310996281 8
1310996341 8
1310996401 9
1310996461 9
1310996521 9
1310996581 9
1310996641 9
1310996701 9
1310996761 5
1310996821 5
1310996881 6
1310996941 6
1310997001 7
1310997061 7
1310997121 7
1310997181 7
1310997242 6
1310997301 7
1310997361 8
1310997421 8
1310997481 8
1310997541 8
1310997601 8
1310997661 8
1310997721 8
1310997781 8
1310997841 8
1310997901 9
1310997961 9
1310998021 9
1310998081 9
1310998141 9
1310998201 9
1310998261 9
1310998321 9
1310998381 9
1310998441 9
1310998501 10
1310998561 6
1310998621 6
1310998681 6
1310998741 6
1310998801 7
1310998861 7
1310998921 7
1310998981 7
1310999041 7
1310999101 6
1310999161 6
1310999221 6
1310999281 6
1310999341 6
1310999401 7
1310999461 7
1310999521 7
1310999581 7
1310999641 7
1310999701 8
1310999761 8
1310999821 8
1310999881 8
1310999941 8
1311000001 8
1311000061 8
1311000122 8
1311000181 8
1311000241 6
1311000301 7
1311000361 7
1311000421 7
1311000481 7
1311000541 7
1311000601 8
1311000661 8
1311000721 8
1311000781 8
1311000841 8
1311000901 10
1311000961 10
1311001021 7
1311001081 8
1311001141 8
1311001201 8
1311001261 8
1311001321 8
1311001381 8
1311001441 8
1311001501 8
1311001561 8
1311001622 8
1311001681 8
1311001741 8
1311001801 9
1311001861 9
1311001921 9
1311001981 9
1311002041 9
1311002101 9
1311002161 9
1311002221 9
1311002281 9
1311002341 9
1311002401 10
1311002461 10
1311002521 10
1311002581 10
1311002641 10
1311002701 10
1311002761 10
1311002821 4
1311002881 5
1311002941 5
1311003001 6
1311003061 6
1311003121 6
1311003181 6
1311003241 6
1311003301 7
1311003361 7
1311003421 5
1311003481 5
1311003541 5
1311003601 5
1311003661 5
1311003721 5
1311003781 5
1311003841 5
1311003901 5
1311003961 6
1311004021 6
1311004081 6
1311004141 6
1311004201 6
1311004261 7
1311004321 7
1311004381 7
1311004441 7
1311004501 8
1311004561 8
1311004621 8
1311004681 8
1311004741 8
1311004801 8
