1312819261 4
1312819321 4
1312819381 4
1312819441 4
1312819501 4
1312819561 4
1312819621 4
1312819681 4
1312819741 1
1312819801 1
1312819861 1
1312819921 1
1312819981 1
1312820041 1
1312820101 1
1312820161 1
1312820221 1
1312820281 1
1312820341 1
1312820401 1
1312820461 1
1312820521 1
1312820581 1
1312820641 1
1312820701 1
1312820761 1
1312820821 1
1312820881 1
1312820941 1
1312821001 1
1312821061 1
1312821121 1
1312821181 1
1312821241 1
1312821301 1
1312821361 1
1312821421 1
1312821481 1
1312821541 1
1312821601 1
1312821661 1
1312821721 1
1312821781 1
1312821841 1
1312821901 1
1312821961 1
1312822021 1
1312822081 1
1312822141 1
1312822201 1
1312822261 1
1312822321 1
1312822381 1
1312822441 1
1312822501 1
1312822561 1
1312822622 1
1312822681 1
1312822741 1
1312822801 1
1312822861 1
1312822921 1
1312822981 1
1312823041 1
1312823101 1
1312823161 1
1312823221 1
1312823281 1
1312823341 1
1312823401 1
1312823461 1
1312823521 1
1312823581 1
1312823641 1
1312823701 1
1312823761 1
1312823821 1
1312823881 1
1312823941 1
1312824001 1
1312824061 1
1312824121 1
1312824181 1
1312824241 1
1312824301 1
1312824361 1
1312824421 1
1312824481 1
1312824541 1
1312824601 1
1312824661 1
1312824721 1
1312824781 1
1312824841 1
1312824901 1
1312824961 1
1312825021 1
1312825081 1
1312825141 1
1312825201 1
1312825261 1
1312825321 1
1312825381 1
1312825441 1
1312825501 1
1312825561 1
1312825621 1
1312825681 1
1312825741 1
1312825801 1
1312825861 1
1312825921 1
1312825981 1
1312826041 1
1312826101 1
1312826161 1
1312826221 1
1312826281 1
1312826341 1
1312826401 1
1312826461 1
1312826521 1
1312826581 1
1312826641 1
1312826701 1
1312826761 1
1312826821 1
1312826881 1
1312826941 1
1312827001 1
1312827061 1
1312827121 1
1312827181 1
1312827241 1
1312827301 1
1312827361 1
1312827421 1
1312827481 0
1312827542 0
1312827601 0
1312827661 0
1312827721 0
1312827781 0
1312827841 0
1312827901 0
1312827961 0
1312828021 0
1312828081 0
1312828141 0
1312828201 0
1312828261 0
1312828321 0
1312828381 0
1312828441 0
1312828501 0
1312828561 0
1312828621 0
1312828681 0
1312828741 0
1312828801 0
1312828861 0
1312828921 0
1312828981 0
1312829041 0
1312829101 0
1312829161 0
1312829221 0
1312829281 0
1312829341 0
1312829401 0
1312829461 0
1312829521 0
1312829581 0
1312829641 0
1312829701 0
1312829761 0
1312829821 0
1312829881 0
1312829941 0
1312830001 0
1312830061 0
1312830121 0
1312830181 0
1312830241 0
1312830301 0
1312830361 0
1312830421 0
1312830481 0
1312830541 0
1312830601 0
1312830661 0
1312830721 0
1312830781 0
1312830841 0
1312830901 0
1312830961 0
1312831021 0
1312831081 0
1312831141 0
1312831201 0
1312831261 0
1312831321 0
1312831381 0
1312831441 0
1312831501 0
1312831561 0
1312831621 0
1312831681 0
1312831741 0
1312831801 0
1312831861 0
1312831921 0
1312831981 0
1312832041 0
1312832101 0
1312832161 0
1312832221 0
1312832281 0
1312832341 0
1312832401 0
1312832461 0
1312832521 0
1312832581 0
1312832641 0
1312832701 0
1312832761 0
1312832821 0
1312832881 0
1312832941 0
1312833001 0
1312833061 0
1312833121 0
1312833181 0
1312833241 0
1312833301 0
1312833361 0
1312833421 0
1312833481 0
1312833541 0
1312833601 0
1312833661 0
1312833721 0
1312833781 0
1312833841 0
1312833901 0
1312833961 0
1312834021 0
1312834081 0
1312834141 0
1312834201 0
1312834261 0
1312834321 0
1312834381 0
1312834441 0
1312834501 0
1312834561 0
1312834621 0
1312834681 0
1312834741 0
1312834801 0
1312834861 0
1312834921 0
1312834981 0
1312835041 0
1312835101 0
1312835161 0
1312835221 0
1312835281 0
1312835341 0
1312835404 0
1312835461 0
1312835521 0
1312835581 0
1312835641 0
1312835701 0
1312835761 0
1312835821 0
1312835881 0
1312835941 0
1312836001 0
1312836061 0
1312836121 0
1312836181 0
1312836241 0
1312836301 0
1312836361 0
1312836421 1
1312836481 1
1312836541 1
1312836601 1
1312836661 1
1312836721 1
1312836781 1
1312836841 1
1312836901 1
1312836961 1
1312837021 1
1312837081 1
1312837141 1
1312837201 1
1312837261 1
1312837321 1
1312837381 1
1312837441 1
1312837501 1
1312837561 1
1312837621 1
1312837681 1
1312837741 1
1312837802 1
1312837795 1
1312837801 1
1312837861 1
1312837921 1
1312837981 1
1312838041 1
1312838101 1
1312838161 1
1312838221 1
1312838281 1
1312838341 1
1312838401 1
1312838461 1
1312838521 1
1312838581 1
1312838641 1
1312838701 1
1312838761 1
1312838821 1
1312838881 1
1312838941 1
1312839001 1
1312839061 1
1312839121 1
1312839181 1
1312839241 1
1312839301 1
1312839361 1
1312839421 1
1312839481 1
1312839541 1
1312839601 1
1312839661 1
1312839721 1
1312839781 1
1312839841 1
1312839901 1
1312839961 1
1312840021 1
1312840081 1
1312840141 1
1312840201 1
1312840261 1
1312840321 1
1312840381 1
1312840441 1
1312840502 1
1312840561 1
1312840621 1
1312840681 1
1312840741 1
1312840801 1
1312840861 1
1312840921 1
1312840981 1
1312841041 1
1312841101 1
1312841161 1
1312841221 1
1312841281 1
1312841341 1
1312841401 1
1312841461 1
1312841521 1
1312841581 1
1312841641 1
1312841702 1
1312841761 1
1312841821 1
1312841881 1
1312841941 1
1312842001 1
1312842061 1
1312842121 1
1312842181 1
1312842241 1
1312842301 1
1312842361 1
1312842421 1
1312842481 1
1312842541 1
1312842601 1
1312842661 1
1312842721 1
1312842781 1
1312842841 1
1312842901 1
1312842961 1
1312843021 1
1312843081 1
1312843141 1
1312843201 1
1312843261 1
1312843321 1
1312843381 1
1312843441 1
1312843501 1
1312843562 1
1312843621 1
1312843681 1
1312843741 1
1312843801 1
1312843861 1
1312843921 1
1312843981 1
1312844041 1
1312844101 1
1312844161 1
1312844221 1
1312844281 0
1312844341 0
1312844401 0
1312844461 0
1312844521 0
1312844581 0
1312844641 0
1312844701 0
1312844761 0
1312844821 0
1312844882 0
1312844941 0
1312845001 0
1312845061 0
1312845121 0
1312845181 0
1312845241 0
1312845301 0
1312845361 0
1312845421 0
1312845481 0
1312845541 0
1312845601 0
1312845661 0
1312845721 0
1312845781 0
1312845841 0
1312845901 0
1312845961 0
1312846021 0
1312846081 0
1312846141 0
1312846201 0
1312846261 0
1312846321 0
1312846381 0
1312846441 0
1312846501 0
1312846561 0
1312846621 0
1312846681 0
1312846741 0
1312846801 0
1312846861 0
1312846921 0
1312846981 0
1312847041 0
1312847101 0
1312847161 0
1312847221 0
1312847281 0
1312847341 0
1312847401 0
1312847461 0
1312847521 0
1312847581 0
1312847641 0
1312847701 0
1312847761 0
1312847821 0
1312847881 0
1312847941 0
1312848001 0
1312848061 0
1312848121 0
1312848181 0
1312848241 0
1312848301 0
1312848361 0
1312848421 0
1312848481 0
1312848541 0
1312848601 0
1312848661 0
1312848721 0
1312848781 1
1312848841 1
1312848901 1
1312848961 1
1312849021 1
1312849081 1
1312849141 1
1312849201 1
1312849261 1
1312849321 1
1312849381 1
1312849441 1
1312849501 1
1312849561 1
1312849621 1
1312849681 1
1312849741 1
1312849801 1
1312849861 1
1312849921 1
1312849981 1
1312850041 1
1312850101 1
1312850161 1
1312850221 1
1312850281 1
1312850341 1
1312850401 2
1312850461 2
1312850522 2
1312850581 2
1312850641 2
1312850701 2
1312850761 2
1312850821 2
1312850881 2
1312850941 2
1312851001 3
1312851061 3
1312851121 3
1312851181 3
1312851241 3
1312851301 3
1312851361 3
1312851421 3
1312851481 3
1312851541 3
1312851601 3
1312851661 3
1312851721 3
1312851781 3
1312851841 3
1312851901 3
1312851961 3
1312852021 3
1312852081 2
1312852141 2
1312852201 2
1312852261 2
1312852321 2
1312852381 2
1312852441 2
1312852501 2
1312852561 2
1312852621 2
1312852681 2
1312852741 2
1312852801 2
1312852861 2
1312852921 2
1312852981 2
1312853041 2
1312853101 3
1312853161 3
1312853221 3
1312853281 3
1312853341 3
1312853401 3
1312853461 3
1312853521 3
1312853581 3
1312853641 3
1312853701 3
1312853761 3
1312853821 3
1312853881 3
1312853941 3
1312854001 3
1312854061 3
1312854121 3
1312854181 3
1312854241 3
1312854301 3
1312854361 3
1312854421 3
1312854481 3
1312854541 3
1312854601 3
1312854661 3
1312854721 3
1312854781 3
1312854841 3
1312854901 3
1312854961 3
1312855021 3
1312855081 3
1312855141 3
1312855201 3
1312855261 3
1312855321 3
1312855381 3
1312855441 3
1312855501 3
1312855561 3
1312855621 3
1312855681 3
1312855741 3
1312855801 3
1312855861 3
1312855921 2
1312855981 2
1312856041 2
1312856101 2
1312856161 2
1312856221 2
1312856281 2
1312856341 2
1312856401 2
1312856461 2
1312856521 2
1312856581 2
1312856641 2
1312856701 2
1312856761 2
1312856821 2
1312856881 2
1312856941 1
1312857001 1
1312857061 1
1312857121 1
1312857181 1
1312857241 1
1312857301 1
1312857361 1
1312857421 1
1312857481 1
1312857541 1
1312857601 1
1312857661 1
1312857721 1
1312857781 1
1312857841 1
1312857901 1
1312857961 1
1312858021 1
1312858081 1
1312858141 1
1312858201 1
1312858261 2
1312858321 3
1312858381 3
1312858441 3
1312858501 3
1312858561 3
1312858621 3
1312858681 3
1312858741 4
1312858801 4
1312858861 4
1312858921 5
1312858981 5
1312859041 5
1312859101 6
1312859161 6
1312859221 6
1312859281 6
1312859341 6
1312859401 6
1312859461 6
1312859521 6
1312859581 6
1312859641 6
1312859701 6
1312859761 2
1312859821 2
1312859881 2
1312859942 2
1312860001 2
1312860061 2
1312860121 2
1312860181 2
1312860241 2
1312860301 2
1312860361 3
1312860421 3
1312860481 3
1312860541 3
1312860601 3
1312860661 3
1312860721 3
1312860781 3
1312860841 3
1312860901 3
1312860961 3
1312861021 3
1312861081 3
1312861141 3
1312861201 3
1312861261 3
1312861321 3
1312861381 3
1312861441 3
1312861501 3
1312861561 3
1312861621 3
1312861681 3
1312861741 3
1312861801 3
1312861861 3
1312861921 3
1312861981 1
1312862041 2
1312862101 2
1312862161 2
1312862221 2
1312862281 2
1312862341 2
1312862401 2
1312862461 2
1312862521 2
1312862581 2
1312862641 2
1312862701 1
1312862761 1
1312862821 1
1312862881 1
1312862941 1
1312863001 1
1312863061 1
1312863121 1
1312863181 1
1312863241 1
1312863301 1
1312863361 1
1312863421 1
1312863481 1
1312863541 1
1312863601 1
1312863661 1
1312863721 1
1312863781 1
1312863841 1
1312863901 1
1312863961 1
1312864021 1
1312864081 1
1312864141 1
1312864201 1
1312864261 1
1312864321 1
1312864381 1
1312864441 1
1312864501 1
1312864561 1
1312864621 1
1312864681 1
1312864741 1
1312864801 1
1312864861 1
1312864921 1
1312864981 1
1312865041 1
1312865101 1
1312865161 1
1312865221 1
1312865281 1
1312865341 2
1312865401 2
1312865461 2
1312865521 2
1312865581 2
1312865641 2
1312865701 2
1312865761 2
1312865821 2
1312865881 2
1312865942 2
1312866001 2
1312866061 2
1312866121 2
1312866181 2
1312866241 2
1312866301 2
1312866361 2
1312866421 2
1312866481 2
1312866541 2
1312866601 2
1312866661 2
1312866721 2
1312866781 2
1312866841 2
1312866902 2
1312866961 2
1312867021 2
1312867081 2
1312867141 2
1312867201 2
1312867261 2
1312867321 2
1312867381 2
1312867441 2
1312867501 2
1312867561 2
1312867621 2
1312867681 2
1312867741 2
1312867801 2
1312867861 2
1312867922 2
1312867981 2
1312868041 2
1312868101 2
1312868161 2
1312868221 2
1312868281 1
1312868341 1
1312868401 1
1312868461 1
1312868521 1
1312868581 1
1312868641 1
1312868701 1
1312868761 1
1312868821 1
1312868881 1
1312868941 1
1312869001 1
1312869061 2
1312869121 2
1312869181 2
1312869241 2
1312869301 2
1312869361 2
1312869421 2
1312869481 2
1312869541 2
1312869601 2
1312869661 2
1312869721 2
1312869781 2
1312869841 2
1312869901 2
1312869961 1
1312870021 1
1312870081 1
1312870141 1
1312870201 1
1312870261 1
1312870321 1
1312870381 1
1312870441 1
1312870501 1
1312870561 1
1312870621 1
1312870681 1
1312870741 1
1312870801 1
1312870861 1
1312870921 1
1312870981 1
1312871041 1
1312871101 1
1312871161 3
1312871221 3
1312871281 3
1312871341 3
1312871401 3
1312871461 3
1312871521 3
1312871581 3
1312871641 1
1312871701 1
1312871761 1
1312871821 1
1312871881 1
1312871941 1
1312872001 1
1312872061 1
1312872121 1
1312872181 1
1312872241 1
1312872301 1
1312872361 1
1312872421 1
1312872481 1
1312872541 1
1312872601 1
1312872661 1
1312872721 1
1312872782 1
1312872841 1
1312872901 1
1312872961 1
1312873021 1
1312873081 1
1312873141 1
1312873201 1
1312873261 1
1312873321 1
1312873381 1
1312873441 1
1312873501 1
1312873561 1
1312873622 1
1312873681 1
1312873741 1
1312873801 1
1312873861 1
1312873921 1
1312873981 1
1312874041 2
1312874101 2
1312874161 2
1312874221 3
1312874281 3
1312874341 3
1312874401 3
1312874461 3
1312874521 3
1312874581 3
1312874641 3
1312874701 2
1312874761 2
1312874821 2
1312874881 2
1312874941 2
1312875001 2
1312875061 2
1312875121 2
1312875181 2
1312875241 2
1312875301 2
1312875361 2
1312875421 2
1312875481 2
1312875541 2
1312875601 2
1312875661 2
1312875721 2
1312875781 2
1312875841 2
1312875901 2
1312875961 2
1312876021 2
1312876081 2
1312876141 2
1312876201 2
1312876261 2
1312876321 2
1312876381 2
1312876441 2
1312876501 2
1312876561 2
1312876621 2
1312876681 2
1312876741 2
1312876801 2
1312876861 2
1312876921 2
1312876981 2
1312877041 2
1312877101 2
1312877161 2
1312877221 2
1312877281 2
1312877341 2
1312877401 1
1312877461 1
1312877521 1
1312877581 1
1312877641 1
1312877701 1
1312877761 1
1312877821 1
1312877881 1
1312877941 1
1312878001 1
1312878061 1
1312878121 1
1312878181 1
1312878241 1
1312878301 1
1312878361 1
1312878421 1
1312878481 1
1312878541 1
1312878601 1
1312878661 1
1312878721 1
1312878781 1
1312878841 1
1312878901 1
1312878961 1
1312879021 1
1312879081 1
1312879141 1
1312879202 1
1312879261 1
1312879321 1
1312879381 1
1312879441 1
1312879501 1
1312879561 1
1312879621 1
1312879681 1
1312879741 1
1312879801 1
1312879861 1
1312879921 2
1312879981 2
1312880041 2
1312880101 2
1312880161 2
1312880221 2
1312880281 2
1312880341 2
1312880401 2
1312880461 2
1312880521 2
1312880581 2
1312880641 2
1312880701 2
1312880761 2
1312880821 2
1312880881 2
1312880941 2
1312881001 2
1312881061 2
1312881121 2
1312881181 2
1312881241 2
1312881301 2
1312881361 2
1312881421 2
1312881481 2
1312881541 3
1312881601 3
1312881661 3
1312881721 3
1312881781 3
1312881841 3
1312881901 3
1312881961 3
1312882021 3
1312882081 3
1312882141 3
1312882201 2
1312882261 2
1312882321 2
1312882381 2
1312882441 2
1312882501 2
1312882561 2
1312882621 2
1312882681 2
1312882741 2
1312882801 2
1312882861 2
1312882921 2
1312882981 2
1312883041 2
1312883101 2
1312883161 2
1312883221 2
1312883281 2
1312883341 2
1312883401 2
1312883461 2
1312883521 2
1312883581 2
1312883641 2
1312883701 2
1312883761 2
1312883821 2
1312883881 2
1312883941 2
1312884001 2
1312884061 2
1312884121 3
1312884181 3
1312884241 3
1312884301 3
1312884361 3
1312884421 3
1312884481 3
1312884541 3
1312884601 3
1312884661 3
1312884721 3
1312884781 3
1312884841 3
1312884901 3
1312884961 3
1312885021 3
1312885081 3
1312885141 3
1312885201 3
1312885261 3
1312885321 3
1312885381 3
1312885441 2
1312885501 2
1312885561 2
1312885621 2
1312885681 2
1312885741 2
1312885801 2
1312885861 2
1312885921 2
1312885981 2
1312886041 2
1312886101 2
1312886161 2
1312886221 2
1312886281 2
1312886341 2
1312886401 2
1312886461 2
1312886521 2
1312886581 2
1312886641 2
1312886701 2
1312886761 2
1312886821 2
1312886881 2
1312886941 2
1312887001 2
1312887061 2
1312887121 2
1312887181 2
1312887241 2
1312887301 2
1312887361 2
1312887421 2
1312887481 2
1312887541 2
1312887601 2
1312887661 2
1312887721 2
1312887781 2
1312887841 2
1312887901 2
1312887961 2
1312888021 2
1312888081 2
1312888141 2
1312888201 2
1312888261 2
1312888321 2
1312888381 2
1312888441 2
1312888501 2
1312888561 2
1312888621 2
1312888681 1
1312888741 2
1312888801 2
1312888861 2
1312888921 2
1312888981 2
1312889041 2
1312889101 2
1312889161 2
1312889221 2
1312889281 2
1312889341 2
1312889401 2
1312889461 3
1312889521 3
1312889581 3
1312889641 3
1312889701 3
1312889761 3
1312889821 3
1312889881 3
1312889941 3
1312890001 3
1312890061 3
1312890121 3
1312890181 3
1312890241 3
1312890301 3
1312890361 3
1312890421 3
1312890481 3
1312890541 3
1312890601 3
1312890661 3
1312890721 3
1312890781 3
1312890841 3
1312890901 3
1312890961 3
1312891021 3
1312891081 3
1312891141 3
1312891201 3
1312891261 3
1312891321 3
1312891381 3
1312891441 3
1312891501 3
1312891561 3
1312891621 3
1312891681 3
1312891741 3
1312891801 3
1312891861 3
1312891921 3
1312891981 3
1312892041 3
1312892101 3
1312892161 3
1312892221 3
1312892281 1
1312892341 1
1312892402 1
1312892461 2
1312892521 2
1312892581 2
1312892641 2
1312892701 2
1312892761 2
1312892821 2
1312892881 2
1312892941 2
1312893001 2
1312893061 2
1312893121 2
1312893181 2
1312893241 2
1312893301 2
1312893361 2
1312893421 2
1312893482 2
1312893541 2
1312893601 2
1312893661 2
1312893721 2
1312893781 3
1312893841 3
1312893901 3
1312893961 3
1312894021 3
1312894081 3
1312894141 3
1312894201 2
1312894261 3
1312894321 3
1312894381 3
1312894441 3
1312894501 3
1312894561 3
1312894621 4
1312894681 4
1312894741 4
1312894801 4
1312894861 4
1312894921 4
1312894981 4
1312895041 4
1312895101 4
1312895161 4
1312895221 4
1312895281 4
1312895341 4
1312895401 4
1312895461 3
1312895521 4
1312895581 4
1312895641 4
1312895701 4
1312895761 4
1312895821 4
1312895881 4
1312895941 4
1312896001 4
1312896061 4
1312896121 4
1312896181 4
1312896241 4
1312896301 4
1312896361 4
1312896421 4
1312896481 4
1312896541 4
1312896601 4
1312896661 2
1312896721 2
1312896781 3
1312896841 3
1312896901 3
1312896961 3
1312897021 3
1312897081 3
1312897141 3
1312897201 2
1312897261 2
1312897321 2
1312897381 2
1312897441 3
1312897501 3
1312897561 3
1312897621 3
1312897681 3
1312897741 3
1312897801 3
1312897861 3
1312897921 3
1312897982 3
1312898041 3
1312898101 3
1312898161 3
1312898221 3
1312898281 3
1312898341 4
1312898401 4
1312898461 4
1312898521 4
1312898581 4
1312898641 5
1312898701 5
1312898761 5
1312898821 5
1312898881 5
1312898941 5
1312899001 5
1312899061 5
1312899121 5
1312899181 5
1312899241 5
1312899301 5
1312899361 5
1312899421 5
1312899481 5
1312899541 5
1312899601 5
1312899661 5
1312899721 5
1312899781 5
1312899841 5
1312899901 5
1312899961 5
1312900021 5
1312900081 5
1312900141 5
1312900201 5
1312900261 5
1312900321 5
1312900381 5
1312900441 5
1312900501 5
1312900561 5
1312900621 6
1312900681 6
1312900741 6
1312900801 6
1312900861 6
1312900922 6
1312900981 6
1312901041 6
1312901101 2
1312901161 2
1312901221 2
1312901281 2
1312901341 2
1312901401 2
1312901461 2
1312901521 2
1312901581 2
1312901641 2
1312901701 2
1312901761 2
1312901821 2
1312901881 2
1312901941 2
1312902001 2
1312902061 2
1312902121 2
1312902181 2
1312902241 2
1312902301 2
1312902361 2
1312902421 2
1312902481 2
1312902541 2
1312902601 2
1312902661 2
1312902721 2
1312902781 2
1312902841 2
1312902901 2
1312902961 2
1312903021 2
1312903081 2
1312903141 2
1312903201 2
1312903262 2
1312903321 2
1312903381 2
1312903441 2
1312903501 3
1312903561 3
1312903621 3
1312903681 3
1312903741 3
1312903801 3
1312903861 3
1312903921 3
1312903981 3
1312904041 3
1312904101 3
1312904161 3
1312904221 3
1312904281 3
1312904341 2
1312904401 2
1312904461 2
1312904521 2
1312904581 2
1312904641 2
1312904701 2
1312904761 2
1312904821 2
1312904881 2
1312904941 2
1312905001 2
1312905061 2
1312905121 2
1312905181 2
1312905241 2
1312905301 2
1312905361 2
1312905421 2
1312905481 2
1312905541 2
1312905601 2
