1311609661 2
1311609721 2
1311609781 2
1311609842 2
1311609901 2
1311609961 2
1311610021 2
1311610081 2
1311610141 2
1311610201 2
1311610261 2
1311610321 2
1311610381 2
1311610441 2
1311610501 2
1311610561 2
1311610621 2
1311610681 2
1311610741 2
1311610801 2
1311610861 2
1311610921 2
1311610981 2
1311611041 2
1311611101 2
1311611161 2
1311611221 2
1311611281 2
1311611341 2
1311611401 2
1311611461 2
1311611521 2
1311611581 2
1311611641 2
1311611701 2
1311611761 2
1311611821 2
1311611881 2
1311611941 2
1311612001 2
1311612061 2
1311612121 2
1311612181 1
1311612241 2
1311612301 2
1311612362 2
1311612421 2
1311612481 2
1311612541 2
1311612601 2
1311612661 2
1311612721 2
1311612781 2
1311612841 2
1311612901 2
1311612961 2
1311613021 2
1311613081 2
1311613141 2
1311613201 2
1311613261 2
1311613321 2
1311613381 2
1311613441 2
1311613501 2
1311613561 2
1311613621 2
1311613681 2
1311613741 2
1311613801 2
1311613861 2
1311613921 2
1311613981 2
1311614041 2
1311614101 2
1311614161 2
1311614221 2
1311614281 2
1311614341 2
1311614401 2
1311614461 2
1311614521 2
1311614581 2
1311614641 3
1311614701 3
1311614761 3
1311614821 3
1311614881 3
1311614941 3
1311615001 3
1311615061 3
1311615121 3
1311615182 3
1311615241 3
1311615301 3
1311615361 3
1311615421 3
1311615481 3
1311615541 3
1311615601 3
1311615661 3
1311615721 3
1311615781 3
1311615841 3
1311615901 3
1311615961 3
1311616021 3
1311616081 3
1311616141 3
1311616201 3
1311616261 3
1311616321 3
1311616381 3
1311616441 3
1311616501 3
1311616561 3
1311616621 3
1311616681 3
1311616741 3
1311616801 3
1311616861 3
1311616921 3
1311616981 3
1311617041 3
1311617101 3
1311617161 3
1311617221 3
1311617281 3
1311617341 3
1311617401 3
1311617462 3
1311617521 3
1311617581 3
1311617641 3
1311617701 3
1311617761 3
1311617821 3
1311617881 3
1311617941 3
1311618001 3
1311618061 3
1311618121 3
1311618181 3
1311618241 3
1311618301 3
1311618362 3
1311618421 3
1311618481 3
1311618541 3
1311618601 3
1311618661 3
1311618721 3
1311618781 3
1311618841 3
1311618901 3
1311618961 3
1311619021 3
1311619081 3
1311619141 3
1311619201 3
1311619261 3
1311619321 3
1311619381 3
1311619441 3
1311619501 3
1311619561 3
1311619621 3
1311619681 3
1311619741 3
1311619801 3
1311619861 3
1311619921 3
1311619981 3
1311620041 3
1311620101 3
1311620161 3
1311620221 3
1311620281 3
1311620341 3
1311620401 3
1311620461 3
1311620521 3
1311620581 3
1311620641 3
1311620701 3
1311620761 3
1311620821 3
1311620881 3
1311620941 3
1311621001 3
1311621061 3
1311621121 3
1311621181 3
1311621241 3
1311621301 3
1311621361 3
1311621421 3
1311621481 3
1311621541 3
1311621602 3
1311621661 3
1311621721 3
1311621781 3
1311621841 3
1311621901 3
1311621961 3
1311622021 3
1311622081 3
1311622141 3
1311622201 3
1311622261 3
1311622321 3
1311622381 3
1311622441 3
1311622501 3
1311622561 3
1311622621 3
1311622681 3
1311622741 3
1311622801 3
1311622861 3
1311622921 3
1311622981 3
1311623041 3
1311623101 3
1311623161 3
1311623221 3
1311623281 3
1311623341 3
1311623401 3
1311623461 3
1311623521 3
1311623581 3
1311623641 2
1311623701 2
1311623761 2
1311623821 2
1311623882 2
1311623941 2
1311624001 2
1311624061 2
1311624121 2
1311624181 2
1311624242 2
1311624301 2
1311624361 2
1311624421 2
1311624481 2
1311624541 2
1311624601 2
1311624661 2
1311624721 2
1311624781 2
1311624841 2
1311624901 2
1311624961 2
1311625021 2
1311625081 2
1311625141 2
1311625201 2
1311625261 2
1311625321 2
1311625381 2
1311625441 2
1311625501 2
1311625561 2
1311625621 2
1311625681 2
1311625741 2
1311625801 2
1311625861 2
1311625921 2
1311625981 2
1311626041 2
1311626101 2
1311626161 2
1311626221 2
1311626281 2
1311626341 2
1311626401 2
1311626461 2
1311626521 2
1311626581 2
1311626641 2
1311626701 2
1311626761 2
1311626821 2
1311626881 2
1311626941 2
1311627001 2
1311627061 2
1311627121 2
1311627181 2
1311627241 2
1311627301 2
1311627362 2
1311627421 2
1311627481 2
1311627541 2
1311627601 2
1311627661 2
1311627721 2
1311627781 2
1311627841 2
1311627901 2
1311627961 2
1311628021 2
1311628081 2
1311628141 2
1311628201 2
1311628193 2
1311628201 2
1311628261 2
1311628321 2
1311628381 2
1311628441 2
1311628501 2
1311628561 2
1311628621 2
1311628681 2
1311628741 2
1311628801 2
1311628861 2
1311628921 2
1311628981 2
1311629041 2
1311629101 2
1311629161 2
1311629221 2
1311629282 2
1311629341 2
1311629401 2
1311629461 2
1311629521 2
1311629581 2
1311629641 2
1311629701 2
1311629761 2
1311629821 2
1311629881 2
1311629941 2
1311630001 2
1311630061 2
1311630121 2
1311630181 2
1311630241 2
1311630301 2
1311630361 2
1311630421 2
1311630481 2
1311630541 2
1311630601 2
1311630661 2
1311630721 2
1311630781 2
1311630841 2
1311630901 2
1311630961 2
1311631021 2
1311631081 2
1311631141 2
1311631201 2
1311631261 2
1311631321 2
1311631381 2
1311631441 2
1311631501 2
1311631561 2
1311631621 2
1311631682 2
1311631741 2
1311631801 2
1311631861 2
1311631921 2
1311631981 2
1311632041 2
1311632101 2
1311632161 2
1311632221 2
1311632281 2
1311632342 2
1311632401 2
1311632461 2
1311632521 2
1311632581 2
1311632641 2
1311632701 2
1311632761 2
1311632821 2
1311632881 2
1311632941 2
1311633001 2
1311633061 2
1311633121 2
1311633181 2
1311633241 2
1311633301 2
1311633361 2
1311633421 2
1311633481 2
1311633541 2
1311633601 2
1311633661 2
1311633721 2
1311633781 2
1311633841 2
1311633901 2
1311633961 2
1311634021 2
1311634081 2
1311634141 2
1311634201 2
1311634261 2
1311634321 2
1311634381 2
1311634441 2
1311634501 2
1311634561 2
1311634621 2
1311634681 2
1311634741 2
1311634801 2
1311634861 2
1311634921 2
1311634981 2
1311635041 2
1311635101 2
1311635161 2
1311635221 2
1311635281 2
1311635341 2
1311635401 2
1311635461 2
1311635521 2
1311635581 2
1311635641 2
1311635701 2
1311635761 2
1311635821 2
1311635881 2
1311635941 2
1311636001 2
1311636061 2
1311636121 2
1311636181 2
1311636241 2
1311636301 2
1311636361 2
1311636421 2
1311636481 2
1311636541 2
1311636601 2
1311636661 2
1311636721 2
1311636781 2
1311636841 2
1311636901 2
1311636961 2
1311637021 2
1311637081 2
1311637141 2
1311637201 2
1311637261 2
1311637321 2
1311637381 2
1311637441 2
1311637501 2
1311637561 2
1311637621 2
1311637681 2
1311637741 2
1311637801 2
1311637861 2
1311637921 2
1311637981 2
1311638041 2
1311638101 2
1311638161 2
1311638221 2
1311638281 2
1311638341 2
1311638401 2
1311638461 2
1311638521 2
1311638581 2
1311638641 2
1311638701 2
1311638761 2
1311638821 2
1311638881 2
1311638942 2
1311639001 2
1311639061 1
1311639121 1
1311639181 2
1311639241 2
1311639301 2
1311639361 2
1311639421 2
1311639481 2
1311639541 2
1311639601 2
1311639661 2
1311639721 1
1311639781 2
1311639841 2
1311639901 2
1311639961 2
1311640021 2
1311640081 3
1311640141 3
1311640201 3
1311640261 3
1311640321 3
1311640381 3
1311640441 3
1311640501 3
1311640561 3
1311640621 3
1311640681 3
1311640741 3
1311640801 3
1311640861 3
1311640921 3
1311640981 3
1311641041 3
1311641101 3
1311641161 3
1311641221 3
1311641281 3
1311641341 3
1311641401 3
1311641462 3
1311641521 3
1311641581 3
1311641641 3
1311641701 2
1311641761 2
1311641821 2
1311641881 2
1311641941 2
1311642001 2
1311642061 2
1311642121 2
1311642181 2
1311642241 2
1311642301 2
1311642361 2
1311642421 2
1311642481 2
1311642541 2
1311642601 2
1311642661 2
1311642721 2
1311642781 2
1311642841 2
1311642901 2
1311642961 2
1311643021 3
1311643081 3
1311643141 3
1311643201 3
1311643261 4
1311643321 4
1311643381 4
1311643441 4
1311643501 4
1311643561 4
1311643621 4
1311643681 4
1311643741 4
1311643801 4
1311643861 4
1311643921 4
1311643981 4
1311644041 4
1311644101 4
1311644161 4
1311644221 3
1311644281 3
1311644341 3
1311644401 3
1311644461 3
1311644521 3
1311644581 4
1311644641 4
1311644701 4
1311644761 4
1311644821 3
1311644881 3
1311644941 3
1311645001 3
1311645061 3
1311645121 3
1311645181 3
1311645241 3
1311645301 4
1311645361 4
1311645421 4
1311645481 4
1311645541 4
1311645601 4
1311645661 4
1311645721 4
1311645781 4
1311645841 4
1311645902 4
1311645962 4
1311646021 4
1311646081 4
1311646141 4
1311646201 4
1311646261 4
1311646321 4
1311646381 4
1311646441 4
1311646501 4
1311646561 4
1311646621 4
1311646681 3
1311646741 3
1311646801 3
1311646861 5
1311646921 5
1311646981 5
1311647041 5
1311647101 5
1311647161 5
1311647221 5
1311647281 5
1311647341 5
1311647401 5
1311647461 5
1311647521 4
1311647581 4
1311647641 4
1311647701 4
1311647761 4
1311647821 4
1311647881 5
1311647941 5
1311648001 5
1311648061 5
1311648121 5
1311648181 5
1311648241 5
1311648301 5
1311648361 5
1311648421 5
1311648481 5
1311648541 5
1311648601 5
1311648661 5
1311648721 5
1311648781 5
1311648841 5
1311648901 5
1311648961 5
1311649021 5
1311649081 3
1311649141 4
1311649201 4
1311649261 4
1311649321 4
1311649381 4
1311649441 4
1311649501 4
1311649561 4
1311649621 4
1311649681 4
1311649741 4
1311649801 4
1311649861 4
1311649921 4
1311649981 5
1311650041 5
1311650101 5
1311650161 6
1311650221 6
1311650281 6
1311650341 6
1311650401 6
1311650461 6
1311650521 6
1311650581 3
1311650641 4
1311650701 4
1311650761 4
1311650821 4
1311650881 4
1311650941 5
1311651001 5
1311651061 5
1311651121 5
1311651181 5
1311651241 5
1311651301 5
1311651361 5
1311651421 5
1311651481 5
1311651541 5
1311651601 4
1311651661 4
1311651721 5
1311651781 5
1311651841 5
1311651901 5
1311651961 5
1311652021 4
1311652081 5
1311652141 5
1311652201 5
1311652261 5
1311652321 5
1311652381 5
1311652441 5
1311652501 5
1311652561 5
1311652621 5
1311652681 5
1311652741 5
1311652801 5
1311652861 5
1311652921 5
1311652981 6
1311653042 4
1311653101 4
1311653161 4
1311653221 5
1311653281 5
1311653341 5
1311653401 5
1311653461 5
1311653521 5
1311653581 5
1311653641 5
1311653701 5
1311653761 5
1311653821 5
1311653881 5
1311653941 5
1311654001 5
1311654061 5
1311654121 5
1311654181 5
1311654241 5
1311654301 5
1311654361 5
1311654421 5
1311654481 5
1311654541 5
1311654601 5
1311654661 5
1311654721 5
1311654781 5
1311654841 5
1311654901 5
1311654961 5
1311655021 5
1311655081 5
1311655141 4
1311655201 4
1311655261 4
1311655321 5
1311655381 5
1311655441 5
1311655501 5
1311655561 5
1311655621 5
1311655681 5
1311655741 5
1311655801 5
1311655861 5
1311655921 5
1311655981 5
1311656041 5
1311656101 5
1311656161 3
1311656221 4
1311656281 4
1311656341 5
1311656401 5
1311656461 5
1311656521 5
1311656581 5
1311656641 5
1311656701 5
1311656761 5
1311656821 5
1311656881 5
1311656941 4
1311657001 4
1311657061 4
1311657121 4
1311657181 4
1311657241 4
1311657301 4
1311657361 4
1311657421 4
1311657481 4
1311657541 4
1311657601 5
1311657661 5
1311657721 5
1311657781 6
1311657842 7
1311657901 7
1311657962 7
1311658021 7
1311658081 7
1311658141 7
1311658201 7
1311658261 7
1311658321 7
1311658381 7
1311658441 7
1311658501 7
1311658561 7
1311658621 7
1311658681 7
1311658741 7
1311658801 7
1311658861 7
1311658921 7
1311658981 7
1311659041 7
1311659101 7
1311659161 7
1311659221 7
1311659281 7
1311659342 7
1311659401 7
1311659461 7
1311659521 7
1311659581 7
1311659641 7
1311659701 7
1311659761 7
1311659821 7
1311659881 7
1311659941 7
1311660001 7
1311660061 7
1311660121 7
1311660181 7
1311660241 7
1311660301 7
1311660361 7
1311660421 7
1311660482 7
1311660541 7
1311660601 7
1311660661 7
1311660721 7
1311660781 3
1311660841 3
1311660901 3
1311660961 3
1311661021 3
1311661081 3
1311661141 3
1311661201 3
1311661261 3
1311661321 4
1311661381 4
1311661441 4
1311661501 4
1311661561 4
1311661621 4
1311661681 4
1311661741 4
1311661801 4
1311661861 4
1311661921 3
1311661981 3
1311662041 3
1311662101 3
1311662161 3
1311662221 3
1311662281 3
1311662341 3
1311662401 3
1311662461 3
1311662521 3
1311662581 3
1311662641 2
1311662701 3
1311662761 3
1311662821 3
1311662881 3
1311662941 3
1311663001 3
1311663061 3
1311663121 3
1311663181 3
1311663241 3
1311663301 3
1311663361 3
1311663421 2
1311663481 2
1311663541 2
1311663601 2
1311663661 2
1311663721 2
1311663781 2
1311663841 2
1311663901 2
1311663961 2
1311664021 2
1311664081 2
1311664141 2
1311664201 2
1311664261 2
1311664321 2
1311664381 2
1311664441 2
1311664501 2
1311664561 2
1311664621 2
1311664681 2
1311664741 2
1311664801 2
1311664861 2
1311664921 2
1311664981 2
1311665041 2
1311665101 2
1311665161 2
1311665221 2
1311665281 2
1311665341 2
1311665401 2
1311665461 2
1311665521 2
1311665581 2
1311665641 2
1311665701 2
1311665761 3
1311665821 3
1311665881 3
1311665941 3
1311666001 3
1311666061 3
1311666121 3
1311666181 3
1311666241 3
1311666301 3
1311666361 3
1311666421 3
1311666481 3
1311666541 3
1311666601 3
1311666662 3
1311666721 3
1311666781 3
1311666841 3
1311666901 2
1311666961 2
1311667021 2
1311667081 3
1311667141 3
1311667201 3
1311667261 3
1311667321 4
1311667381 4
1311667441 4
1311667501 4
1311667561 4
1311667621 4
1311667681 4
1311667741 4
1311667801 4
1311667861 4
1311667921 3
1311667981 4
1311668041 5
1311668101 5
1311668161 5
1311668221 5
1311668281 5
1311668341 5
1311668401 5
1311668461 5
1311668521 4
1311668581 4
1311668641 4
1311668701 4
1311668762 4
1311668821 4
1311668881 4
1311668941 4
1311669001 5
1311669061 5
1311669121 5
1311669181 5
1311669241 5
1311669301 5
1311669361 5
1311669421 5
1311669481 4
1311669541 4
1311669601 4
1311669661 4
1311669721 4
1311669781 4
1311669841 4
1311669901 4
1311669961 5
1311670021 5
1311670081 5
1311670141 5
1311670201 5
1311670261 5
1311670321 5
1311670381 4
1311670441 4
1311670501 4
1311670561 5
1311670621 5
1311670681 5
1311670741 5
1311670801 5
1311670861 5
1311670922 5
1311670981 5
1311671041 5
1311671101 5
1311671161 2
1311671221 4
1311671281 4
1311671341 4
1311671401 4
1311671461 4
1311671521 4
1311671581 4
1311671641 4
1311671701 4
1311671761 4
1311671821 4
1311671881 4
1311671941 5
1311672001 5
1311672061 5
1311672121 5
1311672181 5
1311672241 5
1311672301 5
1311672361 5
1311672421 5
1311672481 5
1311672541 5
1311672601 5
1311672661 5
1311672721 5
1311672781 5
1311672841 5
1311672901 5
1311672961 5
1311673021 5
1311673081 3
1311673141 4
1311673202 4
1311673261 4
1311673321 4
1311673381 4
1311673441 4
1311673501 4
1311673562 4
1311673621 4
1311673681 4
1311673741 4
1311673801 4
1311673861 4
1311673921 4
1311673981 4
1311674041 4
1311674101 4
1311674161 4
1311674221 4
1311674281 4
1311674341 4
1311674401 4
1311674461 4
1311674521 4
1311674581 4
1311674641 4
1311674701 4
1311674761 4
1311674821 4
1311674881 4
1311674941 4
1311675001 4
1311675061 4
1311675121 4
1311675181 4
1311675241 4
1311675301 4
1311675361 4
1311675421 4
1311675481 4
1311675541 4
1311675601 4
1311675661 4
1311675721 4
1311675781 4
1311675841 4
1311675901 2
1311675961 3
1311676021 3
1311676081 3
1311676141 3
1311676201 3
1311676261 3
1311676321 4
1311676381 4
1311676441 4
1311676501 4
1311676561 4
1311676621 4
1311676681 4
1311676741 4
1311676801 3
1311676861 3
1311676921 3
1311676981 4
1311677041 4
1311677101 5
1311677161 5
1311677221 5
1311677281 5
1311677341 5
1311677401 5
1311677461 5
1311677521 5
1311677581 5
1311677641 5
1311677701 5
1311677761 5
1311677821 5
1311677881 5
1311677941 5
1311678001 5
1311678061 5
1311678121 5
1311678181 5
1311678241 5
1311678301 5
1311678361 5
1311678421 5
1311678481 1
1311678541 1
1311678601 1
1311678661 1
1311678721 1
1311678781 1
1311678841 1
1311678901 1
1311678961 1
1311679021 1
1311679081 1
1311679141 1
1311679201 1
1311679261 1
1311679321 1
1311679381 1
1311679441 1
1311679501 1
1311679561 1
1311679621 1
1311679681 1
1311679741 1
1311679801 1
1311679861 1
1311679921 1
1311679981 1
1311680041 1
1311680101 1
1311680161 1
1311680221 1
1311680281 1
1311680341 1
1311680401 1
1311680461 1
1311680521 1
1311680581 2
1311680641 2
1311680701 2
1311680761 2
1311680821 2
1311680881 2
1311680941 2
1311681001 2
1311681061 3
1311681121 3
1311681181 3
1311681241 3
1311681301 3
1311681361 3
1311681421 3
1311681481 3
1311681541 3
1311681601 3
1311681661 3
1311681721 3
1311681781 3
1311681841 3
1311681901 3
1311681961 3
1311682021 3
1311682081 1
1311682141 1
1311682201 1
1311682261 1
1311682321 1
1311682381 1
1311682441 1
1311682501 1
1311682561 1
1311682621 1
1311682681 1
1311682741 1
1311682801 1
1311682861 1
1311682921 1
1311682981 1
1311683041 1
1311683101 1
1311683161 1
1311683221 1
1311683281 1
1311683341 1
1311683401 1
1311683461 1
1311683521 1
1311683581 1
1311683641 1
1311683701 1
1311683761 1
1311683821 1
1311683881 1
1311683941 1
1311684001 2
1311684061 2
1311684121 2
1311684181 2
1311684241 2
1311684301 2
1311684361 2
1311684421 2
1311684481 2
1311684541 2
1311684602 2
1311684661 2
1311684721 2
1311684781 2
1311684841 2
1311684901 2
1311684961 2
1311685021 2
1311685081 2
1311685141 2
1311685201 2
1311685261 2
1311685321 2
1311685381 2
1311685441 2
1311685501 2
1311685561 2
1311685621 2
1311685681 3
1311685741 3
1311685801 3
1311685861 4
1311685921 4
1311685981 4
1311686041 4
1311686101 4
1311686161 4
1311686221 4
1311686281 4
1311686341 4
1311686401 3
1311686461 3
1311686521 3
1311686581 3
1311686641 3
1311686701 3
1311686761 3
1311686821 3
1311686881 2
1311686941 2
1311687001 2
1311687061 2
1311687121 2
1311687181 2
1311687242 2
1311687301 2
1311687361 2
1311687421 2
1311687481 1
1311687541 1
1311687601 1
1311687661 1
1311687721 2
1311687781 2
1311687841 2
1311687901 2
1311687961 2
1311688021 2
1311688081 2
1311688141 2
1311688201 2
1311688261 2
1311688321 2
1311688381 2
1311688441 1
1311688501 1
1311688561 1
1311688621 1
1311688681 1
1311688741 1
1311688801 1
1311688861 1
1311688921 1
1311688981 2
1311689041 2
1311689101 2
1311689161 2
1311689221 2
1311689281 2
1311689341 2
1311689401 2
1311689461 3
1311689521 3
1311689581 3
1311689641 3
1311689701 3
1311689761 3
1311689821 3
1311689881 3
1311689941 3
1311690001 3
1311690061 3
1311690121 3
1311690181 3
1311690241 3
1311690301 3
1311690361 3
1311690421 3
1311690481 3
1311690541 3
1311690601 3
1311690661 3
1311690721 3
1311690782 3
1311690841 3
1311690901 3
1311690961 3
1311691021 3
1311691081 3
1311691141 2
1311691201 2
1311691261 2
1311691321 2
1311691381 2
1311691441 2
1311691501 2
1311691561 2
1311691621 2
1311691681 2
1311691741 2
1311691801 2
1311691861 2
1311691921 2
1311691981 2
1311692041 2
1311692101 2
1311692161 2
1311692221 2
1311692281 2
1311692341 2
1311692401 2
1311692461 2
1311692521 2
1311692581 2
1311692641 2
1311692701 2
1311692761 2
1311692821 2
1311692881 2
1311692941 2
1311693001 2
1311693061 2
1311693121 2
1311693181 2
1311693241 2
1311693301 1
1311693361 1
1311693421 1
1311693481 1
1311693541 1
1311693602 2
1311693661 2
1311693721 2
1311693781 2
1311693841 2
1311693901 2
1311693961 2
1311694022 2
1311694081 2
1311694141 2
1311694201 2
1311694261 2
1311694321 2
1311694381 1
1311694441 1
1311694501 1
1311694561 1
1311694621 1
1311694681 1
1311694741 1
1311694801 1
1311694861 1
1311694921 1
1311694981 1
1311695041 1
1311695101 1
1311695161 1
1311695221 1
1311695281 1
1311695341 1
1311695401 1
1311695461 1
1311695521 1
1311695581 1
1311695641 1
1311695701 1
1311695761 1
1311695821 1
1311695881 1
1311695941 1
1311696001 1
