1316880061 128
1316880121 132
1316880181 134
1316880241 123
1316880301 125
1316880361 128
1316880421 123
1316880481 121
1316880541 123
1316880601 125
1316880661 119
1316880721 120
1316880781 116
1316880841 118
1316880901 121
1316880961 119
1316881021 122
1316881081 124
1316881141 117
1316881201 116
1316881261 119
1316881321 118
1316881381 111
1316881441 115
1316881501 115
1316881561 112
1316881621 117
1316881681 103
1316881741 105
1316881801 104
1316881861 102
1316881921 102
1316881981 104
1316882041 108
1316882101 104
1316882161 109
1316882221 110
1316882281 111
1316882341 115
1316882401 118
1316882461 102
1316882521 104
1316882581 105
1316882641 100
1316882701 101
1316882761 98
1316882821 103
1316882882 98
1316882941 93
1316883001 96
1316883061 96
1316883121 102
1316883181 93
1316883241 93
1316883301 88
1316883361 89
1316883421 94
1316883481 89
1316883541 91
1316883601 88
1316883661 91
1316883721 95
1316883781 88
1316883841 88
1316883902 88
1316883961 94
1316884021 96
1316884082 98
1316884141 92
1316884201 89
1316884261 90
1316884321 98
1316884381 91
1316884441 92
1316884502 95
1316884561 96
1316884622 97
1316884681 90
1316884741 89
1316884801 91
1316884861 85
1316884921 89
1316884981 88
1316885041 79
1316885101 81
1316885161 82
1316885221 80
1316885281 79
1316885341 77
1316885401 76
1316885461 77
1316885521 80
1316885581 82
1316885641 74
1316885702 77
1316885761 75
1316885821 80
1316885881 75
1316885941 73
1316886001 74
1316886061 74
1316886121 77
1316886181 78
1316886241 65
1316886301 67
1316886361 65
1316886421 69
1316886481 72
1316886541 72
1316886601 74
1316886661 74
1316886721 68
1316886781 68
1316886841 67
1316886901 65
1316886961 65
1316887021 67
1316887081 66
1316887141 66
1316887201 61
1316887261 59
1316887321 61
1316887381 61
1316887441 58
1316887501 60
1316887561 61
1316887621 63
1316887681 64
1316887741 62
1316887801 62
1316887861 63
1316887921 61
1316887981 62
1316888041 62
1316888101 62
1316888161 62
1316888221 63
1316888281 65
1316888341 58
1316888401 58
1316888461 58
1316888521 60
1316888581 62
1316888641 56
1316888701 56
1316888761 56
1316888821 54
1316888881 56
1316888941 56
1316889001 57
1316889061 57
1316889121 58
1316889181 59
1316889241 50
1316889301 51
1316889361 51
1316889421 53
1316889481 54
1316889541 54
1316889601 55
1316889661 55
1316889721 56
1316889781 57
1316889841 57
1316889901 45
1316889961 45
1316890021 46
1316890081 48
1316890141 46
1316890201 47
1316890261 46
1316890321 48
1316890381 51
1316890441 52
1316890501 53
1316890561 48
1316890621 50
1316890681 53
1316890741 53
1316890801 54
1316890861 55
1316890921 56
1316890981 56
1316891041 56
1316891102 56
1316891161 56
1316891221 58
1316891281 58
1316891341 58
1316891401 59
1316891461 59
1316891521 41
1316891582 43
1316891641 43
1316891701 44
1316891761 44
1316891821 46
1316891881 48
1316891941 48
1316892001 42
1316892061 42
1316892121 44
1316892181 46
1316892241 46
1316892301 47
1316892361 41
1316892421 42
1316892481 44
1316892541 44
1316892601 42
1316892661 42
1316892721 44
1316892781 45
1316892842 45
1316892901 46
1316892961 46
1316893021 48
1316893081 50
1316893141 42
1316893201 41
1316893261 41
1316893321 43
1316893381 44
1316893441 44
1316893501 44
1316893561 44
1316893621 45
1316893681 47
1316893741 47
1316893801 47
1316893861 47
1316893921 48
1316893981 49
1316894041 50
1316894101 50
1316894161 50
1316894221 51
1316894281 53
1316894341 53
1316894401 53
1316894461 53
1316894521 54
1316894581 54
1316894641 54
1316894701 55
1316894761 55
1316894821 55
1316894881 55
1316894941 55
1316895001 55
1316895061 55
1316895121 36
1316895181 36
1316895241 36
1316895302 37
1316895362 37
1316895422 38
1316895481 38
1316895541 39
1316895601 40
1316895661 37
1316895721 38
1316895781 39
1316895841 40
1316895901 41
1316895961 41
1316896021 41
1316896081 41
1316896141 42
1316896201 43
1316896261 43
1316896322 45
1316896381 46
1316896441 47
1316896501 38
1316896561 38
1316896621 39
1316896681 39
1316896741 40
1316896801 40
1316896861 40
1316896922 42
1316896981 42
1316897041 42
1316897101 43
1316897161 43
1316897221 44
1316897281 44
1316897341 45
1316897401 46
1316897461 46
1316897521 47
1316897581 48
1316897641 49
1316897701 35
1316897761 36
1316897821 38
1316897881 39
1316897941 40
1316898001 41
1316898061 41
1316898121 42
1316898181 42
1316898241 43
1316898301 43
1316898361 43
1316898421 43
1316898481 43
1316898541 44
1316898601 45
1316898594 45
1316898601 45
1316898661 45
1316898721 45
1316898781 37
1316898841 38
1316898901 40
1316898961 40
1316899021 41
1316899081 41
1316899142 42
1316899201 42
1316899262 42
1316899321 43
1316899381 43
1316899442 43
1316899502 44
1316899562 44
1316899621 44
1316899681 44
1316899741 45
1316899801 45
1316899861 45
1316899921 47
1316899981 48
1316900041 49
1316900101 50
1316900161 50
1316900221 50
1316900281 50
1316900341 51
1316900401 51
1316900461 51
1316900521 51
1316900581 51
1316900641 51
1316900701 51
1316900761 51
1316900821 54
1316900881 39
1316900941 36
1316901001 37
1316901061 37
1316901121 39
1316901181 40
1316901241 41
1316901301 42
1316901361 42
1316901421 42
1316901481 42
1316901541 43
1316901601 44
1316901661 44
1316901721 46
1316901781 46
1316901841 47
1316901901 48
1316901961 48
1316902021 49
1316902081 49
1316902141 49
1316902201 50
1316902261 50
1316902321 35
1316902381 36
1316902441 36
1316902501 38
1316902561 36
1316902621 37
1316902681 39
1316902741 40
1316902801 42
1316902861 42
1316902921 43
1316902981 45
1316903041 45
1316903101 47
1316903161 47
1316903221 48
1316903281 49
1316903341 50
1316903401 51
1316903461 51
1316903521 52
1316903581 53
1316903641 53
1316903702 54
1316903761 54
1316903821 54
1316903881 54
1316903941 55
1316904001 55
1316904061 55
1316904121 55
1316904181 56
1316904241 56
1316904301 56
1316904361 56
1316904421 56
1316904481 56
1316904541 56
1316904601 57
1316904661 57
1316904721 58
1316904781 59
1316904841 35
1316904901 37
1316904961 34
1316905021 35
1316905081 37
1316905141 38
1316905201 40
1316905261 40
1316905321 40
1316905381 41
1316905441 42
1316905501 43
1316905561 43
1316905621 44
1316905681 44
1316905741 44
1316905801 47
1316905861 33
1316905921 34
1316905981 35
1316906041 36
1316906101 37
1316906161 37
1316906221 37
1316906281 37
1316906341 38
1316906401 38
1316906461 38
1316906521 40
1316906581 41
1316906641 42
1316906701 44
1316906761 44
1316906821 38
1316906881 40
1316906941 41
1316907001 44
1316907061 44
1316907121 45
1316907181 45
1316907241 47
1316907301 48
1316907361 49
1316907421 49
1316907481 35
1316907541 36
1316907601 37
1316907661 38
1316907721 36
1316907781 36
1316907841 38
1316907901 39
1316907962 40
1316908021 37
1316908081 35
1316908141 38
1316908201 39
1316908261 40
1316908321 42
1316908381 42
1316908441 39
1316908501 37
1316908561 39
1316908621 40
1316908681 38
1316908741 40
1316908801 40
1316908861 40
1316908921 41
1316908981 42
1316909041 44
1316909101 44
1316909161 45
1316909222 47
1316909281 40
1316909341 44
1316909401 46
1316909461 47
1316909522 49
1316909581 50
1316909641 52
1316909701 51
1316909761 47
1316909821 49
1316909881 48
1316909941 47
1316910001 47
1316910061 48
1316910121 50
1316910181 50
1316910241 44
1316910301 45
1316910361 45
1316910421 46
1316910481 46
1316910541 47
1316910601 47
1316910661 49
1316910721 51
1316910781 52
1316910841 52
1316910901 53
1316910962 52
1316911021 51
1316911081 51
1316911141 48
1316911201 51
1316911261 54
1316911321 55
1316911381 51
1316911441 55
1316911501 56
1316911561 59
1316911621 58
1316911681 58
1316911741 57
1316911801 59
1316911861 53
1316911921 55
1316911981 55
1316912041 55
1316912101 52
1316912161 51
1316912221 55
1316912281 56
1316912341 58
1316912401 54
1316912461 55
1316912521 56
1316912581 52
1316912641 54
1316912701 54
1316912761 54
1316912821 53
1316912881 53
1316912941 56
1316913001 56
1316913061 57
1316913121 61
1316913181 61
1316913241 63
1316913301 64
1316913361 64
1316913421 67
1316913481 68
1316913541 71
1316913601 72
1316913661 73
1316913721 75
1316913781 64
1316913841 69
1316913901 70
1316913961 70
1316914021 68
1316914081 69
1316914141 74
1316914201 70
1316914261 69
1316914321 66
1316914381 68
1316914441 71
1316914501 64
1316914561 64
1316914621 69
1316914681 68
1316914741 68
1316914801 68
1316914861 69
1316914921 71
1316914981 74
1316915041 74
1316915101 77
1316915161 73
1316915221 78
1316915281 75
1316915341 77
1316915401 79
1316915461 72
1316915521 75
1316915581 79
1316915641 71
1316915701 75
1316915761 75
1316915821 77
1316915881 74
1316915941 77
1316916001 65
1316916061 68
1316916121 69
1316916181 68
1316916241 69
1316916301 70
1316916361 72
1316916421 72
1316916481 75
1316916541 71
1316916601 71
1316916661 78
1316916721 82
1316916781 80
1316916841 81
1316916901 78
1316916961 79
1316917021 78
1316917081 77
1316917141 82
1316917201 83
1316917261 86
1316917321 87
1316917381 88
1316917441 83
1316917501 82
1316917561 84
1316917621 81
1316917681 81
1316917741 83
1316917801 82
1316917861 81
1316917921 87
1316917981 88
1316918041 91
1316918101 86
1316918161 87
1316918221 85
1316918281 87
1316918341 89
1316918401 86
1316918461 87
1316918521 86
1316918581 86
1316918642 87
1316918701 86
1316918761 89
1316918821 89
1316918881 90
1316918941 90
1316919001 94
1316919061 97
1316919121 94
1316919181 92
1316919241 92
1316919301 93
1316919361 94
1316919421 94
1316919481 99
1316919541 97
1316919601 100
1316919661 95
1316919721 92
1316919781 93
1316919841 96
1316919901 90
1316919961 95
1316920021 98
1316920081 102
1316920141 106
1316920201 105
1316920261 106
1316920321 105
1316920381 102
1316920441 106
1316920501 104
1316920561 109
1316920621 103
1316920681 105
1316920741 110
1316920801 103
1316920861 112
1316920921 107
1316920981 107
1316921041 109
1316921101 109
1316921161 112
1316921221 103
1316921281 103
1316921341 104
1316921401 104
1316921461 107
1316921521 102
1316921581 101
1316921641 103
1316921701 106
1316921761 105
1316921821 104
1316921881 104
1316921941 108
1316922001 109
1316922061 106
1316922121 108
1316922181 111
1316922241 116
1316922301 118
1316922361 113
1316922421 110
1316922481 111
1316922541 115
1316922601 113
1316922661 115
1316922721 116
1316922781 115
1316922841 120
1316922901 117
1316922961 121
1316923021 120
1316923081 126
1316923141 124
1316923201 117
1316923261 118
1316923321 116
1316923382 116
1316923441 121
1316923501 126
1316923561 120
1316923621 115
1316923681 112
1316923741 112
1316923801 114
1316923861 118
1316923921 110
1316923981 111
1316924041 112
1316924101 117
1316924161 114
1316924221 113
1316924281 110
1316924341 114
1316924401 115
1316924461 119
1316924521 116
1316924581 110
1316924641 113
1316924701 117
1316924761 115
1316924821 112
1316924881 114
1316924941 110
1316925001 115
1316925061 115
1316925121 114
1316925181 107
1316925241 108
1316925301 115
1316925361 113
1316925421 112
1316925481 112
1316925541 101
1316925601 107
1316925661 106
1316925721 107
1316925781 108
1316925841 104
1316925901 108
1316925961 114
1316926021 113
1316926081 113
1316926141 112
1316926201 119
1316926261 121
1316926322 121
1316926381 109
1316926441 115
1316926501 113
1316926561 117
1316926621 114
1316926681 114
1316926741 119
1316926801 121
1316926861 122
1316926921 125
1316926981 115
1316927041 119
1316927101 119
1316927161 122
1316927221 122
1316927281 119
1316927341 121
1316927401 119
1316927461 119
1316927521 116
1316927581 117
1316927641 122
1316927701 119
1316927761 123
1316927821 123
1316927881 119
1316927941 122
1316928001 117
1316928061 121
1316928121 124
1316928181 110
1316928241 108
1316928301 111
1316928361 111
1316928421 119
1316928481 116
1316928541 121
1316928601 127
1316928661 131
1316928721 134
1316928781 128
1316928841 128
1316928901 130
1316928961 138
1316929021 130
1316929081 124
1316929141 125
1316929201 124
1316929261 130
1316929321 133
1316929381 133
1316929441 131
1316929501 135
1316929561 136
1316929621 134
1316929681 135
1316929741 126
1316929801 128
1316929861 132
1316929921 133
1316929981 126
1316930041 126
1316930101 129
1316930161 137
1316930221 125
1316930281 128
1316930341 135
1316930401 135
1316930461 140
1316930521 134
1316930581 131
1316930641 134
1316930701 136
1316930761 139
1316930821 137
1316930881 129
1316930941 125
1316931001 128
1316931061 138
1316931121 135
1316931181 130
1316931241 130
1316931301 135
1316931361 142
1316931421 142
1316931481 139
1316931541 145
1316931601 153
1316931662 152
1316931722 151
1316931781 154
1316931841 152
1316931901 149
1316931961 142
1316932021 140
1316932081 137
1316932141 142
1316932201 145
1316932261 151
1316932321 150
1316932382 149
1316932441 155
1316932501 161
1316932561 150
1316932621 150
1316932681 149
1316932741 154
1316932801 156
1316932861 162
1316932921 148
1316932981 145
1316933041 148
1316933101 150
1316933161 154
1316933221 146
1316933281 148
1316933341 149
1316933401 155
1316933461 151
1316933521 153
1316933581 145
1316933641 145
1316933701 153
1316933761 146
1316933821 146
1316933881 144
1316933941 144
1316934001 146
1316934061 142
1316934121 141
1316934181 141
1316934241 147
1316934301 144
1316934361 145
1316934421 141
1316934481 147
1316934541 146
1316934601 151
1316934661 147
1316934721 149
1316934781 147
1316934841 144
1316934901 145
1316934961 153
1316935021 157
1316935081 149
1316935141 156
1316935201 156
1316935261 153
1316935321 153
1316935381 155
1316935441 158
1316935501 162
1316935561 162
1316935621 169
1316935681 164
1316935741 167
1316935801 166
1316935861 162
1316935921 163
1316935981 157
1316936041 160
1316936101 159
1316936161 155
1316936221 164
1316936281 150
1316936341 149
1316936401 153
1316936461 150
1316936521 154
1316936581 155
1316936641 150
1316936701 151
1316936761 152
1316936821 153
1316936881 141
1316936941 139
1316937001 143
1316937061 147
1316937121 151
1316937181 153
1316937241 151
1316937301 148
1316937361 148
1316937421 155
1316937481 156
1316937541 152
1316937601 156
1316937661 160
1316937721 161
1316937781 159
1316937841 160
1316937901 165
1316937961 165
1316938021 163
1316938081 161
1316938141 159
1316938201 165
1316938261 167
1316938321 175
1316938381 168
1316938441 169
1316938501 171
1316938561 170
1316938621 171
1316938681 167
1316938741 168
1316938801 172
1316938861 179
1316938922 172
1316938982 165
1316939041 161
1316939101 164
1316939161 166
1316939221 164
1316939281 167
1316939341 167
1316939401 174
1316939461 181
1316939521 178
1316939581 182
1316939641 176
1316939701 178
1316939761 171
1316939821 172
1316939881 180
1316939941 169
1316940001 172
1316940061 172
1316940121 177
1316940181 170
1316940241 170
1316940301 171
1316940361 170
1316940421 175
1316940481 170
1316940541 175
1316940601 177
1316940661 171
1316940721 173
1316940781 173
1316940841 168
1316940901 175
1316940962 165
1316941021 168
1316941081 174
1316941141 171
1316941201 179
1316941261 177
1316941321 181
1316941381 180
1316941441 183
1316941501 189
1316941561 180
1316941621 183
1316941681 177
1316941741 176
1316941801 179
1316941862 176
1316941922 175
1316941981 183
1316942041 180
1316942101 184
1316942161 182
1316942221 185
1316942281 192
1316942341 185
1316942401 187
1316942461 188
1316942521 189
1316942582 186
1316942641 185
1316942701 183
1316942761 189
1316942821 196
1316942881 185
1316942941 179
1316943001 189
1316943061 195
1316943121 190
1316943181 182
1316943241 178
1316943301 188
1316943361 189
1316943421 183
1316943481 183
1316943541 183
1316943601 185
1316943661 192
1316943721 187
1316943781 188
1316943841 184
1316943901 186
1316943961 193
1316944021 189
1316944081 178
1316944141 180
1316944201 186
1316944261 193
1316944321 181
1316944381 179
1316944441 180
1316944501 182
1316944561 182
1316944621 171
1316944681 169
1316944741 171
1316944801 176
1316944861 177
1316944921 166
1316944981 166
1316945041 169
1316945101 170
1316945161 174
1316945221 166
1316945281 166
1316945341 168
1316945401 161
1316945461 162
1316945521 156
1316945581 158
1316945641 151
1316945701 159
1316945761 155
1316945821 154
1316945881 151
1316945941 148
1316946001 157
1316946061 158
1316946121 161
1316946181 158
1316946241 161
1316946301 163
1316946361 166
1316946421 157
1316946482 155
1316946541 158
1316946601 154
1316946661 160
1316946721 153
1316946781 150
1316946841 149
1316946901 150
1316946961 151
1316947021 149
1316947081 149
1316947141 147
1316947201 152
1316947261 147
1316947321 145
1316947381 146
1316947441 140
1316947501 138
1316947561 143
1316947621 141
1316947681 143
1316947741 143
1316947801 150
1316947861 144
1316947921 144
1316947981 146
1316948041 145
1316948101 147
1316948161 145
1316948221 149
1316948281 152
1316948341 154
1316948401 156
1316948461 158
1316948521 156
1316948581 161
1316948641 164
1316948701 168
1316948761 166
1316948821 167
1316948881 168
1316948941 160
1316949001 162
1316949061 163
1316949121 161
1316949181 158
1316949241 152
1316949301 154
1316949361 156
1316949421 157
1316949481 158
1316949541 156
1316949601 162
1316949661 159
1316949721 160
1316949781 160
1316949841 160
1316949901 160
1316949961 165
1316950021 159
1316950082 158
1316950141 157
1316950201 161
1316950261 167
1316950321 161
1316950381 161
1316950441 163
1316950501 169
1316950561 167
1316950621 165
1316950681 163
1316950741 161
1316950801 158
1316950861 158
1316950921 158
1316950981 155
1316951041 153
1316951101 157
1316951161 152
1316951221 158
1316951281 150
1316951341 149
1316951401 159
1316951461 151
1316951521 155
1316951581 154
1316951641 161
1316951701 169
1316951761 177
1316951821 175
1316951881 179
1316951941 177
1316952001 180
1316952061 176
1316952121 175
1316952181 167
1316952241 172
1316952301 177
1316952361 179
1316952421 181
1316952481 179
1316952541 180
1316952601 188
1316952661 195
1316952721 188
1316952781 188
1316952841 189
1316952901 196
1316952961 200
1316953021 183
1316953081 180
1316953141 183
1316953201 181
1316953261 184
1316953321 185
1316953381 185
1316953441 189
1316953501 191
1316953561 198
1316953621 198
1316953681 197
1316953741 190
1316953801 194
1316953861 194
1316953921 184
1316953981 190
1316954041 192
1316954101 198
1316954161 191
1316954221 190
1316954281 194
1316954341 203
1316954401 213
1316954461 204
1316954521 200
1316954581 202
1316954641 205
1316954701 217
1316954761 221
1316954821 219
1316954881 221
1316954941 227
1316955001 227
1316955061 228
1316955121 220
1316955181 215
1316955241 210
1316955302 215
1316955361 213
1316955421 209
1316955481 211
1316955541 218
1316955601 223
1316955661 225
1316955721 225
1316955781 216
1316955841 229
1316955901 230
1316955962 230
1316956021 231
1316956081 226
1316956141 230
1316956201 236
1316956261 237
1316956321 243
1316956381 242
1316956441 241
1316956501 247
1316956561 245
1316956621 243
1316956681 247
1316956741 252
1316956801 263
1316956861 261
1316956921 262
1316956981 256
1316957041 255
1316957101 256
1316957161 258
1316957222 251
1316957281 256
1316957341 258
1316957401 255
1316957461 252
1316957521 244
1316957581 242
1316957641 243
1316957701 251
1316957761 247
1316957821 242
1316957881 245
1316957941 250
1316958001 249
1316958061 255
1316958121 251
1316958181 262
1316958241 259
1316958301 257
1316958361 266
1316958421 269
1316958482 265
1316958541 267
1316958601 270
1316958661 268
1316958721 266
1316958781 263
1316958841 272
1316958901 268
1316958961 273
1316959021 277
1316959081 273
1316959141 277
1316959201 279
1316959261 284
1316959321 283
1316959381 277
1316959441 286
1316959501 284
1316959561 275
1316959621 275
1316959681 270
1316959741 273
1316959801 271
1316959861 269
1316959921 272
1316959981 272
1316960041 278
1316960101 278
1316960161 272
1316960221 281
1316960281 271
1316960341 274
1316960401 275
1316960461 267
1316960521 275
1316960581 279
1316960641 286
1316960701 278
1316960761 283
1316960821 282
1316960881 288
1316960941 293
1316961001 291
1316961061 294
1316961121 293
1316961181 291
1316961241 292
1316961301 287
1316961361 288
1316961421 282
1316961481 276
1316961541 285
1316961601 292
1316961661 292
1316961721 289
1316961781 286
1316961841 293
1316961901 291
1316961961 290
1316962021 291
1316962081 287
1316962141 284
1316962201 282
1316962261 280
1316962321 279
1316962382 282
1316962441 280
1316962501 284
1316962561 281
1316962621 288
1316962681 288
1316962741 291
1316962801 293
1316962861 296
1316962921 304
1316962981 302
1316963041 303
1316963101 313
1316963161 308
1316963221 314
1316963281 306
1316963341 307
1316963401 315
1316963461 310
1316963521 318
1316963581 306
1316963641 310
1316963701 307
1316963761 299
1316963821 299
1316963881 303
1316963941 304
1316964001 307
1316964061 304
1316964121 312
1316964181 313
1316964241 313
1316964301 309
1316964361 302
1316964421 311
1316964481 309
1316964541 313
1316964601 317
1316964661 309
1316964721 310
1316964781 304
1316964841 317
1316964901 312
1316964961 311
1316965021 312
1316965081 302
1316965141 307
1316965201 307
1316965261 302
1316965321 294
1316965381 297
1316965441 299
1316965501 293
1316965561 290
1316965621 290
1316965681 285
1316965741 291
1316965801 286
1316965861 274
1316965921 278
1316965981 273
1316966041 276
1316966101 274
1316966161 264
1316966221 268
1316966281 271
1316966341 272
1316966401 268
