1310227261 8
1310227321 8
1310227381 8
1310227441 8
1310227501 7
1310227561 7
1310227621 7
1310227681 7
1310227741 7
1310227801 7
1310227861 8
1310227921 9
1310227981 8
1310228041 9
1310228101 9
1310228161 9
1310228221 10
1310228281 9
1310228341 10
1310228401 10
1310228461 10
1310228521 10
1310228581 10
1310228641 10
1310228701 10
1310228761 8
1310228821 8
1310228881 8
1310228941 8
1310229001 8
1310229061 8
1310229121 8
1310229181 8
1310229241 7
1310229301 8
1310229361 8
1310229421 8
1310229481 8
1310229541 8
1310229601 8
1310229661 8
1310229721 8
1310229781 8
1310229841 7
1310229901 7
1310229961 7
1310230021 7
1310230081 7
1310230141 7
1310230201 7
1310230261 8
1310230321 8
1310230381 9
1310230441 9
1310230501 9
1310230561 9
1310230621 9
1310230681 9
1310230741 9
1310230801 9
1310230861 7
1310230921 7
1310230981 7
1310231041 7
1310231101 7
1310231161 7
1310231221 7
1310231281 6
1310231341 6
1310231401 6
1310231461 6
1310231521 6
1310231581 6
1310231641 6
1310231701 7
1310231761 7
1310231821 7
1310231881 8
1310231941 8
1310232001 8
1310232061 8
1310232121 8
1310232181 8
1310232241 8
1310232301 8
1310232361 8
1310232421 8
1310232481 8
1310232541 8
1310232601 6
1310232661 6
1310232721 6
1310232781 6
1310232841 6
1310232901 6
1310232961 6
1310233021 6
1310233081 6
1310233141 6
1310233201 6
1310233261 6
1310233321 6
1310233381 6
1310233441 6
1310233501 6
1310233561 6
1310233621 6
1310233681 6
1310233741 6
1310233801 6
1310233861 6
1310233921 6
1310233981 6
1310234042 6
1310234101 6
1310234161 6
1310234221 6
1310234281 6
1310234341 6
1310234401 6
1310234461 5
1310234521 6
1310234581 6
1310234641 6
1310234701 6
1310234761 6
1310234821 6
1310234881 6
1310234941 6
1310235001 6
1310235061 4
1310235121 4
1310235181 4
1310235241 4
1310235301 4
1310235361 4
1310235421 4
1310235481 4
1310235541 4
1310235601 4
1310235661 4
1310235721 4
1310235781 4
1310235841 4
1310235901 4
1310235961 4
1310236021 4
1310236081 4
1310236141 4
1310236201 4
1310236261 4
1310236321 4
1310236381 4
1310236441 4
1310236501 4
1310236561 4
1310236621 4
1310236681 4
1310236741 4
1310236801 4
1310236861 5
1310236921 5
1310236981 5
1310237041 5
1310237102 5
1310237162 5
1310237221 5
1310237281 5
1310237341 5
1310237401 5
1310237461 5
1310237521 5
1310237581 5
1310237641 5
1310237701 5
1310237761 5
1310237821 5
1310237881 5
1310237941 5
1310238001 5
1310238061 5
1310238121 5
1310238181 5
1310238241 5
1310238301 5
1310238361 5
1310238421 5
1310238481 5
1310238541 5
1310238601 5
1310238661 5
1310238721 5
1310238781 5
1310238841 5
1310238901 5
1310238961 5
1310239021 5
1310239081 5
1310239141 5
1310239201 5
1310239262 5
1310239321 5
1310239381 5
1310239441 5
1310239501 5
1310239561 5
1310239621 5
1310239681 5
1310239741 5
1310239801 5
1310239861 5
1310239921 5
1310239981 5
1310240041 5
1310240101 5
1310240161 5
1310240221 5
1310240281 5
1310240341 5
1310240401 5
1310240461 5
1310240521 5
1310240581 5
1310240641 5
1310240701 5
1310240761 5
1310240821 5
1310240881 6
1310240941 7
1310241001 7
1310241061 7
1310241121 7
1310241181 7
1310241241 7
1310241301 7
1310241361 7
1310241421 7
1310241481 7
1310241541 7
1310241601 7
1310241662 7
1310241721 7
1310241783 7
1310241841 7
1310241901 7
1310241961 7
1310242021 7
1310242081 7
1310242141 7
1310242201 7
1310242261 7
1310242321 7
1310242381 7
1310242441 7
1310242501 7
1310242561 7
1310242621 7
1310242681 7
1310242741 7
1310242801 7
1310242861 7
1310242921 7
1310242981 7
1310243041 4
1310243101 4
1310243161 4
1310243222 4
1310243281 4
1310243341 4
1310243401 4
1310243461 4
1310243521 4
1310243581 4
1310243641 4
1310243701 4
1310243761 4
1310243821 4
1310243881 4
1310243941 4
1310244001 4
1310244061 4
1310244121 4
1310244181 4
1310244241 4
1310244301 4
1310244361 4
1310244421 4
1310244481 4
1310244541 4
1310244601 4
1310244661 4
1310244721 4
1310244781 4
1310244841 4
1310244901 4
1310244961 4
1310245021 4
1310245081 4
1310245141 4
1310245201 4
1310245261 4
1310245321 4
1310245381 4
1310245441 4
1310245501 4
1310245561 4
1310245621 4
1310245681 4
1310245741 4
1310245801 4
1310245793 4
1310245801 4
1310245861 4
1310245921 4
1310245981 4
1310246041 4
1310246101 4
1310246161 4
1310246221 4
1310246281 4
1310246341 4
1310246401 4
1310246461 4
1310246521 4
1310246581 4
1310246642 4
1310246701 4
1310246762 4
1310246821 4
1310246881 4
1310246941 4
1310247001 4
1310247061 4
1310247121 4
1310247181 4
1310247241 4
1310247301 4
1310247361 4
1310247421 4
1310247481 4
1310247541 4
1310247601 4
1310247661 4
1310247721 4
1310247781 4
1310247841 4
1310247901 4
1310247961 4
1310248021 4
1310248081 4
1310248141 4
1310248201 4
1310248261 4
1310248321 4
1310248381 4
1310248441 5
1310248501 5
1310248561 5
1310248621 5
1310248681 5
1310248741 5
1310248801 5
1310248861 5
1310248921 5
1310248981 5
1310249041 5
1310249101 5
1310249161 5
1310249221 5
1310249281 5
1310249341 5
1310249401 5
1310249461 5
1310249521 5
1310249581 5
1310249641 5
1310249701 5
1310249761 5
1310249821 5
1310249881 5
1310249941 5
1310250001 5
1310250061 5
1310250121 5
1310250181 5
1310250242 5
1310250301 5
1310250361 5
1310250421 5
1310250481 5
1310250541 5
1310250601 5
1310250661 5
1310250721 5
1310250781 5
1310250841 5
1310250901 5
1310250961 5
1310251021 5
1310251081 5
1310251141 5
1310251201 5
1310251261 5
1310251321 5
1310251381 5
1310251441 5
1310251501 5
1310251561 5
1310251621 5
1310251681 5
1310251741 5
1310251801 4
1310251861 4
1310251921 4
1310251981 5
1310252041 5
1310252101 5
1310252161 5
1310252221 5
1310252281 5
1310252341 5
1310252401 5
1310252461 5
1310252521 5
1310252581 5
1310252641 5
1310252701 5
1310252761 5
1310252822 5
1310252881 5
1310252941 5
1310253001 4
1310253061 4
1310253121 4
1310253181 4
1310253241 4
1310253301 4
1310253361 4
1310253421 4
1310253481 4
1310253541 4
1310253601 4
1310253661 4
1310253721 4
1310253781 4
1310253841 4
1310253901 4
1310253961 4
1310254021 4
1310254081 4
1310254141 4
1310254201 4
1310254261 4
1310254321 4
1310254381 4
1310254441 4
1310254501 4
1310254561 5
1310254621 5
1310254681 5
1310254741 5
1310254801 5
1310254861 5
1310254921 5
1310254981 5
1310255041 5
1310255101 5
1310255161 5
1310255221 5
1310255281 5
1310255341 5
1310255401 5
1310255461 5
1310255521 5
1310255581 5
1310255641 5
1310255701 5
1310255761 5
1310255821 5
1310255881 5
1310255941 5
1310256001 5
1310256061 5
1310256121 5
1310256181 5
1310256241 5
1310256301 5
1310256361 5
1310256421 5
1310256481 5
1310256541 5
1310256601 5
1310256661 5
1310256721 5
1310256781 5
1310256841 5
1310256901 5
1310256961 5
1310257021 5
1310257081 5
1310257141 5
1310257201 5
1310257261 5
1310257321 5
1310257381 5
1310257441 4
1310257501 5
1310257561 5
1310257621 5
1310257681 5
1310257741 5
1310257801 5
1310257861 5
1310257921 5
1310257981 5
1310258041 5
1310258101 5
1310258161 5
1310258221 5
1310258282 5
1310258341 5
1310258401 5
1310258461 5
1310258521 5
1310258581 5
1310258641 5
1310258701 5
1310258761 5
1310258821 5
1310258881 5
1310258941 5
1310259001 5
1310259061 6
1310259121 6
1310259181 6
1310259241 6
1310259301 6
1310259361 6
1310259421 6
1310259481 6
1310259541 6
1310259601 6
1310259661 6
1310259721 6
1310259781 6
1310259841 6
1310259901 6
1310259961 6
1310260021 6
1310260081 6
1310260141 6
1310260201 6
1310260261 6
1310260321 6
1310260381 6
1310260441 6
1310260501 6
1310260561 6
1310260621 6
1310260681 6
1310260741 7
1310260802 7
1310260861 7
1310260921 7
1310260981 6
1310261041 6
1310261101 6
1310261161 6
1310261221 6
1310261281 6
1310261341 6
1310261401 6
1310261461 6
1310261521 6
1310261581 6
1310261642 6
1310261701 6
1310261761 6
1310261821 5
1310261881 5
1310261941 5
1310262001 5
1310262061 5
1310262121 5
1310262181 5
1310262241 5
1310262301 6
1310262361 6
1310262421 7
1310262481 7
1310262541 7
1310262601 7
1310262661 8
1310262721 8
1310262781 8
1310262841 8
1310262901 8
1310262961 8
1310263021 8
1310263081 8
1310263141 8
1310263201 7
1310263261 7
1310263321 7
1310263381 7
1310263441 7
1310263501 7
1310263561 7
1310263621 7
1310263681 7
1310263741 7
1310263801 7
1310263861 6
1310263921 6
1310263981 6
1310264041 6
1310264101 6
1310264161 7
1310264221 7
1310264281 7
1310264341 7
1310264401 7
1310264461 7
1310264521 7
1310264581 6
1310264641 6
1310264701 6
1310264761 6
1310264821 7
1310264881 7
1310264941 7
1310265001 7
1310265061 7
1310265121 7
1310265181 7
1310265241 7
1310265301 7
1310265361 7
1310265421 7
1310265481 7
1310265541 7
1310265601 7
1310265661 7
1310265721 6
1310265781 6
1310265841 6
1310265901 6
1310265961 6
1310266021 6
1310266081 6
1310266141 6
1310266201 6
1310266261 6
1310266321 6
1310266381 6
1310266441 6
1310266501 6
1310266561 6
1310266621 6
1310266681 6
1310266741 6
1310266801 6
1310266861 6
1310266921 6
1310266981 6
1310267041 6
1310267101 6
1310267161 6
1310267221 6
1310267281 6
1310267341 6
1310267401 6
1310267461 6
1310267521 6
1310267581 6
1310267641 6
1310267701 6
1310267761 6
1310267821 6
1310267881 6
1310267941 6
1310268001 6
1310268061 6
1310268121 6
1310268181 6
1310268241 6
1310268301 6
1310268361 6
1310268421 6
1310268481 6
1310268541 6
1310268601 6
1310268661 6
1310268721 6
1310268781 6
1310268841 6
1310268901 6
1310268961 6
1310269021 6
1310269081 6
1310269141 6
1310269201 6
1310269261 6
1310269321 6
1310269381 6
1310269441 6
1310269501 5
1310269561 5
1310269621 5
1310269681 5
1310269741 5
1310269801 5
1310269861 5
1310269921 4
1310269981 5
1310270041 5
1310270101 5
1310270161 6
1310270221 8
1310270281 8
1310270341 8
1310270401 8
1310270461 8
1310270521 8
1310270581 8
1310270641 8
1310270701 8
1310270761 8
1310270821 8
1310270881 8
1310270941 7
1310271001 8
1310271061 8
1310271121 8
1310271181 8
1310271241 8
1310271301 8
1310271361 8
1310271421 8
1310271481 9
1310271541 9
1310271601 9
1310271661 9
1310271721 9
1310271781 10
1310271841 10
1310271901 6
1310271961 7
1310272021 7
1310272081 7
1310272141 7
1310272201 8
1310272261 8
1310272321 8
1310272381 9
1310272441 9
1310272501 9
1310272561 9
1310272621 9
1310272681 9
1310272741 9
1310272801 9
1310272861 9
1310272921 9
1310272981 9
1310273041 5
1310273101 5
1310273161 5
1310273221 5
1310273281 5
1310273341 5
1310273401 6
1310273461 6
1310273521 5
1310273581 5
1310273641 6
1310273701 6
1310273761 6
1310273821 6
1310273881 6
1310273941 6
1310274001 6
1310274061 6
1310274121 6
1310274182 6
1310274241 6
1310274301 6
1310274361 6
1310274421 6
1310274481 6
1310274541 4
1310274601 4
1310274661 4
1310274721 4
1310274781 6
1310274841 6
1310274901 6
1310274961 6
1310275021 6
1310275081 6
1310275141 6
1310275201 6
1310275261 7
1310275321 7
1310275381 7
1310275441 7
1310275501 7
1310275561 7
1310275621 7
1310275681 7
1310275741 7
1310275801 7
1310275861 7
1310275921 7
1310275981 7
1310276041 7
1310276101 7
1310276161 6
1310276221 9
1310276281 9
1310276341 10
1310276401 10
1310276461 11
1310276521 11
1310276581 11
1310276641 11
1310276701 11
1310276761 11
1310276821 11
1310276881 11
1310276941 8
1310277001 8
1310277061 8
1310277121 8
1310277181 8
1310277241 8
1310277301 8
1310277361 8
1310277421 8
1310277481 8
1310277541 8
1310277601 8
1310277661 8
1310277721 8
1310277781 8
1310277841 8
1310277901 8
1310277961 9
1310278021 9
1310278081 9
1310278141 9
1310278201 10
1310278261 10
1310278321 10
1310278381 10
1310278441 10
1310278501 10
1310278562 9
1310278621 8
1310278681 8
1310278741 8
1310278801 8
1310278861 8
1310278921 8
1310278981 8
1310279041 6
1310279101 7
1310279161 7
1310279221 7
1310279281 7
1310279341 7
1310279401 7
1310279461 7
1310279521 7
1310279581 7
1310279641 7
1310279701 7
1310279761 7
1310279821 7
1310279881 7
1310279941 7
1310280001 7
1310280061 7
1310280121 7
1310280181 7
1310280241 7
1310280301 7
1310280361 7
1310280421 7
1310280481 7
1310280541 8
1310280601 8
1310280661 8
1310280721 8
1310280781 8
1310280841 9
1310280901 9
1310280961 9
1310281021 9
1310281081 9
1310281141 9
1310281201 9
1310281261 9
1310281321 9
1310281381 9
1310281441 9
1310281501 9
1310281561 9
1310281621 9
1310281681 9
1310281741 9
1310281801 7
1310281861 7
1310281921 7
1310281981 7
1310282041 7
1310282101 6
1310282161 7
1310282221 7
1310282281 7
1310282341 7
1310282401 7
1310282461 7
1310282521 7
1310282581 7
1310282641 8
1310282701 8
1310282761 8
1310282821 8
1310282881 8
1310282941 8
1310283001 8
1310283061 8
1310283121 8
1310283181 8
1310283241 8
1310283301 9
1310283361 9
1310283421 9
1310283481 9
1310283541 9
1310283601 9
1310283661 9
1310283721 9
1310283781 9
1310283841 9
1310283901 9
1310283961 8
1310284021 8
1310284081 8
1310284141 8
1310284201 8
1310284261 8
1310284321 8
1310284381 8
1310284441 8
1310284501 8
1310284561 8
1310284621 8
1310284681 8
1310284741 6
1310284801 6
1310284861 6
1310284921 6
1310284981 6
1310285041 7
1310285101 8
1310285161 8
1310285221 8
1310285281 8
1310285341 8
1310285401 8
1310285461 9
1310285521 9
1310285581 9
1310285641 9
1310285701 9
1310285761 9
1310285821 10
1310285881 10
1310285941 10
1310286002 10
1310286062 10
1310286121 10
1310286181 10
1310286241 10
1310286301 10
1310286361 10
1310286421 10
1310286481 7
1310286541 7
1310286601 7
1310286661 7
1310286721 7
1310286781 7
1310286841 8
1310286901 8
1310286961 8
1310287021 8
1310287081 8
1310287141 8
1310287201 8
1310287261 8
1310287321 8
1310287381 8
1310287441 8
1310287501 8
1310287561 8
1310287621 8
1310287681 8
1310287741 8
1310287801 8
1310287861 8
1310287921 8
1310287981 8
1310288041 8
1310288101 8
1310288161 8
1310288221 8
1310288281 5
1310288342 7
1310288401 7
1310288461 7
1310288521 7
1310288581 8
1310288641 8
1310288701 8
1310288761 8
1310288821 8
1310288882 8
1310288941 8
1310289001 8
1310289061 8
1310289121 8
1310289181 9
1310289241 9
1310289301 9
1310289361 7
1310289421 8
1310289481 8
1310289541 8
1310289601 8
1310289661 8
1310289721 8
1310289781 8
1310289841 6
1310289901 6
1310289961 7
1310290021 8
1310290081 8
1310290141 8
1310290201 8
1310290261 9
1310290321 9
1310290381 9
1310290441 9
1310290501 7
1310290561 8
1310290621 9
1310290681 9
1310290741 9
1310290801 9
1310290861 9
1310290921 9
1310290981 10
1310291041 10
1310291101 11
1310291161 11
1310291221 11
1310291281 11
1310291341 11
1310291401 11
1310291461 11
1310291521 11
1310291581 9
1310291641 9
1310291701 9
1310291761 9
1310291821 9
1310291881 9
1310291941 9
1310292001 9
1310292061 8
1310292121 8
1310292181 8
1310292241 8
1310292301 8
1310292361 8
1310292421 8
1310292481 8
1310292541 8
1310292601 8
1310292661 8
1310292721 8
1310292781 8
1310292841 8
1310292901 8
1310292961 7
1310293021 7
1310293082 7
1310293141 7
1310293201 7
1310293261 7
1310293321 7
1310293381 7
1310293441 8
1310293501 8
1310293561 9
1310293621 9
1310293681 10
1310293741 11
1310293801 11
1310293861 12
1310293921 12
1310293981 12
1310294041 12
1310294101 12
1310294161 12
1310294221 8
1310294281 9
1310294341 9
1310294401 9
1310294461 9
1310294521 9
1310294581 9
1310294641 9
1310294701 9
1310294761 9
1310294821 9
1310294881 9
1310294941 9
1310295001 9
1310295061 9
1310295121 9
1310295181 9
1310295241 9
1310295301 9
1310295361 9
1310295421 9
1310295481 9
1310295541 9
1310295601 7
1310295661 8
1310295721 8
1310295781 8
1310295841 9
1310295901 9
1310295961 9
1310296021 9
1310296081 9
1310296141 9
1310296201 9
1310296261 9
1310296321 10
1310296381 10
1310296441 10
1310296501 10
1310296561 10
1310296621 10
1310296681 9
1310296741 9
1310296801 9
1310296861 9
1310296921 9
1310296981 9
1310297041 9
1310297101 9
1310297161 9
1310297221 9
1310297281 9
1310297341 9
1310297401 8
1310297461 9
1310297521 9
1310297581 9
1310297641 9
1310297701 9
1310297761 9
1310297821 9
1310297881 10
1310297941 10
1310298001 10
1310298062 10
1310298121 10
1310298181 10
1310298241 10
1310298301 10
1310298361 9
1310298421 9
1310298481 10
1310298541 10
1310298601 10
1310298661 10
1310298721 10
1310298781 10
1310298841 10
1310298901 10
1310298961 10
1310299021 10
1310299081 11
1310299141 12
1310299201 12
1310299261 11
1310299321 11
1310299381 11
1310299442 11
1310299501 11
1310299561 10
1310299621 10
1310299681 10
1310299741 10
1310299801 11
1310299861 11
1310299921 11
1310299981 11
1310300041 11
1310300101 11
1310300161 11
1310300221 11
1310300281 11
1310300341 11
1310300401 11
1310300461 10
1310300521 11
1310300581 11
1310300641 12
1310300701 13
1310300761 13
1310300821 13
1310300881 13
1310300941 13
1310301001 13
1310301061 14
1310301121 12
1310301181 12
1310301241 12
1310301301 13
1310301361 13
1310301421 13
1310301481 11
1310301541 11
1310301601 11
1310301661 11
1310301721 11
1310301781 11
1310301841 11
1310301901 11
1310301961 11
1310302021 8
1310302081 8
1310302141 9
1310302201 9
1310302261 9
1310302321 9
1310302381 9
1310302441 9
1310302501 9
1310302561 9
1310302621 9
1310302681 9
1310302741 9
1310302801 9
1310302861 9
1310302921 9
1310302981 9
1310303041 9
1310303101 9
1310303161 9
1310303221 8
1310303281 8
1310303341 8
1310303401 9
1310303461 9
1310303521 9
1310303581 9
1310303641 10
1310303701 11
1310303761 11
1310303821 10
1310303881 11
1310303941 11
1310304001 11
1310304061 11
1310304121 11
1310304181 11
1310304241 10
1310304301 10
1310304361 10
1310304421 10
1310304481 10
1310304541 10
1310304601 9
1310304661 9
1310304721 9
1310304781 9
1310304841 10
1310304901 12
1310304961 12
1310305021 12
1310305081 13
1310305141 13
1310305201 14
1310305261 14
1310305321 14
1310305381 13
1310305441 13
1310305501 13
1310305561 13
1310305621 13
1310305681 13
1310305741 13
1310305801 13
1310305861 12
1310305921 12
1310305981 12
1310306041 12
1310306101 12
1310306161 12
1310306221 12
1310306281 11
1310306341 12
1310306401 13
1310306461 13
1310306521 14
1310306581 14
1310306641 14
1310306701 14
1310306761 14
1310306821 14
1310306881 12
1310306941 13
1310307001 12
1310307061 12
1310307121 12
1310307181 13
1310307241 13
1310307301 13
1310307361 13
1310307421 13
1310307481 13
1310307541 13
1310307601 13
1310307661 13
1310307721 11
1310307781 11
1310307841 11
1310307901 11
1310307961 11
1310308021 11
1310308081 11
1310308141 11
1310308201 11
1310308261 11
1310308321 11
1310308381 11
1310308442 11
1310308501 11
1310308561 11
1310308621 11
1310308681 12
1310308741 12
1310308801 13
1310308861 14
1310308921 15
1310308981 15
1310309041 14
1310309101 14
1310309161 14
1310309221 12
1310309281 12
1310309341 12
1310309401 12
1310309461 12
1310309521 11
1310309581 13
1310309641 13
1310309701 13
1310309761 11
1310309821 11
1310309881 11
1310309941 12
1310310001 12
1310310061 12
1310310121 13
1310310181 13
1310310241 12
1310310301 12
1310310361 10
1310310421 11
1310310481 11
1310310541 11
1310310601 11
1310310661 11
1310310721 11
1310310782 11
1310310842 11
1310310901 11
1310310961 11
1310311021 12
1310311081 11
1310311141 11
1310311201 11
1310311261 11
1310311321 12
1310311381 12
1310311441 12
1310311501 9
1310311561 9
1310311621 10
1310311681 10
1310311741 10
1310311801 11
1310311861 9
1310311921 11
1310311981 11
1310312041 10
1310312101 11
1310312162 11
1310312221 11
1310312281 12
1310312341 12
1310312401 13
1310312461 12
1310312521 12
1310312581 12
1310312641 12
1310312701 12
1310312761 12
1310312821 12
1310312881 9
1310312941 9
1310313001 9
1310313061 9
1310313121 9
1310313181 9
1310313241 9
1310313301 9
1310313361 9
1310313421 9
1310313481 10
1310313541 10
1310313601 10
