1315497661 6
1315497721 8
1315497781 8
1315497841 8
1315497901 7
1315497961 7
1315498021 8
1315498081 8
1315498141 5
1315498201 6
1315498261 6
1315498321 7
1315498381 7
1315498441 7
1315498501 7
1315498561 7
1315498621 7
1315498681 7
1315498741 7
1315498801 7
1315498861 7
1315498921 8
1315498981 8
1315499041 8
1315499101 5
1315499161 5
1315499221 6
1315499281 6
1315499341 6
1315499401 6
1315499461 6
1315499521 7
1315499581 7
1315499642 7
1315499701 3
1315499761 3
1315499821 4
1315499881 4
1315499941 4
1315500001 4
1315500061 4
1315500121 4
1315500181 4
1315500241 4
1315500301 4
1315500361 4
1315500421 4
1315500481 3
1315500541 4
1315500601 4
1315500661 5
1315500721 6
1315500781 5
1315500841 5
1315500901 5
1315500961 5
1315501021 5
1315501081 5
1315501141 5
1315501201 5
1315501261 5
1315501321 4
1315501382 4
1315501441 4
1315501501 4
1315501561 4
1315501621 4
1315501681 4
1315501741 4
1315501801 5
1315501861 5
1315501921 6
1315501981 6
1315502041 6
1315502101 6
1315502161 6
1315502221 7
1315502281 7
1315502341 4
1315502401 4
1315502461 4
1315502521 5
1315502581 5
1315502641 5
1315502701 5
1315502761 5
1315502821 6
1315502881 6
1315502941 6
1315503001 5
1315503061 5
1315503121 6
1315503181 6
1315503241 6
1315503301 6
1315503361 6
1315503421 5
1315503481 5
1315503541 5
1315503601 5
1315503661 5
1315503721 6
1315503781 6
1315503841 6
1315503901 6
1315503962 6
1315504021 3
1315504081 4
1315504141 4
1315504201 4
1315504261 4
1315504321 4
1315504381 4
1315504441 4
1315504501 4
1315504561 4
1315504621 5
1315504681 5
1315504741 5
1315504801 5
1315504861 5
1315504921 5
1315504981 5
1315505041 5
1315505101 5
1315505161 5
1315505221 6
1315505281 6
1315505341 6
1315505401 6
1315505461 6
1315505521 7
1315505581 7
1315505641 7
1315505701 7
1315505761 7
1315505821 7
1315505881 7
1315505941 7
1315506001 7
1315506061 7
1315506121 7
1315506181 7
1315506241 7
1315506301 7
1315506361 7
1315506421 3
1315506481 3
1315506541 3
1315506601 3
1315506661 3
1315506721 4
1315506781 4
1315506841 4
1315506901 4
1315506961 4
1315507021 5
1315507081 5
1315507141 5
1315507201 5
1315507261 5
1315507321 4
1315507381 4
1315507441 4
1315507501 4
1315507561 4
1315507621 5
1315507681 5
1315507741 5
1315507801 5
1315507861 5
1315507921 5
1315507981 5
1315508041 5
1315508101 5
1315508161 5
1315508221 6
1315508281 6
1315508341 6
1315508401 6
1315508461 6
1315508521 3
1315508581 4
1315508641 5
1315508701 5
1315508761 5
1315508821 5
1315508881 5
1315508941 6
1315509001 6
1315509061 6
1315509121 7
1315509181 7
1315509241 7
1315509301 7
1315509361 7
1315509421 8
1315509481 8
1315509541 8
1315509601 8
1315509661 8
1315509721 8
1315509781 8
1315509841 8
1315509901 8
1315509961 8
1315510021 9
1315510081 9
1315510141 9
1315510201 9
1315510261 9
1315510321 9
1315510381 9
1315510441 9
1315510501 9
1315510561 9
1315510621 10
1315510681 10
1315510741 10
1315510801 10
1315510861 10
1315510921 10
1315510981 10
1315511041 10
1315511101 10
1315511161 10
1315511221 10
1315511281 10
1315511341 10
1315511401 10
1315511461 10
1315511521 10
1315511581 10
1315511641 10
1315511701 10
1315511762 10
1315511821 10
1315511881 10
1315511941 10
1315512001 10
1315512061 10
1315512121 10
1315512181 10
1315512241 10
1315512301 10
1315512362 10
1315512421 10
1315512481 10
1315512541 10
1315512601 10
1315512661 10
1315512721 10
1315512781 10
1315512841 10
1315512901 10
1315512961 10
1315513021 10
1315513081 10
1315513141 10
1315513201 10
1315513261 10
1315513321 10
1315513381 10
1315513441 10
1315513501 10
1315513561 10
1315513621 10
1315513681 10
1315513741 10
1315513801 10
1315513861 10
1315513921 10
1315513981 10
1315514041 10
1315514101 10
1315514161 10
1315514221 10
1315514281 10
1315514341 10
1315514401 10
1315514461 10
1315514521 11
1315514581 11
1315514641 11
1315514701 11
1315514761 11
1315514821 11
1315514882 11
1315514941 11
1315515001 11
1315515061 11
1315515121 11
1315515181 11
1315515241 11
1315515301 11
1315515361 11
1315515421 11
1315515481 11
1315515541 11
1315515601 11
1315515661 11
1315515721 11
1315515781 11
1315515841 11
1315515901 11
1315515961 11
1315516021 12
1315516081 12
1315516141 12
1315516201 12
1315516194 12
1315516202 12
1315516261 12
1315516321 12
1315516381 12
1315516441 12
1315516501 12
1315516561 12
1315516621 12
1315516681 12
1315516741 12
1315516801 12
1315516861 12
1315516921 12
1315516981 12
1315517041 12
1315517101 12
1315517161 12
1315517221 12
1315517281 12
1315517341 12
1315517401 12
1315517461 12
1315517521 12
1315517581 12
1315517641 12
1315517701 12
1315517761 12
1315517821 12
1315517881 2
1315517941 2
1315518001 2
1315518061 2
1315518121 3
1315518181 4
1315518241 4
1315518301 4
1315518361 4
1315518421 4
1315518481 4
1315518541 4
1315518601 4
1315518661 4
1315518721 5
1315518781 5
1315518841 5
1315518901 5
1315518961 5
1315519021 5
1315519081 5
1315519141 5
1315519201 5
1315519261 5
1315519321 5
1315519381 5
1315519441 5
1315519501 5
1315519561 5
1315519621 5
1315519681 5
1315519741 5
1315519801 5
1315519861 5
1315519922 5
1315519981 5
1315520041 5
1315520101 5
1315520162 5
1315520221 5
1315520281 5
1315520341 5
1315520401 5
1315520461 5
1315520521 5
1315520581 5
1315520641 5
1315520701 5
1315520761 5
1315520821 5
1315520881 5
1315520941 5
1315521001 5
1315521061 5
1315521121 5
1315521181 5
1315521242 5
1315521301 5
1315521361 5
1315521421 5
1315521481 5
1315521541 5
1315521601 5
1315521661 5
1315521721 5
1315521781 5
1315521841 5
1315521901 5
1315521961 5
1315522021 5
1315522081 5
1315522141 5
1315522201 5
1315522261 5
1315522321 5
1315522381 5
1315522441 5
1315522501 5
1315522561 5
1315522621 5
1315522681 5
1315522741 5
1315522801 5
1315522861 5
1315522921 6
1315522981 6
1315523041 6
1315523101 6
1315523161 6
1315523221 7
1315523281 7
1315523341 7
1315523401 7
1315523461 7
1315523521 7
1315523581 7
1315523641 7
1315523701 7
1315523761 7
1315523821 7
1315523881 7
1315523941 7
1315524001 7
1315524061 7
1315524122 7
1315524181 7
1315524241 7
1315524301 7
1315524361 7
1315524421 7
1315524481 7
1315524541 7
1315524601 7
1315524661 7
1315524721 7
1315524781 7
1315524841 7
1315524901 7
1315524961 7
1315525021 7
1315525081 7
1315525141 7
1315525201 7
1315525261 7
1315525321 4
1315525381 4
1315525441 4
1315525501 4
1315525561 4
1315525621 5
1315525681 5
1315525741 5
1315525801 5
1315525861 5
1315525921 5
1315525981 5
1315526041 5
1315526101 5
1315526161 5
1315526221 5
1315526281 5
1315526341 5
1315526401 5
1315526461 5
1315526521 6
1315526581 6
1315526641 6
1315526701 6
1315526761 6
1315526821 6
1315526881 6
1315526941 6
1315527001 6
1315527061 6
1315527121 4
1315527181 4
1315527241 4
1315527301 3
1315527361 3
1315527421 4
1315527481 5
1315527541 5
1315527601 5
1315527661 5
1315527721 6
1315527781 6
1315527842 6
1315527901 6
1315527961 6
1315528021 6
1315528081 6
1315528141 6
1315528201 6
1315528261 6
1315528321 6
1315528381 6
1315528441 6
1315528501 6
1315528561 6
1315528621 6
1315528681 6
1315528741 6
1315528801 5
1315528861 5
1315528921 6
1315528981 6
1315529041 6
1315529101 6
1315529161 6
1315529221 6
1315529281 6
1315529341 6
1315529401 6
1315529461 6
1315529521 6
1315529581 6
1315529641 6
1315529701 6
1315529761 6
1315529821 6
1315529881 6
1315529941 6
1315530001 6
1315530061 6
1315530121 6
1315530182 6
1315530241 6
1315530301 6
1315530362 6
1315530421 6
1315530481 6
1315530541 6
1315530601 6
1315530661 6
1315530721 7
1315530781 4
1315530841 4
1315530901 3
1315530961 3
1315531021 5
1315531081 5
1315531141 5
1315531201 5
1315531261 5
1315531321 6
1315531381 6
1315531441 6
1315531501 6
1315531561 6
1315531621 7
1315531681 7
1315531741 7
1315531801 7
1315531861 7
1315531921 7
1315531981 7
1315532041 7
1315532101 7
1315532161 4
1315532221 5
1315532281 5
1315532341 5
1315532401 5
1315532461 5
1315532521 6
1315532581 6
1315532641 6
1315532701 6
1315532761 6
1315532821 7
1315532881 7
1315532941 7
1315533001 7
1315533061 6
1315533121 6
1315533181 7
1315533241 7
1315533301 6
1315533361 6
1315533421 6
1315533481 7
1315533541 7
1315533601 7
1315533661 7
1315533721 7
1315533781 7
1315533841 7
1315533901 4
1315533961 5
1315534021 4
1315534081 5
1315534141 5
1315534201 6
1315534261 6
1315534321 6
1315534381 6
1315534441 6
1315534501 6
1315534561 8
1315534621 8
1315534681 7
1315534741 7
1315534801 7
1315534861 7
1315534921 8
1315534981 8
1315535041 8
1315535101 8
1315535161 8
1315535221 6
1315535281 7
1315535341 7
1315535401 7
1315535461 6
1315535521 6
1315535581 9
1315535641 9
1315535701 9
1315535762 9
1315535821 9
1315535881 9
1315535941 10
1315536001 10
1315536061 10
1315536121 8
1315536181 10
1315536241 10
1315536301 10
1315536361 10
1315536421 10
1315536481 11
1315536541 11
1315536601 11
1315536661 11
1315536721 11
1315536781 11
1315536841 11
1315536901 11
1315536961 11
1315537021 11
1315537081 11
1315537141 11
1315537201 11
1315537261 10
1315537321 10
1315537381 11
1315537441 12
1315537501 12
1315537561 13
1315537621 10
1315537681 11
1315537741 11
1315537801 10
1315537861 10
1315537921 10
1315537981 12
1315538041 12
1315538101 12
1315538161 13
1315538221 13
1315538282 14
1315538341 15
1315538401 14
1315538461 14
1315538521 14
1315538582 15
1315538641 13
1315538701 13
1315538761 12
1315538821 13
1315538881 12
1315538941 12
1315539001 12
1315539061 12
1315539121 12
1315539181 12
1315539241 12
1315539301 12
1315539361 12
1315539421 9
1315539481 10
1315539541 10
1315539601 10
1315539661 10
1315539721 10
1315539781 11
1315539841 10
1315539901 10
1315539961 10
1315540021 10
1315540081 11
1315540141 11
1315540201 10
1315540261 10
1315540321 10
1315540381 11
1315540441 11
1315540501 11
1315540561 8
1315540621 8
1315540681 9
1315540741 9
1315540801 9
1315540861 9
1315540921 9
1315540981 10
1315541041 8
1315541101 8
1315541161 8
1315541221 8
1315541281 9
1315541341 9
1315541401 9
1315541461 9
1315541521 9
1315541581 9
1315541641 8
1315541701 8
1315541761 8
1315541821 8
1315541881 9
1315541941 8
1315542001 9
1315542061 9
1315542121 9
1315542181 10
1315542241 10
1315542301 10
1315542361 10
1315542421 10
1315542481 11
1315542541 11
1315542601 6
1315542661 6
1315542721 6
1315542781 7
1315542841 7
1315542901 7
1315542961 7
1315543021 7
1315543081 5
1315543141 5
1315543201 5
1315543261 5
1315543321 5
1315543381 6
1315543441 6
1315543501 3
1315543561 3
1315543621 3
1315543681 4
1315543741 4
1315543801 4
1315543861 4
1315543921 4
1315543981 5
1315544041 4
1315544101 4
1315544161 5
1315544221 5
1315544281 6
1315544341 6
1315544401 6
1315544461 6
1315544521 6
1315544581 6
1315544641 6
1315544701 6
1315544761 6
1315544821 6
1315544881 7
1315544941 7
1315545001 7
1315545061 7
1315545121 7
1315545181 7
1315545241 5
1315545301 6
1315545361 6
1315545421 6
1315545481 6
1315545541 6
1315545601 6
1315545661 6
1315545721 6
1315545781 7
1315545841 7
1315545901 5
1315545961 6
1315546021 6
1315546081 7
1315546141 7
1315546201 7
1315546261 7
1315546321 7
1315546381 8
1315546441 8
1315546501 8
1315546561 8
1315546621 5
1315546681 6
1315546741 5
1315546801 6
1315546861 6
1315546921 6
1315546981 7
1315547041 6
1315547101 6
1315547161 6
1315547221 6
1315547281 7
1315547341 7
1315547401 7
1315547461 7
1315547521 7
1315547581 9
1315547641 9
1315547701 10
1315547761 10
1315547821 10
1315547881 11
1315547941 12
1315548001 12
1315548061 9
1315548122 9
1315548181 10
1315548242 10
1315548301 9
1315548361 9
1315548421 9
1315548481 10
1315548541 10
1315548601 10
1315548661 10
1315548721 10
1315548781 10
1315548841 10
1315548901 7
1315548961 7
1315549021 7
1315549081 8
1315549141 8
1315549201 8
1315549261 8
1315549321 8
1315549381 8
1315549441 8
1315549501 8
1315549561 8
1315549621 8
1315549681 8
1315549741 8
1315549801 8
1315549861 7
1315549921 8
1315549981 9
1315550041 9
1315550101 9
1315550161 9
1315550221 9
1315550281 10
1315550341 8
1315550401 9
1315550461 9
1315550521 9
1315550581 10
1315550641 8
1315550701 9
1315550761 9
1315550821 9
1315550881 10
1315550942 9
1315551001 9
1315551061 7
1315551121 7
1315551181 8
1315551241 8
1315551301 8
1315551361 8
1315551421 8
1315551481 9
1315551541 9
1315551601 9
1315551661 7
1315551721 8
1315551781 9
1315551841 9
1315551901 8
1315551961 8
1315552021 8
1315552081 9
1315552141 9
1315552201 9
1315552261 9
1315552322 9
1315552381 6
1315552441 6
1315552501 5
1315552561 5
1315552621 6
1315552681 8
1315552741 7
1315552801 7
1315552861 7
1315552921 7
1315552981 8
1315553041 8
1315553101 8
1315553161 8
1315553221 8
1315553281 9
1315553341 9
1315553401 9
1315553462 9
1315553521 9
1315553581 7
1315553641 7
1315553701 7
1315553761 7
1315553821 7
1315553881 9
1315553941 8
1315554001 10
1315554061 10
1315554121 10
1315554181 11
1315554241 11
1315554301 11
1315554361 11
1315554421 11
1315554481 11
1315554541 7
1315554601 7
1315554661 8
1315554721 8
1315554781 8
1315554841 8
1315554901 8
1315554961 7
1315555021 8
1315555081 7
1315555141 8
1315555201 8
1315555261 8
1315555321 8
1315555381 9
1315555441 9
1315555501 9
1315555561 8
1315555621 8
1315555681 9
1315555741 10
1315555801 10
1315555861 10
1315555921 10
1315555981 9
1315556041 9
1315556101 7
1315556161 7
1315556221 7
1315556281 7
1315556341 7
1315556401 7
1315556461 7
1315556521 8
1315556581 8
1315556641 8
1315556701 9
1315556761 8
1315556821 8
1315556881 10
1315556941 10
1315557001 10
1315557062 8
1315557121 8
1315557181 8
1315557241 8
1315557301 7
1315557361 7
1315557421 7
1315557481 8
1315557541 7
1315557601 6
1315557661 6
1315557721 6
1315557781 7
1315557841 7
1315557901 7
1315557961 7
1315558021 7
1315558081 8
1315558141 8
1315558201 4
1315558261 4
1315558321 4
1315558381 5
1315558441 5
1315558501 5
1315558561 5
1315558621 5
1315558681 6
1315558741 6
1315558801 6
1315558861 6
1315558921 6
1315558981 6
1315559042 6
1315559102 6
1315559161 6
1315559221 5
1315559281 6
1315559341 6
1315559401 6
1315559461 6
1315559521 6
1315559581 6
1315559641 6
1315559701 6
1315559761 6
1315559821 4
1315559881 6
1315559941 6
1315560001 6
1315560061 6
1315560121 6
1315560181 7
1315560241 5
1315560301 5
1315560361 5
1315560421 5
1315560481 6
1315560541 6
1315560601 6
1315560661 6
1315560721 6
1315560781 6
1315560841 6
1315560901 6
1315560961 6
1315561021 6
1315561081 7
1315561141 7
1315561201 7
1315561261 7
1315561321 7
1315561381 7
1315561441 7
1315561501 7
1315561561 7
1315561621 7
1315561681 7
1315561741 7
1315561801 7
1315561861 7
1315561921 3
1315561981 3
1315562041 3
1315562101 3
1315562161 3
1315562221 3
1315562281 4
1315562341 4
1315562401 4
1315562461 4
1315562521 4
1315562581 5
1315562641 5
1315562701 3
1315562761 3
1315562821 4
1315562881 5
1315562941 5
1315563001 5
1315563061 5
1315563122 5
1315563181 6
1315563241 6
1315563301 3
1315563361 3
1315563421 3
1315563481 4
1315563541 4
1315563601 4
1315563661 4
1315563721 4
1315563781 4
1315563841 4
1315563901 4
1315563961 4
1315564021 4
1315564081 5
1315564141 5
1315564201 5
1315564261 5
1315564321 5
1315564382 5
1315564441 5
1315564501 5
1315564561 5
1315564621 5
1315564681 3
1315564741 3
1315564801 3
1315564861 3
1315564921 3
1315564981 4
1315565041 4
1315565101 4
1315565161 4
1315565221 4
1315565281 5
1315565341 5
1315565401 5
1315565461 5
1315565521 3
1315565581 4
1315565641 4
1315565701 4
1315565761 4
1315565821 4
1315565881 5
1315565941 5
1315566001 5
1315566061 5
1315566121 5
1315566181 5
1315566241 5
1315566301 5
1315566361 5
1315566421 5
1315566481 6
1315566541 6
1315566601 6
1315566661 6
1315566721 5
1315566781 6
1315566841 6
1315566901 6
1315566961 6
1315567021 4
1315567081 6
1315567141 6
1315567201 5
1315567261 5
1315567321 5
1315567381 5
1315567441 5
1315567501 5
1315567561 5
1315567621 4
1315567681 6
1315567741 7
1315567801 7
1315567861 7
1315567921 7
1315567981 8
1315568041 8
1315568101 8
1315568161 8
1315568221 8
1315568281 8
1315568341 8
1315568401 8
1315568461 8
1315568521 8
1315568581 9
1315568641 5
1315568701 6
1315568761 6
1315568821 6
1315568881 8
1315568941 7
1315569001 8
1315569061 8
1315569121 8
1315569181 8
1315569241 8
1315569301 8
1315569361 8
1315569421 5
1315569481 6
1315569541 6
1315569601 5
1315569661 5
1315569721 5
1315569781 5
1315569841 5
1315569901 5
1315569961 5
1315570021 5
1315570081 6
1315570141 6
1315570201 6
1315570261 6
1315570321 5
1315570381 6
1315570441 6
1315570501 6
1315570561 6
1315570621 6
1315570681 6
1315570741 6
1315570801 6
1315570861 6
1315570921 6
1315570981 7
1315571041 7
1315571101 7
1315571161 7
1315571221 7
1315571281 8
1315571341 8
1315571401 8
1315571461 8
1315571521 8
1315571581 8
1315571641 8
1315571701 8
1315571761 8
1315571821 8
1315571881 9
1315571941 9
1315572001 9
1315572061 9
1315572121 9
1315572181 9
1315572241 9
1315572301 9
1315572361 9
1315572421 9
1315572481 9
1315572541 9
1315572601 4
1315572661 4
1315572721 4
1315572781 5
1315572841 5
1315572901 5
1315572961 5
1315573021 5
1315573081 6
1315573141 6
1315573201 6
1315573261 6
1315573321 6
1315573381 6
1315573441 6
1315573501 6
1315573562 6
1315573621 6
1315573681 6
1315573742 4
1315573801 4
1315573861 4
1315573921 4
1315573981 5
1315574041 5
1315574101 5
1315574162 5
1315574221 4
1315574281 4
1315574341 4
1315574401 4
1315574461 4
1315574521 4
1315574581 4
1315574641 4
1315574701 4
1315574761 4
1315574821 4
1315574881 4
1315574941 5
1315575001 5
1315575061 6
1315575121 6
1315575181 7
1315575241 7
1315575301 5
1315575361 5
1315575421 5
1315575481 6
1315575541 6
1315575601 6
1315575661 4
1315575721 4
1315575781 5
1315575841 5
1315575901 4
1315575961 4
1315576021 4
1315576081 4
1315576141 4
1315576201 4
1315576261 4
1315576321 4
1315576381 4
1315576441 4
1315576501 3
1315576561 3
1315576621 3
1315576681 4
1315576741 4
1315576801 4
1315576861 4
1315576921 4
1315576981 5
1315577041 3
1315577101 4
1315577161 6
1315577221 6
1315577281 7
1315577341 7
1315577401 7
1315577461 8
1315577521 6
1315577581 7
1315577641 6
1315577701 6
1315577761 7
1315577821 7
1315577881 8
1315577941 8
1315578001 8
1315578061 8
1315578121 8
1315578181 9
1315578241 6
1315578301 6
1315578361 7
1315578421 7
1315578481 8
1315578541 7
1315578601 6
1315578661 7
1315578721 7
1315578781 7
1315578841 8
1315578901 7
1315578961 8
1315579021 8
1315579081 8
1315579141 8
1315579201 8
1315579261 9
1315579321 9
1315579381 9
1315579441 10
1315579501 10
1315579561 11
1315579621 11
1315579681 11
1315579741 12
1315579801 12
1315579861 6
1315579921 6
1315579981 6
1315580041 8
1315580101 7
1315580161 8
1315580221 8
1315580281 7
1315580341 8
1315580401 8
1315580461 9
1315580521 9
1315580581 7
1315580642 8
1315580701 8
1315580761 6
1315580821 7
1315580881 7
1315580941 8
1315581001 8
1315581062 9
1315581122 9
1315581181 9
1315581241 9
1315581301 6
1315581361 6
1315581421 7
1315581481 7
1315581541 8
1315581601 6
1315581661 6
1315581721 6
1315581781 6
1315581841 7
1315581901 7
1315581961 7
1315582021 7
1315582081 7
1315582141 7
1315582201 5
1315582261 5
1315582322 5
1315582381 6
1315582441 7
1315582501 6
1315582561 6
1315582621 7
1315582681 7
1315582741 8
1315582801 8
1315582861 6
1315582921 6
1315582981 6
1315583041 7
1315583101 7
1315583161 7
1315583221 7
1315583281 7
1315583341 7
1315583401 7
1315583461 5
1315583521 5
1315583581 5
1315583641 5
1315583701 6
1315583761 6
1315583821 7
1315583881 7
1315583941 7
1315584001 7
