1309881661 43
1309881721 45
1309881781 47
1309881841 44
1309881901 45
1309881961 45
1309882021 43
1309882081 39
1309882141 40
1309882201 37
1309882262 39
1309882321 35
1309882381 33
1309882441 34
1309882501 36
1309882561 36
1309882621 38
1309882681 36
1309882741 36
1309882801 36
1309882861 36
1309882921 36
1309882981 35
1309883041 34
1309883101 35
1309883161 35
1309883221 34
1309883281 34
1309883341 33
1309883401 33
1309883461 33
1309883521 31
1309883581 32
1309883641 32
1309883701 32
1309883761 31
1309883821 31
1309883881 31
1309883941 30
1309884001 32
1309884061 32
1309884121 32
1309884181 31
1309884241 31
1309884301 32
1309884361 28
1309884421 28
1309884481 28
1309884541 27
1309884601 27
1309884661 27
1309884721 28
1309884781 29
1309884841 29
1309884901 31
1309884961 31
1309885021 31
1309885081 29
1309885141 29
1309885201 30
1309885262 30
1309885321 30
1309885381 27
1309885441 28
1309885501 28
1309885561 28
1309885621 28
1309885681 28
1309885741 27
1309885801 28
1309885861 28
1309885921 28
1309885981 28
1309886041 30
1309886101 32
1309886161 31
1309886221 32
1309886281 32
1309886341 32
1309886401 32
1309886461 29
1309886521 31
1309886581 31
1309886641 29
1309886701 30
1309886761 29
1309886821 30
1309886881 30
1309886941 30
1309887001 30
1309887061 30
1309887121 31
1309887181 27
1309887241 27
1309887301 29
1309887361 30
1309887421 33
1309887482 35
1309887541 35
1309887601 36
1309887661 36
1309887721 33
1309887781 35
1309887841 35
1309887901 31
1309887961 30
1309888021 30
1309888081 32
1309888141 32
1309888201 33
1309888261 33
1309888321 26
1309888381 29
1309888441 29
1309888501 30
1309888561 31
1309888621 31
1309888681 32
1309888741 32
1309888801 28
1309888861 28
1309888921 26
1309888981 27
1309889041 26
1309889101 26
1309889161 26
1309889221 26
1309889281 27
1309889342 27
1309889401 27
1309889461 25
1309889521 25
1309889581 26
1309889641 26
1309889701 26
1309889761 26
1309889821 26
1309889881 27
1309889941 27
1309890001 27
1309890061 27
1309890121 27
1309890181 27
1309890241 27
1309890301 27
1309890361 27
1309890421 27
1309890482 27
1309890541 27
1309890601 27
1309890661 27
1309890721 27
1309890781 27
1309890841 27
1309890901 27
1309890961 22
1309891021 22
1309891081 22
1309891141 22
1309891201 22
1309891261 22
1309891321 22
1309891381 22
1309891441 23
1309891501 23
1309891561 23
1309891621 23
1309891681 23
1309891741 23
1309891801 23
1309891861 23
1309891921 24
1309891981 24
1309892041 25
1309892101 26
1309892161 26
1309892221 26
1309892281 26
1309892341 26
1309892401 26
1309892461 24
1309892521 24
1309892581 23
1309892641 23
1309892701 24
1309892761 24
1309892821 24
1309892881 24
1309892941 24
1309893001 24
1309893061 24
1309893121 24
1309893181 24
1309893241 24
1309893301 23
1309893361 23
1309893421 23
1309893481 22
1309893541 22
1309893601 22
1309893661 22
1309893721 22
1309893781 21
1309893841 21
1309893901 21
1309893961 22
1309894021 22
1309894081 22
1309894141 22
1309894201 22
1309894261 22
1309894321 22
1309894381 23
1309894441 23
1309894501 23
1309894561 23
1309894621 23
1309894681 23
1309894741 23
1309894801 23
1309894861 23
1309894921 22
1309894981 22
1309895041 22
1309895101 22
1309895161 22
1309895221 22
1309895281 22
1309895341 22
1309895401 22
1309895461 22
1309895521 22
1309895581 22
1309895641 22
1309895701 22
1309895761 22
1309895821 22
1309895881 22
1309895941 22
1309896001 22
1309896061 22
1309896121 22
1309896182 22
1309896241 22
1309896301 22
1309896361 22
1309896421 20
1309896481 20
1309896541 20
1309896601 20
1309896661 20
1309896721 20
1309896781 20
1309896841 20
1309896901 20
1309896961 20
1309897021 20
1309897081 20
1309897141 20
1309897201 20
1309897261 20
1309897321 20
1309897382 21
1309897441 21
1309897501 21
1309897561 21
1309897621 21
1309897681 21
1309897741 21
1309897801 21
1309897861 21
1309897921 21
1309897981 21
1309898041 21
1309898101 21
1309898161 21
1309898221 21
1309898281 21
1309898341 21
1309898401 21
1309898461 21
1309898521 21
1309898581 21
1309898641 21
1309898701 21
1309898761 21
1309898821 21
1309898881 21
1309898941 21
1309899001 19
1309899061 19
1309899121 19
1309899181 19
1309899241 19
1309899301 20
1309899361 20
1309899421 20
1309899481 20
1309899541 20
1309899601 20
1309899661 20
1309899721 20
1309899781 20
1309899841 20
1309899901 20
1309899961 20
1309900021 20
1309900081 20
1309900141 20
1309900201 20
1309900262 20
1309900321 20
1309900381 20
1309900441 20
1309900501 20
1309900562 20
1309900621 20
1309900681 20
1309900741 20
1309900801 18
1309900861 18
1309900921 18
1309900981 18
1309901041 18
1309901101 18
1309901161 18
1309901221 18
1309901281 18
1309901341 18
1309901401 18
1309901461 18
1309901521 18
1309901581 18
1309901641 18
1309901701 18
1309901761 18
1309901821 18
1309901881 19
1309901941 19
1309902001 19
1309902061 19
1309902121 19
1309902181 20
1309902241 20
1309902301 20
1309902361 20
1309902421 20
1309902481 16
1309902541 16
1309902601 16
1309902661 16
1309902721 16
1309902781 16
1309902841 16
1309902901 16
1309902961 17
1309903021 17
1309903081 19
1309903141 19
1309903201 19
1309903261 19
1309903321 19
1309903381 19
1309903441 19
1309903501 19
1309903561 19
1309903621 19
1309903681 19
1309903741 17
1309903801 17
1309903861 17
1309903921 17
1309903982 17
1309904041 17
1309904101 17
1309904161 17
1309904221 17
1309904281 17
1309904341 17
1309904401 17
1309904461 17
1309904521 17
1309904581 17
1309904641 17
1309904701 17
1309904761 17
1309904821 17
1309904881 18
1309904941 18
1309905001 18
1309905061 18
1309905121 18
1309905182 17
1309905241 18
1309905301 18
1309905361 18
1309905421 18
1309905481 18
1309905541 18
1309905601 18
1309905661 18
1309905721 18
1309905781 18
1309905841 18
1309905901 18
1309905961 18
1309906021 17
1309906081 17
1309906141 17
1309906201 17
1309906261 17
1309906321 17
1309906381 17
1309906441 17
1309906501 17
1309906561 17
1309906621 17
1309906681 17
1309906741 17
1309906801 17
1309906861 17
1309906921 17
1309906981 17
1309907041 17
1309907101 17
1309907161 17
1309907221 17
1309907281 17
1309907341 17
1309907401 17
1309907461 17
1309907521 17
1309907581 17
1309907641 17
1309907701 17
1309907761 17
1309907821 17
1309907881 17
1309907941 17
1309908001 17
1309908061 17
1309908121 17
1309908181 17
1309908241 17
1309908301 17
1309908361 17
1309908421 18
1309908481 18
1309908541 18
1309908601 18
1309908661 21
1309908721 21
1309908781 21
1309908841 21
1309908901 21
1309908961 20
1309909021 20
1309909081 20
1309909141 20
1309909201 20
1309909261 17
1309909321 17
1309909382 17
1309909441 18
1309909501 18
1309909561 18
1309909621 20
1309909681 20
1309909741 22
1309909801 22
1309909861 21
1309909921 22
1309909981 22
1309910041 22
1309910101 23
1309910161 23
1309910221 23
1309910281 23
1309910341 23
1309910401 23
1309910461 23
1309910521 23
1309910581 24
1309910641 24
1309910701 18
1309910761 19
1309910821 19
1309910881 20
1309910941 20
1309911001 20
1309911061 20
1309911121 20
1309911181 21
1309911241 21
1309911301 21
1309911361 21
1309911421 19
1309911481 22
1309911541 24
1309911601 24
1309911661 24
1309911721 24
1309911781 24
1309911841 24
1309911901 24
1309911961 24
1309912021 24
1309912081 25
1309912141 25
1309912201 25
1309912261 25
1309912321 19
1309912381 20
1309912441 20
1309912501 20
1309912561 20
1309912621 20
1309912681 20
1309912741 18
1309912801 18
1309912861 18
1309912921 18
1309912981 19
1309913041 19
1309913101 19
1309913161 19
1309913221 19
1309913281 19
1309913341 19
1309913401 19
1309913461 18
1309913521 17
1309913581 19
1309913641 18
1309913701 20
1309913761 22
1309913821 22
1309913881 22
1309913941 22
1309914001 22
1309914061 22
1309914121 22
1309914181 23
1309914241 19
1309914301 20
1309914361 21
1309914421 22
1309914481 22
1309914541 22
1309914601 22
1309914661 21
1309914721 22
1309914781 23
1309914841 23
1309914901 20
1309914961 21
1309915021 22
1309915081 23
1309915141 23
1309915202 22
1309915261 21
1309915321 22
1309915382 23
1309915441 19
1309915501 20
1309915561 20
1309915621 20
1309915681 21
1309915741 22
1309915801 22
1309915861 22
1309915921 22
1309915981 23
1309916041 23
1309916101 23
1309916161 21
1309916221 22
1309916281 23
1309916341 23
1309916401 21
1309916461 21
1309916521 22
1309916581 23
1309916641 24
1309916701 26
1309916761 26
1309916821 26
1309916881 28
1309916941 28
1309917001 28
1309917061 24
1309917121 24
1309917181 25
1309917241 23
1309917301 23
1309917361 20
1309917421 21
1309917481 22
1309917541 23
1309917601 23
1309917661 23
1309917721 27
1309917781 27
1309917841 27
1309917901 27
1309917961 27
1309918021 25
1309918081 25
1309918141 22
1309918201 24
1309918261 23
1309918321 23
1309918381 25
1309918441 25
1309918501 27
1309918561 27
1309918621 26
1309918681 29
1309918741 29
1309918801 28
1309918862 30
1309918921 30
1309918981 31
1309919041 31
1309919101 32
1309919161 27
1309919221 28
1309919281 28
1309919341 28
1309919401 29
1309919461 26
1309919521 28
1309919581 30
1309919641 30
1309919701 31
1309919761 26
1309919821 26
1309919881 26
1309919941 26
1309920001 25
1309920061 25
1309920121 25
1309920181 26
1309920241 25
1309920301 26
1309920361 26
1309920421 26
1309920481 25
1309920541 26
1309920601 27
1309920661 24
1309920721 24
1309920781 27
1309920841 29
1309920901 29
1309920961 26
1309921021 26
1309921081 28
1309921141 28
1309921201 28
1309921261 25
1309921321 25
1309921381 28
1309921441 28
1309921501 28
1309921561 26
1309921621 25
1309921682 26
1309921741 26
1309921801 24
1309921861 26
1309921921 26
1309921981 27
1309922041 26
1309922102 26
1309922161 27
1309922221 27
1309922281 27
1309922341 25
1309922401 27
1309922461 28
1309922521 27
1309922581 27
1309922641 28
1309922701 29
1309922761 28
1309922821 27
1309922881 29
1309922941 30
1309923001 31
1309923061 31
1309923121 28
1309923181 29
1309923241 26
1309923301 24
1309923361 24
1309923421 24
1309923481 25
1309923541 25
1309923601 28
1309923661 28
1309923721 28
1309923781 27
1309923841 27
1309923901 28
1309923961 28
1309924021 28
1309924081 28
1309924141 28
1309924201 26
1309924261 26
1309924322 26
1309924381 27
1309924441 27
1309924501 29
1309924561 29
1309924621 28
1309924681 28
1309924741 28
1309924801 26
1309924861 26
1309924921 26
1309924981 26
1309925041 26
1309925101 23
1309925162 23
1309925221 23
1309925281 24
1309925341 25
1309925401 28
1309925461 29
1309925521 28
1309925581 31
1309925641 32
1309925701 33
1309925761 33
1309925821 33
1309925881 33
1309925941 33
1309926001 34
1309926061 34
1309926121 25
1309926181 25
1309926241 28
1309926301 29
1309926361 29
1309926421 30
1309926481 30
1309926541 30
1309926601 31
1309926661 31
1309926721 29
1309926781 29
1309926841 28
1309926901 29
1309926961 29
1309927021 30
1309927081 28
1309927141 28
1309927201 27
1309927261 27
1309927321 27
1309927381 29
1309927442 28
1309927501 29
1309927561 30
1309927621 30
1309927681 31
1309927741 30
1309927801 31
1309927861 31
1309927921 30
1309927981 32
1309928041 32
1309928101 33
1309928161 33
1309928221 28
1309928281 29
1309928341 30
1309928401 27
1309928461 26
1309928521 27
1309928581 27
1309928641 27
1309928701 28
1309928761 28
1309928821 28
1309928881 29
1309928941 29
1309929001 28
1309929062 29
1309929121 29
1309929181 32
1309929241 32
1309929301 33
1309929361 32
1309929421 33
1309929481 31
1309929541 31
1309929601 32
1309929661 32
1309929721 33
1309929781 33
1309929841 28
1309929901 29
1309929961 27
1309930021 27
1309930081 28
1309930141 30
1309930202 34
1309930261 34
1309930321 35
1309930381 31
1309930441 31
1309930501 31
1309930561 28
1309930621 27
1309930681 27
1309930741 27
1309930801 27
1309930861 27
1309930921 27
1309930981 27
1309931041 27
1309931101 27
1309931161 23
1309931221 25
1309931281 26
1309931341 27
1309931401 28
1309931461 28
1309931521 28
1309931581 27
1309931641 27
1309931701 26
1309931761 26
1309931821 26
1309931881 26
1309931941 28
1309932001 28
1309932061 30
1309932121 30
1309932181 30
1309932241 32
1309932301 32
1309932361 32
1309932421 29
1309932481 30
1309932541 31
1309932601 31
1309932661 31
1309932721 28
1309932781 28
1309932841 27
1309932901 28
1309932961 28
1309933021 28
1309933081 28
1309933141 28
1309933201 29
1309933261 29
1309933321 29
1309933381 27
1309933441 27
1309933501 28
1309933561 28
1309933621 28
1309933681 25
1309933741 25
1309933801 25
1309933861 25
1309933921 25
1309933981 25
1309934041 25
1309934101 26
1309934161 26
1309934221 26
1309934281 25
1309934341 25
1309934401 27
1309934461 29
1309934521 29
1309934581 31
1309934641 31
1309934701 30
1309934761 30
1309934821 30
1309934881 30
1309934942 30
1309935001 25
1309935061 25
1309935121 26
1309935181 28
1309935241 27
1309935301 28
1309935361 28
1309935421 28
1309935481 30
1309935541 30
1309935601 30
1309935661 30
1309935721 27
1309935781 28
1309935841 24
1309935901 25
1309935961 25
1309936021 24
1309936081 25
1309936141 25
1309936201 25
1309936261 23
1309936321 25
1309936381 25
1309936441 24
1309936501 24
1309936561 24
1309936621 24
1309936681 23
1309936741 24
1309936801 26
1309936861 26
1309936921 24
1309936981 24
1309937041 24
1309937101 25
1309937161 26
1309937221 26
1309937281 26
1309937341 23
1309937401 24
1309937461 24
1309937521 24
1309937581 24
1309937641 24
1309937701 25
1309937761 20
1309937821 21
1309937881 21
1309937941 21
1309938001 22
1309938061 23
1309938121 23
1309938181 24
1309938241 24
1309938301 24
1309938362 24
1309938421 24
1309938481 22
1309938541 22
1309938601 24
1309938661 24
1309938721 24
1309938781 24
1309938841 26
1309938901 27
1309938961 27
1309939021 25
1309939081 25
1309939141 25
1309939201 27
1309939261 26
1309939322 26
1309939381 26
1309939441 26
1309939501 28
1309939561 28
1309939621 29
1309939681 27
1309939741 29
1309939801 29
1309939861 29
1309939921 29
1309939981 29
1309940041 29
1309940101 31
1309940161 30
1309940221 30
1309940281 29
1309940341 31
1309940401 32
1309940461 31
1309940522 32
1309940581 32
1309940641 32
1309940701 33
1309940761 33
1309940821 33
1309940881 28
1309940941 29
1309941001 31
1309941061 28
1309941121 27
1309941181 27
1309941241 25
1309941301 26
1309941361 25
1309941421 23
1309941481 24
1309941541 23
1309941601 23
1309941661 21
1309941721 24
1309941781 23
1309941841 23
1309941901 23
1309941961 23
1309942021 24
1309942081 24
1309942141 24
1309942201 26
1309942261 27
1309942322 27
1309942381 27
1309942441 27
1309942501 28
1309942561 25
1309942621 25
1309942681 25
1309942741 25
1309942801 26
1309942861 20
1309942921 17
1309942981 18
1309943041 18
1309943101 18
1309943161 17
1309943221 17
1309943281 17
1309943341 17
1309943401 17
1309943461 17
1309943521 19
1309943581 19
1309943641 19
1309943701 19
1309943761 20
1309943821 20
1309943881 21
1309943941 22
1309944001 23
1309944061 23
1309944121 23
1309944181 23
1309944241 25
1309944301 25
1309944361 25
1309944421 25
1309944481 25
1309944541 25
1309944601 22
1309944661 22
1309944721 22
1309944781 22
1309944841 21
1309944901 22
1309944961 22
1309945021 22
1309945082 22
1309945141 22
1309945201 22
1309945261 22
1309945321 22
1309945381 22
1309945441 19
1309945501 21
1309945561 21
1309945621 20
1309945681 20
1309945741 20
1309945801 20
1309945861 18
1309945921 19
1309945981 19
1309946041 19
1309946101 19
1309946161 19
1309946221 19
1309946281 19
1309946341 18
1309946401 20
1309946461 20
1309946521 20
1309946582 20
1309946642 20
1309946701 20
1309946761 20
1309946821 20
1309946881 20
1309946941 18
1309947001 18
1309947061 18
1309947121 19
1309947181 19
1309947241 19
1309947301 18
1309947361 19
1309947421 19
1309947481 19
1309947541 19
1309947601 20
1309947661 20
1309947721 20
1309947781 20
1309947841 20
1309947901 20
1309947961 20
1309948021 20
1309948081 20
1309948141 20
1309948201 19
1309948261 19
1309948321 19
1309948381 19
1309948441 20
1309948501 20
1309948561 21
1309948621 21
1309948681 21
1309948741 22
1309948801 22
1309948861 21
1309948921 22
1309948981 22
1309949041 22
1309949101 19
1309949161 20
1309949221 21
1309949281 23
1309949341 23
1309949401 24
1309949461 24
1309949521 24
1309949581 24
1309949641 24
1309949701 24
1309949761 24
1309949821 19
1309949882 19
1309949941 18
1309950001 20
1309950061 21
1309950121 21
1309950181 22
1309950241 22
1309950301 24
1309950361 24
1309950421 23
1309950481 22
1309950541 22
1309950601 22
1309950661 23
1309950721 24
1309950781 24
1309950841 24
1309950901 24
1309950961 22
1309951021 22
1309951081 21
1309951141 22
1309951201 24
1309951261 24
1309951321 23
1309951381 23
1309951441 23
1309951501 21
1309951561 22
1309951621 22
1309951681 22
1309951741 20
1309951801 21
1309951861 20
1309951921 21
1309951981 21
1309952041 21
1309952101 21
1309952162 21
1309952221 20
1309952281 20
1309952341 20
1309952401 20
1309952461 20
1309952521 20
1309952581 20
1309952641 18
1309952701 18
1309952761 18
1309952821 18
1309952881 19
1309952941 19
1309953001 20
1309953061 20
1309953121 20
1309953181 20
1309953241 20
1309953301 20
1309953361 20
1309953421 20
1309953481 20
1309953541 20
1309953601 22
1309953661 22
1309953721 21
1309953781 22
1309953841 21
1309953901 22
1309953961 22
1309954021 23
1309954081 22
1309954141 23
1309954201 23
1309954261 23
1309954321 23
1309954381 23
1309954441 25
1309954501 24
1309954561 24
1309954621 22
1309954681 22
1309954741 20
1309954801 21
1309954861 21
1309954921 21
1309954981 21
1309955041 21
1309955101 21
1309955161 19
1309955221 19
1309955281 21
1309955341 21
1309955401 22
1309955461 21
1309955521 22
1309955581 24
1309955641 26
1309955701 25
1309955761 25
1309955821 25
1309955881 25
1309955941 21
1309956001 22
1309956061 20
1309956121 20
1309956181 20
1309956241 22
1309956301 23
1309956361 24
1309956421 23
1309956481 24
1309956541 23
1309956601 25
1309956661 24
1309956721 24
1309956781 24
1309956841 24
1309956901 24
1309956961 24
1309957021 24
1309957081 24
1309957141 25
1309957201 26
1309957261 26
1309957321 28
1309957381 28
1309957441 28
1309957501 29
1309957561 30
1309957621 30
1309957681 30
1309957741 31
1309957801 32
1309957861 32
1309957921 32
1309957981 32
1309958041 32
1309958101 27
1309958161 27
1309958221 26
1309958281 25
1309958341 26
1309958401 27
1309958461 27
1309958521 27
1309958581 27
1309958641 25
1309958701 25
1309958761 25
1309958821 25
1309958881 25
1309958941 25
1309959001 26
1309959061 26
1309959121 26
1309959181 26
1309959241 24
1309959301 26
1309959361 25
1309959421 27
1309959481 24
1309959541 25
1309959601 26
1309959661 28
1309959721 28
1309959781 28
1309959841 25
1309959901 25
1309959961 22
1309960021 23
1309960081 23
1309960141 22
1309960201 25
1309960261 25
1309960321 25
1309960381 27
1309960441 27
1309960501 25
1309960561 27
1309960621 28
1309960681 25
1309960741 25
1309960801 25
1309960861 26
1309960921 26
1309960981 26
1309961041 24
1309961101 25
1309961161 28
1309961221 28
1309961281 24
1309961341 25
1309961401 28
1309961461 28
1309961521 28
1309961581 26
1309961641 27
1309961701 27
1309961761 28
1309961821 27
1309961881 25
1309961941 27
1309962001 27
1309962061 26
1309962121 26
1309962181 24
1309962241 25
1309962301 26
1309962361 26
1309962421 25
1309962481 25
1309962541 26
1309962601 26
1309962661 23
1309962721 23
1309962781 23
1309962841 23
1309962901 24
1309962961 19
1309963021 20
1309963081 20
1309963141 19
1309963201 19
1309963261 19
1309963321 20
1309963381 20
1309963441 20
1309963501 20
1309963561 20
1309963621 20
1309963681 20
1309963741 19
1309963801 19
1309963861 18
1309963921 19
1309963981 19
1309964041 20
1309964101 20
1309964161 20
1309964221 20
1309964281 21
1309964341 22
1309964401 20
1309964461 21
1309964521 21
1309964581 20
1309964641 19
1309964701 19
1309964761 18
1309964821 19
1309964881 19
1309964941 19
1309965001 20
1309965061 20
1309965121 20
1309965181 20
1309965241 21
1309965301 21
1309965361 20
1309965421 21
1309965481 21
1309965541 21
1309965601 21
1309965661 21
1309965721 18
1309965781 18
1309965841 18
1309965901 17
1309965961 17
1309966021 18
1309966081 19
1309966141 19
1309966201 19
1309966261 19
1309966321 18
1309966381 17
1309966441 18
1309966501 18
1309966561 16
1309966621 16
1309966681 16
1309966741 17
1309966801 17
1309966861 17
1309966921 17
1309966981 18
1309967041 19
1309967101 19
1309967161 18
1309967221 17
1309967281 19
1309967341 19
1309967401 19
1309967462 15
1309967521 15
1309967581 15
1309967641 16
1309967701 16
1309967761 15
1309967821 17
1309967881 17
1309967941 17
1309968001 19
