1308672061 851
1308672121 859
1308672181 873
1308672241 874
1308672301 864
1308672361 872
1308672421 872
1308672481 858
1308672541 883
1308672601 856
1308672661 849
1308672721 830
1308672781 818
1308672842 839
1308672902 835
1308672962 834
1308673022 852
1308673081 840
1308673141 859
1308673201 869
1308673261 866
1308673321 865
1308673381 849
1308673441 868
1308673501 859
1308673561 851
1308673621 855
1308673681 834
1308673741 842
1308673801 838
1308673861 824
1308673921 827
1308673981 812
1308674041 823
1308674101 813
1308674161 812
1308674221 813
1308674281 795
1308674341 800
1308674401 798
1308674461 800
1308674521 819
1308674581 805
1308674641 800
1308674701 796
1308674761 780
1308674821 784
1308674881 778
1308674941 772
1308675001 771
1308675061 750
1308675121 748
1308675181 747
1308675241 751
1308675301 742
1308675361 739
1308675421 741
1308675481 735
1308675541 746
1308675601 741
1308675661 738
1308675721 739
1308675781 753
1308675842 740
1308675901 729
1308675961 721
1308676021 712
1308676081 709
1308676141 700
1308676201 695
1308676261 697
1308676321 700
1308676381 685
1308676441 689
1308676501 686
1308676561 685
1308676621 688
1308676681 682
1308676741 693
1308676801 668
1308676861 662
1308676921 662
1308676981 661
1308677041 658
1308677101 657
1308677161 645
1308677221 644
1308677281 652
1308677341 635
1308677401 642
1308677461 620
1308677521 618
1308677581 612
1308677641 611
1308677701 618
1308677761 615
1308677821 606
1308677881 605
1308677941 611
1308678001 602
1308678061 600
1308678121 580
1308678181 576
1308678241 578
1308678301 577
1308678361 587
1308678421 583
1308678481 573
1308678541 578
1308678602 576
1308678661 579
1308678721 556
1308678781 562
1308678841 569
1308678901 555
1308678961 562
1308679021 547
1308679081 551
1308679141 555
1308679201 556
1308679261 545
1308679321 535
1308679381 535
1308679441 544
1308679501 546
1308679561 538
1308679621 532
1308679681 536
1308679741 546
1308679801 536
1308679861 543
1308679921 551
1308679981 537
1308680041 525
1308680101 519
1308680161 518
1308680221 502
1308680281 518
1308680341 500
1308680401 497
1308680461 509
1308680521 496
1308680581 496
1308680641 508
1308680703 500
1308680761 509
1308680821 496
1308680881 506
1308680941 508
1308681001 501
1308681061 495
1308681121 482
1308681181 488
1308681241 501
1308681301 469
1308681361 467
1308681421 468
1308681481 476
1308681541 478
1308681601 472
1308681661 474
1308681721 493
1308681781 471
1308681842 467
1308681901 463
1308681961 467
1308682021 481
1308682081 457
1308682141 456
1308682201 453
1308682261 453
1308682321 447
1308682381 454
1308682441 445
1308682501 434
1308682561 427
1308682621 431
1308682681 428
1308682741 432
1308682801 433
1308682861 412
1308682921 413
1308682981 425
1308683041 412
1308683101 419
1308683161 405
1308683221 403
1308683281 411
1308683341 398
1308683401 408
1308683461 406
1308683521 398
1308683581 408
1308683641 401
1308683701 392
1308683761 396
1308683821 409
1308683881 389
1308683941 393
1308684001 382
1308684061 389
1308684121 393
1308684181 389
1308684241 396
1308684301 405
1308684361 383
1308684421 376
1308684481 372
1308684541 380
1308684601 367
1308684661 372
1308684721 383
1308684781 381
1308684841 386
1308684901 371
1308684961 376
1308685021 387
1308685081 395
1308685141 379
1308685201 360
1308685261 376
1308685321 361
1308685381 358
1308685441 359
1308685501 355
1308685561 355
1308685621 360
1308685681 352
1308685741 357
1308685801 348
1308685861 356
1308685921 350
1308685981 350
1308686041 366
1308686101 343
1308686161 353
1308686221 340
1308686281 353
1308686341 337
1308686401 333
1308686461 337
1308686521 333
1308686582 347
1308686641 339
1308686701 328
1308686761 331
1308686821 324
1308686881 332
1308686941 342
1308687001 336
1308687061 325
1308687121 325
1308687181 329
1308687241 330
1308687301 336
1308687361 346
1308687421 314
1308687481 329
1308687541 341
1308687601 322
1308687661 326
1308687721 318
1308687781 324
1308687844 327
1308687901 317
1308687961 326
1308688021 322
1308688082 335
1308688141 343
1308688201 348
1308688261 323
1308688321 311
1308688381 321
1308688441 322
1308688501 314
1308688561 318
1308688621 320
1308688681 332
1308688741 317
1308688801 314
1308688861 317
1308688923 310
1308688981 317
1308689042 317
1308689102 313
1308689163 316
1308689221 309
1308689281 322
1308689341 320
1308689401 313
1308689462 312
1308689521 319
1308689581 312
1308689641 322
1308689701 305
1308689761 316
1308689821 304
1308689881 313
1308689941 317
1308690002 324
1308690061 308
1308690121 308
1308690181 313
1308690241 326
1308690301 333
1308690361 342
1308690421 308
1308690481 306
1308690541 305
1308690601 304
1308690661 302
1308690721 312
1308690781 308
1308690841 309
1308690902 308
1308690962 318
1308691021 329
1308691081 304
1308691141 316
1308691201 312
1308691261 304
1308691321 306
1308691381 315
1308691441 312
1308691501 318
1308691561 302
1308691621 305
1308691681 314
1308691741 306
1308691801 302
1308691861 310
1308691921 322
1308691981 305
1308692041 305
1308692101 299
1308692161 303
1308692221 303
1308692281 313
1308692341 300
1308692401 301
1308692461 303
1308692521 302
1308692581 310
1308692641 302
1308692701 307
1308692761 296
1308692821 305
1308692881 305
1308692941 301
1308693001 309
1308693061 304
1308693121 303
1308693181 296
1308693241 304
1308693301 292
1308693361 299
1308693421 297
1308693481 308
1308693541 302
1308693601 292
1308693661 291
1308693721 299
1308693781 301
1308693841 295
1308693901 306
1308693961 299
1308694021 305
1308694081 316
1308694141 326
1308694201 296
1308694261 300
1308694321 309
1308694381 298
1308694441 306
1308694502 292
1308694562 299
1308694621 307
1308694681 292
1308694741 294
1308694801 286
1308694861 293
1308694921 292
1308694981 296
1308695042 292
1308695101 287
1308695161 296
1308695221 291
1308695281 299
1308695341 293
1308695401 297
1308695461 300
1308695521 297
1308695581 310
1308695641 316
1308695701 305
1308695761 310
1308695821 308
1308695881 320
1308695941 331
1308696001 299
1308696061 307
1308696121 317
1308696182 315
1308696241 313
1308696301 317
1308696361 308
1308696421 311
1308696481 321
1308696541 318
1308696601 318
1308696661 310
1308696721 306
1308696781 317
1308696841 306
1308696901 314
1308696961 299
1308697021 295
1308697081 305
1308697141 301
1308697201 302
1308697261 302
1308697322 307
1308697382 321
1308697441 318
1308697501 318
1308697561 319
1308697621 314
1308697681 324
1308697741 328
1308697801 318
1308697861 317
1308697921 321
1308697981 324
1308698041 331
1308698101 320
1308698161 317
1308698221 322
1308698281 331
1308698341 330
1308698401 325
1308698461 325
1308698521 325
1308698581 342
1308698641 336
1308698701 329
1308698761 324
1308698821 332
1308698881 338
1308698941 339
1308699001 328
1308699061 329
1308699121 335
1308699181 343
1308699241 349
1308699302 341
1308699361 345
1308699421 339
1308699481 336
1308699541 343
1308699601 339
1308699661 335
1308699721 343
1308699781 345
1308699841 350
1308699901 341
1308699961 346
1308700021 341
1308700081 345
1308700141 349
1308700201 343
1308700261 337
1308700321 347
1308700381 354
1308700441 359
1308700501 360
1308700561 358
1308700621 365
1308700681 369
1308700741 371
1308700801 361
1308700861 355
1308700921 365
1308700981 379
1308701041 380
1308701101 377
1308701161 362
1308701221 366
1308701281 376
1308701342 375
1308701401 368
1308701461 368
1308701521 368
1308701581 365
1308701641 370
1308701701 366
1308701761 416
1308701821 404
1308701881 421
1308701941 421
1308702001 410
1308702061 415
1308702121 419
1308702181 432
1308702241 429
1308702301 431
1308702361 421
1308702421 431
1308702481 436
1308702541 435
1308702601 429
1308702661 436
1308702721 430
1308702781 437
1308702841 437
1308702901 440
1308702961 439
1308703021 437
1308703081 440
1308703141 445
1308703201 435
1308703261 439
1308703321 444
1308703381 446
1308703441 458
1308703501 453
1308703561 463
1308703621 473
1308703681 473
1308703741 481
1308703801 470
1308703861 476
1308703921 467
1308703981 473
1308704041 487
1308704102 478
1308704161 481
1308704221 477
1308704281 476
1308704341 475
1308704401 458
1308704461 464
1308704521 466
1308704581 464
1308704641 467
1308704701 459
1308704761 468
1308704821 464
1308704881 464
1308704941 471
1308705001 466
1308705061 482
1308705121 475
1308705181 472
1308705241 492
1308705301 496
1308705361 503
1308705421 499
1308705481 502
1308705541 497
1308705602 492
1308705661 497
1308705721 483
1308705781 472
1308705841 478
1308705901 487
1308705961 475
1308706021 473
1308706081 479
1308706141 483
1308706201 483
1308706261 477
1308706321 479
1308706381 480
1308706441 499
1308706501 492
1308706561 487
1308706622 483
1308706681 482
1308706741 492
1308706801 491
1308706861 492
1308706921 476
1308706981 475
1308707041 491
1308707101 483
1308707161 480
1308707221 482
1308707281 474
1308707341 479
1308707401 459
1308707461 468
1308707521 462
1308707581 462
1308707641 459
1308707701 456
1308707761 469
1308707821 461
1308707881 450
1308707941 461
1308708001 458
1308708061 459
1308708121 470
1308708181 456
1308708241 448
1308708301 440
1308708361 429
1308708421 430
1308708481 421
1308708541 437
1308708601 442
1308708661 435
1308708721 430
1308708781 441
1308708841 437
1308708901 431
1308708961 423
1308709021 465
1308709081 467
1308709141 479
1308709201 481
1308709261 473
1308709321 475
1308709381 475
1308709441 485
1308709502 481
1308709561 474
1308709621 475
1308709681 477
1308709741 487
1308709801 487
1308709861 479
1308709921 478
1308709981 479
1308710041 492
1308710101 492
1308710161 503
1308710221 496
1308710281 505
1308710341 524
1308710401 516
1308710461 509
1308710521 502
1308710581 507
1308710642 518
1308710701 514
1308710761 515
1308710821 515
1308710881 526
1308710941 539
1308711001 530
1308711061 535
1308711121 540
1308711181 542
1308711241 548
1308711301 536
1308711361 539
1308711421 542
1308711481 544
1308711541 561
1308711601 564
1308711661 572
1308711721 573
1308711781 585
1308711841 583
1308711901 592
1308711961 591
1308712021 583
1308712081 588
1308712141 595
1308712201 609
1308712261 597
1308712321 584
1308712381 580
1308712441 581
1308712501 585
1308712561 564
1308712621 554
1308712681 569
1308712741 560
1308712801 558
1308712861 552
1308712921 558
1308712981 564
1308713041 578
1308713101 576
1308713161 575
1308713221 576
1308713281 578
1308713341 593
1308713401 594
1308713461 585
1308713521 587
1308713581 585
1308713641 590
1308713701 606
1308713761 590
1308713821 586
1308713881 595
1308713941 604
1308714001 590
1308714061 586
1308714121 580
1308714181 581
1308714241 577
1308714301 583
1308714361 576
1308714421 575
1308714481 575
1308714541 576
1308714601 584
1308714661 587
1308714721 572
1308714781 578
1308714841 591
1308714901 590
1308714961 596
1308715021 584
1308715081 599
1308715141 598
1308715201 595
1308715261 597
1308715321 587
1308715381 594
1308715441 595
1308715501 595
1308715561 583
1308715621 576
1308715681 577
1308715741 572
1308715801 577
1308715861 580
1308715921 575
1308715981 593
1308716041 593
1308716101 603
1308716161 599
1308716221 599
1308716281 599
1308716342 602
1308716401 605
1308716461 595
1308716521 589
1308716581 592
1308716641 594
1308716702 595
1308716762 583
1308716821 585
1308716882 582
1308716941 576
1308717001 594
1308717061 588
1308717121 584
1308717181 595
1308717241 601
1308717302 618
1308717361 619
1308717421 613
1308717481 625
1308717541 624
1308717601 638
1308717661 629
1308717721 623
1308717781 620
1308717841 612
1308717901 611
1308717961 605
1308718021 603
1308718081 600
1308718141 605
1308718201 601
1308718261 603
1308718321 611
1308718381 622
1308718441 623
1308718501 624
1308718561 622
1308718621 617
1308718681 601
1308718741 602
1308718801 615
1308718861 616
1308718922 613
1308718981 623
1308719042 629
1308719102 636
1308719161 639
1308719221 628
1308719281 641
1308719341 647
1308719401 650
1308719461 646
1308719521 639
1308719581 644
1308719641 649
1308719701 650
1308719761 643
1308719821 640
1308719881 659
1308719941 649
1308720001 657
1308720061 657
1308720121 654
1308720181 660
1308720241 658
1308720301 650
1308720361 644
1308720421 650
1308720481 654
1308720541 646
1308720601 652
1308720661 660
1308720721 659
1308720781 663
1308720842 666
1308720901 679
1308720962 684
1308721021 684
1308721081 693
1308721141 698
1308721201 701
1308721261 692
1308721321 692
1308721381 679
1308721442 676
1308721501 657
1308721561 671
1308721621 659
1308721681 666
1308721741 661
1308721801 655
1308721861 655
1308721921 655
1308721981 655
1308722041 644
1308722101 645
1308722161 659
1308722221 648
1308722281 649
1308722341 662
1308722401 668
1308722461 679
1308722521 681
1308722581 666
1308722641 675
1308722701 660
1308722761 663
1308722821 651
1308722881 658
1308722941 665
1308723002 665
1308723061 677
1308723121 666
1308723181 670
1308723241 667
1308723301 663
1308723361 658
1308723421 650
1308723481 651
1308723541 662
1308723603 660
1308723661 668
1308723721 664
1308723781 662
1308723841 670
1308723901 656
1308723961 661
1308724022 650
1308724081 651
1308724141 651
1308724201 640
1308724261 646
1308724321 633
1308724381 625
1308724441 633
1308724501 626
1308724561 638
1308724621 629
1308724681 633
1308724741 637
1308724801 636
1308724861 640
1308724921 631
1308724981 629
1308725041 646
1308725101 638
1308725161 651
1308725221 648
1308725281 644
1308725341 654
1308725401 662
1308725461 667
1308725521 652
1308725581 664
1308725641 670
1308725701 673
1308725761 681
1308725821 671
1308725881 672
1308725941 674
1308726001 661
1308726061 670
1308726121 657
1308726181 661
1308726241 665
1308726301 664
1308726361 684
1308726421 679
1308726481 676
1308726541 673
1308726601 673
1308726661 672
1308726721 672
1308726781 670
1308726841 667
1308726901 674
1308726961 672
1308727021 670
1308727082 668
1308727141 680
1308727201 684
1308727261 691
1308727321 693
1308727381 679
1308727441 682
1308727502 684
1308727561 684
1308727621 684
1308727681 669
1308727741 670
1308727801 670
1308727861 670
1308727921 662
1308727981 649
1308728041 656
1308728101 656
1308728161 650
1308728221 651
1308728281 642
1308728341 647
1308728401 648
1308728461 654
1308728521 654
1308728581 639
1308728641 637
1308728701 640
1308728761 629
1308728821 634
1308728881 630
1308728941 635
1308729001 643
1308729061 659
1308729121 664
1308729181 653
1308729241 667
1308729301 652
1308729361 644
1308729421 643
1308729481 625
1308729541 625
1308729601 618
1308729661 628
1308729721 631
1308729781 624
1308729841 634
1308729901 646
1308729961 638
1308730021 648
1308730081 635
1308730141 642
1308730202 629
1308730261 619
1308730321 613
1308730381 618
1308730441 613
1308730501 688
1308730562 703
1308730621 733
1308730681 712
1308730741 716
1308730801 725
1308730861 728
1308730921 738
1308730981 729
1308731041 741
1308731101 740
1308731161 744
1308731221 750
1308731281 750
1308731341 755
1308731401 746
1308731461 758
1308731521 762
1308731581 765
1308731641 775
1308731701 780
1308731761 745
1308731821 721
1308731881 721
1308731941 726
1308732001 716
1308732061 669
1308732121 675
1308732181 669
1308732241 667
1308732301 640
1308732361 644
1308732421 651
1308732481 645
1308732541 654
1308732601 651
1308732661 657
1308732721 665
1308732781 657
1308732841 653
1308732901 637
1308732961 631
1308733021 628
1308733081 619
1308733141 636
1308733201 626
1308733261 620
1308733321 606
1308733381 599
1308733441 601
1308733501 600
1308733561 594
1308733621 597
1308733681 591
1308733741 589
1308733801 588
1308733861 581
1308733921 589
1308733981 592
1308734041 592
1308734101 599
1308734161 588
1308734221 593
1308734281 594
1308734341 577
1308734401 572
1308734462 580
1308734521 581
1308734581 582
1308734641 595
1308734701 597
1308734761 604
1308734821 605
1308734881 590
1308734942 592
1308735001 582
1308735061 599
1308735121 581
1308735181 579
1308735241 582
1308735301 579
1308735361 587
1308735421 574
1308735481 569
1308735541 580
1308735601 567
1308735661 575
1308735721 577
1308735781 574
1308735841 582
1308735901 564
1308735961 582
1308736021 567
1308736081 552
1308736141 560
1308736201 571
1308736261 582
1308736321 577
1308736382 577
1308736441 579
1308736501 572
1308736561 578
1308736621 581
1308736681 572
1308736741 565
1308736801 560
1308736861 567
1308736921 571
1308736981 566
1308737041 561
1308737101 556
1308737161 567
1308737221 568
1308737281 562
1308737341 552
1308737401 553
1308737461 563
1308737521 561
1308737581 564
1308737642 560
1308737701 555
1308737762 558
1308737821 570
1308737881 564
1308737941 555
1308738001 552
1308738061 555
1308738121 557
1308738181 553
1308738241 554
1308738301 551
1308738361 556
1308738421 553
1308738481 557
1308738541 554
1308738601 556
1308738661 554
1308738721 552
1308738781 553
1308738841 554
1308738901 547
1308738961 546
1308739021 554
1308739081 556
1308739141 547
1308739201 540
1308739261 540
1308739321 546
1308739381 551
1308739441 555
1308739501 550
1308739561 559
1308739621 560
1308739681 562
1308739741 552
1308739801 558
1308739861 569
1308739921 563
1308739981 560
1308740041 561
1308740101 556
1308740161 560
1308740221 569
1308740281 566
1308740341 567
1308740401 566
1308740461 578
1308740521 571
1308740581 575
1308740641 572
1308740701 564
1308740761 578
1308740821 587
1308740881 590
1308740941 584
1308741001 581
1308741061 596
1308741121 594
1308741181 603
1308741241 615
1308741301 618
1308741361 617
1308741421 603
1308741481 593
1308741541 598
1308741601 597
1308741661 603
1308741721 606
1308741781 619
1308741841 620
1308741901 621
1308741961 621
1308742021 614
1308742081 618
1308742141 621
1308742201 623
1308742261 616
1308742321 631
1308742381 619
1308742441 621
1308742501 621
1308742561 625
1308742621 628
1308742681 629
1308742741 632
1308742802 623
1308742862 633
1308742921 639
1308742981 641
1308743041 645
1308743101 650
1308743161 654
1308743221 669
1308743281 657
1308743341 664
1308743401 667
1308743461 670
1308743521 673
1308743581 664
1308743641 668
1308743701 667
1308743761 680
1308743821 688
1308743881 678
1308743941 671
1308744001 680
1308744061 669
1308744121 676
1308744181 662
1308744241 672
1308744301 682
1308744361 690
1308744421 685
1308744481 680
1308744541 683
1308744601 677
1308744661 667
1308744721 669
1308744781 670
1308744841 676
1308744902 676
1308744962 679
1308745021 681
1308745081 680
1308745141 681
1308745201 687
1308745261 685
1308745322 691
1308745381 679
1308745441 669
1308745502 690
1308745561 691
1308745621 699
1308745681 681
1308745741 684
1308745801 687
1308745861 683
1308745921 681
1308745981 668
1308746041 676
1308746101 681
1308746161 677
1308746221 686
1308746281 682
1308746341 690
1308746401 691
1308746461 687
1308746521 700
1308746581 701
1308746641 697
1308746701 703
1308746761 693
1308746821 707
1308746881 699
1308746941 695
1308747001 704
1308747061 700
1308747121 714
1308747181 714
1308747241 703
1308747301 713
1308747361 710
1308747421 715
1308747481 717
1308747541 712
1308747601 720
1308747661 726
1308747721 738
1308747781 732
1308747842 716
1308747901 740
1308747961 734
1308748021 740
1308748081 742
1308748141 719
1308748201 738
1308748261 727
1308748321 732
1308748381 725
1308748441 705
1308748501 716
1308748561 708
1308748621 717
1308748681 715
1308748741 703
1308748801 709
1308748861 707
1308748921 718
1308748981 714
1308749041 710
1308749101 715
1308749161 704
1308749221 711
1308749281 714
1308749341 706
1308749401 731
1308749461 717
1308749521 733
1308749581 733
1308749641 729
1308749701 734
1308749761 720
1308749821 725
1308749881 719
1308749941 715
1308750001 726
1308750061 720
1308750121 738
1308750181 733
1308750241 724
1308750301 736
1308750361 731
1308750421 742
1308750481 748
1308750541 738
1308750601 741
1308750661 728
1308750721 737
1308750781 733
1308750841 724
1308750901 718
1308750961 728
1308751021 760
1308751081 754
1308751142 762
1308751201 769
1308751261 767
1308751321 770
1308751381 748
1308751441 743
1308751501 742
1308751561 738
1308751621 747
1308751681 748
1308751741 733
1308751801 738
1308751861 737
1308751921 737
1308751981 743
1308752042 738
1308752101 744
1308752162 741
1308752221 744
1308752282 752
1308752341 755
1308752401 779
1308752461 786
1308752521 778
1308752581 772
1308752641 762
1308752701 770
1308752761 753
1308752821 747
1308752881 736
1308752941 741
1308753001 742
1308753061 746
1308753121 741
1308753181 750
1308753241 746
1308753301 749
1308753361 749
1308753421 753
1308753481 741
1308753541 746
1308753601 751
1308753661 742
1308753721 740
1308753781 752
1308753841 755
1308753901 758
1308753961 758
1308754022 771
1308754081 758
1308754141 745
1308754201 743
1308754261 758
1308754321 763
1308754381 763
1308754441 746
1308754501 765
1308754561 772
1308754621 780
1308754681 780
1308754741 773
1308754801 784
1308754861 777
1308754921 786
1308754981 791
1308755041 781
1308755101 780
1308755161 775
1308755221 773
1308755281 767
1308755341 749
1308755402 773
1308755461 768
1308755521 758
1308755581 755
1308755641 766
1308755701 770
1308755761 766
1308755821 766
1308755881 769
1308755941 757
1308756001 768
1308756061 752
1308756121 764
1308756181 763
1308756241 757
1308756301 774
1308756361 769
1308756421 772
1308756481 763
1308756541 761
1308756601 774
1308756661 764
1308756721 770
1308756781 773
1308756841 753
1308756901 769
1308756961 767
1308757021 763
1308757081 762
1308757141 749
1308757201 767
1308757261 770
1308757321 773
1308757381 756
1308757441 746
1308757501 756
1308757561 770
1308757621 777
1308757681 766
1308757742 758
1308757801 757
1308757861 749
1308757921 750
1308757981 750
1308758041 731
1308758101 752
1308758161 750
1308758221 750
1308758281 750
1308758341 744
1308758401 767
