1316016062 157
1316016121 158
1316016181 157
1316016241 155
1316016301 150
1316016361 152
1316016421 152
1316016481 148
1316016541 147
1316016601 143
1316016661 143
1316016722 145
1316016781 145
1316016841 146
1316016901 142
1316016961 139
1316017021 140
1316017081 142
1316017141 139
1316017201 135
1316017261 140
1316017321 135
1316017381 138
1316017441 132
1316017501 128
1316017561 132
1316017621 135
1316017681 135
1316017741 135
1316017801 134
1316017861 134
1316017921 138
1316017981 142
1316018041 136
1316018101 135
1316018161 137
1316018221 136
1316018281 135
1316018341 136
1316018401 136
1316018461 134
1316018521 130
1316018581 133
1316018641 125
1316018701 121
1316018761 121
1316018821 117
1316018881 115
1316018941 118
1316019001 116
1316019061 116
1316019121 117
1316019182 118
1316019241 110
1316019301 104
1316019361 101
1316019421 101
1316019481 95
1316019541 97
1316019601 98
1316019661 89
1316019721 92
1316019781 93
1316019841 90
1316019901 92
1316019961 87
1316020021 88
1316020081 85
1316020141 86
1316020201 86
1316020261 78
1316020321 82
1316020381 82
1316020442 74
1316020501 76
1316020561 73
1316020621 74
1316020681 71
1316020741 73
1316020801 73
1316020861 70
1316020921 72
1316020981 71
1316021041 70
1316021101 70
1316021161 71
1316021221 73
1316021281 73
1316021341 74
1316021401 72
1316021461 68
1316021521 71
1316021581 71
1316021641 70
1316021701 71
1316021761 70
1316021821 71
1316021881 68
1316021941 69
1316022001 66
1316022061 66
1316022121 65
1316022181 62
1316022241 59
1316022301 61
1316022361 60
1316022421 58
1316022481 59
1316022541 61
1316022601 58
1316022661 60
1316022721 59
1316022782 58
1316022841 57
1316022901 58
1316022961 58
1316023021 60
1316023081 58
1316023141 59
1316023201 62
1316023261 63
1316023321 65
1316023381 61
1316023442 59
1316023501 58
1316023561 55
1316023621 56
1316023681 56
1316023741 57
1316023801 51
1316023861 51
1316023921 55
1316023981 55
1316024041 56
1316024101 57
1316024161 57
1316024221 58
1316024281 58
1316024341 59
1316024401 47
1316024461 45
1316024521 47
1316024581 47
1316024641 48
1316024701 48
1316024761 49
1316024821 46
1316024881 46
1316024941 44
1316025001 44
1316025061 45
1316025121 47
1316025181 47
1316025241 46
1316025301 46
1316025361 45
1316025421 47
1316025481 47
1316025541 48
1316025601 49
1316025661 50
1316025721 39
1316025781 39
1316025841 40
1316025901 41
1316025961 42
1316026021 43
1316026081 43
1316026141 43
1316026201 43
1316026261 43
1316026321 43
1316026381 43
1316026441 43
1316026501 43
1316026561 43
1316026622 43
1316026681 43
1316026741 43
1316026801 43
1316026861 43
1316026921 31
1316026981 31
1316027041 31
1316027101 31
1316027161 31
1316027221 31
1316027282 31
1316027341 31
1316027401 31
1316027461 31
1316027521 33
1316027581 33
1316027641 33
1316027701 33
1316027761 33
1316027821 33
1316027881 32
1316027941 32
1316028001 31
1316028061 33
1316028121 35
1316028181 35
1316028241 35
1316028301 31
1316028361 32
1316028421 32
1316028481 32
1316028541 32
1316028601 32
1316028661 32
1316028721 33
1316028781 33
1316028841 33
1316028901 33
1316028961 33
1316029021 33
1316029081 33
1316029141 33
1316029201 33
1316029261 33
1316029321 33
1316029381 33
1316029441 26
1316029501 26
1316029561 26
1316029621 26
1316029681 26
1316029741 26
1316029801 25
1316029861 25
1316029921 25
1316029981 25
1316030041 25
1316030101 25
1316030161 25
1316030221 25
1316030281 25
1316030341 25
1316030401 25
1316030461 25
1316030521 25
1316030582 25
1316030642 25
1316030701 25
1316030761 25
1316030821 25
1316030881 23
1316030941 23
1316031001 23
1316031061 23
1316031121 23
1316031181 23
1316031241 23
1316031301 24
1316031361 24
1316031421 24
1316031481 24
1316031541 24
1316031601 24
1316031661 24
1316031721 24
1316031781 24
1316031841 24
1316031901 24
1316031961 24
1316032021 24
1316032081 24
1316032141 24
1316032201 24
1316032261 24
1316032321 24
1316032381 24
1316032441 23
1316032501 23
1316032561 23
1316032621 23
1316032681 23
1316032741 23
1316032801 23
1316032861 23
1316032921 23
1316032981 23
1316033041 23
1316033101 23
1316033161 24
1316033221 24
1316033281 24
1316033341 24
1316033401 25
1316033462 25
1316033521 25
1316033581 25
1316033641 25
1316033701 25
1316033761 25
1316033821 25
1316033881 25
1316033941 25
1316034001 25
1316034061 25
1316034121 25
1316034181 25
1316034241 25
1316034301 25
1316034361 25
1316034421 25
1316034481 25
1316034541 24
1316034601 24
1316034594 24
1316034601 24
1316034661 24
1316034721 24
1316034781 24
1316034841 25
1316034901 25
1316034961 25
1316035021 25
1316035082 25
1316035141 25
1316035201 25
1316035261 25
1316035321 25
1316035381 25
1316035441 25
1316035501 25
1316035561 25
1316035621 25
1316035681 25
1316035741 25
1316035801 25
1316035861 25
1316035921 25
1316035981 25
1316036041 25
1316036101 25
1316036161 25
1316036221 25
1316036281 26
1316036341 26
1316036401 26
1316036461 26
1316036521 26
1316036581 27
1316036641 26
1316036701 26
1316036761 26
1316036821 26
1316036881 26
1316036941 26
1316037001 26
1316037061 26
1316037121 26
1316037181 27
1316037241 27
1316037301 27
1316037361 27
1316037421 27
1316037481 27
1316037541 27
1316037601 27
1316037661 27
1316037721 27
1316037781 27
1316037842 27
1316037901 28
1316037961 28
1316038021 28
1316038081 28
1316038141 28
1316038201 28
1316038261 28
1316038321 28
1316038381 28
1316038441 28
1316038501 28
1316038561 28
1316038621 28
1316038681 28
1316038741 28
1316038801 29
1316038861 29
1316038921 29
1316038981 30
1316039041 31
1316039101 31
1316039161 30
1316039221 30
1316039281 30
1316039341 31
1316039401 31
1316039461 31
1316039521 31
1316039581 31
1316039641 32
1316039701 32
1316039761 32
1316039821 32
1316039881 32
1316039941 33
1316040001 33
1316040061 33
1316040121 33
1316040181 30
1316040241 31
1316040301 31
1316040361 30
1316040421 30
1316040481 30
1316040541 32
1316040601 31
1316040661 33
1316040721 33
1316040781 36
1316040841 37
1316040901 37
1316040961 40
1316041021 40
1316041081 40
1316041141 41
1316041202 41
1316041261 37
1316041321 38
1316041381 38
1316041441 39
1316041501 39
1316041561 39
1316041621 39
1316041681 39
1316041741 39
1316041801 27
1316041861 27
1316041921 27
1316041981 28
1316042041 30
1316042101 31
1316042161 31
1316042221 34
1316042281 36
1316042341 37
1316042401 37
1316042461 37
1316042521 33
1316042581 34
1316042641 30
1316042701 32
1316042761 33
1316042821 36
1316042881 38
1316042941 41
1316043001 42
1316043061 42
1316043121 42
1316043182 38
1316043241 39
1316043301 39
1316043361 39
1316043421 39
1316043481 38
1316043541 38
1316043601 33
1316043661 34
1316043721 40
1316043781 41
1316043841 44
1316043901 43
1316043961 41
1316044021 41
1316044081 42
1316044141 40
1316044201 39
1316044261 42
1316044321 42
1316044381 44
1316044441 45
1316044501 45
1316044561 44
1316044621 44
1316044681 45
1316044741 39
1316044801 41
1316044861 39
1316044921 37
1316044981 41
1316045041 46
1316045101 48
1316045161 51
1316045222 54
1316045282 56
1316045341 60
1316045401 58
1316045461 53
1316045521 53
1316045581 53
1316045641 55
1316045701 52
1316045761 52
1316045821 55
1316045881 55
1316045941 53
1316046001 53
1316046061 54
1316046121 49
1316046181 50
1316046241 50
1316046301 51
1316046361 49
1316046421 49
1316046481 49
1316046541 49
1316046601 46
1316046661 49
1316046721 50
1316046781 51
1316046841 52
1316046901 54
1316046961 53
1316047021 55
1316047081 58
1316047141 62
1316047201 56
1316047261 54
1316047321 55
1316047381 56
1316047441 55
1316047501 55
1316047561 59
1316047621 60
1316047681 58
1316047741 62
1316047801 63
1316047861 66
1316047921 69
1316047981 73
1316048041 73
1316048101 70
1316048161 78
1316048221 80
1316048281 79
1316048341 78
1316048401 75
1316048461 77
1316048521 78
1316048581 78
1316048641 80
1316048701 81
1316048761 73
1316048821 77
1316048881 76
1316048941 75
1316049001 75
1316049061 76
1316049121 73
1316049181 75
1316049241 68
1316049301 66
1316049361 73
1316049421 73
1316049481 71
1316049541 69
1316049601 70
1316049661 76
1316049721 74
1316049781 74
1316049841 78
1316049901 78
1316049961 81
1316050021 81
1316050081 78
1316050141 77
1316050201 76
1316050261 80
1316050321 78
1316050381 80
1316050441 80
1316050501 79
1316050561 82
1316050621 91
1316050681 90
1316050741 88
1316050801 88
1316050861 89
1316050921 92
1316050981 94
1316051041 90
1316051101 84
1316051161 88
1316051221 90
1316051281 87
1316051341 80
1316051401 78
1316051461 83
1316051521 86
1316051581 87
1316051641 82
1316051701 83
1316051761 93
1316051821 96
1316051881 86
1316051941 85
1316052001 84
1316052061 86
1316052121 85
1316052181 83
1316052241 80
1316052301 80
1316052361 83
1316052421 79
1316052481 82
1316052541 75
1316052601 73
1316052661 69
1316052721 67
1316052781 66
1316052841 64
1316052901 68
1316052961 71
1316053021 76
1316053081 78
1316053141 79
1316053201 78
1316053261 79
1316053321 81
1316053381 78
1316053441 76
1316053501 76
1316053561 78
1316053621 77
1316053681 72
1316053741 73
1316053801 67
1316053861 69
1316053921 68
1316053981 65
1316054041 65
1316054101 63
1316054161 64
1316054221 66
1316054281 69
1316054341 68
1316054401 66
1316054461 69
1316054521 67
1316054581 67
1316054641 66
1316054701 65
1316054761 68
1316054822 68
1316054881 68
1316054941 71
1316055001 72
1316055061 73
1316055121 75
1316055181 71
1316055241 74
1316055301 74
1316055361 72
1316055421 71
1316055481 74
1316055541 79
1316055601 80
1316055661 82
1316055721 83
1316055781 82
1316055841 87
1316055901 82
1316055961 76
1316056021 77
1316056081 74
1316056141 80
1316056201 82
1316056261 84
1316056321 86
1316056381 85
1316056441 87
1316056501 87
1316056561 92
1316056621 95
1316056681 93
1316056741 97
1316056801 97
1316056861 93
1316056921 93
1316056981 91
1316057041 89
1316057101 86
1316057161 76
1316057222 78
1316057281 77
1316057341 79
1316057401 81
1316057461 80
1316057521 79
1316057581 80
1316057641 81
1316057701 79
1316057761 77
1316057821 76
1316057881 78
1316057941 80
1316058001 78
1316058061 78
1316058121 85
1316058181 85
1316058241 83
1316058301 86
1316058361 85
1316058421 85
1316058481 86
1316058541 85
1316058601 87
1316058661 85
1316058721 83
1316058781 85
1316058841 85
1316058901 83
1316058961 82
1316059021 81
1316059081 75
1316059141 74
1316059201 74
1316059261 72
1316059321 75
1316059381 73
1316059441 69
1316059501 71
1316059561 73
1316059621 73
1316059681 71
1316059741 69
1316059802 70
1316059862 77
1316059921 78
1316059981 76
1316060041 75
1316060101 76
1316060161 81
1316060221 82
1316060281 81
1316060341 83
1316060401 87
1316060461 85
1316060521 85
1316060581 79
1316060641 78
1316060701 82
1316060761 84
1316060821 82
1316060881 81
1316060941 78
1316061001 80
1316061061 76
1316061121 79
1316061181 77
1316061241 82
1316061301 82
1316061361 86
1316061421 83
1316061481 85
1316061541 86
1316061601 84
1316061661 89
1316061721 89
1316061781 91
1316061841 93
1316061901 90
1316061961 92
1316062021 96
1316062081 97
1316062141 100
1316062201 100
1316062261 107
1316062321 106
1316062381 115
1316062441 114
1316062501 118
1316062561 114
1316062621 114
1316062681 116
1316062741 113
1316062801 110
1316062861 115
1316062921 113
1316062981 116
1316063041 118
1316063101 119
1316063161 118
1316063221 118
1316063281 126
1316063341 119
1316063401 121
1316063461 122
1316063521 120
1316063581 123
1316063641 128
1316063701 127
1316063761 132
1316063821 125
1316063881 125
1316063941 122
1316064001 117
1316064061 121
1316064121 111
1316064181 115
1316064241 118
1316064301 121
1316064361 124
1316064421 120
1316064481 122
1316064541 118
1316064601 114
1316064661 120
1316064721 116
1316064781 117
1316064841 122
1316064901 123
1316064961 123
1316065021 123
1316065081 126
1316065141 128
1316065201 129
1316065261 124
1316065321 122
1316065381 125
1316065441 123
1316065501 126
1316065561 118
1316065621 120
1316065681 118
1316065741 115
1316065801 110
1316065861 110
1316065921 114
1316065981 118
1316066041 113
1316066101 117
1316066162 119
1316066221 119
1316066281 117
1316066341 120
1316066401 119
1316066461 120
1316066521 124
1316066581 120
1316066641 121
1316066701 116
1316066761 120
1316066821 121
1316066881 116
1316066941 123
1316067001 122
1316067061 125
1316067121 129
1316067181 123
1316067241 126
1316067301 123
1316067361 124
1316067421 119
1316067481 119
1316067541 120
1316067601 120
1316067661 116
1316067721 113
1316067781 115
1316067841 114
1316067901 118
1316067961 114
1316068021 109
1316068081 112
1316068141 117
1316068201 114
1316068261 105
1316068322 108
1316068381 106
1316068441 105
1316068501 101
1316068561 99
1316068621 101
1316068681 106
1316068741 112
1316068801 113
1316068861 116
1316068921 118
1316068981 115
1316069041 117
1316069101 118
1316069161 118
1316069221 125
1316069281 123
1316069341 119
1316069401 120
1316069461 122
1316069521 121
1316069581 118
1316069641 114
1316069701 113
1316069761 113
1316069821 117
1316069881 120
1316069941 132
1316070001 144
1316070061 157
1316070121 164
1316070181 160
1316070241 164
1316070301 162
1316070361 159
1316070421 161
1316070481 152
1316070541 153
1316070601 161
1316070661 165
1316070721 168
1316070781 162
1316070841 171
1316070901 174
1316070961 170
1316071021 179
1316071081 177
1316071141 185
1316071201 189
1316071261 187
1316071321 186
1316071381 178
1316071441 187
1316071501 181
1316071561 181
1316071621 174
1316071681 169
1316071741 172
1316071801 171
1316071862 175
1316071921 179
1316071982 178
1316072041 189
1316072101 190
1316072161 183
1316072221 182
1316072281 185
1316072341 176
1316072401 167
1316072461 169
1316072521 168
1316072581 166
1316072641 171
1316072701 170
1316072761 177
1316072821 173
1316072881 164
1316072941 176
1316073001 170
1316073061 174
1316073121 175
1316073181 175
1316073241 173
1316073301 165
1316073361 165
1316073421 160
1316073481 160
1316073541 164
1316073601 154
1316073661 158
1316073721 151
1316073781 147
1316073841 140
1316073901 141
1316073961 131
1316074021 127
1316074081 126
1316074141 127
1316074201 123
1316074261 121
1316074321 121
1316074381 110
1316074441 117
1316074501 112
1316074561 111
1316074621 118
1316074681 119
1316074741 123
1316074801 120
1316074861 121
1316074921 124
1316074981 118
1316075041 121
1316075101 122
1316075161 123
1316075221 127
1316075281 128
1316075341 125
1316075401 127
1316075461 126
1316075521 128
1316075581 117
1316075641 123
1316075701 131
1316075762 132
1316075821 132
1316075881 132
1316075941 139
1316076001 144
1316076061 145
1316076121 146
1316076181 139
1316076241 145
1316076301 143
1316076361 137
1316076421 140
1316076481 139
1316076541 144
1316076601 144
1316076661 149
1316076721 143
1316076781 141
1316076841 139
1316076901 142
1316076961 141
1316077021 141
1316077081 144
1316077141 143
1316077201 139
1316077261 142
1316077321 142
1316077381 145
1316077441 148
1316077501 147
1316077561 155
1316077621 151
1316077681 149
1316077741 151
1316077801 149
1316077861 149
1316077921 140
1316077981 140
1316078041 147
1316078101 147
1316078161 154
1316078221 151
1316078281 152
1316078341 154
1316078401 154
1316078461 158
1316078521 163
1316078581 164
1316078641 158
1316078701 159
1316078761 159
1316078821 159
1316078881 145
1316078941 145
1316079001 148
1316079061 143
1316079121 148
1316079181 134
1316079241 131
1316079301 134
1316079361 128
1316079421 127
1316079482 121
1316079541 127
1316079601 125
1316079661 136
1316079721 135
1316079781 132
1316079841 136
1316079901 141
1316079961 143
1316080021 143
1316080081 133
1316080141 130
1316080201 130
1316080261 137
1316080321 132
1316080381 129
1316080441 126
1316080501 127
1316080561 135
1316080621 127
1316080681 119
1316080741 119
1316080801 118
1316080861 124
1316080921 114
1316080981 108
1316081041 108
1316081101 113
1316081162 116
1316081222 116
1316081281 115
1316081341 112
1316081401 111
1316081461 114
1316081521 117
1316081581 113
1316081641 110
1316081701 109
1316081761 113
1316081821 110
1316081881 109
1316081941 114
1316082001 113
1316082061 116
1316082121 115
1316082181 116
1316082241 98
1316082301 98
1316082361 99
1316082421 97
1316082481 97
1316082541 98
1316082601 96
1316082661 97
1316082721 99
1316082781 99
1316082841 89
1316082901 93
1316082961 95
1316083021 94
1316083081 91
1316083141 94
1316083201 96
1316083261 96
1316083321 87
1316083381 84
1316083441 91
1316083501 92
1316083561 94
1316083621 98
1316083681 86
1316083741 95
1316083801 97
1316083861 96
1316083921 95
1316083981 95
1316084041 97
1316084101 99
1316084161 98
1316084221 102
1316084281 98
1316084341 103
1316084401 105
1316084461 99
1316084521 102
1316084581 99
1316084641 90
1316084701 94
1316084762 93
1316084821 94
1316084881 90
1316084941 95
1316085001 95
1316085061 94
1316085121 96
1316085181 91
1316085241 96
1316085301 96
1316085361 96
1316085421 99
1316085481 90
1316085541 90
1316085601 92
1316085661 94
1316085721 99
1316085781 94
1316085841 95
1316085901 99
1316085961 102
1316086021 100
1316086081 102
1316086141 103
1316086201 105
1316086261 111
1316086321 109
1316086381 106
1316086441 111
1316086501 110
1316086561 114
1316086621 118
1316086681 109
1316086741 116
1316086801 112
1316086861 113
1316086921 107
1316086981 104
1316087041 111
1316087101 108
1316087161 105
1316087221 107
1316087281 107
1316087341 106
1316087401 105
1316087461 107
1316087521 109
1316087581 106
1316087641 107
1316087701 104
1316087761 100
1316087821 103
1316087881 102
1316087942 98
1316088001 104
1316088061 102
1316088121 107
1316088181 101
1316088241 102
1316088301 103
1316088361 98
1316088421 98
1316088481 101
1316088541 93
1316088601 94
1316088661 97
1316088721 99
1316088781 93
1316088841 97
1316088901 99
1316088961 100
1316089021 107
1316089081 102
1316089141 100
1316089201 102
1316089261 97
1316089321 97
1316089381 98
1316089441 102
1316089501 105
1316089561 106
1316089621 111
1316089681 106
1316089741 109
1316089801 106
1316089861 106
1316089921 105
1316089981 103
1316090041 105
1316090101 102
1316090161 95
1316090221 97
1316090281 98
1316090341 95
1316090402 95
1316090461 94
1316090521 98
1316090581 97
1316090641 103
1316090701 101
1316090761 101
1316090821 104
1316090881 97
1316090941 103
1316091001 100
1316091061 104
1316091121 108
1316091181 110
1316091241 109
1316091301 115
1316091361 112
1316091421 114
1316091481 106
1316091541 112
1316091601 110
1316091661 111
1316091721 110
1316091781 108
1316091841 111
1316091901 115
1316091961 105
1316092021 113
1316092081 108
1316092141 111
1316092201 114
1316092261 110
1316092321 112
1316092381 112
1316092441 109
1316092501 110
1316092561 112
1316092621 115
1316092681 116
1316092741 112
1316092801 119
1316092861 114
1316092921 114
1316092981 118
1316093041 113
1316093101 116
1316093161 118
1316093221 123
1316093281 119
1316093341 113
1316093401 121
1316093461 116
1316093521 116
1316093581 109
1316093641 108
1316093701 114
1316093761 109
1316093821 109
1316093881 105
1316093941 109
1316094001 108
1316094061 108
1316094121 112
1316094181 105
1316094241 104
1316094301 111
1316094361 113
1316094421 116
1316094481 102
1316094541 95
1316094601 98
1316094661 95
1316094721 96
1316094781 93
1316094841 96
1316094901 101
1316094961 100
1316095021 103
1316095081 103
1316095141 98
1316095201 96
1316095261 98
1316095321 99
1316095381 93
1316095441 95
1316095501 105
1316095561 107
1316095621 109
1316095681 111
1316095741 111
1316095801 119
1316095861 117
1316095921 118
1316095981 113
1316096041 111
1316096101 113
1316096161 113
1316096221 108
1316096281 99
1316096341 102
1316096401 104
1316096461 107
1316096521 102
1316096581 102
1316096641 102
1316096702 107
1316096761 109
1316096821 108
1316096881 110
1316096941 103
1316097001 106
1316097061 112
1316097121 114
1316097181 111
1316097241 107
1316097301 112
1316097361 109
1316097421 110
1316097481 111
1316097541 111
1316097601 110
1316097661 103
1316097721 104
1316097781 106
1316097841 95
1316097901 97
1316097961 104
1316098021 105
1316098081 106
1316098141 106
1316098201 105
1316098261 107
1316098321 107
1316098381 96
1316098441 100
1316098501 100
1316098561 104
1316098621 106
1316098681 107
1316098741 113
1316098801 113
1316098861 111
1316098921 116
1316098981 115
1316099041 122
1316099101 120
1316099161 122
1316099221 121
1316099281 130
1316099341 126
1316099401 124
1316099461 120
1316099521 120
1316099581 116
1316099641 113
1316099701 114
1316099761 110
1316099822 104
1316099881 106
1316099941 104
1316100001 103
1316100061 107
1316100121 115
1316100181 111
1316100241 110
1316100301 119
1316100361 115
1316100421 114
1316100481 117
1316100541 111
1316100601 114
1316100661 113
1316100721 121
1316100781 120
1316100841 118
1316100901 123
1316100961 124
1316101021 124
1316101081 126
1316101141 123
1316101201 122
1316101261 122
1316101321 120
1316101381 120
1316101441 118
1316101501 120
1316101561 107
1316101621 104
1316101681 105
1316101741 107
1316101801 106
1316101861 101
1316101921 104
1316101981 103
1316102041 106
1316102101 103
1316102161 101
1316102221 106
1316102281 104
1316102341 102
1316102401 99
