1308412861 480
1308412921 482
1308412981 485
1308413041 494
1308413101 479
1308413161 486
1308413221 489
1308413281 493
1308413341 487
1308413401 478
1308413461 490
1308413521 486
1308413581 481
1308413641 481
1308413702 473
1308413761 464
1308413821 473
1308413881 471
1308413941 469
1308414001 460
1308414061 463
1308414121 466
1308414181 461
1308414241 459
1308414301 453
1308414361 451
1308414421 458
1308414481 465
1308414541 466
1308414601 471
1308414661 450
1308414721 456
1308414781 464
1308414841 463
1308414901 459
1308414961 464
1308415021 469
1308415081 462
1308415141 457
1308415201 457
1308415261 451
1308415321 457
1308415381 448
1308415441 452
1308415501 434
1308415561 434
1308415621 435
1308415681 443
1308415741 435
1308415801 434
1308415861 429
1308415921 431
1308415981 437
1308416041 424
1308416101 426
1308416161 427
1308416221 433
1308416281 437
1308416341 419
1308416401 423
1308416461 427
1308416521 437
1308416581 431
1308416641 423
1308416701 413
1308416761 411
1308416821 410
1308416881 399
1308416941 412
1308417001 395
1308417061 394
1308417121 397
1308417181 402
1308417241 388
1308417301 394
1308417361 389
1308417421 390
1308417481 374
1308417541 380
1308417601 378
1308417661 374
1308417721 379
1308417781 362
1308417841 366
1308417901 366
1308417961 362
1308418021 361
1308418081 364
1308418141 360
1308418201 353
1308418261 350
1308418321 348
1308418381 347
1308418441 350
1308418502 344
1308418561 343
1308418621 343
1308418681 346
1308418741 343
1308418801 344
1308418861 346
1308418921 353
1308418981 362
1308419041 339
1308419101 336
1308419161 329
1308419221 339
1308419281 334
1308419341 331
1308419401 324
1308419461 318
1308419521 322
1308419581 321
1308419641 330
1308419701 308
1308419761 313
1308419821 311
1308419881 311
1308419941 312
1308420001 306
1308420061 307
1308420121 316
1308420181 320
1308420241 310
1308420301 298
1308420361 297
1308420421 302
1308420481 295
1308420541 293
1308420601 285
1308420661 292
1308420721 292
1308420781 292
1308420841 295
1308420901 288
1308420961 286
1308421021 288
1308421081 295
1308421141 275
1308421201 279
1308421261 281
1308421321 291
1308421381 283
1308421441 284
1308421501 277
1308421561 279
1308421621 275
1308421681 280
1308421741 270
1308421801 269
1308421861 276
1308421922 286
1308421981 261
1308422041 257
1308422101 255
1308422161 260
1308422221 256
1308422281 256
1308422341 253
1308422401 253
1308422461 256
1308422521 263
1308422581 259
1308422641 261
1308422701 254
1308422761 255
1308422821 259
1308422881 256
1308422941 246
1308423001 251
1308423061 236
1308423121 240
1308423181 247
1308423241 246
1308423301 234
1308423361 233
1308423421 237
1308423481 239
1308423541 239
1308423601 233
1308423661 229
1308423721 235
1308423781 235
1308423841 232
1308423901 223
1308423961 222
1308424021 220
1308424081 226
1308424141 227
1308424201 221
1308424261 219
1308424321 226
1308424381 220
1308424441 227
1308424501 213
1308424561 210
1308424621 213
1308424681 221
1308424741 214
1308424801 213
1308424861 217
1308424921 214
1308424981 214
1308425041 215
1308425101 212
1308425161 209
1308425221 204
1308425281 209
1308425341 216
1308425401 217
1308425461 198
1308425521 194
1308425581 194
1308425641 196
1308425701 182
1308425761 186
1308425821 188
1308425881 194
1308425941 193
1308426001 190
1308426061 190
1308426121 196
1308426181 194
1308426241 193
1308426301 191
1308426361 188
1308426421 192
1308426481 184
1308426541 183
1308426601 176
1308426662 178
1308426721 182
1308426781 182
1308426841 180
1308426901 176
1308426961 180
1308427021 183
1308427081 188
1308427141 175
1308427201 178
1308427261 179
1308427322 184
1308427381 173
1308427441 178
1308427501 181
1308427561 184
1308427621 187
1308427681 189
1308427741 192
1308427801 160
1308427861 163
1308427921 168
1308427981 167
1308428041 166
1308428101 166
1308428161 170
1308428221 175
1308428281 178
1308428341 182
1308428401 184
1308428461 186
1308428521 164
1308428581 168
1308428641 162
1308428702 162
1308428761 162
1308428821 167
1308428881 170
1308428941 173
1308429001 175
1308429061 176
1308429121 178
1308429181 182
1308429241 161
1308429301 155
1308429361 158
1308429421 162
1308429481 165
1308429541 168
1308429601 169
1308429661 157
1308429721 164
1308429781 168
1308429841 158
1308429901 160
1308429961 163
1308430021 169
1308430081 170
1308430141 156
1308430201 158
1308430261 153
1308430321 156
1308430381 161
1308430441 161
1308430502 160
1308430561 161
1308430621 166
1308430681 168
1308430741 170
1308430801 171
1308430861 173
1308430921 175
1308430981 153
1308431041 147
1308431101 149
1308431161 152
1308431221 154
1308431281 156
1308431341 159
1308431401 160
1308431461 162
1308431521 165
1308431582 165
1308431641 168
1308431701 142
1308431761 144
1308431821 147
1308431881 150
1308431941 155
1308432001 141
1308432061 145
1308432121 143
1308432181 148
1308432241 152
1308432301 153
1308432361 147
1308432421 148
1308432481 152
1308432541 147
1308432601 149
1308432661 149
1308432721 153
1308432781 157
1308432841 161
1308432901 161
1308432961 164
1308433021 169
1308433081 171
1308433141 173
1308433201 173
1308433261 139
1308433321 144
1308433381 144
1308433441 147
1308433501 148
1308433561 151
1308433621 154
1308433681 144
1308433741 147
1308433801 148
1308433861 152
1308433921 156
1308433981 159
1308434041 163
1308434101 163
1308434161 164
1308434221 168
1308434281 170
1308434341 171
1308434401 171
1308434461 173
1308434521 175
1308434581 138
1308434641 142
1308434701 142
1308434761 134
1308434821 139
1308434881 141
1308434941 129
1308435001 129
1308435061 135
1308435121 133
1308435181 135
1308435241 137
1308435301 127
1308435361 131
1308435421 136
1308435481 139
1308435541 130
1308435601 131
1308435661 134
1308435721 139
1308435781 132
1308435841 136
1308435901 136
1308435961 138
1308436021 132
1308436081 135
1308436141 138
1308436201 138
1308436261 141
1308436321 144
1308436381 145
1308436441 148
1308436501 148
1308436561 150
1308436621 154
1308436681 155
1308436741 157
1308436801 124
1308436861 128
1308436921 130
1308436981 133
1308437041 131
1308437101 131
1308437161 130
1308437221 134
1308437281 134
1308437341 137
1308437401 137
1308437461 139
1308437521 143
1308437581 144
1308437642 146
1308437701 146
1308437761 129
1308437821 132
1308437881 134
1308437941 132
1308438001 131
1308438061 133
1308438121 138
1308438181 140
1308438241 134
1308438301 134
1308438361 137
1308438421 134
1308438481 134
1308438541 136
1308438601 131
1308438661 135
1308438721 136
1308438781 140
1308438841 144
1308438901 144
1308438961 148
1308439021 150
1308439081 152
1308439141 153
1308439201 153
1308439261 154
1308439321 159
1308439381 161
1308439441 164
1308439501 164
1308439561 133
1308439621 136
1308439681 140
1308439741 142
1308439801 142
1308439861 137
1308439921 141
1308439981 144
1308440041 137
1308440101 137
1308440161 137
1308440221 140
1308440281 139
1308440341 141
1308440401 141
1308440461 144
1308440521 150
1308440581 152
1308440641 138
1308440701 138
1308440761 138
1308440821 140
1308440881 145
1308440941 141
1308441001 139
1308441061 145
1308441121 146
1308441181 144
1308441242 147
1308441301 147
1308441361 145
1308441421 149
1308441481 152
1308441541 152
1308441601 145
1308441661 147
1308441721 151
1308441781 149
1308441841 153
1308441901 153
1308441961 156
1308442021 158
1308442081 163
1308442141 162
1308442201 163
1308442261 168
1308442321 166
1308442381 170
1308442441 158
1308442501 165
1308442561 167
1308442621 167
1308442681 169
1308442741 171
1308442802 168
1308442861 173
1308442921 170
1308442981 169
1308443041 170
1308443101 174
1308443161 176
1308443221 177
1308443281 180
1308443341 182
1308443401 176
1308443461 171
1308443521 175
1308443581 170
1308443641 171
1308443701 172
1308443761 167
1308443821 174
1308443881 171
1308443941 173
1308444001 174
1308444061 172
1308444121 181
1308444181 178
1308444241 177
1308444302 176
1308444361 184
1308444421 189
1308444481 186
1308444541 189
1308444601 188
1308444661 192
1308444721 187
1308444781 183
1308444841 187
1308444901 188
1308444961 180
1308445021 180
1308445081 179
1308445141 180
1308445201 178
1308445261 180
1308445322 186
1308445382 184
1308445441 191
1308445501 185
1308445561 191
1308445621 193
1308445681 195
1308445741 197
1308445801 197
1308445861 199
1308445921 201
1308445981 198
1308446041 199
1308446101 191
1308446161 199
1308446221 203
1308446281 205
1308446341 204
1308446401 205
1308446461 205
1308446521 205
1308446581 195
1308446641 202
1308446701 201
1308446761 207
1308446821 202
1308446881 203
1308446941 204
1308447001 201
1308447061 207
1308447121 213
1308447181 207
1308447241 211
1308447301 218
1308447361 220
1308447421 223
1308447481 226
1308447541 226
1308447601 229
1308447661 232
1308447721 234
1308447781 231
1308447841 231
1308447901 235
1308447961 226
1308448021 226
1308448081 221
1308448141 224
1308448201 225
1308448261 229
1308448321 235
1308448381 232
1308448441 236
1308448501 238
1308448561 241
1308448621 240
1308448681 232
1308448741 239
1308448801 241
1308448861 245
1308448921 243
1308448981 241
1308449041 241
1308449101 241
1308449161 238
1308449221 249
1308449281 254
1308449341 250
1308449401 253
1308449461 256
1308449521 260
1308449581 256
1308449641 255
1308449701 254
1308449761 259
1308449821 257
1308449881 254
1308449941 256
1308450001 261
1308450061 265
1308450121 266
1308450181 270
1308450241 269
1308450301 272
1308450361 270
1308450421 281
1308450481 282
1308450541 287
1308450601 288
1308450661 281
1308450721 279
1308450781 275
1308450841 277
1308450901 274
1308450961 274
1308451021 285
1308451081 277
1308451141 280
1308451201 283
1308451261 280
1308451321 276
1308451381 281
1308451441 277
1308451501 279
1308451562 280
1308451621 283
1308451681 288
1308451741 283
1308451801 289
1308451861 296
1308451921 292
1308451981 299
1308452041 297
1308452101 298
1308452161 299
1308452221 298
1308452281 297
1308452341 297
1308452401 296
1308452461 299
1308452522 302
1308452581 304
1308452641 307
1308452701 306
1308452761 314
1308452821 314
1308452881 315
1308452941 320
1308453001 331
1308453061 327
1308453121 331
1308453181 331
1308453241 331
1308453301 332
1308453361 330
1308453421 336
1308453481 333
1308453541 329
1308453601 333
1308453661 330
1308453721 332
1308453781 335
1308453841 329
1308453901 341
1308453961 341
1308454021 341
1308454081 343
1308454141 338
1308454201 345
1308454261 342
1308454321 333
1308454381 343
1308454441 341
1308454501 351
1308454561 346
1308454621 353
1308454681 348
1308454741 344
1308454801 343
1308454861 345
1308454921 344
1308454981 352
1308455041 350
1308455101 353
1308455161 353
1308455221 361
1308455281 359
1308455341 358
1308455401 374
1308455461 375
1308455521 381
1308455581 386
1308455641 370
1308455701 374
1308455761 374
1308455821 376
1308455881 374
1308455941 374
1308456001 374
1308456061 370
1308456121 380
1308456181 379
1308456241 381
1308456301 390
1308456361 383
1308456421 397
1308456481 380
1308456541 388
1308456601 390
1308456661 379
1308456721 387
1308456781 379
1308456841 373
1308456901 382
1308456961 376
1308457021 387
1308457081 389
1308457141 403
1308457201 427
1308457261 423
1308457321 437
1308457381 428
1308457441 422
1308457501 426
1308457561 420
1308457621 409
1308457681 402
1308457741 384
1308457801 386
1308457861 380
1308457921 386
1308457981 373
1308458041 382
1308458101 388
1308458161 386
1308458221 400
1308458281 387
1308458341 391
1308458401 398
1308458461 398
1308458521 392
1308458581 393
1308458642 388
1308458701 390
1308458761 395
1308458821 408
1308458881 407
1308458941 419
1308459001 417
1308459061 418
1308459121 425
1308459181 407
1308459241 412
1308459301 404
1308459361 400
1308459421 406
1308459481 390
1308459541 396
1308459601 399
1308459661 399
1308459721 403
1308459781 391
1308459841 405
1308459901 399
1308459961 405
1308460021 419
1308460081 406
1308460141 404
1308460201 402
1308460261 398
1308460321 405
1308460381 395
1308460441 403
1308460501 402
1308460561 397
1308460621 409
1308460681 405
1308460741 408
1308460801 415
1308460861 404
1308460922 423
1308460981 416
1308461041 410
1308461101 418
1308461161 416
1308461221 422
1308461281 407
1308461341 411
1308461401 412
1308461462 404
1308461521 408
1308461581 412
1308461641 408
1308461701 420
1308461761 424
1308461821 426
1308461881 432
1308461941 426
1308462001 434
1308462061 437
1308462121 439
1308462181 435
1308462241 432
1308462301 436
1308462361 436
1308462421 429
1308462481 426
1308462541 428
1308462601 435
1308462661 426
1308462721 440
1308462781 429
1308462841 436
1308462901 439
1308462961 445
1308463021 463
1308463081 459
1308463141 454
1308463201 464
1308463261 462
1308463321 464
1308463381 450
1308463441 451
1308463501 455
1308463561 453
1308463621 460
1308463681 467
1308463741 464
1308463801 460
1308463861 466
1308463921 477
1308463981 460
1308464041 465
1308464101 470
1308464161 470
1308464221 480
1308464281 479
1308464341 485
1308464401 495
1308464461 489
1308464522 497
1308464581 490
1308464641 496
1308464701 504
1308464761 501
1308464821 502
1308464881 503
1308464941 497
1308465001 506
1308465061 493
1308465121 497
1308465181 500
1308465241 499
1308465301 503
1308465361 498
1308465421 506
1308465481 507
1308465541 504
1308465601 502
1308465661 502
1308465721 511
1308465781 508
1308465841 504
1308465901 508
1308465961 508
1308466021 511
1308466081 505
1308466141 503
1308466201 502
1308466261 502
1308466321 519
1308466381 520
1308466441 524
1308466501 525
1308466561 525
1308466621 530
1308466681 531
1308466741 518
1308466801 532
1308466861 509
1308466921 505
1308466981 510
1308467041 513
1308467102 524
1308467161 513
1308467221 525
1308467281 537
1308467341 540
1308467401 550
1308467461 541
1308467521 546
1308467581 544
1308467641 548
1308467701 548
1308467761 551
1308467821 552
1308467881 552
1308467941 551
1308468001 564
1308468061 555
1308468121 556
1308468181 553
1308468241 559
1308468301 550
1308468361 554
1308468421 558
1308468481 548
1308468541 550
1308468601 562
1308468661 565
1308468721 568
1308468781 576
1308468841 565
1308468901 580
1308468961 570
1308469021 568
1308469081 563
1308469141 562
1308469201 574
1308469261 559
1308469322 558
1308469381 560
1308469441 561
1308469501 579
1308469561 562
1308469621 576
1308469681 580
1308469741 588
1308469801 601
1308469861 593
1308469921 603
1308469981 607
1308470041 597
1308470101 613
1308470161 605
1308470221 609
1308470281 622
1308470341 624
1308470401 645
1308470461 642
1308470521 638
1308470581 653
1308470641 652
1308470701 662
1308470761 643
1308470821 648
1308470881 664
1308470941 659
1308471001 670
1308471061 665
1308471121 676
1308471181 681
1308471241 670
1308471302 683
1308471361 665
1308471422 670
1308471481 671
1308471541 674
1308471601 685
1308471661 671
1308471721 669
1308471781 670
1308471841 672
1308471901 682
1308471961 669
1308472021 666
1308472081 663
1308472141 676
1308472201 682
1308472261 677
1308472321 676
1308472381 675
1308472441 672
1308472501 687
1308472561 675
1308472621 670
1308472681 673
1308472741 663
1308472801 671
1308472861 670
1308472921 664
1308472982 665
1308473041 665
1308473101 682
1308473161 677
1308473221 696
1308473281 709
1308473341 702
1308473401 696
1308473461 685
1308473521 677
1308473581 680
1308473641 677
1308473701 676
1308473761 674
1308473821 679
1308473881 684
1308473941 687
1308474001 683
1308474061 678
1308474121 696
1308474181 696
1308474241 698
1308474301 686
1308474361 684
1308474421 683
1308474481 685
1308474541 693
1308474601 692
1308474661 692
1308474722 685
1308474781 685
1308474841 685
1308474901 691
1308474961 688
1308475021 683
1308475081 684
1308475141 678
1308475201 677
1308475261 671
1308475321 669
1308475381 659
1308475441 657
1308475501 663
1308475561 662
1308475621 655
1308475681 655
1308475741 650
1308475802 646
1308475861 656
1308475921 657
1308475981 659
1308476041 663
1308476101 671
1308476161 667
1308476221 668
1308476281 673
1308476341 671
1308476401 665
1308476461 661
1308476521 655
1308476581 648
1308476641 640
1308476701 642
1308476761 648
1308476821 652
1308476881 645
1308476941 631
1308477001 642
1308477061 631
1308477121 632
1308477181 630
1308477241 626
1308477301 630
1308477361 638
1308477421 628
1308477481 633
1308477541 615
1308477601 630
1308477661 636
1308477721 621
1308477781 622
1308477841 614
1308477901 620
1308477961 618
1308478021 609
1308478081 606
1308478141 594
1308478201 607
1308478261 609
1308478321 614
1308478381 620
1308478441 615
1308478501 626
1308478561 613
1308478621 627
1308478681 612
1308478741 604
1308478801 607
1308478861 605
1308478921 604
1308478981 602
1308479041 598
1308479101 610
1308479161 603
1308479221 609
1308479281 610
1308479341 610
1308479401 627
1308479461 618
1308479521 607
1308479581 615
1308479641 608
1308479701 623
1308479761 606
1308479821 627
1308479881 633
1308479941 614
1308480001 623
1308480061 620
1308480121 632
1308480181 629
1308480241 622
1308480301 624
1308480361 631
1308480421 620
1308480481 620
1308480541 609
1308480601 611
1308480661 599
1308480721 607
1308480781 602
1308480841 597
1308480901 608
1308480961 622
1308481021 626
1308481081 619
1308481141 620
1308481201 629
1308481261 624
1308481321 620
1308481381 626
1308481441 617
1308481502 625
1308481561 619
1308481621 619
1308481681 630
1308481741 628
1308481801 629
1308481861 621
1308481921 625
1308481981 625
1308482041 627
1308482101 634
1308482161 619
1308482221 635
1308482281 634
1308482341 622
1308482401 635
1308482461 622
1308482521 625
1308482581 617
1308482641 626
1308482702 627
1308482761 631
1308482821 636
1308482881 625
1308482941 618
1308483001 616
1308483061 614
1308483121 616
1308483181 624
1308483242 623
1308483301 622
1308483361 614
1308483421 619
1308483481 621
1308483541 606
1308483601 613
1308483661 604
1308483721 611
1308483781 619
1308483841 623
1308483901 626
1308483961 623
1308484021 621
1308484081 618
1308484141 621
1308484201 630
1308484261 618
1308484321 619
1308484381 624
1308484441 615
1308484501 617
1308484561 615
1308484621 610
1308484681 613
1308484741 611
1308484801 614
1308484861 612
1308484921 610
1308484981 621
1308485041 629
1308485101 633
1308485161 631
1308485221 636
1308485281 647
1308485341 646
1308485401 647
1308485461 644
1308485521 654
1308485581 666
1308485641 670
1308485701 654
1308485762 655
1308485821 660
1308485881 664
1308485941 662
1308486001 652
1308486061 650
1308486121 655
1308486181 662
1308486241 652
1308486301 651
1308486361 650
1308486421 649
1308486481 658
1308486541 658
1308486601 653
1308486661 654
1308486721 661
1308486781 662
1308486841 660
1308486901 657
1308486961 666
1308487021 679
1308487081 681
1308487141 679
1308487201 676
1308487261 671
1308487321 679
1308487381 688
1308487441 657
1308487501 653
1308487561 653
1308487621 658
1308487681 655
1308487741 654
1308487801 647
1308487861 659
1308487921 665
1308487981 664
1308488041 655
1308488101 656
1308488161 654
1308488221 681
1308488281 689
1308488341 687
1308488401 682
1308488462 677
1308488521 682
1308488581 683
1308488641 683
1308488701 674
1308488761 680
1308488821 677
1308488881 672
1308488941 677
1308489001 673
1308489062 673
1308489121 677
1308489182 668
1308489241 670
1308489301 670
1308489361 670
1308489421 684
1308489481 680
1308489541 690
1308489601 689
1308489661 688
1308489721 698
1308489781 692
1308489841 689
1308489901 685
1308489961 688
1308490021 710
1308490081 704
1308490141 708
1308490201 700
1308490261 705
1308490321 714
1308490381 713
1308490441 719
1308490501 708
1308490561 720
1308490621 725
1308490681 729
1308490741 731
1308490801 721
1308490861 726
1308490921 741
1308490981 731
1308491041 719
1308491101 715
1308491161 720
1308491221 719
1308491281 711
1308491341 719
1308491401 709
1308491461 708
1308491521 728
1308491581 715
1308491641 721
1308491701 715
1308491761 712
1308491821 715
1308491881 709
1308491941 715
1308492001 699
1308492061 704
1308492121 710
1308492181 710
1308492241 721
1308492301 712
1308492361 718
1308492421 721
1308492481 724
1308492541 733
1308492601 714
1308492661 725
1308492721 721
1308492781 725
1308492842 739
1308492901 721
1308492962 734
1308493021 744
1308493081 747
1308493141 765
1308493201 749
1308493261 762
1308493321 774
1308493381 760
1308493441 763
1308493501 758
1308493561 758
1308493621 764
1308493681 767
1308493742 783
1308493801 778
1308493861 782
1308493921 796
1308493981 799
1308494041 805
1308494101 792
1308494161 795
1308494221 795
1308494281 799
1308494341 808
1308494402 791
1308494461 802
1308494521 811
1308494581 797
1308494641 806
1308494701 791
1308494761 792
1308494821 785
1308494881 784
1308494941 797
1308495001 786
1308495061 787
1308495121 791
1308495181 804
1308495241 812
1308495301 795
1308495361 807
1308495421 810
1308495481 816
1308495541 830
1308495601 813
1308495661 828
1308495721 839
1308495781 818
1308495841 839
1308495902 820
1308495961 833
1308496021 830
1308496081 830
1308496141 830
1308496202 810
1308496261 818
1308496321 818
1308496381 818
1308496441 835
1308496501 826
1308496561 841
1308496621 835
1308496681 847
1308496741 850
1308496801 828
1308496861 836
1308496921 839
1308496981 826
1308497041 837
1308497101 827
1308497161 822
1308497221 827
1308497282 816
1308497341 840
1308497401 816
1308497461 824
1308497521 833
1308497581 828
1308497641 847
1308497701 834
1308497761 840
1308497821 842
1308497881 832
1308497941 850
1308498001 827
1308498061 847
1308498121 860
1308498181 846
1308498241 843
1308498301 821
1308498361 826
1308498421 826
1308498481 842
1308498541 845
1308498601 830
1308498661 834
1308498721 846
1308498781 832
1308498841 822
1308498901 815
1308498961 821
1308499021 818
1308499081 812
1308499141 822
1308499201 794
