1313424061 3
1313424121 3
1313424181 3
1313424241 3
1313424301 3
1313424361 3
1313424421 0
1313424481 0
1313424541 0
1313424601 0
1313424661 0
1313424721 0
1313424781 0
1313424841 0
1313424901 0
1313424961 0
1313425021 0
1313425081 0
1313425141 0
1313425201 0
1313425261 0
1313425321 0
1313425381 0
1313425442 0
1313425501 0
1313425561 0
1313425621 0
1313425681 0
1313425741 0
1313425801 0
1313425861 0
1313425921 0
1313425981 0
1313426041 0
1313426101 0
1313426161 0
1313426221 0
1313426281 0
1313426341 1
1313426401 1
1313426461 1
1313426521 1
1313426581 1
1313426641 1
1313426701 1
1313426761 1
1313426821 1
1313426881 1
1313426941 1
1313427001 1
1313427061 1
1313427121 1
1313427181 1
1313427241 1
1313427301 1
1313427361 1
1313427421 1
1313427481 1
1313427541 1
1313427601 1
1313427661 1
1313427721 1
1313427781 1
1313427841 1
1313427901 1
1313427961 1
1313428021 1
1313428081 1
1313428141 1
1313428201 1
1313428261 1
1313428321 1
1313428381 1
1313428441 1
1313428501 1
1313428561 0
1313428622 0
1313428681 0
1313428741 0
1313428801 0
1313428861 0
1313428921 0
1313428981 0
1313429041 0
1313429101 1
1313429161 1
1313429221 1
1313429281 1
1313429341 1
1313429401 1
1313429461 1
1313429521 0
1313429581 0
1313429641 1
1313429701 1
1313429761 1
1313429821 1
1313429881 1
1313429941 2
1313430001 2
1313430061 2
1313430121 2
1313430181 2
1313430241 2
1313430301 2
1313430361 2
1313430421 2
1313430481 2
1313430541 2
1313430601 2
1313430661 2
1313430721 2
1313430781 2
1313430841 2
1313430901 2
1313430961 2
1313431021 2
1313431081 2
1313431141 1
1313431201 2
1313431261 2
1313431321 2
1313431381 2
1313431441 2
1313431501 2
1313431561 2
1313431621 0
1313431681 1
1313431741 1
1313431801 1
1313431861 2
1313431921 2
1313431982 2
1313432041 2
1313432101 2
1313432161 2
1313432221 2
1313432281 2
1313432341 2
1313432401 2
1313432461 2
1313432521 2
1313432581 2
1313432641 2
1313432701 2
1313432761 2
1313432821 2
1313432881 2
1313432941 2
1313433001 2
1313433061 2
1313433121 2
1313433181 2
1313433241 2
1313433301 2
1313433361 2
1313433421 2
1313433481 2
1313433541 2
1313433601 2
1313433661 2
1313433721 2
1313433781 2
1313433841 2
1313433901 2
1313433961 2
1313434021 2
1313434081 2
1313434141 2
1313434201 2
1313434261 2
1313434321 2
1313434381 2
1313434441 2
1313434501 2
1313434561 2
1313434621 2
1313434681 2
1313434741 2
1313434801 2
1313434861 2
1313434922 2
1313434981 2
1313435041 2
1313435101 2
1313435161 2
1313435221 2
1313435281 2
1313435341 2
1313435401 2
1313435461 2
1313435521 2
1313435581 2
1313435641 2
1313435701 2
1313435761 2
1313435821 2
1313435881 2
1313435941 2
1313436001 2
1313436061 2
1313436121 2
1313436181 2
1313436241 2
1313436301 2
1313436361 2
1313436422 2
1313436481 2
1313436541 2
1313436601 2
1313436661 2
1313436721 2
1313436781 2
1313436841 2
1313436901 2
1313436961 2
1313437021 0
1313437081 0
1313437141 1
1313437201 1
1313437261 1
1313437321 1
1313437381 1
1313437441 1
1313437501 1
1313437561 1
1313437621 1
1313437681 1
1313437741 1
1313437801 1
1313437861 1
1313437921 1
1313437981 1
1313438041 1
1313438101 1
1313438161 1
1313438221 1
1313438281 1
1313438341 1
1313438401 1
1313438461 1
1313438521 1
1313438581 1
1313438641 1
1313438701 1
1313438761 1
1313438821 1
1313438881 1
1313438941 1
1313439001 1
1313439061 1
1313439122 1
1313439181 1
1313439242 1
1313439301 1
1313439361 1
1313439421 1
1313439481 1
1313439541 1
1313439601 1
1313439661 1
1313439722 1
1313439781 1
1313439841 1
1313439901 1
1313439961 1
1313440021 1
1313440081 1
1313440141 1
1313440201 1
1313440261 1
1313440321 1
1313440381 1
1313440441 1
1313440501 1
1313440561 1
1313440621 1
1313440681 1
1313440741 1
1313440801 1
1313440861 1
1313440921 1
1313440981 1
1313441041 1
1313441101 1
1313441161 1
1313441221 1
1313441281 1
1313441341 1
1313441401 1
1313441461 1
1313441521 1
1313441581 1
1313441641 1
1313441701 1
1313441761 1
1313441821 1
1313441881 1
1313441941 1
1313442001 1
1313442061 1
1313442121 1
1313442181 1
1313442241 1
1313442301 1
1313442361 1
1313442421 1
1313442481 1
1313442542 1
1313442602 1
1313442594 1
1313442601 1
1313442661 1
1313442721 1
1313442781 1
1313442841 1
1313442901 1
1313442961 1
1313443021 1
1313443081 1
1313443141 1
1313443201 1
1313443261 1
1313443321 1
1313443381 1
1313443441 1
1313443501 1
1313443561 1
1313443621 1
1313443681 1
1313443741 1
1313443801 1
1313443861 1
1313443921 1
1313443981 1
1313444041 1
1313444101 1
1313444161 1
1313444221 1
1313444281 1
1313444341 1
1313444401 1
1313444462 1
1313444521 1
1313444581 1
1313444641 1
1313444701 1
1313444761 1
1313444821 1
1313444881 1
1313444941 1
1313445001 1
1313445061 1
1313445121 1
1313445181 1
1313445241 1
1313445301 1
1313445361 1
1313445421 1
1313445481 1
1313445541 1
1313445601 1
1313445661 1
1313445721 1
1313445781 1
1313445841 1
1313445901 1
1313445961 1
1313446021 1
1313446081 1
1313446141 1
1313446201 1
1313446261 1
1313446321 1
1313446381 1
1313446441 1
1313446501 1
1313446561 1
1313446621 1
1313446681 1
1313446741 1
1313446801 1
1313446861 1
1313446922 1
1313446981 1
1313447041 1
1313447101 1
1313447161 1
1313447221 1
1313447281 1
1313447341 1
1313447401 1
1313447461 1
1313447521 1
1313447581 1
1313447641 1
1313447701 1
1313447761 1
1313447821 1
1313447881 1
1313447941 1
1313448001 1
1313448061 1
1313448121 1
1313448181 1
1313448241 1
1313448301 1
1313448361 1
1313448421 1
1313448481 1
1313448541 1
1313448601 1
1313448661 1
1313448721 1
1313448782 1
1313448841 1
1313448901 1
1313448961 1
1313449021 1
1313449081 1
1313449141 1
1313449201 1
1313449261 1
1313449321 1
1313449381 1
1313449441 1
1313449501 1
1313449561 1
1313449621 1
1313449681 1
1313449741 1
1313449801 1
1313449861 1
1313449921 1
1313449982 1
1313450041 1
1313450101 1
1313450161 1
1313450221 1
1313450281 1
1313450341 1
1313450401 1
1313450461 1
1313450521 1
1313450581 1
1313450641 1
1313450701 1
1313450761 1
1313450821 1
1313450881 1
1313450941 1
1313451001 1
1313451061 1
1313451121 1
1313451181 1
1313451241 1
1313451301 1
1313451361 1
1313451421 1
1313451481 1
1313451541 1
1313451601 1
1313451661 1
1313451721 1
1313451781 1
1313451841 1
1313451901 1
1313451961 1
1313452021 1
1313452081 1
1313452141 1
1313452201 1
1313452261 1
1313452321 1
1313452381 1
1313452441 1
1313452501 1
1313452561 1
1313452621 1
1313452681 1
1313452741 1
1313452801 1
1313452861 1
1313452921 1
1313452981 1
1313453041 1
1313453101 1
1313453161 1
1313453221 1
1313453281 1
1313453341 1
1313453401 1
1313453461 1
1313453521 1
1313453581 1
1313453641 1
1313453701 1
1313453761 1
1313453821 1
1313453881 1
1313453941 1
1313454001 1
1313454061 1
1313454121 1
1313454181 1
1313454241 1
1313454301 1
1313454361 1
1313454421 1
1313454481 1
1313454541 1
1313454602 1
1313454661 1
1313454721 1
1313454781 1
1313454841 1
1313454901 1
1313454961 1
1313455021 1
1313455081 1
1313455141 1
1313455201 1
1313455261 1
1313455321 1
1313455381 1
1313455441 1
1313455501 1
1313455561 1
1313455621 0
1313455681 0
1313455741 0
1313455801 0
1313455861 0
1313455921 0
1313455981 0
1313456041 0
1313456101 0
1313456161 0
1313456221 0
1313456281 0
1313456341 0
1313456401 0
1313456461 0
1313456521 0
1313456581 0
1313456641 0
1313456701 0
1313456761 0
1313456821 0
1313456881 0
1313456941 0
1313457001 0
1313457061 0
1313457121 0
1313457181 0
1313457241 1
1313457301 1
1313457361 1
1313457421 1
1313457481 1
1313457541 1
1313457601 1
1313457661 1
1313457721 1
1313457781 1
1313457841 0
1313457901 1
1313457961 1
1313458021 1
1313458081 1
1313458141 1
1313458201 1
1313458261 1
1313458321 1
1313458381 1
1313458441 1
1313458501 1
1313458561 1
1313458621 1
1313458681 1
1313458742 1
1313458801 1
1313458861 1
1313458921 1
1313458981 0
1313459041 1
1313459101 1
1313459161 1
1313459221 1
1313459281 1
1313459341 1
1313459401 1
1313459461 1
1313459521 1
1313459581 1
1313459641 1
1313459701 1
1313459761 1
1313459821 1
1313459881 1
1313459941 1
1313460001 0
1313460061 0
1313460121 0
1313460181 0
1313460241 0
1313460301 0
1313460361 0
1313460421 0
1313460481 0
1313460541 0
1313460601 0
1313460661 0
1313460721 0
1313460781 0
1313460841 0
1313460901 0
1313460961 0
1313461021 0
1313461081 0
1313461141 0
1313461201 0
1313461261 0
1313461321 0
1313461381 0
1313461441 0
1313461501 0
1313461562 1
1313461621 1
1313461681 1
1313461741 2
1313461801 2
1313461861 2
1313461921 2
1313461981 1
1313462041 1
1313462101 1
1313462161 1
1313462221 0
1313462281 0
1313462341 0
1313462401 0
1313462461 0
1313462521 0
1313462581 0
1313462641 0
1313462701 0
1313462761 0
1313462821 0
1313462881 0
1313462941 0
1313463001 1
1313463061 1
1313463121 2
1313463181 2
1313463241 2
1313463301 2
1313463361 2
1313463421 2
1313463481 2
1313463541 2
1313463601 1
1313463661 1
1313463721 1
1313463781 1
1313463841 1
1313463901 1
1313463961 1
1313464021 1
1313464081 1
1313464141 1
1313464201 1
1313464261 1
1313464322 1
1313464381 1
1313464441 1
1313464501 1
1313464561 1
1313464621 1
1313464681 0
1313464741 1
1313464801 1
1313464861 2
1313464921 2
1313464981 2
1313465041 2
1313465101 2
1313465161 2
1313465221 2
1313465281 2
1313465341 2
1313465401 2
1313465461 2
1313465521 2
1313465581 0
1313465641 0
1313465701 0
1313465761 0
1313465821 0
1313465881 0
1313465941 0
1313466001 0
1313466061 0
1313466121 0
1313466181 0
1313466241 0
1313466301 0
1313466361 0
1313466421 0
1313466481 0
1313466541 0
1313466601 0
1313466661 0
1313466721 0
1313466781 0
1313466841 0
1313466901 0
1313466961 0
1313467021 0
1313467081 0
1313467141 0
1313467201 0
1313467261 0
1313467321 0
1313467381 0
1313467441 0
1313467501 0
1313467561 0
1313467621 0
1313467681 0
1313467741 0
1313467801 0
1313467861 0
1313467921 0
1313467981 0
1313468041 0
1313468101 0
1313468161 0
1313468221 0
1313468281 0
1313468341 0
1313468401 0
1313468461 0
1313468521 0
1313468581 0
1313468641 0
1313468701 0
1313468761 0
1313468821 0
1313468881 0
1313468941 0
1313469001 0
1313469061 0
1313469121 0
1313469181 1
1313469241 1
1313469301 1
1313469361 1
1313469421 1
1313469481 1
1313469541 1
1313469601 1
1313469661 1
1313469721 1
1313469781 1
1313469841 1
1313469901 1
1313469961 1
1313470021 1
1313470081 1
1313470141 1
1313470201 1
1313470261 1
1313470321 1
1313470381 1
1313470441 1
1313470501 1
1313470561 1
1313470621 1
1313470681 1
1313470741 1
1313470801 1
1313470861 1
1313470921 1
1313470981 0
1313471041 0
1313471101 0
1313471161 0
1313471221 0
1313471281 0
1313471341 0
1313471401 0
1313471461 0
1313471521 0
1313471581 0
1313471641 0
1313471701 0
1313471761 0
1313471821 0
1313471881 0
1313471941 0
1313472001 0
1313472061 0
1313472121 0
1313472181 0
1313472241 0
1313472301 0
1313472361 0
1313472421 0
1313472481 0
1313472541 0
1313472601 0
1313472661 0
1313472721 0
1313472781 0
1313472841 0
1313472901 0
1313472961 0
1313473021 0
1313473081 0
1313473141 0
1313473201 0
1313473261 0
1313473321 0
1313473381 0
1313473441 0
1313473501 0
1313473561 0
1313473621 0
1313473681 0
1313473741 1
1313473801 1
1313473861 1
1313473921 1
1313473981 1
1313474041 1
1313474101 1
1313474161 1
1313474221 1
1313474281 1
1313474341 1
1313474401 1
1313474461 1
1313474521 1
1313474581 1
1313474641 1
1313474701 1
1313474761 1
1313474821 1
1313474881 1
1313474941 1
1313475001 1
1313475061 1
1313475121 1
1313475181 1
1313475241 1
1313475301 1
1313475361 1
1313475421 1
1313475481 1
1313475541 1
1313475601 1
1313475661 1
1313475722 1
1313475781 1
1313475841 1
1313475901 1
1313475961 1
1313476021 1
1313476081 1
1313476142 1
1313476201 1
1313476261 2
1313476321 2
1313476381 2
1313476441 2
1313476501 2
1313476561 2
1313476621 2
1313476681 2
1313476741 2
1313476801 2
1313476861 2
1313476921 2
1313476981 2
1313477041 2
1313477101 2
1313477161 2
1313477221 2
1313477281 2
1313477341 2
1313477401 2
1313477461 2
1313477521 2
1313477581 2
1313477641 2
1313477701 1
1313477761 1
1313477821 1
1313477881 1
1313477941 1
1313478001 1
1313478061 1
1313478121 1
1313478181 1
1313478241 1
1313478301 1
1313478361 2
1313478421 2
1313478482 2
1313478541 2
1313478601 2
1313478661 2
1313478721 2
1313478781 2
1313478841 2
1313478901 2
1313478962 2
1313479021 2
1313479081 2
1313479141 1
1313479201 1
1313479261 1
1313479321 1
1313479381 1
1313479441 1
1313479501 1
1313479561 1
1313479621 1
1313479681 1
1313479741 1
1313479801 1
1313479861 1
1313479921 1
1313479981 1
1313480041 1
1313480101 1
1313480161 1
1313480221 1
1313480281 1
1313480341 1
1313480401 1
1313480461 1
1313480521 1
1313480581 1
1313480641 1
1313480701 1
1313480761 1
1313480821 1
1313480881 1
1313480941 1
1313481001 1
1313481061 1
1313481121 2
1313481181 2
1313481241 2
1313481301 2
1313481361 2
1313481421 2
1313481481 2
1313481541 2
1313481601 2
1313481661 2
1313481721 2
1313481781 2
1313481841 2
1313481901 2
1313481961 1
1313482021 1
1313482081 1
1313482141 1
1313482201 1
1313482261 1
1313482321 1
1313482382 1
1313482441 1
1313482501 1
1313482561 1
1313482621 1
1313482681 1
1313482741 1
1313482801 1
1313482861 1
1313482921 1
1313482981 1
1313483041 1
1313483101 1
1313483161 1
1313483221 1
1313483281 1
1313483341 1
1313483401 1
1313483461 1
1313483521 1
1313483581 1
1313483641 1
1313483701 1
1313483761 1
1313483821 2
1313483881 2
1313483941 2
1313484001 2
1313484061 2
1313484121 3
1313484181 3
1313484241 3
1313484301 3
1313484361 3
1313484422 3
1313484481 3
1313484541 3
1313484601 1
1313484661 1
1313484721 1
1313484781 1
1313484841 1
1313484901 1
1313484961 1
1313485021 1
1313485081 1
1313485141 1
1313485201 2
1313485261 2
1313485321 2
1313485381 2
1313485441 2
1313485501 3
1313485561 3
1313485621 3
1313485681 3
1313485741 3
1313485801 3
1313485861 3
1313485921 3
1313485981 3
1313486041 3
1313486101 3
1313486161 3
1313486221 3
1313486281 3
1313486341 1
1313486401 1
1313486461 1
1313486521 1
1313486581 1
1313486641 1
1313486701 1
1313486761 1
1313486821 1
1313486881 1
1313486941 1
1313487001 1
1313487061 1
1313487121 1
1313487181 1
1313487241 1
1313487301 1
1313487361 1
1313487421 1
1313487481 1
1313487541 1
1313487601 1
1313487661 1
1313487721 1
1313487781 1
1313487841 1
1313487901 1
1313487961 1
1313488021 1
1313488081 1
1313488141 2
1313488201 2
1313488261 2
1313488321 2
1313488381 2
1313488441 3
1313488501 3
1313488561 3
1313488621 3
1313488681 3
1313488741 3
1313488801 3
1313488861 3
1313488921 3
1313488981 3
1313489041 3
1313489101 3
1313489161 3
1313489221 3
1313489281 3
1313489341 3
1313489401 3
1313489461 3
1313489521 3
1313489581 3
1313489641 3
1313489701 3
1313489761 3
1313489821 3
1313489881 3
1313489941 3
1313490001 3
1313490061 3
1313490121 3
1313490181 3
1313490241 3
1313490301 3
1313490361 3
1313490421 3
1313490481 2
1313490541 2
1313490601 2
1313490661 2
1313490721 2
1313490781 2
1313490841 2
1313490901 2
1313490961 2
1313491021 2
1313491081 2
1313491141 2
1313491201 2
1313491261 2
1313491321 2
1313491381 2
1313491441 2
1313491501 2
1313491561 1
1313491621 1
1313491681 1
1313491741 1
1313491801 1
1313491861 1
1313491921 1
1313491981 1
1313492041 1
1313492101 1
1313492162 1
1313492221 1
1313492281 1
1313492341 1
1313492401 1
1313492461 1
1313492521 1
1313492581 1
1313492641 1
1313492701 1
1313492761 1
1313492821 1
1313492881 1
1313492941 1
1313493001 1
1313493061 1
1313493121 1
1313493181 1
1313493241 1
1313493301 1
1313493361 1
1313493421 1
1313493481 1
1313493541 1
1313493601 1
1313493661 1
1313493721 1
1313493781 1
1313493841 1
1313493901 1
1313493962 1
1313494021 1
1313494081 1
1313494141 1
1313494201 1
1313494261 1
1313494321 1
1313494381 1
1313494441 1
1313494501 1
1313494561 1
1313494621 1
1313494681 2
1313494741 2
1313494801 2
1313494861 2
1313494921 2
1313494981 2
1313495041 2
1313495101 2
1313495161 2
1313495221 2
1313495281 2
1313495341 2
1313495401 2
1313495461 2
1313495521 2
1313495581 2
1313495641 2
1313495701 0
1313495761 0
1313495821 0
1313495881 0
1313495941 0
1313496001 0
1313496061 0
1313496121 0
1313496181 0
1313496241 0
1313496301 0
1313496361 0
1313496421 0
1313496481 0
1313496541 0
1313496601 0
1313496661 0
1313496721 0
1313496781 0
1313496841 0
1313496901 0
1313496961 0
1313497021 0
1313497081 0
1313497141 0
1313497201 0
1313497261 0
1313497321 0
1313497381 0
1313497441 0
1313497501 0
1313497561 0
1313497621 0
1313497681 0
1313497741 1
1313497801 1
1313497861 1
1313497921 1
1313497981 1
1313498041 1
1313498101 1
1313498161 1
1313498221 1
1313498281 1
1313498341 0
1313498401 0
1313498461 0
1313498521 0
1313498581 0
1313498641 0
1313498701 0
1313498761 0
1313498821 0
1313498881 0
1313498941 0
1313499001 0
1313499061 0
1313499121 0
1313499181 0
1313499241 0
1313499301 0
1313499361 0
1313499421 0
1313499481 0
1313499541 0
1313499601 1
1313499662 1
1313499721 1
1313499781 1
1313499841 1
1313499901 1
1313499961 1
1313500021 1
1313500081 1
1313500141 1
1313500201 1
1313500261 1
1313500321 1
1313500381 1
1313500441 1
1313500501 1
1313500561 1
1313500621 1
1313500681 1
1313500741 0
1313500801 0
1313500861 1
1313500921 1
1313500981 1
1313501041 1
1313501101 1
1313501161 1
1313501221 1
1313501281 2
1313501342 2
1313501401 2
1313501461 2
1313501521 2
1313501581 2
1313501641 2
1313501701 2
1313501761 2
1313501821 2
1313501881 0
1313501941 0
1313502001 0
1313502061 0
1313502121 0
1313502181 0
1313502241 0
1313502301 0
1313502361 0
1313502421 0
1313502481 1
1313502541 1
1313502601 1
1313502661 1
1313502721 1
1313502781 1
1313502841 1
1313502901 1
1313502961 1
1313503021 1
1313503081 1
1313503141 1
1313503201 1
1313503261 0
1313503321 0
1313503381 0
1313503441 0
1313503501 0
1313503561 0
1313503621 0
1313503681 0
1313503741 0
1313503801 0
1313503861 0
1313503921 1
1313503981 1
1313504041 1
1313504101 1
1313504161 1
1313504221 1
1313504281 2
1313504341 2
1313504401 3
1313504461 3
1313504521 3
1313504581 3
1313504641 3
1313504701 3
1313504761 3
1313504821 3
1313504881 3
1313504941 0
1313505001 1
1313505061 1
1313505121 1
1313505181 1
1313505241 1
1313505301 1
1313505361 1
1313505421 1
1313505481 1
1313505541 0
1313505601 0
1313505661 0
1313505721 0
1313505781 0
1313505841 0
1313505901 0
1313505961 0
1313506021 0
1313506081 1
1313506141 1
1313506201 1
1313506261 1
1313506321 1
1313506381 1
1313506441 1
1313506501 1
1313506561 1
1313506621 1
1313506681 1
1313506741 1
1313506801 1
1313506861 1
1313506921 1
1313506981 1
1313507041 1
1313507101 1
1313507161 1
1313507221 1
1313507281 1
1313507341 1
1313507401 1
1313507461 1
1313507521 1
1313507581 1
1313507641 1
1313507701 1
1313507761 1
1313507821 1
1313507881 1
1313507941 1
1313508001 1
1313508061 1
1313508121 1
1313508181 1
1313508241 1
1313508301 1
1313508361 1
1313508421 1
1313508481 1
1313508541 1
1313508601 1
1313508661 1
1313508721 1
1313508781 1
1313508841 1
1313508902 1
1313508961 1
1313509021 1
1313509081 0
1313509141 0
1313509201 0
1313509261 0
1313509321 0
1313509381 0
1313509441 0
1313509501 0
1313509561 0
1313509621 0
1313509681 0
1313509741 0
1313509801 0
1313509861 0
1313509921 0
1313509981 0
1313510041 0
1313510101 0
1313510161 0
1313510221 0
1313510281 0
1313510341 0
1313510401 1
