1309363261 182
1309363321 177
1309363381 189
1309363441 184
1309363501 185
1309363561 183
1309363621 179
1309363681 186
1309363741 181
1309363801 186
1309363861 186
1309363921 180
1309363981 180
1309364041 187
1309364101 183
1309364161 181
1309364221 175
1309364281 177
1309364341 171
1309364401 166
1309364461 175
1309364521 174
1309364581 184
1309364641 178
1309364701 176
1309364762 173
1309364821 170
1309364881 171
1309364941 174
1309365001 177
1309365061 180
1309365121 177
1309365181 169
1309365241 172
1309365301 172
1309365361 172
1309365421 172
1309365481 173
1309365541 168
1309365601 174
1309365661 170
1309365721 169
1309365781 167
1309365841 158
1309365901 161
1309365961 157
1309366021 160
1309366081 159
1309366141 157
1309366201 158
1309366261 164
1309366321 162
1309366382 159
1309366441 160
1309366501 166
1309366561 169
1309366621 170
1309366681 166
1309366741 164
1309366801 157
1309366861 160
1309366921 148
1309366981 150
1309367041 146
1309367101 144
1309367161 142
1309367221 144
1309367281 148
1309367341 149
1309367401 156
1309367461 153
1309367521 158
1309367581 158
1309367641 161
1309367701 155
1309367761 155
1309367821 159
1309367881 156
1309367941 158
1309368001 164
1309368061 162
1309368121 160
1309368181 161
1309368241 160
1309368301 156
1309368361 147
1309368421 146
1309368481 145
1309368541 141
1309368601 140
1309368661 137
1309368721 139
1309368781 142
1309368841 140
1309368901 141
1309368961 141
1309369021 139
1309369081 141
1309369141 140
1309369201 139
1309369261 135
1309369321 132
1309369381 137
1309369441 130
1309369501 134
1309369561 134
1309369621 138
1309369681 138
1309369741 137
1309369801 136
1309369861 132
1309369921 131
1309369981 133
1309370041 132
1309370101 126
1309370161 125
1309370221 125
1309370281 131
1309370341 125
1309370401 127
1309370461 127
1309370521 127
1309370581 133
1309370641 131
1309370701 137
1309370761 127
1309370821 123
1309370881 126
1309370941 124
1309371001 117
1309371062 113
1309371121 110
1309371182 111
1309371242 110
1309371301 115
1309371361 116
1309371421 115
1309371481 120
1309371541 118
1309371601 116
1309371661 116
1309371721 116
1309371781 105
1309371841 106
1309371901 108
1309371961 107
1309372021 107
1309372081 109
1309372141 109
1309372201 111
1309372261 113
1309372321 112
1309372381 111
1309372441 114
1309372501 115
1309372561 113
1309372621 112
1309372681 108
1309372741 108
1309372801 107
1309372861 102
1309372921 101
1309372981 105
1309373041 101
1309373101 103
1309373161 108
1309373221 107
1309373281 106
1309373341 104
1309373401 105
1309373461 108
1309373521 110
1309373581 105
1309373641 97
1309373701 97
1309373761 95
1309373821 90
1309373881 92
1309373941 89
1309374001 90
1309374061 89
1309374121 89
1309374181 90
1309374241 88
1309374301 86
1309374361 87
1309374421 89
1309374481 91
1309374541 84
1309374601 86
1309374661 84
1309374721 85
1309374781 85
1309374841 86
1309374901 88
1309374961 90
1309375022 88
1309375081 90
1309375141 92
1309375201 93
1309375262 94
1309375321 67
1309375382 64
1309375442 64
1309375501 65
1309375561 65
1309375621 62
1309375681 63
1309375741 62
1309375801 63
1309375861 60
1309375921 63
1309375981 64
1309376041 58
1309376101 57
1309376161 60
1309376221 62
1309376281 62
1309376341 59
1309376401 64
1309376461 65
1309376521 67
1309376581 68
1309376641 69
1309376701 63
1309376761 64
1309376821 63
1309376881 66
1309376941 67
1309377001 69
1309377061 70
1309377121 72
1309377181 63
1309377241 64
1309377301 64
1309377361 65
1309377421 63
1309377481 61
1309377541 61
1309377601 63
1309377661 62
1309377721 63
1309377781 65
1309377841 59
1309377901 61
1309377961 62
1309378021 64
1309378081 64
1309378141 65
1309378201 67
1309378261 60
1309378321 59
1309378381 60
1309378441 60
1309378501 61
1309378561 59
1309378621 60
1309378681 61
1309378741 62
1309378801 65
1309378862 66
1309378922 66
1309378981 51
1309379041 53
1309379101 55
1309379161 54
1309379221 54
1309379281 54
1309379341 55
1309379401 55
1309379461 57
1309379521 56
1309379581 55
1309379641 55
1309379701 58
1309379761 56
1309379821 55
1309379881 56
1309379941 58
1309380002 61
1309380061 62
1309380121 62
1309380181 52
1309380241 53
1309380301 51
1309380361 52
1309380421 53
1309380481 52
1309380541 53
1309380601 55
1309380661 55
1309380721 56
1309380781 57
1309380841 58
1309380901 58
1309380961 59
1309381021 59
1309381081 50
1309381141 50
1309381201 52
1309381261 51
1309381321 52
1309381381 53
1309381441 54
1309381501 57
1309381561 49
1309381621 50
1309381681 52
1309381741 52
1309381801 52
1309381861 53
1309381921 54
1309381981 51
1309382041 53
1309382101 56
1309382161 57
1309382221 58
1309382281 55
1309382341 54
1309382401 56
1309382461 56
1309382521 57
1309382581 58
1309382641 58
1309382701 56
1309382761 54
1309382821 55
1309382881 56
1309382941 54
1309383001 58
1309383061 55
1309383121 56
1309383181 56
1309383241 57
1309383301 59
1309383361 59
1309383421 50
1309383481 51
1309383542 48
1309383601 51
1309383661 52
1309383721 52
1309383781 53
1309383841 53
1309383901 51
1309383961 52
1309384021 53
1309384081 52
1309384141 53
1309384201 52
1309384261 53
1309384321 50
1309384381 51
1309384441 51
1309384501 54
1309384561 54
1309384621 55
1309384681 48
1309384741 46
1309384801 49
1309384861 49
1309384921 50
1309384981 51
1309385041 47
1309385101 50
1309385161 49
1309385221 48
1309385281 49
1309385342 49
1309385401 51
1309385461 51
1309385521 50
1309385581 51
1309385641 51
1309385701 53
1309385761 51
1309385821 52
1309385881 53
1309385941 48
1309386001 49
1309386061 51
1309386121 52
1309386181 51
1309386241 51
1309386301 52
1309386361 53
1309386421 54
1309386481 55
1309386541 55
1309386601 50
1309386661 52
1309386721 53
1309386781 53
1309386841 53
1309386901 55
1309386961 57
1309387021 58
1309387081 57
1309387141 57
1309387201 60
1309387261 58
1309387321 58
1309387381 54
1309387441 54
1309387501 57
1309387561 58
1309387621 58
1309387681 56
1309387741 56
1309387801 57
1309387861 58
1309387921 56
1309387981 58
1309388041 58
1309388101 61
1309388161 53
1309388221 56
1309388281 57
1309388341 51
1309388401 55
1309388461 55
1309388521 56
1309388581 57
1309388641 57
1309388701 58
1309388761 49
1309388821 48
1309388881 50
1309388941 51
1309389001 54
1309389061 53
1309389121 54
1309389181 55
1309389241 55
1309389301 54
1309389361 53
1309389421 53
1309389481 54
1309389541 51
1309389601 54
1309389661 56
1309389721 55
1309389781 56
1309389841 56
1309389901 52
1309389961 53
1309390021 56
1309390081 55
1309390141 56
1309390201 58
1309390261 56
1309390321 57
1309390381 57
1309390441 54
1309390501 58
1309390561 58
1309390621 61
1309390681 62
1309390741 62
1309390801 63
1309390861 61
1309390921 61
1309390981 59
1309391041 59
1309391101 61
1309391161 61
1309391221 58
1309391281 59
1309391341 57
1309391401 55
1309391461 56
1309391521 57
1309391582 58
1309391641 49
1309391701 54
1309391761 50
1309391821 51
1309391881 52
1309391941 50
1309392001 52
1309392061 51
1309392121 53
1309392181 53
1309392241 52
1309392301 57
1309392361 56
1309392421 54
1309392481 54
1309392541 55
1309392602 57
1309392661 58
1309392721 59
1309392781 56
1309392841 57
1309392901 65
1309392961 65
1309393021 66
1309393081 69
1309393141 70
1309393201 73
1309393261 70
1309393321 66
1309393381 70
1309393441 67
1309393501 68
1309393561 68
1309393621 68
1309393681 68
1309393741 71
1309393801 69
1309393861 70
1309393921 67
1309393981 69
1309394041 64
1309394101 66
1309394161 67
1309394221 68
1309394281 71
1309394341 67
1309394401 73
1309394461 76
1309394521 77
1309394581 72
1309394641 72
1309394701 73
1309394761 70
1309394821 70
1309394881 69
1309394941 70
1309395001 74
1309395061 76
1309395121 77
1309395181 78
1309395241 76
1309395301 73
1309395361 74
1309395421 71
1309395481 73
1309395541 74
1309395601 71
1309395661 70
1309395721 75
1309395781 81
1309395841 80
1309395901 86
1309395961 84
1309396021 84
1309396081 87
1309396141 77
1309396201 80
1309396261 78
1309396321 75
1309396381 75
1309396441 75
1309396501 77
1309396561 76
1309396621 80
1309396681 82
1309396741 85
1309396801 88
1309396861 91
1309396921 93
1309396981 94
1309397041 91
1309397101 95
1309397161 95
1309397221 94
1309397281 92
1309397341 91
1309397401 94
1309397461 89
1309397521 89
1309397581 86
1309397641 87
1309397701 90
1309397761 86
1309397821 86
1309397881 84
1309397941 83
1309398001 87
1309398061 83
1309398121 86
1309398181 87
1309398241 85
1309398301 82
1309398361 79
1309398421 80
1309398481 82
1309398541 83
1309398601 85
1309398661 85
1309398722 86
1309398781 87
1309398841 85
1309398901 87
1309398961 90
1309399021 91
1309399081 87
1309399141 86
1309399201 92
1309399261 97
1309399321 97
1309399381 92
1309399441 92
1309399501 93
1309399561 94
1309399621 95
1309399681 89
1309399742 93
1309399801 99
1309399861 94
1309399921 94
1309399981 99
1309400041 103
1309400101 101
1309400161 104
1309400221 107
1309400281 109
1309400341 112
1309400401 116
1309400461 112
1309400521 119
1309400581 113
1309400641 113
1309400701 114
1309400761 116
1309400821 122
1309400881 118
1309400941 114
1309401001 116
1309401061 122
1309401121 121
1309401181 123
1309401241 121
1309401301 130
1309401361 124
1309401421 124
1309401481 114
1309401541 110
1309401601 113
1309401661 117
1309401721 117
1309401781 114
1309401841 115
1309401901 122
1309401961 117
1309402021 122
1309402081 118
1309402141 117
1309402201 124
1309402261 121
1309402322 121
1309402381 123
1309402441 123
1309402501 127
1309402561 141
1309402621 136
1309402681 132
1309402741 134
1309402801 136
1309402861 145
1309402921 141
1309402981 139
1309403041 144
1309403101 139
1309403161 140
1309403221 140
1309403281 141
1309403341 130
1309403401 131
1309403461 123
1309403521 133
1309403581 133
1309403641 129
1309403701 141
1309403761 143
1309403821 145
1309403881 142
1309403941 144
1309404001 144
1309404061 142
1309404121 136
1309404181 126
1309404241 130
1309404301 136
1309404361 138
1309404421 131
1309404481 129
1309404541 127
1309404601 132
1309404661 126
1309404721 131
1309404781 128
1309404841 136
1309404901 141
1309404961 145
1309405021 145
1309405081 141
1309405141 142
1309405201 147
1309405261 148
1309405321 155
1309405381 151
1309405441 149
1309405501 149
1309405561 150
1309405621 149
1309405681 141
1309405741 141
1309405801 141
1309405861 147
1309405921 148
1309405981 146
1309406041 156
1309406101 161
1309406161 154
1309406221 151
1309406281 146
1309406341 146
1309406401 142
1309406461 136
1309406521 133
1309406581 137
1309406641 133
1309406702 136
1309406761 134
1309406822 143
1309406881 138
1309406941 139
1309407001 137
1309407061 135
1309407121 141
1309407181 138
1309407241 134
1309407301 137
1309407361 140
1309407421 143
1309407481 141
1309407541 146
1309407601 141
1309407661 142
1309407721 141
1309407781 133
1309407841 134
1309407901 132
1309407961 129
1309408021 136
1309408081 129
1309408141 127
1309408201 127
1309408261 125
1309408321 123
1309408381 124
1309408441 129
1309408501 136
1309408561 132
1309408621 136
1309408681 137
1309408741 135
1309408801 132
1309408861 133
1309408921 137
1309408981 136
1309409041 138
1309409101 136
1309409161 138
1309409221 144
1309409281 135
1309409342 145
1309409401 148
1309409461 142
1309409521 140
1309409581 137
1309409641 136
1309409701 139
1309409761 135
1309409821 135
1309409881 126
1309409941 131
1309410001 136
1309410061 137
1309410121 142
1309410181 148
1309410241 152
1309410301 146
1309410361 144
1309410421 149
1309410481 153
1309410541 155
1309410601 150
1309410661 154
1309410721 154
1309410781 150
1309410841 156
1309410901 153
1309410961 151
1309411021 160
1309411081 157
1309411141 156
1309411201 152
1309411261 153
1309411321 153
1309411381 148
1309411441 151
1309411501 148
1309411561 145
1309411621 151
1309411681 154
1309411741 153
1309411801 154
1309411861 154
1309411921 164
1309411981 161
1309412041 159
1309412101 162
1309412161 157
1309412221 158
1309412281 150
1309412341 147
1309412401 148
1309412461 151
1309412521 154
1309412581 154
1309412641 151
1309412701 156
1309412761 153
1309412822 160
1309412881 161
1309412941 154
1309413001 159
1309413061 155
1309413121 164
1309413181 160
1309413241 161
1309413301 151
1309413361 154
1309413421 157
1309413481 154
1309413541 151
1309413601 148
1309413661 149
1309413721 151
1309413781 148
1309413841 149
1309413901 151
1309413961 158
1309414021 161
1309414081 158
1309414141 152
1309414201 148
1309414261 161
1309414321 167
1309414381 155
1309414441 159
1309414501 162
1309414561 166
1309414621 159
1309414681 154
1309414741 152
1309414801 154
1309414861 155
1309414921 158
1309414981 153
1309415041 154
1309415101 155
1309415161 158
1309415221 155
1309415281 154
1309415341 148
1309415401 145
1309415461 148
1309415521 151
1309415581 144
1309415641 142
1309415701 140
1309415761 139
1309415821 144
1309415881 134
1309415941 140
1309416001 138
1309416061 141
1309416121 142
1309416181 148
1309416241 154
1309416301 156
1309416361 154
1309416421 153
1309416481 160
1309416541 155
1309416601 150
1309416661 146
1309416721 148
1309416781 147
1309416841 146
1309416901 150
1309416961 143
1309417021 150
1309417081 148
1309417141 154
1309417201 153
1309417262 158
1309417321 158
1309417381 156
1309417441 154
1309417501 155
1309417561 152
1309417622 152
1309417681 147
1309417741 150
1309417801 144
1309417861 146
1309417921 145
1309417981 148
1309418041 146
1309418101 147
1309418161 148
1309418221 149
1309418281 142
1309418341 146
1309418401 142
1309418461 139
1309418521 144
1309418581 145
1309418641 146
1309418701 146
1309418761 141
1309418821 144
1309418881 142
1309418941 142
1309419001 141
1309419061 140
1309419121 144
1309419181 138
1309419241 141
1309419301 141
1309419361 139
1309419421 139
1309419481 138
1309419541 141
1309419601 138
1309419661 143
1309419721 143
1309419781 148
1309419841 153
1309419901 150
1309419961 150
1309420021 153
1309420081 149
1309420141 149
1309420201 147
1309420261 141
1309420321 146
1309420381 141
1309420441 144
1309420501 144
1309420561 144
1309420621 146
1309420681 145
1309420741 146
1309420801 142
1309420861 139
1309420921 144
1309420981 146
1309421041 149
1309421101 151
1309421161 154
1309421221 153
1309421281 148
1309421341 152
1309421401 150
1309421461 145
1309421521 145
1309421581 150
1309421641 153
1309421702 153
1309421761 152
1309421821 150
1309421881 152
1309421941 149
1309422001 145
1309422061 142
1309422121 142
1309422181 144
1309422241 146
1309422301 144
1309422361 150
1309422421 151
1309422481 155
1309422541 157
1309422601 151
1309422661 149
1309422721 150
1309422781 151
1309422841 159
1309422901 161
1309422961 156
1309423021 153
1309423081 152
1309423141 150
1309423201 153
1309423261 149
1309423321 155
1309423381 157
1309423441 157
1309423501 152
1309423561 156
1309423621 155
1309423681 152
1309423742 157
1309423801 154
1309423861 155
1309423921 159
1309423981 153
1309424041 150
1309424101 150
1309424161 156
1309424221 154
1309424281 150
1309424341 150
1309424401 155
1309424461 157
1309424521 155
1309424581 154
1309424641 155
1309424701 156
1309424761 159
1309424821 169
1309424881 161
1309424941 157
1309425001 158
1309425061 154
1309425121 158
1309425181 155
1309425241 155
1309425301 157
1309425361 160
1309425421 154
1309425481 154
1309425541 154
1309425601 147
1309425662 150
1309425721 149
1309425781 150
1309425841 146
1309425901 148
1309425961 149
1309426021 147
1309426082 142
1309426141 139
1309426201 136
1309426261 134
1309426321 127
1309426381 129
1309426441 126
1309426501 124
1309426561 129
1309426621 129
1309426681 137
1309426741 133
1309426801 133
1309426861 133
1309426921 131
1309426981 134
1309427041 134
1309427101 134
1309427161 137
1309427221 138
1309427281 143
1309427341 142
1309427401 136
1309427461 136
1309427521 133
1309427581 130
1309427641 130
1309427701 126
1309427761 128
1309427821 129
1309427881 126
1309427941 131
1309428001 130
1309428061 136
1309428121 133
1309428181 141
1309428241 143
1309428301 142
1309428361 142
1309428421 146
1309428481 141
1309428541 144
1309428601 137
1309428661 139
1309428721 138
1309428781 140
1309428841 139
1309428902 134
1309428961 140
1309429021 131
1309429081 132
1309429141 128
1309429201 123
1309429261 127
1309429321 119
1309429381 126
1309429441 115
1309429501 118
1309429561 116
1309429621 114
1309429681 116
1309429741 123
1309429801 130
1309429861 131
1309429921 132
1309429981 137
1309430041 133
1309430101 133
1309430161 133
1309430221 124
1309430281 127
1309430341 124
1309430401 119
1309430461 118
1309430521 120
1309430581 123
1309430641 120
1309430701 121
1309430761 116
1309430821 116
1309430881 120
1309430941 118
1309431001 114
1309431061 117
1309431121 117
1309431181 122
1309431241 119
1309431301 113
1309431361 118
1309431421 117
1309431481 122
1309431541 129
1309431601 128
1309431661 139
1309431721 142
1309431781 147
1309431841 144
1309431901 144
1309431961 146
1309432021 143
1309432081 135
1309432141 132
1309432201 128
1309432261 127
1309432321 126
1309432381 124
1309432441 123
1309432501 128
1309432561 131
1309432621 127
1309432681 127
1309432741 126
1309432801 123
1309432861 127
1309432921 124
1309432981 128
1309433041 127
1309433102 120
1309433161 124
1309433221 122
1309433282 123
1309433341 126
1309433401 125
1309433461 120
1309433521 122
1309433581 128
1309433641 129
1309433701 129
1309433761 118
1309433821 116
1309433881 118
1309433941 118
1309434001 117
1309434061 113
1309434121 115
1309434181 117
1309434241 123
1309434301 115
1309434361 116
1309434421 118
1309434481 120
1309434541 115
1309434601 115
1309434661 123
1309434721 121
1309434781 128
1309434841 117
1309434901 122
1309434961 126
1309435021 118
1309435081 121
1309435141 118
1309435201 122
1309435261 124
1309435321 121
1309435381 118
1309435441 116
1309435501 118
1309435561 121
1309435621 116
1309435681 122
1309435741 120
1309435801 118
1309435861 127
1309435921 129
1309435981 132
1309436041 126
1309436101 128
1309436161 129
1309436221 128
1309436281 134
1309436341 131
1309436401 130
1309436461 134
1309436521 134
1309436582 135
1309436641 124
1309436701 121
1309436761 118
1309436821 117
1309436881 119
1309436941 120
1309437001 110
1309437061 112
1309437121 107
1309437181 116
1309437241 114
1309437301 110
1309437361 112
1309437421 117
1309437481 113
1309437541 117
1309437601 116
1309437661 119
1309437721 117
1309437781 125
1309437841 125
1309437901 126
1309437961 121
1309438021 120
1309438081 117
1309438142 117
1309438201 117
1309438261 117
1309438321 118
1309438381 122
1309438441 118
1309438501 116
1309438561 115
1309438621 115
1309438681 118
1309438741 116
1309438801 112
1309438861 115
1309438921 120
1309438981 117
1309439042 118
1309439101 122
1309439161 123
1309439221 128
1309439281 127
1309439341 129
1309439401 126
1309439461 120
1309439521 122
1309439581 128
1309439641 123
1309439701 120
1309439761 115
1309439821 120
1309439881 121
1309439941 114
1309440001 117
1309440061 120
1309440121 121
1309440181 122
1309440241 117
1309440301 122
1309440361 114
1309440421 117
1309440481 119
1309440541 122
1309440601 127
1309440661 122
1309440721 125
1309440781 125
1309440841 124
1309440901 123
1309440961 120
1309441021 123
1309441081 122
1309441141 118
1309441201 119
1309441261 124
1309441321 127
1309441381 131
1309441441 125
1309441501 131
1309441561 126
1309441621 125
1309441681 118
1309441741 119
1309441801 115
1309441861 116
1309441921 116
1309441981 120
1309442041 114
1309442101 114
1309442161 114
1309442221 115
1309442281 115
1309442341 111
1309442401 117
1309442461 119
1309442521 120
1309442581 117
1309442641 121
1309442701 127
1309442761 124
1309442821 123
1309442881 123
1309442942 125
1309443001 124
1309443061 125
1309443122 120
1309443181 125
1309443241 123
1309443301 123
1309443362 130
1309443421 135
1309443481 138
1309443541 139
1309443601 126
1309443661 124
1309443721 124
1309443781 120
1309443841 123
1309443902 130
1309443961 127
1309444021 130
1309444081 133
1309444141 132
1309444201 128
1309444261 125
1309444321 125
1309444381 125
1309444441 123
1309444501 126
1309444561 125
1309444621 125
1309444681 128
1309444741 126
1309444801 126
1309444861 130
1309444921 132
1309444981 133
1309445041 135
1309445101 138
1309445161 140
1309445221 147
1309445281 145
1309445341 146
1309445401 142
1309445461 149
1309445521 146
1309445581 145
1309445641 144
1309445701 150
1309445761 152
1309445822 155
1309445881 153
1309445941 149
1309446001 150
1309446061 150
1309446121 152
1309446181 146
1309446241 148
1309446301 146
1309446361 138
1309446421 135
1309446482 134
1309446541 136
1309446601 137
1309446661 127
1309446721 132
1309446781 139
1309446841 132
1309446901 135
1309446961 134
1309447021 138
1309447081 140
1309447141 144
1309447201 143
1309447261 144
1309447321 145
1309447381 142
1309447441 150
1309447501 144
1309447561 145
1309447621 143
1309447681 144
1309447741 146
1309447801 137
1309447861 144
1309447921 142
1309447981 140
1309448041 141
1309448101 131
1309448161 129
1309448221 136
1309448281 137
1309448341 130
1309448401 133
1309448461 123
1309448521 129
1309448581 126
1309448641 129
1309448701 126
1309448761 126
1309448821 135
1309448881 136
1309448941 131
1309449001 137
1309449061 138
1309449121 139
1309449181 136
1309449241 130
1309449301 130
1309449361 129
1309449421 123
1309449481 125
1309449541 123
1309449601 125
