1311264061 1
1311264121 1
1311264181 1
1311264241 1
1311264301 1
1311264361 1
1311264421 1
1311264481 1
1311264541 1
1311264601 1
1311264661 1
1311264721 1
1311264781 0
1311264841 0
1311264901 0
1311264961 0
1311265021 0
1311265081 0
1311265141 0
1311265201 0
1311265261 0
1311265321 0
1311265381 0
1311265441 0
1311265501 0
1311265561 0
1311265621 0
1311265681 0
1311265741 0
1311265801 0
1311265861 0
1311265921 0
1311265981 0
1311266041 0
1311266101 0
1311266161 0
1311266221 0
1311266281 0
1311266341 0
1311266401 0
1311266461 0
1311266521 0
1311266581 0
1311266641 0
1311266701 0
1311266761 0
1311266821 0
1311266881 0
1311266941 0
1311267001 0
1311267061 1
1311267121 1
1311267181 1
1311267241 1
1311267301 1
1311267361 1
1311267421 1
1311267481 1
1311267541 1
1311267601 1
1311267661 1
1311267721 1
1311267781 1
1311267841 1
1311267901 1
1311267961 1
1311268021 1
1311268081 1
1311268141 1
1311268201 1
1311268261 1
1311268321 1
1311268381 1
1311268441 1
1311268501 1
1311268561 1
1311268621 1
1311268681 1
1311268741 1
1311268801 1
1311268861 1
1311268921 1
1311268981 1
1311269041 1
1311269101 1
1311269161 1
1311269221 1
1311269281 1
1311269341 1
1311269401 1
1311269461 1
1311269521 1
1311269581 1
1311269641 1
1311269701 1
1311269761 1
1311269821 1
1311269881 1
1311269941 1
1311270001 1
1311270061 1
1311270121 1
1311270181 1
1311270241 1
1311270301 1
1311270361 0
1311270421 0
1311270481 0
1311270541 0
1311270601 0
1311270661 0
1311270721 0
1311270781 0
1311270841 0
1311270901 0
1311270961 0
1311271021 0
1311271081 0
1311271141 0
1311271201 0
1311271261 0
1311271321 0
1311271381 0
1311271441 0
1311271501 0
1311271561 0
1311271621 0
1311271681 0
1311271741 0
1311271801 0
1311271861 0
1311271921 0
1311271981 0
1311272041 0
1311272101 0
1311272161 0
1311272221 0
1311272281 0
1311272341 0
1311272401 0
1311272461 0
1311272521 0
1311272581 0
1311272642 0
1311272701 0
1311272761 0
1311272822 0
1311272881 0
1311272941 0
1311273001 0
1311273061 0
1311273121 0
1311273181 0
1311273241 0
1311273301 0
1311273361 0
1311273421 0
1311273481 0
1311273541 0
1311273601 0
1311273661 0
1311273721 0
1311273781 0
1311273841 0
1311273901 0
1311273961 0
1311274021 0
1311274081 0
1311274141 0
1311274201 0
1311274261 0
1311274321 0
1311274381 0
1311274441 0
1311274501 0
1311274561 0
1311274621 0
1311274681 0
1311274741 0
1311274801 0
1311274861 0
1311274921 0
1311274981 0
1311275041 0
1311275101 0
1311275161 0
1311275221 0
1311275281 0
1311275341 0
1311275401 0
1311275461 0
1311275521 0
1311275581 0
1311275641 0
1311275701 0
1311275761 0
1311275821 3
1311275881 4
1311275941 4
1311276001 5
1311276061 6
1311276121 6
1311276181 8
1311276242 8
1311276301 8
1311276361 8
1311276421 8
1311276481 8
1311276541 6
1311276601 6
1311276661 6
1311276721 7
1311276781 8
1311276841 8
1311276901 8
1311276961 8
1311277021 8
1311277081 8
1311277141 8
1311277201 8
1311277261 8
1311277321 8
1311277381 8
1311277441 8
1311277501 8
1311277561 8
1311277621 8
1311277681 8
1311277741 8
1311277801 8
1311277861 8
1311277921 8
1311277981 8
1311278041 8
1311278101 8
1311278161 8
1311278221 8
1311278281 1
1311278341 2
1311278401 2
1311278461 2
1311278521 2
1311278581 2
1311278641 2
1311278701 2
1311278761 2
1311278821 2
1311278881 2
1311278941 2
1311279001 2
1311279061 2
1311279121 2
1311279181 2
1311279241 2
1311279301 2
1311279362 2
1311279421 2
1311279481 2
1311279541 2
1311279601 2
1311279661 2
1311279721 2
1311279781 2
1311279841 2
1311279901 2
1311279961 2
1311280021 2
1311280081 2
1311280141 2
1311280201 2
1311280261 2
1311280321 2
1311280381 2
1311280441 2
1311280501 2
1311280561 2
1311280621 2
1311280681 2
1311280741 2
1311280801 2
1311280862 2
1311280921 2
1311280981 2
1311281041 2
1311281101 2
1311281161 2
1311281221 2
1311281281 2
1311281341 2
1311281401 2
1311281461 2
1311281521 2
1311281581 2
1311281641 2
1311281701 2
1311281761 2
1311281821 2
1311281881 2
1311281941 2
1311282001 2
1311282061 2
1311282121 2
1311282181 2
1311282241 2
1311282301 2
1311282361 2
1311282421 2
1311282481 2
1311282541 2
1311282601 2
1311282594 2
1311282602 2
1311282661 2
1311282721 0
1311282781 0
1311282841 0
1311282901 0
1311282961 0
1311283021 0
1311283081 0
1311283141 0
1311283201 0
1311283261 0
1311283321 0
1311283381 0
1311283441 0
1311283501 0
1311283561 0
1311283621 0
1311283681 0
1311283741 0
1311283801 1
1311283861 1
1311283921 1
1311283981 1
1311284041 1
1311284101 1
1311284161 1
1311284221 1
1311284281 1
1311284341 1
1311284401 1
1311284461 1
1311284521 1
1311284581 1
1311284641 1
1311284701 1
1311284761 1
1311284821 1
1311284881 1
1311284941 1
1311285001 1
1311285061 1
1311285121 1
1311285181 1
1311285241 1
1311285302 1
1311285361 1
1311285421 1
1311285481 1
1311285541 1
1311285601 1
1311285661 1
1311285721 1
1311285781 1
1311285841 1
1311285901 1
1311285961 1
1311286021 1
1311286081 1
1311286142 1
1311286201 1
1311286261 1
1311286321 1
1311286381 1
1311286441 1
1311286501 1
1311286561 1
1311286621 1
1311286681 1
1311286741 1
1311286801 1
1311286861 1
1311286921 1
1311286981 1
1311287041 1
1311287101 1
1311287161 1
1311287221 1
1311287281 1
1311287341 1
1311287401 1
1311287461 1
1311287521 1
1311287581 1
1311287641 1
1311287701 1
1311287761 1
1311287821 1
1311287881 1
1311287941 1
1311288001 1
1311288061 1
1311288121 1
1311288181 1
1311288241 1
1311288301 1
1311288361 1
1311288421 1
1311288481 1
1311288541 1
1311288601 1
1311288661 1
1311288721 1
1311288781 1
1311288841 1
1311288901 1
1311288961 1
1311289021 1
1311289081 1
1311289141 1
1311289201 1
1311289261 1
1311289321 1
1311289381 1
1311289441 1
1311289501 1
1311289561 1
1311289621 1
1311289681 1
1311289741 1
1311289801 1
1311289861 1
1311289921 1
1311289981 0
1311290041 0
1311290101 0
1311290161 1
1311290221 1
1311290281 1
1311290341 1
1311290401 1
1311290461 1
1311290521 1
1311290581 1
1311290641 1
1311290701 1
1311290761 1
1311290821 1
1311290881 0
1311290941 0
1311291001 0
1311291061 0
1311291121 0
1311291181 0
1311291241 0
1311291301 0
1311291361 0
1311291421 0
1311291481 0
1311291541 0
1311291601 0
1311291661 0
1311291721 0
1311291781 0
1311291841 0
1311291901 0
1311291961 0
1311292021 0
1311292081 0
1311292141 0
1311292201 0
1311292261 0
1311292321 0
1311292381 0
1311292441 0
1311292501 0
1311292561 0
1311292621 0
1311292681 0
1311292741 0
1311292801 0
1311292861 0
1311292921 1
1311292982 1
1311293041 1
1311293101 1
1311293161 1
1311293221 1
1311293281 1
1311293341 1
1311293401 1
1311293461 1
1311293521 1
1311293581 1
1311293641 1
1311293701 1
1311293761 1
1311293821 1
1311293881 1
1311293941 1
1311294001 1
1311294061 1
1311294121 1
1311294181 1
1311294241 1
1311294301 1
1311294361 1
1311294421 1
1311294481 1
1311294541 1
1311294601 1
1311294661 1
1311294721 1
1311294781 1
1311294841 1
1311294901 1
1311294961 1
1311295021 1
1311295081 1
1311295141 1
1311295201 1
1311295261 1
1311295321 1
1311295381 1
1311295441 1
1311295501 2
1311295561 2
1311295621 2
1311295681 2
1311295741 2
1311295801 2
1311295861 2
1311295921 2
1311295981 2
1311296041 2
1311296101 2
1311296161 2
1311296221 2
1311296281 2
1311296341 2
1311296401 2
1311296461 2
1311296521 2
1311296582 3
1311296641 3
1311296701 3
1311296761 3
1311296821 3
1311296881 3
1311296941 3
1311297001 3
1311297061 3
1311297121 3
1311297181 3
1311297241 3
1311297301 3
1311297361 3
1311297421 3
1311297481 3
1311297541 3
1311297601 3
1311297661 3
1311297721 3
1311297781 3
1311297841 3
1311297901 3
1311297961 3
1311298021 3
1311298081 3
1311298141 3
1311298201 3
1311298261 3
1311298321 3
1311298381 2
1311298441 2
1311298501 2
1311298561 2
1311298621 3
1311298681 3
1311298741 3
1311298801 3
1311298861 3
1311298921 3
1311298981 3
1311299041 3
1311299101 3
1311299161 3
1311299221 3
1311299281 3
1311299341 2
1311299401 2
1311299461 2
1311299521 2
1311299581 2
1311299641 2
1311299701 2
1311299761 2
1311299821 2
1311299881 2
1311299941 2
1311300001 2
1311300061 2
1311300121 2
1311300181 2
1311300241 2
1311300301 2
1311300361 2
1311300421 2
1311300481 2
1311300541 2
1311300601 2
1311300661 2
1311300721 2
1311300781 2
1311300841 2
1311300901 2
1311300961 2
1311301021 2
1311301081 2
1311301141 2
1311301201 2
1311301261 2
1311301321 2
1311301381 2
1311301441 2
1311301501 2
1311301561 2
1311301621 2
1311301681 2
1311301741 3
1311301801 3
1311301861 3
1311301921 3
1311301981 3
1311302041 3
1311302101 3
1311302161 3
1311302221 3
1311302281 3
1311302341 3
1311302401 3
1311302461 3
1311302521 3
1311302581 3
1311302641 3
1311302701 3
1311302761 3
1311302821 3
1311302881 3
1311302941 3
1311303001 3
1311303061 3
1311303121 3
1311303181 3
1311303241 3
1311303301 3
1311303361 3
1311303421 3
1311303481 3
1311303541 3
1311303602 3
1311303661 3
1311303721 3
1311303781 3
1311303841 3
1311303901 3
1311303961 3
1311304021 3
1311304081 3
1311304141 3
1311304201 3
1311304261 3
1311304321 3
1311304381 3
1311304441 3
1311304501 3
1311304561 3
1311304621 3
1311304682 3
1311304741 3
1311304801 3
1311304861 3
1311304921 3
1311304981 3
1311305041 3
1311305101 3
1311305161 3
1311305221 3
1311305281 3
1311305341 3
1311305401 3
1311305461 3
1311305521 3
1311305581 3
1311305641 3
1311305701 3
1311305761 3
1311305821 3
1311305881 3
1311305941 3
1311306001 3
1311306062 3
1311306121 4
1311306181 4
1311306241 4
1311306301 5
1311306361 5
1311306421 5
1311306481 5
1311306541 5
1311306601 6
1311306661 6
1311306721 6
1311306781 6
1311306841 6
1311306901 6
1311306961 6
1311307021 6
1311307081 6
1311307141 6
1311307201 6
1311307261 6
1311307321 6
1311307381 6
1311307441 6
1311307501 6
1311307561 6
1311307621 6
1311307681 6
1311307741 6
1311307801 7
1311307862 7
1311307921 7
1311307981 7
1311308041 7
1311308101 7
1311308161 7
1311308221 7
1311308281 7
1311308342 7
1311308401 7
1311308461 4
1311308521 4
1311308581 4
1311308641 4
1311308701 4
1311308761 4
1311308821 4
1311308881 4
1311308941 4
1311309001 4
1311309061 4
1311309121 4
1311309181 4
1311309241 4
1311309301 4
1311309361 4
1311309421 4
1311309481 4
1311309541 4
1311309601 4
1311309661 4
1311309721 4
1311309781 4
1311309841 2
1311309901 2
1311309961 2
1311310021 2
1311310081 2
1311310141 2
1311310201 2
1311310261 2
1311310321 2
1311310381 2
1311310441 2
1311310501 2
1311310561 2
1311310621 2
1311310681 2
1311310741 2
1311310801 2
1311310861 2
1311310921 3
1311310981 3
1311311041 3
1311311101 3
1311311161 3
1311311221 4
1311311281 4
1311311341 4
1311311401 3
1311311461 3
1311311521 3
1311311581 3
1311311641 3
1311311701 3
1311311761 3
1311311821 3
1311311881 3
1311311941 3
1311312001 3
1311312061 3
1311312121 3
1311312181 3
1311312241 3
1311312301 3
1311312361 3
1311312421 3
1311312481 3
1311312541 3
1311312601 3
1311312661 3
1311312721 3
1311312781 3
1311312841 3
1311312901 3
1311312961 1
1311313021 2
1311313081 2
1311313141 2
1311313201 3
1311313261 4
1311313321 4
1311313381 4
1311313441 4
1311313501 4
1311313561 4
1311313621 4
1311313681 4
1311313741 4
1311313801 4
1311313861 4
1311313921 4
1311313981 4
1311314042 4
1311314101 4
1311314161 4
1311314221 4
1311314281 4
1311314341 4
1311314401 4
1311314461 4
1311314521 4
1311314581 4
1311314641 4
1311314701 4
1311314761 4
1311314821 4
1311314881 4
1311314941 4
1311315001 4
1311315061 4
1311315121 4
1311315181 4
1311315241 4
1311315302 4
1311315361 4
1311315421 4
1311315481 4
1311315541 1
1311315601 2
1311315661 2
1311315721 2
1311315781 2
1311315841 2
1311315901 2
1311315961 2
1311316021 2
1311316081 2
1311316141 2
1311316201 2
1311316262 2
1311316321 1
1311316381 1
1311316441 1
1311316501 1
1311316561 1
1311316621 1
1311316681 1
1311316741 1
1311316801 1
1311316861 1
1311316921 1
1311316981 1
1311317041 1
1311317101 1
1311317161 1
1311317221 1
1311317281 1
1311317341 1
1311317401 1
1311317461 1
1311317521 1
1311317581 0
1311317641 0
1311317701 1
1311317761 2
1311317821 2
1311317881 2
1311317941 2
1311318001 2
1311318061 2
1311318121 2
1311318181 2
1311318241 2
1311318301 0
1311318361 0
1311318421 0
1311318481 0
1311318541 1
1311318601 1
1311318661 1
1311318721 1
1311318781 1
1311318841 1
1311318901 2
1311318961 2
1311319021 2
1311319081 2
1311319141 2
1311319202 2
1311319261 2
1311319321 1
1311319381 2
1311319441 2
1311319501 2
1311319561 2
1311319621 2
1311319681 2
1311319741 2
1311319801 2
1311319861 2
1311319921 2
1311319981 1
1311320041 1
1311320101 2
1311320161 2
1311320221 2
1311320281 3
1311320341 3
1311320401 3
1311320461 2
1311320521 2
1311320581 2
1311320641 1
1311320701 1
1311320761 2
1311320821 4
1311320881 4
1311320941 4
1311321001 4
1311321061 4
1311321121 4
1311321181 4
1311321241 4
1311321301 4
1311321361 4
1311321421 4
1311321481 4
1311321541 4
1311321601 4
1311321661 4
1311321721 4
1311321781 4
1311321841 4
1311321901 4
1311321961 4
1311322021 4
1311322082 4
1311322141 4
1311322201 1
1311322261 1
1311322321 1
1311322381 1
1311322441 1
1311322501 2
1311322561 2
1311322621 2
1311322681 2
1311322741 2
1311322801 2
1311322861 2
1311322921 2
1311322981 2
1311323041 2
1311323101 2
1311323161 2
1311323221 2
1311323281 2
1311323341 2
1311323401 2
1311323461 0
1311323521 0
1311323581 1
1311323641 1
1311323701 1
1311323761 1
1311323821 1
1311323881 1
1311323941 2
1311324001 2
1311324061 2
1311324121 2
1311324181 2
1311324241 2
1311324301 2
1311324361 2
1311324421 2
1311324481 2
1311324541 2
1311324601 2
1311324661 2
1311324721 2
1311324782 2
1311324841 2
1311324901 2
1311324961 2
1311325021 2
1311325081 2
1311325141 2
1311325201 2
1311325261 2
1311325321 2
1311325381 2
1311325441 2
1311325501 2
1311325561 2
1311325621 2
1311325681 2
1311325741 2
1311325801 2
1311325861 2
1311325921 2
1311325981 2
1311326041 2
1311326101 2
1311326162 1
1311326222 1
1311326281 1
1311326341 1
1311326401 1
1311326461 1
1311326521 1
1311326581 1
1311326641 1
1311326701 1
1311326761 1
1311326821 1
1311326881 1
1311326941 1
1311327001 1
1311327061 1
1311327121 1
1311327181 1
1311327241 1
1311327301 1
1311327361 1
1311327421 1
1311327481 1
1311327541 1
1311327601 1
1311327661 1
1311327721 1
1311327781 1
1311327841 1
1311327901 1
1311327961 2
1311328021 2
1311328081 2
1311328142 2
1311328201 2
1311328261 2
1311328321 2
1311328381 2
1311328441 2
1311328501 2
1311328561 2
1311328621 2
1311328681 2
1311328741 2
1311328801 2
1311328861 2
1311328921 2
1311328981 2
1311329041 2
1311329101 2
1311329161 2
1311329221 2
1311329281 2
1311329341 2
1311329401 2
1311329461 2
1311329521 2
1311329581 1
1311329641 1
1311329701 1
1311329761 1
1311329821 1
1311329881 1
1311329941 1
1311330001 1
1311330061 1
1311330121 1
1311330181 1
1311330241 1
1311330301 1
1311330361 1
1311330421 1
1311330481 1
1311330541 2
1311330601 2
1311330661 2
1311330721 2
1311330781 2
1311330841 2
1311330901 2
1311330961 2
1311331021 2
1311331081 2
1311331141 2
1311331201 2
1311331261 2
1311331321 2
1311331381 2
1311331441 2
1311331501 2
1311331561 2
1311331621 2
1311331681 2
1311331741 2
1311331801 2
1311331861 1
1311331921 1
1311331981 1
1311332041 1
1311332101 1
1311332161 1
1311332221 1
1311332281 1
1311332341 1
1311332401 1
1311332461 1
1311332521 1
1311332581 1
1311332641 1
1311332701 1
1311332761 1
1311332821 1
1311332881 1
1311332941 1
1311333001 1
1311333061 1
1311333121 1
1311333181 1
1311333241 1
1311333301 1
1311333361 1
1311333422 1
1311333481 1
1311333541 1
1311333601 1
1311333661 1
1311333721 1
1311333781 1
1311333841 1
1311333901 1
1311333961 1
1311334021 1
1311334081 1
1311334141 1
1311334201 2
1311334261 2
1311334321 2
1311334381 2
1311334441 2
1311334501 2
1311334561 1
1311334621 1
1311334681 1
1311334741 1
1311334801 1
1311334861 1
1311334921 1
1311334981 1
1311335041 1
1311335101 1
1311335161 1
1311335221 1
1311335281 1
1311335341 1
1311335401 1
1311335461 1
1311335521 1
1311335581 1
1311335641 1
1311335701 1
1311335762 1
1311335821 1
1311335881 1
1311335941 1
1311336001 1
1311336061 1
1311336121 1
1311336181 1
1311336241 1
1311336301 1
1311336361 1
1311336421 2
1311336481 2
1311336541 2
1311336601 2
1311336661 3
1311336721 3
1311336781 3
1311336841 3
1311336901 3
1311336961 3
1311337021 3
1311337081 3
1311337141 3
1311337201 3
1311337261 3
1311337321 3
1311337381 3
1311337441 3
1311337501 3
1311337561 3
1311337621 3
1311337681 3
1311337741 3
1311337801 3
1311337861 3
1311337921 3
1311337981 3
1311338041 3
1311338101 3
1311338161 3
1311338221 3
1311338281 3
1311338341 3
1311338401 3
1311338461 3
1311338521 3
1311338581 3
1311338641 1
1311338701 2
1311338761 2
1311338821 2
1311338881 2
1311338941 2
1311339001 2
1311339061 2
1311339121 2
1311339181 2
1311339241 2
1311339301 2
1311339361 2
1311339421 2
1311339481 2
1311339541 2
1311339602 2
1311339661 2
1311339721 3
1311339781 3
1311339841 3
1311339901 3
1311339961 3
1311340021 3
1311340081 3
1311340141 3
1311340201 3
1311340262 3
1311340321 3
1311340381 3
1311340441 3
1311340501 3
1311340561 3
1311340621 3
1311340681 3
1311340741 3
1311340801 3
1311340861 3
1311340921 3
1311340981 3
1311341041 3
1311341101 3
1311341161 3
1311341221 3
1311341281 3
1311341341 3
1311341401 3
1311341461 3
1311341521 3
1311341581 3
1311341641 3
1311341701 3
1311341761 3
1311341821 3
1311341881 1
1311341941 1
1311342001 1
1311342061 1
1311342121 1
1311342181 1
1311342241 1
1311342301 1
1311342361 1
1311342421 1
1311342481 1
1311342541 1
1311342601 1
1311342661 1
1311342721 1
1311342781 1
1311342841 1
1311342901 1
1311342961 1
1311343022 1
1311343081 2
1311343141 2
1311343201 2
1311343261 2
1311343321 2
1311343381 2
1311343441 2
1311343501 2
1311343561 2
1311343621 2
1311343681 2
1311343741 2
1311343801 2
1311343861 1
1311343921 1
1311343981 1
1311344041 2
1311344101 4
1311344161 4
1311344221 4
1311344281 4
1311344341 4
1311344401 4
1311344461 4
1311344521 4
1311344581 4
1311344641 1
1311344701 1
1311344761 1
1311344821 1
1311344881 1
1311344941 2
1311345001 2
1311345061 2
1311345121 2
1311345181 2
1311345241 2
1311345301 2
1311345362 2
1311345421 2
1311345481 2
1311345541 2
1311345601 2
1311345661 2
1311345721 2
1311345781 2
1311345841 2
1311345901 2
1311345961 2
1311346021 2
1311346081 2
1311346141 2
1311346201 2
1311346261 2
1311346321 2
1311346381 2
1311346441 2
1311346501 2
1311346561 0
1311346621 0
1311346681 0
1311346741 0
1311346801 0
1311346861 0
1311346921 0
1311346981 0
1311347041 0
1311347101 0
1311347161 0
1311347221 0
1311347281 0
1311347341 0
1311347401 0
1311347461 0
1311347521 0
1311347581 0
1311347641 0
1311347701 0
1311347761 0
1311347821 0
1311347881 0
1311347941 0
1311348001 0
1311348061 0
1311348121 0
1311348181 0
1311348241 0
1311348301 0
1311348361 0
1311348421 0
1311348481 0
1311348541 0
1311348601 0
1311348661 0
1311348721 0
1311348781 0
1311348841 0
1311348901 0
1311348961 0
1311349021 0
1311349082 0
1311349141 0
1311349201 0
1311349261 1
1311349321 1
1311349381 1
1311349441 1
1311349501 1
1311349561 1
1311349621 1
1311349681 1
1311349741 1
1311349801 1
1311349861 1
1311349921 1
1311349981 1
1311350041 1
1311350101 1
1311350161 1
1311350221 1
1311350281 1
1311350341 1
1311350401 1
