1316275261 72
1316275321 68
1316275381 68
1316275441 69
1316275501 72
1316275561 65
1316275621 68
1316275681 68
1316275741 71
1316275801 72
1316275861 69
1316275921 68
1316275981 71
1316276041 67
1316276101 69
1316276161 69
1316276222 70
1316276281 70
1316276341 71
1316276401 69
1316276461 65
1316276521 62
1316276581 66
1316276641 66
1316276701 70
1316276761 63
1316276821 68
1316276881 69
1316276941 66
1316277001 64
1316277061 65
1316277121 60
1316277181 67
1316277241 68
1316277301 65
1316277361 63
1316277421 63
1316277481 63
1316277541 60
1316277602 61
1316277661 60
1316277721 59
1316277781 62
1316277841 61
1316277901 64
1316277961 62
1316278021 63
1316278081 55
1316278141 58
1316278201 57
1316278261 57
1316278321 53
1316278381 54
1316278441 59
1316278501 58
1316278561 58
1316278621 50
1316278681 50
1316278741 52
1316278801 55
1316278861 49
1316278922 47
1316278982 47
1316279041 49
1316279101 51
1316279161 51
1316279221 47
1316279281 46
1316279341 49
1316279401 48
1316279461 49
1316279521 47
1316279581 49
1316279641 50
1316279701 53
1316279761 46
1316279821 47
1316279881 45
1316279941 46
1316280001 50
1316280061 50
1316280121 52
1316280181 43
1316280241 46
1316280301 48
1316280361 48
1316280421 47
1316280481 46
1316280541 48
1316280601 46
1316280661 46
1316280721 45
1316280781 45
1316280841 43
1316280901 47
1316280961 47
1316281021 45
1316281081 45
1316281141 46
1316281201 44
1316281261 44
1316281321 43
1316281381 43
1316281441 43
1316281501 47
1316281561 46
1316281621 46
1316281681 46
1316281741 44
1316281801 48
1316281861 46
1316281921 44
1316281981 45
1316282041 46
1316282101 46
1316282161 48
1316282221 44
1316282281 47
1316282341 48
1316282401 49
1316282461 48
1316282521 50
1316282581 51
1316282641 52
1316282701 54
1316282761 54
1316282821 56
1316282881 56
1316282941 57
1316283001 36
1316283061 34
1316283121 36
1316283181 36
1316283241 34
1316283301 36
1316283361 36
1316283421 34
1316283481 34
1316283541 35
1316283601 37
1316283664 37
1316283721 39
1316283781 39
1316283841 40
1316283901 42
1316283961 32
1316284021 34
1316284081 35
1316284141 36
1316284201 38
1316284261 38
1316284321 39
1316284381 39
1316284441 40
1316284501 41
1316284561 41
1316284621 34
1316284681 34
1316284741 35
1316284801 33
1316284861 30
1316284921 31
1316284981 31
1316285041 31
1316285101 32
1316285161 32
1316285221 33
1316285281 33
1316285341 34
1316285401 37
1316285461 29
1316285521 29
1316285581 30
1316285641 30
1316285701 32
1316285761 31
1316285821 29
1316285881 29
1316285941 26
1316286001 28
1316286061 27
1316286121 28
1316286181 28
1316286241 28
1316286301 26
1316286361 27
1316286421 28
1316286481 29
1316286541 29
1316286601 31
1316286661 32
1316286721 32
1316286781 33
1316286841 33
1316286901 33
1316286961 34
1316287021 34
1316287081 35
1316287141 35
1316287201 36
1316287261 37
1316287321 37
1316287381 21
1316287441 21
1316287501 23
1316287561 24
1316287621 24
1316287681 24
1316287741 24
1316287801 24
1316287861 25
1316287921 25
1316287981 26
1316288041 26
1316288101 26
1316288161 27
1316288221 27
1316288281 28
1316288341 28
1316288401 29
1316288461 30
1316288521 30
1316288581 31
1316288641 31
1316288701 14
1316288761 16
1316288821 16
1316288881 17
1316288941 17
1316289001 18
1316289061 19
1316289121 19
1316289181 18
1316289241 18
1316289301 18
1316289361 18
1316289421 18
1316289481 18
1316289541 18
1316289601 18
1316289661 18
1316289722 18
1316289781 18
1316289842 18
1316289901 19
1316289961 19
1316290021 19
1316290081 20
1316290141 20
1316290201 21
1316290261 22
1316290321 22
1316290381 23
1316290441 23
1316290501 24
1316290561 24
1316290621 24
1316290681 24
1316290741 24
1316290801 25
1316290861 25
1316290921 25
1316290981 26
1316291041 26
1316291101 16
1316291161 17
1316291221 17
1316291281 18
1316291341 18
1316291401 19
1316291461 19
1316291521 19
1316291581 20
1316291641 16
1316291701 17
1316291761 18
1316291821 18
1316291881 18
1316291941 18
1316292001 19
1316292061 20
1316292121 20
1316292181 19
1316292241 20
1316292301 21
1316292361 23
1316292421 23
1316292481 23
1316292541 21
1316292601 22
1316292661 24
1316292721 24
1316292781 24
1316292841 24
1316292901 25
1316292961 26
1316293021 26
1316293081 26
1316293141 26
1316293202 26
1316293261 28
1316293321 28
1316293381 28
1316293441 28
1316293501 16
1316293561 18
1316293621 18
1316293681 18
1316293741 18
1316293801 18
1316293794 18
1316293801 18
1316293861 19
1316293921 17
1316293981 17
1316294041 17
1316294101 17
1316294161 19
1316294221 19
1316294281 19
1316294341 19
1316294401 20
1316294461 21
1316294521 16
1316294581 16
1316294641 16
1316294701 17
1316294762 18
1316294821 18
1316294881 18
1316294941 18
1316295001 18
1316295061 19
1316295121 19
1316295181 19
1316295241 19
1316295301 20
1316295361 21
1316295421 21
1316295481 22
1316295541 22
1316295601 23
1316295661 24
1316295721 24
1316295781 24
1316295841 24
1316295901 24
1316295961 25
1316296021 25
1316296081 25
1316296141 25
1316296201 26
1316296261 26
1316296321 26
1316296381 26
1316296441 26
1316296501 26
1316296561 26
1316296621 26
1316296681 26
1316296741 26
1316296801 26
1316296861 26
1316296921 15
1316296981 15
1316297041 15
1316297101 16
1316297161 17
1316297221 17
1316297281 17
1316297341 15
1316297401 15
1316297461 16
1316297521 16
1316297582 16
1316297641 16
1316297701 17
1316297761 16
1316297821 17
1316297881 17
1316297941 17
1316298001 18
1316298061 18
1316298122 18
1316298181 18
1316298241 18
1316298302 19
1316298361 20
1316298421 21
1316298481 21
1316298541 21
1316298601 22
1316298661 23
1316298721 23
1316298782 24
1316298841 15
1316298901 16
1316298961 17
1316299021 17
1316299081 18
1316299141 18
1316299201 19
1316299261 20
1316299321 20
1316299381 16
1316299441 16
1316299501 17
1316299561 19
1316299621 19
1316299681 19
1316299741 19
1316299801 19
1316299861 20
1316299921 20
1316299981 20
1316300041 20
1316300101 21
1316300161 23
1316300221 23
1316300281 23
1316300341 23
1316300401 24
1316300461 25
1316300521 25
1316300581 26
1316300641 26
1316300701 16
1316300761 17
1316300821 16
1316300881 17
1316300941 17
1316301001 18
1316301061 19
1316301121 19
1316301181 20
1316301241 20
1316301301 21
1316301361 18
1316301421 18
1316301481 19
1316301541 19
1316301601 20
1316301661 19
1316301721 20
1316301781 20
1316301841 20
1316301901 21
1316301961 18
1316302021 18
1316302081 17
1316302141 17
1316302201 18
1316302261 19
1316302321 18
1316302381 18
1316302441 18
1316302501 19
1316302561 20
1316302621 20
1316302681 21
1316302741 19
1316302801 20
1316302861 21
1316302921 21
1316302981 22
1316303041 18
1316303101 19
1316303161 20
1316303221 20
1316303281 21
1316303341 21
1316303401 22
1316303461 23
1316303521 17
1316303582 18
1316303641 17
1316303701 19
1316303761 20
1316303821 20
1316303881 20
1316303941 18
1316304001 19
1316304061 20
1316304121 20
1316304181 21
1316304241 21
1316304301 22
1316304361 23
1316304421 24
1316304481 24
1316304541 24
1316304601 25
1316304661 25
1316304721 25
1316304781 18
1316304841 18
1316304901 18
1316304961 19
1316305021 21
1316305081 22
1316305141 22
1316305201 23
1316305261 22
1316305321 22
1316305381 23
1316305441 23
1316305501 24
1316305561 25
1316305621 25
1316305681 18
1316305741 18
1316305801 19
1316305861 20
1316305921 20
1316305981 19
1316306041 19
1316306101 19
1316306161 19
1316306221 19
1316306281 20
1316306341 20
1316306401 20
1316306461 21
1316306521 21
1316306581 22
1316306641 22
1316306701 21
1316306761 22
1316306821 22
1316306881 23
1316306941 23
1316307001 20
1316307061 24
1316307121 22
1316307181 25
1316307241 25
1316307301 27
1316307361 28
1316307421 28
1316307482 28
1316307541 28
1316307601 29
1316307661 28
1316307721 27
1316307781 27
1316307841 27
1316307901 27
1316307961 28
1316308021 23
1316308081 27
1316308141 28
1316308201 29
1316308261 26
1316308321 27
1316308382 28
1316308441 28
1316308501 31
1316308561 32
1316308621 32
1316308681 35
1316308741 34
1316308801 37
1316308861 37
1316308921 37
1316308981 35
1316309041 37
1316309101 38
1316309161 39
1316309221 40
1316309281 40
1316309341 39
1316309401 42
1316309461 45
1316309521 43
1316309581 45
1316309641 44
1316309702 46
1316309762 45
1316309821 45
1316309881 46
1316309941 41
1316310001 45
1316310061 47
1316310121 49
1316310181 51
1316310241 52
1316310301 53
1316310361 55
1316310421 53
1316310481 54
1316310541 49
1316310601 47
1316310661 46
1316310721 45
1316310781 48
1316310841 48
1316310901 47
1316310961 50
1316311021 50
1316311081 50
1316311141 53
1316311201 54
1316311261 55
1316311321 56
1316311381 57
1316311441 57
1316311501 54
1316311561 51
1316311621 50
1316311681 52
1316311741 51
1316311801 53
1316311861 53
1316311921 57
1316311981 61
1316312041 62
1316312101 62
1316312161 63
1316312221 64
1316312281 65
1316312341 69
1316312401 76
1316312461 77
1316312521 73
1316312581 78
1316312641 75
1316312701 76
1316312761 77
1316312821 74
1316312881 75
1316312941 76
1316313001 77
1316313061 74
1316313121 78
1316313181 75
1316313241 75
1316313301 76
1316313361 77
1316313421 74
1316313481 74
1316313541 73
1316313601 74
1316313661 72
1316313721 71
1316313781 72
1316313841 73
1316313901 75
1316313961 77
1316314021 77
1316314081 78
1316314141 78
1316314201 80
1316314261 81
1316314321 82
1316314381 81
1316314441 80
1316314501 84
1316314561 82
1316314621 83
1316314681 80
1316314741 81
1316314801 84
1316314861 83
1316314921 82
1316314981 83
1316315041 82
1316315101 82
1316315161 80
1316315222 83
1316315281 83
1316315341 82
1316315401 83
1316315461 77
1316315521 78
1316315581 79
1316315642 74
1316315701 72
1316315761 70
1316315821 73
1316315881 74
1316315941 68
1316316001 68
1316316061 68
1316316121 71
1316316181 75
1316316241 77
1316316301 78
1316316361 81
1316316421 81
1316316481 82
1316316541 81
1316316601 78
1316316661 78
1316316721 75
1316316781 76
1316316841 75
1316316901 71
1316316961 72
1316317021 73
1316317081 72
1316317141 73
1316317201 72
1316317261 69
1316317321 72
1316317381 71
1316317441 73
1316317501 72
1316317561 72
1316317621 73
1316317681 77
1316317742 75
1316317801 79
1316317861 76
1316317921 74
1316317981 76
1316318041 74
1316318101 74
1316318161 73
1316318221 73
1316318281 70
1316318341 68
1316318401 64
1316318461 63
1316318521 60
1316318581 60
1316318641 61
1316318701 61
1316318761 57
1316318821 60
1316318881 60
1316318941 60
1316319001 58
1316319061 58
1316319121 56
1316319182 57
1316319241 57
1316319301 58
1316319361 58
1316319421 57
1316319481 50
1316319541 48
1316319601 53
1316319661 53
1316319721 52
1316319781 54
1316319841 59
1316319901 65
1316319961 61
1316320021 61
1316320081 61
1316320141 57
1316320201 64
1316320261 54
1316320321 55
1316320381 52
1316320441 52
1316320501 55
1316320561 53
1316320621 51
1316320681 49
1316320741 54
1316320801 59
1316320861 59
1316320921 57
1316320981 57
1316321041 57
1316321102 58
1316321161 53
1316321221 57
1316321281 59
1316321341 58
1316321401 59
1316321461 60
1316321521 58
1316321581 58
1316321641 58
1316321701 58
1316321761 52
1316321821 51
1316321881 53
1316321941 55
1316322001 56
1316322061 57
1316322121 59
1316322182 58
1316322241 53
1316322302 57
1316322361 51
1316322421 52
1316322481 48
1316322541 53
1316322601 57
1316322661 60
1316322721 56
1316322781 57
1316322841 63
1316322901 62
1316322961 62
1316323021 57
1316323081 57
1316323141 57
1316323201 58
1316323261 58
1316323321 60
1316323381 59
1316323441 60
1316323501 61
1316323561 59
1316323621 65
1316323681 68
1316323741 69
1316323801 72
1316323861 72
1316323921 66
1316323981 67
1316324041 62
1316324101 63
1316324161 65
1316324221 58
1316324281 59
1316324341 59
1316324401 55
1316324461 56
1316324521 54
1316324581 59
1316324641 61
1316324702 62
1316324761 62
1316324821 66
1316324882 65
1316324941 68
1316325001 69
1316325061 64
1316325121 66
1316325181 65
1316325241 66
1316325301 69
1316325361 63
1316325421 64
1316325481 64
1316325541 67
1316325601 71
1316325661 68
1316325721 70
1316325781 69
1316325841 70
1316325901 70
1316325961 70
1316326021 70
1316326081 67
1316326141 68
1316326202 70
1316326261 68
1316326321 68
1316326381 72
1316326441 74
1316326501 71
1316326561 72
1316326621 70
1316326681 74
1316326741 75
1316326801 79
1316326861 79
1316326921 78
1316326981 79
1316327041 78
1316327101 80
1316327161 78
1316327221 77
1316327281 78
1316327341 75
1316327401 72
1316327461 70
1316327521 70
1316327581 69
1316327641 72
1316327701 72
1316327761 73
1316327821 72
1316327881 76
1316327941 75
1316328001 77
1316328061 77
1316328121 77
1316328181 77
1316328241 85
1316328301 87
1316328361 87
1316328421 84
1316328481 84
1316328541 86
1316328601 84
1316328661 77
1316328721 79
1316328781 80
1316328841 81
1316328901 80
1316328961 80
1316329021 77
1316329081 83
1316329141 87
1316329201 85
1316329261 86
1316329321 87
1316329381 88
1316329441 92
1316329501 84
1316329561 83
1316329621 83
1316329681 84
1316329741 86
1316329801 88
1316329861 83
1316329921 84
1316329981 86
1316330041 83
1316330101 82
1316330162 82
1316330221 86
1316330281 83
1316330341 80
1316330401 83
1316330461 79
1316330521 80
1316330581 80
1316330641 78
1316330701 80
1316330761 82
1316330821 87
1316330881 87
1316330941 89
1316331001 79
1316331061 80
1316331121 78
1316331181 82
1316331241 80
1316331301 76
1316331361 77
1316331421 74
1316331481 74
1316331542 72
1316331601 74
1316331661 71
1316331721 76
1316331781 79
1316331841 83
1316331901 77
1316331961 74
1316332021 75
1316332081 76
1316332141 75
1316332201 76
1316332261 72
1316332321 76
1316332381 81
1316332441 86
1316332501 83
1316332561 82
1316332621 89
1316332681 89
1316332741 89
1316332801 91
1316332861 80
1316332921 76
1316332981 78
1316333041 74
1316333101 76
1316333161 76
1316333221 78
1316333281 82
1316333341 86
1316333401 84
1316333461 84
1316333521 86
1316333581 81
1316333641 84
1316333701 79
1316333761 76
1316333821 82
1316333882 85
1316333941 87
1316334001 91
1316334061 92
1316334121 82
1316334181 84
1316334241 83
1316334301 85
1316334361 81
1316334421 84
1316334481 83
1316334541 81
1316334601 84
1316334661 80
1316334721 82
1316334781 80
1316334841 83
1316334901 82
1316334962 79
1316335021 83
1316335081 80
1316335141 84
1316335201 82
1316335261 80
1316335321 85
1316335381 84
1316335441 90
1316335501 89
1316335561 89
1316335621 92
1316335681 90
1316335741 94
1316335801 87
1316335861 87
1316335921 83
1316335981 81
1316336041 87
1316336101 79
1316336161 81
1316336221 83
1316336281 84
1316336341 89
1316336401 94
1316336461 91
1316336521 93
1316336581 90
1316336641 91
1316336701 91
1316336761 89
1316336821 92
1316336881 89
1316336941 95
1316337001 96
1316337061 89
1316337121 93
1316337181 97
1316337241 103
1316337301 104
1316337361 100
1316337421 102
1316337481 104
1316337541 102
1316337601 97
1316337661 100
1316337721 100
1316337781 102
1316337841 106
1316337901 106
1316337961 101
1316338021 101
1316338081 96
1316338141 102
1316338202 100
1316338261 98
1316338321 102
1316338381 101
1316338441 105
1316338501 105
1316338561 101
1316338621 99
1316338681 91
1316338741 96
1316338801 96
1316338861 95
1316338921 100
1316338981 97
1316339041 99
1316339101 99
1316339161 95
1316339221 95
1316339281 91
1316339341 88
1316339401 88
1316339461 89
1316339521 84
1316339581 83
1316339641 81
1316339701 79
1316339761 85
1316339821 88
1316339881 84
1316339941 87
1316340001 91
1316340061 92
1316340121 86
1316340182 84
1316340241 87
1316340301 82
1316340361 81
1316340421 78
1316340481 80
1316340541 84
1316340601 84
1316340661 79
1316340721 79
1316340781 80
1316340841 78
1316340901 78
1316340961 76
1316341021 79
1316341081 76
1316341141 75
1316341201 76
1316341261 73
1316341321 78
1316341381 76
1316341441 79
1316341501 80
1316341561 77
1316341621 85
1316341681 85
1316341741 86
1316341801 88
1316341861 83
1316341921 89
1316341981 80
1316342041 81
1316342101 78
1316342161 78
1316342221 80
1316342281 73
1316342341 78
1316342401 75
1316342461 77
1316342521 76
1316342581 78
1316342641 79
1316342701 82
1316342761 81
1316342821 84
1316342881 81
1316342941 81
1316343001 78
1316343061 76
1316343121 78
1316343181 75
1316343241 78
1316343301 75
1316343361 72
1316343421 74
1316343481 70
1316343541 75
1316343601 78
1316343661 78
1316343721 81
1316343781 76
1316343841 78
1316343902 80
1316343961 75
1316344021 77
1316344081 77
1316344141 73
1316344201 71
1316344261 73
1316344321 77
1316344381 75
1316344441 76
1316344501 72
1316344561 71
1316344621 74
1316344681 67
1316344741 75
1316344801 75
1316344861 73
1316344921 73
1316344981 75
1316345041 78
1316345101 74
1316345161 77
1316345222 79
1316345281 81
1316345341 86
1316345401 84
1316345461 77
1316345521 80
1316345581 84
1316345641 86
1316345701 81
1316345761 78
1316345821 79
1316345881 79
1316345941 84
1316346001 83
1316346061 82
1316346121 86
1316346181 87
1316346241 85
1316346301 80
1316346361 80
1316346421 84
1316346481 82
1316346541 77
1316346601 83
1316346661 80
1316346721 80
1316346781 82
1316346841 80
1316346901 80
1316346961 77
1316347021 80
1316347081 81
1316347141 87
1316347201 82
1316347261 85
1316347321 84
1316347381 85
1316347441 89
1316347501 87
1316347561 93
1316347621 96
1316347681 95
1316347741 95
1316347801 87
1316347861 92
1316347921 96
1316347981 96
1316348041 98
1316348101 99
1316348161 103
1316348221 104
1316348281 102
1316348341 101
1316348401 104
1316348461 94
1316348521 100
1316348581 99
1316348641 97
1316348701 98
1316348761 93
1316348821 96
1316348881 97
1316348941 89
1316349001 85
1316349061 84
1316349121 84
1316349181 86
1316349241 89
1316349301 96
1316349361 101
1316349421 93
1316349481 89
1316349541 99
1316349601 102
1316349661 97
1316349721 96
1316349781 94
1316349841 99
1316349901 99
1316349961 97
1316350021 101
1316350081 103
1316350141 99
1316350201 103
1316350261 100
1316350321 100
1316350381 99
1316350441 98
1316350502 101
1316350561 101
1316350621 102
1316350681 105
1316350741 105
1316350801 104
1316350861 101
1316350921 105
1316350981 104
1316351041 106
1316351101 117
1316351161 114
1316351221 117
1316351281 114
1316351341 118
1316351401 116
1316351461 119
1316351521 114
1316351581 113
1316351641 119
1316351701 124
1316351761 124
1316351821 126
1316351881 124
1316351941 124
1316352001 130
1316352061 134
1316352121 126
1316352181 135
1316352241 141
1316352301 142
1316352361 135
1316352421 132
1316352481 132
1316352541 138
1316352601 141
1316352661 139
1316352721 135
1316352781 130
1316352841 133
1316352901 136
1316352961 135
1316353021 132
1316353081 132
1316353141 133
1316353201 136
1316353261 139
1316353321 129
1316353381 133
1316353441 136
1316353501 141
1316353561 140
1316353622 134
1316353681 134
1316353741 138
1316353801 140
1316353861 141
1316353921 144
1316353981 140
1316354041 144
1316354101 151
1316354161 143
1316354221 140
1316354281 146
1316354341 152
1316354401 152
1316354461 158
1316354521 152
1316354581 151
1316354641 152
1316354701 146
1316354761 151
1316354821 153
1316354881 153
1316354941 163
1316355001 155
1316355062 157
1316355121 151
1316355181 149
1316355242 155
1316355302 147
1316355361 147
1316355421 148
1316355481 147
1316355541 149
1316355601 143
1316355661 144
1316355721 146
1316355781 151
1316355841 158
1316355901 155
1316355961 165
1316356021 163
1316356081 157
1316356141 155
1316356201 151
1316356261 148
1316356321 147
1316356381 145
1316356441 148
1316356501 149
1316356561 153
1316356621 152
1316356681 154
1316356741 146
1316356801 146
1316356861 154
1316356921 152
1316356981 154
1316357041 150
1316357101 148
1316357161 153
1316357221 159
1316357281 157
1316357341 161
1316357401 161
1316357461 161
1316357521 157
1316357581 159
1316357641 153
1316357701 149
1316357761 143
1316357821 150
1316357881 149
1316357941 154
1316358001 147
1316358061 152
1316358121 149
1316358181 148
1316358241 149
1316358301 145
1316358361 147
1316358421 147
1316358481 145
1316358541 138
1316358601 148
1316358661 154
1316358721 156
1316358781 156
1316358841 155
1316358901 151
1316358961 155
1316359021 164
1316359081 158
1316359141 166
1316359201 162
1316359261 163
1316359321 168
1316359381 165
1316359441 170
1316359501 163
1316359561 160
1316359621 163
1316359681 153
1316359741 150
1316359801 143
1316359861 146
1316359921 154
1316359982 149
1316360041 149
1316360101 145
1316360161 142
1316360221 156
1316360281 144
1316360341 148
1316360401 147
1316360461 142
1316360521 151
1316360581 146
1316360641 141
1316360701 137
1316360761 137
1316360821 147
1316360881 146
1316360941 144
1316361001 145
1316361061 146
1316361121 156
1316361181 148
1316361241 146
1316361301 158
1316361361 158
1316361421 168
1316361481 156
1316361541 164
1316361601 158
