1308067261 599
1308067321 588
1308067381 592
1308067441 603
1308067501 598
1308067561 601
1308067621 594
1308067681 599
1308067741 613
1308067801 615
1308067861 599
1308067921 594
1308067981 594
1308068041 599
1308068101 600
1308068161 587
1308068221 583
1308068281 593
1308068341 603
1308068401 591
1308068461 594
1308068521 584
1308068581 600
1308068641 599
1308068702 594
1308068761 591
1308068821 584
1308068881 579
1308068942 579
1308069001 584
1308069061 564
1308069121 566
1308069181 572
1308069241 565
1308069301 562
1308069361 563
1308069421 551
1308069481 552
1308069541 567
1308069601 561
1308069661 551
1308069721 549
1308069781 546
1308069842 545
1308069901 549
1308069961 541
1308070021 552
1308070081 538
1308070141 539
1308070201 529
1308070261 527
1308070321 521
1308070381 521
1308070441 526
1308070501 530
1308070561 532
1308070621 536
1308070681 535
1308070741 547
1308070801 532
1308070861 539
1308070921 534
1308070981 520
1308071041 524
1308071101 522
1308071161 510
1308071221 510
1308071281 509
1308071341 506
1308071401 506
1308071461 500
1308071521 503
1308071581 501
1308071641 490
1308071701 490
1308071761 477
1308071821 476
1308071881 475
1308071941 482
1308072002 480
1308072061 470
1308072122 470
1308072181 465
1308072241 466
1308072301 468
1308072361 462
1308072421 461
1308072481 458
1308072541 458
1308072601 469
1308072661 459
1308072721 461
1308072781 455
1308072841 446
1308072901 446
1308072961 431
1308073021 437
1308073081 437
1308073141 430
1308073201 441
1308073261 436
1308073321 432
1308073381 424
1308073441 426
1308073501 435
1308073561 430
1308073621 426
1308073681 422
1308073741 423
1308073801 422
1308073861 426
1308073921 407
1308073981 406
1308074041 400
1308074101 406
1308074161 403
1308074221 408
1308074281 393
1308074341 395
1308074401 397
1308074461 393
1308074521 392
1308074581 379
1308074641 377
1308074701 389
1308074761 390
1308074821 382
1308074881 377
1308074941 376
1308075001 387
1308075061 375
1308075121 371
1308075181 368
1308075241 368
1308075301 369
1308075361 359
1308075421 370
1308075481 347
1308075541 340
1308075601 352
1308075661 347
1308075721 332
1308075781 332
1308075841 334
1308075901 337
1308075961 341
1308076021 334
1308076081 333
1308076141 322
1308076201 326
1308076261 340
1308076321 318
1308076381 306
1308076441 310
1308076501 304
1308076561 306
1308076621 297
1308076681 293
1308076741 296
1308076801 303
1308076861 298
1308076921 295
1308076981 297
1308077041 297
1308077101 295
1308077161 299
1308077221 288
1308077281 286
1308077341 280
1308077401 285
1308077461 289
1308077521 292
1308077581 281
1308077641 286
1308077701 284
1308077761 279
1308077821 277
1308077881 273
1308077941 271
1308078001 278
1308078061 270
1308078121 269
1308078181 265
1308078241 271
1308078301 262
1308078361 259
1308078421 260
1308078481 258
1308078541 247
1308078601 248
1308078661 244
1308078721 248
1308078781 236
1308078841 242
1308078901 241
1308078961 235
1308079021 246
1308079081 234
1308079141 239
1308079201 247
1308079262 236
1308079322 243
1308079382 247
1308079441 229
1308079501 232
1308079561 230
1308079621 228
1308079681 230
1308079741 223
1308079801 229
1308079861 224
1308079921 230
1308079981 233
1308080041 213
1308080101 215
1308080161 221
1308080221 215
1308080281 214
1308080341 214
1308080401 219
1308080461 226
1308080521 233
1308080581 217
1308080641 221
1308080701 215
1308080761 215
1308080821 211
1308080881 215
1308080941 220
1308081001 209
1308081061 209
1308081121 206
1308081182 203
1308081241 208
1308081301 214
1308081361 211
1308081421 215
1308081481 218
1308081541 199
1308081601 198
1308081661 206
1308081721 208
1308081781 193
1308081841 200
1308081901 197
1308081961 202
1308082021 207
1308082081 210
1308082141 189
1308082201 193
1308082261 197
1308082321 185
1308082382 189
1308082441 194
1308082501 190
1308082561 195
1308082621 198
1308082681 201
1308082741 206
1308082801 186
1308082861 193
1308082921 196
1308082981 200
1308083041 206
1308083101 181
1308083161 185
1308083221 188
1308083281 176
1308083341 183
1308083401 189
1308083461 195
1308083521 197
1308083581 202
1308083641 179
1308083701 184
1308083762 183
1308083821 180
1308083881 184
1308083941 178
1308084001 183
1308084061 189
1308084121 193
1308084181 196
1308084241 179
1308084301 185
1308084361 191
1308084421 179
1308084481 183
1308084541 175
1308084601 174
1308084661 178
1308084721 182
1308084781 174
1308084841 179
1308084901 180
1308084961 186
1308085021 180
1308085081 183
1308085141 179
1308085201 184
1308085261 184
1308085321 188
1308085381 190
1308085441 172
1308085501 176
1308085561 184
1308085621 169
1308085683 169
1308085741 174
1308085801 178
1308085861 183
1308085921 185
1308085981 186
1308086041 191
1308086101 195
1308086161 177
1308086221 168
1308086281 171
1308086341 175
1308086401 179
1308086461 177
1308086521 179
1308086581 182
1308086642 187
1308086701 174
1308086761 171
1308086821 172
1308086881 176
1308086941 171
1308087001 168
1308087061 170
1308087121 173
1308087181 176
1308087241 170
1308087301 177
1308087361 176
1308087421 180
1308087481 170
1308087541 169
1308087601 175
1308087661 173
1308087721 175
1308087781 179
1308087841 185
1308087901 192
1308087961 171
1308088021 174
1308088081 178
1308088141 182
1308088201 187
1308088261 167
1308088321 169
1308088381 169
1308088441 173
1308088502 172
1308088561 175
1308088621 180
1308088681 183
1308088741 168
1308088801 173
1308088861 177
1308088921 167
1308088981 162
1308089041 165
1308089101 168
1308089161 165
1308089221 168
1308089281 172
1308089341 175
1308089401 177
1308089461 181
1308089521 184
1308089581 188
1308089641 160
1308089701 162
1308089761 159
1308089821 164
1308089881 161
1308089942 163
1308090002 165
1308090061 170
1308090121 163
1308090181 163
1308090241 159
1308090301 162
1308090361 164
1308090421 161
1308090481 162
1308090541 161
1308090601 165
1308090661 165
1308090721 167
1308090781 166
1308090841 168
1308090901 173
1308090961 164
1308091021 161
1308091081 165
1308091141 164
1308091201 167
1308091261 167
1308091321 166
1308091381 170
1308091441 164
1308091501 166
1308091561 171
1308091621 170
1308091681 170
1308091741 167
1308091801 169
1308091861 171
1308091921 173
1308091981 167
1308092041 170
1308092101 176
1308092161 181
1308092221 173
1308092281 171
1308092341 173
1308092401 170
1308092461 174
1308092521 169
1308092581 172
1308092641 170
1308092701 172
1308092761 174
1308092821 178
1308092881 172
1308092941 170
1308093001 174
1308093061 173
1308093121 173
1308093181 170
1308093241 172
1308093301 174
1308093361 180
1308093421 176
1308093481 181
1308093541 173
1308093601 177
1308093661 175
1308093721 179
1308093781 170
1308093841 174
1308093901 171
1308093961 177
1308094021 172
1308094081 175
1308094141 175
1308094201 175
1308094261 182
1308094321 172
1308094381 178
1308094441 180
1308094501 181
1308094561 183
1308094621 182
1308094681 186
1308094741 178
1308094801 184
1308094861 187
1308094921 190
1308094981 182
1308095041 180
1308095101 190
1308095161 198
1308095221 191
1308095281 194
1308095341 198
1308095401 203
1308095461 206
1308095521 210
1308095581 209
1308095641 215
1308095702 211
1308095761 208
1308095821 213
1308095881 218
1308095941 209
1308096001 212
1308096061 204
1308096121 200
1308096182 203
1308096241 194
1308096301 193
1308096361 201
1308096421 202
1308096481 204
1308096541 198
1308096601 205
1308096661 206
1308096721 208
1308096781 209
1308096841 211
1308096901 206
1308096961 205
1308097021 206
1308097081 209
1308097141 206
1308097201 212
1308097261 213
1308097321 218
1308097381 213
1308097441 206
1308097501 211
1308097561 217
1308097621 207
1308097681 209
1308097741 203
1308097801 210
1308097861 208
1308097921 211
1308097981 209
1308098041 206
1308098101 212
1308098161 213
1308098221 211
1308098281 216
1308098341 220
1308098401 225
1308098461 226
1308098521 224
1308098581 234
1308098641 234
1308098701 240
1308098761 236
1308098821 236
1308098881 242
1308098942 229
1308099001 232
1308099061 238
1308099121 237
1308099181 240
1308099241 235
1308099301 241
1308099361 246
1308099421 249
1308099481 251
1308099541 252
1308099601 256
1308099661 259
1308099721 258
1308099782 257
1308099841 250
1308099901 258
1308099962 259
1308100021 258
1308100081 265
1308100141 261
1308100201 262
1308100261 261
1308100321 257
1308100381 259
1308100441 259
1308100501 267
1308100561 266
1308100621 271
1308100681 275
1308100741 276
1308100801 274
1308100861 269
1308100921 274
1308100981 276
1308101041 276
1308101101 280
1308101161 282
1308101221 283
1308101281 285
1308101341 287
1308101401 289
1308101461 287
1308101521 285
1308101581 292
1308101641 284
1308101701 286
1308101761 284
1308101821 287
1308101881 292
1308101941 294
1308102001 290
1308102061 297
1308102121 299
1308102181 299
1308102241 297
1308102301 295
1308102361 285
1308102421 297
1308102482 301
1308102541 293
1308102601 305
1308102661 311
1308102721 308
1308102781 308
1308102841 298
1308102901 297
1308102961 300
1308103021 295
1308103081 286
1308103141 289
1308103201 293
1308103261 285
1308103321 286
1308103381 287
1308103441 286
1308103501 279
1308103561 271
1308103621 268
1308103681 266
1308103741 259
1308103801 251
1308103861 250
1308103921 250
1308103981 247
1308104041 247
1308104101 254
1308104161 258
1308104221 261
1308104281 264
1308104341 264
1308104401 275
1308104461 274
1308104521 271
1308104581 275
1308104641 276
1308104701 284
1308104761 297
1308104821 292
1308104881 306
1308104941 301
1308105001 305
1308105061 307
1308105121 297
1308105181 301
1308105241 300
1308105301 305
1308105361 302
1308105421 298
1308105481 311
1308105541 318
1308105601 317
1308105661 315
1308105721 308
1308105781 310
1308105841 316
1308105901 319
1308105961 309
1308106021 307
1308106081 312
1308106141 317
1308106201 316
1308106261 314
1308106321 315
1308106381 313
1308106441 323
1308106501 330
1308106561 320
1308106621 324
1308106681 332
1308106741 330
1308106801 333
1308106861 337
1308106921 337
1308106981 344
1308107042 343
1308107101 346
1308107161 346
1308107221 347
1308107281 351
1308107341 353
1308107401 354
1308107461 346
1308107521 339
1308107581 340
1308107641 344
1308107701 341
1308107761 344
1308107821 348
1308107881 355
1308107941 356
1308108001 353
1308108061 350
1308108121 345
1308108181 345
1308108241 347
1308108301 344
1308108361 349
1308108421 352
1308108481 346
1308108541 351
1308108601 345
1308108661 355
1308108721 355
1308108781 364
1308108841 358
1308108901 357
1308108961 361
1308109021 356
1308109081 360
1308109141 368
1308109201 368
1308109261 360
1308109321 358
1308109381 357
1308109441 362
1308109502 363
1308109561 357
1308109621 364
1308109681 371
1308109741 374
1308109801 370
1308109861 372
1308109921 374
1308109981 370
1308110041 371
1308110101 372
1308110161 370
1308110221 368
1308110281 372
1308110341 377
1308110401 382
1308110461 382
1308110521 375
1308110581 372
1308110641 372
1308110701 373
1308110761 367
1308110821 357
1308110881 356
1308110941 361
1308111001 358
1308111061 364
1308111121 361
1308111181 367
1308111241 374
1308111301 372
1308111361 373
1308111421 381
1308111482 373
1308111541 368
1308111601 370
1308111661 373
1308111721 364
1308111781 358
1308111841 356
1308111901 364
1308111961 366
1308112021 368
1308112081 364
1308112141 363
1308112201 364
1308112261 373
1308112321 369
1308112381 375
1308112441 372
1308112501 369
1308112561 383
1308112621 378
1308112681 381
1308112741 383
1308112801 393
1308112861 393
1308112921 389
1308112981 382
1308113041 385
1308113101 399
1308113161 392
1308113221 387
1308113281 392
1308113341 395
1308113401 398
1308113461 393
1308113521 385
1308113581 386
1308113641 384
1308113701 379
1308113761 383
1308113821 380
1308113881 379
1308113941 382
1308114001 379
1308114061 372
1308114121 365
1308114181 368
1308114241 370
1308114301 369
1308114361 371
1308114421 365
1308114481 359
1308114541 368
1308114601 366
1308114661 366
1308114721 360
1308114782 362
1308114841 357
1308114901 356
1308114961 351
1308115021 346
1308115081 351
1308115141 352
1308115201 355
1308115261 350
1308115321 352
1308115381 363
1308115441 363
1308115501 372
1308115561 377
1308115621 361
1308115681 361
1308115741 359
1308115801 362
1308115861 358
1308115921 357
1308115981 356
1308116041 354
1308116101 364
1308116161 371
1308116221 390
1308116281 408
1308116341 412
1308116401 419
1308116461 418
1308116521 412
1308116581 420
1308116641 413
1308116701 411
1308116761 409
1308116821 413
1308116881 425
1308116941 415
1308117001 421
1308117061 425
1308117121 424
1308117181 428
1308117241 429
1308117301 441
1308117361 431
1308117421 428
1308117482 428
1308117541 426
1308117601 413
1308117661 407
1308117721 410
1308117781 411
1308117841 412
1308117901 420
1308117961 423
1308118021 419
1308118081 419
1308118141 420
1308118201 413
1308118261 414
1308118321 405
1308118381 398
1308118441 408
1308118501 416
1308118561 416
1308118621 402
1308118681 407
1308118741 409
1308118801 408
1308118861 402
1308118921 398
1308118981 413
1308119041 411
1308119101 410
1308119161 408
1308119221 409
1308119281 410
1308119341 400
1308119401 394
1308119461 392
1308119521 398
1308119581 399
1308119641 401
1308119701 402
1308119761 396
1308119821 395
1308119881 397
1308119941 393
1308120001 393
1308120061 388
1308120121 389
1308120181 399
1308120241 404
1308120301 403
1308120361 414
1308120421 406
1308120481 419
1308120541 422
1308120601 415
1308120661 407
1308120721 415
1308120781 422
1308120841 425
1308120901 421
1308120961 414
1308121021 408
1308121081 406
1308121141 414
1308121201 422
1308121261 408
1308121322 404
1308121381 410
1308121441 414
1308121501 425
1308121561 419
1308121621 417
1308121681 424
1308121741 431
1308121801 436
1308121861 425
1308121921 431
1308121981 440
1308122041 436
1308122101 436
1308122161 431
1308122221 432
1308122281 431
1308122341 428
1308122401 429
1308122461 419
1308122521 411
1308122581 405
1308122641 405
1308122701 404
1308122761 401
1308122821 397
1308122881 401
1308122941 407
1308123001 412
1308123061 406
1308123121 401
1308123181 404
1308123241 403
1308123301 406
1308123361 397
1308123421 394
1308123481 398
1308123541 402
1308123601 402
1308123661 405
1308123721 405
1308123781 414
1308123841 418
1308123901 419
1308123961 425
1308124021 421
1308124081 421
1308124141 421
1308124201 423
1308124261 424
1308124321 412
1308124381 416
1308124441 418
1308124501 421
1308124561 420
1308124621 420
1308124681 413
1308124741 411
1308124801 410
1308124861 403
1308124921 399
1308124981 400
1308125041 399
1308125101 397
1308125161 399
1308125221 392
1308125281 388
1308125341 382
1308125401 387
1308125461 390
1308125521 385
1308125581 381
1308125641 381
1308125701 378
1308125761 386
1308125822 372
1308125881 383
1308125941 377
1308126001 381
1308126061 385
1308126121 385
1308126181 392
1308126241 387
1308126301 388
1308126361 393
1308126421 393
1308126482 395
1308126541 402
1308126601 406
1308126661 404
1308126721 403
1308126781 404
1308126841 396
1308126901 401
1308126961 402
1308127021 399
1308127081 398
1308127141 396
1308127201 402
1308127261 400
1308127321 396
1308127381 398
1308127441 399
1308127501 408
1308127561 404
1308127621 403
1308127681 412
1308127741 410
1308127801 409
1308127861 405
1308127921 405
1308127981 416
1308128041 415
1308128101 421
1308128161 426
1308128221 416
1308128281 414
1308128341 406
1308128401 408
1308128461 405
1308128521 397
1308128581 407
1308128641 404
1308128701 409
1308128761 408
1308128821 401
1308128881 409
1308128941 391
1308129001 401
1308129061 402
1308129121 401
1308129181 398
1308129241 390
1308129301 401
1308129361 411
1308129421 403
1308129481 412
1308129541 412
1308129601 422
1308129661 412
1308129721 404
1308129781 403
1308129841 402
1308129901 408
1308129961 406
1308130021 400
1308130081 402
1308130141 396
1308130201 399
1308130261 390
1308130321 383
1308130381 388
1308130441 381
1308130501 391
1308130561 394
1308130621 387
1308130681 392
1308130741 402
1308130801 408
1308130861 408
1308130922 402
1308130981 397
1308131041 396
1308131101 397
1308131161 398
1308131221 395
1308131281 396
1308131341 392
1308131401 397
1308131461 398
1308131521 389
1308131581 402
1308131641 392
1308131701 396
1308131761 402
1308131821 392
1308131881 402
1308131941 400
1308132001 407
1308132061 404
1308132121 396
1308132182 401
1308132241 397
1308132301 410
1308132361 415
1308132421 415
1308132481 418
1308132541 413
1308132601 417
1308132661 419
1308132721 419
1308132781 420
1308132841 406
1308132901 410
1308132961 397
1308133021 400
1308133081 383
1308133141 386
1308133201 385
1308133261 384
1308133321 377
1308133381 380
1308133441 384
1308133501 394
1308133561 404
1308133621 402
1308133681 391
1308133741 389
1308133801 393
1308133861 392
1308133921 395
1308133981 387
1308134041 378
1308134101 397
1308134161 393
1308134221 399
1308134281 389
1308134341 383
1308134401 399
1308134461 393
1308134521 392
1308134581 388
1308134641 390
1308134702 411
1308134761 412
1308134821 409
1308134881 407
1308134941 414
1308135001 424
1308135061 429
1308135121 417
1308135181 409
1308135241 397
1308135301 398
1308135361 405
1308135421 406
1308135481 403
1308135541 393
1308135601 409
1308135661 409
1308135721 405
1308135781 398
1308135841 392
1308135901 396
1308135961 404
1308136021 409
1308136081 409
1308136141 413
1308136201 420
1308136261 423
1308136321 418
1308136381 412
1308136441 408
1308136501 410
1308136561 419
1308136622 418
1308136681 413
1308136742 410
1308136801 425
1308136861 431
1308136921 433
1308136981 423
1308137041 432
1308137101 458
1308137161 458
1308137221 454
1308137281 459
1308137341 455
1308137401 464
1308137461 439
1308137521 444
1308137581 439
1308137641 434
1308137701 444
1308137761 439
1308137821 439
1308137881 437
1308137941 436
1308138001 440
1308138061 447
1308138121 437
1308138181 436
1308138241 431
1308138301 437
1308138361 438
1308138421 441
1308138481 441
1308138541 436
1308138601 451
1308138661 443
1308138721 441
1308138781 443
1308138841 437
1308138901 441
1308138961 444
1308139021 441
1308139081 448
1308139141 441
1308139201 443
1308139261 447
1308139321 448
1308139381 449
1308139442 446
1308139501 447
1308139561 445
1308139621 451
1308139681 440
1308139741 441
1308139801 446
1308139861 458
1308139921 470
1308139981 468
1308140041 474
1308140101 476
1308140161 486
1308140221 479
1308140281 476
1308140341 468
1308140401 470
1308140461 467
1308140521 469
1308140581 477
1308140641 483
1308140701 482
1308140761 491
1308140821 497
1308140881 504
1308140941 509
1308141001 500
1308141061 499
1308141121 498
1308141181 501
1308141241 492
1308141301 495
1308141361 498
1308141421 500
1308141481 497
1308141541 492
1308141601 497
1308141661 497
1308141721 508
1308141781 511
1308141841 515
1308141901 517
1308141961 527
1308142021 533
1308142081 534
1308142141 538
1308142202 537
1308142261 543
1308142321 533
1308142381 536
1308142441 519
1308142501 513
1308142561 515
1308142621 519
1308142681 514
1308142741 520
1308142801 529
1308142861 533
1308142921 536
1308142981 541
1308143041 543
1308143101 533
1308143161 535
1308143221 533
1308143281 535
1308143341 541
1308143401 531
1308143461 538
1308143521 532
1308143581 540
1308143641 537
1308143701 545
1308143761 547
1308143821 549
1308143881 547
1308143941 551
1308144001 554
1308144061 558
1308144121 550
1308144181 558
1308144241 557
1308144301 557
1308144361 559
1308144421 552
1308144481 555
1308144541 554
1308144601 562
1308144661 564
1308144721 567
1308144781 560
1308144841 561
1308144901 559
1308144961 562
1308145022 567
1308145081 565
1308145141 565
1308145201 573
1308145261 577
1308145321 573
1308145381 573
1308145441 571
1308145501 585
1308145561 572
1308145621 576
1308145681 565
1308145741 564
1308145801 567
1308145861 558
1308145921 566
1308145981 569
1308146041 573
1308146101 583
1308146161 577
1308146221 583
1308146281 569
1308146341 561
1308146401 567
1308146461 559
1308146521 567
1308146581 573
1308146641 583
1308146701 598
1308146761 608
1308146821 616
1308146881 613
1308146941 613
1308147001 608
1308147061 624
1308147121 619
1308147181 616
1308147241 626
1308147301 620
1308147361 621
1308147421 619
1308147481 619
1308147541 615
1308147601 617
1308147661 614
1308147721 608
1308147781 599
1308147841 603
1308147901 599
1308147961 606
1308148021 610
1308148081 603
1308148141 597
1308148201 607
1308148261 606
1308148321 614
1308148381 610
1308148441 613
1308148501 615
1308148561 627
1308148621 619
1308148682 617
1308148741 625
1308148801 621
1308148861 644
1308148921 619
1308148981 621
1308149041 626
1308149101 616
1308149161 627
1308149221 636
1308149281 619
1308149341 621
1308149401 621
1308149461 627
1308149521 632
1308149581 624
1308149641 630
1308149701 630
1308149761 629
1308149821 619
1308149881 621
1308149941 617
1308150001 630
1308150061 637
1308150121 641
1308150181 643
1308150241 643
1308150301 646
1308150361 653
1308150421 643
1308150481 641
1308150541 639
1308150601 646
1308150661 651
1308150721 645
1308150781 639
1308150841 639
1308150901 638
1308150961 655
1308151021 650
1308151081 641
1308151141 635
1308151201 627
1308151261 642
1308151321 635
1308151381 644
1308151441 637
1308151501 641
1308151561 659
1308151621 650
1308151681 652
1308151741 641
1308151801 628
1308151861 641
1308151921 626
1308151981 629
1308152041 622
1308152101 631
1308152161 634
1308152221 617
1308152281 625
1308152341 625
1308152401 636
1308152461 642
1308152521 634
1308152581 640
1308152641 641
1308152701 637
1308152761 648
1308152821 643
1308152881 646
1308152941 649
1308153001 663
1308153061 678
1308153121 668
1308153181 667
1308153241 662
1308153301 669
1308153361 669
1308153421 645
1308153481 657
1308153541 650
1308153601 650
