1315238461 1
1315238521 2
1315238581 2
1315238641 2
1315238702 2
1315238761 2
1315238821 2
1315238881 2
1315238941 2
1315239001 2
1315239061 1
1315239121 2
1315239181 2
1315239241 2
1315239301 2
1315239361 2
1315239421 3
1315239481 3
1315239541 3
1315239601 3
1315239661 3
1315239721 3
1315239781 3
1315239841 3
1315239901 3
1315239961 3
1315240021 3
1315240081 3
1315240141 3
1315240201 3
1315240261 0
1315240322 1
1315240381 1
1315240441 1
1315240501 1
1315240561 1
1315240621 1
1315240681 1
1315240741 1
1315240801 1
1315240861 1
1315240921 1
1315240981 1
1315241041 1
1315241101 1
1315241161 1
1315241221 1
1315241281 1
1315241341 1
1315241401 1
1315241461 1
1315241521 1
1315241581 1
1315241641 1
1315241701 1
1315241761 1
1315241821 1
1315241881 1
1315241941 1
1315242001 1
1315242061 1
1315242121 1
1315242181 1
1315242241 1
1315242301 1
1315242361 1
1315242421 1
1315242481 1
1315242541 1
1315242601 0
1315242661 0
1315242721 0
1315242781 0
1315242841 0
1315242901 0
1315242961 0
1315243021 0
1315243081 0
1315243141 0
1315243201 0
1315243261 0
1315243321 0
1315243381 0
1315243441 0
1315243501 0
1315243561 0
1315243621 0
1315243681 0
1315243741 0
1315243801 0
1315243861 0
1315243921 0
1315243981 0
1315244041 0
1315244101 0
1315244161 0
1315244221 0
1315244281 0
1315244341 0
1315244401 0
1315244461 0
1315244521 0
1315244582 0
1315244641 0
1315244701 0
1315244761 0
1315244821 0
1315244881 0
1315244941 0
1315245001 0
1315245061 0
1315245121 0
1315245181 0
1315245241 0
1315245301 0
1315245361 0
1315245421 0
1315245481 0
1315245541 0
1315245601 0
1315245661 0
1315245721 0
1315245781 0
1315245841 0
1315245901 0
1315245961 0
1315246021 0
1315246082 1
1315246141 1
1315246201 1
1315246261 1
1315246321 1
1315246381 1
1315246441 1
1315246501 1
1315246561 1
1315246621 1
1315246681 1
1315246741 1
1315246801 1
1315246861 1
1315246921 1
1315246981 1
1315247041 1
1315247101 1
1315247161 1
1315247221 1
1315247281 1
1315247341 1
1315247401 1
1315247461 1
1315247521 1
1315247581 1
1315247641 1
1315247701 1
1315247761 1
1315247821 1
1315247881 1
1315247941 1
1315248001 1
1315248061 1
1315248121 1
1315248181 1
1315248241 1
1315248301 1
1315248361 1
1315248421 1
1315248481 1
1315248541 1
1315248601 1
1315248661 1
1315248721 1
1315248781 1
1315248841 1
1315248901 1
1315248961 1
1315249021 1
1315249081 1
1315249141 1
1315249201 1
1315249261 1
1315249321 1
1315249381 1
1315249441 1
1315249501 1
1315249561 1
1315249621 1
1315249681 1
1315249741 1
1315249801 1
1315249861 1
1315249921 1
1315249981 1
1315250041 1
1315250101 1
1315250161 1
1315250221 1
1315250281 1
1315250341 1
1315250401 1
1315250461 1
1315250522 1
1315250581 1
1315250641 1
1315250701 1
1315250761 1
1315250821 1
1315250881 1
1315250941 1
1315251001 1
1315251061 1
1315251121 1
1315251181 1
1315251241 1
1315251301 1
1315251361 1
1315251421 1
1315251481 1
1315251541 1
1315251601 1
1315251661 1
1315251721 1
1315251781 1
1315251841 1
1315251901 1
1315251961 1
1315252021 1
1315252081 1
1315252141 1
1315252201 1
1315252261 1
1315252321 1
1315252381 1
1315252441 1
1315252502 1
1315252561 1
1315252621 1
1315252681 1
1315252741 1
1315252801 1
1315252861 1
1315252921 1
1315252981 1
1315253041 1
1315253101 1
1315253161 1
1315253221 1
1315253281 1
1315253341 1
1315253402 1
1315253461 1
1315253521 0
1315253581 0
1315253641 0
1315253701 0
1315253761 0
1315253821 0
1315253881 0
1315253941 0
1315254001 0
1315254062 0
1315254121 0
1315254181 0
1315254241 0
1315254303 0
1315254361 0
1315254421 0
1315254481 0
1315254541 0
1315254603 0
1315254661 0
1315254721 0
1315254781 0
1315254841 0
1315254901 0
1315254961 0
1315255021 0
1315255081 0
1315255141 0
1315255201 0
1315255261 0
1315255321 0
1315255381 0
1315255441 0
1315255501 0
1315255561 0
1315255621 0
1315255681 0
1315255741 0
1315255801 0
1315255861 0
1315255921 0
1315255981 0
1315256041 0
1315256101 0
1315256161 0
1315256221 0
1315256281 0
1315256341 0
1315256402 0
1315256461 0
1315256521 0
1315256581 0
1315256641 0
1315256701 0
1315256761 0
1315256821 0
1315256881 0
1315256941 0
1315257001 0
1315256994 0
1315257001 0
1315257061 0
1315257121 0
1315257181 0
1315257241 0
1315257301 0
1315257361 0
1315257421 0
1315257481 0
1315257541 0
1315257601 0
1315257661 0
1315257721 0
1315257782 0
1315257841 0
1315257901 0
1315257961 0
1315258021 0
1315258081 0
1315258141 0
1315258201 0
1315258261 0
1315258321 0
1315258381 0
1315258441 0
1315258501 0
1315258561 0
1315258621 0
1315258681 0
1315258741 0
1315258801 0
1315258861 0
1315258921 0
1315258981 0
1315259041 0
1315259101 0
1315259161 0
1315259221 0
1315259281 0
1315259341 0
1315259401 0
1315259461 0
1315259521 0
1315259581 0
1315259641 0
1315259701 0
1315259761 0
1315259821 0
1315259881 0
1315259941 0
1315260001 0
1315260061 0
1315260121 0
1315260181 0
1315260241 0
1315260301 0
1315260361 0
1315260421 0
1315260481 0
1315260541 0
1315260601 0
1315260661 0
1315260721 0
1315260781 0
1315260841 0
1315260901 0
1315260961 0
1315261021 0
1315261081 0
1315261141 0
1315261202 0
1315261261 0
1315261321 0
1315261381 0
1315261441 0
1315261501 0
1315261561 0
1315261621 0
1315261681 0
1315261741 0
1315261801 0
1315261861 0
1315261921 0
1315261981 0
1315262041 0
1315262101 0
1315262161 0
1315262221 0
1315262281 0
1315262341 0
1315262401 0
1315262461 0
1315262521 0
1315262581 0
1315262641 0
1315262701 0
1315262761 0
1315262821 0
1315262881 0
1315262941 1
1315263001 1
1315263061 1
1315263122 1
1315263181 1
1315263241 1
1315263301 1
1315263361 1
1315263421 1
1315263481 1
1315263541 1
1315263601 1
1315263661 2
1315263721 2
1315263781 2
1315263841 2
1315263901 2
1315263961 2
1315264021 1
1315264081 1
1315264141 1
1315264201 1
1315264261 1
1315264321 1
1315264381 1
1315264441 1
1315264501 1
1315264561 1
1315264621 1
1315264681 1
1315264741 1
1315264802 1
1315264861 1
1315264921 1
1315264981 1
1315265041 1
1315265101 1
1315265161 1
1315265221 1
1315265281 1
1315265341 1
1315265401 1
1315265461 1
1315265521 1
1315265582 1
1315265641 1
1315265701 1
1315265761 1
1315265821 1
1315265881 1
1315265941 1
1315266001 1
1315266061 1
1315266121 1
1315266181 1
1315266241 1
1315266301 1
1315266361 1
1315266421 1
1315266481 1
1315266541 1
1315266601 1
1315266661 1
1315266721 1
1315266781 0
1315266841 0
1315266901 0
1315266961 0
1315267021 0
1315267081 0
1315267141 1
1315267201 1
1315267261 1
1315267321 1
1315267381 1
1315267441 1
1315267501 1
1315267561 1
1315267621 1
1315267681 1
1315267741 1
1315267801 1
1315267861 1
1315267921 1
1315267981 1
1315268041 1
1315268101 1
1315268161 1
1315268221 1
1315268281 1
1315268341 1
1315268401 1
1315268461 1
1315268521 1
1315268581 1
1315268641 1
1315268701 1
1315268761 1
1315268821 1
1315268881 1
1315268941 1
1315269001 1
1315269061 2
1315269121 2
1315269181 2
1315269241 2
1315269301 2
1315269361 2
1315269421 2
1315269481 0
1315269541 0
1315269601 0
1315269661 0
1315269721 0
1315269781 0
1315269841 0
1315269901 0
1315269961 0
1315270021 0
1315270081 0
1315270141 0
1315270201 0
1315270261 0
1315270321 0
1315270381 0
1315270441 0
1315270501 0
1315270561 0
1315270621 0
1315270681 0
1315270741 0
1315270801 0
1315270861 0
1315270921 0
1315270981 0
1315271041 0
1315271101 0
1315271161 0
1315271221 0
1315271281 0
1315271341 0
1315271401 0
1315271461 0
1315271521 0
1315271581 0
1315271641 0
1315271701 0
1315271761 0
1315271821 0
1315271881 0
1315271941 0
1315272001 0
1315272061 0
1315272121 1
1315272181 1
1315272241 1
1315272301 1
1315272361 1
1315272421 1
1315272481 1
1315272541 1
1315272601 1
1315272662 1
1315272721 1
1315272781 0
1315272841 0
1315272901 0
1315272961 0
1315273021 0
1315273081 0
1315273141 1
1315273201 1
1315273261 1
1315273321 1
1315273381 1
1315273441 1
1315273501 0
1315273561 1
1315273621 1
1315273681 2
1315273741 3
1315273801 3
1315273861 3
1315273921 3
1315273981 4
1315274041 4
1315274101 4
1315274161 4
1315274221 4
1315274281 4
1315274341 4
1315274401 4
1315274461 4
1315274521 3
1315274581 4
1315274641 4
1315274701 4
1315274761 4
1315274821 6
1315274881 6
1315274941 6
1315275001 6
1315275061 6
1315275121 6
1315275181 6
1315275241 6
1315275301 6
1315275361 3
1315275421 3
1315275481 3
1315275541 3
1315275601 3
1315275661 3
1315275721 3
1315275781 2
1315275841 3
1315275901 4
1315275961 4
1315276021 4
1315276081 4
1315276141 4
1315276201 4
1315276261 4
1315276321 2
1315276381 2
1315276441 2
1315276501 2
1315276561 2
1315276621 2
1315276681 0
1315276741 1
1315276801 2
1315276861 2
1315276921 2
1315276981 2
1315277041 2
1315277101 2
1315277161 2
1315277221 2
1315277281 2
1315277341 2
1315277401 2
1315277461 2
1315277521 2
1315277581 2
1315277641 2
1315277701 2
1315277761 2
1315277821 2
1315277881 0
1315277942 0
1315278001 1
1315278061 1
1315278121 3
1315278181 3
1315278241 4
1315278301 4
1315278361 4
1315278421 4
1315278481 4
1315278541 4
1315278601 5
1315278661 5
1315278721 5
1315278781 6
1315278841 6
1315278901 6
1315278961 7
1315279021 7
1315279081 7
1315279141 4
1315279201 5
1315279261 5
1315279321 5
1315279381 5
1315279441 5
1315279501 5
1315279561 5
1315279621 5
1315279681 5
1315279741 5
1315279801 6
1315279861 5
1315279921 5
1315279981 5
1315280041 5
1315280101 4
1315280161 4
1315280221 4
1315280281 4
1315280341 4
1315280401 4
1315280461 4
1315280521 4
1315280581 4
1315280641 4
1315280701 4
1315280761 4
1315280821 2
1315280881 2
1315280941 2
1315281001 2
1315281061 2
1315281121 2
1315281181 2
1315281241 2
1315281301 2
1315281361 2
1315281421 2
1315281481 2
1315281541 2
1315281601 2
1315281661 2
1315281721 2
1315281781 2
1315281841 1
1315281901 2
1315281961 3
1315282021 3
1315282081 3
1315282141 3
1315282201 3
1315282261 3
1315282321 3
1315282381 3
1315282441 3
1315282501 2
1315282562 1
1315282622 1
1315282681 1
1315282741 1
1315282801 1
1315282861 1
1315282921 1
1315282981 1
1315283041 1
1315283101 1
1315283161 1
1315283221 1
1315283281 1
1315283341 1
1315283401 1
1315283461 2
1315283521 2
1315283581 2
1315283641 2
1315283701 2
1315283761 2
1315283821 2
1315283881 2
1315283941 2
1315284001 2
1315284061 1
1315284121 1
1315284181 1
1315284241 1
1315284301 1
1315284361 2
1315284421 2
1315284481 2
1315284541 3
1315284601 3
1315284661 4
1315284721 4
1315284781 4
1315284841 4
1315284901 4
1315284961 4
1315285021 4
1315285081 4
1315285141 4
1315285201 4
1315285261 4
1315285321 4
1315285381 2
1315285441 2
1315285501 2
1315285561 2
1315285621 3
1315285681 3
1315285741 3
1315285801 3
1315285861 3
1315285922 4
1315285981 5
1315286041 5
1315286101 5
1315286161 5
1315286221 5
1315286281 5
1315286341 5
1315286401 5
1315286461 5
1315286521 5
1315286581 5
1315286641 5
1315286701 5
1315286761 5
1315286821 1
1315286881 2
1315286941 2
1315287001 2
1315287061 2
1315287121 2
1315287181 2
1315287241 2
1315287301 3
1315287361 3
1315287421 3
1315287481 3
1315287541 4
1315287602 4
1315287661 4
1315287721 4
1315287781 2
1315287841 3
1315287901 3
1315287961 3
1315288021 4
1315288081 4
1315288141 4
1315288201 4
1315288261 4
1315288321 4
1315288381 3
1315288441 3
1315288501 3
1315288561 3
1315288621 3
1315288681 3
1315288741 4
1315288801 4
1315288861 4
1315288921 4
1315288981 5
1315289041 5
1315289101 5
1315289161 5
1315289222 5
1315289281 3
1315289341 3
1315289401 3
1315289461 4
1315289521 5
1315289581 5
1315289641 5
1315289701 5
1315289761 5
1315289821 5
1315289881 5
1315289941 5
1315290001 5
1315290061 4
1315290121 4
1315290181 4
1315290241 4
1315290301 4
1315290361 4
1315290421 3
1315290481 3
1315290541 3
1315290601 3
1315290661 3
1315290721 3
1315290781 3
1315290841 3
1315290901 3
1315290961 3
1315291021 4
1315291081 4
1315291141 4
1315291201 4
1315291261 4
1315291321 4
1315291381 4
1315291441 4
1315291501 4
1315291561 1
1315291621 2
1315291681 2
1315291741 2
1315291801 2
1315291861 2
1315291921 3
1315291981 3
1315292041 3
1315292102 3
1315292161 2
1315292221 2
1315292281 2
1315292341 2
1315292401 2
1315292461 2
1315292521 2
1315292581 1
1315292641 1
1315292701 1
1315292761 1
1315292821 1
1315292881 1
1315292941 1
1315293001 1
1315293061 1
1315293121 2
1315293181 2
1315293241 2
1315293301 2
1315293361 2
1315293421 2
1315293481 2
1315293541 2
1315293601 2
1315293661 2
1315293721 3
1315293781 3
1315293841 3
1315293901 3
1315293961 3
1315294021 3
1315294081 3
1315294141 3
1315294201 1
1315294261 1
1315294321 2
1315294381 2
1315294441 2
1315294501 2
1315294561 1
1315294621 1
1315294681 1
1315294741 1
1315294801 1
1315294861 2
1315294921 2
1315294981 3
1315295041 4
1315295101 3
1315295161 3
1315295221 3
1315295281 4
1315295341 4
1315295401 4
1315295461 4
1315295521 4
1315295581 4
1315295641 4
1315295701 4
1315295761 4
1315295821 4
1315295881 4
1315295941 4
1315296001 4
1315296061 0
1315296121 0
1315296181 0
1315296241 0
1315296301 0
1315296361 0
1315296422 0
1315296481 0
1315296541 0
1315296601 0
1315296661 0
1315296721 0
1315296781 0
1315296841 0
1315296901 1
1315296961 1
1315297021 2
1315297081 2
1315297141 2
1315297201 2
1315297261 2
1315297321 2
1315297381 3
1315297441 3
1315297501 2
1315297561 3
1315297621 3
1315297681 4
1315297741 4
1315297801 4
1315297861 4
1315297921 5
1315297981 4
1315298041 5
1315298101 5
1315298162 5
1315298221 5
1315298281 5
1315298341 5
1315298401 5
1315298461 5
1315298521 5
1315298581 2
1315298641 2
1315298701 2
1315298761 2
1315298821 2
1315298881 2
1315298941 3
1315299001 3
1315299061 3
1315299121 3
1315299181 4
1315299241 4
1315299301 5
1315299361 4
1315299421 5
1315299481 5
1315299541 5
1315299601 5
1315299661 5
1315299721 5
1315299781 5
1315299841 5
1315299901 5
1315299961 5
1315300021 4
1315300081 5
1315300141 5
1315300201 5
1315300261 5
1315300321 5
1315300381 5
1315300441 5
1315300501 5
1315300561 6
1315300621 6
1315300681 6
1315300741 6
1315300801 4
1315300861 4
1315300921 5
1315300981 5
1315301041 5
1315301101 5
1315301161 5
1315301221 4
1315301281 4
1315301341 4
1315301401 2
1315301461 2
1315301521 2
1315301581 2
1315301641 2
1315301701 2
1315301761 2
1315301821 3
1315301881 4
1315301941 4
1315302001 4
1315302061 5
1315302121 5
1315302181 5
1315302241 5
1315302301 5
1315302362 5
1315302421 5
1315302481 3
1315302541 3
1315302601 4
1315302661 4
1315302721 4
1315302781 4
1315302841 5
1315302901 6
1315302961 6
1315303021 6
1315303081 6
1315303141 6
1315303201 7
1315303261 7
1315303321 7
1315303381 7
1315303441 5
1315303501 5
1315303561 5
1315303621 6
1315303681 4
1315303741 4
1315303801 5
1315303861 4
1315303921 4
1315303981 4
1315304041 4
1315304101 4
1315304161 4
1315304221 4
1315304281 4
1315304341 4
1315304401 1
1315304461 1
1315304521 2
1315304581 2
1315304641 2
1315304701 2
1315304761 2
1315304821 3
1315304882 3
1315304941 3
1315305001 3
1315305061 2
1315305121 2
1315305181 2
1315305241 3
1315305301 3
1315305361 3
1315305421 3
1315305481 3
1315305541 3
1315305601 3
1315305661 3
1315305721 3
1315305781 3
1315305841 3
1315305901 3
1315305961 4
1315306021 4
1315306081 4
1315306141 4
1315306201 4
1315306261 4
1315306321 4
1315306381 4
1315306441 4
1315306501 4
1315306561 4
1315306621 2
1315306681 2
1315306741 2
1315306801 2
1315306861 2
1315306921 2
1315306981 2
1315307041 2
1315307101 2
1315307161 2
1315307221 2
1315307282 2
1315307341 3
1315307401 3
1315307462 3
1315307521 3
1315307581 3
1315307641 3
1315307701 3
1315307761 3
1315307821 3
1315307881 3
1315307941 3
1315308001 3
1315308061 3
1315308121 3
1315308181 5
1315308241 5
1315308301 5
1315308361 5
1315308421 5
1315308481 5
1315308541 5
1315308601 5
1315308661 5
1315308721 5
1315308781 5
1315308841 5
1315308901 5
1315308961 5
1315309021 5
1315309081 5
1315309141 5
1315309201 5
1315309261 5
1315309321 2
1315309381 2
1315309441 2
1315309501 2
1315309561 2
1315309621 2
1315309681 1
1315309741 1
1315309801 1
1315309861 1
1315309921 1
1315309981 1
1315310041 1
1315310101 1
1315310161 1
1315310221 2
1315310281 2
1315310341 2
1315310401 2
1315310462 2
1315310521 2
1315310581 3
1315310641 3
1315310701 3
1315310761 2
1315310821 2
1315310881 2
1315310941 2
1315311001 2
1315311061 3
1315311121 3
1315311181 3
1315311241 3
1315311301 3
1315311361 3
1315311421 3
1315311481 4
1315311541 4
1315311601 4
1315311661 4
1315311721 3
1315311781 3
1315311841 3
1315311901 4
1315311961 4
1315312021 4
1315312081 4
1315312141 4
1315312201 4
1315312261 4
1315312321 4
1315312381 4
1315312441 3
1315312501 4
1315312561 5
1315312621 5
1315312681 5
1315312741 5
1315312801 7
1315312861 7
1315312921 8
1315312981 8
1315313041 5
1315313101 6
1315313161 6
1315313221 6
1315313281 6
1315313342 7
1315313401 7
1315313461 7
1315313521 7
1315313581 8
1315313641 8
1315313701 7
1315313761 7
1315313821 7
1315313881 8
1315313941 9
1315314001 5
1315314061 5
1315314121 5
1315314181 5
1315314241 4
1315314301 3
1315314361 5
1315314421 5
1315314481 5
1315314541 5
1315314601 3
1315314661 3
1315314721 3
1315314781 3
1315314841 3
1315314901 3
1315314961 3
1315315021 3
1315315082 3
1315315141 3
1315315201 3
1315315261 3
1315315321 0
1315315381 1
1315315441 1
1315315501 1
1315315561 1
1315315621 1
1315315681 1
1315315741 1
1315315801 1
1315315861 1
1315315921 1
1315315981 1
1315316041 1
1315316101 1
1315316161 1
1315316221 1
1315316281 1
1315316341 1
1315316401 1
1315316461 1
1315316521 1
1315316581 1
1315316641 1
1315316701 1
1315316761 2
1315316821 2
1315316881 2
1315316941 2
1315317001 2
1315317061 2
1315317121 2
1315317182 2
1315317241 2
1315317301 0
1315317361 0
1315317421 1
1315317481 1
1315317541 1
1315317601 1
1315317661 1
1315317721 1
1315317781 1
1315317841 1
1315317901 1
1315317961 1
1315318021 1
1315318081 1
1315318141 1
1315318201 1
1315318261 1
1315318321 1
1315318381 1
1315318441 1
1315318501 1
1315318561 1
1315318621 1
1315318681 1
1315318741 1
1315318801 1
1315318861 1
1315318921 1
1315318981 1
1315319041 1
1315319101 1
1315319161 1
1315319221 1
1315319281 1
1315319341 1
1315319401 1
1315319461 1
1315319521 1
1315319581 1
1315319641 2
1315319701 2
1315319761 2
1315319821 2
1315319881 2
1315319941 2
1315320001 2
1315320061 2
1315320121 2
1315320181 2
1315320241 3
1315320301 3
1315320361 3
1315320421 3
1315320481 3
1315320541 3
1315320601 3
1315320661 3
1315320722 3
1315320781 3
1315320841 2
1315320901 2
1315320961 2
1315321021 2
1315321081 2
1315321141 3
1315321201 4
1315321261 4
1315321321 4
1315321381 4
1315321441 4
1315321501 5
1315321561 5
1315321621 5
1315321681 5
1315321741 3
1315321801 3
1315321861 3
1315321921 3
1315321981 1
1315322041 1
1315322101 1
1315322161 1
1315322221 0
1315322281 1
1315322341 1
1315322401 1
1315322461 1
1315322521 1
1315322581 1
1315322641 1
1315322701 1
1315322761 1
1315322821 1
1315322881 1
1315322941 2
1315323001 2
1315323061 2
1315323121 2
1315323181 1
1315323241 1
1315323301 1
1315323361 1
1315323421 1
1315323481 1
1315323541 1
1315323601 1
1315323661 1
1315323721 1
1315323781 1
1315323841 1
1315323901 1
1315323961 1
1315324021 1
1315324081 1
1315324141 2
1315324201 3
1315324261 2
1315324321 3
1315324381 3
1315324441 4
1315324501 4
1315324561 3
1315324621 3
1315324681 3
1315324741 2
1315324802 2
