1312646461 2
1312646521 2
1312646581 2
1312646641 2
1312646701 2
1312646761 2
1312646821 2
1312646881 2
1312646941 2
1312647001 2
1312647061 2
1312647121 2
1312647181 2
1312647241 2
1312647301 2
1312647361 2
1312647421 2
1312647481 2
1312647541 2
1312647601 2
1312647661 2
1312647721 2
1312647781 2
1312647841 2
1312647901 2
1312647961 2
1312648021 2
1312648081 2
1312648141 2
1312648201 2
1312648261 2
1312648321 2
1312648381 1
1312648441 1
1312648501 1
1312648561 1
1312648621 1
1312648681 1
1312648741 1
1312648801 1
1312648861 1
1312648921 1
1312648981 1
1312649041 1
1312649101 1
1312649161 2
1312649221 2
1312649281 2
1312649341 2
1312649401 2
1312649461 3
1312649521 3
1312649581 3
1312649641 3
1312649701 3
1312649761 3
1312649821 3
1312649881 3
1312649941 3
1312650001 3
1312650061 3
1312650121 3
1312650181 3
1312650241 3
1312650301 3
1312650361 3
1312650421 3
1312650481 3
1312650541 3
1312650601 3
1312650661 3
1312650721 3
1312650781 3
1312650841 3
1312650901 3
1312650961 3
1312651021 3
1312651081 3
1312651141 3
1312651201 3
1312651261 3
1312651321 3
1312651381 3
1312651441 3
1312651501 3
1312651561 3
1312651621 3
1312651681 3
1312651741 3
1312651801 3
1312651861 3
1312651921 3
1312651981 3
1312652041 3
1312652101 3
1312652161 3
1312652221 3
1312652281 3
1312652341 3
1312652401 3
1312652461 3
1312652521 3
1312652581 3
1312652641 3
1312652701 3
1312652761 3
1312652821 3
1312652881 3
1312652941 3
1312653001 3
1312653061 3
1312653121 3
1312653181 3
1312653241 3
1312653301 3
1312653361 3
1312653421 1
1312653481 1
1312653541 2
1312653601 2
1312653661 2
1312653721 2
1312653781 2
1312653841 2
1312653901 2
1312653961 2
1312654021 2
1312654081 2
1312654141 2
1312654201 2
1312654261 2
1312654321 2
1312654381 2
1312654441 2
1312654501 2
1312654561 2
1312654621 2
1312654681 2
1312654741 2
1312654801 2
1312654861 2
1312654921 2
1312654981 2
1312655041 2
1312655101 2
1312655161 2
1312655221 2
1312655281 2
1312655341 2
1312655401 2
1312655461 2
1312655521 2
1312655581 2
1312655641 2
1312655701 2
1312655761 2
1312655821 2
1312655881 2
1312655941 2
1312656001 2
1312656061 2
1312656121 2
1312656181 2
1312656241 2
1312656302 2
1312656361 2
1312656421 2
1312656481 2
1312656541 2
1312656601 2
1312656661 2
1312656721 2
1312656781 2
1312656841 2
1312656901 2
1312656961 2
1312657021 2
1312657081 2
1312657141 2
1312657201 2
1312657261 2
1312657321 2
1312657381 2
1312657441 2
1312657501 2
1312657561 2
1312657621 2
1312657681 2
1312657741 2
1312657801 2
1312657861 2
1312657921 2
1312657981 2
1312658041 2
1312658101 2
1312658161 2
1312658221 2
1312658281 2
1312658341 2
1312658401 2
1312658461 2
1312658521 2
1312658581 2
1312658641 2
1312658701 2
1312658761 2
1312658821 2
1312658882 2
1312658941 2
1312659002 2
1312659061 1
1312659121 1
1312659181 1
1312659241 1
1312659301 1
1312659361 1
1312659421 1
1312659481 1
1312659541 1
1312659601 1
1312659661 1
1312659721 1
1312659781 1
1312659841 1
1312659901 1
1312659961 1
1312660021 1
1312660081 1
1312660141 1
1312660201 1
1312660261 1
1312660321 1
1312660381 1
1312660441 1
1312660501 1
1312660561 1
1312660621 1
1312660681 1
1312660741 1
1312660801 1
1312660861 1
1312660921 1
1312660981 1
1312661041 1
1312661101 1
1312661161 1
1312661221 1
1312661281 1
1312661341 1
1312661401 1
1312661461 1
1312661521 1
1312661581 1
1312661641 1
1312661701 1
1312661761 1
1312661821 1
1312661881 1
1312661941 1
1312662001 1
1312662061 1
1312662121 1
1312662181 1
1312662241 1
1312662302 1
1312662361 1
1312662421 1
1312662481 1
1312662541 1
1312662601 1
1312662661 1
1312662721 1
1312662781 1
1312662841 1
1312662901 1
1312662961 1
1312663021 1
1312663081 1
1312663141 1
1312663201 1
1312663261 1
1312663321 1
1312663381 1
1312663441 1
1312663501 1
1312663561 1
1312663621 1
1312663681 1
1312663741 1
1312663801 1
1312663861 1
1312663921 1
1312663981 1
1312664041 1
1312664101 1
1312664161 1
1312664221 1
1312664281 1
1312664341 1
1312664401 1
1312664461 1
1312664522 1
1312664581 1
1312664641 1
1312664701 1
1312664761 1
1312664821 1
1312664881 1
1312664941 1
1312665001 1
1312664995 1
1312665001 1
1312665062 1
1312665121 1
1312665181 1
1312665241 1
1312665301 1
1312665361 1
1312665421 1
1312665481 1
1312665541 1
1312665601 1
1312665661 1
1312665721 1
1312665781 1
1312665841 1
1312665901 1
1312665961 1
1312666021 1
1312666081 1
1312666141 1
1312666201 1
1312666261 1
1312666321 1
1312666381 1
1312666441 1
1312666501 1
1312666561 1
1312666621 0
1312666681 0
1312666741 0
1312666801 0
1312666861 0
1312666921 0
1312666981 0
1312667041 0
1312667101 0
1312667161 0
1312667221 0
1312667281 0
1312667341 0
1312667401 0
1312667461 0
1312667521 0
1312667581 0
1312667641 0
1312667701 0
1312667761 0
1312667821 0
1312667881 0
1312667941 1
1312668001 1
1312668061 1
1312668121 1
1312668181 1
1312668241 1
1312668301 1
1312668361 1
1312668421 1
1312668481 1
1312668541 1
1312668601 1
1312668661 1
1312668721 1
1312668781 1
1312668841 1
1312668901 1
1312668961 1
1312669021 1
1312669081 1
1312669141 1
1312669201 1
1312669261 1
1312669321 1
1312669381 1
1312669441 1
1312669501 1
1312669561 1
1312669621 1
1312669681 1
1312669741 1
1312669801 1
1312669861 1
1312669921 1
1312669981 1
1312670041 1
1312670101 1
1312670161 1
1312670221 1
1312670281 1
1312670341 1
1312670401 1
1312670461 1
1312670521 1
1312670581 1
1312670641 1
1312670701 1
1312670761 1
1312670821 1
1312670881 1
1312670941 1
1312671001 1
1312671061 1
1312671121 1
1312671181 1
1312671241 1
1312671301 1
1312671361 1
1312671421 1
1312671481 1
1312671541 1
1312671601 1
1312671661 1
1312671721 1
1312671781 1
1312671841 1
1312671901 1
1312671961 1
1312672021 1
1312672081 1
1312672141 1
1312672201 1
1312672261 1
1312672321 1
1312672381 1
1312672441 1
1312672501 1
1312672561 1
1312672621 1
1312672681 1
1312672741 1
1312672801 1
1312672861 1
1312672921 1
1312672981 1
1312673041 1
1312673101 1
1312673161 1
1312673221 1
1312673281 1
1312673341 1
1312673401 1
1312673461 1
1312673521 1
1312673581 1
1312673641 1
1312673701 1
1312673761 1
1312673821 1
1312673881 1
1312673941 1
1312674001 1
1312674061 1
1312674121 1
1312674181 1
1312674241 1
1312674301 1
1312674361 1
1312674421 1
1312674481 1
1312674541 1
1312674601 1
1312674661 1
1312674721 1
1312674781 1
1312674841 1
1312674901 1
1312674961 1
1312675021 1
1312675081 1
1312675141 1
1312675201 1
1312675261 1
1312675321 1
1312675381 1
1312675441 1
1312675501 1
1312675561 1
1312675621 1
1312675681 1
1312675741 1
1312675801 1
1312675861 1
1312675921 1
1312675981 1
1312676041 1
1312676101 1
1312676161 1
1312676221 1
1312676281 1
1312676341 1
1312676401 1
1312676461 1
1312676521 1
1312676581 1
1312676641 1
1312676701 1
1312676761 1
1312676821 1
1312676881 1
1312676941 1
1312677001 1
1312677061 1
1312677121 1
1312677181 1
1312677241 1
1312677301 1
1312677361 1
1312677421 1
1312677481 1
1312677542 1
1312677601 1
1312677661 1
1312677721 1
1312677781 1
1312677841 1
1312677901 1
1312677961 1
1312678021 1
1312678081 1
1312678141 1
1312678201 1
1312678261 1
1312678321 1
1312678381 1
1312678441 1
1312678501 1
1312678561 1
1312678621 1
1312678681 1
1312678741 1
1312678801 1
1312678861 1
1312678921 1
1312678981 1
1312679041 1
1312679101 1
1312679161 1
1312679221 1
1312679281 1
1312679341 1
1312679401 1
1312679461 1
1312679521 1
1312679581 1
1312679641 0
1312679701 0
1312679761 0
1312679821 0
1312679881 0
1312679941 0
1312680001 0
1312680061 0
1312680121 0
1312680181 0
1312680241 0
1312680301 0
1312680361 0
1312680421 0
1312680481 0
1312680541 0
1312680601 0
1312680661 0
1312680721 0
1312680781 0
1312680841 0
1312680902 0
1312680961 0
1312681021 0
1312681081 0
1312681141 0
1312681201 0
1312681261 0
1312681321 0
1312681381 0
1312681441 0
1312681501 0
1312681561 0
1312681621 0
1312681681 0
1312681741 0
1312681801 0
1312681861 0
1312681921 0
1312681981 0
1312682041 0
1312682101 0
1312682161 0
1312682221 0
1312682281 0
1312682341 0
1312682401 0
1312682461 0
1312682521 0
1312682581 0
1312682641 0
1312682701 0
1312682761 1
1312682821 1
1312682881 1
1312682941 1
1312683001 1
1312683061 1
1312683121 1
1312683181 1
1312683241 1
1312683302 1
1312683361 1
1312683421 1
1312683481 1
1312683541 1
1312683601 1
1312683661 1
1312683721 1
1312683781 1
1312683841 1
1312683901 1
1312683962 1
1312684021 1
1312684081 1
1312684141 1
1312684201 1
1312684261 1
1312684321 1
1312684381 1
1312684441 1
1312684501 1
1312684561 1
1312684621 1
1312684681 1
1312684741 1
1312684801 1
1312684861 1
1312684921 1
1312684981 1
1312685041 1
1312685101 1
1312685161 1
1312685221 1
1312685281 1
1312685341 1
1312685401 1
1312685461 1
1312685521 1
1312685581 1
1312685641 1
1312685701 1
1312685761 1
1312685821 1
1312685881 1
1312685941 1
1312686001 1
1312686061 1
1312686121 1
1312686181 1
1312686241 1
1312686301 1
1312686361 1
1312686421 1
1312686481 1
1312686541 1
1312686601 1
1312686661 1
1312686721 1
1312686781 1
1312686841 1
1312686902 1
1312686961 1
1312687021 1
1312687081 1
1312687141 1
1312687201 1
1312687261 1
1312687321 1
1312687381 1
1312687441 1
1312687501 1
1312687561 1
1312687621 1
1312687681 1
1312687741 1
1312687801 1
1312687861 1
1312687921 1
1312687981 1
1312688041 1
1312688101 1
1312688161 1
1312688221 1
1312688281 1
1312688341 1
1312688401 1
1312688461 1
1312688521 1
1312688581 1
1312688641 1
1312688701 1
1312688761 1
1312688821 1
1312688881 1
1312688941 1
1312689001 1
1312689061 1
1312689121 1
1312689181 1
1312689241 1
1312689301 1
1312689361 1
1312689421 1
1312689481 1
1312689541 1
1312689601 1
1312689661 1
1312689721 1
1312689781 1
1312689842 1
1312689901 1
1312689961 1
1312690021 1
1312690081 1
1312690141 1
1312690201 1
1312690261 1
1312690321 1
1312690381 1
1312690441 1
1312690501 1
1312690561 1
1312690621 1
1312690681 1
1312690741 1
1312690801 1
1312690861 1
1312690921 1
1312690981 1
1312691041 1
1312691101 1
1312691161 1
1312691221 1
1312691281 1
1312691341 1
1312691401 1
1312691461 1
1312691522 1
1312691581 1
1312691641 1
1312691701 1
1312691761 0
1312691821 0
1312691881 0
1312691941 0
1312692001 0
1312692061 0
1312692121 0
1312692181 0
1312692241 0
1312692301 0
1312692361 0
1312692421 0
1312692481 0
1312692541 0
1312692601 0
1312692661 0
1312692721 0
1312692781 0
1312692841 0
1312692901 0
1312692961 0
1312693021 0
1312693081 0
1312693141 0
1312693201 0
1312693261 0
1312693321 0
1312693381 0
1312693441 0
1312693501 0
1312693561 0
1312693621 0
1312693681 0
1312693741 0
1312693801 0
1312693861 0
1312693921 0
1312693981 0
1312694041 0
1312694101 0
1312694161 0
1312694221 0
1312694281 0
1312694342 0
1312694401 0
1312694461 0
1312694521 0
1312694581 0
1312694641 0
1312694701 0
1312694761 0
1312694821 0
1312694881 0
1312694941 0
1312695001 0
1312695061 0
1312695121 0
1312695181 0
1312695241 0
1312695301 0
1312695361 0
1312695421 0
1312695481 0
1312695541 0
1312695601 0
1312695661 0
1312695721 0
1312695781 0
1312695841 0
1312695901 0
1312695961 0
1312696021 0
1312696081 0
1312696141 0
1312696201 0
1312696261 0
1312696321 0
1312696381 0
1312696441 0
1312696501 0
1312696561 0
1312696621 0
1312696681 0
1312696741 0
1312696801 0
1312696861 0
1312696921 0
1312696981 0
1312697041 0
1312697101 0
1312697161 0
1312697221 1
1312697281 1
1312697341 1
1312697401 1
1312697461 1
1312697521 1
1312697581 1
1312697641 1
1312697701 1
1312697761 1
1312697821 1
1312697881 1
1312697941 1
1312698001 1
1312698061 1
1312698121 1
1312698181 0
1312698241 0
1312698301 0
1312698361 0
1312698421 0
1312698481 0
1312698541 0
1312698601 0
1312698662 0
1312698721 0
1312698781 0
1312698841 0
1312698901 0
1312698961 0
1312699021 1
1312699081 1
1312699141 1
1312699201 1
1312699261 1
1312699321 2
1312699381 2
1312699441 2
1312699501 2
1312699561 2
1312699621 2
1312699681 2
1312699741 2
1312699801 2
1312699861 2
1312699921 0
1312699981 0
1312700041 1
1312700101 1
1312700161 1
1312700221 1
1312700281 1
1312700341 1
1312700401 1
1312700461 1
1312700521 1
1312700581 1
1312700641 1
1312700701 1
1312700761 1
1312700821 1
1312700881 1
1312700941 1
1312701001 1
1312701061 1
1312701121 1
1312701181 1
1312701241 1
1312701301 1
1312701361 1
1312701421 1
1312701481 1
1312701541 1
1312701601 1
1312701661 1
1312701721 1
1312701781 1
1312701841 1
1312701901 1
1312701961 1
1312702021 1
1312702081 1
1312702141 1
1312702201 1
1312702261 1
1312702321 1
1312702381 1
1312702441 1
1312702501 1
1312702561 1
1312702621 1
1312702681 1
1312702741 0
1312702801 0
1312702861 0
1312702921 0
1312702981 0
1312703041 0
1312703101 0
1312703161 0
1312703221 0
1312703281 0
1312703341 0
1312703401 0
1312703461 0
1312703521 0
1312703581 0
1312703641 0
1312703701 0
1312703761 0
1312703821 0
1312703881 0
1312703941 0
1312704001 0
1312704061 0
1312704121 0
1312704181 0
1312704241 0
1312704301 0
1312704361 0
1312704421 0
1312704481 0
1312704541 0
1312704601 0
1312704661 0
1312704721 0
1312704781 0
1312704841 0
1312704901 0
1312704961 0
1312705021 0
1312705081 0
1312705141 0
1312705201 0
1312705261 0
1312705321 0
1312705381 0
1312705441 0
1312705501 0
1312705561 0
1312705621 0
1312705681 0
1312705741 0
1312705801 0
1312705861 0
1312705921 0
1312705981 0
1312706041 0
1312706101 0
1312706161 0
1312706221 0
1312706281 0
1312706341 0
1312706401 0
1312706461 0
1312706521 0
1312706581 0
1312706641 0
1312706701 0
1312706761 0
1312706821 0
1312706881 0
1312706941 0
1312707001 0
1312707061 0
1312707121 0
1312707181 0
1312707241 0
1312707301 0
1312707361 0
1312707421 1
1312707481 1
1312707541 1
1312707601 1
1312707661 1
1312707721 1
1312707781 1
1312707841 1
1312707901 1
1312707961 1
1312708021 1
1312708081 1
1312708141 1
1312708201 1
1312708261 1
1312708321 1
1312708381 1
1312708441 1
1312708501 1
1312708561 1
1312708621 1
1312708681 1
1312708741 1
1312708801 1
1312708861 1
1312708921 1
1312708981 1
1312709041 1
1312709101 1
1312709161 1
1312709221 1
1312709281 1
1312709341 1
1312709401 1
1312709461 1
1312709521 1
1312709581 1
1312709641 1
1312709701 1
1312709761 1
1312709821 1
1312709881 1
1312709941 1
1312710001 1
1312710061 1
1312710121 1
1312710181 1
1312710241 1
1312710301 1
1312710361 1
1312710421 1
1312710481 1
1312710541 1
1312710601 1
1312710661 1
1312710721 1
1312710781 1
1312710841 1
1312710901 1
1312710961 1
1312711021 1
1312711081 1
1312711141 1
1312711201 1
1312711261 1
1312711321 1
1312711381 1
1312711441 1
1312711501 1
1312711561 1
1312711621 1
1312711681 1
1312711741 1
1312711801 1
1312711861 0
1312711921 0
1312711981 0
1312712041 0
1312712101 0
1312712161 0
1312712221 0
1312712281 0
1312712341 0
1312712401 0
1312712461 0
1312712521 0
1312712581 0
1312712641 0
1312712701 0
1312712761 0
1312712822 0
1312712881 0
1312712941 0
1312713001 0
1312713061 0
1312713121 0
1312713181 0
1312713241 0
1312713301 0
1312713361 0
1312713421 0
1312713481 0
1312713541 0
1312713601 0
1312713661 0
1312713721 0
1312713781 0
1312713841 0
1312713901 0
1312713961 0
1312714021 0
1312714081 0
1312714141 0
1312714201 0
1312714261 1
1312714321 1
1312714381 1
1312714441 1
1312714501 1
1312714561 1
1312714621 1
1312714681 1
1312714741 1
1312714801 1
1312714861 1
1312714921 1
1312714981 1
1312715041 1
1312715101 1
1312715161 1
1312715221 1
1312715281 1
1312715341 1
1312715401 1
1312715461 1
1312715521 1
1312715581 1
1312715641 1
1312715701 1
1312715761 1
1312715821 1
1312715881 1
1312715941 1
1312716001 1
1312716061 1
1312716121 1
1312716181 1
1312716241 1
1312716301 1
1312716361 1
1312716421 1
1312716481 1
1312716541 1
1312716601 1
1312716661 1
1312716721 1
1312716782 1
1312716841 1
1312716901 1
1312716961 1
1312717021 1
1312717081 1
1312717141 1
1312717201 1
1312717261 1
1312717321 1
1312717381 1
1312717441 1
1312717501 1
1312717561 1
1312717621 1
1312717681 1
1312717741 1
1312717801 1
1312717861 1
1312717921 1
1312717981 1
1312718041 1
1312718101 1
1312718161 1
1312718221 1
1312718281 1
1312718341 1
1312718401 1
1312718461 1
1312718521 1
1312718581 1
1312718641 1
1312718701 1
1312718761 1
1312718821 1
1312718881 1
1312718941 1
1312719001 1
1312719061 1
1312719121 1
1312719181 1
1312719241 1
1312719301 1
1312719361 1
1312719421 1
1312719481 1
1312719541 1
1312719601 1
1312719661 1
1312719721 1
1312719781 1
1312719841 1
1312719901 1
1312719961 1
1312720021 1
1312720081 1
1312720141 1
1312720201 1
1312720261 1
1312720321 1
1312720381 1
1312720441 0
1312720501 1
1312720561 1
1312720621 1
1312720681 1
1312720741 1
1312720801 1
1312720861 1
1312720921 1
1312720981 1
1312721041 1
1312721102 1
1312721161 1
1312721221 1
1312721281 0
1312721341 1
1312721401 2
1312721461 2
1312721521 2
1312721581 2
1312721641 2
1312721701 2
1312721761 2
1312721821 2
1312721881 2
1312721941 2
1312722001 2
1312722061 2
1312722121 2
1312722181 2
1312722241 2
1312722301 2
1312722361 2
1312722421 2
1312722481 2
1312722541 2
1312722601 2
1312722661 2
1312722721 2
1312722781 2
1312722841 2
1312722901 2
1312722961 2
1312723021 2
1312723081 2
1312723141 2
1312723201 2
1312723261 1
1312723321 1
1312723381 1
1312723441 1
1312723501 1
1312723561 1
1312723621 1
1312723681 1
1312723741 1
1312723801 1
1312723861 1
1312723921 1
1312723981 1
1312724041 1
1312724101 1
1312724161 1
1312724221 1
1312724281 2
1312724341 2
1312724401 2
1312724462 2
1312724521 2
1312724581 2
1312724641 2
1312724701 2
1312724761 2
1312724821 2
1312724881 2
1312724941 2
1312725001 2
1312725061 2
1312725121 2
1312725181 2
1312725241 2
1312725301 2
1312725361 2
1312725421 2
1312725481 2
1312725541 2
1312725601 2
1312725661 2
1312725721 2
1312725781 2
1312725841 2
1312725901 2
1312725961 2
1312726021 2
1312726081 2
1312726141 1
1312726201 1
1312726261 1
1312726321 1
1312726381 1
1312726441 1
1312726501 1
1312726561 1
1312726621 1
1312726681 1
1312726741 1
1312726801 1
1312726861 1
1312726921 1
1312726981 1
1312727041 1
1312727101 1
1312727162 1
1312727221 1
1312727281 1
1312727341 1
1312727401 1
1312727461 1
1312727521 1
1312727581 1
1312727641 1
1312727701 1
1312727761 1
1312727821 1
1312727881 1
1312727941 1
1312728001 1
1312728061 1
1312728121 1
1312728181 1
1312728241 1
1312728301 1
1312728361 1
1312728421 1
1312728481 1
1312728541 1
1312728601 1
1312728661 1
1312728721 1
1312728781 1
1312728841 1
1312728901 1
1312728961 1
1312729021 1
1312729081 1
1312729141 1
1312729201 1
1312729261 1
1312729321 0
1312729381 1
1312729441 1
1312729501 1
1312729561 1
1312729621 1
1312729681 1
1312729741 1
1312729801 1
1312729861 0
1312729921 0
1312729981 0
1312730041 0
1312730101 0
1312730161 0
1312730221 0
1312730281 0
1312730341 0
1312730401 0
1312730461 1
1312730521 1
1312730581 1
1312730641 1
1312730701 1
1312730761 1
1312730821 1
1312730881 1
1312730941 1
1312731001 1
1312731061 1
1312731121 1
1312731181 0
1312731241 0
1312731301 0
1312731361 0
1312731421 0
1312731481 0
1312731541 0
1312731601 0
1312731661 0
1312731721 0
1312731781 0
1312731841 1
1312731901 1
1312731961 1
1312732021 1
1312732081 1
1312732141 1
1312732201 1
1312732261 1
1312732321 1
1312732381 1
1312732441 1
1312732502 1
1312732561 1
1312732621 1
1312732681 1
1312732741 1
1312732801 1
