1312128061 6
1312128121 6
1312128181 6
1312128241 6
1312128301 6
1312128361 6
1312128421 6
1312128481 6
1312128541 6
1312128601 6
1312128661 6
1312128721 2
1312128781 2
1312128841 2
1312128901 2
1312128961 2
1312129021 2
1312129081 2
1312129141 2
1312129201 2
1312129261 2
1312129321 2
1312129381 2
1312129441 2
1312129501 2
1312129561 2
1312129621 2
1312129681 2
1312129741 3
1312129801 4
1312129861 4
1312129921 5
1312129981 5
1312130041 5
1312130101 5
1312130161 5
1312130221 5
1312130281 5
1312130341 5
1312130401 5
1312130461 5
1312130521 5
1312130581 5
1312130641 5
1312130701 5
1312130761 5
1312130821 5
1312130881 3
1312130941 3
1312131001 3
1312131061 3
1312131121 3
1312131181 3
1312131241 3
1312131301 3
1312131361 3
1312131421 3
1312131481 3
1312131541 4
1312131601 4
1312131661 4
1312131721 4
1312131781 4
1312131841 4
1312131901 4
1312131961 4
1312132021 4
1312132081 4
1312132141 4
1312132201 4
1312132261 4
1312132321 4
1312132381 4
1312132441 4
1312132501 4
1312132561 4
1312132621 4
1312132681 4
1312132741 4
1312132801 4
1312132861 4
1312132921 4
1312132981 4
1312133041 4
1312133101 4
1312133161 4
1312133221 4
1312133281 4
1312133341 4
1312133401 4
1312133461 4
1312133521 4
1312133581 2
1312133641 2
1312133701 2
1312133761 2
1312133821 2
1312133881 2
1312133941 2
1312134001 2
1312134061 2
1312134121 2
1312134181 2
1312134241 3
1312134301 3
1312134361 3
1312134421 3
1312134481 3
1312134541 3
1312134601 3
1312134661 3
1312134721 3
1312134781 3
1312134841 3
1312134901 3
1312134961 3
1312135021 3
1312135081 3
1312135141 3
1312135201 3
1312135261 3
1312135321 3
1312135381 3
1312135441 3
1312135501 3
1312135561 3
1312135621 3
1312135681 3
1312135741 3
1312135801 3
1312135861 3
1312135922 3
1312135981 3
1312136041 3
1312136101 3
1312136161 4
1312136221 4
1312136281 4
1312136341 4
1312136401 4
1312136461 5
1312136521 5
1312136581 5
1312136641 5
1312136701 5
1312136761 5
1312136821 5
1312136881 5
1312136942 5
1312137001 5
1312137061 5
1312137121 5
1312137181 5
1312137241 5
1312137301 5
1312137361 5
1312137421 5
1312137481 5
1312137541 5
1312137601 5
1312137661 5
1312137721 5
1312137781 5
1312137841 5
1312137901 5
1312137961 5
1312138021 5
1312138081 5
1312138141 5
1312138201 5
1312138261 5
1312138321 5
1312138381 5
1312138441 5
1312138501 5
1312138561 5
1312138621 5
1312138681 5
1312138741 5
1312138801 5
1312138861 5
1312138921 5
1312138981 5
1312139041 5
1312139101 5
1312139161 5
1312139221 5
1312139281 5
1312139341 5
1312139401 5
1312139461 5
1312139521 5
1312139581 5
1312139641 5
1312139702 5
1312139761 5
1312139821 5
1312139881 5
1312139941 5
1312140001 5
1312140061 5
1312140121 5
1312140181 5
1312140241 5
1312140301 5
1312140361 5
1312140421 5
1312140481 5
1312140541 5
1312140601 5
1312140661 5
1312140721 5
1312140781 5
1312140841 5
1312140901 5
1312140961 5
1312141021 5
1312141081 5
1312141141 5
1312141201 5
1312141261 5
1312141321 5
1312141381 5
1312141441 5
1312141501 5
1312141561 5
1312141621 5
1312141681 5
1312141741 5
1312141801 5
1312141861 5
1312141921 5
1312141981 5
1312142041 5
1312142101 5
1312142161 5
1312142221 5
1312142281 5
1312142341 2
1312142401 3
1312142461 3
1312142521 3
1312142582 3
1312142641 3
1312142701 3
1312142761 3
1312142821 3
1312142881 3
1312142941 3
1312143001 3
1312143061 3
1312143121 3
1312143181 3
1312143241 3
1312143301 3
1312143361 3
1312143421 3
1312143481 3
1312143541 3
1312143601 3
1312143661 3
1312143721 3
1312143781 3
1312143841 3
1312143901 3
1312143961 3
1312144021 3
1312144081 3
1312144141 3
1312144202 3
1312144261 3
1312144321 3
1312144381 3
1312144445 3
1312144501 3
1312144561 3
1312144621 3
1312144681 3
1312144741 3
1312144801 3
1312144861 3
1312144921 3
1312144981 3
1312145041 3
1312145101 3
1312145161 3
1312145221 3
1312145281 3
1312145341 3
1312145401 3
1312145461 3
1312145521 3
1312145581 3
1312145641 3
1312145701 3
1312145761 3
1312145821 3
1312145881 3
1312145941 3
1312146001 3
1312146061 3
1312146121 3
1312146181 3
1312146241 3
1312146301 3
1312146361 3
1312146421 3
1312146481 3
1312146541 3
1312146601 3
1312146594 3
1312146601 3
1312146661 3
1312146721 3
1312146781 3
1312146841 3
1312146901 3
1312146961 3
1312147021 3
1312147081 3
1312147141 3
1312147201 3
1312147261 3
1312147321 3
1312147381 3
1312147441 3
1312147501 3
1312147561 3
1312147621 3
1312147681 3
1312147741 3
1312147801 3
1312147861 3
1312147921 3
1312147981 3
1312148041 3
1312148101 3
1312148161 3
1312148221 3
1312148281 3
1312148341 3
1312148401 3
1312148461 3
1312148521 3
1312148581 3
1312148641 3
1312148701 3
1312148761 3
1312148822 3
1312148881 3
1312148941 3
1312149001 3
1312149061 3
1312149121 3
1312149181 3
1312149241 3
1312149301 3
1312149361 3
1312149421 3
1312149481 3
1312149541 3
1312149601 3
1312149661 3
1312149721 3
1312149781 3
1312149841 3
1312149901 3
1312149961 3
1312150021 3
1312150081 3
1312150141 3
1312150201 3
1312150261 3
1312150321 3
1312150381 3
1312150441 3
1312150501 3
1312150561 3
1312150621 3
1312150681 3
1312150741 3
1312150801 3
1312150861 3
1312150921 3
1312150981 3
1312151041 3
1312151101 3
1312151161 3
1312151221 3
1312151281 3
1312151341 3
1312151401 3
1312151462 3
1312151521 3
1312151581 3
1312151641 3
1312151701 3
1312151761 3
1312151821 3
1312151881 3
1312151941 3
1312152001 3
1312152061 3
1312152121 3
1312152181 3
1312152241 3
1312152301 3
1312152361 3
1312152421 3
1312152481 3
1312152541 3
1312152601 3
1312152661 3
1312152721 3
1312152781 3
1312152841 3
1312152901 3
1312152961 3
1312153021 3
1312153081 3
1312153141 3
1312153201 3
1312153261 3
1312153321 3
1312153381 3
1312153441 3
1312153501 3
1312153561 3
1312153622 3
1312153681 3
1312153741 3
1312153801 3
1312153861 3
1312153921 3
1312153981 3
1312154041 3
1312154101 3
1312154161 3
1312154221 3
1312154281 3
1312154341 3
1312154401 3
1312154461 3
1312154521 3
1312154581 3
1312154641 3
1312154701 3
1312154761 3
1312154821 3
1312154881 3
1312154941 3
1312155001 3
1312155061 3
1312155121 3
1312155181 3
1312155241 3
1312155301 3
1312155361 3
1312155421 3
1312155481 3
1312155541 3
1312155601 3
1312155661 3
1312155721 3
1312155781 3
1312155841 3
1312155901 3
1312155961 3
1312156021 3
1312156081 3
1312156141 3
1312156201 3
1312156261 3
1312156321 3
1312156381 3
1312156441 3
1312156501 3
1312156561 3
1312156621 3
1312156681 3
1312156741 2
1312156801 2
1312156861 2
1312156921 2
1312156981 2
1312157041 2
1312157101 2
1312157161 2
1312157221 2
1312157281 2
1312157341 2
1312157401 2
1312157461 2
1312157521 2
1312157581 2
1312157641 2
1312157701 2
1312157761 2
1312157821 2
1312157881 2
1312157941 2
1312158001 2
1312158061 2
1312158121 2
1312158181 2
1312158241 2
1312158301 2
1312158361 2
1312158421 2
1312158481 2
1312158541 2
1312158601 2
1312158661 2
1312158721 2
1312158781 2
1312158841 2
1312158901 2
1312158961 2
1312159021 2
1312159081 2
1312159141 2
1312159201 2
1312159261 2
1312159321 2
1312159381 2
1312159441 2
1312159501 2
1312159561 2
1312159621 2
1312159681 2
1312159741 2
1312159802 2
1312159862 2
1312159921 2
1312159981 2
1312160041 2
1312160101 2
1312160161 2
1312160221 2
1312160281 2
1312160341 2
1312160401 2
1312160461 2
1312160521 2
1312160581 2
1312160641 2
1312160701 2
1312160761 2
1312160821 2
1312160881 2
1312160941 2
1312161001 2
1312161061 2
1312161121 2
1312161181 2
1312161241 2
1312161301 2
1312161361 2
1312161421 2
1312161481 2
1312161541 2
1312161601 2
1312161661 2
1312161721 2
1312161781 2
1312161841 2
1312161901 2
1312161962 2
1312162021 2
1312162081 2
1312162141 2
1312162201 2
1312162261 2
1312162321 2
1312162381 2
1312162441 2
1312162501 2
1312162561 2
1312162621 2
1312162681 2
1312162741 2
1312162801 2
1312162861 2
1312162921 2
1312162981 2
1312163041 2
1312163101 2
1312163161 2
1312163221 2
1312163281 2
1312163341 2
1312163401 2
1312163461 2
1312163521 2
1312163581 2
1312163641 2
1312163701 2
1312163761 2
1312163821 2
1312163881 2
1312163941 2
1312164001 2
1312164061 2
1312164121 2
1312164181 2
1312164241 2
1312164301 2
1312164361 2
1312164421 2
1312164481 2
1312164541 2
1312164601 2
1312164661 2
1312164721 2
1312164781 2
1312164841 2
1312164901 2
1312164961 2
1312165021 2
1312165081 2
1312165141 2
1312165201 2
1312165261 2
1312165321 2
1312165381 2
1312165441 2
1312165501 2
1312165561 2
1312165621 2
1312165681 2
1312165741 2
1312165801 2
1312165861 2
1312165921 2
1312165981 2
1312166041 2
1312166101 2
1312166161 2
1312166221 2
1312166281 2
1312166341 2
1312166401 2
1312166461 2
1312166521 2
1312166581 2
1312166641 2
1312166701 2
1312166761 2
1312166821 2
1312166881 2
1312166941 2
1312167001 2
1312167061 2
1312167121 2
1312167181 2
1312167241 2
1312167301 2
1312167361 2
1312167421 2
1312167481 2
1312167541 2
1312167601 2
1312167661 2
1312167721 2
1312167781 2
1312167841 2
1312167901 2
1312167961 2
1312168021 2
1312168081 2
1312168141 2
1312168201 2
1312168261 3
1312168321 3
1312168381 4
1312168441 4
1312168501 4
1312168561 4
1312168621 4
1312168681 4
1312168741 4
1312168801 4
1312168861 4
1312168921 4
1312168982 4
1312169041 4
1312169101 4
1312169161 4
1312169221 4
1312169281 4
1312169341 4
1312169401 4
1312169461 4
1312169521 4
1312169581 4
1312169641 4
1312169701 3
1312169761 3
1312169821 3
1312169881 3
1312169941 3
1312170001 3
1312170061 3
1312170121 3
1312170181 3
1312170241 3
1312170301 3
1312170361 3
1312170421 3
1312170481 3
1312170541 3
1312170601 3
1312170661 3
1312170721 3
1312170781 3
1312170841 3
1312170901 3
1312170961 3
1312171021 3
1312171082 3
1312171141 3
1312171201 3
1312171261 3
1312171321 3
1312171381 3
1312171441 3
1312171501 3
1312171561 3
1312171621 3
1312171681 3
1312171741 3
1312171801 3
1312171861 3
1312171921 3
1312171981 3
1312172041 3
1312172101 3
1312172161 3
1312172221 3
1312172281 3
1312172341 3
1312172401 3
1312172461 3
1312172521 3
1312172581 3
1312172641 3
1312172701 3
1312172761 1
1312172821 1
1312172881 1
1312172941 1
1312173001 1
1312173061 1
1312173121 1
1312173181 1
1312173241 1
1312173301 1
1312173361 1
1312173421 1
1312173481 1
1312173541 1
1312173601 2
1312173661 2
1312173721 3
1312173781 3
1312173841 3
1312173901 3
1312173961 3
1312174021 3
1312174081 3
1312174141 3
1312174201 3
1312174261 3
1312174321 3
1312174381 3
1312174441 3
1312174501 3
1312174561 3
1312174621 3
1312174681 3
1312174741 3
1312174801 3
1312174861 3
1312174921 3
1312174981 3
1312175041 2
1312175101 2
1312175161 2
1312175221 2
1312175281 2
1312175341 2
1312175401 2
1312175462 2
1312175521 2
1312175581 2
1312175641 2
1312175701 2
1312175761 2
1312175821 2
1312175881 2
1312175941 2
1312176001 2
1312176061 2
1312176121 2
1312176181 2
1312176241 2
1312176301 2
1312176361 2
1312176421 2
1312176481 2
1312176541 2
1312176601 2
1312176661 2
1312176721 2
1312176781 2
1312176841 2
1312176901 2
1312176961 2
1312177021 2
1312177081 2
1312177141 2
1312177202 2
1312177261 2
1312177321 2
1312177381 2
1312177441 2
1312177501 2
1312177561 2
1312177621 2
1312177681 2
1312177741 2
1312177801 2
1312177861 2
1312177921 2
1312177981 2
1312178041 2
1312178101 2
1312178161 2
1312178221 2
1312178281 2
1312178341 2
1312178401 2
1312178461 2
1312178521 2
1312178581 2
1312178641 2
1312178701 2
1312178761 2
1312178821 1
1312178881 1
1312178941 1
1312179001 1
1312179062 1
1312179121 1
1312179181 1
1312179241 1
1312179301 1
1312179361 1
1312179421 1
1312179481 1
1312179541 1
1312179601 1
1312179661 1
1312179721 1
1312179781 1
1312179841 2
1312179901 2
1312179961 2
1312180021 2
1312180081 2
1312180141 2
1312180202 3
1312180261 3
1312180321 3
1312180381 3
1312180441 3
1312180501 3
1312180561 2
1312180621 2
1312180681 2
1312180741 2
1312180801 2
1312180861 2
1312180921 1
1312180981 2
1312181041 2
1312181101 2
1312181161 4
1312181221 4
1312181281 4
1312181341 4
1312181401 4
1312181461 4
1312181521 3
1312181581 3
1312181641 2
1312181701 2
1312181761 1
1312181821 1
1312181881 1
1312181941 1
1312182001 1
1312182061 1
1312182121 1
1312182181 1
1312182241 1
1312182301 1
1312182361 1
1312182421 1
1312182481 1
1312182541 1
1312182601 1
1312182661 1
1312182721 1
1312182781 1
1312182841 1
1312182901 1
1312182961 1
1312183021 1
1312183081 1
1312183141 1
1312183201 1
1312183261 1
1312183321 1
1312183381 2
1312183441 2
1312183501 2
1312183561 2
1312183621 2
1312183681 2
1312183741 2
1312183801 2
1312183861 2
1312183921 2
1312183981 2
1312184041 2
1312184101 2
1312184161 2
1312184221 2
1312184281 2
1312184341 2
1312184401 2
1312184461 2
1312184521 2
1312184581 2
1312184641 2
1312184701 2
1312184761 1
1312184821 1
1312184881 1
1312184941 1
1312185001 1
1312185061 1
1312185121 1
1312185181 1
1312185241 2
1312185301 3
1312185361 3
1312185421 3
1312185481 3
1312185541 3
1312185601 3
1312185661 3
1312185721 3
1312185781 2
1312185841 2
1312185901 2
1312185961 2
1312186021 2
1312186081 2
1312186141 2
1312186202 3
1312186261 4
1312186321 4
1312186381 5
1312186441 5
1312186501 6
1312186561 6
1312186621 6
1312186681 6
1312186741 6
1312186801 6
1312186861 6
1312186921 6
1312186981 6
1312187041 6
1312187101 6
1312187161 6
1312187221 6
1312187281 6
1312187341 6
1312187401 6
1312187461 6
1312187521 6
1312187581 6
1312187641 6
1312187701 6
1312187761 6
1312187821 6
1312187881 4
1312187941 4
1312188001 4
1312188061 4
1312188121 4
1312188181 4
1312188241 4
1312188301 4
1312188361 4
1312188421 4
1312188481 4
1312188541 3
1312188601 4
1312188661 5
1312188721 5
1312188781 5
1312188841 5
1312188901 5
1312188961 5
1312189021 5
1312189081 5
1312189141 4
1312189201 4
1312189261 4
1312189321 4
1312189381 4
1312189441 4
1312189501 4
1312189561 4
1312189621 4
1312189681 4
1312189741 4
1312189801 5
1312189861 5
1312189921 5
1312189981 5
1312190041 5
1312190101 4
1312190161 5
1312190221 5
1312190281 5
1312190341 5
1312190401 5
1312190461 5
1312190521 5
1312190581 5
1312190641 4
1312190701 4
1312190761 4
1312190821 4
1312190881 4
1312190941 4
1312191001 4
1312191061 4
1312191121 4
1312191181 4
1312191241 4
1312191301 4
1312191361 4
1312191421 5
1312191481 5
1312191541 5
1312191601 5
1312191661 6
1312191722 6
1312191781 6
1312191841 6
1312191901 6
1312191961 7
1312192021 8
1312192081 8
1312192141 8
1312192201 8
1312192261 8
1312192321 8
1312192381 8
1312192441 8
1312192501 8
1312192561 8
1312192621 5
1312192681 5
1312192741 5
1312192801 5
1312192861 5
1312192921 5
1312192981 5
1312193041 5
1312193101 5
1312193162 5
1312193221 5
1312193281 5
1312193341 5
1312193401 5
1312193461 5
1312193521 5
1312193581 5
1312193641 5
1312193701 5
1312193761 5
1312193821 5
1312193881 5
1312193941 5
1312194001 5
1312194061 5
1312194121 5
1312194181 5
1312194241 5
1312194301 5
1312194361 5
1312194421 5
1312194481 5
1312194541 5
1312194601 5
1312194661 5
1312194721 5
1312194781 5
1312194841 5
1312194901 5
1312194961 5
1312195021 5
1312195081 5
1312195141 5
1312195201 5
1312195261 5
1312195321 5
1312195381 5
1312195441 5
1312195501 5
1312195561 5
1312195621 5
1312195681 5
1312195741 5
1312195801 5
1312195861 5
1312195921 5
1312195981 5
1312196041 5
1312196101 5
1312196161 5
1312196221 5
1312196281 5
1312196341 5
1312196401 5
1312196461 5
1312196521 5
1312196581 5
1312196641 4
1312196701 5
1312196761 5
1312196821 5
1312196881 5
1312196941 5
1312197001 6
1312197061 7
1312197121 7
1312197181 7
1312197241 7
1312197301 7
1312197361 7
1312197421 7
1312197481 7
1312197541 7
1312197601 8
1312197661 8
1312197721 8
1312197781 8
1312197841 8
1312197901 8
1312197961 8
1312198021 8
1312198081 8
1312198141 8
1312198201 8
1312198261 8
1312198321 8
1312198381 8
1312198441 8
1312198501 8
1312198561 8
1312198621 8
1312198681 8
1312198741 8
1312198801 8
1312198861 8
1312198921 8
1312198982 8
1312199041 8
1312199101 8
1312199161 8
1312199221 8
1312199281 8
1312199341 8
1312199401 8
1312199461 8
1312199521 8
1312199581 8
1312199641 8
1312199701 8
1312199761 8
1312199821 8
1312199881 8
1312199941 8
1312200001 4
1312200061 4
1312200121 4
1312200181 4
1312200241 4
1312200301 4
1312200361 4
1312200421 4
1312200481 4
1312200541 4
1312200601 4
1312200661 4
1312200721 4
1312200781 4
1312200841 4
1312200901 4
1312200961 4
1312201021 4
1312201081 4
1312201141 4
1312201201 4
1312201261 4
1312201321 4
1312201381 4
1312201441 4
1312201501 4
1312201561 4
1312201622 4
1312201681 4
1312201741 4
1312201801 4
1312201861 4
1312201921 4
1312201981 4
1312202041 4
1312202101 4
1312202161 4
1312202221 5
1312202281 5
1312202341 5
1312202401 5
1312202461 5
1312202521 5
1312202581 5
1312202641 5
1312202701 5
1312202761 5
1312202821 5
1312202881 5
1312202941 5
1312203001 5
1312203061 5
1312203121 5
1312203181 5
1312203241 5
1312203301 5
1312203361 5
1312203421 5
1312203481 5
1312203541 5
1312203601 5
1312203661 5
1312203721 5
1312203781 5
1312203841 5
1312203901 5
1312203961 5
1312204021 5
1312204081 5
1312204141 5
1312204201 5
1312204261 5
1312204321 5
1312204381 5
1312204441 5
1312204501 5
1312204561 5
1312204621 5
1312204681 5
1312204741 5
1312204801 5
1312204861 5
1312204921 5
1312204981 5
1312205041 5
1312205101 5
1312205161 5
1312205221 5
1312205281 5
1312205341 5
1312205401 5
1312205461 5
1312205521 5
1312205581 5
1312205641 5
1312205701 5
1312205761 5
1312205821 5
1312205881 5
1312205941 5
1312206001 5
1312206061 5
1312206121 5
1312206181 5
1312206241 5
1312206301 5
1312206361 5
1312206421 5
1312206481 5
1312206541 5
1312206601 5
1312206661 5
1312206721 5
1312206781 4
1312206841 4
1312206901 4
1312206961 4
1312207021 4
1312207081 4
1312207141 4
1312207201 4
1312207262 4
1312207321 4
1312207381 4
1312207441 4
1312207501 3
1312207561 3
1312207621 3
1312207681 3
1312207741 3
1312207801 3
1312207861 3
1312207921 3
1312207981 3
1312208041 3
1312208101 3
1312208161 3
1312208221 3
1312208281 3
1312208341 3
1312208401 3
1312208461 3
1312208521 3
1312208581 3
1312208641 3
1312208701 3
1312208761 3
1312208821 3
1312208881 3
1312208941 3
1312209001 3
1312209061 3
1312209121 3
1312209181 3
1312209241 3
1312209301 3
1312209361 3
1312209421 3
1312209481 3
1312209541 3
1312209601 3
1312209661 3
1312209721 3
1312209781 3
1312209841 3
1312209901 4
1312209961 4
1312210021 4
1312210081 4
1312210141 4
1312210201 4
1312210261 4
1312210321 4
1312210381 4
1312210441 4
1312210501 4
1312210561 4
1312210621 4
1312210681 4
1312210741 4
1312210801 2
1312210861 2
1312210921 2
1312210981 2
1312211041 2
1312211101 2
1312211161 2
1312211221 2
1312211281 2
1312211341 2
1312211401 2
1312211461 2
1312211521 2
1312211582 2
1312211641 2
1312211701 2
1312211761 2
1312211821 2
1312211881 2
1312211941 2
1312212001 2
1312212061 2
1312212121 2
1312212181 2
1312212241 2
1312212301 2
1312212361 2
1312212421 2
1312212481 2
1312212541 2
1312212601 2
1312212661 2
1312212721 2
1312212781 2
1312212841 2
1312212902 2
1312212961 2
1312213021 2
1312213081 1
1312213141 2
1312213201 2
1312213261 2
1312213321 2
1312213381 2
1312213441 2
1312213501 2
1312213561 2
1312213621 2
1312213681 2
1312213741 1
1312213801 1
1312213861 2
1312213921 2
1312213981 2
1312214041 2
1312214101 2
1312214161 2
1312214221 2
1312214281 2
1312214341 2
1312214401 2
