1308326462 424
1308326521 423
1308326581 420
1308326641 420
1308326701 422
1308326761 416
1308326821 423
1308326881 417
1308326941 422
1308327001 415
1308327061 417
1308327121 422
1308327181 427
1308327241 413
1308327301 405
1308327361 401
1308327421 410
1308327481 407
1308327541 399
1308327601 413
1308327661 410
1308327721 410
1308327782 410
1308327841 413
1308327901 416
1308327961 400
1308328021 399
1308328081 398
1308328141 400
1308328201 397
1308328261 385
1308328321 384
1308328381 380
1308328441 384
1308328501 384
1308328561 382
1308328621 391
1308328681 376
1308328741 385
1308328801 388
1308328861 377
1308328921 384
1308328981 389
1308329041 388
1308329101 383
1308329161 385
1308329221 391
1308329281 389
1308329341 388
1308329401 383
1308329461 377
1308329521 380
1308329581 382
1308329642 376
1308329701 380
1308329761 365
1308329821 371
1308329881 374
1308329941 374
1308330001 366
1308330061 361
1308330121 362
1308330181 366
1308330241 358
1308330301 357
1308330361 348
1308330421 351
1308330481 340
1308330541 340
1308330601 349
1308330661 336
1308330721 334
1308330781 336
1308330841 322
1308330901 322
1308330961 320
1308331021 325
1308331081 328
1308331141 327
1308331201 328
1308331261 310
1308331321 323
1308331381 323
1308331441 317
1308331501 319
1308331561 317
1308331621 318
1308331681 317
1308331741 320
1308331801 313
1308331861 315
1308331921 316
1308331981 318
1308332041 307
1308332101 300
1308332161 303
1308332221 296
1308332281 295
1308332341 303
1308332401 295
1308332461 291
1308332521 285
1308332581 285
1308332641 292
1308332701 288
1308332761 281
1308332821 280
1308332881 286
1308332941 294
1308333002 285
1308333061 285
1308333121 290
1308333181 282
1308333241 284
1308333301 286
1308333361 278
1308333421 278
1308333481 284
1308333541 283
1308333601 283
1308333661 275
1308333722 276
1308333781 273
1308333841 268
1308333901 265
1308333961 258
1308334021 258
1308334081 255
1308334141 255
1308334202 254
1308334261 258
1308334321 262
1308334381 267
1308334441 264
1308334501 260
1308334561 263
1308334621 257
1308334681 253
1308334741 251
1308334801 242
1308334861 242
1308334921 237
1308334981 238
1308335041 234
1308335101 234
1308335161 235
1308335221 230
1308335281 236
1308335341 236
1308335401 227
1308335461 233
1308335521 231
1308335581 230
1308335641 230
1308335701 228
1308335761 226
1308335821 221
1308335881 221
1308335941 228
1308336001 214
1308336061 211
1308336121 210
1308336181 217
1308336241 216
1308336301 214
1308336361 211
1308336421 217
1308336481 211
1308336541 215
1308336601 206
1308336661 206
1308336721 207
1308336781 202
1308336841 194
1308336901 190
1308336961 188
1308337021 190
1308337082 186
1308337141 187
1308337201 181
1308337261 180
1308337321 178
1308337381 183
1308337441 185
1308337501 183
1308337561 180
1308337621 182
1308337681 183
1308337741 186
1308337801 188
1308337861 192
1308337921 182
1308337981 178
1308338041 181
1308338101 169
1308338161 169
1308338221 168
1308338281 173
1308338342 170
1308338401 170
1308338461 166
1308338521 168
1308338581 172
1308338641 162
1308338702 167
1308338761 158
1308338821 161
1308338881 165
1308338941 169
1308339001 170
1308339061 154
1308339121 157
1308339181 159
1308339241 161
1308339301 163
1308339361 147
1308339421 153
1308339481 155
1308339542 156
1308339602 159
1308339661 150
1308339721 155
1308339781 159
1308339841 155
1308339901 156
1308339961 150
1308340021 148
1308340081 150
1308340141 146
1308340201 148
1308340261 151
1308340321 149
1308340381 154
1308340441 148
1308340501 150
1308340561 152
1308340621 154
1308340681 145
1308340741 144
1308340801 138
1308340861 139
1308340921 141
1308340981 143
1308341041 143
1308341101 136
1308341161 139
1308341221 140
1308341281 144
1308341341 137
1308341401 135
1308341461 134
1308341521 139
1308341581 137
1308341641 139
1308341701 141
1308341761 138
1308341821 137
1308341881 138
1308341941 142
1308342001 144
1308342061 145
1308342121 135
1308342181 137
1308342241 141
1308342301 141
1308342362 143
1308342421 145
1308342481 148
1308342541 151
1308342601 151
1308342661 153
1308342721 155
1308342781 158
1308342841 126
1308342901 126
1308342961 126
1308343021 129
1308343081 132
1308343142 135
1308343202 124
1308343261 124
1308343321 125
1308343381 128
1308343441 133
1308343501 126
1308343561 128
1308343621 130
1308343681 133
1308343741 136
1308343801 120
1308343861 122
1308343921 123
1308343981 125
1308344041 127
1308344101 122
1308344161 124
1308344221 125
1308344281 126
1308344341 124
1308344401 121
1308344461 121
1308344521 124
1308344581 127
1308344641 125
1308344701 128
1308344761 129
1308344821 132
1308344881 135
1308344941 123
1308345001 127
1308345061 128
1308345121 130
1308345181 132
1308345241 134
1308345301 137
1308345361 138
1308345421 122
1308345481 125
1308345541 129
1308345601 132
1308345661 133
1308345721 135
1308345781 119
1308345841 119
1308345901 120
1308345961 119
1308346021 120
1308346081 122
1308346141 122
1308346201 123
1308346261 125
1308346321 126
1308346381 129
1308346441 131
1308346501 132
1308346561 134
1308346621 136
1308346681 139
1308346741 141
1308346801 143
1308346861 144
1308346921 145
1308346981 147
1308347041 149
1308347101 150
1308347161 151
1308347221 151
1308347281 153
1308347341 153
1308347401 153
1308347461 111
1308347521 113
1308347581 116
1308347641 119
1308347701 120
1308347761 113
1308347821 115
1308347881 112
1308347941 115
1308348001 116
1308348061 118
1308348121 111
1308348181 113
1308348241 116
1308348301 117
1308348361 119
1308348421 121
1308348481 123
1308348541 124
1308348601 124
1308348661 125
1308348721 126
1308348781 129
1308348841 131
1308348901 131
1308348961 133
1308349021 110
1308349081 113
1308349141 109
1308349201 110
1308349261 111
1308349321 109
1308349381 113
1308349441 114
1308349501 115
1308349561 117
1308349621 112
1308349681 114
1308349741 110
1308349801 111
1308349861 113
1308349921 116
1308349981 119
1308350041 120
1308350101 122
1308350161 124
1308350221 125
1308350281 127
1308350341 129
1308350401 130
1308350461 110
1308350521 113
1308350581 116
1308350641 118
1308350701 118
1308350761 119
1308350821 109
1308350881 112
1308350941 114
1308351001 115
1308351062 115
1308351121 117
1308351181 119
1308351241 111
1308351301 111
1308351361 113
1308351421 115
1308351481 118
1308351541 110
1308351601 111
1308351661 113
1308351721 116
1308351781 113
1308351841 116
1308351901 117
1308351961 119
1308352021 121
1308352081 123
1308352141 111
1308352201 112
1308352261 113
1308352321 115
1308352381 118
1308352441 121
1308352501 122
1308352561 123
1308352621 125
1308352681 127
1308352741 129
1308352801 106
1308352861 108
1308352921 108
1308352981 113
1308353041 118
1308353101 119
1308353161 115
1308353221 116
1308353281 117
1308353341 120
1308353401 117
1308353461 117
1308353521 115
1308353581 119
1308353641 122
1308353701 114
1308353761 114
1308353821 113
1308353881 115
1308353941 115
1308354001 114
1308354061 114
1308354121 117
1308354181 117
1308354241 118
1308354301 116
1308354362 118
1308354421 117
1308354481 119
1308354541 116
1308354601 117
1308354661 118
1308354721 114
1308354781 117
1308354841 119
1308354901 115
1308354961 116
1308355021 120
1308355081 123
1308355141 127
1308355201 123
1308355261 121
1308355321 122
1308355381 125
1308355441 122
1308355501 125
1308355561 121
1308355621 119
1308355681 122
1308355741 120
1308355801 119
1308355861 122
1308355921 124
1308355981 125
1308356041 126
1308356101 125
1308356161 128
1308356221 124
1308356281 123
1308356341 126
1308356401 127
1308356461 129
1308356521 126
1308356581 132
1308356641 129
1308356701 131
1308356761 128
1308356821 127
1308356881 130
1308356941 128
1308357001 130
1308357061 130
1308357121 131
1308357181 134
1308357241 131
1308357301 134
1308357361 133
1308357421 134
1308357481 133
1308357541 132
1308357601 132
1308357661 135
1308357721 135
1308357781 135
1308357841 134
1308357901 136
1308357961 141
1308358021 145
1308358081 147
1308358141 147
1308358201 147
1308358261 147
1308358321 145
1308358381 150
1308358441 148
1308358501 150
1308358561 150
1308358621 150
1308358681 159
1308358741 162
1308358801 161
1308358861 163
1308358921 161
1308358981 169
1308359041 171
1308359101 156
1308359161 152
1308359221 152
1308359281 153
1308359341 154
1308359401 149
1308359461 153
1308359521 149
1308359581 157
1308359641 156
1308359701 160
1308359761 161
1308359821 159
1308359881 167
1308359941 166
1308360001 164
1308360061 167
1308360121 157
1308360181 161
1308360241 165
1308360301 167
1308360361 164
1308360421 165
1308360481 164
1308360541 171
1308360601 171
1308360661 172
1308360721 170
1308360781 171
1308360841 173
1308360901 170
1308360961 175
1308361021 179
1308361081 184
1308361141 180
1308361201 180
1308361261 186
1308361321 188
1308361381 187
1308361441 185
1308361501 188
1308361561 191
1308361621 185
1308361681 194
1308361741 196
1308361801 200
1308361861 198
1308361921 203
1308361981 195
1308362041 194
1308362101 195
1308362161 191
1308362221 194
1308362281 194
1308362341 197
1308362401 201
1308362461 201
1308362522 214
1308362581 210
1308362641 215
1308362701 214
1308362761 216
1308362821 218
1308362881 215
1308362941 215
1308363001 220
1308363061 219
1308363121 220
1308363181 223
1308363241 222
1308363301 222
1308363361 225
1308363421 230
1308363481 231
1308363541 228
1308363601 234
1308363661 238
1308363721 237
1308363781 236
1308363841 233
1308363901 241
1308363961 238
1308364021 238
1308364081 238
1308364141 240
1308364201 243
1308364261 239
1308364321 243
1308364381 254
1308364441 240
1308364501 246
1308364561 255
1308364622 252
1308364681 251
1308364741 246
1308364801 251
1308364861 249
1308364921 256
1308364981 262
1308365041 257
1308365101 257
1308365161 262
1308365221 264
1308365281 265
1308365341 259
1308365401 270
1308365461 269
1308365521 271
1308365581 275
1308365641 269
1308365701 274
1308365761 270
1308365821 273
1308365881 271
1308365941 265
1308366001 268
1308366061 268
1308366121 272
1308366181 274
1308366241 262
1308366301 267
1308366361 270
1308366421 271
1308366481 273
1308366541 266
1308366601 274
1308366661 277
1308366722 279
1308366781 280
1308366841 275
1308366901 281
1308366961 285
1308367021 278
1308367081 281
1308367141 271
1308367201 277
1308367261 279
1308367321 290
1308367381 288
1308367441 293
1308367501 291
1308367561 292
1308367621 289
1308367681 290
1308367742 283
1308367801 281
1308367861 289
1308367921 294
1308367981 294
1308368041 291
1308368101 292
1308368161 294
1308368221 298
1308368281 289
1308368341 289
1308368401 289
1308368461 292
1308368521 292
1308368581 280
1308368641 281
1308368701 276
1308368761 286
1308368821 283
1308368881 281
1308368941 283
1308369001 285
1308369061 291
1308369121 291
1308369181 287
1308369241 282
1308369301 282
1308369361 288
1308369421 281
1308369481 287
1308369541 285
1308369601 278
1308369661 288
1308369721 287
1308369781 292
1308369841 287
1308369901 283
1308369961 286
1308370021 279
1308370082 287
1308370141 285
1308370201 292
1308370261 302
1308370321 301
1308370381 304
1308370441 303
1308370501 307
1308370561 314
1308370621 304
1308370681 300
1308370741 299
1308370801 297
1308370861 302
1308370921 306
1308370981 304
1308371041 301
1308371101 302
1308371161 306
1308371221 308
1308371281 307
1308371341 307
1308371401 308
1308371461 312
1308371521 307
1308371581 298
1308371641 294
1308371701 283
1308371761 296
1308371821 290
1308371881 287
1308371941 285
1308372001 295
1308372061 304
1308372121 298
1308372181 298
1308372241 303
1308372301 302
1308372361 302
1308372421 299
1308372481 294
1308372541 289
1308372601 286
1308372661 290
1308372721 287
1308372781 290
1308372841 285
1308372902 284
1308372961 291
1308373021 291
1308373081 288
1308373141 293
1308373201 288
1308373261 296
1308373321 294
1308373381 293
1308373441 289
1308373501 287
1308373561 285
1308373621 281
1308373681 280
1308373741 282
1308373801 279
1308373861 285
1308373921 285
1308373981 282
1308374041 291
1308374101 289
1308374161 292
1308374221 293
1308374281 290
1308374341 294
1308374401 294
1308374461 298
1308374521 301
1308374581 309
1308374641 292
1308374701 295
1308374761 300
1308374821 295
1308374881 297
1308374941 291
1308375001 291
1308375061 298
1308375121 295
1308375181 296
1308375241 304
1308375301 309
1308375361 313
1308375421 309
1308375481 308
1308375541 306
1308375601 300
1308375661 306
1308375721 308
1308375781 308
1308375841 313
1308375901 309
1308375961 316
1308376021 315
1308376081 313
1308376141 319
1308376201 310
1308376261 321
1308376321 323
1308376381 315
1308376441 322
1308376501 320
1308376561 333
1308376621 332
1308376681 327
1308376741 325
1308376801 320
1308376861 329
1308376921 328
1308376981 321
1308377041 322
1308377101 314
1308377161 317
1308377221 324
1308377281 328
1308377341 325
1308377401 326
1308377461 324
1308377521 331
1308377581 327
1308377641 328
1308377701 324
1308377761 330
1308377821 325
1308377881 328
1308377941 328
1308378001 323
1308378061 338
1308378121 342
1308378181 335
1308378242 326
1308378301 320
1308378361 327
1308378421 328
1308378481 330
1308378541 335
1308378601 335
1308378661 342
1308378721 346
1308378781 349
1308378841 349
1308378901 351
1308378961 360
1308379021 360
1308379081 363
1308379141 358
1308379201 354
1308379261 358
1308379321 353
1308379381 357
1308379441 352
1308379501 353
1308379561 365
1308379621 363
1308379681 365
1308379741 360
1308379801 355
1308379861 366
1308379921 366
1308379981 373
1308380041 364
1308380101 371
1308380161 375
1308380221 372
1308380281 376
1308380341 373
1308380401 370
1308380461 378
1308380521 370
1308380581 379
1308380641 375
1308380701 366
1308380761 372
1308380821 381
1308380881 389
1308380941 388
1308381001 382
1308381061 392
1308381121 388
1308381181 390
1308381241 387
1308381301 395
1308381361 401
1308381421 398
1308381481 398
1308381541 386
1308381601 384
1308381661 388
1308381721 389
1308381781 394
1308381841 395
1308381901 395
1308381961 406
1308382021 402
1308382081 408
1308382141 410
1308382201 394
1308382261 404
1308382321 399
1308382381 399
1308382441 402
1308382501 397
1308382561 404
1308382621 409
1308382681 413
1308382741 409
1308382801 395
1308382861 404
1308382921 407
1308382981 405
1308383041 401
1308383101 395
1308383161 404
1308383221 395
1308383281 396
1308383341 397
1308383401 395
1308383461 406
1308383521 407
1308383581 409
1308383641 415
1308383701 400
1308383761 400
1308383821 401
1308383881 410
1308383942 407
1308384001 405
1308384061 416
1308384122 413
1308384181 413
1308384241 414
1308384301 404
1308384361 406
1308384421 404
1308384481 414
1308384541 410
1308384601 401
1308384661 406
1308384721 407
1308384781 411
1308384841 407
1308384901 400
1308384961 402
1308385021 400
1308385081 403
1308385141 400
1308385201 401
1308385261 404
1308385321 405
1308385381 414
1308385441 411
1308385501 421
1308385561 431
1308385621 427
1308385681 434
1308385741 430
1308385801 431
1308385861 430
1308385921 427
1308385981 428
1308386041 430
1308386101 426
1308386162 427
1308386221 416
1308386281 421
1308386341 421
1308386401 420
1308386461 426
1308386521 423
1308386581 430
1308386641 429
1308386701 430
1308386761 428
1308386821 421
1308386881 428
1308386941 419
1308387001 429
1308387061 427
1308387121 435
1308387181 438
1308387241 435
1308387301 450
1308387361 451
1308387421 457
1308387481 454
1308387541 453
1308387601 457
1308387661 459
1308387721 445
1308387781 431
1308387841 433
1308387901 429
1308387962 426
1308388021 422
1308388081 413
1308388141 411
1308388202 421
1308388261 426
1308388321 428
1308388381 427
1308388441 425
1308388501 432
1308388561 432
1308388621 441
1308388681 438
1308388741 424
1308388801 433
1308388861 433
1308388921 440
1308388981 436
1308389041 442
1308389101 440
1308389161 442
1308389221 439
1308389281 437
1308389341 432
1308389401 437
1308389461 435
1308389521 436
1308389581 429
1308389641 426
1308389701 425
1308389761 427
1308389821 435
1308389881 432
1308389941 431
1308390001 442
1308390061 450
1308390121 449
1308390181 442
1308390241 438
1308390301 443
1308390361 437
1308390421 438
1308390481 438
1308390541 441
1308390601 451
1308390661 450
1308390721 447
1308390781 446
1308390841 445
1308390901 447
1308390961 442
1308391021 445
1308391081 444
1308391141 450
1308391201 449
1308391261 437
1308391321 434
1308391381 423
1308391441 416
1308391501 410
1308391561 412
1308391621 420
1308391681 399
1308391741 397
1308391801 408
1308391861 406
1308391921 404
1308391981 396
1308392041 399
1308392101 396
1308392161 387
1308392221 382
1308392281 378
1308392341 380
1308392401 385
1308392461 391
1308392521 395
1308392581 399
1308392641 397
1308392701 401
1308392761 403
1308392821 408
1308392881 398
1308392941 399
1308393001 391
1308393061 393
1308393121 392
1308393181 392
1308393241 399
1308393301 401
1308393361 406
1308393421 391
1308393481 388
1308393541 398
1308393601 395
1308393661 392
1308393721 403
1308393781 393
1308393841 388
1308393901 388
1308393961 392
1308394021 387
1308394081 387
1308394141 385
1308394201 384
1308394261 383
1308394321 383
1308394381 385
1308394441 382
1308394501 380
1308394561 382
1308394621 383
1308394681 381
1308394741 386
1308394802 383
1308394861 381
1308394921 382
1308394981 399
1308395042 398
1308395101 400
1308395161 400
1308395221 396
1308395281 397
1308395341 400
1308395401 395
1308395461 394
1308395521 393
1308395581 397
1308395641 398
1308395701 401
1308395761 392
1308395821 385
1308395881 387
1308395941 378
1308396001 381
1308396061 378
1308396121 383
1308396181 383
1308396241 384
1308396301 384
1308396361 392
1308396421 390
1308396481 391
1308396541 393
1308396601 393
1308396661 396
1308396721 397
1308396781 396
1308396841 395
1308396901 398
1308396961 402
1308397021 399
1308397081 392
1308397141 396
1308397201 393
1308397261 396
1308397321 383
1308397381 382
1308397441 383
1308397501 375
1308397561 379
1308397621 374
1308397681 373
1308397741 382
1308397801 375
1308397861 389
1308397921 378
1308397981 379
1308398041 383
1308398101 379
1308398161 387
1308398221 381
1308398281 392
1308398341 394
1308398401 385
1308398461 399
1308398521 397
1308398581 400
1308398641 405
1308398701 387
1308398761 397
1308398821 396
1308398881 395
1308398941 403
1308399001 394
1308399061 402
1308399121 395
1308399181 394
1308399241 397
1308399301 386
1308399361 394
1308399421 389
1308399481 399
1308399541 407
1308399601 404
1308399661 408
1308399721 403
1308399781 409
1308399841 402
1308399901 401
1308399961 403
1308400021 404
1308400081 412
1308400141 407
1308400201 412
1308400261 417
1308400321 417
1308400381 422
1308400441 427
1308400501 423
1308400561 427
1308400621 428
1308400681 435
1308400741 434
1308400801 416
1308400861 419
1308400921 422
1308400981 411
1308401041 423
1308401101 421
1308401161 424
1308401221 423
1308401281 428
1308401341 432
1308401401 417
1308401461 425
1308401521 421
1308401581 433
1308401641 431
1308401701 419
1308401761 434
1308401821 427
1308401881 432
1308401941 434
1308402001 417
1308402061 422
1308402121 414
1308402181 418
1308402241 430
1308402301 423
1308402361 439
1308402421 441
1308402481 442
1308402541 448
1308402601 446
1308402661 454
1308402721 449
1308402781 445
1308402841 467
1308402901 457
1308402961 466
1308403022 461
1308403081 462
1308403141 471
1308403201 458
1308403261 472
1308403321 462
1308403381 461
1308403441 466
1308403501 455
1308403561 464
1308403621 459
1308403681 458
1308403741 468
1308403801 458
1308403861 467
1308403921 465
1308403981 466
1308404041 474
1308404101 453
1308404161 460
1308404221 449
1308404281 454
1308404341 461
1308404401 448
1308404461 460
1308404521 466
1308404581 478
1308404641 488
1308404701 483
1308404761 483
1308404821 484
1308404881 486
1308404941 481
1308405001 467
1308405062 463
1308405121 473
1308405181 476
1308405241 482
1308405301 474
1308405361 472
1308405421 487
1308405481 489
1308405541 488
1308405601 473
1308405661 482
1308405721 482
1308405781 468
1308405841 464
1308405901 457
1308405961 458
1308406022 463
1308406081 464
1308406141 463
1308406201 448
1308406261 461
1308406321 468
1308406381 459
1308406441 468
1308406501 460
1308406561 459
1308406621 465
1308406681 466
1308406741 471
1308406801 462
1308406861 466
1308406921 468
1308406981 460
1308407041 472
1308407101 457
1308407161 465
1308407221 459
1308407281 464
1308407341 471
1308407401 461
1308407461 468
1308407521 475
1308407581 462
1308407641 475
1308407701 474
1308407761 464
1308407821 472
1308407881 468
1308407941 466
1308408001 461
1308408061 457
1308408121 464
1308408181 455
1308408241 461
1308408301 454
1308408361 458
1308408421 464
1308408481 462
1308408541 467
1308408601 463
1308408661 464
1308408721 468
1308408782 463
1308408841 471
1308408901 474
1308408961 471
1308409021 472
1308409081 477
1308409141 478
1308409201 484
1308409261 478
1308409321 485
1308409381 476
1308409441 478
1308409501 471
1308409561 466
1308409621 476
1308409681 483
1308409741 483
1308409802 480
1308409861 483
1308409922 484
1308409981 483
1308410042 492
1308410102 491
1308410161 492
1308410221 508
1308410281 483
1308410341 486
1308410401 485
1308410461 482
1308410521 488
1308410581 484
1308410641 488
1308410701 494
1308410761 476
1308410821 489
1308410881 476
1308410941 497
1308411001 477
1308411061 478
1308411121 483
1308411181 472
1308411241 473
1308411301 470
1308411361 468
1308411421 468
1308411481 468
1308411541 475
1308411601 468
1308411661 479
1308411721 483
1308411781 474
1308411841 482
1308411901 473
1308411961 487
1308412021 474
1308412081 482
1308412141 492
1308412201 490
1308412261 489
1308412321 489
1308412381 494
1308412441 502
1308412501 480
1308412561 489
1308412621 480
1308412681 491
1308412741 487
1308412801 482
