1316793661 118
1316793721 112
1316793781 114
1316793841 109
1316793901 104
1316793961 102
1316794021 97
1316794081 95
1316794141 98
1316794201 88
1316794261 94
1316794321 97
1316794381 95
1316794441 98
1316794501 92
1316794561 93
1316794621 94
1316794681 96
1316794741 90
1316794801 87
1316794861 86
1316794921 87
1316794981 93
1316795041 92
1316795101 88
1316795161 89
1316795221 93
1316795281 94
1316795341 91
1316795401 87
1316795461 90
1316795521 83
1316795581 85
1316795641 74
1316795701 73
1316795761 75
1316795821 72
1316795881 73
1316795941 71
1316796001 70
1316796061 71
1316796121 73
1316796181 74
1316796241 74
1316796301 73
1316796361 71
1316796421 81
1316796481 83
1316796541 84
1316796601 76
1316796661 74
1316796721 76
1316796781 79
1316796841 72
1316796901 71
1316796961 71
1316797021 73
1316797081 70
1316797141 71
1316797201 72
1316797262 69
1316797321 73
1316797381 74
1316797441 73
1316797501 69
1316797561 72
1316797621 70
1316797681 74
1316797741 72
1316797801 66
1316797861 69
1316797921 66
1316797981 71
1316798041 68
1316798101 65
1316798161 68
1316798221 67
1316798281 70
1316798341 73
1316798401 68
1316798461 70
1316798521 71
1316798581 74
1316798641 70
1316798701 68
1316798761 68
1316798821 69
1316798881 70
1316798941 70
1316799001 61
1316799061 62
1316799121 61
1316799181 64
1316799241 66
1316799301 66
1316799361 66
1316799421 68
1316799481 72
1316799541 74
1316799601 74
1316799661 76
1316799721 63
1316799781 65
1316799841 64
1316799901 64
1316799961 65
1316800021 61
1316800081 63
1316800141 65
1316800201 55
1316800261 55
1316800321 57
1316800381 55
1316800441 56
1316800501 57
1316800561 57
1316800621 58
1316800681 58
1316800741 58
1316800801 56
1316800862 59
1316800921 60
1316800981 57
1316801042 56
1316801101 50
1316801162 53
1316801221 55
1316801281 57
1316801341 49
1316801401 47
1316801461 47
1316801521 49
1316801581 45
1316801641 46
1316801701 44
1316801761 45
1316801821 47
1316801881 50
1316801941 50
1316802001 50
1316802061 51
1316802121 48
1316802181 49
1316802241 47
1316802301 47
1316802361 45
1316802421 47
1316802481 47
1316802541 48
1316802601 48
1316802661 44
1316802721 46
1316802781 48
1316802841 45
1316802901 45
1316802961 45
1316803021 45
1316803081 47
1316803141 47
1316803201 48
1316803261 48
1316803321 44
1316803381 45
1316803441 47
1316803501 45
1316803561 46
1316803621 48
1316803681 47
1316803741 48
1316803802 48
1316803861 49
1316803921 42
1316803981 42
1316804041 41
1316804101 41
1316804161 42
1316804221 38
1316804281 41
1316804341 41
1316804401 41
1316804461 38
1316804521 38
1316804581 40
1316804641 40
1316804701 40
1316804761 41
1316804822 37
1316804881 39
1316804941 39
1316805001 39
1316805061 33
1316805121 34
1316805181 36
1316805241 36
1316805301 36
1316805361 37
1316805421 38
1316805481 36
1316805541 35
1316805601 33
1316805661 36
1316805721 36
1316805781 39
1316805841 39
1316805901 39
1316805961 40
1316806021 38
1316806081 38
1316806141 40
1316806201 36
1316806261 36
1316806321 37
1316806381 38
1316806441 39
1316806501 39
1316806561 35
1316806621 36
1316806681 38
1316806741 38
1316806802 38
1316806861 40
1316806921 36
1316806981 38
1316807041 38
1316807101 39
1316807161 40
1316807221 37
1316807281 39
1316807341 39
1316807401 39
1316807461 39
1316807521 40
1316807581 36
1316807641 36
1316807701 34
1316807761 34
1316807821 34
1316807881 36
1316807941 34
1316808001 34
1316808061 35
1316808121 36
1316808181 38
1316808241 38
1316808301 38
1316808361 39
1316808421 39
1316808482 40
1316808541 40
1316808601 40
1316808662 40
1316808722 29
1316808781 31
1316808841 31
1316808901 31
1316808961 31
1316809021 32
1316809081 34
1316809141 34
1316809201 34
1316809261 35
1316809321 35
1316809381 36
1316809441 36
1316809501 36
1316809561 36
1316809621 36
1316809681 37
1316809741 37
1316809801 28
1316809861 30
1316809921 32
1316809981 34
1316810041 34
1316810101 34
1316810161 35
1316810221 35
1316810281 37
1316810341 37
1316810401 37
1316810461 32
1316810521 33
1316810582 34
1316810641 35
1316810701 35
1316810761 35
1316810821 36
1316810881 36
1316810941 37
1316811001 37
1316811062 38
1316811121 38
1316811181 38
1316811241 39
1316811301 39
1316811361 39
1316811421 39
1316811481 39
1316811541 39
1316811601 39
1316811661 40
1316811721 41
1316811781 41
1316811841 41
1316811901 41
1316811961 42
1316812021 42
1316812081 42
1316812141 42
1316812201 42
1316812194 42
1316812201 42
1316812261 42
1316812321 42
1316812381 43
1316812441 43
1316812501 43
1316812562 43
1316812622 34
1316812681 37
1316812741 37
1316812801 35
1316812861 37
1316812921 38
1316812981 41
1316813041 37
1316813101 37
1316813161 39
1316813221 39
1316813281 42
1316813341 42
1316813401 42
1316813461 42
1316813521 43
1316813581 44
1316813641 44
1316813701 44
1316813761 44
1316813821 45
1316813882 46
1316813941 36
1316814001 36
1316814061 38
1316814121 39
1316814181 41
1316814241 35
1316814301 35
1316814361 36
1316814421 37
1316814481 39
1316814541 39
1316814601 39
1316814661 40
1316814721 40
1316814781 40
1316814841 41
1316814901 41
1316814961 41
1316815021 42
1316815081 42
1316815141 42
1316815201 42
1316815261 42
1316815321 43
1316815381 43
1316815441 43
1316815501 43
1316815561 43
1316815621 33
1316815681 34
1316815741 35
1316815801 35
1316815861 35
1316815921 36
1316815981 37
1316816041 39
1316816101 39
1316816161 39
1316816221 40
1316816281 41
1316816341 42
1316816401 42
1316816461 42
1316816521 42
1316816581 42
1316816641 43
1316816701 43
1316816761 43
1316816821 45
1316816881 46
1316816941 46
1316817001 46
1316817061 46
1316817121 33
1316817181 34
1316817241 34
1316817301 33
1316817361 33
1316817421 33
1316817481 35
1316817541 37
1316817601 37
1316817661 37
1316817721 40
1316817781 41
1316817841 38
1316817901 35
1316817961 35
1316818021 37
1316818081 37
1316818141 38
1316818201 38
1316818261 39
1316818321 39
1316818382 40
1316818441 37
1316818501 37
1316818561 37
1316818621 38
1316818681 38
1316818741 36
1316818801 35
1316818861 34
1316818921 35
1316818981 38
1316819041 39
1316819101 39
1316819161 34
1316819221 35
1316819281 36
1316819341 36
1316819401 36
1316819461 36
1316819521 36
1316819581 37
1316819641 34
1316819701 35
1316819761 35
1316819821 36
1316819881 38
1316819941 38
1316820001 39
1316820061 39
1316820121 39
1316820181 41
1316820241 42
1316820301 42
1316820361 42
1316820421 42
1316820481 40
1316820541 39
1316820601 36
1316820661 37
1316820721 38
1316820781 39
1316820841 41
1316820901 41
1316820961 36
1316821021 37
1316821081 37
1316821141 38
1316821201 38
1316821261 34
1316821321 35
1316821381 36
1316821441 30
1316821501 30
1316821561 30
1316821621 32
1316821681 32
1316821741 32
1316821801 32
1316821861 32
1316821921 35
1316821981 36
1316822041 37
1316822101 29
1316822161 29
1316822221 31
1316822281 32
1316822341 33
1316822401 33
1316822461 30
1316822521 30
1316822581 33
1316822641 34
1316822701 34
1316822761 32
1316822821 32
1316822881 33
1316822941 32
1316823001 33
1316823061 33
1316823121 31
1316823181 34
1316823241 35
1316823301 35
1316823361 35
1316823421 33
1316823481 36
1316823541 38
1316823601 35
1316823661 34
1316823721 35
1316823781 38
1316823841 38
1316823901 34
1316823961 35
1316824021 36
1316824081 38
1316824141 40
1316824201 40
1316824261 40
1316824321 41
1316824381 34
1316824441 36
1316824501 37
1316824561 37
1316824621 38
1316824681 39
1316824741 38
1316824801 39
1316824861 37
1316824921 39
1316824981 39
1316825041 39
1316825101 37
1316825161 37
1316825221 38
1316825281 39
1316825341 40
1316825401 35
1316825461 37
1316825521 39
1316825581 40
1316825641 40
1316825701 41
1316825761 42
1316825821 42
1316825881 43
1316825941 41
1316826001 41
1316826062 39
1316826121 40
1316826181 42
1316826241 44
1316826301 45
1316826361 44
1316826421 46
1316826481 47
1316826541 50
1316826601 48
1316826661 49
1316826721 51
1316826781 50
1316826841 49
1316826901 50
1316826961 49
1316827021 50
1316827082 52
1316827141 54
1316827202 50
1316827261 52
1316827321 54
1316827381 55
1316827441 55
1316827501 51
1316827561 52
1316827621 55
1316827681 54
1316827741 57
1316827801 54
1316827861 57
1316827921 57
1316827981 58
1316828041 54
1316828102 57
1316828161 56
1316828221 58
1316828281 60
1316828341 62
1316828401 64
1316828461 63
1316828521 62
1316828581 62
1316828641 65
1316828701 61
1316828761 61
1316828821 63
1316828881 61
1316828941 60
1316829001 60
1316829061 57
1316829121 58
1316829181 55
1316829241 57
1316829301 56
1316829361 60
1316829421 56
1316829481 59
1316829541 62
1316829601 58
1316829661 65
1316829721 64
1316829781 65
1316829841 70
1316829901 70
1316829961 70
1316830021 69
1316830081 69
1316830141 70
1316830201 71
1316830261 72
1316830321 71
1316830381 71
1316830441 74
1316830501 68
1316830561 71
1316830621 69
1316830681 74
1316830741 73
1316830801 72
1316830861 70
1316830921 74
1316830981 79
1316831041 79
1316831101 77
1316831161 81
1316831221 83
1316831281 85
1316831341 87
1316831401 88
1316831461 90
1316831521 90
1316831581 88
1316831641 85
1316831701 80
1316831761 82
1316831821 80
1316831881 80
1316831941 81
1316832001 79
1316832061 79
1316832121 77
1316832181 81
1316832241 82
1316832301 86
1316832361 76
1316832421 81
1316832481 84
1316832541 85
1316832601 78
1316832661 78
1316832721 79
1316832781 81
1316832841 82
1316832901 82
1316832961 82
1316833021 85
1316833081 85
1316833141 86
1316833201 86
1316833262 81
1316833321 81
1316833381 81
1316833441 82
1316833501 82
1316833561 83
1316833621 84
1316833681 87
1316833741 83
1316833801 85
1316833861 85
1316833921 86
1316833981 87
1316834041 89
1316834101 89
1316834161 87
1316834221 86
1316834281 89
1316834341 91
1316834401 93
1316834461 90
1316834521 87
1316834581 86
1316834641 92
1316834701 91
1316834761 94
1316834821 94
1316834881 95
1316834941 95
1316835001 94
1316835061 90
1316835121 90
1316835181 90
1316835241 93
1316835301 92
1316835361 94
1316835421 94
1316835481 95
1316835541 92
1316835601 97
1316835661 90
1316835721 91
1316835781 92
1316835841 93
1316835901 94
1316835961 88
1316836021 90
1316836081 87
1316836141 89
1316836201 84
1316836261 82
1316836321 86
1316836381 88
1316836441 94
1316836501 98
1316836561 102
1316836621 109
1316836681 106
1316836741 111
1316836801 114
1316836861 107
1316836921 107
1316836981 104
1316837041 100
1316837101 95
1316837161 91
1316837221 92
1316837281 89
1316837341 89
1316837401 88
1316837462 86
1316837521 85
1316837581 85
1316837641 84
1316837701 87
1316837761 85
1316837821 90
1316837881 86
1316837941 84
1316838001 84
1316838061 78
1316838121 81
1316838181 77
1316838241 77
1316838301 70
1316838361 68
1316838421 69
1316838481 69
1316838541 67
1316838601 70
1316838661 67
1316838721 70
1316838781 69
1316838841 72
1316838901 77
1316838961 75
1316839021 76
1316839081 76
1316839142 80
1316839201 79
1316839261 76
1316839321 78
1316839381 79
1316839441 81
1316839501 82
1316839561 81
1316839621 83
1316839681 83
1316839741 83
1316839801 87
1316839861 78
1316839921 78
1316839981 75
1316840041 83
1316840101 86
1316840161 82
1316840221 76
1316840281 74
1316840341 77
1316840401 83
1316840461 79
1316840521 80
1316840581 83
1316840641 87
1316840702 86
1316840761 77
1316840821 78
1316840881 80
1316840941 85
1316841001 87
1316841061 88
1316841121 81
1316841181 81
1316841241 88
1316841301 88
1316841361 84
1316841421 85
1316841481 86
1316841541 94
1316841601 94
1316841661 91
1316841721 92
1316841781 94
1316841842 99
1316841901 101
1316841961 90
1316842021 89
1316842081 90
1316842141 96
1316842201 96
1316842261 90
1316842321 96
1316842381 97
1316842441 99
1316842501 97
1316842561 93
1316842621 101
1316842681 105
1316842741 107
1316842801 104
1316842861 102
1316842921 101
1316842981 103
1316843041 97
1316843101 96
1316843161 93
1316843221 93
1316843281 93
1316843341 95
1316843401 92
1316843461 89
1316843521 92
1316843581 92
1316843641 94
1316843701 95
1316843761 96
1316843821 104
1316843881 110
1316843941 114
1316844001 119
1316844061 111
1316844121 114
1316844182 116
1316844241 116
1316844301 115
1316844361 118
1316844421 117
1316844481 120
1316844541 119
1316844601 118
1316844661 120
1316844721 123
1316844781 124
1316844841 121
1316844901 124
1316844961 120
1316845021 118
1316845081 118
1316845141 120
1316845201 122
1316845261 122
1316845321 123
1316845381 123
1316845441 129
1316845501 132
1316845561 131
1316845621 132
1316845681 130
1316845741 129
1316845801 131
1316845861 131
1316845921 128
1316845981 123
1316846041 126
1316846101 129
1316846161 124
1316846221 130
1316846281 127
1316846341 135
1316846401 135
1316846461 131
1316846521 133
1316846581 127
1316846641 128
1316846701 130
1316846761 127
1316846821 125
1316846881 125
1316846941 131
1316847001 131
1316847061 131
1316847121 134
1316847181 118
1316847241 123
1316847301 122
1316847361 119
1316847421 115
1316847481 113
1316847541 118
1316847601 118
1316847661 120
1316847721 123
1316847781 123
1316847841 119
1316847901 114
1316847961 117
1316848021 118
1316848081 118
1316848141 118
1316848201 117
1316848261 117
1316848321 113
1316848381 106
1316848441 109
1316848501 109
1316848561 109
1316848621 113
1316848681 113
1316848741 117
1316848801 116
1316848861 115
1316848921 116
1316848981 115
1316849041 120
1316849101 121
1316849161 123
1316849221 121
1316849281 123
1316849341 125
1316849401 118
1316849461 118
1316849521 117
1316849581 117
1316849641 121
1316849701 122
1316849761 122
1316849821 117
1316849881 118
1316849941 118
1316850001 120
1316850061 118
1316850122 119
1316850181 118
1316850241 124
1316850301 121
1316850361 123
1316850421 119
1316850481 117
1316850541 118
1316850601 121
1316850661 121
1316850721 119
1316850781 120
1316850841 127
1316850901 134
1316850961 125
1316851021 128
1316851081 127
1316851141 129
1316851201 133
1316851261 135
1316851321 125
1316851381 127
1316851441 129
1316851501 132
1316851561 120
1316851621 124
1316851681 121
1316851741 125
1316851801 131
1316851861 128
1316851921 125
1316851981 124
1316852042 128
1316852102 122
1316852161 118
1316852221 120
1316852281 125
1316852341 129
1316852401 122
1316852461 118
1316852521 116
1316852581 123
1316852641 125
1316852701 130
1316852761 128
1316852821 130
1316852881 129
1316852941 133
1316853001 135
1316853061 134
1316853121 134
1316853181 136
1316853241 137
1316853301 140
1316853361 139
1316853421 140
1316853481 136
1316853541 139
1316853601 148
1316853661 151
1316853721 131
1316853781 130
1316853841 134
1316853901 139
1316853961 140
1316854021 136
1316854081 137
1316854141 136
1316854201 143
1316854261 137
1316854321 136
1316854381 141
1316854441 142
1316854501 152
1316854561 149
1316854621 143
1316854682 149
1316854741 137
1316854801 147
1316854861 144
1316854921 143
1316854981 150
1316855041 148
1316855101 148
1316855161 152
1316855221 148
1316855281 141
1316855341 138
1316855401 141
1316855461 134
1316855521 135
1316855581 124
1316855641 124
1316855701 127
1316855761 126
1316855821 125
1316855881 125
1316855941 128
1316856001 140
1316856061 136
1316856121 128
1316856181 127
1316856241 134
1316856301 138
1316856361 130
1316856421 130
1316856481 124
1316856542 126
1316856601 123
1316856661 127
1316856721 124
1316856781 122
1316856841 128
1316856901 134
1316856961 131
1316857021 128
1316857081 125
1316857141 125
1316857201 132
1316857261 128
1316857321 124
1316857381 118
1316857441 123
1316857501 124
1316857561 125
1316857621 118
1316857681 115
1316857741 117
1316857801 126
1316857861 121
1316857921 116
1316857981 113
1316858041 116
1316858101 122
1316858161 119
1316858221 111
1316858281 114
1316858341 113
1316858401 116
1316858461 111
1316858521 112
1316858581 107
1316858641 111
1316858701 119
1316858761 119
1316858821 116
1316858881 119
1316858941 114
1316859001 116
1316859061 116
1316859121 115
1316859181 117
1316859241 109
1316859301 116
1316859361 113
1316859421 114
1316859481 108
1316859541 110
1316859601 112
1316859661 106
1316859721 103
1316859781 105
1316859841 104
1316859901 111
1316859961 106
1316860021 104
1316860081 107
1316860141 107
1316860201 113
1316860261 100
1316860321 102
1316860381 96
1316860441 97
1316860501 106
1316860561 105
1316860621 107
1316860681 109
1316860741 106
1316860801 110
1316860861 96
1316860921 96
1316860981 100
1316861041 101
1316861101 106
1316861161 96
1316861221 101
1316861281 102
1316861341 104
1316861401 103
1316861461 105
1316861521 105
1316861581 96
1316861641 96
1316861701 99
1316861761 95
1316861821 93
1316861881 95
1316861942 97
1316862001 101
1316862061 99
1316862121 98
1316862181 101
1316862241 103
1316862301 108
1316862361 97
1316862421 101
1316862481 99
1316862541 98
1316862601 100
1316862661 101
1316862721 98
1316862781 99
1316862841 97
1316862901 98
1316862961 100
1316863021 98
1316863081 99
1316863141 102
1316863201 103
1316863261 99
1316863321 100
1316863381 98
1316863441 101
1316863501 103
1316863561 94
1316863621 91
1316863681 95
1316863741 98
1316863801 101
1316863861 98
1316863921 99
1316863981 101
1316864041 100
1316864101 102
1316864161 102
1316864221 104
1316864281 105
1316864341 104
1316864401 106
1316864461 106
1316864521 110
1316864581 110
1316864641 113
1316864701 115
1316864761 105
1316864821 108
1316864881 105
1316864941 105
1316865001 108
1316865061 107
1316865121 108
1316865181 111
1316865241 110
1316865301 112
1316865361 101
1316865421 104
1316865481 108
1316865541 108
1316865601 105
1316865661 104
1316865721 108
1316865781 113
1316865841 110
1316865901 113
1316865961 109
1316866021 112
1316866081 112
1316866141 110
1316866201 113
1316866261 108
1316866321 109
1316866381 109
1316866441 108
1316866502 110
1316866561 109
1316866621 106
1316866681 108
1316866741 103
1316866801 99
1316866861 104
1316866921 99
1316866981 107
1316867041 106
1316867101 110
1316867161 112
1316867221 103
1316867281 103
1316867341 108
1316867401 114
1316867461 114
1316867521 105
1316867581 107
1316867641 106
1316867701 109
1316867761 103
1316867821 99
1316867881 104
1316867941 104
1316868001 105
1316868061 105
1316868121 105
1316868181 104
1316868241 105
1316868301 109
1316868361 104
1316868421 105
1316868481 103
1316868541 102
1316868601 108
1316868661 113
1316868721 115
1316868781 119
1316868841 120
1316868901 118
1316868961 119
1316869021 120
1316869081 115
1316869141 112
1316869202 111
1316869261 107
1316869321 107
1316869381 111
1316869441 113
1316869501 109
1316869561 108
1316869621 106
1316869681 111
1316869741 111
1316869801 107
1316869861 109
1316869921 109
1316869981 111
1316870041 106
1316870101 105
1316870161 109
1316870222 107
1316870282 111
1316870341 111
1316870401 112
1316870461 115
1316870522 114
1316870581 113
1316870641 113
1316870701 110
1316870761 111
1316870821 112
1316870881 114
1316870941 115
1316871001 115
1316871061 116
1316871121 115
1316871181 109
1316871241 113
1316871301 110
1316871361 110
1316871421 108
1316871481 109
1316871541 112
1316871601 111
1316871661 113
1316871721 110
1316871781 111
1316871841 113
1316871901 111
1316871961 114
1316872021 119
1316872081 117
1316872141 117
1316872201 118
1316872261 117
1316872321 120
1316872381 123
1316872441 122
1316872501 123
1316872561 113
1316872621 117
1316872681 118
1316872741 119
1316872801 115
1316872861 114
1316872921 119
1316872981 118
1316873041 122
1316873101 126
1316873161 127
1316873221 128
1316873281 129
1316873341 132
1316873401 133
1316873462 134
1316873521 137
1316873582 140
1316873642 140
1316873701 141
1316873761 141
1316873821 141
1316873881 134
1316873941 133
1316874001 129
1316874061 126
1316874121 129
1316874181 128
1316874241 131
1316874301 128
1316874361 134
1316874421 131
1316874481 134
1316874541 136
1316874601 141
1316874661 130
1316874721 131
1316874781 132
1316874841 137
1316874901 134
1316874961 135
1316875021 133
1316875081 134
1316875141 140
1316875201 125
1316875261 127
1316875321 128
1316875381 130
1316875441 122
1316875501 120
1316875561 125
1316875621 127
1316875681 131
1316875741 132
1316875801 127
1316875861 130
1316875921 129
1316875981 133
1316876041 141
1316876101 137
1316876161 134
1316876221 135
1316876282 138
1316876341 147
1316876401 140
1316876461 137
1316876521 137
1316876581 138
1316876641 147
1316876702 144
1316876761 148
1316876821 147
1316876881 148
1316876941 154
1316877001 151
1316877061 141
1316877121 140
1316877181 139
1316877241 143
1316877301 145
1316877361 147
1316877421 147
1316877481 148
1316877541 151
1316877601 151
1316877661 142
1316877721 144
1316877781 142
1316877841 147
1316877901 139
1316877961 139
1316878021 137
1316878081 141
1316878141 142
1316878201 138
1316878261 139
1316878321 138
1316878381 135
1316878441 139
1316878501 142
1316878561 131
1316878621 130
1316878681 128
1316878741 132
1316878801 129
1316878861 129
1316878921 130
1316878981 129
1316879041 130
1316879101 129
1316879161 132
1316879221 133
1316879281 125
1316879341 127
1316879401 131
1316879461 126
1316879521 128
1316879581 134
1316879641 135
1316879701 135
1316879761 129
1316879821 129
1316879881 127
1316879941 123
1316880001 126
