1318348861 594
1318348922 590
1318348981 588
1318349042 594
1318349102 586
1318349161 584
1318349221 560
1318349281 560
1318349341 560
1318349401 554
1318349461 560
1318349521 557
1318349581 560
1318349641 571
1318349701 558
1318349761 563
1318349821 555
1318349881 546
1318349941 537
1318350001 522
1318350061 549
1318350122 527
1318350181 523
1318350241 521
1318350301 511
1318350361 521
1318350421 500
1318350481 497
1318350541 504
1318350601 495
1318350661 510
1318350721 493
1318350781 500
1318350841 496
1318350901 493
1318350961 498
1318351021 487
1318351081 498
1318351141 501
1318351201 490
1318351261 496
1318351321 490
1318351381 488
1318351441 492
1318351501 490
1318351561 476
1318351621 469
1318351681 470
1318351741 479
1318351801 477
1318351861 474
1318351921 478
1318351981 472
1318352041 472
1318352101 468
1318352161 469
1318352221 463
1318352281 461
1318352341 461
1318352401 452
1318352461 460
1318352521 453
1318352581 464
1318352641 469
1318352701 446
1318352761 461
1318352821 457
1318352881 456
1318352941 456
1318353001 443
1318353061 440
1318353121 427
1318353181 435
1318353241 440
1318353301 419
1318353361 418
1318353422 394
1318353481 402
1318353541 415
1318353601 396
1318353661 397
1318353721 386
1318353781 398
1318353841 396
1318353901 383
1318353961 387
1318354021 373
1318354081 381
1318354141 377
1318354201 367
1318354261 377
1318354321 368
1318354381 368
1318354441 379
1318354501 364
1318354561 367
1318354621 355
1318354681 361
1318354741 363
1318354801 353
1318354861 363
1318354921 361
1318354981 362
1318355041 365
1318355101 360
1318355161 360
1318355221 351
1318355281 353
1318355342 361
1318355401 345
1318355461 354
1318355521 341
1318355581 345
1318355641 344
1318355701 341
1318355761 347
1318355821 330
1318355881 335
1318355941 346
1318356001 337
1318356061 340
1318356121 329
1318356181 330
1318356241 338
1318356301 331
1318356361 331
1318356421 316
1318356481 328
1318356541 323
1318356601 317
1318356661 317
1318356721 318
1318356781 316
1318356841 315
1318356901 307
1318356961 312
1318357021 298
1318357081 288
1318357141 296
1318357201 285
1318357261 291
1318357321 288
1318357381 285
1318357441 295
1318357501 276
1318357561 286
1318357621 278
1318357681 276
1318357741 277
1318357801 279
1318357861 278
1318357921 275
1318357981 274
1318358041 278
1318358101 269
1318358161 275
1318358221 269
1318358281 266
1318358341 271
1318358401 271
1318358461 267
1318358521 258
1318358581 254
1318358641 259
1318358701 255
1318358761 258
1318358821 250
1318358881 252
1318358941 255
1318359001 257
1318359061 251
1318359121 245
1318359181 247
1318359241 254
1318359301 242
1318359361 249
1318359421 243
1318359481 236
1318359541 235
1318359601 231
1318359661 236
1318359721 233
1318359781 232
1318359841 235
1318359901 231
1318359961 231
1318360021 228
1318360081 230
1318360141 238
1318360201 226
1318360261 232
1318360321 227
1318360381 217
1318360441 221
1318360501 225
1318360561 220
1318360621 213
1318360681 214
1318360741 217
1318360801 209
1318360861 213
1318360921 202
1318360981 208
1318361041 211
1318361101 204
1318361161 211
1318361221 215
1318361281 220
1318361341 212
1318361401 201
1318361461 204
1318361521 201
1318361581 205
1318361641 210
1318361701 195
1318361761 200
1318361821 202
1318361881 206
1318361941 197
1318362001 200
1318362061 206
1318362121 192
1318362181 193
1318362241 200
1318362301 190
1318362361 188
1318362421 193
1318362481 191
1318362541 195
1318362601 198
1318362661 184
1318362721 184
1318362781 186
1318362841 187
1318362901 181
1318362961 180
1318363021 181
1318363081 178
1318363141 183
1318363201 185
1318363261 178
1318363321 182
1318363381 175
1318363441 181
1318363501 184
1318363561 172
1318363621 169
1318363681 175
1318363741 181
1318363801 184
1318363861 187
1318363921 173
1318363981 171
1318364041 180
1318364101 168
1318364161 175
1318364221 173
1318364281 176
1318364341 184
1318364401 187
1318364461 193
1318364521 195
1318364581 197
1318364641 203
1318364701 206
1318364761 206
1318364821 160
1318364881 164
1318364941 173
1318365001 177
1318365061 180
1318365121 163
1318365181 163
1318365241 170
1318365301 160
1318365361 166
1318365421 170
1318365481 164
1318365541 166
1318365601 170
1318365661 176
1318365721 180
1318365781 183
1318365841 184
1318365901 185
1318365962 190
1318366022 193
1318366081 195
1318366141 200
1318366201 165
1318366261 164
1318366321 168
1318366381 171
1318366441 179
1318366501 181
1318366561 183
1318366621 186
1318366681 188
1318366741 193
1318366801 196
1318366861 160
1318366921 165
1318366981 168
1318367041 174
1318367101 176
1318367161 179
1318367221 182
1318367281 185
1318367341 191
1318367401 194
1318367394 195
1318367401 195
1318367461 157
1318367521 161
1318367581 165
1318367641 171
1318367701 176
1318367761 161
1318367821 155
1318367881 159
1318367941 161
1318368001 159
1318368061 160
1318368121 165
1318368181 167
1318368241 172
1318368301 156
1318368361 161
1318368421 166
1318368482 169
1318368541 175
1318368601 177
1318368661 179
1318368721 183
1318368781 184
1318368841 189
1318368901 156
1318368961 158
1318369021 158
1318369081 159
1318369141 164
1318369201 157
1318369261 160
1318369321 165
1318369381 160
1318369441 167
1318369501 169
1318369561 172
1318369621 177
1318369681 177
1318369741 156
1318369801 159
1318369861 162
1318369921 168
1318369981 151
1318370041 158
1318370101 154
1318370161 158
1318370221 163
1318370281 154
1318370341 160
1318370401 164
1318370461 167
1318370521 173
1318370581 151
1318370641 158
1318370701 160
1318370761 153
1318370821 159
1318370881 161
1318370942 167
1318371002 170
1318371061 152
1318371121 154
1318371181 156
1318371241 162
1318371301 150
1318371361 155
1318371421 156
1318371481 151
1318371541 155
1318371601 160
1318371661 165
1318371721 168
1318371781 172
1318371841 180
1318371901 161
1318371961 160
1318372021 165
1318372081 170
1318372141 177
1318372201 179
1318372261 156
1318372321 157
1318372381 154
1318372441 159
1318372501 164
1318372561 159
1318372621 158
1318372681 162
1318372741 163
1318372801 167
1318372861 160
1318372921 160
1318372981 160
1318373041 167
1318373101 170
1318373161 161
1318373221 167
1318373281 159
1318373341 164
1318373401 167
1318373461 173
1318373521 162
1318373581 166
1318373641 166
1318373701 163
1318373761 167
1318373821 161
1318373881 164
1318373941 171
1318374001 173
1318374061 153
1318374122 154
1318374181 154
1318374241 156
1318374301 159
1318374361 161
1318374421 159
1318374481 161
1318374541 163
1318374601 166
1318374661 165
1318374721 169
1318374781 174
1318374841 166
1318374901 171
1318374961 166
1318375021 162
1318375081 167
1318375141 175
1318375201 172
1318375261 177
1318375321 181
1318375381 181
1318375441 180
1318375501 184
1318375561 175
1318375621 179
1318375681 177
1318375741 180
1318375801 177
1318375861 178
1318375921 176
1318375981 175
1318376041 173
1318376101 176
1318376161 182
1318376221 181
1318376281 184
1318376341 185
1318376401 187
1318376462 184
1318376521 183
1318376581 186
1318376641 190
1318376701 193
1318376761 186
1318376821 191
1318376881 189
1318376941 190
1318377001 190
1318377061 195
1318377121 189
1318377181 187
1318377241 190
1318377301 187
1318377361 186
1318377421 187
1318377481 186
1318377541 193
1318377601 189
1318377661 198
1318377721 198
1318377781 194
1318377841 197
1318377901 191
1318377961 196
1318378021 199
1318378081 195
1318378141 202
1318378201 198
1318378261 204
1318378321 201
1318378381 198
1318378441 201
1318378501 196
1318378561 195
1318378621 199
1318378681 199
1318378741 244
1318378801 243
1318378861 242
1318378921 244
1318378981 238
1318379041 247
1318379101 249
1318379161 246
1318379221 241
1318379281 238
1318379341 244
1318379401 239
1318379461 237
1318379521 232
1318379582 233
1318379641 236
1318379701 232
1318379761 233
1318379821 229
1318379881 227
1318379941 226
1318380001 228
1318380061 233
1318380121 232
1318380181 237
1318380241 242
1318380301 242
1318380361 239
1318380421 243
1318380481 241
1318380541 246
1318380601 242
1318380661 245
1318380721 239
1318380781 241
1318380841 251
1318380901 238
1318380961 242
1318381021 241
1318381081 245
1318381141 251
1318381201 250
1318381261 252
1318381321 252
1318381381 247
1318381441 251
1318381501 251
1318381561 252
1318381621 253
1318381681 252
1318381741 256
1318381801 262
1318381861 257
1318381922 253
1318381981 263
1318382041 262
1318382101 262
1318382161 261
1318382221 262
1318382281 269
1318382341 271
1318382401 270
1318382461 271
1318382521 279
1318382581 278
1318382641 284
1318382701 293
1318382761 299
1318382821 289
1318382881 297
1318382941 293
1318383001 291
1318383061 293
1318383121 278
1318383181 283
1318383241 284
1318383301 281
1318383361 279
1318383421 281
1318383481 283
1318383541 290
1318383601 283
1318383661 280
1318383721 279
1318383781 284
1318383841 284
1318383901 274
1318383961 273
1318384021 271
1318384081 272
1318384141 277
1318384201 267
1318384261 277
1318384321 273
1318384381 272
1318384442 273
1318384501 280
1318384561 277
1318384621 277
1318384681 272
1318384741 277
1318384801 275
1318384861 271
1318384921 269
1318384981 267
1318385041 266
1318385101 254
1318385161 245
1318385221 232
1318385281 230
1318385341 235
1318385401 229
1318385461 235
1318385521 230
1318385581 236
1318385641 235
1318385701 235
1318385761 237
1318385821 235
1318385881 234
1318385941 243
1318386001 244
1318386061 247
1318386121 242
1318386181 245
1318386241 243
1318386301 241
1318386361 239
1318386421 238
1318386481 237
1318386541 244
1318386601 243
1318386661 249
1318386721 244
1318386781 248
1318386841 253
1318386901 254
1318386961 253
1318387021 247
1318387081 249
1318387141 252
1318387201 256
1318387261 252
1318387321 255
1318387381 258
1318387441 263
1318387501 254
1318387561 253
1318387621 252
1318387681 253
1318387741 258
1318387801 252
1318387861 254
1318387921 250
1318387981 251
1318388041 256
1318388101 257
1318388161 252
1318388221 247
1318388281 247
1318388341 251
1318388401 246
1318388461 246
1318388521 243
1318388581 246
1318388641 246
1318388701 254
1318388761 247
1318388821 243
1318388881 236
1318388941 243
1318389001 243
1318389061 244
1318389121 241
1318389181 244
1318389241 252
1318389301 251
1318389361 247
1318389421 249
1318389481 246
1318389541 252
1318389601 253
1318389661 254
1318389721 246
1318389781 241
1318389841 241
1318389901 242
1318389961 242
1318390021 233
1318390081 236
1318390141 242
1318390201 247
1318390261 244
1318390321 244
1318390381 241
1318390441 247
1318390501 253
1318390561 251
1318390621 249
1318390681 244
1318390741 253
1318390801 261
1318390861 255
1318390921 253
1318390981 258
1318391041 257
1318391101 260
1318391161 255
1318391221 257
1318391281 258
1318391341 262
1318391401 262
1318391461 259
1318391521 259
1318391581 259
1318391641 265
1318391701 272
1318391761 266
1318391821 265
1318391881 263
1318391941 265
1318392001 266
1318392061 262
1318392121 257
1318392181 259
1318392241 263
1318392302 260
1318392361 266
1318392421 272
1318392481 270
1318392541 286
1318392601 288
1318392661 292
1318392721 290
1318392781 289
1318392841 293
1318392901 292
1318392961 295
1318393021 286
1318393081 285
1318393141 291
1318393201 290
1318393261 299
1318393321 296
1318393381 295
1318393441 305
1318393501 306
1318393561 310
1318393621 304
1318393681 296
1318393741 301
1318393801 291
1318393861 283
1318393921 281
1318393981 278
1318394041 291
1318394101 291
1318394161 295
1318394221 297
1318394281 293
1318394341 296
1318394401 305
1318394461 302
1318394521 305
1318394581 301
1318394641 305
1318394701 303
1318394761 298
1318394821 298
1318394881 303
1318394941 307
1318395001 313
1318395061 315
1318395121 315
1318395181 313
1318395242 318
1318395301 320
1318395361 321
1318395421 313
1318395481 306
1318395541 306
1318395601 313
1318395661 314
1318395721 313
1318395781 312
1318395841 314
1318395901 308
1318395961 306
1318396021 304
1318396081 303
1318396141 313
1318396201 314
1318396261 318
1318396321 313
1318396381 315
1318396442 312
1318396502 312
1318396561 312
1318396621 312
1318396681 307
1318396741 319
1318396801 323
1318396861 326
1318396921 337
1318396981 325
1318397041 337
1318397101 331
1318397161 331
1318397221 329
1318397281 328
1318397341 331
1318397401 333
1318397461 338
1318397521 337
1318397581 334
1318397641 338
1318397701 338
1318397761 352
1318397821 354
1318397881 347
1318397941 353
1318398001 357
1318398061 358
1318398121 349
1318398181 329
1318398241 338
1318398301 350
1318398361 351
1318398421 348
1318398481 348
1318398541 352
1318398601 364
1318398661 371
1318398721 378
1318398781 385
1318398841 391
1318398901 387
1318398961 385
1318399021 386
1318399081 383
1318399141 392
1318399201 391
1318399261 386
1318399321 397
1318399382 405
1318399441 410
1318399501 411
1318399561 400
1318399621 401
1318399681 411
1318399741 418
1318399801 418
1318399861 417
1318399921 423
1318399981 428
1318400041 431
1318400101 426
1318400161 422
1318400221 413
1318400281 404
1318400341 401
1318400401 395
1318400461 392
1318400521 393
1318400581 386
1318400641 389
1318400701 386
1318400761 388
1318400821 382
1318400881 384
1318400941 392
1318401001 387
1318401061 378
1318401121 377
1318401181 366
1318401241 369
1318401301 363
1318401361 366
1318401421 365
1318401481 367
1318401541 370
1318401601 370
1318401661 370
1318401721 370
1318401781 367
1318401841 368
1318401901 365
1318401961 371
1318402022 354
1318402081 352
1318402141 354
1318402201 356
1318402261 357
1318402321 358
1318402381 359
1318402441 364
1318402501 360
1318402561 359
1318402621 359
1318402681 357
1318402741 367
1318402801 367
1318402861 371
1318402921 398
1318402981 401
1318403041 405
1318403101 398
1318403161 398
1318403221 397
1318403281 399
1318403341 399
1318403402 395
1318403461 401
1318403521 399
1318403581 401
1318403641 396
1318403701 391
1318403761 392
1318403821 384
1318403881 384
1318403941 388
1318404001 395
1318404061 394
1318404121 393
1318404181 393
1318404241 389
1318404301 393
1318404361 393
1318404421 389
1318404481 392
1318404541 389
1318404601 392
1318404661 391
1318404721 388
1318404781 394
1318404841 389
1318404901 390
1318404961 393
1318405021 394
1318405081 392
1318405141 385
1318405201 393
1318405261 384
1318405321 374
1318405381 369
1318405441 368
1318405501 376
1318405561 367
1318405621 361
1318405681 360
1318405741 362
1318405801 362
1318405861 358
1318405921 356
1318405981 360
1318406041 362
1318406101 367
1318406161 350
1318406221 354
1318406281 337
1318406341 334
1318406401 339
1318406461 342
1318406521 333
1318406581 320
1318406641 315
1318406701 310
1318406761 306
1318406821 299
1318406881 302
1318406941 296
1318407001 302
1318407061 296
1318407121 296
1318407181 300
1318407241 282
1318407301 280
1318407361 284
1318407421 279
1318407481 283
1318407541 299
1318407601 340
1318407661 355
1318407721 366
1318407781 365
1318407841 369
1318407901 370
1318407961 361
1318408021 358
1318408081 357
1318408141 356
1318408202 360
1318408261 362
1318408321 365
1318408381 363
1318408441 366
1318408501 377
1318408561 372
1318408621 366
1318408681 363
1318408741 365
1318408801 365
1318408861 365
1318408921 365
1318408981 368
1318409041 375
1318409101 379
1318409161 371
1318409221 369
1318409281 366
1318409341 362
1318409401 352
1318409461 361
1318409521 358
1318409581 345
1318409641 347
1318409701 347
1318409761 354
1318409821 354
1318409881 356
1318409941 361
1318410001 365
1318410061 366
1318410121 356
1318410181 366
1318410241 370
1318410301 367
1318410361 365
1318410421 365
1318410481 368
1318410541 377
1318410601 366
1318410662 367
1318410721 372
1318410781 371
1318410841 364
1318410901 365
1318410961 366
1318411021 371
1318411081 367
1318411141 369
1318411201 363
1318411261 366
1318411321 362
1318411381 362
1318411441 362
1318411501 362
1318411562 363
1318411622 355
1318411681 350
1318411741 352
1318411801 348
1318411861 352
1318411921 354
1318411981 349
1318412041 353
1318412101 342
1318412161 339
1318412221 332
1318412281 321
1318412341 319
1318412401 316
1318412461 327
1318412521 325
1318412581 328
1318412641 329
1318412701 336
1318412761 340
1318412821 340
1318412881 347
1318412941 343
1318413001 339
1318413061 336
1318413121 328
1318413181 327
1318413241 331
1318413301 328
1318413361 328
1318413421 327
1318413481 331
1318413541 326
1318413601 329
1318413661 319
1318413721 318
1318413781 321
1318413841 312
1318413901 313
1318413961 311
1318414021 303
1318414081 302
1318414141 292
1318414201 289
1318414261 294
1318414321 289
1318414382 286
1318414441 286
1318414501 291
1318414561 296
1318414621 289
1318414681 287
1318414741 288
1318414801 284
1318414861 289
1318414921 283
1318414981 282
1318415041 281
1318415101 281
1318415161 276
1318415221 270
1318415281 280
1318415341 269
1318415401 271
1318415461 278
1318415521 277
1318415581 280
1318415641 280
1318415701 278
1318415761 284
1318415821 280
1318415881 286
1318415941 278
1318416001 281
1318416061 295
1318416121 292
1318416181 293
1318416241 291
1318416301 284
1318416361 291
1318416421 292
1318416481 296
1318416541 290
1318416601 291
1318416661 289
1318416721 284
1318416781 290
1318416841 293
1318416901 297
1318416961 296
1318417021 299
1318417081 292
1318417141 286
1318417201 295
1318417261 302
1318417321 289
1318417381 295
1318417441 298
1318417501 301
1318417561 303
1318417621 294
1318417681 299
1318417741 296
1318417801 298
1318417861 304
1318417921 295
1318417981 299
1318418041 301
1318418101 302
1318418161 303
1318418221 298
1318418281 301
1318418341 306
1318418401 315
1318418461 317
1318418521 310
1318418581 306
1318418641 313
1318418701 313
1318418762 309
1318418821 305
1318418881 311
1318418941 313
1318419001 322
1318419061 327
1318419121 326
1318419181 322
1318419241 329
1318419301 335
1318419361 339
1318419421 333
1318419481 343
1318419541 346
1318419602 343
1318419661 345
1318419721 338
1318419781 339
1318419841 339
1318419901 346
1318419961 342
1318420021 339
1318420081 340
1318420141 343
1318420201 341
1318420261 341
1318420321 335
1318420381 338
1318420441 343
1318420501 350
1318420561 344
1318420621 344
1318420681 352
1318420741 351
1318420801 356
1318420861 347
1318420921 351
1318420981 344
1318421041 345
1318421101 351
1318421161 358
1318421221 359
1318421281 369
1318421341 371
1318421401 377
1318421461 375
1318421521 364
1318421581 365
1318421642 363
1318421702 374
1318421761 376
1318421821 375
1318421881 378
1318421941 372
1318422001 382
1318422061 386
1318422121 382
1318422181 386
1318422241 385
1318422301 386
1318422361 398
1318422421 400
1318422481 397
1318422541 403
1318422602 403
1318422661 409
1318422721 387
1318422781 389
1318422841 384
1318422901 385
1318422961 393
1318423021 385
1318423081 391
1318423141 398
1318423201 406
1318423261 403
1318423321 396
1318423381 402
1318423441 402
1318423501 407
1318423561 405
1318423621 387
1318423681 398
1318423741 390
1318423801 401
1318423861 405
1318423921 396
1318423981 407
1318424041 408
1318424101 411
1318424161 412
1318424221 395
1318424281 406
1318424341 398
1318424401 405
1318424461 406
1318424521 403
1318424581 410
1318424641 405
1318424701 408
1318424761 417
1318424821 408
1318424881 418
1318424941 407
1318425001 409
1318425061 414
1318425121 411
1318425181 406
1318425241 399
1318425302 412
1318425362 405
1318425421 407
1318425481 412
1318425541 407
1318425601 418
1318425661 425
1318425721 415
1318425781 412
1318425841 411
1318425901 424
1318425961 420
1318426021 421
1318426081 420
1318426141 409
1318426201 422
1318426261 418
1318426321 418
1318426381 410
1318426441 415
1318426501 422
1318426561 433
1318426621 420
1318426681 424
1318426741 430
1318426801 438
1318426861 439
1318426921 432
1318426981 435
1318427041 425
1318427101 436
1318427161 432
1318427221 414
1318427281 430
1318427341 437
1318427402 446
1318427461 443
1318427521 448
1318427581 449
1318427641 448
1318427701 453
1318427761 447
1318427821 452
1318427881 452
1318427941 449
1318428001 459
1318428061 454
1318428121 446
1318428181 444
1318428241 442
1318428301 444
1318428361 448
1318428421 441
1318428481 440
1318428541 441
1318428601 457
1318428661 466
1318428721 452
1318428782 456
1318428841 461
1318428901 466
1318428961 469
1318429021 452
1318429081 455
1318429141 457
1318429202 461
1318429261 458
1318429321 442
1318429381 455
1318429441 449
1318429501 455
1318429561 458
1318429621 458
1318429681 464
1318429741 472
1318429801 462
1318429861 465
1318429921 463
1318429981 468
1318430041 467
1318430101 466
1318430161 479
1318430221 475
1318430281 486
1318430341 492
1318430401 493
1318430461 493
1318430521 482
1318430581 498
1318430641 504
1318430701 504
1318430761 512
1318430821 513
1318430882 513
1318430941 519
1318431001 523
1318431061 521
1318431121 522
1318431181 519
1318431241 518
1318431301 520
1318431361 517
1318431421 526
1318431481 520
1318431541 530
1318431601 547
1318431661 536
1318431721 528
1318431781 530
1318431841 534
1318431901 534
1318431962 523
1318432021 520
1318432082 509
1318432141 527
1318432201 538
1318432261 530
1318432321 546
1318432381 539
1318432441 545
1318432501 544
1318432561 528
1318432621 540
1318432681 530
1318432741 527
1318432801 529
1318432861 532
1318432921 520
1318432981 513
1318433041 518
1318433101 527
1318433161 516
1318433221 519
1318433281 520
1318433341 518
1318433401 521
1318433461 520
1318433521 507
1318433581 518
1318433641 514
1318433701 531
1318433761 507
1318433821 509
1318433881 502
1318433941 511
1318434001 501
1318434061 489
1318434121 494
1318434181 496
1318434241 501
1318434301 507
1318434361 501
1318434421 504
1318434481 504
1318434541 496
1318434601 496
1318434661 490
1318434721 485
1318434781 477
1318434841 474
1318434901 477
1318434961 476
1318435021 470
1318435081 470
1318435141 471
1318435201 471
