1308758461 772
1308758521 758
1308758581 744
1308758641 729
1308758701 739
1308758761 734
1308758821 737
1308758881 742
1308758941 728
1308759001 729
1308759061 735
1308759121 732
1308759181 733
1308759242 723
1308759301 720
1308759361 724
1308759421 732
1308759481 712
1308759542 730
1308759601 735
1308759661 734
1308759721 735
1308759781 712
1308759841 714
1308759901 718
1308759961 721
1308760021 701
1308760081 684
1308760141 694
1308760201 693
1308760261 689
1308760321 685
1308760381 671
1308760441 681
1308760501 669
1308760561 676
1308760621 669
1308760681 650
1308760741 651
1308760801 668
1308760861 666
1308760921 666
1308760981 651
1308761041 651
1308761101 654
1308761161 655
1308761221 638
1308761281 632
1308761341 633
1308761401 647
1308761461 638
1308761521 653
1308761581 626
1308761641 633
1308761702 643
1308761761 642
1308761821 643
1308761881 628
1308761941 641
1308762001 640
1308762061 636
1308762121 639
1308762181 629
1308762241 611
1308762301 613
1308762361 603
1308762421 619
1308762481 601
1308762541 602
1308762601 615
1308762661 600
1308762721 607
1308762781 593
1308762841 595
1308762901 604
1308762961 593
1308763021 608
1308763081 583
1308763141 588
1308763201 592
1308763261 602
1308763321 596
1308763381 574
1308763441 579
1308763501 589
1308763561 584
1308763621 579
1308763681 555
1308763741 557
1308763801 566
1308763861 553
1308763921 549
1308763981 535
1308764041 540
1308764101 545
1308764161 549
1308764221 555
1308764281 528
1308764341 532
1308764401 535
1308764461 533
1308764521 526
1308764581 517
1308764641 524
1308764701 529
1308764761 542
1308764821 532
1308764881 515
1308764941 527
1308765001 532
1308765061 524
1308765121 517
1308765181 509
1308765241 496
1308765301 502
1308765361 511
1308765421 488
1308765481 482
1308765541 492
1308765601 494
1308765661 504
1308765721 499
1308765781 478
1308765841 497
1308765901 492
1308765961 485
1308766021 483
1308766081 468
1308766141 475
1308766201 478
1308766261 480
1308766321 475
1308766381 467
1308766441 479
1308766501 486
1308766561 484
1308766621 486
1308766681 495
1308766741 467
1308766801 454
1308766861 450
1308766921 451
1308766981 441
1308767041 445
1308767101 458
1308767161 464
1308767221 454
1308767281 433
1308767341 445
1308767401 450
1308767461 447
1308767521 447
1308767582 420
1308767641 425
1308767702 428
1308767761 426
1308767821 427
1308767881 418
1308767941 427
1308768001 423
1308768061 431
1308768121 432
1308768181 408
1308768241 402
1308768301 394
1308768361 405
1308768421 397
1308768481 389
1308768541 394
1308768601 399
1308768661 404
1308768721 409
1308768781 387
1308768841 398
1308768901 391
1308768961 396
1308769021 386
1308769081 385
1308769141 389
1308769202 382
1308769261 391
1308769321 395
1308769381 376
1308769441 383
1308769501 382
1308769561 387
1308769621 386
1308769681 381
1308769741 379
1308769801 392
1308769861 401
1308769921 410
1308769981 377
1308770041 379
1308770101 391
1308770161 370
1308770221 367
1308770281 354
1308770342 359
1308770401 365
1308770461 380
1308770521 362
1308770581 352
1308770641 354
1308770701 356
1308770761 372
1308770822 354
1308770882 341
1308770942 347
1308771001 344
1308771061 344
1308771121 338
1308771181 333
1308771241 333
1308771301 338
1308771361 344
1308771421 335
1308771481 327
1308771541 334
1308771601 331
1308771661 333
1308771721 342
1308771781 320
1308771841 317
1308771901 320
1308771961 323
1308772021 315
1308772081 317
1308772141 322
1308772201 326
1308772261 330
1308772321 336
1308772381 321
1308772441 332
1308772501 329
1308772561 341
1308772621 324
1308772681 316
1308772741 329
1308772802 337
1308772862 337
1308772921 325
1308772981 323
1308773041 321
1308773101 323
1308773161 324
1308773221 318
1308773281 321
1308773341 319
1308773407 330
1308773463 334
1308773522 323
1308773581 325
1308773641 320
1308773701 334
1308773763 325
1308773821 334
1308773881 343
1308773941 314
1308774001 316
1308774061 326
1308774121 307
1308774182 312
1308774241 315
1308774301 315
1308774361 328
1308774421 309
1308774481 309
1308774541 318
1308774601 318
1308774661 318
1308774721 312
1308774781 304
1308774841 303
1308774901 314
1308774962 309
1308775021 308
1308775081 300
1308775141 303
1308775201 308
1308775261 318
1308775321 302
1308775381 304
1308775441 302
1308775501 305
1308775561 309
1308775621 304
1308775681 297
1308775741 298
1308775801 302
1308775861 314
1308775921 305
1308775981 304
1308776048 300
1308776101 305
1308776161 299
1308776221 302
1308776282 300
1308776341 299
1308776401 300
1308776461 299
1308776521 309
1308776581 295
1308776641 298
1308776701 305
1308776762 311
1308776821 305
1308776881 313
1308776941 299
1308777002 297
1308777061 300
1308777121 308
1308777181 303
1308777241 299
1308777301 306
1308777361 304
1308777421 312
1308777481 298
1308777541 296
1308777601 310
1308777661 297
1308777721 300
1308777781 294
1308777841 293
1308777901 301
1308777961 314
1308778021 302
1308778081 296
1308778141 294
1308778201 299
1308778261 305
1308778321 307
1308778382 296
1308778441 306
1308778501 305
1308778561 308
1308778621 304
1308778681 313
1308778741 321
1308778801 304
1308778861 312
1308778921 300
1308778981 300
1308779041 296
1308779101 304
1308779161 304
1308779221 310
1308779281 303
1308779341 297
1308779401 313
1308779461 310
1308779521 309
1308779581 308
1308779641 307
1308779701 309
1308779762 322
1308779823 315
1308779881 325
1308779941 307
1308780001 304
1308780061 317
1308780127 295
1308780181 298
1308780241 299
1308780301 312
1308780361 291
1308780421 298
1308780481 294
1308780541 294
1308780601 308
1308780661 310
1308780722 299
1308780782 301
1308780842 302
1308780902 305
1308780961 297
1308781021 309
1308781081 311
1308781141 320
1308781201 317
1308781261 304
1308781321 311
1308781381 309
1308781441 313
1308781501 307
1308781561 314
1308781621 314
1308781681 326
1308781741 337
1308781801 310
1308781861 311
1308781921 319
1308781981 330
1308782041 306
1308782101 308
1308782163 302
1308782221 313
1308782281 308
1308782341 311
1308782401 313
1308782461 318
1308782521 313
1308782581 315
1308782641 324
1308782701 321
1308782761 317
1308782821 316
1308782881 323
1308782941 321
1308783001 325
1308783061 319
1308783122 323
1308783181 327
1308783241 319
1308783301 323
1308783361 328
1308783422 327
1308783481 323
1308783541 324
1308783601 332
1308783661 331
1308783721 333
1308783781 324
1308783841 323
1308783902 340
1308783961 341
1308784021 332
1308784081 329
1308784141 329
1308784201 340
1308784261 325
1308784321 323
1308784381 324
1308784441 330
1308784501 335
1308784561 326
1308784621 329
1308784681 326
1308784741 333
1308784801 332
1308784862 324
1308784921 336
1308784981 335
1308785041 335
1308785101 335
1308785161 330
1308785221 338
1308785281 341
1308785341 330
1308785401 342
1308785461 343
1308785521 344
1308785581 334
1308785641 340
1308785701 349
1308785761 353
1308785821 356
1308785881 352
1308785941 360
1308786001 359
1308786061 358
1308786121 357
1308786181 352
1308786241 356
1308786301 353
1308786361 361
1308786421 363
1308786481 348
1308786541 356
1308786601 359
1308786661 346
1308786722 353
1308786781 347
1308786841 358
1308786901 359
1308786961 347
1308787021 356
1308787081 345
1308787141 342
1308787201 343
1308787261 338
1308787321 347
1308787381 347
1308787441 341
1308787501 343
1308787561 337
1308787621 336
1308787681 329
1308787741 331
1308787801 342
1308787861 338
1308787921 344
1308787982 344
1308788042 355
1308788102 381
1308788161 372
1308788221 376
1308788281 369
1308788341 372
1308788401 386
1308788461 387
1308788521 392
1308788581 381
1308788641 372
1308788701 386
1308788761 393
1308788821 383
1308788881 385
1308788941 384
1308789001 388
1308789061 379
1308789121 379
1308789181 364
1308789241 368
1308789301 374
1308789361 364
1308789422 372
1308789481 370
1308789542 361
1308789602 370
1308789661 364
1308789721 379
1308789781 372
1308789841 372
1308789901 380
1308789961 384
1308790021 387
1308790081 386
1308790141 380
1308790201 390
1308790261 394
1308790321 383
1308790381 374
1308790441 370
1308790501 379
1308790561 381
1308790621 384
1308790681 380
1308790741 380
1308790801 383
1308790861 374
1308790921 382
1308790981 377
1308791042 373
1308791102 388
1308791161 385
1308791221 385
1308791281 384
1308791341 383
1308791401 399
1308791462 390
1308791521 399
1308791581 409
1308791641 399
1308791701 413
1308791761 411
1308791821 411
1308791881 403
1308791941 401
1308792001 410
1308792061 416
1308792121 407
1308792182 417
1308792241 402
1308792301 410
1308792361 415
1308792421 409
1308792481 416
1308792541 408
1308792601 410
1308792661 420
1308792721 412
1308792782 419
1308792842 406
1308792902 412
1308792961 416
1308793022 409
1308793081 407
1308793141 405
1308793201 417
1308793261 420
1308793321 415
1308793382 411
1308793441 406
1308793501 403
1308793561 397
1308793621 393
1308793681 404
1308793741 408
1308793801 423
1308793861 428
1308793921 414
1308793981 424
1308794041 414
1308794101 435
1308794161 427
1308794221 417
1308794281 421
1308794341 415
1308794401 419
1308794462 420
1308794521 414
1308794581 416
1308794641 403
1308794702 419
1308794761 417
1308794821 409
1308794881 426
1308794942 430
1308795001 435
1308795061 439
1308795121 439
1308795181 464
1308795241 470
1308795303 484
1308795361 476
1308795422 476
1308795481 479
1308795541 481
1308795601 485
1308795661 487
1308795722 478
1308795782 478
1308795842 482
1308795901 490
1308795961 507
1308796021 487
1308796081 486
1308796141 487
1308796201 477
1308796261 472
1308796321 455
1308796381 458
1308796442 471
1308796501 473
1308796561 489
1308796621 484
1308796681 482
1308796741 489
1308796801 482
1308796861 500
1308796923 485
1308796982 488
1308797041 496
1308797101 489
1308797161 499
1308797221 488
1308797281 496
1308797341 501
1308797401 500
1308797461 521
1308797521 519
1308797582 511
1308797642 522
1308797701 513
1308797761 526
1308797821 517
1308797882 510
1308797942 511
1308798002 497
1308798062 504
1308798121 504
1308798181 498
1308798242 504
1308798302 500
1308798362 501
1308798421 497
1308798481 498
1308798541 506
1308798601 511
1308798662 526
1308798724 511
1308798781 520
1308798841 521
1308798901 531
1308798961 541
1308799021 540
1308799081 556
1308799141 566
1308799201 563
1308799261 563
1308799321 558
1308799381 552
1308799441 550
1308799501 541
1308799561 541
1308799621 535
1308799681 529
1308799741 533
1308799801 535
1308799861 545
1308799921 535
1308799981 536
1308800041 545
1308800101 551
1308800161 560
1308800221 548
1308800281 545
1308800341 557
1308800401 539
1308800461 554
1308800521 555
1308800581 559
1308800641 566
1308800701 565
1308800762 574
1308800821 569
1308800882 563
1308800941 572
1308801001 572
1308801061 583
1308801121 578
1308801181 571
1308801241 583
1308801301 592
1308801361 597
1308801421 589
1308801481 582
1308801541 590
1308801601 601
1308801661 599
1308801721 590
1308801781 580
1308801841 581
1308801901 584
1308801961 586
1308802022 585
1308802081 581
1308802142 587
1308802201 587
1308802262 599
1308802321 601
1308802381 591
1308802441 591
1308802501 595
1308802561 586
1308802621 581
1308802681 584
1308802741 590
1308802801 583
1308802861 582
1308802921 570
1308802981 565
1308803041 573
1308803101 565
1308803161 574
1308803222 570
1308803281 568
1308803341 579
1308803401 571
1308803461 575
1308803521 579
1308803581 573
1308803641 580
1308803701 588
1308803761 599
1308803821 603
1308803881 600
1308803941 601
1308804001 601
1308804061 611
1308804121 607
1308804181 599
1308804241 595
1308804302 600
1308804361 603
1308804421 604
1308804481 593
1308804541 604
1308804601 611
1308804661 619
1308804721 625
1308804781 615
1308804841 601
1308804901 599
1308804961 592
1308805021 583
1308805081 582
1308805141 584
1308805201 593
1308805261 591
1308805322 593
1308805381 597
1308805441 599
1308805501 607
1308805561 609
1308805621 604
1308805682 600
1308805741 602
1308805802 611
1308805861 619
1308805922 621
1308805982 628
1308806041 639
1308806101 645
1308806161 649
1308806221 651
1308806282 640
1308806342 629
1308806401 626
1308806461 631
1308806521 632
1308806581 637
1308806641 641
1308806701 625
1308806761 644
1308806821 638
1308806881 651
1308806941 629
1308807001 631
1308807061 633
1308807121 648
1308807181 642
1308807241 637
1308807301 643
1308807361 646
1308807421 649
1308807481 644
1308807541 647
1308807601 649
1308807661 648
1308807721 653
1308807781 652
1308807841 641
1308807901 641
1308807961 621
1308808021 625
1308808082 615
1308808141 599
1308808202 599
1308808261 595
1308808322 594
1308808381 593
1308808442 573
1308808501 593
1308808561 599
1308808621 588
1308808681 598
1308808742 602
1308808802 611
1308808861 615
1308808922 607
1308808983 603
1308809042 602
1308809101 599
1308809162 596
1308809222 613
1308809282 614
1308809342 619
1308809401 622
1308809462 633
1308809522 618
1308809581 625
1308809641 619
1308809701 619
1308809761 629
1308809821 627
1308809881 640
1308809941 642
1308810001 648
1308810061 664
1308810121 652
1308810182 653
1308810242 641
1308810301 643
1308810362 651
1308810421 658
1308810481 660
1308810541 657
1308810601 650
1308810661 652
1308810721 670
1308810781 667
1308810842 661
1308810905 645
1308810961 647
1308811021 649
1308811081 654
1308811141 656
1308811201 659
1308811261 655
1308811321 663
1308811381 657
1308811441 653
1308811501 654
1308811561 652
1308811621 657
1308811681 654
1308811741 653
1308811801 662
1308811861 658
1308811921 662
1308811981 651
1308812041 661
1308812101 659
1308812161 665
1308812221 668
1308812281 670
1308812341 669
1308812401 665
1308812461 674
1308812521 680
1308812581 670
1308812641 668
1308812701 683
1308812762 677
1308812821 680
1308812881 680
1308812941 687
1308813001 679
1308813061 672
1308813121 665
1308813181 673
1308813242 677
1308813302 675
1308813361 673
1308813422 672
1308813481 673
1308813541 674
1308813601 673
1308813661 681
1308813722 682
1308813781 682
1308813842 671
1308813901 672
1308813961 666
1308814022 660
1308814081 673
1308814141 684
1308814201 683
1308814262 683
1308814321 682
1308814382 676
1308814442 680
1308814502 670
1308814562 675
1308814621 680
1308814681 688
1308814741 696
1308814801 692
1308814861 694
1308814922 684
1308814981 688
1308815041 707
1308815101 694
1308815161 716
1308815221 708
1308815285 696
1308815341 690
1308815401 682
1308815461 690
1308815522 689
1308815581 681
1308815642 696
1308815701 684
1308815761 684
1308815822 685
1308815881 678
1308815941 681
1308816001 682
1308816062 677
1308816123 682
1308816181 687
1308816242 696
1308816302 694
1308816362 681
1308816421 680
1308816481 677
1308816541 684
1308816601 681
1308816661 674
1308816721 667
1308816781 669
1308816841 695
1308816902 677
1308816963 670
1308817021 684
1308817081 677
1308817141 675
1308817202 679
1308817261 683
1308817321 683
1308817381 689
1308817441 693
1308817501 706
1308817561 704
1308817621 703
1308817682 716
1308817742 703
1308817802 706
1308817861 693
1308817921 690
1308817981 705
1308818041 712
1308818101 709
1308818162 698
1308818221 681
1308818281 679
1308818342 673
1308818402 654
1308818463 630
1308818527 617
1308818582 596
1308818643 571
1308818704 508
1308818765 476
1308818824 460
1308818882 433
1308818942 385
1308819003 368
1308819063 340
1308819122 335
1308819182 332
1308819243 323
1308819303 322
1308819364 302
1308819421 284
1308819482 263
1308819543 248
1308819603 249
1308819662 257
1308819721 266
1308819782 286
1308819843 283
1308819902 294
1308819961 293
1308820022 286
1308820083 307
1308820141 313
1308820202 329
1308820261 345
1308820322 363
1308820382 380
1308820441 388
1308820502 411
1308820561 429
1308820622 433
1308820681 437
1308820741 431
1308820801 426
1308820861 427
1308820921 424
1308820981 430
1308821041 425
1308821101 427
1308821161 428
1308821221 426
1308821281 427
1308821341 422
1308821401 433
1308821461 437
1308821521 442
1308821582 449
1308821642 435
1308821702 432
1308821761 434
1308821821 440
1308821881 430
1308821941 434
1308822001 438
1308822062 423
1308822121 417
1308822182 433
1308822242 426
1308822301 431
1308822361 431
1308822422 445
1308822482 449
1308822542 441
1308822601 447
1308822661 439
1308822721 437
1308822781 436
1308822841 427
1308822901 431
1308822961 429
1308823021 442
1308823081 449
1308823143 450
1308823201 448
1308823261 446
1308823322 438
1308823382 437
1308823442 434
1308823502 431
1308823561 449
1308823621 450
1308823681 455
1308823741 454
1308823802 446
1308823861 458
1308823923 444
1308823981 437
1308824041 431
1308824103 409
1308824164 424
1308824221 413
1308824282 417
1308824342 420
1308824402 413
1308824462 430
1308824521 417
1308824583 426
1308824642 441
1308824702 434
1308824761 454
1308824822 447
1308824883 445
1308824941 451
1308825002 442
1308825062 447
1308825122 447
1308825181 450
1308825241 461
1308825301 457
1308825361 451
1308825423 445
1308825484 435
1308825543 423
1308825601 416
1308825662 420
1308825721 408
1308825783 410
1308825842 423
1308825901 437
1308825961 440
1308826021 439
1308826082 436
1308826142 446
1308826201 455
1308826261 453
1308826321 459
1308826382 451
1308826441 454
1308826504 452
1308826561 458
1308826622 441
1308826681 429
1308826742 429
1308826801 436
1308826861 440
1308826921 433
1308826981 445
1308827042 440
1308827101 438
1308827162 442
1308827221 432
1308827282 435
1308827342 440
1308827402 438
1308827461 436
1308827522 427
1308827582 433
1308827642 428
1308827702 431
1308827761 434
1308827822 426
1308827882 432
1308827942 433
1308828001 444
1308828062 448
1308828121 454
1308828182 445
1308828242 440
1308828302 448
1308828361 449
1308828421 447
1308828481 445
1308828541 439
1308828603 441
1308828661 440
1308828722 438
1308828781 437
1308828842 436
1308828901 440
1308828962 453
1308829022 453
1308829082 455
1308829142 458
1308829202 452
1308829262 461
1308829321 452
1308829381 449
1308829442 454
1308829502 461
1308829563 465
1308829621 457
1308829682 470
1308829742 476
1308829801 480
1308829861 489
1308829922 488
1308829981 501
1308830041 497
1308830101 490
1308830161 487
1308830221 491
1308830281 488
1308830341 475
1308830401 482
1308830461 487
1308830521 486
1308830581 485
1308830642 483
1308830701 492
1308830761 487
1308830821 491
1308830881 486
1308830941 482
1308831001 475
1308831062 477
1308831121 474
1308831181 472
1308831241 471
1308831301 461
1308831362 471
1308831421 479
1308831481 473
1308831541 465
1308831602 468
1308831661 480
1308831722 490
1308831782 484
1308831842 488
1308831903 479
1308831961 479
1308832021 478
1308832082 466
1308832142 470
1308832202 467
1308832262 474
1308832322 472
1308832382 468
1308832442 467
1308832501 468
1308832561 470
1308832621 480
1308832681 482
1308832742 481
1308832802 478
1308832862 480
1308832921 485
1308832982 466
1308833041 478
1308833102 466
1308833161 485
1308833221 499
1308833281 484
1308833341 483
1308833401 489
1308833463 497
1308833522 502
1308833582 491
1308833642 499
1308833701 508
1308833762 509
1308833822 519
1308833882 511
1308833943 505
1308834001 509
1308834061 515
1308834122 526
1308834182 512
1308834242 495
1308834302 514
1308834361 516
1308834421 520
1308834481 503
1308834542 504
1308834601 519
1308834661 508
1308834721 525
1308834781 515
1308834841 509
1308834901 525
1308834962 516
1308835021 525
1308835082 517
1308835141 512
1308835201 513
1308835262 510
1308835322 512
1308835381 511
1308835441 521
1308835501 538
1308835562 539
1308835621 551
1308835681 550
1308835741 544
1308835802 542
1308835861 540
1308835922 546
1308835981 540
1308836041 534
1308836101 541
1308836162 534
1308836221 548
1308836282 544
1308836341 537
1308836402 539
1308836461 549
1308836521 542
1308836582 546
1308836642 539
1308836701 538
1308836761 538
1308836822 530
1308836881 537
1308836942 532
1308837002 536
1308837061 538
1308837122 531
1308837182 536
1308837242 531
1308837301 534
1308837362 534
1308837422 522
1308837482 541
1308837541 544
1308837601 538
1308837661 540
1308837721 538
1308837781 553
1308837841 551
1308837902 539
1308837962 540
1308838023 526
1308838082 537
1308838141 547
1308838202 543
1308838261 547
1308838321 547
1308838381 558
1308838441 554
1308838501 545
1308838561 561
1308838621 570
1308838681 586
1308838741 591
1308838801 591
1308838861 598
1308838921 579
1308838981 601
1308839041 599
1308839101 589
1308839161 587
1308839221 584
1308839281 583
1308839341 594
1308839401 572
1308839461 578
1308839521 577
1308839581 584
1308839641 586
1308839702 582
1308839761 579
1308839822 586
1308839881 592
1308839942 578
1308840001 572
1308840061 579
1308840121 569
1308840181 581
1308840241 563
1308840301 573
1308840363 577
1308840421 562
1308840482 568
1308840541 563
1308840601 552
1308840661 552
1308840721 551
1308840781 555
1308840841 546
1308840902 545
1308840961 559
1308841021 564
1308841081 565
1308841141 577
1308841201 568
1308841262 576
1308841322 581
1308841382 580
1308841441 595
1308841501 589
1308841561 592
1308841621 591
1308841682 598
1308841742 616
1308841802 615
1308841862 618
1308841921 623
1308841981 608
1308842041 614
1308842101 595
1308842161 587
1308842221 580
1308842281 585
1308842341 594
1308842401 576
1308842461 577
1308842521 572
1308842581 570
1308842641 571
1308842701 560
1308842761 573
1308842821 576
1308842881 581
1308842941 592
1308843001 580
1308843061 579
1308843121 579
1308843181 563
1308843241 565
1308843302 549
1308843361 538
1308843421 550
1308843481 531
1308843541 536
1308843601 531
1308843661 540
1308843721 546
1308843782 549
1308843841 560
1308843901 547
1308843962 567
1308844021 555
1308844082 566
1308844142 582
1308844201 554
1308844261 561
1308844321 556
1308844381 556
1308844441 558
1308844501 546
1308844561 550
1308844621 546
1308844681 548
1308844741 554
1308844801 546
