1311091261 2
1311091321 2
1311091381 2
1311091441 2
1311091501 2
1311091561 2
1311091621 2
1311091681 2
1311091741 2
1311091801 2
1311091861 2
1311091921 2
1311091981 2
1311092041 2
1311092101 2
1311092161 2
1311092222 2
1311092281 2
1311092341 2
1311092401 2
1311092461 2
1311092521 2
1311092581 2
1311092641 2
1311092701 2
1311092761 2
1311092821 2
1311092881 2
1311092941 2
1311093001 2
1311093061 2
1311093121 2
1311093181 2
1311093241 2
1311093301 2
1311093361 2
1311093421 2
1311093481 2
1311093541 2
1311093601 2
1311093661 2
1311093721 2
1311093781 1
1311093841 1
1311093901 1
1311093961 2
1311094021 2
1311094081 3
1311094141 3
1311094201 3
1311094261 3
1311094321 3
1311094381 3
1311094441 3
1311094501 1
1311094561 2
1311094621 2
1311094681 2
1311094741 2
1311094801 2
1311094861 2
1311094921 2
1311094981 2
1311095042 2
1311095102 2
1311095162 2
1311095221 2
1311095281 2
1311095341 2
1311095401 1
1311095461 2
1311095521 2
1311095581 2
1311095641 2
1311095701 2
1311095761 2
1311095821 2
1311095881 0
1311095941 0
1311096001 0
1311096061 0
1311096121 0
1311096181 0
1311096241 0
1311096301 0
1311096361 0
1311096421 0
1311096481 0
1311096541 0
1311096601 0
1311096661 0
1311096721 0
1311096781 0
1311096841 0
1311096901 0
1311096961 0
1311097021 0
1311097081 0
1311097141 0
1311097201 0
1311097261 0
1311097321 0
1311097381 0
1311097441 0
1311097501 0
1311097561 0
1311097621 0
1311097681 1
1311097741 1
1311097801 1
1311097861 1
1311097921 1
1311097981 1
1311098041 1
1311098101 1
1311098161 1
1311098221 1
1311098281 1
1311098342 1
1311098401 1
1311098461 1
1311098521 1
1311098581 1
1311098641 1
1311098701 1
1311098761 1
1311098821 1
1311098881 1
1311098941 1
1311099001 1
1311099061 1
1311099121 1
1311099181 1
1311099241 1
1311099301 1
1311099361 1
1311099421 1
1311099482 1
1311099542 1
1311099601 1
1311099661 1
1311099721 1
1311099781 1
1311099841 1
1311099901 1
1311099961 1
1311100021 1
1311100081 1
1311100141 1
1311100201 1
1311100261 1
1311100321 1
1311100381 1
1311100441 1
1311100501 1
1311100561 1
1311100621 1
1311100681 1
1311100741 1
1311100801 1
1311100861 1
1311100921 1
1311100981 1
1311101041 1
1311101101 1
1311101161 1
1311101221 1
1311101281 1
1311101341 1
1311101401 1
1311101461 1
1311101521 1
1311101581 1
1311101641 1
1311101701 1
1311101761 1
1311101821 1
1311101881 1
1311101941 1
1311102001 1
1311102061 1
1311102121 1
1311102181 1
1311102241 1
1311102301 1
1311102361 1
1311102421 1
1311102481 1
1311102541 1
1311102601 1
1311102661 1
1311102721 1
1311102781 1
1311102841 1
1311102901 1
1311102961 1
1311103021 1
1311103081 1
1311103141 1
1311103201 1
1311103261 1
1311103321 1
1311103381 1
1311103441 1
1311103501 1
1311103561 1
1311103621 1
1311103681 1
1311103741 1
1311103801 1
1311103861 1
1311103921 1
1311103981 1
1311104041 1
1311104101 1
1311104161 1
1311104221 1
1311104281 1
1311104341 1
1311104401 1
1311104461 1
1311104521 1
1311104581 1
1311104641 1
1311104701 1
1311104761 1
1311104821 1
1311104881 1
1311104941 1
1311105001 1
1311105061 1
1311105122 1
1311105181 1
1311105241 1
1311105301 1
1311105361 1
1311105421 1
1311105481 1
1311105541 1
1311105601 1
1311105661 1
1311105721 1
1311105781 1
1311105841 1
1311105901 1
1311105961 1
1311106021 1
1311106081 1
1311106141 1
1311106201 1
1311106261 1
1311106321 1
1311106381 1
1311106441 1
1311106501 1
1311106561 1
1311106621 1
1311106681 1
1311106741 1
1311106801 1
1311106861 1
1311106921 1
1311106981 1
1311107041 1
1311107101 1
1311107161 1
1311107221 1
1311107281 1
1311107341 1
1311107401 1
1311107461 1
1311107521 1
1311107581 1
1311107641 0
1311107701 0
1311107761 0
1311107821 0
1311107881 0
1311107941 0
1311108001 0
1311108061 0
1311108121 0
1311108181 0
1311108241 0
1311108302 0
1311108361 0
1311108421 0
1311108481 0
1311108541 0
1311108601 0
1311108661 0
1311108721 0
1311108781 0
1311108841 0
1311108901 0
1311108961 0
1311109021 0
1311109081 0
1311109141 0
1311109201 0
1311109261 0
1311109321 0
1311109381 0
1311109441 0
1311109501 0
1311109561 0
1311109621 0
1311109681 0
1311109741 0
1311109801 0
1311109785 0
1311109801 0
1311109861 0
1311109921 0
1311109981 0
1311110041 0
1311110101 0
1311110161 0
1311110221 0
1311110281 0
1311110341 0
1311110401 0
1311110461 0
1311110521 0
1311110581 0
1311110641 0
1311110701 0
1311110761 0
1311110821 0
1311110881 0
1311110941 0
1311111001 0
1311111061 0
1311111121 0
1311111181 0
1311111241 0
1311111301 0
1311111361 0
1311111421 0
1311111481 0
1311111541 0
1311111601 0
1311111661 0
1311111721 0
1311111781 0
1311111841 0
1311111901 0
1311111961 0
1311112021 0
1311112081 0
1311112141 0
1311112201 0
1311112261 0
1311112321 0
1311112381 0
1311112441 0
1311112501 0
1311112561 0
1311112621 0
1311112681 0
1311112741 0
1311112801 0
1311112861 0
1311112921 0
1311112981 0
1311113041 0
1311113102 0
1311113161 0
1311113221 0
1311113281 0
1311113341 0
1311113401 0
1311113461 0
1311113521 0
1311113581 0
1311113641 0
1311113701 0
1311113761 0
1311113821 0
1311113881 0
1311113941 0
1311114001 0
1311114061 0
1311114121 0
1311114181 0
1311114241 0
1311114301 0
1311114361 0
1311114421 0
1311114481 0
1311114541 0
1311114601 0
1311114661 0
1311114721 0
1311114781 0
1311114841 0
1311114901 0
1311114961 0
1311115021 0
1311115081 0
1311115141 0
1311115201 0
1311115261 0
1311115321 0
1311115381 0
1311115441 0
1311115501 0
1311115561 0
1311115621 0
1311115681 0
1311115741 0
1311115801 0
1311115861 0
1311115921 0
1311115981 0
1311116041 0
1311116101 0
1311116161 0
1311116221 0
1311116281 0
1311116341 0
1311116401 0
1311116461 0
1311116521 0
1311116581 0
1311116641 0
1311116701 0
1311116761 0
1311116821 0
1311116881 0
1311116941 0
1311117001 0
1311117061 0
1311117121 0
1311117181 0
1311117241 0
1311117301 0
1311117361 0
1311117421 0
1311117481 0
1311117541 0
1311117601 0
1311117661 0
1311117721 0
1311117781 0
1311117841 0
1311117902 0
1311117961 0
1311118021 0
1311118081 0
1311118141 0
1311118201 0
1311118261 0
1311118321 0
1311118381 0
1311118441 0
1311118501 0
1311118561 0
1311118621 0
1311118681 0
1311118741 0
1311118801 0
1311118861 0
1311118921 0
1311118981 0
1311119041 0
1311119101 0
1311119161 0
1311119221 0
1311119281 0
1311119341 0
1311119402 0
1311119461 0
1311119521 0
1311119581 0
1311119641 0
1311119701 0
1311119761 0
1311119821 0
1311119881 0
1311119941 1
1311120001 1
1311120061 1
1311120121 1
1311120181 1
1311120241 1
1311120302 1
1311120361 1
1311120421 1
1311120481 1
1311120541 1
1311120601 1
1311120661 1
1311120721 1
1311120781 1
1311120841 1
1311120901 1
1311120961 1
1311121021 1
1311121081 1
1311121141 1
1311121201 1
1311121261 1
1311121321 1
1311121381 1
1311121441 1
1311121501 1
1311121561 1
1311121621 1
1311121681 1
1311121741 1
1311121801 1
1311121861 1
1311121921 1
1311121981 1
1311122041 1
1311122101 1
1311122161 1
1311122221 1
1311122281 1
1311122341 1
1311122401 1
1311122461 1
1311122521 1
1311122581 1
1311122641 1
1311122701 1
1311122761 1
1311122821 1
1311122881 1
1311122941 1
1311123001 1
1311123061 1
1311123121 1
1311123181 1
1311123241 1
1311123301 1
1311123361 1
1311123421 1
1311123481 1
1311123541 1
1311123601 0
1311123661 0
1311123721 0
1311123781 0
1311123841 0
1311123901 0
1311123961 0
1311124021 0
1311124081 0
1311124141 0
1311124201 0
1311124261 0
1311124321 0
1311124382 0
1311124441 0
1311124501 0
1311124561 0
1311124621 0
1311124681 0
1311124741 0
1311124801 0
1311124861 0
1311124921 0
1311124981 0
1311125041 0
1311125101 0
1311125161 0
1311125221 0
1311125281 0
1311125341 0
1311125401 0
1311125461 0
1311125521 0
1311125581 0
1311125641 1
1311125701 1
1311125761 1
1311125821 1
1311125881 1
1311125941 1
1311126001 1
1311126061 1
1311126121 1
1311126181 1
1311126241 1
1311126301 1
1311126361 1
1311126421 1
1311126481 1
1311126541 1
1311126601 1
1311126661 0
1311126721 0
1311126781 0
1311126841 1
1311126901 1
1311126961 1
1311127021 1
1311127081 1
1311127141 1
1311127201 1
1311127261 1
1311127321 1
1311127381 1
1311127441 1
1311127501 1
1311127561 1
1311127621 1
1311127681 1
1311127741 1
1311127801 1
1311127861 1
1311127921 1
1311127981 1
1311128041 1
1311128101 1
1311128161 1
1311128221 1
1311128282 1
1311128341 1
1311128401 2
1311128461 2
1311128521 2
1311128581 2
1311128641 2
1311128701 2
1311128761 2
1311128821 2
1311128881 2
1311128941 2
1311129001 2
1311129061 2
1311129121 2
1311129181 2
1311129241 2
1311129301 2
1311129361 2
1311129421 2
1311129481 2
1311129541 2
1311129601 2
1311129661 2
1311129721 2
1311129781 2
1311129841 2
1311129901 2
1311129961 2
1311130021 2
1311130081 2
1311130141 2
1311130201 2
1311130261 2
1311130321 2
1311130381 2
1311130441 2
1311130501 1
1311130561 1
1311130621 1
1311130681 1
1311130742 1
1311130801 1
1311130861 1
1311130921 1
1311130981 1
1311131041 0
1311131101 0
1311131161 0
1311131221 0
1311131281 0
1311131341 0
1311131401 0
1311131461 0
1311131521 0
1311131581 0
1311131641 0
1311131702 0
1311131761 0
1311131821 0
1311131881 0
1311131941 0
1311132001 1
1311132061 1
1311132121 1
1311132181 1
1311132241 1
1311132301 1
1311132361 1
1311132421 2
1311132481 2
1311132541 2
1311132601 2
1311132661 3
1311132721 3
1311132781 3
1311132841 3
1311132901 3
1311132961 3
1311133021 2
1311133081 2
1311133141 2
1311133201 2
1311133261 2
1311133321 2
1311133381 2
1311133441 2
1311133501 2
1311133561 2
1311133621 2
1311133681 2
1311133741 2
1311133801 4
1311133861 4
1311133921 4
1311133981 4
1311134041 4
1311134101 4
1311134161 4
1311134221 4
1311134281 4
1311134341 4
1311134401 3
1311134461 3
1311134521 3
1311134581 3
1311134641 3
1311134701 3
1311134761 3
1311134821 3
1311134881 3
1311134941 3
1311135001 2
1311135061 2
1311135121 2
1311135181 2
1311135241 2
1311135302 2
1311135361 2
1311135421 2
1311135481 2
1311135541 2
1311135601 3
1311135661 3
1311135721 3
1311135781 3
1311135841 3
1311135901 3
1311135961 3
1311136021 1
1311136081 1
1311136141 1
1311136201 1
1311136261 1
1311136321 1
1311136381 1
1311136441 1
1311136501 1
1311136561 1
1311136621 1
1311136681 1
1311136741 1
1311136801 0
1311136861 0
1311136921 0
1311136981 0
1311137041 0
1311137101 0
1311137161 0
1311137221 0
1311137281 0
1311137341 0
1311137401 0
1311137461 0
1311137521 0
1311137581 0
1311137641 0
1311137701 0
1311137761 0
1311137821 0
1311137881 0
1311137941 0
1311138001 0
1311138061 0
1311138121 0
1311138181 0
1311138241 0
1311138301 0
1311138361 0
1311138421 0
1311138481 1
1311138541 1
1311138601 1
1311138661 1
1311138721 2
1311138781 2
1311138841 3
1311138901 3
1311138961 3
1311139021 2
1311139081 2
1311139141 2
1311139201 2
1311139261 2
1311139321 2
1311139381 2
1311139441 2
1311139501 2
1311139561 2
1311139621 2
1311139681 2
1311139741 2
1311139801 2
1311139861 2
1311139921 2
1311139981 2
1311140041 2
1311140101 2
1311140161 2
1311140221 2
1311140281 1
1311140341 1
1311140401 2
1311140461 2
1311140521 2
1311140581 2
1311140641 2
1311140701 2
1311140761 1
1311140821 2
1311140881 2
1311140941 2
1311141001 2
1311141061 2
1311141121 2
1311141181 2
1311141241 2
1311141301 2
1311141361 2
1311141421 2
1311141481 2
1311141541 2
1311141601 2
1311141661 2
1311141721 2
1311141781 1
1311141841 1
1311141901 1
1311141961 1
1311142021 1
1311142081 1
1311142141 1
1311142201 1
1311142261 2
1311142321 2
1311142381 2
1311142441 3
1311142501 3
1311142561 3
1311142621 3
1311142681 3
1311142741 2
1311142801 2
1311142861 2
1311142921 2
1311142981 4
1311143041 4
1311143101 4
1311143161 4
1311143221 4
1311143281 4
1311143341 4
1311143401 4
1311143461 4
1311143521 4
1311143581 4
1311143641 4
1311143702 4
1311143761 4
1311143821 0
1311143881 0
1311143941 0
1311144001 0
1311144061 0
1311144121 0
1311144181 0
1311144241 0
1311144301 0
1311144361 0
1311144421 0
1311144481 0
1311144541 0
1311144601 0
1311144661 1
1311144721 1
1311144781 1
1311144841 1
1311144901 1
1311144961 2
1311145021 2
1311145081 2
1311145141 2
1311145201 2
1311145261 2
1311145321 2
1311145381 0
1311145441 2
1311145501 2
1311145561 2
1311145621 2
1311145681 2
1311145741 2
1311145801 2
1311145861 2
1311145921 2
1311145981 1
1311146041 2
1311146101 2
1311146161 2
1311146221 2
1311146281 2
1311146341 1
1311146401 1
1311146461 2
1311146521 2
1311146581 3
1311146641 3
1311146701 3
1311146761 3
1311146821 3
1311146881 3
1311146941 3
1311147001 3
1311147061 3
1311147121 3
1311147181 3
1311147241 3
1311147301 3
1311147361 3
1311147421 3
1311147481 3
1311147541 1
1311147601 1
1311147661 2
1311147721 2
1311147781 2
1311147841 2
1311147901 2
1311147961 2
1311148021 2
1311148081 2
1311148141 2
1311148201 2
1311148261 1
1311148321 1
1311148381 1
1311148441 1
1311148501 1
1311148561 1
1311148621 1
1311148681 1
1311148741 1
1311148801 2
1311148861 2
1311148921 3
1311148981 3
1311149041 3
1311149101 3
1311149161 3
1311149221 3
1311149281 3
1311149341 1
1311149401 1
1311149461 1
1311149521 1
1311149581 1
1311149641 1
1311149701 1
1311149761 1
1311149821 1
1311149881 1
1311149941 1
1311150001 1
1311150061 1
1311150121 2
1311150181 2
1311150241 2
1311150301 2
1311150361 2
1311150421 3
1311150481 4
1311150541 4
1311150601 4
1311150661 4
1311150721 4
1311150781 4
1311150841 4
1311150901 2
1311150961 2
1311151021 2
1311151081 2
1311151141 2
1311151201 3
1311151261 5
1311151321 4
1311151381 5
1311151441 5
1311151501 5
1311151561 5
1311151621 5
1311151681 5
1311151741 5
1311151801 5
1311151861 6
1311151921 6
1311151981 6
1311152041 3
1311152101 4
1311152161 4
1311152221 5
1311152281 5
1311152342 5
1311152401 5
1311152461 5
1311152521 6
1311152581 4
1311152641 4
1311152701 4
1311152761 4
1311152821 4
1311152881 4
1311152941 4
1311153001 3
1311153061 5
1311153121 5
1311153181 4
1311153241 5
1311153301 5
1311153361 6
1311153422 6
1311153481 6
1311153541 6
1311153602 6
1311153661 6
1311153721 6
1311153781 6
1311153841 6
1311153901 6
1311153961 6
1311154021 4
1311154081 4
1311154141 5
1311154201 5
1311154261 5
1311154321 5
1311154381 5
1311154441 5
1311154501 5
1311154561 5
1311154621 5
1311154681 5
1311154741 5
1311154801 5
1311154861 5
1311154921 5
1311154981 3
1311155041 3
1311155101 4
1311155161 4
1311155221 3
1311155281 3
1311155341 3
1311155402 3
1311155461 3
1311155521 3
1311155581 3
1311155641 3
1311155701 3
1311155761 3
1311155821 3
1311155881 3
1311155941 3
1311156001 3
1311156061 3
1311156121 3
1311156181 3
1311156241 3
1311156301 3
1311156361 3
1311156421 2
1311156481 3
1311156541 3
1311156601 3
1311156661 3
1311156721 3
1311156781 3
1311156841 3
1311156901 3
1311156961 3
1311157021 3
1311157081 3
1311157141 1
1311157201 1
1311157262 1
1311157321 1
1311157381 1
1311157441 1
1311157501 1
1311157561 2
1311157621 2
1311157681 2
1311157741 2
1311157801 2
1311157861 3
1311157921 3
1311157981 3
1311158041 3
1311158101 3
1311158161 3
1311158221 3
1311158281 4
1311158341 4
1311158401 4
1311158461 5
1311158521 5
1311158581 5
1311158641 5
1311158701 5
1311158761 3
1311158821 3
1311158881 3
1311158941 3
1311159001 3
1311159061 3
1311159121 3
1311159181 3
1311159241 3
1311159301 3
1311159361 3
1311159421 3
1311159481 3
1311159541 3
1311159601 3
1311159661 3
1311159721 3
1311159781 3
1311159841 3
1311159901 3
1311159961 3
1311160021 3
1311160081 3
1311160141 3
1311160201 3
1311160261 3
1311160321 3
1311160381 3
1311160441 3
1311160501 3
1311160561 3
1311160621 3
1311160681 3
1311160741 3
1311160801 3
1311160862 3
1311160921 3
1311160981 3
1311161041 3
1311161101 3
1311161161 3
1311161221 3
1311161281 3
1311161341 3
1311161401 3
1311161461 3
1311161521 3
1311161581 3
1311161641 3
1311161701 3
1311161761 3
1311161821 3
1311161881 3
1311161941 3
1311162001 3
1311162061 3
1311162121 3
1311162181 2
1311162241 3
1311162301 3
1311162361 3
1311162421 3
1311162481 3
1311162541 2
1311162601 2
1311162661 2
1311162721 2
1311162781 2
1311162841 2
1311162901 2
1311162961 2
1311163021 2
1311163081 2
1311163141 2
1311163201 2
1311163261 3
1311163321 3
1311163381 3
1311163441 3
1311163502 2
1311163561 3
1311163621 3
1311163681 3
1311163741 3
1311163801 3
1311163861 3
1311163921 3
1311163981 3
1311164041 3
1311164101 3
1311164161 3
1311164221 2
1311164281 2
1311164341 2
1311164401 2
1311164461 2
1311164521 2
1311164581 2
1311164641 2
1311164701 2
1311164761 2
1311164821 2
1311164881 2
1311164941 2
1311165001 1
1311165061 1
1311165121 1
1311165181 1
1311165241 1
1311165301 1
1311165361 1
1311165421 1
1311165481 1
1311165541 1
1311165601 1
1311165661 1
1311165721 1
1311165781 1
1311165841 1
1311165901 2
1311165961 2
1311166021 2
1311166081 2
1311166141 2
1311166201 2
1311166261 2
1311166321 0
1311166381 0
1311166441 0
1311166501 1
1311166561 1
1311166621 1
1311166681 1
1311166741 1
1311166801 1
1311166861 1
1311166921 1
1311166981 1
1311167041 0
1311167101 0
1311167162 2
1311167221 2
1311167281 2
1311167341 2
1311167401 2
1311167461 2
1311167521 2
1311167581 2
1311167641 2
1311167701 2
1311167761 2
1311167821 2
1311167881 2
1311167941 2
1311168001 2
1311168061 2
1311168121 2
1311168181 2
1311168241 2
1311168301 2
1311168361 2
1311168421 2
1311168481 2
1311168541 2
1311168601 2
1311168661 2
1311168721 2
1311168781 2
1311168841 2
1311168901 2
1311168961 2
1311169021 2
1311169081 2
1311169141 0
1311169201 0
1311169261 0
1311169321 0
1311169381 0
1311169441 0
1311169501 0
1311169561 0
1311169621 0
1311169681 1
1311169741 1
1311169801 1
1311169862 1
1311169921 1
1311169981 1
1311170041 1
1311170101 1
1311170161 1
1311170221 1
1311170281 1
1311170341 1
1311170401 0
1311170461 1
1311170521 1
1311170581 1
1311170641 1
1311170701 1
1311170761 1
1311170821 1
1311170881 0
1311170941 0
1311171001 0
1311171061 1
1311171121 1
1311171181 1
1311171241 1
1311171301 1
1311171361 1
1311171421 1
1311171481 1
1311171541 1
1311171601 1
1311171661 1
1311171721 1
1311171781 1
1311171841 1
1311171901 1
1311171961 1
1311172021 1
1311172081 1
1311172141 1
1311172201 1
1311172261 0
1311172321 0
1311172381 0
1311172441 0
1311172501 0
1311172561 0
1311172621 0
1311172681 0
1311172741 0
1311172801 0
1311172861 0
1311172922 0
1311172981 0
1311173041 0
1311173101 0
1311173161 0
1311173221 0
1311173281 0
1311173341 0
1311173401 0
1311173461 0
1311173521 0
1311173581 0
1311173641 0
1311173701 1
1311173761 2
1311173821 2
1311173881 2
1311173941 2
1311174001 2
1311174061 3
1311174121 3
1311174181 3
1311174241 3
1311174301 3
1311174361 3
1311174421 3
1311174481 0
1311174541 0
1311174601 0
1311174661 0
1311174721 0
1311174782 1
1311174841 1
1311174901 1
1311174961 1
1311175021 1
1311175081 1
1311175141 1
1311175201 1
1311175261 2
1311175321 2
1311175381 3
1311175441 3
1311175501 3
1311175561 3
1311175621 4
1311175681 4
1311175741 4
1311175801 4
1311175861 4
1311175922 5
1311175981 5
1311176041 5
1311176101 2
1311176161 3
1311176221 3
1311176281 3
1311176341 3
1311176401 3
1311176461 3
1311176521 3
1311176581 3
1311176641 3
1311176701 3
1311176761 3
1311176821 3
1311176881 3
1311176941 3
1311177001 3
1311177061 3
1311177121 3
1311177181 3
1311177241 3
1311177301 3
1311177361 3
1311177421 3
1311177481 3
1311177541 3
1311177601 3
