1313856061 2
1313856121 2
1313856181 2
1313856241 2
1313856301 2
1313856361 2
1313856421 2
1313856481 2
1313856541 2
1313856601 2
1313856661 2
1313856721 2
1313856781 2
1313856841 2
1313856901 2
1313856962 2
1313857021 2
1313857081 0
1313857141 0
1313857201 0
1313857261 0
1313857321 0
1313857381 0
1313857441 0
1313857501 0
1313857561 0
1313857621 0
1313857681 0
1313857741 0
1313857801 0
1313857861 0
1313857921 0
1313857981 0
1313858041 0
1313858101 0
1313858161 0
1313858221 0
1313858281 0
1313858341 0
1313858401 0
1313858461 0
1313858521 0
1313858581 0
1313858642 0
1313858701 0
1313858761 0
1313858821 0
1313858881 0
1313858941 0
1313859001 0
1313859061 0
1313859121 0
1313859181 0
1313859241 0
1313859301 0
1313859361 0
1313859421 0
1313859481 0
1313859541 0
1313859601 0
1313859661 0
1313859721 0
1313859781 0
1313859841 0
1313859901 0
1313859961 0
1313860021 0
1313860081 0
1313860141 0
1313860201 0
1313860261 0
1313860321 0
1313860381 0
1313860441 0
1313860501 0
1313860561 0
1313860621 0
1313860681 0
1313860741 0
1313860801 0
1313860861 0
1313860921 0
1313860981 0
1313861041 0
1313861101 0
1313861161 0
1313861221 0
1313861281 0
1313861341 0
1313861401 0
1313861461 0
1313861521 0
1313861581 0
1313861641 0
1313861701 0
1313861761 0
1313861821 0
1313861881 0
1313861941 0
1313862001 0
1313862061 0
1313862121 0
1313862181 0
1313862241 0
1313862301 0
1313862361 0
1313862421 0
1313862481 0
1313862541 0
1313862601 0
1313862661 0
1313862721 0
1313862781 0
1313862841 0
1313862901 0
1313862961 0
1313863021 0
1313863081 0
1313863141 0
1313863201 0
1313863261 0
1313863321 0
1313863381 0
1313863441 0
1313863501 0
1313863561 0
1313863621 0
1313863681 0
1313863741 0
1313863801 0
1313863861 0
1313863921 0
1313863981 0
1313864041 0
1313864101 0
1313864161 0
1313864221 0
1313864281 0
1313864341 0
1313864401 0
1313864461 0
1313864521 0
1313864581 0
1313864641 0
1313864701 0
1313864761 0
1313864821 0
1313864881 0
1313864941 0
1313865001 0
1313865061 0
1313865121 0
1313865181 0
1313865241 0
1313865301 0
1313865361 0
1313865421 0
1313865481 0
1313865541 0
1313865601 0
1313865661 0
1313865721 0
1313865781 0
1313865841 0
1313865901 0
1313865961 0
1313866021 0
1313866081 0
1313866141 0
1313866201 0
1313866261 0
1313866321 0
1313866381 0
1313866441 0
1313866501 0
1313866561 0
1313866621 0
1313866681 0
1313866741 0
1313866801 0
1313866861 0
1313866921 0
1313866981 0
1313867041 0
1313867101 0
1313867161 0
1313867221 0
1313867282 0
1313867341 0
1313867402 0
1313867461 0
1313867521 0
1313867582 0
1313867642 0
1313867701 0
1313867761 0
1313867821 0
1313867881 0
1313867941 0
1313868001 0
1313868061 0
1313868121 0
1313868181 0
1313868241 0
1313868301 0
1313868361 0
1313868421 0
1313868481 0
1313868541 0
1313868601 0
1313868661 0
1313868721 0
1313868781 0
1313868841 0
1313868901 0
1313868961 0
1313869021 0
1313869081 0
1313869141 0
1313869201 0
1313869261 0
1313869321 0
1313869381 0
1313869441 0
1313869501 0
1313869561 0
1313869621 0
1313869681 0
1313869741 0
1313869801 0
1313869861 0
1313869921 0
1313869981 0
1313870041 0
1313870101 0
1313870161 0
1313870221 0
1313870281 0
1313870341 0
1313870401 0
1313870461 0
1313870521 0
1313870581 0
1313870641 0
1313870701 0
1313870761 0
1313870821 0
1313870881 0
1313870941 0
1313871001 0
1313871061 0
1313871121 0
1313871181 0
1313871241 0
1313871301 0
1313871361 0
1313871421 0
1313871481 0
1313871541 0
1313871601 0
1313871661 0
1313871721 0
1313871781 0
1313871841 0
1313871901 0
1313871961 0
1313872021 0
1313872081 0
1313872141 0
1313872201 0
1313872261 0
1313872321 0
1313872381 0
1313872441 0
1313872501 0
1313872561 0
1313872621 0
1313872681 0
1313872741 0
1313872801 0
1313872861 0
1313872921 0
1313872981 0
1313873041 0
1313873101 0
1313873161 0
1313873221 0
1313873281 0
1313873341 0
1313873402 0
1313873461 0
1313873521 0
1313873581 0
1313873641 0
1313873701 0
1313873761 0
1313873821 0
1313873881 0
1313873941 0
1313874001 0
1313874061 0
1313874121 0
1313874182 0
1313874241 0
1313874301 0
1313874361 0
1313874421 0
1313874481 0
1313874541 0
1313874601 0
1313874594 0
1313874601 0
1313874661 0
1313874721 0
1313874781 0
1313874841 0
1313874901 0
1313874961 0
1313875021 0
1313875081 0
1313875141 0
1313875201 0
1313875261 0
1313875321 0
1313875381 0
1313875441 0
1313875501 0
1313875561 0
1313875621 0
1313875681 0
1313875741 0
1313875801 0
1313875861 0
1313875921 0
1313875981 0
1313876041 0
1313876101 0
1313876161 0
1313876221 0
1313876281 0
1313876341 0
1313876401 0
1313876461 0
1313876521 0
1313876581 0
1313876641 0
1313876701 0
1313876761 0
1313876821 0
1313876881 0
1313876941 0
1313877001 0
1313877061 0
1313877121 0
1313877181 0
1313877241 0
1313877301 0
1313877361 0
1313877421 0
1313877481 0
1313877541 0
1313877601 0
1313877661 0
1313877721 0
1313877781 0
1313877841 0
1313877901 0
1313877961 0
1313878021 0
1313878081 0
1313878141 0
1313878201 0
1313878261 0
1313878321 0
1313878381 0
1313878441 0
1313878501 0
1313878561 0
1313878621 0
1313878681 0
1313878741 0
1313878801 0
1313878861 0
1313878921 0
1313878981 0
1313879041 0
1313879101 0
1313879161 0
1313879221 0
1313879281 0
1313879341 0
1313879401 0
1313879461 0
1313879521 0
1313879581 0
1313879641 0
1313879701 0
1313879761 0
1313879821 0
1313879881 0
1313879941 0
1313880001 0
1313880061 0
1313880121 0
1313880181 0
1313880241 0
1313880301 0
1313880361 0
1313880421 0
1313880481 0
1313880541 0
1313880601 0
1313880661 0
1313880721 0
1313880781 0
1313880841 0
1313880901 0
1313880961 0
1313881021 0
1313881081 0
1313881141 0
1313881201 0
1313881261 0
1313881321 0
1313881381 0
1313881441 0
1313881501 0
1313881561 0
1313881621 0
1313881681 0
1313881741 0
1313881801 0
1313881861 0
1313881921 0
1313881981 0
1313882041 0
1313882101 0
1313882161 0
1313882221 0
1313882281 0
1313882341 0
1313882401 0
1313882461 0
1313882521 0
1313882581 0
1313882641 0
1313882701 0
1313882761 0
1313882822 0
1313882881 0
1313882941 0
1313883001 0
1313883061 0
1313883121 0
1313883181 0
1313883241 0
1313883301 0
1313883361 0
1313883421 0
1313883481 0
1313883541 0
1313883601 0
1313883661 0
1313883721 0
1313883781 0
1313883841 0
1313883901 0
1313883961 0
1313884021 1
1313884081 1
1313884141 1
1313884201 1
1313884261 1
1313884321 1
1313884381 1
1313884441 1
1313884501 1
1313884561 1
1313884621 1
1313884681 1
1313884741 1
1313884801 1
1313884861 1
1313884921 1
1313884981 1
1313885041 1
1313885101 1
1313885161 1
1313885221 1
1313885281 1
1313885341 1
1313885401 1
1313885461 1
1313885521 1
1313885581 1
1313885641 1
1313885701 1
1313885761 1
1313885821 1
1313885881 1
1313885942 1
1313886001 1
1313886062 1
1313886121 1
1313886181 1
1313886241 1
1313886301 1
1313886361 1
1313886421 1
1313886481 1
1313886541 1
1313886601 1
1313886661 1
1313886721 1
1313886781 1
1313886841 1
1313886901 1
1313886961 1
1313887021 1
1313887081 1
1313887141 1
1313887201 1
1313887261 1
1313887321 1
1313887381 1
1313887441 1
1313887501 1
1313887561 1
1313887621 1
1313887681 1
1313887741 1
1313887801 1
1313887861 1
1313887921 1
1313887981 1
1313888041 1
1313888101 1
1313888161 1
1313888221 1
1313888281 1
1313888341 1
1313888401 1
1313888461 1
1313888521 1
1313888581 1
1313888641 1
1313888701 1
1313888761 1
1313888821 1
1313888881 1
1313888941 1
1313889001 1
1313889061 1
1313889121 1
1313889181 1
1313889241 1
1313889301 1
1313889361 1
1313889421 1
1313889481 1
1313889541 1
1313889601 1
1313889661 1
1313889721 1
1313889781 1
1313889841 1
1313889901 1
1313889961 1
1313890021 1
1313890081 1
1313890141 1
1313890201 1
1313890261 1
1313890321 1
1313890381 1
1313890441 1
1313890501 1
1313890561 1
1313890621 1
1313890681 1
1313890741 1
1313890801 0
1313890861 0
1313890921 0
1313890981 0
1313891041 0
1313891101 0
1313891161 0
1313891221 0
1313891281 0
1313891341 0
1313891401 0
1313891461 0
1313891521 0
1313891581 0
1313891641 0
1313891701 0
1313891761 0
1313891821 0
1313891881 0
1313891941 0
1313892001 0
1313892061 0
1313892121 0
1313892181 0
1313892241 0
1313892301 0
1313892361 0
1313892421 0
1313892481 0
1313892541 0
1313892601 0
1313892662 0
1313892721 1
1313892781 1
1313892841 1
1313892901 1
1313892961 1
1313893021 1
1313893081 1
1313893141 1
1313893201 1
1313893261 1
1313893321 1
1313893381 1
1313893441 1
1313893501 1
1313893561 1
1313893621 1
1313893681 1
1313893741 1
1313893801 1
1313893861 1
1313893921 1
1313893981 1
1313894041 1
1313894101 1
1313894161 1
1313894221 1
1313894281 1
1313894341 1
1313894401 1
1313894461 1
1313894521 1
1313894581 1
1313894641 1
1313894701 1
1313894761 1
1313894821 1
1313894881 1
1313894941 1
1313895001 1
1313895061 1
1313895121 1
1313895181 1
1313895241 1
1313895301 1
1313895361 0
1313895421 0
1313895482 1
1313895541 1
1313895601 1
1313895661 1
1313895721 1
1313895781 1
1313895841 1
1313895901 1
1313895961 1
1313896021 1
1313896081 1
1313896141 1
1313896201 1
1313896261 1
1313896321 1
1313896381 1
1313896441 1
1313896501 1
1313896561 1
1313896621 1
1313896681 1
1313896741 2
1313896801 2
1313896861 2
1313896921 2
1313896981 2
1313897041 2
1313897101 2
1313897161 2
1313897221 2
1313897281 0
1313897341 1
1313897401 1
1313897461 1
1313897521 1
1313897581 1
1313897641 1
1313897701 1
1313897761 1
1313897821 1
1313897881 1
1313897941 1
1313898001 1
1313898061 1
1313898121 1
1313898181 1
1313898241 1
1313898301 1
1313898361 1
1313898421 1
1313898481 1
1313898541 1
1313898601 1
1313898661 1
1313898721 1
1313898781 1
1313898841 1
1313898902 1
1313898961 1
1313899021 1
1313899081 1
1313899141 1
1313899201 1
1313899261 1
1313899321 1
1313899381 1
1313899441 1
1313899501 1
1313899561 1
1313899621 1
1313899681 1
1313899741 0
1313899801 0
1313899861 0
1313899922 0
1313899981 0
1313900041 0
1313900101 0
1313900161 0
1313900221 0
1313900281 0
1313900341 0
1313900401 0
1313900461 0
1313900521 0
1313900581 0
1313900641 0
1313900701 0
1313900761 0
1313900821 0
1313900881 0
1313900941 0
1313901001 0
1313901061 0
1313901121 0
1313901181 0
1313901241 0
1313901301 0
1313901361 0
1313901421 0
1313901481 0
1313901541 0
1313901601 0
1313901661 0
1313901721 0
1313901781 0
1313901841 0
1313901901 0
1313901961 0
1313902021 0
1313902081 0
1313902141 0
1313902201 0
1313902261 0
1313902321 0
1313902381 0
1313902441 0
1313902501 0
1313902561 0
1313902621 0
1313902681 0
1313902741 0
1313902802 0
1313902861 0
1313902921 0
1313902981 0
1313903041 0
1313903101 0
1313903161 0
1313903221 0
1313903281 0
1313903341 0
1313903401 0
1313903461 0
1313903521 0
1313903581 0
1313903641 0
1313903701 0
1313903761 0
1313903821 0
1313903881 0
1313903941 0
1313904001 0
1313904061 0
1313904121 0
1313904181 0
1313904241 1
1313904301 1
1313904361 1
1313904421 1
1313904481 1
1313904541 1
1313904601 1
1313904661 1
1313904721 1
1313904781 1
1313904841 1
1313904901 1
1313904961 1
1313905021 1
1313905081 1
1313905141 1
1313905201 1
1313905261 1
1313905321 1
1313905381 1
1313905442 1
1313905501 1
1313905561 1
1313905621 1
1313905681 1
1313905741 1
1313905801 1
1313905861 1
1313905921 1
1313905981 1
1313906041 1
1313906101 1
1313906161 1
1313906221 1
1313906281 1
1313906341 1
1313906401 1
1313906461 1
1313906521 1
1313906581 1
1313906641 1
1313906701 1
1313906761 1
1313906821 1
1313906881 0
1313906941 0
1313907001 0
1313907061 0
1313907121 0
1313907181 0
1313907241 0
1313907301 0
1313907361 0
1313907421 0
1313907481 1
1313907541 1
1313907601 1
1313907661 1
1313907721 1
1313907781 1
1313907841 1
1313907901 1
1313907961 1
1313908022 1
1313908081 1
1313908141 1
1313908201 1
1313908261 1
1313908321 1
1313908381 1
1313908441 1
1313908501 1
1313908561 1
1313908621 1
1313908681 2
1313908741 2
1313908801 2
1313908861 2
1313908921 2
1313908981 2
1313909041 2
1313909101 2
1313909161 2
1313909221 2
1313909281 2
1313909341 2
1313909401 3
1313909461 3
1313909521 3
1313909581 3
1313909641 3
1313909701 3
1313909761 4
1313909821 4
1313909881 4
1313909941 4
1313910001 4
1313910061 4
1313910121 4
1313910181 4
1313910241 4
1313910301 4
1313910361 4
1313910421 4
1313910481 4
1313910542 4
1313910601 4
1313910661 4
1313910721 4
1313910781 4
1313910841 4
1313910901 4
1313910961 4
1313911021 4
1313911081 4
1313911142 4
1313911201 4
1313911261 4
1313911321 4
1313911381 4
1313911441 4
1313911501 4
1313911561 4
1313911621 4
1313911681 4
1313911741 4
1313911801 4
1313911861 4
1313911921 4
1313911981 4
1313912041 4
1313912101 4
1313912161 4
1313912221 4
1313912281 4
1313912341 1
1313912401 1
1313912461 1
1313912521 1
1313912581 1
1313912642 1
1313912701 1
1313912761 1
1313912821 1
1313912881 1
1313912941 1
1313913001 1
1313913061 1
1313913121 1
1313913181 1
1313913241 1
1313913301 1
1313913361 1
1313913421 1
1313913481 1
1313913541 1
1313913601 1
1313913661 1
1313913722 1
1313913781 1
1313913841 1
1313913901 1
1313913961 1
1313914021 1
1313914081 1
1313914141 1
1313914201 1
1313914261 1
1313914321 1
1313914381 1
1313914441 1
1313914501 1
1313914561 1
1313914621 1
1313914681 1
1313914741 1
1313914801 1
1313914861 1
1313914921 1
1313914981 1
1313915041 1
1313915101 1
1313915161 1
1313915221 1
1313915281 1
1313915341 1
1313915401 1
1313915461 1
1313915521 1
1313915581 1
1313915641 1
1313915701 1
1313915761 1
1313915821 1
1313915881 1
1313915941 1
1313916001 1
1313916061 0
1313916121 0
1313916181 0
1313916241 0
1313916301 0
1313916361 0
1313916421 0
1313916481 0
1313916541 0
1313916601 0
1313916661 0
1313916721 0
1313916781 0
1313916841 0
1313916901 0
1313916962 0
1313917021 0
1313917081 0
1313917141 0
1313917201 0
1313917261 0
1313917321 0
1313917381 0
1313917441 0
1313917501 0
1313917561 0
1313917621 0
1313917681 0
1313917741 0
1313917801 0
1313917861 0
1313917921 0
1313917981 0
1313918041 0
1313918101 0
1313918161 0
1313918221 0
1313918281 0
1313918341 0
1313918401 0
1313918461 0
1313918521 0
1313918581 0
1313918641 0
1313918701 0
1313918762 0
1313918821 0
1313918881 0
1313918941 0
1313919001 0
1313919061 0
1313919121 0
1313919181 0
1313919241 0
1313919301 0
1313919361 0
1313919421 0
1313919481 0
1313919541 0
1313919601 0
1313919661 0
1313919721 0
1313919781 0
1313919841 0
1313919901 0
1313919961 0
1313920021 0
1313920081 0
1313920141 0
1313920201 0
1313920261 0
1313920321 0
1313920381 0
1313920441 0
1313920501 0
1313920561 0
1313920621 0
1313920681 0
1313920741 0
1313920801 0
1313920861 0
1313920921 1
1313920981 1
1313921041 1
1313921101 1
1313921161 1
1313921221 1
1313921281 1
1313921341 1
1313921401 1
1313921461 1
1313921521 1
1313921581 1
1313921641 1
1313921701 1
1313921761 1
1313921821 1
1313921881 1
1313921941 1
1313922001 1
1313922061 1
1313922121 1
1313922181 1
1313922241 1
1313922301 1
1313922361 1
1313922421 1
1313922481 1
1313922541 1
1313922601 1
1313922661 1
1313922721 1
1313922781 1
1313922841 1
1313922901 1
1313922961 1
1313923021 1
1313923081 1
1313923141 1
1313923201 1
1313923261 1
1313923321 1
1313923381 1
1313923441 1
1313923501 1
1313923562 1
1313923621 1
1313923681 1
1313923741 1
1313923801 1
1313923861 1
1313923921 1
1313923981 1
1313924041 1
1313924101 1
1313924161 1
1313924221 1
1313924281 1
1313924341 1
1313924401 1
1313924461 1
1313924521 1
1313924581 1
1313924641 1
1313924701 1
1313924761 1
1313924821 1
1313924881 1
1313924941 1
1313925001 1
1313925061 1
1313925122 1
1313925181 1
1313925241 1
1313925301 1
1313925361 0
1313925421 0
1313925481 0
1313925541 0
1313925601 0
1313925661 0
1313925721 0
1313925781 0
1313925841 0
1313925901 0
1313925961 0
1313926021 1
1313926081 1
1313926141 1
1313926201 1
1313926261 1
1313926321 1
1313926381 1
1313926441 1
1313926501 1
1313926561 1
1313926621 1
1313926681 1
1313926741 1
1313926801 1
1313926861 1
1313926921 1
1313926981 1
1313927041 1
1313927101 1
1313927161 1
1313927221 0
1313927281 0
1313927341 0
1313927401 0
1313927461 0
1313927521 0
1313927581 0
1313927641 0
1313927701 0
1313927761 0
1313927821 0
1313927881 0
1313927941 0
1313928001 0
1313928061 0
1313928121 0
1313928181 1
1313928241 1
1313928301 1
1313928361 1
1313928421 1
1313928481 1
1313928541 1
1313928601 1
1313928661 1
1313928721 1
1313928781 1
1313928841 1
1313928901 1
1313928961 1
1313929021 1
1313929081 1
1313929141 1
1313929201 1
1313929261 1
1313929321 1
1313929381 1
1313929441 1
1313929501 1
1313929561 1
1313929621 1
1313929681 1
1313929741 1
1313929801 1
1313929861 1
1313929921 1
1313929981 1
1313930041 1
1313930101 1
1313930161 1
1313930221 1
1313930281 1
1313930341 1
1313930401 1
1313930461 1
1313930521 1
1313930581 1
1313930641 1
1313930701 1
1313930761 1
1313930821 1
1313930881 1
1313930941 1
1313931001 1
1313931061 1
1313931121 1
1313931181 1
1313931241 1
1313931301 1
1313931361 1
1313931421 1
1313931481 1
1313931541 1
1313931601 1
1313931661 1
1313931721 1
1313931781 1
1313931841 1
1313931901 1
1313931961 1
1313932021 1
1313932081 1
1313932141 1
1313932201 1
1313932261 1
1313932321 1
1313932381 1
1313932441 1
1313932501 1
1313932561 1
1313932621 1
1313932681 1
1313932741 1
1313932801 1
1313932861 1
1313932921 1
1313932981 1
1313933041 1
1313933101 1
1313933161 1
1313933221 1
1313933281 1
1313933342 1
1313933401 1
1313933461 1
1313933521 1
1313933581 1
1313933641 1
1313933701 1
1313933761 1
1313933821 1
1313933881 1
1313933941 1
1313934001 1
1313934061 2
1313934121 2
1313934181 2
1313934241 2
1313934301 2
1313934361 2
1313934421 2
1313934481 2
1313934541 3
1313934601 2
1313934661 2
1313934721 2
1313934781 2
1313934841 2
1313934901 2
1313934961 2
1313935021 2
1313935081 2
1313935141 2
1313935201 2
1313935261 2
1313935321 2
1313935381 2
1313935441 2
1313935501 2
1313935561 2
1313935621 2
1313935681 2
1313935741 2
1313935801 2
1313935861 2
1313935921 2
1313935981 2
1313936041 2
1313936101 2
1313936161 2
1313936221 2
1313936281 2
1313936341 1
1313936401 1
1313936461 2
1313936521 2
1313936581 2
1313936641 2
1313936701 2
1313936762 2
1313936821 2
1313936881 2
1313936941 1
1313937001 1
1313937061 1
1313937121 1
1313937181 1
1313937241 1
1313937301 1
1313937361 1
1313937421 1
1313937481 1
1313937541 1
1313937601 1
1313937661 1
1313937721 1
1313937781 1
1313937841 1
1313937901 1
1313937961 1
1313938021 1
1313938081 1
1313938141 1
1313938201 1
1313938261 1
1313938321 1
1313938381 1
1313938441 1
1313938501 1
1313938561 1
1313938621 1
1313938681 1
1313938741 1
1313938801 1
1313938861 1
1313938921 1
1313938981 1
1313939041 1
1313939101 1
1313939161 1
1313939221 1
1313939281 1
1313939341 1
1313939401 1
1313939461 1
1313939521 1
1313939581 1
1313939641 1
1313939701 1
1313939761 1
1313939821 1
1313939881 1
1313939941 1
1313940001 1
1313940061 1
1313940121 1
1313940181 1
1313940241 1
1313940301 1
1313940361 1
1313940421 1
1313940481 1
1313940542 1
1313940601 1
1313940661 0
1313940721 0
1313940781 0
1313940841 0
1313940901 0
1313940961 0
1313941021 0
1313941081 0
1313941141 0
1313941201 0
1313941261 0
1313941321 0
1313941381 0
1313941441 0
1313941501 0
1313941561 0
1313941621 0
1313941681 0
1313941741 0
1313941801 0
1313941861 0
1313941921 0
1313941981 0
1313942041 0
1313942101 0
1313942161 0
1313942221 0
1313942281 0
1313942341 0
1313942401 0
