1311436861 2
1311436921 2
1311436982 3
1311437041 3
1311437101 3
1311437161 3
1311437221 3
1311437281 3
1311437341 4
1311437401 4
1311437461 4
1311437521 4
1311437581 4
1311437641 4
1311437701 4
1311437761 4
1311437821 4
1311437881 4
1311437941 4
1311438001 4
1311438061 4
1311438122 1
1311438181 1
1311438241 1
1311438301 1
1311438361 1
1311438421 1
1311438481 3
1311438541 3
1311438601 3
1311438661 3
1311438721 3
1311438781 3
1311438841 3
1311438901 3
1311438961 3
1311439021 3
1311439081 3
1311439141 3
1311439201 3
1311439261 3
1311439321 3
1311439381 3
1311439442 3
1311439501 3
1311439561 3
1311439621 3
1311439681 3
1311439741 3
1311439801 3
1311439861 2
1311439921 3
1311439981 3
1311440041 3
1311440101 3
1311440161 3
1311440221 3
1311440281 3
1311440341 3
1311440401 3
1311440461 3
1311440521 3
1311440581 3
1311440641 3
1311440701 3
1311440761 3
1311440821 3
1311440881 3
1311440941 3
1311441001 3
1311441061 1
1311441121 1
1311441182 2
1311441241 2
1311441301 2
1311441361 2
1311441421 2
1311441481 2
1311441542 2
1311441602 2
1311441661 2
1311441721 2
1311441781 2
1311441841 2
1311441901 2
1311441961 2
1311442021 2
1311442082 2
1311442141 2
1311442201 2
1311442262 2
1311442321 2
1311442381 2
1311442441 2
1311442501 2
1311442561 2
1311442621 2
1311442681 2
1311442741 2
1311442801 2
1311442861 2
1311442921 2
1311442981 2
1311443041 2
1311443101 2
1311443161 2
1311443221 2
1311443281 2
1311443341 2
1311443401 2
1311443461 2
1311443521 2
1311443581 2
1311443641 2
1311443701 2
1311443761 2
1311443821 2
1311443881 2
1311443941 2
1311444002 2
1311444061 2
1311444121 2
1311444181 2
1311444241 2
1311444301 2
1311444361 2
1311444421 1
1311444481 1
1311444541 1
1311444601 1
1311444661 2
1311444721 2
1311444781 2
1311444842 2
1311444901 2
1311444961 2
1311445021 2
1311445081 2
1311445142 2
1311445201 2
1311445261 2
1311445321 2
1311445381 2
1311445441 2
1311445501 2
1311445561 2
1311445621 2
1311445681 2
1311445742 2
1311445801 2
1311445862 2
1311445921 2
1311445981 2
1311446041 2
1311446101 2
1311446161 2
1311446221 2
1311446281 2
1311446341 2
1311446401 2
1311446461 2
1311446521 2
1311446581 2
1311446641 2
1311446701 2
1311446762 2
1311446821 2
1311446881 2
1311446941 2
1311447001 2
1311447061 2
1311447121 2
1311447181 2
1311447241 2
1311447301 2
1311447361 2
1311447421 2
1311447481 2
1311447541 2
1311447601 2
1311447661 2
1311447722 2
1311447781 2
1311447841 2
1311447901 2
1311447961 2
1311448021 2
1311448081 2
1311448141 2
1311448201 2
1311448261 2
1311448321 2
1311448381 2
1311448441 2
1311448501 2
1311448561 2
1311448621 2
1311448681 2
1311448741 2
1311448801 2
1311448861 2
1311448921 2
1311448981 2
1311449041 2
1311449101 2
1311449161 2
1311449221 2
1311449281 2
1311449341 2
1311449401 2
1311449462 2
1311449521 2
1311449581 2
1311449641 2
1311449701 0
1311449761 1
1311449821 1
1311449881 1
1311449941 1
1311450001 1
1311450061 1
1311450121 1
1311450181 1
1311450241 1
1311450301 1
1311450361 1
1311450421 1
1311450481 1
1311450541 1
1311450601 1
1311450662 1
1311450721 1
1311450781 1
1311450841 1
1311450901 1
1311450961 1
1311451021 1
1311451081 1
1311451141 1
1311451201 1
1311451261 1
1311451321 1
1311451381 1
1311451441 1
1311451501 1
1311451561 1
1311451626 1
1311451681 1
1311451741 1
1311451801 1
1311451861 1
1311451922 1
1311451981 1
1311452041 1
1311452101 1
1311452161 1
1311452221 1
1311452281 1
1311452341 1
1311452401 1
1311452461 1
1311452521 1
1311452581 1
1311452641 1
1311452701 1
1311452761 1
1311452821 1
1311452881 1
1311452941 1
1311453001 1
1311453061 1
1311453121 1
1311453181 1
1311453241 1
1311453301 1
1311453361 1
1311453422 1
1311453481 1
1311453542 1
1311453601 1
1311453661 1
1311453721 1
1311453781 1
1311453841 1
1311453901 1
1311453961 1
1311454021 1
1311454081 1
1311454141 1
1311454201 1
1311454261 1
1311454321 1
1311454381 1
1311454441 1
1311454501 1
1311454561 1
1311454621 1
1311454681 1
1311454741 1
1311454801 1
1311454861 1
1311454921 1
1311454981 1
1311455041 1
1311455101 1
1311455161 1
1311455221 1
1311455281 1
1311455341 1
1311455401 1
1311455393 1
1311455401 1
1311455461 1
1311455521 1
1311455581 1
1311455641 1
1311455701 1
1311455761 1
1311455821 1
1311455881 1
1311455942 1
1311456001 1
1311456061 1
1311456121 1
1311456181 1
1311456241 1
1311456302 1
1311456361 1
1311456421 1
1311456481 1
1311456541 1
1311456601 1
1311456661 1
1311456721 1
1311456781 1
1311456841 1
1311456901 1
1311456961 1
1311457021 1
1311457081 1
1311457141 1
1311457201 1
1311457261 1
1311457321 1
1311457381 1
1311457442 1
1311457501 1
1311457561 1
1311457621 1
1311457681 1
1311457741 1
1311457801 1
1311457861 1
1311457921 1
1311457981 1
1311458041 1
1311458101 1
1311458161 1
1311458221 1
1311458281 1
1311458341 1
1311458401 1
1311458461 1
1311458521 1
1311458581 1
1311458641 1
1311458701 1
1311458761 1
1311458821 1
1311458881 1
1311458941 1
1311459001 1
1311459061 1
1311459121 1
1311459181 1
1311459241 1
1311459301 1
1311459361 1
1311459421 1
1311459481 1
1311459541 1
1311459601 1
1311459661 1
1311459721 1
1311459781 1
1311459841 1
1311459901 1
1311459961 1
1311460021 1
1311460081 1
1311460141 1
1311460201 1
1311460261 1
1311460321 1
1311460381 1
1311460441 1
1311460501 1
1311460561 1
1311460621 1
1311460681 1
1311460741 1
1311460801 1
1311460861 1
1311460921 1
1311460981 1
1311461041 1
1311461101 1
1311461161 1
1311461221 1
1311461281 1
1311461341 1
1311461401 1
1311461461 1
1311461521 1
1311461581 1
1311461641 1
1311461701 1
1311461761 1
1311461821 1
1311461881 1
1311461941 1
1311462001 1
1311462061 1
1311462121 1
1311462181 1
1311462241 1
1311462301 1
1311462361 1
1311462421 1
1311462481 0
1311462541 1
1311462601 1
1311462661 1
1311462722 1
1311462781 1
1311462841 1
1311462901 1
1311462961 1
1311463021 1
1311463081 1
1311463141 1
1311463201 1
1311463261 1
1311463321 1
1311463381 1
1311463441 1
1311463501 1
1311463561 1
1311463621 1
1311463681 1
1311463741 1
1311463801 1
1311463861 1
1311463921 1
1311463981 1
1311464041 1
1311464101 1
1311464161 1
1311464221 1
1311464281 1
1311464341 1
1311464401 1
1311464461 1
1311464522 1
1311464581 1
1311464641 1
1311464701 1
1311464761 1
1311464821 1
1311464881 1
1311464941 1
1311465001 1
1311465061 1
1311465121 1
1311465181 1
1311465241 1
1311465301 1
1311465361 1
1311465421 0
1311465481 0
1311465541 0
1311465601 0
1311465661 0
1311465721 0
1311465781 0
1311465841 0
1311465901 0
1311465961 0
1311466021 1
1311466081 1
1311466141 1
1311466201 1
1311466261 1
1311466321 1
1311466381 1
1311466441 1
1311466501 1
1311466561 1
1311466621 1
1311466682 1
1311466741 1
1311466801 1
1311466861 1
1311466921 1
1311466981 1
1311467041 1
1311467101 1
1311467161 1
1311467221 1
1311467281 1
1311467341 1
1311467401 1
1311467461 1
1311467521 1
1311467581 1
1311467641 1
1311467701 1
1311467761 0
1311467821 0
1311467881 0
1311467941 0
1311468001 0
1311468061 0
1311468121 0
1311468181 0
1311468241 0
1311468301 1
1311468361 1
1311468421 1
1311468481 1
1311468541 1
1311468601 1
1311468661 1
1311468721 1
1311468781 1
1311468841 1
1311468901 1
1311468961 1
1311469021 1
1311469081 1
1311469141 1
1311469201 1
1311469261 1
1311469321 1
1311469381 2
1311469441 2
1311469501 2
1311469561 2
1311469621 2
1311469681 2
1311469741 2
1311469801 2
1311469861 2
1311469921 2
1311469981 2
1311470041 2
1311470101 2
1311470161 2
1311470221 1
1311470281 1
1311470341 1
1311470401 1
1311470461 1
1311470521 1
1311470581 1
1311470641 1
1311470701 1
1311470761 1
1311470821 1
1311470881 1
1311470941 1
1311471001 1
1311471061 1
1311471121 1
1311471181 1
1311471241 1
1311471301 1
1311471361 1
1311471421 1
1311471481 1
1311471541 2
1311471601 2
1311471661 2
1311471721 3
1311471781 3
1311471841 3
1311471901 3
1311471961 3
1311472021 3
1311472082 3
1311472141 3
1311472201 3
1311472261 3
1311472321 3
1311472381 3
1311472441 3
1311472501 3
1311472561 3
1311472621 3
1311472681 3
1311472741 3
1311472801 3
1311472861 3
1311472921 3
1311472981 3
1311473041 3
1311473101 3
1311473161 3
1311473221 3
1311473281 3
1311473341 2
1311473401 2
1311473461 2
1311473521 2
1311473581 2
1311473641 2
1311473701 2
1311473761 2
1311473821 2
1311473881 2
1311473941 2
1311474002 2
1311474061 2
1311474121 2
1311474181 2
1311474241 2
1311474301 2
1311474361 2
1311474421 2
1311474481 2
1311474541 2
1311474601 2
1311474661 2
1311474721 2
1311474781 1
1311474841 1
1311474901 1
1311474961 1
1311475021 1
1311475081 1
1311475141 1
1311475202 1
1311475261 1
1311475321 1
1311475381 1
1311475441 1
1311475501 1
1311475561 1
1311475621 1
1311475681 1
1311475741 1
1311475801 1
1311475861 1
1311475921 1
1311475981 1
1311476041 1
1311476101 1
1311476161 1
1311476221 1
1311476281 1
1311476341 1
1311476401 1
1311476461 2
1311476521 2
1311476581 3
1311476641 3
1311476701 3
1311476761 3
1311476821 3
1311476881 3
1311476941 3
1311477001 3
1311477061 3
1311477121 3
1311477181 3
1311477241 3
1311477301 2
1311477361 2
1311477421 2
1311477481 2
1311477541 2
1311477601 2
1311477661 2
1311477721 2
1311477781 2
1311477841 2
1311477901 2
1311477961 2
1311478021 2
1311478081 2
1311478141 2
1311478201 2
1311478261 2
1311478321 2
1311478381 2
1311478441 2
1311478501 2
1311478561 2
1311478621 2
1311478681 2
1311478741 2
1311478801 2
1311478861 2
1311478921 2
1311478981 2
1311479041 2
1311479101 2
1311479161 2
1311479221 2
1311479281 2
1311479341 2
1311479401 2
1311479461 2
1311479521 2
1311479581 2
1311479641 2
1311479701 2
1311479761 2
1311479821 2
1311479881 2
1311479941 2
1311480001 2
1311480062 2
1311480121 2
1311480181 2
1311480241 2
1311480301 2
1311480361 2
1311480421 1
1311480481 2
1311480541 2
1311480601 2
1311480661 2
1311480721 2
1311480781 2
1311480841 2
1311480901 2
1311480961 2
1311481021 2
1311481081 2
1311481141 2
1311481201 2
1311481261 2
1311481321 2
1311481382 2
1311481441 2
1311481501 2
1311481561 2
1311481621 2
1311481681 2
1311481741 2
1311481801 2
1311481861 2
1311481921 2
1311481981 2
1311482041 2
1311482101 2
1311482161 2
1311482221 2
1311482281 2
1311482341 2
1311482401 2
1311482461 2
1311482521 1
1311482581 1
1311482641 1
1311482701 1
1311482762 1
1311482821 1
1311482881 1
1311482941 1
1311483001 1
1311483061 1
1311483121 1
1311483181 1
1311483241 1
1311483301 1
1311483361 1
1311483421 1
1311483481 1
1311483541 1
1311483601 1
1311483661 1
1311483721 1
1311483781 1
1311483841 1
1311483901 1
1311483961 1
1311484021 1
1311484081 1
1311484141 1
1311484201 1
1311484261 1
1311484321 1
1311484381 1
1311484441 1
1311484501 1
1311484561 1
1311484621 1
1311484681 1
1311484741 1
1311484801 1
1311484861 1
1311484921 1
1311484981 1
1311485041 1
1311485102 1
1311485161 1
1311485221 1
1311485281 1
1311485341 1
1311485401 1
1311485461 1
1311485521 1
1311485581 1
1311485641 1
1311485701 1
1311485761 1
1311485821 1
1311485881 1
1311485941 1
1311486001 1
1311486061 1
1311486121 1
1311486181 1
1311486241 1
1311486301 1
1311486361 1
1311486421 1
1311486481 1
1311486541 1
1311486601 1
1311486661 1
1311486721 1
1311486781 1
1311486841 1
1311486901 1
1311486961 1
1311487021 1
1311487081 1
1311487141 1
1311487201 1
1311487261 1
1311487321 1
1311487381 1
1311487441 1
1311487501 2
1311487561 2
1311487621 2
1311487681 2
1311487741 2
1311487801 2
1311487862 2
1311487921 2
1311487981 2
1311488042 2
1311488101 2
1311488161 2
1311488221 2
1311488281 2
1311488341 2
1311488401 2
1311488461 2
1311488521 2
1311488581 2
1311488641 2
1311488701 2
1311488761 2
1311488822 2
1311488881 2
1311488941 2
1311489001 2
1311489061 2
1311489121 2
1311489181 2
1311489241 2
1311489301 2
1311489361 2
1311489421 2
1311489481 2
1311489541 2
1311489601 2
1311489661 2
1311489721 2
1311489781 3
1311489841 3
1311489901 3
1311489961 3
1311490021 3
1311490081 3
1311490141 3
1311490201 3
1311490261 3
1311490321 3
1311490381 3
1311490441 2
1311490501 3
1311490561 3
1311490621 3
1311490681 3
1311490741 3
1311490801 3
1311490861 2
1311490921 2
1311490981 3
1311491041 3
1311491101 3
1311491161 3
1311491221 3
1311491281 3
1311491341 3
1311491401 3
1311491461 3
1311491521 3
1311491581 3
1311491641 3
1311491701 2
1311491761 2
1311491821 2
1311491881 2
1311491941 2
1311492001 2
1311492061 2
1311492121 2
1311492181 2
1311492241 2
1311492301 2
1311492361 2
1311492421 2
1311492481 2
1311492541 2
1311492601 2
1311492661 2
1311492721 2
1311492781 2
1311492841 2
1311492901 2
1311492961 2
1311493021 2
1311493081 2
1311493141 2
1311493201 2
1311493261 2
1311493321 2
1311493381 2
1311493441 2
1311493501 1
1311493561 1
1311493621 1
1311493681 1
1311493741 1
1311493801 1
1311493861 1
1311493922 1
1311493981 1
1311494041 1
1311494101 1
1311494161 1
1311494221 1
1311494281 1
1311494341 1
1311494401 1
1311494461 1
1311494521 1
1311494581 1
1311494641 1
1311494701 1
1311494761 1
1311494821 1
1311494881 1
1311494941 1
1311495001 1
1311495061 1
1311495121 1
1311495181 1
1311495241 0
1311495301 1
1311495361 1
1311495421 1
1311495481 1
1311495541 1
1311495601 1
1311495661 1
1311495721 1
1311495781 1
1311495841 1
1311495901 1
1311495961 1
1311496021 1
1311496081 1
1311496141 1
1311496201 1
1311496261 1
1311496321 1
1311496381 1
1311496441 1
1311496501 1
1311496561 1
1311496621 1
1311496681 1
1311496741 1
1311496801 1
1311496861 1
1311496921 0
1311496981 1
1311497041 1
1311497101 1
1311497161 1
1311497221 1
1311497281 1
1311497341 1
1311497401 1
1311497461 1
1311497521 1
1311497581 1
1311497641 1
1311497701 1
1311497761 1
1311497821 1
1311497881 1
1311497941 1
1311498001 1
1311498061 1
1311498121 1
1311498181 1
1311498241 1
1311498301 1
1311498361 1
1311498421 1
1311498481 1
1311498541 1
1311498601 1
1311498661 1
1311498721 1
1311498781 1
1311498841 1
1311498901 1
1311498961 1
1311499021 1
1311499081 1
1311499141 1
1311499201 1
1311499261 1
1311499321 1
1311499381 1
1311499441 1
1311499501 1
1311499561 1
1311499621 1
1311499681 1
1311499741 1
1311499801 1
1311499861 1
1311499922 1
1311499981 1
1311500041 1
1311500101 1
1311500161 1
1311500221 1
1311500281 1
1311500341 1
1311500401 1
1311500461 1
1311500521 1
1311500581 1
1311500641 1
1311500701 1
1311500761 1
1311500821 1
1311500881 1
1311500941 1
1311501001 1
1311501061 1
1311501121 1
1311501181 2
1311501241 2
1311501301 2
1311501361 2
1311501421 2
1311501481 2
1311501541 2
1311501601 2
1311501661 2
1311501721 2
1311501781 2
1311501841 2
1311501901 2
1311501961 2
1311502021 2
1311502081 2
1311502141 2
1311502201 2
1311502261 2
1311502321 2
1311502381 2
1311502441 2
1311502501 2
1311502561 2
1311502621 2
1311502681 2
1311502741 2
1311502801 2
1311502861 2
1311502921 2
1311502981 2
1311503041 2
1311503101 2
1311503161 2
1311503221 2
1311503281 2
1311503341 2
1311503401 2
1311503461 2
1311503521 2
1311503582 2
1311503641 2
1311503701 2
1311503761 2
1311503821 2
1311503881 2
1311503941 2
1311504001 2
1311504061 2
1311504121 2
1311504181 2
1311504241 2
1311504301 2
1311504361 2
1311504421 2
1311504481 2
1311504541 2
1311504601 2
1311504661 2
1311504721 2
1311504781 2
1311504841 2
1311504901 2
1311504961 2
1311505021 2
1311505081 2
1311505141 2
1311505201 2
1311505261 2
1311505321 0
1311505381 1
1311505441 1
1311505501 1
1311505561 1
1311505621 1
1311505681 1
1311505741 1
1311505801 1
1311505861 1
1311505921 1
1311505981 1
1311506041 1
1311506101 1
1311506161 1
1311506221 1
1311506281 1
1311506341 1
1311506401 1
1311506461 1
1311506521 1
1311506581 1
1311506641 1
1311506701 1
1311506761 1
1311506821 1
1311506881 1
1311506941 1
1311507001 1
1311507062 1
1311507121 0
1311507181 0
1311507241 0
1311507301 0
1311507361 0
1311507421 0
1311507481 0
1311507541 0
1311507601 0
1311507661 0
1311507721 0
1311507781 0
1311507841 0
1311507901 0
1311507961 0
1311508021 0
1311508081 0
1311508141 0
1311508201 0
1311508261 1
1311508321 1
1311508381 1
1311508441 1
1311508501 1
1311508561 1
1311508621 1
1311508681 1
1311508741 1
1311508801 1
1311508861 1
1311508921 1
1311508981 1
1311509041 1
1311509101 1
1311509161 1
1311509221 1
1311509281 1
1311509341 1
1311509401 1
1311509461 1
1311509521 1
1311509581 1
1311509641 1
1311509701 1
1311509761 1
1311509821 1
1311509881 1
1311509941 1
1311510001 1
1311510061 1
1311510121 1
1311510181 1
1311510241 1
1311510301 1
1311510361 1
1311510421 1
1311510481 1
1311510541 0
1311510601 0
1311510661 2
1311510721 2
1311510781 2
1311510841 4
1311510901 4
1311510961 4
1311511021 4
1311511081 4
1311511141 4
1311511201 4
1311511261 4
1311511321 4
1311511381 4
1311511441 5
1311511501 5
1311511561 5
1311511621 5
1311511681 3
1311511741 4
1311511801 4
1311511861 4
1311511921 4
1311511981 4
1311512041 5
1311512101 5
1311512161 3
1311512221 3
1311512281 3
1311512341 4
1311512401 4
1311512461 4
1311512521 3
1311512581 3
1311512641 5
1311512701 3
1311512761 3
1311512821 3
1311512881 3
1311512941 4
1311513001 4
1311513061 4
1311513121 2
1311513181 2
1311513241 3
1311513301 3
1311513361 3
1311513421 3
1311513481 4
1311513541 4
1311513601 2
1311513661 2
1311513721 2
1311513781 2
1311513841 3
1311513901 4
1311513961 4
1311514021 4
1311514081 3
1311514141 3
1311514201 3
1311514261 3
1311514321 3
1311514381 3
1311514441 4
1311514501 4
1311514561 4
1311514621 4
1311514681 4
1311514741 5
1311514801 3
1311514861 3
1311514921 3
1311514981 3
1311515041 4
1311515101 4
1311515161 4
1311515221 4
1311515281 4
1311515341 5
1311515401 5
1311515461 5
1311515521 5
1311515581 5
1311515641 5
1311515701 5
1311515761 2
1311515821 2
1311515881 2
1311515941 4
1311516001 4
1311516061 4
1311516121 3
1311516181 3
1311516242 4
1311516301 4
1311516361 4
1311516421 4
1311516481 4
1311516541 5
1311516601 5
1311516661 5
1311516721 5
1311516781 5
1311516841 5
1311516901 5
1311516961 5
1311517021 5
1311517081 5
1311517141 6
1311517201 6
1311517261 6
1311517321 1
1311517381 1
1311517441 2
1311517501 2
1311517561 3
1311517621 3
1311517681 2
1311517741 3
1311517801 3
1311517861 3
1311517921 3
1311517982 3
1311518041 4
1311518101 4
1311518161 4
1311518221 4
1311518281 4
1311518341 5
1311518401 5
1311518461 5
1311518521 5
1311518581 5
1311518641 5
1311518701 5
1311518761 5
1311518821 5
1311518881 5
1311518941 5
1311519001 5
1311519061 5
1311519121 5
1311519181 5
1311519241 5
1311519301 5
1311519361 1
1311519421 1
1311519481 1
1311519541 1
1311519601 1
1311519661 1
1311519721 1
1311519781 1
1311519841 1
1311519901 1
1311519961 1
1311520021 1
1311520081 1
1311520141 1
1311520201 1
1311520261 1
1311520321 1
1311520381 1
1311520441 1
1311520501 1
1311520561 1
1311520621 1
1311520681 1
1311520741 1
1311520801 1
1311520861 1
1311520921 1
1311520981 1
1311521041 2
1311521101 2
1311521161 2
1311521221 2
1311521281 2
1311521341 2
1311521401 2
1311521461 2
1311521521 2
1311521581 2
1311521641 2
1311521701 2
1311521761 2
1311521821 2
1311521881 2
1311521941 2
1311522001 2
1311522061 2
1311522121 2
1311522181 2
1311522241 2
1311522301 2
1311522361 2
1311522421 2
1311522481 1
1311522541 2
1311522601 2
1311522661 3
1311522721 3
1311522781 3
1311522841 3
1311522901 3
1311522961 3
1311523021 3
1311523081 3
1311523141 3
1311523201 3
