1312732861 1
1312732921 1
1312732981 1
1312733041 0
1312733101 0
1312733161 0
1312733221 0
1312733281 0
1312733341 0
1312733401 0
1312733461 0
1312733521 0
1312733581 0
1312733641 0
1312733701 0
1312733761 0
1312733821 0
1312733881 0
1312733941 0
1312734002 0
1312734061 0
1312734121 0
1312734181 0
1312734241 0
1312734301 0
1312734361 0
1312734421 0
1312734481 0
1312734541 0
1312734601 0
1312734661 0
1312734721 0
1312734781 0
1312734841 0
1312734901 0
1312734961 1
1312735021 1
1312735081 1
1312735141 1
1312735201 1
1312735261 1
1312735321 1
1312735381 1
1312735441 1
1312735501 1
1312735561 1
1312735621 1
1312735681 1
1312735741 1
1312735801 1
1312735861 1
1312735921 1
1312735981 1
1312736041 1
1312736101 1
1312736161 1
1312736221 1
1312736281 1
1312736341 1
1312736401 1
1312736461 1
1312736521 1
1312736581 1
1312736641 1
1312736701 1
1312736761 1
1312736821 1
1312736881 1
1312736941 1
1312737001 1
1312737062 1
1312737121 1
1312737181 1
1312737241 1
1312737301 1
1312737361 1
1312737421 1
1312737481 1
1312737541 1
1312737601 1
1312737661 1
1312737721 1
1312737781 1
1312737842 0
1312737901 0
1312737961 0
1312738021 0
1312738081 0
1312738141 0
1312738201 0
1312738261 0
1312738321 0
1312738381 0
1312738441 0
1312738501 0
1312738561 0
1312738621 0
1312738681 0
1312738741 0
1312738801 0
1312738861 0
1312738921 0
1312738981 0
1312739041 0
1312739101 1
1312739161 1
1312739221 1
1312739281 1
1312739341 1
1312739401 1
1312739461 1
1312739521 1
1312739581 1
1312739641 1
1312739701 1
1312739761 1
1312739821 1
1312739881 1
1312739941 1
1312740001 1
1312740061 1
1312740121 1
1312740181 1
1312740241 1
1312740301 1
1312740361 1
1312740421 1
1312740481 1
1312740541 1
1312740601 1
1312740661 1
1312740721 1
1312740781 1
1312740841 1
1312740901 1
1312740961 1
1312741022 1
1312741081 1
1312741141 1
1312741201 1
1312741261 1
1312741321 1
1312741381 1
1312741441 1
1312741501 1
1312741561 1
1312741621 1
1312741681 1
1312741741 1
1312741801 1
1312741861 1
1312741921 1
1312741981 1
1312742041 1
1312742101 1
1312742161 1
1312742221 1
1312742281 1
1312742341 1
1312742401 1
1312742461 1
1312742521 1
1312742581 1
1312742641 1
1312742701 1
1312742761 1
1312742821 1
1312742881 1
1312742941 1
1312743001 1
1312743061 1
1312743121 1
1312743181 1
1312743241 1
1312743301 1
1312743361 1
1312743421 1
1312743481 1
1312743541 1
1312743601 1
1312743661 1
1312743721 1
1312743781 1
1312743841 1
1312743901 1
1312743961 1
1312744021 1
1312744081 1
1312744141 1
1312744201 1
1312744261 1
1312744321 1
1312744381 1
1312744441 1
1312744501 1
1312744561 1
1312744621 1
1312744681 1
1312744741 1
1312744801 1
1312744861 1
1312744921 1
1312744981 1
1312745041 1
1312745101 1
1312745161 1
1312745221 1
1312745281 1
1312745341 1
1312745402 1
1312745461 1
1312745521 1
1312745581 1
1312745641 1
1312745701 1
1312745761 1
1312745821 1
1312745881 1
1312745941 1
1312746001 1
1312746061 1
1312746121 1
1312746181 1
1312746241 1
1312746301 1
1312746361 1
1312746421 1
1312746481 1
1312746541 1
1312746601 1
1312746661 1
1312746721 1
1312746781 1
1312746841 1
1312746901 1
1312746961 1
1312747021 1
1312747081 1
1312747141 1
1312747201 1
1312747261 1
1312747321 1
1312747381 1
1312747441 1
1312747501 1
1312747561 1
1312747621 1
1312747681 1
1312747741 1
1312747801 1
1312747861 1
1312747922 1
1312747981 1
1312748041 1
1312748101 1
1312748161 1
1312748221 1
1312748281 1
1312748341 1
1312748401 1
1312748461 1
1312748521 1
1312748581 1
1312748641 1
1312748701 1
1312748761 1
1312748821 1
1312748881 1
1312748941 1
1312749001 1
1312749061 1
1312749121 1
1312749181 1
1312749241 1
1312749301 1
1312749361 1
1312749421 1
1312749481 1
1312749541 1
1312749601 1
1312749661 1
1312749721 1
1312749781 1
1312749841 1
1312749901 1
1312749961 1
1312750021 1
1312750081 1
1312750141 1
1312750201 1
1312750261 1
1312750321 1
1312750381 1
1312750441 1
1312750501 1
1312750561 1
1312750621 1
1312750681 1
1312750742 1
1312750801 1
1312750861 1
1312750921 1
1312750981 1
1312751041 1
1312751101 1
1312751161 1
1312751221 1
1312751281 1
1312751341 1
1312751401 1
1312751394 1
1312751401 1
1312751461 1
1312751521 1
1312751581 1
1312751641 1
1312751701 1
1312751761 1
1312751821 1
1312751881 1
1312751941 1
1312752001 1
1312752061 1
1312752121 1
1312752181 1
1312752241 1
1312752301 1
1312752361 1
1312752421 0
1312752481 1
1312752541 1
1312752601 1
1312752661 1
1312752721 1
1312752781 1
1312752841 1
1312752901 1
1312752961 1
1312753021 1
1312753081 1
1312753141 1
1312753201 1
1312753261 1
1312753321 1
1312753381 1
1312753441 1
1312753501 1
1312753561 1
1312753621 1
1312753681 1
1312753741 1
1312753801 1
1312753861 1
1312753921 1
1312753981 1
1312754041 1
1312754101 1
1312754161 1
1312754221 1
1312754281 1
1312754341 1
1312754402 1
1312754461 1
1312754521 1
1312754581 1
1312754641 1
1312754701 1
1312754761 1
1312754821 1
1312754881 1
1312754941 1
1312755001 1
1312755061 1
1312755121 1
1312755181 1
1312755241 1
1312755301 1
1312755361 1
1312755421 1
1312755481 1
1312755541 1
1312755601 1
1312755661 1
1312755721 1
1312755781 1
1312755841 1
1312755901 1
1312755961 1
1312756021 1
1312756081 1
1312756142 1
1312756201 1
1312756261 1
1312756321 0
1312756381 0
1312756441 0
1312756501 0
1312756561 0
1312756621 0
1312756681 0
1312756741 0
1312756801 0
1312756861 0
1312756921 0
1312756981 0
1312757041 0
1312757101 0
1312757161 0
1312757221 0
1312757281 0
1312757341 0
1312757401 0
1312757461 0
1312757521 0
1312757581 0
1312757641 0
1312757701 0
1312757761 0
1312757821 0
1312757881 0
1312757941 0
1312758001 0
1312758061 0
1312758121 0
1312758181 0
1312758241 0
1312758301 0
1312758361 0
1312758421 0
1312758481 0
1312758541 0
1312758601 0
1312758661 0
1312758721 0
1312758781 0
1312758841 0
1312758901 0
1312758961 0
1312759021 0
1312759081 0
1312759141 0
1312759201 0
1312759261 0
1312759321 0
1312759381 0
1312759441 0
1312759501 0
1312759561 0
1312759621 0
1312759681 0
1312759741 0
1312759801 0
1312759861 0
1312759921 0
1312759981 0
1312760041 0
1312760101 0
1312760161 0
1312760221 0
1312760281 0
1312760341 0
1312760401 0
1312760461 0
1312760521 0
1312760581 0
1312760641 0
1312760701 0
1312760761 0
1312760821 0
1312760881 0
1312760941 0
1312761001 0
1312761061 0
1312761121 0
1312761181 0
1312761241 0
1312761301 0
1312761361 0
1312761421 0
1312761481 0
1312761542 0
1312761601 0
1312761661 0
1312761721 0
1312761781 0
1312761842 0
1312761901 0
1312761961 0
1312762021 0
1312762081 0
1312762141 0
1312762201 0
1312762261 0
1312762321 0
1312762381 0
1312762441 0
1312762501 0
1312762561 0
1312762621 0
1312762681 0
1312762741 0
1312762801 0
1312762861 0
1312762921 0
1312762981 0
1312763041 0
1312763101 0
1312763161 0
1312763221 0
1312763281 0
1312763341 0
1312763401 0
1312763461 0
1312763521 0
1312763581 0
1312763641 0
1312763701 0
1312763761 0
1312763821 0
1312763881 0
1312763941 0
1312764001 0
1312764061 1
1312764121 1
1312764181 1
1312764241 1
1312764301 1
1312764362 1
1312764421 1
1312764481 1
1312764541 1
1312764601 1
1312764661 1
1312764721 1
1312764781 1
1312764841 1
1312764901 1
1312764961 1
1312765021 1
1312765081 1
1312765141 1
1312765201 1
1312765261 1
1312765321 1
1312765381 1
1312765441 1
1312765501 1
1312765561 1
1312765621 1
1312765681 1
1312765741 1
1312765801 1
1312765861 1
1312765921 1
1312765981 1
1312766041 1
1312766101 1
1312766162 1
1312766221 1
1312766281 1
1312766341 1
1312766401 1
1312766461 1
1312766521 1
1312766581 1
1312766641 1
1312766701 1
1312766761 1
1312766821 1
1312766881 1
1312766941 1
1312767001 1
1312767061 1
1312767121 1
1312767181 1
1312767241 1
1312767301 1
1312767361 1
1312767421 1
1312767481 1
1312767541 1
1312767601 1
1312767661 1
1312767721 1
1312767781 1
1312767841 1
1312767901 1
1312767961 1
1312768021 1
1312768081 1
1312768141 1
1312768201 1
1312768261 1
1312768321 1
1312768381 1
1312768441 1
1312768501 1
1312768561 1
1312768621 1
1312768681 1
1312768741 1
1312768802 1
1312768861 1
1312768921 1
1312768981 1
1312769041 1
1312769101 1
1312769161 1
1312769221 2
1312769281 2
1312769341 2
1312769401 2
1312769461 2
1312769521 2
1312769581 2
1312769641 2
1312769701 2
1312769761 2
1312769821 2
1312769881 2
1312769941 2
1312770001 2
1312770061 2
1312770121 2
1312770181 2
1312770241 2
1312770301 2
1312770361 2
1312770421 2
1312770481 2
1312770541 2
1312770601 2
1312770661 2
1312770721 2
1312770781 2
1312770841 2
1312770901 2
1312770961 2
1312771021 2
1312771081 2
1312771141 2
1312771201 2
1312771261 2
1312771321 2
1312771381 2
1312771441 2
1312771501 2
1312771561 2
1312771621 2
1312771681 2
1312771741 2
1312771801 2
1312771861 1
1312771921 1
1312771981 1
1312772041 1
1312772101 1
1312772161 1
1312772221 1
1312772281 1
1312772341 1
1312772401 1
1312772461 1
1312772521 1
1312772581 1
1312772641 1
1312772701 1
1312772761 1
1312772821 1
1312772881 1
1312772941 1
1312773002 1
1312773061 1
1312773121 1
1312773181 1
1312773241 1
1312773301 1
1312773361 1
1312773421 1
1312773481 1
1312773541 1
1312773601 1
1312773661 1
1312773721 1
1312773781 1
1312773841 1
1312773901 1
1312773961 1
1312774021 1
1312774081 1
1312774141 1
1312774201 1
1312774261 1
1312774321 1
1312774381 1
1312774441 1
1312774501 1
1312774561 1
1312774621 1
1312774681 1
1312774741 1
1312774801 1
1312774861 1
1312774921 1
1312774981 1
1312775041 1
1312775101 1
1312775161 1
1312775221 1
1312775281 1
1312775341 1
1312775401 1
1312775461 1
1312775521 1
1312775581 1
1312775641 1
1312775701 1
1312775761 1
1312775821 1
1312775881 1
1312775941 1
1312776001 1
1312776061 1
1312776121 1
1312776181 1
1312776241 1
1312776301 1
1312776361 1
1312776422 1
1312776481 1
1312776541 1
1312776601 1
1312776661 1
1312776721 1
1312776781 1
1312776841 1
1312776901 1
1312776962 1
1312777021 1
1312777081 1
1312777141 1
1312777201 1
1312777261 1
1312777321 1
1312777381 1
1312777441 1
1312777501 1
1312777561 1
1312777621 1
1312777681 2
1312777741 2
1312777801 2
1312777861 2
1312777921 2
1312777981 2
1312778041 2
1312778101 2
1312778161 2
1312778221 2
1312778281 2
1312778341 2
1312778401 2
1312778461 2
1312778521 2
1312778581 2
1312778641 2
1312778701 2
1312778761 2
1312778821 2
1312778881 2
1312778941 2
1312779001 2
1312779061 2
1312779121 2
1312779181 1
1312779241 1
1312779301 1
1312779361 1
1312779421 1
1312779481 1
1312779541 1
1312779601 1
1312779661 1
1312779721 1
1312779781 1
1312779841 1
1312779901 1
1312779961 1
1312780021 1
1312780081 2
1312780141 2
1312780201 2
1312780261 2
1312780321 2
1312780381 2
1312780441 2
1312780501 2
1312780561 2
1312780621 2
1312780681 2
1312780741 2
1312780801 2
1312780861 2
1312780921 2
1312780981 2
1312781041 2
1312781101 2
1312781162 2
1312781221 2
1312781281 2
1312781341 2
1312781401 2
1312781461 2
1312781521 2
1312781581 2
1312781641 2
1312781701 2
1312781761 2
1312781821 2
1312781881 2
1312781941 2
1312782001 2
1312782061 2
1312782121 2
1312782181 2
1312782241 1
1312782301 1
1312782361 1
1312782421 1
1312782481 1
1312782541 1
1312782601 1
1312782661 1
1312782721 1
1312782781 2
1312782841 2
1312782901 3
1312782961 3
1312783021 3
1312783081 3
1312783141 3
1312783201 3
1312783261 3
1312783321 3
1312783381 3
1312783441 3
1312783501 3
1312783561 3
1312783621 3
1312783681 3
1312783741 3
1312783802 3
1312783861 3
1312783921 3
1312783981 3
1312784041 3
1312784101 3
1312784161 2
1312784221 2
1312784281 2
1312784341 2
1312784401 2
1312784461 2
1312784521 2
1312784581 2
1312784641 2
1312784701 2
1312784761 2
1312784821 2
1312784881 2
1312784941 2
1312785001 2
1312785061 2
1312785121 2
1312785181 2
1312785241 2
1312785301 2
1312785361 2
1312785421 2
1312785481 2
1312785541 2
1312785601 2
1312785661 2
1312785721 2
1312785781 2
1312785841 2
1312785901 2
1312785961 2
1312786021 2
1312786081 2
1312786141 2
1312786201 2
1312786261 2
1312786321 2
1312786381 2
1312786441 2
1312786501 2
1312786561 2
1312786621 2
1312786681 2
1312786742 2
1312786801 2
1312786861 2
1312786921 2
1312786981 2
1312787041 2
1312787101 2
1312787161 2
1312787221 2
1312787281 2
1312787341 2
1312787401 2
1312787461 2
1312787521 2
1312787581 2
1312787641 2
1312787702 2
1312787761 2
1312787821 2
1312787881 2
1312787941 2
1312788001 2
1312788061 2
1312788121 2
1312788181 2
1312788241 2
1312788301 2
1312788361 2
1312788421 2
1312788481 2
1312788541 2
1312788601 2
1312788661 2
1312788721 2
1312788781 0
1312788841 1
1312788901 1
1312788961 1
1312789021 1
1312789081 1
1312789141 1
1312789201 1
1312789261 1
1312789321 1
1312789381 1
1312789441 1
1312789501 1
1312789561 1
1312789621 1
1312789681 1
1312789741 1
1312789801 1
1312789861 1
1312789921 1
1312789981 1
1312790041 1
1312790102 1
1312790161 1
1312790221 1
1312790281 1
1312790341 1
1312790401 1
1312790461 1
1312790521 1
1312790581 1
1312790641 1
1312790701 1
1312790761 1
1312790821 1
1312790881 1
1312790941 1
1312791001 1
1312791061 1
1312791121 1
1312791181 1
1312791241 1
1312791301 1
1312791361 1
1312791421 1
1312791481 1
1312791541 1
1312791601 1
1312791661 1
1312791721 1
1312791781 1
1312791841 1
1312791901 1
1312791961 1
1312792021 1
1312792081 1
1312792141 1
1312792201 1
1312792261 1
1312792321 1
1312792381 1
1312792441 1
1312792501 2
1312792561 2
1312792621 2
1312792681 2
1312792741 2
1312792801 2
1312792861 2
1312792921 2
1312792981 2
1312793041 2
1312793101 2
1312793161 2
1312793221 2
1312793281 2
1312793341 2
1312793401 2
1312793462 2
1312793521 2
1312793581 2
1312793641 2
1312793701 2
1312793761 2
1312793821 1
1312793881 1
1312793941 1
1312794001 2
1312794061 2
1312794121 3
1312794181 3
1312794241 3
1312794301 3
1312794361 3
1312794421 3
1312794481 3
1312794541 0
1312794601 0
1312794661 0
1312794721 0
1312794781 0
1312794841 1
1312794901 1
1312794961 1
1312795021 1
1312795081 1
1312795141 1
1312795201 1
1312795261 1
1312795321 1
1312795381 1
1312795441 1
1312795501 1
1312795561 1
1312795621 1
1312795681 1
1312795741 1
1312795801 1
1312795861 1
1312795921 1
1312795981 1
1312796041 1
1312796101 1
1312796161 2
1312796221 2
1312796281 2
1312796341 2
1312796401 2
1312796461 2
1312796521 2
1312796581 2
1312796641 2
1312796701 2
1312796761 2
1312796821 2
1312796881 2
1312796941 2
1312797001 2
1312797061 2
1312797121 2
1312797181 2
1312797241 2
1312797301 2
1312797361 2
1312797421 2
1312797481 2
1312797541 2
1312797601 2
1312797661 2
1312797721 2
1312797781 2
1312797841 2
1312797901 2
1312797961 2
1312798021 2
1312798081 2
1312798141 2
1312798201 2
1312798261 2
1312798321 2
1312798381 2
1312798441 2
1312798501 2
1312798561 2
1312798621 2
1312798681 2
1312798741 2
1312798801 2
1312798861 2
1312798921 2
1312798981 2
1312799041 2
1312799101 2
1312799161 2
1312799221 2
1312799281 2
1312799341 2
1312799401 2
1312799461 2
1312799521 2
1312799581 2
1312799641 2
1312799701 2
1312799761 2
1312799821 2
1312799881 1
1312799941 1
1312800001 2
1312800061 2
1312800121 2
1312800181 2
1312800241 2
1312800301 2
1312800361 2
1312800421 2
1312800481 2
1312800541 2
1312800601 2
1312800661 2
1312800721 2
1312800782 2
1312800841 2
1312800901 2
1312800961 2
1312801021 2
1312801081 2
1312801141 2
1312801201 2
1312801261 2
1312801321 1
1312801381 1
1312801441 1
1312801501 1
1312801561 1
1312801621 1
1312801681 1
1312801741 1
1312801801 1
1312801861 1
1312801921 1
1312801981 1
1312802041 1
1312802101 1
1312802161 1
1312802221 1
1312802281 1
1312802341 1
1312802401 1
1312802461 1
1312802521 1
1312802581 1
1312802641 1
1312802701 1
1312802761 1
1312802821 1
1312802881 1
1312802941 1
1312803001 1
1312803061 1
1312803121 2
1312803181 2
1312803241 2
1312803301 2
1312803361 2
1312803421 2
1312803481 2
1312803541 2
1312803601 2
1312803661 2
1312803721 2
1312803781 2
1312803841 2
1312803901 2
1312803961 2
1312804022 2
1312804081 2
1312804141 2
1312804201 2
1312804261 2
1312804321 2
1312804381 2
1312804441 2
1312804501 2
1312804561 2
1312804621 2
1312804681 2
1312804741 2
1312804801 2
1312804861 2
1312804921 2
1312804981 2
1312805041 2
1312805101 2
1312805161 2
1312805221 2
1312805281 2
1312805341 2
1312805401 2
1312805461 2
1312805521 2
1312805581 2
1312805641 2
1312805701 2
1312805761 2
1312805821 2
1312805881 2
1312805941 2
1312806001 2
1312806061 2
1312806121 2
1312806181 2
1312806241 2
1312806301 2
1312806361 2
1312806421 2
1312806481 2
1312806541 2
1312806601 2
1312806661 2
1312806721 2
1312806781 2
1312806842 2
1312806901 2
1312806961 2
1312807021 2
1312807081 2
1312807141 2
1312807201 2
1312807261 2
1312807321 2
1312807381 2
1312807441 2
1312807501 2
1312807561 2
1312807621 2
1312807681 2
1312807741 2
1312807801 2
1312807861 2
1312807921 2
1312807981 2
1312808041 2
1312808101 2
1312808161 1
1312808221 1
1312808281 1
1312808341 1
1312808401 1
1312808461 1
1312808521 1
1312808581 1
1312808641 1
1312808701 1
1312808761 1
1312808821 1
1312808881 1
1312808941 1
1312809001 1
1312809061 1
1312809121 1
1312809181 1
1312809241 1
1312809301 1
1312809361 1
1312809421 1
1312809481 1
1312809542 2
1312809601 2
1312809661 2
1312809721 3
1312809781 3
1312809841 4
1312809901 4
1312809961 4
1312810021 5
1312810081 5
1312810141 5
1312810201 5
1312810261 5
1312810321 3
1312810381 3
1312810441 3
1312810501 3
1312810561 3
1312810621 3
1312810681 3
1312810741 3
1312810801 3
1312810861 3
1312810921 3
1312810981 3
1312811041 3
1312811101 3
1312811161 3
1312811221 3
1312811281 3
1312811341 2
1312811401 2
1312811461 2
1312811521 2
1312811581 2
1312811641 2
1312811701 2
1312811761 2
1312811821 2
1312811881 2
1312811941 2
1312812001 2
1312812061 2
1312812121 2
1312812181 2
1312812241 2
1312812301 2
1312812361 2
1312812421 2
1312812481 2
1312812541 2
1312812601 2
1312812661 2
1312812721 2
1312812781 2
1312812841 2
1312812901 2
1312812961 1
1312813021 1
1312813081 1
1312813141 1
1312813201 1
1312813261 1
1312813321 1
1312813381 2
1312813441 2
1312813501 2
1312813561 2
1312813621 2
1312813681 2
1312813741 2
1312813801 2
1312813861 2
1312813921 2
1312813981 1
1312814041 2
1312814101 2
1312814161 2
1312814221 2
1312814281 2
1312814341 2
1312814401 2
1312814461 2
1312814521 2
1312814581 2
1312814641 2
1312814701 2
1312814761 2
1312814821 2
1312814881 2
1312814941 3
1312815001 3
1312815061 3
1312815121 3
1312815181 3
1312815241 3
1312815301 3
1312815361 3
1312815421 3
1312815481 3
1312815541 3
1312815601 4
1312815662 4
1312815721 4
1312815781 4
1312815841 4
1312815901 4
1312815961 4
1312816021 4
1312816081 4
1312816142 4
1312816201 4
1312816261 4
1312816321 4
1312816381 4
1312816441 4
1312816501 4
1312816561 4
1312816621 4
1312816681 4
1312816741 4
1312816801 4
1312816861 4
1312816921 4
1312816981 4
1312817041 4
1312817101 4
1312817161 4
1312817221 4
1312817281 4
1312817341 4
1312817401 4
1312817461 4
1312817521 4
1312817581 4
1312817641 4
1312817701 4
1312817761 4
1312817821 4
1312817881 4
1312817941 4
1312818001 4
1312818061 4
1312818121 4
1312818181 4
1312818241 4
1312818301 4
1312818361 4
1312818421 4
1312818481 4
1312818541 4
1312818602 4
1312818661 4
1312818721 4
1312818781 4
1312818841 4
1312818901 4
1312818961 4
1312819021 4
1312819081 4
1312819141 4
1312819201 4
