1317916861 291
1317916921 295
1317916981 292
1317917041 290
1317917101 289
1317917161 293
1317917221 292
1317917281 300
1317917341 294
1317917401 290
1317917461 290
1317917521 292
1317917581 287
1317917641 291
1317917701 286
1317917762 282
1317917821 283
1317917881 290
1317917941 300
1317918001 286
1317918061 286
1317918121 285
1317918181 283
1317918241 288
1317918301 282
1317918361 282
1317918421 283
1317918481 286
1317918541 289
1317918601 282
1317918661 279
1317918721 282
1317918781 281
1317918841 288
1317918901 278
1317918961 271
1317919021 266
1317919081 266
1317919141 266
1317919201 261
1317919261 269
1317919321 267
1317919381 262
1317919441 261
1317919501 263
1317919561 268
1317919621 266
1317919681 264
1317919741 270
1317919801 264
1317919861 263
1317919921 273
1317919981 267
1317920041 272
1317920101 265
1317920161 264
1317920221 266
1317920281 262
1317920341 263
1317920401 261
1317920461 258
1317920521 259
1317920581 252
1317920641 251
1317920701 253
1317920761 245
1317920821 246
1317920881 244
1317920941 252
1317921001 239
1317921061 241
1317921121 244
1317921181 243
1317921241 244
1317921301 240
1317921361 237
1317921421 248
1317921481 242
1317921541 241
1317921601 237
1317921661 233
1317921721 234
1317921781 235
1317921841 237
1317921901 231
1317921961 220
1317922021 223
1317922081 212
1317922141 211
1317922201 214
1317922261 201
1317922321 199
1317922381 195
1317922441 199
1317922501 196
1317922561 188
1317922621 191
1317922681 198
1317922741 198
1317922801 201
1317922861 204
1317922921 204
1317922982 199
1317923041 201
1317923101 203
1317923161 197
1317923221 200
1317923281 195
1317923341 204
1317923401 207
1317923461 203
1317923521 209
1317923581 192
1317923641 195
1317923701 194
1317923761 181
1317923821 182
1317923881 183
1317923941 190
1317924001 190
1317924061 192
1317924121 192
1317924181 195
1317924241 194
1317924301 199
1317924361 185
1317924421 187
1317924481 187
1317924541 184
1317924601 188
1317924661 180
1317924721 176
1317924781 174
1317924841 181
1317924901 176
1317924962 173
1317925022 174
1317925081 176
1317925141 172
1317925201 178
1317925261 171
1317925321 175
1317925381 178
1317925441 182
1317925501 178
1317925561 172
1317925621 169
1317925681 166
1317925741 169
1317925801 172
1317925861 175
1317925921 167
1317925981 159
1317926041 164
1317926101 166
1317926161 157
1317926221 158
1317926281 154
1317926341 159
1317926401 165
1317926461 155
1317926521 157
1317926581 158
1317926641 153
1317926701 154
1317926761 150
1317926821 153
1317926881 155
1317926941 161
1317927001 163
1317927061 156
1317927121 154
1317927181 150
1317927241 146
1317927302 152
1317927361 147
1317927421 147
1317927481 145
1317927541 147
1317927601 151
1317927661 149
1317927721 151
1317927781 146
1317927841 151
1317927901 146
1317927961 141
1317928021 144
1317928081 138
1317928141 138
1317928201 144
1317928261 146
1317928321 149
1317928381 129
1317928441 130
1317928501 136
1317928561 136
1317928621 133
1317928681 133
1317928741 137
1317928801 132
1317928861 137
1317928921 140
1317928981 127
1317929041 129
1317929101 125
1317929161 124
1317929221 123
1317929281 126
1317929341 126
1317929401 125
1317929461 122
1317929521 125
1317929581 129
1317929641 123
1317929701 130
1317929761 135
1317929821 125
1317929881 120
1317929941 121
1317930001 127
1317930061 114
1317930121 119
1317930181 123
1317930241 126
1317930301 131
1317930361 133
1317930421 121
1317930481 119
1317930541 116
1317930601 124
1317930661 126
1317930721 115
1317930781 116
1317930841 115
1317930901 121
1317930961 124
1317931021 116
1317931081 118
1317931141 118
1317931201 125
1317931261 121
1317931322 117
1317931382 118
1317931441 120
1317931501 116
1317931561 121
1317931621 123
1317931681 126
1317931741 127
1317931801 132
1317931861 134
1317931921 137
1317931981 140
1317932041 140
1317932101 145
1317932161 146
1317932221 147
1317932281 150
1317932342 151
1317932401 108
1317932461 106
1317932521 108
1317932581 110
1317932641 111
1317932701 118
1317932761 120
1317932821 121
1317932881 101
1317932941 100
1317933001 106
1317933061 108
1317933121 111
1317933181 113
1317933241 113
1317933301 117
1317933361 119
1317933421 122
1317933481 123
1317933541 102
1317933601 104
1317933661 107
1317933721 105
1317933781 108
1317933841 105
1317933901 112
1317933961 115
1317934021 117
1317934081 118
1317934141 119
1317934201 124
1317934261 105
1317934321 101
1317934381 103
1317934441 103
1317934501 106
1317934561 103
1317934621 105
1317934681 108
1317934741 108
1317934801 114
1317934861 116
1317934921 116
1317934981 118
1317935041 119
1317935101 124
1317935161 126
1317935221 99
1317935281 102
1317935341 104
1317935401 109
1317935394 109
1317935401 109
1317935461 111
1317935521 112
1317935581 113
1317935641 115
1317935701 119
1317935761 122
1317935821 124
1317935881 124
1317935941 96
1317936001 101
1317936061 106
1317936121 109
1317936181 100
1317936241 102
1317936302 105
1317936361 108
1317936421 110
1317936481 112
1317936541 98
1317936601 101
1317936661 100
1317936721 102
1317936781 103
1317936841 106
1317936901 109
1317936961 112
1317937021 94
1317937081 96
1317937141 98
1317937201 102
1317937261 104
1317937321 106
1317937381 95
1317937441 98
1317937501 101
1317937561 102
1317937621 104
1317937681 104
1317937741 106
1317937801 108
1317937861 111
1317937921 111
1317937981 112
1317938041 113
1317938101 115
1317938161 118
1317938221 120
1317938281 121
1317938341 123
1317938401 125
1317938461 127
1317938521 128
1317938581 129
1317938641 129
1317938701 94
1317938761 98
1317938821 100
1317938881 102
1317938941 95
1317939001 97
1317939061 100
1317939121 103
1317939181 103
1317939241 105
1317939301 107
1317939361 110
1317939421 113
1317939481 114
1317939541 117
1317939601 95
1317939661 99
1317939721 102
1317939781 103
1317939841 95
1317939901 98
1317939961 102
1317940021 105
1317940081 105
1317940141 93
1317940201 96
1317940261 97
1317940321 100
1317940381 96
1317940441 98
1317940502 100
1317940561 101
1317940621 101
1317940681 101
1317940741 104
1317940801 105
1317940861 103
1317940921 107
1317940981 102
1317941041 106
1317941101 108
1317941161 112
1317941221 115
1317941281 115
1317941341 117
1317941401 97
1317941461 101
1317941521 104
1317941581 105
1317941641 97
1317941701 98
1317941761 100
1317941821 101
1317941881 102
1317941941 98
1317942001 101
1317942061 100
1317942121 105
1317942181 105
1317942241 100
1317942302 102
1317942361 109
1317942421 112
1317942481 104
1317942541 108
1317942601 111
1317942661 105
1317942721 105
1317942781 105
1317942841 107
1317942901 104
1317942961 108
1317943021 103
1317943081 105
1317943141 101
1317943201 105
1317943261 107
1317943321 107
1317943381 109
1317943441 107
1317943501 112
1317943561 116
1317943621 112
1317943681 112
1317943741 116
1317943801 116
1317943862 117
1317943921 119
1317943981 119
1317944041 111
1317944101 116
1317944161 115
1317944221 111
1317944281 113
1317944341 114
1317944401 116
1317944461 121
1317944521 115
1317944581 116
1317944641 117
1317944701 112
1317944761 115
1317944821 114
1317944881 116
1317944941 114
1317945001 119
1317945061 123
1317945121 123
1317945181 121
1317945241 120
1317945301 113
1317945361 118
1317945421 116
1317945481 111
1317945541 113
1317945601 111
1317945661 112
1317945721 113
1317945781 108
1317945841 105
1317945901 111
1317945961 111
1317946021 109
1317946081 112
1317946142 118
1317946201 120
1317946261 128
1317946321 127
1317946381 128
1317946441 134
1317946501 159
1317946561 174
1317946621 176
1317946681 179
1317946741 188
1317946801 193
1317946861 193
1317946921 192
1317946981 192
1317947041 195
1317947101 196
1317947161 198
1317947221 191
1317947281 190
1317947341 191
1317947401 191
1317947461 194
1317947521 191
1317947581 191
1317947641 163
1317947701 163
1317947761 168
1317947821 168
1317947881 167
1317947941 168
1317948001 171
1317948061 175
1317948121 178
1317948181 171
1317948241 172
1317948301 177
1317948361 182
1317948421 178
1317948481 177
1317948541 179
1317948601 182
1317948661 187
1317948721 180
1317948781 176
1317948841 182
1317948901 186
1317948961 190
1317949021 188
1317949081 188
1317949141 213
1317949202 223
1317949261 235
1317949321 233
1317949381 225
1317949441 233
1317949501 232
1317949561 231
1317949621 217
1317949681 221
1317949741 232
1317949801 242
1317949861 244
1317949921 253
1317949981 264
1317950041 269
1317950101 275
1317950161 281
1317950221 281
1317950281 287
1317950341 286
1317950401 284
1317950461 288
1317950521 281
1317950581 273
1317950641 271
1317950701 273
1317950761 274
1317950821 270
1317950881 262
1317950941 264
1317951001 285
1317951061 291
1317951121 282
1317951181 285
1317951241 288
1317951301 284
1317951361 281
1317951421 273
1317951481 269
1317951541 255
1317951601 254
1317951661 261
1317951721 252
1317951781 256
1317951841 260
1317951901 258
1317951961 258
1317952021 247
1317952081 239
1317952141 233
1317952201 224
1317952261 225
1317952321 215
1317952381 210
1317952441 213
1317952501 210
1317952561 211
1317952621 209
1317952681 194
1317952741 200
1317952801 201
1317952861 205
1317952921 207
1317952981 197
1317953041 200
1317953101 200
1317953161 204
1317953221 196
1317953281 197
1317953341 200
1317953402 200
1317953461 201
1317953521 199
1317953581 201
1317953641 193
1317953701 191
1317953761 193
1317953821 182
1317953881 181
1317953941 185
1317954001 184
1317954061 196
1317954121 197
1317954181 188
1317954241 219
1317954302 224
1317954361 243
1317954421 235
1317954481 232
1317954541 234
1317954601 238
1317954661 242
1317954721 240
1317954781 240
1317954841 248
1317954901 249
1317954961 244
1317955021 243
1317955081 245
1317955141 246
1317955201 247
1317955262 250
1317955321 250
1317955381 248
1317955441 254
1317955501 258
1317955561 250
1317955621 247
1317955681 253
1317955741 254
1317955801 258
1317955861 255
1317955921 254
1317955981 260
1317956041 252
1317956101 261
1317956161 254
1317956221 253
1317956281 254
1317956341 251
1317956401 254
1317956461 258
1317956521 257
1317956581 249
1317956641 248
1317956701 255
1317956762 249
1317956821 259
1317956881 260
1317956941 257
1317957001 268
1317957062 265
1317957121 265
1317957181 263
1317957241 265
1317957301 267
1317957361 252
1317957421 258
1317957481 243
1317957541 247
1317957601 251
1317957661 254
1317957721 252
1317957781 249
1317957841 254
1317957901 254
1317957961 251
1317958021 251
1317958081 250
1317958141 250
1317958201 255
1317958261 251
1317958321 254
1317958381 250
1317958441 251
1317958501 254
1317958561 248
1317958621 246
1317958681 251
1317958741 253
1317958801 257
1317958861 256
1317958921 258
1317958981 255
1317959041 247
1317959101 251
1317959161 247
1317959221 244
1317959281 238
1317959341 233
1317959401 238
1317959461 235
1317959521 230
1317959581 232
1317959641 234
1317959701 237
1317959761 240
1317959821 236
1317959881 232
1317959941 231
1317960001 232
1317960061 231
1317960121 223
1317960181 218
1317960241 221
1317960301 221
1317960361 212
1317960421 196
1317960481 195
1317960541 184
1317960601 185
1317960661 173
1317960721 171
1317960781 171
1317960841 173
1317960901 169
1317960961 171
1317961021 172
1317961081 158
1317961141 156
1317961201 158
1317961261 164
1317961321 159
1317961381 162
1317961442 161
1317961502 165
1317961561 163
1317961621 160
1317961681 163
1317961741 165
1317961801 173
1317961861 174
1317961921 167
1317961981 171
1317962041 175
1317962101 179
1317962161 172
1317962221 169
1317962281 175
1317962341 177
1317962401 180
1317962461 184
1317962521 181
1317962581 185
1317962641 185
1317962701 192
1317962761 186
1317962821 181
1317962881 181
1317962941 183
1317963001 185
1317963061 184
1317963121 184
1317963181 180
1317963241 179
1317963301 183
1317963361 179
1317963421 175
1317963481 183
1317963541 187
1317963601 188
1317963662 182
1317963721 183
1317963782 187
1317963841 186
1317963901 189
1317963961 186
1317964021 189
1317964081 189
1317964141 192
1317964201 192
1317964261 193
1317964321 184
1317964381 184
1317964441 185
1317964501 185
1317964561 190
1317964621 186
1317964681 188
1317964741 189
1317964801 187
1317964861 195
1317964921 190
1317964981 194
1317965041 198
1317965101 201
1317965161 205
1317965221 206
1317965281 208
1317965341 210
1317965401 213
1317965461 215
1317965521 210
1317965581 212
1317965641 215
1317965701 223
1317965761 219
1317965821 222
1317965881 226
1317965941 224
1317966001 224
1317966061 223
1317966121 216
1317966181 219
1317966241 222
1317966301 216
1317966361 212
1317966421 217
1317966481 220
1317966541 223
1317966601 217
1317966661 211
1317966721 204
1317966781 207
1317966841 206
1317966901 202
1317966961 207
1317967021 211
1317967081 201
1317967141 209
1317967201 200
1317967262 204
1317967321 204
1317967381 206
1317967441 206
1317967502 202
1317967561 207
1317967621 208
1317967681 213
1317967741 212
1317967801 213
1317967861 214
1317967921 214
1317967981 249
1317968041 248
1317968101 254
1317968161 258
1317968221 253
1317968281 253
1317968341 254
1317968401 287
1317968461 286
1317968521 279
1317968581 281
1317968641 288
1317968701 283
1317968761 278
1317968821 277
1317968881 234
1317968941 238
1317969001 238
1317969061 235
1317969121 237
1317969181 232
1317969241 236
1317969301 240
1317969361 236
1317969421 233
1317969481 235
1317969541 236
1317969601 239
1317969662 239
1317969721 237
1317969781 239
1317969841 249
1317969901 249
1317969961 247
1317970021 249
1317970081 243
1317970141 245
1317970201 244
1317970261 241
1317970321 242
1317970381 235
1317970441 245
1317970501 250
1317970561 245
1317970621 249
1317970681 250
1317970741 248
1317970801 250
1317970861 248
1317970921 251
1317970981 243
1317971041 239
1317971101 239
1317971161 244
1317971221 243
1317971281 242
1317971341 244
1317971401 248
1317971461 254
1317971522 247
1317971581 249
1317971641 244
1317971701 236
1317971761 232
1317971821 233
1317971881 227
1317971941 233
1317972001 235
1317972061 235
1317972121 237
1317972181 229
1317972241 231
1317972301 235
1317972361 231
1317972421 235
1317972481 227
1317972541 232
1317972601 231
1317972661 236
1317972721 234
1317972781 231
1317972841 237
1317972901 233
1317972961 235
1317973021 237
1317973081 231
1317973141 229
1317973201 229
1317973261 234
1317973321 229
1317973381 227
1317973441 228
1317973501 229
1317973561 230
1317973621 224
1317973681 220
1317973741 221
1317973801 226
1317973861 224
1317973921 222
1317973981 220
1317974041 217
1317974101 223
1317974161 222
1317974221 215
1317974281 211
1317974341 218
1317974401 221
1317974461 214
1317974521 208
1317974581 209
1317974641 212
1317974701 205
1317974761 205
1317974821 202
1317974881 198
1317974941 203
1317975001 205
1317975061 205
1317975121 205
1317975181 199
1317975241 205
1317975301 197
1317975361 200
1317975421 203
1317975481 200
1317975541 197
1317975601 196
1317975661 200
1317975721 208
1317975781 198
1317975841 201
1317975901 195
1317975961 195
1317976021 194
1317976081 184
1317976141 187
1317976201 186
1317976261 187
1317976321 184
1317976381 184
1317976441 190
1317976501 190
1317976561 199
1317976621 191
1317976681 192
1317976741 197
1317976801 194
1317976861 191
1317976921 186
1317976981 186
1317977041 183
1317977101 188
1317977161 197
1317977221 189
1317977281 193
1317977341 187
1317977401 185
1317977461 189
1317977521 184
1317977581 181
1317977641 191
1317977701 198
1317977761 192
1317977821 189
1317977881 189
1317977941 193
1317978001 189
1317978061 190
1317978121 186
1317978181 183
1317978241 189
1317978301 189
1317978361 191
1317978421 190
1317978481 189
1317978541 189
1317978601 190
1317978661 194
1317978721 189
1317978781 196
1317978841 193
1317978901 193
1317978961 201
1317979021 189
1317979081 184
1317979141 184
1317979201 187
1317979261 194
1317979321 184
1317979381 184
1317979441 186
1317979501 180
1317979561 187
1317979621 182
1317979681 173
1317979742 177
1317979801 179
1317979861 175
1317979921 172
1317979981 174
1317980041 181
1317980101 177
1317980161 180
1317980221 176
1317980281 174
1317980341 179
1317980401 176
1317980461 174
1317980521 171
1317980581 174
1317980641 178
1317980701 175
1317980761 173
1317980821 170
1317980881 168
1317980941 168
1317981001 173
1317981061 169
1317981121 166
1317981181 165
1317981241 159
1317981301 163
1317981361 162
1317981421 164
1317981481 151
1317981541 156
1317981601 147
1317981661 149
1317981721 149
1317981781 146
1317981841 143
1317981901 143
1317981961 142
1317982021 142
1317982081 138
1317982141 142
1317982201 141
1317982261 137
1317982321 137
1317982381 141
1317982441 144
1317982501 143
1317982561 150
1317982621 139
1317982681 136
1317982741 137
1317982801 136
1317982861 144
1317982921 142
1317982981 139
1317983041 138
1317983101 140
1317983161 142
1317983221 143
1317983281 146
1317983341 135
1317983401 137
1317983461 133
1317983521 135
1317983581 134
1317983641 136
1317983701 141
1317983761 145
1317983821 145
1317983881 136
1317983941 140
1317984001 134
1317984061 143
1317984121 143
1317984181 146
1317984241 143
1317984301 147
1317984361 151
1317984421 146
1317984481 146
1317984541 148
1317984601 149
1317984661 143
1317984721 144
1317984781 136
1317984841 140
1317984901 140
1317984961 139
1317985021 139
1317985081 140
1317985141 141
1317985201 142
1317985261 139
1317985321 138
1317985381 135
1317985441 139
1317985501 142
1317985561 131
1317985621 134
1317985681 132
1317985741 134
1317985801 135
1317985861 136
1317985921 134
1317985981 133
1317986041 136
1317986101 136
1317986162 140
1317986221 136
1317986281 133
1317986341 136
1317986401 138
1317986462 139
1317986521 137
1317986581 138
1317986641 142
1317986701 145
1317986761 139
1317986821 135
1317986881 136
1317986941 135
1317987001 139
1317987061 141
1317987121 138
1317987181 135
1317987241 140
1317987301 140
1317987361 142
1317987421 135
1317987481 136
1317987541 141
1317987601 137
1317987661 144
1317987721 141
1317987781 140
1317987841 140
1317987901 139
1317987961 147
1317988021 144
1317988081 141
1317988141 146
1317988201 149
1317988261 151
1317988321 145
1317988381 143
1317988441 140
1317988501 145
1317988561 142
1317988621 140
1317988681 141
1317988741 142
1317988801 143
1317988861 142
1317988921 141
1317988981 143
1317989041 149
1317989101 147
1317989161 149
1317989221 144
1317989281 144
1317989341 144
1317989401 146
1317989461 149
1317989521 150
1317989581 153
1317989641 158
1317989701 156
1317989761 159
1317989821 161
1317989881 156
1317989942 159
1317990001 157
1317990061 153
1317990121 151
1317990181 156
1317990241 153
1317990301 155
1317990361 153
1317990421 146
1317990481 147
1317990541 152
1317990601 150
1317990661 150
1317990721 154
1317990781 152
1317990841 152
1317990901 155
1317990961 155
1317991021 154
1317991081 153
1317991141 156
1317991201 159
1317991261 163
1317991321 164
1317991381 169
1317991441 165
1317991501 166
1317991561 164
1317991621 165
1317991681 163
1317991741 165
1317991801 163
1317991861 162
1317991921 164
1317991981 160
1317992042 164
1317992101 163
1317992161 165
1317992221 163
1317992281 164
1317992341 164
1317992401 168
1317992461 164
1317992521 166
1317992581 166
1317992641 160
1317992701 163
1317992761 163
1317992821 162
1317992881 163
1317992941 165
1317993001 163
1317993061 162
1317993121 158
1317993181 163
1317993241 155
1317993301 160
1317993361 160
1317993421 164
1317993481 159
1317993541 156
1317993601 157
1317993661 158
1317993721 156
1317993781 160
1317993841 162
1317993901 166
1317993961 166
1317994021 161
1317994081 164
1317994141 162
1317994201 167
1317994261 164
1317994321 164
1317994381 165
1317994442 165
1317994501 167
1317994561 163
1317994621 166
1317994681 166
1317994741 163
1317994801 163
1317994861 160
1317994921 162
1317994981 171
1317995041 171
1317995101 169
1317995161 166
1317995221 167
1317995281 169
1317995341 168
1317995401 168
1317995461 168
1317995521 164
1317995581 170
1317995641 167
1317995701 170
1317995761 164
1317995821 167
1317995881 167
1317995941 166
1317996001 170
1317996061 168
1317996121 165
1317996181 173
1317996241 172
1317996301 176
1317996361 174
1317996421 172
1317996481 176
1317996542 175
1317996601 173
1317996661 166
1317996721 173
1317996781 176
1317996841 173
1317996901 174
1317996961 175
1317997021 178
1317997081 177
1317997141 175
1317997201 173
1317997261 172
1317997321 171
1317997381 182
1317997441 177
1317997501 179
1317997561 178
1317997621 179
1317997681 182
1317997741 180
1317997801 179
1317997861 171
1317997921 172
1317997981 174
1317998041 177
1317998101 168
1317998161 177
1317998221 176
1317998281 179
1317998341 169
1317998401 175
1317998461 177
1317998521 178
1317998581 177
1317998641 178
1317998701 179
1317998761 180
1317998821 179
1317998881 176
1317998941 178
1317999001 170
1317999061 174
1317999121 177
1317999181 176
1317999241 171
1317999302 177
1317999361 185
1317999421 183
1317999481 190
1317999541 181
1317999601 179
1317999661 185
1317999721 180
1317999781 180
1317999842 176
1317999901 180
1317999961 182
1318000021 179
1318000081 176
1318000141 175
1318000201 179
1318000261 181
1318000321 178
1318000381 181
1318000441 173
1318000501 174
1318000561 175
1318000621 174
1318000681 172
1318000741 172
1318000801 178
1318000861 179
1318000921 177
1318000981 178
1318001041 181
1318001101 183
1318001161 183
1318001221 177
1318001281 183
1318001341 178
1318001401 180
1318001461 186
1318001521 183
1318001581 179
1318001641 180
1318001701 177
1318001761 184
1318001821 181
1318001881 183
1318001941 183
1318002001 183
1318002061 190
1318002121 188
1318002181 182
1318002241 184
1318002301 178
1318002361 181
1318002421 175
1318002482 167
1318002541 166
1318002601 171
1318002661 175
1318002721 171
1318002781 171
1318002841 170
1318002901 175
1318002961 176
1318003021 170
1318003081 171
1318003141 167
1318003201 168
