1308014113 18
1308014172 20
1308014227 23
1308014285 28
1308014341 30
1308014402 30
1308014462 29
1308014527 32
1308014592 38
1308014641 47
1308014705 60
1308014761 67
1308014821 89
1308014887 102
1308014941 115
1308015006 118
1308015062 115
1308015121 127
1308015194 133
1308015244 131
1308015315 116
1308015365 111
1308015421 115
1308015481 130
1308015541 140
1308015601 146
1308015661 153
1308015721 166
1308015781 168
1308015841 168
1308015901 164
1308015961 168
1308016021 175
1308016081 188
1308016141 183
1308016201 178
1308016261 168
1308016321 177
1308016381 180
1308016441 162
1308016501 166
1308016561 162
1308016621 173
1308016681 180
1308016741 174
1308016801 176
1308016861 170
1308016921 179
1308016981 179
1308017041 165
1308017101 164
1308017161 163
1308017221 173
1308017281 168
1308017342 165
1308017401 169
1308017461 166
1308017521 173
1308017581 175
1308017641 168
1308017701 167
1308017761 170
1308017821 174
1308017881 178
1308017941 173
1308018001 181
1308018061 179
1308018121 191
1308018181 182
1308018241 178
1308018301 175
1308018361 171
1308018421 184
1308018481 186
1308018541 180
1308018601 187
1308018661 182
1308018721 186
1308018781 183
1308018841 186
1308018901 195
1308018961 195
1308019021 197
1308019081 191
1308019141 192
1308019201 202
1308019261 187
1308019321 180
1308019381 177
1308019441 180
1308019501 173
1308019561 179
1308019621 174
1308019681 170
1308019741 173
1308019802 179
1308019861 176
1308019922 185
1308019981 181
1308020041 185
1308020101 191
1308020161 194
1308020221 199
1308020281 192
1308020341 196
1308020401 209
1308020461 209
1308020521 217
1308020581 205
1308020641 209
1308020701 217
1308020761 225
1308020821 229
1308020881 224
1308020941 220
1308021001 237
1308021061 230
1308021121 232
1308021181 229
1308021241 226
1308021301 224
1308021361 215
1308021421 220
1308021481 213
1308021541 220
1308021601 228
1308021661 227
1308021721 234
1308021781 234
1308021842 234
1308021901 246
1308021962 247
1308022022 253
1308022081 250
1308022141 244
1308022201 252
1308022261 251
1308022321 246
1308022381 242
1308022441 240
1308022501 243
1308022561 238
1308022621 240
1308022681 238
1308022741 240
1308022801 251
1308022861 248
1308022921 250
1308022981 239
1308023041 242
1308023101 252
1308023161 249
1308023221 256
1308023281 258
1308023341 260
1308023401 264
1308023461 264
1308023521 262
1308023581 259
1308023641 255
1308023701 258
1308023761 256
1308023821 263
1308023882 262
1308023941 259
1308024001 264
1308024061 258
1308024121 266
1308024181 259
1308024241 259
1308024301 266
1308024361 260
1308024421 253
1308024481 245
1308024542 248
1308024602 253
1308024661 250
1308024721 258
1308024781 259
1308024841 267
1308024901 267
1308024961 265
1308025021 273
1308025081 266
1308025141 267
1308025201 281
1308025261 281
1308025321 283
1308025381 286
1308025441 284
1308025501 287
1308025561 287
1308025621 289
1308025681 285
1308025741 291
1308025801 299
1308025862 298
1308025921 304
1308025981 303
1308026041 307
1308026101 301
1308026161 292
1308026221 288
1308026281 277
1308026342 278
1308026402 285
1308026461 280
1308026521 290
1308026583 291
1308026642 298
1308026702 306
1308026761 312
1308026821 305
1308026881 308
1308026941 308
1308027001 311
1308027061 311
1308027121 315
1308027181 316
1308027241 322
1308027301 322
1308027361 318
1308027421 316
1308027481 311
1308027541 314
1308027601 327
1308027661 318
1308027721 318
1308027781 314
1308027841 321
1308027901 324
1308027961 318
1308028021 321
1308028081 324
1308028142 329
1308028201 340
1308028261 324
1308028321 338
1308028381 339
1308028441 345
1308028501 353
1308028561 338
1308028621 338
1308028681 333
1308028741 330
1308028801 329
1308028861 320
1308028921 321
1308028981 323
1308029041 329
1308029101 341
1308029161 322
1308029221 331
1308029282 326
1308029341 335
1308029401 341
1308029461 332
1308029521 335
1308029581 337
1308029641 337
1308029701 347
1308029761 341
1308029821 336
1308029881 330
1308029941 332
1308030001 343
1308030061 336
1308030121 334
1308030181 328
1308030241 329
1308030301 341
1308030361 339
1308030421 332
1308030481 337
1308030541 338
1308030601 345
1308030661 333
1308030721 335
1308030781 340
1308030841 337
1308030902 349
1308030962 328
1308031021 335
1308031081 326
1308031141 328
1308031201 329
1308031261 327
1308031321 323
1308031381 323
1308031441 333
1308031501 337
1308031561 333
1308031621 320
1308031681 319
1308031741 307
1308031801 308
1308031861 302
1308031921 312
1308031981 317
1308032041 309
1308032101 320
1308032161 313
1308032221 312
1308032281 312
1308032341 318
1308032401 324
1308032461 320
1308032521 320
1308032581 326
1308032641 326
1308032701 326
1308032761 321
1308032821 333
1308032881 333
1308032941 331
1308033001 331
1308033061 329
1308033121 337
1308033181 330
1308033241 326
1308033301 334
1308033361 327
1308033421 325
1308033481 325
1308033541 328
1308033601 331
1308033661 323
1308033721 329
1308033781 327
1308033841 342
1308033901 347
1308033961 342
1308034021 342
1308034081 340
1308034141 350
1308034201 357
1308034261 351
1308034321 357
1308034381 361
1308034441 373
1308034501 372
1308034561 367
1308034621 371
1308034681 365
1308034741 364
1308034801 374
1308034861 375
1308034921 375
1308034981 372
1308035041 369
1308035101 373
1308035161 367
1308035221 371
1308035281 366
1308035341 372
1308035401 374
1308035461 375
1308035521 383
1308035581 377
1308035641 377
1308035701 380
1308035761 382
1308035821 385
1308035881 375
1308035941 377
1308036001 376
1308036061 378
1308036122 382
1308036181 367
1308036242 374
1308036301 373
1308036361 377
1308036421 380
1308036481 380
1308036541 388
1308036601 381
1308036662 386
1308036721 391
1308036781 394
1308036841 400
1308036901 397
1308036961 411
1308037021 415
1308037081 402
1308037141 407
1308037201 394
1308037261 397
1308037321 394
1308037381 387
1308037441 383
1308037501 390
1308037561 382
1308037621 378
1308037681 369
1308037741 370
1308037801 361
1308037861 366
1308037921 366
1308037981 355
1308038041 376
1308038101 364
1308038161 363
1308038221 365
1308038281 357
1308038341 367
1308038401 362
1308038461 350
1308038521 356
1308038581 353
1308038641 354
1308038701 350
1308038761 351
1308038821 340
1308038881 327
1308038941 338
1308039001 329
1308039061 332
1308039121 340
1308039182 334
1308039241 349
1308039301 336
1308039361 335
1308039421 332
1308039481 337
1308039541 358
1308039601 351
1308039661 367
1308039721 372
1308039781 370
1308039841 384
1308039901 378
1308039961 389
1308040021 397
1308040081 396
1308040141 410
1308040201 400
1308040261 411
1308040321 409
1308040381 393
1308040441 392
1308040501 385
1308040561 385
1308040621 395
1308040681 389
1308040741 396
1308040801 389
1308040861 390
1308040921 388
1308040981 391
1308041041 393
1308041101 395
1308041161 396
1308041221 399
1308041281 397
1308041341 399
1308041401 394
1308041461 393
1308041521 398
1308041581 395
1308041641 404
1308041701 399
1308041761 401
1308041821 406
1308041881 419
1308041941 421
1308042001 407
1308042061 402
1308042122 402
1308042181 405
1308042241 408
1308042301 392
1308042361 391
1308042421 394
1308042481 397
1308042541 399
1308042601 397
1308042661 398
1308042721 403
1308042781 400
1308042841 402
1308042901 405
1308042961 399
1308043021 401
1308043081 406
1308043141 407
1308043201 409
1308043261 403
1308043321 407
1308043381 398
1308043441 401
1308043501 402
1308043561 400
1308043621 402
1308043681 409
1308043741 414
1308043801 414
1308043861 407
1308043921 402
1308043981 409
1308044041 413
1308044101 411
1308044161 408
1308044221 402
1308044281 404
1308044342 402
1308044401 401
1308044461 392
1308044521 394
1308044581 396
1308044641 401
1308044701 412
1308044761 401
1308044821 401
1308044881 399
1308044941 394
1308045001 395
1308045061 394
1308045121 400
1308045181 401
1308045241 403
1308045301 408
1308045361 397
1308045421 401
1308045481 387
1308045541 388
1308045601 379
1308045661 358
1308045721 365
1308045781 359
1308045841 363
1308045901 358
1308045961 351
1308046021 358
1308046081 356
1308046141 354
1308046201 363
1308046261 358
1308046321 358
1308046381 352
1308046441 349
1308046501 352
1308046561 338
1308046621 336
1308046681 333
1308046741 343
1308046801 338
1308046861 325
1308046921 326
1308046981 325
1308047042 326
1308047101 321
1308047161 317
1308047221 326
1308047281 328
1308047341 338
1308047401 341
1308047461 335
1308047521 345
1308047581 341
1308047641 346
1308047701 343
1308047761 338
1308047821 339
1308047881 347
1308047941 346
1308048001 350
1308048061 337
1308048121 344
1308048181 344
1308048241 355
1308048301 361
1308048361 345
1308048421 346
1308048481 343
1308048541 344
1308048601 346
1308048661 345
1308048721 337
1308048781 348
1308048841 355
1308048901 363
1308048961 354
1308049021 353
1308049081 347
1308049141 347
1308049201 351
1308049261 342
1308049321 355
1308049381 345
1308049441 349
1308049501 360
1308049561 362
1308049621 364
1308049681 366
1308049741 373
1308049801 376
1308049861 368
1308049921 365
1308049982 364
1308050041 368
1308050101 363
1308050161 362
1308050221 357
1308050281 357
1308050341 366
1308050401 371
1308050461 375
1308050521 374
1308050581 379
1308050641 375
1308050701 385
1308050761 372
1308050821 374
1308050881 370
1308050941 386
1308051001 384
1308051061 386
1308051122 387
1308051181 388
1308051241 394
1308051301 399
1308051361 390
1308051421 403
1308051481 406
1308051541 406
1308051601 417
1308051661 415
1308051721 420
1308051781 411
1308051841 424
1308051901 431
1308051961 424
1308052021 426
1308052081 424
1308052141 424
1308052201 432
1308052261 427
1308052321 425
1308052381 417
1308052441 415
1308052501 418
1308052561 416
1308052621 411
1308052681 398
1308052741 404
1308052801 411
1308052861 408
1308052921 422
1308052981 422
1308053041 438
1308053101 435
1308053161 443
1308053221 448
1308053281 447
1308053341 450
1308053401 438
1308053461 443
1308053521 446
1308053581 439
1308053641 449
1308053701 457
1308053761 467
1308053821 475
1308053881 469
1308053941 489
1308054001 494
1308054061 489
1308054121 496
1308054181 485
1308054241 491
1308054301 501
1308054361 500
1308054421 493
1308054481 486
1308054542 496
1308054601 493
1308054661 499
1308054721 493
1308054781 483
1308054841 494
1308054901 501
1308054961 491
1308055021 492
1308055081 490
1308055141 492
1308055201 504
1308055261 508
1308055321 502
1308055381 508
1308055441 511
1308055501 516
1308055561 514
1308055621 502
1308055681 504
1308055741 509
1308055801 514
1308055861 507
1308055921 500
1308055982 505
1308056041 509
1308056101 515
1308056161 505
1308056221 498
1308056281 498
1308056341 500
1308056401 498
1308056461 503
1308056521 494
1308056581 516
1308056641 505
1308056701 520
1308056761 529
1308056821 521
1308056881 538
1308056941 540
1308057002 533
1308057061 529
1308057121 523
1308057181 525
1308057241 519
1308057301 523
1308057361 521
1308057421 520
1308057481 519
1308057541 534
1308057601 544
1308057661 554
1308057721 555
1308057781 544
1308057841 554
1308057901 556
1308057961 548
1308058021 549
1308058081 549
1308058141 542
1308058201 551
1308058261 542
1308058321 532
1308058381 530
1308058441 541
1308058501 551
1308058561 551
1308058621 541
1308058681 543
1308058741 554
1308058801 569
1308058861 573
1308058921 555
1308058981 568
1308059041 567
1308059101 569
1308059161 558
1308059221 554
1308059281 556
1308059341 555
1308059401 559
1308059461 552
1308059521 553
1308059581 558
1308059641 562
1308059701 567
1308059761 563
1308059821 567
1308059881 565
1308059941 572
1308060001 570
1308060061 570
1308060121 556
1308060181 560
1308060241 571
1308060301 571
1308060361 553
1308060421 548
1308060481 551
1308060541 553
1308060601 557
1308060661 555
1308060721 541
1308060781 549
1308060841 561
1308060901 562
1308060961 560
1308061021 558
1308061081 563
1308061141 572
1308061201 568
1308061261 558
1308061321 548
1308061381 551
1308061441 558
1308061501 561
1308061561 559
1308061621 556
1308061681 578
1308061741 594
1308061802 587
1308061861 576
1308061921 567
1308061981 581
1308062041 599
1308062101 594
1308062161 602
1308062221 609
1308062281 613
1308062341 626
1308062401 612
1308062461 618
1308062521 607
1308062581 608
1308062641 609
1308062701 604
1308062761 591
1308062821 577
1308062881 590
1308062941 605
1308063001 578
1308063061 589
1308063121 579
1308063181 588
1308063241 609
1308063301 597
1308063361 600
1308063421 601
1308063481 612
1308063541 615
1308063601 602
1308063661 602
1308063721 597
1308063781 599
1308063841 609
1308063901 605
1308063961 603
1308064021 605
1308064081 607
1308064141 624
1308064201 621
1308064261 631
1308064321 639
1308064381 626
1308064441 639
1308064501 626
1308064561 618
1308064621 617
1308064681 611
1308064741 619
1308064801 606
1308064861 611
1308064921 602
1308064981 597
1308065041 615
1308065101 609
1308065161 610
1308065221 601
1308065281 604
1308065341 612
1308065401 612
1308065461 599
1308065521 593
1308065581 597
1308065641 606
1308065701 594
1308065761 601
1308065821 588
1308065881 594
1308065941 606
1308066001 596
1308066061 594
1308066121 595
1308066181 591
1308066241 601
1308066301 591
1308066361 592
1308066421 590
1308066481 591
1308066541 594
1308066601 589
1308066661 600
1308066721 586
1308066781 596
1308066841 598
1308066901 588
1308066961 594
1308067021 586
1308067081 590
1308067141 604
1308067202 604
