1313337661 2
1313337721 2
1313337781 2
1313337841 2
1313337901 2
1313337961 2
1313338021 2
1313338081 2
1313338141 2
1313338201 2
1313338261 2
1313338321 2
1313338381 2
1313338441 2
1313338501 2
1313338561 2
1313338621 2
1313338681 2
1313338741 2
1313338801 2
1313338861 2
1313338921 2
1313338981 2
1313339041 2
1313339101 2
1313339161 2
1313339221 2
1313339281 2
1313339341 2
1313339401 2
1313339461 2
1313339521 2
1313339581 2
1313339641 2
1313339701 2
1313339761 2
1313339821 2
1313339881 2
1313339941 2
1313340001 2
1313340061 2
1313340121 2
1313340181 2
1313340241 2
1313340301 2
1313340361 2
1313340422 2
1313340481 2
1313340541 2
1313340601 2
1313340661 2
1313340721 2
1313340781 2
1313340841 2
1313340901 2
1313340961 2
1313341021 2
1313341081 2
1313341141 2
1313341201 2
1313341261 2
1313341321 2
1313341381 2
1313341441 2
1313341501 2
1313341561 2
1313341621 2
1313341681 2
1313341741 2
1313341801 2
1313341861 2
1313341921 2
1313341981 2
1313342041 2
1313342101 2
1313342161 2
1313342221 2
1313342281 2
1313342341 2
1313342401 2
1313342461 2
1313342521 2
1313342581 2
1313342641 3
1313342701 3
1313342761 3
1313342821 3
1313342881 3
1313342941 3
1313343001 2
1313343061 2
1313343121 2
1313343181 2
1313343241 2
1313343301 2
1313343361 2
1313343421 2
1313343481 2
1313343541 2
1313343601 2
1313343661 2
1313343721 2
1313343781 2
1313343841 2
1313343901 2
1313343961 2
1313344021 2
1313344081 2
1313344141 2
1313344202 2
1313344261 2
1313344321 2
1313344381 2
1313344441 2
1313344501 2
1313344561 2
1313344621 2
1313344681 2
1313344741 2
1313344801 2
1313344861 2
1313344921 2
1313344981 2
1313345041 2
1313345101 2
1313345161 2
1313345221 2
1313345281 2
1313345341 2
1313345401 2
1313345461 2
1313345521 2
1313345581 2
1313345641 2
1313345701 2
1313345761 2
1313345821 2
1313345881 2
1313345941 2
1313346001 2
1313346061 2
1313346121 2
1313346181 2
1313346241 2
1313346301 2
1313346361 2
1313346421 2
1313346481 2
1313346541 2
1313346601 2
1313346661 2
1313346721 2
1313346781 2
1313346841 2
1313346901 2
1313346961 2
1313347021 2
1313347081 2
1313347141 2
1313347201 2
1313347261 2
1313347321 2
1313347381 2
1313347441 2
1313347501 2
1313347562 2
1313347621 2
1313347681 2
1313347741 2
1313347801 2
1313347861 2
1313347921 2
1313347981 2
1313348041 2
1313348101 2
1313348161 2
1313348221 2
1313348281 2
1313348341 2
1313348401 2
1313348461 2
1313348521 2
1313348581 2
1313348641 2
1313348701 2
1313348761 2
1313348821 2
1313348881 2
1313348941 2
1313349001 2
1313349061 2
1313349121 2
1313349181 2
1313349241 2
1313349301 2
1313349361 2
1313349421 2
1313349481 2
1313349541 2
1313349601 2
1313349661 2
1313349721 2
1313349781 2
1313349841 2
1313349901 2
1313349961 2
1313350021 2
1313350081 2
1313350141 2
1313350201 2
1313350261 2
1313350321 2
1313350381 2
1313350441 2
1313350501 2
1313350561 2
1313350621 2
1313350681 2
1313350741 2
1313350801 2
1313350861 2
1313350921 2
1313350981 2
1313351041 2
1313351101 2
1313351161 2
1313351221 2
1313351281 2
1313351341 2
1313351401 2
1313351461 2
1313351521 2
1313351581 2
1313351641 2
1313351701 2
1313351761 2
1313351821 2
1313351881 2
1313351941 2
1313352001 2
1313352061 2
1313352121 2
1313352181 2
1313352241 2
1313352301 2
1313352361 2
1313352421 2
1313352481 2
1313352541 2
1313352601 2
1313352661 2
1313352721 2
1313352781 2
1313352841 2
1313352901 2
1313352961 2
1313353021 2
1313353081 2
1313353142 2
1313353201 2
1313353261 2
1313353321 2
1313353381 2
1313353441 2
1313353501 2
1313353561 2
1313353621 2
1313353682 2
1313353741 2
1313353801 2
1313353861 2
1313353921 2
1313353983 2
1313354041 2
1313354101 2
1313354161 2
1313354221 2
1313354281 2
1313354341 2
1313354401 2
1313354461 2
1313354521 2
1313354581 2
1313354641 2
1313354701 2
1313354762 2
1313354821 2
1313354881 2
1313354941 2
1313355001 2
1313355061 2
1313355121 2
1313355181 2
1313355241 2
1313355301 2
1313355361 2
1313355421 2
1313355481 2
1313355541 2
1313355601 2
1313355661 2
1313355721 2
1313355781 2
1313355841 2
1313355901 2
1313355961 2
1313356021 2
1313356081 2
1313356141 2
1313356201 2
1313356194 2
1313356202 2
1313356261 2
1313356321 2
1313356381 2
1313356441 2
1313356501 2
1313356561 2
1313356621 2
1313356681 2
1313356741 2
1313356801 2
1313356861 2
1313356921 2
1313356981 2
1313357041 2
1313357101 2
1313357161 2
1313357221 2
1313357281 2
1313357341 2
1313357401 2
1313357461 2
1313357521 2
1313357581 2
1313357641 2
1313357701 2
1313357761 2
1313357821 2
1313357881 2
1313357941 2
1313358001 2
1313358061 2
1313358121 2
1313358181 2
1313358241 2
1313358301 2
1313358361 2
1313358421 2
1313358481 2
1313358541 2
1313358601 2
1313358661 2
1313358721 2
1313358781 2
1313358841 2
1313358901 2
1313358961 2
1313359021 2
1313359081 2
1313359141 2
1313359201 2
1313359261 2
1313359321 2
1313359381 2
1313359441 2
1313359501 2
1313359561 2
1313359621 2
1313359681 2
1313359741 2
1313359801 2
1313359862 2
1313359921 2
1313359981 2
1313360041 2
1313360101 2
1313360161 2
1313360221 2
1313360281 2
1313360341 2
1313360401 2
1313360461 2
1313360521 2
1313360581 2
1313360641 2
1313360701 2
1313360761 2
1313360821 2
1313360882 2
1313360941 2
1313361001 2
1313361061 2
1313361121 2
1313361181 2
1313361241 2
1313361301 2
1313361361 2
1313361421 2
1313361481 2
1313361541 2
1313361601 2
1313361661 2
1313361721 2
1313361781 2
1313361841 2
1313361901 2
1313361961 2
1313362021 2
1313362081 2
1313362141 2
1313362201 2
1313362261 2
1313362321 1
1313362381 1
1313362441 1
1313362501 1
1313362562 1
1313362621 1
1313362681 1
1313362741 1
1313362801 1
1313362861 1
1313362921 1
1313362981 1
1313363041 1
1313363101 1
1313363161 1
1313363221 1
1313363281 1
1313363341 1
1313363401 1
1313363461 1
1313363521 1
1313363581 1
1313363641 1
1313363701 1
1313363761 1
1313363821 1
1313363881 1
1313363941 1
1313364001 1
1313364061 1
1313364121 1
1313364181 1
1313364241 1
1313364301 1
1313364361 1
1313364421 1
1313364481 1
1313364541 1
1313364601 1
1313364661 1
1313364721 1
1313364781 1
1313364841 1
1313364901 1
1313364961 1
1313365021 1
1313365081 1
1313365141 1
1313365201 1
1313365261 1
1313365321 1
1313365381 1
1313365441 1
1313365501 1
1313365561 1
1313365621 1
1313365681 1
1313365741 1
1313365801 1
1313365861 1
1313365921 1
1313365981 1
1313366041 1
1313366101 1
1313366161 1
1313366221 1
1313366281 1
1313366341 1
1313366401 1
1313366461 1
1313366521 1
1313366581 1
1313366641 1
1313366701 1
1313366761 1
1313366821 1
1313366881 1
1313366941 1
1313367001 1
1313367061 1
1313367121 1
1313367181 1
1313367241 1
1313367301 1
1313367361 1
1313367421 1
1313367481 1
1313367541 1
1313367601 1
1313367661 1
1313367721 1
1313367781 1
1313367841 1
1313367901 1
1313367961 1
1313368021 1
1313368081 1
1313368141 1
1313368201 1
1313368261 1
1313368321 1
1313368381 1
1313368441 1
1313368501 1
1313368561 2
1313368621 2
1313368681 3
1313368741 3
1313368801 3
1313368861 3
1313368921 3
1313368981 3
1313369041 4
1313369101 4
1313369161 4
1313369222 4
1313369281 4
1313369341 4
1313369401 4
1313369461 4
1313369521 4
1313369581 4
1313369641 4
1313369701 4
1313369761 4
1313369821 4
1313369881 4
1313369941 4
1313370001 4
1313370061 4
1313370121 4
1313370181 4
1313370241 4
1313370301 4
1313370361 4
1313370421 4
1313370481 4
1313370541 4
1313370601 4
1313370661 4
1313370721 4
1313370781 4
1313370841 4
1313370901 4
1313370961 4
1313371021 4
1313371081 4
1313371141 4
1313371201 4
1313371261 4
1313371321 4
1313371381 4
1313371441 4
1313371501 4
1313371561 4
1313371621 4
1313371681 4
1313371741 4
1313371801 4
1313371861 4
1313371921 4
1313371981 4
1313372041 4
1313372101 4
1313372161 4
1313372221 4
1313372281 1
1313372341 1
1313372401 1
1313372461 1
1313372521 1
1313372581 1
1313372641 1
1313372701 1
1313372761 1
1313372821 1
1313372881 1
1313372941 2
1313373001 2
1313373061 2
1313373121 2
1313373181 2
1313373241 2
1313373301 2
1313373361 2
1313373421 2
1313373481 2
1313373541 2
1313373601 2
1313373661 0
1313373721 1
1313373781 1
1313373841 1
1313373901 2
1313373961 2
1313374021 2
1313374081 2
1313374141 2
1313374201 3
1313374261 3
1313374321 3
1313374381 3
1313374441 3
1313374501 3
1313374561 3
1313374621 3
1313374681 3
1313374741 3
1313374802 1
1313374861 2
1313374921 2
1313374981 2
1313375041 2
1313375101 2
1313375161 2
1313375221 2
1313375281 2
1313375341 2
1313375401 1
1313375461 2
1313375521 2
1313375581 2
1313375641 2
1313375701 2
1313375761 2
1313375821 2
1313375881 2
1313375941 2
1313376001 2
1313376061 1
1313376121 1
1313376181 1
1313376241 1
1313376301 1
1313376361 1
1313376421 1
1313376481 1
1313376541 1
1313376601 1
1313376661 1
1313376721 1
1313376781 2
1313376841 2
1313376901 2
1313376961 3
1313377021 3
1313377081 3
1313377141 3
1313377201 3
1313377261 3
1313377321 3
1313377381 3
1313377441 3
1313377501 3
1313377561 3
1313377621 3
1313377681 3
1313377741 3
1313377801 3
1313377861 3
1313377921 3
1313377981 3
1313378041 3
1313378101 3
1313378161 1
1313378221 1
1313378281 1
1313378341 1
1313378401 1
1313378461 1
1313378521 0
1313378582 0
1313378641 1
1313378701 1
1313378761 1
1313378821 1
1313378881 1
1313378941 1
1313379001 1
1313379061 1
1313379121 1
1313379181 1
1313379241 1
1313379301 1
1313379361 1
1313379421 1
1313379481 1
1313379541 1
1313379601 1
1313379661 1
1313379721 1
1313379781 1
1313379841 1
1313379901 1
1313379961 1
1313380021 1
1313380081 1
1313380141 1
1313380201 1
1313380261 1
1313380321 1
1313380381 1
1313380441 1
1313380501 1
1313380561 1
1313380621 1
1313380681 1
1313380741 1
1313380801 1
1313380861 1
1313380921 1
1313380981 1
1313381041 1
1313381101 1
1313381161 1
1313381221 1
1313381281 1
1313381341 1
1313381401 1
1313381461 1
1313381521 1
1313381581 0
1313381641 0
1313381701 0
1313381761 0
1313381821 0
1313381881 1
1313381941 2
1313382001 2
1313382061 2
1313382121 2
1313382181 2
1313382241 2
1313382301 2
1313382361 2
1313382421 1
1313382481 1
1313382541 1
1313382601 1
1313382661 1
1313382721 1
1313382781 1
1313382841 1
1313382901 1
1313382961 1
1313383021 1
1313383081 1
1313383141 1
1313383201 1
1313383262 2
1313383321 3
1313383381 3
1313383441 3
1313383501 3
1313383561 3
1313383621 3
1313383681 3
1313383741 3
1313383801 3
1313383861 3
1313383921 3
1313383981 3
1313384041 3
1313384101 3
1313384161 3
1313384221 3
1313384281 3
1313384341 3
1313384401 3
1313384461 3
1313384521 3
1313384581 3
1313384641 3
1313384701 3
1313384761 2
1313384821 3
1313384881 3
1313384941 3
1313385001 3
1313385061 3
1313385121 3
1313385181 3
1313385241 3
1313385301 2
1313385361 2
1313385421 2
1313385481 2
1313385541 2
1313385601 2
1313385661 2
1313385721 1
1313385781 1
1313385841 1
1313385901 1
1313385961 1
1313386021 1
1313386081 1
1313386141 1
1313386201 1
1313386261 1
1313386321 1
1313386381 0
1313386441 1
1313386501 1
1313386561 1
1313386621 1
1313386681 1
1313386741 2
1313386801 2
1313386861 3
1313386921 4
1313386981 4
1313387041 4
1313387101 4
1313387161 4
1313387221 4
1313387281 4
1313387341 4
1313387401 4
1313387461 4
1313387521 4
1313387581 4
1313387641 4
1313387701 4
1313387761 4
1313387821 4
1313387881 4
1313387941 4
1313388001 4
1313388061 4
1313388121 4
1313388181 4
1313388241 4
1313388301 4
1313388361 2
1313388421 2
1313388481 1
1313388541 1
1313388601 1
1313388661 1
1313388721 1
1313388781 1
1313388841 1
1313388901 1
1313388961 1
1313389021 1
1313389081 1
1313389141 1
1313389201 1
1313389261 1
1313389321 1
1313389381 1
1313389441 1
1313389501 1
1313389561 1
1313389622 1
1313389681 1
1313389741 1
1313389801 1
1313389861 1
1313389921 1
1313389981 1
1313390041 1
1313390101 1
1313390161 1
1313390221 1
1313390281 1
1313390341 1
1313390401 1
1313390461 1
1313390521 1
1313390581 1
1313390641 1
1313390701 1
1313390761 1
1313390821 1
1313390881 1
1313390941 1
1313391001 1
1313391061 1
1313391121 1
1313391181 1
1313391241 1
1313391301 1
1313391361 1
1313391421 1
1313391481 1
1313391541 1
1313391601 1
1313391661 1
1313391721 1
1313391781 0
1313391841 2
1313391901 2
1313391961 2
1313392021 2
1313392081 2
1313392141 2
1313392201 2
1313392261 2
1313392321 2
1313392381 2
1313392441 1
1313392501 1
1313392561 1
1313392621 1
1313392681 1
1313392741 1
1313392801 1
1313392861 1
1313392921 1
1313392981 1
1313393041 0
1313393101 0
1313393161 0
1313393221 0
1313393281 0
1313393341 0
1313393401 0
1313393461 0
1313393521 0
1313393581 0
1313393641 0
1313393701 2
1313393761 2
1313393821 2
1313393881 2
1313393941 2
1313394001 2
1313394061 2
1313394121 1
1313394181 1
1313394241 1
1313394301 1
1313394361 1
1313394421 1
1313394481 1
1313394541 1
1313394601 1
1313394661 1
1313394722 1
1313394781 1
1313394841 1
1313394901 1
1313394961 1
1313395021 1
1313395081 1
1313395141 1
1313395201 1
1313395261 1
1313395321 2
1313395381 2
1313395441 2
1313395501 3
1313395561 3
1313395621 3
1313395681 4
1313395741 4
1313395801 4
1313395861 4
1313395921 4
1313395981 4
1313396041 3
1313396101 3
1313396161 3
1313396221 3
1313396281 2
1313396341 2
1313396401 2
1313396461 2
1313396521 2
1313396581 2
1313396641 2
1313396701 2
1313396761 2
1313396821 2
1313396881 2
1313396941 2
1313397001 2
1313397061 2
1313397121 2
1313397181 2
1313397241 2
1313397301 2
1313397361 3
1313397421 3
1313397481 3
1313397541 3
1313397601 3
1313397661 3
1313397721 3
1313397781 3
1313397841 3
1313397901 3
1313397961 3
1313398021 3
1313398081 3
1313398141 3
1313398201 3
1313398261 3
1313398321 3
1313398381 3
1313398441 1
1313398501 1
1313398561 1
1313398621 2
1313398681 2
1313398741 3
1313398801 4
1313398861 4
1313398921 4
1313398981 4
1313399041 4
1313399101 4
1313399161 4
1313399221 4
1313399281 4
1313399341 4
1313399401 4
1313399461 4
1313399521 4
1313399581 4
1313399641 4
1313399701 4
1313399761 4
1313399821 3
1313399881 3
1313399941 3
1313400001 3
1313400061 3
1313400121 3
1313400181 3
1313400241 3
1313400301 3
1313400361 3
1313400421 1
1313400481 1
1313400541 1
1313400601 1
1313400661 1
1313400721 1
1313400781 1
1313400841 1
1313400901 1
1313400961 1
1313401021 1
1313401081 1
1313401141 1
1313401201 1
1313401261 1
1313401321 1
1313401381 1
1313401441 1
1313401502 1
1313401561 1
1313401621 1
1313401681 1
1313401742 1
1313401801 1
1313401861 1
1313401921 1
1313401981 1
1313402041 1
1313402101 1
1313402161 1
1313402221 1
1313402281 1
1313402341 1
1313402401 1
1313402461 1
1313402521 1
1313402582 1
1313402641 1
1313402701 1
1313402761 1
1313402821 1
1313402881 1
1313402941 1
1313403001 1
1313403061 0
1313403121 0
1313403181 0
1313403241 0
1313403301 0
1313403361 0
1313403421 0
1313403481 0
1313403541 0
1313403601 0
1313403661 0
1313403721 0
1313403781 0
1313403841 0
1313403901 0
1313403961 0
1313404021 0
1313404081 0
1313404141 0
1313404201 0
1313404261 0
1313404321 0
1313404381 0
1313404441 0
1313404501 0
1313404561 0
1313404621 0
1313404681 0
1313404741 0
1313404801 0
1313404861 0
1313404921 0
1313404981 0
1313405041 0
1313405101 0
1313405161 0
1313405221 0
1313405281 1
1313405341 1
1313405402 1
1313405461 1
1313405521 1
1313405581 1
1313405641 1
1313405701 1
1313405761 1
1313405821 1
1313405881 1
1313405941 1
1313406001 1
1313406061 1
1313406121 1
1313406181 1
1313406241 1
1313406301 1
1313406361 1
1313406421 1
1313406482 1
1313406541 1
1313406601 1
1313406661 1
1313406721 1
1313406781 1
1313406841 1
1313406901 1
1313406961 1
1313407021 1
1313407081 1
1313407141 1
1313407201 1
1313407261 1
1313407321 1
1313407381 1
1313407441 1
1313407501 1
1313407561 1
1313407621 1
1313407681 1
1313407741 1
1313407801 1
1313407861 1
1313407921 1
1313407981 1
1313408041 1
1313408101 1
1313408161 1
1313408221 1
1313408281 1
1313408341 1
1313408401 1
1313408461 1
1313408521 1
1313408581 1
1313408641 1
1313408701 1
1313408761 1
1313408821 1
1313408881 1
1313408941 1
1313409001 1
1313409061 1
1313409121 1
1313409181 1
1313409241 1
1313409302 1
1313409361 1
1313409421 0
1313409481 0
1313409541 0
1313409601 0
1313409661 0
1313409721 0
1313409781 0
1313409841 0
1313409901 0
1313409961 0
1313410021 0
1313410081 0
1313410142 0
1313410201 0
1313410261 0
1313410321 0
1313410381 0
1313410441 0
1313410501 0
1313410561 0
1313410621 0
1313410681 0
1313410741 0
1313410801 0
1313410861 0
1313410921 0
1313410981 0
1313411041 0
1313411101 0
1313411161 0
1313411221 0
1313411281 0
1313411341 0
1313411401 0
1313411461 1
1313411521 1
1313411581 1
1313411641 1
1313411701 1
1313411761 1
1313411821 1
1313411881 0
1313411941 0
1313412001 0
1313412061 0
1313412121 0
1313412181 0
1313412241 0
1313412301 0
1313412361 0
1313412421 0
1313412481 0
1313412541 0
1313412601 0
1313412661 0
1313412722 0
1313412781 1
1313412841 1
1313412901 1
1313412961 1
1313413021 1
1313413081 1
1313413141 1
1313413201 1
1313413261 1
1313413321 1
1313413381 1
1313413441 1
1313413501 1
1313413561 1
1313413621 1
1313413681 1
1313413741 1
1313413801 1
1313413861 0
1313413921 1
1313413981 2
1313414041 2
1313414101 2
1313414161 2
1313414221 2
1313414281 2
1313414341 3
1313414401 3
1313414461 1
1313414521 2
1313414581 2
1313414641 2
1313414701 2
1313414761 2
1313414821 2
1313414881 2
1313414941 2
1313415001 3
1313415061 3
1313415121 3
1313415181 3
1313415241 2
1313415301 2
1313415361 2
1313415421 2
1313415481 2
1313415541 2
1313415601 2
1313415661 2
1313415721 2
1313415781 2
1313415841 2
1313415901 2
1313415961 2
1313416021 2
1313416081 2
1313416141 2
1313416201 2
1313416261 2
1313416321 2
1313416381 2
1313416441 2
1313416501 2
1313416561 2
1313416621 2
1313416681 2
1313416741 2
1313416801 2
1313416861 2
1313416921 2
1313416981 2
1313417041 2
1313417101 2
1313417161 2
1313417221 2
1313417281 2
1313417341 2
1313417401 2
1313417462 2
1313417521 2
1313417581 2
1313417641 2
1313417701 2
1313417761 2
1313417821 2
1313417881 2
1313417941 1
1313418001 1
1313418061 1
1313418121 1
1313418181 1
1313418241 1
1313418301 1
1313418361 1
1313418421 1
1313418481 1
1313418541 1
1313418601 1
1313418661 1
1313418721 1
1313418781 1
1313418841 1
1313418901 1
1313418961 1
1313419021 1
1313419081 1
1313419141 1
1313419201 1
1313419261 1
1313419321 1
1313419381 1
1313419441 1
1313419501 1
1313419561 1
1313419621 1
1313419681 1
1313419742 1
1313419801 1
1313419861 1
1313419921 2
1313419981 2
1313420041 2
1313420101 2
1313420161 2
1313420221 2
1313420281 2
1313420341 2
1313420401 2
1313420461 2
1313420522 2
1313420581 2
1313420641 2
1313420701 2
1313420761 2
1313420821 2
1313420881 2
1313420941 2
1313421001 2
1313421061 2
1313421121 2
1313421181 2
1313421241 2
1313421301 2
1313421361 2
1313421421 2
1313421481 2
1313421541 2
1313421601 2
1313421661 2
1313421721 2
1313421781 2
1313421841 2
1313421901 2
1313421961 2
1313422021 2
1313422081 2
1313422141 2
1313422201 2
1313422261 2
1313422321 2
1313422381 2
1313422441 3
1313422501 3
1313422561 3
1313422621 3
1313422681 3
1313422741 3
1313422801 3
1313422861 3
1313422921 3
1313422981 3
1313423041 3
1313423101 3
1313423161 3
1313423221 3
1313423281 3
1313423341 3
1313423401 3
1313423461 3
1313423521 3
1313423581 3
1313423641 3
1313423701 3
1313423761 3
1313423821 3
1313423881 3
1313423942 3
1313424001 3
