1305561601 15
1305561661 13
1305561721 13
1305561781 13
1305561841 14
1305561902 13
1305561961 12
1305562021 11
1305562081 12
1305562141 13
1305562201 13
1305562261 12
1305562321 11
1305562381 10
1305562441 11
1305562501 11
1305562561 10
1305562621 11
1305562682 10
1305562741 11
1305562801 11
1305562861 11
1305562921 9
1305562981 9
1305563041 8
1305563101 9
1305563161 9
1305563221 9
1305563281 8
1305563341 8
1305563402 8
1305563462 8
1305563521 8
1305563581 7
1305563641 7
1305563701 6
1305563761 7
1305563821 5
1305563881 6
1305563941 5
1305564001 7
1305564061 7
1305564121 7
1305564182 7
1305564241 6
1305564301 7
1305564361 6
1305564421 7
1305564481 6
1305564541 7
1305564601 6
1305564661 6
1305564721 6
1305564781 6
1305564841 6
1305564902 5
1305564962 6
1305565021 5
1305565081 4
1305565141 3
1305565201 5
1305565261 5
1305565321 5
1305565381 5
1305565441 5
1305565501 6
1305565561 6
1305565621 5
1305565681 5
1305565742 4
1305565801 2
1305565861 3
1305565921 4
1305565981 4
1305566041 4
1305566101 3
1305566161 4
1305566221 4
1305566281 4
1305566341 4
1305566401 4
1305566461 3
1305566521 4
1305566581 5
1305566641 5
1305566701 5
1305566761 4
1305566821 5
1305566881 5
1305566942 5
1305567001 5
1305567061 4
1305567121 4
1305567181 3
1305567241 5
1305567301 5
1305567361 5
1305567421 5
1305567481 5
1305567541 5
1305567601 5
1305567661 5
1305567722 4
1305567781 4
1305567841 4
1305567901 6
1305567961 6
1305568021 6
1305568081 6
1305568141 6
1305568201 6
1305568261 6
1305568321 6
1305568381 5
1305568441 4
1305568502 4
1305568561 6
1305568621 6
1305568681 5
1305568741 5
1305568801 5
1305568861 5
1305568921 5
1305568981 5
1305569041 4
1305569101 3
1305569162 3
1305569221 5
1305569281 5
1305569341 5
1305569401 5
1305569461 5
1305569521 5
1305569581 5
1305569641 5
1305569701 5
1305569761 2
1305569821 3
1305569881 4
1305569942 4
1305570001 4
1305570061 4
1305570121 4
1305570181 4
1305570241 4
1305570301 4
1305570361 4
1305570421 1
1305570481 3
1305570541 4
1305570602 4
1305570661 4
1305570721 4
1305570781 4
1305570841 4
1305570901 4
1305570961 4
1305571021 4
1305571081 2
1305571141 2
1305571201 4
1305571261 4
1305571322 4
1305571381 4
1305571441 4
1305571501 4
1305571561 4
1305571621 4
1305571681 4
1305571741 2
1305571801 2
1305571861 4
1305571921 4
1305571981 4
1305572042 4
1305572101 4
1305572161 4
1305572221 4
1305572281 4
1305572341 4
1305572401 3
1305572461 2
1305572521 4
1305572581 4
1305572641 4
1305572701 4
1305572762 4
1305572821 4
1305572881 4
1305572941 4
1305573001 4
1305573061 3
1305573121 2
1305573181 4
1305573241 4
1305573301 4
1305573361 4
1305573421 5
1305573482 5
1305573541 5
1305573601 5
1305573661 5
1305573721 4
1305573781 3
1305573841 5
1305573901 5
1305573961 5
1305574021 5
1305574081 5
1305574141 5
1305574201 5
1305574261 5
1305574321 5
1305574381 4
1305574441 4
1305574501 5
1305574561 5
1305574621 4
1305574681 5
1305574741 5
1305574801 5
1305574861 5
1305574922 5
1305574981 5
1305575041 4
1305575101 4
1305575161 5
1305575221 5
1305575281 5
1305575341 5
1305575401 5
1305575461 5
1305575521 5
1305575581 5
1305575642 5
1305575701 4
1305575761 3
1305575821 4
1305575881 4
1305575941 3
1305576001 4
1305576061 4
1305576121 4
1305576181 4
1305576241 3
1305576301 4
1305576362 4
1305576421 3
1305576481 4
1305576541 4
1305576601 3
1305576661 3
1305576721 4
1305576781 4
1305576841 4
1305576901 4
1305576961 4
1305577021 4
1305577082 3
1305577141 4
1305577201 4
1305577261 3
1305577321 3
1305577381 4
1305577441 4
1305577501 4
1305577561 4
1305577621 4
1305577681 4
1305577742 3
1305577801 4
1305577861 4
1305577921 3
1305577981 3
1305578041 4
1305578101 3
1305578161 4
1305578221 4
1305578281 4
1305578341 4
1305578401 3
1305578462 4
1305578521 4
1305578581 3
1305578641 3
1305578701 4
1305578761 4
1305578821 3
1305578881 4
1305578941 4
1305579001 4
1305579061 3
1305579121 4
1305579181 4
1305579242 3
1305579302 3
1305579361 4
1305579421 4
1305579481 3
1305579541 4
1305579601 4
1305579661 4
1305579721 3
1305579781 4
1305579841 4
1305579901 3
1305579961 3
1305580021 4
1305580081 4
1305580141 3
1305580201 4
1305580261 4
1305580321 4
1305580381 3
1305580441 4
1305580501 4
1305580561 4
1305580621 2
1305580681 4
1305580741 4
1305580801 3
1305580862 4
1305580921 4
1305580981 4
1305581041 3
1305581101 4
1305581161 4
1305581221 4
1305581281 3
1305581341 4
1305581401 4
1305581462 3
1305581521 4
1305581581 4
1305581641 4
1305581701 4
1305581761 4
1305581821 4
1305581881 3
1305581941 3
1305582001 4
1305582062 4
1305582121 3
1305582181 4
1305582241 4
1305582301 4
1305582361 3
1305582421 4
1305582481 4
1305582541 4
1305582601 3
1305582661 4
1305582722 4
1305582781 3
1305582841 4
1305582901 4
1305582961 4
1305583021 4
1305583081 4
1305583141 4
1305583201 4
1305583261 4
1305583321 4
1305583382 4
1305583441 3
1305583501 4
1305583561 4
1305583621 3
1305583681 4
1305583741 4
1305583801 4
1305583861 4
1305583922 3
1305583981 4
1305584041 4
1305584101 3
1305584161 4
1305584221 4
1305584281 3
1305584341 4
1305584401 5
1305584461 5
1305584522 5
1305584581 5
1305584641 5
1305584701 5
1305584761 4
1305584821 5
1305584881 5
1305584941 4
1305585001 3
1305585061 5
1305585122 5
1305585181 5
1305585241 5
1305585301 5
1305585361 5
1305585421 5
1305585481 4
1305585541 5
1305585601 4
1305585661 3
1305585721 5
1305585782 4
1305585842 5
1305585901 5
1305585961 5
1305586021 5
1305586081 5
1305586141 4
1305586201 5
1305586261 4
1305586321 2
1305586381 4
1305586441 3
1305586501 4
1305586562 4
1305586621 4
1305586681 4
1305586741 4
1305586801 3
1305586861 4
1305586921 4
1305586981 4
1305587041 4
1305587101 3
1305587161 4
1305587222 4
1305587281 4
1305587341 4
1305587401 4
1305587461 3
1305587521 4
1305587581 3
1305587641 2
1305587701 3
1305587761 2
1305587821 3
1305587882 3
1305587941 3
1305588001 4
1305588061 4
1305588121 4
1305588181 5
1305588241 5
1305588301 5
1305588361 6
1305588421 6
1305588481 6
1305588541 6
1305588602 6
1305588661 7
1305588721 8
1305588781 9
1305588841 10
1305588901 9
1305588961 10
1305589021 11
1305589081 13
1305589141 13
1305589201 13
1305589261 13
1305589322 12
1305589381 13
1305589441 13
1305589501 15
1305589561 16
1305589621 16
1305589681 17
1305589741 18
1305589801 19
1305589861 18
1305589921 19
1305589981 18
1305590042 19
1305590101 18
1305590161 18
1305590221 19
1305590281 21
1305590341 23
1305590401 23
1305590461 23
1305590521 22
1305590581 23
1305590641 23
1305590702 25
1305590761 24
1305590821 22
1305590881 23
1305590941 19
1305591001 23
1305591061 24
1305591121 24
1305591181 25
1305591241 26
1305591302 27
1305591362 28
1305591421 26
1305591481 24
1305591541 26
1305591601 26
1305591661 29
1305591721 29
1305591781 26
1305591841 28
1305591901 29
1305591962 29
1305592021 30
1305592081 32
1305592141 29
1305592201 29
1305592261 31
1305592321 32
1305592381 32
1305592441 32
1305592501 31
1305592561 34
1305592621 36
1305592682 34
1305592741 34
1305592801 28
1305592861 31
1305592921 33
1305592981 33
1305593041 30
1305593101 30
1305593161 27
1305593221 29
1305593282 29
1305593341 31
1305593401 32
1305593461 30
1305593521 31
1305593581 30
1305593641 29
1305593701 30
1305593761 30
1305593821 28
1305593881 30
1305593941 28
1305594002 30
1305594061 31
1305594121 30
1305594181 32
1305594241 34
1305594301 32
1305594361 32
1305594421 32
1305594481 34
1305594541 35
1305594601 33
1305594662 31
1305594721 30
1305594781 31
1305594841 31
1305594901 32
1305594961 32
1305595021 32
1305595081 33
1305595141 34
1305595201 38
1305595262 36
1305595321 37
1305595381 37
1305595441 38
1305595501 38
1305595561 37
1305595621 36
1305595681 37
1305595741 39
1305595801 38
1305595861 38
1305595921 38
1305595982 36
1305596041 38
1305596101 40
1305596161 42
1305596221 41
1305596281 40
1305596341 39
1305596401 40
1305596461 39
1305596521 39
1305596582 38
1305596641 37
1305596701 39
1305596761 38
1305596821 41
1305596881 40
1305596941 41
1305597001 41
1305597061 42
1305597121 41
1305597181 42
1305597241 45
1305597302 46
1305597361 46
1305597421 44
1305597481 42
1305597541 42
1305597601 41
1305597661 41
1305597721 43
1305597781 42
1305597841 42
1305597901 42
1305597962 43
1305598021 44
1305598081 44
1305598141 44
1305598201 44
1305598261 45
1305598321 44
1305598381 46
1305598441 44
1305598501 48
1305598562 51
1305598621 51
1305598681 52
1305598741 50
1305598801 50
1305598861 50
1305598921 51
1305598981 51
1305599041 48
1305599101 48
1305599161 50
1305599222 50
1305599281 52
1305599341 52
1305599401 52
1305599461 51
1305599521 51
1305599581 52
1305599641 50
1305599701 49
1305599761 51
1305599821 52
1305599881 50
1305599942 52
1305600001 48
1305600061 52
1305600121 53
1305600181 53
1305600241 52
1305600301 51
1305600361 50
1305600421 51
1305600481 51
1305600541 66
1305600601 73
1305600662 73
1305600721 77
1305600781 82
1305600841 83
1305600901 79
1305600961 83
1305601021 88
1305601081 89
1305601141 83
1305601201 87
1305601261 91
1305601321 88
1305601382 89
1305601441 92
1305601501 93
1305601561 87
1305601621 85
1305601681 89
1305601741 84
1305601801 87
1305601861 84
1305601921 89
1305601982 87
1305602041 85
1305602101 87
1305602161 86
1305602221 84
1305602281 83
1305602341 86
1305602401 83
1305602461 86
1305602521 85
1305602581 85
1305602641 86
1305602702 86
1305602762 86
1305602821 84
1305602881 84
1305602941 79
1305603001 83
1305603061 80
1305603121 77
1305603181 82
1305603241 81
1305603301 81
1305603361 82
1305603421 81
1305603481 81
1305603542 80
1305603601 79
1305603661 79
1305603721 77
1305603781 78
1305603841 76
1305603901 78
1305603961 79
1305604021 79
1305604081 80
1305604141 81
1305604201 77
1305604262 76
1305604321 77
1305604381 75
1305604441 74
1305604501 71
1305604561 67
1305604621 67
1305604681 66
1305604741 64
1305604801 59
1305604861 53
1305604921 48
1305604981 44
1305605041 47
1305605101 46
1305605161 48
1305605221 48
1305605281 45
1305605341 43
1305605401 43
1305605461 43
1305605521 43
1305605581 44
1305605642 43
1305605701 43
1305605761 42
1305605821 44
1305605881 43
1305605941 43
1305606001 41
1305606061 43
1305606121 44
1305606181 43
1305606241 44
1305606301 45
1305606362 42
1305606421 41
1305606481 41
1305606541 42
1305606601 42
1305606661 44
1305606721 45
1305606781 43
1305606841 41
1305606901 43
1305606961 42
1305607021 42
1305607081 44
1305607142 44
1305607201 44
1305607261 45
1305607321 43
1305607381 43
1305607441 45
1305607501 44
1305607561 45
1305607621 45
1305607681 45
1305607741 45
1305607802 47
1305607861 47
1305607921 47
1305607981 48
1305608041 46
1305608101 45
1305608161 45
1305608221 43
1305608281 44
1305608341 45
1305608401 44
1305608461 45
1305608522 44
1305608581 46
1305608641 43
1305608701 47
1305608761 46
1305608821 46
1305608881 48
1305608941 48
1305609001 49
1305609061 48
1305609121 50
1305609182 50
1305609241 50
1305609301 52
1305609361 51
1305609421 53
1305609481 50
1305609541 53
1305609601 52
1305609661 49
1305609721 52
1305609781 52
1305609841 50
1305609902 50
1305609961 50
1305610021 48
1305610081 51
1305610141 48
1305610201 47
1305610261 47
1305610321 48
1305610381 45
1305610441 47
1305610501 45
1305610561 45
1305610622 43
1305610681 44
1305610741 43
1305610801 42
1305610861 43
1305610921 42
1305610981 44
1305611041 43
1305611101 42
1305611161 41
1305611221 46
1305611281 45
1305611342 47
1305611401 46
1305611461 45
1305611521 43
1305611581 46
1305611641 50
1305611701 54
1305611761 56
1305611821 51
1305611881 54
1305611941 56
1305612001 57
1305612061 56
1305612121 54
1305612181 53
1305612241 51
1305612301 46
1305612361 47
1305612421 48
1305612481 44
1305612541 48
1305612601 51
1305612661 50
1305612721 48
1305612782 48
1305612841 49
1305612901 50
1305612961 52
1305613021 52
1305613081 54
1305613141 48
1305613201 50
1305613261 50
1305613321 51
1305613381 49
1305613441 48
1305613502 50
1305613561 51
1305613621 50
1305613681 48
1305613741 48
1305613801 46
1305613861 47
1305613921 48
1305613981 48
1305614041 48
1305614101 48
1305614161 47
1305614222 47
1305614281 49
1305614341 48
1305614401 48
1305614461 48
1305614521 48
1305614581 49
1305614641 51
1305614701 50
1305614761 50
1305614821 48
1305614882 46
1305614941 48
1305615001 50
1305615061 50
1305615121 51
1305615181 50
1305615241 45
1305615301 46
1305615361 46
1305615421 46
1305615481 45
1305615541 46
1305615601 44
1305615661 42
1305615721 44
1305615781 45
1305615841 43
1305615901 43
1305615961 42
1305616021 43
1305616081 43
1305616141 39
1305616201 42
1305616261 40
1305616321 42
1305616382 40
1305616441 41
1305616501 42
1305616561 39
1305616621 42
1305616681 41
1305616741 41
1305616801 40
1305616861 43
1305616921 42
1305616981 47
1305617041 47
1305617101 45
1305617161 45
1305617221 45
1305617281 47
1305617341 46
1305617401 48
1305617461 49
1305617521 48
1305617581 44
1305617641 46
1305617701 46
1305617761 46
1305617822 45
1305617881 43
1305617941 43
1305618001 41
1305618061 40
1305618121 39
1305618181 38
1305618241 36
1305618301 33
1305618361 35
1305618421 35
1305618481 35
1305618541 35
1305618602 34
1305618661 34
1305618721 35
1305618781 34
1305618841 35
1305618901 35
1305618961 37
1305619021 38
1305619081 37
1305619141 33
1305619201 29
1305619261 31
1305619322 32
1305619381 32
1305619441 32
1305619501 31
1305619561 31
1305619621 27
1305619681 28
1305619741 27
1305619801 28
1305619861 26
1305619921 28
1305619981 30
1305620042 30
1305620101 32
1305620161 29
1305620221 31
1305620281 29
1305620341 30
1305620401 29
1305620461 26
1305620521 25
1305620581 24
1305620641 25
1305620701 26
1305620762 25
1305620821 27
1305620881 27
1305620941 28
1305621001 28
1305621061 28
1305621121 29
1305621181 27
1305621241 26
1305621301 27
1305621361 29
1305621421 26
1305621482 26
1305621542 28
1305621601 29
1305621661 29
1305621721 27
1305621781 29
1305621841 27
1305621901 26
1305621961 26
1305622021 27
1305622081 28
1305622141 28
1305622201 27
1305622261 31
1305622321 31
1305622381 30
1305622441 31
1305622501 31
1305622561 31
1305622621 29
1305622681 27
1305622741 27
1305622801 26
1305622861 26
1305622922 24
1305622982 24
1305623041 26
1305623101 23
1305623161 22
1305623221 23
1305623281 24
1305623341 24
1305623401 24
1305623461 22
1305623521 25
1305623581 24
1305623641 23
1305623702 24
1305623761 23
1305623821 21
1305623881 22
1305623941 21
1305624001 20
1305624061 20
1305624121 18
1305624181 18
1305624241 16
1305624301 16
1305624361 16
1305624421 16
1305624482 15
1305624541 14
1305624601 14
1305624661 13
1305624721 14
1305624781 16
1305624841 17
1305624901 17
1305624961 16
1305625021 17
1305625081 14
1305625141 16
1305625202 16
1305625261 16
1305625321 16
1305625381 14
1305625441 15
1305625501 16
1305625561 16
1305625621 15
1305625681 15
1305625741 13
1305625801 12
1305625861 14
1305625921 14
1305625982 12
1305626041 12
1305626101 13
1305626161 13
1305626221 13
1305626281 13
1305626341 13
1305626401 12
1305626461 12
1305626521 12
1305626581 12
1305626641 11
1305626702 11
1305626762 12
1305626821 12
1305626881 13
1305626941 13
1305627001 14
1305627061 12
1305627121 13
1305627181 14
1305627241 13
1305627301 12
1305627361 14
1305627421 14
1305627482 13
1305627541 13
1305627601 12
1305627661 13
1305627721 11
1305627781 13
1305627841 13
1305627901 12
1305627961 12
1305628021 14
1305628081 15
1305628141 15
1305628202 15
1305628261 14
1305628321 15
1305628381 13
1305628441 16
1305628501 15
1305628561 14
1305628621 15
1305628681 15
1305628741 16
1305628801 16
1305628862 15
1305628921 14
1305628981 15
1305629041 14
1305629101 17
1305629161 17
1305629221 17
1305629281 16
1305629341 17
1305629401 17
1305629461 17
1305629521 16
1305629581 15
1305629642 16
1305629701 14
1305629761 18
1305629821 15
1305629881 18
1305629941 18
1305630001 18
1305630061 18
1305630121 18
1305630181 17
1305630241 15
1305630301 16
1305630362 10
1305630421 14
1305630481 13
1305630541 13
1305630601 13
1305630661 13
1305630721 16
1305630781 16
1305630841 16
1305630901 16
1305630961 17
1305631021 16
1305631082 19
1305631141 20
1305631201 21
1305631261 21
1305631321 20
1305631381 21
1305631441 22
1305631501 20
1305631561 20
1305631621 19
1305631681 17
1305631741 18
1305631801 19
1305631862 19
1305631921 18
1305631981 20
1305632041 19
1305632101 20
1305632161 18
1305632221 19
1305632281 21
1305632341 21
1305632401 21
1305632461 23
1305632521 22
1305632582 20
1305632641 21
1305632701 21
1305632761 22
1305632821 21
1305632881 20
1305632941 22
1305633001 20
1305633061 20
1305633121 21
1305633181 22
1305633241 21
1305633302 22
1305633361 24
1305633421 25
1305633481 23
1305633541 20
1305633601 24
1305633661 24
1305633721 27
1305633781 25
1305633841 27
1305633901 27
1305633961 27
1305634022 27
1305634081 27
1305634141 29
1305634201 26
1305634261 29
1305634321 26
1305634381 27
1305634441 28
1305634501 28
1305634561 27
1305634621 28
1305634681 26
1305634742 24
1305634801 23
1305634861 23
1305634921 24
1305634981 23
1305635041 23
1305635101 22
1305635161 23
1305635221 21
1305635281 22
1305635341 21
1305635402 20
1305635461 22
1305635521 22
1305635581 22
1305635641 21
1305635701 21
1305635761 21
1305635821 22
1305635881 23
1305635941 22
1305636001 21
1305636061 19
1305636122 20
1305636181 20
1305636241 20
1305636301 21
1305636361 19
1305636421 20
1305636481 20
1305636541 22
1305636601 22
1305636661 21
1305636721 20
1305636781 22
1305636842 22
1305636901 22
1305636961 22
1305637021 20
1305637081 22
1305637141 22
1305637201 23
1305637261 22
1305637321 23
1305637381 23
1305637442 23
1305637501 22
1305637561 21
1305637621 22
1305637681 20
1305637741 18
1305637801 19
1305637861 18
1305637921 20
1305637981 19
1305638041 17
1305638101 19
1305638161 18
1305638222 18
1305638281 19
1305638341 19
1305638401 17
1305638461 17
1305638521 16
1305638581 18
1305638641 19
1305638701 18
1305638761 19
1305638821 18
1305638881 18
1305638942 19
1305639001 19
1305639061 18
1305639121 18
1305639181 18
1305639241 18
1305639301 16
1305639361 18
1305639421 18
1305639481 18
1305639541 17
1305639601 17
1305639662 17
1305639721 15
1305639781 15
1305639841 15
1305639901 16
1305639961 15
1305640021 16
1305640081 16
1305640141 15
1305640201 16
1305640261 16
1305640321 16
1305640381 14
1305640442 15
1305640501 15
1305640561 17
1305640621 16
1305640681 16
1305640741 16
1305640801 16
1305640861 16
1305640921 16
1305640981 17
1305641041 15
1305641101 16
1305641161 14
1305641221 15
1305641281 15
1305641341 15
1305641401 14
1305641461 14
1305641521 14
1305641581 14
1305641641 17
1305641701 17
1305641761 16
1305641822 16
1305641881 17
1305641941 17
1305642001 17
1305642061 17
1305642121 17
1305642181 16
1305642241 16
1305642301 17
1305642361 17
1305642421 17
1305642481 17
1305642542 18
1305642601 18
1305642661 20
1305642721 19
1305642781 19
1305642841 17
1305642901 16
1305642961 18
1305643021 19
1305643081 20
1305643141 20
1305643201 21
1305643262 19
1305643321 18
1305643381 18
1305643441 18
1305643501 16
1305643561 13
1305643621 14
1305643681 15
1305643741 13
1305643801 14
1305643861 14
1305643921 17
1305643982 17
1305644041 18
1305644101 18
1305644161 18
1305644221 15
1305644281 16
1305644341 18
1305644401 17
1305644461 18
1305644521 16
1305644581 17
1305644641 15
1305644702 15
1305644761 16
1305644821 14
1305644881 13
1305644941 14
1305645001 16
1305645061 16
1305645121 17
1305645181 17
1305645241 18
1305645301 18
1305645361 18
1305645422 18
1305645481 17
1305645541 17
1305645601 15
1305645661 16
1305645721 15
1305645781 14
1305645841 14
1305645901 14
1305645961 13
1305646022 13
1305646082 12
1305646141 11
1305646201 12
1305646261 11
1305646321 14
1305646381 13
1305646441 14
1305646501 13
1305646561 13
1305646621 15
1305646681 14
1305646742 15
1305646801 15
1305646861 16
1305646921 15
1305646981 16
1305647041 16
1305647101 17
1305647161 17
1305647221 16
1305647281 15
1305647341 14
1305647401 14
1305647462 14
1305647521 14
1305647581 13
1305647641 15
1305647701 15
1305647761 15
1305647821 15
1305647881 15
1305647941 15
