1310486461 23
1310486521 23
1310486581 26
1310486641 24
1310486701 24
1310486761 22
1310486822 21
1310486881 22
1310486941 23
1310487001 24
1310487061 24
1310487121 23
1310487181 23
1310487241 25
1310487301 25
1310487361 25
1310487421 24
1310487481 21
1310487541 21
1310487601 20
1310487661 20
1310487721 19
1310487781 16
1310487842 17
1310487901 17
1310487961 16
1310488021 16
1310488081 15
1310488141 15
1310488201 18
1310488261 18
1310488321 18
1310488381 18
1310488442 15
1310488501 17
1310488561 17
1310488621 17
1310488681 17
1310488741 16
1310488801 15
1310488861 15
1310488921 16
1310488981 15
1310489041 14
1310489102 15
1310489161 14
1310489221 13
1310489281 13
1310489341 12
1310489401 13
1310489461 13
1310489521 13
1310489581 13
1310489642 14
1310489701 14
1310489761 12
1310489821 11
1310489881 12
1310489941 11
1310490001 10
1310490061 10
1310490121 10
1310490181 10
1310490241 10
1310490301 9
1310490361 11
1310490421 11
1310490481 10
1310490541 11
1310490601 11
1310490662 10
1310490721 10
1310490781 9
1310490841 9
1310490901 9
1310490961 9
1310491021 9
1310491081 8
1310491141 10
1310491201 9
1310491261 9
1310491321 8
1310491381 9
1310491441 8
1310491502 7
1310491561 9
1310491621 10
1310491681 10
1310491741 7
1310491801 10
1310491861 10
1310491921 10
1310491981 10
1310492041 9
1310492102 9
1310492161 9
1310492221 9
1310492281 10
1310492341 10
1310492401 7
1310492461 9
1310492521 9
1310492581 9
1310492641 9
1310492702 8
1310492761 8
1310492821 8
1310492881 8
1310492941 9
1310493001 9
1310493061 7
1310493121 8
1310493181 8
1310493241 8
1310493302 8
1310493361 5
1310493421 7
1310493481 7
1310493541 8
1310493601 7
1310493661 7
1310493721 6
1310493781 7
1310493841 7
1310493901 7
1310493962 7
1310494021 3
1310494081 6
1310494141 6
1310494201 7
1310494261 7
1310494321 7
1310494381 7
1310494441 7
1310494501 7
1310494561 7
1310494621 7
1310494682 5
1310494741 6
1310494801 6
1310494861 7
1310494921 7
1310494981 6
1310495041 7
1310495101 7
1310495161 7
1310495221 7
1310495281 6
1310495342 4
1310495401 7
1310495461 6
1310495521 7
1310495581 7
1310495641 6
1310495701 7
1310495761 7
1310495821 7
1310495882 7
1310495941 7
1310496001 4
1310496061 7
1310496121 6
1310496181 7
1310496241 7
1310496301 6
1310496361 7
1310496421 7
1310496482 6
1310496541 7
1310496601 6
1310496661 4
1310496721 7
1310496781 6
1310496841 7
1310496901 7
1310496961 7
1310497022 7
1310497081 7
1310497141 6
1310497201 7
1310497261 7
1310497321 3
1310497381 6
1310497441 6
1310497501 6
1310497562 6
1310497621 6
1310497681 6
1310497741 6
1310497801 5
1310497861 6
1310497921 6
1310497981 3
1310498041 6
1310498102 6
1310498161 5
1310498221 6
1310498281 6
1310498341 6
1310498401 6
1310498461 5
1310498521 6
1310498581 6
1310498641 2
1310498701 6
1310498762 6
1310498821 6
1310498881 6
1310498941 6
1310499001 6
1310499061 6
1310499121 6
1310499181 6
1310499241 6
1310499301 4
1310499361 5
1310499422 6
1310499481 6
1310499541 6
1310499601 6
1310499661 6
1310499721 5
1310499781 6
1310499841 6
1310499901 6
1310499961 5
1310500021 5
1310500082 6
1310500141 6
1310500201 6
1310500261 6
1310500321 6
1310500381 5
1310500441 6
1310500501 6
1310500561 5
1310500621 4
1310500681 5
1310500741 6
1310500802 6
1310500861 6
1310500921 6
1310500981 6
1310501041 5
1310501101 6
1310501161 6
1310501221 5
1310501281 4
1310501341 5
1310501401 5
1310501461 5
1310501521 5
1310501581 5
1310501641 5
1310501701 4
1310501761 4
1310501821 5
1310501881 4
1310501941 3
1310502001 5
1310502062 5
1310502121 5
1310502181 5
1310502241 5
1310502301 5
1310502361 4
1310502421 4
1310502481 5
1310502541 4
1310502601 3
1310502661 5
1310502721 5
1310502782 5
1310502841 5
1310502901 5
1310502961 5
1310503021 4
1310503081 4
1310503141 5
1310503201 4
1310503261 5
1310503321 4
1310503382 5
1310503441 5
1310503501 5
1310503561 5
1310503621 5
1310503681 4
1310503741 4
1310503801 5
1310503861 4
1310503921 4
1310503981 4
1310504042 5
1310504101 5
1310504161 5
1310504221 5
1310504281 5
1310504341 4
1310504401 6
1310504461 6
1310504521 5
1310504581 5
1310504642 5
1310504702 6
1310504761 6
1310504821 6
1310504881 6
1310504941 6
1310505001 4
1310505061 5
1310505121 5
1310505181 4
1310505241 4
1310505302 4
1310505361 5
1310505421 5
1310505481 5
1310505541 5
1310505601 4
1310505661 5
1310505721 4
1310505781 5
1310505841 4
1310505902 4
1310505961 4
1310506021 5
1310506081 5
1310506141 6
1310506201 6
1310506261 5
1310506321 6
1310506381 6
1310506442 6
1310506501 5
1310506561 5
1310506621 5
1310506681 6
1310506741 5
1310506801 5
1310506861 5
1310506921 4
1310506981 4
1310507042 5
1310507101 5
1310507161 4
1310507221 4
1310507281 4
1310507341 5
1310507401 5
1310507461 5
1310507521 5
1310507581 4
1310507642 5
1310507701 5
1310507761 5
1310507821 4
1310507881 4
1310507941 4
1310508001 5
1310508061 5
1310508121 5
1310508181 5
1310508241 4
1310508301 5
1310508362 5
1310508421 5
1310508481 4
1310508541 5
1310508601 4
1310508661 5
1310508721 5
1310508781 5
1310508841 5
1310508901 4
1310508961 5
1310509021 5
1310509081 5
1310509142 3
1310509201 5
1310509261 4
1310509321 5
1310509381 5
1310509441 5
1310509501 5
1310509561 4
1310509621 4
1310509681 4
1310509741 4
1310509802 3
1310509861 3
1310509921 3
1310509981 4
1310510041 4
1310510101 5
1310510161 5
1310510221 5
1310510281 6
1310510341 6
1310510402 6
1310510461 5
1310510521 5
1310510581 5
1310510641 6
1310510701 4
1310510761 5
1310510821 5
1310510881 4
1310510942 5
1310511002 5
1310511061 5
1310511121 4
1310511181 4
1310511241 4
1310511301 5
1310511361 5
1310511421 4
1310511481 4
1310511540 3
1310511601 4
1310511661 4
1310511721 4
1310511782 3
1310511841 3
1310511901 3
1310511961 4
1310512021 4
1310512081 4
1310512141 4
1310512201 3
1310512261 5
1310512322 5
1310512381 5
1310512441 4
1310512501 4
1310512561 4
1310512621 5
1310512681 5
1310512741 5
1310512801 5
1310512861 4
1310512921 6
1310512981 6
1310513041 6
1310513101 5
1310513161 5
1310513221 5
1310513281 6
1310513341 6
1310513402 6
1310513461 5
1310513521 3
1310513581 4
1310513641 5
1310513701 5
1310513761 4
1310513821 5
1310513881 6
1310513942 7
1310514001 8
1310514061 8
1310514121 8
1310514181 7
1310514241 7
1310514301 7
1310514361 8
1310514421 7
1310514482 7
1310514541 7
1310514601 7
1310514661 7
1310514721 8
1310514781 8
1310514841 7
1310514901 8
1310514961 8
1310515022 9
1310515081 8
1310515141 10
1310515201 10
1310515261 11
1310515321 10
1310515381 10
1310515441 10
1310515501 10
1310515562 11
1310515621 12
1310515681 11
1310515741 9
1310515801 12
1310515861 12
1310515921 14
1310515981 15
1310516041 17
1310516102 17
1310516161 18
1310516221 17
1310516281 22
1310516341 21
1310516401 20
1310516462 21
1310516521 19
1310516581 20
1310516641 19
1310516701 21
1310516761 21
1310516821 22
1310516881 22
1310516941 21
1310517002 25
1310517061 26
1310517121 26
1310517181 27
1310517241 26
1310517301 25
1310517361 23
1310517421 25
1310517481 24
1310517542 30
1310517601 26
1310517661 26
1310517721 26
1310517781 25
1310517841 29
1310517901 34
1310517961 34
1310518021 32
1310518081 34
1310518142 36
1310518201 39
1310518261 40
1310518321 40
1310518381 39
1310518441 40
1310518501 38
1310518561 42
1310518621 44
1310518682 43
1310518741 41
1310518801 46
1310518861 43
1310518921 45
1310518981 46
1310519041 47
1310519101 50
1310519161 47
1310519221 48
1310519281 47
1310519341 47
1310519401 45
1310519461 47
1310519521 45
1310519581 48
1310519641 48
1310519701 50
1310519762 52
1310519821 53
1310519881 53
1310519941 55
1310520001 54
1310520061 57
1310520121 58
1310520181 61
1310520241 60
1310520301 59
1310520361 63
1310520421 65
1310520481 66
1310520541 67
1310520601 67
1310520661 66
1310520722 68
1310520781 62
1310520841 64
1310520901 63
1310520961 63
1310521021 60
1310521081 61
1310521141 58
1310521201 61
1310521261 62
1310521322 64
1310521381 67
1310521441 67
1310521501 69
1310521561 68
1310521621 67
1310521681 67
1310521741 69
1310521801 70
1310521861 72
1310521922 73
1310521981 76
1310522041 77
1310522101 76
1310522161 76
1310522221 80
1310522281 78
1310522342 77
1310522401 78
1310522461 80
1310522521 75
1310522581 76
1310522641 79
1310522701 76
1310522762 80
1310522821 79
1310522881 76
1310522941 76
1310523001 74
1310523061 69
1310523121 73
1310523181 77
1310523241 71
1310523302 72
1310523361 76
1310523421 74
1310523481 75
1310523541 75
1310523601 76
1310523661 79
1310523721 78
1310523782 76
1310523841 78
1310523901 77
1310523961 76
1310524021 77
1310524081 78
1310524141 81
1310524201 82
1310524261 80
1310524322 83
1310524381 82
1310524441 83
1310524501 85
1310524561 82
1310524621 83
1310524681 84
1310524741 81
1310524801 83
1310524861 87
1310524922 83
1310524981 86
1310525041 84
1310525101 81
1310525161 81
1310525221 78
1310525281 78
1310525341 77
1310525402 74
1310525462 78
1310525521 79
1310525581 81
1310525641 85
1310525701 84
1310525761 81
1310525821 80
1310525881 81
1310525942 82
1310526001 82
1310526061 80
1310526121 82
1310526181 77
1310526241 77
1310526301 78
1310526361 75
1310526421 74
1310526482 76
1310526541 76
1310526601 76
1310526661 74
1310526721 76
1310526781 78
1310526841 75
1310526902 74
1310526961 78
1310527021 79
1310527081 78
1310527141 80
1310527201 81
1310527261 83
1310527321 84
1310527381 84
1310527442 81
1310527502 84
1310527561 82
1310527621 83
1310527681 85
1310527741 80
1310527801 84
1310527861 82
1310527921 79
1310527981 80
1310528041 82
1310528101 82
1310528161 82
1310528221 81
1310528281 85
1310528341 83
1310528401 82
1310528462 80
1310528522 81
1310528581 79
1310528641 76
1310528701 78
1310528761 78
1310528821 82
1310528881 75
1310528941 76
1310529002 73
1310529062 73
1310529121 71
1310529181 71
1310529241 72
1310529301 70
1310529361 69
1310529421 66
1310529481 68
1310529541 67
1310529602 65
1310529661 66
1310529721 68
1310529781 65
1310529841 63
1310529901 61
1310529961 60
1310530021 59
1310530081 54
1310530142 55
1310530201 54
1310530261 50
1310530321 49
1310530381 50
1310530441 53
1310530501 53
1310530561 53
1310530621 52
1310530682 55
1310530742 54
1310530801 54
1310530861 56
1310530921 53
1310530981 56
1310531041 58
1310531101 56
1310531161 60
1310531222 62
1310531281 62
1310531341 62
1310531401 63
1310531461 60
1310531521 63
1310531581 59
1310531641 61
1310531701 63
1310531761 59
1310531821 60
1310531881 60
1310531941 64
1310532001 63
1310532061 64
1310532121 61
1310532181 62
1310532241 62
1310532302 63
1310532361 62
1310532421 62
1310532481 62
1310532541 62
1310532601 63
1310532661 62
1310532721 58
1310532781 63
1310532841 60
1310532902 63
1310532961 65
1310533021 64
1310533081 67
1310533141 66
1310533201 66
1310533261 66
1310533321 66
1310533381 63
1310533442 65
1310533501 65
1310533561 66
1310533621 65
1310533681 62
1310533741 63
1310533801 62
1310533861 63
1310533921 66
1310533981 63
1310534042 64
1310534101 61
1310534161 65
1310534221 64
1310534281 65
1310534341 66
1310534401 71
1310534461 71
1310534521 70
1310534581 70
1310534642 66
1310534701 69
1310534761 67
1310534821 69
1310534881 69
1310534941 69
1310535001 65
1310535061 66
1310535122 67
1310535181 70
1310535241 70
1310535301 72
1310535361 73
1310535421 72
1310535481 74
1310535541 73
1310535601 75
1310535661 74
1310535721 75
1310535781 73
1310535841 75
1310535901 76
1310535961 73
1310536021 73
1310536082 76
1310536141 78
1310536201 76
1310536261 79
1310536321 78
1310536381 78
1310536441 77
1310536501 74
1310536561 75
1310536622 76
1310536681 77
1310536741 76
1310536801 80
1310536861 78
1310536921 74
1310536981 77
1310537041 76
1310537102 79
1310537161 79
1310537221 78
1310537281 77
1310537341 79
1310537401 77
1310537461 76
1310537521 81
1310537581 78
1310537641 80
1310537701 81
1310537761 82
1310537821 84
1310537881 83
1310537941 83
1310538001 81
1310538061 82
1310538121 82
1310538182 82
1310538241 81
1310538301 83
1310538361 83
1310538421 80
1310538481 79
1310538541 85
1310538601 87
1310538661 87
1310538722 87
1310538781 87
1310538841 86
1310538901 88
1310538961 86
1310539021 87
1310539081 86
1310539141 87
1310539202 87
1310539261 89
1310539321 86
1310539381 87
1310539441 90
1310539501 86
1310539561 90
1310539621 89
1310539681 88
1310539741 84
1310539802 86
1310539861 86
1310539921 89
1310539981 88
1310540041 85
1310540101 83
1310540161 86
1310540221 83
1310540282 85
1310540341 81
1310540401 81
1310540461 80
1310540521 79
1310540581 75
1310540641 77
1310540701 74
1310540761 73
1310540822 75
1310540881 77
1310540941 77
1310541001 77
1310541061 81
1310541121 79
1310541182 82
1310541241 80
1310541301 81
1310541361 80
1310541421 83
1310541481 80
1310541541 79
1310541601 83
1310541661 81
1310541721 82
1310541782 79
1310541841 78
1310541901 76
1310541961 76
1310542021 74
1310542081 74
1310542141 74
1310542201 73
1310542262 71
1310542321 72
1310542381 76
1310542441 77
1310542501 77
1310542561 75
1310542621 75
1310542681 77
1310542742 76
1310542801 76
1310542861 75
1310542921 75
1310542981 73
1310543041 74
1310543101 74
1310543161 71
1310543221 70
1310543281 71
1310543341 74
1310543401 76
1310543461 76
1310543521 74
1310543581 76
1310543641 74
1310543701 74
1310543761 73
1310543821 75
1310543881 71
1310543942 71
1310544001 68
1310544061 70
1310544121 72
1310544181 72
1310544241 70
1310544301 68
1310544361 70
1310544421 68
1310544482 68
1310544541 68
1310544601 66
1310544661 65
1310544721 63
1310544781 64
1310544841 67
1310544901 67
1310544961 65
1310545021 62
1310545082 61
1310545141 63
1310545201 62
1310545261 61
1310545321 59
1310545381 59
1310545441 60
1310545501 61
1310545561 60
1310545622 63
1310545681 63
1310545741 59
1310545801 61
1310545861 60
1310545921 61
1310545981 61
1310546041 58
1310546101 60
1310546161 61
1310546221 59
1310546282 60
1310546341 61
1310546401 59
1310546461 62
1310546521 61
1310546581 58
1310546641 56
1310546701 55
1310546761 55
1310546821 54
1310546882 51
1310546941 50
1310547001 49
1310547061 49
1310547121 51
1310547181 52
1310547241 51
1310547301 50
1310547361 49
1310547422 53
1310547482 52
1310547541 51
1310547601 46
1310547661 48
1310547721 47
1310547781 50
1310547841 49
1310547901 50
1310547961 50
1310548022 49
1310548081 51
1310548141 50
1310548201 54
1310548261 57
1310548321 55
1310548381 56
1310548441 58
1310548501 56
1310548561 57
1310548622 55
1310548681 55
1310548741 55
1310548801 52
1310548861 52
1310548921 55
1310548981 51
1310549041 51
1310549101 52
1310549162 49
1310549221 52
1310549281 50
1310549341 52
1310549401 54
1310549461 51
1310549521 48
1310549581 52
1310549641 49
1310549702 52
1310549761 52
1310549821 53
1310549881 53
1310549941 52
1310550001 50
1310550061 51
1310550121 49
1310550181 47
1310550241 51
1310550302 50
1310550361 49
1310550421 49
1310550481 48
1310550541 45
1310550601 46
1310550661 46
1310550721 43
1310550781 45
1310550841 45
1310550902 47
1310550962 46
1310551021 44
1310551081 46
1310551141 46
1310551201 43
1310551261 43
1310551321 45
1310551381 42
1310551441 46
1310551501 44
1310551561 45
1310551621 44
1310551681 44
1310551741 46
1310551801 47
1310551861 44
1310551921 48
1310551981 49
1310552041 47
1310552101 47
1310552161 49
1310552221 47
1310552281 47
1310552341 47
1310552401 47
1310552461 46
1310552521 45
1310552581 45
1310552641 43
1310552702 45
1310552761 44
1310552821 45
1310552881 45
1310552941 45
1310553001 45
1310553061 46
1310553121 46
1310553181 45
1310553241 43
1310553302 43
1310553361 44
1310553421 44
1310553481 45
1310553541 44
1310553601 44
1310553661 44
1310553721 45
1310553781 45
1310553841 42
1310553902 41
1310553961 42
1310554021 42
1310554081 43
1310554141 43
1310554201 42
1310554261 41
1310554321 40
1310554381 40
1310554441 41
1310554501 41
1310554562 41
1310554621 42
1310554681 41
1310554741 43
1310554801 43
1310554861 43
1310554921 41
1310554981 42
1310555041 40
1310555101 42
1310555162 40
1310555221 40
1310555281 42
1310555341 44
1310555401 43
1310555461 44
1310555521 46
1310555581 45
1310555641 44
1310555701 43
1310555762 43
1310555821 42
1310555881 39
1310555941 40
1310556001 40
1310556061 39
1310556121 40
1310556181 39
1310556241 38
1310556302 40
1310556361 39
1310556421 41
1310556481 40
1310556541 39
1310556601 41
1310556661 42
1310556721 43
1310556781 45
1310556841 46
1310556902 42
1310556961 44
1310557021 45
1310557081 45
1310557141 46
1310557201 44
1310557261 45
1310557321 43
1310557381 44
1310557441 44
1310557502 45
1310557561 44
1310557621 42
1310557681 44
1310557741 42
1310557801 42
1310557861 41
1310557921 41
1310557981 39
1310558041 39
1310558102 35
1310558161 36
1310558221 35
1310558281 38
1310558341 39
1310558401 40
1310558461 42
1310558521 39
1310558581 43
1310558641 42
1310558701 45
1310558761 44
1310558821 43
1310558881 41
1310558941 42
1310559001 43
1310559061 42
1310559122 41
1310559181 40
1310559241 43
1310559301 42
1310559361 44
1310559421 42
1310559481 43
1310559541 44
1310559601 44
1310559661 42
1310559722 45
1310559781 44
1310559841 45
1310559901 43
1310559961 45
1310560021 46
1310560081 43
1310560141 45
1310560201 43
1310560262 47
1310560321 46
1310560381 47
1310560441 45
1310560501 45
1310560561 49
1310560621 50
1310560681 52
1310560741 48
1310560802 50
1310560861 51
1310560921 51
1310560981 50
1310561041 47
1310561101 52
1310561161 49
1310561221 53
1310561281 52
1310561342 52
1310561401 52
1310561461 50
1310561521 53
1310561581 55
1310561641 56
1310561701 51
1310561761 55
1310561821 57
1310561881 58
1310561941 58
1310562002 56
1310562061 57
1310562121 57
1310562181 55
1310562241 55
1310562301 56
1310562361 49
1310562421 52
1310562481 50
1310562542 50
1310562601 53
1310562661 52
1310562721 53
1310562781 54
1310562841 54
1310562901 54
1310562961 53
1310563021 50
1310563081 53
1310563142 52
1310563201 53
1310563261 49
1310563321 52
1310563381 51
1310563441 53
1310563501 52
1310563561 52
1310563621 50
1310563682 52
1310563741 54
1310563801 54
1310563861 55
1310563921 55
1310563981 55
1310564041 55
1310564101 57
1310564161 56
1310564222 56
1310564282 55
1310564341 58
1310564401 57
1310564461 56
1310564521 56
1310564581 55
1310564641 56
1310564701 56
1310564761 56
1310564822 58
1310564881 56
1310564941 55
1310565001 57
1310565061 58
1310565121 55
1310565181 54
1310565241 55
1310565301 53
1310565362 52
1310565421 54
1310565481 55
1310565541 53
1310565601 55
1310565661 55
1310565721 56
1310565781 56
1310565841 55
1310565902 57
1310565961 55
1310566021 56
1310566081 54
1310566141 53
1310566201 52
1310566261 55
1310566321 56
1310566382 55
1310566442 56
1310566501 56
1310566561 55
1310566621 53
1310566681 52
1310566741 55
1310566801 54
1310566861 51
1310566921 53
1310566982 50
1310567041 52
1310567101 54
1310567161 54
1310567221 57
1310567281 57
1310567341 55
1310567401 56
1310567462 54
1310567521 51
1310567581 51
1310567641 51
1310567701 50
1310567761 51
1310567821 48
1310567881 47
1310567941 44
1310568001 44
1310568062 45
1310568121 44
1310568181 43
1310568241 40
1310568301 42
1310568361 45
1310568421 44
1310568481 43
1310568541 46
1310568602 43
1310568661 47
1310568721 48
1310568781 49
1310568841 48
1310568901 47
1310568961 44
1310569021 45
1310569081 44
1310569142 43
1310569201 42
1310569261 41
1310569321 41
1310569381 40
1310569441 41
1310569501 40
1310569561 41
1310569621 38
1310569681 40
1310569742 38
1310569801 41
1310569861 41
1310569921 40
1310569981 43
1310570041 41
1310570101 41
1310570161 42
1310570221 41
1310570281 41
1310570342 38
1310570401 35
1310570461 39
1310570521 38
1310570581 37
1310570641 38
1310570701 37
1310570761 34
1310570821 36
1310570881 34
1310570942 34
1310571001 32
1310571061 29
1310571121 30
1310571181 33
1310571241 34
1310571301 35
1310571361 35
1310571421 33
1310571482 34
1310571541 34
1310571601 33
1310571661 32
1310571721 33
1310571781 31
1310571841 30
1310571901 30
1310571961 30
1310572021 30
1310572082 27
1310572141 29
1310572201 27
1310572261 23
1310572321 22
1310572381 25
1310572441 25
1310572501 24
1310572561 24
1310572621 25
1310572682 25
1310572741 24
1310572801 26
