1307376001 5
1307376061 6
1307376121 6
1307376181 6
1307376241 6
1307376301 6
1307376361 5
1307376421 4
1307376481 5
1307376542 4
1307376601 4
1307376661 3
1307376721 3
1307376781 3
1307376841 3
1307376901 2
1307376961 3
1307377021 3
1307377081 2
1307377141 3
1307377201 3
1307377262 3
1307377321 3
1307377381 3
1307377441 3
1307377501 3
1307377561 2
1307377621 4
1307377681 4
1307377741 4
1307377801 4
1307377861 4
1307377921 4
1307377982 4
1307378041 4
1307378101 4
1307378161 4
1307378221 3
1307378281 3
1307378341 3
1307378401 4
1307378461 4
1307378521 4
1307378581 4
1307378641 4
1307378702 4
1307378761 4
1307378821 3
1307378881 3
1307378941 3
1307379001 2
1307379061 3
1307379121 2
1307379181 3
1307379241 3
1307379301 3
1307379361 3
1307379422 4
1307379481 4
1307379541 4
1307379601 3
1307379661 3
1307379721 4
1307379781 3
1307379841 4
1307379901 4
1307379961 4
1307380021 3
1307380081 3
1307380142 3
1307380201 3
1307380261 2
1307380321 3
1307380381 2
1307380441 2
1307380501 3
1307380561 3
1307380621 3
1307380681 3
1307380741 3
1307380801 3
1307380861 3
1307380921 2
1307380981 3
1307381041 2
1307381101 2
1307381161 3
1307381221 3
1307381282 3
1307381341 3
1307381401 3
1307381461 3
1307381521 3
1307381581 3
1307381641 2
1307381701 2
1307381761 2
1307381821 3
1307381881 3
1307381941 3
1307382002 3
1307382061 3
1307382121 3
1307382181 3
1307382241 3
1307382301 3
1307382361 2
1307382421 3
1307382481 2
1307382541 3
1307382601 3
1307382661 3
1307382722 3
1307382781 3
1307382841 3
1307382901 3
1307382961 2
1307383021 1
1307383081 2
1307383141 1
1307383201 2
1307383261 2
1307383321 2
1307383381 2
1307383441 2
1307383502 2
1307383561 2
1307383621 2
1307383681 1
1307383741 2
1307383801 1
1307383861 2
1307383921 2
1307383981 2
1307384041 2
1307384101 2
1307384161 2
1307384221 2
1307384282 2
1307384341 1
1307384401 2
1307384461 1
1307384521 2
1307384581 2
1307384641 2
1307384701 2
1307384761 2
1307384821 2
1307384881 2
1307384942 2
1307385001 1
1307385061 2
1307385121 1
1307385181 2
1307385241 2
1307385301 2
1307385361 2
1307385421 2
1307385481 2
1307385541 2
1307385601 2
1307385661 1
1307385721 2
1307385781 1
1307385841 2
1307385901 2
1307385961 2
1307386021 2
1307386081 2
1307386141 2
1307386201 2
1307386261 2
1307386322 2
1307386381 2
1307386441 2
1307386501 1
1307386561 2
1307386621 2
1307386681 2
1307386741 2
1307386801 2
1307386861 2
1307386921 2
1307386981 1
1307387042 2
1307387101 2
1307387161 2
1307387221 2
1307387281 2
1307387341 2
1307387401 2
1307387461 2
1307387521 2
1307387581 2
1307387641 1
1307387701 2
1307387762 2
1307387822 2
1307387881 2
1307387941 2
1307388001 2
1307388061 2
1307388121 2
1307388181 2
1307388241 2
1307388301 1
1307388361 1
1307388421 2
1307388481 2
1307388542 2
1307388601 2
1307388661 2
1307388721 2
1307388781 2
1307388841 2
1307388901 2
1307388961 1
1307389021 3
1307389081 3
1307389141 3
1307389201 3
1307389262 3
1307389321 3
1307389381 3
1307389441 3
1307389501 3
1307389561 3
1307389621 0
1307389681 2
1307389741 2
1307389801 2
1307389861 2
1307389921 2
1307389982 2
1307390041 2
1307390101 2
1307390161 2
1307390221 2
1307390281 1
1307390341 1
1307390401 1
1307390461 1
1307390522 1
1307390581 1
1307390641 1
1307390701 1
1307390761 1
1307390821 1
1307390881 1
1307390941 0
1307391001 1
1307391061 1
1307391122 1
1307391181 1
1307391241 1
1307391301 1
1307391361 1
1307391421 1
1307391481 1
1307391541 1
1307391601 0
1307391662 1
1307391721 1
1307391781 1
1307391841 1
1307391901 1
1307391961 1
1307392021 1
1307392081 1
1307392141 1
1307392202 1
1307392261 1
1307392321 0
1307392381 1
1307392441 1
1307392501 1
1307392561 1
1307392621 1
1307392681 1
1307392742 1
1307392801 1
1307392861 1
1307392921 1
1307392981 0
1307393041 1
1307393101 1
1307393161 1
1307393221 1
1307393282 1
1307393341 1
1307393401 1
1307393461 1
1307393521 1
1307393581 1
1307393641 0
1307393701 1
1307393761 1
1307393821 1
1307393882 1
1307393941 1
1307394001 1
1307394061 1
1307394121 1
1307394181 1
1307394241 1
1307394301 0
1307394361 1
1307394422 1
1307394481 1
1307394541 1
1307394601 1
1307394661 1
1307394721 1
1307394781 1
1307394841 1
1307394901 1
1307394961 0
1307395021 1
1307395081 1
1307395141 1
1307395201 1
1307395261 1
1307395321 1
1307395381 1
1307395441 1
1307395501 1
1307395562 1
1307395621 0
1307395681 1
1307395741 1
1307395801 1
1307395861 1
1307395921 1
1307395981 1
1307396041 1
1307396102 1
1307396161 1
1307396221 1
1307396281 1
1307396341 0
1307396401 1
1307396461 1
1307396521 1
1307396581 1
1307396641 1
1307396702 2
1307396761 2
1307396821 2
1307396881 2
1307396941 2
1307397001 2
1307397061 3
1307397121 3
1307397181 3
1307397241 3
1307397302 3
1307397362 3
1307397421 3
1307397481 3
1307397541 3
1307397601 3
1307397661 2
1307397721 3
1307397781 3
1307397841 3
1307397901 3
1307397961 2
1307398021 3
1307398081 3
1307398141 3
1307398202 3
1307398261 2
1307398321 2
1307398381 3
1307398441 3
1307398501 3
1307398561 3
1307398621 3
1307398681 3
1307398741 3
1307398801 3
1307398862 3
1307398921 3
1307398981 2
1307399041 3
1307399101 3
1307399161 3
1307399221 2
1307399281 3
1307399341 3
1307399401 3
1307399461 3
1307399521 3
1307399581 3
1307399641 2
1307399701 2
1307399761 2
1307399822 2
1307399881 1
1307399941 2
1307400001 2
1307400061 2
1307400121 2
1307400181 1
1307400241 2
1307400301 2
1307400361 2
1307400421 2
1307400481 2
1307400541 2
1307400602 2
1307400661 2
1307400721 2
1307400781 2
1307400841 2
1307400901 2
1307400961 2
1307401021 2
1307401081 2
1307401141 2
1307401201 2
1307401261 2
1307401321 2
1307401382 2
1307401441 2
1307401501 2
1307401561 3
1307401621 4
1307401681 5
1307401741 5
1307401801 5
1307401861 5
1307401921 5
1307401982 5
1307402042 5
1307402101 5
1307402161 5
1307402221 5
1307402281 4
1307402341 5
1307402401 5
1307402461 5
1307402521 3
1307402581 5
1307402641 5
1307402702 5
1307402761 4
1307402821 4
1307402881 5
1307402941 6
1307403001 7
1307403061 7
1307403121 7
1307403181 6
1307403241 6
1307403301 8
1307403361 8
1307403421 7
1307403481 7
1307403541 8
1307403601 7
1307403661 8
1307403721 9
1307403781 10
1307403841 9
1307403901 8
1307403961 10
1307404021 10
1307404082 10
1307404141 8
1307404201 10
1307404261 9
1307404321 10
1307404381 11
1307404441 12
1307404501 12
1307404561 11
1307404621 12
1307404681 12
1307404741 11
1307404802 12
1307404861 12
1307404921 11
1307404981 10
1307405041 11
1307405101 10
1307405161 12
1307405221 11
1307405281 13
1307405341 14
1307405401 13
1307405461 13
1307405522 12
1307405581 12
1307405641 10
1307405701 12
1307405761 11
1307405821 12
1307405881 10
1307405941 11
1307406001 12
1307406061 12
1307406121 13
1307406182 13
1307406241 14
1307406301 13
1307406361 14
1307406421 13
1307406481 12
1307406541 11
1307406601 14
1307406661 14
1307406721 14
1307406781 14
1307406842 14
1307406901 15
1307406961 14
1307407021 16
1307407081 15
1307407141 14
1307407201 11
1307407261 13
1307407321 14
1307407381 14
1307407441 16
1307407502 14
1307407561 15
1307407621 13
1307407681 16
1307407741 17
1307407801 17
1307407861 15
1307407921 18
1307407981 17
1307408041 15
1307408101 15
1307408161 14
1307408222 16
1307408281 15
1307408341 15
1307408401 16
1307408461 16
1307408521 14
1307408581 15
1307408641 15
1307408701 15
1307408761 15
1307408821 16
1307408881 15
1307408942 16
1307409001 18
1307409061 19
1307409121 21
1307409181 22
1307409241 26
1307409301 26
1307409361 26
1307409421 27
1307409481 27
1307409541 26
1307409602 24
1307409661 23
1307409721 22
1307409781 23
1307409841 21
1307409901 20
1307409961 20
1307410021 19
1307410081 22
1307410141 22
1307410201 22
1307410262 20
1307410321 22
1307410381 23
1307410441 23
1307410501 25
1307410561 24
1307410621 25
1307410681 23
1307410741 20
1307410801 21
1307410861 21
1307410922 20
1307410981 21
1307411041 22
1307411101 24
1307411161 25
1307411221 26
1307411281 27
1307411341 28
1307411401 27
1307411461 28
1307411521 27
1307411581 28
1307411642 29
1307411701 27
1307411761 28
1307411821 26
1307411881 26
1307411941 28
1307412001 28
1307412061 27
1307412121 28
1307412181 27
1307412241 31
1307412301 31
1307412362 30
1307412421 30
1307412481 29
1307412541 30
1307412601 30
1307412661 32
1307412721 33
1307412781 30
1307412841 31
1307412901 32
1307412961 34
1307413021 34
1307413082 34
1307413141 31
1307413201 32
1307413261 31
1307413321 31
1307413381 30
1307413441 28
1307413501 30
1307413561 30
1307413621 31
1307413681 32
1307413741 32
1307413802 32
1307413861 31
1307413921 29
1307413981 30
1307414041 33
1307414101 34
1307414161 33
1307414221 36
1307414281 34
1307414341 36
1307414401 36
1307414461 37
1307414522 37
1307414581 37
1307414641 31
1307414701 35
1307414761 33
1307414821 33
1307414881 34
1307414941 34
1307415001 35
1307415061 35
1307415121 35
1307415181 33
1307415242 35
1307415301 32
1307415361 35
1307415421 40
1307415481 40
1307415541 40
1307415601 41
1307415661 42
1307415721 42
1307415781 43
1307415841 41
1307415901 42
1307415962 43
1307416021 37
1307416081 43
1307416141 44
1307416201 47
1307416261 47
1307416321 47
1307416381 47
1307416441 47
1307416501 45
1307416561 46
1307416621 46
1307416682 43
1307416741 41
1307416801 39
1307416861 39
1307416921 38
1307416981 39
1307417041 40
1307417101 41
1307417161 43
1307417221 40
1307417281 37
1307417341 38
1307417402 38
1307417461 39
1307417521 40
1307417581 40
1307417641 37
1307417701 40
1307417761 40
1307417821 40
1307417881 39
1307417941 38
1307418001 38
1307418061 36
1307418122 37
1307418182 36
1307418241 39
1307418301 37
1307418361 35
1307418421 38
1307418481 38
1307418541 38
1307418601 37
1307418661 39
1307418721 40
1307418781 41
1307418841 40
1307418901 39
1307418961 39
1307419021 38
1307419081 39
1307419141 38
1307419201 38
1307419261 38
1307419321 39
1307419381 38
1307419441 38
1307419502 36
1307419561 35
1307419621 37
1307419681 37
1307419741 36
1307419801 34
1307419861 33
1307419921 34
1307419981 31
1307420041 32
1307420101 32
1307420162 33
1307420222 35
1307420281 36
1307420341 38
1307420401 38
1307420461 40
1307420521 41
1307420581 43
1307420641 42
1307420701 41
1307420761 41
1307420821 41
1307420881 41
1307420942 39
1307421001 40
1307421061 41
1307421121 40
1307421181 40
1307421241 41
1307421301 40
1307421361 41
1307421421 37
1307421481 36
1307421541 39
1307421602 38
1307421661 38
1307421721 38
1307421781 39
1307421841 38
1307421901 38
1307421961 36
1307422021 39
1307422081 39
1307422141 40
1307422201 41
1307422261 40
1307422322 42
1307422381 43
1307422441 41
1307422501 42
1307422561 41
1307422621 41
1307422681 43
1307422741 42
1307422801 43
1307422861 43
1307422922 41
1307422981 40
1307423041 41
1307423101 41
1307423161 40
1307423221 40
1307423281 42
1307423341 42
1307423401 42
1307423461 43
1307423521 41
1307423581 43
1307423642 42
1307423701 44
1307423761 46
1307423821 44
1307423881 45
1307423941 46
1307424001 46
1307424061 46
1307424121 45
1307424181 44
1307424241 43
1307424301 43
1307424362 41
1307424421 42
1307424481 42
1307424541 43
1307424601 42
1307424661 44
1307424721 44
1307424781 44
1307424841 43
1307424901 44
1307424961 42
1307425021 42
1307425082 41
1307425141 41
1307425201 40
1307425261 39
1307425321 41
1307425381 42
1307425441 44
1307425501 43
1307425561 45
1307425621 40
1307425681 42
1307425741 41
1307425802 43
1307425861 42
1307425921 41
1307425981 41
1307426041 41
1307426101 42
1307426161 42
1307426221 41
1307426281 40
1307426341 40
1307426401 41
1307426461 43
1307426522 42
1307426581 42
1307426641 44
1307426701 43
1307426761 45
1307426821 45
1307426881 42
1307426941 44
1307427001 44
1307427061 44
1307427121 46
1307427182 45
1307427241 41
1307427301 43
1307427361 41
1307427421 43
1307427481 43
1307427541 46
1307427601 46
1307427661 46
1307427721 47
1307427781 47
1307427841 48
1307427902 48
1307427961 50
1307428021 52
1307428081 52
1307428141 50
1307428201 51
1307428261 49
1307428321 50
1307428381 49
1307428441 49
1307428501 52
1307428561 49
1307428622 50
1307428681 51
1307428741 50
1307428801 53
1307428861 55
1307428921 51
1307428981 51
1307429041 50
1307429101 47
1307429161 49
1307429222 48
1307429281 49
1307429341 46
1307429401 45
1307429461 47
1307429521 47
1307429581 45
1307429641 47
1307429701 45
1307429761 45
1307429821 45
1307429881 45
1307429942 42
1307430001 41
1307430061 44
1307430121 43
1307430181 45
1307430241 45
1307430301 45
1307430361 45
1307430421 46
1307430481 46
1307430542 46
1307430601 43
1307430661 45
1307430721 44
1307430781 44
1307430841 43
1307430901 43
1307430961 42
1307431021 43
1307431081 42
1307431141 45
1307431201 44
1307431262 43
1307431321 44
1307431381 45
1307431441 46
1307431501 47
1307431561 49
1307431621 47
1307431681 48
1307431741 47
1307431801 46
1307431861 47
1307431922 48
1307431981 47
1307432041 48
1307432101 48
1307432161 48
1307432221 47
1307432281 47
1307432341 48
1307432401 46
1307432461 44
1307432521 49
1307432581 50
1307432642 49
1307432701 49
1307432761 46
1307432821 50
1307432881 50
1307432941 51
1307433001 52
1307433061 52
1307433121 53
1307433181 52
1307433242 51
1307433301 51
1307433361 51
1307433421 51
1307433481 50
1307433541 47
1307433601 48
1307433661 45
1307433721 44
1307433781 44
1307433842 42
1307433902 42
1307433961 41
1307434021 40
1307434081 41
1307434141 40
1307434201 37
1307434261 36
1307434321 34
1307434381 34
1307434441 33
1307434501 34
1307434562 35
1307434621 31
1307434681 33
1307434741 37
1307434801 37
1307434861 36
1307434921 35
1307434981 33
1307435041 35
1307435101 36
1307435161 36
1307435222 35
1307435282 34
1307435341 30
1307435401 30
1307435461 31
1307435521 29
1307435581 28
1307435641 29
1307435701 26
1307435761 25
1307435821 26
1307435882 25
1307435941 25
1307436001 24
1307436061 24
1307436121 25
1307436181 24
1307436241 23
1307436301 23
1307436361 23
1307436421 24
1307436481 22
1307436541 24
1307436602 21
1307436661 22
1307436721 21
1307436781 24
1307436841 22
1307436901 23
1307436961 23
1307437021 22
1307437081 24
1307437141 25
1307437201 27
1307437262 25
1307437321 24
1307437381 24
1307437441 27
1307437501 25
1307437561 28
1307437621 27
1307437681 29
1307437741 27
1307437801 28
1307437861 29
1307437921 28
1307437982 26
1307438041 25
1307438101 27
1307438161 26
1307438221 28
1307438281 29
1307438341 27
1307438401 24
1307438461 24
1307438521 25
1307438581 26
1307438641 25
1307438702 25
1307438761 23
1307438821 25
1307438881 25
1307438941 25
1307439001 24
1307439061 23
1307439121 25
1307439181 24
1307439241 26
1307439302 24
1307439361 24
1307439421 20
1307439481 21
1307439541 21
1307439601 21
1307439661 21
1307439721 20
1307439781 22
1307439842 20
1307439901 21
1307439961 21
1307440021 22
1307440081 19
1307440141 22
1307440201 22
1307440261 23
1307440321 22
1307440381 21
1307440442 20
1307440501 19
1307440561 20
1307440621 20
1307440681 21
1307440741 18
1307440801 20
1307440861 17
1307440921 19
1307440981 18
1307441041 18
1307441101 20
1307441162 18
1307441221 19
1307441281 18
1307441341 17
1307441401 16
1307441461 18
1307441521 16
1307441581 17
1307441641 17
1307441701 18
1307441762 18
1307441821 17
1307441881 20
1307441941 20
1307442001 19
1307442061 17
1307442121 20
1307442181 18
1307442241 19
1307442301 18
1307442361 18
1307442421 18
1307442481 20
1307442541 21
1307442601 20
1307442661 22
1307442721 19
1307442781 22
1307442841 23
1307442901 23
1307442961 23
1307443021 23
1307443081 21
1307443142 24
1307443201 25
1307443261 23
1307443321 24
1307443381 24
1307443441 26
1307443501 27
1307443561 26
1307443621 27
1307443681 27
1307443742 23
1307443802 22
1307443861 25
1307443921 25
1307443981 23
1307444041 22
1307444101 20
1307444161 22
1307444221 22
1307444281 22
1307444341 21
1307444401 22
1307444462 20
1307444521 20
1307444581 21
1307444641 20
1307444701 19
1307444761 20
1307444821 21
1307444881 19
1307444941 21
1307445001 20
1307445061 18
1307445121 18
1307445181 18
1307445242 19
1307445301 20
1307445361 20
1307445421 21
1307445481 21
1307445541 22
1307445601 22
1307445661 22
1307445721 22
1307445781 22
1307445842 24
1307445901 22
1307445961 24
1307446021 24
1307446081 22
1307446141 23
1307446201 23
1307446261 23
1307446321 21
1307446381 21
1307446441 20
1307446501 21
1307446562 19
1307446621 20
1307446681 19
1307446741 21
1307446801 21
1307446861 23
1307446921 23
1307446981 23
1307447041 22
1307447101 22
1307447162 22
1307447221 22
1307447281 24
1307447341 21
1307447401 24
1307447461 25
1307447521 25
1307447581 25
1307447641 24
1307447701 27
1307447761 25
1307447822 27
1307447881 27
1307447941 29
1307448001 27
1307448061 28
1307448121 29
1307448181 27
1307448241 28
1307448301 28
1307448361 28
1307448421 27
1307448482 28
1307448541 30
1307448601 30
1307448661 30
1307448721 30
1307448781 30
1307448841 28
1307448901 30
1307448961 29
1307449021 28
1307449081 28
1307449141 24
1307449201 24
1307449262 27
1307449321 27
1307449381 27
1307449441 27
1307449501 24
1307449561 27
1307449621 26
1307449681 27
1307449741 27
1307449801 25
1307449861 25
1307449921 23
1307449981 26
1307450042 26
1307450101 25
1307450161 23
1307450221 22
1307450281 21
1307450341 23
1307450401 23
1307450461 19
1307450521 20
1307450581 19
1307450641 20
1307450701 20
1307450762 21
1307450821 21
1307450881 21
1307450941 19
1307451001 20
1307451061 20
1307451121 19
1307451181 18
1307451241 18
1307451301 17
1307451361 17
1307451421 19
1307451481 19
1307451542 18
1307451601 19
1307451661 20
1307451721 19
1307451781 18
1307451841 19
1307451901 18
1307451961 20
1307452021 20
1307452081 19
1307452141 20
1307452201 19
1307452262 20
1307452322 21
1307452381 20
1307452441 20
1307452501 21
1307452561 21
1307452621 21
1307452681 22
1307452741 22
1307452801 21
1307452861 22
1307452922 23
1307452982 24
1307453041 26
1307453101 28
1307453161 27
1307453221 28
1307453281 29
1307453341 30
1307453401 30
1307453461 33
1307453521 31
1307453581 30
1307453642 29
1307453701 29
1307453761 30
1307453821 28
1307453881 27
1307453941 27
1307454001 28
1307454061 26
1307454121 28
1307454181 28
1307454242 24
1307454301 25
1307454361 23
1307454421 23
1307454481 23
1307454541 22
1307454601 24
1307454661 23
1307454721 23
1307454781 25
1307454841 25
1307454901 26
1307454961 27
1307455022 28
1307455082 28
1307455141 27
1307455201 25
1307455261 26
1307455321 27
1307455381 26
1307455441 26
1307455501 24
1307455561 23
1307455621 20
1307455681 22
1307455741 23
1307455802 23
1307455861 21
1307455921 22
1307455981 22
1307456041 21
1307456101 21
1307456161 22
1307456221 22
1307456281 18
1307456341 20
1307456401 21
1307456461 20
1307456522 21
1307456581 21
1307456641 21
1307456701 22
1307456761 21
1307456821 21
1307456881 22
1307456941 20
1307457001 20
1307457061 20
1307457121 18
1307457181 20
1307457241 19
1307457302 18
1307457361 18
1307457421 18
1307457481 19
1307457541 18
1307457601 18
1307457661 17
1307457721 15
1307457781 15
1307457841 19
1307457901 17
1307457962 19
1307458021 19
1307458081 18
1307458141 17
1307458201 17
1307458261 17
1307458321 18
1307458381 17
1307458441 17
1307458501 17
1307458562 15
1307458621 18
1307458681 17
1307458741 18
1307458801 18
1307458861 18
1307458921 17
1307458981 15
1307459041 16
1307459101 17
1307459161 16
1307459221 13
1307459281 14
1307459341 14
1307459401 14
1307459461 14
1307459521 15
1307459581 15
1307459641 12
1307459701 13
1307459761 14
1307459821 14
1307459881 15
1307459942 15
1307460001 16
1307460061 16
1307460121 15
1307460181 15
1307460241 15
1307460301 13
1307460361 15
1307460421 14
1307460481 15
1307460541 14
1307460602 12
1307460661 14
1307460721 14
1307460781 14
1307460841 14
1307460901 12
1307460961 11
1307461021 14
1307461081 13
1307461141 13
1307461201 11
1307461262 10
1307461321 12
1307461381 12
1307461441 12
1307461501 14
1307461561 13
1307461621 11
1307461681 12
1307461741 12
1307461801 13
1307461861 12
1307461921 12
1307461982 14
1307462041 14
1307462101 13
1307462161 12
1307462221 13
1307462281 12
1307462341 12
1307462401 11
