1309363261 10
1309363321 10
1309363381 10
1309363441 9
1309363501 9
1309363561 9
1309363621 10
1309363681 10
1309363741 10
1309363801 8
1309363862 9
1309363921 9
1309363981 10
1309364041 10
1309364101 9
1309364161 9
1309364221 8
1309364281 9
1309364341 9
1309364401 9
1309364461 9
1309364521 6
1309364581 9
1309364641 9
1309364701 9
1309364761 7
1309364821 8
1309364881 8
1309364941 10
1309365001 10
1309365061 11
1309365121 10
1309365181 8
1309365242 11
1309365301 11
1309365361 11
1309365421 9
1309365481 10
1309365541 9
1309365601 9
1309365661 9
1309365721 8
1309365781 6
1309365841 6
1309365901 9
1309365961 9
1309366022 9
1309366081 7
1309366141 8
1309366201 8
1309366261 8
1309366321 8
1309366381 8
1309366441 6
1309366501 6
1309366561 8
1309366621 8
1309366681 8
1309366741 6
1309366801 8
1309366861 8
1309366921 8
1309366981 8
1309367041 8
1309367101 5
1309367161 7
1309367221 8
1309367281 8
1309367341 8
1309367402 7
1309367461 8
1309367521 8
1309367581 8
1309367641 8
1309367701 7
1309367761 4
1309367821 5
1309367881 7
1309367941 7
1309368001 7
1309368061 6
1309368121 7
1309368181 7
1309368241 7
1309368301 7
1309368361 6
1309368422 6
1309368481 6
1309368541 6
1309368601 5
1309368661 6
1309368721 6
1309368781 5
1309368841 6
1309368901 6
1309368961 6
1309369021 5
1309369081 5
1309369142 5
1309369201 6
1309369261 5
1309369321 6
1309369381 6
1309369441 5
1309369501 6
1309369561 6
1309369621 6
1309369681 5
1309369741 5
1309369801 5
1309369862 6
1309369921 5
1309369981 6
1309370041 6
1309370101 5
1309370161 6
1309370221 6
1309370281 6
1309370341 5
1309370401 5
1309370461 5
1309370521 6
1309370581 5
1309370641 6
1309370701 6
1309370761 5
1309370821 6
1309370881 6
1309370941 6
1309371001 6
1309371061 6
1309371121 5
1309371181 6
1309371241 5
1309371301 6
1309371361 6
1309371421 6
1309371481 6
1309371541 5
1309371601 5
1309371661 6
1309371721 6
1309371781 5
1309371841 7
1309371902 6
1309371961 6
1309372021 6
1309372081 6
1309372141 6
1309372201 6
1309372261 5
1309372321 6
1309372381 6
1309372441 4
1309372501 6
1309372561 6
1309372622 6
1309372681 6
1309372741 6
1309372801 6
1309372861 5
1309372921 5
1309372981 6
1309373041 6
1309373101 5
1309373161 6
1309373221 5
1309373281 6
1309373341 6
1309373401 6
1309373461 6
1309373521 7
1309373581 6
1309373641 7
1309373702 6
1309373761 6
1309373821 7
1309373881 7
1309373941 7
1309374001 7
1309374061 7
1309374122 6
1309374181 7
1309374241 6
1309374301 7
1309374361 6
1309374421 6
1309374481 6
1309374541 7
1309374601 7
1309374661 7
1309374721 5
1309374781 6
1309374842 7
1309374901 6
1309374961 7
1309375021 6
1309375081 6
1309375141 6
1309375201 7
1309375261 7
1309375321 7
1309375381 5
1309375441 6
1309375502 6
1309375562 6
1309375621 7
1309375681 6
1309375741 6
1309375801 6
1309375861 7
1309375921 7
1309375981 7
1309376041 5
1309376101 7
1309376162 6
1309376221 6
1309376281 7
1309376341 6
1309376401 6
1309376461 6
1309376521 7
1309376581 7
1309376641 7
1309376701 5
1309376761 7
1309376822 6
1309376881 7
1309376941 6
1309377001 6
1309377061 7
1309377121 6
1309377181 7
1309377241 7
1309377301 7
1309377362 7
1309377421 7
1309377481 6
1309377541 7
1309377601 6
1309377661 6
1309377721 7
1309377781 6
1309377841 7
1309377902 7
1309377961 6
1309378021 7
1309378081 7
1309378141 6
1309378201 7
1309378261 5
1309378321 6
1309378382 7
1309378441 7
1309378501 7
1309378561 6
1309378621 6
1309378681 7
1309378741 7
1309378801 6
1309378862 7
1309378921 5
1309378981 7
1309379041 7
1309379101 7
1309379161 7
1309379221 7
1309379281 8
1309379341 8
1309379401 8
1309379462 7
1309379521 8
1309379581 5
1309379641 8
1309379701 9
1309379761 9
1309379821 9
1309379881 7
1309379941 7
1309380001 7
1309380061 7
1309380121 6
1309380182 7
1309380241 4
1309380301 5
1309380361 6
1309380421 6
1309380481 6
1309380541 6
1309380601 6
1309380661 6
1309380722 6
1309380781 5
1309380841 6
1309380901 4
1309380961 4
1309381021 6
1309381081 5
1309381141 6
1309381201 6
1309381261 6
1309381322 6
1309381381 6
1309381441 5
1309381501 6
1309381561 4
1309381621 4
1309381681 6
1309381741 6
1309381801 6
1309381861 7
1309381921 8
1309381981 8
1309382041 8
1309382101 7
1309382161 8
1309382221 6
1309382281 7
1309382341 8
1309382401 8
1309382461 8
1309382521 7
1309382581 7
1309382641 7
1309382702 8
1309382761 9
1309382821 10
1309382881 8
1309382941 9
1309383001 10
1309383061 10
1309383121 10
1309383181 10
1309383241 10
1309383301 10
1309383362 9
1309383421 10
1309383481 9
1309383541 8
1309383601 9
1309383661 10
1309383721 10
1309383781 10
1309383841 10
1309383901 9
1309383961 9
1309384021 8
1309384081 10
1309384142 9
1309384201 7
1309384261 10
1309384321 10
1309384381 10
1309384441 10
1309384501 10
1309384561 9
1309384621 8
1309384681 7
1309384741 9
1309384802 8
1309384861 8
1309384921 9
1309384981 9
1309385041 9
1309385101 9
1309385161 9
1309385222 9
1309385281 8
1309385341 6
1309385401 8
1309385461 4
1309385521 8
1309385581 8
1309385641 9
1309385701 9
1309385761 9
1309385821 9
1309385881 9
1309385942 9
1309386001 8
1309386061 9
1309386121 5
1309386181 6
1309386241 7
1309386301 7
1309386361 7
1309386421 7
1309386481 7
1309386541 7
1309386601 6
1309386662 6
1309386721 7
1309386781 5
1309386841 5
1309386901 7
1309386961 7
1309387021 7
1309387081 7
1309387141 7
1309387201 7
1309387261 7
1309387322 7
1309387381 7
1309387441 7
1309387501 6
1309387561 9
1309387621 9
1309387681 9
1309387741 9
1309387801 9
1309387861 9
1309387921 8
1309387982 7
1309388041 7
1309388101 6
1309388161 4
1309388221 5
1309388281 5
1309388341 5
1309388401 5
1309388461 4
1309388521 5
1309388581 5
1309388641 5
1309388701 5
1309388762 4
1309388821 4
1309388881 6
1309388941 6
1309389001 7
1309389061 7
1309389121 6
1309389181 8
1309389241 7
1309389301 7
1309389361 7
1309389422 6
1309389481 5
1309389541 7
1309389601 6
1309389661 6
1309389721 6
1309389781 5
1309389841 5
1309389901 6
1309389961 6
1309390021 7
1309390081 6
1309390142 5
1309390201 9
1309390261 9
1309390321 10
1309390381 10
1309390441 10
1309390501 9
1309390561 10
1309390621 9
1309390681 10
1309390741 10
1309390802 10
1309390861 12
1309390921 13
1309390981 14
1309391041 15
1309391101 17
1309391161 16
1309391221 17
1309391281 16
1309391341 16
1309391402 14
1309391461 15
1309391521 15
1309391581 17
1309391641 16
1309391701 16
1309391761 20
1309391821 20
1309391881 24
1309391941 25
1309392001 26
1309392062 27
1309392121 27
1309392181 27
1309392241 29
1309392301 27
1309392361 27
1309392421 27
1309392481 24
1309392541 26
1309392601 30
1309392661 30
1309392722 32
1309392781 31
1309392841 32
1309392901 31
1309392961 31
1309393021 31
1309393081 31
1309393141 30
1309393201 27
1309393261 28
1309393321 29
1309393381 32
1309393442 29
1309393501 33
1309393561 34
1309393621 35
1309393681 35
1309393741 36
1309393801 36
1309393861 36
1309393921 38
1309393981 37
1309394041 42
1309394102 41
1309394162 42
1309394221 45
1309394281 47
1309394341 48
1309394401 49
1309394461 49
1309394521 49
1309394581 50
1309394641 48
1309394701 50
1309394761 48
1309394822 45
1309394881 42
1309394941 44
1309395001 42
1309395061 42
1309395121 44
1309395181 46
1309395241 49
1309395301 51
1309395361 50
1309395421 51
1309395481 53
1309395542 51
1309395601 53
1309395661 52
1309395721 53
1309395781 50
1309395841 50
1309395901 46
1309395961 49
1309396021 49
1309396081 48
1309396141 49
1309396201 47
1309396262 48
1309396321 45
1309396381 50
1309396441 49
1309396501 48
1309396561 48
1309396621 53
1309396681 52
1309396741 53
1309396801 53
1309396861 52
1309396922 54
1309396981 51
1309397041 55
1309397101 56
1309397161 54
1309397221 51
1309397281 53
1309397341 53
1309397401 52
1309397461 55
1309397521 53
1309397582 55
1309397642 53
1309397701 53
1309397761 54
1309397821 54
1309397881 54
1309397941 52
1309398001 57
1309398061 56
1309398121 53
1309398182 53
1309398241 52
1309398301 54
1309398361 53
1309398421 52
1309398481 52
1309398541 51
1309398601 49
1309398661 48
1309398721 50
1309398781 48
1309398841 47
1309398902 48
1309398961 49
1309399021 46
1309399081 50
1309399141 51
1309399201 50
1309399261 49
1309399321 49
1309399381 47
1309399441 49
1309399501 49
1309399561 53
1309399622 53
1309399681 51
1309399741 52
1309399801 52
1309399861 52
1309399921 51
1309399981 51
1309400041 47
1309400101 51
1309400161 49
1309400221 51
1309400281 50
1309400341 50
1309400401 49
1309400461 51
1309400521 52
1309400581 53
1309400641 56
1309400701 56
1309400761 56
1309400821 58
1309400881 57
1309400941 56
1309401002 60
1309401061 59
1309401121 59
1309401181 61
1309401241 58
1309401301 56
1309401361 53
1309401421 56
1309401481 58
1309401541 59
1309401602 59
1309401661 61
1309401721 58
1309401781 57
1309401841 55
1309401901 52
1309401961 53
1309402021 53
1309402081 52
1309402141 54
1309402201 52
1309402261 52
1309402322 53
1309402381 52
1309402441 53
1309402501 55
1309402561 56
1309402621 56
1309402681 56
1309402741 63
1309402801 62
1309402862 58
1309402921 57
1309402981 61
1309403041 61
1309403101 60
1309403161 59
1309403221 59
1309403281 62
1309403341 54
1309403401 56
1309403462 57
1309403521 58
1309403581 56
1309403641 57
1309403701 56
1309403761 53
1309403821 51
1309403881 52
1309403941 55
1309404001 56
1309404061 56
1309404122 55
1309404181 56
1309404241 56
1309404301 54
1309404361 56
1309404421 52
1309404481 51
1309404541 52
1309404601 52
1309404661 50
1309404722 50
1309404781 48
1309404841 48
1309404901 48
1309404961 47
1309405021 49
1309405081 50
1309405141 47
1309405202 50
1309405261 52
1309405321 51
1309405381 51
1309405441 51
1309405501 49
1309405561 52
1309405621 53
1309405681 48
1309405741 52
1309405802 47
1309405861 48
1309405921 47
1309405981 47
1309406041 47
1309406101 46
1309406161 42
1309406221 43
1309406281 41
1309406341 40
1309406401 42
1309406462 40
1309406521 43
1309406581 42
1309406641 43
1309406701 44
1309406761 43
1309406821 42
1309406881 44
1309406941 41
1309407001 39
1309407062 36
1309407121 33
1309407181 33
1309407241 32
1309407301 30
1309407361 30
1309407421 28
1309407481 30
1309407541 28
1309407601 28
1309407661 28
1309407721 30
1309407781 29
1309407841 29
1309407901 29
1309407961 28
1309408021 27
1309408081 24
1309408141 28
1309408201 27
1309408261 25
1309408321 26
1309408381 27
1309408442 26
1309408502 25
1309408561 27
1309408621 26
1309408681 26
1309408741 24
1309408801 26
1309408861 27
1309408921 25
1309408981 26
1309409041 26
1309409101 26
1309409161 25
1309409221 25
1309409282 23
1309409341 22
1309409401 24
1309409461 22
1309409521 25
1309409581 23
1309409641 24
1309409701 26
1309409761 27
1309409821 27
1309409881 26
1309409941 25
1309410002 28
1309410061 28
1309410121 24
1309410181 27
1309410241 25
1309410301 27
1309410361 26
1309410421 27
1309410481 29
1309410541 28
1309410601 24
1309410661 27
1309410722 28
1309410781 28
1309410841 29
1309410901 27
1309410961 30
1309411021 29
1309411081 29
1309411141 30
1309411201 29
1309411261 28
1309411322 29
1309411381 30
1309411441 28
1309411501 26
1309411561 25
1309411621 29
1309411681 28
1309411741 28
1309411801 27
1309411861 28
1309411921 30
1309411981 31
1309412041 30
1309412101 29
1309412161 28
1309412221 28
1309412281 30
1309412341 32
1309412401 30
1309412461 31
1309412521 27
1309412581 27
1309412641 29
1309412701 30
1309412761 29
1309412821 28
1309412881 32
1309412941 31
1309413001 33
1309413061 31
1309413121 33
1309413181 31
1309413241 31
1309413301 33
1309413362 33
1309413421 30
1309413481 27
1309413541 26
1309413601 28
1309413661 27
1309413721 28
1309413781 26
1309413841 27
1309413901 28
1309413962 27
1309414021 27
1309414081 28
1309414141 27
1309414201 26
1309414261 26
1309414321 25
1309414381 26
1309414441 26
1309414501 25
1309414561 27
1309414622 28
1309414681 27
1309414741 26
1309414801 24
1309414861 25
1309414921 25
1309414981 25
1309415041 23
1309415101 24
1309415161 23
1309415222 24
1309415281 21
1309415341 22
1309415401 26
1309415461 26
1309415521 25
1309415581 25
1309415641 27
1309415701 22
1309415762 25
1309415821 25
1309415881 27
1309415941 27
1309416001 27
1309416061 28
1309416121 28
1309416181 26
1309416241 28
1309416301 30
1309416361 29
1309416421 30
1309416482 29
1309416541 28
1309416601 30
1309416661 27
1309416721 28
1309416781 29
1309416841 26
1309416901 26
1309416961 25
1309417021 23
1309417081 26
1309417141 27
1309417202 25
1309417261 26
1309417321 29
1309417381 28
1309417441 27
1309417501 27
1309417561 26
1309417621 25
1309417681 23
1309417741 27
1309417801 25
1309417861 26
1309417922 23
1309417981 28
1309418041 28
1309418101 27
1309418161 28
1309418221 27
1309418281 28
1309418341 27
1309418401 27
1309418461 24
1309418521 27
1309418581 26
1309418641 28
1309418702 29
1309418761 30
1309418821 30
1309418881 29
1309418941 30
1309419001 32
1309419061 31
1309419121 28
1309419181 32
1309419241 31
1309419301 33
1309419361 32
1309419422 33
1309419481 32
1309419541 30
1309419601 31
1309419661 32
1309419721 30
1309419781 30
1309419841 30
1309419901 30
1309419961 29
1309420021 29
1309420082 29
1309420141 30
1309420201 30
1309420261 34
1309420321 36
1309420381 34
1309420441 33
1309420501 37
1309420561 40
1309420621 39
1309420681 39
1309420742 37
1309420801 37
1309420861 36
1309420921 37
1309420981 35
1309421041 39
1309421101 38
1309421161 36
1309421221 36
1309421281 36
1309421341 37
1309421402 34
1309421461 33
1309421521 32
1309421581 30
1309421641 28
1309421701 26
1309421761 29
1309421821 29
1309421881 29
1309421941 28
1309422001 28
1309422061 26
1309422122 25
1309422181 24
1309422241 22
1309422301 22
1309422361 21
1309422421 23
1309422481 22
1309422541 22
1309422601 22
1309422661 23
1309422721 22
1309422781 24
1309422842 23
1309422901 22
1309422961 19
1309423021 21
1309423081 21
1309423141 22
1309423201 22
1309423261 22
1309423321 21
1309423381 18
1309423441 18
1309423501 19
1309423562 18
1309423621 15
1309423681 19
1309423741 19
1309423801 21
1309423861 20
1309423921 21
1309423981 21
1309424041 19
1309424101 21
1309424161 21
1309424221 20
1309424282 19
1309424341 19
1309424401 18
1309424461 17
1309424521 17
1309424581 17
1309424641 17
1309424701 15
1309424761 16
1309424821 16
1309424881 14
1309424941 15
1309425001 17
1309425062 17
1309425121 16
1309425181 17
1309425241 17
1309425301 15
1309425361 17
1309425421 17
1309425481 15
1309425541 15
1309425601 15
1309425661 15
1309425721 17
1309425782 16
1309425841 16
1309425901 16
1309425961 16
1309426021 20
1309426081 20
1309426141 18
1309426201 14
1309426261 19
1309426321 19
1309426381 19
1309426441 20
1309426501 20
1309426562 19
1309426621 19
1309426681 19
1309426741 19
1309426801 19
1309426861 17
1309426921 16
1309426981 16
1309427041 16
1309427101 15
1309427161 14
1309427221 11
1309427282 13
1309427341 14
1309427401 14
1309427461 11
1309427521 14
1309427581 13
1309427641 12
1309427701 12
1309427761 12
1309427821 11
1309427881 10
1309427941 13
1309428001 15
1309428061 14
1309428121 14
1309428181 18
1309428241 18
1309428301 18
1309428361 19
1309428421 19
1309428481 17
1309428541 17
1309428601 18
1309428662 19
1309428721 17
1309428781 14
1309428841 15
1309428901 15
1309428961 14
1309429021 13
1309429081 14
1309429141 14
1309429201 15
1309429261 15
1309429321 15
1309429381 15
1309429442 16
1309429501 16
1309429561 16
1309429621 17
1309429681 17
1309429741 15
1309429801 16
1309429861 14
1309429921 15
1309429981 15
1309430041 15
1309430101 16
1309430161 18
1309430221 17
1309430281 17
1309430341 14
1309430401 14
1309430461 15
1309430521 15
1309430581 13
1309430641 13
1309430701 13
1309430761 13
1309430822 14
1309430881 13
1309430941 14
1309431001 12
1309431061 15
1309431121 14
1309431181 15
1309431241 14
1309431301 14
1309431361 12
1309431421 13
1309431481 12
1309431541 11
1309431602 13
1309431661 14
1309431721 13
1309431781 14
1309431841 14
1309431901 15
1309431961 16
1309432021 16
1309432081 16
1309432141 15
1309432201 14
1309432261 14
1309432322 17
1309432381 16
1309432441 15
1309432501 15
1309432561 15
1309432621 14
1309432681 14
1309432741 14
1309432801 12
1309432861 12
1309432921 10
1309432981 12
1309433042 12
1309433101 10
1309433161 11
1309433221 11
1309433281 12
1309433341 12
1309433401 13
1309433461 13
1309433521 15
1309433581 14
1309433641 15
1309433701 16
1309433761 16
1309433822 17
1309433881 16
1309433941 17
1309434001 16
1309434061 15
1309434121 14
1309434181 15
1309434241 15
1309434301 15
1309434361 14
1309434421 15
1309434481 16
1309434541 15
1309434602 16
1309434661 15
1309434721 16
1309434781 15
1309434841 17
1309434901 16
1309434961 16
1309435021 15
1309435081 15
1309435141 17
1309435201 16
1309435261 18
1309435321 19
1309435382 18
1309435441 18
1309435501 20
1309435561 22
1309435621 24
1309435681 23
1309435741 22
1309435801 24
1309435861 23
1309435921 22
1309435981 23
1309436041 21
1309436102 20
1309436161 20
1309436221 19
1309436281 21
1309436341 20
1309436401 20
1309436461 20
1309436521 19
1309436581 20
1309436641 21
1309436701 21
1309436761 20
1309436822 21
1309436881 19
1309436941 20
1309437001 18
1309437061 21
1309437121 21
1309437181 20
1309437241 21
1309437301 20
1309437361 20
1309437421 20
1309437481 21
1309437542 20
1309437601 23
1309437661 20
1309437721 22
1309437781 21
1309437841 24
1309437901 25
1309437961 24
1309438021 23
1309438081 24
1309438141 24
1309438201 22
1309438262 24
1309438321 22
1309438381 23
1309438441 20
1309438501 21
1309438561 22
1309438621 20
1309438681 21
1309438741 22
1309438801 23
1309438861 21
1309438921 21
1309438981 22
1309439041 20
1309439101 24
1309439161 23
1309439221 24
1309439281 25
1309439341 26
1309439401 24
1309439461 25
1309439521 25
1309439581 23
1309439642 24
1309439701 19
1309439761 21
1309439821 21
1309439881 19
1309439941 18
1309440001 19
1309440061 17
1309440121 18
1309440181 18
1309440241 20
1309440301 21
1309440361 19
1309440422 21
1309440481 22
1309440541 22
1309440601 21
1309440661 22
1309440721 21
1309440781 21
1309440841 19
1309440901 18
1309440961 20
1309441021 19
1309441082 19
1309441141 20
1309441201 20
1309441261 19
1309441321 18
1309441381 19
1309441441 18
1309441501 16
1309441561 16
1309441621 17
1309441681 16
1309441742 18
1309441802 18
1309441861 19
1309441921 20
1309441981 19
1309442041 20
1309442101 20
1309442161 17
1309442221 15
1309442281 17
1309442341 16
1309442401 19
1309442461 20
1309442522 19
1309442581 18
1309442641 18
1309442701 18
1309442761 18
1309442821 17
1309442881 17
1309442941 17
1309443001 16
1309443061 17
1309443121 17
1309443181 19
1309443242 18
1309443301 18
1309443361 19
1309443421 19
1309443481 16
1309443541 18
1309443601 19
1309443661 20
1309443721 21
1309443781 20
1309443841 21
1309443902 21
1309443962 19
1309444021 20
1309444081 21
1309444141 17
1309444201 17
1309444261 18
1309444321 16
1309444381 16
1309444441 15
1309444501 15
1309444562 15
1309444621 14
1309444681 15
1309444741 15
1309444801 15
1309444861 13
1309444921 17
1309444981 17
1309445041 17
1309445101 18
1309445161 18
1309445221 18
1309445282 18
1309445342 17
1309445401 19
1309445461 19
1309445521 15
1309445581 18
1309445641 17
1309445701 19
1309445761 20
1309445821 20
1309445881 20
1309445941 20
1309446001 17
1309446061 20
1309446121 20
1309446181 22
1309446241 23
1309446301 21
1309446361 21
1309446421 22
1309446481 21
1309446541 23
1309446601 22
1309446662 19
1309446721 21
1309446781 18
1309446841 19
1309446901 21
1309446961 23
1309447021 24
1309447081 24
1309447141 26
1309447201 25
1309447261 26
1309447321 26
1309447382 27
1309447441 26
1309447501 24
1309447561 22
1309447621 22
1309447681 21
1309447741 20
1309447801 20
1309447861 20
1309447921 20
1309447981 18
1309448041 16
1309448101 17
1309448162 18
1309448221 17
1309448281 18
1309448341 17
1309448401 18
1309448461 16
1309448521 17
1309448581 15
1309448641 17
1309448701 14
1309448761 16
1309448821 17
1309448882 17
1309448941 16
1309449001 13
1309449061 15
1309449121 15
1309449181 15
1309449241 14
1309449301 15
1309449361 13
1309449421 16
1309449481 16
1309449542 16
1309449601 16
