1314633661 25
1314633721 25
1314633781 25
1314633841 24
1314633902 23
1314633961 22
1314634021 24
1314634081 23
1314634141 22
1314634201 22
1314634261 22
1314634321 22
1314634381 22
1314634441 21
1314634501 21
1314634562 21
1314634622 21
1314634681 20
1314634741 20
1314634801 19
1314634861 19
1314634921 18
1314634981 19
1314635041 18
1314635101 20
1314635161 17
1314635221 17
1314635282 18
1314635341 18
1314635401 16
1314635461 18
1314635521 16
1314635581 18
1314635641 17
1314635701 16
1314635761 15
1314635821 12
1314635881 15
1314635942 15
1314636001 14
1314636061 13
1314636121 14
1314636181 13
1314636241 14
1314636301 13
1314636361 13
1314636421 13
1314636481 10
1314636542 14
1314636602 15
1314636661 14
1314636721 14
1314636781 12
1314636841 13
1314636901 13
1314636961 13
1314637021 14
1314637081 14
1314637141 10
1314637201 12
1314637262 11
1314637321 12
1314637381 11
1314637441 9
1314637501 10
1314637561 10
1314637621 11
1314637681 12
1314637742 12
1314637801 11
1314637861 12
1314637921 11
1314637981 11
1314638041 10
1314638101 9
1314638161 8
1314638221 7
1314638281 8
1314638341 7
1314638401 7
1314638461 7
1314638521 8
1314638582 8
1314638641 8
1314638702 8
1314638762 7
1314638821 6
1314638881 6
1314638941 6
1314639001 8
1314639061 7
1314639121 8
1314639181 9
1314639241 9
1314639301 9
1314639361 10
1314639422 10
1314639481 9
1314639541 9
1314639601 7
1314639661 10
1314639721 8
1314639781 8
1314639841 9
1314639901 9
1314639962 9
1314640022 9
1314640081 9
1314640142 8
1314640201 7
1314640261 8
1314640321 8
1314640381 8
1314640441 8
1314640501 9
1314640561 9
1314640622 9
1314640682 9
1314640741 9
1314640801 9
1314640861 9
1314640921 9
1314640981 4
1314641041 8
1314641101 7
1314641161 7
1314641221 7
1314641282 7
1314641342 7
1314641401 6
1314641461 6
1314641521 6
1314641581 6
1314641641 6
1314641701 5
1314641761 5
1314641822 6
1314641881 6
1314641941 6
1314642001 6
1314642061 6
1314642121 6
1314642181 6
1314642241 3
1314642301 5
1314642362 4
1314642421 4
1314642481 5
1314642541 6
1314642601 6
1314642661 6
1314642722 6
1314642781 6
1314642841 7
1314642901 5
1314642961 7
1314643021 6
1314643082 6
1314643141 6
1314643201 7
1314643261 7
1314643321 7
1314643381 7
1314643442 6
1314643501 6
1314643561 5
1314643621 5
1314643681 5
1314643741 5
1314643801 5
1314643861 5
1314643921 5
1314643981 5
1314644041 5
1314644101 5
1314644161 5
1314644221 5
1314644281 5
1314644341 4
1314644401 4
1314644462 5
1314644521 5
1314644581 5
1314644641 5
1314644701 5
1314644761 5
1314644821 5
1314644881 4
1314644941 5
1314645002 5
1314645061 5
1314645121 4
1314645181 5
1314645241 5
1314645301 4
1314645361 5
1314645421 5
1314645481 4
1314645542 4
1314645601 5
1314645661 5
1314645721 5
1314645781 4
1314645841 5
1314645901 5
1314645961 4
1314646022 5
1314646082 5
1314646141 6
1314646201 5
1314646261 6
1314646321 5
1314646381 5
1314646441 4
1314646501 5
1314646561 5
1314646622 5
1314646681 6
1314646741 4
1314646801 5
1314646861 5
1314646921 6
1314646981 6
1314647041 6
1314647101 5
1314647161 6
1314647222 6
1314647281 5
1314647341 6
1314647401 5
1314647461 6
1314647521 4
1314647581 5
1314647641 5
1314647702 5
1314647761 4
1314647821 5
1314647881 4
1314647941 4
1314648001 5
1314648061 4
1314648122 5
1314648182 4
1314648241 5
1314648301 5
1314648361 5
1314648421 4
1314648481 5
1314648541 4
1314648602 4
1314648661 5
1314648721 4
1314648781 4
1314648841 3
1314648901 4
1314648961 4
1314649021 4
1314649082 3
1314649142 3
1314649201 2
1314649261 2
1314649321 3
1314649381 3
1314649441 3
1314649501 2
1314649561 3
1314649622 3
1314649681 3
1314649741 3
1314649801 3
1314649861 2
1314649921 2
1314649981 3
1314650042 3
1314650101 3
1314650161 3
1314650221 3
1314650281 3
1314650341 3
1314650401 3
1314650461 3
1314650522 2
1314650582 2
1314650641 3
1314650701 3
1314650761 2
1314650821 3
1314650881 3
1314650941 3
1314651002 3
1314651061 3
1314651121 3
1314651181 2
1314651241 1
1314651301 2
1314651361 2
1314651421 1
1314651482 2
1314651542 2
1314651601 2
1314651661 3
1314651721 3
1314651781 3
1314651841 3
1314651901 2
1314651962 3
1314652022 3
1314652081 2
1314652141 3
1314652201 3
1314652261 2
1314652321 2
1314652381 2
1314652441 2
1314652502 2
1314652562 1
1314652621 2
1314652681 2
1314652741 1
1314652801 2
1314652861 2
1314652921 2
1314652981 2
1314653041 2
1314653101 2
1314653162 2
1314653222 1
1314653281 2
1314653341 2
1314653401 1
1314653461 2
1314653521 2
1314653581 2
1314653641 2
1314653701 2
1314653761 2
1314653822 3
1314653881 2
1314653941 3
1314654001 3
1314654061 2
1314654121 3
1314654181 4
1314654241 4
1314654301 4
1314654362 4
1314654422 3
1314654481 3
1314654541 2
1314654601 3
1314654661 3
1314654721 2
1314654781 2
1314654841 2
1314654902 2
1314654962 2
1314655021 3
1314655081 3
1314655141 3
1314655201 3
1314655262 2
1314655321 3
1314655381 2
1314655441 3
1314655501 3
1314655561 3
1314655621 2
1314655681 4
1314655742 4
1314655801 4
1314655861 4
1314655921 3
1314655981 4
1314656041 3
1314656101 4
1314656161 4
1314656221 4
1314656282 2
1314656341 2
1314656401 2
1314656461 2
1314656521 2
1314656581 1
1314656641 2
1314656701 1
1314656762 2
1314656821 2
1314656881 2
1314656941 2
1314657001 2
1314657061 2
1314657121 2
1314657181 2
1314657241 1
1314657302 2
1314657361 3
1314657421 2
1314657481 3
1314657541 3
1314657601 3
1314657661 3
1314657721 3
1314657781 3
1314657842 3
1314657902 2
1314657961 2
1314658021 3
1314658081 2
1314658141 3
1314658201 3
1314658261 3
1314658321 3
1314658382 3
1314658441 3
1314658501 3
1314658561 2
1314658621 3
1314658681 4
1314658742 3
1314658801 4
1314658861 4
1314658921 4
1314658981 4
1314659041 4
1314659101 4
1314659162 4
1314659222 2
1314659281 3
1314659341 4
1314659401 4
1314659461 4
1314659521 4
1314659581 4
1314659641 5
1314659701 6
1314659762 6
1314659821 7
1314659881 5
1314659941 6
1314660001 7
1314660061 8
1314660121 9
1314660181 10
1314660241 9
1314660302 9
1314660362 9
1314660421 9
1314660481 9
1314660541 7
1314660601 11
1314660661 9
1314660721 10
1314660781 9
1314660841 10
1314660901 12
1314660962 12
1314661021 12
1314661081 13
1314661141 13
1314661201 11
1314661261 13
1314661321 12
1314661381 14
1314661441 16
1314661502 16
1314661561 17
1314661621 17
1314661681 18
1314661741 20
1314661801 18
1314661861 20
1314661921 21
1314661981 20
1314662041 19
1314662102 19
1314662162 18
1314662221 22
1314662281 27
1314662341 26
1314662401 28
1314662461 27
1314662521 32
1314662581 33
1314662641 36
1314662702 37
1314662762 39
1314662821 40
1314662881 42
1314662941 47
1314663001 47
1314663061 53
1314663121 55
1314663181 66
1314663241 67
1314663302 78
1314663362 80
1314663421 85
1314663481 85
1314663541 89
1314663601 92
1314663661 96
1314663721 105
1314663781 100
1314663842 109
1314663901 102
1314663961 100
1314664021 98
1314664081 96
1314664141 89
1314664201 92
1314664261 95
1314664321 90
1314664381 89
1314664442 89
1314664502 90
1314664561 91
1314664621 92
1314664681 90
1314664741 86
1314664801 82
1314664861 74
1314664921 75
1314664981 74
1314665042 75
1314665101 76
1314665161 77
1314665221 75
1314665281 72
1314665341 74
1314665401 74
1314665461 66
1314665521 64
1314665582 66
1314665641 59
1314665701 61
1314665761 57
1314665821 58
1314665881 59
1314665941 59
1314666001 61
1314666061 63
1314666121 62
1314666181 60
1314666241 58
1314666301 57
1314666362 57
1314666421 60
1314666481 58
1314666541 61
1314666601 62
1314666661 65
1314666721 67
1314666781 67
1314666841 70
1314666901 70
1314666962 71
1314667021 74
1314667081 76
1314667141 71
1314667201 73
1314667261 72
1314667321 68
1314667381 74
1314667441 74
1314667502 71
1314667561 75
1314667621 74
1314667681 76
1314667741 77
1314667801 76
1314667861 80
1314667921 78
1314667981 74
1314668041 77
1314668102 75
1314668161 78
1314668221 79
1314668281 79
1314668341 78
1314668401 75
1314668461 77
1314668521 81
1314668581 80
1314668641 79
1314668702 83
1314668762 80
1314668821 79
1314668881 79
1314668941 81
1314669001 83
1314669061 80
1314669121 80
1314669181 81
1314669241 84
1314669302 83
1314669362 82
1314669421 83
1314669481 83
1314669541 89
1314669601 87
1314669661 85
1314669721 84
1314669781 86
1314669842 87
1314669902 85
1314669961 85
1314670021 80
1314670081 80
1314670141 74
1314670201 77
1314670261 82
1314670321 78
1314670382 82
1314670441 81
1314670501 83
1314670561 88
1314670621 89
1314670681 93
1314670741 97
1314670801 96
1314670861 91
1314670921 97
1314670981 97
1314671042 100
1314671101 100
1314671161 99
1314671221 102
1314671281 101
1314671341 102
1314671401 102
1314671461 103
1314671521 101
1314671581 102
1314671642 100
1314671702 102
1314671761 99
1314671821 102
1314671881 104
1314671941 102
1314672001 106
1314672061 104
1314672121 103
1314672181 102
1314672241 103
1314672302 105
1314672361 105
1314672421 105
1314672481 106
1314672541 103
1314672601 103
1314672661 106
1314672721 111
1314672781 110
1314672842 108
1314672902 108
1314672961 112
1314673021 112
1314673081 109
1314673141 109
1314673201 110
1314673261 115
1314673321 114
1314673381 113
1314673442 112
1314673501 111
1314673561 112
1314673621 111
1314673681 117
1314673741 118
1314673801 118
1314673861 121
1314673922 119
1314673982 121
1314674041 123
1314674101 123
1314674161 120
1314674221 123
1314674281 120
1314674341 125
1314674401 122
1314674461 120
1314674521 122
1314674582 116
1314674641 116
1314674701 112
1314674761 116
1314674821 116
1314674881 116
1314674941 114
1314675001 118
1314675061 117
1314675121 118
1314675182 121
1314675242 122
1314675301 127
1314675361 123
1314675421 126
1314675481 123
1314675541 126
1314675601 123
1314675661 122
1314675721 122
1314675782 122
1314675841 123
1314675901 119
1314675961 122
1314676021 119
1314676081 124
1314676141 123
1314676202 123
1314676261 123
1314676321 124
1314676381 127
1314676441 128
1314676501 131
1314676561 131
1314676621 132
1314676681 131
1314676741 132
1314676802 136
1314676861 134
1314676921 135
1314676981 132
1314677041 126
1314677101 123
1314677161 123
1314677221 122
1314677281 120
1314677341 118
1314677402 116
1314677461 118
1314677521 116
1314677581 118
1314677641 118
1314677701 117
1314677761 116
1314677821 113
1314677881 115
1314677941 119
1314678001 121
1314678062 121
1314678121 119
1314678181 119
1314678241 119
1314678301 121
1314678361 121
1314678421 118
1314678481 115
1314678541 115
1314678601 112
1314678662 114
1314678722 117
1314678781 114
1314678841 113
1314678901 115
1314678961 114
1314679021 117
1314679081 117
1314679141 114
1314679201 116
1314679262 116
1314679321 115
1314679381 117
1314679441 114
1314679501 116
1314679561 116
1314679621 117
1314679681 116
1314679741 118
1314679802 116
1314679862 118
1314679921 116
1314679981 119
1314680041 121
1314680101 121
1314680161 118
1314680221 118
1314680281 120
1314680342 119
1314680402 115
1314680461 115
1314680521 117
1314680581 113
1314680641 114
1314680701 115
1314680761 119
1314680821 121
1314680881 120
1314680942 121
1314681001 120
1314681061 122
1314681121 121
1314681181 124
1314681241 124
1314681301 123
1314681361 117
1314681421 113
1314681481 114
1314681542 117
1314681601 115
1314681661 107
1314681721 116
1314681781 115
1314681841 120
1314681901 121
1314681961 123
1314682022 123
1314682081 123
1314682141 121
1314682201 124
1314682261 126
1314682321 119
1314682381 120
1314682441 117
1314682501 120
1314682561 118
1314682622 120
1314682681 118
1314682741 119
1314682801 119
1314682861 120
1314682921 125
1314682981 123
1314683041 123
1314683102 126
1314683162 126
1314683221 124
1314683281 127
1314683341 126
1314683401 130
1314683461 131
1314683521 127
1314683581 129
1314683641 133
1314683703 131
1314683762 134
1314683821 136
1314683881 132
1314683941 134
1314684001 134
1314684061 132
1314684121 131
1314684181 133
1314684241 134
1314684302 133
1314684362 133
1314684421 132
1314684481 135
1314684541 133
1314684601 134
1314684661 137
1314684721 141
1314684781 145
1314684841 140
1314684901 145
1314684962 143
1314685021 143
1314685081 146
1314685141 141
1314685201 145
1314685261 149
1314685321 144
1314685381 144
1314685441 147
1314685502 148
1314685561 149
1314685621 149
1314685681 148
1314685741 151
1314685801 146
1314685861 143
1314685921 145
1314685981 148
1314686041 146
1314686102 142
1314686161 144
1314686221 142
1314686281 147
1314686341 145
1314686401 146
1314686461 145
1314686521 143
1314686581 142
1314686642 139
1314686701 144
1314686761 143
1314686821 143
1314686881 139
1314686941 144
1314687002 149
1314687062 148
1314687121 144
1314687181 144
1314687241 145
1314687301 145
1314687362 151
1314687421 152
1314687481 152
1314687541 149
1314687601 150
1314687661 150
1314687721 149
1314687781 144
1314687841 148
1314687902 142
1314687962 139
1314688021 139
1314688081 140
1314688141 140
1314688201 132
1314688261 134
1314688321 134
1314688381 138
1314688441 137
1314688502 137
1314688561 137
1314688621 136
1314688681 137
1314688741 142
1314688801 144
1314688861 141
1314688921 144
1314688981 142
1314689041 143
1314689102 141
1314689162 140
1314689221 136
1314689281 138
1314689341 141
1314689401 143
1314689461 142
1314689521 144
1314689581 145
1314689642 139
1314689701 141
1314689761 140
1314689821 140
1314689881 138
1314689941 137
1314690001 138
1314690061 139
1314690121 137
1314690182 137
1314690241 135
1314690301 138
1314690361 135
1314690421 137
1314690481 137
1314690541 132
1314690601 132
1314690661 135
1314690721 133
1314690782 129
1314690841 130
1314690901 128
1314690961 128
1314691021 126
1314691081 126
1314691141 125
1314691201 122
1314691261 118
1314691321 122
1314691382 124
1314691441 119
1314691501 112
1314691561 111
1314691621 111
1314691681 105
1314691741 108
1314691801 108
1314691861 109
1314691921 108
1314691982 108
1314692041 109
1314692101 107
1314692161 104
1314692221 103
1314692281 104
1314692341 100
1314692401 96
1314692461 94
1314692521 91
1314692581 90
1314692642 91
1314692702 91
1314692761 91
1314692822 89
1314692881 89
1314692941 87
1314693001 87
1314693061 86
1314693121 87
1314693181 86
1314693241 90
1314693301 91
1314693361 89
1314693421 92
1314693482 89
1314693541 89
1314693601 88
1314693661 89
1314693721 89
1314693781 89
1314693841 85
1314693901 83
1314693961 82
1314694022 79
1314694081 77
1314694141 78
1314694201 79
1314694261 75
1314694321 73
1314694381 72
1314694441 69
1314694501 71
1314694561 68
1314694622 71
1314694682 71
1314694741 75
1314694801 76
1314694861 77
1314694921 79
1314694981 79
1314695041 76
1314695102 77
1314695161 82
1314695221 79
1314695281 79
1314695341 74
1314695401 68
1314695461 66
1314695521 66
1314695581 64
1314695641 61
1314695702 59
1314695761 58
1314695821 58
1314695881 59
1314695941 58
1314696001 59
1314696061 58
1314696121 55
1314696181 55
1314696241 55
1314696301 54
1314696362 54
1314696421 53
1314696481 51
1314696541 52
1314696601 50
1314696661 48
1314696721 47
1314696781 46
1314696841 46
1314696901 43
1314696961 38
1314697022 42
1314697081 44
1314697141 41
1314697201 44
1314697261 47
1314697321 41
1314697381 43
1314697441 44
1314697501 49
1314697561 48
1314697622 50
1314697681 49
1314697741 48
1314697801 44
1314697861 42
1314697921 43
1314697981 42
1314698041 42
1314698101 39
1314698161 38
1314698222 34
1314698282 33
1314698341 34
1314698401 35
1314698461 36
1314698521 37
1314698581 38
1314698641 34
1314698701 38
1314698762 40
1314698821 39
1314698881 38
1314698941 36
1314699001 36
1314699061 37
1314699121 37
1314699181 35
1314699241 37
1314699301 37
1314699362 37
1314699421 40
1314699481 39
1314699541 38
1314699601 40
1314699661 37
1314699721 36
1314699781 38
1314699841 36
1314699901 34
1314699962 34
1314700022 39
1314700081 37
1314700141 38
1314700201 35
1314700261 36
1314700321 40
1314700381 39
1314700441 39
1314700501 39
1314700561 38
1314700622 33
1314700681 39
1314700741 40
1314700801 42
1314700861 40
1314700921 38
1314700981 41
1314701041 40
1314701101 39
1314701161 41
1314701222 39
1314701281 35
1314701341 40
1314701401 40
1314701461 44
1314701521 41
1314701581 43
1314701641 44
1314701701 43
1314701762 42
1314701822 44
1314701881 46
1314701941 41
1314702001 43
1314702061 43
1314702121 42
1314702181 41
1314702241 43
1314702301 44
1314702361 43
1314702422 42
1314702482 41
1314702541 41
1314702601 38
1314702661 41
1314702721 44
1314702781 41
1314702841 44
1314702901 46
1314702961 45
1314703022 47
1314703082 46
1314703141 49
1314703201 50
1314703261 46
1314703321 47
1314703381 47
1314703441 45
1314703501 51
1314703561 49
1314703621 49
1314703681 50
1314703742 50
1314703802 50
1314703861 51
1314703921 50
1314703981 55
1314704041 55
1314704101 51
1314704161 51
1314704221 49
1314704281 52
1314704341 50
1314704402 50
1314704461 50
1314704521 50
1314704581 50
1314704641 49
1314704701 50
1314704761 53
1314704821 53
1314704881 51
1314704941 54
1314705001 53
1314705061 53
1314705122 53
1314705181 48
1314705241 49
1314705301 46
1314705361 50
1314705421 51
1314705481 52
1314705541 48
1314705601 51
1314705661 55
1314705722 56
1314705782 56
1314705841 58
1314705901 58
1314705961 55
1314706021 57
1314706081 58
1314706141 59
1314706201 59
1314706261 58
1314706321 55
1314706382 58
1314706441 57
1314706501 64
1314706561 63
1314706621 64
1314706681 66
1314706741 66
1314706801 65
1314706861 63
1314706921 64
1314706982 61
1314707042 63
1314707101 60
1314707161 65
1314707221 65
1314707281 62
1314707341 60
1314707401 66
1314707461 65
1314707521 65
1314707581 66
1314707642 63
1314707701 67
1314707761 64
1314707821 64
1314707881 65
1314707941 65
1314708001 65
1314708061 67
1314708121 69
1314708182 71
1314708241 71
1314708301 69
1314708361 71
1314708421 74
1314708481 70
1314708541 74
1314708601 71
1314708661 76
1314708721 76
1314708781 75
1314708842 75
1314708901 72
1314708961 72
1314709021 72
1314709081 73
1314709141 74
1314709201 76
1314709261 73
1314709321 79
1314709381 80
1314709442 81
1314709501 79
1314709561 82
1314709621 78
1314709681 79
1314709741 79
1314709801 81
1314709861 81
1314709921 80
1314709981 78
1314710042 78
1314710101 80
1314710161 79
1314710221 85
1314710281 84
1314710341 82
1314710404 79
1314710461 78
1314710521 79
1314710581 79
1314710641 77
1314710701 78
1314710761 76
1314710821 74
1314710886 76
1314710941 77
1314711001 77
1314711061 78
1314711121 77
1314711181 80
1314711241 82
1314711301 78
1314711362 78
1314711421 76
1314711481 76
1314711541 73
1314711601 75
1314711661 79
1314711721 75
1314711781 72
1314711841 70
1314711902 73
1314711961 75
1314712021 73
1314712081 72
1314712141 74
1314712201 69
1314712261 68
1314712321 71
1314712381 71
1314712441 72
1314712502 74
1314712561 71
1314712621 68
1314712681 69
1314712741 66
1314712801 69
1314712862 67
1314712922 68
1314712981 68
1314713041 67
1314713101 63
1314713161 59
1314713221 61
1314713281 59
1314713341 58
1314713401 57
1314713461 57
1314713522 56
1314713582 55
1314713641 55
1314713701 52
1314713761 53
1314713821 51
1314713881 51
1314713941 52
1314714001 49
1314714061 49
1314714121 50
1314714181 52
1314714241 52
1314714301 51
1314714361 53
1314714422 50
1314714481 50
1314714541 50
1314714601 48
1314714661 44
1314714722 40
1314714781 35
1314714841 38
1314714901 39
1314714961 38
1314715021 39
1314715081 39
1314715141 39
1314715201 42
1314715261 42
1314715322 42
1314715382 43
1314715441 39
1314715501 42
1314715561 38
1314715621 38
1314715681 37
1314715741 38
1314715801 37
1314715861 38
1314715921 34
1314715981 33
1314716042 32
1314716101 32
1314716161 32
1314716221 32
1314716281 30
1314716341 32
1314716401 30
1314716461 33
1314716521 32
1314716581 31
1314716642 30
1314716702 31
1314716761 31
1314716821 34
1314716881 34
1314716941 34
1314717001 34
1314717061 33
1314717121 30
1314717181 32
1314717241 31
1314717302 28
1314717361 29
1314717421 29
1314717481 28
1314717541 25
1314717601 26
1314717661 23
1314717721 24
1314717781 24
1314717841 24
1314717901 25
1314717962 24
1314718021 22
1314718081 21
1314718141 23
1314718201 21
1314718261 21
1314718321 22
1314718381 23
1314718441 22
1314718501 21
1314718561 22
1314718621 22
1314718682 20
1314718741 18
1314718801 22
1314718861 21
1314718921 21
1314718981 20
1314719041 21
1314719101 21
1314719161 18
1314719222 22
1314719282 24
1314719341 24
1314719401 22
1314719461 22
1314719521 22
1314719581 22
1314719641 20
1314719701 21
1314719761 22
1314719821 18
1314719882 20
1314719941 18
1314720001 17
