1306512061 21
1306512121 19
1306512181 20
1306512241 17
1306512301 19
1306512361 19
1306512421 19
1306512481 21
1306512541 18
1306512601 18
1306512661 17
1306512722 16
1306512781 16
1306512841 18
1306512901 17
1306512961 16
1306513021 16
1306513081 15
1306513141 14
1306513201 14
1306513261 13
1306513321 14
1306513381 15
1306513441 15
1306513502 16
1306513561 17
1306513621 17
1306513681 15
1306513741 16
1306513801 16
1306513861 16
1306513921 15
1306513981 15
1306514041 13
1306514101 13
1306514161 13
1306514221 14
1306514282 14
1306514341 14
1306514401 14
1306514461 13
1306514521 11
1306514581 12
1306514641 12
1306514701 10
1306514761 11
1306514821 13
1306514881 13
1306514941 12
1306515002 13
1306515061 13
1306515121 13
1306515181 12
1306515241 12
1306515301 12
1306515361 10
1306515421 9
1306515481 10
1306515541 11
1306515601 11
1306515662 11
1306515721 11
1306515781 11
1306515841 10
1306515901 9
1306515962 10
1306516021 10
1306516081 9
1306516141 10
1306516201 11
1306516261 11
1306516321 11
1306516381 11
1306516441 12
1306516501 12
1306516561 11
1306516621 12
1306516682 11
1306516741 10
1306516801 12
1306516861 10
1306516921 12
1306516982 12
1306517041 11
1306517101 11
1306517161 11
1306517221 10
1306517281 11
1306517341 11
1306517401 8
1306517461 11
1306517521 10
1306517581 11
1306517641 10
1306517702 11
1306517761 11
1306517821 11
1306517881 10
1306517941 11
1306518001 13
1306518061 11
1306518121 13
1306518181 12
1306518241 13
1306518301 11
1306518361 13
1306518422 13
1306518481 12
1306518541 11
1306518601 8
1306518661 11
1306518721 9
1306518781 11
1306518841 10
1306518901 11
1306518961 10
1306519021 11
1306519081 11
1306519141 11
1306519202 10
1306519261 8
1306519321 11
1306519381 10
1306519441 11
1306519501 10
1306519561 10
1306519621 9
1306519681 10
1306519742 10
1306519802 10
1306519861 8
1306519921 8
1306519981 9
1306520041 8
1306520101 9
1306520161 8
1306520221 9
1306520281 9
1306520341 10
1306520401 10
1306520461 10
1306520521 9
1306520582 8
1306520641 11
1306520701 10
1306520761 11
1306520821 10
1306520881 10
1306520941 9
1306521001 10
1306521061 10
1306521121 9
1306521181 8
1306521241 7
1306521302 9
1306521361 8
1306521421 9
1306521481 8
1306521541 9
1306521601 8
1306521661 9
1306521721 9
1306521781 8
1306521841 6
1306521902 8
1306521961 9
1306522021 8
1306522081 9
1306522141 8
1306522201 9
1306522261 8
1306522321 10
1306522381 10
1306522441 9
1306522501 9
1306522561 9
1306522621 10
1306522682 9
1306522741 10
1306522801 10
1306522861 9
1306522921 8
1306522981 9
1306523041 9
1306523101 7
1306523161 8
1306523221 8
1306523281 9
1306523341 8
1306523402 10
1306523461 10
1306523521 9
1306523581 10
1306523641 10
1306523701 10
1306523761 9
1306523821 9
1306523881 9
1306523941 10
1306524001 9
1306524061 9
1306524122 9
1306524181 7
1306524241 9
1306524301 8
1306524361 8
1306524421 8
1306524481 9
1306524541 8
1306524601 9
1306524661 8
1306524721 10
1306524781 10
1306524842 8
1306524901 9
1306524961 9
1306525021 9
1306525081 9
1306525141 10
1306525201 9
1306525261 10
1306525321 9
1306525381 10
1306525441 10
1306525501 9
1306525562 9
1306525621 10
1306525681 9
1306525741 9
1306525801 10
1306525861 9
1306525921 9
1306525981 9
1306526041 10
1306526101 9
1306526161 9
1306526222 10
1306526282 10
1306526341 8
1306526401 10
1306526461 10
1306526521 9
1306526581 9
1306526641 9
1306526701 10
1306526761 9
1306526821 8
1306526881 9
1306526941 10
1306527002 9
1306527061 10
1306527121 10
1306527181 9
1306527241 8
1306527301 10
1306527361 10
1306527421 9
1306527481 8
1306527541 9
1306527601 10
1306527661 9
1306527722 10
1306527781 10
1306527841 10
1306527901 7
1306527961 10
1306528021 10
1306528081 9
1306528141 8
1306528201 8
1306528261 10
1306528321 10
1306528381 10
1306528442 10
1306528501 10
1306528561 7
1306528621 10
1306528681 10
1306528741 9
1306528801 9
1306528861 8
1306528921 10
1306528981 10
1306529042 10
1306529101 10
1306529161 10
1306529221 8
1306529281 10
1306529341 10
1306529401 8
1306529461 10
1306529521 8
1306529581 10
1306529641 10
1306529701 10
1306529762 10
1306529821 9
1306529881 8
1306529941 10
1306530001 10
1306530061 7
1306530121 9
1306530181 7
1306530241 9
1306530301 9
1306530361 9
1306530421 9
1306530482 8
1306530541 7
1306530601 9
1306530661 9
1306530721 6
1306530781 9
1306530841 7
1306530901 9
1306530961 9
1306531021 9
1306531081 9
1306531141 8
1306531201 7
1306531262 9
1306531321 9
1306531381 7
1306531441 8
1306531501 8
1306531561 9
1306531621 9
1306531681 9
1306531741 9
1306531801 8
1306531861 7
1306531921 10
1306531981 10
1306532041 10
1306532101 9
1306532161 10
1306532221 10
1306532281 10
1306532341 10
1306532401 10
1306532461 8
1306532521 7
1306532581 10
1306532641 9
1306532702 10
1306532761 8
1306532821 10
1306532881 10
1306532941 10
1306533001 10
1306533061 10
1306533121 8
1306533181 8
1306533241 8
1306533301 9
1306533361 10
1306533422 8
1306533481 10
1306533541 10
1306533601 10
1306533661 10
1306533721 11
1306533781 10
1306533841 9
1306533901 10
1306533961 10
1306534021 11
1306534081 10
1306534141 11
1306534202 11
1306534261 11
1306534321 10
1306534381 10
1306534441 9
1306534501 5
1306534561 8
1306534621 8
1306534681 9
1306534741 8
1306534801 9
1306534861 9
1306534922 9
1306534981 8
1306535041 8
1306535101 8
1306535161 4
1306535221 7
1306535281 6
1306535341 8
1306535401 7
1306535461 8
1306535521 8
1306535581 8
1306535642 8
1306535701 8
1306535761 8
1306535821 6
1306535881 6
1306535941 6
1306536001 8
1306536061 7
1306536121 8
1306536181 8
1306536241 8
1306536302 8
1306536361 8
1306536421 7
1306536481 7
1306536541 6
1306536601 6
1306536661 8
1306536721 7
1306536781 8
1306536841 8
1306536901 8
1306536961 8
1306537021 8
1306537081 7
1306537141 7
1306537201 5
1306537261 6
1306537321 6
1306537382 6
1306537441 7
1306537501 7
1306537561 7
1306537621 7
1306537681 7
1306537741 7
1306537801 9
1306537861 8
1306537921 9
1306537981 8
1306538041 8
1306538102 9
1306538161 9
1306538221 9
1306538281 9
1306538341 7
1306538401 6
1306538461 8
1306538521 7
1306538581 8
1306538641 7
1306538701 7
1306538761 9
1306538821 10
1306538882 10
1306538941 10
1306539001 9
1306539061 9
1306539121 8
1306539181 9
1306539241 10
1306539301 9
1306539361 8
1306539421 10
1306539481 11
1306539541 11
1306539602 11
1306539661 10
1306539721 10
1306539781 9
1306539841 11
1306539901 11
1306539961 11
1306540021 11
1306540081 11
1306540141 12
1306540201 13
1306540261 12
1306540322 12
1306540381 12
1306540441 11
1306540501 13
1306540561 13
1306540621 12
1306540681 13
1306540741 12
1306540801 13
1306540861 13
1306540921 12
1306540981 13
1306541042 14
1306541101 14
1306541161 13
1306541221 13
1306541281 13
1306541341 14
1306541401 11
1306541461 13
1306541521 13
1306541581 12
1306541641 10
1306541702 12
1306541762 12
1306541821 11
1306541881 11
1306541941 11
1306542001 13
1306542061 11
1306542121 13
1306542181 13
1306542241 14
1306542301 11
1306542361 14
1306542422 14
1306542481 14
1306542541 13
1306542601 13
1306542661 15
1306542721 15
1306542781 15
1306542841 13
1306542901 14
1306542961 11
1306543021 15
1306543081 15
1306543142 15
1306543201 13
1306543261 13
1306543321 13
1306543381 13
1306543441 13
1306543501 12
1306543561 13
1306543621 10
1306543681 13
1306543741 14
1306543801 15
1306543862 13
1306543921 15
1306543981 15
1306544041 15
1306544101 15
1306544161 17
1306544221 17
1306544281 16
1306544341 17
1306544401 16
1306544461 17
1306544521 15
1306544581 17
1306544642 18
1306544701 17
1306544761 18
1306544821 16
1306544881 16
1306544941 17
1306545001 18
1306545061 18
1306545121 18
1306545181 17
1306545241 17
1306545301 18
1306545362 17
1306545421 18
1306545481 18
1306545541 16
1306545601 16
1306545661 16
1306545721 16
1306545781 18
1306545841 16
1306545901 17
1306545961 18
1306546022 17
1306546081 16
1306546141 17
1306546201 18
1306546261 18
1306546321 19
1306546381 17
1306546441 20
1306546501 19
1306546561 20
1306546621 20
1306546681 19
1306546742 19
1306546801 19
1306546861 20
1306546921 18
1306546981 18
1306547041 16
1306547101 18
1306547161 17
1306547221 17
1306547281 18
1306547341 17
1306547401 17
1306547461 17
1306547521 18
1306547581 17
1306547641 18
1306547701 16
1306547761 18
1306547821 17
1306547881 19
1306547941 20
1306548001 18
1306548062 19
1306548121 18
1306548181 19
1306548241 19
1306548301 19
1306548361 17
1306548421 17
1306548481 16
1306548541 18
1306548601 17
1306548661 16
1306548721 18
1306548782 17
1306548841 16
1306548901 18
1306548961 18
1306549021 19
1306549081 18
1306549141 18
1306549201 19
1306549261 19
1306549321 18
1306549382 19
1306549442 18
1306549501 17
1306549561 17
1306549621 17
1306549681 17
1306549741 17
1306549801 18
1306549861 18
1306549921 17
1306549981 18
1306550042 17
1306550101 16
1306550161 15
1306550221 18
1306550281 17
1306550341 17
1306550401 18
1306550461 17
1306550521 18
1306550581 18
1306550641 18
1306550701 19
1306550761 18
1306550822 17
1306550881 19
1306550941 19
1306551001 17
1306551061 17
1306551121 19
1306551181 20
1306551241 20
1306551301 19
1306551361 20
1306551421 18
1306551482 17
1306551541 19
1306551601 20
1306551661 17
1306551721 19
1306551781 18
1306551841 19
1306551901 19
1306551961 18
1306552021 19
1306552081 17
1306552141 17
1306552202 19
1306552261 19
1306552321 17
1306552381 19
1306552441 19
1306552501 20
1306552561 20
1306552621 18
1306552681 20
1306552741 17
1306552801 18
1306552861 19
1306552921 18
1306552981 19
1306553041 18
1306553101 18
1306553161 19
1306553221 19
1306553281 18
1306553341 19
1306553401 19
1306553461 19
1306553521 19
1306553582 19
1306553641 19
1306553701 19
1306553761 18
1306553821 19
1306553881 18
1306553941 17
1306554001 17
1306554061 16
1306554121 17
1306554181 18
1306554242 18
1306554302 18
1306554361 17
1306554421 17
1306554481 18
1306554541 16
1306554601 16
1306554661 17
1306554721 18
1306554781 16
1306554841 18
1306554901 18
1306554961 18
1306555022 16
1306555081 18
1306555141 18
1306555201 17
1306555261 15
1306555321 17
1306555381 17
1306555441 13
1306555501 17
1306555561 17
1306555621 17
1306555681 16
1306555742 17
1306555801 16
1306555861 15
1306555921 14
1306555981 15
1306556041 16
1306556101 13
1306556161 16
1306556221 16
1306556281 16
1306556341 15
1306556401 16
1306556461 16
1306556522 14
1306556581 15
1306556641 16
1306556701 18
1306556761 18
1306556821 18
1306556881 19
1306556941 19
1306557001 18
1306557061 19
1306557121 19
1306557182 19
1306557241 18
1306557301 17
1306557361 19
1306557421 18
1306557481 16
1306557541 19
1306557601 20
1306557661 20
1306557721 19
1306557781 20
1306557841 20
1306557902 20
1306557961 20
1306558021 20
1306558081 19
1306558141 19
1306558201 19
1306558261 19
1306558321 18
1306558381 18
1306558441 18
1306558501 17
1306558561 17
1306558621 19
1306558682 21
1306558741 18
1306558801 19
1306558861 20
1306558921 20
1306558981 17
1306559041 20
1306559101 20
1306559161 20
1306559221 20
1306559281 20
1306559342 21
1306559401 21
1306559461 20
1306559521 21
1306559581 21
1306559641 21
1306559701 21
1306559761 19
1306559821 20
1306559881 21
1306559941 21
1306560001 21
1306560062 20
1306560121 21
1306560181 22
1306560241 21
1306560301 22
1306560361 20
1306560421 22
1306560481 21
1306560541 23
1306560601 22
1306560661 22
1306560721 21
1306560781 22
1306560841 23
1306560901 23
1306560961 23
1306561021 25
1306561081 23
1306561141 24
1306561201 24
1306561261 23
1306561321 24
1306561381 23
1306561442 21
1306561501 23
1306561561 24
1306561621 21
1306561681 20
1306561741 21
1306561801 21
1306561861 23
1306561921 23
1306561981 23
1306562041 23
1306562101 22
1306562162 24
1306562221 24
1306562281 24
1306562341 21
1306562401 23
1306562461 22
1306562521 22
1306562581 24
1306562641 23
1306562701 23
1306562761 24
1306562822 24
1306562882 23
1306562941 24
1306563001 24
1306563061 24
1306563121 23
1306563181 23
1306563241 24
1306563301 24
1306563361 22
1306563421 23
1306563481 26
1306563541 26
1306563602 24
1306563661 28
1306563721 28
1306563781 26
1306563841 27
1306563901 27
1306563961 27
1306564021 23
1306564081 28
1306564141 28
1306564201 29
1306564261 28
1306564321 27
1306564381 28
1306564441 27
1306564501 26
1306564561 29
1306564621 30
1306564681 28
1306564741 26
1306564801 26
1306564861 25
1306564921 26
1306564981 25
1306565042 25
1306565101 27
1306565161 28
1306565221 28
1306565281 26
1306565341 28
1306565401 28
1306565461 27
1306565521 27
1306565581 28
1306565641 27
1306565702 26
1306565761 27
1306565821 28
1306565881 25
1306565941 28
1306566001 28
1306566061 28
1306566121 28
1306566181 26
1306566241 27
1306566301 25
1306566361 24
1306566421 27
1306566482 27
1306566541 25
1306566601 26
1306566661 28
1306566721 27
1306566781 29
1306566841 28
1306566901 29
1306566961 25
1306567021 26
1306567081 26
1306567141 28
1306567202 26
1306567261 27
1306567321 28
1306567381 28
1306567441 28
1306567501 28
1306567561 28
1306567621 27
1306567681 29
1306567741 27
1306567801 30
1306567861 30
1306567921 29
1306567981 28
1306568041 29
1306568101 27
1306568161 27
1306568221 28
1306568281 26
1306568341 27
1306568401 24
1306568461 25
1306568521 27
1306568581 26
1306568642 26
1306568701 28
1306568761 30
1306568821 28
1306568881 28
1306568941 28
1306569001 29
1306569061 28
1306569121 27
1306569181 28
1306569241 28
1306569302 25
1306569362 26
1306569421 26
1306569481 28
1306569541 26
1306569601 25
1306569661 21
1306569721 21
1306569781 22
1306569841 22
1306569901 21
1306569961 19
1306570021 20
1306570082 18
1306570141 19
1306570201 19
1306570261 19
1306570321 21
1306570381 21
1306570441 21
1306570501 21
1306570561 20
1306570621 20
1306570681 20
1306570742 20
1306570801 20
1306570861 20
1306570921 18
1306570981 18
1306571041 19
1306571101 20
1306571161 19
1306571221 18
1306571281 19
1306571341 19
1306571401 20
1306571462 22
1306571521 21
1306571581 20
1306571641 20
1306571701 19
1306571761 21
1306571821 20
1306571881 20
1306571941 20
1306572001 19
1306572061 20
1306572121 21
1306572181 22
1306572242 22
1306572301 21
1306572361 24
1306572421 24
1306572481 23
1306572541 23
1306572601 22
1306572661 24
1306572721 24
1306572781 24
1306572842 25
1306572901 25
1306572961 21
1306573021 25
1306573081 25
1306573141 24
1306573201 24
1306573261 21
1306573321 22
1306573381 24
1306573441 23
1306573501 23
1306573562 23
1306573621 21
1306573681 23
1306573741 24
1306573801 24
1306573861 22
1306573921 23
1306573981 23
1306574041 26
1306574101 26
1306574161 25
1306574221 25
1306574281 26
1306574341 24
1306574401 25
1306574461 25
1306574521 23
1306574581 24
1306574641 20
1306574701 24
1306574761 24
1306574822 23
1306574882 22
1306574941 24
1306575001 23
1306575061 23
1306575121 24
1306575181 23
1306575241 24
1306575301 22
1306575361 24
1306575421 24
1306575481 22
1306575542 24
1306575601 24
1306575661 25
1306575721 25
1306575781 24
1306575841 24
1306575901 25
1306575961 24
1306576021 24
1306576081 26
1306576141 22
1306576201 24
1306576261 24
1306576321 22
1306576381 23
1306576441 23
1306576501 21
1306576561 23
1306576621 25
1306576681 24
1306576741 24
1306576802 23
1306576861 22
1306576921 24
1306576981 24
1306577041 24
1306577101 25
1306577161 23
1306577221 22
1306577281 24
1306577341 24
1306577401 24
1306577461 25
1306577522 26
1306577581 25
1306577641 25
1306577701 23
1306577761 23
1306577821 22
1306577881 22
1306577941 23
1306578001 22
1306578061 22
1306578121 22
1306578181 23
1306578241 20
1306578302 21
1306578361 21
1306578421 20
1306578481 20
1306578541 19
1306578601 21
1306578661 19
1306578721 19
1306578781 18
1306578841 20
1306578901 20
1306578961 19
1306579021 20
1306579081 16
1306579141 20
1306579201 18
1306579261 20
1306579321 18
1306579381 20
1306579441 18
1306579501 20
1306579561 21
1306579621 21
1306579682 21
1306579741 18
1306579801 20
1306579861 20
1306579921 22
1306579981 20
1306580041 21
1306580101 20
1306580161 23
1306580221 23
1306580281 23
1306580341 22
1306580402 21
1306580461 24
1306580521 23
1306580581 25
1306580641 24
1306580701 22
1306580761 23
1306580821 23
1306580881 23
1306580941 23
1306581001 21
1306581062 19
1306581122 22
1306581181 21
1306581241 21
1306581301 22
1306581361 21
1306581421 21
1306581481 22
1306581541 22
1306581601 23
1306581661 22
1306581721 22
1306581782 22
1306581841 23
1306581901 22
1306581961 23
1306582021 22
1306582081 23
1306582141 23
1306582201 23
1306582261 24
1306582321 22
1306582381 22
1306582441 23
1306582501 25
1306582562 24
1306582621 24
1306582681 23
1306582741 25
1306582801 24
1306582861 24
1306582921 25
1306582981 24
1306583041 23
1306583101 24
1306583161 24
1306583222 25
1306583282 25
1306583341 23
1306583401 24
1306583461 23
1306583521 26
1306583581 28
1306583641 27
1306583701 26
1306583761 24
1306583821 24
1306583882 25
1306583941 25
1306584001 27
1306584061 25
1306584121 22
1306584181 21
1306584241 23
1306584301 23
1306584361 22
1306584421 23
1306584481 21
1306584541 21
1306584601 19
1306584661 22
1306584721 21
1306584781 22
1306584841 20
1306584901 21
1306584961 22
1306585021 20
1306585081 22
1306585141 22
1306585202 20
1306585261 20
1306585321 23
1306585381 22
1306585441 24
1306585501 22
1306585561 21
1306585621 22
1306585681 22
1306585741 24
1306585802 24
1306585861 22
1306585921 19
1306585981 20
1306586041 19
1306586101 20
1306586161 20
1306586221 18
1306586281 18
1306586341 18
1306586402 17
1306586461 18
1306586521 17
1306586581 17
1306586641 17
1306586701 16
1306586761 18
1306586821 19
1306586881 19
1306586941 18
1306587002 19
1306587061 18
1306587121 19
1306587181 16
1306587241 18
1306587301 19
1306587361 19
1306587421 18
1306587481 16
1306587541 18
1306587601 17
1306587662 19
1306587721 18
1306587781 19
1306587841 18
1306587901 19
1306587961 19
1306588021 20
1306588081 19
1306588141 17
1306588201 20
1306588261 19
1306588322 20
1306588382 18
1306588441 19
1306588501 19
1306588561 19
1306588621 19
1306588681 20
1306588741 19
1306588801 20
1306588861 19
1306588921 20
1306588981 21
1306589041 19
1306589101 18
1306589162 18
1306589221 19
1306589281 19
1306589341 19
1306589401 17
1306589461 18
1306589521 18
1306589581 18
1306589641 19
1306589701 19
1306589761 18
1306589821 19
1306589881 19
1306589942 20
1306590001 21
1306590061 21
1306590121 19
1306590181 19
1306590241 19
1306590301 19
1306590361 19
1306590421 19
1306590481 19
1306590542 20
1306590601 19
1306590661 20
1306590721 21
1306590781 20
1306590841 19
1306590901 18
1306590961 19
1306591021 17
1306591081 18
1306591141 17
1306591202 19
1306591261 18
1306591321 20
1306591381 20
1306591441 20
1306591501 19
1306591561 19
1306591621 20
1306591681 23
1306591741 25
1306591801 23
1306591861 23
1306591922 21
1306591981 23
1306592041 22
1306592101 23
1306592161 23
1306592221 22
1306592281 20
1306592341 22
1306592401 20
1306592461 22
1306592522 22
1306592581 24
1306592641 24
1306592701 23
1306592761 23
1306592821 23
1306592881 23
1306592941 22
1306593001 24
1306593061 23
1306593122 23
1306593182 20
1306593241 24
1306593301 24
1306593361 24
1306593421 23
1306593481 23
1306593541 21
1306593601 22
1306593661 22
1306593721 26
1306593782 26
1306593841 26
1306593901 27
1306593961 27
1306594021 27
1306594081 26
1306594141 28
1306594201 28
1306594261 27
1306594321 26
1306594381 27
1306594441 26
1306594501 27
1306594561 26
1306594621 27
1306594681 27
1306594741 26
1306594801 24
1306594861 27
1306594922 25
1306594981 25
1306595041 26
1306595101 28
1306595161 29
1306595221 28
1306595281 28
1306595341 30
1306595401 28
1306595461 27
1306595521 29
1306595582 29
1306595641 27
1306595701 27
1306595761 26
1306595821 26
1306595881 26
1306595941 25
1306596001 26
1306596061 23
1306596121 22
1306596181 23
1306596242 24
1306596302 20
1306596361 23
1306596421 22
1306596481 20
1306596541 21
1306596601 21
1306596661 20
1306596721 17
1306596781 18
1306596841 17
1306596901 19
1306596961 18
1306597022 20
1306597081 19
1306597141 20
1306597201 21
1306597261 21
1306597321 22
1306597381 21
1306597441 22
1306597501 21
1306597561 20
1306597621 21
1306597682 23
1306597741 21
1306597801 21
1306597861 21
1306597921 22
1306597981 22
1306598041 21
1306598101 21
1306598161 20
1306598221 18
1306598281 20
1306598341 18
1306598401 19
