1312646461 42
1312646521 42
1312646581 41
1312646641 41
1312646701 40
1312646761 38
1312646821 36
1312646881 38
1312646941 38
1312647001 37
1312647061 36
1312647121 34
1312647181 35
1312647241 34
1312647301 35
1312647361 33
1312647421 32
1312647481 32
1312647541 29
1312647602 29
1312647661 28
1312647721 28
1312647781 28
1312647841 31
1312647901 30
1312647961 30
1312648021 28
1312648081 29
1312648141 29
1312648201 29
1312648262 28
1312648321 27
1312648381 26
1312648441 26
1312648501 26
1312648561 28
1312648621 28
1312648681 29
1312648741 29
1312648801 28
1312648861 28
1312648921 27
1312648982 28
1312649041 26
1312649101 28
1312649161 29
1312649221 29
1312649281 28
1312649341 29
1312649401 29
1312649461 30
1312649522 29
1312649581 28
1312649641 28
1312649701 25
1312649761 25
1312649821 25
1312649881 27
1312649941 26
1312650001 26
1312650061 24
1312650121 25
1312650181 23
1312650242 23
1312650301 24
1312650362 23
1312650422 23
1312650481 24
1312650541 24
1312650601 25
1312650661 25
1312650721 24
1312650781 25
1312650841 24
1312650901 22
1312650961 23
1312651022 22
1312651082 19
1312651141 21
1312651201 21
1312651261 21
1312651321 21
1312651381 21
1312651441 22
1312651501 22
1312651561 20
1312651622 20
1312651681 20
1312651741 20
1312651801 23
1312651861 23
1312651921 23
1312651981 23
1312652041 22
1312652101 22
1312652161 22
1312652222 23
1312652281 22
1312652341 20
1312652401 20
1312652461 21
1312652521 21
1312652581 21
1312652641 21
1312652701 20
1312652762 20
1312652822 18
1312652881 16
1312652941 19
1312653001 17
1312653061 17
1312653121 19
1312653181 18
1312653241 19
1312653301 19
1312653361 18
1312653421 18
1312653482 20
1312653541 18
1312653601 20
1312653661 20
1312653721 19
1312653781 21
1312653841 21
1312653901 19
1312653961 21
1312654021 21
1312654081 19
1312654142 19
1312654201 17
1312654261 20
1312654321 19
1312654381 19
1312654441 19
1312654501 19
1312654561 19
1312654621 19
1312654681 18
1312654742 17
1312654801 18
1312654861 16
1312654921 16
1312654981 15
1312655041 13
1312655101 14
1312655161 14
1312655221 13
1312655282 14
1312655341 14
1312655401 12
1312655461 13
1312655521 13
1312655581 13
1312655641 13
1312655702 12
1312655761 12
1312655821 12
1312655881 12
1312655941 13
1312656001 13
1312656061 12
1312656121 11
1312656181 11
1312656242 11
1312656301 11
1312656361 11
1312656421 11
1312656481 10
1312656541 11
1312656601 10
1312656661 9
1312656721 10
1312656782 10
1312656842 10
1312656901 9
1312656961 9
1312657021 10
1312657081 10
1312657141 8
1312657201 10
1312657261 10
1312657321 9
1312657382 9
1312657441 9
1312657501 9
1312657561 9
1312657621 9
1312657681 9
1312657741 9
1312657801 7
1312657861 9
1312657922 9
1312657981 8
1312658041 9
1312658101 9
1312658161 8
1312658221 9
1312658281 9
1312658341 8
1312658401 9
1312658462 7
1312658521 8
1312658581 10
1312658641 9
1312658701 10
1312658761 9
1312658821 9
1312658881 10
1312658941 10
1312659001 9
1312659062 10
1312659121 9
1312659181 8
1312659241 9
1312659301 8
1312659361 9
1312659421 8
1312659481 8
1312659541 9
1312659601 9
1312659662 8
1312659721 9
1312659781 9
1312659841 8
1312659901 10
1312659961 9
1312660021 10
1312660081 10
1312660141 10
1312660202 10
1312660261 10
1312660321 10
1312660381 10
1312660441 11
1312660501 9
1312660561 10
1312660621 10
1312660681 10
1312660742 10
1312660801 10
1312660861 10
1312660921 9
1312660981 8
1312661041 8
1312661101 9
1312661161 8
1312661221 7
1312661282 7
1312661341 6
1312661401 7
1312661461 7
1312661521 7
1312661581 7
1312661641 7
1312661701 7
1312661761 8
1312661821 8
1312661881 9
1312661941 9
1312662001 8
1312662061 9
1312662121 9
1312662181 9
1312662241 7
1312662301 6
1312662361 6
1312662422 7
1312662482 6
1312662541 7
1312662601 7
1312662661 6
1312662721 7
1312662781 7
1312662841 7
1312662901 7
1312662961 7
1312663021 5
1312663082 7
1312663141 5
1312663201 7
1312663261 7
1312663321 6
1312663381 7
1312663441 7
1312663501 7
1312663561 6
1312663621 7
1312663681 7
1312663741 6
1312663802 5
1312663861 7
1312663921 7
1312663981 7
1312664041 8
1312664101 8
1312664161 8
1312664221 8
1312664282 8
1312664341 9
1312664401 8
1312664461 8
1312664521 9
1312664581 9
1312664641 8
1312664701 9
1312664761 9
1312664822 9
1312664881 8
1312664941 8
1312665001 8
1312665061 6
1312665121 8
1312665181 7
1312665241 8
1312665301 8
1312665362 9
1312665421 8
1312665481 9
1312665541 8
1312665601 9
1312665661 9
1312665721 8
1312665781 8
1312665841 9
1312665901 9
1312665962 8
1312666021 8
1312666081 7
1312666141 8
1312666201 8
1312666261 8
1312666321 7
1312666381 7
1312666441 7
1312666501 8
1312666561 8
1312666622 8
1312666681 9
1312666741 9
1312666801 8
1312666861 9
1312666921 9
1312666981 9
1312667041 8
1312667101 8
1312667161 9
1312667221 10
1312667281 10
1312667341 10
1312667401 10
1312667461 9
1312667521 10
1312667581 10
1312667641 8
1312667702 8
1312667761 8
1312667821 8
1312667881 8
1312667941 8
1312668003 9
1312668061 9
1312668121 8
1312668181 9
1312668242 9
1312668301 8
1312668361 8
1312668421 8
1312668481 9
1312668541 9
1312668601 8
1312668661 8
1312668721 8
1312668782 7
1312668841 8
1312668901 7
1312668961 7
1312669021 7
1312669081 7
1312669141 8
1312669201 8
1312669261 8
1312669322 8
1312669382 8
1312669441 7
1312669501 8
1312669561 9
1312669621 8
1312669681 7
1312669741 8
1312669801 8
1312669861 9
1312669921 9
1312669981 9
1312670041 9
1312670101 9
1312670161 9
1312670221 9
1312670281 9
1312670341 7
1312670402 8
1312670461 9
1312670521 9
1312670581 9
1312670641 10
1312670701 9
1312670761 10
1312670821 9
1312670881 11
1312670941 12
1312671001 11
1312671061 10
1312671121 11
1312671181 11
1312671241 11
1312671301 11
1312671361 10
1312671421 11
1312671481 12
1312671541 13
1312671601 12
1312671661 14
1312671721 14
1312671782 15
1312671841 15
1312671901 16
1312671961 16
1312672021 14
1312672081 14
1312672141 13
1312672201 12
1312672261 13
1312672321 14
1312672381 13
1312672441 14
1312672502 13
1312672561 13
1312672621 13
1312672681 12
1312672741 12
1312672801 11
1312672861 12
1312672921 12
1312672981 13
1312673041 12
1312673101 12
1312673162 12
1312673221 12
1312673281 14
1312673341 12
1312673401 13
1312673461 11
1312673521 14
1312673581 14
1312673641 14
1312673701 15
1312673762 17
1312673821 17
1312673881 17
1312673941 20
1312674001 20
1312674061 20
1312674121 17
1312674181 18
1312674241 19
1312674301 19
1312674362 20
1312674422 21
1312674481 20
1312674541 19
1312674601 19
1312674661 21
1312674721 20
1312674781 20
1312674841 21
1312674901 23
1312674961 20
1312675021 22
1312675082 22
1312675141 21
1312675201 21
1312675261 18
1312675321 21
1312675381 22
1312675441 22
1312675501 22
1312675561 23
1312675621 22
1312675681 24
1312675742 24
1312675801 25
1312675861 25
1312675921 24
1312675981 24
1312676041 24
1312676101 28
1312676161 28
1312676221 30
1312676281 28
1312676342 29
1312676401 28
1312676461 31
1312676521 31
1312676581 32
1312676641 32
1312676701 28
1312676761 29
1312676821 31
1312676882 31
1312676941 32
1312677001 30
1312677061 31
1312677121 31
1312677181 29
1312677241 30
1312677301 30
1312677361 27
1312677421 28
1312677482 29
1312677541 27
1312677601 28
1312677661 29
1312677721 29
1312677781 27
1312677841 30
1312677901 31
1312677961 31
1312678021 29
1312678082 29
1312678141 31
1312678201 32
1312678261 32
1312678321 34
1312678381 34
1312678441 31
1312678501 32
1312678561 35
1312678622 35
1312678681 37
1312678741 34
1312678801 34
1312678861 34
1312678921 34
1312678981 34
1312679041 34
1312679101 33
1312679161 32
1312679221 30
1312679282 32
1312679341 31
1312679401 29
1312679461 30
1312679521 31
1312679581 30
1312679641 31
1312679701 29
1312679761 32
1312679821 29
1312679881 28
1312679942 30
1312680001 32
1312680061 30
1312680121 29
1312680181 33
1312680241 32
1312680301 35
1312680361 36
1312680421 38
1312680482 39
1312680541 38
1312680601 38
1312680661 40
1312680721 46
1312680781 45
1312680841 47
1312680901 48
1312680961 47
1312681021 47
1312681082 46
1312681141 47
1312681201 48
1312681261 48
1312681321 45
1312681381 50
1312681441 52
1312681502 51
1312681561 54
1312681621 54
1312681681 56
1312681741 54
1312681801 54
1312681861 56
1312681921 57
1312681981 56
1312682041 58
1312682102 58
1312682161 59
1312682221 57
1312682281 56
1312682341 57
1312682401 57
1312682461 55
1312682521 54
1312682581 56
1312682641 53
1312682702 55
1312682762 55
1312682821 56
1312682881 56
1312682941 54
1312683001 56
1312683061 55
1312683121 55
1312683181 53
1312683242 53
1312683301 54
1312683361 53
1312683421 52
1312683481 54
1312683541 55
1312683601 54
1312683661 54
1312683721 56
1312683781 57
1312683841 53
1312683901 54
1312683961 55
1312684021 56
1312684081 53
1312684141 55
1312684201 53
1312684261 54
1312684322 53
1312684381 51
1312684441 54
1312684501 55
1312684561 56
1312684621 59
1312684681 60
1312684741 58
1312684802 59
1312684861 57
1312684921 58
1312684981 59
1312685041 57
1312685101 54
1312685161 56
1312685221 58
1312685281 59
1312685342 59
1312685401 58
1312685461 58
1312685521 61
1312685581 61
1312685641 63
1312685701 61
1312685761 62
1312685821 60
1312685881 56
1312685942 60
1312686001 60
1312686061 61
1312686121 58
1312686181 61
1312686241 59
1312686301 58
1312686361 56
1312686421 56
1312686481 59
1312686542 57
1312686601 58
1312686661 59
1312686721 58
1312686781 57
1312686841 59
1312686901 58
1312686961 57
1312687021 57
1312687081 56
1312687142 56
1312687201 56
1312687261 55
1312687321 58
1312687381 57
1312687441 55
1312687501 54
1312687561 54
1312687621 56
1312687682 57
1312687741 58
1312687801 59
1312687861 59
1312687921 54
1312687981 54
1312688041 56
1312688101 57
1312688162 59
1312688221 58
1312688281 59
1312688341 60
1312688401 58
1312688461 56
1312688521 55
1312688581 56
1312688641 54
1312688702 56
1312688761 53
1312688821 53
1312688881 53
1312688941 52
1312689001 53
1312689061 53
1312689121 51
1312689182 51
1312689242 51
1312689301 49
1312689361 49
1312689421 48
1312689481 48
1312689541 50
1312689601 51
1312689661 52
1312689721 52
1312689781 50
1312689842 51
1312689901 47
1312689961 49
1312690021 49
1312690081 48
1312690141 47
1312690201 47
1312690261 49
1312690321 49
1312690381 47
1312690442 47
1312690501 49
1312690561 47
1312690621 48
1312690681 49
1312690741 49
1312690801 48
1312690861 47
1312690921 47
1312690982 47
1312691041 47
1312691101 47
1312691161 46
1312691221 47
1312691281 45
1312691341 44
1312691401 44
1312691461 45
1312691522 46
1312691581 46
1312691641 44
1312691701 44
1312691761 42
1312691821 43
1312691881 44
1312691941 44
1312692002 44
1312692061 45
1312692121 44
1312692181 43
1312692241 43
1312692301 43
1312692361 40
1312692421 43
1312692481 42
1312692541 43
1312692601 42
1312692661 41
1312692721 44
1312692781 45
1312692841 46
1312692901 46
1312692962 48
1312693021 43
1312693081 47
1312693141 48
1312693201 48
1312693261 48
1312693321 49
1312693381 49
1312693441 47
1312693501 45
1312693562 47
1312693621 45
1312693681 47
1312693741 44
1312693801 46
1312693861 44
1312693921 46
1312693981 45
1312694041 45
1312694102 46
1312694161 46
1312694221 48
1312694281 44
1312694341 45
1312694401 48
1312694461 50
1312694521 50
1312694581 49
1312694641 52
1312694701 52
1312694761 52
1312694821 51
1312694881 53
1312694941 52
1312695001 53
1312695061 51
1312695121 50
1312695181 51
1312695242 49
1312695301 50
1312695361 49
1312695421 48
1312695481 47
1312695541 47
1312695601 47
1312695661 45
1312695721 43
1312695782 47
1312695841 49
1312695901 48
1312695961 47
1312696021 48
1312696081 46
1312696141 47
1312696201 46
1312696261 48
1312696321 48
1312696381 47
1312696442 47
1312696501 48
1312696561 49
1312696621 47
1312696681 48
1312696741 46
1312696801 48
1312696861 50
1312696921 49
1312696981 51
1312697042 51
1312697101 50
1312697161 49
1312697221 49
1312697281 49
1312697341 48
1312697401 49
1312697461 49
1312697521 49
1312697581 48
1312697641 48
1312697701 50
1312697761 51
1312697821 49
1312697881 48
1312697941 50
1312698001 46
1312698061 49
1312698121 51
1312698182 45
1312698241 48
1312698301 50
1312698361 50
1312698421 51
1312698481 50
1312698541 51
1312698601 49
1312698661 44
1312698721 46
1312698781 49
1312698842 47
1312698901 47
1312698961 48
1312699021 50
1312699081 50
1312699141 48
1312699201 48
1312699261 47
1312699321 48
1312699382 48
1312699441 50
1312699501 49
1312699561 47
1312699621 48
1312699681 50
1312699741 50
1312699801 50
1312699862 53
1312699921 51
1312699981 51
1312700041 51
1312700101 50
1312700161 51
1312700221 51
1312700281 47
1312700341 50
1312700401 51
1312700461 47
1312700522 47
1312700581 49
1312700641 50
1312700701 47
1312700761 50
1312700821 48
1312700881 50
1312700941 51
1312701001 52
1312701061 51
1312701121 51
1312701181 51
1312701241 51
1312701301 54
1312701361 54
1312701421 56
1312701481 58
1312701541 56
1312701601 58
1312701661 59
1312701721 59
1312701781 55
1312701841 58
1312701901 57
1312701961 59
1312702022 60
1312702081 59
1312702141 56
1312702201 54
1312702261 57
1312702321 57
1312702381 59
1312702441 58
1312702501 63
1312702562 60
1312702621 61
1312702681 62
1312702741 64
1312702801 62
1312702861 62
1312702921 62
1312702981 63
1312703041 60
1312703101 58
1312703161 59
1312703221 57
1312703281 56
1312703341 55
1312703401 56
1312703461 56
1312703521 56
1312703581 55
1312703642 54
1312703701 51
1312703761 53
1312703821 57
1312703881 56
1312703941 59
1312704001 56
1312704061 59
1312704121 58
1312704181 57
1312704242 61
1312704301 59
1312704361 59
1312704421 58
1312704481 58
1312704541 59
1312704601 60
1312704661 58
1312704721 60
1312704782 60
1312704841 59
1312704901 59
1312704961 57
1312705021 54
1312705081 55
1312705141 54
1312705201 57
1312705261 55
1312705321 56
1312705382 58
1312705441 59
1312705501 58
1312705561 60
1312705621 60
1312705681 60
1312705741 59
1312705801 60
1312705861 60
1312705922 58
1312705981 56
1312706041 54
1312706101 56
1312706161 55
1312706221 55
1312706281 56
1312706341 54
1312706401 55
1312706461 56
1312706522 54
1312706581 57
1312706641 57
1312706701 58
1312706761 59
1312706821 59
1312706881 58
1312706941 59
1312707001 61
1312707061 62
1312707121 62
1312707181 61
1312707241 58
1312707301 59
1312707361 56
1312707421 60
1312707481 55
1312707542 58
1312707601 53
1312707661 55
1312707721 56
1312707781 56
1312707841 58
1312707901 58
1312707961 60
1312708021 57
1312708082 58
1312708141 57
1312708201 58
1312708261 57
1312708321 56
1312708381 54
1312708441 56
1312708501 51
1312708561 52
1312708622 52
1312708681 52
1312708741 52
1312708801 48
1312708861 48
1312708921 49
1312708981 51
1312709041 47
1312709101 49
1312709162 47
1312709221 50
1312709281 50
1312709341 51
1312709401 53
1312709461 52
1312709521 49
1312709581 52
1312709641 52
1312709701 49
1312709761 49
1312709821 47
1312709881 48
1312709941 47
1312710001 46
1312710061 47
1312710121 49
1312710181 49
1312710241 52
1312710302 52
1312710361 51
1312710421 50
1312710481 50
1312710541 48
1312710601 48
1312710661 49
1312710721 50
1312710781 48
1312710842 46
1312710901 49
1312710961 51
1312711021 50
1312711081 52
1312711141 51
1312711201 52
1312711261 50
1312711322 52
1312711381 51
1312711441 49
1312711501 53
1312711561 53
1312711621 55
1312711681 54
1312711741 56
1312711801 56
1312711862 54
1312711921 55
1312711981 58
1312712041 56
1312712101 57
1312712161 58
1312712221 61
1312712281 62
1312712341 60
1312712402 62
1312712461 63
1312712521 61
1312712581 58
1312712641 60
1312712701 60
1312712761 58
1312712821 59
1312712882 60
1312712941 62
1312713001 59
1312713061 60
1312713121 59
1312713181 60
1312713241 58
1312713301 58
1312713361 56
1312713421 59
1312713482 59
1312713541 57
1312713601 58
1312713661 59
1312713721 60
1312713781 60
1312713841 60
1312713901 58
1312713962 58
1312714021 57
1312714081 59
1312714141 58
1312714201 57
1312714261 56
1312714321 54
1312714381 53
1312714441 54
1312714501 51
1312714561 54
1312714622 53
1312714681 51
1312714741 55
1312714801 55
1312714861 56
1312714921 56
1312714981 55
1312715041 56
1312715101 57
1312715162 57
1312715221 56
1312715281 58
1312715341 56
1312715401 57
1312715461 56
1312715521 59
1312715581 59
1312715641 58
1312715701 59
1312715761 59
1312715821 56
1312715881 60
1312715941 60
1312716001 60
1312716061 62
1312716121 61
1312716181 61
1312716241 59
1312716302 61
1312716361 60
1312716421 60
1312716481 61
1312716541 61
1312716601 60
1312716661 62
1312716721 64
1312716782 64
1312716842 64
1312716901 60
1312716961 60
1312717021 63
1312717081 60
1312717141 60
1312717201 59
1312717262 59
1312717321 61
1312717381 63
1312717441 61
1312717501 63
1312717561 61
1312717621 64
1312717681 66
1312717741 67
1312717802 66
1312717861 64
1312717921 63
1312717981 63
1312718041 63
1312718101 64
1312718161 64
1312718221 63
1312718281 60
1312718342 62
1312718401 61
1312718461 62
1312718521 59
1312718581 60
1312718641 61
1312718701 61
1312718761 62
1312718821 60
1312718881 59
1312718942 60
1312719001 64
1312719061 62
1312719121 63
1312719181 63
1312719241 66
1312719301 67
1312719361 67
1312719421 66
1312719481 64
1312719541 63
1312719602 65
1312719661 66
1312719721 62
1312719781 62
1312719841 63
1312719901 63
1312719961 66
1312720021 63
1312720081 64
1312720141 60
1312720202 58
1312720261 58
1312720321 60
1312720381 59
1312720441 63
1312720501 61
1312720561 69
1312720621 70
1312720681 71
1312720741 71
1312720802 71
1312720861 72
1312720921 72
1312720981 73
1312721041 69
1312721101 73
1312721161 72
1312721221 71
1312721281 72
1312721341 75
1312721402 74
1312721461 70
1312721521 72
1312721581 70
1312721641 74
1312721701 74
1312721761 72
1312721821 74
1312721881 72
1312721942 72
1312722001 74
1312722061 72
1312722121 73
1312722181 71
1312722241 69
1312722301 74
1312722361 72
1312722421 75
1312722481 73
1312722542 72
1312722601 74
1312722661 74
1312722721 75
1312722781 77
1312722841 77
1312722902 72
1312722961 76
1312723021 74
1312723081 77
1312723141 75
1312723201 74
1312723261 76
1312723322 74
1312723381 74
1312723441 73
1312723501 72
1312723561 72
1312723621 73
1312723681 69
1312723741 71
1312723801 70
1312723862 73
1312723921 75
1312723981 77
1312724041 77
1312724101 78
1312724161 76
1312724221 77
1312724281 79
1312724341 80
1312724401 78
1312724462 78
1312724521 76
1312724581 73
1312724641 75
1312724701 74
1312724761 71
1312724821 69
1312724881 70
1312724941 71
1312725002 72
1312725061 70
1312725121 71
1312725181 72
1312725241 69
1312725301 69
1312725361 68
1312725421 69
1312725481 72
1312725542 70
1312725601 73
1312725661 72
1312725721 72
1312725781 75
1312725841 77
1312725901 79
1312725961 80
1312726021 80
1312726081 79
1312726142 79
1312726201 79
1312726261 77
1312726321 79
1312726381 76
1312726441 75
1312726501 78
1312726561 79
1312726622 78
1312726681 77
1312726741 73
1312726801 77
1312726861 78
1312726921 76
1312726981 74
1312727041 74
1312727101 69
1312727161 75
1312727222 75
1312727281 75
1312727341 75
1312727401 72
1312727461 75
1312727521 76
1312727581 81
1312727641 83
1312727701 83
1312727762 81
1312727821 79
1312727881 79
1312727941 78
1312728001 79
1312728061 79
1312728122 77
1312728181 76
1312728241 73
1312728301 71
1312728361 70
1312728421 71
1312728481 71
1312728541 71
1312728601 70
1312728661 71
1312728722 71
1312728781 68
1312728841 70
1312728901 70
1312728961 69
1312729021 66
1312729081 68
1312729141 70
1312729201 71
1312729261 68
1312729322 68
1312729381 70
1312729441 68
1312729501 66
1312729561 67
1312729621 68
1312729681 66
1312729741 64
1312729802 61
1312729862 61
1312729921 59
1312729981 56
1312730041 59
1312730101 59
1312730161 56
1312730221 54
1312730281 53
1312730342 53
1312730401 54
1312730461 52
1312730521 53
1312730581 54
1312730641 54
1312730701 53
1312730761 52
1312730821 53
1312730881 52
1312730942 50
1312731001 47
1312731061 48
1312731121 46
1312731181 44
1312731241 40
1312731301 40
1312731362 38
1312731421 38
1312731481 38
1312731541 38
1312731601 38
1312731661 37
1312731721 37
1312731781 37
1312731841 37
1312731902 37
1312731961 38
1312732021 36
1312732081 38
1312732141 40
1312732201 40
1312732261 39
1312732321 39
1312732381 39
1312732441 35
1312732501 37
1312732561 33
1312732621 33
1312732681 32
1312732741 34
1312732801 32
