1309622461 11
1309622521 11
1309622581 12
1309622641 12
1309622701 12
1309622761 11
1309622821 11
1309622882 11
1309622941 10
1309623001 10
1309623061 11
1309623121 11
1309623181 12
1309623241 12
1309623301 12
1309623361 12
1309623421 11
1309623481 13
1309623541 12
1309623601 13
1309623661 14
1309623721 13
1309623781 13
1309623841 14
1309623901 14
1309623961 14
1309624021 14
1309624081 12
1309624142 13
1309624201 9
1309624261 8
1309624321 10
1309624381 9
1309624441 9
1309624501 10
1309624561 10
1309624621 10
1309624682 9
1309624741 10
1309624801 11
1309624861 9
1309624921 9
1309624981 10
1309625041 10
1309625101 10
1309625161 11
1309625221 11
1309625282 11
1309625341 9
1309625401 10
1309625461 10
1309625521 9
1309625581 7
1309625641 9
1309625701 8
1309625761 8
1309625821 9
1309625882 9
1309625941 9
1309626001 8
1309626061 9
1309626121 9
1309626182 9
1309626241 6
1309626301 10
1309626361 9
1309626421 10
1309626481 11
1309626541 12
1309626601 11
1309626661 12
1309626721 11
1309626782 12
1309626841 13
1309626901 10
1309626961 11
1309627021 9
1309627081 9
1309627141 9
1309627201 9
1309627261 8
1309627322 9
1309627382 9
1309627441 8
1309627501 8
1309627561 6
1309627621 8
1309627681 7
1309627741 7
1309627801 8
1309627861 8
1309627921 8
1309627982 7
1309628041 8
1309628101 8
1309628161 8
1309628221 6
1309628281 8
1309628341 7
1309628401 7
1309628463 7
1309628522 7
1309628581 8
1309628641 8
1309628701 8
1309628761 8
1309628821 8
1309628881 6
1309628941 8
1309629002 7
1309629061 6
1309629121 8
1309629181 8
1309629241 7
1309629301 8
1309629361 8
1309629421 8
1309629481 8
1309629541 6
1309629601 8
1309629661 7
1309629722 7
1309629781 7
1309629841 6
1309629901 6
1309629961 6
1309630021 6
1309630081 6
1309630141 6
1309630201 5
1309630261 6
1309630321 6
1309630381 6
1309630441 6
1309630501 6
1309630561 6
1309630621 6
1309630681 6
1309630741 6
1309630801 6
1309630861 5
1309630921 5
1309630981 5
1309631042 6
1309631101 6
1309631161 6
1309631221 6
1309631281 6
1309631341 6
1309631401 6
1309631461 6
1309631521 4
1309631581 7
1309631641 6
1309631702 7
1309631761 7
1309631821 7
1309631881 7
1309631941 7
1309632001 7
1309632061 7
1309632121 8
1309632181 4
1309632241 7
1309632301 6
1309632361 7
1309632421 7
1309632481 7
1309632541 7
1309632601 7
1309632661 6
1309632721 6
1309632781 6
1309632841 4
1309632901 6
1309632961 6
1309633021 6
1309633081 6
1309633141 6
1309633201 6
1309633261 6
1309633321 5
1309633381 6
1309633441 5
1309633502 5
1309633561 4
1309633621 5
1309633681 6
1309633741 6
1309633801 6
1309633861 6
1309633921 6
1309633981 7
1309634041 8
1309634102 8
1309634161 8
1309634221 8
1309634281 9
1309634341 9
1309634401 9
1309634461 9
1309634521 9
1309634581 8
1309634641 8
1309634701 7
1309634762 5
1309634821 5
1309634881 5
1309634941 6
1309635001 6
1309635061 6
1309635121 6
1309635181 6
1309635241 6
1309635301 6
1309635361 6
1309635422 5
1309635481 5
1309635541 6
1309635601 8
1309635661 8
1309635721 8
1309635781 9
1309635841 9
1309635901 10
1309635961 10
1309636022 10
1309636081 9
1309636141 9
1309636201 8
1309636261 8
1309636321 10
1309636381 9
1309636441 9
1309636501 9
1309636561 8
1309636621 8
1309636681 9
1309636741 8
1309636801 10
1309636861 9
1309636921 9
1309636981 8
1309637041 8
1309637101 9
1309637161 8
1309637221 9
1309637281 9
1309637342 8
1309637401 5
1309637461 6
1309637521 5
1309637581 6
1309637641 6
1309637701 5
1309637761 6
1309637821 6
1309637881 8
1309637941 7
1309638002 9
1309638061 9
1309638121 10
1309638181 8
1309638241 10
1309638301 11
1309638361 10
1309638421 9
1309638481 7
1309638541 8
1309638601 6
1309638661 6
1309638722 5
1309638781 6
1309638841 6
1309638901 5
1309638961 6
1309639021 6
1309639081 6
1309639141 6
1309639201 6
1309639261 6
1309639321 6
1309639382 5
1309639442 5
1309639501 5
1309639561 5
1309639621 6
1309639681 6
1309639741 6
1309639801 6
1309639861 6
1309639921 6
1309639981 6
1309640041 5
1309640102 5
1309640161 5
1309640221 5
1309640281 6
1309640341 6
1309640401 6
1309640461 6
1309640521 6
1309640581 6
1309640641 6
1309640701 6
1309640762 4
1309640821 5
1309640881 5
1309640941 6
1309641001 6
1309641061 6
1309641121 6
1309641181 6
1309641241 6
1309641301 6
1309641361 7
1309641422 6
1309641481 5
1309641541 5
1309641601 6
1309641661 6
1309641721 5
1309641781 5
1309641841 5
1309641901 5
1309641961 4
1309642021 5
1309642082 4
1309642141 4
1309642201 4
1309642261 6
1309642321 6
1309642381 6
1309642441 6
1309642501 6
1309642561 6
1309642621 5
1309642681 6
1309642741 5
1309642802 5
1309642861 4
1309642921 6
1309642981 6
1309643041 6
1309643101 6
1309643161 6
1309643221 6
1309643281 6
1309643341 5
1309643401 5
1309643462 5
1309643521 6
1309643581 7
1309643641 7
1309643701 7
1309643761 7
1309643821 8
1309643881 8
1309643941 8
1309644001 8
1309644061 7
1309644121 7
1309644181 6
1309644241 7
1309644301 7
1309644361 7
1309644422 7
1309644481 6
1309644541 5
1309644601 6
1309644661 6
1309644721 5
1309644781 6
1309644841 5
1309644901 6
1309644961 6
1309645022 6
1309645081 6
1309645141 6
1309645201 5
1309645261 5
1309645321 3
1309645381 5
1309645441 5
1309645501 4
1309645561 5
1309645621 5
1309645682 6
1309645741 6
1309645801 6
1309645861 6
1309645921 6
1309645981 4
1309646041 7
1309646101 7
1309646161 6
1309646221 7
1309646281 7
1309646342 7
1309646401 7
1309646461 7
1309646521 7
1309646581 6
1309646641 6
1309646701 6
1309646761 7
1309646821 6
1309646881 7
1309646942 7
1309647001 7
1309647061 7
1309647121 7
1309647181 7
1309647241 8
1309647301 7
1309647361 8
1309647422 8
1309647481 7
1309647541 6
1309647601 7
1309647661 7
1309647721 7
1309647781 7
1309647841 5
1309647901 6
1309647961 5
1309648021 6
1309648081 6
1309648142 6
1309648201 5
1309648261 6
1309648321 6
1309648381 7
1309648441 7
1309648501 7
1309648561 6
1309648621 6
1309648681 8
1309648741 8
1309648802 8
1309648861 7
1309648921 8
1309648981 7
1309649041 8
1309649101 7
1309649161 8
1309649221 7
1309649281 6
1309649341 8
1309649402 8
1309649461 7
1309649521 8
1309649581 8
1309649641 8
1309649701 9
1309649761 8
1309649821 8
1309649881 8
1309649941 8
1309650002 7
1309650061 8
1309650121 7
1309650181 8
1309650241 8
1309650301 7
1309650361 9
1309650421 9
1309650481 8
1309650541 8
1309650601 8
1309650662 7
1309650721 7
1309650781 7
1309650841 8
1309650901 8
1309650961 5
1309651021 7
1309651081 7
1309651141 7
1309651201 7
1309651261 7
1309651322 7
1309651381 6
1309651441 6
1309651501 7
1309651561 7
1309651621 5
1309651681 7
1309651741 6
1309651801 7
1309651861 7
1309651921 7
1309651981 7
1309652042 6
1309652101 6
1309652161 7
1309652221 8
1309652281 7
1309652341 9
1309652401 8
1309652461 9
1309652521 9
1309652581 9
1309652641 9
1309652702 8
1309652761 8
1309652821 8
1309652881 8
1309652941 6
1309653001 8
1309653061 7
1309653121 8
1309653181 8
1309653241 8
1309653302 8
1309653361 7
1309653421 7
1309653481 8
1309653541 8
1309653601 7
1309653661 8
1309653721 7
1309653781 8
1309653841 8
1309653902 9
1309653961 9
1309654021 8
1309654081 9
1309654141 9
1309654201 9
1309654261 8
1309654321 8
1309654381 8
1309654441 11
1309654501 10
1309654562 12
1309654621 12
1309654681 9
1309654741 11
1309654801 10
1309654861 11
1309654921 10
1309654981 10
1309655041 8
1309655101 10
1309655161 9
1309655222 10
1309655281 10
1309655341 8
1309655401 9
1309655461 9
1309655521 9
1309655581 9
1309655641 9
1309655701 6
1309655761 9
1309655821 9
1309655881 8
1309655942 8
1309656001 9
1309656061 10
1309656121 10
1309656181 10
1309656241 11
1309656301 11
1309656361 8
1309656421 10
1309656481 10
1309656541 10
1309656601 9
1309656662 9
1309656721 10
1309656781 10
1309656841 8
1309656901 9
1309656961 9
1309657021 9
1309657081 10
1309657141 9
1309657201 10
1309657261 10
1309657321 9
1309657382 10
1309657441 11
1309657501 11
1309657561 11
1309657621 11
1309657681 11
1309657741 12
1309657801 11
1309657861 12
1309657921 11
1309657981 12
1309658041 12
1309658102 11
1309658161 11
1309658221 11
1309658281 11
1309658341 11
1309658401 12
1309658461 10
1309658521 12
1309658581 11
1309658641 12
1309658701 11
1309658761 11
1309658822 10
1309658881 12
1309658941 11
1309659001 12
1309659061 13
1309659121 12
1309659181 11
1309659241 11
1309659301 12
1309659361 11
1309659422 10
1309659482 10
1309659541 11
1309659601 9
1309659661 11
1309659721 13
1309659781 13
1309659841 12
1309659901 13
1309659961 13
1309660021 13
1309660081 11
1309660141 12
1309660202 13
1309660261 12
1309660321 11
1309660381 13
1309660441 13
1309660501 12
1309660561 13
1309660621 13
1309660681 13
1309660741 12
1309660801 11
1309660861 11
1309660921 12
1309660982 11
1309661041 12
1309661101 12
1309661161 11
1309661221 12
1309661281 12
1309661341 12
1309661401 13
1309661461 12
1309661521 12
1309661581 12
1309661641 12
1309661701 13
1309661761 13
1309661821 12
1309661881 13
1309661941 12
1309662001 10
1309662061 10
1309662121 9
1309662181 10
1309662241 9
1309662301 10
1309662362 11
1309662422 11
1309662481 11
1309662541 12
1309662601 12
1309662661 11
1309662721 11
1309662781 10
1309662841 11
1309662901 11
1309662961 11
1309663021 12
1309663081 13
1309663142 13
1309663201 14
1309663261 14
1309663321 13
1309663381 13
1309663441 13
1309663501 13
1309663561 15
1309663621 14
1309663681 13
1309663741 13
1309663801 13
1309663862 14
1309663921 14
1309663981 13
1309664041 13
1309664101 12
1309664161 11
1309664221 15
1309664281 16
1309664341 15
1309664401 15
1309664461 16
1309664521 16
1309664582 16
1309664641 15
1309664701 16
1309664761 16
1309664821 12
1309664881 12
1309664941 12
1309665001 11
1309665061 9
1309665121 9
1309665181 11
1309665241 11
1309665302 11
1309665361 9
1309665421 11
1309665481 9
1309665541 11
1309665601 11
1309665661 11
1309665721 11
1309665781 10
1309665841 11
1309665901 9
1309665961 11
1309666022 8
1309666081 11
1309666141 9
1309666201 12
1309666261 12
1309666321 12
1309666381 12
1309666441 11
1309666501 12
1309666561 10
1309666621 13
1309666682 12
1309666741 12
1309666801 12
1309666861 14
1309666921 15
1309666981 15
1309667041 15
1309667101 14
1309667161 14
1309667221 12
1309667281 12
1309667341 12
1309667401 9
1309667462 9
1309667521 9
1309667581 8
1309667641 9
1309667701 9
1309667761 9
1309667821 8
1309667881 9
1309667941 9
1309668001 9
1309668061 9
1309668122 8
1309668181 8
1309668241 7
1309668301 7
1309668361 9
1309668421 9
1309668481 7
1309668541 9
1309668601 9
1309668661 8
1309668721 9
1309668781 10
1309668842 10
1309668901 10
1309668961 8
1309669021 9
1309669081 9
1309669141 7
1309669201 8
1309669261 9
1309669321 8
1309669381 9
1309669441 9
1309669502 9
1309669561 9
1309669621 7
1309669681 10
1309669741 10
1309669801 8
1309669861 9
1309669921 10
1309669981 9
1309670041 10
1309670101 10
1309670162 10
1309670221 10
1309670281 9
1309670341 10
1309670401 9
1309670461 8
1309670521 9
1309670581 10
1309670641 11
1309670701 11
1309670761 11
1309670821 11
1309670882 11
1309670941 10
1309671001 11
1309671061 11
1309671121 10
1309671181 10
1309671241 10
1309671301 11
1309671361 11
1309671421 11
1309671481 11
1309671542 11
1309671601 11
1309671661 11
1309671721 12
1309671781 11
1309671841 10
1309671901 12
1309671961 12
1309672021 12
1309672081 11
1309672141 12
1309672202 11
1309672261 10
1309672321 10
1309672381 11
1309672441 11
1309672501 10
1309672561 11
1309672621 12
1309672681 11
1309672741 11
1309672801 12
1309672861 12
1309672921 10
1309672982 12
1309673041 12
1309673101 11
1309673161 12
1309673221 11
1309673281 12
1309673341 13
1309673401 11
1309673461 12
1309673521 12
1309673581 10
1309673641 11
1309673702 12
1309673761 11
1309673821 12
1309673881 11
1309673941 12
1309674001 12
1309674061 11
1309674121 11
1309674181 12
1309674241 10
1309674301 11
1309674361 13
1309674421 12
1309674481 13
1309674541 12
1309674601 12
1309674661 13
1309674721 12
1309674781 13
1309674841 13
1309674901 12
1309674961 12
1309675021 13
1309675082 12
1309675141 13
1309675201 12
1309675261 12
1309675321 13
1309675381 11
1309675441 13
1309675501 14
1309675561 12
1309675621 13
1309675681 14
1309675742 14
1309675801 14
1309675861 14
1309675921 15
1309675981 16
1309676041 13
1309676101 14
1309676161 16
1309676221 14
1309676281 17
1309676341 17
1309676401 18
1309676461 17
1309676522 16
1309676581 15
1309676641 15
1309676701 12
1309676761 12
1309676821 14
1309676881 10
1309676941 12
1309677001 11
1309677061 12
1309677121 11
1309677181 13
1309677242 13
1309677301 12
1309677361 11
1309677421 10
1309677481 13
1309677541 12
1309677601 14
1309677661 14
1309677721 14
1309677781 14
1309677841 13
1309677901 15
1309677962 15
1309678021 13
1309678081 14
1309678141 11
1309678201 12
1309678261 12
1309678321 12
1309678381 12
1309678441 12
1309678501 10
1309678561 11
1309678621 11
1309678681 11
1309678742 11
1309678801 10
1309678861 10
1309678921 12
1309678981 12
1309679041 12
1309679101 12
1309679161 10
1309679221 12
1309679281 11
1309679341 11
1309679401 11
1309679462 10
1309679521 10
1309679581 13
1309679641 13
1309679701 13
1309679761 13
1309679821 11
1309679881 12
1309679941 12
1309680001 12
1309680061 12
1309680121 11
1309680182 13
1309680241 14
1309680301 14
1309680361 14
1309680421 14
1309680481 14
1309680541 13
1309680601 14
1309680661 13
1309680721 14
1309680781 13
1309680841 14
1309680902 15
1309680961 15
1309681021 15
1309681081 14
1309681141 15
1309681201 14
1309681261 15
1309681321 14
1309681381 13
1309681441 13
1309681501 14
1309681561 15
1309681622 15
1309681681 14
1309681741 14
1309681801 15
1309681861 14
1309681921 14
1309681981 13
1309682041 12
1309682101 11
1309682161 12
1309682221 14
1309682281 14
1309682341 13
1309682401 14
1309682461 14
1309682521 14
1309682581 14
1309682641 11
1309682701 14
1309682761 13
1309682821 12
1309682881 13
1309682941 13
1309683001 12
1309683061 13
1309683122 13
1309683181 13
1309683241 13
1309683301 12
1309683361 13
1309683421 13
1309683481 12
1309683541 13
1309683601 13
1309683661 12
1309683721 13
1309683782 12
1309683841 13
1309683901 11
1309683961 11
1309684021 12
1309684081 13
1309684141 13
1309684201 13
1309684261 13
1309684321 13
1309684381 13
1309684442 11
1309684501 13
1309684561 14
1309684621 12
1309684681 14
1309684741 15
1309684801 15
1309684861 15
1309684921 15
1309684981 15
1309685041 15
1309685101 14
1309685162 14
1309685221 15
1309685281 14
1309685341 14
1309685401 13
1309685461 15
1309685521 15
1309685581 15
1309685641 15
1309685701 15
1309685762 12
1309685821 13
1309685881 15
1309685941 14
1309686001 14
1309686061 13
1309686121 14
1309686181 14
1309686241 14
1309686301 13
1309686362 13
1309686421 12
1309686481 14
1309686541 15
1309686601 14
1309686661 14
1309686721 14
1309686781 15
1309686841 16
1309686901 16
1309686961 15
1309687022 14
1309687081 13
1309687141 14
1309687201 13
1309687261 13
1309687321 13
1309687381 12
1309687441 12
1309687501 12
1309687561 12
1309687621 11
1309687682 11
1309687741 12
1309687801 13
1309687861 13
1309687921 12
1309687981 12
1309688041 12
1309688101 14
1309688161 14
1309688221 14
1309688281 12
1309688342 14
1309688401 13
1309688461 14
1309688521 14
1309688581 13
1309688641 13
1309688701 12
1309688761 13
1309688821 13
1309688881 13
1309688941 9
1309689002 11
1309689061 9
1309689121 11
1309689181 11
1309689241 11
1309689301 11
1309689361 10
1309689421 11
1309689481 11
1309689541 10
1309689601 9
1309689662 11
1309689721 12
1309689781 12
1309689841 12
1309689901 10
1309689961 12
1309690021 12
1309690081 11
1309690141 12
1309690201 11
1309690262 11
1309690322 11
1309690381 14
1309690441 14
1309690501 14
1309690561 13
1309690621 13
1309690681 14
1309690741 13
1309690801 13
1309690861 13
1309690921 13
1309690981 12
1309691042 13
1309691101 13
1309691161 13
1309691221 12
1309691281 13
1309691341 12
1309691401 12
1309691461 11
1309691521 11
1309691581 10
1309691642 11
1309691701 12
1309691761 12
1309691821 12
1309691881 11
1309691941 13
1309692001 13
1309692061 12
1309692121 11
1309692181 13
1309692241 12
1309692301 13
1309692362 14
1309692421 13
1309692481 14
1309692541 14
1309692601 14
1309692661 14
1309692721 14
1309692781 12
1309692841 13
1309692901 15
1309692961 14
1309693021 15
1309693082 13
1309693141 14
1309693201 13
1309693261 14
1309693321 13
1309693381 13
1309693441 12
1309693501 12
1309693561 14
1309693621 13
1309693681 14
1309693742 13
1309693801 14
1309693861 14
1309693921 14
1309693981 13
1309694041 13
1309694101 12
1309694161 12
1309694221 14
1309694281 13
1309694342 12
1309694401 14
1309694461 15
1309694521 16
1309694581 16
1309694641 16
1309694701 15
1309694761 15
1309694821 15
1309694881 18
1309694941 18
1309695001 16
1309695062 16
1309695121 19
1309695181 19
1309695241 24
1309695301 24
1309695361 23
1309695421 20
1309695481 21
1309695541 21
1309695601 21
1309695661 21
1309695722 18
1309695781 20
1309695841 15
1309695901 16
1309695961 16
1309696021 16
1309696081 12
1309696141 13
1309696201 13
1309696261 13
1309696321 13
1309696381 12
1309696442 16
1309696501 16
1309696561 16
1309696621 17
1309696681 19
1309696741 18
1309696801 18
1309696861 18
1309696921 19
1309696981 17
1309697042 15
1309697101 18
1309697161 22
1309697221 21
1309697281 22
1309697341 21
1309697401 21
1309697461 21
1309697521 20
1309697581 23
1309697641 21
1309697701 16
1309697762 15
1309697821 16
1309697881 15
1309697941 15
1309698001 15
1309698061 14
1309698121 15
1309698181 12
1309698241 15
1309698301 15
1309698361 15
1309698421 15
1309698481 15
1309698541 15
1309698601 15
1309698661 15
1309698721 15
1309698781 15
1309698841 15
1309698901 15
1309698961 15
1309699022 15
1309699081 16
1309699141 16
1309699201 16
1309699261 16
1309699321 16
1309699381 16
1309699441 16
1309699501 16
1309699561 16
1309699621 16
1309699682 16
1309699741 16
1309699801 16
1309699861 16
1309699921 16
1309699981 16
1309700041 16
1309700101 16
1309700161 16
1309700222 267
1309700281 308
1309700341 308
1309700401 598
1309700461 598
1309700521 598
1309700581 888
1309700642 888
1309700702 977
1309700761 1178
1309700821 1181
1309700881 1601
1309700941 1601
1309701001 1601
1309701061 1601
1309701121 1601
1309701182 1948
1309701241 1984
1309701301 1984
1309701361 2321
1309701421 2371
1309701482 2371
1309701541 2371
1309701603 2632
1309701661 2840
1309701721 2840
1309701781 2840
1309701841 2840
1309701902 2896
1309701961 1149
1309702021 1149
1309702081 850
1309702141 850
1309702201 850
1309702262 850
DB Error: connect failed1309702381 2051
1309702441 2336
1309702502 2338
1309702561 2339
1309702621 2339
1309702681 2339
1309702741 2931
1309702802 2826
1309702861 2905
1309702921 2905
1309702981 2490
1309703042 2490
1309703104 3049
1309703161 3786
1309703221 3897
1309703281 3897
1309703341 3897
1309703401 3897
1309703461 3897
1309703521 3897
1309703581 3897
1309703641 3897
1309703701 3897
1309703762 3897
1309703821 3897
1309703881 3897
1309703941 3897
1309704001 3897
1309704061 3897
1309704121 3897
1309704181 3897
1309704241 3897
1309704301 3897
1309704361 3897
1309704422 3897
1309704481 3897
1309704541 3897
1309704601 3897
1309704661 3897
1309704721 3897
1309704781 3897
1309704841 3897
1309704901 3897
1309704961 3897
1309705021 3897
1309705082 3897
1309705141 3897
1309705201 3897
1309705261 3897
1309705321 3897
1309705381 3897
1309705441 3897
1309705501 3897
1309705561 3897
1309705621 3897
1309705681 3897
1309705742 3897
1309705801 3897
1309705861 3897
1309705921 3897
1309705981 3897
1309706041 3897
1309706101 3897
1309706161 3897
1309706221 3897
1309706281 3897
1309706341 3897
1309706401 3897
1309706462 3897
1309706521 3897
1309706581 3897
1309706641 3897
1309706701 3897
1309706761 3897
1309706821 3897
1309706881 3897
1309706941 3897
1309707001 3897
1309707061 3897
1309707122 3897
1309707181 3897
1309707241 3897
1309707301 3897
1309707361 3897
1309707421 3897
1309707481 3897
1309707541 3897
1309707601 3897
1309707661 3897
1309707721 3897
1309707781 3897
1309707842 3897
1309707901 3897
1309707961 3897
1309708021 3897
1309708081 3897
1309708141 3897
1309708201 3897
1309708261 3897
1309708321 3897
1309708381 3897
1309708442 3897
1309708501 3897
1309708561 3897
1309708621 3897
1309708681 3897
1309708741 3897
1309708801 3897
