1307116861 10
1307116922 10
1307116981 13
1307117041 12
1307117101 10
1307117161 12
1307117221 12
1307117281 12
1307117341 13
1307117401 13
1307117461 12
1307117521 10
1307117581 9
1307117642 11
1307117701 11
1307117761 9
1307117821 10
1307117881 9
1307117941 11
1307118001 10
1307118061 11
1307118121 11
1307118181 11
1307118241 9
1307118302 11
1307118361 11
1307118421 10
1307118481 10
1307118541 10
1307118601 10
1307118661 10
1307118721 10
1307118781 7
1307118841 10
1307118902 10
1307118961 10
1307119021 9
1307119081 10
1307119141 9
1307119201 9
1307119261 9
1307119321 9
1307119381 9
1307119441 8
1307119501 6
1307119562 6
1307119621 6
1307119681 5
1307119741 6
1307119801 6
1307119861 7
1307119921 6
1307119981 7
1307120041 6
1307120101 7
1307120161 6
1307120221 7
1307120282 7
1307120341 7
1307120401 6
1307120461 7
1307120521 7
1307120581 7
1307120641 7
1307120701 6
1307120762 7
1307120822 6
1307120881 7
1307120941 6
1307121001 6
1307121061 5
1307121121 7
1307121181 7
1307121241 7
1307121301 7
1307121361 6
1307121421 7
1307121481 6
1307121541 7
1307121601 6
1307121661 6
1307121721 6
1307121781 6
1307121841 7
1307121902 7
1307121961 7
1307122021 6
1307122081 7
1307122141 7
1307122201 7
1307122261 6
1307122321 5
1307122381 6
1307122441 6
1307122501 7
1307122562 7
1307122622 7
1307122681 6
1307122741 6
1307122801 6
1307122861 6
1307122921 5
1307122981 6
1307123041 6
1307123101 6
1307123161 6
1307123221 6
1307123281 6
1307123342 5
1307123401 6
1307123461 6
1307123521 6
1307123581 5
1307123641 5
1307123701 4
1307123761 5
1307123821 5
1307123881 5
1307123941 5
1307124001 4
1307124061 5
1307124122 5
1307124181 4
1307124241 3
1307124301 7
1307124361 7
1307124421 7
1307124481 7
1307124541 7
1307124601 7
1307124661 6
1307124721 7
1307124781 7
1307124842 6
1307124901 3
1307124961 5
1307125021 5
1307125081 5
1307125141 5
1307125201 5
1307125261 5
1307125321 5
1307125381 4
1307125441 5
1307125501 4
1307125562 3
1307125621 4
1307125681 4
1307125741 4
1307125801 4
1307125861 4
1307125921 4
1307125981 4
1307126041 3
1307126101 4
1307126161 3
1307126221 2
1307126281 4
1307126342 4
1307126401 4
1307126461 4
1307126521 4
1307126581 4
1307126641 4
1307126701 3
1307126761 4
1307126821 3
1307126881 3
1307126941 3
1307127001 4
1307127061 4
1307127122 4
1307127181 4
1307127241 4
1307127301 4
1307127361 3
1307127421 4
1307127481 3
1307127541 3
1307127601 3
1307127661 4
1307127721 4
1307127782 4
1307127841 4
1307127901 4
1307127961 4
1307128021 3
1307128081 4
1307128141 3
1307128201 3
1307128261 3
1307128321 4
1307128381 4
1307128441 4
1307128501 4
1307128561 4
1307128621 4
1307128681 3
1307128741 4
1307128801 3
1307128861 3
1307128921 3
1307128981 4
1307129041 4
1307129102 4
1307129161 4
1307129221 4
1307129281 4
1307129341 3
1307129401 4
1307129461 3
1307129521 3
1307129581 4
1307129641 4
1307129701 4
1307129761 4
1307129822 4
1307129881 4
1307129941 4
1307130001 3
1307130061 4
1307130121 3
1307130181 3
1307130241 4
1307130301 4
1307130361 4
1307130421 4
1307130481 4
1307130542 4
1307130601 4
1307130661 4
1307130721 5
1307130781 4
1307130841 5
1307130901 4
1307130961 5
1307131021 5
1307131081 5
1307131141 5
1307131201 5
1307131262 5
1307131321 4
1307131381 5
1307131441 4
1307131501 5
1307131561 5
1307131621 5
1307131681 5
1307131741 5
1307131801 5
1307131861 5
1307131921 4
1307131982 4
1307132041 4
1307132101 5
1307132161 4
1307132221 5
1307132281 5
1307132341 5
1307132401 5
1307132461 5
1307132521 5
1307132581 4
1307132641 4
1307132702 4
1307132762 5
1307132821 4
1307132881 5
1307132941 5
1307133001 5
1307133061 5
1307133121 5
1307133181 5
1307133241 4
1307133301 3
1307133361 4
1307133422 5
1307133482 4
1307133541 5
1307133601 5
1307133661 5
1307133721 6
1307133781 6
1307133841 6
1307133901 5
1307133961 4
1307134021 5
1307134081 6
1307134141 5
1307134202 6
1307134261 6
1307134321 5
1307134381 6
1307134441 6
1307134501 6
1307134561 6
1307134621 4
1307134681 5
1307134741 6
1307134801 5
1307134862 6
1307134922 6
1307134981 5
1307135041 6
1307135101 6
1307135161 6
1307135221 6
1307135281 4
1307135341 6
1307135401 5
1307135461 5
1307135521 6
1307135581 6
1307135642 5
1307135701 6
1307135761 6
1307135821 6
1307135881 6
1307135941 4
1307136001 6
1307136061 5
1307136121 5
1307136181 6
1307136241 6
1307136302 6
1307136361 6
1307136421 6
1307136481 6
1307136541 6
1307136601 4
1307136661 6
1307136721 5
1307136781 5
1307136841 6
1307136901 6
1307136962 5
1307137021 5
1307137081 5
1307137141 5
1307137201 5
1307137261 3
1307137321 5
1307137381 4
1307137441 4
1307137501 4
1307137561 5
1307137622 5
1307137681 5
1307137741 5
1307137801 5
1307137861 5
1307137921 4
1307137981 4
1307138041 5
1307138101 4
1307138161 4
1307138221 5
1307138282 5
1307138341 5
1307138401 5
1307138461 5
1307138521 5
1307138581 4
1307138641 4
1307138701 4
1307138761 4
1307138821 4
1307138881 5
1307138941 5
1307139001 5
1307139061 5
1307139122 5
1307139181 5
1307139241 6
1307139301 4
1307139361 5
1307139421 5
1307139481 5
1307139541 6
1307139601 6
1307139661 6
1307139721 6
1307139781 6
1307139842 6
1307139901 7
1307139961 5
1307140021 6
1307140081 6
1307140141 6
1307140201 7
1307140261 7
1307140321 7
1307140381 7
1307140441 6
1307140501 6
1307140561 7
1307140622 5
1307140681 6
1307140741 6
1307140801 6
1307140861 7
1307140921 7
1307140981 7
1307141041 7
1307141101 6
1307141161 6
1307141221 6
1307141281 6
1307141341 6
1307141402 4
1307141461 5
1307141521 6
1307141581 6
1307141641 6
1307141701 6
1307141761 5
1307141821 5
1307141882 4
1307141941 5
1307142001 5
1307142061 3
1307142121 5
1307142181 4
1307142241 6
1307142301 6
1307142361 6
1307142421 6
1307142481 6
1307142542 5
1307142601 5
1307142661 5
1307142721 3
1307142781 5
1307142841 4
1307142901 5
1307142961 5
1307143021 5
1307143081 5
1307143141 5
1307143201 5
1307143262 6
1307143321 6
1307143381 4
1307143441 6
1307143501 7
1307143561 7
1307143621 7
1307143681 7
1307143741 7
1307143801 9
1307143861 8
1307143921 9
1307143982 9
1307144041 7
1307144101 9
1307144161 10
1307144221 10
1307144281 11
1307144341 12
1307144401 10
1307144461 11
1307144521 11
1307144581 11
1307144641 11
1307144702 8
1307144761 11
1307144821 12
1307144881 11
1307144941 11
1307145001 10
1307145061 11
1307145121 12
1307145181 12
1307145241 12
1307145301 11
1307145361 9
1307145422 11
1307145481 11
1307145541 10
1307145601 11
1307145661 10
1307145721 10
1307145781 11
1307145841 12
1307145901 12
1307145961 12
1307146021 10
1307146081 12
1307146142 12
1307146201 12
1307146261 10
1307146321 10
1307146381 11
1307146441 12
1307146501 12
1307146561 12
1307146621 13
1307146681 12
1307146741 13
1307146801 13
1307146861 13
1307146922 12
1307146981 11
1307147041 9
1307147101 11
1307147161 9
1307147221 10
1307147281 12
1307147341 11
1307147401 12
1307147461 12
1307147521 13
1307147581 14
1307147641 13
1307147701 14
1307147761 15
1307147821 14
1307147881 14
1307147941 15
1307148001 14
1307148061 14
1307148121 12
1307148181 13
1307148241 12
1307148302 14
1307148361 13
1307148421 12
1307148481 13
1307148541 14
1307148601 14
1307148661 14
1307148721 14
1307148781 12
1307148841 14
1307148901 11
1307148961 15
1307149021 15
1307149082 15
1307149141 13
1307149201 15
1307149261 15
1307149321 15
1307149381 15
1307149441 14
1307149501 15
1307149561 13
1307149621 15
1307149681 14
1307149741 15
1307149801 14
1307149862 16
1307149921 16
1307149981 16
1307150041 16
1307150101 15
1307150161 17
1307150221 18
1307150281 18
1307150341 16
1307150401 18
1307150461 16
1307150521 17
1307150581 17
1307150641 17
1307150702 16
1307150761 16
1307150821 17
1307150881 18
1307150941 18
1307151001 17
1307151061 17
1307151121 16
1307151181 17
1307151241 17
1307151301 18
1307151361 17
1307151422 15
1307151481 19
1307151541 19
1307151601 19
1307151661 19
1307151721 19
1307151781 18
1307151841 19
1307151901 16
1307151961 18
1307152021 17
1307152081 15
1307152141 17
1307152201 16
1307152261 17
1307152321 18
1307152381 19
1307152441 19
1307152501 20
1307152561 19
1307152621 19
1307152681 18
1307152741 19
1307152801 19
1307152861 19
1307152921 19
1307152981 19
1307153041 19
1307153101 18
1307153161 18
1307153221 18
1307153281 19
1307153341 19
1307153401 19
1307153461 19
1307153522 20
1307153582 22
1307153641 22
1307153701 22
1307153761 21
1307153821 22
1307153881 20
1307153941 20
1307154001 21
1307154061 21
1307154121 19
1307154181 18
1307154241 19
1307154302 19
1307154361 18
1307154421 17
1307154481 17
1307154541 19
1307154601 17
1307154661 17
1307154721 18
1307154781 18
1307154841 18
1307154901 19
1307154961 20
1307155022 20
1307155081 19
1307155141 18
1307155201 19
1307155261 19
1307155321 19
1307155381 18
1307155441 18
1307155501 17
1307155561 16
1307155621 17
1307155681 18
1307155741 18
1307155802 17
1307155861 18
1307155921 19
1307155981 20
1307156041 20
1307156101 20
1307156161 19
1307156221 19
1307156281 18
1307156341 18
1307156401 21
1307156461 20
1307156521 20
1307156582 19
1307156641 20
1307156701 20
1307156761 20
1307156821 18
1307156881 19
1307156941 17
1307157001 16
1307157061 16
1307157121 18
1307157181 18
1307157241 17
1307157302 18
1307157361 18
1307157421 19
1307157481 17
1307157541 17
1307157601 16
1307157661 17
1307157721 15
1307157781 16
1307157841 17
1307157901 17
1307157961 17
1307158021 16
1307158082 18
1307158141 16
1307158201 17
1307158261 17
1307158321 18
1307158381 17
1307158441 17
1307158501 16
1307158561 17
1307158621 17
1307158681 15
1307158741 17
1307158801 15
1307158862 16
1307158921 15
1307158981 15
1307159041 15
1307159101 15
1307159161 16
1307159221 16
1307159281 16
1307159341 14
1307159401 14
1307159461 13
1307159521 15
1307159581 14
1307159642 14
1307159701 14
1307159761 15
1307159821 16
1307159881 15
1307159941 16
1307160001 15
1307160061 15
1307160121 12
1307160181 12
1307160241 13
1307160301 13
1307160362 13
1307160421 14
1307160481 14
1307160541 12
1307160601 14
1307160661 13
1307160721 15
1307160781 15
1307160841 12
1307160901 15
1307160961 14
1307161021 13
1307161081 14
1307161141 14
1307161202 12
1307161261 15
1307161321 13
1307161381 15
1307161441 18
1307161501 18
1307161561 17
1307161621 18
1307161681 18
1307161741 19
1307161801 19
1307161861 16
1307161922 17
1307161981 17
1307162041 15
1307162101 16
1307162161 16
1307162221 15
1307162281 15
1307162341 15
1307162401 16
1307162461 16
1307162521 16
1307162581 16
1307162642 18
1307162701 16
1307162761 17
1307162821 17
1307162881 15
1307162941 14
1307163001 15
1307163061 16
1307163121 15
1307163181 16
1307163241 15
1307163301 15
1307163362 14
1307163421 16
1307163481 16
1307163541 16
1307163601 15
1307163661 16
1307163721 17
1307163781 16
1307163841 15
1307163901 16
1307163961 15
1307164021 15
1307164082 16
1307164141 16
1307164201 16
1307164261 14
1307164321 13
1307164381 15
1307164441 14
1307164501 14
1307164561 14
1307164621 14
1307164681 15
1307164741 16
1307164801 16
1307164862 16
1307164921 15
1307164981 15
1307165041 16
1307165101 15
1307165161 14
1307165221 15
1307165281 13
1307165341 15
1307165401 14
1307165461 16
1307165521 16
1307165582 14
1307165641 16
1307165701 16
1307165761 15
1307165821 14
1307165881 15
1307165941 13
1307166001 15
1307166061 14
1307166121 15
1307166181 15
1307166241 13
1307166302 14
1307166361 15
1307166421 13
1307166481 14
1307166541 15
1307166601 14
1307166661 14
1307166721 13
1307166781 14
1307166841 12
1307166901 13
1307166961 12
1307167021 13
1307167082 12
1307167141 13
1307167201 13
1307167261 15
1307167321 14
1307167381 14
1307167441 15
1307167501 13
1307167561 14
1307167621 13
1307167681 13
1307167741 13
1307167801 11
1307167862 9
1307167921 11
1307167981 10
1307168041 12
1307168101 13
1307168161 13
1307168221 14
1307168281 13
1307168341 14
1307168401 14
1307168461 14
1307168521 13
1307168581 13
1307168642 11
1307168701 12
1307168761 12
1307168821 10
1307168881 12
1307168941 12
1307169001 12
1307169061 13
1307169121 13
1307169181 12
1307169241 12
1307169301 12
1307169362 13
1307169421 13
1307169481 11
1307169541 11
1307169601 11
1307169661 11
1307169721 12
1307169781 13
1307169841 12
1307169901 13
1307169961 13
1307170021 14
1307170082 15
1307170141 15
1307170201 15
1307170261 15
1307170321 14
1307170381 15
1307170441 15
1307170501 12
1307170561 12
1307170621 12
1307170681 12
1307170741 11
1307170801 12
1307170862 12
1307170921 12
1307170981 11
1307171041 13
1307171101 12
1307171161 13
1307171221 13
1307171281 15
1307171341 14
1307171401 12
1307171461 14
1307171521 13
1307171582 14
1307171641 14
1307171701 14
1307171761 13
1307171821 15
1307171881 14
1307171941 14
1307172001 14
1307172061 11
1307172121 13
1307172181 11
1307172241 11
1307172302 13
1307172361 12
1307172421 10
1307172481 11
1307172541 11
1307172601 12
1307172661 12
1307172721 11
1307172781 12
1307172841 10
1307172901 11
1307172961 11
1307173022 11
1307173081 10
1307173141 12
1307173201 12
1307173261 13
1307173321 13
1307173381 12
1307173441 13
1307173501 12
1307173561 11
1307173621 11
1307173681 13
1307173741 11
1307173802 13
1307173861 13
1307173921 13
1307173981 13
1307174041 13
1307174101 13
1307174161 13
1307174221 13
1307174281 11
1307174341 12
1307174401 11
1307174461 13
1307174522 12
1307174581 14
1307174641 14
1307174701 15
1307174761 15
1307174821 14
1307174881 15
1307174941 12
1307175001 14
1307175061 12
1307175121 14
1307175181 12
1307175242 12
1307175302 13
1307175361 12
1307175421 13
1307175481 13
1307175541 13
1307175601 12
1307175661 12
1307175721 11
1307175781 12
1307175841 12
1307175901 11
1307175962 11
1307176021 12
1307176081 11
1307176141 12
1307176201 12
1307176261 9
1307176321 11
1307176381 12
1307176441 11
1307176501 12
1307176561 11
1307176622 11
1307176681 12
1307176741 12
1307176801 12
1307176861 12
1307176921 10
1307176981 11
1307177041 12
1307177101 10
1307177161 12
1307177221 11
1307177281 11
1307177341 11
1307177402 12
1307177461 12
1307177521 12
1307177581 9
1307177641 12
1307177701 12
1307177761 11
1307177821 12
1307177881 11
1307177941 11
1307178001 11
1307178061 12
1307178122 11
1307178181 12
1307178241 10
1307178301 12
1307178361 11
1307178421 9
1307178481 11
1307178541 11
1307178601 10
1307178661 9
1307178721 11
1307178781 10
1307178841 10
1307178902 11
1307178961 12
1307179021 12
1307179081 10
1307179141 11
1307179201 12
1307179261 13
1307179321 12
1307179381 15
1307179441 14
1307179501 14
1307179562 15
1307179621 15
1307179681 15
1307179741 13
1307179801 14
1307179861 13
1307179921 15
1307179981 12
1307180041 13
1307180101 11
1307180161 10
1307180221 11
1307180282 11
1307180341 12
1307180401 11
1307180461 12
1307180521 8
1307180581 11
1307180641 9
1307180701 11
1307180761 10
1307180821 11
1307180881 11
1307180942 10
1307181001 11
1307181061 11
1307181121 12
1307181181 9
1307181241 12
1307181301 10
1307181361 11
1307181421 10
1307181481 11
1307181541 11
1307181602 9
1307181662 8
1307181721 8
1307181781 11
1307181841 9
1307181901 11
1307181961 10
1307182021 10
1307182081 11
1307182141 10
1307182201 12
1307182261 12
1307182322 11
1307182381 10
1307182441 11
1307182501 11
1307182561 10
1307182621 11
1307182681 12
1307182741 13
1307182801 12
1307182861 13
1307182921 13
1307182981 13
1307183042 12
1307183101 12
1307183161 13
1307183221 11
1307183281 10
1307183341 12
1307183401 11
1307183461 12
1307183521 12
1307183581 11
1307183641 12
1307183701 11
1307183762 11
1307183822 12
1307183881 12
1307183941 11
1307184001 13
1307184061 13
1307184121 13
1307184181 13
1307184241 12
1307184301 11
1307184361 12
1307184421 12
1307184481 13
1307184542 12
1307184601 12
1307184661 11
1307184721 12
1307184781 12
1307184841 12
1307184901 11
1307184961 12
1307185021 12
1307185081 12
1307185141 13
1307185201 12
1307185261 13
1307185321 12
1307185381 12
1307185441 12
1307185501 12
1307185561 10
1307185621 11
1307185681 9
1307185741 11
1307185801 12
1307185861 11
1307185921 12
1307185981 11
1307186042 12
1307186101 12
1307186161 12
1307186221 10
1307186281 11
1307186341 9
1307186401 9
1307186461 10
1307186521 10
1307186581 10
1307186641 9
1307186701 10
1307186762 10
1307186821 10
1307186881 9
1307186941 8
1307187001 10
1307187061 11
1307187121 11
1307187181 11
1307187241 11
1307187301 10
1307187361 11
1307187422 11
1307187481 11
1307187541 10
1307187601 8
1307187661 10
1307187721 9
1307187781 11
1307187841 11
1307187901 11
1307187961 11
1307188021 12
1307188081 12
1307188141 12
1307188201 11
1307188261 11
1307188321 12
1307188381 11
1307188441 11
1307188501 12
1307188561 11
1307188621 10
1307188681 11
1307188741 11
1307188801 10
1307188861 8
1307188922 8
1307188981 7
1307189041 8
1307189101 8
1307189161 10
1307189221 10
1307189281 9
1307189341 10
1307189401 11
1307189461 11
1307189521 11
1307189581 12
1307189642 13
1307189701 13
1307189761 12
1307189821 13
1307189881 12
1307189941 12
1307190001 12
1307190061 10
1307190121 11
1307190181 10
1307190241 13
1307190302 13
1307190361 14
1307190421 13
1307190481 15
1307190541 14
1307190601 13
1307190661 14
1307190721 13
1307190781 13
1307190841 13
1307190901 11
1307190961 13
1307191021 13
1307191082 12
1307191141 12
1307191201 12
1307191261 12
1307191321 13
1307191381 12
1307191441 12
1307191501 11
1307191561 9
1307191621 12
1307191681 12
1307191741 12
1307191802 12
1307191861 13
1307191921 13
1307191981 13
1307192041 12
1307192101 13
1307192161 12
1307192221 10
1307192281 12
1307192341 11
1307192401 12
1307192461 12
1307192521 11
1307192582 10
1307192641 12
1307192701 10
1307192761 12
1307192821 12
1307192881 10
1307192941 12
1307193001 11
1307193061 11
1307193121 13
1307193181 14
1307193241 13
1307193302 14
1307193361 12
1307193421 14
1307193481 14
1307193541 13
1307193601 15
1307193661 15
1307193721 13
1307193781 14
1307193841 14
1307193901 15
1307193961 15
1307194021 12
1307194082 16
1307194141 15
1307194201 15
1307194261 15
1307194321 15
1307194381 14
1307194441 14
1307194501 14
1307194561 15
1307194621 15
1307194681 14
1307194741 17
1307194802 15
1307194861 16
1307194921 17
1307194981 17
1307195041 16
1307195101 16
1307195161 15
1307195221 16
1307195281 13
1307195341 15
1307195401 15
1307195461 15
1307195522 13
1307195581 13
1307195641 13
1307195701 12
1307195761 11
1307195821 13
1307195881 14
1307195941 14
1307196001 14
1307196061 13
1307196121 15
1307196182 16
1307196241 15
1307196301 16
1307196361 17
1307196421 14
1307196481 16
1307196541 12
1307196601 14
1307196661 14
1307196721 14
1307196781 15
1307196841 15
1307196902 15
1307196961 15
1307197021 15
1307197081 13
1307197141 14
1307197201 13
1307197261 14
1307197321 14
1307197381 14
1307197441 14
1307197501 14
1307197561 13
1307197621 14
1307197681 14
1307197741 14
1307197801 13
1307197861 12
1307197921 13
1307197981 12
1307198041 14
1307198101 14
1307198161 13
1307198221 13
1307198281 14
1307198342 13
1307198401 13
1307198461 13
1307198521 12
1307198581 14
1307198641 13
1307198701 14
1307198761 14
1307198821 14
1307198881 14
1307198941 16
1307199001 16
1307199062 15
1307199121 16
1307199181 17
1307199241 16
1307199301 16
1307199361 17
1307199421 17
1307199481 15
1307199541 13
1307199601 15
1307199661 15
1307199721 14
1307199782 11
1307199841 14
1307199901 14
1307199961 14
1307200021 14
1307200081 15
1307200141 15
1307200201 14
1307200261 16
1307200321 16
1307200381 16
1307200441 14
1307200502 18
1307200561 17
1307200621 19
1307200681 18
1307200741 19
1307200801 18
1307200861 17
1307200921 18
1307200981 17
1307201041 17
1307201101 16
1307201162 16
1307201221 14
1307201281 16
1307201341 16
1307201401 16
1307201461 16
1307201521 12
1307201581 15
1307201641 15
1307201701 13
1307201761 14
1307201821 15
1307201882 15
1307201941 17
1307202001 17
1307202061 17
1307202121 17
1307202181 16
1307202241 16
1307202301 17
1307202361 15
1307202421 16
1307202481 14
1307202541 14
1307202601 14
1307202662 14
1307202721 14
1307202781 13
1307202841 13
1307202901 12
1307202961 13
1307203021 12
1307203081 12
1307203141 13
1307203201 13
