1305475262 19
1305475321 20
1305475381 19
1305475441 21
1305475501 21
1305475561 21
1305475621 19
1305475681 20
1305475741 21
1305475801 19
1305475861 19
1305475921 22
1305475981 21
1305476042 20
1305476101 20
1305476161 20
1305476221 20
1305476281 18
1305476341 20
1305476401 20
1305476461 17
1305476521 16
1305476581 17
1305476641 18
1305476701 19
1305476762 19
1305476821 19
1305476881 19
1305476941 18
1305477001 18
1305477061 17
1305477121 17
1305477181 16
1305477241 15
1305477301 16
1305477361 16
1305477421 17
1305477481 16
1305477542 17
1305477601 18
1305477661 18
1305477721 17
1305477781 17
1305477841 17
1305477901 16
1305477961 16
1305478021 18
1305478081 18
1305478141 16
1305478201 16
1305478262 17
1305478321 16
1305478381 17
1305478441 16
1305478501 17
1305478561 16
1305478621 16
1305478681 16
1305478741 15
1305478801 14
1305478861 15
1305478922 16
1305478981 15
1305479042 15
1305479101 14
1305479161 15
1305479221 13
1305479281 15
1305479341 15
1305479401 15
1305479461 13
1305479521 14
1305479581 14
1305479641 15
1305479701 14
1305479762 12
1305479821 15
1305479881 13
1305479941 14
1305480001 14
1305480061 14
1305480121 12
1305480181 13
1305480241 11
1305480301 13
1305480362 12
1305480421 10
1305480481 13
1305480541 13
1305480601 11
1305480661 13
1305480721 13
1305480781 11
1305480841 12
1305480901 11
1305480961 11
1305481021 10
1305481082 10
1305481141 12
1305481201 12
1305481261 12
1305481321 12
1305481381 12
1305481441 11
1305481501 12
1305481561 10
1305481621 10
1305481681 9
1305481741 10
1305481802 10
1305481861 9
1305481921 10
1305481981 10
1305482041 10
1305482101 10
1305482161 10
1305482221 10
1305482281 8
1305482341 8
1305482401 8
1305482461 8
1305482522 9
1305482581 9
1305482641 10
1305482701 9
1305482761 10
1305482821 9
1305482881 10
1305482941 8
1305483001 9
1305483061 9
1305483121 9
1305483181 10
1305483241 9
1305483302 10
1305483361 9
1305483421 10
1305483481 9
1305483541 10
1305483601 8
1305483661 9
1305483721 8
1305483781 10
1305483841 10
1305483901 10
1305483961 10
1305484022 10
1305484082 11
1305484141 10
1305484201 10
1305484261 9
1305484321 9
1305484381 7
1305484441 9
1305484501 8
1305484561 9
1305484621 8
1305484681 7
1305484741 8
1305484802 7
1305484861 7
1305484921 7
1305484981 8
1305485041 7
1305485101 7
1305485161 7
1305485221 8
1305485281 8
1305485341 7
1305485401 8
1305485461 8
1305485521 7
1305485582 6
1305485641 7
1305485701 6
1305485761 6
1305485821 7
1305485881 7
1305485941 7
1305486001 6
1305486061 6
1305486121 7
1305486181 7
1305486241 6
1305486302 7
1305486361 6
1305486421 5
1305486481 7
1305486541 7
1305486601 7
1305486661 6
1305486721 6
1305486781 6
1305486841 7
1305486901 6
1305486961 7
1305487022 6
1305487081 6
1305487141 7
1305487201 7
1305487261 7
1305487321 6
1305487381 7
1305487441 6
1305487501 7
1305487561 6
1305487621 8
1305487681 7
1305487742 6
1305487801 8
1305487861 8
1305487921 8
1305487981 7
1305488041 8
1305488101 7
1305488161 8
1305488221 7
1305488281 8
1305488341 7
1305488401 6
1305488461 8
1305488522 8
1305488581 8
1305488641 7
1305488701 8
1305488761 7
1305488821 7
1305488881 7
1305488941 8
1305489001 7
1305489061 7
1305489121 8
1305489182 8
1305489241 7
1305489301 6
1305489361 8
1305489421 7
1305489481 7
1305489541 7
1305489601 8
1305489661 8
1305489721 7
1305489781 8
1305489842 8
1305489901 8
1305489961 6
1305490021 8
1305490081 7
1305490141 8
1305490201 7
1305490261 7
1305490321 8
1305490381 7
1305490441 8
1305490501 8
1305490562 8
1305490621 7
1305490681 8
1305490741 7
1305490801 8
1305490861 6
1305490921 7
1305490981 8
1305491041 7
1305491101 8
1305491161 8
1305491221 8
1305491282 7
1305491341 7
1305491401 6
1305491461 7
1305491521 5
1305491581 6
1305491641 7
1305491701 6
1305491761 7
1305491821 6
1305491881 7
1305491941 6
1305492002 7
1305492061 6
1305492121 7
1305492181 6
1305492241 5
1305492301 7
1305492361 6
1305492421 7
1305492481 7
1305492541 7
1305492601 6
1305492662 7
1305492722 6
1305492781 7
1305492841 7
1305492901 5
1305492961 7
1305493021 6
1305493081 6
1305493141 7
1305493201 7
1305493261 6
1305493321 7
1305493382 6
1305493442 6
1305493501 7
1305493561 5
1305493621 7
1305493681 7
1305493741 8
1305493801 7
1305493861 7
1305493921 6
1305493981 7
1305494041 6
1305494102 6
1305494161 7
1305494221 5
1305494281 7
1305494341 7
1305494401 7
1305494461 7
1305494521 7
1305494581 6
1305494641 7
1305494701 7
1305494762 6
1305494821 7
1305494881 4
1305494941 7
1305495001 7
1305495061 7
1305495121 7
1305495181 8
1305495241 8
1305495301 7
1305495361 8
1305495421 8
1305495481 7
1305495541 6
1305495601 8
1305495661 8
1305495721 8
1305495781 7
1305495841 6
1305495901 7
1305495961 6
1305496021 7
1305496081 7
1305496141 5
1305496202 5
1305496261 7
1305496321 8
1305496381 8
1305496441 8
1305496501 7
1305496561 8
1305496621 7
1305496681 8
1305496741 7
1305496801 6
1305496861 6
1305496921 7
1305496981 7
1305497042 7
1305497101 7
1305497161 6
1305497221 7
1305497281 6
1305497341 7
1305497401 6
1305497461 5
1305497521 5
1305497581 7
1305497641 7
1305497701 7
1305497762 7
1305497821 6
1305497881 7
1305497941 6
1305498001 7
1305498061 7
1305498121 4
1305498181 5
1305498241 7
1305498301 7
1305498361 7
1305498421 7
1305498482 6
1305498541 7
1305498601 6
1305498661 7
1305498721 7
1305498781 4
1305498841 5
1305498901 7
1305498961 7
1305499022 7
1305499081 7
1305499141 6
1305499201 7
1305499261 6
1305499321 7
1305499381 7
1305499441 5
1305499501 5
1305499561 7
1305499621 7
1305499681 7
1305499741 7
1305499802 6
1305499861 6
1305499921 6
1305499981 7
1305500041 7
1305500101 4
1305500161 5
1305500221 7
1305500281 8
1305500341 8
1305500401 8
1305500461 8
1305500522 7
1305500581 8
1305500641 9
1305500701 9
1305500761 7
1305500821 7
1305500881 8
1305500941 9
1305501001 9
1305501061 9
1305501121 9
1305501181 8
1305501242 8
1305501301 9
1305501361 8
1305501421 8
1305501481 8
1305501541 7
1305501601 8
1305501661 8
1305501721 8
1305501781 7
1305501841 6
1305501901 6
1305501962 7
1305502021 6
1305502081 6
1305502141 6
1305502201 7
1305502261 7
1305502321 7
1305502381 7
1305502441 7
1305502501 7
1305502561 7
1305502621 8
1305502682 7
1305502741 8
1305502801 8
1305502861 7
1305502921 8
1305502981 8
1305503041 8
1305503101 9
1305503161 9
1305503221 9
1305503281 10
1305503341 9
1305503402 10
1305503461 10
1305503521 10
1305503581 11
1305503641 11
1305503701 10
1305503761 8
1305503821 7
1305503881 10
1305503941 10
1305504001 10
1305504061 12
1305504121 12
1305504182 11
1305504241 13
1305504301 14
1305504361 15
1305504421 15
1305504481 12
1305504541 14
1305504601 15
1305504661 15
1305504721 16
1305504781 17
1305504842 15
1305504901 16
1305504961 16
1305505021 15
1305505081 15
1305505141 13
1305505201 12
1305505261 15
1305505321 16
1305505381 16
1305505441 17
1305505502 15
1305505562 16
1305505621 17
1305505681 17
1305505741 18
1305505801 17
1305505861 18
1305505921 19
1305505981 19
1305506041 21
1305506101 22
1305506161 22
1305506222 23
1305506281 24
1305506341 25
1305506401 26
1305506461 24
1305506521 26
1305506581 27
1305506641 27
1305506701 28
1305506761 29
1305506821 29
1305506881 29
1305506941 30
1305507002 31
1305507061 29
1305507121 31
1305507181 31
1305507241 31
1305507301 31
1305507361 31
1305507421 30
1305507481 30
1305507541 28
1305507601 30
1305507661 31
1305507722 28
1305507781 29
1305507841 28
1305507901 28
1305507961 28
1305508021 29
1305508081 33
1305508141 34
1305508201 34
1305508261 34
1305508321 32
1305508381 31
1305508442 32
1305508501 37
1305508561 39
1305508621 37
1305508681 38
1305508741 37
1305508801 35
1305508861 38
1305508921 38
1305508981 38
1305509041 37
1305509101 34
1305509162 36
1305509221 37
1305509281 34
1305509341 37
1305509401 37
1305509461 35
1305509521 36
1305509581 35
1305509641 37
1305509701 34
1305509761 36
1305509821 37
1305509881 37
1305509941 36
1305510001 36
1305510061 38
1305510121 38
1305510181 38
1305510241 39
1305510301 39
1305510361 35
1305510421 37
1305510481 39
1305510541 40
1305510602 42
1305510661 42
1305510721 44
1305510781 43
1305510841 43
1305510901 43
1305510961 46
1305511021 42
1305511081 46
1305511141 45
1305511201 45
1305511261 40
1305511322 40
1305511381 42
1305511441 42
1305511501 44
1305511561 42
1305511621 43
1305511681 41
1305511741 42
1305511801 41
1305511861 40
1305511921 38
1305511981 40
1305512042 37
1305512101 36
1305512161 38
1305512221 38
1305512281 35
1305512341 34
1305512401 33
1305512461 34
1305512521 34
1305512581 34
1305512641 35
1305512701 35
1305512762 34
1305512821 36
1305512881 38
1305512941 40
1305513001 43
1305513061 43
1305513121 41
1305513181 42
1305513241 42
1305513301 44
1305513361 44
1305513422 46
1305513481 46
1305513541 47
1305513601 51
1305513661 50
1305513721 50
1305513781 51
1305513841 51
1305513901 52
1305513961 53
1305514021 50
1305514082 53
1305514141 54
1305514201 53
1305514261 53
1305514321 54
1305514381 52
1305514441 55
1305514501 54
1305514561 53
1305514621 51
1305514681 51
1305514741 51
1305514802 56
1305514861 55
1305514921 55
1305514981 59
1305515041 57
1305515101 59
1305515161 61
1305515221 62
1305515281 61
1305515341 61
1305515401 61
1305515462 63
1305515521 63
1305515581 59
1305515641 58
1305515701 55
1305515761 58
1305515821 58
1305515881 56
1305515941 54
1305516001 55
1305516061 56
1305516121 55
1305516182 53
1305516241 51
1305516301 51
1305516361 48
1305516421 48
1305516481 47
1305516541 47
1305516601 44
1305516661 47
1305516721 46
1305516781 47
1305516842 47
1305516901 46
1305516961 46
1305517021 48
1305517081 45
1305517141 46
1305517201 44
1305517261 43
1305517321 43
1305517381 43
1305517441 42
1305517501 44
1305517562 46
1305517621 45
1305517681 43
1305517741 45
1305517801 42
1305517861 43
1305517921 45
1305517981 44
1305518041 46
1305518101 44
1305518161 43
1305518222 48
1305518281 48
1305518341 48
1305518401 47
1305518461 50
1305518521 48
1305518581 51
1305518641 52
1305518701 52
1305518761 50
1305518822 47
1305518881 48
1305518941 47
1305519001 47
1305519061 45
1305519121 44
1305519181 42
1305519241 42
1305519301 42
1305519361 42
1305519421 41
1305519482 42
1305519541 43
1305519601 43
1305519661 43
1305519721 43
1305519781 45
1305519841 43
1305519901 45
1305519961 44
1305520021 45
1305520082 47
1305520141 47
1305520201 47
1305520261 47
1305520321 47
1305520381 48
1305520441 46
1305520501 47
1305520561 47
1305520621 45
1305520681 45
1305520742 43
1305520801 44
1305520861 42
1305520921 45
1305520981 44
1305521041 47
1305521101 47
1305521161 47
1305521221 49
1305521281 47
1305521342 47
1305521401 46
1305521461 48
1305521521 48
1305521581 48
1305521641 47
1305521701 46
1305521761 47
1305521821 47
1305521882 46
1305521941 46
1305522001 51
1305522061 50
1305522121 46
1305522181 50
1305522241 47
1305522301 49
1305522361 49
1305522421 48
1305522482 49
1305522541 50
1305522601 47
1305522661 49
1305522721 49
1305522781 51
1305522841 50
1305522901 49
1305522961 49
1305523021 55
1305523082 54
1305523142 52
1305523201 53
1305523261 52
1305523321 53
1305523381 52
1305523441 55
1305523501 53
1305523561 54
1305523621 51
1305523682 51
1305523741 53
1305523801 53
1305523861 54
1305523921 57
1305523981 57
1305524041 57
1305524101 58
1305524161 57
1305524221 56
1305524281 58
1305524342 59
1305524401 59
1305524461 58
1305524521 60
1305524581 62
1305524641 63
1305524701 64
1305524761 61
1305524821 65
1305524881 62
1305524942 63
1305525001 59
1305525061 61
1305525121 60
1305525181 59
1305525241 59
1305525301 62
1305525361 60
1305525421 58
1305525481 59
1305525542 58
1305525601 59
1305525661 60
1305525721 60
1305525781 58
1305525841 60
1305525901 61
1305525961 61
1305526021 60
1305526081 65
1305526142 64
1305526201 62
1305526261 63
1305526321 65
1305526381 63
1305526441 65
1305526501 65
1305526561 66
1305526621 67
1305526681 64
1305526741 65
1305526801 66
1305526862 65
1305526921 62
1305526981 65
1305527041 63
1305527101 63
1305527161 65
1305527221 63
1305527281 62
1305527341 61
1305527401 60
1305527461 60
1305527522 58
1305527581 59
1305527641 60
1305527701 62
1305527761 61
1305527821 61
1305527881 63
1305527941 62
1305528001 61
1305528061 62
1305528121 63
1305528181 62
1305528241 60
1305528301 59
1305528361 58
1305528421 62
1305528481 59
1305528541 58
1305528601 61
1305528661 57
1305528721 58
1305528782 57
1305528841 60
1305528901 59
1305528961 63
1305529021 57
1305529081 59
1305529141 57
1305529201 56
1305529261 59
1305529321 59
1305529381 55
1305529442 58
1305529501 59
1305529561 60
1305529621 60
1305529681 63
1305529741 63
1305529801 60
1305529861 58
1305529922 60
1305529981 64
1305530041 62
1305530101 59
1305530161 58
1305530221 61
1305530281 60
1305530341 61
1305530401 63
1305530461 62
1305530521 61
1305530582 60
1305530642 58
1305530701 62
1305530761 60
1305530821 65
1305530881 65
1305530941 62
1305531001 62
1305531061 65
1305531121 63
1305531182 60
1305531241 63
1305531301 62
1305531361 63
1305531421 65
1305531481 65
1305531541 65
1305531601 64
1305531662 62
1305531721 64
1305531781 63
1305531841 58
1305531901 57
1305531961 61
1305532021 61
1305532081 59
1305532141 60
1305532201 61
1305532262 56
1305532321 59
1305532381 62
1305532441 62
1305532501 58
1305532561 54
1305532621 49
1305532681 49
1305532741 49
1305532801 49
1305532861 49
1305532921 43
1305532982 41
1305533041 41
1305533101 40
1305533161 38
1305533221 42
1305533281 40
1305533341 40
1305533401 41
1305533461 40
1305533522 40
1305533581 38
1305533641 38
1305533701 37
1305533761 38
1305533821 34
1305533881 36
1305533941 34
1305534001 34
1305534061 36
1305534121 37
1305534181 36
1305534241 37
1305534301 36
1305534361 36
1305534421 34
1305534481 35
1305534541 38
1305534601 37
1305534662 35
1305534721 35
1305534781 34
1305534841 32
1305534901 32
1305534962 32
1305535021 32
1305535081 32
1305535142 32
1305535201 33
1305535261 32
1305535321 31
1305535381 31
1305535441 32
1305535502 30
1305535561 26
1305535621 25
1305535682 25
1305535741 25
1305535801 25
1305535861 25
1305535922 25
1305535981 25
1305536041 25
1305536101 25
1305536161 25
1305536221 23
1305536281 26
1305536341 27
1305536402 27
1305536461 27
1305536521 27
1305536581 28
1305536641 31
1305536701 32
1305536761 32
1305536821 14
1305536881 14
1305536941 15
1305537001 15
1305537061 15
1305537121 17
1305537181 17
1305537241 16
1305537301 16
1305537361 16
1305537421 13
1305537481 13
1305537541 12
1305537601 12
1305537661 12
1305537722 10
1305537781 12
1305537841 12
1305537901 12
1305537961 13
1305538021 13
1305538081 10
1305538141 12
1305538201 12
1305538261 13
1305538321 14
1305538381 13
1305538441 14
1305538501 15
1305538561 14
1305538621 15
1305538681 15
1305538741 12
1305538801 14
1305538861 13
1305538921 13
1305538982 11
1305539041 9
1305539101 6
1305539161 5
1305539221 5
1305539281 7
1305539341 7
1305539401 7
1305539461 9
1305539521 9
1305539581 9
1305539642 9
1305539702 9
1305539761 10
1305539821 11
1305539881 7
1305539941 10
1305540001 9
1305540061 11
1305540121 10
1305540181 11
1305540241 11
1305540301 11
1305540361 12
1305540422 10
1305540481 12
1305540541 10
1305540601 11
1305540661 9
1305540721 13
1305540781 12
1305540841 13
1305540901 14
1305540961 14
1305541021 13
1305541082 12
1305541142 13
1305541201 13
1305541261 13
1305541321 9
1305541381 12
1305541441 12
1305541501 11
1305541561 12
1305541621 13
1305541681 13
1305541741 13
1305541801 14
1305541862 15
1305541921 16
1305541981 14
1305542041 16
1305542101 16
1305542161 14
1305542221 14
1305542281 14
1305542341 13
1305542401 12
1305542461 12
1305542521 11
1305542582 12
1305542641 9
1305542701 11
1305542761 11
1305542821 12
1305542881 11
1305542941 11
1305543001 11
1305543061 10
1305543121 11
1305543181 11
1305543241 12
1305543301 12
1305543362 13
1305543421 12
1305543481 13
1305543541 14
1305543601 13
1305543661 14
1305543721 15
1305543781 14
1305543841 14
1305543901 14
1305543961 15
1305544021 14
1305544082 14
1305544141 13
1305544201 13
1305544261 13
1305544321 15
1305544381 13
1305544441 15
1305544501 14
1305544561 15
1305544621 15
1305544681 15
1305544741 16
1305544802 16
1305544861 15
1305544921 13
1305544981 16
1305545041 13
1305545101 16
1305545161 15
1305545221 16
1305545281 16
1305545341 16
1305545401 16
1305545461 16
1305545521 15
1305545581 16
1305545641 16
1305545701 12
1305545761 14
1305545821 15
1305545881 14
1305545941 13
1305546001 15
1305546061 15
1305546121 14
1305546181 12
1305546241 14
1305546301 14
1305546362 10
1305546421 12
1305546481 13
1305546541 12
1305546601 12
1305546661 14
1305546721 16
1305546781 14
1305546841 13
1305546901 15
1305546961 15
1305547021 13
1305547082 14
1305547141 15
1305547201 15
1305547261 15
1305547321 16
1305547381 16
1305547441 16
1305547501 19
1305547561 19
1305547621 19
1305547681 19
1305547741 18
1305547801 19
1305547862 17
1305547921 18
1305547981 17
1305548041 17
1305548101 18
1305548161 16
1305548221 16
1305548281 15
1305548341 17
1305548401 19
1305548461 20
1305548521 18
1305548582 20
1305548641 20
1305548701 18
1305548761 19
1305548821 19
1305548881 18
1305548941 17
1305549001 15
1305549061 18
1305549121 18
1305549181 17
1305549241 18
1305549301 18
1305549362 18
1305549421 16
1305549481 19
1305549541 19
1305549601 17
1305549661 19
1305549721 20
1305549781 20
1305549841 21
1305549901 20
1305549961 22
1305550021 22
1305550082 21
1305550141 21
1305550201 21
1305550261 17
1305550321 18
1305550381 18
1305550441 18
1305550501 17
1305550561 17
1305550621 17
1305550681 15
1305550741 16
1305550802 18
1305550861 17
1305550921 18
1305550981 17
1305551041 19
1305551101 18
1305551161 19
1305551221 19
1305551281 20
1305551341 20
1305551401 19
1305551461 20
1305551521 19
1305551581 20
1305551642 18
1305551701 18
1305551761 17
1305551821 18
1305551881 18
1305551941 18
1305552001 18
1305552061 17
1305552121 17
1305552181 19
1305552241 18
1305552301 21
1305552362 21
1305552421 22
1305552481 22
1305552541 22
1305552601 22
1305552661 22
1305552721 24
1305552781 23
1305552841 23
1305552901 22
1305552961 22
1305553021 20
1305553082 21
1305553142 20
1305553201 21
1305553261 21
1305553321 20
1305553381 19
1305553441 20
1305553501 20
1305553561 22
1305553621 22
1305553681 23
1305553741 22
1305553801 21
1305553861 21
1305553922 20
1305553981 21
1305554041 21
1305554101 21
1305554161 20
1305554221 22
1305554281 22
1305554341 21
1305554401 22
1305554461 22
1305554521 24
1305554581 23
1305554642 21
1305554701 22
1305554761 23
1305554821 20
1305554881 24
1305554941 25
1305555001 26
1305555061 26
1305555121 25
1305555181 26
1305555241 26
1305555301 26
1305555361 23
1305555422 24
1305555481 22
1305555541 25
1305555601 22
1305555661 24
1305555721 21
1305555781 21
1305555841 20
1305555901 20
1305555961 20
1305556021 23
1305556082 23
1305556141 21
1305556201 24
1305556261 22
1305556321 23
1305556381 22
1305556441 23
1305556501 21
1305556561 22
1305556621 20
1305556681 21
1305556741 22
1305556801 21
1305556862 22
1305556921 21
1305556981 21
1305557041 19
1305557101 20
1305557161 19
1305557221 21
1305557281 19
1305557341 20
1305557401 21
1305557461 21
1305557521 22
1305557581 23
1305557641 22
1305557701 23
1305557761 23
1305557821 22
1305557881 19
1305557941 22
1305558001 21
1305558061 22
1305558121 22
1305558181 21
1305558241 22
1305558302 22
1305558362 22
1305558421 22
1305558481 23
1305558541 21
1305558601 19
1305558661 18
1305558721 19
1305558781 19
1305558841 18
1305558901 18
1305558961 18
1305559022 16
1305559081 14
1305559141 14
1305559201 15
1305559261 15
1305559321 13
1305559381 14
1305559441 15
1305559501 14
1305559561 14
1305559621 16
1305559681 16
1305559742 11
1305559801 16
1305559861 17
1305559921 17
1305559981 15
1305560041 16
1305560101 17
1305560161 16
1305560221 16
1305560281 16
1305560341 16
1305560401 11
1305560461 14
1305560521 15
1305560581 15
1305560641 15
1305560701 15
1305560761 16
1305560821 16
1305560881 16
1305560941 16
1305561001 14
1305561061 12
1305561121 13
1305561182 15
1305561241 14
1305561301 14
1305561361 14
1305561421 13
1305561481 15
1305561541 15
