1304956861 19
1304956921 17
1304956981 17
1304957041 19
1304957101 18
1304957161 18
1304957221 20
1304957281 20
1304957341 19
1304957401 21
1304957461 20
1304957522 19
1304957581 17
1304957641 18
1304957701 18
1304957761 19
1304957821 14
1304957881 17
1304957941 17
1304958001 15
1304958061 18
1304958121 16
1304958181 17
1304958241 14
1304958302 16
1304958361 15
1304958421 14
1304958481 15
1304958541 16
1304958601 16
1304958661 15
1304958721 15
1304958781 15
1304958841 14
1304958901 15
1304958961 13
1304959022 14
1304959081 12
1304959141 13
1304959201 14
1304959261 13
1304959321 14
1304959381 14
1304959441 14
1304959501 14
1304959561 14
1304959621 12
1304959681 12
1304959742 10
1304959801 12
1304959861 13
1304959921 12
1304959981 12
1304960041 13
1304960101 11
1304960161 12
1304960221 13
1304960281 12
1304960341 11
1304960401 11
1304960462 11
1304960521 11
1304960581 11
1304960641 12
1304960701 11
1304960761 12
1304960821 12
1304960881 12
1304960941 12
1304961001 11
1304961061 11
1304961121 12
1304961182 11
1304961241 11
1304961301 12
1304961361 13
1304961421 13
1304961481 13
1304961541 13
1304961601 11
1304961661 12
1304961721 12
1304961782 12
1304961841 13
1304961901 12
1304961961 10
1304962021 10
1304962081 11
1304962141 11
1304962201 11
1304962261 9
1304962321 10
1304962381 11
1304962442 10
1304962501 11
1304962561 11
1304962621 9
1304962681 10
1304962741 10
1304962801 10
1304962861 10
1304962921 8
1304962981 8
1304963041 9
1304963101 8
1304963161 8
1304963222 9
1304963281 9
1304963341 9
1304963401 9
1304963461 9
1304963521 9
1304963581 9
1304963641 8
1304963701 9
1304963761 9
1304963821 9
1304963881 9
1304963941 10
1304964002 10
1304964061 10
1304964121 10
1304964181 10
1304964241 8
1304964301 9
1304964361 9
1304964421 9
1304964481 9
1304964541 8
1304964601 10
1304964661 10
1304964722 10
1304964781 10
1304964841 9
1304964901 8
1304964961 10
1304965021 10
1304965081 9
1304965141 9
1304965201 9
1304965261 10
1304965321 10
1304965381 10
1304965442 10
1304965501 8
1304965561 8
1304965621 9
1304965681 10
1304965741 9
1304965801 9
1304965861 9
1304965921 10
1304965981 10
1304966041 10
1304966101 10
1304966161 9
1304966222 8
1304966281 10
1304966341 10
1304966401 9
1304966461 8
1304966521 9
1304966581 10
1304966641 10
1304966701 10
1304966761 8
1304966821 9
1304966881 8
1304966942 10
1304967001 10
1304967061 9
1304967121 9
1304967181 9
1304967241 10
1304967301 11
1304967361 11
1304967421 10
1304967481 10
1304967541 10
1304967601 11
1304967661 12
1304967722 12
1304967781 13
1304967841 12
1304967901 12
1304967961 13
1304968021 12
1304968081 12
1304968141 12
1304968201 11
1304968261 11
1304968321 11
1304968381 10
1304968442 11
1304968501 11
1304968561 11
1304968621 11
1304968681 11
1304968741 11
1304968801 10
1304968861 10
1304968921 10
1304968981 9
1304969041 10
1304969102 10
1304969161 11
1304969221 11
1304969281 11
1304969341 9
1304969401 11
1304969461 10
1304969521 9
1304969581 11
1304969641 10
1304969701 10
1304969761 9
1304969822 11
1304969882 11
1304969941 11
1304970001 9
1304970061 11
1304970121 11
1304970181 10
1304970241 10
1304970301 10
1304970361 11
1304970421 10
1304970482 11
1304970542 11
1304970601 11
1304970661 10
1304970721 11
1304970781 9
1304970841 9
1304970901 9
1304970961 9
1304971021 10
1304971081 8
1304971141 10
1304971202 10
1304971261 10
1304971321 10
1304971381 10
1304971441 9
1304971501 10
1304971561 8
1304971621 9
1304971681 10
1304971741 9
1304971801 9
1304971862 10
1304971921 10
1304971981 10
1304972041 10
1304972101 9
1304972161 10
1304972221 9
1304972281 9
1304972341 9
1304972401 10
1304972461 9
1304972521 9
1304972582 10
1304972641 10
1304972701 10
1304972761 9
1304972821 10
1304972881 8
1304972941 9
1304973001 10
1304973061 9
1304973121 8
1304973181 9
1304973241 9
1304973302 9
1304973361 9
1304973421 9
1304973481 9
1304973541 8
1304973601 8
1304973661 9
1304973721 8
1304973781 8
1304973841 9
1304973901 9
1304973962 9
1304974021 8
1304974081 9
1304974141 9
1304974201 9
1304974261 8
1304974321 9
1304974381 8
1304974441 7
1304974501 8
1304974561 8
1304974622 8
1304974681 7
1304974741 7
1304974801 7
1304974861 8
1304974921 7
1304974981 8
1304975041 8
1304975101 6
1304975161 8
1304975221 9
1304975281 9
1304975341 8
1304975401 9
1304975461 7
1304975521 9
1304975581 7
1304975641 9
1304975701 9
1304975761 7
1304975821 8
1304975882 9
1304975941 9
1304976001 7
1304976061 9
1304976121 9
1304976181 9
1304976241 8
1304976301 9
1304976361 9
1304976421 7
1304976481 9
1304976542 8
1304976601 9
1304976661 9
1304976721 9
1304976781 9
1304976841 8
1304976901 8
1304976961 9
1304977021 9
1304977081 8
1304977141 9
1304977201 8
1304977262 8
1304977321 8
1304977381 9
1304977441 9
1304977501 8
1304977561 9
1304977621 9
1304977681 9
1304977741 8
1304977801 9
1304977861 7
1304977921 8
1304977981 8
1304978041 9
1304978101 9
1304978161 8
1304978221 9
1304978281 9
1304978341 9
1304978403 8
1304978461 9
1304978521 7
1304978581 8
1304978641 9
1304978701 10
1304978761 10
1304978821 9
1304978881 9
1304978941 9
1304979001 9
1304979061 9
1304979121 9
1304979181 7
1304979242 6
1304979301 6
1304979361 7
1304979421 7
1304979481 7
1304979541 8
1304979601 8
1304979661 8
1304979721 7
1304979781 8
1304979841 8
1304979902 8
1304979961 8
1304980021 7
1304980081 8
1304980141 7
1304980201 8
1304980261 8
1304980321 8
1304980381 7
1304980441 7
1304980501 7
1304980561 7
1304980621 8
1304980682 7
1304980741 9
1304980801 8
1304980861 9
1304980921 9
1304980981 8
1304981041 9
1304981101 9
1304981161 10
1304981221 9
1304981281 10
1304981341 10
1304981401 11
1304981461 10
1304981522 11
1304981581 11
1304981641 9
1304981701 9
1304981761 9
1304981821 10
1304981881 8
1304981941 8
1304982001 10
1304982061 10
1304982121 9
1304982181 10
1304982241 10
1304982302 9
1304982361 9
1304982421 9
1304982481 10
1304982541 9
1304982601 8
1304982661 10
1304982721 10
1304982781 9
1304982841 10
1304982901 10
1304982961 9
1304983022 10
1304983081 10
1304983141 9
1304983201 9
1304983261 8
1304983321 9
1304983381 9
1304983441 8
1304983501 9
1304983561 10
1304983621 8
1304983681 11
1304983741 11
1304983802 10
1304983861 10
1304983921 11
1304983981 12
1304984041 12
1304984101 11
1304984161 12
1304984221 13
1304984281 12
1304984341 14
1304984401 15
1304984461 17
1304984522 16
1304984581 17
1304984641 17
1304984701 18
1304984761 19
1304984821 20
1304984881 22
1304984941 23
1304985001 23
1304985061 24
1304985122 25
1304985181 27
1304985241 29
1304985301 28
1304985361 27
1304985421 26
1304985481 27
1304985541 24
1304985601 27
1304985661 26
1304985721 26
1304985782 25
1304985841 25
1304985901 25
1304985961 25
1304986021 24
1304986081 23
1304986141 25
1304986201 25
1304986261 23
1304986321 26
1304986381 27
1304986442 27
1304986502 28
1304986561 28
1304986621 27
1304986681 29
1304986741 28
1304986801 29
1304986861 28
1304986921 26
1304986981 26
1304987042 26
1304987101 25
1304987161 26
1304987221 26
1304987281 25
1304987341 26
1304987401 25
1304987461 25
1304987521 25
1304987581 23
1304987641 27
1304987702 28
1304987762 27
1304987821 28
1304987881 27
1304987941 27
1304988001 29
1304988061 29
1304988121 31
1304988181 29
1304988241 27
1304988302 31
1304988361 31
1304988421 34
1304988481 33
1304988541 34
1304988601 32
1304988661 33
1304988721 32
1304988781 32
1304988841 33
1304988901 32
1304988961 32
1304989022 32
1304989081 32
1304989141 32
1304989201 32
1304989261 31
1304989321 30
1304989381 32
1304989441 33
1304989501 32
1304989561 32
1304989621 33
1304989682 34
1304989742 32
1304989801 33
1304989861 34
1304989921 33
1304989981 36
1304990041 38
1304990101 35
1304990161 34
1304990221 36
1304990281 37
1304990341 37
1304990402 37
1304990461 38
1304990521 39
1304990581 38
1304990641 36
1304990701 36
1304990761 36
1304990821 36
1304990881 36
1304990941 37
1304991001 37
1304991062 35
1304991121 36
1304991181 35
1304991241 39
1304991301 39
1304991361 40
1304991421 40
1304991481 36
1304991541 36
1304991601 34
1304991661 34
1304991722 35
1304991782 36
1304991841 34
1304991901 37
1304991961 38
1304992021 41
1304992081 41
1304992141 41
1304992201 41
1304992261 42
1304992321 40
1304992381 39
1304992442 44
1304992501 42
1304992561 42
1304992621 38
1304992681 37
1304992741 38
1304992801 37
1304992861 37
1304992921 40
1304992981 39
1304993041 36
1304993101 39
1304993161 38
1304993222 39
1304993281 39
1304993341 39
1304993401 38
1304993461 38
1304993521 40
1304993581 41
1304993641 39
1304993701 41
1304993761 40
1304993821 40
1304993882 40
1304993941 41
1304994001 41
1304994061 42
1304994121 41
1304994181 40
1304994241 41
1304994301 41
1304994361 40
1304994421 41
1304994481 41
1304994542 38
1304994602 42
1304994661 42
1304994721 42
1304994781 46
1304994841 43
1304994901 39
1304994961 43
1304995021 43
1304995081 45
1304995141 45
1304995201 44
1304995262 45
1304995321 43
1304995381 46
1304995441 44
1304995501 45
1304995561 45
1304995621 45
1304995681 46
1304995741 47
1304995801 44
1304995861 46
1304995921 45
1304995982 45
1304996041 46
1304996101 48
1304996161 48
1304996221 49
1304996281 49
1304996341 50
1304996401 50
1304996461 49
1304996521 50
1304996581 52
1304996641 52
1304996702 48
1304996761 49
1304996821 47
1304996881 49
1304996941 49
1304997001 49
1304997061 48
1304997121 51
1304997181 47
1304997241 49
1304997301 50
1304997361 50
1304997421 52
1304997482 49
1304997541 51
1304997601 50
1304997661 50
1304997721 48
1304997781 51
1304997841 53
1304997901 50
1304997961 47
1304998021 52
1304998081 48
1304998141 48
1304998202 49
1304998261 49
1304998321 46
1304998381 45
1304998441 46
1304998501 45
1304998561 45
1304998621 45
1304998681 44
1304998741 46
1304998801 46
1304998862 47
1304998922 46
1304998981 46
1304999041 45
1304999101 47
1304999161 46
1304999221 46
1304999281 47
1304999341 49
1304999401 49
1304999461 48
1304999522 48
1304999581 42
1304999641 43
1304999701 45
1304999761 45
1304999821 44
1304999881 47
1304999941 45
1305000001 47
1305000061 47
1305000121 48
1305000181 51
1305000242 49
1305000301 49
1305000361 49
1305000421 45
1305000481 45
1305000541 45
1305000601 43
1305000661 42
1305000721 43
1305000781 44
1305000841 43
1305000902 43
1305000962 43
1305001021 44
1305001081 42
1305001141 44
1305001201 45
1305001261 44
1305001321 44
1305001381 44
1305001441 43
1305001501 43
1305001561 43
1305001621 43
1305001682 43
1305001741 41
1305001801 44
1305001861 45
1305001921 43
1305001981 44
1305002041 44
1305002101 45
1305002161 43
1305002221 44
1305002281 43
1305002342 45
1305002401 46
1305002461 45
1305002521 46
1305002581 43
1305002641 44
1305002701 47
1305002761 49
1305002821 49
1305002881 50
1305002942 50
1305003001 50
1305003061 51
1305003121 50
1305003181 50
1305003241 50
1305003301 49
1305003361 48
1305003421 51
1305003481 48
1305003541 50
1305003601 48
1305003662 49
1305003721 50
1305003781 49
1305003841 47
1305003901 48
1305003961 49
1305004021 49
1305004081 50
1305004141 46
1305004201 47
1305004261 48
1305004322 48
1305004381 50
1305004441 49
1305004501 48
1305004561 48
1305004621 47
1305004681 48
1305004741 49
1305004801 49
1305004862 50
1305004921 48
1305004981 48
1305005041 50
1305005101 47
1305005161 50
1305005221 50
1305005281 50
1305005341 50
1305005401 51
1305005461 52
1305005521 53
1305005582 52
1305005641 51
1305005701 53
1305005761 53
1305005821 53
1305005881 52
1305005941 51
1305006001 48
1305006061 47
1305006121 49
1305006182 51
1305006241 50
1305006301 49
1305006361 47
1305006421 50
1305006481 51
1305006541 50
1305006601 53
1305006661 52
1305006721 54
1305006781 52
1305006842 55
1305006901 56
1305006961 55
1305007021 54
1305007081 55
1305007141 55
1305007201 57
1305007261 58
1305007321 59
1305007381 58
1305007441 57
1305007501 55
1305007562 53
1305007621 52
1305007681 50
1305007741 56
1305007801 55
1305007861 56
1305007921 54
1305007981 55
1305008041 56
1305008102 57
1305008162 57
1305008221 53
1305008281 56
1305008341 56
1305008401 52
1305008461 56
1305008521 55
1305008581 57
1305008641 56
1305008701 57
1305008761 56
1305008822 55
1305008881 55
1305008941 53
1305009001 49
1305009061 49
1305009121 49
1305009181 50
1305009241 49
1305009301 51
1305009361 51
1305009422 51
1305009481 51
1305009541 51
1305009601 50
1305009661 50
1305009721 50
1305009781 50
1305009841 49
1305009901 49
1305009961 50
1305010021 54
1305010082 52
1305010141 52
1305010201 52
1305010261 52
1305010321 50
1305010381 53
1305010441 53
1305010501 51
1305010561 56
1305010621 53
1305010681 49
1305010741 51
1305010802 50
1305010861 47
1305010921 51
1305010981 52
1305011041 52
1305011101 52
1305011161 51
1305011221 52
1305011281 51
1305011341 50
1305011401 50
1305011462 47
1305011521 47
1305011581 47
1305011641 48
1305011701 51
1305011761 52
1305011821 51
1305011881 51
1305011941 50
1305012001 49
1305012062 49
1305012121 49
1305012181 48
1305012241 48
1305012301 46
1305012361 46
1305012421 49
1305012481 49
1305012541 49
1305012601 50
1305012661 48
1305012722 50
1305012782 50
1305012841 49
1305012901 48
1305012961 47
1305013021 47
1305013081 48
1305013141 50
1305013201 48
1305013261 49
1305013321 44
1305013381 45
1305013441 45
1305013502 47
1305013561 47
1305013621 46
1305013681 46
1305013741 47
1305013801 49
1305013861 50
1305013921 47
1305013981 49
1305014041 49
1305014101 46
1305014161 48
1305014221 47
1305014281 48
1305014341 44
1305014401 46
1305014461 45
1305014521 45
1305014581 45
1305014641 45
1305014701 45
1305014761 46
1305014822 45
1305014881 48
1305014941 47
1305015001 49
1305015061 50
1305015121 52
1305015181 50
1305015241 48
1305015301 48
1305015361 47
1305015421 46
1305015481 47
1305015542 45
1305015601 41
1305015661 38
1305015721 39
1305015781 39
1305015841 39
1305015901 38
1305015961 35
1305016021 35
1305016081 32
1305016141 34
1305016202 33
1305016261 34
1305016321 33
1305016381 35
1305016441 34
1305016501 35
1305016561 35
1305016621 37
1305016681 40
1305016741 41
1305016801 42
1305016862 42
1305016921 44
1305016981 44
1305017041 44
1305017101 41
1305017161 43
1305017221 42
1305017281 39
1305017341 41
1305017401 39
1305017462 38
1305017521 37
1305017581 34
1305017641 38
1305017701 38
1305017761 37
1305017821 36
1305017881 37
1305017941 35
1305018001 34
1305018061 36
1305018122 36
1305018181 33
1305018241 33
1305018301 32
1305018361 30
1305018421 30
1305018481 31
1305018541 30
1305018601 29
1305018661 28
1305018721 25
1305018781 27
1305018842 24
1305018901 27
1305018961 28
1305019021 25
1305019081 24
1305019141 25
1305019201 25
1305019261 25
1305019321 25
1305019381 24
1305019441 25
1305019502 23
1305019561 23
1305019621 23
1305019681 22
1305019741 23
1305019801 24
1305019861 23
1305019921 22
1305019981 23
1305020041 23
1305020101 20
1305020162 20
1305020221 23
1305020281 21
1305020341 21
1305020401 21
1305020461 22
1305020521 22
1305020581 23
1305020641 24
1305020701 25
1305020761 24
1305020821 23
1305020882 24
1305020941 21
1305021001 24
1305021061 24
1305021121 24
1305021181 22
1305021241 21
1305021301 23
1305021361 22
1305021421 22
1305021481 23
1305021541 23
1305021601 21
1305021662 23
1305021721 23
1305021781 23
1305021841 23
1305021901 23
1305021961 24
1305022021 24
1305022081 25
1305022141 26
1305022202 25
1305022261 26
1305022321 27
1305022381 28
1305022441 26
1305022501 26
1305022561 26
1305022621 28
1305022681 28
1305022741 29
1305022801 29
1305022861 28
1305022922 27
1305022981 26
1305023041 26
1305023101 24
1305023161 23
1305023221 23
1305023281 23
1305023341 25
1305023401 25
1305023461 25
1305023521 24
1305023581 24
1305023641 25
1305023701 24
1305023761 24
1305023821 24
1305023881 24
1305023941 22
1305024001 21
1305024061 22
1305024121 22
1305024181 21
1305024241 20
1305024301 21
1305024362 21
1305024421 20
1305024481 20
1305024541 21
1305024601 22
1305024661 22
1305024721 21
1305024781 23
1305024841 23
1305024901 22
1305024961 25
1305025021 23
1305025082 23
1305025141 23
1305025201 23
1305025261 23
1305025321 24
1305025381 23
1305025441 24
1305025501 25
1305025561 25
1305025621 26
1305025681 25
1305025742 24
1305025802 24
1305025861 25
1305025921 25
1305025981 26
1305026041 25
1305026101 26
1305026161 25
1305026221 26
1305026281 24
1305026341 25
1305026401 23
1305026461 22
1305026522 22
1305026581 22
1305026641 23
1305026701 22
1305026761 22
1305026821 23
1305026881 23
1305026941 22
1305027001 22
1305027061 22
1305027121 23
1305027181 23
1305027242 24
1305027301 25
1305027361 24
1305027421 24
1305027481 24
1305027541 23
1305027601 24
1305027661 21
1305027721 25
1305027781 23
1305027841 24
1305027902 24
1305027961 23
1305028021 22
1305028081 22
1305028141 23
1305028201 22
1305028261 26
1305028321 24
1305028381 26
1305028441 25
1305028502 28
1305028561 30
1305028621 29
1305028681 29
1305028741 30
1305028801 29
1305028861 28
1305028921 29
1305028981 30
1305029041 29
1305029101 28
1305029161 27
1305029222 30
1305029281 30
1305029341 30
1305029401 31
1305029461 32
1305029521 32
1305029581 34
1305029641 34
1305029701 33
1305029761 33
1305029821 35
1305029882 34
1305029941 34
1305030001 34
1305030061 31
1305030121 28
1305030181 26
1305030241 29
1305030301 32
1305030361 30
1305030421 30
1305030481 30
1305030542 32
1305030601 31
1305030661 33
1305030721 33
1305030781 33
1305030841 32
1305030901 30
1305030961 31
1305031021 29
1305031081 32
1305031142 31
1305031201 32
1305031261 30
1305031321 31
1305031381 31
1305031441 31
1305031501 33
1305031561 32
1305031621 31
1305031681 32
1305031742 32
1305031801 30
1305031861 31
1305031921 30
1305031981 30
1305032041 30
1305032101 28
1305032161 32
1305032221 30
1305032281 29
1305032341 30
1305032402 31
1305032462 31
1305032521 30
1305032581 30
1305032641 30
1305032701 31
1305032761 31
1305032821 31
1305032881 31
1305032941 29
1305033001 30
1305033061 32
1305033122 32
1305033181 31
1305033241 30
1305033301 29
1305033361 29
1305033421 30
1305033481 30
1305033541 31
1305033601 32
1305033661 30
1305033722 30
1305033782 31
1305033841 31
1305033901 32
1305033961 31
1305034021 31
1305034081 33
1305034141 32
1305034201 32
1305034261 34
1305034321 33
1305034381 34
1305034442 31
1305034501 32
1305034561 32
1305034621 31
1305034681 33
1305034741 34
1305034801 31
1305034861 32
1305034921 34
1305034981 29
1305035042 31
1305035101 28
1305035161 30
1305035221 29
1305035281 29
1305035341 30
1305035401 30
1305035461 29
1305035521 29
1305035581 29
1305035641 28
1305035702 27
1305035761 27
1305035821 25
1305035881 23
1305035941 26
1305036001 25
1305036061 27
1305036121 27
1305036181 27
1305036241 25
1305036301 27
1305036362 26
1305036421 28
1305036481 29
1305036541 26
1305036601 32
1305036661 28
1305036721 32
1305036781 33
1305036841 33
1305036901 32
1305036962 30
1305037021 30
1305037081 31
1305037141 31
1305037201 31
1305037261 29
1305037321 29
1305037381 30
1305037441 32
1305037501 31
1305037561 31
1305037622 32
1305037681 31
1305037741 31
1305037801 29
1305037861 31
1305037921 29
1305037981 26
1305038041 28
1305038101 28
1305038161 28
1305038222 27
1305038281 26
1305038341 28
1305038401 26
1305038461 28
1305038521 29
1305038581 29
1305038641 27
1305038701 28
1305038761 29
1305038821 27
1305038882 27
1305038941 29
1305039001 29
1305039061 26
1305039121 27
1305039181 28
1305039241 29
1305039301 29
1305039361 27
1305039421 28
1305039481 25
1305039541 24
1305039602 24
1305039661 22
1305039721 23
1305039781 24
1305039841 23
1305039901 23
1305039961 23
1305040021 22
1305040081 22
1305040141 21
1305040202 21
1305040261 23
1305040321 18
1305040381 22
1305040441 20
1305040501 23
1305040561 22
1305040621 20
1305040681 20
1305040741 20
1305040802 21
1305040861 21
1305040921 22
1305040981 18
1305041041 22
1305041101 21
1305041161 23
1305041221 23
1305041281 23
1305041341 23
1305041401 22
1305041461 23
1305041522 23
1305041581 22
1305041641 19
1305041701 21
1305041761 19
1305041821 21
1305041881 21
1305041941 20
1305042001 21
1305042061 20
1305042121 21
1305042181 21
1305042242 20
1305042301 19
1305042361 20
1305042421 20
1305042481 20
1305042541 21
1305042601 18
1305042661 18
1305042721 20
1305042781 18
1305042841 20
1305042901 19
1305042962 19
1305043021 19
1305043081 19
1305043141 17
1305043201 18
