1310313661 10
1310313721 11
1310313781 12
1310313842 12
1310313901 12
1310313961 12
1310314021 10
1310314081 9
1310314141 12
1310314201 12
1310314261 13
1310314321 10
1310314381 12
1310314441 13
1310314502 13
1310314561 13
1310314621 13
1310314681 14
1310314741 13
1310314801 13
1310314861 14
1310314921 13
1310314981 10
1310315041 11
1310315102 10
1310315161 9
1310315221 10
1310315281 8
1310315341 9
1310315401 7
1310315461 8
1310315521 8
1310315581 8
1310315641 6
1310315701 8
1310315762 8
1310315821 7
1310315881 8
1310315941 8
1310316001 8
1310316061 7
1310316121 8
1310316181 8
1310316241 9
1310316301 8
1310316361 10
1310316421 10
1310316482 10
1310316541 12
1310316601 12
1310316661 10
1310316721 11
1310316781 12
1310316841 11
1310316901 11
1310316961 9
1310317021 10
1310317082 9
1310317141 9
1310317201 10
1310317261 11
1310317321 9
1310317381 10
1310317441 11
1310317501 10
1310317561 11
1310317621 10
1310317681 11
1310317741 10
1310317801 10
1310317861 11
1310317921 11
1310317982 10
1310318041 9
1310318101 9
1310318161 8
1310318221 9
1310318281 8
1310318341 8
1310318401 8
1310318461 7
1310318521 9
1310318581 9
1310318641 10
1310318701 10
1310318761 10
1310318822 10
1310318881 10
1310318941 10
1310319001 10
1310319061 9
1310319121 7
1310319181 9
1310319241 9
1310319301 9
1310319361 9
1310319421 8
1310319481 9
1310319541 9
1310319602 7
1310319661 8
1310319721 8
1310319781 7
1310319841 6
1310319901 7
1310319961 8
1310320021 8
1310320081 7
1310320141 7
1310320201 8
1310320261 7
1310320321 8
1310320381 8
1310320441 8
1310320501 8
1310320562 7
1310320621 7
1310320681 7
1310320741 6
1310320801 6
1310320862 7
1310320921 5
1310320981 5
1310321041 4
1310321101 3
1310321161 4
1310321221 4
1310321281 4
1310321341 4
1310321401 3
1310321461 3
1310321521 4
1310321581 3
1310321641 4
1310321701 4
1310321761 3
1310321821 4
1310321881 4
1310321941 4
1310322001 4
1310322061 3
1310322121 3
1310322182 4
1310322241 4
1310322301 4
1310322361 4
1310322421 3
1310322481 4
1310322541 4
1310322601 4
1310322661 4
1310322721 3
1310322781 4
1310322841 3
1310322902 4
1310322961 4
1310323021 4
1310323081 4
1310323141 4
1310323201 4
1310323261 4
1310323321 4
1310323381 3
1310323441 4
1310323501 2
1310323561 4
1310323621 4
1310323681 3
1310323741 4
1310323801 4
1310323861 4
1310323921 4
1310323981 4
1310324042 3
1310324101 4
1310324161 2
1310324221 4
1310324281 4
1310324341 4
1310324401 4
1310324461 4
1310324521 4
1310324581 4
1310324642 4
1310324701 3
1310324761 5
1310324821 4
1310324881 4
1310324941 4
1310325001 5
1310325061 5
1310325121 5
1310325182 5
1310325241 5
1310325301 5
1310325361 3
1310325421 4
1310325481 3
1310325541 4
1310325601 3
1310325661 4
1310325721 4
1310325781 4
1310325842 4
1310325901 4
1310325961 4
1310326021 3
1310326081 4
1310326141 2
1310326201 4
1310326261 4
1310326321 3
1310326382 4
1310326441 4
1310326501 4
1310326561 4
1310326621 4
1310326681 3
1310326741 4
1310326801 2
1310326861 4
1310326921 4
1310326982 4
1310327041 4
1310327101 4
1310327161 4
1310327221 4
1310327281 4
1310327341 3
1310327401 4
1310327461 3
1310327522 3
1310327581 3
1310327641 4
1310327701 4
1310327761 4
1310327821 4
1310327881 4
1310327941 4
1310328001 4
1310328061 4
1310328122 4
1310328181 4
1310328241 3
1310328301 4
1310328361 4
1310328421 4
1310328481 4
1310328541 4
1310328601 3
1310328661 4
1310328721 4
1310328782 4
1310328841 4
1310328901 4
1310328961 3
1310329021 4
1310329081 4
1310329141 4
1310329201 4
1310329261 4
1310329321 3
1310329381 3
1310329442 4
1310329501 4
1310329561 4
1310329621 3
1310329681 4
1310329741 4
1310329801 4
1310329861 4
1310329921 4
1310329981 3
1310330042 4
1310330101 3
1310330161 4
1310330221 4
1310330281 4
1310330341 4
1310330401 4
1310330461 3
1310330521 4
1310330581 4
1310330641 3
1310330702 4
1310330761 3
1310330821 4
1310330881 3
1310330941 4
1310331001 4
1310331061 4
1310331121 3
1310331181 4
1310331241 4
1310331302 3
1310331361 4
1310331421 4
1310331481 4
1310331541 4
1310331601 3
1310331661 4
1310331721 4
1310331781 3
1310331841 4
1310331902 4
1310331961 3
1310332021 3
1310332081 3
1310332141 4
1310332201 4
1310332261 3
1310332321 4
1310332381 4
1310332441 3
1310332502 4
1310332562 4
1310332621 3
1310332681 4
1310332741 3
1310332801 4
1310332861 4
1310332921 4
1310332981 4
1310333041 4
1310333101 3
1310333162 4
1310333221 4
1310333281 3
1310333341 4
1310333401 3
1310333461 4
1310333521 4
1310333581 4
1310333641 5
1310333701 5
1310333762 4
1310333821 5
1310333881 5
1310333941 4
1310334001 5
1310334061 5
1310334121 5
1310334181 5
1310334241 4
1310334301 5
1310334362 5
1310334421 4
1310334481 5
1310334541 5
1310334601 4
1310334661 4
1310334721 5
1310334781 4
1310334841 5
1310334901 5
1310334962 5
1310335021 5
1310335081 5
1310335141 4
1310335201 5
1310335261 4
1310335321 4
1310335381 5
1310335441 4
1310335501 5
1310335561 5
1310335621 5
1310335681 5
1310335742 5
1310335801 5
1310335861 5
1310335921 4
1310335981 6
1310336041 6
1310336101 5
1310336161 6
1310336221 6
1310336281 6
1310336341 6
1310336401 5
1310336461 6
1310336521 6
1310336581 4
1310336641 5
1310336702 5
1310336761 4
1310336821 4
1310336881 4
1310336941 4
1310337001 4
1310337061 3
1310337121 4
1310337181 3
1310337241 4
1310337301 3
1310337361 3
1310337422 4
1310337481 4
1310337541 4
1310337601 4
1310337661 4
1310337721 3
1310337781 4
1310337841 3
1310337901 4
1310337961 3
1310338021 3
1310338082 4
1310338141 4
1310338201 4
1310338261 4
1310338321 4
1310338381 3
1310338441 4
1310338501 3
1310338561 4
1310338621 3
1310338681 3
1310338741 5
1310338802 5
1310338861 5
1310338921 6
1310338981 6
1310339041 5
1310339101 6
1310339161 5
1310339221 7
1310339281 7
1310339341 6
1310339402 8
1310339461 8
1310339521 8
1310339581 8
1310339641 8
1310339701 7
1310339761 9
1310339821 8
1310339881 8
1310339942 8
1310340001 8
1310340061 9
1310340121 8
1310340181 8
1310340241 8
1310340301 8
1310340361 7
1310340421 9
1310340481 8
1310340542 8
1310340601 6
1310340661 7
1310340721 7
1310340781 7
1310340841 7
1310340901 7
1310340961 9
1310341021 6
1310341082 9
1310341141 9
1310341201 8
1310341261 7
1310341321 9
1310341381 10
1310341441 10
1310341501 10
1310341561 10
1310341621 9
1310341681 8
1310341741 11
1310341802 12
1310341861 11
1310341921 11
1310341981 12
1310342041 13
1310342101 13
1310342161 11
1310342221 13
1310342281 13
1310342342 12
1310342401 13
1310342461 12
1310342521 11
1310342581 11
1310342641 11
1310342701 12
1310342761 12
1310342821 11
1310342882 12
1310342941 15
1310343001 15
1310343061 16
1310343121 15
1310343181 16
1310343241 15
1310343301 15
1310343361 16
1310343421 17
1310343481 18
1310343542 15
1310343601 18
1310343661 19
1310343721 19
1310343781 17
1310343841 19
1310343901 19
1310343961 18
1310344022 21
1310344081 17
1310344141 19
1310344201 20
1310344261 20
1310344321 22
1310344381 22
1310344441 22
1310344501 23
1310344561 26
1310344621 25
1310344682 26
1310344741 23
1310344801 24
1310344861 25
1310344921 26
1310344981 27
1310345041 28
1310345101 26
1310345161 26
1310345221 28
1310345282 27
1310345341 28
1310345401 26
1310345461 27
1310345521 28
1310345581 26
1310345641 25
1310345701 28
1310345761 28
1310345821 28
1310345881 28
1310345942 30
1310346001 29
1310346061 31
1310346121 29
1310346181 31
1310346241 32
1310346301 32
1310346361 32
1310346421 33
1310346481 33
1310346542 33
1310346602 36
1310346661 32
1310346721 34
1310346781 36
1310346841 36
1310346901 36
1310346961 37
1310347021 38
1310347081 36
1310347141 33
1310347201 35
1310347261 37
1310347321 36
1310347381 36
1310347441 35
1310347501 37
1310347561 36
1310347621 36
1310347681 37
1310347741 36
1310347802 37
1310347861 40
1310347921 37
1310347981 37
1310348041 37
1310348101 39
1310348161 38
1310348222 36
1310348281 35
1310348341 37
1310348401 34
1310348461 35
1310348521 40
1310348581 39
1310348641 38
1310348702 38
1310348762 42
1310348821 41
1310348881 43
1310348941 41
1310349001 40
1310349061 40
1310349121 39
1310349181 43
1310349241 45
1310349302 47
1310349361 45
1310349421 48
1310349481 49
1310349541 49
1310349601 49
1310349661 49
1310349721 48
1310349782 50
1310349841 49
1310349901 46
1310349961 49
1310350021 46
1310350081 48
1310350142 47
1310350201 47
1310350261 45
1310350321 48
1310350381 48
1310350441 49
1310350502 53
1310350561 51
1310350621 52
1310350681 54
1310350741 56
1310350801 55
1310350861 53
1310350921 55
1310350982 51
1310351041 54
1310351101 52
1310351161 58
1310351221 57
1310351281 56
1310351341 56
1310351401 57
1310351461 56
1310351522 55
1310351582 55
1310351641 55
1310351701 55
1310351761 52
1310351821 58
1310351881 56
1310351941 60
1310352002 59
1310352061 60
1310352121 62
1310352181 63
1310352241 62
1310352301 62
1310352361 62
1310352421 60
1310352482 61
1310352541 60
1310352601 59
1310352661 62
1310352721 59
1310352781 61
1310352841 63
1310352901 63
1310352961 62
1310353021 62
1310353081 61
1310353141 61
1310353201 61
1310353261 62
1310353321 61
1310353381 63
1310353442 65
1310353501 66
1310353561 68
1310353621 66
1310353681 72
1310353741 70
1310353801 73
1310353861 72
1310353921 74
1310353982 74
1310354041 75
1310354101 74
1310354161 73
1310354221 73
1310354281 68
1310354341 69
1310354401 68
1310354461 68
1310354522 72
1310354581 72
1310354641 68
1310354701 67
1310354761 68
1310354821 69
1310354881 68
1310354941 70
1310355002 70
1310355061 72
1310355121 68
1310355181 71
1310355241 73
1310355301 73
1310355361 71
1310355421 72
1310355482 71
1310355541 73
1310355601 72
1310355661 68
1310355721 69
1310355781 64
1310355841 63
1310355901 59
1310355962 57
1310356021 59
1310356081 61
1310356141 58
1310356201 58
1310356261 60
1310356321 57
1310356381 57
1310356441 59
1310356501 61
1310356561 59
1310356621 57
1310356681 56
1310356741 54
1310356801 53
1310356861 50
1310356921 51
1310356981 47
1310357041 46
1310357102 47
1310357162 45
1310357221 43
1310357281 43
1310357341 43
1310357401 44
1310357461 45
1310357521 45
1310357581 43
1310357641 42
1310357702 40
1310357761 42
1310357821 40
1310357881 41
1310357941 40
1310358001 39
1310358061 39
1310358121 37
1310358181 39
1310358241 39
1310358302 36
1310358361 37
1310358421 37
1310358481 35
1310358541 37
1310358601 38
1310358661 35
1310358721 36
1310358781 33
1310358841 36
1310358902 36
1310358961 31
1310359021 36
1310359081 35
1310359141 34
1310359201 35
1310359261 34
1310359321 33
1310359381 34
1310359441 33
1310359501 37
1310359561 35
1310359621 35
1310359681 36
1310359741 34
1310359801 37
1310359861 40
1310359921 42
1310359982 42
1310360041 41
1310360101 38
1310360161 41
1310360221 37
1310360281 39
1310360341 38
1310360401 37
1310360461 39
1310360521 39
1310360581 41
1310360642 39
1310360701 40
1310360761 37
1310360821 39
1310360881 38
1310360941 41
1310361001 43
1310361061 42
1310361121 46
1310361182 45
1310361241 45
1310361301 45
1310361361 47
1310361421 45
1310361481 45
1310361541 43
1310361601 41
1310361661 42
1310361721 43
1310361782 43
1310361841 42
1310361901 41
1310361961 42
1310362021 45
1310362081 44
1310362141 45
1310362201 44
1310362261 45
1310362321 41
1310362382 45
1310362441 45
1310362501 45
1310362561 43
1310362621 43
1310362681 44
1310362741 42
1310362801 44
1310362861 43
1310362922 44
1310362981 45
1310363041 48
1310363101 47
1310363161 47
1310363221 45
1310363281 47
1310363341 47
1310363402 45
1310363462 45
1310363521 43
1310363581 44
1310363641 44
1310363701 44
1310363761 47
1310363821 46
1310363881 48
1310363941 47
1310364001 52
1310364061 53
1310364121 52
1310364181 51
1310364241 51
1310364301 53
1310364361 52
1310364421 51
1310364482 49
1310364541 52
1310364601 46
1310364661 44
1310364721 46
1310364781 43
1310364841 45
1310364901 45
1310364962 45
1310365021 45
1310365081 47
1310365141 46
1310365201 45
1310365261 47
1310365321 48
1310365381 51
1310365441 48
1310365502 49
1310365561 52
1310365621 55
1310365681 53
1310365741 56
1310365801 62
1310365861 61
1310365921 63
1310365981 64
1310366042 66
1310366101 66
1310366161 64
1310366221 64
1310366281 65
1310366341 65
1310366401 63
1310366461 64
1310366522 62
1310366581 65
1310366641 64
1310366701 65
1310366761 61
1310366821 61
1310366881 63
1310366941 65
1310367002 68
1310367061 66
1310367121 68
1310367181 64
1310367241 68
1310367301 69
1310367361 70
1310367421 68
1310367481 72
1310367542 72
1310367601 69
1310367661 71
1310367721 70
1310367781 69
1310367841 67
1310367902 66
1310367961 66
1310368021 66
1310368081 63
1310368141 66
1310368201 65
1310368261 68
1310368321 67
1310368381 65
1310368441 64
1310368502 65
1310368561 67
1310368621 65
1310368681 63
1310368741 60
1310368801 65
1310368861 61
1310368921 60
1310368982 60
1310369041 60
1310369101 58
1310369161 57
1310369221 58
1310369281 57
1310369341 56
1310369402 55
1310369461 59
1310369521 59
1310369581 62
1310369641 61
1310369701 61
1310369761 60
1310369821 63
1310369882 62
1310369941 60
1310370001 58
1310370061 57
1310370121 57
1310370181 57
1310370241 55
1310370301 54
1310370361 56
1310370421 52
1310370481 54
1310370541 53
1310370601 52
1310370662 56
1310370721 55
1310370781 57
1310370841 59
1310370901 58
1310370961 59
1310371021 58
1310371082 57
1310371142 62
1310371201 61
1310371261 58
1310371321 63
1310371382 64
1310371441 60
1310371501 60
1310371561 59
1310371621 63
1310371681 65
1310371742 58
1310371802 61
1310371861 57
1310371921 54
1310371981 51
1310372041 53
1310372101 53
1310372161 53
1310372221 55
1310372282 50
1310372341 53
1310372401 54
1310372461 52
1310372521 46
1310372581 47
1310372641 46
1310372701 46
1310372761 43
1310372821 42
1310372881 41
1310372941 38
1310373001 35
1310373061 37
1310373121 37
1310373181 37
1310373241 36
1310373302 35
1310373361 37
1310373421 36
1310373481 36
1310373541 37
1310373601 36
1310373661 34
1310373721 36
1310373781 34
1310373842 32
1310373901 32
1310373961 32
1310374021 31
1310374081 32
1310374141 31
1310374201 31
1310374261 31
1310374321 29
1310374381 30
1310374442 30
1310374501 30
1310374561 31
1310374621 33
1310374681 37
1310374741 38
1310374801 37
1310374861 39
1310374921 37
1310374981 39
1310375042 37
1310375101 36
1310375161 37
1310375221 36
1310375281 34
1310375341 36
1310375402 39
1310375461 40
1310375522 43
1310375581 44
1310375641 42
1310375701 43
1310375761 38
1310375821 42
1310375881 38
1310375942 38
1310376001 37
1310376061 34
1310376121 34
1310376181 30
1310376241 33
1310376301 31
1310376361 31
1310376421 29
1310376481 34
1310376541 35
1310376601 33
1310376661 33
1310376721 32
1310376781 32
1310376841 29
1310376901 30
1310376961 30
1310377021 30
1310377081 31
1310377142 29
1310377201 31
1310377261 30
1310377321 30
1310377381 31
1310377441 31
1310377501 32
1310377561 30
1310377621 32
1310377682 32
1310377741 32
1310377801 32
1310377861 33
1310377921 34
1310377981 33
1310378041 35
1310378101 33
1310378161 35
1310378222 33
1310378281 30
1310378341 32
1310378401 32
1310378461 33
1310378521 34
1310378581 35
1310378641 33
1310378701 34
1310378762 45
1310378821 45
1310378881 45
1310378941 45
1310379001 45
1310379061 46
1310379121 47
1310379181 47
1310379241 48
1310379301 48
1310379362 37
1310379421 35
1310379481 34
1310379541 35
1310379601 36
1310379661 33
1310379721 31
1310379781 30
1310379841 30
1310379901 32
1310379962 30
1310380021 30
1310380081 31
1310380141 31
1310380201 28
1310380261 31
1310380321 31
1310380381 33
1310380441 32
1310380502 32
1310380561 31
1310380621 28
1310380681 27
1310380741 25
1310380801 26
1310380861 22
1310380921 26
1310380981 23
1310381042 26
1310381101 24
1310381161 26
1310381221 26
1310381281 24
1310381341 23
1310381402 22
1310381461 25
1310381521 22
1310381581 25
1310381641 23
1310381701 24
1310381761 23
1310381821 24
1310381882 27
1310381941 28
1310382001 30
1310382061 31
1310382121 30
1310382181 29
1310382241 29
1310382301 29
1310382361 31
1310382422 31
1310382481 33
1310382541 31
1310382601 29
1310382661 27
1310382721 29
1310382781 29
1310382841 26
1310382901 29
1310382962 27
1310383021 31
1310383081 29
1310383141 31
1310383201 30
1310383261 30
1310383321 30
1310383381 32
1310383442 32
1310383501 29
1310383561 32
1310383621 32
1310383681 31
1310383741 30
1310383801 30
1310383861 33
1310383921 30
1310383981 30
1310384041 29
1310384101 28
1310384161 28
1310384221 28
1310384281 28
1310384341 29
1310384401 31
1310384461 31
1310384521 32
1310384581 32
1310384642 31
1310384701 33
1310384761 31
1310384821 33
1310384881 34
1310384941 33
1310385001 33
1310385061 32
1310385121 33
1310385181 34
1310385241 36
1310385302 35
1310385361 35
1310385421 33
1310385481 34
1310385541 34
1310385601 34
1310385661 35
1310385721 35
1310385782 37
1310385841 35
1310385901 37
1310385961 38
1310386021 38
1310386081 38
1310386141 38
1310386201 35
1310386261 34
1310386322 38
1310386381 36
1310386441 40
1310386501 37
1310386561 40
1310386621 40
1310386681 39
1310386741 40
1310386801 40
1310386861 42
1310386922 41
1310386981 38
1310387041 36
1310387101 38
1310387161 35
1310387221 35
1310387281 37
1310387341 37
1310387402 37
1310387461 34
1310387521 34
1310387581 36
1310387641 36
1310387701 36
1310387761 36
1310387821 36
1310387881 36
1310387941 37
1310388001 37
1310388061 38
1310388121 39
1310388181 38
1310388241 38
1310388301 39
1310388361 39
1310388421 38
1310388481 39
1310388541 40
1310388602 40
1310388661 39
1310388721 38
1310388781 37
1310388841 39
1310388901 39
1310388961 38
1310389021 36
1310389081 34
1310389141 33
1310389202 32
1310389261 30
1310389321 31
1310389381 33
1310389441 31
1310389501 31
1310389561 32
1310389621 32
1310389681 32
1310389741 31
1310389801 32
1310389862 35
1310389921 33
1310389981 36
1310390041 35
1310390101 36
1310390161 35
1310390221 37
1310390281 36
1310390341 36
1310390401 34
1310390461 34
1310390521 36
1310390582 32
1310390641 35
1310390701 36
1310390761 35
1310390821 37
1310390881 37
1310390941 40
1310391001 39
1310391061 39
1310391121 39
1310391181 39
1310391242 37
1310391301 39
1310391361 39
1310391421 35
1310391481 36
1310391541 35
1310391601 35
1310391661 32
1310391721 36
1310391781 35
1310391841 35
1310391902 31
1310391961 34
1310392021 34
1310392081 33
1310392141 33
1310392201 36
1310392261 36
1310392321 31
1310392381 36
1310392441 33
1310392501 33
1310392562 33
1310392621 34
1310392681 34
1310392741 35
1310392801 32
1310392861 32
1310392921 32
1310392981 29
1310393041 31
1310393101 31
1310393161 27
1310393222 29
1310393281 29
1310393341 25
1310393401 26
1310393461 26
1310393521 25
1310393581 25
1310393641 25
1310393701 28
1310393761 26
1310393821 27
1310393881 29
1310393941 30
1310394001 28
1310394061 30
1310394121 28
1310394181 30
1310394241 30
1310394301 27
1310394361 28
1310394421 26
1310394482 26
1310394541 25
1310394601 26
1310394661 25
1310394721 26
1310394781 25
1310394841 23
1310394901 22
1310394961 26
1310395021 24
1310395081 23
1310395141 25
1310395202 26
1310395261 25
1310395321 26
1310395381 26
1310395441 28
1310395501 27
1310395561 25
1310395621 27
1310395681 26
1310395741 27
1310395801 26
1310395862 28
1310395922 27
1310395981 23
1310396041 24
1310396101 25
1310396161 24
1310396221 24
1310396281 24
1310396341 22
1310396401 23
1310396461 23
1310396521 23
1310396582 23
1310396641 23
1310396701 25
1310396761 26
1310396821 25
1310396881 24
1310396941 24
1310397001 25
1310397061 24
1310397121 25
1310397182 25
1310397241 25
1310397301 25
1310397361 24
1310397421 25
1310397481 25
1310397541 24
1310397601 24
1310397661 25
1310397721 24
1310397781 24
1310397842 23
1310397901 24
1310397961 24
1310398021 24
1310398081 24
1310398141 24
1310398201 23
1310398261 22
1310398321 23
1310398381 26
1310398441 22
1310398502 23
1310398561 23
1310398621 22
1310398681 23
1310398741 22
1310398801 21
1310398861 19
1310398921 22
1310398981 20
1310399041 21
1310399101 17
1310399162 19
1310399221 19
1310399281 21
1310399341 20
1310399401 22
1310399461 22
1310399521 20
1310399581 22
1310399641 22
1310399701 21
1310399761 21
1310399821 20
1310399881 18
1310399941 21
1310400001 21
