1313942461 31
1313942521 30
1313942581 28
1313942641 27
1313942702 27
1313942762 27
1313942821 28
1313942881 28
1313942941 25
1313943001 28
1313943061 27
1313943121 27
1313943181 29
1313943241 29
1313943301 28
1313943362 28
1313943421 26
1313943481 27
1313943541 26
1313943601 24
1313943661 26
1313943721 24
1313943781 25
1313943842 22
1313943902 23
1313943961 20
1313944021 22
1313944081 22
1313944141 23
1313944201 21
1313944261 21
1313944321 22
1313944381 20
1313944441 21
1313944502 22
1313944561 22
1313944621 21
1313944681 21
1313944741 21
1313944801 21
1313944861 20
1313944921 21
1313944982 22
1313945041 21
1313945101 20
1313945161 20
1313945221 20
1313945281 18
1313945341 19
1313945401 19
1313945461 18
1313945521 18
1313945582 18
1313945641 18
1313945701 17
1313945761 16
1313945821 18
1313945881 17
1313945941 16
1313946001 16
1313946061 17
1313946122 15
1313946181 16
1313946241 17
1313946302 18
1313946361 18
1313946421 16
1313946481 17
1313946541 15
1313946601 16
1313946661 17
1313946721 17
1313946781 15
1313946842 17
1313946901 16
1313946961 17
1313947021 17
1313947081 17
1313947141 18
1313947202 15
1313947261 17
1313947321 17
1313947381 16
1313947441 14
1313947501 15
1313947561 15
1313947621 16
1313947681 16
1313947741 16
1313947802 16
1313947861 13
1313947921 16
1313947981 16
1313948041 15
1313948101 16
1313948161 15
1313948221 15
1313948281 15
1313948341 15
1313948402 16
1313948461 16
1313948521 15
1313948581 15
1313948641 16
1313948701 13
1313948761 15
1313948821 14
1313948881 14
1313948941 13
1313949002 13
1313949061 13
1313949121 12
1313949181 12
1313949241 12
1313949301 12
1313949361 11
1313949421 12
1313949481 12
1313949542 12
1313949602 12
1313949661 11
1313949721 11
1313949782 12
1313949842 12
1313949901 10
1313949961 11
1313950021 9
1313950081 10
1313950141 10
1313950201 10
1313950261 10
1313950321 9
1313950381 8
1313950441 10
1313950502 10
1313950561 9
1313950621 11
1313950681 10
1313950741 11
1313950801 11
1313950861 11
1313950921 11
1313950981 10
1313951041 9
1313951102 11
1313951161 10
1313951221 9
1313951281 10
1313951341 9
1313951401 9
1313951461 9
1313951521 10
1313951581 10
1313951642 9
1313951701 8
1313951761 10
1313951821 10
1313951881 10
1313951941 10
1313952001 9
1313952061 10
1313952121 10
1313952181 11
1313952242 11
1313952302 11
1313952361 9
1313952421 11
1313952481 10
1313952541 11
1313952601 12
1313952661 11
1313952721 11
1313952781 10
1313952841 10
1313952902 9
1313952961 10
1313953021 9
1313953081 10
1313953141 9
1313953201 9
1313953261 9
1313953321 8
1313953381 9
1313953441 9
1313953502 9
1313953561 9
1313953621 8
1313953681 8
1313953741 9
1313953801 7
1313953861 9
1313953921 9
1313953981 8
1313954041 9
1313954102 9
1313954161 8
1313954221 9
1313954281 9
1313954341 8
1313954401 9
1313954461 8
1313954521 9
1313954581 9
1313954641 8
1313954702 9
1313954761 9
1313954821 8
1313954881 8
1313954941 8
1313955001 9
1313955061 9
1313955121 8
1313955181 9
1313955242 9
1313955301 8
1313955361 9
1313955421 8
1313955481 9
1313955541 8
1313955601 9
1313955661 10
1313955721 11
1313955782 10
1313955841 11
1313955901 12
1313955961 11
1313956021 12
1313956081 10
1313956141 12
1313956201 11
1313956261 10
1313956321 11
1313956382 11
1313956442 10
1313956501 11
1313956561 12
1313956621 12
1313956681 13
1313956741 12
1313956801 12
1313956861 14
1313956921 13
1313956982 14
1313957041 14
1313957101 13
1313957161 13
1313957221 13
1313957281 13
1313957341 12
1313957401 11
1313957461 12
1313957521 11
1313957582 11
1313957641 11
1313957701 11
1313957761 10
1313957821 10
1313957881 10
1313957941 11
1313958001 11
1313958061 8
1313958121 11
1313958182 11
1313958242 12
1313958301 11
1313958361 11
1313958421 11
1313958481 11
1313958541 11
1313958601 11
1313958661 12
1313958722 9
1313958781 11
1313958841 10
1313958901 10
1313958961 10
1313959021 10
1313959081 8
1313959141 9
1313959201 10
1313959262 9
1313959321 10
1313959381 9
1313959441 10
1313959501 10
1313959561 10
1313959621 11
1313959681 11
1313959741 10
1313959802 9
1313959861 11
1313959921 9
1313959981 11
1313960041 11
1313960101 12
1313960161 12
1313960221 11
1313960281 11
1313960341 11
1313960402 11
1313960461 10
1313960521 12
1313960581 9
1313960641 11
1313960701 10
1313960761 11
1313960821 10
1313960881 11
1313960941 10
1313961002 11
1313961061 10
1313961121 10
1313961181 12
1313961241 11
1313961301 10
1313961361 9
1313961421 10
1313961481 10
1313961542 10
1313961601 8
1313961661 10
1313961721 9
1313961781 9
1313961841 10
1313961901 11
1313961961 11
1313962022 10
1313962082 10
1313962141 11
1313962201 11
1313962261 10
1313962321 9
1313962381 8
1313962441 8
1313962501 9
1313962561 9
1313962621 9
1313962682 9
1313962741 9
1313962801 9
1313962861 9
1313962921 8
1313962981 8
1313963041 7
1313963101 8
1313963161 9
1313963221 9
1313963282 8
1313963341 8
1313963401 9
1313963461 9
1313963521 9
1313963581 9
1313963641 8
1313963701 6
1313963761 8
1313963822 9
1313963882 9
1313963941 8
1313964002 8
1313964061 9
1313964121 9
1313964182 8
1313964241 9
1313964301 8
1313964361 6
1313964421 9
1313964481 9
1313964541 9
1313964601 9
1313964661 9
1313964722 9
1313964781 9
1313964841 8
1313964901 9
1313964961 8
1313965021 7
1313965081 8
1313965141 9
1313965201 9
1313965261 9
1313965321 9
1313965382 9
1313965442 9
1313965501 8
1313965561 9
1313965621 8
1313965681 7
1313965741 8
1313965801 9
1313965861 8
1313965921 9
1313965981 9
1313966041 9
1313966101 9
1313966161 8
1313966221 10
1313966281 8
1313966342 8
1313966401 9
1313966461 10
1313966521 10
1313966581 10
1313966641 11
1313966701 11
1313966761 11
1313966821 11
1313966882 11
1313966941 9
1313967001 9
1313967061 10
1313967121 10
1313967181 11
1313967241 10
1313967301 10
1313967361 10
1313967422 9
1313967482 9
1313967541 10
1313967601 8
1313967661 9
1313967721 9
1313967781 9
1313967841 8
1313967901 9
1313967962 9
1313968022 9
1313968081 8
1313968141 9
1313968201 9
1313968261 6
1313968321 9
1313968381 8
1313968441 9
1313968501 8
1313968562 9
1313968621 9
1313968681 9
1313968741 7
1313968801 10
1313968861 10
1313968921 8
1313968981 10
1313969041 9
1313969101 11
1313969162 10
1313969221 11
1313969281 13
1313969341 13
1313969401 12
1313969461 13
1313969521 13
1313969581 9
1313969641 12
1313969702 10
1313969761 14
1313969821 15
1313969881 14
1313969941 15
1313970001 13
1313970061 13
1313970121 14
1313970181 15
1313970242 14
1313970302 16
1313970361 15
1313970421 16
1313970481 15
1313970541 16
1313970601 17
1313970661 17
1313970721 17
1313970782 17
1313970841 15
1313970901 13
1313970961 13
1313971021 14
1313971081 14
1313971141 13
1313971201 13
1313971261 15
1313971321 14
1313971382 15
1313971441 15
1313971501 16
1313971561 15
1313971621 16
1313971681 16
1313971741 17
1313971801 17
1313971861 15
1313971922 16
1313971981 18
1313972041 20
1313972101 19
1313972161 17
1313972221 17
1313972281 19
1313972341 19
1313972401 21
1313972461 25
1313972521 24
1313972581 25
1313972641 24
1313972702 26
1313972761 26
1313972821 24
1313972881 28
1313972941 29
1313973001 31
1313973061 30
1313973121 32
1313973182 31
1313973241 33
1313973301 35
1313973361 38
1313973421 39
1313973481 38
1313973541 40
1313973601 40
1313973662 40
1313973721 42
1313973781 43
1313973841 47
1313973901 46
1313973961 49
1313974021 49
1313974081 47
1313974142 51
1313974201 51
1313974261 52
1313974321 54
1313974381 52
1313974441 49
1313974502 53
1313974561 49
1313974621 52
1313974681 53
1313974741 50
1313974801 51
1313974861 49
1313974921 49
1313974982 55
1313975041 56
1313975101 57
1313975161 60
1313975221 57
1313975281 58
1313975341 60
1313975401 62
1313975461 65
1313975521 65
1313975581 67
1313975641 65
1313975702 66
1313975761 64
1313975821 68
1313975881 67
1313975941 69
1313976001 67
1313976061 67
1313976122 66
1313976181 65
1313976241 68
1313976301 68
1313976361 70
1313976421 74
1313976481 75
1313976541 74
1313976602 77
1313976661 76
1313976721 77
1313976781 78
1313976841 78
1313976901 76
1313976961 77
1313977021 79
1313977082 80
1313977141 80
1313977201 80
1313977261 80
1313977321 78
1313977381 80
1313977441 80
1313977501 85
1313977562 83
1313977622 79
1313977681 80
1313977741 81
1313977801 80
1313977861 81
1313977921 81
1313977981 79
1313978041 79
1313978102 78
1313978162 80
1313978221 83
1313978281 80
1313978341 82
1313978401 81
1313978461 82
1313978521 84
1313978581 83
1313978641 79
1313978702 79
1313978761 81
1313978821 77
1313978881 81
1313978941 78
1313979001 79
1313979061 79
1313979121 79
1313979181 77
1313979242 81
1313979301 85
1313979361 86
1313979421 87
1313979481 86
1313979541 89
1313979601 90
1313979661 91
1313979721 92
1313979782 94
1313979841 93
1313979901 91
1313979961 95
1313980021 96
1313980081 98
1313980142 98
1313980201 97
1313980261 98
1313980321 98
1313980381 96
1313980441 95
1313980501 94
1313980561 94
1313980621 90
1313980682 90
1313980741 89
1313980801 93
1313980861 91
1313980921 92
1313980981 98
1313981041 101
1313981102 101
1313981162 105
1313981221 105
1313981281 104
1313981341 101
1313981401 100
1313981461 104
1313981521 102
1313981581 103
1313981641 101
1313981701 107
1313981761 104
1313981821 105
1313981881 105
1313981942 103
1313982001 105
1313982061 106
1313982121 106
1313982181 101
1313982241 106
1313982302 105
1313982362 107
1313982421 112
1313982481 115
1313982541 113
1313982601 111
1313982661 108
1313982721 110
1313982781 112
1313982842 109
1313982902 105
1313982961 109
1313983021 107
1313983081 105
1313983141 108
1313983201 109
1313983265 108
1313983321 109
1313983381 110
1313983441 108
1313983501 106
1313983561 106
1313983621 107
1313983681 110
1313983741 109
1313983802 109
1313983861 107
1313983921 113
1313983981 117
1313984041 120
1313984101 118
1313984161 116
1313984221 117
1313984281 115
1313984342 118
1313984401 116
1313984461 117
1313984521 116
1313984581 123
1313984641 121
1313984701 127
1313984761 121
1313984822 120
1313984881 119
1313984941 119
1313985001 120
1313985061 118
1313985121 117
1313985181 108
1313985241 110
1313985302 110
1313985361 113
1313985421 111
1313985482 112
1313985542 113
1313985601 111
1313985661 110
1313985721 110
1313985781 104
1313985841 104
1313985901 101
1313985961 97
1313986021 96
1313986082 92
1313986141 91
1313986201 92
1313986261 89
1313986321 87
1313986381 87
1313986441 87
1313986501 85
1313986561 86
1313986622 85
1313986681 82
1313986741 79
1313986801 82
1313986861 86
1313986921 84
1313986981 84
1313987041 82
1313987102 84
1313987162 84
1313987221 82
1313987281 85
1313987341 84
1313987401 83
1313987461 84
1313987521 83
1313987581 82
1313987641 80
1313987702 79
1313987761 83
1313987821 82
1313987881 79
1313987941 82
1313988001 81
1313988061 84
1313988121 84
1313988181 85
1313988241 85
1313988302 85
1313988361 81
1313988421 84
1313988481 86
1313988541 84
1313988601 87
1313988661 87
1313988721 88
1313988781 89
1313988842 88
1313988901 88
1313988961 91
1313989021 92
1313989081 91
1313989141 92
1313989201 87
1313989261 88
1313989322 88
1313989381 87
1313989441 87
1313989501 86
1313989561 86
1313989621 86
1313989681 83
1313989741 82
1313989802 83
1313989862 81
1313989921 85
1313989981 82
1313990041 83
1313990101 81
1313990161 78
1313990221 79
1313990281 81
1313990342 81
1313990402 85
1313990461 84
1313990521 83
1313990581 85
1313990641 85
1313990701 87
1313990761 87
1313990821 90
1313990881 87
1313990941 88
1313991001 86
1313991062 86
1313991121 86
1313991181 91
1313991241 91
1313991301 90
1313991361 91
1313991421 93
1313991481 97
1313991541 98
1313991602 100
1313991661 102
1313991721 104
1313991781 99
1313991841 99
1313991901 99
1313991961 97
1313992021 95
1313992081 96
1313992142 99
1313992201 97
1313992261 96
1313992321 95
1313992381 97
1313992441 100
1313992501 102
1313992562 104
1313992622 101
1313992681 102
1313992741 102
1313992801 101
1313992861 103
1313992921 106
1313992981 106
1313993041 105
1313993102 104
1313993162 100
1313993221 101
1313993281 103
1313993341 99
1313993401 97
1313993461 97
1313993522 96
1313993581 97
1313993641 98
1313993701 96
1313993761 99
1313993821 100
1313993881 99
1313993941 101
1313994001 100
1313994062 97
1313994121 98
1313994181 103
1313994241 100
1313994301 104
1313994361 103
1313994421 104
1313994481 105
1313994541 104
1313994602 108
1313994661 108
1313994722 106
1313994782 107
1313994841 108
1313994901 104
1313994961 103
1313995021 101
1313995081 102
1313995141 104
1313995202 102
1313995261 105
1313995321 106
1313995381 101
1313995441 100
1313995501 102
1313995561 102
1313995621 101
1313995682 102
1313995741 102
1313995801 105
1313995861 102
1313995921 100
1313995981 102
1313996041 104
1313996101 104
1313996161 107
1313996221 110
1313996281 107
1313996341 105
1313996401 108
1313996461 114
1313996521 113
1313996582 109
1313996642 107
1313996701 110
1313996761 108
1313996821 109
1313996881 110
1313996941 109
1313997001 109
1313997062 106
1313997121 111
1313997181 112
1313997241 114
1313997301 112
1313997361 115
1313997421 117
1313997481 117
1313997541 119
1313997602 123
1313997661 126
1313997721 122
1313997781 122
1313997841 124
1313997901 121
1313997961 118
1313998021 118
1313998081 116
1313998142 110
1313998201 110
1313998262 108
1313998321 107
1313998381 108
1313998441 103
1313998501 105
1313998561 106
1313998621 104
1313998681 106
1313998741 106
1313998802 103
1313998861 108
1313998921 110
1313998981 114
1313999041 113
1313999101 108
1313999161 112
1313999221 107
1313999282 109
1313999342 112
1313999401 109
1313999461 109
1313999521 107
1313999581 106
1313999641 110
1313999701 108
1313999761 113
1313999822 113
1313999881 111
1313999941 113
1314000001 109
1314000061 107
1314000121 107
1314000181 101
1314000242 99
1314000302 98
1314000361 95
1314000421 92
1314000481 91
1314000541 85
1314000601 83
1314000661 78
1314000721 77
1314000782 78
1314000841 80
1314000901 85
1314000961 84
1314001021 87
1314001081 84
1314001141 85
1314001203 84
1314001261 84
1314001321 82
1314001381 84
1314001441 81
1314001501 78
1314001561 72
1314001621 74
1314001681 75
1314001742 76
1314001801 74
1314001861 73
1314001921 73
1314001981 71
1314002041 75
1314002101 73
1314002161 73
1314002222 72
1314002281 74
1314002341 72
1314002401 73
1314002461 70
1314002521 76
1314002581 71
1314002641 70
1314002702 71
1314002761 71
1314002821 70
1314002881 69
1314002941 68
1314003001 70
1314003061 68
1314003121 65
1314003181 67
1314003241 67
1314003302 73
1314003361 71
1314003421 69
1314003481 72
1314003541 71
1314003601 70
1314003661 71
1314003721 67
1314003781 69
1314003842 65
1314003902 65
1314003961 63
1314004021 61
1314004081 65
1314004141 65
1314004201 65
1314004261 64
1314004321 60
1314004382 60
1314004442 62
1314004501 60
1314004561 62
1314004621 63
1314004681 55
1314004741 60
1314004801 62
1314004861 61
1314004921 65
1314004981 62
1314005042 65
1314005101 64
1314005161 63
1314005221 61
1314005281 60
1314005341 58
1314005401 56
1314005461 56
1314005521 59
1314005581 57
1314005642 54
1314005701 54
1314005761 54
1314005821 55
1314005881 55
1314005941 54
1314006001 58
1314006061 60
1314006121 57
1314006181 59
1314006242 59
1314006301 60
1314006361 63
1314006421 61
1314006481 60
1314006541 59
1314006601 57
1314006661 54
1314006721 55
1314006781 54
1314006842 54
1314006901 55
1314006961 55
1314007021 53
1314007081 53
1314007141 53
1314007201 51
1314007261 52
1314007322 50
1314007381 52
1314007441 53
1314007501 51
1314007561 52
1314007621 55
1314007681 55
1314007741 56
1314007801 57
1314007861 55
1314007922 56
1314007981 56
1314008041 54
1314008101 54
1314008161 53
1314008221 54
1314008281 54
1314008341 52
1314008401 50
1314008462 53
1314008522 49
1314008581 45
1314008641 46
1314008701 49
1314008761 47
1314008821 46
1314008881 48
1314008941 47
1314009001 48
1314009062 47
1314009121 47
1314009181 46
1314009241 46
1314009301 46
1314009361 45
1314009421 44
1314009481 43
1314009541 46
1314009601 43
1314009661 42
1314009722 45
1314009781 47
1314009841 45
1314009901 47
1314009961 45
1314010021 47
1314010081 48
1314010141 48
1314010202 49
1314010261 50
1314010321 47
1314010381 49
1314010441 49
1314010501 47
1314010561 51
1314010621 49
1314010681 51
1314010742 49
1314010801 48
1314010861 49
1314010921 49
1314010981 48
1314011041 50
1314011101 48
1314011161 47
1314011221 46
1314011281 45
1314011342 46
1314011402 46
1314011461 43
1314011521 43
1314011581 42
1314011641 43
1314011701 42
1314011761 42
1314011821 44
1314011881 43
1314011941 44
1314012002 45
1314012061 46
1314012121 46
1314012181 47
1314012241 47
1314012301 45
1314012361 46
1314012421 46
1314012481 46
1314012541 47
1314012602 46
1314012661 49
1314012721 48
1314012781 50
1314012841 49
1314012901 49
1314012961 49
1314013021 50
1314013081 53
1314013141 52
1314013202 54
1314013261 57
1314013321 58
1314013381 57
1314013441 57
1314013501 58
1314013561 57
1314013621 58
1314013681 57
1314013742 60
1314013801 61
1314013861 59
1314013921 65
1314013981 66
1314014041 65
1314014101 68
1314014161 68
1314014221 68
1314014281 68
1314014342 70
1314014401 69
1314014461 66
1314014521 60
1314014581 60
1314014641 61
1314014701 60
1314014761 60
1314014821 57
1314014881 60
1314014942 58
1314015002 62
1314015061 63
1314015121 63
1314015181 63
1314015241 63
1314015301 64
1314015361 65
1314015421 65
1314015481 64
1314015542 61
1314015601 65
1314015661 65
1314015721 65
1314015781 67
1314015841 64
1314015901 66
1314015961 64
1314016021 64
1314016082 64
1314016141 65
1314016201 65
1314016261 63
1314016321 63
1314016381 61
1314016441 64
1314016501 62
1314016561 63
1314016621 63
1314016682 62
1314016741 64
1314016801 63
1314016861 64
1314016921 65
1314016981 66
1314017041 64
1314017101 63
1314017162 61
1314017221 66
1314017281 67
1314017341 68
1314017401 71
1314017461 71
1314017521 71
1314017581 69
1314017641 71
1314017702 73
1314017761 74
1314017821 72
1314017881 71
1314017941 73
1314018001 71
1314018061 69
1314018121 65
1314018181 67
1314018241 69
1314018302 71
1314018361 71
1314018421 69
1314018481 71
1314018541 74
1314018601 70
1314018661 73
1314018721 77
1314018781 77
1314018841 75
1314018902 79
1314018962 77
1314019021 78
1314019081 79
1314019141 74
1314019201 79
1314019261 78
1314019321 78
1314019381 81
1314019442 78
1314019502 75
1314019561 78
1314019621 80
1314019681 80
1314019741 77
1314019801 77
1314019861 79
1314019921 78
1314019981 75
1314020042 79
1314020101 78
1314020161 79
1314020221 81
1314020281 82
1314020341 84
1314020401 83
1314020461 83
1314020521 89
1314020581 88
1314020642 87
1314020702 88
1314020761 88
1314020821 86
1314020881 86
1314020941 85
1314021001 82
1314021061 86
1314021121 82
1314021181 83
1314021242 81
1314021302 80
1314021361 81
1314021421 83
1314021481 83
1314021541 83
1314021601 81
1314021661 81
1314021721 80
1314021782 78
1314021841 79
1314021901 75
1314021961 75
1314022021 73
1314022081 72
1314022141 74
1314022201 76
1314022261 77
1314022321 78
1314022381 77
1314022441 78
1314022502 79
1314022561 77
1314022621 77
1314022682 77
1314022741 75
1314022801 77
1314022861 73
1314022921 75
1314022981 77
1314023041 76
1314023101 75
1314023161 75
1314023222 73
1314023281 73
1314023341 71
1314023401 67
1314023461 65
1314023521 65
1314023581 67
1314023641 68
1314023702 69
1314023762 66
1314023821 64
1314023881 66
1314023941 64
1314024001 63
1314024061 62
1314024121 62
1314024181 62
1314024242 61
1314024301 59
1314024361 60
1314024421 60
1314024481 63
1314024541 62
1314024601 60
1314024661 59
1314024721 60
1314024782 60
1314024842 58
1314024901 58
1314024961 58
1314025021 57
1314025081 55
1314025141 55
1314025201 57
1314025261 58
1314025322 54
1314025382 56
1314025441 55
1314025501 58
1314025561 58
1314025621 57
1314025681 56
1314025741 57
1314025801 57
1314025861 58
1314025921 56
1314025982 54
1314026042 56
1314026101 53
1314026161 51
1314026221 51
1314026281 50
1314026341 51
1314026401 51
1314026461 51
1314026521 50
1314026581 51
1314026642 50
1314026702 54
1314026761 52
1314026821 52
1314026881 51
1314026941 50
1314027001 49
1314027061 49
1314027121 52
1314027182 48
1314027241 52
1314027301 52
1314027361 51
1314027421 53
1314027481 52
1314027541 50
1314027601 50
1314027661 48
1314027721 49
1314027782 48
1314027842 44
1314027901 45
1314027961 43
1314028021 42
1314028081 42
1314028141 41
1314028201 41
1314028261 41
1314028321 40
1314028382 38
1314028442 39
1314028501 37
1314028561 39
1314028621 37
1314028681 38
1314028741 39
1314028801 38
