1306684861 30
1306684922 29
1306684981 31
1306685041 33
1306685101 32
1306685161 30
1306685221 29
1306685281 28
1306685341 26
1306685401 27
1306685461 29
1306685521 28
1306685581 26
1306685641 26
1306685702 27
1306685762 28
1306685821 26
1306685881 28
1306685941 29
1306686001 27
1306686061 25
1306686121 27
1306686181 23
1306686241 26
1306686301 26
1306686361 27
1306686422 26
1306686481 27
1306686541 25
1306686601 26
1306686661 24
1306686721 25
1306686781 27
1306686841 25
1306686901 27
1306686961 25
1306687021 24
1306687081 21
1306687141 23
1306687201 23
1306687261 24
1306687321 22
1306687381 22
1306687441 23
1306687501 22
1306687561 23
1306687621 22
1306687681 23
1306687741 20
1306687801 23
1306687861 22
1306687921 23
1306687981 22
1306688041 22
1306688101 23
1306688161 23
1306688221 25
1306688281 25
1306688341 26
1306688401 25
1306688462 25
1306688521 25
1306688581 26
1306688641 25
1306688701 24
1306688761 25
1306688821 24
1306688881 25
1306688941 24
1306689001 23
1306689062 24
1306689121 22
1306689181 24
1306689241 22
1306689301 22
1306689361 22
1306689421 23
1306689481 23
1306689541 23
1306689601 19
1306689661 22
1306689721 23
1306689781 19
1306689841 23
1306689901 22
1306689961 21
1306690021 20
1306690082 21
1306690141 22
1306690201 22
1306690261 22
1306690321 21
1306690381 22
1306690441 19
1306690501 22
1306690561 21
1306690621 21
1306690681 21
1306690742 22
1306690801 23
1306690861 21
1306690921 27
1306690981 37
1306691041 42
1306691101 44
1306691161 45
1306691221 44
1306691281 45
1306691341 44
1306691402 44
1306691461 42
1306691521 38
1306691581 28
1306691641 23
1306691701 21
1306691761 21
1306691821 22
1306691881 21
1306691941 20
1306692001 22
1306692061 22
1306692121 22
1306692181 20
1306692241 23
1306692301 20
1306692361 22
1306692421 20
1306692481 21
1306692541 18
1306692601 19
1306692661 20
1306692722 20
1306692781 20
1306692841 18
1306692901 18
1306692961 17
1306693021 18
1306693081 16
1306693141 18
1306693201 14
1306693261 16
1306693321 17
1306693381 17
1306693441 15
1306693502 15
1306693561 14
1306693621 15
1306693681 14
1306693741 14
1306693801 15
1306693861 14
1306693921 13
1306693981 14
1306694041 14
1306694102 13
1306694161 13
1306694221 13
1306694281 14
1306694341 12
1306694401 13
1306694461 13
1306694521 14
1306694581 14
1306694641 14
1306694701 14
1306694761 13
1306694822 13
1306694881 14
1306694941 13
1306695001 14
1306695061 16
1306695121 16
1306695181 18
1306695241 18
1306695301 18
1306695361 17
1306695421 18
1306695481 17
1306695542 18
1306695601 15
1306695661 13
1306695721 11
1306695781 9
1306695841 12
1306695901 11
1306695961 11
1306696021 10
1306696081 11
1306696141 12
1306696201 13
1306696262 11
1306696321 12
1306696381 11
1306696441 10
1306696501 11
1306696561 12
1306696621 12
1306696681 10
1306696741 11
1306696801 12
1306696861 12
1306696922 11
1306696981 12
1306697041 11
1306697101 10
1306697161 11
1306697221 11
1306697281 13
1306697341 11
1306697401 12
1306697461 13
1306697521 13
1306697581 15
1306697642 14
1306697701 14
1306697761 13
1306697821 14
1306697881 14
1306697941 14
1306698001 12
1306698061 14
1306698121 15
1306698181 13
1306698241 14
1306698301 14
1306698362 13
1306698421 11
1306698481 12
1306698541 13
1306698601 12
1306698661 11
1306698721 11
1306698781 12
1306698841 12
1306698901 12
1306698961 12
1306699021 12
1306699081 10
1306699142 11
1306699201 11
1306699261 10
1306699321 12
1306699381 11
1306699441 11
1306699501 12
1306699561 12
1306699621 12
1306699681 11
1306699741 10
1306699801 11
1306699861 11
1306699922 8
1306699981 10
1306700041 9
1306700101 9
1306700161 10
1306700221 10
1306700281 10
1306700341 9
1306700401 8
1306700461 9
1306700521 10
1306700581 9
1306700641 10
1306700702 9
1306700761 10
1306700821 10
1306700881 10
1306700941 10
1306701001 9
1306701061 9
1306701121 9
1306701181 9
1306701241 9
1306701301 9
1306701361 10
1306701422 10
1306701481 10
1306701541 10
1306701601 10
1306701661 8
1306701721 9
1306701781 9
1306701841 9
1306701901 9
1306701961 9
1306702021 10
1306702081 10
1306702141 10
1306702202 10
1306702261 10
1306702321 8
1306702381 8
1306702441 8
1306702501 9
1306702561 7
1306702621 8
1306702681 9
1306702741 9
1306702801 9
1306702861 9
1306702921 9
1306702981 7
1306703041 8
1306703101 7
1306703161 9
1306703221 8
1306703281 8
1306703341 9
1306703401 9
1306703461 9
1306703521 9
1306703581 9
1306703641 8
1306703702 8
1306703761 6
1306703821 9
1306703881 8
1306703941 8
1306704001 9
1306704061 9
1306704121 9
1306704181 9
1306704241 8
1306704301 9
1306704361 8
1306704421 7
1306704482 9
1306704541 8
1306704601 8
1306704661 9
1306704721 9
1306704781 9
1306704841 9
1306704901 9
1306704961 10
1306705021 8
1306705081 9
1306705142 10
1306705201 9
1306705261 9
1306705321 10
1306705381 10
1306705441 10
1306705501 10
1306705561 10
1306705621 11
1306705681 11
1306705741 12
1306705801 12
1306705862 11
1306705922 11
1306705981 12
1306706041 12
1306706101 12
1306706161 13
1306706221 12
1306706281 10
1306706341 11
1306706401 13
1306706461 13
1306706521 13
1306706581 12
1306706642 13
1306706701 11
1306706761 11
1306706821 12
1306706881 12
1306706941 10
1306707001 11
1306707061 12
1306707121 13
1306707181 13
1306707242 15
1306707301 15
1306707361 15
1306707421 14
1306707481 14
1306707541 13
1306707601 13
1306707661 13
1306707721 13
1306707781 12
1306707841 11
1306707901 13
1306707962 12
1306708021 12
1306708081 13
1306708141 13
1306708201 11
1306708261 12
1306708322 12
1306708381 13
1306708441 11
1306708501 10
1306708561 12
1306708621 11
1306708681 12
1306708741 13
1306708801 12
1306708861 12
1306708921 12
1306708981 12
1306709042 13
1306709101 12
1306709161 12
1306709221 13
1306709281 11
1306709341 10
1306709401 11
1306709461 10
1306709521 11
1306709581 10
1306709641 9
1306709702 10
1306709762 9
1306709821 8
1306709881 9
1306709941 9
1306710001 8
1306710061 8
1306710121 7
1306710181 9
1306710241 9
1306710301 8
1306710361 8
1306710422 8
1306710481 8
1306710541 9
1306710601 9
1306710661 8
1306710721 8
1306710781 8
1306710841 9
1306710901 9
1306710961 11
1306711021 10
1306711081 10
1306711141 10
1306711202 11
1306711261 11
1306711321 11
1306711381 11
1306711441 11
1306711501 11
1306711561 11
1306711621 11
1306711681 11
1306711741 13
1306711801 13
1306711862 15
1306711921 16
1306711981 15
1306712041 15
1306712101 16
1306712161 15
1306712221 16
1306712281 16
1306712341 16
1306712401 18
1306712461 16
1306712521 18
1306712581 19
1306712641 17
1306712701 18
1306712761 19
1306712821 18
1306712881 18
1306712941 17
1306713001 18
1306713061 20
1306713121 16
1306713181 21
1306713241 21
1306713302 20
1306713361 21
1306713421 21
1306713481 21
1306713541 22
1306713601 20
1306713661 21
1306713721 23
1306713781 21
1306713841 24
1306713901 24
1306713962 25
1306714021 26
1306714081 24
1306714141 25
1306714201 26
1306714261 21
1306714321 24
1306714381 24
1306714441 23
1306714501 23
1306714561 25
1306714622 26
1306714681 25
1306714741 24
1306714801 25
1306714861 27
1306714921 25
1306714981 26
1306715041 26
1306715101 24
1306715161 24
1306715221 26
1306715282 27
1306715341 25
1306715401 22
1306715461 24
1306715521 24
1306715581 25
1306715641 29
1306715701 29
1306715761 29
1306715821 26
1306715881 27
1306715942 28
1306716002 28
1306716061 25
1306716121 30
1306716181 27
1306716241 26
1306716301 28
1306716361 28
1306716421 30
1306716481 30
1306716541 29
1306716602 30
1306716661 31
1306716721 28
1306716781 29
1306716841 28
1306716901 29
1306716961 28
1306717021 29
1306717081 28
1306717141 30
1306717201 29
1306717262 28
1306717322 29
1306717381 28
1306717441 25
1306717501 28
1306717561 27
1306717621 26
1306717681 30
1306717741 28
1306717801 29
1306717861 30
1306717921 28
1306717982 32
1306718041 34
1306718101 32
1306718161 34
1306718221 34
1306718281 34
1306718341 35
1306718401 35
1306718461 37
1306718521 37
1306718581 37
1306718642 40
1306718701 39
1306718761 38
1306718821 39
1306718881 36
1306718941 40
1306719001 38
1306719061 40
1306719121 40
1306719181 42
1306719241 39
1306719302 41
1306719361 37
1306719421 38
1306719481 38
1306719541 36
1306719601 38
1306719661 37
1306719721 37
1306719781 38
1306719841 38
1306719902 37
1306719961 38
1306720021 39
1306720081 39
1306720141 39
1306720201 40
1306720261 40
1306720321 40
1306720381 35
1306720441 37
1306720501 42
1306720562 43
1306720621 41
1306720681 41
1306720741 41
1306720801 41
1306720861 38
1306720921 40
1306720981 38
1306721041 37
1306721101 37
1306721161 36
1306721221 37
1306721282 35
1306721342 38
1306721401 38
1306721461 38
1306721521 38
1306721581 38
1306721641 36
1306721701 38
1306721761 39
1306721821 40
1306721881 42
1306721941 40
1306722002 40
1306722061 41
1306722121 43
1306722181 45
1306722241 44
1306722301 42
1306722361 44
1306722421 44
1306722481 48
1306722541 49
1306722601 48
1306722661 48
1306722721 47
1306722782 47
1306722841 47
1306722901 44
1306722961 48
1306723021 47
1306723081 47
1306723141 46
1306723201 50
1306723261 49
1306723321 53
1306723381 58
1306723441 58
1306723502 57
1306723561 57
1306723621 59
1306723681 58
1306723741 58
1306723801 57
1306723861 57
1306723921 51
1306723981 53
1306724041 54
1306724101 55
1306724162 53
1306724221 50
1306724281 51
1306724341 49
1306724401 49
1306724461 47
1306724521 48
1306724581 46
1306724641 46
1306724701 47
1306724761 48
1306724821 51
1306724882 53
1306724941 57
1306725001 57
1306725061 58
1306725121 59
1306725181 57
1306725241 59
1306725301 58
1306725361 58
1306725421 63
1306725481 61
1306725542 58
1306725601 59
1306725661 60
1306725721 61
1306725781 60
1306725841 59
1306725901 58
1306725961 58
1306726021 55
1306726081 56
1306726141 57
1306726201 56
1306726262 54
1306726321 52
1306726381 52
1306726441 52
1306726501 52
1306726561 50
1306726621 50
1306726681 51
1306726741 49
1306726801 50
1306726861 50
1306726922 49
1306726981 48
1306727041 50
1306727101 51
1306727161 53
1306727221 52
1306727281 52
1306727341 54
1306727401 55
1306727461 55
1306727521 54
1306727582 55
1306727641 53
1306727701 52
1306727761 52
1306727821 53
1306727881 50
1306727941 49
1306728001 50
1306728061 49
1306728121 49
1306728181 49
1306728242 51
1306728301 49
1306728361 48
1306728421 49
1306728481 47
1306728541 45
1306728601 44
1306728661 44
1306728721 45
1306728781 44
1306728841 39
1306728902 42
1306728961 41
1306729021 40
1306729081 40
1306729141 41
1306729201 39
1306729261 41
1306729321 39
1306729381 42
1306729441 42
1306729501 42
1306729562 42
1306729621 41
1306729681 42
1306729741 40
1306729801 42
1306729861 42
1306729921 45
1306729981 44
1306730041 45
1306730101 44
1306730161 45
1306730222 44
1306730281 46
1306730341 44
1306730401 45
1306730461 46
1306730521 45
1306730581 48
1306730641 46
1306730701 44
1306730761 44
1306730821 46
1306730881 46
1306730941 45
1306731002 45
1306731061 44
1306731121 44
1306731181 43
1306731241 45
1306731301 44
1306731361 46
1306731421 46
1306731481 46
1306731541 47
1306731601 47
1306731662 48
1306731721 48
1306731781 46
1306731841 46
1306731901 47
1306731961 47
1306732021 44
1306732081 46
1306732141 46
1306732201 46
1306732261 48
1306732322 48
1306732381 50
1306732441 51
1306732501 53
1306732561 49
1306732621 51
1306732681 51
1306732741 51
1306732801 51
1306732861 49
1306732922 50
1306732981 47
1306733041 48
1306733101 46
1306733161 45
1306733221 46
1306733281 48
1306733341 48
1306733401 47
1306733461 45
1306733522 49
1306733581 47
1306733641 48
1306733701 47
1306733761 46
1306733821 45
1306733881 46
1306733941 48
1306734001 48
1306734061 50
1306734122 47
1306734181 49
1306734241 48
1306734301 50
1306734361 49
1306734421 50
1306734481 46
1306734541 51
1306734601 47
1306734661 48
1306734721 47
1306734781 50
1306734842 49
1306734901 50
1306734961 52
1306735021 49
1306735081 47
1306735141 47
1306735201 51
1306735261 51
1306735321 49
1306735381 47
1306735441 45
1306735501 47
1306735561 45
1306735622 46
1306735681 46
1306735741 47
1306735801 47
1306735861 47
1306735921 47
1306735981 52
1306736041 55
1306736101 56
1306736161 57
1306736222 57
1306736281 57
1306736341 55
1306736401 59
1306736461 55
1306736521 62
1306736581 57
1306736641 59
1306736701 57
1306736761 56
1306736821 57
1306736882 58
1306736941 57
1306737001 61
1306737061 59
1306737121 59
1306737181 63
1306737241 61
1306737301 58
1306737361 58
1306737421 56
1306737481 56
1306737542 57
1306737601 55
1306737661 54
1306737721 51
1306737781 50
1306737841 51
1306737901 49
1306737961 53
1306738021 53
1306738081 51
1306738141 51
1306738201 53
1306738261 52
1306738322 54
1306738381 53
1306738441 52
1306738501 53
1306738561 50
1306738621 55
1306738681 57
1306738741 54
1306738801 55
1306738861 55
1306738921 52
1306738982 56
1306739041 55
1306739101 55
1306739161 56
1306739221 54
1306739281 54
1306739341 55
1306739401 54
1306739461 57
1306739521 54
1306739581 52
1306739642 53
1306739701 51
1306739761 53
1306739821 52
1306739881 53
1306739941 53
1306740001 54
1306740061 57
1306740121 56
1306740181 57
1306740241 58
1306740302 58
1306740361 58
1306740421 58
1306740481 60
1306740541 61
1306740601 58
1306740661 59
1306740721 60
1306740781 59
1306740841 57
1306740901 60
1306740961 57
1306741022 58
1306741081 56
1306741141 54
1306741201 53
1306741261 54
1306741321 54
1306741381 53
1306741441 54
1306741501 53
1306741561 55
1306741622 56
1306741681 56
1306741741 57
1306741801 58
1306741861 55
1306741921 55
1306741981 53
1306742041 52
1306742101 52
1306742161 49
1306742221 47
1306742281 50
1306742342 51
1306742401 49
1306742461 47
1306742521 49
1306742581 51
1306742641 51
1306742701 48
1306742761 48
1306742821 46
1306742881 45
1306742941 46
1306743002 43
1306743061 42
1306743121 40
1306743181 43
1306743241 41
1306743301 43
1306743361 42
1306743421 44
1306743481 42
1306743541 43
1306743601 43
1306743662 45
1306743721 46
1306743781 42
1306743841 45
1306743901 45
1306743961 48
1306744021 44
1306744081 42
1306744141 39
1306744201 40
1306744261 37
1306744322 35
1306744382 35
1306744441 35
1306744501 34
1306744561 32
1306744621 31
1306744681 31
1306744741 28
1306744801 24
1306744861 25
1306744921 25
1306744981 26
1306745042 24
1306745101 25
1306745161 25
1306745221 25
1306745281 26
1306745341 26
1306745401 27
1306745461 25
1306745521 26
1306745581 25
1306745641 26
1306745701 24
1306745762 24
1306745821 24
1306745881 23
1306745941 23
1306746001 23
1306746061 22
1306746121 23
1306746181 23
1306746241 23
1306746301 24
1306746361 23
1306746421 23
1306746482 24
1306746541 23
1306746601 25
1306746661 24
1306746721 23
1306746781 24
1306746841 22
1306746901 22
1306746961 23
1306747021 23
1306747081 20
1306747141 20
1306747201 19
1306747261 21
1306747321 21
1306747382 23
1306747441 22
1306747501 23
1306747561 21
1306747621 22
1306747681 22
1306747741 21
1306747801 22
1306747861 20
1306747921 21
1306747981 20
1306748042 18
1306748101 18
1306748161 19
1306748221 19
1306748281 20
1306748341 20
1306748401 18
1306748461 20
1306748521 20
1306748581 22
1306748641 22
1306748702 21
1306748761 20
1306748821 19
1306748881 17
1306748941 19
1306749001 19
1306749061 18
1306749121 18
1306749181 20
1306749241 21
1306749301 21
1306749361 22
1306749422 22
1306749481 22
1306749541 21
1306749601 21
1306749661 22
1306749721 23
1306749781 22
1306749841 21
1306749901 24
1306749961 23
1306750021 23
1306750081 23
1306750142 23
1306750201 22
1306750261 21
1306750321 23
1306750381 20
1306750441 23
1306750501 20
1306750561 21
1306750621 20
1306750681 21
1306750741 20
1306750802 20
1306750861 20
1306750921 18
1306750981 20
1306751041 20
1306751101 21
1306751161 21
1306751221 21
1306751281 20
1306751341 21
1306751401 22
1306751461 21
1306751522 19
1306751581 19
1306751641 18
1306751701 19
1306751761 20
1306751821 20
1306751881 21
1306751941 20
1306752001 20
1306752061 20
1306752121 20
1306752181 20
1306752242 19
1306752301 20
1306752361 19
1306752421 20
1306752481 19
1306752541 20
1306752601 19
1306752661 19
1306752721 19
1306752781 16
1306752841 17
1306752901 18
1306752962 21
1306753021 20
1306753081 20
1306753141 19
1306753201 20
1306753261 22
1306753321 22
1306753381 22
1306753441 21
1306753501 19
1306753561 18
1306753621 20
1306753681 21
1306753742 22
1306753801 21
1306753861 20
1306753921 19
1306753981 19
1306754041 20
1306754101 20
1306754161 20
1306754221 21
1306754281 22
1306754341 21
1306754402 22
1306754461 21
1306754521 23
1306754581 24
1306754641 24
1306754701 23
1306754761 22
1306754821 24
1306754881 22
1306754941 24
1306755001 25
1306755061 24
1306755122 24
1306755182 26
1306755241 25
1306755301 26
1306755361 25
1306755421 26
1306755481 30
1306755541 31
1306755601 31
1306755661 32
1306755721 33
1306755782 30
1306755841 31
1306755901 32
1306755961 33
1306756021 32
1306756081 29
1306756141 30
1306756201 31
1306756261 30
1306756321 30
1306756381 31
1306756441 32
1306756502 31
1306756561 30
1306756621 30
1306756681 30
1306756741 28
1306756801 27
1306756861 27
1306756921 27
1306756981 26
1306757041 25
1306757101 25
1306757161 25
1306757222 24
1306757281 23
1306757341 26
1306757401 27
1306757461 26
1306757521 25
1306757581 26
1306757641 26
1306757701 29
1306757761 29
1306757821 32
1306757882 31
1306757941 29
1306758001 34
1306758061 34
1306758121 34
1306758181 35
1306758241 35
1306758301 34
1306758361 35
1306758421 35
1306758482 35
1306758541 34
1306758601 30
1306758661 33
1306758721 33
1306758781 33
1306758841 34
1306758901 33
1306758961 35
1306759021 34
1306759082 32
1306759141 32
1306759201 33
1306759261 33
1306759321 34
1306759381 35
1306759441 33
1306759501 32
1306759561 32
1306759621 33
1306759681 33
1306759742 33
1306759801 31
1306759861 31
1306759921 33
1306759981 31
1306760041 33
1306760101 35
1306760161 35
1306760221 35
1306760281 35
1306760341 35
1306760402 37
1306760461 35
1306760521 32
1306760581 34
1306760641 32
1306760701 30
1306760761 27
1306760821 29
1306760881 30
1306760941 30
1306761002 30
1306761061 31
1306761121 32
1306761181 32
1306761241 31
1306761301 32
1306761361 34
1306761421 35
1306761481 34
1306761541 34
1306761601 33
1306761661 36
1306761722 36
1306761781 36
1306761841 38
1306761901 38
1306761961 38
1306762021 40
1306762081 40
1306762141 40
1306762201 39
1306762261 39
1306762321 40
1306762382 40
1306762441 41
1306762501 40
1306762561 39
1306762621 39
1306762681 41
1306762741 41
1306762801 42
1306762861 42
1306762921 42
1306762981 39
1306763041 36
1306763102 39
1306763161 37
1306763221 37
1306763281 37
1306763341 38
1306763401 37
1306763461 36
1306763521 36
1306763581 35
1306763641 35
1306763701 35
1306763762 35
1306763822 35
1306763881 33
1306763941 34
1306764001 34
1306764061 35
1306764121 34
1306764181 36
1306764241 36
1306764301 34
1306764361 36
1306764422 35
1306764481 35
1306764541 35
1306764601 35
1306764661 34
1306764721 34
1306764781 34
1306764841 33
1306764901 33
1306764961 29
1306765021 32
1306765082 32
1306765141 28
1306765201 33
1306765261 30
1306765321 30
1306765381 31
1306765441 31
1306765501 32
1306765561 32
1306765621 32
1306765681 33
1306765741 34
1306765801 31
1306765861 34
1306765921 32
1306765981 35
1306766041 35
1306766101 32
1306766161 34
1306766221 34
1306766281 34
1306766341 34
1306766402 34
1306766461 33
1306766521 33
1306766581 33
1306766641 31
1306766701 32
1306766761 31
1306766821 31
1306766881 32
1306766941 33
1306767001 32
1306767062 31
1306767121 33
1306767181 31
1306767241 34
1306767301 34
1306767361 32
1306767421 29
1306767481 28
1306767541 26
1306767601 27
1306767661 26
1306767722 27
1306767781 24
1306767841 23
1306767901 22
1306767961 23
1306768021 23
1306768081 22
1306768141 22
1306768201 24
1306768261 24
1306768321 22
1306768382 26
1306768441 26
1306768501 26
1306768561 25
1306768621 22
1306768681 27
1306768741 27
1306768801 26
1306768861 27
1306768921 25
1306768981 22
1306769041 20
1306769102 21
1306769161 20
1306769221 20
1306769281 16
1306769341 17
1306769401 18
1306769461 19
1306769521 20
1306769581 19
1306769641 20
1306769701 18
1306769761 20
1306769822 20
1306769881 17
1306769941 14
1306770001 15
1306770061 13
1306770121 11
1306770181 13
1306770241 12
1306770301 13
1306770361 11
1306770421 13
1306770481 13
1306770541 13
1306770602 9
1306770661 13
1306770721 12
1306770781 11
1306770841 13
1306770901 13
1306770961 13
1306771021 10
1306771081 12
1306771141 12
1306771201 11
