1315670461 30
1315670521 29
1315670581 27
1315670641 27
1315670701 25
1315670762 26
1315670822 26
1315670881 25
1315670941 24
1315671001 26
1315671061 25
1315671121 26
1315671181 25
1315671241 21
1315671301 24
1315671361 24
1315671422 23
1315671481 23
1315671541 24
1315671601 24
1315671661 24
1315671721 24
1315671781 25
1315671841 25
1315671901 21
1315671961 24
1315672021 23
1315672082 24
1315672141 22
1315672201 19
1315672261 21
1315672321 23
1315672381 22
1315672441 21
1315672502 22
1315672561 21
1315672621 22
1315672681 21
1315672741 20
1315672801 21
1315672861 21
1315672921 19
1315672981 21
1315673042 23
1315673102 21
1315673161 21
1315673221 20
1315673281 21
1315673341 22
1315673401 21
1315673461 21
1315673521 24
1315673581 22
1315673641 22
1315673702 25
1315673761 23
1315673821 24
1315673881 22
1315673941 22
1315674001 22
1315674061 21
1315674121 19
1315674181 20
1315674242 18
1315674301 17
1315674361 19
1315674421 18
1315674481 18
1315674541 18
1315674601 18
1315674662 18
1315674721 18
1315674781 18
1315674841 19
1315674901 19
1315674961 15
1315675021 17
1315675081 18
1315675141 18
1315675201 17
1315675262 16
1315675321 15
1315675381 15
1315675441 16
1315675501 14
1315675561 15
1315675621 15
1315675681 15
1315675741 16
1315675801 17
1315675861 17
1315675921 15
1315675981 16
1315676041 15
1315676101 17
1315676161 16
1315676221 17
1315676281 16
1315676341 15
1315676402 16
1315676461 16
1315676521 17
1315676581 16
1315676641 16
1315676701 16
1315676761 16
1315676821 15
1315676881 15
1315676941 15
1315677002 13
1315677061 14
1315677121 14
1315677181 15
1315677241 14
1315677301 14
1315677361 15
1315677421 15
1315677481 14
1315677541 14
1315677602 14
1315677661 14
1315677721 15
1315677781 14
1315677841 15
1315677901 13
1315677961 15
1315678021 13
1315678081 14
1315678142 13
1315678201 15
1315678261 13
1315678321 14
1315678381 15
1315678441 14
1315678501 15
1315678561 13
1315678621 14
1315678682 11
1315678741 14
1315678801 11
1315678861 13
1315678921 11
1315678981 11
1315679041 13
1315679101 12
1315679161 13
1315679221 13
1315679281 12
1315679342 12
1315679401 13
1315679461 11
1315679521 11
1315679581 10
1315679641 12
1315679701 14
1315679761 13
1315679821 14
1315679881 14
1315679942 14
1315680001 13
1315680061 14
1315680121 13
1315680181 14
1315680241 10
1315680301 12
1315680361 14
1315680421 14
1315680481 15
1315680541 14
1315680601 15
1315680661 14
1315680721 15
1315680781 14
1315680841 15
1315680901 11
1315680961 12
1315681021 13
1315681082 13
1315681141 13
1315681201 14
1315681261 14
1315681321 14
1315681381 14
1315681441 13
1315681501 14
1315681561 12
1315681621 13
1315681682 14
1315681742 13
1315681801 14
1315681861 14
1315681921 13
1315681981 14
1315682041 13
1315682101 13
1315682161 13
1315682221 12
1315682282 14
1315682342 13
1315682401 12
1315682461 14
1315682521 14
1315682581 13
1315682641 14
1315682701 13
1315682761 14
1315682821 13
1315682882 12
1315682941 13
1315683001 12
1315683061 14
1315683121 14
1315683181 14
1315683241 13
1315683301 14
1315683361 14
1315683421 13
1315683481 12
1315683541 12
1315683602 13
1315683662 11
1315683721 13
1315683781 13
1315683841 13
1315683901 12
1315683961 13
1315684021 13
1315684081 11
1315684141 12
1315684201 12
1315684262 12
1315684321 10
1315684381 12
1315684441 12
1315684501 12
1315684561 10
1315684621 12
1315684681 12
1315684741 10
1315684801 10
1315684862 12
1315684921 12
1315684981 11
1315685041 12
1315685101 12
1315685161 12
1315685221 11
1315685281 12
1315685341 12
1315685401 9
1315685461 10
1315685522 12
1315685581 12
1315685641 11
1315685701 12
1315685761 12
1315685821 11
1315685881 11
1315685941 12
1315686001 12
1315686061 9
1315686121 10
1315686182 12
1315686241 12
1315686301 11
1315686361 12
1315686421 12
1315686481 11
1315686541 12
1315686601 12
1315686661 11
1315686721 10
1315686782 11
1315686841 12
1315686901 12
1315686961 11
1315687021 12
1315687081 12
1315687141 10
1315687201 12
1315687261 12
1315687321 10
1315687381 9
1315687442 10
1315687502 11
1315687561 11
1315687621 10
1315687681 11
1315687741 11
1315687801 9
1315687861 11
1315687921 11
1315687981 10
1315688041 9
1315688102 10
1315688161 11
1315688221 11
1315688281 10
1315688341 12
1315688401 12
1315688461 10
1315688521 12
1315688581 11
1315688641 11
1315688701 10
1315688762 11
1315688821 12
1315688881 12
1315688941 10
1315689001 12
1315689061 12
1315689121 10
1315689181 12
1315689241 13
1315689301 11
1315689362 11
1315689422 11
1315689481 11
1315689541 12
1315689601 10
1315689661 13
1315689721 13
1315689781 12
1315689841 13
1315689901 14
1315689961 14
1315690021 13
1315690082 13
1315690141 14
1315690201 14
1315690261 12
1315690321 14
1315690381 13
1315690441 14
1315690501 12
1315690561 14
1315690621 14
1315690682 13
1315690741 12
1315690801 14
1315690861 14
1315690921 11
1315690981 12
1315691041 10
1315691101 11
1315691161 8
1315691221 11
1315691281 11
1315691342 10
1315691401 9
1315691461 11
1315691521 11
1315691581 10
1315691641 11
1315691701 10
1315691761 11
1315691821 8
1315691881 11
1315691941 11
1315692003 10
1315692061 10
1315692121 11
1315692181 11
1315692241 10
1315692301 11
1315692362 12
1315692421 13
1315692481 12
1315692541 13
1315692601 13
1315692661 12
1315692721 12
1315692781 13
1315692842 12
1315692901 12
1315692961 14
1315693021 14
1315693081 13
1315693141 13
1315693201 14
1315693261 14
1315693321 13
1315693381 13
1315693441 15
1315693502 14
1315693561 11
1315693621 11
1315693681 13
1315693741 12
1315693801 12
1315693861 13
1315693921 13
1315693981 12
1315694042 11
1315694102 12
1315694161 12
1315694221 10
1315694281 10
1315694341 13
1315694401 13
1315694461 12
1315694521 12
1315694581 13
1315694641 13
1315694702 12
1315694761 13
1315694821 12
1315694881 12
1315694941 10
1315695001 11
1315695061 12
1315695121 11
1315695181 13
1315695242 13
1315695301 12
1315695361 12
1315695421 13
1315695481 13
1315695541 13
1315695601 11
1315695662 13
1315695722 14
1315695781 13
1315695841 15
1315695901 15
1315695961 15
1315696021 15
1315696081 15
1315696141 13
1315696201 14
1315696262 11
1315696321 14
1315696381 12
1315696441 14
1315696501 14
1315696561 14
1315696621 13
1315696681 13
1315696741 16
1315696801 16
1315696862 17
1315696922 14
1315696981 17
1315697041 17
1315697101 18
1315697161 17
1315697221 18
1315697281 17
1315697341 15
1315697401 16
1315697461 17
1315697522 18
1315697581 19
1315697641 19
1315697701 20
1315697761 21
1315697821 21
1315697881 21
1315697941 20
1315698001 19
1315698061 20
1315698122 19
1315698181 17
1315698241 16
1315698301 16
1315698361 19
1315698421 19
1315698481 19
1315698541 19
1315698601 19
1315698661 20
1315698722 20
1315698781 20
1315698841 21
1315698901 22
1315698961 22
1315699021 22
1315699081 22
1315699141 21
1315699201 22
1315699261 21
1315699322 23
1315699381 23
1315699441 21
1315699501 23
1315699561 26
1315699621 27
1315699681 27
1315699741 27
1315699801 26
1315699861 25
1315699922 25
1315699981 27
1315700041 26
1315700101 25
1315700161 22
1315700221 24
1315700281 23
1315700341 25
1315700401 28
1315700462 30
1315700522 27
1315700581 29
1315700641 31
1315700701 32
1315700761 33
1315700821 32
1315700881 34
1315700941 34
1315701001 33
1315701061 33
1315701122 37
1315701181 35
1315701241 35
1315701301 34
1315701361 33
1315701421 34
1315701481 35
1315701541 34
1315701601 34
1315701661 36
1315701722 36
1315701782 34
1315701841 35
1315701901 37
1315701961 38
1315702021 36
1315702081 37
1315702141 37
1315702201 39
1315702261 38
1315702322 37
1315702382 37
1315702441 36
1315702501 37
1315702561 37
1315702621 38
1315702681 39
1315702741 39
1315702801 38
1315702861 38
1315702922 39
1315702982 38
1315703041 37
1315703101 37
1315703161 39
1315703221 38
1315703281 37
1315703341 41
1315703401 42
1315703462 44
1315703521 46
1315703581 46
1315703641 45
1315703701 44
1315703761 40
1315703821 44
1315703881 44
1315703941 42
1315704002 45
1315704061 44
1315704121 44
1315704181 45
1315704241 44
1315704301 45
1315704361 44
1315704421 43
1315704481 43
1315704541 44
1315704602 41
1315704661 40
1315704721 40
1315704781 41
1315704841 42
1315704901 39
1315704961 38
1315705021 36
1315705081 40
1315705141 42
1315705202 43
1315705262 45
1315705321 44
1315705381 44
1315705441 45
1315705501 46
1315705561 47
1315705621 44
1315705681 41
1315705741 42
1315705801 40
1315705861 39
1315705922 40
1315705981 44
1315706041 41
1315706101 40
1315706161 40
1315706221 41
1315706281 41
1315706341 39
1315706401 41
1315706461 41
1315706522 38
1315706581 38
1315706641 39
1315706701 38
1315706761 38
1315706821 40
1315706881 41
1315706941 40
1315707002 39
1315707062 40
1315707122 40
1315707181 38
1315707241 42
1315707301 42
1315707361 43
1315707421 39
1315707481 43
1315707541 44
1315707601 46
1315707661 43
1315707722 47
1315707781 50
1315707841 45
1315707901 50
1315707961 50
1315708021 51
1315708081 50
1315708141 49
1315708201 48
1315708262 47
1315708322 48
1315708381 46
1315708441 48
1315708501 47
1315708561 48
1315708621 47
1315708681 45
1315708741 45
1315708801 47
1315708862 48
1315708921 51
1315708981 53
1315709041 49
1315709101 52
1315709161 52
1315709221 51
1315709281 50
1315709341 49
1315709401 48
1315709462 47
1315709521 46
1315709581 46
1315709641 47
1315709701 45
1315709761 48
1315709821 48
1315709881 48
1315709941 48
1315710002 48
1315710061 47
1315710121 45
1315710181 44
1315710241 45
1315710301 46
1315710361 44
1315710421 48
1315710482 48
1315710541 51
1315710602 51
1315710661 53
1315710721 50
1315710781 50
1315710841 51
1315710901 53
1315710961 51
1315711021 50
1315711081 49
1315711141 47
1315711202 45
1315711261 45
1315711321 44
1315711381 44
1315711441 43
1315711501 39
1315711561 43
1315711621 45
1315711682 45
1315711742 45
1315711801 44
1315711861 44
1315711921 43
1315711981 44
1315712041 45
1315712101 48
1315712161 49
1315712221 49
1315712281 52
1315712342 53
1315712401 55
1315712461 53
1315712521 54
1315712581 53
1315712641 53
1315712701 53
1315712761 52
1315712821 53
1315712881 54
1315712942 53
1315713001 55
1315713061 53
1315713121 54
1315713181 53
1315713241 52
1315713301 52
1315713361 51
1315713421 53
1315713481 54
1315713542 52
1315713601 52
1315713661 53
1315713721 53
1315713781 53
1315713841 52
1315713901 49
1315713961 52
1315714021 50
1315714082 49
1315714142 49
1315714201 48
1315714261 48
1315714321 49
1315714381 48
1315714441 49
1315714501 49
1315714561 47
1315714621 46
1315714681 49
1315714742 51
1315714801 52
1315714861 52
1315714921 51
1315714981 54
1315715041 55
1315715101 55
1315715161 56
1315715221 55
1315715282 55
1315715341 53
1315715401 51
1315715461 52
1315715521 52
1315715581 50
1315715641 47
1315715701 47
1315715761 44
1315715821 45
1315715882 44
1315715941 47
1315716001 48
1315716061 47
1315716121 47
1315716181 48
1315716241 47
1315716301 47
1315716361 46
1315716421 46
1315716482 47
1315716541 45
1315716601 44
1315716661 44
1315716721 44
1315716781 45
1315716841 44
1315716901 42
1315716961 43
1315717022 38
1315717082 42
1315717141 39
1315717201 38
1315717261 38
1315717321 37
1315717381 38
1315717441 39
1315717501 39
1315717561 40
1315717622 39
1315717682 33
1315717741 39
1315717801 37
1315717861 37
1315717921 37
1315717981 36
1315718041 37
1315718101 39
1315718161 38
1315718222 40
1315718281 39
1315718341 39
1315718401 40
1315718461 39
1315718521 42
1315718581 40
1315718641 40
1315718701 40
1315718762 39
1315718821 39
1315718881 39
1315718941 36
1315719001 38
1315719061 38
1315719121 36
1315719181 40
1315719241 41
1315719301 40
1315719362 40
1315719421 40
1315719481 40
1315719541 38
1315719601 39
1315719661 40
1315719721 39
1315719781 38
1315719841 40
1315719901 41
1315719962 40
1315720021 37
1315720081 40
1315720141 41
1315720201 38
1315720261 39
1315720321 39
1315720381 38
1315720441 37
1315720502 34
1315720562 36
1315720621 37
1315720681 35
1315720741 37
1315720801 35
1315720861 37
1315720921 35
1315720981 37
1315721041 37
1315721102 38
1315721161 37
1315721221 37
1315721281 37
1315721341 35
1315721401 37
1315721461 34
1315721521 36
1315721581 36
1315721642 38
1315721701 38
1315721761 38
1315721821 37
1315721881 37
1315721941 39
1315722001 40
1315722061 41
1315722121 40
1315722182 40
1315722241 43
1315722301 44
1315722361 43
1315722421 42
1315722481 45
1315722541 44
1315722601 43
1315722661 44
1315722721 44
1315722782 43
1315722842 41
1315722901 44
1315722961 43
1315723021 43
1315723081 43
1315723141 43
1315723201 42
1315723261 41
1315723321 41
1315723382 40
1315723442 37
1315723501 36
1315723561 40
1315723621 40
1315723681 37
1315723741 40
1315723801 38
1315723861 37
1315723922 38
1315723981 39
1315724041 39
1315724101 37
1315724161 37
1315724221 38
1315724281 38
1315724341 36
1315724401 38
1315724461 37
1315724522 36
1315724582 35
1315724641 39
1315724701 39
1315724761 40
1315724821 39
1315724881 40
1315724941 39
1315725001 38
1315725061 39
1315725121 38
1315725182 40
1315725241 38
1315725301 37
1315725361 37
1315725421 40
1315725481 38
1315725541 39
1315725601 36
1315725661 38
1315725721 40
1315725781 37
1315725841 37
1315725902 37
1315725961 37
1315726021 40
1315726081 40
1315726141 38
1315726201 41
1315726261 39
1315726321 42
1315726381 41
1315726442 40
1315726502 39
1315726561 36
1315726621 37
1315726681 38
1315726741 41
1315726801 40
1315726861 38
1315726921 38
1315726981 41
1315727042 40
1315727102 42
1315727161 42
1315727221 41
1315727281 39
1315727341 38
1315727401 36
1315727461 38
1315727521 34
1315727581 36
1315727642 36
1315727701 36
1315727761 36
1315727821 35
1315727881 36
1315727941 37
1315728001 39
1315728061 40
1315728121 38
1315728182 37
1315728241 39
1315728301 40
1315728361 41
1315728421 39
1315728481 39
1315728541 37
1315728601 38
1315728661 39
1315728721 41
1315728782 41
1315728842 38
1315728901 37
1315728961 38
1315729021 43
1315729081 43
1315729141 42
1315729201 43
1315729261 41
1315729321 41
1315729381 40
1315729441 38
1315729502 40
1315729561 41
1315729621 41
1315729681 43
1315729741 43
1315729801 42
1315729861 41
1315729921 44
1315729981 44
1315730041 44
1315730101 42
1315730162 40
1315730222 36
1315730281 37
1315730341 38
1315730401 37
1315730461 41
1315730521 38
1315730581 39
1315730641 37
1315730701 41
1315730761 41
1315730821 40
1315730881 41
1315730941 38
1315731001 39
1315731061 39
1315731121 41
1315731181 40
1315731241 39
1315731301 36
1315731362 40
1315731421 41
1315731481 40
1315731541 40
1315731601 39
1315731661 41
1315731721 40
1315731781 42
1315731841 43
1315731902 43
1315731962 40
1315732021 41
1315732081 41
1315732141 40
1315732201 40
1315732261 38
1315732321 41
1315732381 40
1315732441 43
1315732501 41
1315732562 40
1315732621 41
1315732681 38
1315732741 42
1315732801 45
1315732861 43
1315732922 44
1315732982 45
1315733041 44
1315733101 42
1315733161 46
1315733221 45
1315733281 43
1315733341 42
1315733401 44
1315733461 45
1315733521 43
1315733582 42
1315733641 41
1315733701 42
1315733761 42
1315733821 42
1315733881 44
1315733941 44
1315734001 44
1315734061 42
1315734121 40
1315734182 38
1315734242 41
1315734301 40
1315734361 39
1315734421 38
1315734481 38
1315734541 38
1315734601 38
1315734661 40
1315734721 40
1315734781 40
1315734842 39
1315734901 39
1315734961 39
1315735021 38
1315735081 38
1315735141 38
1315735201 35
1315735261 37
1315735321 34
1315735381 35
1315735441 33
1315735502 36
1315735561 35
1315735621 38
1315735681 36
1315735741 37
1315735801 36
1315735861 35
1315735921 36
1315735982 35
1315736041 35
1315736101 33
1315736161 31
1315736221 31
1315736281 31
1315736341 31
1315736401 30
1315736461 31
1315736521 32
1315736582 31
1315736641 33
1315736701 33
1315736761 33
1315736821 33
1315736881 33
1315736941 30
1315737001 33
1315737061 29
1315737121 31
1315737182 30
1315737242 30
1315737301 29
1315737361 31
1315737421 31
1315737481 31
1315737541 32
1315737601 32
1315737661 33
1315737721 33
1315737782 33
1315737842 33
1315737901 32
1315737961 31
1315738021 30
1315738081 31
1315738141 30
1315738201 31
1315738261 29
1315738321 30
1315738381 30
1315738442 32
1315738501 33
1315738561 33
1315738621 31
1315738681 31
1315738741 30
1315738801 31
1315738861 33
1315738921 33
1315738981 35
1315739041 32
1315739102 34
1315739161 35
1315739221 35
1315739281 31
1315739341 34
1315739401 33
1315739461 32
1315739521 34
1315739581 32
1315739641 30
1315739702 28
1315739761 29
1315739821 27
1315739881 27
1315739941 24
1315740001 28
1315740061 30
1315740121 29
1315740181 28
1315740241 30
1315740301 29
1315740362 29
1315740421 32
1315740481 34
1315740541 35
1315740601 31
1315740661 29
1315740721 30
1315740781 32
1315740841 32
1315740901 33
1315740961 31
1315741022 32
1315741082 30
1315741141 29
1315741201 27
1315741261 27
1315741321 27
1315741381 28
1315741441 29
1315741501 29
1315741561 29
1315741622 29
1315741682 31
1315741741 32
1315741801 34
1315741861 34
1315741921 35
1315741981 35
1315742041 37
1315742101 36
1315742161 38
1315742222 40
1315742281 38
1315742341 39
1315742401 39
1315742461 37
1315742521 39
1315742581 37
1315742641 36
1315742701 36
1315742761 36
1315742822 34
1315742881 37
1315742941 35
1315743001 36
1315743061 36
1315743121 34
1315743181 35
1315743241 36
1315743301 37
1315743362 35
1315743421 34
1315743481 32
1315743541 33
1315743601 32
1315743661 32
1315743721 31
1315743781 33
1315743841 34
1315743901 34
1315743962 34
1315744022 36
1315744081 35
1315744141 35
1315744201 37
1315744261 35
1315744321 37
1315744381 34
1315744441 35
1315744501 35
1315744561 37
1315744622 33
1315744681 38
1315744741 38
1315744801 39
1315744861 39
1315744921 38
1315744981 37
1315745041 37
1315745101 35
1315745161 37
1315745222 37
1315745281 38
1315745341 37
1315745401 36
1315745461 36
1315745521 35
1315745581 36
1315745641 35
1315745701 37
1315745761 36
1315745822 36
1315745881 34
1315745941 39
1315746001 39
1315746061 41
1315746121 41
1315746181 41
1315746241 41
1315746301 40
1315746362 40
1315746422 39
1315746481 39
1315746541 36
1315746601 37
1315746661 37
1315746721 41
1315746781 40
1315746841 39
1315746902 40
1315746961 41
1315747021 43
1315747081 41
1315747141 44
1315747201 44
1315747261 43
1315747321 42
1315747381 42
1315747442 39
1315747501 38
1315747561 38
1315747621 38
1315747681 41
1315747741 39
1315747801 40
1315747861 39
1315747921 39
1315747982 39
1315748042 39
1315748101 40
1315748161 39
1315748221 39
1315748281 38
1315748341 38
1315748401 39
1315748461 37
1315748521 36
1315748582 36
1315748642 37
1315748701 35
1315748761 34
1315748821 36
1315748881 39
1315748941 38
1315749001 39
1315749061 42
1315749121 43
1315749181 43
1315749242 44
1315749301 44
1315749361 46
1315749421 46
1315749481 46
1315749541 46
1315749601 44
1315749661 43
1315749721 45
1315749781 42
1315749841 44
1315749902 46
1315749961 49
1315750021 48
1315750081 45
1315750141 50
1315750201 50
1315750261 47
1315750321 49
1315750382 49
1315750441 48
1315750501 47
1315750561 47
1315750621 47
1315750681 46
1315750741 41
1315750801 44
1315750861 48
1315750921 48
1315750981 47
1315751041 49
1315751101 50
1315751161 48
1315751221 46
1315751281 47
1315751341 47
1315751402 48
1315751462 47
1315751521 47
1315751581 50
1315751641 46
1315751701 49
1315751761 49
1315751821 49
1315751881 51
1315751941 50
1315752002 46
1315752061 49
1315752121 49
1315752181 50
1315752241 51
1315752301 49
1315752361 48
1315752421 47
1315752481 46
1315752541 47
1315752602 48
1315752662 44
1315752721 44
1315752781 43
1315752841 45
1315752901 44
1315752961 45
1315753021 47
1315753081 45
1315753141 46
1315753201 46
1315753262 49
1315753321 49
1315753381 47
1315753441 47
1315753501 45
1315753561 46
1315753621 46
1315753681 46
1315753741 44
1315753801 45
1315753861 46
1315753922 41
1315753982 43
1315754041 42
1315754101 43
1315754161 42
1315754221 41
1315754281 40
1315754341 40
1315754401 42
1315754461 41
1315754521 42
1315754582 41
1315754641 40
1315754701 40
1315754761 40
1315754821 41
1315754881 39
1315754941 36
1315755001 33
1315755061 36
1315755122 37
1315755182 36
1315755241 35
1315755301 36
1315755361 35
1315755421 38
1315755481 39
1315755541 39
1315755601 37
1315755661 39
1315755721 38
1315755782 39
1315755841 37
1315755901 38
1315755961 38
1315756021 35
1315756081 38
1315756141 38
1315756201 37
1315756261 29
1315756321 35
1315756381 36
1315756441 36
1315756501 36
1315756561 36
1315756621 37
1315756681 35
1315756741 36
1315756801 35
