1307030461 15
1307030521 14
1307030581 15
1307030641 15
1307030701 12
1307030761 14
1307030821 13
1307030881 14
1307030941 14
1307031001 15
1307031061 12
1307031122 15
1307031181 14
1307031241 15
1307031301 15
1307031361 14
1307031421 14
1307031481 14
1307031541 15
1307031601 15
1307031661 14
1307031721 13
1307031781 14
1307031842 13
1307031901 14
1307031961 12
1307032021 13
1307032081 13
1307032141 12
1307032201 14
1307032261 14
1307032321 14
1307032381 15
1307032441 15
1307032501 14
1307032562 15
1307032621 14
1307032681 14
1307032741 14
1307032801 13
1307032861 13
1307032921 13
1307032981 12
1307033041 13
1307033101 13
1307033161 12
1307033221 12
1307033282 10
1307033341 12
1307033401 13
1307033461 13
1307033521 12
1307033581 14
1307033641 13
1307033701 14
1307033761 14
1307033821 14
1307033881 12
1307033941 12
1307034002 14
1307034061 14
1307034121 13
1307034181 12
1307034241 14
1307034301 14
1307034361 13
1307034421 13
1307034481 13
1307034541 10
1307034601 10
1307034661 11
1307034721 12
1307034781 10
1307034841 11
1307034901 12
1307034961 14
1307035021 14
1307035081 14
1307035142 14
1307035201 11
1307035261 11
1307035321 12
1307035381 12
1307035441 10
1307035501 11
1307035561 9
1307035621 9
1307035681 9
1307035741 9
1307035802 9
1307035861 7
1307035921 8
1307035981 9
1307036041 9
1307036101 7
1307036161 9
1307036221 9
1307036281 9
1307036341 9
1307036401 9
1307036461 9
1307036522 6
1307036581 8
1307036641 9
1307036701 8
1307036761 9
1307036821 9
1307036881 9
1307036941 9
1307037001 9
1307037061 8
1307037121 9
1307037181 7
1307037242 8
1307037301 9
1307037361 7
1307037421 9
1307037481 9
1307037541 9
1307037601 9
1307037662 8
1307037721 8
1307037781 8
1307037841 8
1307037901 8
1307037961 9
1307038021 8
1307038081 9
1307038141 9
1307038201 9
1307038261 9
1307038321 8
1307038382 8
1307038441 7
1307038501 8
1307038561 8
1307038621 9
1307038681 8
1307038741 9
1307038801 9
1307038861 9
1307038921 9
1307038981 8
1307039042 8
1307039101 7
1307039161 8
1307039221 7
1307039281 9
1307039341 8
1307039401 9
1307039461 9
1307039522 9
1307039581 9
1307039641 8
1307039701 8
1307039761 6
1307039821 8
1307039881 8
1307039942 8
1307040002 8
1307040061 9
1307040121 9
1307040181 9
1307040241 10
1307040301 10
1307040361 9
1307040421 9
1307040481 8
1307040542 9
1307040601 9
1307040661 9
1307040721 10
1307040781 10
1307040841 9
1307040901 9
1307040961 10
1307041021 8
1307041081 9
1307041141 9
1307041201 9
1307041261 9
1307041322 10
1307041381 10
1307041441 10
1307041501 10
1307041561 9
1307041621 10
1307041681 8
1307041741 9
1307041801 8
1307041861 8
1307041921 7
1307041981 9
1307042041 9
1307042101 8
1307042161 9
1307042221 8
1307042281 9
1307042341 8
1307042401 8
1307042461 8
1307042521 8
1307042581 7
1307042641 9
1307042701 9
1307042761 9
1307042822 9
1307042881 9
1307042941 9
1307043001 8
1307043061 8
1307043121 8
1307043181 8
1307043241 8
1307043301 9
1307043361 8
1307043421 9
1307043481 9
1307043542 8
1307043601 9
1307043661 9
1307043721 8
1307043781 9
1307043841 7
1307043901 8
1307043961 9
1307044021 9
1307044081 9
1307044141 8
1307044201 9
1307044262 8
1307044322 9
1307044381 8
1307044441 9
1307044501 8
1307044561 8
1307044621 9
1307044681 9
1307044741 10
1307044801 8
1307044861 10
1307044921 9
1307044982 10
1307045042 9
1307045101 9
1307045161 9
1307045221 8
1307045281 9
1307045341 9
1307045401 9
1307045461 7
1307045521 9
1307045581 8
1307045641 10
1307045702 10
1307045761 8
1307045821 9
1307045881 9
1307045941 9
1307046001 10
1307046061 10
1307046121 9
1307046181 9
1307046241 9
1307046301 10
1307046361 10
1307046422 8
1307046481 9
1307046541 9
1307046601 10
1307046661 10
1307046721 10
1307046781 9
1307046841 8
1307046901 9
1307046961 10
1307047022 11
1307047081 9
1307047141 10
1307047201 10
1307047261 11
1307047321 10
1307047381 11
1307047441 11
1307047501 9
1307047561 9
1307047621 10
1307047682 10
1307047741 9
1307047801 8
1307047861 9
1307047921 10
1307047981 10
1307048041 9
1307048101 10
1307048161 9
1307048221 8
1307048281 10
1307048342 9
1307048401 9
1307048461 8
1307048521 9
1307048581 9
1307048641 9
1307048701 8
1307048761 9
1307048821 8
1307048881 8
1307048941 10
1307049001 10
1307049061 9
1307049122 8
1307049181 10
1307049241 9
1307049301 10
1307049361 9
1307049421 10
1307049481 9
1307049541 8
1307049601 9
1307049661 9
1307049721 9
1307049781 8
1307049841 10
1307049902 9
1307049961 10
1307050021 10
1307050081 10
1307050141 10
1307050201 9
1307050261 10
1307050321 10
1307050381 11
1307050441 8
1307050501 11
1307050561 11
1307050622 11
1307050681 10
1307050741 11
1307050801 10
1307050861 10
1307050921 10
1307050981 11
1307051041 11
1307051101 8
1307051161 11
1307051221 11
1307051281 11
1307051341 10
1307051401 11
1307051461 10
1307051521 10
1307051581 11
1307051641 11
1307051701 11
1307051761 9
1307051821 10
1307051881 11
1307051941 11
1307052001 10
1307052061 11
1307052121 11
1307052182 10
1307052241 11
1307052301 11
1307052361 11
1307052421 9
1307052481 10
1307052541 10
1307052601 10
1307052661 9
1307052721 9
1307052781 9
1307052842 9
1307052901 9
1307052961 8
1307053021 9
1307053081 8
1307053141 9
1307053201 9
1307053261 9
1307053321 8
1307053381 8
1307053441 8
1307053501 9
1307053562 9
1307053621 8
1307053681 8
1307053741 7
1307053801 8
1307053861 8
1307053921 8
1307053981 7
1307054041 8
1307054101 6
1307054161 8
1307054222 8
1307054282 8
1307054341 7
1307054401 7
1307054461 8
1307054521 8
1307054581 8
1307054641 7
1307054701 8
1307054761 6
1307054822 8
1307054881 8
1307054941 8
1307055002 8
1307055061 7
1307055121 8
1307055181 8
1307055241 8
1307055301 7
1307055361 8
1307055421 6
1307055481 7
1307055541 8
1307055601 7
1307055661 8
1307055722 9
1307055781 9
1307055841 9
1307055901 9
1307055961 7
1307056021 9
1307056081 7
1307056141 9
1307056201 10
1307056261 9
1307056321 9
1307056381 10
1307056442 9
1307056501 10
1307056561 11
1307056621 10
1307056681 10
1307056741 10
1307056801 9
1307056861 10
1307056921 10
1307056981 10
1307057041 10
1307057101 10
1307057161 10
1307057222 11
1307057281 10
1307057341 11
1307057401 10
1307057461 11
1307057521 11
1307057581 11
1307057641 12
1307057701 11
1307057761 11
1307057821 12
1307057881 13
1307057942 12
1307058001 13
1307058061 13
1307058121 11
1307058181 11
1307058241 12
1307058301 12
1307058361 13
1307058421 15
1307058481 14
1307058542 16
1307058601 17
1307058661 20
1307058721 19
1307058781 19
1307058841 19
1307058901 20
1307058961 20
1307059021 19
1307059081 19
1307059141 19
1307059201 18
1307059262 17
1307059321 18
1307059381 17
1307059441 18
1307059501 16
1307059561 16
1307059621 17
1307059681 17
1307059741 17
1307059801 18
1307059861 18
1307059922 16
1307059982 18
1307060041 17
1307060101 18
1307060161 18
1307060221 16
1307060281 19
1307060341 17
1307060401 20
1307060461 20
1307060521 20
1307060581 19
1307060642 21
1307060701 21
1307060761 22
1307060821 23
1307060881 23
1307060941 25
1307061001 23
1307061061 26
1307061121 25
1307061181 27
1307061242 27
1307061301 31
1307061361 31
1307061421 30
1307061481 29
1307061541 28
1307061601 27
1307061661 28
1307061721 29
1307061781 30
1307061841 32
1307061901 28
1307061961 29
1307062021 30
1307062081 30
1307062141 30
1307062201 30
1307062261 31
1307062321 31
1307062381 31
1307062441 30
1307062501 30
1307062561 29
1307062622 31
1307062681 32
1307062741 31
1307062801 32
1307062861 31
1307062921 34
1307062981 33
1307063041 33
1307063101 33
1307063161 33
1307063221 31
1307063281 32
1307063342 32
1307063401 32
1307063461 30
1307063521 29
1307063581 31
1307063641 31
1307063701 32
1307063761 32
1307063821 32
1307063881 33
1307063941 35
1307064001 34
1307064061 35
1307064122 34
1307064181 34
1307064241 33
1307064301 33
1307064361 32
1307064421 32
1307064481 34
1307064541 35
1307064601 35
1307064661 35
1307064721 35
1307064782 37
1307064841 38
1307064901 38
1307064961 37
1307065021 39
1307065081 38
1307065141 40
1307065201 43
1307065261 43
1307065321 43
1307065381 42
1307065441 44
1307065502 46
1307065561 48
1307065621 46
1307065681 46
1307065741 43
1307065801 43
1307065861 44
1307065921 45
1307065981 41
1307066041 42
1307066101 41
1307066162 40
1307066221 40
1307066281 41
1307066341 39
1307066401 40
1307066461 39
1307066521 41
1307066581 41
1307066641 43
1307066701 43
1307066761 44
1307066821 42
1307066882 43
1307066941 41
1307067001 42
1307067061 43
1307067121 44
1307067181 46
1307067241 44
1307067301 44
1307067361 41
1307067421 44
1307067481 44
1307067542 45
1307067601 43
1307067661 46
1307067721 45
1307067781 42
1307067841 40
1307067901 42
1307067961 43
1307068021 41
1307068081 40
1307068142 43
1307068201 43
1307068261 41
1307068321 42
1307068381 41
1307068441 42
1307068501 41
1307068561 43
1307068621 43
1307068682 44
1307068741 39
1307068801 42
1307068861 42
1307068921 43
1307068982 44
1307069041 46
1307069101 45
1307069161 47
1307069221 48
1307069281 47
1307069341 50
1307069401 50
1307069461 47
1307069522 49
1307069581 49
1307069641 46
1307069701 48
1307069761 46
1307069821 50
1307069881 50
1307069941 52
1307070002 51
1307070061 51
1307070121 50
1307070181 52
1307070241 50
1307070301 50
1307070361 51
1307070421 51
1307070481 50
1307070541 51
1307070601 50
1307070662 49
1307070722 49
1307070781 50
1307070841 51
1307070901 51
1307070961 49
1307071021 46
1307071081 47
1307071141 48
1307071201 48
1307071261 50
1307071321 45
1307071382 46
1307071441 46
1307071501 45
1307071561 44
1307071621 43
1307071681 42
1307071741 41
1307071801 44
1307071861 42
1307071921 41
1307071981 40
1307072041 43
1307072102 44
1307072161 45
1307072221 46
1307072281 48
1307072341 46
1307072401 46
1307072461 45
1307072521 44
1307072581 46
1307072641 45
1307072701 44
1307072762 42
1307072821 43
1307072881 44
1307072941 42
1307073001 43
1307073061 43
1307073121 43
1307073181 40
1307073241 42
1307073301 43
1307073362 44
1307073421 43
1307073481 42
1307073541 42
1307073601 38
1307073661 40
1307073721 40
1307073781 39
1307073841 39
1307073901 40
1307073961 41
1307074021 41
1307074082 41
1307074141 41
1307074201 43
1307074261 43
1307074321 43
1307074381 42
1307074441 40
1307074501 41
1307074561 44
1307074621 45
1307074681 46
1307074741 45
1307074802 45
1307074861 45
1307074921 44
1307074981 46
1307075041 44
1307075101 47
1307075161 45
1307075221 46
1307075281 47
1307075341 46
1307075401 47
1307075461 47
1307075521 47
1307075582 46
1307075641 46
1307075701 45
1307075761 46
1307075821 44
1307075881 46
1307075941 46
1307076001 44
1307076061 47
1307076121 46
1307076181 45
1307076241 47
1307076302 46
1307076361 46
1307076421 45
1307076481 45
1307076541 49
1307076601 47
1307076661 47
1307076721 48
1307076781 47
1307076841 47
1307076901 46
1307076961 47
1307077022 48
1307077081 43
1307077141 45
1307077201 45
1307077261 44
1307077321 44
1307077381 44
1307077441 43
1307077501 44
1307077561 41
1307077621 45
1307077681 45
1307077741 44
1307077802 44
1307077861 42
1307077921 44
1307077981 42
1307078041 43
1307078101 43
1307078161 43
1307078221 43
1307078281 43
1307078341 42
1307078401 45
1307078461 44
1307078522 44
1307078581 45
1307078641 44
1307078701 45
1307078761 43
1307078821 45
1307078881 43
1307078941 46
1307079001 45
1307079061 46
1307079121 47
1307079181 48
1307079242 48
1307079302 46
1307079361 45
1307079421 48
1307079481 49
1307079541 47
1307079601 49
1307079661 49
1307079721 50
1307079781 50
1307079841 48
1307079901 50
1307079962 50
1307080021 51
1307080081 53
1307080141 49
1307080201 50
1307080261 50
1307080321 51
1307080381 54
1307080441 55
1307080501 55
1307080562 54
1307080621 50
1307080681 53
1307080741 54
1307080801 53
1307080861 53
1307080921 51
1307080981 50
1307081041 52
1307081101 50
1307081161 50
1307081221 51
1307081281 50
1307081341 51
1307081401 49
1307081461 50
1307081521 49
1307081581 50
1307081641 53
1307081701 56
1307081761 55
1307081821 52
1307081882 55
1307081941 54
1307082001 55
1307082061 57
1307082121 58
1307082181 59
1307082241 60
1307082301 57
1307082361 61
1307082421 58
1307082481 56
1307082541 57
1307082602 56
1307082662 59
1307082721 59
1307082781 59
1307082841 59
1307082901 60
1307082961 62
1307083021 63
1307083081 61
1307083141 65
1307083201 63
1307083261 64
1307083321 67
1307083382 64
1307083441 65
1307083501 67
1307083561 65
1307083621 66
1307083681 65
1307083741 67
1307083801 67
1307083861 62
1307083921 65
1307083981 67
1307084041 69
1307084102 71
1307084161 69
1307084221 68
1307084281 67
1307084341 66
1307084401 67
1307084461 66
1307084521 62
1307084581 63
1307084641 62
1307084701 58
1307084761 61
1307084822 59
1307084881 58
1307084941 59
1307085001 55
1307085061 53
1307085121 54
1307085181 57
1307085241 55
1307085301 57
1307085361 56
1307085421 57
1307085482 58
1307085541 55
1307085601 56
1307085661 54
1307085721 55
1307085781 53
1307085841 51
1307085901 50
1307085961 50
1307086021 49
1307086081 48
1307086142 47
1307086202 50
1307086261 51
1307086321 51
1307086381 49
1307086441 50
1307086501 52
1307086561 50
1307086621 48
1307086681 47
1307086741 50
1307086801 48
1307086862 47
1307086921 45
1307086981 45
1307087041 46
1307087101 43
1307087161 45
1307087221 45
1307087281 43
1307087341 43
1307087401 42
1307087461 42
1307087521 42
1307087581 42
1307087641 41
1307087702 43
1307087761 40
1307087821 41
1307087881 40
1307087941 38
1307088001 38
1307088061 38
1307088121 37
1307088181 36
1307088241 36
1307088301 32
1307088362 32
1307088421 33
1307088481 32
1307088541 29
1307088601 32
1307088661 31
1307088721 30
1307088781 26
1307088841 25
1307088901 24
1307088961 23
1307089022 22
1307089082 22
1307089141 20
1307089201 21
1307089261 21
1307089321 20
1307089381 20
1307089441 20
1307089501 19
1307089561 18
1307089621 17
1307089681 18
1307089741 18
1307089802 17
1307089861 19
1307089921 19
1307089981 18
1307090041 18
1307090101 19
1307090161 18
1307090221 20
1307090281 19
1307090341 19
1307090401 17
1307090462 16
1307090521 17
1307090581 17
1307090641 15
1307090701 14
1307090761 14
1307090821 13
1307090881 15
1307090941 15
1307091001 12
1307091062 13
1307091121 12
1307091181 14
1307091241 14
1307091301 15
1307091361 14
1307091421 15
1307091481 13
1307091541 14
1307091601 14
1307091661 11
1307091721 13
1307091781 13
1307091841 13
1307091901 13
1307091961 13
1307092021 12
1307092081 13
1307092141 14
1307092201 15
1307092261 14
1307092321 12
1307092382 12
1307092441 10
1307092501 11
1307092561 11
1307092621 10
1307092681 10
1307092741 11
1307092801 10
1307092861 10
1307092921 9
1307092981 8
1307093041 9
1307093102 8
1307093161 10
1307093221 11
1307093281 10
1307093341 8
1307093401 10
1307093461 10
1307093521 10
1307093581 10
1307093641 10
1307093701 10
1307093761 10
1307093821 9
1307093882 10
1307093942 9
1307094001 8
1307094061 9
1307094121 9
1307094181 9
1307094241 9
1307094301 8
1307094361 8
1307094421 9
1307094481 9
1307094541 8
1307094602 9
1307094662 9
1307094721 9
1307094781 9
1307094841 9
1307094901 9
1307094961 8
1307095021 9
1307095081 8
1307095141 8
1307095201 8
1307095261 7
1307095321 8
1307095381 8
1307095441 8
1307095501 8
1307095561 9
1307095621 8
1307095681 9
1307095741 9
1307095801 9
1307095861 8
1307095921 9
1307095981 9
1307096041 9
1307096101 9
1307096162 7
1307096221 8
1307096281 7
1307096341 7
1307096401 8
1307096461 9
1307096521 6
1307096581 9
1307096641 10
1307096701 10
1307096761 10
1307096821 10
1307096881 11
1307096941 10
1307097001 10
1307097061 11
1307097121 11
1307097181 10
1307097241 11
1307097301 10
1307097361 11
1307097421 11
1307097481 11
1307097541 11
1307097601 9
1307097662 9
1307097721 11
1307097781 12
1307097841 11
1307097901 12
1307097961 11
1307098021 10
1307098081 10
1307098141 11
1307098201 11
1307098261 12
1307098321 10
1307098382 11
1307098442 13
1307098501 12
1307098561 14
1307098621 14
1307098681 14
1307098741 13
1307098801 14
1307098861 12
1307098921 15
1307098981 14
1307099041 15
1307099102 14
1307099161 15
1307099221 15
1307099281 15
1307099341 15
1307099401 15
1307099461 15
1307099521 15
1307099581 16
1307099641 15
1307099701 17
1307099761 15
1307099822 16
1307099881 16
1307099941 15
1307100001 16
1307100061 16
1307100121 14
1307100181 16
1307100241 14
1307100301 16
1307100361 17
1307100421 16
1307100481 17
1307100542 18
1307100601 17
1307100661 18
1307100721 17
1307100781 15
1307100841 18
1307100901 17
1307100961 17
1307101021 18
1307101081 17
1307101141 18
1307101201 17
1307101261 17
1307101322 17
1307101381 17
1307101441 14
1307101501 15
1307101561 14
1307101621 15
1307101681 15
1307101741 14
1307101801 15
1307101861 14
1307101921 15
1307101981 14
1307102041 12
1307102102 12
1307102161 15
1307102221 15
1307102281 16
1307102341 15
1307102401 16
1307102461 17
1307102521 17
1307102581 17
1307102641 17
1307102701 15
1307102761 17
1307102821 17
1307102882 17
1307102941 17
1307103001 15
1307103061 17
1307103121 16
1307103181 17
1307103241 16
1307103301 16
1307103361 13
1307103421 15
1307103481 15
1307103541 18
1307103602 18
1307103661 19
1307103721 20
1307103781 21
1307103841 23
1307103901 23
1307103961 23
1307104021 21
1307104081 21
1307104141 20
1307104201 21
1307104262 19
1307104321 19
1307104381 18
1307104441 17
1307104501 17
1307104561 17
1307104621 15
1307104681 17
1307104741 17
1307104801 16
1307104861 15
1307104921 15
1307104982 15
1307105041 15
1307105101 15
1307105161 16
1307105221 17
1307105281 16
1307105341 16
1307105401 15
1307105461 16
1307105521 18
1307105581 18
1307105642 18
1307105701 18
1307105761 17
1307105821 18
1307105881 16
1307105941 17
1307106001 17
1307106061 16
1307106121 16
1307106181 15
1307106241 15
1307106302 14
1307106361 14
1307106421 13
1307106481 15
1307106541 13
1307106601 13
1307106661 13
1307106721 13
1307106781 13
1307106841 13
1307106901 13
1307106961 12
1307107022 12
1307107081 13
1307107141 13
1307107201 13
1307107261 13
1307107321 11
1307107381 11
1307107441 12
1307107501 12
1307107561 12
1307107621 11
1307107681 10
1307107741 10
1307107802 12
1307107861 12
1307107921 11
1307107981 11
1307108041 10
1307108101 11
1307108161 11
1307108221 11
1307108281 10
1307108341 10
1307108401 11
1307108462 12
1307108521 12
1307108581 12
1307108641 13
1307108701 13
1307108761 14
1307108821 13
1307108881 13
1307108941 12
1307109001 12
1307109061 13
1307109122 13
1307109181 12
1307109241 13
1307109301 13
1307109361 13
1307109421 13
1307109481 12
1307109541 12
1307109601 13
1307109661 13
1307109721 14
1307109782 14
1307109842 13
1307109901 14
1307109961 14
1307110021 14
1307110081 15
1307110141 14
1307110201 13
1307110261 15
1307110321 17
1307110381 17
1307110442 17
1307110502 17
1307110561 17
1307110621 16
1307110681 16
1307110741 17
1307110801 16
1307110861 14
1307110921 12
1307110981 13
1307111041 11
1307111101 12
1307111162 11
1307111221 12
1307111281 12
1307111341 12
1307111401 12
1307111461 12
1307111521 11
1307111581 11
1307111641 12
1307111701 11
1307111761 12
1307111821 11
1307111882 11
1307111941 11
1307112001 12
1307112061 11
1307112121 12
1307112181 11
1307112241 11
1307112301 11
1307112361 12
1307112421 12
1307112481 11
1307112541 10
1307112602 8
1307112661 11
1307112721 9
1307112781 10
1307112841 10
1307112901 9
1307112961 10
1307113021 12
1307113081 13
1307113141 13
1307113201 13
1307113262 11
1307113321 14
1307113381 14
1307113441 14
1307113501 14
1307113561 12
1307113621 12
1307113681 12
1307113741 12
1307113801 11
1307113861 13
1307113921 11
1307113982 13
1307114042 12
1307114101 14
1307114161 13
1307114221 12
1307114281 14
1307114341 14
1307114401 14
1307114461 11
1307114521 12
1307114581 10
1307114641 12
1307114701 12
1307114762 12
1307114821 11
1307114881 10
1307114941 11
1307115001 12
1307115061 12
1307115121 11
1307115181 11
1307115241 11
1307115301 10
1307115361 11
1307115421 13
1307115481 14
1307115542 13
1307115601 13
1307115661 14
1307115721 14
1307115781 13
1307115841 13
1307115901 13
1307115961 12
1307116021 12
1307116081 11
1307116141 9
1307116202 10
1307116261 11
1307116321 11
1307116381 12
1307116441 11
1307116501 12
1307116561 12
1307116621 12
1307116681 12
1307116741 12
1307116801 11
