1310918462 20
1310918521 20
1310918581 18
1310918641 15
1310918701 17
1310918761 16
1310918821 16
1310918881 17
1310918941 17
1310919002 16
1310919062 16
1310919121 16
1310919181 16
1310919241 16
1310919301 14
1310919361 14
1310919421 14
1310919481 15
1310919541 15
1310919601 15
1310919662 16
1310919721 15
1310919781 16
1310919841 16
1310919901 15
1310919961 15
1310920021 15
1310920081 15
1310920141 15
1310920201 15
1310920261 14
1310920322 15
1310920381 15
1310920441 15
1310920501 15
1310920561 14
1310920621 11
1310920681 12
1310920741 13
1310920801 12
1310920861 12
1310920922 13
1310920982 12
1310921041 14
1310921101 14
1310921161 13
1310921221 13
1310921281 12
1310921341 13
1310921401 14
1310921461 13
1310921521 14
1310921582 14
1310921641 12
1310921701 14
1310921761 14
1310921821 12
1310921881 14
1310921941 13
1310922001 11
1310922061 14
1310922121 12
1310922181 14
1310922241 14
1310922301 12
1310922361 15
1310922421 15
1310922481 11
1310922541 16
1310922601 15
1310922661 14
1310922721 16
1310922781 15
1310922842 16
1310922901 16
1310922961 14
1310923021 15
1310923081 15
1310923141 10
1310923201 13
1310923262 12
1310923321 12
1310923381 13
1310923441 12
1310923501 12
1310923561 11
1310923621 11
1310923681 11
1310923741 10
1310923801 10
1310923861 12
1310923921 10
1310923981 8
1310924041 10
1310924101 10
1310924161 10
1310924221 10
1310924281 10
1310924341 10
1310924401 9
1310924462 9
1310924521 11
1310924581 10
1310924641 10
1310924701 12
1310924761 12
1310924821 11
1310924881 11
1310924941 11
1310925001 10
1310925061 10
1310925121 9
1310925181 11
1310925241 9
1310925301 10
1310925361 9
1310925421 10
1310925481 10
1310925541 10
1310925601 9
1310925661 7
1310925721 11
1310925782 10
1310925842 11
1310925901 9
1310925961 11
1310926021 10
1310926081 11
1310926141 12
1310926201 12
1310926261 11
1310926321 10
1310926382 9
1310926441 9
1310926501 9
1310926561 8
1310926621 8
1310926681 9
1310926741 8
1310926801 8
1310926861 8
1310926921 7
1310926982 6
1310927041 6
1310927101 7
1310927161 7
1310927221 6
1310927281 6
1310927341 7
1310927401 7
1310927461 7
1310927521 6
1310927581 7
1310927641 6
1310927702 6
1310927761 6
1310927821 6
1310927881 4
1310927941 5
1310928001 6
1310928061 6
1310928121 6
1310928181 5
1310928241 6
1310928302 5
1310928361 6
1310928421 6
1310928481 7
1310928541 5
1310928601 6
1310928661 7
1310928721 7
1310928782 7
1310928841 6
1310928901 7
1310928961 6
1310929021 7
1310929081 6
1310929141 6
1310929201 4
1310929261 6
1310929322 7
1310929381 9
1310929441 9
1310929501 9
1310929561 8
1310929621 8
1310929681 9
1310929741 9
1310929801 9
1310929862 7
1310929921 7
1310929981 7
1310930041 6
1310930101 7
1310930161 7
1310930221 6
1310930281 6
1310930341 7
1310930402 7
1310930461 7
1310930521 6
1310930581 6
1310930641 7
1310930701 6
1310930761 6
1310930821 6
1310930881 5
1310930941 5
1310931002 6
1310931061 6
1310931121 6
1310931181 6
1310931241 6
1310931301 6
1310931361 6
1310931421 6
1310931481 6
1310931542 5
1310931601 5
1310931661 6
1310931721 5
1310931781 6
1310931841 5
1310931901 6
1310931961 6
1310932021 6
1310932082 6
1310932141 6
1310932201 5
1310932261 6
1310932321 7
1310932381 5
1310932441 7
1310932501 6
1310932561 6
1310932622 6
1310932681 6
1310932741 6
1310932801 6
1310932861 5
1310932921 5
1310932981 6
1310933041 4
1310933101 6
1310933162 5
1310933221 6
1310933281 6
1310933341 6
1310933401 6
1310933461 6
1310933521 4
1310933581 5
1310933641 6
1310933702 4
1310933761 6
1310933821 5
1310933881 6
1310933941 6
1310934001 6
1310934061 6
1310934121 6
1310934181 5
1310934241 5
1310934302 6
1310934361 4
1310934421 6
1310934481 5
1310934541 6
1310934601 6
1310934661 6
1310934721 6
1310934781 6
1310934841 5
1310934902 6
1310934961 6
1310935021 5
1310935081 6
1310935141 5
1310935201 6
1310935261 6
1310935321 6
1310935381 6
1310935442 6
1310935501 5
1310935561 6
1310935621 6
1310935681 4
1310935741 6
1310935801 6
1310935861 6
1310935921 6
1310935981 6
1310936042 6
1310936101 4
1310936161 5
1310936221 6
1310936281 6
1310936341 5
1310936401 6
1310936461 5
1310936521 6
1310936581 6
1310936642 6
1310936701 6
1310936761 6
1310936821 5
1310936881 6
1310936941 5
1310937001 5
1310937061 6
1310937121 5
1310937181 6
1310937242 6
1310937301 6
1310937361 5
1310937421 6
1310937481 5
1310937541 6
1310937601 5
1310937661 5
1310937721 6
1310937781 5
1310937842 6
1310937901 6
1310937961 6
1310938021 5
1310938081 6
1310938141 5
1310938201 6
1310938261 5
1310938321 6
1310938382 7
1310938442 7
1310938501 6
1310938561 7
1310938621 7
1310938681 6
1310938741 7
1310938801 6
1310938861 7
1310938921 6
1310938981 7
1310939042 6
1310939101 6
1310939161 5
1310939221 6
1310939281 6
1310939341 5
1310939401 6
1310939461 5
1310939521 6
1310939582 5
1310939641 6
1310939701 6
1310939761 6
1310939821 5
1310939881 6
1310939941 6
1310940001 5
1310940061 6
1310940121 4
1310940181 5
1310940242 5
1310940301 6
1310940361 6
1310940421 6
1310940481 4
1310940541 6
1310940601 6
1310940661 5
1310940721 6
1310940781 5
1310940842 5
1310940901 5
1310940961 6
1310941021 6
1310941081 6
1310941141 5
1310941201 6
1310941261 7
1310941321 6
1310941381 7
1310941442 6
1310941501 6
1310941561 6
1310941621 7
1310941681 7
1310941741 7
1310941801 5
1310941861 6
1310941921 6
1310941981 6
1310942042 7
1310942101 7
1310942161 7
1310942221 7
1310942281 7
1310942341 7
1310942401 7
1310942461 6
1310942521 7
1310942582 7
1310942641 7
1310942701 6
1310942761 6
1310942821 6
1310942881 6
1310942942 6
1310943001 6
1310943061 5
1310943121 5
1310943181 6
1310943241 4
1310943301 6
1310943361 6
1310943421 6
1310943481 7
1310943542 7
1310943601 7
1310943661 7
1310943721 7
1310943781 6
1310943841 7
1310943901 5
1310943961 6
1310944021 7
1310944081 6
1310944142 7
1310944201 7
1310944261 7
1310944321 7
1310944381 7
1310944441 7
1310944501 7
1310944561 6
1310944621 5
1310944681 6
1310944742 5
1310944801 6
1310944861 6
1310944921 5
1310944981 6
1310945041 6
1310945101 6
1310945161 6
1310945221 7
1310945282 6
1310945341 8
1310945401 8
1310945461 9
1310945521 9
1310945581 10
1310945641 11
1310945701 12
1310945761 12
1310945822 10
1310945881 13
1310945941 12
1310946001 13
1310946061 12
1310946121 14
1310946181 14
1310946241 15
1310946301 15
1310946361 16
1310946422 16
1310946481 15
1310946541 16
1310946601 16
1310946661 18
1310946721 17
1310946781 19
1310946841 18
1310946901 20
1310946962 19
1310947021 19
1310947081 20
1310947141 21
1310947201 22
1310947261 22
1310947321 24
1310947381 23
1310947442 24
1310947501 22
1310947561 23
1310947621 23
1310947681 22
1310947741 22
1310947801 22
1310947861 21
1310947922 20
1310947981 22
1310948041 20
1310948101 25
1310948161 28
1310948221 28
1310948281 30
1310948341 31
1310948402 35
1310948461 36
1310948521 37
1310948581 36
1310948641 35
1310948701 34
1310948761 34
1310948822 35
1310948881 35
1310948941 36
1310949001 36
1310949061 38
1310949121 37
1310949181 37
1310949241 39
1310949301 38
1310949361 38
1310949422 36
1310949481 35
1310949541 37
1310949601 34
1310949661 35
1310949721 37
1310949781 38
1310949841 39
1310949902 39
1310949961 37
1310950021 42
1310950081 41
1310950141 41
1310950201 40
1310950261 41
1310950321 41
1310950382 44
1310950441 45
1310950501 46
1310950561 46
1310950621 46
1310950681 45
1310950741 47
1310950801 46
1310950862 45
1310950921 45
1310950981 46
1310951041 47
1310951101 52
1310951161 53
1310951221 54
1310951281 59
1310951342 57
1310951401 59
1310951461 60
1310951521 60
1310951581 61
1310951641 60
1310951701 56
1310951761 57
1310951821 58
1310951882 59
1310951941 62
1310952001 64
1310952061 65
1310952121 66
1310952181 64
1310952241 64
1310952302 64
1310952362 67
1310952421 69
1310952481 68
1310952541 71
1310952601 72
1310952661 80
1310952721 81
1310952782 82
1310952842 81
1310952901 86
1310952961 89
1310953021 90
1310953081 92
1310953141 85
1310953201 89
1310953261 87
1310953322 87
1310953381 87
1310953441 88
1310953501 90
1310953561 88
1310953621 87
1310953681 87
1310953741 91
1310953802 90
1310953862 96
1310953921 97
1310953981 98
1310954041 100
1310954101 98
1310954161 102
1310954221 102
1310954281 102
1310954342 98
1310954401 100
1310954461 93
1310954521 93
1310954581 94
1310954641 92
1310954701 93
1310954761 98
1310954821 98
1310954882 98
1310954941 100
1310955001 95
1310955061 99
1310955121 101
1310955181 98
1310955241 102
1310955301 102
1310955361 98
1310955422 95
1310955481 97
1310955541 95
1310955601 95
1310955661 89
1310955721 93
1310955782 98
1310955841 97
1310955901 96
1310955961 98
1310956021 104
1310956081 102
1310956141 101
1310956201 103
1310956262 105
1310956321 107
1310956381 104
1310956441 109
1310956501 111
1310956561 109
1310956621 109
1310956681 107
1310956741 110
1310956801 109
1310956861 110
1310956921 107
1310956981 111
1310957041 109
1310957101 105
1310957161 106
1310957221 105
1310957282 106
1310957341 106
1310957401 105
1310957461 103
1310957521 101
1310957581 101
1310957641 101
1310957702 102
1310957761 98
1310957821 100
1310957881 96
1310957941 98
1310958001 97
1310958061 96
1310958121 97
1310958182 97
1310958241 101
1310958301 99
1310958361 102
1310958421 101
1310958481 102
1310958541 98
1310958601 97
1310958662 97
1310958721 98
1310958781 101
1310958841 101
1310958901 101
1310958961 98
1310959021 103
1310959081 105
1310959141 104
1310959201 105
1310959261 107
1310959321 105
1310959381 105
1310959441 99
1310959501 101
1310959561 107
1310959621 104
1310959682 109
1310959741 106
1310959801 106
1310959861 104
1310959921 101
1310959981 98
1310960041 97
1310960102 100
1310960162 98
1310960221 97
1310960281 96
1310960341 99
1310960401 100
1310960461 101
1310960521 101
1310960581 98
1310960642 96
1310960701 97
1310960761 97
1310960821 100
1310960881 91
1310960941 91
1310961001 90
1310961061 90
1310961122 90
1310961181 89
1310961241 88
1310961301 86
1310961361 87
1310961421 85
1310961481 85
1310961541 86
1310961601 87
1310961662 87
1310961721 85
1310961781 86
1310961841 85
1310961901 85
1310961961 85
1310962021 85
1310962081 86
1310962142 88
1310962201 84
1310962261 83
1310962321 85
1310962381 84
1310962441 85
1310962501 80
1310962561 73
1310962621 73
1310962681 70
1310962742 70
1310962801 72
1310962861 70
1310962921 71
1310962981 67
1310963041 69
1310963101 66
1310963161 67
1310963222 68
1310963281 73
1310963341 70
1310963401 71
1310963461 71
1310963521 69
1310963581 71
1310963641 71
1310963701 70
1310963762 71
1310963821 69
1310963881 69
1310963941 71
1310964001 70
1310964061 71
1310964121 68
1310964181 71
1310964241 70
1310964302 65
1310964361 68
1310964421 66
1310964481 65
1310964541 68
1310964601 68
1310964661 71
1310964721 73
1310964781 72
1310964842 73
1310964901 72
1310964961 72
1310965021 70
1310965081 73
1310965141 69
1310965201 70
1310965261 70
1310965321 70
1310965382 67
1310965441 69
1310965501 69
1310965561 66
1310965621 69
1310965681 68
1310965741 67
1310965801 70
1310965861 69
1310965921 70
1310965982 70
1310966041 71
1310966101 72
1310966161 70
1310966221 73
1310966281 75
1310966341 77
1310966401 78
1310966461 79
1310966522 77
1310966582 79
1310966641 82
1310966701 82
1310966761 84
1310966821 81
1310966881 77
1310966941 79
1310967002 76
1310967061 78
1310967121 83
1310967181 85
1310967241 82
1310967301 83
1310967361 84
1310967421 87
1310967482 85
1310967541 81
1310967601 81
1310967661 83
1310967721 82
1310967781 80
1310967841 83
1310967901 86
1310967962 84
1310968021 86
1310968081 87
1310968141 86
1310968201 92
1310968261 91
1310968321 91
1310968381 93
1310968441 95
1310968501 96
1310968561 93
1310968621 92
1310968681 96
1310968741 98
1310968801 95
1310968861 95
1310968922 93
1310968981 92
1310969041 89
1310969101 90
1310969161 93
1310969221 89
1310969281 90
1310969341 88
1310969401 90
1310969462 92
1310969521 95
1310969581 95
1310969641 94
1310969701 94
1310969761 93
1310969821 96
1310969881 99
1310969941 101
1310970002 103
1310970062 95
1310970121 99
1310970181 96
1310970241 97
1310970301 97
1310970361 100
1310970421 102
1310970481 102
1310970542 100
1310970601 99
1310970661 100
1310970721 97
1310970781 98
1310970841 96
1310970901 97
1310970961 97
1310971022 91
1310971081 92
1310971141 93
1310971201 93
1310971261 98
1310971321 98
1310971381 100
1310971441 98
1310971502 102
1310971561 101
1310971621 102
1310971681 100
1310971741 100
1310971801 97
1310971861 99
1310971921 99
1310971981 98
1310972042 100
1310972101 97
1310972161 97
1310972221 99
1310972281 100
1310972341 96
1310972401 102
1310972461 99
1310972522 97
1310972582 100
1310972641 101
1310972701 102
1310972761 100
1310972821 103
1310972881 102
1310972941 102
1310973001 98
1310973061 102
1310973122 103
1310973181 101
1310973241 100
1310973301 103
1310973361 102
1310973421 102
1310973481 101
1310973541 104
1310973602 102
1310973661 103
1310973721 106
1310973781 103
1310973841 103
1310973901 101
1310973961 103
1310974021 104
1310974082 104
1310974141 104
1310974201 103
1310974261 102
1310974321 103
1310974381 103
1310974441 102
1310974502 105
1310974563 110
1310974621 107
1310974681 109
1310974741 109
1310974801 110
1310974861 109
1310974921 112
1310974981 116
1310975041 116
1310975101 116
1310975161 109
1310975222 108
1310975281 103
1310975341 104
1310975401 103
1310975461 101
1310975521 101
1310975581 100
1310975641 100
1310975702 97
1310975762 98
1310975821 98
1310975881 99
1310975941 97
1310976001 99
1310976061 100
1310976121 94
1310976181 95
1310976241 97
1310976301 97
1310976362 95
1310976421 93
1310976481 91
1310976541 90
1310976601 88
1310976661 88
1310976721 89
1310976781 91
1310976841 89
1310976901 84
1310976961 87
1310977021 85
1310977081 86
1310977141 88
1310977201 88
1310977261 86
1310977322 85
1310977381 83
1310977441 82
1310977501 81
1310977561 82
1310977621 83
1310977681 78
1310977741 80
1310977801 78
1310977862 77
1310977921 72
1310977981 71
1310978041 71
1310978101 73
1310978161 79
1310978221 80
1310978281 79
1310978342 77
1310978401 80
1310978461 80
1310978521 80
1310978581 80
1310978641 78
1310978701 77
1310978761 72
1310978822 72
1310978881 73
1310978941 71
1310979001 69
1310979061 67
1310979121 70
1310979181 69
1310979241 70
1310979301 68
1310979361 66
1310979422 65
1310979481 65
1310979541 64
1310979601 63
1310979661 59
1310979721 62
1310979781 62
1310979841 62
1310979901 62
1310979961 62
1310980022 61
1310980081 63
1310980141 62
1310980201 64
1310980261 64
1310980321 61
1310980381 60
1310980441 60
1310980501 62
1310980561 60
1310980622 60
1310980681 60
1310980741 63
1310980801 61
1310980861 62
1310980921 58
1310980981 60
1310981041 56
1310981102 56
1310981161 57
1310981221 58
1310981281 56
1310981341 59
1310981401 60
1310981461 59
1310981521 60
1310981581 57
1310981641 60
1310981702 59
1310981761 58
1310981821 58
1310981881 56
1310981941 56
1310982001 59
1310982061 58
1310982121 57
1310982181 59
1310982241 56
1310982302 58
1310982361 57
1310982421 55
1310982481 56
1310982541 54
1310982601 54
1310982661 54
1310982721 54
1310982781 56
1310982841 55
1310982902 54
1310982961 53
1310983021 53
1310983081 54
1310983141 54
1310983201 51
1310983261 55
1310983321 54
1310983381 52
1310983441 54
1310983502 50
1310983561 50
1310983621 51
1310983681 50
1310983741 49
1310983801 49
1310983861 52
1310983921 53
1310983981 52
1310984041 54
1310984102 53
1310984161 53
1310984221 52
1310984281 50
1310984341 51
1310984401 51
1310984461 49
1310984521 50
1310984581 52
1310984641 52
1310984701 53
1310984761 51
1310984821 52
1310984881 52
1310984941 51
1310985001 52
1310985061 51
1310985121 51
1310985181 52
1310985242 53
1310985301 53
1310985361 52
1310985421 51
1310985481 51
1310985541 52
1310985601 50
1310985661 53
1310985721 52
1310985782 51
1310985841 51
1310985901 54
1310985961 56
1310986021 55
1310986081 55
1310986141 53
1310986201 49
1310986262 49
1310986321 47
1310986381 49
1310986441 48
1310986501 49
1310986561 48
1310986621 51
1310986681 50
1310986741 50
1310986802 51
1310986861 47
1310986921 54
1310986981 52
1310987041 52
1310987101 52
1310987161 53
1310987221 54
1310987282 52
1310987341 51
1310987401 53
1310987461 51
1310987521 48
1310987581 48
1310987641 47
1310987701 49
1310987761 51
1310987821 52
1310987881 54
1310987941 55
1310988001 51
1310988061 54
1310988121 53
1310988182 53
1310988241 56
1310988301 58
1310988361 56
1310988421 55
1310988481 55
1310988541 58
1310988601 60
1310988661 59
1310988721 59
1310988781 62
1310988841 58
1310988901 60
1310988961 61
1310989021 60
1310989081 59
1310989142 60
1310989201 62
1310989261 63
1310989321 63
1310989381 63
1310989441 61
1310989501 62
1310989561 61
1310989621 63
1310989682 65
1310989741 66
1310989801 65
1310989861 64
1310989921 64
1310989981 63
1310990041 64
1310990101 57
1310990161 62
1310990221 58
1310990282 58
1310990341 60
1310990401 59
1310990461 60
1310990521 58
1310990581 60
1310990641 61
1310990701 61
1310990761 62
1310990821 66
1310990881 68
1310990941 72
1310991001 74
1310991061 73
1310991121 73
1310991181 70
1310991241 70
1310991301 68
1310991362 68
1310991421 67
1310991481 66
1310991541 60
1310991601 62
1310991661 61
1310991721 62
1310991781 60
1310991841 59
1310991902 59
1310991961 60
1310992021 60
1310992081 59
1310992141 60
1310992201 60
1310992261 61
1310992321 62
1310992381 63
1310992441 63
1310992502 61
1310992561 62
1310992621 63
1310992681 65
1310992741 66
1310992801 65
1310992861 62
1310992921 66
1310992982 66
1310993042 66
1310993101 66
1310993161 64
1310993221 66
1310993281 64
1310993341 63
1310993401 63
1310993461 69
1310993521 69
1310993582 69
1310993641 72
1310993701 71
1310993761 70
1310993821 69
1310993881 66
1310993941 65
1310994001 65
1310994061 61
1310994122 61
1310994181 58
1310994241 55
1310994301 55
1310994361 59
1310994421 62
1310994481 63
1310994541 62
1310994601 66
1310994661 68
1310994721 68
1310994781 71
1310994841 70
1310994901 72
1310994961 68
1310995021 68
1310995081 64
1310995141 63
1310995202 61
1310995261 61
1310995321 62
1310995381 58
1310995441 59
1310995501 59
1310995561 57
1310995621 55
1310995682 57
1310995741 58
1310995801 54
1310995861 56
1310995921 56
1310995981 54
1310996041 53
1310996101 52
1310996161 50
1310996221 52
1310996282 50
1310996341 50
1310996401 52
1310996461 52
1310996521 51
1310996581 54
1310996641 58
1310996701 59
1310996761 59
1310996822 55
1310996881 58
1310996941 58
1310997001 58
1310997061 57
1310997121 57
1310997181 57
1310997241 56
1310997301 56
1310997361 59
1310997421 61
1310997481 60
1310997541 60
1310997601 56
1310997661 57
1310997721 55
1310997781 56
1310997841 56
1310997902 55
1310997961 54
1310998021 52
1310998081 54
1310998141 53
1310998201 54
1310998261 55
1310998321 54
1310998381 54
1310998441 53
1310998502 54
1310998561 54
1310998621 56
1310998681 56
1310998741 58
1310998801 56
1310998861 57
1310998921 58
1310998981 56
1310999041 58
1310999101 59
1310999161 58
1310999221 55
1310999281 53
1310999341 52
1310999401 53
1310999462 50
1310999521 53
1310999581 49
1310999641 50
1310999701 49
1310999761 55
1310999821 53
1310999881 55
1310999941 53
1311000002 55
1311000061 53
1311000121 50
1311000181 53
1311000241 48
1311000301 50
1311000361 46
1311000421 47
1311000482 45
1311000541 48
1311000601 48
1311000661 49
1311000721 50
1311000781 48
1311000841 50
1311000901 47
1311000961 50
1311001021 51
1311001082 50
1311001141 46
1311001201 43
1311001261 43
1311001321 44
1311001381 44
1311001441 43
1311001501 43
1311001561 45
1311001621 44
1311001681 42
1311001742 44
1311001801 44
1311001861 43
1311001921 40
1311001981 41
1311002041 43
1311002101 41
1311002161 38
1311002221 35
1311002282 37
1311002341 37
1311002401 36
1311002461 35
1311002521 37
1311002581 37
1311002641 34
1311002701 36
1311002761 36
1311002822 37
1311002881 39
1311002941 40
1311003001 40
1311003061 41
1311003121 40
1311003181 39
1311003241 40
1311003301 41
1311003362 40
1311003422 37
1311003481 37
1311003541 32
1311003601 36
1311003661 35
1311003721 34
1311003781 32
1311003841 32
1311003901 32
1311003962 30
1311004021 31
1311004081 27
1311004141 29
1311004201 28
1311004261 31
1311004321 30
1311004381 31
1311004441 30
1311004502 30
1311004561 29
1311004621 30
1311004681 31
1311004741 28
1311004801 28
