1314806462 41
1314806521 42
1314806581 42
1314806641 43
1314806701 41
1314806761 37
1314806821 38
1314806881 38
1314806941 38
1314807002 32
1314807062 36
1314807121 32
1314807181 34
1314807241 35
1314807301 34
1314807361 34
1314807421 32
1314807481 30
1314807541 29
1314807601 30
1314807661 27
1314807722 29
1314807782 28
1314807841 28
1314807901 29
1314807961 30
1314808021 30
1314808081 28
1314808141 29
1314808201 26
1314808261 27
1314808321 28
1314808381 26
1314808441 25
1314808501 28
1314808562 29
1314808622 29
1314808681 29
1314808741 27
1314808801 30
1314808861 28
1314808921 28
1314808981 28
1314809041 25
1314809102 25
1314809162 26
1314809221 27
1314809281 28
1314809341 29
1314809401 28
1314809461 28
1314809521 24
1314809581 26
1314809641 27
1314809702 23
1314809761 21
1314809821 21
1314809881 23
1314809941 24
1314810001 24
1314810061 24
1314810122 23
1314810181 23
1314810241 23
1314810301 24
1314810361 24
1314810421 22
1314810481 21
1314810541 22
1314810602 23
1314810662 24
1314810721 23
1314810781 22
1314810841 22
1314810901 25
1314810961 25
1314811021 25
1314811081 22
1314811141 22
1314811202 21
1314811261 24
1314811321 25
1314811381 23
1314811441 23
1314811501 21
1314811561 25
1314811621 25
1314811681 25
1314811741 23
1314811802 24
1314811861 22
1314811921 25
1314811981 25
1314812041 24
1314812101 24
1314812161 21
1314812221 23
1314812281 23
1314812341 23
1314812402 21
1314812461 21
1314812521 20
1314812581 22
1314812641 21
1314812701 20
1314812761 20
1314812821 19
1314812881 21
1314812941 20
1314813002 21
1314813062 20
1314813121 19
1314813181 19
1314813241 20
1314813301 19
1314813361 17
1314813421 19
1314813481 19
1314813541 20
1314813601 18
1314813661 18
1314813721 19
1314813781 17
1314813841 16
1314813902 18
1314813961 17
1314814021 16
1314814081 16
1314814141 16
1314814201 17
1314814261 16
1314814321 14
1314814381 17
1314814441 16
1314814502 15
1314814561 16
1314814621 16
1314814681 14
1314814741 15
1314814801 16
1314814861 16
1314814921 15
1314814981 13
1314815041 17
1314815101 17
1314815162 17
1314815221 16
1314815281 17
1314815341 16
1314815401 18
1314815461 18
1314815521 17
1314815581 16
1314815641 15
1314815702 16
1314815761 17
1314815821 17
1314815881 16
1314815941 17
1314816001 13
1314816061 17
1314816121 17
1314816181 16
1314816242 16
1314816301 16
1314816361 15
1314816421 17
1314816481 17
1314816541 14
1314816601 16
1314816661 14
1314816721 16
1314816782 16
1314816842 16
1314816901 15
1314816961 15
1314817021 15
1314817081 15
1314817141 16
1314817201 14
1314817261 15
1314817321 13
1314817381 16
1314817442 15
1314817501 16
1314817561 16
1314817621 15
1314817681 15
1314817741 16
1314817801 16
1314817861 14
1314817921 15
1314817982 14
1314818042 15
1314818101 16
1314818161 16
1314818221 16
1314818281 15
1314818341 15
1314818401 16
1314818461 16
1314818521 15
1314818581 15
1314818642 15
1314818701 14
1314818761 16
1314818821 15
1314818881 16
1314818941 15
1314819001 15
1314819061 16
1314819121 16
1314819181 15
1314819242 14
1314819302 14
1314819361 15
1314819421 16
1314819481 16
1314819541 15
1314819601 16
1314819661 16
1314819721 17
1314819781 16
1314819842 16
1314819901 15
1314819961 15
1314820021 17
1314820081 15
1314820141 17
1314820201 17
1314820261 16
1314820321 16
1314820381 16
1314820442 16
1314820501 16
1314820561 15
1314820621 15
1314820681 17
1314820741 17
1314820801 17
1314820861 17
1314820921 16
1314820981 16
1314821042 16
1314821101 16
1314821161 15
1314821221 15
1314821281 15
1314821341 16
1314821401 16
1314821461 17
1314821521 17
1314821581 16
1314821641 16
1314821702 16
1314821761 16
1314821821 16
1314821881 14
1314821941 15
1314822001 17
1314822061 16
1314822121 17
1314822181 17
1314822241 16
1314822302 16
1314822361 17
1314822421 16
1314822481 16
1314822541 13
1314822601 14
1314822661 17
1314822721 16
1314822781 17
1314822841 17
1314822901 16
1314822962 15
1314823022 17
1314823081 16
1314823141 16
1314823201 14
1314823261 16
1314823321 17
1314823381 17
1314823441 17
1314823501 17
1314823562 16
1314823622 15
1314823681 17
1314823741 16
1314823801 16
1314823861 15
1314823921 16
1314823981 16
1314824041 17
1314824101 17
1314824161 16
1314824222 16
1314824281 15
1314824341 16
1314824401 16
1314824461 14
1314824521 14
1314824581 16
1314824641 16
1314824701 17
1314824762 18
1314824821 19
1314824881 18
1314824941 18
1314825001 18
1314825061 18
1314825121 19
1314825181 17
1314825241 18
1314825302 18
1314825361 18
1314825421 18
1314825481 18
1314825541 16
1314825601 17
1314825661 17
1314825721 16
1314825781 17
1314825841 16
1314825902 18
1314825961 17
1314826021 18
1314826081 18
1314826141 18
1314826201 16
1314826261 17
1314826321 16
1314826381 15
1314826441 17
1314826502 15
1314826561 18
1314826621 15
1314826681 18
1314826741 18
1314826801 17
1314826861 14
1314826921 15
1314826981 15
1314827041 15
1314827102 17
1314827161 15
1314827221 18
1314827281 16
1314827341 18
1314827401 19
1314827461 20
1314827521 18
1314827581 18
1314827641 17
1314827701 18
1314827762 19
1314827821 19
1314827881 20
1314827941 21
1314828001 21
1314828061 21
1314828121 21
1314828181 19
1314828241 20
1314828302 20
1314828361 21
1314828422 19
1314828481 20
1314828541 18
1314828601 18
1314828661 17
1314828721 17
1314828781 17
1314828841 15
1314828901 14
1314828962 16
1314829022 14
1314829081 12
1314829141 14
1314829201 14
1314829261 16
1314829321 15
1314829381 15
1314829441 15
1314829502 12
1314829562 13
1314829621 17
1314829681 16
1314829741 14
1314829801 17
1314829861 16
1314829921 17
1314829981 18
1314830041 17
1314830101 17
1314830161 12
1314830222 13
1314830282 14
1314830341 13
1314830401 10
1314830461 13
1314830521 13
1314830581 13
1314830641 14
1314830701 14
1314830761 14
1314830821 12
1314830882 14
1314830941 15
1314831001 15
1314831061 12
1314831121 14
1314831181 13
1314831241 12
1314831301 12
1314831361 12
1314831421 10
1314831482 11
1314831541 9
1314831601 10
1314831661 11
1314831721 11
1314831781 13
1314831841 12
1314831901 13
1314831961 14
1314832021 14
1314832082 11
1314832142 13
1314832201 12
1314832261 13
1314832321 14
1314832381 15
1314832441 18
1314832501 17
1314832561 16
1314832621 16
1314832682 17
1314832741 15
1314832801 17
1314832861 15
1314832921 16
1314832981 16
1314833041 17
1314833101 19
1314833161 21
1314833221 23
1314833282 23
1314833341 23
1314833401 25
1314833461 26
1314833521 26
1314833581 27
1314833641 25
1314833701 31
1314833761 33
1314833821 34
1314833882 34
1314833941 34
1314834001 31
1314834061 36
1314834121 35
1314834181 34
1314834241 34
1314834301 34
1314834361 34
1314834421 36
1314834481 38
1314834542 39
1314834601 40
1314834661 43
1314834721 44
1314834781 41
1314834841 43
1314834901 44
1314834961 43
1314835021 44
1314835081 43
1314835141 46
1314835202 45
1314835261 44
1314835321 46
1314835381 48
1314835441 48
1314835501 49
1314835561 54
1314835621 55
1314835681 58
1314835742 57
1314835801 58
1314835861 58
1314835921 62
1314835981 65
1314836041 64
1314836101 67
1314836161 71
1314836221 73
1314836282 79
1314836341 80
1314836401 81
1314836462 82
1314836521 83
1314836581 85
1314836641 86
1314836701 87
1314836761 84
1314836821 92
1314836881 87
1314836941 93
1314837002 94
1314837061 94
1314837121 93
1314837181 94
1314837241 96
1314837301 99
1314837361 100
1314837421 97
1314837481 102
1314837541 102
1314837601 100
1314837662 99
1314837722 100
1314837781 102
1314837841 102
1314837901 103
1314837961 106
1314838021 110
1314838081 104
1314838141 105
1314838202 110
1314838261 109
1314838321 106
1314838381 108
1314838441 109
1314838501 108
1314838561 109
1314838621 113
1314838681 112
1314838741 110
1314838802 111
1314838862 115
1314838921 114
1314838981 113
1314839041 112
1314839101 114
1314839161 113
1314839221 111
1314839281 114
1314839341 115
1314839402 117
1314839461 115
1314839521 116
1314839581 113
1314839641 115
1314839701 115
1314839761 115
1314839821 117
1314839881 118
1314839942 118
1314840002 119
1314840061 121
1314840121 124
1314840181 130
1314840241 129
1314840301 130
1314840361 137
1314840421 136
1314840482 134
1314840541 132
1314840601 140
1314840661 140
1314840721 141
1314840781 145
1314840841 143
1314840901 140
1314840962 136
1314841021 138
1314841081 145
1314841141 150
1314841201 147
1314841261 153
1314841321 151
1314841381 145
1314841441 152
1314841501 148
1314841562 150
1314841621 149
1314841681 146
1314841741 146
1314841801 147
1314841861 149
1314841921 153
1314841981 154
1314842041 148
1314842102 154
1314842161 156
1314842221 156
1314842281 157
1314842341 157
1314842401 158
1314842461 158
1314842522 157
1314842581 156
1314842641 156
1314842701 152
1314842761 151
1314842821 152
1314842881 149
1314842941 146
1314843001 152
1314843061 153
1314843121 158
1314843182 159
1314843241 160
1314843301 158
1314843361 157
1314843421 157
1314843481 162
1314843541 164
1314843601 161
1314843661 161
1314843722 156
1314843782 154
1314843841 156
1314843901 156
1314843961 154
1314844021 154
1314844081 154
1314844141 158
1314844201 157
1314844261 153
1314844321 157
1314844382 154
1314844441 155
1314844501 157
1314844561 156
1314844621 153
1314844681 150
1314844741 145
1314844801 147
1314844861 149
1314844922 149
1314844982 153
1314845041 156
1314845101 158
1314845161 157
1314845221 153
1314845281 153
1314845341 159
1314845401 160
1314845461 158
1314845521 159
1314845582 162
1314845641 159
1314845701 160
1314845761 165
1314845821 164
1314845881 169
1314845941 169
1314846001 173
1314846061 171
1314846121 171
1314846181 172
1314846241 178
1314846301 177
1314846361 174
1314846421 172
1314846482 167
1314846542 171
1314846601 173
1314846661 178
1314846721 180
1314846781 178
1314846841 179
1314846901 182
1314846961 184
1314847021 183
1314847082 178
1314847142 179
1314847201 174
1314847261 174
1314847321 175
1314847381 177
1314847441 177
1314847501 179
1314847562 178
1314847622 187
1314847681 187
1314847741 181
1314847801 179
1314847861 181
1314847921 182
1314847981 175
1314848041 174
1314848101 177
1314848162 174
1314848221 178
1314848281 180
1314848341 183
1314848401 181
1314848461 186
1314848521 185
1314848581 185
1314848641 186
1314848702 191
1314848761 193
1314848821 189
1314848881 196
1314848941 193
1314849001 193
1314849061 188
1314849121 191
1314849181 188
1314849241 193
1314849302 190
1314849362 195
1314849421 188
1314849481 191
1314849541 197
1314849601 194
1314849661 197
1314849721 197
1314849781 203
1314849841 196
1314849902 194
1314849961 197
1314850021 196
1314850081 191
1314850141 184
1314850201 185
1314850261 185
1314850321 182
1314850381 181
1314850441 180
1314850501 180
1314850562 178
1314850621 180
1314850681 176
1314850741 180
1314850801 180
1314850861 181
1314850921 183
1314850981 182
1314851041 183
1314851102 186
1314851161 184
1314851221 186
1314851281 187
1314851341 181
1314851401 185
1314851461 177
1314851521 181
1314851581 179
1314851641 177
1314851702 173
1314851761 170
1314851821 168
1314851881 174
1314851941 177
1314852001 172
1314852061 172
1314852121 171
1314852181 174
1314852242 173
1314852301 174
1314852361 180
1314852421 176
1314852481 179
1314852541 178
1314852601 178
1314852661 178
1314852721 186
1314852782 185
1314852841 187
1314852901 190
1314852961 189
1314853021 197
1314853081 189
1314853141 191
1314853201 192
1314853261 190
1314853322 183
1314853381 184
1314853441 179
1314853501 184
1314853561 188
1314853621 185
1314853681 190
1314853741 186
1314853802 188
1314853861 192
1314853921 186
1314853981 189
1314854041 188
1314854101 189
1314854161 194
1314854221 193
1314854281 192
1314854342 193
1314854402 187
1314854461 181
1314854521 187
1314854581 186
1314854641 191
1314854701 193
1314854762 193
1314854822 195
1314854881 198
1314854941 194
1314855001 200
1314855061 197
1314855121 199
1314855181 202
1314855241 204
1314855301 204
1314855362 202
1314855423 203
1314855481 197
1314855541 198
1314855602 194
1314855662 196
1314855721 197
1314855781 187
1314855841 197
1314855901 201
1314855961 200
1314856021 206
1314856081 204
1314856141 209
1314856202 208
1314856261 213
1314856321 210
1314856381 220
1314856441 211
1314856501 216
1314856561 219
1314856621 218
1314856681 222
1314856742 230
1314856801 233
1314856861 234
1314856921 237
1314856981 233
1314857041 231
1314857101 230
1314857161 225
1314857221 225
1314857282 230
1314857342 221
1314857401 228
1314857461 227
1314857521 219
1314857581 221
1314857641 220
1314857701 217
1314857761 226
1314857822 225
1314857881 227
1314857941 231
1314858001 227
1314858061 231
1314858121 239
1314858181 245
1314858241 246
1314858301 236
1314858362 233
1314858422 234
1314858481 233
1314858541 236
1314858601 233
1314858661 232
1314858721 229
1314858781 227
1314858841 225
1314858901 225
1314858961 234
1314859021 232
1314859081 230
1314859142 244
1314859201 244
1314859261 247
1314859321 252
1314859381 252
1314859441 253
1314859501 258
1314859562 256
1314859621 255
1314859681 252
1314859741 247
1314859801 251
1314859861 252
1314859921 253
1314859982 249
1314860042 244
1314860101 252
1314860161 246
1314860221 245
1314860281 249
1314860341 246
1314860401 251
1314860461 248
1314860522 247
1314860581 247
1314860641 251
1314860701 242
1314860761 242
1314860821 238
1314860881 238
1314860941 237
1314861001 243
1314861061 237
1314861121 235
1314861181 240
1314861241 241
1314861302 235
1314861362 233
1314861421 234
1314861481 236
1314861541 234
1314861601 230
1314861661 239
1314861721 238
1314861781 234
1314861841 233
1314861902 236
1314861962 237
1314862021 232
1314862081 231
1314862141 231
1314862201 226
1314862261 227
1314862321 230
1314862381 232
1314862442 234
1314862502 233
1314862561 229
1314862621 237
1314862681 233
1314862741 234
1314862801 235
1314862861 238
1314862922 236
1314862981 240
1314863041 234
1314863101 232
1314863161 233
1314863221 234
1314863281 239
1314863341 235
1314863402 233
1314863461 234
1314863521 237
1314863581 235
1314863641 236
1314863701 231
1314863761 228
1314863821 220
1314863881 220
1314863942 215
1314864002 216
1314864061 209
1314864121 205
1314864181 205
1314864241 207
1314864301 208
1314864361 206
1314864422 204
1314864481 201
1314864541 205
1314864601 202
1314864661 196
1314864721 194
1314864781 191
1314864842 194
1314864902 189
1314864961 187
1314865021 183
1314865081 178
1314865141 176
1314865201 175
1314865261 175
1314865321 173
1314865382 170
1314865441 167
1314865501 166
1314865561 168
1314865621 166
1314865681 161
1314865741 165
1314865802 161
1314865861 156
1314865921 153
1314865981 152
1314866041 147
1314866101 148
1314866161 140
1314866221 144
1314866282 142
1314866341 136
1314866401 134
1314866461 134
1314866521 129
1314866581 131
1314866641 129
1314866701 126
1314866761 122
1314866822 114
1314866881 112
1314866941 111
1314867001 111
1314867061 110
1314867121 100
1314867181 102
1314867241 103
1314867302 104
1314867362 107
1314867421 108
1314867481 108
1314867541 104
1314867601 103
1314867661 107
1314867721 108
1314867781 96
1314867841 97
1314867902 94
1314867962 91
1314868021 85
1314868081 84
1314868141 86
1314868201 78
1314868261 76
1314868321 73
1314868381 71
1314868441 67
1314868502 64
1314868561 64
1314868621 61
1314868681 61
1314868741 57
1314868801 60
1314868861 59
1314868921 61
1314868981 59
1314869042 58
1314869102 59
1314869161 61
1314869221 59
1314869281 60
1314869341 60
1314869401 58
1314869461 56
1314869521 57
1314869581 57
1314869642 53
1314869701 57
1314869761 55
1314869821 57
1314869881 55
1314869941 55
1314870001 55
1314870061 53
1314870121 54
1314870181 56
1314870241 54
1314870302 54
1314870361 53
1314870421 58
1314870481 56
1314870541 56
1314870601 57
1314870661 56
1314870721 55
1314870781 53
1314870841 56
1314870902 55
1314870961 51
1314871021 51
1314871081 55
1314871141 54
1314871201 53
1314871261 53
1314871321 49
1314871381 52
1314871442 53
1314871501 49
1314871561 52
1314871621 48
1314871681 46
1314871741 46
1314871801 50
1314871861 49
1314871921 49
1314871982 45
1314872042 47
1314872101 46
1314872161 45
1314872221 45
1314872281 40
1314872341 41
1314872401 39
1314872462 41
1314872522 43
1314872581 44
1314872641 46
1314872701 48
1314872761 49
1314872821 48
1314872881 50
1314872941 49
1314873001 49
1314873062 48
1314873121 52
1314873181 51
1314873241 51
1314873301 53
1314873361 52
1314873421 51
1314873481 50
1314873541 48
1314873602 48
1314873661 47
1314873721 43
1314873781 45
1314873841 43
1314873901 40
1314873961 42
1314874021 42
1314874081 43
1314874141 44
1314874202 41
1314874261 44
1314874321 39
1314874381 39
1314874441 39
1314874501 40
1314874561 40
1314874621 40
1314874682 39
1314874741 41
1314874801 40
1314874861 39
1314874921 39
1314874981 38
1314875041 41
1314875101 40
1314875161 42
1314875222 42
1314875281 41
1314875341 41
1314875401 43
1314875461 45
1314875521 49
1314875581 51
1314875641 53
1314875701 59
1314875762 64
1314875821 65
1314875881 66
1314875941 67
1314876001 70
1314876061 72
1314876121 72
1314876181 72
1314876241 72
1314876302 71
1314876361 68
1314876421 68
1314876481 69
1314876541 72
1314876601 68
1314876661 68
1314876721 65
1314876781 67
1314876842 67
1314876901 67
1314876961 66
1314877021 68
1314877081 64
1314877141 63
1314877201 65
1314877261 68
1314877321 70
1314877382 69
1314877442 70
1314877501 69
1314877561 74
1314877621 74
1314877681 78
1314877741 80
1314877801 85
1314877861 86
1314877921 89
1314877981 89
1314878042 90
1314878101 94
1314878161 92
1314878221 92
1314878281 91
1314878341 86
1314878401 85
1314878461 84
1314878521 82
1314878582 86
1314878641 83
1314878701 80
1314878761 82
1314878821 80
1314878881 81
1314878941 80
1314879001 80
1314879061 81
1314879122 79
1314879182 77
1314879241 76
1314879301 79
1314879361 82
1314879421 84
1314879481 84
1314879541 84
1314879601 86
1314879661 85
1314879722 84
1314879781 87
1314879841 89
1314879901 90
1314879961 86
1314880021 85
1314880081 88
1314880141 91
1314880201 88
1314880262 83
1314880321 85
1314880381 86
1314880441 85
1314880501 83
1314880561 86
1314880621 84
1314880681 90
1314880741 90
1314880801 93
1314880861 98
1314880921 100
1314880981 97
1314881042 98
1314881102 99
1314881161 94
1314881221 98
1314881281 95
1314881341 97
1314881401 95
1314881461 94
1314881521 100
1314881581 98
1314881642 100
1314881702 99
1314881761 101
1314881821 98
1314881881 98
1314881941 95
1314882001 95
1314882061 92
1314882121 93
1314882181 93
1314882241 94
1314882301 88
1314882361 89
1314882422 90
1314882481 88
1314882541 92
1314882601 91
1314882661 93
1314882721 91
1314882781 96
1314882841 93
1314882902 97
1314882962 97
1314883021 97
1314883081 96
1314883141 98
1314883201 97
1314883261 97
1314883321 97
1314883381 98
1314883441 97
1314883502 96
1314883561 96
1314883621 96
1314883681 95
1314883741 93
1314883801 96
1314883861 100
1314883921 103
1314883981 100
1314884041 102
1314884102 102
1314884161 104
1314884221 103
1314884281 102
1314884341 99
1314884401 95
1314884461 97
1314884521 93
1314884582 98
1314884642 100
1314884701 100
1314884761 101
1314884821 100
1314884881 101
1314884941 100
1314885002 105
1314885061 102
1314885121 100
1314885182 98
1314885241 98
1314885301 101
1314885361 99
1314885421 101
1314885481 100
1314885541 100
1314885602 96
1314885662 94
1314885721 95
1314885781 99
1314885841 97
1314885901 96
1314885961 99
1314886021 102
1314886081 100
1314886142 97
1314886202 100
1314886261 104
1314886321 103
1314886381 100
1314886441 97
1314886501 99
1314886561 97
1314886621 97
1314886681 95
1314886741 98
1314886802 97
1314886861 93
1314886921 94
1314886981 90
1314887041 88
1314887101 89
1314887161 90
1314887221 89
1314887281 91
1314887341 89
1314887402 94
1314887461 92
1314887521 87
1314887581 88
1314887641 91
1314887701 88
1314887762 90
1314887821 89
1314887881 93
1314887941 90
1314888001 85
1314888061 84
1314888121 84
1314888181 84
1314888241 79
1314888301 76
1314888361 77
1314888421 77
1314888481 77
1314888542 79
1314888601 76
1314888661 78
1314888721 76
1314888781 76
1314888841 77
1314888901 72
1314888961 76
1314889021 75
1314889082 71
1314889141 73
1314889201 71
1314889261 71
1314889321 68
1314889381 70
1314889441 72
1314889501 69
1314889562 63
1314889622 65
1314889681 65
1314889741 62
1314889801 63
1314889861 59
1314889921 61
1314889981 60
1314890041 60
1314890102 60
1314890161 58
1314890221 59
1314890281 58
1314890341 60
1314890401 59
1314890461 61
1314890521 58
1314890582 54
1314890641 58
1314890701 60
1314890761 56
1314890821 57
1314890881 58
1314890941 58
1314891001 58
1314891062 57
1314891122 58
1314891181 54
1314891241 52
1314891301 52
1314891361 52
1314891421 52
1314891481 52
1314891541 50
1314891602 51
1314891662 51
1314891721 51
1314891781 49
1314891841 45
1314891901 47
1314891961 46
1314892021 42
1314892081 41
1314892141 42
1314892202 43
1314892261 42
1314892321 43
1314892381 44
1314892441 43
1314892501 43
1314892561 43
1314892621 41
1314892682 41
1314892742 39
1314892801 38
