1316361661 35
1316361721 31
1316361781 32
1316361841 31
1316361902 30
1316361961 28
1316362021 26
1316362081 26
1316362141 21
1316362201 26
1316362261 24
1316362321 25
1316362381 25
1316362441 25
1316362502 28
1316362561 28
1316362621 26
1316362681 26
1316362741 27
1316362801 23
1316362861 25
1316362921 26
1316362981 25
1316363041 23
1316363102 23
1316363161 24
1316363221 24
1316363281 23
1316363341 22
1316363401 22
1316363461 20
1316363521 21
1316363581 20
1316363641 19
1316363702 18
1316363761 18
1316363821 19
1316363881 18
1316363941 18
1316364001 18
1316364061 16
1316364121 14
1316364181 16
1316364242 18
1316364302 16
1316364361 16
1316364421 17
1316364481 18
1316364541 17
1316364601 17
1316364661 17
1316364721 14
1316364781 15
1316364841 12
1316364902 15
1316364962 14
1316365021 13
1316365081 13
1316365141 14
1316365201 13
1316365261 15
1316365321 16
1316365381 12
1316365441 13
1316365501 13
1316365562 16
1316365621 15
1316365681 15
1316365741 15
1316365802 16
1316365861 14
1316365921 13
1316365981 14
1316366041 12
1316366101 13
1316366161 9
1316366221 12
1316366281 12
1316366341 11
1316366401 11
1316366461 12
1316366521 13
1316366581 13
1316366642 13
1316366702 11
1316366762 13
1316366821 11
1316366881 12
1316366941 13
1316367001 13
1316367061 12
1316367121 12
1316367181 12
1316367241 12
1316367301 11
1316367361 9
1316367422 12
1316367481 10
1316367541 11
1316367601 12
1316367661 12
1316367722 12
1316367781 12
1316367841 12
1316367901 11
1316367961 11
1316368021 10
1316368081 12
1316368141 10
1316368201 12
1316368261 11
1316368321 11
1316368382 12
1316368441 12
1316368501 12
1316368561 12
1316368621 10
1316368681 10
1316368741 10
1316368801 7
1316368862 7
1316368921 7
1316368981 8
1316369041 10
1316369101 10
1316369161 10
1316369221 10
1316369281 10
1316369342 9
1316369401 10
1316369461 12
1316369521 11
1316369581 12
1316369641 13
1316369701 13
1316369761 13
1316369822 13
1316369881 13
1316369941 13
1316370001 13
1316370061 10
1316370121 11
1316370181 10
1316370241 9
1316370301 10
1316370361 10
1316370421 9
1316370482 10
1316370541 10
1316370601 9
1316370661 10
1316370721 10
1316370781 10
1316370841 8
1316370901 9
1316370961 10
1316371022 10
1316371082 8
1316371141 9
1316371201 9
1316371261 8
1316371321 8
1316371381 9
1316371441 9
1316371502 7
1316371561 8
1316371621 7
1316371681 8
1316371741 7
1316371801 8
1316371861 8
1316371921 7
1316371982 7
1316372041 8
1316372101 8
1316372161 7
1316372221 8
1316372281 6
1316372341 8
1316372401 8
1316372461 8
1316372522 8
1316372581 7
1316372641 8
1316372701 7
1316372761 8
1316372821 7
1316372881 8
1316372941 6
1316373002 8
1316373062 8
1316373121 8
1316373181 8
1316373241 7
1316373301 8
1316373361 7
1316373421 8
1316373481 7
1316373542 8
1316373602 6
1316373661 6
1316373721 8
1316373781 8
1316373841 8
1316373901 7
1316373961 8
1316374021 7
1316374082 8
1316374141 7
1316374201 8
1316374261 6
1316374321 6
1316374381 8
1316374441 8
1316374501 7
1316374561 7
1316374622 8
1316374681 7
1316374741 8
1316374801 7
1316374861 8
1316374921 7
1316374981 7
1316375041 7
1316375101 7
1316375162 6
1316375221 6
1316375281 7
1316375341 6
1316375401 7
1316375461 6
1316375521 7
1316375581 5
1316375641 7
1316375702 7
1316375761 7
1316375821 7
1316375881 7
1316375941 8
1316376001 7
1316376061 8
1316376121 7
1316376181 8
1316376242 5
1316376301 8
1316376361 8
1316376421 7
1316376481 7
1316376541 6
1316376601 7
1316376661 6
1316376721 8
1316376782 7
1316376842 8
1316376901 7
1316376961 8
1316377021 8
1316377081 8
1316377141 8
1316377201 7
1316377261 8
1316377322 7
1316377381 8
1316377441 7
1316377501 7
1316377561 7
1316377621 8
1316377681 8
1316377741 8
1316377802 8
1316377861 7
1316377921 7
1316377981 7
1316378041 8
1316378101 7
1316378161 8
1316378221 7
1316378281 8
1316378342 8
1316378401 8
1316378461 8
1316378521 8
1316378581 7
1316378641 7
1316378701 7
1316378761 7
1316378821 8
1316378882 7
1316378941 8
1316379001 8
1316379061 8
1316379121 7
1316379181 7
1316379241 8
1316379301 7
1316379361 6
1316379422 8
1316379482 8
1316379541 7
1316379601 8
1316379661 8
1316379721 8
1316379781 8
1316379841 7
1316379901 8
1316379961 8
1316380021 6
1316380081 6
1316380141 8
1316380201 7
1316380261 8
1316380321 8
1316380381 8
1316380442 7
1316380502 7
1316380561 8
1316380621 8
1316380681 7
1316380741 6
1316380801 8
1316380861 8
1316380921 8
1316380982 8
1316381041 8
1316381101 7
1316381161 6
1316381221 9
1316381281 9
1316381341 8
1316381401 8
1316381462 8
1316381521 9
1316381581 9
1316381641 9
1316381701 9
1316381761 8
1316381821 5
1316381881 7
1316381942 6
1316382001 5
1316382061 7
1316382121 7
1316382181 7
1316382241 8
1316382301 8
1316382361 8
1316382422 8
1316382482 8
1316382541 8
1316382601 7
1316382661 6
1316382721 8
1316382781 8
1316382841 7
1316382901 8
1316382962 8
1316383021 8
1316383081 7
1316383141 8
1316383202 9
1316383262 7
1316383321 8
1316383381 10
1316383441 9
1316383501 10
1316383561 10
1316383622 10
1316383681 10
1316383741 9
1316383801 9
1316383861 9
1316383921 8
1316383981 8
1316384041 9
1316384101 8
1316384162 9
1316384221 9
1316384281 9
1316384341 10
1316384401 10
1316384461 11
1316384521 10
1316384581 9
1316384641 8
1316384702 10
1316384762 9
1316384821 10
1316384881 9
1316384941 9
1316385001 10
1316385061 10
1316385121 11
1316385181 10
1316385241 10
1316385302 9
1316385361 12
1316385422 11
1316385482 11
1316385541 11
1316385601 10
1316385661 11
1316385721 12
1316385781 12
1316385841 11
1316385901 11
1316385961 10
1316386021 11
1316386082 11
1316386141 10
1316386201 11
1316386261 9
1316386321 11
1316386381 12
1316386441 13
1316386501 12
1316386561 12
1316386621 13
1316386682 13
1316386741 13
1316386801 12
1316386861 13
1316386921 11
1316386981 11
1316387041 12
1316387101 12
1316387161 11
1316387221 12
1316387282 14
1316387341 13
1316387401 13
1316387461 14
1316387521 13
1316387581 13
1316387641 12
1316387701 11
1316387761 12
1316387822 12
1316387881 14
1316387941 18
1316388001 18
1316388061 19
1316388121 19
1316388181 20
1316388241 21
1316388301 23
1316388362 23
1316388421 23
1316388481 22
1316388541 19
1316388601 21
1316388661 20
1316388721 22
1316388781 23
1316388841 21
1316388901 24
1316388962 25
1316389021 26
1316389081 24
1316389141 26
1316389201 29
1316389261 28
1316389321 31
1316389381 29
1316389441 31
1316389501 28
1316389561 28
1316389622 31
1316389681 32
1316389741 32
1316389801 31
1316389861 36
1316389921 34
1316389981 36
1316390041 37
1316390101 40
1316390162 42
1316390222 42
1316390281 42
1316390341 45
1316390401 42
1316390461 44
1316390521 48
1316390581 46
1316390641 47
1316390701 49
1316390762 46
1316390821 51
1316390881 53
1316390941 54
1316391001 55
1316391061 53
1316391121 50
1316391181 55
1316391241 56
1316391302 56
1316391362 61
1316391421 58
1316391481 60
1316391541 64
1316391601 63
1316391661 65
1316391721 66
1316391781 65
1316391842 63
1316391902 69
1316391961 67
1316392021 67
1316392081 65
1316392141 63
1316392201 68
1316392261 66
1316392321 67
1316392382 69
1316392441 70
1316392501 69
1316392561 68
1316392621 73
1316392681 73
1316392741 72
1316392802 74
1316392861 75
1316392921 78
1316392981 80
1316393041 82
1316393101 81
1316393161 80
1316393221 73
1316393282 78
1316393341 77
1316393401 78
1316393461 79
1316393521 85
1316393581 82
1316393641 86
1316393701 87
1316393761 91
1316393822 90
1316393881 90
1316393941 90
1316394001 90
1316394061 89
1316394121 89
1316394181 91
1316394241 88
1316394301 93
1316394361 94
1316394422 94
1316394481 97
1316394541 97
1316394601 98
1316394661 100
1316394721 100
1316394781 102
1316394841 108
1316394901 107
1316394962 110
1316395022 113
1316395081 114
1316395141 114
1316395201 115
1316395261 113
1316395321 113
1316395381 116
1316395441 117
1316395502 120
1316395561 130
1316395621 133
1316395681 134
1316395741 141
1316395801 143
1316395862 143
1316395921 141
1316395981 143
1316396041 137
1316396101 139
1316396161 135
1316396221 139
1316396282 140
1316396342 140
1316396401 141
1316396461 145
1316396521 140
1316396581 141
1316396641 141
1316396701 138
1316396761 135
1316396822 134
1316396882 130
1316396941 135
1316397001 135
1316397061 140
1316397121 142
1316397181 146
1316397241 150
1316397301 145
1316397361 146
1316397421 147
1316397482 150
1316397541 147
1316397601 148
1316397661 147
1316397721 149
1316397781 141
1316397841 141
1316397901 145
1316397961 149
1316398021 146
1316398081 154
1316398141 154
1316398201 157
1316398261 159
1316398321 161
1316398382 163
1316398441 154
1316398501 154
1316398566 150
1316398621 148
1316398681 151
1316398741 154
1316398801 156
1316398861 154
1316398921 154
1316398982 160
1316399041 164
1316399101 164
1316399161 166
1316399221 169
1316399281 165
1316399341 162
1316399401 165
1316399461 165
1316399521 164
1316399582 159
1316399641 166
1316399701 163
1316399761 160
1316399821 162
1316399881 163
1316399941 162
1316400001 161
1316400061 167
1316400121 167
1316400181 164
1316400241 168
1316400301 169
1316400361 170
1316400421 169
1316400481 170
1316400541 169
1316400602 170
1316400661 168
1316400721 167
1316400781 171
1316400841 168
1316400901 174
1316400961 174
1316401021 178
1316401082 179
1316401141 180
1316401201 176
1316401261 180
1316401321 188
1316401381 195
1316401441 193
1316401502 189
1316401561 190
1316401621 179
1316401681 179
1316401741 180
1316401801 178
1316401861 183
1316401921 180
1316401982 175
1316402041 179
1316402101 184
1316402161 178
1316402221 183
1316402281 181
1316402341 188
1316402401 185
1316402461 182
1316402521 186
1316402582 190
1316402642 190
1316402701 186
1316402761 187
1316402821 183
1316402881 184
1316402941 183
1316403001 182
1316403061 186
1316403121 183
1316403182 181
1316403242 185
1316403301 182
1316403361 191
1316403421 191
1316403481 190
1316403541 188
1316403601 196
1316403661 197
1316403721 198
1316403782 198
1316403841 207
1316403901 225
1316403961 228
1316404021 233
1316404081 236
1316404141 241
1316404202 242
1316404261 234
1316404322 238
1316404381 233
1316404441 232
1316404501 227
1316404561 223
1316404621 222
1316404681 221
1316404741 211
1316404801 206
1316404861 206
1316404921 214
1316404981 203
1316405041 191
1316405101 191
1316405161 185
1316405221 185
1316405282 182
1316405341 180
1316405401 185
1316405461 186
1316405521 179
1316405581 183
1316405641 183
1316405701 186
1316405761 187
1316405822 186
1316405881 186
1316405941 184
1316406001 182
1316406061 185
1316406121 184
1316406181 188
1316406241 191
1316406302 189
1316406361 192
1316406421 192
1316406481 194
1316406541 199
1316406601 195
1316406661 197
1316406721 195
1316406781 192
1316406841 190
1316406902 191
1316406961 194
1316407021 194
1316407081 196
1316407141 192
1316407207 195
1316407261 191
1316407321 194
1316407381 192
1316407441 197
1316407501 196
1316407561 198
1316407621 199
1316407681 201
1316407741 207
1316407801 209
1316407861 209
1316407921 209
1316407981 213
1316408042 211
1316408101 210
1316408161 215
1316408221 211
1316408281 211
1316408341 205
1316408401 206
1316408461 201
1316408521 203
1316408582 205
1316408641 212
1316408701 213
1316408761 209
1316408821 213
1316408881 208
1316408941 211
1316409001 202
1316409061 208
1316409121 206
1316409182 206
1316409241 198
1316409301 201
1316409361 206
1316409421 206
1316409481 208
1316409541 206
1316409601 208
1316409662 212
1316409721 217
1316409781 218
1316409848 219
1316409901 217
1316409961 212
1316410021 213
1316410082 217
1316410141 220
1316410201 228
1316410261 229
1316410321 228
1316410381 231
1316410441 233
1316410502 230
1316410561 233
1316410621 238
1316410681 239
1316410741 237
1316410802 238
1316410861 240
1316410921 241
1316410981 243
1316411041 249
1316411101 244
1316411161 248
1316411221 253
1316411282 252
1316411342 252
1316411401 254
1316411461 256
1316411521 265
1316411581 262
1316411648 275
1316411701 281
1316411761 281
1316411827 290
1316411881 289
1316411941 298
1316412001 294
1316412062 289
1316412122 291
1316412181 290
1316412241 285
1316412301 294
1316412361 291
1316412421 285
1316412481 286
1316412541 293
1316412601 290
1316412661 292
1316412721 284
1316412781 291
1316412842 285
1316412901 281
1316412961 287
1316413021 284
1316413081 286
1316413141 282
1316413201 289
1316413262 294
1316413321 289
1316413381 293
1316413441 292
1316413501 294
1316413561 293
1316413621 305
1316413682 303
1316413742 302
1316413802 306
1316413861 302
1316413921 311
1316413981 315
1316414041 321
1316414101 320
1316414161 323
1316414222 321
1316414281 320
1316414341 328
1316414403 329
1316414463 323
1316414521 319
1316414581 319
1316414641 304
1316414701 314
1316414761 318
1316414821 312
1316414881 313
1316414942 307
1316415001 303
1316415061 308
1316415121 350
1316415182 365
1316415241 374
1316415304 375
1316415362 361
1316415421 364
1316415481 373
1316415541 381
1316415601 387
1316415663 383
1316415722 351
1316415781 350
1316415841 365
1316415903 357
1316415963 367
1316416021 351
1316416081 338
1316416141 340
1316416204 335
1316416261 338
1316416321 332
1316416382 309
1316416441 296
1316416501 292
1316416562 288
1316416621 294
1316416682 294
1316416742 299
1316416801 298
1316416861 298
1316416922 292
1316416982 289
1316417041 287
1316417101 293
1316417161 295
1316417221 303
1316417281 295
1316417341 291
1316417402 293
1316417461 296
1316417522 306
1316417581 299
1316417642 298
1316417701 298
1316417761 297
1316417822 298
1316417881 298
1316417941 289
1316418001 302
1316418061 296
1316418121 300
1316418181 300
1316418241 293
1316418302 301
1316418361 301
1316418421 300
1316418481 304
1316418548 291
1316418601 293
1316418661 289
1316418721 286
1316418781 282
1316418841 277
1316418901 277
1316418961 274
1316419021 274
1316419082 272
1316419142 273
1316419201 261
1316419261 259
1316419321 258
1316419381 261
1316419441 257
1316419501 248
1316419561 237
1316419621 223
1316419681 223
1316419742 222
1316419801 214
1316419861 221
1316419921 214
1316419982 215
1316420041 213
1316420101 206
1316420161 202
1316420221 204
1316420281 196
1316420341 193
1316420402 193
1316420461 186
1316420521 183
1316420584 184
1316420641 183
1316420701 181
1316420761 179
1316420821 175
1316420881 178
1316420942 174
1316421002 173
1316421061 173
1316421121 172
1316421181 166
1316421241 168
1316421301 163
1316421361 165
1316421421 162
1316421481 163
1316421541 157
1316421601 156
1316421661 149
1316421721 147
1316421782 154
1316421841 172
1316421901 185
1316421962 189
1316422021 196
1316422081 196
1316422141 200
1316422201 201
1316422261 200
1316422321 201
1316422381 194
1316422441 189
1316422501 185
1316422561 182
1316422621 181
1316422681 176
1316422741 171
1316422801 164
1316422861 167
1316422922 164
1316422982 163
1316423041 144
1316423101 131
1316423161 131
1316423221 126
1316423281 124
1316423341 125
1316423401 123
1316423461 117
1316423521 116
1316423582 110
1316423641 114
1316423701 113
1316423761 113
1316423822 110
1316423881 107
1316423941 103
1316424001 101
1316424061 96
1316424121 96
1316424181 93
1316424241 86
1316424301 89
1316424361 86
1316424421 88
1316424481 87
1316424541 85
1316424601 90
1316424661 91
1316424721 89
1316424781 90
1316424841 89
1316424901 84
1316424962 82
1316425021 82
1316425081 82
1316425141 82
1316425201 78
1316425261 79
1316425321 77
1316425381 77
1316425441 76
1316425501 74
1316425561 74
1316425621 75
1316425682 75
1316425741 78
1316425801 77
1316425861 76
1316425921 75
1316425981 80
1316426041 80
1316426101 79
1316426161 81
1316426221 78
1316426281 81
1316426342 76
1316426402 80
1316426461 79
1316426521 78
1316426581 78
1316426641 81
1316426701 81
1316426761 76
1316426821 72
1316426882 76
1316426942 76
1316427001 75
1316427061 73
1316427121 75
1316427181 74
1316427241 71
1316427301 69
1316427361 68
1316427421 67
1316427481 63
1316427542 66
1316427601 66
1316427661 68
1316427721 68
1316427781 62
1316427841 60
1316427901 61
1316427961 59
1316428021 57
1316428081 62
1316428141 57
1316428202 54
1316428262 54
1316428321 53
1316428381 53
1316428441 55
1316428501 57
1316428561 56
1316428621 55
1316428681 48
1316428741 55
1316428801 55
1316428862 55
1316428921 60
1316428981 58
1316429041 57
1316429101 58
1316429161 59
1316429221 59
1316429281 58
1316429341 58
1316429401 55
1316429461 57
1316429522 53
1316429581 58
1316429641 58
1316429701 55
1316429761 56
1316429821 55
1316429881 56
1316429941 54
1316430001 56
1316430061 53
1316430122 55
1316430181 53
1316430241 56
1316430301 57
1316430361 58
1316430421 61
1316430481 62
1316430541 63
1316430601 65
1316430661 64
1316430721 63
1316430782 65
1316430841 67
1316430901 73
1316430961 72
1316431021 71
1316431081 75
1316431141 74
1316431201 73
1316431261 78
1316431321 77
1316431382 73
1316431442 75
1316431501 76
1316431561 75
1316431621 75
1316431681 74
1316431741 75
1316431801 78
1316431861 78
1316431921 78
1316431981 81
1316432041 88
1316432102 86
1316432161 87
1316432221 88
1316432281 86
1316432341 91
1316432401 89
1316432461 90
1316432521 91
1316432582 91
1316432642 85
1316432701 87
1316432761 87
1316432821 86
1316432881 85
1316432941 83
1316433001 83
1316433061 82
1316433121 83
1316433182 83
1316433241 80
1316433301 84
1316433361 86
1316433421 87
1316433481 89
1316433541 85
1316433601 87
1316433662 88
1316433722 88
1316433781 85
1316433841 88
1316433901 87
1316433961 89
1316434021 90
1316434081 89
1316434141 90
1316434201 88
1316434262 88
1316434321 88
1316434381 91
1316434441 88
1316434501 91
1316434561 91
1316434621 92
1316434681 90
1316434741 93
1316434802 92
1316434862 92
1316434921 93
1316434981 92
1316435041 93
1316435101 96
1316435161 95
1316435221 99
1316435281 99
1316435341 100
1316435402 101
1316435462 101
1316435521 97
1316435581 99
1316435641 100
1316435701 95
1316435761 98
1316435821 97
1316435881 98
1316435941 99
1316436001 100
1316436061 104
1316436121 102
1316436181 99
1316436241 98
1316436302 100
1316436361 100
1316436421 100
1316436481 100
1316436541 102
1316436601 105
1316436661 105
1316436721 103
1316436781 103
1316436842 102
1316436903 104
1316436961 107
1316437021 111
1316437081 116
1316437141 114
1316437201 112
1316437261 111
1316437321 115
1316437381 115
1316437442 115
1316437501 114
1316437561 119
1316437621 117
1316437681 116
1316437741 117
1316437801 121
1316437861 120
1316437921 121
1316437981 123
1316438041 122
1316438101 115
1316438161 113
1316438221 113
1316438281 118
1316438342 118
1316438401 114
1316438461 118
1316438521 120
1316438581 117
1316438641 118
1316438701 117
1316438761 115
1316438821 121
1316438881 118
1316438942 119
1316439001 120
1316439061 119
1316439121 119
1316439181 126
1316439241 126
1316439301 129
1316439361 126
1316439421 122
1316439481 121
1316439542 119
1316439601 118
1316439661 116
1316439721 119
1316439781 116
1316439841 114
1316439901 114
1316439961 117
1316440021 118
1316440081 119
1316440141 118
1316440201 123
1316440261 122
1316440321 154
1316440382 164
1316440442 172
1316440501 168
1316440561 168
1316440621 173
1316440681 175
1316440741 173
1316440801 167
1316440861 169
1316440921 141
1316440981 134
1316441041 128
1316441104 126
1316441161 122
1316441221 121
1316441282 120
1316441341 117
1316441401 119
1316441461 116
1316441521 112
1316441581 109
1316441641 108
1316441701 110
1316441761 109
1316441821 106
1316441882 114
1316441941 116
1316442001 113
1316442061 113
1316442121 109
1316442181 108
1316442241 107
1316442301 109
1316442362 110
1316442421 108
1316442481 110
1316442541 108
1316442601 110
1316442661 109
1316442721 110
1316442781 113
1316442841 114
1316442901 116
1316442961 120
1316443022 122
1316443081 115
1316443141 117
1316443201 113
1316443261 110
1316443321 105
1316443381 105
1316443441 104
1316443501 99
1316443561 98
1316443621 96
1316443682 97
1316443742 96
1316443801 93
1316443861 94
1316443921 98
1316443981 97
1316444041 98
1316444101 98
1316444161 95
1316444221 93
1316444281 93
1316444341 95
1316444402 95
1316444461 94
1316444521 94
1316444581 94
1316444641 92
1316444701 89
1316444761 89
1316444821 89
1316444881 90
1316444942 84
1316445001 86
1316445061 86
1316445121 88
1316445181 87
1316445241 87
1316445301 89
1316445362 88
1316445421 87
1316445481 83
1316445541 87
1316445601 84
1316445661 81
1316445721 78
1316445781 74
1316445841 75
1316445901 73
1316445961 68
1316446022 69
1316446081 64
1316446141 65
1316446201 67
1316446261 68
1316446321 67
1316446381 67
1316446441 67
1316446501 67
1316446561 66
1316446621 64
1316446681 63
1316446742 60
1316446802 58
1316446861 58
1316446921 56
1316446981 52
1316447041 51
1316447101 50
1316447161 50
1316447221 52
1316447281 50
1316447341 46
1316447401 47
1316447461 47
1316447521 47
1316447581 46
1316447642 45
1316447701 43
1316447761 41
1316447821 40
1316447881 41
1316447941 39
1316448001 41
