1307894461 9
1307894521 9
1307894581 7
1307894642 10
1307894701 9
1307894761 10
1307894821 11
1307894881 11
1307894941 10
1307895001 12
1307895061 11
1307895121 10
1307895181 12
1307895241 11
1307895302 11
1307895361 9
1307895421 9
1307895481 10
1307895541 10
1307895601 8
1307895661 10
1307895721 9
1307895781 8
1307895841 9
1307895901 8
1307895961 9
1307896022 8
1307896081 7
1307896141 8
1307896201 7
1307896261 7
1307896321 8
1307896381 7
1307896441 8
1307896501 7
1307896561 7
1307896621 8
1307896681 8
1307896742 7
1307896801 8
1307896861 8
1307896921 7
1307896981 8
1307897041 6
1307897101 8
1307897161 7
1307897221 7
1307897281 8
1307897341 8
1307897401 7
1307897462 8
1307897521 8
1307897581 8
1307897641 9
1307897701 7
1307897761 9
1307897821 8
1307897881 9
1307897941 8
1307898001 9
1307898061 8
1307898121 6
1307898181 6
1307898241 5
1307898301 6
1307898361 4
1307898421 6
1307898481 5
1307898541 6
1307898601 5
1307898661 6
1307898722 6
1307898781 5
1307898841 6
1307898901 6
1307898961 5
1307899021 5
1307899081 6
1307899141 6
1307899201 6
1307899261 5
1307899321 7
1307899381 7
1307899441 6
1307899502 7
1307899561 7
1307899621 6
1307899681 6
1307899741 6
1307899801 7
1307899861 7
1307899921 5
1307899981 7
1307900041 7
1307900101 6
1307900162 7
1307900221 6
1307900281 6
1307900341 5
1307900401 6
1307900461 6
1307900521 6
1307900581 4
1307900641 6
1307900701 6
1307900761 5
1307900821 6
1307900882 5
1307900941 6
1307901001 4
1307901061 6
1307901121 6
1307901181 6
1307901241 5
1307901301 5
1307901361 6
1307901421 5
1307901481 6
1307901541 5
1307901602 6
1307901661 4
1307901721 7
1307901781 7
1307901841 7
1307901901 6
1307901961 6
1307902021 6
1307902081 5
1307902141 6
1307902201 5
1307902261 5
1307902322 2
1307902382 4
1307902441 4
1307902501 4
1307902561 4
1307902621 3
1307902681 3
1307902741 2
1307902801 3
1307902861 3
1307902921 3
1307902981 1
1307903041 3
1307903102 3
1307903161 3
1307903221 3
1307903281 3
1307903341 3
1307903401 2
1307903461 3
1307903521 3
1307903581 3
1307903641 2
1307903701 4
1307903761 4
1307903822 4
1307903881 5
1307903941 5
1307904001 6
1307904061 5
1307904121 6
1307904181 6
1307904241 5
1307904301 3
1307904361 5
1307904421 5
1307904481 4
1307904542 4
1307904601 3
1307904661 3
1307904721 2
1307904781 3
1307904841 3
1307904901 4
1307904961 2
1307905021 4
1307905081 4
1307905141 4
1307905202 4
1307905261 4
1307905321 4
1307905381 4
1307905441 3
1307905501 4
1307905561 4
1307905621 2
1307905681 4
1307905741 4
1307905802 4
1307905861 4
1307905921 4
1307905981 4
1307906041 4
1307906101 3
1307906161 3
1307906221 4
1307906281 3
1307906341 4
1307906401 4
1307906462 4
1307906521 4
1307906581 4
1307906641 4
1307906701 4
1307906761 3
1307906821 3
1307906881 4
1307906941 3
1307907001 4
1307907062 4
1307907122 4
1307907181 4
1307907241 4
1307907301 4
1307907361 4
1307907421 3
1307907481 3
1307907541 4
1307907601 4
1307907661 5
1307907721 6
1307907781 6
1307907842 6
1307907901 6
1307907961 6
1307908021 7
1307908081 6
1307908141 6
1307908201 7
1307908261 6
1307908321 6
1307908381 7
1307908442 7
1307908501 7
1307908561 7
1307908621 6
1307908681 6
1307908741 5
1307908801 4
1307908861 6
1307908921 5
1307908981 5
1307909041 6
1307909101 6
1307909162 6
1307909221 6
1307909281 6
1307909341 6
1307909401 5
1307909461 5
1307909521 5
1307909581 5
1307909641 5
1307909701 7
1307909761 7
1307909821 7
1307909881 7
1307909942 7
1307910001 7
1307910061 6
1307910121 6
1307910181 6
1307910241 6
1307910301 6
1307910361 6
1307910421 6
1307910481 5
1307910541 6
1307910601 6
1307910661 6
1307910722 5
1307910781 5
1307910841 5
1307910901 6
1307910961 5
1307911021 6
1307911081 6
1307911141 6
1307911201 6
1307911261 6
1307911321 6
1307911381 5
1307911441 5
1307911502 5
1307911561 6
1307911621 5
1307911681 6
1307911741 5
1307911801 5
1307911861 5
1307911921 5
1307911981 5
1307912041 4
1307912101 3
1307912161 4
1307912221 5
1307912282 4
1307912341 5
1307912401 5
1307912461 5
1307912521 5
1307912581 5
1307912641 5
1307912701 4
1307912761 3
1307912821 4
1307912881 5
1307912942 4
1307913001 5
1307913061 5
1307913121 5
1307913181 5
1307913241 5
1307913301 5
1307913361 4
1307913421 4
1307913481 3
1307913541 4
1307913601 3
1307913661 5
1307913722 5
1307913781 5
1307913841 5
1307913901 5
1307913961 5
1307914021 5
1307914081 5
1307914141 5
1307914201 6
1307914261 4
1307914321 6
1307914382 6
1307914441 6
1307914501 6
1307914561 6
1307914621 5
1307914681 4
1307914741 4
1307914801 4
1307914861 5
1307914921 3
1307914982 5
1307915041 5
1307915101 5
1307915161 5
1307915221 5
1307915281 5
1307915341 4
1307915401 4
1307915461 4
1307915521 5
1307915582 3
1307915641 5
1307915701 5
1307915761 5
1307915821 5
1307915881 5
1307915941 5
1307916001 4
1307916061 4
1307916121 4
1307916181 4
1307916241 2
1307916301 3
1307916361 3
1307916421 3
1307916482 3
1307916541 3
1307916601 3
1307916661 2
1307916721 3
1307916781 2
1307916841 3
1307916901 2
1307916961 3
1307917021 3
1307917081 3
1307917142 3
1307917201 3
1307917261 3
1307917321 3
1307917381 2
1307917441 3
1307917501 3
1307917561 3
1307917621 2
1307917681 2
1307917742 2
1307917801 2
1307917861 2
1307917921 2
1307917981 2
1307918041 1
1307918101 2
1307918161 2
1307918221 2
1307918281 2
1307918342 2
1307918401 2
1307918461 2
1307918521 2
1307918581 2
1307918641 2
1307918701 1
1307918761 3
1307918821 3
1307918882 3
1307918941 3
1307919001 3
1307919061 3
1307919121 3
1307919181 3
1307919241 3
1307919301 2
1307919361 1
1307919421 1
1307919481 1
1307919541 1
1307919602 1
1307919661 1
1307919721 1
1307919781 2
1307919841 2
1307919901 2
1307919961 2
1307920021 1
1307920081 2
1307920141 2
1307920201 2
1307920261 2
1307920322 2
1307920381 2
1307920441 2
1307920501 3
1307920561 3
1307920621 3
1307920681 2
1307920741 3
1307920801 3
1307920861 3
1307920921 3
1307920981 3
1307921042 2
1307921101 3
1307921161 3
1307921221 4
1307921281 4
1307921341 3
1307921401 4
1307921461 5
1307921521 5
1307921581 6
1307921642 6
1307921701 4
1307921761 8
1307921821 8
1307921881 8
1307921941 8
1307922001 8
1307922061 10
1307922121 10
1307922182 10
1307922241 12
1307922301 12
1307922361 10
1307922421 13
1307922481 14
1307922541 14
1307922601 14
1307922661 11
1307922721 15
1307922781 15
1307922841 14
1307922901 15
1307922962 14
1307923021 11
1307923081 12
1307923141 14
1307923201 14
1307923261 15
1307923321 11
1307923381 14
1307923441 15
1307923501 15
1307923561 15
1307923621 14
1307923681 14
1307923741 14
1307923801 15
1307923861 17
1307923921 17
1307923981 14
1307924041 15
1307924101 18
1307924161 18
1307924222 19
1307924281 18
1307924341 17
1307924401 19
1307924461 17
1307924521 19
1307924581 19
1307924641 16
1307924701 17
1307924761 19
1307924822 19
1307924881 21
1307924941 21
1307925001 20
1307925061 22
1307925121 22
1307925181 23
1307925241 24
1307925301 20
1307925361 23
1307925422 26
1307925481 26
1307925541 25
1307925601 24
1307925661 23
1307925721 26
1307925781 26
1307925841 26
1307925901 27
1307925961 22
1307926021 26
1307926082 24
1307926141 25
1307926201 27
1307926261 27
1307926321 27
1307926381 27
1307926441 28
1307926501 27
1307926561 27
1307926621 24
1307926681 27
1307926742 28
1307926801 28
1307926861 26
1307926921 26
1307926981 29
1307927041 28
1307927101 29
1307927161 28
1307927221 28
1307927281 28
1307927341 29
1307927402 27
1307927461 27
1307927521 26
1307927581 27
1307927641 28
1307927701 29
1307927761 30
1307927821 29
1307927881 27
1307927941 27
1307928001 29
1307928062 30
1307928121 31
1307928181 28
1307928241 30
1307928301 28
1307928361 31
1307928421 30
1307928481 31
1307928541 32
1307928601 32
1307928662 31
1307928721 29
1307928781 30
1307928841 30
1307928901 30
1307928961 29
1307929021 30
1307929081 29
1307929141 30
1307929201 30
1307929262 31
1307929321 33
1307929381 33
1307929441 32
1307929501 34
1307929561 34
1307929621 36
1307929681 34
1307929741 35
1307929801 34
1307929862 35
1307929921 33
1307929981 34
1307930041 34
1307930101 35
1307930161 35
1307930221 33
1307930281 35
1307930341 34
1307930401 37
1307930461 36
1307930521 37
1307930582 36
1307930641 34
1307930701 32
1307930761 34
1307930821 34
1307930881 34
1307930941 35
1307931001 36
1307931061 36
1307931121 36
1307931181 38
1307931241 38
1307931302 38
1307931361 39
1307931421 38
1307931481 38
1307931541 38
1307931601 36
1307931661 40
1307931721 39
1307931781 38
1307931841 38
1307931901 40
1307931961 38
1307932022 40
1307932081 38
1307932141 39
1307932201 39
1307932261 37
1307932321 41
1307932381 39
1307932441 40
1307932501 39
1307932561 41
1307932621 41
1307932681 41
1307932742 38
1307932801 39
1307932861 39
1307932921 39
1307932981 40
1307933041 41
1307933101 40
1307933161 42
1307933221 42
1307933281 42
1307933341 41
1307933401 40
1307933462 40
1307933521 41
1307933581 41
1307933641 38
1307933701 40
1307933761 38
1307933821 38
1307933881 41
1307933941 40
1307934001 41
1307934061 40
1307934121 41
1307934182 43
1307934241 43
1307934301 43
1307934361 43
1307934421 44
1307934481 45
1307934541 45
1307934601 43
1307934661 44
1307934721 44
1307934781 47
1307934842 48
1307934901 46
1307934961 45
1307935021 45
1307935081 44
1307935141 46
1307935201 44
1307935261 45
1307935321 43
1307935381 41
1307935441 44
1307935501 44
1307935562 43
1307935621 42
1307935681 41
1307935741 42
1307935801 40
1307935861 41
1307935921 42
1307935981 40
1307936041 37
1307936101 40
1307936161 40
1307936222 42
1307936281 42
1307936341 43
1307936401 43
1307936461 41
1307936521 42
1307936581 41
1307936641 43
1307936701 42
1307936761 41
1307936821 41
1307936881 41
1307936941 40
1307937001 40
1307937061 38
1307937121 39
1307937181 38
1307937241 37
1307937301 35
1307937361 38
1307937421 36
1307937481 34
1307937541 34
1307937602 35
1307937661 34
1307937721 36
1307937781 36
1307937841 37
1307937901 40
1307937961 41
1307938021 39
1307938081 41
1307938141 41
1307938201 42
1307938262 40
1307938321 39
1307938381 41
1307938441 40
1307938501 38
1307938561 37
1307938621 39
1307938681 38
1307938741 40
1307938801 41
1307938861 41
1307938921 42
1307938982 39
1307939041 40
1307939101 38
1307939161 39
1307939221 39
1307939281 40
1307939341 37
1307939401 40
1307939461 41
1307939521 39
1307939581 42
1307939641 42
1307939701 41
1307939761 43
1307939821 43
1307939881 45
1307939941 45
1307940001 42
1307940061 45
1307940121 44
1307940181 40
1307940242 42
1307940301 43
1307940361 42
1307940421 42
1307940481 41
1307940541 40
1307940601 40
1307940661 39
1307940721 40
1307940781 38
1307940841 39
1307940901 40
1307940962 38
1307941021 38
1307941081 37
1307941141 39
1307941201 38
1307941261 38
1307941321 40
1307941381 42
1307941441 43
1307941501 45
1307941561 44
1307941622 44
1307941681 46
1307941741 45
1307941801 47
1307941861 46
1307941921 44
1307941981 45
1307942041 42
1307942101 41
1307942161 41
1307942221 42
1307942281 42
1307942342 43
1307942402 43
1307942461 43
1307942521 44
1307942581 43
1307942641 46
1307942701 45
1307942761 48
1307942821 49
1307942881 47
1307942941 48
1307943001 46
1307943062 47
1307943122 47
1307943181 46
1307943241 48
1307943301 51
1307943361 49
1307943421 50
1307943481 47
1307943541 49
1307943601 51
1307943661 50
1307943722 51
1307943781 49
1307943841 45
1307943901 46
1307943961 47
1307944021 48
1307944081 49
1307944141 51
1307944201 53
1307944261 53
1307944321 54
1307944382 54
1307944441 52
1307944501 52
1307944561 54
1307944621 56
1307944681 57
1307944741 55
1307944801 55
1307944861 56
1307944921 54
1307944982 55
1307945042 55
1307945101 54
1307945161 55
1307945221 52
1307945281 53
1307945341 53
1307945401 51
1307945461 51
1307945521 54
1307945581 53
1307945641 53
1307945701 55
1307945762 52
1307945821 50
1307945881 55
1307945941 53
1307946001 55
1307946061 55
1307946121 57
1307946181 58
1307946241 59
1307946301 58
1307946362 58
1307946421 57
1307946481 55
1307946541 57
1307946601 55
1307946661 56
1307946721 55
1307946781 56
1307946841 58
1307946901 57
1307946961 59
1307947022 59
1307947081 58
1307947141 59
1307947201 59
1307947261 57
1307947321 55
1307947381 58
1307947441 56
1307947501 57
1307947561 54
1307947621 57
1307947682 56
1307947741 56
1307947801 58
1307947861 59
1307947921 58
1307947981 59
1307948041 61
1307948101 62
1307948162 62
1307948221 61
1307948281 61
1307948341 60
1307948401 64
1307948461 64
1307948521 63
1307948581 60
1307948641 59
1307948701 57
1307948761 57
1307948821 59
1307948882 60
1307948941 59
1307949001 59
1307949061 56
1307949121 58
1307949181 59
1307949241 63
1307949301 61
1307949361 62
1307949421 61
1307949481 58
1307949542 58
1307949601 52
1307949661 58
1307949721 56
1307949781 58
1307949841 54
1307949901 53
1307949961 54
1307950021 55
1307950081 56
1307950141 53
1307950201 54
1307950261 53
1307950322 51
1307950381 49
1307950441 51
1307950501 50
1307950561 51
1307950621 48
1307950681 51
1307950741 52
1307950801 51
1307950861 53
1307950922 53
1307950981 50
1307951041 48
1307951101 49
1307951161 46
1307951221 48
1307951281 43
1307951341 48
1307951401 49
1307951462 45
1307951522 49
1307951581 49
1307951641 48
1307951701 49
1307951761 49
1307951821 50
1307951881 50
1307951941 46
1307952001 46
1307952061 44
1307952121 43
1307952181 43
1307952242 45
1307952301 46
1307952361 44
1307952421 43
1307952481 46
1307952541 43
1307952601 43
1307952661 41
1307952721 43
1307952781 42
1307952841 39
1307952901 37
1307952962 35
1307953021 37
1307953081 36
1307953141 37
1307953201 35
1307953261 36
1307953321 34
1307953381 37
1307953441 36
1307953501 36
1307953561 36
1307953621 33
1307953682 34
1307953741 33
1307953801 33
1307953861 34
1307953921 33
1307953981 30
1307954041 32
1307954101 31
1307954161 32
1307954221 31
1307954281 29
1307954341 31
1307954402 28
1307954461 29
1307954521 29
1307954581 29
1307954641 29
1307954701 29
1307954761 28
1307954821 27
1307954881 26
1307954941 26
1307955001 26
1307955062 26
1307955121 25
1307955181 25
1307955241 22
1307955301 23
1307955361 24
1307955421 22
1307955481 21
1307955541 21
1307955601 22
1307955661 21
1307955722 22
1307955781 21
1307955841 20
1307955901 22
1307955961 21
1307956021 23
1307956081 25
1307956141 22
1307956201 21
1307956261 23
1307956321 20
1307956382 22
1307956441 23
1307956501 22
1307956561 21
1307956621 21
1307956681 20
1307956741 20
1307956801 18
1307956861 19
1307956921 19
1307956981 17
1307957041 17
1307957101 17
1307957162 21
1307957221 20
1307957281 20
1307957341 19
1307957401 18
1307957461 17
1307957521 19
1307957581 19
1307957641 19
1307957701 18
1307957761 15
1307957821 17
1307957881 19
1307957941 18
1307958001 19
1307958061 18
1307958121 15
1307958181 16
1307958241 18
1307958301 18
1307958361 18
1307958421 17
1307958482 17
1307958542 18
1307958601 18
1307958661 17
1307958721 18
1307958781 17
1307958841 15
1307958901 13
1307958961 13
1307959021 12
1307959081 13
1307959142 13
1307959201 15
1307959261 14
1307959321 16
1307959381 15
1307959441 15
1307959501 16
1307959561 15
1307959621 14
1307959681 14
1307959741 14
1307959801 14
1307959861 15
1307959922 13
1307959981 14
1307960041 12
1307960101 10
1307960161 12
1307960221 13
1307960281 11
1307960341 11
1307960401 8
1307960461 8
1307960522 10
1307960581 9
1307960641 10
1307960701 10
1307960761 8
1307960821 8
1307960881 8
1307960941 7
1307961001 8
1307961061 9
1307961121 9
1307961182 8
1307961241 8
1307961301 9
1307961361 10
1307961421 8
1307961481 10
1307961541 10
1307961601 9
1307961661 8
1307961721 7
1307961781 8
1307961841 9
1307961902 9
1307961961 8
1307962021 8
1307962081 7
1307962141 8
1307962201 8
1307962261 7
1307962321 8
1307962381 6
1307962441 6
1307962502 9
1307962561 11
1307962621 11
1307962681 10
1307962741 10
1307962801 10
1307962861 11
1307962921 12
1307962981 12
1307963041 12
1307963101 10
1307963162 12
1307963221 12
1307963281 12
1307963341 11
1307963401 14
1307963461 15
1307963521 14
1307963581 14
1307963641 14
1307963701 13
1307963761 12
1307963821 13
1307963882 15
1307963941 16
1307964001 15
1307964061 13
1307964121 16
1307964181 16
1307964241 15
1307964301 16
1307964361 15
1307964421 15
1307964481 15
1307964541 16
1307964602 16
1307964662 15
1307964721 12
1307964781 14
1307964841 14
1307964901 14
1307964961 15
1307965021 16
1307965081 16
1307965141 14
1307965201 15
1307965261 15
1307965322 15
1307965381 16
1307965441 18
1307965501 17
1307965562 14
1307965621 14
1307965681 15
1307965741 15
1307965801 15
1307965861 16
1307965921 16
1307965981 14
1307966041 12
1307966101 15
1307966161 14
1307966222 14
1307966281 14
1307966341 15
1307966401 13
1307966461 14
1307966521 15
1307966581 15
1307966641 16
1307966701 16
1307966761 16
1307966821 17
1307966882 18
1307966941 17
1307967001 18
1307967061 17
1307967121 17
1307967181 19
1307967241 19
1307967301 19
1307967361 20
1307967421 18
1307967481 20
1307967541 21
1307967602 23
1307967661 23
1307967721 23
1307967781 21
1307967841 21
1307967901 20
1307967961 21
1307968021 20
1307968081 18
1307968141 19
1307968202 18
1307968261 18
1307968321 18
1307968381 20
1307968441 20
1307968501 20
1307968561 20
1307968621 19
1307968681 19
1307968741 19
1307968801 20
1307968862 22
1307968921 23
1307968981 22
1307969041 23
1307969101 22
1307969161 21
1307969221 23
1307969281 22
1307969341 24
1307969401 22
1307969461 22
1307969522 23
1307969581 22
1307969641 22
1307969701 22
1307969761 21
1307969821 22
1307969881 22
1307969941 19
1307970001 21
1307970061 20
1307970121 21
1307970182 21
1307970241 19
1307970301 22
1307970361 24
1307970421 24
1307970481 24
1307970541 23
1307970601 22
1307970661 21
1307970721 22
1307970782 22
1307970841 24
1307970901 23
1307970961 24
1307971021 24
1307971081 24
1307971141 25
1307971201 26
1307971261 26
1307971321 24
1307971381 26
1307971442 29
1307971501 28
1307971561 27
1307971621 30
1307971681 28
1307971741 27
1307971801 26
1307971861 25
1307971921 24
1307971981 25
1307972041 23
1307972101 23
1307972161 23
1307972221 21
1307972281 23
1307972341 24
1307972401 25
1307972461 24
1307972521 24
1307972582 23
1307972641 22
1307972701 25
1307972761 26
1307972821 24
1307972881 28
1307972941 27
1307973001 27
1307973061 27
1307973121 27
1307973182 25
1307973241 25
1307973301 25
1307973361 23
1307973421 26
1307973481 25
1307973541 25
1307973601 24
1307973661 24
1307973721 23
1307973782 24
1307973842 23
1307973901 23
1307973961 23
1307974021 21
1307974081 21
1307974141 24
1307974201 26
1307974261 26
1307974321 25
1307974382 25
1307974441 23
1307974501 23
1307974561 22
1307974621 24
1307974681 22
1307974741 20
1307974801 22
1307974861 22
1307974921 21
1307974981 22
1307975042 22
1307975101 20
1307975161 21
1307975221 19
1307975281 20
1307975341 19
1307975401 21
1307975461 20
1307975521 22
1307975581 22
1307975642 22
1307975701 22
1307975761 20
1307975821 20
1307975881 19
1307975941 19
1307976001 16
1307976061 17
1307976121 17
1307976181 15
1307976242 17
1307976301 16
1307976361 15
1307976421 15
1307976481 14
1307976541 16
1307976601 15
1307976661 16
1307976721 17
1307976781 18
1307976842 17
1307976901 17
1307976961 17
1307977021 17
1307977081 16
1307977141 14
1307977201 12
1307977261 12
1307977321 14
1307977381 13
1307977441 13
1307977502 14
1307977561 14
1307977621 13
1307977681 14
1307977741 14
1307977801 12
1307977861 12
1307977921 11
1307977981 12
1307978041 11
1307978102 10
1307978162 12
1307978221 12
1307978281 12
1307978341 12
1307978401 12
1307978461 10
1307978521 10
1307978581 12
1307978641 13
1307978701 13
1307978762 11
1307978821 13
1307978881 12
1307978941 13
1307979001 13
1307979061 13
1307979121 11
1307979181 13
1307979241 13
1307979301 13
1307979361 13
1307979422 12
1307979481 12
1307979541 11
1307979601 12
1307979661 11
1307979721 12
1307979781 11
1307979841 11
1307979901 10
1307979962 10
1307980021 10
1307980081 9
1307980141 9
1307980201 9
1307980261 9
1307980321 8
1307980381 8
1307980441 6
1307980501 8
1307980562 8
1307980622 8
1307980681 9
1307980741 11
1307980801 11
