1316188861 38
1316188922 37
1316188981 38
1316189041 34
1316189101 33
1316189161 35
1316189221 33
1316189281 33
1316189341 33
1316189401 32
1316189462 33
1316189521 33
1316189581 33
1316189641 32
1316189701 31
1316189761 30
1316189821 30
1316189881 30
1316189941 29
1316190001 29
1316190061 29
1316190122 30
1316190182 30
1316190241 30
1316190301 31
1316190361 29
1316190421 30
1316190481 30
1316190541 30
1316190601 31
1316190661 31
1316190721 30
1316190782 32
1316190841 31
1316190901 31
1316190961 33
1316191021 34
1316191081 34
1316191141 33
1316191201 31
1316191261 33
1316191321 35
1316191382 32
1316191442 32
1316191501 32
1316191561 33
1316191621 30
1316191681 31
1316191741 30
1316191801 30
1316191861 30
1316191921 27
1316191982 26
1316192041 24
1316192101 25
1316192161 24
1316192221 25
1316192281 25
1316192341 26
1316192401 25
1316192461 23
1316192521 21
1316192581 24
1316192641 23
1316192701 22
1316192761 22
1316192822 22
1316192882 22
1316192941 21
1316193001 24
1316193061 22
1316193121 21
1316193181 20
1316193241 22
1316193301 20
1316193361 20
1316193421 19
1316193481 19
1316193541 21
1316193601 19
1316193661 20
1316193722 19
1316193782 16
1316193841 19
1316193901 20
1316193961 18
1316194021 17
1316194081 17
1316194141 17
1316194201 16
1316194261 15
1316194321 16
1316194381 15
1316194442 14
1316194501 15
1316194561 16
1316194621 15
1316194681 16
1316194741 16
1316194801 17
1316194861 17
1316194922 16
1316194981 17
1316195041 17
1316195101 15
1316195161 15
1316195221 16
1316195282 15
1316195341 15
1316195401 16
1316195461 17
1316195521 17
1316195581 16
1316195641 16
1316195701 16
1316195761 16
1316195821 15
1316195882 16
1316195942 15
1316196001 15
1316196061 15
1316196121 16
1316196181 17
1316196241 17
1316196301 16
1316196361 16
1316196421 16
1316196481 16
1316196541 16
1316196602 16
1316196661 16
1316196721 16
1316196781 16
1316196841 15
1316196902 16
1316196962 14
1316197021 16
1316197081 15
1316197141 15
1316197201 14
1316197261 15
1316197321 15
1316197381 15
1316197441 14
1316197501 14
1316197562 15
1316197621 13
1316197681 13
1316197741 14
1316197801 14
1316197861 12
1316197921 14
1316197981 14
1316198041 14
1316198101 15
1316198162 14
1316198221 15
1316198281 14
1316198341 14
1316198401 15
1316198461 15
1316198521 13
1316198581 15
1316198641 15
1316198701 12
1316198761 14
1316198822 13
1316198881 14
1316198941 13
1316199001 14
1316199061 14
1316199121 14
1316199181 13
1316199241 15
1316199301 15
1316199362 13
1316199422 14
1316199481 15
1316199541 15
1316199601 14
1316199661 14
1316199721 15
1316199781 14
1316199841 13
1316199901 15
1316199961 15
1316200022 15
1316200081 14
1316200141 14
1316200201 15
1316200261 16
1316200321 14
1316200381 16
1316200441 16
1316200501 14
1316200561 16
1316200621 15
1316200682 17
1316200741 16
1316200801 15
1316200861 17
1316200921 17
1316200981 15
1316201041 14
1316201101 15
1316201161 14
1316201221 14
1316201282 13
1316201342 15
1316201401 15
1316201461 12
1316201521 14
1316201581 13
1316201641 13
1316201701 13
1316201761 14
1316201822 13
1316201882 12
1316201941 11
1316202001 12
1316202061 13
1316202121 11
1316202181 13
1316202241 12
1316202301 12
1316202362 11
1316202422 13
1316202481 13
1316202541 13
1316202601 12
1316202661 12
1316202721 13
1316202781 12
1316202841 13
1316202901 13
1316202962 12
1316203021 13
1316203081 13
1316203141 11
1316203201 12
1316203261 11
1316203321 12
1316203381 11
1316203441 12
1316203501 12
1316203562 13
1316203622 10
1316203681 13
1316203741 13
1316203803 12
1316203861 13
1316203921 13
1316203981 12
1316204041 11
1316204101 11
1316204161 11
1316204222 12
1316204281 10
1316204341 12
1316204401 12
1316204461 11
1316204521 11
1316204581 12
1316204641 12
1316204701 11
1316204762 11
1316204821 11
1316204881 11
1316204941 10
1316205001 12
1316205061 12
1316205121 11
1316205181 11
1316205242 11
1316205302 10
1316205361 10
1316205421 10
1316205481 10
1316205541 11
1316205601 9
1316205661 10
1316205721 11
1316205781 10
1316205842 10
1316205901 11
1316205961 10
1316206021 10
1316206081 10
1316206141 9
1316206201 11
1316206261 9
1316206321 10
1316206382 11
1316206441 11
1316206501 9
1316206561 11
1316206621 10
1316206681 10
1316206741 10
1316206801 10
1316206861 10
1316206922 9
1316206981 10
1316207041 11
1316207101 11
1316207161 9
1316207221 11
1316207281 10
1316207341 10
1316207402 10
1316207461 11
1316207521 11
1316207581 12
1316207641 11
1316207701 11
1316207761 11
1316207821 9
1316207881 11
1316207942 10
1316208001 10
1316208061 10
1316208121 10
1316208181 8
1316208241 10
1316208301 10
1316208362 10
1316208422 10
1316208481 8
1316208541 10
1316208601 8
1316208661 9
1316208721 9
1316208781 9
1316208841 7
1316208902 10
1316208961 10
1316209021 10
1316209081 10
1316209141 9
1316209201 10
1316209261 8
1316209321 9
1316209381 9
1316209442 10
1316209502 8
1316209561 10
1316209621 10
1316209681 10
1316209741 9
1316209801 9
1316209861 9
1316209921 7
1316209981 8
1316210042 8
1316210101 9
1316210161 7
1316210221 9
1316210281 9
1316210341 9
1316210401 9
1316210461 9
1316210521 9
1316210581 8
1316210641 9
1316210702 7
1316210761 9
1316210821 8
1316210881 9
1316210941 9
1316211001 8
1316211061 9
1316211121 9
1316211182 8
1316211241 8
1316211301 9
1316211361 7
1316211421 10
1316211481 10
1316211542 11
1316211601 11
1316211661 11
1316211721 12
1316211781 13
1316211841 13
1316211901 15
1316211961 17
1316212021 15
1316212082 17
1316212141 17
1316212201 18
1316212261 18
1316212321 18
1316212381 18
1316212441 19
1316212501 19
1316212561 16
1316212621 16
1316212681 15
1316212742 17
1316212801 21
1316212861 21
1316212921 21
1316212981 21
1316213041 21
1316213101 21
1316213161 22
1316213222 22
1316213282 23
1316213341 20
1316213401 17
1316213461 22
1316213521 22
1316213581 21
1316213641 21
1316213701 20
1316213761 20
1316213821 19
1316213882 18
1316213942 19
1316214001 18
1316214061 16
1316214121 18
1316214181 19
1316214241 19
1316214301 20
1316214362 20
1316214422 21
1316214481 20
1316214541 22
1316214601 23
1316214661 22
1316214721 22
1316214781 23
1316214841 23
1316214901 21
1316214962 21
1316215021 21
1316215081 18
1316215141 17
1316215201 19
1316215261 20
1316215321 17
1316215381 18
1316215442 19
1316215501 20
1316215561 21
1316215621 21
1316215681 23
1316215741 22
1316215801 22
1316215861 21
1316215922 25
1316215982 22
1316216041 22
1316216101 23
1316216161 23
1316216221 25
1316216282 24
1316216341 26
1316216401 26
1316216461 27
1316216521 28
1316216581 30
1316216641 30
1316216701 31
1316216761 30
1316216821 29
1316216882 31
1316216941 30
1316217001 30
1316217061 31
1316217121 29
1316217181 32
1316217241 32
1316217301 32
1316217361 32
1316217421 32
1316217482 32
1316217541 32
1316217601 34
1316217661 34
1316217721 33
1316217781 33
1316217841 37
1316217901 38
1316217961 39
1316218021 42
1316218081 41
1316218141 42
1316218202 42
1316218261 42
1316218321 41
1316218381 41
1316218441 41
1316218501 40
1316218561 40
1316218621 38
1316218681 41
1316218741 39
1316218801 37
1316218861 36
1316218922 37
1316218982 34
1316219041 36
1316219101 41
1316219161 42
1316219221 44
1316219281 42
1316219341 43
1316219401 42
1316219461 46
1316219522 47
1316219582 47
1316219641 47
1316219701 47
1316219761 50
1316219821 50
1316219881 54
1316219941 56
1316220001 58
1316220061 56
1316220122 58
1316220181 58
1316220241 55
1316220301 54
1316220361 54
1316220421 55
1316220481 56
1316220541 55
1316220601 56
1316220662 55
1316220721 59
1316220781 63
1316220841 65
1316220901 67
1316220961 66
1316221021 64
1316221081 65
1316221142 66
1316221202 65
1316221261 65
1316221321 64
1316221381 65
1316221441 63
1316221501 66
1316221561 70
1316221621 70
1316221681 70
1316221742 68
1316221801 69
1316221861 71
1316221921 70
1316221981 70
1316222041 71
1316222101 70
1316222161 69
1316222221 72
1316222281 70
1316222342 73
1316222401 71
1316222461 70
1316222521 70
1316222581 68
1316222641 70
1316222701 70
1316222761 71
1316222822 66
1316222881 72
1316222941 71
1316223001 74
1316223061 73
1316223121 74
1316223181 74
1316223241 77
1316223301 74
1316223361 76
1316223421 76
1316223482 80
1316223541 79
1316223601 82
1316223661 85
1316223721 84
1316223781 84
1316223841 81
1316223901 83
1316223961 84
1316224022 85
1316224082 90
1316224141 96
1316224201 94
1316224261 96
1316224321 99
1316224381 102
1316224441 105
1316224501 105
1316224562 105
1316224621 105
1316224681 99
1316224741 96
1316224801 96
1316224861 97
1316224921 103
1316224981 105
1316225041 104
1316225101 104
1316225162 102
1316225222 102
1316225281 103
1316225341 103
1316225402 105
1316225462 107
1316225522 101
1316225581 102
1316225641 104
1316225701 104
1316225761 104
1316225821 108
1316225881 111
1316225941 110
1316226001 112
1316226062 116
1316226121 116
1316226181 115
1316226241 116
1316226301 112
1316226361 111
1316226421 113
1316226481 114
1316226541 112
1316226601 113
1316226661 116
1316226721 117
1316226781 116
1316226841 114
1316226901 116
1316226962 118
1316227021 113
1316227081 112
1316227141 113
1316227201 109
1316227261 106
1316227321 105
1316227381 110
1316227442 110
1316227502 113
1316227561 111
1316227621 114
1316227681 113
1316227741 112
1316227801 108
1316227861 113
1316227921 109
1316227981 107
1316228042 107
1316228101 102
1316228161 106
1316228221 110
1316228281 107
1316228341 105
1316228401 104
1316228461 102
1316228521 106
1316228582 107
1316228641 108
1316228701 111
1316228761 110
1316228821 111
1316228881 112
1316228941 112
1316229001 111
1316229061 110
1316229122 110
1316229182 109
1316229241 109
1316229301 108
1316229361 110
1316229421 109
1316229481 108
1316229541 111
1316229602 112
1316229661 106
1316229721 108
1316229781 107
1316229841 108
1316229901 107
1316229961 102
1316230021 99
1316230081 101
1316230141 101
1316230202 100
1316230262 99
1316230321 99
1316230381 98
1316230441 95
1316230501 99
1316230561 102
1316230621 101
1316230681 100
1316230741 96
1316230802 97
1316230861 94
1316230921 92
1316230981 92
1316231041 91
1316231101 87
1316231161 87
1316231221 84
1316231281 84
1316231341 83
1316231402 85
1316231461 86
1316231521 89
1316231581 84
1316231641 88
1316231701 86
1316231761 83
1316231821 87
1316231881 84
1316231941 81
1316232001 82
1316232061 79
1316232121 79
1316232181 82
1316232241 80
1316232301 77
1316232361 80
1316232422 79
1316232481 81
1316232541 81
1316232601 78
1316232661 79
1316232721 75
1316232781 74
1316232841 71
1316232901 72
1316232961 72
1316233022 69
1316233081 70
1316233141 67
1316233201 66
1316233261 66
1316233321 65
1316233381 63
1316233441 64
1316233501 63
1316233562 67
1316233621 69
1316233681 66
1316233741 71
1316233801 73
1316233861 71
1316233921 70
1316233981 69
1316234041 69
1316234102 70
1316234162 67
1316234221 65
1316234281 65
1316234341 63
1316234401 65
1316234461 65
1316234521 64
1316234581 64
1316234641 64
1316234702 64
1316234761 64
1316234821 64
1316234881 61
1316234941 62
1316235001 63
1316235061 65
1316235121 62
1316235181 64
1316235242 66
1316235301 64
1316235361 64
1316235421 65
1316235481 64
1316235541 62
1316235601 59
1316235661 60
1316235721 60
1316235781 58
1316235842 53
1316235901 53
1316235961 52
1316236021 50
1316236081 53
1316236141 52
1316236201 53
1316236261 54
1316236321 57
1316236381 56
1316236442 57
1316236502 55
1316236561 54
1316236621 54
1316236681 54
1316236741 55
1316236801 54
1316236861 50
1316236921 52
1316236982 52
1316237042 53
1316237101 50
1316237161 52
1316237221 49
1316237281 52
1316237341 51
1316237401 56
1316237461 54
1316237521 53
1316237582 54
1316237641 54
1316237701 56
1316237761 57
1316237821 57
1316237881 56
1316237941 57
1316238001 55
1316238061 56
1316238121 58
1316238182 56
1316238242 53
1316238301 54
1316238361 51
1316238421 53
1316238481 53
1316238542 55
1316238602 54
1316238661 53
1316238721 54
1316238781 54
1316238841 58
1316238901 55
1316238961 58
1316239021 55
1316239081 54
1316239142 54
1316239201 57
1316239261 59
1316239321 58
1316239381 60
1316239441 57
1316239501 62
1316239561 60
1316239621 61
1316239681 61
1316239742 61
1316239801 59
1316239861 60
1316239921 63
1316239981 63
1316240041 66
1316240101 64
1316240161 65
1316240221 68
1316240281 68
1316240341 70
1316240401 71
1316240461 69
1316240522 67
1316240582 71
1316240641 67
1316240701 70
1316240761 70
1316240821 68
1316240881 70
1316240941 73
1316241001 74
1316241062 71
1316241121 71
1316241181 71
1316241241 73
1316241301 73
1316241361 75
1316241421 73
1316241481 74
1316241541 73
1316241601 75
1316241662 74
1316241721 74
1316241781 74
1316241841 76
1316241901 77
1316241961 76
1316242021 77
1316242081 75
1316242141 74
1316242201 71
1316242261 77
1316242321 75
1316242381 72
1316242441 74
1316242501 76
1316242561 73
1316242621 74
1316242681 76
1316242741 73
1316242802 72
1316242861 72
1316242921 69
1316242981 72
1316243041 71
1316243101 71
1316243161 74
1316243221 75
1316243281 75
1316243341 74
1316243402 74
1316243461 73
1316243521 76
1316243581 73
1316243641 73
1316243701 73
1316243761 74
1316243821 74
1316243881 77
1316243942 78
1316244001 79
1316244061 80
1316244121 82
1316244181 83
1316244241 84
1316244301 85
1316244361 82
1316244421 83
1316244481 82
1316244542 84
1316244601 85
1316244661 82
1316244721 82
1316244781 82
1316244841 86
1316244901 87
1316244961 88
1316245021 87
1316245081 88
1316245142 88
1316245201 86
1316245261 87
1316245321 85
1316245381 86
1316245441 81
1316245501 79
1316245561 80
1316245621 79
1316245681 82
1316245742 81
1316245802 82
1316245861 83
1316245921 86
1316245981 87
1316246041 84
1316246101 84
1316246161 88
1316246221 90
1316246282 88
1316246342 85
1316246401 89
1316246461 89
1316246521 86
1316246581 85
1316246641 88
1316246701 85
1316246761 83
1316246821 80
1316246881 82
1316246941 79
1316247002 82
1316247061 84
1316247121 87
1316247181 85
1316247241 85
1316247301 86
1316247361 83
1316247421 85
1316247481 89
1316247542 89
1316247601 86
1316247661 86
1316247721 84
1316247781 85
1316247841 85
1316247901 84
1316247961 87
1316248021 87
1316248082 84
1316248141 85
1316248201 82
1316248261 83
1316248321 81
1316248381 81
1316248441 81
1316248501 81
1316248561 81
1316248622 81
1316248681 80
1316248741 81
1316248801 81
1316248861 79
1316248921 81
1316248981 79
1316249041 77
1316249101 76
1316249161 74
1316249221 76
1316249281 74
1316249341 73
1316249401 77
1316249461 75
1316249521 74
1316249581 74
1316249641 75
1316249701 76
1316249762 73
1316249821 75
1316249881 76
1316249941 74
1316250001 73
1316250061 74
1316250121 75
1316250181 75
1316250241 75
1316250301 75
1316250362 75
1316250421 76
1316250481 77
1316250541 77
1316250601 75
1316250661 77
1316250721 76
1316250781 80
1316250841 78
1316250902 77
1316250961 78
1316251021 78
1316251081 75
1316251141 75
1316251201 74
1316251261 68
1316251321 72
1316251381 69
1316251441 67
1316251502 70
1316251561 67
1316251621 63
1316251681 68
1316251741 68
1316251801 69
1316251861 67
1316251921 64
1316251981 68
1316252042 68
1316252102 66
1316252161 68
1316252221 66
1316252281 64
1316252341 66
1316252401 65
1316252461 65
1316252521 65
1316252581 65
1316252642 67
1316252702 66
1316252761 64
1316252821 69
1316252881 68
1316252941 67
1316253001 68
1316253061 70
1316253121 69
1316253181 67
1316253242 67
1316253301 65
1316253361 68
1316253421 66
1316253481 64
1316253541 66
1316253601 66
1316253661 63
1316253721 64
1316253782 63
1316253842 63
1316253901 64
1316253961 63
1316254021 64
1316254081 65
1316254141 64
1316254201 61
1316254261 63
1316254321 64
1316254382 66
1316254441 61
1316254501 61
1316254561 58
1316254621 58
1316254681 59
1316254741 58
1316254801 61
1316254861 61
1316254921 60
1316254981 58
1316255042 61
1316255101 62
1316255161 64
1316255221 64
1316255281 62
1316255341 64
1316255401 63
1316255461 63
1316255521 64
1316255581 63
1316255642 63
1316255701 63
1316255761 62
1316255821 60
1316255881 59
1316255941 58
1316256001 57
1316256061 56
1316256122 57
1316256181 57
1316256241 54
1316256301 58
1316256361 57
1316256421 57
1316256481 59
1316256541 58
1316256601 56
1316256662 56
1316256722 54
1316256781 57
1316256841 56
1316256901 52
1316256961 56
1316257021 55
1316257081 57
1316257141 56
1316257202 59
1316257262 60
1316257321 59
1316257381 55
1316257441 58
1316257501 56
1316257561 52
1316257621 53
1316257681 51
1316257741 52
1316257802 53
1316257861 51
1316257921 53
1316257981 57
1316258041 55
1316258101 56
1316258161 55
1316258221 54
1316258281 54
1316258341 52
1316258402 53
1316258461 50
1316258521 51
1316258581 48
1316258641 52
1316258701 51
1316258761 53
1316258821 52
1316258881 53
1316258941 54
1316259002 53
1316259061 55
1316259121 53
1316259181 54
1316259241 52
1316259301 54
1316259361 54
1316259421 56
1316259482 55
1316259541 56
1316259601 55
1316259661 57
1316259721 55
1316259781 53
1316259841 55
1316259901 54
1316259961 53
1316260022 50
1316260081 51
1316260141 53
1316260201 53
1316260261 55
1316260321 55
1316260381 56
1316260441 57
1316260502 55
1316260561 56
1316260621 56
1316260681 56
1316260741 54
1316260801 52
1316260861 52
1316260921 56
1316260981 55
1316261042 51
1316261101 52
1316261161 52
1316261221 54
1316261281 53
1316261341 52
1316261401 55
1316261461 52
1316261522 53
1316261581 53
1316261641 56
1316261701 57
1316261761 60
1316261821 60
1316261881 60
1316261941 61
1316262001 64
1316262062 65
1316262121 62
1316262181 63
1316262241 63
1316262301 64
1316262361 65
1316262421 65
1316262481 65
1316262541 67
1316262601 62
1316262661 63
1316262721 63
1316262782 63
1316262841 63
1316262901 66
1316262961 65
1316263021 63
1316263081 64
1316263141 66
1316263201 70
1316263261 68
1316263322 70
1316263382 69
1316263441 69
1316263501 67
1316263561 68
1316263621 69
1316263681 68
1316263741 69
1316263801 65
1316263862 65
1316263922 66
1316263981 67
1316264041 68
1316264101 68
1316264161 67
1316264221 66
1316264281 68
1316264341 66
1316264401 67
1316264462 67
1316264521 67
1316264581 69
1316264641 70
1316264701 72
1316264761 72
1316264821 72
1316264881 69
1316264941 74
1316265002 78
1316265062 77
1316265121 81
1316265181 80
1316265241 77
1316265301 77
1316265361 80
1316265421 82
1316265481 79
1316265541 76
1316265602 75
1316265661 75
1316265721 73
1316265781 74
1316265841 72
1316265901 73
1316265961 70
1316266021 73
1316266081 75
1316266142 75
1316266201 73
1316266261 78
1316266321 73
1316266381 73
1316266441 78
1316266501 73
1316266561 72
1316266622 69
1316266681 73
1316266741 71
1316266801 67
1316266861 69
1316266921 72
1316266981 73
1316267041 73
1316267102 74
1316267162 74
1316267221 74
1316267281 72
1316267341 75
1316267401 74
1316267461 73
1316267521 75
1316267581 73
1316267642 71
1316267702 72
1316267761 73
1316267821 68
1316267881 71
1316267941 70
1316268001 71
1316268061 70
1316268121 72
1316268182 71
1316268241 72
1316268301 71
1316268361 71
1316268421 72
1316268481 69
1316268541 66
1316268601 64
1316268662 62
1316268721 63
1316268781 66
1316268841 65
1316268901 65
1316268961 69
1316269021 69
1316269081 69
1316269141 70
1316269202 75
1316269261 73
1316269321 68
1316269381 69
1316269441 72
1316269501 73
1316269561 71
1316269621 72
1316269682 69
1316269741 69
1316269801 66
1316269861 66
1316269921 65
1316269981 64
1316270041 69
1316270101 70
1316270161 69
1316270222 71
1316270281 70
1316270341 70
1316270401 71
1316270461 71
1316270521 71
1316270581 70
1316270641 68
1316270702 74
1316270761 72
1316270821 73
1316270881 75
1316270941 75
1316271001 75
1316271061 75
1316271121 75
1316271181 73
1316271242 72
1316271301 70
1316271361 73
1316271421 71
1316271481 70
1316271541 70
1316271601 70
1316271661 67
1316271721 69
1316271781 69
1316271842 70
1316271901 68
1316271961 66
1316272021 69
1316272081 69
1316272141 69
1316272201 70
1316272261 70
1316272321 67
1316272382 66
1316272442 61
1316272501 60
1316272561 59
1316272621 58
1316272681 60
1316272741 59
1316272801 60
1316272861 59
1316272924 56
1316272981 59
1316273041 58
1316273101 57
1316273161 55
1316273221 57
1316273281 58
1316273341 58
1316273401 56
1316273461 57
1316273521 59
1316273582 57
1316273641 56
1316273701 56
1316273761 56
1316273821 53
1316273881 49
1316273941 49
1316274001 47
1316274062 46
1316274122 43
1316274181 42
1316274241 41
1316274301 39
1316274361 43
1316274421 40
1316274481 42
1316274541 41
1316274602 41
1316274661 42
1316274721 42
1316274781 42
1316274841 41
1316274901 42
1316274961 38
1316275021 38
1316275081 38
1316275142 40
1316275202 39
