1307721661 9
1307721721 9
1307721781 7
1307721841 9
1307721901 9
1307721961 8
1307722021 9
1307722082 8
1307722141 10
1307722201 10
1307722261 9
1307722321 10
1307722381 10
1307722441 8
1307722501 8
1307722561 9
1307722621 8
1307722681 9
1307722741 8
1307722802 8
1307722861 8
1307722921 10
1307722981 10
1307723041 10
1307723101 9
1307723161 9
1307723221 10
1307723281 9
1307723341 10
1307723401 9
1307723461 10
1307723522 8
1307723581 10
1307723641 10
1307723701 10
1307723761 10
1307723821 11
1307723881 10
1307723941 8
1307724001 10
1307724061 9
1307724121 9
1307724181 8
1307724242 10
1307724301 10
1307724361 9
1307724421 7
1307724481 9
1307724541 9
1307724601 7
1307724661 9
1307724721 9
1307724781 8
1307724841 6
1307724901 8
1307724962 8
1307725021 8
1307725081 7
1307725141 8
1307725201 8
1307725261 5
1307725321 8
1307725382 8
1307725441 8
1307725501 7
1307725561 9
1307725621 9
1307725681 8
1307725741 7
1307725801 8
1307725861 8
1307725921 5
1307725981 7
1307726041 9
1307726101 8
1307726161 6
1307726221 7
1307726281 7
1307726341 7
1307726401 6
1307726461 7
1307726521 7
1307726581 5
1307726641 5
1307726701 6
1307726761 6
1307726821 5
1307726881 6
1307726942 6
1307727001 6
1307727061 5
1307727121 6
1307727181 5
1307727241 4
1307727301 5
1307727361 6
1307727421 6
1307727481 5
1307727541 6
1307727601 6
1307727662 6
1307727721 5
1307727781 6
1307727841 6
1307727901 4
1307727961 5
1307728021 6
1307728081 7
1307728141 7
1307728201 6
1307728261 6
1307728321 6
1307728382 5
1307728441 5
1307728501 6
1307728561 4
1307728621 5
1307728681 5
1307728741 6
1307728801 6
1307728861 6
1307728921 6
1307728981 6
1307729042 6
1307729101 4
1307729161 6
1307729221 4
1307729281 5
1307729341 5
1307729401 6
1307729461 6
1307729521 6
1307729581 6
1307729642 6
1307729701 6
1307729761 4
1307729821 6
1307729881 5
1307729941 6
1307730001 6
1307730061 7
1307730121 7
1307730181 7
1307730241 7
1307730301 7
1307730362 7
1307730421 5
1307730481 6
1307730541 5
1307730601 4
1307730661 6
1307730721 6
1307730781 6
1307730841 6
1307730901 6
1307730961 6
1307731021 6
1307731081 4
1307731142 6
1307731201 5
1307731261 4
1307731321 6
1307731381 6
1307731441 6
1307731501 6
1307731561 6
1307731621 6
1307731681 6
1307731741 5
1307731801 6
1307731862 4
1307731921 4
1307731981 6
1307732041 6
1307732101 6
1307732161 6
1307732221 6
1307732281 6
1307732341 6
1307732401 5
1307732461 6
1307732522 4
1307732581 4
1307732641 6
1307732701 6
1307732761 6
1307732821 6
1307732881 6
1307732941 6
1307733001 6
1307733061 5
1307733121 6
1307733181 4
1307733242 4
1307733301 6
1307733361 6
1307733421 6
1307733481 6
1307733541 6
1307733601 6
1307733661 6
1307733721 5
1307733781 6
1307733841 4
1307733901 4
1307733962 6
1307734021 6
1307734081 6
1307734141 5
1307734201 6
1307734261 6
1307734321 6
1307734381 5
1307734441 6
1307734501 5
1307734561 4
1307734621 7
1307734682 7
1307734741 7
1307734801 7
1307734861 7
1307734921 7
1307734981 7
1307735041 6
1307735101 7
1307735161 6
1307735221 4
1307735281 7
1307735341 7
1307735401 7
1307735461 7
1307735521 7
1307735581 7
1307735641 7
1307735701 6
1307735761 7
1307735821 5
1307735881 4
1307735941 7
1307736001 7
1307736061 7
1307736121 7
1307736182 7
1307736241 7
1307736301 7
1307736361 6
1307736421 7
1307736481 5
1307736541 5
1307736601 4
1307736661 6
1307736721 6
1307736781 6
1307736841 6
1307736902 6
1307736961 6
1307737021 5
1307737081 6
1307737141 4
1307737201 5
1307737261 4
1307737321 6
1307737381 6
1307737441 6
1307737501 6
1307737561 6
1307737621 6
1307737682 5
1307737741 6
1307737801 4
1307737861 5
1307737921 4
1307737981 5
1307738041 5
1307738101 5
1307738161 5
1307738221 5
1307738281 5
1307738341 4
1307738402 5
1307738461 4
1307738521 3
1307738581 4
1307738641 5
1307738701 5
1307738761 5
1307738821 5
1307738881 5
1307738941 5
1307739001 4
1307739061 5
1307739121 4
1307739182 3
1307739241 4
1307739301 5
1307739361 5
1307739421 5
1307739481 5
1307739541 5
1307739601 5
1307739661 5
1307739721 5
1307739781 4
1307739841 3
1307739902 4
1307739961 5
1307740021 5
1307740081 5
1307740141 5
1307740201 5
1307740261 5
1307740321 4
1307740381 5
1307740441 4
1307740501 3
1307740561 4
1307740622 5
1307740681 5
1307740741 5
1307740801 5
1307740861 5
1307740921 5
1307740981 4
1307741041 5
1307741101 4
1307741161 4
1307741221 5
1307741281 4
1307741341 5
1307741401 5
1307741461 5
1307741521 5
1307741581 5
1307741641 4
1307741701 5
1307741761 3
1307741821 4
1307741881 5
1307741941 4
1307742001 5
1307742061 5
1307742122 5
1307742181 5
1307742241 5
1307742301 4
1307742361 5
1307742421 3
1307742481 4
1307742541 5
1307742601 5
1307742661 5
1307742721 5
1307742781 5
1307742841 5
1307742902 5
1307742961 4
1307743021 5
1307743081 3
1307743141 4
1307743201 5
1307743261 5
1307743321 5
1307743381 5
1307743441 5
1307743501 5
1307743561 5
1307743622 4
1307743681 5
1307743741 4
1307743801 4
1307743861 5
1307743921 5
1307743981 6
1307744041 6
1307744101 6
1307744161 6
1307744221 6
1307744282 6
1307744342 5
1307744401 5
1307744461 4
1307744521 6
1307744581 5
1307744641 6
1307744701 7
1307744761 7
1307744821 7
1307744881 7
1307744941 7
1307745002 6
1307745061 6
1307745121 6
1307745181 7
1307745241 7
1307745301 7
1307745361 7
1307745421 7
1307745481 6
1307745541 7
1307745601 7
1307745661 7
1307745721 5
1307745781 7
1307745841 6
1307745901 7
1307745961 7
1307746021 7
1307746081 7
1307746141 7
1307746201 8
1307746261 7
1307746321 8
1307746381 5
1307746441 9
1307746502 9
1307746561 8
1307746621 9
1307746681 9
1307746741 9
1307746801 8
1307746861 9
1307746921 9
1307746981 9
1307747041 7
1307747101 8
1307747161 9
1307747221 8
1307747282 9
1307747341 9
1307747401 9
1307747461 8
1307747521 9
1307747581 9
1307747641 9
1307747701 7
1307747761 10
1307747821 11
1307747881 11
1307747942 11
1307748001 10
1307748061 10
1307748121 9
1307748181 10
1307748241 10
1307748301 9
1307748361 8
1307748421 10
1307748481 11
1307748541 11
1307748601 11
1307748661 11
1307748722 11
1307748781 10
1307748841 10
1307748901 11
1307748961 10
1307749021 11
1307749081 9
1307749141 11
1307749201 11
1307749261 12
1307749321 11
1307749381 11
1307749442 10
1307749501 10
1307749561 10
1307749621 10
1307749681 9
1307749741 11
1307749801 11
1307749861 10
1307749921 11
1307749981 11
1307750041 12
1307750101 12
1307750162 11
1307750222 10
1307750281 10
1307750341 8
1307750401 8
1307750461 9
1307750521 8
1307750581 9
1307750641 9
1307750701 9
1307750761 9
1307750821 9
1307750881 8
1307750942 8
1307751001 9
1307751061 9
1307751121 9
1307751181 9
1307751241 9
1307751301 9
1307751361 8
1307751421 9
1307751481 9
1307751541 10
1307751601 9
1307751662 9
1307751721 10
1307751781 9
1307751841 10
1307751901 10
1307751961 10
1307752021 8
1307752081 10
1307752141 9
1307752201 10
1307752261 8
1307752322 8
1307752381 9
1307752441 9
1307752501 9
1307752561 9
1307752621 9
1307752681 9
1307752741 8
1307752801 8
1307752861 9
1307752921 8
1307752981 8
1307753042 8
1307753101 8
1307753161 9
1307753221 9
1307753281 8
1307753341 10
1307753401 10
1307753461 10
1307753521 11
1307753581 10
1307753641 10
1307753701 9
1307753761 9
1307753822 10
1307753881 9
1307753941 7
1307754001 7
1307754061 7
1307754121 7
1307754181 8
1307754241 8
1307754301 9
1307754361 8
1307754421 8
1307754482 9
1307754542 9
1307754601 8
1307754661 11
1307754721 11
1307754781 10
1307754841 11
1307754901 10
1307754961 11
1307755021 11
1307755081 11
1307755141 12
1307755202 12
1307755261 11
1307755321 13
1307755381 13
1307755441 12
1307755501 12
1307755561 12
1307755621 13
1307755681 12
1307755741 13
1307755802 13
1307755862 12
1307755921 14
1307755981 14
1307756041 14
1307756101 13
1307756161 13
1307756221 14
1307756281 15
1307756341 14
1307756401 15
1307756461 14
1307756522 14
1307756581 15
1307756641 16
1307756701 16
1307756761 15
1307756821 15
1307756881 15
1307756941 16
1307757001 15
1307757061 16
1307757121 13
1307757181 13
1307757242 13
1307757301 14
1307757361 14
1307757421 12
1307757481 13
1307757541 13
1307757601 14
1307757661 13
1307757721 12
1307757781 12
1307757841 12
1307757901 12
1307757961 13
1307758022 11
1307758081 13
1307758141 13
1307758201 13
1307758261 14
1307758321 14
1307758381 13
1307758441 14
1307758501 14
1307758561 13
1307758621 15
1307758681 12
1307758741 13
1307758801 14
1307758861 12
1307758921 15
1307758981 15
1307759041 14
1307759101 13
1307759161 13
1307759221 12
1307759281 13
1307759341 11
1307759402 10
1307759461 12
1307759521 10
1307759581 11
1307759641 10
1307759701 10
1307759761 10
1307759821 9
1307759881 7
1307759941 10
1307760001 9
1307760061 8
1307760122 9
1307760181 8
1307760241 9
1307760301 10
1307760361 10
1307760421 10
1307760481 10
1307760541 8
1307760601 10
1307760661 10
1307760721 9
1307760781 10
1307760842 8
1307760901 10
1307760961 10
1307761021 10
1307761081 10
1307761141 10
1307761201 8
1307761261 10
1307761321 10
1307761381 10
1307761441 10
1307761501 7
1307761562 10
1307761621 10
1307761681 10
1307761741 9
1307761801 10
1307761861 8
1307761921 10
1307761981 8
1307762041 10
1307762101 10
1307762161 9
1307762221 10
1307762282 10
1307762341 9
1307762401 12
1307762461 13
1307762521 12
1307762581 13
1307762641 11
1307762701 14
1307762761 13
1307762821 14
1307762881 14
1307762941 14
1307763002 12
1307763061 11
1307763121 12
1307763181 10
1307763241 12
1307763301 9
1307763361 12
1307763421 10
1307763481 12
1307763541 13
1307763601 13
1307763662 11
1307763721 12
1307763781 13
1307763841 11
1307763901 13
1307763961 10
1307764021 12
1307764081 12
1307764141 11
1307764201 11
1307764261 11
1307764321 10
1307764382 10
1307764442 10
1307764501 8
1307764561 9
1307764621 8
1307764681 10
1307764741 10
1307764801 10
1307764861 10
1307764921 8
1307764981 10
1307765041 10
1307765102 11
1307765161 10
1307765221 10
1307765281 9
1307765341 10
1307765401 12
1307765461 14
1307765521 14
1307765581 13
1307765641 12
1307765701 13
1307765761 13
1307765822 13
1307765881 12
1307765941 12
1307766001 11
1307766061 12
1307766121 13
1307766181 13
1307766241 13
1307766301 12
1307766361 13
1307766421 12
1307766481 13
1307766542 12
1307766601 13
1307766661 10
1307766721 11
1307766781 12
1307766841 12
1307766901 11
1307766961 13
1307767021 13
1307767081 11
1307767141 13
1307767201 11
1307767261 12
1307767321 12
1307767381 11
1307767441 13
1307767501 13
1307767561 11
1307767621 10
1307767681 9
1307767741 7
1307767801 7
1307767862 7
1307767921 6
1307767981 8
1307768041 6
1307768101 8
1307768161 8
1307768221 8
1307768281 8
1307768341 8
1307768401 7
1307768461 7
1307768521 6
1307768582 4
1307768641 7
1307768701 5
1307768761 5
1307768821 5
1307768881 5
1307768941 5
1307769001 5
1307769061 4
1307769121 5
1307769181 5
1307769242 3
1307769301 6
1307769361 6
1307769421 6
1307769481 6
1307769541 6
1307769601 6
1307769661 6
1307769721 5
1307769781 5
1307769841 4
1307769901 2
1307769961 5
1307770022 5
1307770081 5
1307770141 5
1307770201 5
1307770261 5
1307770321 5
1307770381 4
1307770441 4
1307770501 3
1307770561 2
1307770621 4
1307770681 4
1307770742 4
1307770802 4
1307770861 4
1307770921 4
1307770981 4
1307771041 4
1307771101 4
1307771161 2
1307771221 3
1307771281 5
1307771341 5
1307771401 5
1307771461 5
1307771522 5
1307771582 5
1307771641 5
1307771701 6
1307771761 6
1307771821 3
1307771881 4
1307771941 6
1307772001 7
1307772061 7
1307772121 7
1307772181 7
1307772241 8
1307772302 8
1307772361 8
1307772421 8
1307772481 6
1307772541 5
1307772601 6
1307772661 6
1307772721 8
1307772781 8
1307772841 7
1307772901 8
1307772961 8
1307773022 8
1307773081 9
1307773141 7
1307773201 8
1307773261 9
1307773321 8
1307773381 8
1307773441 8
1307773501 7
1307773561 7
1307773621 8
1307773682 8
1307773741 8
1307773801 6
1307773861 8
1307773921 8
1307773981 8
1307774041 8
1307774101 8
1307774161 7
1307774221 7
1307774281 9
1307774341 10
1307774402 9
1307774461 10
1307774521 11
1307774581 11
1307774641 11
1307774701 12
1307774761 12
1307774821 11
1307774881 10
1307774941 11
1307775001 11
1307775061 11
1307775121 11
1307775181 12
1307775241 13
1307775301 12
1307775361 12
1307775421 12
1307775481 11
1307775541 11
1307775601 12
1307775661 10
1307775721 11
1307775781 9
1307775841 10
1307775901 11
1307775961 11
1307776021 11
1307776081 10
1307776141 10
1307776201 10
1307776261 11
1307776321 9
1307776381 11
1307776441 9
1307776501 12
1307776561 12
1307776621 12
1307776681 12
1307776741 12
1307776801 12
1307776861 12
1307776921 13
1307776981 12
1307777041 16
1307777101 14
1307777161 15
1307777221 15
1307777282 16
1307777341 15
1307777401 14
1307777461 13
1307777521 13
1307777581 13
1307777641 10
1307777701 10
1307777761 12
1307777821 12
1307777881 13
1307777941 14
1307778001 14
1307778061 14
1307778121 12
1307778181 14
1307778241 15
1307778301 13
1307778361 11
1307778421 14
1307778481 13
1307778541 15
1307778601 15
1307778662 15
1307778721 14
1307778781 13
1307778841 13
1307778901 14
1307778961 12
1307779021 12
1307779081 11
1307779141 11
1307779201 14
1307779261 14
1307779321 14
1307779381 14
1307779442 14
1307779501 14
1307779561 13
1307779621 14
1307779681 14
1307779741 12
1307779801 12
1307779861 14
1307779921 14
1307779981 12
1307780041 12
1307780101 13
1307780162 13
1307780221 12
1307780281 12
1307780341 11
1307780401 11
1307780461 10
1307780521 11
1307780581 11
1307780641 13
1307780701 11
1307780761 15
1307780821 14
1307780882 14
1307780941 15
1307781001 15
1307781061 16
1307781121 15
1307781181 15
1307781241 13
1307781301 14
1307781361 11
1307781421 13
1307781481 11
1307781541 10
1307781602 7
1307781661 6
1307781721 8
1307781781 8
1307781841 8
1307781901 7
1307781961 6
1307782021 6
1307782081 7
1307782141 6
1307782201 7
1307782261 6
1307782322 5
1307782381 7
1307782441 7
1307782501 7
1307782561 7
1307782621 6
1307782681 5
1307782741 8
1307782801 7
1307782861 8
1307782921 7
1307782981 6
1307783042 8
1307783101 8
1307783161 8
1307783221 8
1307783281 7
1307783341 6
1307783401 6
1307783461 6
1307783521 7
1307783581 6
1307783641 6
1307783701 7
1307783762 7
1307783821 7
1307783881 7
1307783941 6
1307784001 6
1307784061 6
1307784121 6
1307784181 7
1307784241 6
1307784301 7
1307784361 7
1307784421 7
1307784482 7
1307784541 7
1307784601 6
1307784661 6
1307784721 6
1307784781 7
1307784841 5
1307784901 6
1307784961 8
1307785021 9
1307785081 9
1307785141 10
1307785202 10
1307785261 10
1307785321 10
1307785381 9
1307785441 10
1307785501 8
1307785561 8
1307785621 9
1307785681 8
1307785741 7
1307785801 7
1307785861 7
1307785922 6
1307785981 7
1307786041 6
1307786101 7
1307786161 5
1307786221 6
1307786281 8
1307786341 8
1307786401 8
1307786461 8
1307786521 8
1307786581 7
1307786642 8
1307786701 7
1307786761 7
1307786821 6
1307786881 7
1307786941 7
1307787001 8
1307787061 8
1307787121 9
1307787181 9
1307787241 8
1307787301 9
1307787361 8
1307787422 8
1307787481 7
1307787541 8
1307787601 8
1307787661 9
1307787721 8
1307787781 10
1307787841 10
1307787901 9
1307787961 10
1307788021 9
1307788081 9
1307788142 7
1307788201 8
1307788261 8
1307788321 9
1307788381 8
1307788441 7
1307788501 8
1307788561 7
1307788621 9
1307788681 8
1307788741 9
1307788801 8
1307788862 8
1307788921 11
1307788981 12
1307789041 12
1307789101 12
1307789161 12
1307789221 11
1307789281 11
1307789341 10
1307789401 10
1307789461 9
1307789521 8
1307789581 11
1307789642 11
1307789701 10
1307789761 11
1307789821 11
1307789881 12
1307789941 12
1307790001 11
1307790061 10
1307790121 9
1307790181 7
1307790241 10
1307790301 10
1307790361 9
1307790422 10
1307790481 9
1307790541 9
1307790601 9
1307790661 9
1307790721 8
1307790781 8
1307790841 6
1307790901 8
1307790961 8
1307791021 8
1307791081 8
1307791142 9
1307791201 9
1307791261 9
1307791321 9
1307791381 7
1307791441 8
1307791501 7
1307791561 9
1307791621 9
1307791681 8
1307791741 8
1307791801 9
1307791861 9
1307791921 9
1307791981 9
1307792041 9
1307792101 9
1307792161 6
1307792221 9
1307792281 9
1307792341 10
1307792401 9
1307792461 9
1307792521 8
1307792582 9
1307792641 8
1307792701 9
1307792761 9
1307792821 7
1307792881 8
1307792941 7
1307793001 9
1307793061 9
1307793121 9
1307793181 10
1307793241 12
1307793302 11
1307793362 12
1307793421 11
1307793481 10
1307793541 11
1307793601 10
1307793661 11
1307793721 11
1307793781 9
1307793841 8
1307793901 9
1307793961 8
1307794022 9
1307794082 8
1307794141 8
1307794201 9
1307794261 8
1307794321 9
1307794381 9
1307794441 9
1307794501 8
1307794561 9
1307794621 8
1307794681 9
1307794742 9
1307794801 7
1307794861 9
1307794921 8
1307794981 9
1307795041 8
1307795101 9
1307795161 8
1307795221 9
1307795281 9
1307795341 10
1307795401 9
1307795462 9
1307795521 10
1307795581 10
1307795641 10
1307795701 9
1307795761 10
1307795821 9
1307795881 9
1307795941 9
1307796001 10
1307796061 9
1307796121 9
1307796182 10
1307796241 10
1307796301 11
1307796361 11
1307796421 12
1307796481 12
1307796541 14
1307796601 15
1307796661 15
1307796721 16
1307796781 17
1307796841 17
1307796902 16
1307796962 15
1307797021 14
1307797081 15
1307797141 14
1307797201 14
1307797261 14
1307797321 13
1307797381 13
1307797441 14
1307797501 14
1307797561 14
1307797621 15
1307797682 15
1307797741 15
1307797801 14
1307797861 15
1307797921 14
1307797981 13
1307798041 14
1307798101 16
1307798161 16
1307798221 15
1307798281 14
1307798341 13
1307798401 13
1307798462 11
1307798521 14
1307798581 13
1307798641 13
1307798701 14
1307798761 13
1307798821 15
1307798881 15
1307798941 15
1307799001 13
1307799061 15
1307799122 14
1307799181 14
1307799241 13
1307799301 10
1307799361 14
1307799421 14
1307799481 14
1307799541 14
1307799601 13
1307799661 13
1307799721 14
1307799781 14
1307799842 14
1307799901 12
1307799961 11
1307800021 14
1307800081 13
1307800141 14
1307800201 15
1307800261 15
1307800321 13
1307800381 14
1307800441 14
1307800501 14
1307800561 12
1307800622 12
1307800681 13
1307800741 14
1307800801 14
1307800861 13
1307800921 13
1307800981 12
1307801041 13
1307801101 13
1307801161 13
1307801221 11
1307801281 11
1307801342 13
1307801401 13
1307801461 13
1307801521 12
1307801581 13
1307801641 13
1307801701 14
1307801761 14
1307801821 12
1307801881 13
1307801941 11
1307802001 13
1307802062 12
1307802121 13
1307802181 12
1307802241 12
1307802301 13
1307802361 13
1307802421 13
1307802481 13
1307802541 12
1307802601 10
1307802661 11
1307802721 11
1307802782 12
1307802841 11
1307802901 11
1307802961 13
1307803021 13
1307803081 12
1307803141 12
1307803201 10
1307803261 10
1307803321 11
1307803381 12
1307803441 12
1307803501 13
1307803562 14
1307803621 14
1307803681 13
1307803741 13
1307803801 13
1307803861 12
1307803921 12
1307803981 11
1307804041 13
1307804101 12
1307804161 13
1307804221 13
1307804282 14
1307804341 15
1307804401 15
1307804461 15
1307804521 16
1307804581 16
1307804641 15
1307804701 14
1307804761 12
1307804821 15
1307804881 16
1307804941 16
1307805002 16
1307805061 17
1307805121 17
1307805181 17
1307805241 18
1307805301 18
1307805361 18
1307805421 17
1307805481 17
1307805541 19
1307805601 19
1307805661 17
1307805722 15
1307805781 17
1307805841 15
1307805901 16
1307805961 17
1307806021 16
1307806081 15
1307806141 13
1307806201 16
1307806261 16
1307806321 16
1307806381 14
1307806441 16
1307806501 15
1307806561 16
1307806621 16
1307806681 15
1307806741 16
1307806801 15
1307806861 16
1307806921 16
1307806981 17
1307807041 16
1307807101 18
1307807162 16
1307807221 18
1307807281 18
1307807341 17
1307807401 16
1307807461 16
1307807521 16
1307807581 15
1307807641 16
1307807701 14
1307807761 15
1307807821 13
1307807882 14
1307807942 13
1307808001 14
