1316880061 51
1316880121 51
1316880181 49
1316880241 49
1316880301 50
1316880362 51
1316880421 50
1316880481 48
1316880541 46
1316880602 45
1316880661 44
1316880721 41
1316880781 44
1316880841 43
1316880902 41
1316880961 41
1316881021 44
1316881081 44
1316881141 44
1316881201 45
1316881261 42
1316881321 43
1316881381 42
1316881441 42
1316881502 42
1316881561 43
1316881621 41
1316881681 38
1316881741 38
1316881801 37
1316881861 36
1316881921 36
1316881981 37
1316882041 36
1316882101 38
1316882161 36
1316882221 36
1316882281 36
1316882341 38
1316882401 38
1316882461 36
1316882521 33
1316882582 35
1316882642 38
1316882701 36
1316882761 36
1316882821 36
1316882881 35
1316882941 36
1316883001 33
1316883061 35
1316883121 34
1316883181 33
1316883242 29
1316883301 32
1316883361 31
1316883421 31
1316883481 31
1316883541 27
1316883601 28
1316883661 29
1316883721 30
1316883781 28
1316883842 29
1316883901 29
1316883961 31
1316884021 28
1316884081 29
1316884141 31
1316884200 32
1316884261 28
1316884321 29
1316884382 32
1316884441 31
1316884502 31
1316884561 32
1316884621 34
1316884681 33
1316884741 30
1316884801 29
1316884861 30
1316884921 31
1316884981 32
1316885041 32
1316885102 32
1316885161 30
1316885222 32
1316885282 31
1316885342 30
1316885401 30
1316885461 30
1316885521 28
1316885581 28
1316885641 28
1316885701 27
1316885761 27
1316885821 24
1316885882 26
1316885942 26
1316886001 26
1316886061 25
1316886121 24
1316886181 22
1316886241 22
1316886301 22
1316886361 22
1316886422 22
1316886482 21
1316886541 22
1316886601 21
1316886661 21
1316886721 24
1316886781 24
1316886841 23
1316886901 24
1316886961 23
1316887022 23
1316887081 23
1316887141 22
1316887201 24
1316887262 24
1316887321 24
1316887381 13
1316887441 19
1316887501 19
1316887561 19
1316887621 19
1316887681 19
1316887741 19
1316887801 17
1316887862 18
1316887921 19
1316887981 19
1316888041 11
1316888101 18
1316888161 18
1316888221 17
1316888281 17
1316888341 18
1316888401 17
1316888462 18
1316888521 17
1316888581 18
1316888641 17
1316888701 13
1316888761 18
1316888821 19
1316888881 18
1316888941 19
1316889002 20
1316889061 20
1316889121 20
1316889181 19
1316889241 20
1316889301 19
1316889361 18
1316889422 17
1316889481 18
1316889541 16
1316889601 18
1316889661 17
1316889721 18
1316889781 17
1316889841 17
1316889902 17
1316889961 16
1316890021 18
1316890081 17
1316890141 17
1316890201 17
1316890261 17
1316890322 17
1316890381 17
1316890441 16
1316890501 15
1316890561 16
1316890621 15
1316890681 17
1316890741 17
1316890802 15
1316890861 17
1316890921 17
1316890981 17
1316891041 18
1316891101 16
1316891161 17
1316891221 17
1316891281 18
1316891342 18
1316891402 18
1316891461 17
1316891521 17
1316891581 18
1316891641 17
1316891701 17
1316891761 14
1316891821 15
1316891881 15
1316891942 15
1316892001 14
1316892061 15
1316892121 14
1316892181 14
1316892241 14
1316892301 11
1316892361 13
1316892421 11
1316892482 11
1316892541 12
1316892601 13
1316892661 12
1316892721 13
1316892781 12
1316892841 13
1316892901 13
1316892961 11
1316893021 13
1316893082 11
1316893141 12
1316893201 13
1316893261 11
1316893321 14
1316893381 15
1316893441 14
1316893501 15
1316893561 15
1316893622 13
1316893681 14
1316893741 12
1316893801 14
1316893861 15
1316893921 16
1316893981 15
1316894041 15
1316894101 16
1316894162 16
1316894222 15
1316894281 15
1316894341 15
1316894401 15
1316894461 15
1316894521 12
1316894581 13
1316894641 13
1316894701 12
1316894761 12
1316894821 12
1316894882 10
1316894941 11
1316895001 11
1316895061 12
1316895121 12
1316895181 11
1316895241 12
1316895301 11
1316895361 11
1316895421 12
1316895481 12
1316895542 10
1316895601 11
1316895661 10
1316895721 12
1316895781 12
1316895841 11
1316895901 11
1316895961 11
1316896021 11
1316896081 10
1316896142 11
1316896201 9
1316896261 10
1316896321 8
1316896381 11
1316896441 11
1316896501 11
1316896561 11
1316896621 11
1316896682 11
1316896742 10
1316896801 11
1316896861 10
1316896921 9
1316896981 9
1316897041 10
1316897101 11
1316897161 11
1316897221 11
1316897282 11
1316897341 11
1316897401 10
1316897461 10
1316897521 10
1316897581 9
1316897641 9
1316897701 10
1316897761 11
1316897822 11
1316897881 10
1316897941 11
1316898001 11
1316898061 11
1316898121 11
1316898181 11
1316898241 9
1316898301 9
1316898362 11
1316898421 11
1316898481 11
1316898541 11
1316898601 11
1316898661 10
1316898721 10
1316898781 11
1316898841 11
1316898901 9
1316898962 8
1316899022 11
1316899081 12
1316899141 12
1316899201 11
1316899261 12
1316899321 11
1316899381 12
1316899441 12
1316899501 12
1316899561 10
1316899621 9
1316899682 11
1316899741 10
1316899801 11
1316899861 10
1316899921 11
1316899981 11
1316900041 11
1316900101 11
1316900161 11
1316900221 9
1316900282 9
1316900341 11
1316900401 11
1316900461 12
1316900521 13
1316900581 12
1316900641 13
1316900701 13
1316900761 13
1316900821 13
1316900882 12
1316900942 10
1316901001 13
1316901061 12
1316901121 12
1316901181 11
1316901241 11
1316901301 11
1316901361 11
1316901421 11
1316901481 11
1316901541 10
1316901602 8
1316901661 10
1316901721 9
1316901781 9
1316901841 9
1316901901 10
1316901961 10
1316902021 10
1316902081 9
1316902141 11
1316902202 10
1316902261 8
1316902321 11
1316902381 10
1316902441 10
1316902501 10
1316902561 11
1316902621 11
1316902681 11
1316902741 11
1316902802 11
1316902861 11
1316902921 10
1316902981 12
1316903041 12
1316903101 11
1316903161 12
1316903221 12
1316903281 12
1316903341 11
1316903402 13
1316903462 13
1316903521 12
1316903581 11
1316903641 12
1316903701 13
1316903761 12
1316903821 14
1316903881 15
1316903941 15
1316904002 14
1316904062 14
1316904121 14
1316904181 14
1316904241 13
1316904301 14
1316904361 14
1316904421 14
1316904482 15
1316904541 15
1316904601 16
1316904661 14
1316904721 15
1316904781 15
1316904841 14
1316904901 13
1316904962 16
1316905021 16
1316905081 17
1316905141 19
1316905201 19
1316905261 19
1316905321 18
1316905381 19
1316905442 19
1316905501 19
1316905561 18
1316905621 19
1316905681 18
1316905741 19
1316905801 18
1316905861 19
1316905921 19
1316905982 17
1316906042 19
1316906101 18
1316906161 17
1316906221 19
1316906281 20
1316906341 19
1316906401 21
1316906461 20
1316906521 21
1316906582 21
1316906641 20
1316906701 21
1316906761 20
1316906821 19
1316906881 18
1316906941 20
1316907001 18
1316907061 20
1316907122 19
1316907182 21
1316907241 21
1316907301 22
1316907361 21
1316907421 22
1316907481 22
1316907541 21
1316907601 24
1316907661 24
1316907722 26
1316907781 26
1316907841 25
1316907901 24
1316907961 26
1316908021 24
1316908081 26
1316908141 25
1316908201 24
1316908261 25
1316908321 27
1316908382 28
1316908442 29
1316908501 29
1316908561 27
1316908621 30
1316908681 27
1316908741 31
1316908801 28
1316908861 29
1316908921 29
1316908981 28
1316909042 29
1316909101 29
1316909161 28
1316909221 26
1316909281 28
1316909341 31
1316909401 33
1316909461 34
1316909521 33
1316909581 35
1316909642 35
1316909701 36
1316909761 37
1316909821 37
1316909881 37
1316909941 34
1316910001 38
1316910061 37
1316910121 38
1316910181 37
1316910242 36
1316910301 39
1316910361 40
1316910421 42
1316910481 40
1316910541 40
1316910601 36
1316910661 39
1316910721 41
1316910782 39
1316910841 39
1316910901 38
1316910961 39
1316911021 41
1316911081 42
1316911141 40
1316911201 41
1316911261 41
1316911321 40
1316911382 43
1316911441 41
1316911501 40
1316911561 42
1316911621 40
1316911681 39
1316911741 39
1316911801 38
1316911861 36
1316911921 36
1316911982 36
1316912041 38
1316912101 36
1316912161 36
1316912221 37
1316912281 37
1316912341 36
1316912401 37
1316912461 36
1316912521 38
1316912581 38
1316912642 37
1316912702 39
1316912761 38
1316912821 38
1316912881 37
1316912941 40
1316913001 38
1316913061 39
1316913121 39
1316913181 38
1316913242 41
1316913302 38
1316913361 40
1316913421 42
1316913481 43
1316913541 40
1316913601 44
1316913661 43
1316913721 41
1316913781 40
1316913842 43
1316913902 44
1316913961 43
1316914021 41
1316914081 43
1316914141 43
1316914201 40
1316914261 41
1316914321 41
1316914381 43
1316914441 39
1316914502 42
1316914562 40
1316914621 41
1316914681 42
1316914741 40
1316914801 43
1316914861 45
1316914921 46
1316914981 43
1316915041 43
1316915101 41
1316915162 46
1316915221 49
1316915281 44
1316915341 49
1316915401 49
1316915461 49
1316915521 52
1316915581 51
1316915641 51
1316915701 54
1316915761 54
1316915822 51
1316915881 53
1316915941 52
1316916001 54
1316916061 52
1316916121 54
1316916181 55
1316916241 56
1316916301 54
1316916361 52
1316916421 51
1316916482 52
1316916541 55
1316916601 55
1316916661 58
1316916721 58
1316916781 61
1316916841 61
1316916901 65
1316916961 62
1316917021 62
1316917082 61
1316917141 62
1316917201 66
1316917261 64
1316917321 63
1316917381 64
1316917441 64
1316917501 63
1316917561 66
1316917621 66
1316917681 68
1316917742 67
1316917801 64
1316917861 63
1316917921 67
1316917981 68
1316918041 65
1316918101 66
1316918161 66
1316918221 66
1316918282 64
1316918341 64
1316918401 66
1316918461 65
1316918521 64
1316918581 66
1316918641 68
1316918701 67
1316918761 68
1316918821 67
1316918882 66
1316918941 66
1316919001 65
1316919061 67
1316919121 66
1316919181 65
1316919241 65
1316919301 64
1316919361 66
1316919421 65
1316919481 65
1316919542 63
1316919601 63
1316919661 63
1316919721 66
1316919781 67
1316919841 69
1316919901 72
1316919961 71
1316920021 76
1316920081 77
1316920142 78
1316920201 71
1316920261 72
1316920321 70
1316920381 68
1316920441 66
1316920501 65
1316920561 68
1316920621 65
1316920682 66
1316920741 65
1316920801 68
1316920861 70
1316920921 73
1316920981 70
1316921041 72
1316921101 72
1316921161 78
1316921221 79
1316921281 78
1316921342 83
1316921401 78
1316921461 76
1316921521 79
1316921581 81
1316921641 81
1316921701 77
1316921761 77
1316921821 79
1316921881 78
1316921941 78
1316922002 80
1316922061 76
1316922121 73
1316922181 71
1316922241 71
1316922301 74
1316922361 74
1316922421 77
1316922481 79
1316922541 72
1316922602 74
1316922662 72
1316922721 74
1316922781 71
1316922841 72
1316922901 72
1316922961 67
1316923021 65
1316923081 69
1316923141 71
1316923201 72
1316923262 69
1316923321 69
1316923381 69
1316923441 66
1316923501 64
1316923561 64
1316923621 63
1316923681 65
1316923741 64
1316923802 63
1316923861 65
1316923921 65
1316923981 67
1316924041 64
1316924101 68
1316924161 67
1316924221 66
1316924281 64
1316924342 65
1316924401 64
1316924461 65
1316924521 65
1316924581 64
1316924641 63
1316924701 61
1316924761 59
1316924821 60
1316924881 60
1316924942 60
1316925002 59
1316925061 60
1316925121 58
1316925181 65
1316925241 66
1316925301 66
1316925361 66
1316925421 66
1316925481 66
1316925541 67
1316925601 67
1316925662 66
1316925721 65
1316925781 63
1316925841 65
1316925901 66
1316925961 65
1316926021 65
1316926081 66
1316926141 65
1316926201 65
1316926261 64
1316926322 64
1316926381 62
1316926441 63
1316926501 62
1316926561 61
1316926621 62
1316926681 57
1316926741 59
1316926801 58
1316926861 61
1316926921 60
1316926981 55
1316927041 54
1316927101 55
1316927161 54
1316927221 55
1316927281 55
1316927342 55
1316927402 56
1316927461 54
1316927521 53
1316927581 55
1316927641 55
1316927701 55
1316927761 54
1316927821 52
1316927881 54
1316927942 55
1316928001 57
1316928061 56
1316928121 55
1316928181 53
1316928241 53
1316928301 53
1316928361 54
1316928421 53
1316928481 52
1316928542 55
1316928601 54
1316928661 53
1316928721 54
1316928781 53
1316928841 58
1316928901 59
1316928961 57
1316929021 58
1316929081 58
1316929141 59
1316929202 59
1316929261 65
1316929321 63
1316929381 62
1316929441 59
1316929501 62
1316929561 61
1316929621 60
1316929681 62
1316929742 60
1316929801 57
1316929861 53
1316929921 56
1316929981 60
1316930041 58
1316930101 56
1316930161 56
1316930221 55
1316930281 58
1316930341 60
1316930402 61
1316930461 65
1316930521 68
1316930581 67
1316930641 67
1316930701 66
1316930761 65
1316930821 64
1316930881 67
1316930941 63
1316931001 66
1316931062 63
1316931121 61
1316931181 62
1316931241 62
1316931301 64
1316931361 66
1316931421 66
1316931481 67
1316931541 68
1316931602 68
1316931662 67
1316931721 67
1316931781 68
1316931841 69
1316931901 67
1316931961 66
1316932021 67
1316932081 66
1316932141 65
1316932201 65
1316932262 65
1316932321 65
1316932381 64
1316932441 67
1316932501 65
1316932561 64
1316932621 61
1316932681 63
1316932741 63
1316932801 64
1316932861 63
1316932922 64
1316932981 62
1316933041 60
1316933101 62
1316933161 61
1316933221 62
1316933281 62
1316933341 63
1316933401 63
1316933461 63
1316933521 66
1316933581 66
1316933642 64
1316933701 62
1316933761 63
1316933821 62
1316933881 58
1316933941 61
1316934001 56
1316934061 63
1316934121 62
1316934181 63
1316934242 65
1316934301 65
1316934361 67
1316934421 67
1316934481 67
1316934541 65
1316934601 66
1316934661 66
1316934721 63
1316934781 63
1316934842 65
1316934902 67
1316934961 66
1316935021 69
1316935081 67
1316935141 71
1316935201 73
1316935261 75
1316935321 75
1316935381 72
1316935441 73
1316935501 73
1316935562 73
1316935621 74
1316935681 71
1316935741 67
1316935801 64
1316935861 60
1316935921 66
1316935981 66
1316936041 68
1316936102 68
1316936162 71
1316936221 72
1316936281 73
1316936341 70
1316936401 72
1316936461 71
1316936521 66
1316936581 70
1316936641 70
1316936702 71
1316936762 67
1316936821 68
1316936881 69
1316936941 67
1316937001 67
1316937061 64
1316937121 66
1316937181 66
1316937241 63
1316937301 63
1316937362 64
1316937421 65
1316937481 67
1316937541 66
1316937601 66
1316937661 68
1316937721 67
1316937781 67
1316937841 69
1316937901 69
1316937962 71
1316938021 67
1316938081 65
1316938141 66
1316938201 68
1316938261 65
1316938321 66
1316938381 67
1316938441 67
1316938501 64
1316938562 63
1316938622 62
1316938681 61
1316938741 62
1316938801 60
1316938861 62
1316938921 61
1316938981 62
1316939041 62
1316939101 62
1316939161 62
1316939222 62
1316939282 64
1316939341 63
1316939401 61
1316939461 63
1316939521 62
1316939581 59
1316939641 60
1316939701 64
1316939761 62
1316939821 61
1316939881 59
1316939941 59
1316940001 59
1316940061 60
1316940121 61
1316940181 56
1316940241 56
1316940302 57
1316940361 58
1316940421 57
1316940481 58
1316940541 57
1316940601 61
1316940661 57
1316940721 60
1316940781 62
1316940841 60
1316940902 61
1316940962 63
1316941021 64
1316941081 68
1316941141 67
1316941201 64
1316941261 67
1316941321 67
1316941381 68
1316941441 67
1316941501 68
1316941561 66
1316941622 68
1316941681 66
1316941741 69
1316941801 70
1316941861 64
1316941921 66
1316941981 64
1316942041 66
1316942101 61
1316942162 66
1316942222 62
1316942281 64
1316942341 64
1316942401 64
1316942461 65
1316942521 64
1316942581 63
1316942641 63
1316942701 62
1316942762 65
1316942822 68
1316942881 64
1316942941 66
1316943001 67
1316943061 67
1316943121 66
1316943181 64
1316943241 65
1316943301 64
1316943361 63
1316943422 61
1316943481 62
1316943541 62
1316943601 61
1316943661 63
1316943721 61
1316943781 64
1316943841 61
1316943901 63
1316943961 61
1316944021 62
1316944082 62
1316944141 60
1316944201 60
1316944261 63
1316944321 62
1316944381 66
1316944441 65
1316944501 63
1316944561 63
1316944621 65
1316944682 64
1316944742 66
1316944801 65
1316944861 64
1316944921 64
1316944981 58
1316945041 57
1316945101 56
1316945161 54
1316945221 53
1316945281 53
1316945342 53
1316945401 52
1316945461 51
1316945521 53
1316945581 54
1316945641 55
1316945701 55
1316945761 54
1316945821 51
1316945881 53
1316945942 52
1316946001 51
1316946061 50
1316946121 50
1316946181 52
1316946241 54
1316946301 53
1316946361 52
1316946421 52
1316946481 52
1316946542 49
1316946601 50
1316946661 49
1316946721 51
1316946781 49
1316946841 50
1316946901 48
1316946961 48
1316947021 50
1316947081 49
1316947141 50
1316947202 50
1316947261 52
1316947321 50
1316947381 51
1316947441 51
1316947502 53
1316947561 55
1316947621 51
1316947681 52
1316947741 51
1316947801 50
1316947861 50
1316947921 51
1316947981 54
1316948041 53
1316948102 52
1316948162 49
1316948221 53
1316948281 51
1316948341 53
1316948401 54
1316948461 52
1316948521 53
1316948581 53
1316948641 52
1316948701 53
1316948762 51
1316948822 53
1316948881 53
1316948941 51
1316949001 52
1316949061 52
1316949121 51
1316949181 52
1316949241 53
1316949301 53
1316949362 53
1316949421 53
1316949481 54
1316949541 52
1316949601 53
1316949661 55
1316949721 57
1316949781 57
1316949841 53
1316949901 57
1316949962 56
1316950021 56
1316950081 53
1316950141 57
1316950201 54
1316950261 57
1316950321 54
1316950381 59
1316950441 60
1316950501 63
1316950562 63
1316950622 64
1316950681 64
1316950741 61
1316950801 60
1316950861 58
1316950921 58
1316950981 58
1316951041 59
1316951101 57
1316951162 61
1316951221 57
1316951281 57
1316951341 58
1316951401 56
1316951461 58
1316951521 57
1316951581 59
1316951642 61
1316951702 61
1316951761 59
1316951821 60
1316951881 59
1316951941 60
1316952001 64
1316952061 67
1316952121 65
1316952181 61
1316952241 61
1316952302 61
1316952361 62
1316952421 64
1316952481 64
1316952541 64
1316952601 64
1316952661 64
1316952721 64
1316952781 64
1316952842 64
1316952901 64
1316952961 64
1316953021 64
1316953081 64
1316953141 64
1316953201 64
1316953261 64
1316953321 64
1316953382 64
1316953441 64
1316953501 64
1316953561 64
1316953621 64
1316953681 64
1316953741 64
1316953801 64
1316953862 64
1316953922 64
1316953981 64
1316954041 64
1316954101 64
1316954161 64
1316954221 64
1316954281 64
1316954341 64
1316954402 64
1316954461 64
1316954521 64
1316954581 64
1316954641 64
1316954701 64
1316954761 64
1316954821 64
1316954881 64
1316954941 64
1316955002 64
1316955061 64
1316955121 1
1316955181 1
1316955241 1
1316955301 1
1316955361 1
1316955421 1
1316955481 1
1316955541 1
1316955602 1
1316955661 1
1316955721 1
1316955781 1
1316955841 1
1316955901 1
1316955961 1
1316956021 1
1316956082 1
1316956142 1
1316956201 1
1316956261 1
1316956321 0
1316956381 1
1316956441 1
1316956501 1
1316956561 1
1316956622 1
1316956681 1
1316956741 1
1316956801 1
1316956862 1
1316956921 1
1316956981 1
1316957041 0
1316957101 1
1316957161 1
1316957221 1
1316957281 1
1316957341 1
1316957402 1
1316957461 1
1316957521 1
1316957581 2
1316957641 2
1316957701 2
1316957761 2
1316957821 2
1316957881 2
1316957942 2
1316958001 2
1316958061 2
1316958121 2
1316958181 2
1316958241 2
1316958302 2
1316958361 2
1316958421 2
1316958481 2
1316958541 2
1316958601 2
1316958661 2
1316958721 2
1316958781 2
1316958841 2
1316958902 2
1316958961 2
1316959021 2
1316959081 2
1316959141 2
1316959201 2
1316959261 2
1316959321 2
1316959381 2
1316959441 2
1316959502 2
1316959562 3
1316959621 3
1316959681 3
1316959741 3
1316959801 3
1316959861 3
1316959921 3
1316959981 3
1316960041 3
1316960101 3
1316960162 3
1316960221 3
1316960281 3
1316960341 3
1316960401 3
1316960461 3
1316960521 3
1316960581 3
1316960641 3
1316960702 3
1316960761 3
1316960821 3
1316960881 3
1316960941 3
1316961001 3
1316961061 3
1316961121 3
1316961181 3
1316961241 3
1316961302 3
1316961361 3
1316961421 3
1316961481 4
1316961541 4
1316961601 4
1316961661 4
1316961721 4
1316961781 4
1316961841 4
1316961902 4
1316961961 4
1316962021 4
1316962081 4
1316962141 4
1316962201 4
1316962261 4
1316962322 4
1316962381 4
1316962441 4
1316962501 4
1316962561 4
1316962621 4
1316962681 4
1316962741 5
1316962801 3
1316962861 4
1316962922 6
1316962981 8
1316963041 9
1316963101 10
1316963161 11
1316963221 11
1316963281 11
1316963341 12
1316963402 12
1316963462 12
1316963521 12
1316963581 11
1316963641 14
1316963701 14
1316963761 14
1316963821 15
1316963881 16
1316963941 15
1316964002 15
1316964061 16
1316964121 16
1316964181 17
1316964241 14
1316964301 15
1316964361 16
1316964421 16
1316964481 15
1316964541 19
1316964602 19
1316964661 19
1316964721 20
1316964781 19
1316964841 20
1316964901 18
1316964961 21
1316965021 24
1316965081 26
1316965142 22
1316965201 22
1316965261 25
1316965321 28
1316965381 28
1316965441 26
1316965501 27
1316965561 24
1316965621 21
1316965681 21
1316965742 20
1316965802 20
1316965861 18
1316965921 15
1316965981 15
1316966041 17
1316966101 17
1316966161 17
1316966221 16
1316966282 17
1316966341 16
1316966401 17
