1309017661 9
1309017722 10
1309017781 11
1309017841 11
1309017901 11
1309017961 11
1309018021 11
1309018081 11
1309018141 11
1309018201 8
1309018261 7
1309018321 9
1309018381 9
1309018442 10
1309018501 10
1309018561 10
1309018621 10
1309018681 10
1309018741 10
1309018801 8
1309018861 8
1309018921 4
1309018981 7
1309019041 5
1309019101 6
1309019162 6
1309019221 6
1309019281 6
1309019341 6
1309019401 6
1309019461 5
1309019521 6
1309019581 2
1309019641 6
1309019701 6
1309019761 5
1309019821 5
1309019882 5
1309019941 5
1309020001 5
1309020061 5
1309020121 4
1309020181 5
1309020241 1
1309020301 5
1309020361 5
1309020421 5
1309020482 5
1309020541 5
1309020601 5
1309020661 6
1309020721 6
1309020781 5
1309020841 6
1309020901 4
1309020961 4
1309021022 4
1309021081 4
1309021141 4
1309021201 5
1309021261 5
1309021321 4
1309021381 4
1309021441 3
1309021501 3
1309021561 3
1309021621 3
1309021681 3
1309021742 3
1309021801 3
1309021861 3
1309021921 1
1309021981 1
1309022041 1
1309022101 1
1309022161 1
1309022221 1
1309022281 1
1309022341 1
1309022401 1
1309022461 1
1309022521 1
1309022581 0
1309022641 1
1309022701 1
1309022761 1
1309022822 1
1309022881 1
1309022941 1
1309023001 1
1309023061 1
1309023121 1
1309023181 1
1309023241 0
1309023301 1
1309023361 1
1309023421 1
1309023481 1
1309023542 1
1309023601 1
1309023661 1
1309023721 1
1309023781 1
1309023841 1
1309023901 0
1309023961 1
1309024021 1
1309024081 1
1309024141 1
1309024201 1
1309024262 1
1309024321 1
1309024381 1
1309024441 1
1309024501 1
1309024561 0
1309024621 1
1309024681 1
1309024741 1
1309024801 1
1309024861 1
1309024922 1
1309024981 1
1309025041 1
1309025101 1
1309025161 1
1309025221 0
1309025281 1
1309025341 1
1309025401 1
1309025461 1
1309025521 1
1309025581 1
1309025641 1
1309025702 1
1309025761 1
1309025821 1
1309025881 0
1309025941 1
1309026001 1
1309026061 1
1309026121 1
1309026181 1
1309026241 1
1309026301 1
1309026362 1
1309026421 1
1309026481 1
1309026541 0
1309026601 1
1309026661 1
1309026721 1
1309026781 1
1309026841 1
1309026901 1
1309026961 1
1309027021 1
1309027082 1
1309027141 1
1309027201 0
1309027261 1
1309027321 1
1309027381 1
1309027441 1
1309027501 1
1309027561 1
1309027621 1
1309027681 1
1309027741 1
1309027801 1
1309027861 0
1309027921 1
1309027981 2
1309028041 2
1309028101 2
1309028161 2
1309028221 2
1309028281 2
1309028341 2
1309028401 2
1309028462 2
1309028521 2
1309028581 1
1309028641 1
1309028701 1
1309028761 1
1309028821 1
1309028881 1
1309028941 1
1309029001 1
1309029061 1
1309029121 1
1309029182 1
1309029241 0
1309029301 1
1309029361 1
1309029421 1
1309029481 1
1309029541 1
1309029601 1
1309029661 1
1309029722 1
1309029781 1
1309029841 1
1309029901 0
1309029961 1
1309030021 1
1309030081 1
1309030141 1
1309030201 1
1309030261 1
1309030321 1
1309030381 1
1309030442 1
1309030501 1
1309030561 1
1309030621 0
1309030681 1
1309030741 1
1309030801 1
1309030861 1
1309030921 1
1309030981 1
1309031041 1
1309031102 1
1309031161 1
1309031221 1
1309031281 0
1309031341 1
1309031401 1
1309031461 1
1309031521 1
1309031581 1
1309031641 1
1309031701 1
1309031762 1
1309031821 1
1309031881 1
1309031941 1
1309032001 1
1309032061 1
1309032121 1
1309032181 1
1309032241 1
1309032301 1
1309032361 1
1309032421 1
1309032481 1
1309032541 1
1309032601 1
1309032661 1
1309032721 1
1309032781 1
1309032841 1
1309032901 1
1309032961 1
1309033021 1
1309033081 1
1309033141 1
1309033201 1
1309033261 1
1309033321 1
1309033381 1
1309033441 1
1309033501 1
1309033561 1
1309033621 1
1309033681 1
1309033741 1
1309033801 1
1309033861 1
1309033922 1
1309033981 1
1309034041 1
1309034101 1
1309034161 1
1309034221 1
1309034281 1
1309034341 1
1309034401 1
1309034461 1
1309034521 1
1309034582 1
1309034641 1
1309034701 1
1309034761 1
1309034821 1
1309034881 1
1309034941 1
1309035001 1
1309035061 1
1309035121 1
1309035182 1
1309035242 1
1309035301 1
1309035361 1
1309035421 1
1309035481 1
1309035541 1
1309035601 1
1309035661 1
1309035721 1
1309035781 1
1309035841 1
1309035902 1
1309035961 1
1309036021 1
1309036081 1
1309036141 1
1309036201 1
1309036261 1
1309036321 1
1309036381 1
1309036441 1
1309036501 1
1309036562 1
1309036621 1
1309036681 1
1309036741 1
1309036801 1
1309036861 1
1309036921 1
1309036981 1
1309037041 1
1309037101 1
1309037161 1
1309037221 1
1309037282 1
1309037341 1
1309037401 1
1309037461 1
1309037521 1
1309037581 1
1309037641 1
1309037701 1
1309037761 1
1309037821 1
1309037881 1
1309037942 1
1309038001 1
1309038061 1
1309038121 1
1309038181 1
1309038241 1
1309038301 1
1309038361 1
1309038421 1
1309038481 1
1309038541 1
1309038602 1
1309038661 1
1309038721 1
1309038781 1
1309038841 1
1309038901 1
1309038961 2
1309039021 2
1309039081 2
1309039141 2
1309039201 2
1309039261 2
1309039322 2
1309039381 2
1309039441 2
1309039501 2
1309039561 1
1309039621 0
1309039681 1
1309039741 1
1309039801 1
1309039861 1
1309039921 1
1309039981 1
1309040042 1
1309040101 1
1309040161 1
1309040221 1
1309040281 0
1309040341 1
1309040401 1
1309040461 1
1309040521 1
1309040581 1
1309040641 1
1309040701 2
1309040762 2
1309040821 2
1309040881 2
1309040941 1
1309041001 2
1309041061 2
1309041121 2
1309041181 2
1309041241 2
1309041301 1
1309041362 2
1309041421 2
1309041481 2
1309041541 2
1309041601 1
1309041661 2
1309041721 2
1309041781 2
1309041841 2
1309041901 2
1309041961 1
1309042021 2
1309042082 2
1309042141 2
1309042201 2
1309042261 2
1309042321 2
1309042381 2
1309042441 2
1309042501 2
1309042561 2
1309042621 1
1309042681 2
1309042741 2
1309042802 2
1309042861 2
1309042921 2
1309042981 2
1309043041 2
1309043101 2
1309043161 2
1309043221 2
1309043281 1
1309043341 2
1309043401 2
1309043461 1
1309043521 2
1309043582 3
1309043641 3
1309043701 3
1309043761 3
1309043821 3
1309043881 3
1309043941 2
1309044001 2
1309044061 2
1309044121 1
1309044181 1
1309044241 2
1309044301 2
1309044361 2
1309044421 2
1309044481 2
1309044541 2
1309044601 2
1309044661 2
1309044721 3
1309044781 2
1309044841 2
1309044901 3
1309044961 3
1309045022 3
1309045081 3
1309045141 3
1309045201 3
1309045261 4
1309045321 4
1309045381 4
1309045441 3
1309045501 3
1309045561 4
1309045621 4
1309045681 4
1309045742 4
1309045802 4
1309045861 4
1309045921 6
1309045981 5
1309046041 6
1309046101 7
1309046161 8
1309046221 9
1309046281 9
1309046341 9
1309046401 9
1309046462 8
1309046521 7
1309046581 9
1309046641 8
1309046701 7
1309046761 6
1309046821 7
1309046881 8
1309046941 9
1309047001 9
1309047061 9
1309047121 9
1309047181 6
1309047242 9
1309047301 8
1309047361 8
1309047421 8
1309047481 10
1309047541 10
1309047601 10
1309047661 10
1309047721 10
1309047781 10
1309047841 8
1309047901 10
1309047961 10
1309048022 9
1309048081 7
1309048141 8
1309048201 8
1309048261 8
1309048321 8
1309048381 8
1309048441 7
1309048501 8
1309048561 7
1309048621 8
1309048681 8
1309048742 6
1309048801 8
1309048861 8
1309048921 8
1309048981 8
1309049041 8
1309049101 7
1309049161 8
1309049221 6
1309049281 9
1309049341 10
1309049401 8
1309049462 9
1309049521 9
1309049581 11
1309049641 11
1309049701 11
1309049761 9
1309049821 9
1309049881 7
1309049941 9
1309050001 10
1309050061 10
1309050121 11
1309050181 12
1309050242 11
1309050301 10
1309050361 12
1309050421 12
1309050481 10
1309050541 10
1309050601 11
1309050661 10
1309050721 11
1309050781 10
1309050841 10
1309050901 10
1309050961 8
1309051022 9
1309051081 9
1309051141 7
1309051201 7
1309051261 9
1309051321 9
1309051381 10
1309051441 8
1309051501 9
1309051561 10
1309051621 9
1309051681 10
1309051741 10
1309051802 11
1309051861 10
1309051921 10
1309051981 11
1309052041 12
1309052101 11
1309052161 13
1309052221 13
1309052281 14
1309052341 14
1309052401 12
1309052461 13
1309052522 13
1309052581 12
1309052641 13
1309052701 14
1309052761 12
1309052821 14
1309052881 12
1309052941 14
1309053001 14
1309053061 13
1309053121 14
1309053181 13
1309053242 14
1309053301 13
1309053361 14
1309053421 12
1309053481 14
1309053541 13
1309053601 14
1309053661 13
1309053721 12
1309053781 14
1309053841 14
1309053901 16
1309053961 15
1309054022 16
1309054081 16
1309054141 17
1309054201 18
1309054261 18
1309054321 17
1309054381 18
1309054441 19
1309054501 19
1309054561 19
1309054621 20
1309054681 21
1309054741 18
1309054802 19
1309054861 20
1309054921 20
1309054981 19
1309055041 21
1309055101 20
1309055161 20
1309055221 20
1309055281 21
1309055341 23
1309055401 22
1309055462 24
1309055522 24
1309055581 23
1309055641 19
1309055701 21
1309055761 22
1309055821 20
1309055881 17
1309055941 18
1309056001 19
1309056061 18
1309056121 20
1309056182 19
1309056241 19
1309056301 18
1309056361 19
1309056421 19
1309056481 19
1309056541 20
1309056601 19
1309056661 19
1309056721 19
1309056781 21
1309056841 21
1309056901 19
1309056962 20
1309057021 20
1309057081 21
1309057141 18
1309057201 18
1309057261 19
1309057321 20
1309057381 20
1309057441 20
1309057501 21
1309057561 20
1309057622 20
1309057681 20
1309057741 20
1309057801 18
1309057861 21
1309057921 19
1309057981 20
1309058041 21
1309058101 23
1309058161 23
1309058221 23
1309058281 24
1309058342 24
1309058402 23
1309058461 19
1309058521 22
1309058581 21
1309058641 20
1309058701 20
1309058761 22
1309058821 20
1309058881 19
1309058941 20
1309059001 21
1309059061 20
1309059122 20
1309059181 19
1309059241 20
1309059301 18
1309059361 18
1309059421 20
1309059481 20
1309059541 19
1309059601 19
1309059661 20
1309059721 18
1309059781 19
1309059841 18
1309059901 21
1309059961 20
1309060021 18
1309060081 19
1309060141 19
1309060201 18
1309060261 17
1309060321 17
1309060381 13
1309060441 16
1309060501 16
1309060561 17
1309060622 17
1309060681 15
1309060741 16
1309060801 18
1309060861 19
1309060921 20
1309060981 20
1309061041 19
1309061101 18
1309061161 18
1309061221 17
1309061281 18
1309061342 18
1309061401 16
1309061461 17
1309061521 16
1309061581 18
1309061641 16
1309061701 18
1309061761 17
1309061821 17
1309061881 16
1309061941 17
1309062001 18
1309062061 18
1309062122 18
1309062181 18
1309062241 19
1309062301 17
1309062361 18
1309062421 19
1309062481 18
1309062541 17
1309062601 17
1309062661 18
1309062721 19
1309062781 17
1309062842 20
1309062901 20
1309062961 20
1309063021 21
1309063081 22
1309063141 22
1309063201 21
1309063261 20
1309063321 18
1309063381 19
1309063441 16
1309063501 19
1309063561 18
1309063622 17
1309063681 17
1309063741 17
1309063801 19
1309063861 18
1309063921 19
1309063981 20
1309064041 19
1309064101 17
1309064161 20
1309064221 18
1309064281 19
1309064341 19
1309064402 18
1309064461 19
1309064521 19
1309064581 17
1309064641 18
1309064701 17
1309064761 18
1309064821 17
1309064881 18
1309064941 20
1309065001 19
1309065062 18
1309065121 19
1309065181 18
1309065241 18
1309065301 17
1309065361 17
1309065421 19
1309065481 18
1309065541 16
1309065601 19
1309065661 19
1309065722 19
1309065781 19
1309065841 19
1309065901 18
1309065961 18
1309066021 18
1309066081 18
1309066141 19
1309066201 17
1309066261 18
1309066321 19
1309066382 19
1309066441 18
1309066501 19
1309066561 18
1309066621 18
1309066681 18
1309066741 17
1309066801 20
1309066861 18
1309066921 17
1309066982 19
1309067041 19
1309067101 21
1309067161 19
1309067221 17
1309067281 16
1309067341 17
1309067401 18
1309067461 21
1309067521 20
1309067581 19
1309067642 21
1309067701 22
1309067761 21
1309067821 22
1309067881 22
1309067941 19
1309068001 16
1309068061 16
1309068121 18
1309068181 19
1309068241 18
1309068301 17
1309068361 21
1309068421 22
1309068482 21
1309068541 22
1309068601 21
1309068661 21
1309068721 17
1309068781 19
1309068841 20
1309068901 20
1309068961 16
1309069021 19
1309069081 19
1309069141 18
1309069202 20
1309069261 18
1309069321 20
1309069381 19
1309069441 18
1309069501 19
1309069561 20
1309069621 17
1309069681 19
1309069741 20
1309069801 19
1309069861 20
1309069922 18
1309069981 19
1309070041 21
1309070101 19
1309070161 21
1309070221 22
1309070281 21
1309070341 22
1309070401 22
1309070461 22
1309070521 22
1309070581 20
1309070642 20
1309070701 20
1309070761 19
1309070821 20
1309070881 20
1309070941 21
1309071001 21
1309071061 20
1309071121 20
1309071181 20
1309071241 18
1309071301 20
1309071361 21
1309071422 20
1309071481 19
1309071541 20
1309071601 21
1309071661 21
1309071721 21
1309071781 21
1309071841 20
1309071901 21
1309071961 20
1309072021 19
1309072081 21
1309072142 21
1309072202 22
1309072261 21
1309072321 23
1309072381 24
1309072441 23
1309072501 22
1309072561 23
1309072621 24
1309072681 24
1309072741 22
1309072801 23
1309072862 24
1309072921 23
1309072981 21
1309073041 21
1309073101 21
1309073161 20
1309073221 21
1309073281 19
1309073341 20
1309073401 21
1309073461 21
1309073522 21
1309073581 21
1309073641 21
1309073701 20
1309073761 21
1309073821 17
1309073881 21
1309073941 20
1309074001 21
1309074061 22
1309074121 21
1309074181 21
1309074242 22
1309074301 22
1309074361 21
1309074421 20
1309074481 18
1309074541 18
1309074601 17
1309074661 18
1309074721 18
1309074781 18
1309074841 17
1309074901 17
1309074962 17
1309075021 18
1309075081 17
1309075141 18
1309075201 19
1309075261 18
1309075321 19
1309075381 19
1309075441 19
1309075501 18
1309075561 18
1309075621 16
1309075682 19
1309075741 21
1309075801 19
1309075861 18
1309075921 19
1309075981 18
1309076041 19
1309076101 19
1309076161 19
1309076221 19
1309076281 18
1309076341 16
1309076402 15
1309076461 16
1309076521 15
1309076581 15
1309076641 16
1309076701 18
1309076761 17
1309076821 17
1309076881 16
1309076941 16
1309077001 15
1309077062 18
1309077121 17
1309077181 18
1309077241 18
1309077301 17
1309077361 18
1309077421 18
1309077481 17
1309077541 17
1309077601 18
1309077662 17
1309077721 18
1309077781 19
1309077841 21
1309077901 21
1309077961 20
1309078021 21
1309078081 21
1309078141 20
1309078201 18
1309078261 20
1309078321 19
1309078381 18
1309078442 18
1309078501 18
1309078561 19
1309078621 17
1309078681 17
1309078741 17
1309078801 16
1309078861 16
1309078921 17
1309078981 16
1309079041 15
1309079101 16
1309079162 17
1309079221 17
1309079281 18
1309079341 17
1309079401 17
1309079461 15
1309079521 18
1309079581 18
1309079641 18
1309079701 19
1309079761 19
1309079821 21
1309079882 19
1309079941 22
1309080001 23
1309080061 23
1309080121 23
1309080181 25
1309080241 25
1309080301 23
1309080361 21
1309080421 20
1309080481 20
1309080541 19
1309080602 20
1309080661 19
1309080721 17
1309080781 18
1309080841 17
1309080901 19
1309080961 19
1309081021 20
1309081081 21
1309081141 20
1309081201 19
1309081261 19
1309081321 19
1309081382 19
1309081441 20
1309081501 18
1309081561 20
1309081621 21
1309081681 21
1309081741 22
1309081801 22
1309081861 22
1309081921 21
1309081981 21
1309082041 19
1309082102 21
1309082161 19
1309082221 22
1309082281 20
1309082341 22
1309082401 22
1309082461 21
1309082521 21
1309082581 21
1309082641 23
1309082701 22
1309082761 23
1309082822 19
1309082881 19
1309082941 19
1309083001 19
1309083061 19
1309083121 19
1309083181 18
1309083241 18
1309083301 19
1309083361 16
1309083421 19
1309083481 17
1309083541 17
1309083602 18
1309083661 19
1309083721 20
1309083781 19
1309083841 18
1309083901 19
1309083961 20
1309084021 19
1309084081 19
1309084141 19
1309084201 20
1309084262 19
1309084321 18
1309084381 19
1309084441 19
1309084501 18
1309084561 17
1309084621 18
1309084681 20
1309084741 19
1309084801 16
1309084861 19
1309084922 18
1309084982 18
1309085041 20
1309085101 19
1309085161 19
1309085221 18
1309085281 17
1309085341 16
1309085401 14
1309085461 14
1309085521 15
1309085581 12
1309085641 13
1309085702 15
1309085761 16
1309085821 17
1309085881 15
1309085941 17
1309086001 17
1309086061 16
1309086121 17
1309086181 17
1309086241 15
1309086301 15
1309086361 15
1309086421 16
1309086482 16
1309086541 15
1309086601 16
1309086661 15
1309086721 14
1309086781 15
1309086841 15
1309086901 14
1309086961 12
1309087021 13
1309087081 13
1309087141 14
1309087201 13
1309087262 13
1309087321 14
1309087381 13
1309087441 14
1309087501 14
1309087561 13
1309087621 13
1309087681 13
1309087741 13
1309087801 15
1309087861 15
1309087921 15
1309087982 16
1309088041 16
1309088101 16
1309088161 16
1309088221 14
1309088281 15
1309088341 15
1309088401 14
1309088461 14
1309088521 14
1309088581 14
1309088642 16
1309088701 16
1309088761 16
1309088821 16
1309088881 14
1309088941 15
1309089001 16
1309089061 18
1309089121 17
1309089181 17
1309089241 17
1309089301 17
1309089361 18
1309089422 17
1309089481 17
1309089541 17
1309089601 16
1309089661 17
1309089721 17
1309089781 18
1309089841 18
1309089901 17
1309089961 18
1309090021 19
1309090081 19
1309090142 18
1309090201 18
1309090261 16
1309090321 16
1309090381 14
1309090441 15
1309090501 15
1309090561 13
1309090621 12
1309090681 12
1309090741 12
1309090801 10
1309090862 11
1309090921 11
1309090981 12
1309091041 11
1309091101 12
1309091161 12
1309091221 13
1309091281 14
1309091341 14
1309091401 14
1309091461 14
1309091521 14
1309091581 16
1309091641 15
1309091701 16
1309091761 15
1309091821 16
1309091881 17
1309091941 18
1309092001 18
1309092061 18
1309092121 17
1309092181 16
1309092241 16
1309092301 16
1309092362 16
1309092421 16
1309092481 16
1309092541 14
1309092601 15
1309092661 14
1309092721 16
1309092781 16
1309092841 17
1309092901 17
1309092961 17
1309093021 16
1309093082 17
1309093141 17
1309093201 17
1309093261 17
1309093321 15
1309093381 17
1309093441 16
1309093501 15
1309093561 16
1309093621 16
1309093681 14
1309093741 18
1309093802 18
1309093861 18
1309093921 19
1309093981 19
1309094041 20
1309094101 18
1309094161 19
1309094221 20
1309094281 20
1309094341 18
1309094401 19
1309094461 17
1309094522 17
1309094581 15
1309094641 16
1309094701 16
1309094761 16
1309094821 14
1309094881 16
1309094941 15
1309095001 15
1309095061 16
1309095121 15
1309095181 15
1309095242 15
1309095301 16
1309095361 16
1309095421 18
1309095481 16
1309095541 18
1309095601 17
1309095661 17
1309095721 18
1309095781 17
1309095841 17
1309095902 17
1309095961 17
1309096021 17
1309096081 18
1309096141 18
1309096201 18
1309096261 18
1309096321 18
1309096381 16
1309096441 17
1309096501 16
1309096561 17
1309096622 16
1309096681 17
1309096741 14
1309096801 15
1309096861 15
1309096921 14
1309096981 14
1309097041 15
1309097101 14
1309097161 14
1309097221 15
1309097281 14
1309097342 15
1309097401 14
1309097461 14
1309097521 15
1309097581 15
1309097641 16
1309097701 15
1309097761 13
1309097821 12
1309097881 14
1309097941 12
1309098001 14
1309098062 13
1309098121 15
1309098181 15
1309098241 14
1309098301 13
1309098361 13
1309098421 13
1309098481 12
1309098541 13
1309098601 13
1309098661 14
1309098722 12
1309098781 14
1309098841 14
1309098901 14
1309098961 14
1309099021 14
1309099081 12
1309099141 13
1309099201 12
1309099261 12
1309099321 12
1309099381 11
1309099441 13
1309099501 13
1309099561 14
1309099621 14
1309099681 14
1309099741 14
1309099801 14
1309099861 13
1309099921 13
1309099981 13
1309100042 13
1309100101 13
1309100161 12
1309100221 11
1309100281 11
1309100341 9
1309100401 10
1309100461 11
1309100521 12
1309100581 12
1309100642 12
1309100701 11
1309100761 12
1309100821 12
1309100881 11
1309100941 12
1309101001 10
1309101061 11
1309101121 10
1309101181 9
1309101241 10
1309101301 11
1309101362 11
1309101421 12
1309101481 12
1309101541 11
1309101601 10
1309101661 8
1309101721 10
1309101781 9
1309101841 8
1309101901 7
1309101961 7
1309102021 7
1309102081 8
1309102141 8
1309102201 8
1309102261 8
1309102321 6
1309102381 8
1309102441 7
1309102501 7
1309102561 6
1309102621 7
1309102681 8
1309102741 8
1309102801 8
1309102861 8
1309102921 8
1309102981 8
1309103041 7
1309103101 8
1309103161 8
1309103221 7
1309103281 5
1309103341 6
1309103401 6
1309103462 7
1309103521 7
1309103581 6
1309103641 5
1309103701 5
1309103761 6
1309103821 5
1309103881 6
1309103941 4
1309104001 5
