1312992062 54
1312992121 57
1312992181 55
1312992241 53
1312992301 56
1312992361 56
1312992421 57
1312992481 57
1312992541 58
1312992601 56
1312992662 53
1312992721 48
1312992781 46
1312992841 46
1312992901 44
1312992961 45
1312993021 43
1312993081 45
1312993141 42
1312993201 45
1312993262 44
1312993321 42
1312993381 43
1312993441 42
1312993501 44
1312993561 44
1312993621 41
1312993681 41
1312993741 41
1312993801 40
1312993862 39
1312993921 40
1312993981 39
1312994041 38
1312994101 37
1312994161 39
1312994221 39
1312994281 36
1312994341 39
1312994401 36
1312994461 36
1312994521 36
1312994581 36
1312994641 35
1312994701 33
1312994761 32
1312994821 36
1312994881 36
1312994942 35
1312995001 34
1312995061 35
1312995121 35
1312995181 35
1312995241 37
1312995301 37
1312995361 37
1312995421 35
1312995481 33
1312995542 35
1312995602 35
1312995661 34
1312995721 35
1312995781 35
1312995841 35
1312995901 34
1312995961 31
1312996021 33
1312996082 35
1312996141 32
1312996201 32
1312996261 33
1312996321 32
1312996381 31
1312996441 30
1312996501 30
1312996561 33
1312996621 32
1312996681 30
1312996741 29
1312996801 30
1312996861 30
1312996921 29
1312996981 29
1312997041 28
1312997101 27
1312997161 26
1312997222 25
1312997281 28
1312997341 28
1312997401 26
1312997461 23
1312997521 26
1312997581 26
1312997641 26
1312997701 26
1312997761 24
1312997821 24
1312997881 24
1312997941 25
1312998001 23
1312998061 25
1312998121 21
1312998181 23
1312998241 24
1312998301 22
1312998361 22
1312998422 21
1312998482 20
1312998541 22
1312998601 22
1312998661 21
1312998721 21
1312998781 19
1312998841 20
1312998901 20
1312998961 19
1312999021 19
1312999082 15
1312999141 17
1312999201 19
1312999261 19
1312999322 18
1312999381 19
1312999441 18
1312999501 16
1312999561 16
1312999621 17
1312999681 17
1312999741 15
1312999801 15
1312999862 16
1312999922 16
1312999981 14
1313000041 12
1313000101 13
1313000161 13
1313000221 13
1313000281 13
1313000341 12
1313000401 12
1313000462 13
1313000522 13
1313000581 12
1313000641 13
1313000701 12
1313000761 11
1313000821 12
1313000881 13
1313000941 12
1313001001 10
1313001062 12
1313001121 14
1313001181 14
1313001241 14
1313001301 14
1313001361 14
1313001421 15
1313001481 13
1313001542 14
1313001601 12
1313001661 10
1313001721 12
1313001781 13
1313001841 13
1313001901 13
1313001961 13
1313002022 12
1313002081 13
1313002141 13
1313002201 13
1313002261 12
1313002321 10
1313002381 11
1313002442 13
1313002501 13
1313002561 13
1313002621 13
1313002681 11
1313002741 12
1313002801 13
1313002861 13
1313002921 12
1313002982 10
1313003042 12
1313003101 13
1313003161 14
1313003221 14
1313003281 14
1313003342 13
1313003401 12
1313003461 14
1313003522 14
1313003581 13
1313003641 10
1313003702 13
1313003761 14
1313003821 14
1313003881 14
1313003941 14
1313004001 13
1313004062 13
1313004121 14
1313004181 14
1313004241 13
1313004301 11
1313004362 10
1313004422 12
1313004481 12
1313004541 12
1313004601 12
1313004661 10
1313004721 11
1313004781 12
1313004841 11
1313004902 11
1313004961 11
1313005021 11
1313005081 12
1313005141 12
1313005201 12
1313005261 12
1313005322 12
1313005381 12
1313005441 13
1313005501 12
1313005561 11
1313005621 11
1313005682 12
1313005741 14
1313005801 15
1313005861 15
1313005921 15
1313005981 14
1313006041 15
1313006102 15
1313006161 14
1313006221 14
1313006281 14
1313006341 14
1313006401 14
1313006461 14
1313006521 14
1313006581 14
1313006641 13
1313006702 14
1313006761 14
1313006821 13
1313006883 14
1313006941 13
1313007001 12
1313007062 13
1313007121 12
1313007181 13
1313007241 13
1313007301 12
1313007361 13
1313007422 13
1313007481 10
1313007541 12
1313007601 13
1313007662 11
1313007721 12
1313007781 13
1313007841 13
1313007901 13
1313007962 12
1313008021 12
1313008081 12
1313008141 11
1313008201 12
1313008262 12
1313008321 10
1313008381 12
1313008442 11
1313008502 12
1313008561 12
1313008622 13
1313008682 13
1313008741 12
1313008801 11
1313008861 13
1313008921 13
1313008981 10
1313009041 12
1313009101 13
1313009161 13
1313009221 12
1313009281 13
1313009341 13
1313009402 11
1313009461 12
1313009521 13
1313009581 13
1313009641 12
1313009701 13
1313009764 13
1313009821 13
1313009881 12
1313009941 13
1313010001 13
1313010061 12
1313010121 12
1313010181 13
1313010241 11
1313010301 12
1313010361 13
1313010422 13
1313010481 13
1313010541 11
1313010601 12
1313010661 13
1313010721 12
1313010781 12
1313010841 13
1313010901 12
1313010961 12
1313011021 13
1313011081 13
1313011141 13
1313011201 12
1313011261 12
1313011321 13
1313011381 12
1313011441 12
1313011501 12
1313011561 14
1313011621 13
1313011681 14
1313011741 15
1313011802 14
1313011861 13
1313011921 14
1313011981 14
1313012042 15
1313012102 14
1313012161 14
1313012222 15
1313012282 14
1313012341 15
1313012401 15
1313012461 15
1313012521 15
1313012581 15
1313012641 14
1313012701 15
1313012762 14
1313012821 15
1313012881 15
1313012941 15
1313013001 15
1313013061 14
1313013121 15
1313013181 15
1313013241 14
1313013301 14
1313013361 13
1313013421 12
1313013481 13
1313013541 13
1313013601 13
1313013661 13
1313013721 12
1313013781 12
1313013841 13
1313013901 12
1313013962 12
1313014021 14
1313014081 14
1313014141 14
1313014201 13
1313014261 12
1313014321 14
1313014381 14
1313014441 15
1313014501 14
1313014562 13
1313014622 14
1313014681 14
1313014741 15
1313014801 15
1313014861 15
1313014921 13
1313014981 14
1313015041 15
1313015101 17
1313015162 16
1313015221 14
1313015281 15
1313015341 16
1313015401 17
1313015461 17
1313015521 18
1313015581 16
1313015641 19
1313015701 19
1313015762 21
1313015822 20
1313015880 18
1313015942 19
1313016001 21
1313016061 21
1313016121 21
1313016181 19
1313016241 18
1313016302 20
1313016361 18
1313016421 19
1313016482 19
1313016542 18
1313016601 17
1313016661 20
1313016721 20
1313016781 20
1313016841 17
1313016901 17
1313016961 20
1313017022 20
1313017081 20
1313017141 20
1313017201 20
1313017261 18
1313017321 21
1313017381 21
1313017441 20
1313017501 17
1313017561 19
1313017621 19
1313017682 20
1313017741 21
1313017801 21
1313017861 20
1313017921 19
1313017981 22
1313018041 22
1313018101 21
1313018162 21
1313018221 22
1313018281 21
1313018341 23
1313018401 25
1313018461 25
1313018521 24
1313018581 26
1313018641 28
1313018702 28
1313018761 29
1313018821 28
1313018881 28
1313018941 27
1313019001 29
1313019061 30
1313019121 29
1313019181 26
1313019241 26
1313019302 26
1313019361 26
1313019421 29
1313019481 28
1313019541 27
1313019601 31
1313019661 33
1313019721 35
1313019782 34
1313019841 34
1313019901 35
1313019961 33
1313020021 35
1313020081 36
1313020141 35
1313020201 33
1313020261 35
1313020322 36
1313020381 37
1313020441 39
1313020501 39
1313020561 40
1313020621 37
1313020681 40
1313020741 42
1313020801 38
1313020861 38
1313020922 43
1313020982 42
1313021041 42
1313021101 42
1313021161 39
1313021221 43
1313021281 41
1313021341 41
1313021401 43
1313021461 41
1313021521 41
1313021582 48
1313021641 49
1313021701 49
1313021761 52
1313021821 47
1313021881 52
1313021941 54
1313022001 52
1313022061 50
1313022121 51
1313022182 49
1313022241 54
1313022301 55
1313022361 54
1313022421 58
1313022481 58
1313022541 62
1313022601 61
1313022661 62
1313022721 62
1313022782 66
1313022841 69
1313022901 73
1313022961 74
1313023021 76
1313023081 76
1313023141 79
1313023201 83
1313023261 83
1313023322 84
1313023382 84
1313023441 83
1313023501 86
1313023561 90
1313023621 87
1313023681 87
1313023741 84
1313023801 90
1313023861 91
1313023921 89
1313023982 92
1313024041 95
1313024101 95
1313024161 96
1313024221 99
1313024281 98
1313024341 98
1313024401 97
1313024461 100
1313024521 99
1313024582 98
1313024641 101
1313024701 103
1313024761 102
1313024821 104
1313024881 109
1313024941 109
1313025001 111
1313025061 111
1313025121 110
1313025182 111
1313025242 111
1313025301 112
1313025361 112
1313025421 113
1313025481 112
1313025541 112
1313025601 109
1313025661 110
1313025721 111
1313025781 111
1313025841 112
1313025901 113
1313025961 115
1313026021 115
1313026081 116
1313026142 119
1313026202 125
1313026261 123
1313026321 125
1313026381 125
1313026441 132
1313026501 135
1313026561 133
1313026621 137
1313026681 136
1313026741 135
1313026801 139
1313026861 141
1313026921 140
1313026982 140
1313027041 137
1313027101 139
1313027161 144
1313027221 143
1313027281 141
1313027341 147
1313027401 144
1313027461 147
1313027521 152
1313027581 149
1313027642 145
1313027701 141
1313027761 144
1313027821 144
1313027881 142
1313027941 144
1313028001 147
1313028061 143
1313028121 145
1313028182 149
1313028241 150
1313028301 147
1313028361 145
1313028421 150
1313028481 149
1313028541 153
1313028601 153
1313028661 154
1313028722 154
1313028781 157
1313028841 156
1313028901 161
1313028961 158
1313029022 159
1313029082 160
1313029141 161
1313029201 164
1313029261 168
1313029321 165
1313029381 163
1313029441 166
1313029501 163
1313029562 164
1313029621 167
1313029681 167
1313029741 164
1313029801 164
1313029861 169
1313029921 170
1313029981 166
1313030041 164
1313030101 168
1313030161 164
1313030221 163
1313030281 165
1313030341 163
1313030401 164
1313030461 160
1313030521 166
1313030581 170
1313030641 170
1313030701 173
1313030761 172
1313030822 175
1313030881 172
1313030941 167
1313031001 170
1313031061 168
1313031121 165
1313031181 164
1313031241 167
1313031301 165
1313031361 168
1313031422 160
1313031482 163
1313031541 165
1313031601 164
1313031661 165
1313031721 166
1313031781 173
1313031841 171
1313031902 171
1313031961 169
1313032021 171
1313032081 176
1313032141 179
1313032201 180
1313032261 183
1313032321 183
1313032381 181
1313032442 187
1313032502 190
1313032561 193
1313032621 195
1313032681 192
1313032741 189
1313032801 183
1313032861 183
1313032921 181
1313032981 182
1313033042 179
1313033102 183
1313033161 184
1313033221 184
1313033281 181
1313033341 185
1313033401 186
1313033461 191
1313033521 190
1313033581 184
1313033641 183
1313033702 182
1313033762 179
1313033821 179
1313033881 183
1313033941 186
1313034002 186
1313034061 188
1313034121 186
1313034181 186
1313034241 183
1313034301 179
1313034362 178
1313034422 178
1313034481 175
1313034541 170
1313034601 168
1313034661 161
1313034721 165
1313034781 164
1313034841 159
1313034901 155
1313034962 155
1313035021 156
1313035081 154
1313035141 150
1313035201 148
1313035261 151
1313035321 151
1313035381 148
1313035441 147
1313035501 149
1313035562 144
1313035621 141
1313035681 142
1313035741 142
1313035801 144
1313035861 137
1313035921 138
1313035981 141
1313036041 148
1313036101 148
1313036161 149
1313036222 146
1313036282 147
1313036341 145
1313036401 143
1313036461 142
1313036521 143
1313036581 138
1313036641 136
1313036701 134
1313036761 134
1313036821 132
1313036882 129
1313036941 129
1313037001 131
1313037061 130
1313037121 129
1313037181 132
1313037241 131
1313037301 135
1313037361 137
1313037421 136
1313037481 137
1313037542 139
1313037601 134
1313037661 132
1313037721 132
1313037781 136
1313037841 132
1313037901 127
1313037961 127
1313038021 126
1313038081 127
1313038142 121
1313038202 122
1313038261 124
1313038321 120
1313038381 122
1313038442 124
1313038501 121
1313038561 121
1313038621 123
1313038681 119
1313038741 122
1313038801 124
1313038861 118
1313038921 114
1313038981 119
1313039041 120
1313039102 123
1313039161 124
1313039221 127
1313039281 129
1313039341 128
1313039401 125
1313039462 128
1313039521 129
1313039581 125
1313039641 128
1313039701 131
1313039761 130
1313039821 130
1313039881 134
1313039941 137
1313040001 138
1313040062 132
1313040121 133
1313040181 135
1313040241 135
1313040301 137
1313040361 139
1313040421 140
1313040481 138
1313040541 142
1313040602 143
1313040662 144
1313040721 141
1313040781 135
1313040841 135
1313040901 135
1313040961 133
1313041021 138
1313041081 136
1313041141 136
1313041201 136
1313041262 136
1313041322 135
1313041381 136
1313041441 136
1313041501 138
1313041561 140
1313041621 138
1313041681 138
1313041741 137
1313041802 136
1313041862 134
1313041921 136
1313041981 137
1313042041 137
1313042101 139
1313042161 131
1313042221 135
1313042281 135
1313042341 139
1313042402 140
1313042461 143
1313042521 144
1313042581 147
1313042641 144
1313042701 145
1313042761 145
1313042821 145
1313042881 147
1313042941 142
1313043002 146
1313043062 149
1313043121 144
1313043181 149
1313043241 151
1313043301 151
1313043361 153
1313043421 155
1313043481 158
1313043541 158
1313043602 158
1313043661 158
1313043721 157
1313043781 151
1313043841 152
1313043901 149
1313043961 152
1313044021 146
1313044081 144
1313044141 145
1313044201 142
1313044262 140
1313044321 143
1313044381 146
1313044441 145
1313044501 146
1313044561 142
1313044621 143
1313044681 145
1313044741 140
1313044801 150
1313044862 146
1313044922 148
1313044981 149
1313045041 148
1313045101 150
1313045161 151
1313045221 152
1313045281 145
1313045341 145
1313045402 142
1313045462 148
1313045521 149
1313045581 147
1313045641 153
1313045701 147
1313045761 153
1313045821 155
1313045881 159
1313045941 157
1313046002 159
1313046062 156
1313046121 152
1313046181 152
1313046241 148
1313046301 150
1313046361 151
1313046421 149
1313046481 149
1313046541 149
1313046601 147
1313046661 147
1313046721 147
1313046781 154
1313046841 156
1313046901 157
1313046961 155
1313047021 152
1313047081 150
1313047141 150
1313047201 148
1313047261 150
1313047321 150
1313047381 147
1313047441 151
1313047501 150
1313047561 149
1313047621 147
1313047681 147
1313047741 149
1313047801 148
1313047861 147
1313047922 150
1313047981 143
1313048041 140
1313048101 138
1313048161 138
1313048221 139
1313048281 136
1313048341 135
1313048401 132
1313048462 128
1313048522 128
1313048581 128
1313048641 128
1313048701 130
1313048761 130
1313048822 134
1313048881 138
1313048941 144
1313049001 145
1313049061 150
1313049121 151
1313049181 148
1313049241 147
1313049301 143
1313049362 143
1313049422 141
1313049481 137
1313049541 133
1313049601 130
1313049661 131
1313049721 128
1313049781 128
1313049841 128
1313049902 130
1313049961 127
1313050021 125
1313050081 124
1313050141 125
1313050201 126
1313050261 123
1313050321 124
1313050381 127
1313050441 125
1313050502 124
1313050561 122
1313050621 122
1313050681 123
1313050741 121
1313050801 122
1313050861 123
1313050921 121
1313050981 122
1313051041 115
1313051101 112
1313051161 109
1313051222 108
1313051281 108
1313051341 105
1313051401 106
1313051461 106
1313051521 107
1313051581 103
1313051641 103
1313051701 100
1313051761 96
1313051821 94
1313051881 95
1313051942 95
1313052001 95
1313052061 97
1313052121 97
1313052181 99
1313052241 102
1313052301 102
1313052361 100
1313052421 95
1313052482 96
1313052541 96
1313052601 96
1313052661 93
1313052721 97
1313052781 96
1313052841 93
1313052901 93
1313052961 92
1313053021 91
1313053081 91
1313053141 87
1313053201 91
1313053261 90
1313053321 90
1313053381 89
1313053441 93
1313053502 94
1313053561 91
1313053621 91
1313053681 88
1313053741 92
1313053801 89
1313053861 88
1313053921 88
1313053981 88
1313054041 87
1313054102 87
1313054161 89
1313054221 91
1313054281 91
1313054341 87
1313054401 86
1313054461 83
1313054521 82
1313054581 83
1313054641 80
1313054702 81
1313054761 80
1313054821 81
1313054881 79
1313054941 77
1313055001 77
1313055061 78
1313055121 77
1313055181 78
1313055242 82
1313055301 81
1313055361 85
1313055421 85
1313055482 85
1313055541 84
1313055601 82
1313055661 81
1313055721 82
1313055781 82
1313055841 83
1313055901 82
1313055961 81
1313056021 81
1313056081 81
1313056142 82
1313056202 84
1313056261 86
1313056321 86
1313056381 85
1313056441 85
1313056501 86
1313056561 86
1313056621 86
1313056681 86
1313056741 86
1313056802 85
1313056861 81
1313056921 82
1313056981 79
1313057042 78
1313057102 82
1313057161 82
1313057221 82
1313057281 81
1313057341 81
1313057401 79
1313057461 78
1313057521 77
1313057581 80
1313057641 79
1313057702 75
1313057762 74
1313057821 77
1313057881 76
1313057941 77
1313058001 79
1313058061 77
1313058121 74
1313058181 75
1313058241 75
1313058301 74
1313058361 76
1313058422 73
1313058481 74
1313058541 75
1313058601 77
1313058661 78
1313058721 75
1313058781 74
1313058841 73
1313058901 72
1313058961 72
1313059021 71
1313059081 73
1313059141 74
1313059201 71
1313059261 74
1313059321 73
1313059381 74
1313059441 75
1313059502 77
1313059562 77
1313059621 80
1313059681 79
1313059741 79
1313059801 78
1313059861 80
1313059921 78
1313059981 74
1313060041 76
1313060101 74
1313060161 75
1313060222 73
1313060281 73
1313060341 74
1313060401 73
1313060461 71
1313060521 71
1313060581 73
1313060641 72
1313060701 73
1313060761 73
1313060821 72
1313060881 72
1313060941 72
1313061001 77
1313061062 78
1313061121 78
1313061181 77
1313061241 77
1313061301 73
1313061361 75
1313061421 77
1313061481 75
1313061541 77
1313061601 72
1313061661 76
1313061721 79
1313061781 79
1313061841 80
1313061901 79
1313061962 78
1313062021 80
1313062081 82
1313062141 81
1313062201 82
1313062261 82
1313062321 81
1313062381 81
1313062441 78
1313062501 79
1313062562 78
1313062622 78
1313062681 79
1313062741 77
1313062801 78
1313062861 73
1313062921 76
1313062981 75
1313063041 78
1313063102 78
1313063162 77
1313063221 77
1313063281 80
1313063341 81
1313063401 81
1313063461 80
1313063521 78
1313063581 77
1313063641 78
1313063701 79
1313063761 83
1313063821 82
1313063881 78
1313063941 75
1313064002 79
1313064061 83
1313064121 84
1313064181 82
1313064241 80
1313064301 79
1313064361 82
1313064421 84
1313064481 84
1313064542 81
1313064602 80
1313064661 82
1313064721 79
1313064781 84
1313064841 83
1313064901 84
1313064961 81
1313065021 82
1313065081 82
1313065141 82
1313065201 80
1313065261 79
1313065321 83
1313065381 80
1313065441 83
1313065501 84
1313065561 83
1313065621 81
1313065681 80
1313065741 86
1313065801 86
1313065861 84
1313065921 91
1313065982 90
1313066042 88
1313066101 88
1313066161 90
1313066221 88
1313066281 91
1313066341 88
1313066401 91
1313066461 91
1313066521 88
1313066582 90
1313066641 88
1313066701 89
1313066761 88
1313066821 92
1313066881 88
1313066941 91
1313067001 90
1313067062 90
1313067121 89
1313067181 92
1313067241 91
1313067301 85
1313067361 88
1313067421 90
1313067481 93
1313067541 97
1313067601 100
1313067662 98
1313067722 98
1313067781 97
1313067841 98
1313067901 100
1313067961 101
1313068021 103
1313068081 100
1313068141 99
1313068202 96
1313068262 98
1313068321 101
1313068381 102
1313068441 103
1313068501 103
1313068561 102
1313068621 103
1313068681 102
1313068741 98
1313068802 93
1313068861 95
1313068921 93
1313068981 93
1313069041 95
1313069101 96
1313069161 96
1313069221 93
1313069281 93
1313069341 93
1313069402 92
1313069461 93
1313069521 94
1313069581 95
1313069641 94
1313069701 94
1313069761 90
1313069821 91
1313069881 92
1313069942 94
1313070002 93
1313070061 93
1313070121 95
1313070181 94
1313070241 89
1313070301 93
1313070361 95
1313070421 96
1313070481 97
1313070541 96
1313070602 95
1313070661 91
1313070721 89
1313070781 89
1313070841 89
1313070901 92
1313070962 90
1313071021 89
1313071081 89
1313071141 90
1313071202 90
1313071261 90
1313071321 88
1313071381 87
1313071441 91
1313071501 86
1313071561 88
1313071621 86
1313071681 88
1313071741 88
1313071801 86
1313071861 88
1313071921 84
1313071982 85
1313072041 83
1313072101 81
1313072161 81
1313072221 77
1313072281 80
1313072341 81
1313072401 81
1313072461 78
1313072521 78
1313072582 77
1313072641 84
1313072701 82
1313072761 81
1313072821 87
1313072881 86
1313072941 85
1313073002 85
1313073061 84
1313073121 84
1313073181 83
1313073241 82
1313073301 81
1313073361 80
1313073421 82
1313073481 80
1313073542 83
1313073602 83
1313073661 82
1313073721 83
1313073781 82
1313073841 82
1313073901 83
1313073961 82
1313074021 81
1313074081 77
1313074141 76
1313074202 80
1313074261 81
1313074321 80
1313074381 77
1313074441 77
1313074501 81
1313074561 80
1313074621 77
1313074681 79
1313074741 76
1313074801 75
1313074862 73
1313074921 73
1313074981 74
1313075041 70
1313075101 65
1313075161 66
1313075221 69
1313075281 70
1313075341 71
1313075402 67
1313075462 68
1313075521 69
1313075581 68
1313075641 67
1313075701 67
1313075761 62
1313075821 58
1313075881 60
1313075941 59
1313076001 59
1313076062 58
1313076121 57
1313076181 58
1313076241 58
1313076301 58
1313076361 57
1313076421 58
1313076481 54
1313076541 56
1313076601 56
1313076662 55
1313076722 52
1313076781 53
1313076841 53
1313076901 52
1313076961 53
1313077021 51
1313077081 52
1313077141 49
1313077201 49
1313077261 51
1313077322 50
1313077381 47
1313077441 47
1313077501 49
1313077561 50
1313077621 49
1313077681 49
1313077741 49
1313077801 47
1313077861 49
1313077922 49
1313077981 49
1313078041 46
1313078101 44
1313078161 47
1313078221 47
1313078281 47
1313078341 45
1313078401 50
