1308844861 5
1308844921 7
1308844981 7
1308845041 7
1308845101 7
1308845161 7
1308845221 7
1308845281 6
1308845342 7
1308845401 7
1308845461 7
1308845521 6
1308845581 6
1308845641 6
1308845701 5
1308845761 5
1308845821 5
1308845881 4
1308845941 4
1308846001 5
1308846062 5
1308846121 3
1308846181 4
1308846241 4
1308846301 4
1308846361 4
1308846421 3
1308846481 3
1308846541 2
1308846601 2
1308846661 4
1308846721 4
1308846781 4
1308846842 4
1308846901 4
1308846961 4
1308847021 4
1308847081 4
1308847141 4
1308847201 3
1308847261 3
1308847321 4
1308847381 4
1308847441 3
1308847502 4
1308847561 4
1308847621 4
1308847681 4
1308847741 5
1308847801 5
1308847861 4
1308847921 3
1308847981 5
1308848041 5
1308848101 5
1308848161 5
1308848222 5
1308848281 5
1308848341 4
1308848401 5
1308848461 5
1308848521 4
1308848581 4
1308848641 5
1308848701 4
1308848761 4
1308848821 5
1308848881 5
1308848941 5
1308849001 4
1308849061 4
1308849121 4
1308849181 2
1308849242 3
1308849301 4
1308849361 4
1308849421 3
1308849481 4
1308849541 4
1308849601 4
1308849661 4
1308849721 4
1308849781 4
1308849842 4
1308849902 4
1308849961 5
1308850021 5
1308850081 4
1308850141 5
1308850201 5
1308850261 6
1308850321 6
1308850381 6
1308850441 5
1308850501 3
1308850562 3
1308850621 4
1308850681 4
1308850741 3
1308850801 4
1308850861 3
1308850921 3
1308850981 3
1308851041 3
1308851101 3
1308851161 3
1308851221 2
1308851281 3
1308851342 3
1308851401 2
1308851461 2
1308851521 2
1308851581 2
1308851641 2
1308851701 2
1308851761 1
1308851821 2
1308851881 1
1308851941 2
1308852001 2
1308852062 2
1308852121 2
1308852181 2
1308852241 2
1308852301 2
1308852361 2
1308852421 1
1308852481 2
1308852541 1
1308852601 2
1308852661 2
1308852721 2
1308852782 2
1308852841 2
1308852901 2
1308852961 2
1308853021 2
1308853081 1
1308853141 2
1308853201 1
1308853261 2
1308853321 2
1308853381 2
1308853441 2
1308853501 2
1308853561 2
1308853621 2
1308853681 2
1308853741 1
1308853801 2
1308853861 1
1308853921 2
1308853981 2
1308854041 2
1308854101 2
1308854162 2
1308854221 2
1308854281 2
1308854341 2
1308854401 1
1308854461 2
1308854521 1
1308854581 2
1308854641 2
1308854701 2
1308854761 2
1308854821 2
1308854881 2
1308854942 2
1308855001 2
1308855061 1
1308855121 2
1308855181 1
1308855241 2
1308855301 2
1308855361 2
1308855421 2
1308855481 2
1308855541 2
1308855601 2
1308855661 2
1308855722 1
1308855781 2
1308855841 1
1308855901 2
1308855961 2
1308856021 2
1308856081 2
1308856141 2
1308856201 2
1308856261 2
1308856322 2
1308856382 1
1308856441 2
1308856501 1
1308856561 2
1308856621 2
1308856681 2
1308856741 2
1308856801 2
1308856861 2
1308856921 2
1308856981 2
1308857041 1
1308857102 2
1308857161 2
1308857221 1
1308857281 2
1308857341 2
1308857401 2
1308857461 2
1308857521 2
1308857581 2
1308857641 2
1308857701 1
1308857762 2
1308857821 2
1308857881 1
1308857941 2
1308858001 2
1308858061 2
1308858121 2
1308858181 2
1308858241 2
1308858301 2
1308858362 2
1308858421 1
1308858481 2
1308858541 2
1308858601 2
1308858661 2
1308858721 2
1308858781 2
1308858841 2
1308858901 2
1308858961 2
1308859021 2
1308859081 1
1308859142 1
1308859201 2
1308859261 2
1308859321 2
1308859381 2
1308859441 2
1308859501 2
1308859561 2
1308859621 2
1308859681 2
1308859741 1
1308859801 2
1308859862 2
1308859922 2
1308859981 2
1308860041 2
1308860101 2
1308860161 2
1308860221 2
1308860281 2
1308860341 2
1308860401 1
1308860461 2
1308860521 2
1308860581 2
1308860641 2
1308860702 2
1308860761 2
1308860821 2
1308860881 2
1308860941 2
1308861001 1
1308861061 2
1308861121 2
1308861181 2
1308861241 2
1308861301 2
1308861361 2
1308861422 2
1308861481 2
1308861541 2
1308861601 2
1308861661 1
1308861721 2
1308861781 2
1308861841 2
1308861901 2
1308861961 2
1308862021 2
1308862081 2
1308862141 2
1308862201 2
1308862261 2
1308862321 1
1308862381 2
1308862441 2
1308862501 2
1308862561 2
1308862621 2
1308862681 2
1308862741 2
1308862801 2
1308862861 1
1308862922 2
1308862981 1
1308863041 2
1308863101 2
1308863161 2
1308863221 2
1308863281 2
1308863341 2
1308863401 2
1308863461 2
1308863521 1
1308863581 2
1308863642 1
1308863701 2
1308863761 2
1308863821 2
1308863881 2
1308863941 2
1308864001 2
1308864061 2
1308864121 2
1308864181 1
1308864241 2
1308864301 2
1308864361 3
1308864422 3
1308864481 3
1308864541 3
1308864601 3
1308864661 3
1308864721 3
1308864781 3
1308864841 2
1308864901 2
1308864961 2
1308865021 3
1308865081 3
1308865142 3
1308865201 3
1308865261 3
1308865321 3
1308865381 3
1308865441 3
1308865501 2
1308865561 2
1308865621 2
1308865681 3
1308865741 3
1308865802 3
1308865862 3
1308865921 3
1308865981 3
1308866041 3
1308866101 3
1308866161 2
1308866221 2
1308866281 2
1308866341 3
1308866401 3
1308866461 3
1308866521 3
1308866581 3
1308866641 3
1308866701 4
1308866761 4
1308866821 4
1308866881 3
1308866941 3
1308867001 4
1308867061 4
1308867121 4
1308867181 4
1308867242 4
1308867301 3
1308867361 3
1308867421 2
1308867481 3
1308867541 2
1308867601 2
1308867661 3
1308867721 3
1308867781 3
1308867841 3
1308867901 3
1308867962 3
1308868021 3
1308868081 2
1308868141 3
1308868201 2
1308868261 2
1308868321 3
1308868381 3
1308868441 3
1308868501 3
1308868561 3
1308868622 3
1308868681 3
1308868741 2
1308868801 3
1308868861 3
1308868921 3
1308868981 4
1308869041 4
1308869101 4
1308869161 4
1308869221 4
1308869281 4
1308869341 4
1308869401 3
1308869461 4
1308869521 3
1308869581 3
1308869641 4
1308869701 4
1308869761 5
1308869821 5
1308869881 5
1308869941 5
1308870001 6
1308870061 4
1308870121 6
1308870181 5
1308870242 6
1308870301 7
1308870361 8
1308870421 8
1308870481 8
1308870541 8
1308870601 7
1308870661 8
1308870721 7
1308870781 7
1308870841 7
1308870902 7
1308870961 6
1308871021 8
1308871081 8
1308871141 8
1308871201 8
1308871261 7
1308871321 9
1308871381 9
1308871441 9
1308871501 10
1308871561 10
1308871622 10
1308871681 11
1308871741 11
1308871801 11
1308871861 11
1308871921 9
1308871981 12
1308872041 12
1308872101 13
1308872162 13
1308872221 13
1308872281 16
1308872341 16
1308872401 18
1308872461 18
1308872521 18
1308872581 16
1308872641 19
1308872701 18
1308872761 18
1308872822 19
1308872882 16
1308872941 19
1308873001 20
1308873061 20
1308873121 20
1308873181 20
1308873241 17
1308873301 19
1308873361 21
1308873421 22
1308873481 23
1308873542 21
1308873601 21
1308873661 23
1308873721 23
1308873781 22
1308873841 23
1308873901 24
1308873961 23
1308874021 23
1308874081 23
1308874141 23
1308874202 21
1308874261 24
1308874321 24
1308874381 24
1308874441 22
1308874501 21
1308874561 26
1308874621 23
1308874681 26
1308874741 26
1308874801 25
1308874861 24
1308874921 27
1308874982 27
1308875041 27
1308875101 28
1308875161 27
1308875221 27
1308875281 25
1308875341 28
1308875401 28
1308875461 26
1308875521 25
1308875582 28
1308875641 28
1308875701 28
1308875761 26
1308875821 27
1308875881 28
1308875941 27
1308876001 29
1308876061 29
1308876121 32
1308876181 32
1308876242 32
1308876301 31
1308876361 35
1308876421 35
1308876481 35
1308876541 32
1308876601 37
1308876661 36
1308876721 34
1308876781 34
1308876841 35
1308876901 36
1308876962 34
1308877022 37
1308877081 39
1308877141 38
1308877201 34
1308877261 38
1308877321 37
1308877381 37
1308877441 38
1308877501 36
1308877561 37
1308877621 32
1308877682 31
1308877741 35
1308877801 35
1308877861 37
1308877921 40
1308877981 41
1308878041 38
1308878101 40
1308878161 40
1308878221 42
1308878282 42
1308878341 46
1308878401 48
1308878461 47
1308878521 45
1308878581 45
1308878641 47
1308878701 46
1308878761 48
1308878821 50
1308878881 53
1308878942 49
1308879001 50
1308879061 52
1308879121 53
1308879181 54
1308879241 53
1308879301 57
1308879361 55
1308879421 56
1308879481 53
1308879541 54
1308879602 55
1308879661 53
1308879721 54
1308879781 55
1308879841 56
1308879901 55
1308879961 57
1308880021 55
1308880081 55
1308880141 57
1308880201 56
1308880262 56
1308880321 56
1308880381 59
1308880441 58
1308880501 59
1308880561 57
1308880621 55
1308880681 56
1308880741 57
1308880801 60
1308880861 60
1308880921 59
1308880981 60
1308881042 59
1308881101 57
1308881161 57
1308881221 59
1308881281 62
1308881341 61
1308881401 64
1308881461 63
1308881521 64
1308881581 66
1308881641 68
1308881701 66
1308881761 67
1308881821 66
1308881881 66
1308881941 66
1308882001 62
1308882061 66
1308882121 68
1308882181 63
1308882241 63
1308882301 64
1308882361 64
1308882422 62
1308882481 63
1308882541 62
1308882601 62
1308882661 60
1308882721 60
1308882781 59
1308882841 58
1308882901 60
1308882961 61
1308883021 63
1308883082 60
1308883141 59
1308883201 65
1308883261 64
1308883321 67
1308883381 68
1308883441 68
1308883501 71
1308883561 70
1308883621 68
1308883681 69
1308883741 70
1308883802 65
1308883861 65
1308883921 68
1308883981 67
1308884041 66
1308884101 65
1308884161 65
1308884221 64
1308884281 63
1308884341 62
1308884401 63
1308884462 64
1308884521 63
1308884581 68
1308884641 68
1308884701 67
1308884761 67
1308884821 69
1308884881 71
1308884941 69
1308885001 71
1308885061 71
1308885122 74
1308885181 76
1308885241 74
1308885301 77
1308885361 76
1308885421 78
1308885481 77
1308885541 76
1308885601 71
1308885661 71
1308885721 66
1308885782 64
1308885841 68
1308885901 66
1308885961 67
1308886021 67
1308886081 67
1308886141 67
1308886201 64
1308886261 64
1308886321 63
1308886381 61
1308886441 60
1308886502 57
1308886561 57
1308886621 57
1308886681 57
1308886741 57
1308886801 57
1308886861 57
1308886921 53
1308886981 57
1308887041 57
1308887101 58
1308887161 57
1308887222 56
1308887281 57
1308887341 57
1308887401 58
1308887461 59
1308887521 57
1308887581 59
1308887641 62
1308887701 61
1308887761 59
1308887821 64
1308887881 65
1308887942 63
1308888001 61
1308888061 60
1308888121 61
1308888181 56
1308888241 53
1308888301 56
1308888361 55
1308888421 56
1308888481 56
1308888541 57
1308888601 57
1308888661 57
1308888721 56
1308888781 56
1308888841 56
1308888901 55
1308888961 57
1308889021 55
1308889081 53
1308889141 54
1308889201 55
1308889261 54
1308889322 53
1308889381 54
1308889441 57
1308889501 57
1308889561 58
1308889621 53
1308889681 55
1308889741 60
1308889801 61
1308889861 61
1308889921 58
1308889981 59
1308890042 57
1308890102 55
1308890161 56
1308890221 60
1308890281 58
1308890341 58
1308890401 59
1308890461 61
1308890521 61
1308890581 63
1308890641 63
1308890701 64
1308890761 63
1308890822 61
1308890881 59
1308890941 57
1308891001 61
1308891061 60
1308891121 60
1308891181 58
1308891241 55
1308891301 59
1308891361 61
1308891421 60
1308891481 62
1308891542 62
1308891601 59
1308891661 58
1308891721 61
1308891781 62
1308891841 61
1308891901 60
1308891961 60
1308892021 59
1308892081 59
1308892141 57
1308892201 59
1308892261 61
1308892322 59
1308892381 61
1308892441 61
1308892501 61
1308892561 61
1308892621 59
1308892681 59
1308892741 60
1308892801 59
1308892861 59
1308892921 61
1308892981 58
1308893042 56
1308893101 57
1308893161 56
1308893221 57
1308893281 57
1308893341 61
1308893401 60
1308893461 63
1308893521 63
1308893581 64
1308893641 65
1308893702 68
1308893761 78
1308893821 79
1308893881 82
1308893941 80
1308894001 84
1308894061 83
1308894121 84
1308894181 81
1308894241 84
1308894301 80
1308894362 73
1308894421 71
1308894481 73
1308894541 72
1308894601 70
1308894661 71
1308894721 68
1308894781 70
1308894841 74
1308894901 81
1308894962 83
1308895021 87
1308895081 84
1308895141 80
1308895201 83
1308895261 85
1308895321 90
1308895381 92
1308895441 92
1308895502 93
1308895562 95
1308895621 98
1308895681 97
1308895741 99
1308895801 97
1308895861 95
1308895921 90
1308895981 89
1308896041 88
1308896101 93
1308896162 91
1308896222 89
1308896281 90
1308896341 90
1308896401 91
1308896461 93
1308896521 94
1308896581 97
1308896641 96
1308896701 90
1308896761 88
1308896821 87
1308896882 87
1308896941 86
1308897001 84
1308897061 83
1308897121 84
1308897181 80
1308897241 78
1308897301 77
1308897361 77
1308897421 77
1308897481 77
1308897542 76
1308897601 75
1308897661 75
1308897721 75
1308897781 80
1308897841 80
1308897901 81
1308897961 80
1308898021 84
1308898081 83
1308898141 85
1308898202 85
1308898261 87
1308898321 88
1308898381 85
1308898441 85
1308898501 82
1308898561 82
1308898621 78
1308898681 79
1308898741 75
1308898801 75
1308898862 77
1308898921 75
1308898981 72
1308899041 75
1308899101 78
1308899161 74
1308899221 75
1308899281 77
1308899341 78
1308899401 79
1308899462 81
1308899521 82
1308899581 79
1308899641 77
1308899701 76
1308899761 72
1308899821 73
1308899881 73
1308899941 73
1308900001 74
1308900061 69
1308900121 69
1308900182 73
1308900241 69
1308900301 72
1308900361 73
1308900421 75
1308900481 72
1308900541 75
1308900601 71
1308900661 71
1308900721 68
1308900781 68
1308900842 70
1308900901 65
1308900961 64
1308901021 63
1308901081 61
1308901141 58
1308901201 61
1308901261 58
1308901321 56
1308901381 54
1308901442 58
1308901501 61
1308901561 62
1308901621 57
1308901681 59
1308901741 59
1308901801 57
1308901861 59
1308901921 59
1308901981 59
1308902041 55
1308902102 54
1308902161 58
1308902221 59
1308902281 60
1308902341 59
1308902401 60
1308902461 62
1308902521 60
1308902581 59
1308902641 60
1308902701 59
1308902761 57
1308902822 58
1308902881 54
1308902941 58
1308903001 59
1308903061 56
1308903121 61
1308903181 59
1308903241 62
1308903301 59
1308903361 56
1308903421 53
1308903482 52
1308903541 48
1308903601 48
1308903661 47
1308903721 40
1308903781 41
1308903841 36
1308903901 38
1308903961 38
1308904021 38
1308904081 40
1308904141 38
1308904202 33
1308904262 33
1308904321 33
1308904381 30
1308904441 29
1308904501 30
1308904561 24
1308904621 23
1308904681 22
1308904741 22
1308904801 22
1308904861 19
1308904921 20
1308904982 19
1308905041 18
1308905101 13
1308905161 14
1308905221 13
1308905281 10
1308905341 10
1308905401 9
1308905461 9
1308905521 7
1308905581 9
1308905641 9
1308905701 9
1308905762 7
1308905821 8
1308905881 10
1308905941 10
1308906001 10
1308906061 10
1308906121 12
1308906181 14
1308906241 16
1308906301 16
1308906361 17
1308906421 16
1308906481 16
1308906542 16
1308906601 18
1308906661 18
1308906721 17
1308906781 13
1308906841 11
1308906901 12
1308906961 12
1308907021 12
1308907081 11
1308907141 10
1308907201 10
1308907262 10
1308907321 11
1308907381 11
1308907441 11
1308907501 9
1308907561 10
1308907621 10
1308907681 10
1308907741 11
1308907801 10
1308907861 11
1308907921 10
1308907982 11
1308908041 12
1308908101 11
1308908161 10
1308908221 10
1308908281 10
1308908341 9
1308908401 10
1308908461 9
1308908522 9
1308908581 7
1308908641 8
1308908701 8
1308908761 8
1308908821 8
1308908881 6
1308908941 9
1308909001 8
1308909061 9
1308909122 9
1308909181 9
1308909241 8
1308909301 9
1308909361 8
1308909421 7
1308909481 7
1308909541 4
1308909601 6
1308909662 4
1308909721 6
1308909781 6
1308909841 5
1308909901 5
1308909961 6
1308910021 6
1308910081 6
1308910141 6
1308910201 6
1308910262 7
1308910321 6
1308910381 6
1308910441 6
1308910501 5
1308910561 6
1308910621 5
1308910681 6
1308910741 6
1308910801 5
1308910861 6
1308910922 6
1308910981 6
1308911041 6
1308911101 6
1308911161 5
1308911221 6
1308911281 5
1308911341 6
1308911401 6
1308911461 5
1308911521 6
1308911581 6
1308911641 6
1308911702 6
1308911761 6
1308911821 5
1308911881 6
1308911941 5
1308912001 5
1308912061 7
1308912121 7
1308912181 7
1308912241 6
1308912301 7
1308912361 7
1308912421 7
1308912481 6
1308912541 7
1308912601 7
1308912661 5
1308912721 3
1308912781 4
1308912841 5
1308912901 5
1308912961 5
1308913021 5
1308913081 5
1308913141 4
1308913202 4
1308913261 5
1308913321 5
1308913381 5
1308913441 4
1308913501 5
1308913561 5
1308913621 6
1308913681 6
1308913741 6
1308913801 6
1308913861 5
1308913921 6
1308913982 5
1308914041 6
1308914101 6
1308914161 5
1308914221 5
1308914281 6
1308914341 6
1308914401 6
1308914461 6
1308914521 5
1308914581 6
1308914641 7
1308914702 7
1308914761 7
1308914821 6
1308914881 5
1308914941 6
1308915001 5
1308915061 6
1308915121 6
1308915181 5
1308915241 4
1308915301 6
1308915362 5
1308915422 6
1308915481 6
1308915541 5
1308915601 6
1308915661 5
1308915721 6
1308915781 6
1308915841 5
1308915901 4
1308915961 5
1308916021 4
1308916081 5
1308916142 5
1308916201 5
1308916261 7
1308916321 6
1308916381 7
1308916441 7
1308916501 7
1308916561 7
1308916621 7
1308916681 6
1308916741 7
1308916801 6
1308916861 6
1308916922 5
1308916981 5
1308917041 6
1308917101 6
1308917161 7
1308917221 7
1308917281 7
1308917341 6
1308917401 6
1308917461 5
1308917521 6
1308917582 5
1308917641 5
1308917701 6
1308917761 6
1308917821 5
1308917881 5
1308917941 5
1308918001 6
1308918061 6
1308918121 5
1308918181 6
1308918241 5
1308918302 5
1308918361 6
1308918421 7
1308918481 7
1308918541 7
1308918601 6
1308918661 7
1308918721 7
1308918781 6
1308918841 6
1308918901 5
1308918962 5
1308919022 6
1308919081 6
1308919141 6
1308919201 6
1308919261 5
1308919321 6
1308919381 6
1308919441 7
1308919501 8
1308919561 9
1308919621 8
1308919682 10
1308919741 9
1308919801 9
1308919861 9
1308919921 10
1308919981 11
1308920041 11
1308920101 9
1308920161 9
1308920221 7
1308920281 8
1308920341 8
1308920402 8
1308920461 9
1308920521 9
1308920581 9
1308920641 9
1308920701 9
1308920761 9
1308920821 10
1308920881 9
1308920941 9
1308921001 10
1308921062 9
1308921121 10
1308921181 9
1308921241 10
1308921301 11
1308921361 9
1308921421 10
1308921481 9
1308921541 12
1308921601 12
1308921661 13
1308921721 13
1308921782 11
1308921841 13
1308921901 12
1308921961 12
1308922021 13
1308922081 14
1308922141 12
1308922201 13
1308922261 13
1308922321 14
1308922381 14
1308922441 12
1308922502 13
1308922562 13
1308922621 13
1308922681 10
1308922741 9
1308922801 8
1308922861 9
1308922921 9
1308922981 10
1308923041 9
1308923101 10
1308923161 10
1308923221 10
1308923282 10
1308923341 9
1308923401 11
1308923461 10
1308923521 10
1308923581 10
1308923641 11
1308923701 10
1308923761 11
1308923821 12
1308923881 12
1308923941 12
1308924002 10
1308924061 14
1308924121 13
1308924181 11
1308924241 12
1308924301 11
1308924361 12
1308924421 11
1308924481 11
1308924541 11
1308924601 11
1308924661 10
1308924722 13
1308924781 13
1308924841 11
1308924901 14
1308924961 14
1308925021 14
1308925081 14
1308925141 13
1308925201 13
1308925261 13
1308925321 12
1308925381 14
1308925441 14
1308925502 13
1308925561 14
1308925621 13
1308925681 14
1308925741 14
1308925801 13
1308925861 12
1308925921 15
1308925981 15
1308926041 15
1308926101 17
1308926161 16
1308926222 16
1308926281 17
1308926341 17
1308926401 19
1308926461 17
1308926521 13
1308926581 16
1308926641 18
1308926701 15
1308926761 17
1308926821 17
1308926881 17
1308926942 17
1308927001 16
1308927061 17
1308927121 17
1308927181 13
1308927241 14
1308927301 12
1308927361 11
1308927421 15
1308927481 14
1308927541 15
1308927601 15
1308927661 14
1308927722 14
1308927781 14
1308927841 13
1308927901 14
1308927961 14
1308928021 10
1308928081 11
1308928141 10
1308928201 10
1308928261 9
1308928321 9
1308928381 10
1308928441 10
1308928502 9
1308928561 8
1308928621 10
1308928681 10
1308928741 9
1308928801 10
1308928861 11
1308928921 10
1308928981 11
1308929041 11
1308929101 11
1308929161 11
1308929222 11
1308929281 10
1308929341 11
1308929401 10
1308929461 10
1308929521 9
1308929581 6
1308929641 8
1308929701 9
1308929761 8
1308929821 8
1308929881 9
1308929942 8
1308930001 9
1308930061 9
1308930121 9
1308930181 9
1308930241 6
1308930301 6
1308930361 7
1308930421 6
1308930481 6
1308930541 7
1308930601 6
1308930662 7
1308930722 7
1308930781 6
1308930841 6
1308930901 5
1308930961 5
1308931021 6
1308931081 5
1308931141 5
1308931201 6
