1313596861 35
1313596921 34
1313596982 36
1313597041 35
1313597101 35
1313597161 34
1313597221 36
1313597281 35
1313597341 31
1313597401 33
1313597461 30
1313597521 32
1313597581 33
1313597641 33
1313597702 33
1313597761 33
1313597821 31
1313597881 32
1313597941 32
1313598001 29
1313598061 27
1313598121 27
1313598182 27
1313598242 28
1313598301 28
1313598361 29
1313598421 26
1313598481 29
1313598541 25
1313598601 27
1313598662 27
1313598721 26
1313598781 23
1313598841 24
1313598901 22
1313598961 24
1313599021 24
1313599081 20
1313599141 21
1313599202 19
1313599261 21
1313599321 20
1313599381 21
1313599441 19
1313599501 19
1313599561 19
1313599621 19
1313599681 20
1313599742 18
1313599802 19
1313599861 18
1313599921 19
1313599981 19
1313600041 19
1313600101 18
1313600161 18
1313600221 19
1313600281 18
1313600342 18
1313600402 16
1313600461 16
1313600521 15
1313600581 15
1313600641 17
1313600701 17
1313600761 16
1313600821 16
1313600881 17
1313600941 17
1313601001 15
1313601061 17
1313601122 17
1313601181 14
1313601241 15
1313601301 18
1313601361 16
1313601421 17
1313601481 18
1313601541 18
1313601601 18
1313601661 16
1313601721 17
1313601781 18
1313601841 16
1313601901 17
1313601961 17
1313602021 16
1313602082 17
1313602142 17
1313602201 17
1313602261 16
1313602321 17
1313602381 18
1313602441 18
1313602501 17
1313602561 18
1313602621 17
1313602681 15
1313602742 18
1313602801 18
1313602861 17
1313602921 17
1313602981 16
1313603041 17
1313603101 15
1313603161 15
1313603221 15
1313603281 15
1313603342 14
1313603401 16
1313603461 16
1313603521 14
1313603581 16
1313603641 14
1313603701 15
1313603761 14
1313603821 14
1313603881 15
1313603941 15
1313604002 12
1313604062 12
1313604121 15
1313604181 14
1313604241 14
1313604301 15
1313604361 15
1313604421 15
1313604481 14
1313604541 14
1313604601 13
1313604662 12
1313604722 13
1313604781 13
1313604841 13
1313604901 12
1313604961 10
1313605021 12
1313605081 12
1313605141 11
1313605201 12
1313605262 12
1313605321 12
1313605381 13
1313605441 12
1313605501 13
1313605561 13
1313605621 12
1313605681 11
1313605741 11
1313605802 10
1313605862 12
1313605921 12
1313605981 11
1313606041 12
1313606101 11
1313606161 12
1313606221 11
1313606281 12
1313606341 13
1313606402 12
1313606461 11
1313606521 13
1313606581 13
1313606641 11
1313606701 13
1313606761 12
1313606821 13
1313606881 13
1313606941 13
1313607001 13
1313607062 12
1313607122 12
1313607181 13
1313607241 13
1313607301 11
1313607361 12
1313607421 11
1313607481 10
1313607541 12
1313607601 12
1313607661 11
1313607722 10
1313607781 8
1313607841 10
1313607901 10
1313607961 9
1313608021 10
1313608081 9
1313608141 9
1313608201 10
1313608262 10
1313608322 8
1313608381 9
1313608441 8
1313608501 10
1313608561 10
1313608621 10
1313608681 9
1313608741 9
1313608801 9
1313608862 10
1313608922 9
1313608981 9
1313609041 9
1313609101 9
1313609161 10
1313609221 10
1313609281 10
1313609341 8
1313609401 9
1313609462 9
1313609522 10
1313609581 8
1313609641 11
1313609701 9
1313609761 10
1313609821 11
1313609881 11
1313609941 11
1313610001 10
1313610061 10
1313610122 11
1313610181 11
1313610241 8
1313610301 10
1313610361 8
1313610421 10
1313610481 10
1313610541 10
1313610601 10
1313610661 9
1313610721 9
1313610782 10
1313610841 10
1313610901 8
1313610961 10
1313611021 9
1313611081 10
1313611141 10
1313611201 10
1313611261 10
1313611322 10
1313611382 10
1313611441 10
1313611501 10
1313611561 8
1313611621 8
1313611681 10
1313611741 10
1313611801 10
1313611861 10
1313611922 9
1313611982 9
1313612041 9
1313612101 10
1313612161 10
1313612221 9
1313612281 7
1313612341 10
1313612401 10
1313612461 10
1313612521 10
1313612582 10
1313612641 10
1313612701 10
1313612761 9
1313612821 11
1313612881 10
1313612941 9
1313613001 11
1313613061 11
1313613121 11
1313613181 11
1313613242 10
1313613301 11
1313613361 11
1313613421 10
1313613481 10
1313613541 9
1313613601 9
1313613661 11
1313613721 10
1313613781 10
1313613841 11
1313613902 10
1313613961 11
1313614021 11
1313614081 11
1313614141 11
1313614201 9
1313614261 9
1313614321 11
1313614381 11
1313614441 10
1313614502 11
1313614561 10
1313614621 11
1313614681 10
1313614741 11
1313614801 11
1313614861 8
1313614921 10
1313614981 9
1313615041 11
1313615101 10
1313615162 11
1313615222 9
1313615281 11
1313615341 11
1313615401 10
1313615461 11
1313615521 8
1313615581 10
1313615641 11
1313615701 12
1313615761 11
1313615821 12
1313615882 10
1313615941 12
1313616001 12
1313616061 11
1313616121 12
1313616181 9
1313616241 10
1313616301 11
1313616361 12
1313616421 11
1313616481 13
1313616542 11
1313616602 13
1313616661 13
1313616721 12
1313616781 12
1313616841 9
1313616901 10
1313616961 11
1313617021 12
1313617081 10
1313617141 11
1313617201 11
1313617262 12
1313617321 13
1313617381 13
1313617441 13
1313617501 11
1313617561 11
1313617621 12
1313617681 13
1313617741 12
1313617801 13
1313617861 13
1313617922 12
1313617981 13
1313618041 13
1313618101 13
1313618161 11
1313618221 11
1313618281 13
1313618341 12
1313618403 11
1313618461 13
1313618521 13
1313618581 12
1313618642 13
1313618702 13
1313618761 14
1313618821 14
1313618881 12
1313618941 14
1313619001 13
1313619061 11
1313619121 12
1313619181 13
1313619241 12
1313619302 13
1313619361 12
1313619421 11
1313619481 12
1313619541 13
1313619601 14
1313619661 13
1313619721 14
1313619781 13
1313619841 14
1313619902 14
1313619962 15
1313620021 14
1313620081 15
1313620141 15
1313620201 14
1313620261 15
1313620321 12
1313620381 14
1313620441 13
1313620502 14
1313620562 14
1313620621 14
1313620681 12
1313620741 10
1313620802 14
1313620861 13
1313620921 14
1313620981 13
1313621041 14
1313621101 13
1313621161 13
1313621221 14
1313621281 14
1313621342 12
1313621402 12
1313621461 13
1313621521 12
1313621581 13
1313621641 13
1313621701 12
1313621761 12
1313621821 12
1313621881 13
1313621941 13
1313622002 13
1313622061 13
1313622121 14
1313622181 14
1313622241 12
1313622301 14
1313622361 15
1313622421 16
1313622481 15
1313622541 16
1313622601 13
1313622662 15
1313622721 14
1313622781 16
1313622841 16
1313622901 15
1313622961 17
1313623021 17
1313623081 18
1313623141 18
1313623201 19
1313623262 16
1313623321 19
1313623381 18
1313623441 20
1313623501 20
1313623561 19
1313623621 20
1313623681 19
1313623741 22
1313623802 24
1313623861 24
1313623921 24
1313623981 25
1313624041 25
1313624101 25
1313624161 25
1313624221 24
1313624281 26
1313624342 26
1313624401 23
1313624461 25
1313624521 22
1313624581 24
1313624641 22
1313624701 21
1313624761 22
1313624822 24
1313624881 25
1313624941 25
1313625001 26
1313625061 24
1313625121 26
1313625181 26
1313625241 29
1313625301 28
1313625361 27
1313625422 29
1313625482 31
1313625541 29
1313625601 30
1313625661 34
1313625721 34
1313625781 35
1313625841 34
1313625901 34
1313625961 34
1313626022 33
1313626082 35
1313626141 38
1313626201 40
1313626261 39
1313626321 40
1313626381 39
1313626441 41
1313626501 42
1313626562 41
1313626622 42
1313626681 40
1313626741 40
1313626801 41
1313626861 42
1313626921 42
1313626981 44
1313627041 47
1313627101 48
1313627162 49
1313627221 47
1313627281 48
1313627341 50
1313627401 49
1313627461 52
1313627521 54
1313627581 53
1313627642 55
1313627701 58
1313627761 60
1313627821 62
1313627881 62
1313627941 64
1313628001 66
1313628061 65
1313628121 66
1313628182 76
1313628241 78
1313628301 78
1313628361 79
1313628421 78
1313628481 79
1313628541 79
1313628601 80
1313628661 79
1313628722 80
1313628782 73
1313628841 75
1313628901 76
1313628961 74
1313629021 76
1313629081 80
1313629141 84
1313629201 83
1313629262 86
1313629322 85
1313629381 87
1313629441 86
1313629501 87
1313629561 90
1313629621 92
1313629681 90
1313629741 88
1313629801 92
1313629862 93
1313629921 95
1313629981 99
1313630041 95
1313630101 104
1313630161 104
1313630221 100
1313630281 103
1313630341 107
1313630402 107
1313630461 108
1313630521 106
1313630581 105
1313630641 107
1313630701 100
1313630761 101
1313630821 102
1313630881 104
1313630941 106
1313631002 106
1313631061 108
1313631121 108
1313631181 108
1313631241 108
1313631302 106
1313631362 109
1313631422 108
1313631481 108
1313631541 108
1313631601 109
1313631661 104
1313631721 104
1313631781 101
1313631841 102
1313631901 103
1313631962 103
1313632021 105
1313632081 105
1313632141 104
1313632201 101
1313632261 108
1313632321 111
1313632381 114
1313632442 112
1313632502 112
1313632561 112
1313632621 116
1313632681 115
1313632741 116
1313632801 120
1313632861 117
1313632921 122
1313632981 121
1313633041 123
1313633102 126
1313633161 127
1313633221 125
1313633281 126
1313633341 126
1313633401 122
1313633461 122
1313633521 125
1313633581 127
1313633642 126
1313633701 125
1313633761 124
1313633821 126
1313633881 122
1313633941 127
1313634001 130
1313634061 130
1313634121 126
1313634182 126
1313634241 129
1313634301 131
1313634361 132
1313634421 132
1313634481 134
1313634541 133
1313634601 130
1313634661 134
1313634722 133
1313634781 134
1313634841 137
1313634901 138
1313634961 139
1313635021 139
1313635082 145
1313635142 140
1313635201 144
1313635261 144
1313635321 142
1313635381 145
1313635441 143
1313635501 144
1313635562 142
1313635622 143
1313635681 140
1313635741 136
1313635801 136
1313635861 135
1313635921 139
1313635981 139
1313636042 141
1313636102 145
1313636161 148
1313636221 145
1313636281 146
1313636341 145
1313636401 145
1313636461 147
1313636521 144
1313636582 140
1313636642 139
1313636701 137
1313636761 136
1313636821 136
1313636881 136
1313636941 135
1313637001 132
1313637061 129
1313637122 130
1313637182 132
1313637241 136
1313637301 133
1313637361 134
1313637421 132
1313637481 132
1313637541 132
1313637602 134
1313637661 136
1313637722 137
1313637782 133
1313637841 128
1313637901 127
1313637961 128
1313638021 125
1313638081 125
1313638141 124
1313638201 117
1313638261 118
1313638321 119
1313638381 120
1313638441 120
1313638501 119
1313638561 120
1313638622 123
1313638681 119
1313638741 123
1313638801 123
1313638861 121
1313638921 118
1313638981 120
1313639041 117
1313639102 119
1313639162 119
1313639221 118
1313639281 120
1313639341 123
1313639401 121
1313639461 116
1313639521 120
1313639581 117
1313639641 117
1313639701 118
1313639762 115
1313639821 115
1313639881 119
1313639941 113
1313640001 116
1313640061 118
1313640121 116
1313640181 119
1313640241 117
1313640302 110
1313640362 108
1313640421 108
1313640481 105
1313640541 106
1313640601 104
1313640661 102
1313640721 101
1313640781 95
1313640841 95
1313640902 97
1313640962 93
1313641021 97
1313641081 94
1313641141 94
1313641201 98
1313641261 97
1313641321 98
1313641381 97
1313641441 94
1313641501 98
1313641562 100
1313641621 101
1313641681 99
1313641741 102
1313641801 99
1313641861 99
1313641921 98
1313641981 97
1313642042 99
1313642101 99
1313642161 101
1313642221 100
1313642281 100
1313642341 97
1313642401 99
1313642461 100
1313642521 100
1313642581 98
1313642642 98
1313642702 97
1313642762 95
1313642822 95
1313642881 105
1313642941 106
1313643001 104
1313643061 101
1313643121 108
1313643181 108
1313643241 107
1313643302 105
1313643362 107
1313643421 108
1313643481 105
1313643541 105
1313643601 105
1313643661 107
1313643721 105
1313643781 109
1313643841 105
1313643903 104
1313643962 108
1313644022 106
1313644081 107
1313644141 108
1313644201 109
1313644261 107
1313644321 108
1313644381 107
1313644441 111
1313644501 110
1313644561 110
1313644622 110
1313644681 109
1313644741 109
1313644801 108
1313644861 110
1313644921 105
1313644981 107
1313645041 106
1313645101 103
1313645161 99
1313645222 99
1313645281 98
1313645341 101
1313645401 101
1313645461 101
1313645521 101
1313645581 102
1313645641 99
1313645702 105
1313645762 102
1313645821 103
1313645881 103
1313645941 104
1313646001 104
1313646061 106
1313646121 107
1313646181 108
1313646241 109
1313646301 109
1313646362 110
1313646422 106
1313646481 109
1313646541 109
1313646601 111
1313646661 111
1313646721 111
1313646781 109
1313646841 112
1313646902 112
1313646961 112
1313647021 113
1313647081 109
1313647141 111
1313647201 114
1313647261 116
1313647321 118
1313647381 113
1313647442 113
1313647501 113
1313647561 114
1313647621 114
1313647681 115
1313647741 117
1313647801 116
1313647861 112
1313647921 119
1313647982 123
1313648041 124
1313648101 123
1313648161 123
1313648221 128
1313648281 124
1313648341 120
1313648401 122
1313648461 126
1313648521 122
1313648582 122
1313648641 120
1313648701 122
1313648761 128
1313648821 128
1313648881 128
1313648941 128
1313649001 126
1313649061 124
1313649121 123
1313649182 124
1313649241 124
1313649301 125
1313649361 121
1313649423 124
1313649481 121
1313649541 117
1313649601 119
1313649661 119
1313649722 125
1313649782 125
1313649841 121
1313649904 123
1313649961 125
1313650021 126
1313650081 127
1313650141 124
1313650201 122
1313650261 123
1313650321 123
1313650381 122
1313650442 120
1313650501 123
1313650561 123
1313650621 123
1313650681 120
1313650741 120
1313650801 117
1313650861 121
1313650922 119
1313650982 121
1313651041 123
1313651101 116
1313651161 116
1313651221 112
1313651281 113
1313651341 116
1313651401 116
1313651462 111
1313651522 113
1313651581 114
1313651641 113
1313651701 113
1313651761 115
1313651821 113
1313651881 114
1313651942 113
1313652002 110
1313652061 112
1313652121 115
1313652181 114
1313652241 118
1313652301 117
1313652361 117
1313652421 117
1313652482 119
1313652541 120
1313652601 122
1313652661 125
1313652721 127
1313652781 127
1313652841 127
1313652901 127
1313652961 126
1313653022 126
1313653082 125
1313653141 124
1313653201 122
1313653261 118
1313653321 114
1313653381 116
1313653441 112
1313653501 113
1313653561 112
1313653621 115
1313653682 109
1313653741 109
1313653801 108
1313653861 106
1313653921 110
1313653981 109
1313654041 112
1313654101 115
1313654161 115
1313654222 112
1313654281 113
1313654341 111
1313654401 114
1313654461 114
1313654521 106
1313654581 105
1313654641 101
1313654701 103
1313654762 102
1313654821 104
1313654881 105
1313654941 106
1313655001 104
1313655061 103
1313655121 104
1313655181 107
1313655242 109
1313655302 108
1313655361 105
1313655421 105
1313655481 105
1313655541 105
1313655601 104
1313655661 104
1313655721 103
1313655781 96
1313655841 92
1313655902 92
1313655961 90
1313656021 93
1313656081 95
1313656141 91
1313656201 88
1313656261 86
1313656321 87
1313656381 88
1313656442 91
1313656501 89
1313656561 90
1313656621 86
1313656681 86
1313656741 89
1313656801 89
1313656861 88
1313656921 83
1313656982 86
1313657041 87
1313657101 85
1313657161 85
1313657221 81
1313657281 84
1313657341 83
1313657401 83
1313657461 79
1313657522 81
1313657582 77
1313657641 74
1313657701 72
1313657761 73
1313657821 73
1313657881 71
1313657941 73
1313658001 73
1313658061 73
1313658121 73
1313658182 72
1313658241 73
1313658301 74
1313658361 74
1313658421 77
1313658481 72
1313658541 75
1313658601 78
1313658661 78
1313658721 78
1313658782 77
1313658842 75
1313658901 75
1313658961 73
1313659021 73
1313659081 75
1313659141 72
1313659201 73
1313659261 71
1313659321 74
1313659381 72
1313659442 73
1313659501 70
1313659561 72
1313659621 71
1313659681 72
1313659741 72
1313659801 70
1313659861 71
1313659921 70
1313659981 72
1313660042 73
1313660102 73
1313660161 71
1313660221 74
1313660281 70
1313660341 72
1313660401 73
1313660461 74
1313660521 71
1313660581 73
1313660641 74
1313660701 73
1313660762 73
1313660821 73
1313660881 71
1313660941 71
1313661001 70
1313661061 71
1313661121 69
1313661181 68
1313661241 66
1313661301 67
1313661361 65
1313661421 69
1313661481 67
1313661541 67
1313661601 68
1313661661 66
1313661721 68
1313661781 68
1313661841 66
1313661902 70
1313661961 72
1313662021 70
1313662081 71
1313662141 72
1313662201 71
1313662261 69
1313662321 71
1313662381 71
1313662441 73
1313662501 72
1313662561 72
1313662621 69
1313662681 70
1313662741 67
1313662801 65
1313662861 66
1313662921 63
1313662982 63
1313663041 63
1313663101 61
1313663161 64
1313663221 63
1313663281 67
1313663341 70
1313663401 69
1313663461 69
1313663521 67
1313663582 64
1313663642 69
1313663701 70
1313663761 68
1313663821 69
1313663881 66
1313663941 67
1313664001 68
1313664061 67
1313664121 69
1313664182 67
1313664242 68
1313664301 65
1313664361 64
1313664421 66
1313664481 65
1313664541 63
1313664601 63
1313664661 64
1313664721 63
1313664781 65
1313664842 55
1313664901 61
1313664961 60
1313665021 58
1313665081 60
1313665141 60
1313665201 62
1313665261 62
1313665322 67
1313665382 66
1313665441 66
1313665501 65
1313665561 62
1313665621 61
1313665681 61
1313665741 59
1313665801 59
1313665861 60
1313665921 58
1313665982 60
1313666042 60
1313666101 59
1313666161 58
1313666221 61
1313666281 63
1313666341 60
1313666401 63
1313666461 64
1313666521 63
1313666581 65
1313666642 66
1313666701 65
1313666761 66
1313666821 64
1313666881 65
1313666941 68
1313667001 66
1313667061 64
1313667121 65
1313667182 65
1313667241 69
1313667301 69
1313667361 67
1313667421 68
1313667481 69
1313667541 69
1313667601 69
1313667661 68
1313667722 68
1313667781 67
1313667841 64
1313667901 65
1313667961 65
1313668021 63
1313668081 61
1313668141 62
1313668201 60
1313668261 61
1313668322 59
1313668381 59
1313668441 62
1313668501 64
1313668561 63
1313668621 65
1313668681 66
1313668741 66
1313668801 68
1313668861 69
1313668922 68
1313668981 71
1313669041 72
1313669101 72
1313669161 75
1313669221 74
1313669281 69
1313669341 71
1313669401 69
1313669462 69
1313669521 70
1313669581 66
1313669641 65
1313669701 65
1313669761 65
1313669821 67
1313669881 66
1313669941 65
1313670002 71
1313670061 68
1313670121 72
1313670181 70
1313670241 67
1313670301 68
1313670361 72
1313670421 72
1313670481 74
1313670541 70
1313670602 69
1313670661 71
1313670721 70
1313670781 71
1313670841 73
1313670901 75
1313670961 76
1313671021 77
1313671081 79
1313671141 77
1313671202 77
1313671261 79
1313671321 80
1313671381 79
1313671441 77
1313671501 73
1313671561 71
1313671621 72
1313671681 76
1313671742 75
1313671801 72
1313671861 73
1313671921 73
1313671981 72
1313672041 71
1313672101 73
1313672161 73
1313672222 75
1313672281 76
1313672341 75
1313672401 75
1313672461 74
1313672521 79
1313672581 80
1313672641 79
1313672702 78
1313672762 80
1313672821 75
1313672881 79
1313672941 80
1313673001 77
1313673061 73
1313673121 74
1313673181 74
1313673242 76
1313673302 79
1313673361 75
1313673421 78
1313673481 79
1313673541 82
1313673601 84
1313673661 85
1313673721 86
1313673782 88
1313673841 87
1313673901 88
1313673961 91
1313674021 90
1313674081 88
1313674141 87
1313674202 85
1313674261 85
1313674322 82
1313674382 84
1313674441 84
1313674501 80
1313674561 79
1313674621 74
1313674681 72
1313674741 73
1313674801 73
1313674861 73
1313674921 74
1313674981 75
1313675041 75
1313675101 74
1313675161 73
1313675221 75
1313675282 73
1313675341 71
1313675401 73
1313675461 74
1313675521 71
1313675581 73
1313675641 73
1313675701 72
1313675762 73
1313675822 73
1313675881 73
1313675941 77
1313676001 78
1313676061 77
1313676121 73
1313676181 75
1313676241 79
1313676302 83
1313676362 81
1313676421 83
1313676481 81
1313676541 83
1313676601 84
1313676661 84
1313676721 85
1313676781 86
1313676841 86
1313676902 88
1313676961 87
1313677021 85
1313677081 84
1313677141 86
1313677201 88
1313677261 88
1313677321 90
1313677382 86
1313677441 86
1313677501 89
1313677561 92
1313677621 92
1313677681 91
1313677741 89
1313677801 86
1313677861 82
1313677921 82
1313677982 80
1313678041 78
1313678101 78
1313678161 77
1313678221 77
1313678281 79
1313678341 76
1313678401 75
1313678461 76
1313678521 73
1313678581 75
1313678641 75
1313678701 73
1313678761 73
1313678821 76
1313678881 74
1313678941 75
1313679002 76
1313679061 74
1313679121 75
1313679181 75
1313679241 75
1313679301 73
1313679361 73
1313679421 69
1313679481 71
1313679542 68
1313679601 66
1313679661 68
1313679721 70
1313679781 67
1313679841 65
1313679901 68
1313679961 67
1313680021 65
1313680082 66
1313680141 67
1313680201 67
1313680261 69
1313680321 68
1313680381 68
1313680441 67
1313680501 66
1313680562 66
1313680621 67
1313680681 67
1313680741 65
1313680801 63
1313680861 65
1313680922 62
1313680981 62
1313681041 60
1313681101 59
1313681161 58
1313681221 58
1313681281 56
1313681341 55
1313681401 56
1313681461 53
1313681522 53
1313681581 53
1313681641 51
1313681701 51
1313681761 52
1313681821 52
1313681881 54
1313681941 53
1313682001 53
1313682062 53
1313682122 55
1313682181 54
1313682241 54
1313682301 52
1313682361 52
1313682421 51
1313682481 52
1313682541 54
1313682601 54
1313682661 55
1313682722 51
1313682781 53
1313682841 53
1313682901 52
1313682962 54
1313683021 53
1313683081 50
1313683141 51
1313683201 50
