1316966461 16
1316966521 15
1316966581 15
1316966641 16
1316966701 16
1316966761 17
1316966821 17
1316966881 16
1316966941 17
1316967002 15
1316967061 16
1316967121 15
1316967181 13
1316967242 12
1316967302 12
1316967361 11
1316967421 11
1316967481 12
1316967541 11
1316967601 10
1316967661 11
1316967722 12
1316967782 12
1316967841 9
1316967901 10
1316967961 11
1316968021 11
1316968081 8
1316968141 10
1316968201 10
1316968261 9
1316968321 8
1316968381 9
1316968441 9
1316968501 7
1316968561 7
1316968621 7
1316968681 7
1316968742 5
1316968801 9
1316968861 9
1316968921 8
1316968981 8
1316969041 8
1316969101 10
1316969161 9
1316969221 10
1316969281 9
1316969342 9
1316969401 5
1316969461 7
1316969521 7
1316969581 6
1316969641 8
1316969701 6
1316969761 7
1316969821 7
1316969881 8
1316969941 8
1316970002 8
1316970061 5
1316970121 7
1316970181 7
1316970242 6
1316970301 7
1316970361 7
1316970421 7
1316970481 6
1316970541 8
1316970601 8
1316970661 8
1316970721 6
1316970781 7
1316970841 7
1316970901 5
1316970961 7
1316971022 6
1316971082 7
1316971141 6
1316971202 5
1316971261 6
1316971321 6
1316971381 5
1316971441 6
1316971501 6
1316971561 3
1316971621 5
1316971681 4
1316971741 5
1316971801 5
1316971862 4
1316971921 5
1316971981 5
1316972041 5
1316972101 5
1316972161 5
1316972221 4
1316972281 6
1316972341 5
1316972401 7
1316972461 7
1316972522 6
1316972582 7
1316972641 6
1316972701 7
1316972761 7
1316972821 7
1316972881 4
1316972941 6
1316973001 4
1316973061 5
1316973121 5
1316973182 4
1316973241 5
1316973301 4
1316973361 4
1316973421 4
1316973481 4
1316973541 2
1316973601 4
1316973661 3
1316973721 4
1316973781 4
1316973841 4
1316973902 4
1316973961 4
1316974021 4
1316974081 4
1316974141 4
1316974201 3
1316974261 4
1316974322 3
1316974381 4
1316974441 4
1316974501 4
1316974561 4
1316974621 4
1316974681 4
1316974741 4
1316974801 4
1316974861 2
1316974921 4
1316974981 3
1316975041 3
1316975101 4
1316975161 4
1316975221 4
1316975281 4
1316975342 4
1316975401 4
1316975461 4
1316975521 2
1316975581 4
1316975641 3
1316975701 3
1316975762 4
1316975822 4
1316975881 4
1316975941 4
1316976001 4
1316976061 4
1316976121 4
1316976181 2
1316976242 4
1316976302 3
1316976361 3
1316976421 4
1316976481 4
1316976541 4
1316976601 4
1316976661 4
1316976721 4
1316976782 4
1316976841 3
1316976901 4
1316976961 4
1316977021 2
1316977081 4
1316977141 5
1316977201 5
1316977262 5
1316977321 5
1316977381 5
1316977441 4
1316977501 3
1316977561 4
1316977621 4
1316977681 2
1316977742 3
1316977802 4
1316977861 4
1316977921 4
1316977981 4
1316978041 4
1316978101 4
1316978161 3
1316978222 4
1316978282 4
1316978341 2
1316978401 3
1316978461 4
1316978521 4
1316978581 4
1316978641 4
1316978702 4
1316978761 4
1316978821 3
1316978881 4
1316978941 4
1316979001 3
1316979061 2
1316979121 4
1316979181 4
1316979242 4
1316979301 4
1316979361 4
1316979421 4
1316979481 3
1316979541 4
1316979601 4
1316979661 3
1316979721 2
1316979782 4
1316979841 4
1316979901 4
1316979961 4
1316980021 4
1316980081 4
1316980141 3
1316980201 4
1316980261 4
1316980321 3
1316980382 3
1316980441 4
1316980501 4
1316980561 4
1316980621 4
1316980681 4
1316980741 4
1316980801 3
1316980861 4
1316980922 4
1316980981 3
1316981041 3
1316981101 4
1316981161 4
1316981221 4
1316981281 4
1316981341 4
1316981402 4
1316981461 3
1316981521 4
1316981581 4
1316981641 3
1316981701 3
1316981761 4
1316981821 4
1316981881 4
1316981942 4
1316982001 4
1316982061 4
1316982121 3
1316982181 3
1316982241 4
1316982301 3
1316982361 3
1316982421 4
1316982482 4
1316982542 4
1316982601 4
1316982661 4
1316982721 4
1316982781 3
1316982841 3
1316982901 4
1316982961 3
1316983022 3
1316983081 4
1316983141 4
1316983201 4
1316983261 4
1316983321 4
1316983381 4
1316983441 4
1316983502 2
1316983562 3
1316983621 2
1316983681 2
1316983741 3
1316983801 3
1316983861 3
1316983921 3
1316983981 3
1316984041 3
1316984102 3
1316984161 2
1316984221 3
1316984281 2
1316984341 2
1316984401 2
1316984461 2
1316984521 2
1316984581 2
1316984642 2
1316984701 2
1316984761 2
1316984821 1
1316984881 2
1316984941 1
1316985001 3
1316985061 3
1316985121 3
1316985182 3
1316985241 3
1316985301 3
1316985361 3
1316985421 3
1316985481 2
1316985541 3
1316985601 1
1316985661 3
1316985722 3
1316985781 3
1316985841 3
1316985901 3
1316985961 3
1316986021 3
1316986081 3
1316986141 2
1316986201 4
1316986262 2
1316986321 4
1316986381 4
1316986441 4
1316986501 5
1316986561 5
1316986621 5
1316986681 5
1316986742 5
1316986802 3
1316986861 4
1316986921 2
1316986981 3
1316987041 3
1316987101 2
1316987161 2
1316987221 2
1316987282 2
1316987342 2
1316987401 2
1316987461 1
1316987521 2
1316987581 1
1316987641 2
1316987701 2
1316987761 2
1316987821 2
1316987882 2
1316987941 2
1316988001 2
1316988061 2
1316988121 1
1316988181 2
1316988241 1
1316988301 2
1316988361 2
1316988422 2
1316988482 3
1316988541 3
1316988601 3
1316988661 3
1316988721 3
1316988781 3
1316988841 5
1316988901 4
1316988962 5
1316989022 5
1316989081 4
1316989141 5
1316989201 5
1316989261 5
1316989321 5
1316989381 4
1316989441 2
1316989502 4
1316989561 3
1316989621 3
1316989681 3
1316989741 3
1316989801 4
1316989861 4
1316989921 4
1316989982 5
1316990041 5
1316990101 4
1316990161 4
1316990221 5
1316990281 5
1316990341 4
1316990402 4
1316990461 4
1316990521 4
1316990581 3
1316990641 4
1316990701 4
1316990761 3
1316990821 4
1316990881 5
1316990941 5
1316991002 5
1316991061 6
1316991122 7
1316991182 7
1316991241 6
1316991301 7
1316991361 7
1316991421 7
1316991481 5
1316991541 6
1316991602 6
1316991662 5
1316991721 5
1316991781 8
1316991841 8
1316991901 8
1316991961 9
1316992021 8
1316992081 9
1316992142 11
1316992201 11
1316992261 11
1316992321 12
1316992381 14
1316992441 16
1316992501 17
1316992561 16
1316992621 18
1316992682 17
1316992741 17
1316992801 17
1316992861 17
1316992921 18
1316992981 17
1316993041 19
1316993101 19
1316993161 18
1316993221 18
1316993282 18
1316993341 16
1316993401 17
1316993461 21
1316993521 19
1316993581 18
1316993641 19
1316993701 21
1316993762 23
1316993821 24
1316993881 24
1316993941 27
1316994001 28
1316994061 30
1316994121 32
1316994181 33
1316994241 30
1316994302 33
1316994361 33
1316994421 35
1316994481 37
1316994541 38
1316994601 42
1316994661 45
1316994721 45
1316994781 46
1316994842 51
1316994902 49
1316994961 50
1316995021 50
1316995081 54
1316995141 50
1316995201 48
1316995261 44
1316995321 49
1316995381 54
1316995442 51
1316995502 51
1316995561 49
1316995621 47
1316995681 46
1316995741 53
1316995801 54
1316995861 54
1316995921 57
1316995981 53
1316996042 56
1316996101 57
1316996161 57
1316996221 59
1316996281 59
1316996341 61
1316996401 61
1316996461 62
1316996521 62
1316996581 68
1316996642 73
1316996701 74
1316996761 72
1316996821 74
1316996881 74
1316996941 79
1316997001 81
1316997061 79
1316997121 79
1316997182 78
1316997242 76
1316997301 78
1316997364 82
1316997422 82
1316997482 82
1316997541 84
1316997601 89
1316997661 94
1316997721 99
1316997781 102
1316997841 106
1316997902 106
1316997962 109
1316998021 113
1316998081 116
1316998141 113
1316998201 114
1316998261 112
1316998321 111
1316998381 111
1316998441 108
1316998501 110
1316998562 108
1316998622 117
1316998681 118
1316998741 117
1316998801 115
1316998861 118
1316998921 116
1316998981 117
1316999041 120
1316999101 122
1316999161 125
1316999222 117
1316999281 120
1316999341 124
1316999401 124
1316999461 126
1316999521 132
1316999581 135
1316999641 131
1316999701 136
1316999761 135
1316999822 139
1316999882 140
1316999941 138
1317000001 144
1317000061 142
1317000121 142
1317000181 137
1317000242 142
1317000302 142
1317000361 142
1317000421 144
1317000481 144
1317000541 146
1317000601 148
1317000661 153
1317000721 151
1317000781 149
1317000842 153
1317000901 155
1317000961 158
1317001021 157
1317001081 155
1317001141 159
1317001201 163
1317001261 164
1317001321 164
1317001382 172
1317001441 172
1317001501 168
1317001561 170
1317001621 170
1317001681 173
1317001741 170
1317001801 170
1317001861 174
1317001921 171
1317001982 171
1317002042 172
1317002101 173
1317002161 174
1317002221 178
1317002281 181
1317002341 183
1317002401 181
1317002462 180
1317002521 181
1317002581 180
1317002641 179
1317002701 179
1317002762 182
1317002821 181
1317002881 181
1317002941 181
1317003002 181
1317003061 184
1317003121 182
1317003181 180
1317003241 181
1317003301 176
1317003361 176
1317003421 174
1317003482 178
1317003541 181
1317003601 178
1317003661 178
1317003721 184
1317003781 207
1317003841 204
1317003901 224
1317003961 231
1317004022 238
1317004081 242
1317004141 239
1317004201 242
1317004261 239
1317004321 245
1317004381 234
1317004441 253
1317004501 248
1317004561 247
1317004622 244
1317004681 240
1317004741 243
1317004801 242
1317004861 239
1317004922 238
1317004981 233
1317005041 236
1317005101 232
1317005161 233
1317005221 235
1317005281 240
1317005341 237
1317005402 245
1317005462 241
1317005521 243
1317005581 242
1317005641 245
1317005701 245
1317005761 244
1317005821 242
1317005882 243
1317005942 242
1317006001 243
1317006061 245
1317006121 243
1317006181 246
1317006242 236
1317006302 243
1317006361 242
1317006421 246
1317006481 242
1317006541 242
1317006601 237
1317006662 246
1317006721 245
1317006781 246
1317006841 237
1317006901 246
1317006961 255
1317007021 260
1317007081 263
1317007141 267
1317007201 267
1317007262 274
1317007322 277
1317007381 277
1317007442 272
1317007502 260
1317007561 265
1317007621 264
1317007681 259
1317007741 260
1317007801 265
1317007861 259
1317007921 270
1317007981 272
1317008041 275
1317008101 272
1317008161 270
1317008221 273
1317008281 268
1317008341 266
1317008402 265
1317008462 259
1317008521 251
1317008581 252
1317008641 253
1317008701 242
1317008761 249
1317008821 251
1317008882 256
1317008941 259
1317009001 254
1317009061 256
1317009121 256
1317009181 254
1317009241 256
1317009301 260
1317009362 253
1317009421 252
1317009481 253
1317009541 246
1317009601 252
1317009661 245
1317009721 242
1317009781 243
1317009841 238
1317009902 232
1317009961 227
1317010021 216
1317010081 215
1317010141 211
1317010201 205
1317010261 208
1317010321 199
1317010382 193
1317010442 198
1317010501 198
1317010561 189
1317010622 189
1317010682 191
1317010741 191
1317010801 194
1317010861 188
1317010921 191
1317010981 192
1317011041 190
1317011101 197
1317011161 199
1317011221 195
1317011281 200
1317011342 202
1317011401 200
1317011461 216
1317011521 209
1317011581 207
1317011641 211
1317011701 206
1317011761 205
1317011821 210
1317011882 207
1317011942 209
1317012001 212
1317012061 205
1317012121 206
1317012181 203
1317012241 204
1317012301 207
1317012361 209
1317012422 204
1317012481 200
1317012541 205
1317012601 202
1317012661 207
1317012721 209
1317012781 209
1317012841 204
1317012902 206
1317012962 207
1317013021 204
1317013081 206
1317013141 207
1317013201 204
1317013261 205
1317013321 210
1317013381 214
1317013441 212
1317013502 217
1317013562 216
1317013621 222
1317013682 218
1317013741 220
1317013801 223
1317013861 226
1317013922 226
1317013982 226
1317014041 224
1317014101 221
1317014161 217
1317014221 216
1317014281 216
1317014341 214
1317014401 217
1317014461 224
1317014521 226
1317014581 225
1317014641 222
1317014701 222
1317014761 215
1317014821 217
1317014881 216
1317014942 215
1317015001 231
1317015061 247
1317015121 269
1317015181 278
1317015241 281
1317015301 281
1317015361 290
1317015422 287
1317015481 291
1317015541 293
1317015601 277
1317015661 283
1317015721 282
1317015781 299
1317015842 307
1317015901 310
1317015961 313
1317016021 316
1317016081 317
1317016141 321
1317016202 325
1317016261 310
1317016321 306
1317016381 309
1317016441 312
1317016501 314
1317016561 327
1317016622 322
1317016681 326
1317016741 329
1317016802 331
1317016865 328
1317016924 323
1317016981 332
1317017042 346
1317017108 336
1317017161 338
1317017221 344
1317017281 341
1317017342 345
1317017403 337
1317017462 328
1317017523 333
1317017581 324
1317017641 332
1317017701 337
1317017762 335
1317017821 345
1317017881 350
1317017941 342
1317018001 345
1317018061 353
1317018121 351
1317018181 346
1317018241 333
1317018301 347
1317018361 337
1317018421 338
1317018481 343
1317018542 345
1317018601 340
1317018662 346
1317018722 338
1317018784 342
1317018841 335
1317018902 336
1317018961 345
1317019021 347
1317019081 345
1317019141 357
1317019202 357
1317019261 344
1317019321 346
1317019382 347
1317019441 343
1317019501 328
1317019561 338
1317019621 343
1317019682 343
1317019742 332
1317019801 337
1317019861 334
1317019921 350
1317019981 346
1317020041 362
1317020102 362
1317020161 354
1317020221 362
1317020281 363
1317020341 376
1317020402 371
1317020462 378
1317020521 363
1317020581 363
1317020641 364
1317020702 368
1317020761 366
1317020821 344
1317020882 347
1317020941 348
1317021001 349
1317021061 338
1317021121 341
1317021182 343
1317021242 334
1317021301 330
1317021361 330
1317021421 322
1317021481 329
1317021541 335
1317021602 334
1317021661 334
1317021721 327
1317021781 325
1317021841 316
1317021904 322
1317021962 336
1317022021 358
1317022081 358
1317022141 360
1317022202 369
1317022261 369
1317022321 367
1317022382 366
1317022442 366
1317022501 370
1317022561 358
1317022621 368
1317022681 367
1317022741 357
1317022802 357
1317022862 358
1317022921 358
1317022981 349
1317023048 355
1317023101 347
1317023161 351
1317023221 351
1317023281 349
1317023341 352
1317023401 348
1317023461 348
1317023521 340
1317023581 332
1317023642 331
1317023702 340
1317023761 327
1317023822 307
1317023881 313
1317023941 321
1317024001 321
1317024061 318
1317024121 323
1317024181 319
1317024241 308
1317024302 298
1317024361 301
1317024421 298
1317024481 286
1317024541 288
1317024601 285
1317024661 289
1317024721 284
1317024781 285
1317024842 279
1317024901 278
1317024961 274
1317025021 268
1317025081 261
1317025141 256
1317025201 254
1317025261 248
1317025321 246
1317025382 240
1317025441 244
1317025501 242
1317025561 239
1317025621 235
1317025681 240
1317025741 241
1317025801 237
1317025862 241
1317025922 248
1317025981 250
1317026041 253
1317026101 247
1317026161 247
1317026221 239
1317026281 237
1317026341 223
1317026401 231
1317026461 221
1317026521 224
1317026581 215
1317026642 207
1317026701 218
1317026761 213
1317026821 210
1317026881 201
1317026941 200
1317027001 197
1317027061 199
1317027122 195
1317027181 197
1317027241 190
1317027301 191
1317027361 191
1317027421 200
1317027482 200
1317027541 197
1317027601 187
1317027661 181
1317027721 177
1317027781 183
1317027841 183
1317027901 180
1317027961 180
1317028022 173
1317028082 163
1317028141 152
1317028201 148
1317028261 146
1317028321 145
1317028381 145
1317028441 144
1317028502 140
1317028562 137
1317028621 137
1317028681 136
1317028741 138
1317028801 138
1317028861 137
1317028921 131
1317028981 130
1317029041 132
1317029101 124
1317029161 124
1317029222 118
1317029281 121
1317029341 115
1317029401 113
1317029461 109
1317029521 112
1317029581 108
1317029641 111
1317029701 111
1317029761 115
1317029821 116
1317029882 110
1317029941 112
1317030001 114
1317030061 112
1317030121 110
1317030181 105
1317030241 103
1317030301 101
1317030361 98
1317030421 100
1317030481 98
1317030541 96
1317030601 89
1317030661 94
1317030721 91
1317030782 87
1317030841 86
1317030901 87
1317030961 82
1317031021 84
1317031081 85
1317031141 83
1317031201 80
1317031262 81
1317031322 78
1317031381 83
1317031441 84
1317031501 80
1317031561 80
1317031621 78
1317031681 79
1317031741 82
1317031801 86
1317031861 86
1317031922 85
1317031982 83
1317032041 85
1317032101 84
1317032161 84
1317032221 81
1317032281 81
1317032341 75
1317032401 72
1317032461 66
1317032521 69
1317032581 64
1317032641 67
1317032702 66
1317032761 63
1317032821 67
1317032881 62
1317032941 67
1317033001 69
1317033061 65
1317033121 68
1317033181 71
1317033241 65
1317033302 67
1317033361 70
1317033421 72
1317033481 76
1317033541 73
1317033601 75
1317033661 73
1317033721 76
1317033781 79
1317033841 81
1317033901 82
1317033961 80
1317034022 78
1317034081 76
1317034141 76
1317034201 74
1317034261 78
1317034321 78
1317034381 73
1317034441 74
1317034501 74
1317034561 75
1317034622 74
1317034681 74
1317034741 76
1317034801 76
1317034861 75
1317034921 77
1317034981 77
1317035041 78
1317035101 77
1317035161 80
1317035221 79
1317035282 80
1317035342 79
1317035401 80
1317035461 79
1317035521 76
1317035581 78
1317035641 77
1317035701 78
1317035761 74
1317035821 76
1317035881 76
1317035942 75
1317036002 74
1317036061 73
1317036121 74
1317036181 76
1317036241 72
1317036301 72
1317036361 71
1317036421 69
1317036481 72
1317036541 74
1317036602 72
1317036661 76
1317036721 76
1317036781 78
1317036841 82
1317036901 80
1317036961 86
1317037021 85
1317037081 88
1317037141 91
1317037202 91
1317037261 89
1317037321 89
1317037381 90
1317037441 90
1317037501 89
1317037561 85
1317037621 90
1317037681 90
1317037741 89
1317037802 94
1317037861 96
1317037921 95
1317037981 92
1317038041 97
1317038101 96
1317038161 99
1317038221 103
1317038281 101
1317038342 101
1317038401 102
1317038461 100
1317038521 106
1317038581 106
1317038641 109
1317038701 113
1317038761 110
1317038821 112
1317038881 110
1317038942 112
1317039001 111
1317039061 116
1317039121 111
1317039181 117
1317039241 116
1317039301 119
1317039361 119
1317039421 119
1317039481 123
1317039541 122
1317039601 121
1317039661 122
1317039722 120
1317039781 115
1317039841 115
1317039901 117
1317039961 118
1317040021 115
1317040081 113
1317040141 116
1317040201 113
1317040261 111
1317040322 115
1317040381 117
1317040441 113
1317040501 114
1317040561 115
1317040621 113
1317040681 111
1317040741 114
1317040802 117
1317040862 138
1317040921 162
1317040981 162
1317041041 165
1317041101 169
1317041161 170
1317041221 177
1317041281 175
1317041341 172
1317041402 170
1317041461 153
1317041521 158
1317041581 158
1317041641 164
1317041701 161
1317041761 164
1317041821 160
1317041881 162
1317041941 164
1317042001 168
1317042062 168
1317042121 163
1317042181 165
1317042241 160
1317042301 157
1317042361 156
1317042421 154
1317042482 154
1317042542 157
1317042601 157
1317042661 159
1317042721 153
1317042781 160
1317042841 156
1317042901 156
1317042961 156
1317043021 157
1317043081 153
1317043142 152
1317043201 148
1317043261 150
1317043321 144
1317043381 142
1317043441 140
1317043501 140
1317043561 145
1317043621 145
1317043682 144
1317043742 139
1317043801 143
1317043861 144
1317043921 139
1317043981 147
1317044041 145
1317044101 144
1317044161 140
1317044221 146
1317044282 142
1317044342 145
1317044401 144
1317044461 145
1317044521 138
1317044581 139
1317044641 145
1317044701 144
1317044761 144
1317044821 138
1317044882 141
1317044942 132
1317045001 134
1317045061 130
1317045121 135
1317045181 133
1317045241 133
1317045301 131
1317045361 133
1317045421 131
1317045481 129
1317045542 133
1317045601 135
1317045661 132
1317045721 126
1317045781 105
1317045841 104
1317045901 102
1317045961 94
1317046021 93
1317046081 92
1317046142 90
1317046202 86
1317046261 87
1317046321 85
1317046381 85
1317046441 81
1317046501 82
1317046561 82
1317046621 84
1317046681 83
1317046741 83
1317046801 82
1317046861 81
1317046921 82
1317046981 79
1317047041 83
1317047101 85
1317047162 87
1317047221 86
1317047281 84
1317047341 83
1317047401 83
1317047461 83
1317047521 86
1317047581 89
1317047641 86
1317047702 88
1317047761 90
1317047821 92
1317047881 91
1317047941 95
1317048001 88
1317048061 94
1317048121 92
1317048181 91
1317048241 88
1317048302 88
1317048361 82
1317048421 84
1317048481 85
1317048541 83
1317048601 83
1317048661 79
1317048721 81
1317048781 80
1317048841 80
1317048902 78
1317048961 76
1317049021 71
1317049081 72
1317049141 72
1317049201 71
1317049261 72
1317049321 70
1317049381 74
1317049441 74
1317049502 73
1317049561 76
1317049621 77
1317049681 78
1317049741 74
1317049801 75
1317049861 74
1317049921 69
1317049981 70
1317050041 68
1317050102 61
1317050161 65
1317050221 66
1317050281 64
1317050341 62
1317050401 62
1317050461 58
1317050521 62
1317050581 57
1317050641 58
1317050702 61
1317050761 58
1317050821 57
1317050881 56
1317050941 57
1317051001 59
1317051061 58
1317051121 55
1317051181 54
1317051241 55
1317051301 52
1317051361 51
1317051421 49
1317051481 48
1317051542 49
1317051601 46
1317051661 47
1317051721 41
1317051781 39
1317051841 43
1317051901 44
1317051961 42
1317052021 45
1317052081 45
1317052142 41
1317052201 42
1317052261 40
1317052321 41
1317052381 39
1317052441 36
1317052501 36
1317052561 35
1317052621 33
1317052681 36
1317052742 37
1317052801 36
