1308758461 10
1308758521 10
1308758581 9
1308758641 9
1308758702 6
1308758761 10
1308758821 10
1308758881 10
1308758941 10
1308759001 10
1308759061 9
1308759121 9
1308759181 8
1308759241 9
1308759301 8
1308759362 7
1308759421 8
1308759481 8
1308759541 8
1308759601 9
1308759661 9
1308759721 8
1308759781 9
1308759841 9
1308759901 9
1308759961 8
1308760021 10
1308760081 8
1308760142 9
1308760202 8
1308760261 9
1308760321 10
1308760381 10
1308760441 9
1308760501 10
1308760561 10
1308760621 8
1308760681 10
1308760741 9
1308760801 9
1308760862 9
1308760921 9
1308760981 8
1308761041 9
1308761101 9
1308761161 9
1308761221 6
1308761281 7
1308761341 8
1308761401 8
1308761461 8
1308761521 8
1308761581 8
1308761642 8
1308761701 9
1308761761 9
1308761821 9
1308761881 8
1308761941 7
1308762001 9
1308762061 9
1308762121 8
1308762181 9
1308762241 9
1308762301 7
1308762361 9
1308762421 9
1308762481 8
1308762541 9
1308762601 8
1308762661 9
1308762721 9
1308762782 8
1308762841 8
1308762901 9
1308762961 9
1308763021 9
1308763081 9
1308763141 8
1308763201 9
1308763261 9
1308763322 9
1308763381 9
1308763441 8
1308763501 9
1308763561 8
1308763621 9
1308763681 9
1308763741 8
1308763801 7
1308763861 7
1308763921 8
1308763981 8
1308764041 8
1308764102 6
1308764161 7
1308764221 6
1308764281 7
1308764341 7
1308764401 7
1308764461 5
1308764521 7
1308764581 7
1308764641 7
1308764701 7
1308764761 5
1308764821 7
1308764881 6
1308764941 7
1308765001 7
1308765061 7
1308765121 5
1308765181 7
1308765241 6
1308765301 7
1308765361 7
1308765421 5
1308765481 8
1308765541 7
1308765602 8
1308765661 8
1308765721 7
1308765781 6
1308765841 8
1308765902 7
1308765962 8
1308766021 8
1308766081 6
1308766141 7
1308766201 6
1308766261 7
1308766321 7
1308766381 7
1308766441 6
1308766501 7
1308766561 7
1308766622 7
1308766681 6
1308766741 6
1308766801 7
1308766861 7
1308766921 7
1308766981 7
1308767041 6
1308767101 7
1308767161 6
1308767221 6
1308767281 7
1308767341 7
1308767402 6
1308767461 6
1308767521 7
1308767581 6
1308767641 7
1308767701 6
1308767761 7
1308767821 7
1308767881 6
1308767941 6
1308768001 6
1308768062 5
1308768121 5
1308768181 6
1308768241 6
1308768301 5
1308768361 5
1308768421 6
1308768481 6
1308768541 5
1308768601 6
1308768661 6
1308768721 5
1308768782 5
1308768841 6
1308768901 6
1308768961 5
1308769021 5
1308769081 6
1308769141 6
1308769201 5
1308769261 6
1308769321 6
1308769381 6
1308769441 6
1308769502 7
1308769561 8
1308769621 7
1308769681 7
1308769741 8
1308769801 8
1308769861 7
1308769921 7
1308769981 7
1308770041 5
1308770101 5
1308770161 5
1308770221 6
1308770282 5
1308770341 5
1308770401 6
1308770461 6
1308770521 6
1308770581 6
1308770641 6
1308770701 6
1308770761 5
1308770821 4
1308770881 5
1308770941 4
1308771002 4
1308771062 5
1308771121 5
1308771181 5
1308771241 5
1308771301 4
1308771361 5
1308771421 5
1308771481 5
1308771541 5
1308771601 4
1308771661 4
1308771722 5
1308771781 5
1308771841 5
1308771901 5
1308771961 5
1308772021 4
1308772081 4
1308772141 5
1308772201 5
1308772261 4
1308772321 5
1308772381 4
1308772442 5
1308772501 5
1308772561 5
1308772621 5
1308772681 5
1308772741 5
1308772801 6
1308772861 6
1308772921 6
1308772981 6
1308773041 5
1308773101 6
1308773162 6
1308773221 6
1308773281 5
1308773341 4
1308773401 4
1308773461 5
1308773521 4
1308773581 6
1308773641 6
1308773701 5
1308773761 6
1308773821 7
1308773881 7
1308773941 7
1308774001 6
1308774061 7
1308774121 6
1308774181 6
1308774241 7
1308774301 7
1308774361 5
1308774421 6
1308774481 7
1308774542 7
1308774601 7
1308774661 6
1308774721 7
1308774781 6
1308774841 6
1308774901 6
1308774961 6
1308775021 4
1308775081 5
1308775141 6
1308775201 6
1308775262 6
1308775321 5
1308775381 6
1308775441 6
1308775501 5
1308775561 5
1308775621 5
1308775681 3
1308775741 4
1308775801 5
1308775861 5
1308775922 5
1308775981 3
1308776041 5
1308776101 5
1308776161 5
1308776221 5
1308776281 5
1308776341 3
1308776401 4
1308776461 5
1308776521 5
1308776581 5
1308776642 3
1308776701 5
1308776761 5
1308776821 5
1308776881 5
1308776941 5
1308777001 3
1308777061 4
1308777121 5
1308777181 5
1308777241 5
1308777302 3
1308777361 5
1308777421 5
1308777481 5
1308777541 5
1308777601 5
1308777661 3
1308777721 4
1308777781 5
1308777841 5
1308777901 5
1308777961 4
1308778022 5
1308778081 5
1308778141 5
1308778201 5
1308778261 5
1308778321 3
1308778381 4
1308778441 5
1308778501 5
1308778561 4
1308778621 4
1308778681 5
1308778742 5
1308778801 5
1308778861 5
1308778921 5
1308778981 3
1308779041 4
1308779101 5
1308779161 5
1308779221 4
1308779281 4
1308779341 5
1308779401 5
1308779462 5
1308779521 5
1308779581 5
1308779641 4
1308779701 3
1308779761 5
1308779821 5
1308779881 4
1308779941 5
1308780001 6
1308780061 6
1308780121 6
1308780181 6
1308780241 6
1308780301 5
1308780361 4
1308780421 6
1308780482 7
1308780541 6
1308780601 6
1308780661 6
1308780721 6
1308780781 6
1308780841 6
1308780901 6
1308780961 5
1308781021 4
1308781081 6
1308781141 6
1308781201 4
1308781262 6
1308781321 6
1308781381 6
1308781441 6
1308781501 6
1308781561 6
1308781621 5
1308781681 3
1308781741 5
1308781802 5
1308781861 3
1308781921 5
1308781981 5
1308782041 5
1308782101 5
1308782161 5
1308782221 5
1308782281 4
1308782341 3
1308782401 4
1308782461 5
1308782522 3
1308782581 4
1308782641 5
1308782701 5
1308782761 5
1308782821 5
1308782881 5
1308782941 4
1308783001 4
1308783061 5
1308783121 4
1308783181 3
1308783242 3
1308783301 4
1308783361 4
1308783421 4
1308783481 4
1308783541 4
1308783601 3
1308783661 3
1308783721 4
1308783781 5
1308783841 4
1308783901 4
1308783962 5
1308784021 6
1308784081 6
1308784141 6
1308784201 6
1308784261 6
1308784321 5
1308784381 6
1308784441 6
1308784501 5
1308784561 5
1308784622 7
1308784681 7
1308784741 7
1308784801 7
1308784861 6
1308784921 8
1308784981 6
1308785041 7
1308785101 7
1308785161 6
1308785221 4
1308785282 7
1308785341 7
1308785401 7
1308785461 7
1308785521 6
1308785581 7
1308785641 6
1308785701 9
1308785761 12
1308785821 13
1308785882 11
1308785941 15
1308786001 15
1308786061 15
1308786121 15
1308786181 14
1308786241 15
1308786301 12
1308786361 14
1308786421 14
1308786481 14
1308786541 13
1308786602 15
1308786661 19
1308786721 19
1308786781 19
1308786841 18
1308786901 19
1308786961 19
1308787021 20
1308787081 19
1308787141 18
1308787201 19
1308787262 19
1308787321 20
1308787381 22
1308787441 22
1308787501 21
1308787561 21
1308787621 20
1308787681 21
1308787741 22
1308787801 21
1308787861 23
1308787921 25
1308787982 27
1308788041 27
1308788101 27
1308788161 25
1308788221 26
1308788281 27
1308788341 28
1308788401 26
1308788461 23
1308788521 22
1308788581 22
1308788641 23
1308788702 24
1308788761 22
1308788821 23
1308788881 24
1308788941 25
1308789001 26
1308789061 24
1308789121 27
1308789181 27
1308789241 29
1308789301 29
1308789362 30
1308789421 29
1308789481 27
1308789541 27
1308789601 28
1308789661 27
1308789721 26
1308789781 29
1308789841 27
1308789901 28
1308789962 28
1308790021 29
1308790081 29
1308790141 26
1308790201 27
1308790261 30
1308790321 30
1308790381 29
1308790441 35
1308790501 40
1308790561 41
1308790621 44
1308790682 49
1308790741 50
1308790801 51
1308790861 53
1308790921 53
1308790981 50
1308791041 46
1308791101 46
1308791161 49
1308791221 49
1308791281 48
1308791342 50
1308791401 48
1308791461 50
1308791521 50
1308791581 51
1308791641 51
1308791701 51
1308791761 52
1308791821 51
1308791881 51
1308791941 51
1308792001 54
1308792061 53
1308792121 52
1308792181 55
1308792241 55
1308792301 52
1308792361 53
1308792421 51
1308792482 52
1308792541 51
1308792601 49
1308792661 50
1308792721 52
1308792781 51
1308792841 49
1308792901 49
1308792961 50
1308793021 50
1308793081 50
1308793141 51
1308793202 53
1308793261 52
1308793321 50
1308793381 53
1308793441 52
1308793501 52
1308793561 53
1308793621 53
1308793681 52
1308793741 51
1308793801 53
1308793861 51
1308793921 50
1308793982 50
1308794041 50
1308794101 50
1308794161 45
1308794221 49
1308794281 52
1308794341 53
1308794401 54
1308794461 55
1308794521 57
1308794581 58
1308794642 59
1308794701 59
1308794761 59
1308794821 56
1308794881 52
1308794941 51
1308795001 53
1308795061 53
1308795121 52
1308795181 51
1308795241 52
1308795302 49
1308795361 49
1308795421 51
1308795481 52
1308795541 51
1308795601 51
1308795661 49
1308795721 51
1308795781 50
1308795841 52
1308795902 52
1308795961 51
1308796021 48
1308796081 46
1308796141 48
1308796201 46
1308796261 47
1308796321 49
1308796381 48
1308796441 46
1308796501 51
1308796561 50
1308796621 51
1308796682 47
1308796741 49
1308796801 49
1308796861 52
1308796921 50
1308796981 53
1308797041 53
1308797101 49
1308797161 51
1308797221 50
1308797281 50
1308797342 49
1308797401 51
1308797461 54
1308797521 53
1308797581 53
1308797641 54
1308797701 55
1308797761 54
1308797821 54
1308797881 55
1308797941 55
1308798002 54
1308798061 51
1308798121 55
1308798181 55
1308798241 56
1308798301 54
1308798361 57
1308798421 57
1308798481 60
1308798541 59
1308798601 58
1308798661 55
1308798722 55
1308798781 59
1308798841 60
1308798901 59
1308798961 57
1308799021 60
1308799081 58
1308799141 57
1308799201 56
1308799261 54
1308799321 54
1308799381 59
1308799442 58
1308799501 57
1308799561 59
1308799621 58
1308799681 56
1308799741 56
1308799801 56
1308799861 53
1308799921 56
1308799981 52
1308800041 51
1308800102 53
1308800161 51
1308800221 56
1308800281 56
1308800341 56
1308800401 54
1308800461 56
1308800521 50
1308800581 51
1308800641 53
1308800702 53
1308800761 52
1308800821 51
1308800881 56
1308800941 56
1308801001 56
1308801061 55
1308801121 53
1308801181 51
1308801241 48
1308801301 53
1308801362 52
1308801421 49
1308801481 49
1308801541 49
1308801601 47
1308801661 46
1308801721 46
1308801781 46
1308801841 49
1308801901 47
1308801961 48
1308802022 50
1308802081 49
1308802141 49
1308802201 50
1308802261 50
1308802321 51
1308802381 48
1308802441 46
1308802501 46
1308802561 46
1308802621 45
1308802682 45
1308802741 46
1308802801 47
1308802861 47
1308802921 44
1308802981 46
1308803041 42
1308803101 41
1308803161 41
1308803221 41
1308803281 42
1308803342 43
1308803402 42
1308803461 43
1308803521 43
1308803581 41
1308803641 41
1308803701 39
1308803761 38
1308803821 37
1308803881 39
1308803941 44
1308804001 44
1308804062 45
1308804121 47
1308804181 45
1308804241 45
1308804301 45
1308804361 45
1308804421 45
1308804481 41
1308804541 40
1308804601 45
1308804661 45
1308804722 43
1308804781 45
1308804841 44
1308804901 44
1308804961 45
1308805021 43
1308805081 42
1308805141 46
1308805201 43
1308805261 45
1308805321 45
1308805382 44
1308805441 45
1308805501 46
1308805561 46
1308805621 47
1308805681 47
1308805741 43
1308805801 46
1308805861 47
1308805921 48
1308805981 46
1308806042 45
1308806101 46
1308806161 47
1308806221 45
1308806281 46
1308806341 44
1308806401 45
1308806461 43
1308806521 46
1308806581 44
1308806641 46
1308806702 49
1308806762 50
1308806821 53
1308806881 52
1308806941 55
1308807001 51
1308807061 54
1308807121 55
1308807181 56
1308807241 56
1308807301 53
1308807362 56
1308807421 56
1308807481 55
1308807541 52
1308807601 54
1308807661 55
1308807721 54
1308807781 57
1308807841 55
1308807901 53
1308807961 56
1308808022 56
1308808081 58
1308808141 59
1308808201 56
1308808261 56
1308808321 58
1308808381 58
1308808441 57
1308808501 57
1308808561 53
1308808621 55
1308808682 53
1308808741 50
1308808801 50
1308808861 50
1308808921 48
1308808981 47
1308809041 48
1308809101 49
1308809161 49
1308809221 50
1308809281 52
1308809342 53
1308809401 56
1308809461 54
1308809521 55
1308809581 56
1308809641 57
1308809701 57
1308809761 58
1308809821 57
1308809882 58
1308809941 61
1308810001 62
1308810061 63
1308810121 63
1308810181 67
1308810241 69
1308810301 68
1308810361 70
1308810421 66
1308810482 65
1308810541 66
1308810601 63
1308810661 66
1308810721 64
1308810781 67
1308810841 65
1308810901 65
1308810961 62
1308811021 61
1308811081 60
1308811142 61
1308811201 63
1308811261 60
1308811321 60
1308811381 57
1308811441 57
1308811501 56
1308811561 59
1308811621 58
1308811681 61
1308811741 59
1308811802 59
1308811861 56
1308811921 59
1308811981 60
1308812041 60
1308812101 60
1308812161 59
1308812221 62
1308812281 57
1308812341 57
1308812401 55
1308812462 52
1308812521 53
1308812581 50
1308812641 53
1308812701 53
1308812761 53
1308812821 49
1308812881 51
1308812941 52
1308813001 53
1308813062 54
1308813121 54
1308813181 55
1308813241 52
1308813301 55
1308813361 56
1308813421 57
1308813481 56
1308813541 54
1308813601 54
1308813661 55
1308813721 56
1308813782 52
1308813841 53
1308813901 54
1308813961 53
1308814021 52
1308814081 53
1308814141 50
1308814201 51
1308814261 51
1308814321 50
1308814381 49
1308814442 50
1308814501 48
1308814561 47
1308814621 48
1308814681 48
1308814741 49
1308814801 47
1308814861 49
1308814921 49
1308814981 49
1308815041 49
1308815101 48
1308815161 48
1308815221 51
1308815281 46
1308815341 51
1308815401 50
1308815461 50
1308815521 49
1308815581 51
1308815641 51
1308815701 47
1308815761 48
1308815822 46
1308815881 48
1308815941 46
1308816001 48
1308816061 47
1308816121 49
1308816181 49
1308816241 48
1308816301 49
1308816361 48
1308816421 47
1308816482 46
1308816541 46
1308816601 43
1308816661 41
1308816721 40
1308816781 39
1308816841 36
1308816901 34
1308816961 32
1308817021 31
1308817081 31
1308817141 32
1308817202 29
1308817261 29
1308817321 26
1308817381 27
1308817441 32
1308817501 33
1308817561 33
1308817621 34
1308817681 33
1308817741 32
1308817801 34
1308817861 32
1308817922 33
1308817981 31
1308818041 29
1308818101 32
1308818161 31
1308818221 32
1308818281 32
1308818341 29
1308818401 30
1308818461 30
1308818521 27
1308818582 28
1308818641 26
1308818701 25
1308818761 26
1308818821 23
1308818881 23
1308818941 22
1308819001 21
1308819061 22
1308819121 22
1308819181 22
1308819242 18
1308819301 19
1308819361 18
1308819421 15
1308819481 18
1308819541 18
1308819601 16
1308819661 15
1308819721 17
1308819781 14
1308819841 16
1308819901 12
1308819961 16
1308820022 16
1308820081 16
1308820141 18
1308820201 18
1308820261 19
1308820321 18
1308820381 18
1308820441 18
1308820501 18
1308820561 16
1308820621 18
1308820681 16
1308820742 14
1308820801 14
1308820861 14
1308820921 13
1308820981 13
1308821041 12
1308821101 13
1308821161 11
1308821221 12
1308821281 12
1308821341 12
1308821401 11
1308821462 10
1308821521 11
1308821581 12
1308821641 11
1308821701 12
1308821761 12
1308821821 11
1308821881 13
1308821941 13
1308822001 13
1308822061 12
1308822121 12
1308822182 10
1308822241 11
1308822301 12
1308822361 11
1308822421 12
1308822481 10
1308822541 10
1308822601 11
1308822661 11
1308822721 11
1308822781 10
1308822842 9
1308822902 10
1308822961 11
1308823021 10
1308823081 12
1308823141 11
1308823201 12
1308823261 12
1308823321 12
1308823381 12
1308823441 11
1308823501 10
1308823561 10
1308823621 9
1308823682 9
1308823741 10
1308823801 10
1308823861 10
1308823921 12
1308823981 12
1308824041 12
1308824101 14
1308824161 12
1308824221 12
1308824281 13
1308824341 13
1308824401 13
1308824462 13
1308824521 15
1308824581 15
1308824641 15
1308824701 13
1308824761 17
1308824821 17
1308824881 16
1308824941 16
1308825001 16
1308825061 17
1308825121 15
1308825182 17
1308825241 17
1308825301 16
1308825361 14
1308825421 15
1308825481 14
1308825541 14
1308825601 16
1308825661 14
1308825721 14
1308825781 13
1308825841 15
1308825902 14
1308825961 12
1308826021 13
1308826081 15
1308826141 13
1308826201 13
1308826261 14
1308826321 13
1308826381 14
1308826441 13
1308826501 14
1308826561 14
1308826621 12
1308826682 14
1308826741 14
1308826801 11
1308826861 13
1308826921 12
1308826981 12
1308827041 15
1308827101 15
1308827161 16
1308827221 17
1308827281 16
1308827341 18
1308827401 18
1308827462 16
1308827521 17
1308827581 16
1308827641 13
1308827701 14
1308827761 14
1308827821 12
1308827881 11
1308827941 11
1308828001 12
1308828061 11
1308828121 11
1308828182 12
1308828241 12
1308828301 11
1308828361 11
1308828421 12
1308828481 12
1308828541 10
1308828601 11
1308828661 12
1308828721 12
1308828781 12
1308828841 14
1308828901 14
1308828962 13
1308829021 14
1308829081 14
1308829141 13
1308829201 13
1308829261 13
1308829321 14
1308829381 15
1308829441 13
1308829501 13
1308829561 13
1308829621 13
1308829682 14
1308829741 14
1308829801 13
1308829861 13
1308829921 12
1308829981 12
1308830041 13
1308830101 13
1308830161 14
1308830221 13
1308830281 14
1308830341 13
1308830401 13
1308830462 13
1308830521 13
1308830581 12
1308830641 13
1308830701 13
1308830761 12
1308830821 12
1308830881 11
1308830941 13
1308831001 13
1308831061 13
1308831121 13
1308831182 12
1308831241 12
1308831301 13
1308831361 13
1308831421 12
1308831481 13
1308831541 12
1308831601 12
1308831661 11
1308831721 11
1308831781 11
1308831841 9
1308831902 10
1308831961 12
1308832021 13
1308832081 13
1308832141 11
1308832201 12
1308832261 14
1308832321 14
1308832381 13
1308832441 13
1308832501 13
1308832561 14
1308832622 16
1308832681 19
1308832741 19
1308832801 18
1308832861 19
1308832921 19
1308832981 19
1308833041 18
1308833101 19
1308833161 19
1308833221 17
1308833282 16
1308833341 18
1308833401 18
1308833461 15
1308833521 18
1308833581 18
1308833641 18
1308833701 16
1308833761 16
1308833821 17
1308833881 18
1308833942 17
1308834001 16
1308834061 16
1308834121 16
1308834181 17
1308834241 17
1308834301 17
1308834361 17
1308834421 18
1308834481 16
1308834541 16
1308834601 17
1308834661 19
1308834721 17
1308834781 18
1308834841 18
1308834901 18
1308834961 17
1308835021 17
1308835081 16
1308835141 17
1308835201 17
1308835261 17
1308835322 17
1308835381 15
1308835441 16
1308835501 18
1308835561 19
1308835621 19
1308835681 20
1308835741 20
1308835801 20
1308835861 19
1308835921 20
1308835982 21
1308836041 20
1308836101 17
1308836161 17
1308836221 20
1308836281 20
1308836341 19
1308836401 18
1308836461 19
1308836521 18
1308836581 18
1308836641 20
1308836702 19
1308836761 17
1308836821 13
1308836881 14
1308836941 13
1308837001 14
1308837061 13
1308837121 12
1308837181 11
1308837241 9
1308837301 11
1308837362 12
1308837421 13
1308837481 12
1308837541 13
1308837601 13
1308837661 13
1308837721 14
1308837781 15
1308837841 14
1308837901 15
1308837961 12
1308838021 13
1308838082 13
1308838141 13
1308838201 13
1308838261 14
1308838321 14
1308838381 13
1308838441 14
1308838501 14
1308838561 14
1308838621 13
1308838681 12
1308838741 12
1308838802 14
1308838862 13
1308838921 13
1308838981 15
1308839041 14
1308839101 15
1308839161 16
1308839221 15
1308839281 13
1308839341 15
1308839401 15
1308839461 17
1308839521 16
1308839582 18
1308839641 18
1308839701 15
1308839761 16
1308839821 16
1308839881 16
1308839941 15
1308840001 13
1308840061 14
1308840121 15
1308840181 12
1308840242 12
1308840301 13
1308840361 14
1308840421 14
1308840481 14
1308840541 15
1308840601 14
1308840661 12
1308840721 12
1308840781 14
1308840841 13
1308840901 12
1308840961 11
1308841022 12
1308841081 12
1308841141 10
1308841201 12
1308841261 11
1308841321 11
1308841381 12
1308841441 14
1308841501 15
1308841561 14
1308841621 14
1308841681 16
1308841742 16
1308841801 16
1308841861 16
1308841921 14
1308841981 14
1308842041 14
1308842101 16
1308842161 15
1308842221 15
1308842281 15
1308842341 16
1308842401 16
1308842461 16
1308842522 15
1308842581 13
1308842641 15
1308842701 15
1308842761 15
1308842821 13
1308842881 14
1308842941 13
1308843001 12
1308843061 13
1308843121 13
1308843181 13
1308843241 12
1308843302 10
1308843361 12
1308843421 12
1308843481 12
1308843541 10
1308843601 11
1308843661 10
1308843721 10
1308843781 10
1308843841 9
1308843901 8
1308843961 6
1308844022 8
1308844081 8
1308844141 8
1308844201 7
1308844261 8
1308844321 8
1308844381 8
1308844441 7
1308844501 8
1308844561 8
1308844621 6
1308844681 7
1308844742 7
1308844801 6
