1313337661 26
1313337721 27
1313337781 26
1313337841 26
1313337902 27
1313337961 25
1313338021 27
1313338081 24
1313338141 22
1313338201 22
1313338261 21
1313338321 21
1313338381 21
1313338441 22
1313338502 21
1313338561 21
1313338621 20
1313338681 20
1313338741 21
1313338801 19
1313338861 21
1313338921 18
1313338981 19
1313339041 19
1313339102 19
1313339162 18
1313339221 17
1313339281 17
1313339341 19
1313339401 18
1313339461 17
1313339521 20
1313339581 21
1313339641 21
1313339701 22
1313339761 23
1313339821 22
1313339881 23
1313339941 22
1313340002 21
1313340061 20
1313340121 17
1313340181 16
1313340241 16
1313340301 16
1313340361 17
1313340421 17
1313340481 15
1313340541 15
1313340601 16
1313340662 15
1313340721 17
1313340781 15
1313340841 16
1313340901 15
1313340961 13
1313341021 15
1313341081 15
1313341141 14
1313341202 13
1313341262 14
1313341321 12
1313341381 13
1313341441 12
1313341501 13
1313341561 14
1313341621 12
1313341681 13
1313341741 13
1313341801 12
1313341861 12
1313341921 13
1313341981 12
1313342041 12
1313342102 11
1313342161 12
1313342221 13
1313342281 12
1313342341 12
1313342403 12
1313342461 9
1313342521 10
1313342581 10
1313342641 9
1313342701 9
1313342761 7
1313342821 8
1313342881 9
1313342941 9
1313343002 9
1313343062 9
1313343121 8
1313343181 9
1313343241 9
1313343301 8
1313343361 9
1313343421 8
1313343481 6
1313343541 7
1313343601 7
1313343662 7
1313343721 7
1313343781 6
1313343841 7
1313343901 7
1313343961 6
1313344021 7
1313344081 7
1313344141 5
1313344201 7
1313344261 7
1313344321 8
1313344382 7
1313344441 8
1313344501 8
1313344561 8
1313344621 7
1313344681 8
1313344741 8
1313344801 7
1313344861 9
1313344921 9
1313344981 10
1313345042 9
1313345101 10
1313345161 10
1313345221 10
1313345281 8
1313345341 10
1313345401 9
1313345462 7
1313345522 8
1313345581 9
1313345641 9
1313345701 8
1313345761 9
1313345821 9
1313345881 9
1313345941 8
1313346002 9
1313346062 8
1313346121 7
1313346181 7
1313346241 8
1313346301 9
1313346361 8
1313346421 9
1313346482 9
1313346542 8
1313346601 8
1313346661 9
1313346721 8
1313346781 8
1313346841 8
1313346901 7
1313346962 8
1313347022 7
1313347081 7
1313347141 8
1313347201 8
1313347261 9
1313347321 9
1313347381 8
1313347441 9
1313347502 10
1313347561 10
1313347621 10
1313347681 10
1313347741 9
1313347801 10
1313347861 8
1313347921 9
1313347981 8
1313348041 7
1313348102 7
1313348161 7
1313348221 7
1313348281 7
1313348341 7
1313348401 7
1313348461 6
1313348521 6
1313348581 7
1313348642 6
1313348701 6
1313348761 6
1313348821 7
1313348881 7
1313348941 7
1313349001 7
1313349061 7
1313349121 7
1313349182 7
1313349241 7
1313349301 6
1313349361 6
1313349421 6
1313349481 7
1313349541 7
1313349601 7
1313349661 7
1313349722 7
1313349781 6
1313349841 7
1313349901 7
1313349961 5
1313350021 6
1313350081 6
1313350141 7
1313350201 7
1313350261 7
1313350322 7
1313350381 6
1313350441 7
1313350501 8
1313350561 8
1313350621 6
1313350681 7
1313350741 7
1313350801 7
1313350862 8
1313350921 8
1313350981 8
1313351041 8
1313351101 8
1313351161 8
1313351221 8
1313351281 6
1313351342 7
1313351402 6
1313351461 6
1313351521 7
1313351581 7
1313351641 6
1313351701 7
1313351761 7
1313351821 7
1313351882 7
1313351941 5
1313352001 7
1313352061 6
1313352121 7
1313352181 7
1313352241 6
1313352301 6
1313352361 7
1313352421 7
1313352481 7
1313352542 7
1313352601 5
1313352661 7
1313352721 6
1313352781 6
1313352841 7
1313352901 7
1313352961 7
1313353021 7
1313353082 7
1313353142 7
1313353201 7
1313353261 6
1313353321 7
1313353381 6
1313353441 6
1313353501 5
1313353561 5
1313353621 6
1313353682 6
1313353741 6
1313353801 6
1313353861 5
1313353921 5
1313353981 6
1313354041 5
1313354101 6
1313354161 5
1313354221 5
1313354281 5
1313354342 5
1313354401 5
1313354461 5
1313354521 4
1313354581 5
1313354641 4
1313354701 4
1313354761 5
1313354821 4
1313354881 5
1313354941 5
1313355002 5
1313355061 5
1313355121 5
1313355181 4
1313355241 5
1313355301 4
1313355361 4
1313355421 5
1313355481 5
1313355541 5
1313355602 5
1313355661 5
1313355721 5
1313355781 5
1313355841 4
1313355901 5
1313355961 4
1313356021 4
1313356081 4
1313356141 5
1313356202 5
1313356261 5
1313356321 5
1313356381 5
1313356441 5
1313356501 4
1313356561 5
1313356621 4
1313356681 4
1313356742 5
1313356801 6
1313356861 6
1313356921 6
1313356981 6
1313357041 7
1313357101 7
1313357161 7
1313357221 7
1313357282 7
1313357341 5
1313357401 5
1313357461 5
1313357521 5
1313357581 5
1313357641 4
1313357701 4
1313357761 3
1313357821 3
1313357882 4
1313357941 4
1313358001 3
1313358061 5
1313358121 5
1313358181 5
1313358241 5
1313358301 5
1313358362 5
1313358421 4
1313358481 4
1313358541 5
1313358601 5
1313358661 3
1313358721 4
1313358781 4
1313358841 4
1313358902 4
1313358961 4
1313359021 4
1313359081 3
1313359141 3
1313359203 3
1313359261 3
1313359321 2
1313359381 3
1313359442 3
1313359501 3
1313359561 3
1313359621 3
1313359681 3
1313359741 1
1313359801 3
1313359861 3
1313359921 3
1313359982 2
1313360041 3
1313360101 3
1313360161 3
1313360221 3
1313360281 3
1313360341 3
1313360401 1
1313360461 2
1313360521 3
1313360582 3
1313360641 2
1313360701 3
1313360761 3
1313360821 3
1313360881 3
1313360941 3
1313361001 3
1313361061 3
1313361121 3
1313361182 4
1313361241 4
1313361301 3
1313361361 4
1313361421 4
1313361481 5
1313361541 5
1313361601 5
1313361661 5
1313361722 6
1313361781 5
1313361841 6
1313361901 6
1313361961 5
1313362021 7
1313362081 7
1313362141 7
1313362202 7
1313362262 7
1313362321 5
1313362381 7
1313362441 6
1313362501 7
1313362562 8
1313362622 6
1313362681 6
1313362741 6
1313362801 6
1313362861 6
1313362921 6
1313362981 5
1313363041 7
1313363101 6
1313363162 7
1313363221 8
1313363281 7
1313363341 8
1313363401 8
1313363461 8
1313363521 8
1313363581 9
1313363641 9
1313363702 8
1313363761 7
1313363821 8
1313363881 8
1313363941 7
1313364001 9
1313364061 9
1313364121 9
1313364181 9
1313364241 9
1313364301 10
1313364361 10
1313364422 10
1313364481 13
1313364541 13
1313364601 13
1313364661 14
1313364721 13
1313364781 14
1313364841 13
1313364901 13
1313364962 13
1313365021 11
1313365081 10
1313365141 12
1313365201 12
1313365261 13
1313365321 14
1313365381 13
1313365441 13
1313365501 14
1313365561 14
1313365622 15
1313365681 14
1313365741 14
1313365801 18
1313365861 18
1313365921 18
1313365981 20
1313366041 22
1313366101 22
1313366162 22
1313366222 21
1313366281 24
1313366341 24
1313366401 21
1313366461 26
1313366521 26
1313366581 27
1313366641 27
1313366701 29
1313366762 30
1313366821 31
1313366881 31
1313366941 30
1313367001 28
1313367061 30
1313367121 34
1313367181 37
1313367241 38
1313367302 38
1313367361 41
1313367421 43
1313367481 44
1313367541 48
1313367601 50
1313367661 49
1313367721 50
1313367781 49
1313367842 50
1313367901 51
1313367961 50
1313368021 52
1313368081 50
1313368141 49
1313368201 48
1313368261 50
1313368321 48
1313368382 48
1313368441 48
1313368501 49
1313368561 52
1313368621 52
1313368681 51
1313368741 55
1313368801 58
1313368861 59
1313368922 63
1313368981 62
1313369041 67
1313369101 66
1313369161 65
1313369221 64
1313369281 69
1313369341 66
1313369401 68
1313369461 69
1313369522 74
1313369581 73
1313369641 74
1313369701 77
1313369761 77
1313369821 78
1313369881 78
1313369941 80
1313370001 77
1313370062 78
1313370121 78
1313370181 79
1313370241 73
1313370301 75
1313370361 78
1313370421 78
1313370482 78
1313370542 85
1313370601 89
1313370661 89
1313370721 90
1313370781 90
1313370841 92
1313370901 96
1313370962 97
1313371021 95
1313371081 93
1313371141 93
1313371201 94
1313371261 96
1313371321 93
1313371381 97
1313371441 93
1313371502 96
1313371561 96
1313371621 98
1313371681 99
1313371741 94
1313371801 95
1313371861 94
1313371921 98
1313371981 102
1313372042 103
1313372101 102
1313372161 106
1313372221 104
1313372281 105
1313372341 106
1313372401 105
1313372461 105
1313372522 106
1313372581 106
1313372641 110
1313372701 113
1313372761 111
1313372821 115
1313372881 113
1313372941 114
1313373001 114
1313373062 113
1313373121 109
1313373181 113
1313373241 113
1313373301 115
1313373361 111
1313373421 112
1313373481 117
1313373541 118
1313373602 118
1313373662 118
1313373721 118
1313373781 116
1313373841 116
1313373901 115
1313373961 118
1313374021 116
1313374081 113
1313374141 114
1313374202 116
1313374261 117
1313374321 116
1313374381 117
1313374441 118
1313374501 115
1313374561 121
1313374621 123
1313374681 127
1313374741 127
1313374802 128
1313374861 128
1313374921 126
1313374981 127
1313375041 131
1313375101 132
1313375161 132
1313375221 132
1313375281 132
1313375341 137
1313375402 139
1313375461 140
1313375521 143
1313375581 140
1313375641 137
1313375701 138
1313375761 142
1313375821 140
1313375882 144
1313375941 138
1313376001 135
1313376061 138
1313376122 141
1313376182 138
1313376241 139
1313376301 137
1313376361 136
1313376421 136
1313376481 136
1313376541 137
1313376601 135
1313376661 135
1313376721 139
1313376782 146
1313376841 147
1313376901 139
1313376961 148
1313377021 147
1313377081 143
1313377141 148
1313377202 145
1313377261 144
1313377321 143
1313377381 138
1313377441 139
1313377501 137
1313377561 131
1313377621 139
1313377681 139
1313377742 136
1313377801 138
1313377861 135
1313377921 135
1313377981 137
1313378041 131
1313378101 133
1313378161 128
1313378221 132
1313378281 135
1313378342 134
1313378401 138
1313378461 139
1313378521 142
1313378581 144
1313378641 147
1313378701 149
1313378761 143
1313378822 144
1313378881 141
1313378941 143
1313379001 141
1313379061 142
1313379121 141
1313379181 136
1313379241 136
1313379301 136
1313379362 135
1313379426 134
1313379481 133
1313379541 136
1313379601 136
1313379661 131
1313379721 131
1313379781 129
1313379841 128
1313379901 127
1313379961 121
1313380021 123
1313380081 122
1313380141 120
1313380201 122
1313380261 122
1313380322 118
1313380381 119
1313380441 118
1313380501 115
1313380561 119
1313380621 114
1313380681 118
1313380741 120
1313380802 121
1313380862 120
1313380921 120
1313380981 122
1313381041 121
1313381101 120
1313381161 119
1313381221 119
1313381281 118
1313381341 120
1313381402 116
1313381462 122
1313381521 117
1313381581 115
1313381641 116
1313381701 119
1313381761 116
1313381821 111
1313381881 105
1313381941 101
1313382002 100
1313382061 98
1313382121 100
1313382181 99
1313382241 97
1313382301 98
1313382361 103
1313382421 100
1313382482 101
1313382541 95
1313382601 97
1313382661 95
1313382721 94
1313382781 91
1313382841 92
1313382901 94
1313382961 93
1313383022 95
1313383082 91
1313383141 95
1313383201 94
1313383261 99
1313383321 99
1313383381 96
1313383441 97
1313383502 96
1313383562 99
1313383621 97
1313383681 99
1313383741 98
1313383801 100
1313383861 100
1313383921 101
1313383981 99
1313384042 100
1313384102 99
1313384162 101
1313384221 99
1313384282 98
1313384341 97
1313384401 97
1313384461 94
1313384521 99
1313384581 99
1313384641 104
1313384702 101
1313384761 98
1313384821 104
1313384881 104
1313384941 104
1313385001 103
1313385061 108
1313385121 105
1313385181 105
1313385242 100
1313385301 102
1313385361 102
1313385421 100
1313385481 102
1313385541 102
1313385601 100
1313385661 100
1313385721 101
1313385782 101
1313385841 101
1313385901 102
1313385961 105
1313386021 106
1313386081 102
1313386141 106
1313386201 104
1313386262 100
1313386321 103
1313386381 104
1313386441 107
1313386501 107
1313386561 104
1313386621 105
1313386681 106
1313386741 105
1313386802 108
1313386862 106
1313386921 108
1313386981 110
1313387041 106
1313387101 110
1313387161 111
1313387221 111
1313387281 110
1313387341 111
1313387402 108
1313387461 112
1313387521 105
1313387581 105
1313387641 104
1313387701 107
1313387761 110
1313387821 110
1313387881 106
1313387941 107
1313388002 107
1313388061 105
1313388121 109
1313388181 105
1313388241 105
1313388301 107
1313388361 107
1313388422 109
1313388481 113
1313388541 116
1313388601 114
1313388661 115
1313388721 116
1313388781 121
1313388841 119
1313388902 115
1313388962 118
1313389021 118
1313389081 118
1313389141 114
1313389201 115
1313389261 115
1313389321 114
1313389381 114
1313389441 118
1313389502 121
1313389561 116
1313389621 112
1313389681 114
1313389741 113
1313389801 115
1313389861 112
1313389921 114
1313389982 112
1313390042 113
1313390101 112
1313390161 113
1313390221 113
1313390281 113
1313390341 113
1313390402 118
1313390462 117
1313390521 115
1313390581 115
1313390641 113
1313390701 113
1313390761 113
1313390821 113
1313390881 115
1313390941 113
1313391001 110
1313391061 114
1313391121 115
1313391181 116
1313391241 114
1313391302 112
1313391361 111
1313391421 113
1313391481 113
1313391541 112
1313391601 111
1313391661 112
1313391721 113
1313391781 114
1313391841 115
1313391902 117
1313391961 118
1313392021 121
1313392081 115
1313392141 122
1313392201 121
1313392261 119
1313392321 117
1313392381 115
1313392441 114
1313392502 115
1313392561 115
1313392621 110
1313392681 111
1313392741 107
1313392801 110
1313392861 114
1313392921 111
1313392981 114
1313393041 116
1313393102 111
1313393162 111
1313393221 113
1313393281 111
1313393341 116
1313393401 121
1313393461 117
1313393521 125
1313393581 121
1313393641 121
1313393701 121
1313393762 119
1313393821 116
1313393881 119
1313393941 119
1313394001 112
1313394061 113
1313394121 106
1313394181 107
1313394241 104
1313394301 102
1313394361 100
1313394421 103
1313394482 108
1313394541 105
1313394601 108
1313394661 108
1313394721 108
1313394781 108
1313394841 113
1313394901 113
1313394961 114
1313395022 113
1313395081 110
1313395141 111
1313395201 111
1313395261 111
1313395321 109
1313395381 113
1313395441 111
1313395501 111
1313395562 113
1313395621 113
1313395681 112
1313395741 109
1313395801 107
1313395861 109
1313395921 107
1313395981 105
1313396042 108
1313396102 106
1313396161 107
1313396221 104
1313396281 104
1313396341 104
1313396401 103
1313396461 100
1313396521 101
1313396581 106
1313396641 100
1313396702 105
1313396761 103
1313396821 102
1313396881 102
1313396941 106
1313397001 104
1313397061 102
1313397121 99
1313397182 98
1313397242 98
1313397301 96
1313397361 96
1313397421 94
1313397481 90
1313397541 90
1313397601 93
1313397661 91
1313397721 94
1313397781 90
1313397842 90
1313397901 92
1313397961 92
1313398021 93
1313398081 97
1313398141 91
1313398201 91
1313398261 90
1313398321 89
1313398382 87
1313398441 92
1313398501 89
1313398561 87
1313398621 87
1313398681 88
1313398741 88
1313398801 91
1313398861 91
1313398921 88
1313398981 84
1313399041 85
1313399101 87
1313399161 89
1313399221 87
1313399282 83
1313399341 84
1313399401 81
1313399461 83
1313399521 86
1313399581 86
1313399641 81
1313399701 82
1313399761 84
1313399822 87
1313399881 89
1313399941 89
1313400001 86
1313400061 88
1313400121 87
1313400181 87
1313400241 86
1313400301 84
1313400361 86
1313400422 82
1313400481 83
1313400541 78
1313400601 79
1313400661 78
1313400721 77
1313400781 77
1313400841 81
1313400902 82
1313400961 78
1313401021 79
1313401081 77
1313401141 79
1313401201 76
1313401261 77
1313401321 76
1313401381 74
1313401441 72
1313401502 72
1313401562 74
1313401621 71
1313401681 72
1313401741 76
1313401801 77
1313401861 72
1313401921 76
1313401981 76
1313402041 74
1313402102 74
1313402161 72
1313402221 71
1313402281 67
1313402341 62
1313402401 63
1313402462 64
1313402521 64
1313402581 65
1313402641 67
1313402701 70
1313402761 69
1313402821 68
1313402881 64
1313402941 66
1313403002 63
1313403062 63
1313403121 63
1313403181 60
1313403241 62
1313403301 59
1313403361 57
1313403421 58
1313403481 59
1313403541 58
1313403602 57
1313403661 59
1313403721 55
1313403781 54
1313403841 55
1313403901 55
1313403961 55
1313404022 55
1313404082 56
1313404141 56
1313404201 54
1313404261 55
1313404321 56
1313404381 54
1313404441 53
1313404501 50
1313404562 50
1313404622 51
1313404681 49
1313404741 52
1313404801 53
1313404861 51
1313404921 53
1313404981 52
1313405041 56
1313405101 56
1313405162 56
1313405222 56
1313405281 57
1313405341 54
1313405401 54
1313405461 53
1313405521 54
1313405581 54
1313405641 50
1313405701 55
1313405761 56
1313405821 55
1313405882 55
1313405941 57
1313406001 58
1313406061 60
1313406121 57
1313406181 58
1313406241 57
1313406301 56
1313406361 55
1313406421 57
1313406482 57
1313406541 56
1313406601 54
1313406661 52
1313406721 53
1313406781 53
1313406841 52
1313406901 50
1313406962 52
1313407021 51
1313407081 51
1313407141 51
1313407201 53
1313407261 54
1313407321 52
1313407381 52
1313407441 50
1313407501 53
1313407562 51
1313407621 55
1313407681 55
1313407741 54
1313407801 53
1313407861 54
1313407921 51
1313407981 53
1313408041 51
1313408101 54
1313408162 56
1313408221 55
1313408281 54
1313408341 53
1313408401 54
1313408461 55
1313408521 53
1313408581 53
1313408641 54
1313408701 53
1313408761 54
1313408821 51
1313408881 52
1313408941 53
1313409001 54
1313409061 56
1313409121 58
1313409181 60
1313409241 57
1313409302 58
1313409362 59
1313409421 59
1313409481 61
1313409541 60
1313409601 59
1313409661 57
1313409721 60
1313409781 62
1313409841 63
1313409902 61
1313409961 61
1313410021 61
1313410081 62
1313410141 64
1313410201 62
1313410261 62
1313410321 61
1313410381 59
1313410441 62
1313410502 62
1313410561 62
1313410621 61
1313410681 63
1313410741 63
1313410801 63
1313410861 66
1313410921 63
1313410981 64
1313411041 64
1313411102 65
1313411161 65
1313411221 64
1313411281 63
1313411341 65
1313411401 64
1313411461 64
1313411521 65
1313411581 67
1313411642 67
1313411701 63
1313411761 69
1313411821 69
1313411881 72
1313411941 70
1313412001 71
1313412061 69
1313412121 70
1313412182 69
1313412241 73
1313412301 72
1313412361 69
1313412421 72
1313412481 69
1313412541 70
1313412601 74
1313412661 74
1313412721 77
1313412781 75
1313412841 79
1313412901 81
1313412961 80
1313413021 80
1313413081 77
1313413142 78
1313413201 81
1313413261 79
1313413321 76
1313413381 82
1313413441 80
1313413502 80
1313413561 82
1313413621 83
1313413681 82
1313413741 80
1313413801 79
1313413861 78
1313413921 77
1313413981 71
1313414041 76
1313414102 74
1313414161 75
1313414221 76
1313414281 75
1313414341 76
1313414401 75
1313414462 77
1313414522 76
1313414581 78
1313414641 75
1313414701 77
1313414761 72
1313414821 70
1313414881 78
1313414941 76
1313415002 77
1313415061 77
1313415121 79
1313415181 77
1313415241 75
1313415301 78
1313415361 78
1313415421 78
1313415481 77
1313415542 79
1313415601 77
1313415661 74
1313415721 74
1313415781 78
1313415841 77
1313415901 76
1313415961 75
1313416021 75
1313416081 77
1313416142 76
1313416201 76
1313416261 78
1313416321 76
1313416381 74
1313416441 75
1313416501 75
1313416561 74
1313416621 75
1313416682 75
1313416742 75
1313416801 75
1313416861 73
1313416921 74
1313416981 74
1313417041 73
1313417101 73
1313417161 74
1313417221 74
1313417282 71
1313417341 75
1313417401 74
1313417461 77
1313417521 74
1313417581 75
1313417641 73
1313417701 75
1313417761 77
1313417822 78
1313417881 78
1313417941 79
1313418001 80
1313418061 77
1313418121 80
1313418181 78
1313418241 81
1313418302 78
1313418362 83
1313418421 79
1313418481 77
1313418541 75
1313418601 77
1313418661 75
1313418721 78
1313418781 75
1313418841 74
1313418902 73
1313418961 71
1313419021 73
1313419081 71
1313419141 69
1313419201 65
1313419261 68
1313419321 66
1313419382 66
1313419441 63
1313419501 62
1313419561 66
1313419621 62
1313419681 64
1313419741 63
1313419801 62
1313419861 62
1313419921 60
1313419981 59
1313420042 58
1313420102 56
1313420161 55
1313420221 54
1313420281 57
1313420341 58
1313420401 58
1313420461 56
1313420521 57
1313420581 56
1313420641 53
1313420702 55
1313420761 53
1313420821 53
1313420881 51
1313420941 55
1313421001 55
1313421061 54
1313421121 53
1313421181 53
1313421241 53
1313421302 54
1313421361 52
1313421421 52
1313421481 52
1313421541 52
1313421601 52
1313421661 54
1313421721 53
1313421781 52
1313421842 52
1313421901 49
1313421962 47
1313422021 48
1313422081 46
1313422141 47
1313422201 47
1313422261 48
1313422321 51
1313422381 49
1313422441 51
1313422501 51
1313422562 47
1313422621 49
1313422681 48
1313422741 45
1313422801 45
1313422861 44
1313422921 47
1313422981 47
1313423041 46
1313423101 47
1313423161 49
1313423222 46
1313423281 47
1313423341 46
1313423401 48
1313423461 48
1313423521 43
1313423581 45
1313423641 45
1313423701 43
1313423761 45
1313423822 45
1313423881 44
1313423941 45
1313424001 43
