1318176061 52
1318176121 52
1318176181 51
1318176241 54
1318176301 55
1318176361 49
1318176422 54
1318176482 52
1318176541 54
1318176601 53
1318176661 53
1318176721 53
1318176781 52
1318176841 49
1318176901 50
1318176961 53
1318177021 53
1318177082 52
1318177142 50
1318177201 51
1318177261 51
1318177321 54
1318177381 52
1318177441 51
1318177501 48
1318177561 46
1318177621 44
1318177681 43
1318177741 41
1318177802 40
1318177861 40
1318177921 38
1318177981 37
1318178041 38
1318178101 38
1318178161 41
1318178221 40
1318178281 39
1318178341 38
1318178401 39
1318178462 38
1318178522 37
1318178581 40
1318178641 38
1318178701 38
1318178761 34
1318178821 37
1318178881 36
1318178941 38
1318179001 37
1318179061 36
1318179121 34
1318179182 31
1318179242 33
1318179301 29
1318179361 31
1318179421 30
1318179481 33
1318179541 34
1318179601 32
1318179661 32
1318179721 32
1318179781 32
1318179842 31
1318179902 35
1318179961 31
1318180022 32
1318180082 31
1318180141 31
1318180201 31
1318180261 31
1318180322 31
1318180382 30
1318180441 29
1318180501 27
1318180561 28
1318180621 27
1318180681 26
1318180741 27
1318180801 26
1318180861 27
1318180921 26
1318180982 27
1318181042 26
1318181101 26
1318181161 24
1318181221 25
1318181281 23
1318181341 24
1318181401 26
1318181461 24
1318181521 25
1318181581 23
1318181641 23
1318181702 23
1318181761 21
1318181821 20
1318181881 23
1318181941 19
1318182001 21
1318182061 22
1318182121 21
1318182181 22
1318182241 24
1318182302 23
1318182361 23
1318182421 23
1318182481 21
1318182541 25
1318182601 21
1318182661 25
1318182721 24
1318182781 24
1318182841 22
1318182901 22
1318182962 21
1318183021 21
1318183081 21
1318183141 20
1318183201 21
1318183261 20
1318183321 20
1318183381 15
1318183441 17
1318183501 16
1318183561 17
1318183621 13
1318183681 15
1318183741 16
1318183802 15
1318183861 16
1318183921 16
1318183981 16
1318184041 15
1318184101 16
1318184161 16
1318184221 16
1318184281 14
1318184341 14
1318184401 15
1318184462 14
1318184521 15
1318184581 15
1318184641 14
1318184701 14
1318184761 16
1318184821 16
1318184881 14
1318184941 14
1318185001 15
1318185062 16
1318185121 15
1318185181 16
1318185241 16
1318185301 15
1318185361 16
1318185421 16
1318185481 16
1318185541 16
1318185602 14
1318185661 15
1318185721 16
1318185781 15
1318185841 16
1318185901 15
1318185961 13
1318186021 16
1318186082 16
1318186141 14
1318186201 13
1318186261 12
1318186321 14
1318186381 14
1318186441 14
1318186501 14
1318186561 13
1318186622 13
1318186681 13
1318186741 14
1318186801 13
1318186861 13
1318186921 12
1318186981 13
1318187041 11
1318187102 13
1318187162 12
1318187221 13
1318187281 12
1318187341 12
1318187401 12
1318187461 11
1318187521 11
1318187581 11
1318187642 12
1318187701 10
1318187761 12
1318187821 12
1318187881 13
1318187941 12
1318188001 13
1318188061 12
1318188122 12
1318188181 10
1318188241 10
1318188301 12
1318188361 10
1318188421 11
1318188481 12
1318188541 13
1318188602 14
1318188662 15
1318188721 15
1318188781 15
1318188841 14
1318188901 13
1318188961 15
1318189021 13
1318189081 12
1318189141 13
1318189202 11
1318189261 11
1318189321 10
1318189381 11
1318189441 11
1318189501 10
1318189561 8
1318189621 11
1318189681 9
1318189742 8
1318189801 10
1318189861 9
1318189921 10
1318189981 9
1318190041 9
1318190101 9
1318190161 8
1318190221 6
1318190282 9
1318190341 7
1318190401 9
1318190461 8
1318190521 7
1318190581 8
1318190641 8
1318190701 8
1318190761 8
1318190822 7
1318190882 6
1318190941 8
1318191001 6
1318191061 8
1318191121 8
1318191181 7
1318191241 8
1318191301 8
1318191361 8
1318191422 8
1318191481 6
1318191541 6
1318191601 8
1318191661 6
1318191721 8
1318191781 8
1318191841 7
1318191901 8
1318191961 8
1318192022 8
1318192082 8
1318192141 7
1318192201 6
1318192261 7
1318192321 6
1318192381 8
1318192441 9
1318192501 8
1318192561 9
1318192622 9
1318192681 9
1318192741 8
1318192801 8
1318192861 7
1318192921 9
1318192981 7
1318193041 8
1318193101 8
1318193162 7
1318193221 8
1318193281 8
1318193341 8
1318193401 8
1318193461 7
1318193521 5
1318193581 7
1318193641 5
1318193702 7
1318193762 7
1318193821 7
1318193881 7
1318193941 7
1318194001 6
1318194061 7
1318194121 6
1318194181 5
1318194241 7
1318194302 5
1318194361 7
1318194421 6
1318194481 7
1318194541 7
1318194601 7
1318194661 6
1318194721 7
1318194781 7
1318194842 4
1318194901 7
1318194961 6
1318195021 7
1318195081 6
1318195141 7
1318195201 7
1318195261 7
1318195321 7
1318195381 8
1318195442 8
1318195501 5
1318195561 8
1318195621 6
1318195681 8
1318195741 7
1318195801 8
1318195861 8
1318195922 8
1318195982 8
1318196041 8
1318196101 8
1318196161 5
1318196221 9
1318196281 7
1318196341 9
1318196401 8
1318196461 10
1318196522 10
1318196581 9
1318196641 11
1318196701 11
1318196761 11
1318196821 7
1318196881 11
1318196941 9
1318197001 11
1318197061 9
1318197122 10
1318197181 9
1318197241 9
1318197301 10
1318197361 10
1318197421 10
1318197481 7
1318197541 10
1318197601 8
1318197661 11
1318197722 10
1318197781 11
1318197841 11
1318197901 9
1318197961 11
1318198021 11
1318198081 11
1318198141 9
1318198201 11
1318198262 9
1318198321 10
1318198381 9
1318198441 10
1318198501 11
1318198561 9
1318198621 12
1318198681 11
1318198741 12
1318198802 11
1318198862 12
1318198921 14
1318198981 14
1318199041 13
1318199101 14
1318199161 16
1318199221 15
1318199281 15
1318199342 14
1318199401 13
1318199461 12
1318199521 13
1318199581 15
1318199641 14
1318199701 13
1318199761 13
1318199821 14
1318199881 14
1318199942 13
1318200001 14
1318200061 14
1318200121 12
1318200181 11
1318200241 12
1318200302 11
1318200361 9
1318200421 11
1318200481 11
1318200541 11
1318200601 10
1318200661 11
1318200721 11
1318200782 9
1318200841 10
1318200901 10
1318200961 11
1318201021 6
1318201081 11
1318201141 11
1318201202 11
1318201262 10
1318201321 12
1318201381 12
1318201441 11
1318201501 12
1318201561 12
1318201621 13
1318201681 9
1318201742 15
1318201802 15
1318201861 14
1318201921 14
1318201981 15
1318202041 14
1318202101 12
1318202161 12
1318202221 13
1318202281 13
1318202342 9
1318202401 13
1318202461 13
1318202521 12
1318202581 13
1318202641 13
1318202701 13
1318202761 12
1318202821 12
1318202882 13
1318202942 10
1318203001 11
1318203061 14
1318203121 13
1318203181 13
1318203241 13
1318203301 15
1318203361 16
1318203421 14
1318203482 16
1318203542 18
1318203601 14
1318203661 15
1318203721 17
1318203781 17
1318203841 16
1318203901 14
1318203961 14
1318204021 14
1318204082 13
1318204141 14
1318204201 15
1318204261 13
1318204321 12
1318204381 14
1318204441 15
1318204501 15
1318204561 14
1318204621 18
1318204681 17
1318204742 17
1318204802 17
1318204861 20
1318204921 19
1318204981 18
1318205041 19
1318205101 20
1318205161 20
1318205221 17
1318205281 18
1318205342 21
1318205402 21
1318205461 20
1318205521 21
1318205581 22
1318205641 24
1318205701 22
1318205761 24
1318205821 23
1318205881 22
1318205942 21
1318206002 24
1318206061 24
1318206121 23
1318206181 23
1318206241 23
1318206301 26
1318206361 24
1318206421 26
1318206481 26
1318206542 24
1318206602 23
1318206661 24
1318206721 25
1318206781 25
1318206841 26
1318206901 26
1318206961 28
1318207021 27
1318207081 28
1318207142 28
1318207202 28
1318207261 26
1318207321 29
1318207381 29
1318207441 28
1318207501 30
1318207561 30
1318207621 32
1318207681 31
1318207742 32
1318207801 30
1318207861 32
1318207921 29
1318207981 31
1318208041 28
1318208101 31
1318208161 38
1318208221 36
1318208281 40
1318208342 40
1318208401 42
1318208461 43
1318208521 42
1318208581 43
1318208641 43
1318208701 41
1318208761 38
1318208821 42
1318208881 39
1318208942 43
1318209001 41
1318209061 41
1318209121 43
1318209181 42
1318209241 42
1318209301 41
1318209361 41
1318209421 40
1318209481 42
1318209542 40
1318209601 42
1318209661 41
1318209721 40
1318209781 42
1318209841 42
1318209901 45
1318209961 43
1318210021 46
1318210081 45
1318210142 42
1318210201 42
1318210261 43
1318210321 43
1318210381 45
1318210441 45
1318210501 42
1318210561 43
1318210621 42
1318210681 45
1318210741 46
1318210802 48
1318210861 47
1318210921 48
1318210981 49
1318211041 49
1318211101 48
1318211161 51
1318211221 50
1318211281 50
1318211341 50
1318211401 52
1318211462 56
1318211521 58
1318211581 57
1318211641 57
1318211701 58
1318211761 56
1318211821 57
1318211881 59
1318211941 58
1318212001 55
1318212062 52
1318212122 54
1318212181 54
1318212241 55
1318212301 56
1318212361 55
1318212421 54
1318212481 54
1318212541 55
1318212601 56
1318212661 53
1318212721 53
1318212782 54
1318212842 56
1318212901 56
1318212961 56
1318213021 56
1318213081 55
1318213141 57
1318213201 58
1318213261 58
1318213321 56
1318213381 58
1318213441 57
1318213502 56
1318213561 59
1318213621 57
1318213681 58
1318213741 57
1318213801 59
1318213861 60
1318213921 59
1318213981 54
1318214041 55
1318214102 57
1318214161 55
1318214221 57
1318214281 57
1318214341 56
1318214401 59
1318214461 59
1318214521 58
1318214581 57
1318214642 59
1318214702 60
1318214761 58
1318214821 63
1318214881 64
1318214941 65
1318215001 60
1318215061 61
1318215121 66
1318215181 65
1318215241 66
1318215302 63
1318215361 65
1318215421 61
1318215481 62
1318215541 64
1318215601 63
1318215661 64
1318215721 61
1318215781 65
1318215842 64
1318215902 65
1318215961 66
1318216021 66
1318216081 65
1318216141 65
1318216201 66
1318216261 63
1318216321 65
1318216381 66
1318216441 69
1318216502 66
1318216561 68
1318216621 65
1318216681 66
1318216741 66
1318216801 64
1318216861 69
1318216921 69
1318216981 69
1318217042 69
1318217101 68
1318217161 68
1318217221 70
1318217281 71
1318217341 70
1318217401 72
1318217461 72
1318217521 71
1318217582 69
1318217642 67
1318217701 66
1318217761 64
1318217821 66
1318217881 64
1318217941 62
1318218001 63
1318218061 63
1318218121 63
1318218181 62
1318218241 64
1318218301 65
1318218362 61
1318218421 60
1318218481 61
1318218541 63
1318218601 63
1318218661 62
1318218721 63
1318218781 62
1318218841 60
1318218901 60
1318218961 60
1318219022 57
1318219081 57
1318219141 55
1318219201 55
1318219261 52
1318219321 56
1318219381 56
1318219441 55
1318219501 58
1318219561 58
1318219621 59
1318219682 58
1318219741 61
1318219801 62
1318219861 62
1318219921 61
1318219981 61
1318220041 62
1318220101 62
1318220161 62
1318220221 61
1318220282 60
1318220342 61
1318220401 60
1318220461 59
1318220521 56
1318220581 57
1318220641 57
1318220701 55
1318220761 57
1318220821 58
1318220881 57
1318220941 56
1318221002 59
1318221061 59
1318221121 58
1318221181 55
1318221241 58
1318221301 61
1318221361 62
1318221421 62
1318221481 62
1318221541 61
1318221601 60
1318221661 60
1318221722 61
1318221782 58
1318221841 55
1318221901 57
1318221961 55
1318222021 55
1318222081 54
1318222141 55
1318222201 55
1318222261 55
1318222322 59
1318222381 62
1318222441 59
1318222501 58
1318222561 61
1318222621 62
1318222681 59
1318222741 59
1318222801 59
1318222861 63
1318222921 62
1318222982 63
1318223041 64
1318223101 62
1318223161 61
1318223221 63
1318223281 63
1318223341 62
1318223401 61
1318223461 60
1318223521 60
1318223581 59
1318223642 59
1318223701 57
1318223761 58
1318223821 57
1318223881 59
1318223941 59
1318224001 59
1318224061 58
1318224121 59
1318224181 60
1318224242 60
1318224302 61
1318224361 60
1318224421 61
1318224481 62
1318224541 59
1318224601 61
1318224661 62
1318224721 61
1318224781 62
1318224842 59
1318224901 60
1318224961 60
1318225021 59
1318225081 58
1318225141 58
1318225201 59
1318225261 59
1318225321 59
1318225381 58
1318225442 59
1318225501 60
1318225561 59
1318225621 61
1318225681 62
1318225741 61
1318225801 61
1318225861 61
1318225921 57
1318225981 58
1318226042 59
1318226102 59
1318226161 61
1318226221 57
1318226281 60
1318226341 62
1318226401 59
1318226461 58
1318226521 62
1318226582 64
1318226641 63
1318226701 63
1318226761 61
1318226821 64
1318226881 64
1318226941 65
1318227001 65
1318227061 64
1318227121 62
1318227182 62
1318227242 63
1318227301 65
1318227361 62
1318227421 63
1318227481 64
1318227541 63
1318227601 64
1318227661 63
1318227721 62
1318227781 61
1318227842 60
1318227902 62
1318227961 63
1318228021 63
1318228081 64
1318228141 62
1318228201 60
1318228261 59
1318228321 57
1318228381 60
1318228441 63
1318228502 62
1318228561 59
1318228621 58
1318228681 54
1318228741 59
1318228801 59
1318228861 59
1318228921 61
1318228981 61
1318229041 61
1318229101 59
1318229162 61
1318229221 62
1318229281 63
1318229341 65
1318229401 66
1318229461 67
1318229521 65
1318229581 67
1318229641 70
1318229701 71
1318229762 71
1318229822 68
1318229881 68
1318229941 62
1318230001 65
1318230061 65
1318230121 66
1318230181 64
1318230241 68
1318230301 68
1318230362 67
1318230422 70
1318230481 72
1318230541 72
1318230601 73
1318230661 74
1318230721 74
1318230781 70
1318230841 68
1318230901 69
1318230961 70
1318231022 70
1318231081 74
1318231141 76
1318231201 75
1318231261 80
1318231321 81
1318231381 83
1318231441 82
1318231501 81
1318231561 84
1318231622 81
1318231682 80
1318231741 78
1318231801 76
1318231861 73
1318231921 72
1318231981 71
1318232041 71
1318232101 70
1318232161 71
1318232221 74
1318232282 70
1318232341 75
1318232401 75
1318232461 75
1318232521 76
1318232581 76
1318232641 75
1318232701 74
1318232761 69
1318232822 66
1318232881 64
1318232941 63
1318233001 65
1318233061 63
1318233121 68
1318233181 68
1318233241 69
1318233301 68
1318233361 68
1318233422 69
1318233482 71
1318233541 70
1318233601 75
1318233661 77
1318233721 76
1318233781 76
1318233841 75
1318233901 77
1318233961 78
1318234022 77
1318234082 82
1318234141 80
1318234201 81
1318234261 79
1318234321 74
1318234381 73
1318234441 76
1318234501 75
1318234561 77
1318234622 79
1318234682 73
1318234741 76
1318234801 72
1318234861 77
1318234921 76
1318234981 76
1318235041 76
1318235101 75
1318235161 76
1318235222 75
1318235281 77
1318235341 76
1318235401 81
1318235461 76
1318235521 78
1318235581 78
1318235641 77
1318235701 78
1318235761 77
1318235821 76
1318235882 75
1318235941 74
1318236001 72
1318236061 75
1318236121 74
1318236181 73
1318236241 73
1318236301 76
1318236361 74
1318236421 76
1318236481 77
1318236542 76
1318236602 76
1318236661 75
1318236721 76
1318236781 77
1318236841 77
1318236901 80
1318236961 80
1318237022 81
1318237082 82
1318237141 82
1318237201 82
1318237261 81
1318237321 85
1318237381 84
1318237441 84
1318237501 79
1318237561 78
1318237622 77
1318237682 78
1318237741 79
1318237801 75
1318237861 76
1318237921 77
1318237981 77
1318238041 76
1318238101 80
1318238161 80
1318238221 85
1318238282 85
1318238342 83
1318238401 82
1318238461 78
1318238521 73
1318238581 74
1318238641 74
1318238701 72
1318238761 71
1318238821 71
1318238881 73
1318238941 72
1318239002 72
1318239061 72
1318239121 70
1318239181 70
1318239241 71
1318239301 70
1318239361 71
1318239421 70
1318239481 70
1318239542 70
1318239602 68
1318239661 71
1318239721 75
1318239781 75
1318239841 71
1318239901 72
1318239961 71
1318240021 69
1318240081 72
1318240142 71
1318240201 70
1318240261 72
1318240321 68
1318240381 71
1318240441 71
1318240501 69
1318240561 71
1318240621 71
1318240681 70
1318240742 71
1318240802 75
1318240861 72
1318240921 74
1318240981 73
1318241041 72
1318241101 75
1318241161 72
1318241221 71
1318241281 71
1318241341 72
1318241402 72
1318241461 70
1318241521 70
1318241581 71
1318241641 73
1318241701 70
1318241761 69
1318241821 68
1318241881 68
1318241941 66
1318242001 68
1318242062 69
1318242121 70
1318242181 69
1318242241 69
1318242301 68
1318242361 67
1318242421 67
1318242481 63
1318242541 63
1318242601 63
1318242662 67
1318242722 68
1318242781 68
1318242841 71
1318242901 70
1318242961 73
1318243021 73
1318243081 75
1318243141 77
1318243201 73
1318243262 72
1318243321 72
1318243381 72
1318243441 69
1318243501 70
1318243561 72
1318243621 73
1318243681 69
1318243741 68
1318243801 68
1318243862 65
1318243921 68
1318243981 67
1318244041 71
1318244101 70
1318244161 71
1318244221 70
1318244281 71
1318244341 70
1318244401 71
1318244461 74
1318244522 73
1318244581 74
1318244641 73
1318244701 73
1318244761 71
1318244821 72
1318244881 73
1318244941 74
1318245001 71
1318245061 75
1318245121 72
1318245182 76
1318245241 78
1318245301 77
1318245361 78
1318245421 77
1318245481 74
1318245541 73
1318245601 77
1318245661 74
1318245721 71
1318245781 68
1318245842 69
1318245901 72
1318245961 73
1318246021 72
1318246081 72
1318246141 72
1318246201 72
1318246261 73
1318246321 73
1318246381 75
1318246441 75
1318246502 74
1318246561 76
1318246621 78
1318246681 76
1318246741 73
1318246801 76
1318246861 75
1318246921 71
1318246981 69
1318247041 69
1318247102 73
1318247162 72
1318247221 75
1318247281 77
1318247341 76
1318247401 73
1318247461 76
1318247521 78
1318247581 79
1318247641 78
1318247701 73
1318247762 73
1318247821 72
1318247881 73
1318247941 72
1318248001 71
1318248061 68
1318248121 65
1318248181 65
1318248241 67
1318248301 69
1318248362 70
1318248421 70
1318248481 71
1318248541 72
1318248601 71
1318248661 74
1318248721 74
1318248781 71
1318248841 73
1318248901 71
1318248961 73
1318249022 72
1318249081 71
1318249141 73
1318249201 72
1318249261 76
1318249321 77
1318249381 81
1318249441 81
1318249501 83
1318249561 83
1318249621 79
1318249681 85
1318249741 85
1318249802 85
1318249861 83
1318249921 85
1318249981 83
1318250041 81
1318250101 81
1318250161 81
1318250221 84
1318250281 80
1318250341 82
1318250402 81
1318250461 80
1318250521 77
1318250581 78
1318250641 80
1318250701 81
1318250761 80
1318250821 82
1318250881 85
1318250942 84
1318251001 82
1318251061 87
1318251121 87
1318251181 83
1318251241 83
1318251301 85
1318251361 86
1318251421 86
1318251482 83
1318251541 87
1318251601 87
1318251661 83
1318251721 86
1318251781 83
1318251841 80
1318251901 81
1318251961 83
1318252021 82
1318252081 82
1318252142 83
1318252201 84
1318252261 86
1318252321 86
1318252381 88
1318252441 89
1318252501 88
1318252561 88
1318252621 88
1318252681 89
1318252741 89
1318252802 92
1318252862 95
1318252921 96
1318252981 99
1318253041 99
1318253101 97
1318253161 95
1318253221 95
1318253281 94
1318253341 96
1318253401 94
1318253462 89
1318253522 87
1318253581 84
1318253641 84
1318253701 85
1318253761 88
1318253821 87
1318253881 88
1318253941 84
1318254001 84
1318254061 89
1318254121 89
1318254182 91
1318254241 91
1318254301 88
1318254361 86
1318254421 85
1318254481 82
1318254541 87
1318254601 86
1318254661 83
1318254721 82
1318254782 80
1318254841 82
1318254901 86
1318254961 86
1318255021 86
1318255081 88
1318255141 82
1318255201 85
1318255261 81
1318255321 81
1318255381 77
1318255442 75
1318255501 75
1318255561 76
1318255621 75
1318255681 74
1318255741 78
1318255801 77
1318255861 72
1318255921 76
1318255981 74
1318256042 76
1318256101 75
1318256161 74
1318256221 75
1318256281 73
1318256341 72
1318256401 73
1318256461 77
1318256521 75
1318256581 78
1318256641 75
1318256702 71
1318256762 74
1318256821 72
1318256881 71
1318256941 73
1318257001 72
1318257061 73
1318257121 74
1318257181 75
1318257241 73
1318257301 78
1318257361 75
1318257422 79
1318257482 80
1318257541 78
1318257601 80
1318257661 80
1318257721 78
1318257781 81
1318257841 77
1318257901 76
1318257961 72
1318258021 70
1318258081 69
1318258141 70
1318258202 68
1318258261 69
1318258321 70
1318258381 68
1318258441 69
1318258501 69
1318258561 69
1318258621 68
1318258681 68
1318258742 64
1318258802 64
1318258861 61
1318258921 56
1318258981 56
1318259041 54
1318259101 50
1318259161 52
1318259221 50
1318259281 51
1318259341 52
1318259402 52
1318259462 51
1318259521 50
1318259581 51
1318259641 48
1318259701 51
1318259761 54
1318259821 53
1318259881 50
1318259942 51
1318260001 51
1318260061 52
1318260121 53
1318260181 53
1318260241 57
1318260301 56
1318260361 53
1318260421 59
1318260481 60
1318260541 58
1318260602 59
1318260661 59
1318260721 59
1318260781 59
1318260841 56
1318260901 56
1318260961 57
1318261021 54
1318261081 53
1318261141 53
1318261201 53
1318261262 53
1318261321 55
1318261381 50
1318261441 52
1318261501 50
1318261561 51
1318261621 51
1318261681 51
1318261742 52
1318261801 52
1318261861 51
1318261921 48
1318261981 48
1318262041 48
1318262101 48
1318262161 45
1318262221 49
1318262281 50
1318262341 47
1318262402 45
