1313769601 40
1313769661 38
1313769722 39
1313769782 39
1313769841 38
1313769901 37
1313769961 38
1313770021 37
1313770081 36
1313770141 35
1313770201 34
1313770262 35
1313770321 32
1313770381 32
1313770441 32
1313770501 32
1313770561 31
1313770621 33
1313770681 33
1313770741 33
1313770802 33
1313770862 33
1313770921 34
1313770981 34
1313771041 32
1313771101 31
1313771161 33
1313771221 30
1313771281 30
1313771341 30
1313771402 30
1313771461 29
1313771521 28
1313771581 27
1313771641 26
1313771701 25
1313771761 24
1313771821 27
1313771881 27
1313771943 28
1313772001 28
1313772061 28
1313772121 26
1313772181 26
1313772241 27
1313772301 27
1313772361 25
1313772421 23
1313772481 24
1313772541 24
1313772602 24
1313772661 25
1313772721 25
1313772781 20
1313772841 23
1313772901 21
1313772961 22
1313773021 22
1313773081 20
1313773142 22
1313773201 22
1313773261 20
1313773321 21
1313773382 21
1313773441 20
1313773501 21
1313773561 20
1313773622 20
1313773681 18
1313773741 19
1313773801 19
1313773861 20
1313773921 18
1313773981 20
1313774041 19
1313774101 19
1313774161 18
1313774222 18
1313774281 18
1313774341 16
1313774401 16
1313774461 17
1313774522 17
1313774581 16
1313774641 17
1313774701 16
1313774761 15
1313774821 15
1313774881 16
1313774941 16
1313775001 15
1313775061 14
1313775122 16
1313775181 16
1313775241 14
1313775301 16
1313775361 16
1313775421 15
1313775481 15
1313775541 15
1313775601 16
1313775661 16
1313775722 14
1313775781 16
1313775841 16
1313775901 14
1313775961 15
1313776021 16
1313776081 17
1313776141 17
1313776201 17
1313776261 16
1313776321 17
1313776382 17
1313776441 18
1313776501 17
1313776561 17
1313776621 17
1313776681 17
1313776741 15
1313776801 16
1313776862 16
1313776921 15
1313776981 13
1313777041 14
1313777101 15
1313777161 13
1313777221 15
1313777281 14
1313777341 15
1313777402 15
1313777461 16
1313777521 16
1313777581 16
1313777641 16
1313777701 15
1313777761 16
1313777821 16
1313777881 16
1313777941 15
1313778002 16
1313778061 16
1313778121 15
1313778181 15
1313778241 15
1313778301 15
1313778361 14
1313778421 14
1313778481 13
1313778541 14
1313778601 13
1313778662 14
1313778721 14
1313778781 13
1313778841 11
1313778901 13
1313778961 13
1313779021 12
1313779081 14
1313779141 14
1313779202 13
1313779262 14
1313779321 15
1313779381 15
1313779441 15
1313779501 13
1313779561 15
1313779621 13
1313779681 13
1313779741 14
1313779802 14
1313779861 12
1313779921 13
1313779981 13
1313780041 13
1313780101 13
1313780161 12
1313780221 13
1313780281 12
1313780342 12
1313780401 13
1313780461 13
1313780521 11
1313780581 13
1313780641 13
1313780701 13
1313780761 13
1313780821 12
1313780882 13
1313780941 12
1313781001 11
1313781061 13
1313781121 12
1313781181 12
1313781241 14
1313781301 14
1313781361 14
1313781422 14
1313781482 14
1313781541 14
1313781601 13
1313781661 13
1313781721 14
1313781781 14
1313781841 14
1313781901 14
1313781962 14
1313782021 15
1313782081 14
1313782141 15
1313782201 15
1313782261 13
1313782321 15
1313782381 14
1313782441 15
1313782502 16
1313782562 15
1313782621 15
1313782681 14
1313782741 13
1313782801 14
1313782861 13
1313782921 13
1313782981 14
1313783042 13
1313783101 13
1313783161 14
1313783221 14
1313783281 14
1313783341 13
1313783401 12
1313783461 14
1313783521 12
1313783582 13
1313783641 14
1313783701 13
1313783761 14
1313783821 14
1313783881 14
1313783941 14
1313784001 14
1313784061 13
1313784122 14
1313784181 11
1313784241 13
1313784301 13
1313784361 13
1313784421 14
1313784481 14
1313784541 14
1313784601 14
1313784661 14
1313784721 13
1313784782 14
1313784841 11
1313784901 13
1313784961 12
1313785021 13
1313785081 13
1313785141 13
1313785201 13
1313785261 12
1313785321 12
1313785382 12
1313785441 13
1313785501 11
1313785561 13
1313785621 13
1313785681 13
1313785741 13
1313785801 13
1313785861 13
1313785922 12
1313785981 12
1313786041 12
1313786101 13
1313786161 11
1313786221 11
1313786281 13
1313786341 13
1313786401 13
1313786462 13
1313786521 13
1313786581 13
1313786641 12
1313786701 11
1313786761 13
1313786821 13
1313786881 11
1313786941 13
1313787002 13
1313787061 13
1313787121 12
1313787181 13
1313787241 13
1313787301 12
1313787361 12
1313787421 12
1313787481 12
1313787541 11
1313787602 13
1313787662 13
1313787721 12
1313787781 13
1313787841 13
1313787901 13
1313787961 11
1313788021 12
1313788081 12
1313788141 13
1313788201 11
1313788262 13
1313788321 13
1313788381 13
1313788441 13
1313788501 12
1313788561 13
1313788621 10
1313788681 12
1313788741 12
1313788802 13
1313788861 11
1313788921 13
1313788981 12
1313789041 13
1313789101 13
1313789161 12
1313789221 12
1313789281 12
1313789341 12
1313789402 12
1313789461 13
1313789521 12
1313789581 13
1313789641 13
1313789701 13
1313789761 13
1313789821 12
1313789881 13
1313789941 12
1313790002 13
1313790061 12
1313790121 12
1313790181 12
1313790241 13
1313790301 13
1313790361 13
1313790421 13
1313790481 10
1313790541 13
1313790602 12
1313790661 13
1313790721 13
1313790781 13
1313790841 12
1313790901 14
1313790961 14
1313791021 14
1313791081 14
1313791142 12
1313791202 14
1313791261 14
1313791322 14
1313791381 15
1313791441 15
1313791501 14
1313791561 15
1313791621 15
1313791681 15
1313791741 16
1313791801 14
1313791861 15
1313791922 16
1313791981 15
1313792041 14
1313792101 15
1313792161 14
1313792221 15
1313792281 14
1313792341 14
1313792401 16
1313792462 14
1313792521 15
1313792581 16
1313792641 16
1313792701 15
1313792761 16
1313792821 16
1313792881 18
1313792941 18
1313793002 15
1313793061 17
1313793121 17
1313793181 18
1313793241 18
1313793301 17
1313793362 17
1313793422 17
1313793481 17
1313793541 17
1313793601 16
1313793661 14
1313793721 15
1313793781 15
1313793841 16
1313793901 17
1313793961 17
1313794022 16
1313794081 17
1313794141 17
1313794201 17
1313794261 18
1313794321 16
1313794381 18
1313794441 16
1313794502 18
1313794562 17
1313794621 17
1313794681 16
1313794741 16
1313794801 17
1313794861 16
1313794921 16
1313794981 15
1313795041 18
1313795101 18
1313795161 20
1313795222 21
1313795281 19
1313795341 19
1313795401 20
1313795461 20
1313795521 19
1313795581 16
1313795641 17
1313795701 19
1313795762 19
1313795821 21
1313795881 21
1313795941 20
1313796001 20
1313796061 22
1313796121 22
1313796181 22
1313796241 19
1313796302 19
1313796362 21
1313796421 20
1313796481 20
1313796541 20
1313796601 20
1313796661 20
1313796721 21
1313796781 22
1313796841 22
1313796902 20
1313796961 22
1313797021 25
1313797081 25
1313797141 26
1313797201 25
1313797261 28
1313797321 27
1313797381 26
1313797441 25
1313797502 25
1313797561 22
1313797621 26
1313797681 27
1313797741 26
1313797801 27
1313797861 26
1313797921 26
1313797981 29
1313798042 29
1313798101 30
1313798161 30
1313798221 30
1313798281 30
1313798341 31
1313798401 32
1313798461 32
1313798522 33
1313798582 31
1313798641 33
1313798701 31
1313798761 30
1313798821 29
1313798881 33
1313798941 33
1313799001 33
1313799061 35
1313799122 37
1313799181 36
1313799241 37
1313799301 36
1313799361 36
1313799421 34
1313799481 31
1313799541 34
1313799601 34
1313799662 29
1313799721 31
1313799781 31
1313799841 30
1313799901 32
1313799961 34
1313800021 33
1313800081 34
1313800141 34
1313800201 35
1313800262 36
1313800321 36
1313800381 38
1313800441 37
1313800501 39
1313800561 37
1313800621 37
1313800681 38
1313800742 41
1313800802 41
1313800861 42
1313800921 41
1313800981 40
1313801041 41
1313801101 41
1313801161 42
1313801221 41
1313801282 39
1313801341 39
1313801401 42
1313801461 42
1313801521 40
1313801581 42
1313801641 42
1313801701 43
1313801761 42
1313801822 41
1313801881 42
1313801941 39
1313802001 41
1313802061 43
1313802121 44
1313802181 42
1313802241 45
1313802302 46
1313802361 45
1313802421 45
1313802481 45
1313802541 43
1313802601 41
1313802661 40
1313802721 44
1313802782 44
1313802841 46
1313802901 49
1313802961 50
1313803021 49
1313803081 51
1313803141 53
1313803201 53
1313803261 57
1313803322 60
1313803381 62
1313803441 60
1313803501 58
1313803561 63
1313803621 64
1313803681 65
1313803741 64
1313803801 63
1313803862 59
1313803921 60
1313803981 58
1313804041 59
1313804101 62
1313804161 60
1313804221 62
1313804281 57
1313804342 61
1313804402 63
1313804461 63
1313804521 58
1313804581 66
1313804641 64
1313804701 60
1313804761 63
1313804821 63
1313804881 63
1313804942 59
1313805001 59
1313805061 61
1313805121 58
1313805181 59
1313805241 60
1313805301 61
1313805361 61
1313805421 60
1313805482 65
1313805542 64
1313805601 64
1313805661 62
1313805721 65
1313805781 63
1313805841 63
1313805901 61
1313805961 64
1313806021 65
1313806082 65
1313806142 65
1313806201 66
1313806261 68
1313806321 66
1313806381 70
1313806441 71
1313806501 70
1313806561 69
1313806622 71
1313806681 71
1313806741 71
1313806801 71
1313806861 72
1313806921 74
1313806981 73
1313807041 75
1313807101 73
1313807162 71
1313807222 74
1313807281 73
1313807341 73
1313807401 75
1313807461 75
1313807521 72
1313807581 69
1313807641 74
1313807701 76
1313807762 78
1313807821 79
1313807881 81
1313807941 80
1313808001 78
1313808061 81
1313808121 81
1313808181 83
1313808242 79
1313808302 78
1313808361 79
1313808421 80
1313808481 81
1313808541 83
1313808601 83
1313808661 81
1313808721 81
1313808782 79
1313808842 81
1313808901 80
1313808961 78
1313809021 80
1313809081 82
1313809141 82
1313809201 83
1313809261 79
1313809321 81
1313809382 78
1313809441 79
1313809501 79
1313809561 79
1313809621 80
1313809681 80
1313809741 79
1313809801 78
1313809861 81
1313809922 80
1313809981 79
1313810041 75
1313810101 82
1313810161 79
1313810221 80
1313810281 80
1313810341 80
1313810402 84
1313810462 81
1313810521 82
1313810581 83
1313810641 82
1313810701 82
1313810761 83
1313810821 77
1313810881 80
1313810941 84
1313811002 81
1313811061 84
1313811121 85
1313811181 86
1313811241 82
1313811301 81
1313811361 81
1313811421 81
1313811481 82
1313811542 80
1313811601 81
1313811661 77
1313811721 78
1313811781 78
1313811841 77
1313811901 75
1313811961 78
1313812021 76
1313812082 73
1313812141 69
1313812201 69
1313812261 68
1313812321 68
1313812381 67
1313812441 70
1313812501 67
1313812562 67
1313812621 63
1313812681 62
1313812741 64
1313812801 60
1313812861 63
1313812921 62
1313812981 62
1313813041 60
1313813102 61
1313813161 60
1313813221 59
1313813281 62
1313813341 61
1313813401 60
1313813461 59
1313813521 58
1313813581 61
1313813642 60
1313813701 59
1313813761 58
1313813821 60
1313813881 60
1313813941 60
1313814001 61
1313814061 59
1313814121 58
1313814181 55
1313814242 57
1313814301 58
1313814361 58
1313814421 59
1313814481 60
1313814541 60
1313814601 59
1313814661 57
1313814722 56
1313814782 58
1313814841 58
1313814901 56
1313814961 55
1313815021 54
1313815081 59
1313815141 59
1313815202 60
1313815262 58
1313815322 60
1313815381 60
1313815441 61
1313815501 59
1313815561 57
1313815621 55
1313815681 53
1313815741 56
1313815801 54
1313815862 56
1313815921 55
1313815981 57
1313816041 54
1313816101 55
1313816161 56
1313816221 53
1313816281 54
1313816341 54
1313816402 54
1313816461 54
1313816521 54
1313816581 54
1313816641 55
1313816701 54
1313816761 53
1313816821 52
1313816881 49
1313816942 55
1313817001 55
1313817061 54
1313817121 54
1313817181 55
1313817241 55
1313817301 58
1313817361 57
1313817421 59
1313817482 56
1313817542 54
1313817601 57
1313817661 56
1313817721 54
1313817781 55
1313817841 55
1313817901 54
1313817961 53
1313818022 57
1313818081 57
1313818141 57
1313818201 58
1313818261 58
1313818321 56
1313818381 53
1313818441 57
1313818501 55
1313818561 57
1313818622 51
1313818682 49
1313818741 53
1313818801 53
1313818861 52
1313818921 50
1313818981 52
1313819041 52
1313819101 52
1313819161 52
1313819222 53
1313819282 54
1313819341 47
1313819401 50
1313819461 53
1313819521 53
1313819581 49
1313819641 52
1313819701 53
1313819761 52
1313819821 52
1313819882 54
1313819941 52
1313820001 51
1313820061 53
1313820121 53
1313820181 52
1313820241 54
1313820301 58
1313820361 59
1313820422 59
1313820481 57
1313820541 60
1313820601 57
1313820661 56
1313820721 59
1313820781 58
1313820841 57
1313820902 57
1313820961 60
1313821021 56
1313821081 57
1313821141 57
1313821201 56
1313821261 59
1313821321 59
1313821381 60
1313821442 58
1313821501 57
1313821561 58
1313821621 61
1313821681 61
1313821741 59
1313821801 58
1313821861 61
1313821921 62
1313821982 62
1313822041 62
1313822101 61
1313822161 60
1313822221 62
1313822281 62
1313822341 60
1313822401 61
1313822462 54
1313822521 58
1313822581 59
1313822641 58
1313822701 59
1313822761 59
1313822821 60
1313822881 59
1313822941 62
1313823002 61
1313823061 58
1313823121 56
1313823181 60
1313823241 58
1313823301 57
1313823361 56
1313823421 57
1313823481 59
1313823542 57
1313823601 57
1313823661 61
1313823721 58
1313823781 59
1313823841 56
1313823901 59
1313823961 59
1313824021 61
1313824081 60
1313824142 59
1313824201 60
1313824261 60
1313824321 59
1313824381 58
1313824441 59
1313824501 58
1313824561 57
1313824621 56
1313824681 55
1313824742 55
1313824802 54
1313824861 55
1313824921 57
1313824981 58
1313825041 57
1313825101 54
1313825161 56
1313825221 53
1313825282 55
1313825341 52
1313825401 54
1313825461 54
1313825521 52
1313825581 51
1313825641 52
1313825701 54
1313825761 52
1313825822 53
1313825881 54
1313825941 55
1313826001 53
1313826061 53
1313826121 55
1313826181 54
1313826242 55
1313826302 54
1313826361 52
1313826421 53
1313826481 52
1313826541 53
1313826601 55
1313826661 55
1313826721 54
1313826782 53
1313826841 55
1313826901 55
1313826961 55
1313827021 52
1313827081 54
1313827141 53
1313827202 53
1313827262 53
1313827321 52
1313827381 54
1313827441 52
1313827501 53
1313827561 53
1313827621 53
1313827681 54
1313827741 57
1313827802 55
1313827861 55
1313827921 58
1313827981 59
1313828041 61
1313828101 62
1313828162 62
1313828221 62
1313828281 56
1313828341 56
1313828401 59
1313828461 57
1313828521 53
1313828581 53
1313828641 53
1313828702 55
1313828761 55
1313828821 55
1313828881 56
1313828941 55
1313829001 56
1313829061 54
1313829121 56
1313829181 55
1313829242 54
1313829301 53
1313829361 55
1313829421 53
1313829481 53
1313829541 54
1313829601 53
1313829661 55
1313829722 56
1313829781 55
1313829841 55
1313829901 55
1313829961 54
1313830021 54
1313830081 57
1313830141 55
1313830201 53
1313830261 53
1313830321 56
1313830381 56
1313830441 51
1313830501 54
1313830561 56
1313830621 56
1313830682 52
1313830741 54
1313830801 54
1313830861 52
1313830921 53
1313830981 53
1313831041 53
1313831102 48
1313831162 47
1313831221 48
1313831281 49
1313831341 46
1313831401 48
1313831461 49
1313831521 51
1313831581 52
1313831641 52
1313831702 52
1313831761 48
1313831821 51
1313831881 50
1313831941 50
1313832001 48
1313832061 49
1313832121 45
1313832181 46
1313832242 48
1313832301 49
1313832361 49
1313832421 51
1313832481 52
1313832541 51
1313832601 49
1313832661 50
1313832722 48
1313832781 46
1313832841 47
1313832901 46
1313832961 44
1313833021 45
1313833081 45
1313833142 47
1313833202 46
1313833261 45
1313833321 45
1313833381 44
1313833441 44
1313833501 46
1313833561 44
1313833622 43
1313833682 41
1313833741 40
1313833801 41
1313833861 40
1313833921 38
1313833981 40
1313834041 42
1313834102 42
1313834162 43
1313834221 41
1313834281 42
1313834341 42
1313834401 41
1313834461 40
1313834521 41
1313834581 39
1313834642 35
1313834701 36
1313834761 37
1313834821 37
1313834881 39
1313834941 37
1313835001 40
1313835061 39
1313835121 41
1313835182 40
1313835241 44
1313835301 41
1313835361 43
1313835421 39
1313835481 40
1313835541 41
1313835601 40
1313835661 40
1313835722 40
1313835781 39
1313835841 37
1313835901 37
1313835961 36
1313836021 33
1313836081 36
1313836141 35
1313836201 34
1313836262 33
1313836321 34
1313836381 34
1313836441 33
1313836501 35
1313836561 33
1313836621 34
1313836681 30
1313836741 32
1313836802 32
1313836861 34
1313836921 30
1313836981 33
1313837041 31
1313837101 29
1313837161 31
1313837221 31
1313837281 33
1313837342 31
1313837401 33
1313837461 30
1313837521 33
1313837581 30
1313837641 32
1313837701 32
1313837761 32
1313837822 31
1313837881 30
1313837941 29
1313838001 28
1313838061 30
1313838121 28
1313838181 29
1313838241 27
1313838301 28
1313838362 28
1313838421 29
1313838481 28
1313838541 30
1313838601 28
1313838661 31
1313838721 31
1313838781 31
1313838841 29
1313838901 28
1313838962 30
1313839021 28
1313839081 30
1313839141 29
1313839201 31
1313839261 29
1313839321 29
1313839381 30
1313839442 28
1313839502 29
1313839561 27
1313839621 28
1313839681 26
1313839741 28
1313839801 28
1313839861 26
1313839921 25
1313839981 28
1313840042 31
1313840101 30
1313840161 30
1313840221 30
1313840281 33
1313840341 30
1313840401 33
1313840461 35
1313840521 32
1313840582 31
1313840641 29
1313840701 30
1313840761 29
1313840821 29
1313840881 30
1313840941 31
1313841001 32
1313841061 32
1313841121 33
1313841181 31
1313841242 33
1313841301 33
1313841361 35
1313841421 36
1313841481 34
1313841541 36
1313841601 34
1313841661 34
1313841721 34
1313841782 36
1313841841 34
1313841901 37
1313841961 38
1313842021 38
1313842081 37
1313842141 34
1313842201 34
1313842261 36
1313842322 38
1313842381 38
1313842441 40
1313842501 39
1313842561 39
1313842621 39
1313842681 41
1313842741 39
1313842802 40
1313842861 39
1313842921 40
1313842981 42
1313843041 42
1313843101 44
1313843161 44
1313843221 44
1313843282 46
1313843342 45
1313843401 43
1313843461 43
1313843521 42
1313843581 40
1313843641 40
1313843701 41
1313843762 43
1313843821 44
1313843881 42
1313843941 42
1313844001 41
1313844061 42
1313844121 42
1313844182 42
1313844241 40
1313844301 42
1313844361 40
1313844421 43
1313844481 42
1313844541 43
1313844601 44
1313844661 42
1313844722 44
1313844781 50
1313844841 50
1313844901 51
1313844961 49
1313845021 49
1313845081 51
1313845141 51
1313845202 51
1313845262 51
1313845321 51
1313845381 49
1313845441 52
1313845501 48
1313845561 51
1313845621 49
1313845681 53
1313845742 49
1313845802 55
1313845861 57
1313845921 56
1313845981 54
1313846041 54
1313846101 56
1313846161 55
1313846222 53
1313846282 51
1313846341 52
1313846401 50
1313846461 50
1313846521 49
1313846581 52
1313846641 52
1313846701 54
1313846762 53
1313846822 57
1313846881 55
1313846941 57
1313847001 54
1313847061 56
1313847121 56
1313847181 54
1313847241 57
1313847301 56
1313847362 57
1313847421 55
1313847481 57
1313847541 60
1313847601 59
1313847661 54
1313847721 55
1313847781 55
1313847841 56
1313847902 53
1313847961 55
1313848021 56
1313848081 55
1313848141 54
1313848201 54
1313848261 55
1313848321 54
1313848382 56
1313848441 56
1313848501 56
1313848561 55
1313848621 52
1313848681 54
1313848741 52
1313848801 54
1313848861 56
1313848922 56
1313848982 55
1313849041 58
1313849101 61
1313849161 62
1313849221 59
1313849281 62
1313849341 61
1313849402 59
1313849462 57
1313849521 58
1313849581 59
1313849641 57
1313849701 58
1313849761 58
1313849821 61
1313849881 59
1313849942 60
1313850001 62
1313850061 62
1313850121 61
1313850181 59
1313850241 62
1313850301 61
1313850361 62
1313850421 64
1313850481 62
1313850541 63
1313850601 66
1313850661 63
1313850722 63
1313850781 62
1313850841 57
1313850901 56
1313850961 59
1313851021 61
1313851081 61
1313851141 61
1313851202 57
1313851261 59
1313851321 57
1313851381 60
1313851441 60
1313851501 63
1313851561 60
1313851621 59
1313851681 63
1313851742 64
1313851801 64
1313851861 64
1313851921 65
1313851981 61
1313852041 60
1313852101 58
1313852161 59
1313852222 59
1313852281 60
1313852341 58
1313852401 57
1313852461 56
1313852521 55
1313852581 55
1313852641 55
1313852702 53
1313852762 51
1313852821 55
1313852881 55
1313852941 56
1313853001 57
1313853061 58
1313853121 59
1313853181 60
1313853242 60
1313853302 60
1313853361 58
1313853421 58
1313853481 61
1313853541 60
1313853601 64
1313853661 61
1313853721 61
1313853782 62
1313853842 59
1313853901 60
1313853961 59
1313854021 53
1313854081 54
1313854141 57
1313854201 52
1313854261 56
1313854321 55
1313854382 56
1313854442 58
1313854501 58
1313854561 59
1313854621 59
1313854681 58
1313854741 58
1313854801 57
1313854861 57
1313854921 58
1313854982 59
1313855041 57
1313855101 57
1313855161 58
1313855221 56
1313855281 57
1313855341 60
1313855401 60
1313855461 60
1313855521 60
1313855582 56
1313855641 55
1313855701 57
1313855761 58
1313855821 56
1313855881 55
1313855941 58
1313856001 57
