1306339262 17
1306339321 15
1306339381 16
1306339441 15
1306339501 14
1306339561 16
1306339621 15
1306339681 15
1306339741 16
1306339801 16
1306339861 14
1306339921 16
1306339982 15
1306340042 13
1306340101 14
1306340161 11
1306340221 15
1306340281 14
1306340341 14
1306340401 15
1306340461 15
1306340521 14
1306340581 14
1306340641 16
1306340702 14
1306340761 15
1306340821 13
1306340881 14
1306340941 13
1306341001 13
1306341061 14
1306341121 14
1306341181 13
1306341241 12
1306341301 13
1306341361 12
1306341422 12
1306341481 12
1306341541 13
1306341601 12
1306341661 12
1306341721 12
1306341781 13
1306341841 10
1306341901 12
1306341961 12
1306342021 11
1306342081 12
1306342142 12
1306342201 13
1306342261 13
1306342321 13
1306342381 12
1306342441 13
1306342501 9
1306342561 12
1306342621 12
1306342681 9
1306342741 10
1306342801 9
1306342861 10
1306342921 10
1306342981 10
1306343041 9
1306343101 10
1306343162 7
1306343221 9
1306343281 9
1306343341 8
1306343401 9
1306343461 7
1306343521 9
1306343581 8
1306343641 9
1306343701 9
1306343761 9
1306343821 8
1306343882 9
1306343941 9
1306344001 8
1306344061 9
1306344121 7
1306344181 9
1306344241 9
1306344301 8
1306344361 9
1306344421 9
1306344481 8
1306344541 10
1306344601 11
1306344661 11
1306344721 11
1306344781 9
1306344842 11
1306344901 11
1306344961 11
1306345021 11
1306345081 11
1306345141 9
1306345201 9
1306345261 10
1306345321 9
1306345381 10
1306345441 7
1306345501 10
1306345561 10
1306345622 9
1306345681 9
1306345741 8
1306345801 9
1306345861 7
1306345921 10
1306345981 9
1306346041 10
1306346101 8
1306346161 8
1306346221 9
1306346281 9
1306346342 9
1306346401 8
1306346462 7
1306346521 4
1306346581 7
1306346641 6
1306346701 7
1306346761 6
1306346821 7
1306346881 8
1306346941 8
1306347001 8
1306347061 8
1306347121 9
1306347181 7
1306347242 9
1306347301 8
1306347361 9
1306347421 7
1306347481 9
1306347541 8
1306347601 9
1306347661 9
1306347721 9
1306347781 8
1306347841 7
1306347901 8
1306347961 7
1306348021 7
1306348081 6
1306348141 8
1306348201 8
1306348261 8
1306348321 7
1306348381 8
1306348441 7
1306348502 7
1306348561 8
1306348621 7
1306348681 7
1306348741 7
1306348801 7
1306348861 8
1306348921 8
1306348982 7
1306349041 7
1306349101 6
1306349161 6
1306349221 7
1306349281 6
1306349341 7
1306349402 6
1306349461 6
1306349521 7
1306349581 7
1306349641 7
1306349701 7
1306349761 6
1306349821 8
1306349882 9
1306349941 7
1306350001 9
1306350061 8
1306350121 8
1306350181 9
1306350241 10
1306350301 10
1306350361 10
1306350421 8
1306350482 9
1306350541 8
1306350601 7
1306350661 9
1306350721 8
1306350781 9
1306350841 9
1306350901 9
1306350961 9
1306351021 8
1306351082 8
1306351141 9
1306351201 8
1306351261 7
1306351321 9
1306351381 8
1306351441 9
1306351501 9
1306351561 9
1306351621 9
1306351681 8
1306351742 8
1306351801 9
1306351861 8
1306351921 7
1306351981 8
1306352041 7
1306352101 8
1306352161 8
1306352221 8
1306352281 8
1306352341 7
1306352402 7
1306352462 8
1306352521 7
1306352581 6
1306352641 7
1306352701 7
1306352761 8
1306352821 8
1306352881 8
1306352941 8
1306353001 7
1306353061 6
1306353122 7
1306353181 7
1306353241 4
1306353301 6
1306353361 6
1306353421 7
1306353481 7
1306353541 7
1306353601 7
1306353661 7
1306353721 6
1306353782 7
1306353841 7
1306353901 5
1306353961 5
1306354021 5
1306354081 6
1306354141 6
1306354201 6
1306354261 6
1306354321 6
1306354381 5
1306354442 6
1306354501 6
1306354561 4
1306354621 5
1306354681 6
1306354741 6
1306354801 6
1306354861 6
1306354921 6
1306354981 6
1306355042 5
1306355102 6
1306355161 6
1306355221 4
1306355281 5
1306355341 5
1306355401 5
1306355461 5
1306355521 5
1306355581 5
1306355641 5
1306355701 4
1306355761 5
1306355822 5
1306355881 3
1306355941 5
1306356001 4
1306356061 5
1306356121 5
1306356181 5
1306356241 5
1306356301 5
1306356362 4
1306356421 5
1306356481 5
1306356541 3
1306356601 5
1306356661 4
1306356721 5
1306356781 5
1306356841 5
1306356901 5
1306356961 5
1306357021 4
1306357082 4
1306357141 5
1306357201 3
1306357261 5
1306357321 4
1306357381 6
1306357441 6
1306357501 6
1306357561 6
1306357621 6
1306357681 5
1306357742 7
1306357801 7
1306357861 6
1306357921 8
1306357981 7
1306358041 8
1306358101 8
1306358161 8
1306358221 8
1306358281 8
1306358341 7
1306358402 7
1306358461 6
1306358521 5
1306358581 7
1306358641 7
1306358701 7
1306358761 7
1306358821 7
1306358881 7
1306358941 7
1306359001 6
1306359061 7
1306359121 6
1306359182 5
1306359241 7
1306359301 7
1306359361 7
1306359421 7
1306359481 7
1306359541 7
1306359601 7
1306359661 6
1306359721 7
1306359781 5
1306359842 4
1306359901 7
1306359961 7
1306360021 7
1306360081 7
1306360141 6
1306360201 6
1306360261 6
1306360321 5
1306360381 7
1306360441 6
1306360501 4
1306360562 7
1306360621 7
1306360681 7
1306360741 7
1306360801 7
1306360861 7
1306360921 7
1306360981 5
1306361041 6
1306361101 5
1306361161 4
1306361221 6
1306361281 6
1306361342 6
1306361401 6
1306361461 6
1306361521 6
1306361581 6
1306361641 4
1306361701 6
1306361761 4
1306361821 4
1306361881 6
1306361941 6
1306362001 6
1306362062 6
1306362121 6
1306362181 6
1306362241 6
1306362301 5
1306362361 6
1306362421 5
1306362482 4
1306362541 6
1306362601 7
1306362661 7
1306362721 7
1306362781 7
1306362841 7
1306362901 7
1306362961 7
1306363021 6
1306363081 6
1306363142 5
1306363201 7
1306363261 7
1306363321 7
1306363381 7
1306363441 7
1306363501 7
1306363561 6
1306363621 7
1306363681 6
1306363741 6
1306363801 5
1306363862 6
1306363922 6
1306363981 7
1306364041 7
1306364101 7
1306364161 7
1306364221 6
1306364281 7
1306364341 6
1306364402 7
1306364461 7
1306364521 8
1306364581 7
1306364641 7
1306364701 7
1306364761 7
1306364821 7
1306364881 6
1306364941 7
1306365001 6
1306365061 5
1306365121 7
1306365182 9
1306365241 9
1306365301 9
1306365361 9
1306365421 9
1306365481 9
1306365541 9
1306365601 9
1306365661 7
1306365721 8
1306365781 8
1306365841 8
1306365901 8
1306365962 8
1306366021 9
1306366081 8
1306366141 8
1306366201 10
1306366261 10
1306366321 9
1306366381 11
1306366441 12
1306366501 12
1306366562 13
1306366621 13
1306366681 13
1306366741 13
1306366801 15
1306366861 15
1306366921 15
1306366981 12
1306367041 14
1306367101 17
1306367161 17
1306367221 17
1306367282 18
1306367341 18
1306367401 17
1306367461 18
1306367521 18
1306367581 16
1306367641 15
1306367701 16
1306367761 18
1306367821 18
1306367881 19
1306367942 20
1306368001 21
1306368061 19
1306368121 21
1306368181 22
1306368241 21
1306368301 20
1306368361 23
1306368421 23
1306368481 23
1306368541 22
1306368601 22
1306368662 24
1306368721 24
1306368781 24
1306368841 23
1306368901 22
1306368961 22
1306369021 25
1306369081 24
1306369141 25
1306369201 24
1306369261 23
1306369322 24
1306369381 25
1306369441 25
1306369501 25
1306369561 24
1306369621 23
1306369681 25
1306369741 25
1306369801 27
1306369861 30
1306369921 27
1306369982 29
1306370041 29
1306370101 29
1306370161 30
1306370221 31
1306370281 30
1306370341 32
1306370401 31
1306370461 32
1306370521 33
1306370581 32
1306370641 31
1306370702 30
1306370762 30
1306370821 29
1306370881 31
1306370941 28
1306371001 29
1306371061 28
1306371121 31
1306371181 31
1306371241 31
1306371301 30
1306371361 28
1306371421 29
1306371482 30
1306371541 30
1306371601 32
1306371661 31
1306371721 32
1306371781 36
1306371841 35
1306371901 36
1306371961 36
1306372021 35
1306372081 36
1306372142 37
1306372201 35
1306372261 34
1306372321 36
1306372381 35
1306372441 38
1306372501 37
1306372561 38
1306372621 36
1306372681 36
1306372741 36
1306372802 40
1306372861 40
1306372921 39
1306372981 38
1306373041 40
1306373101 42
1306373161 42
1306373221 43
1306373281 44
1306373341 45
1306373401 42
1306373462 45
1306373521 43
1306373581 44
1306373641 42
1306373701 42
1306373761 42
1306373821 42
1306373881 40
1306373941 43
1306374001 43
1306374062 42
1306374121 42
1306374181 42
1306374241 46
1306374301 46
1306374361 48
1306374421 48
1306374481 49
1306374541 50
1306374601 48
1306374661 49
1306374722 49
1306374781 51
1306374841 49
1306374901 50
1306374961 47
1306375021 49
1306375081 51
1306375141 49
1306375201 51
1306375261 50
1306375321 45
1306375382 44
1306375441 44
1306375501 47
1306375561 49
1306375621 45
1306375681 45
1306375741 46
1306375801 51
1306375861 51
1306375921 53
1306375981 53
1306376041 53
1306376102 50
1306376161 52
1306376221 53
1306376281 53
1306376341 52
1306376401 49
1306376461 49
1306376521 49
1306376581 50
1306376641 50
1306376701 53
1306376762 51
1306376821 52
1306376881 51
1306376941 51
1306377001 53
1306377061 51
1306377121 55
1306377181 55
1306377241 55
1306377301 54
1306377361 53
1306377422 53
1306377481 53
1306377541 53
1306377601 54
1306377661 55
1306377721 52
1306377781 52
1306377841 55
1306377901 53
1306377961 59
1306378021 60
1306378081 62
1306378142 61
1306378201 60
1306378261 60
1306378321 61
1306378381 58
1306378441 57
1306378501 60
1306378561 57
1306378621 58
1306378681 58
1306378741 56
1306378801 58
1306378861 55
1306378922 56
1306378981 55
1306379041 53
1306379101 57
1306379161 92
1306379221 95
1306379281 97
1306379341 97
1306379401 100
1306379461 101
1306379521 102
1306379582 101
1306379641 102
1306379701 101
1306379761 77
1306379821 97
1306379881 99
1306379941 102
1306380001 101
1306380061 101
1306380121 100
1306380181 101
1306380241 101
1306380301 101
1306380361 94
1306380421 95
1306380481 95
1306380541 97
1306380601 94
1306380661 98
1306380721 98
1306380781 99
1306380841 100
1306380901 97
1306380961 95
1306381021 89
1306381082 93
1306381141 95
1306381201 97
1306381261 96
1306381321 95
1306381381 97
1306381441 95
1306381501 93
1306381561 94
1306381621 90
1306381681 96
1306381741 88
1306381802 90
1306381861 90
1306381921 89
1306381981 89
1306382041 92
1306382101 89
1306382161 90
1306382221 77
1306382281 66
1306382341 66
1306382401 68
1306382461 65
1306382521 68
1306382582 69
1306382641 70
1306382701 72
1306382761 68
1306382821 66
1306382881 59
1306382941 58
1306383001 57
1306383061 59
1306383121 58
1306383181 56
1306383241 53
1306383302 53
1306383361 57
1306383421 57
1306383481 56
1306383541 55
1306383601 55
1306383661 55
1306383721 53
1306383781 55
1306383841 55
1306383901 54
1306383961 54
1306384021 53
1306384082 55
1306384141 54
1306384201 54
1306384261 53
1306384321 53
1306384381 54
1306384441 55
1306384501 56
1306384561 55
1306384621 53
1306384681 55
1306384741 57
1306384801 53
1306384862 53
1306384921 54
1306384981 56
1306385041 61
1306385101 60
1306385161 56
1306385221 59
1306385281 61
1306385341 60
1306385401 61
1306385461 60
1306385521 60
1306385582 55
1306385641 56
1306385701 59
1306385761 59
1306385821 59
1306385881 57
1306385941 58
1306386001 59
1306386061 61
1306386121 58
1306386181 59
1306386241 61
1306386301 64
1306386361 67
1306386422 65
1306386481 65
1306386541 65
1306386601 64
1306386661 64
1306386721 65
1306386781 63
1306386841 59
1306386901 57
1306386961 57
1306387021 57
1306387081 54
1306387142 54
1306387201 53
1306387261 51
1306387321 53
1306387381 54
1306387441 55
1306387501 56
1306387561 56
1306387621 56
1306387681 57
1306387741 56
1306387801 54
1306387861 56
1306387922 54
1306387981 54
1306388041 52
1306388101 54
1306388161 57
1306388221 55
1306388281 57
1306388341 59
1306388401 56
1306388461 57
1306388521 59
1306388581 59
1306388642 58
1306388701 58
1306388761 59
1306388821 62
1306388881 59
1306388941 59
1306389001 60
1306389061 60
1306389121 60
1306389181 58
1306389241 59
1306389301 55
1306389361 57
1306389422 59
1306389481 58
1306389541 57
1306389601 58
1306389661 57
1306389721 59
1306389781 53
1306389841 54
1306389901 53
1306389961 52
1306390021 51
1306390081 54
1306390142 54
1306390201 57
1306390261 57
1306390321 56
1306390381 55
1306390441 54
1306390501 55
1306390561 57
1306390621 56
1306390681 54
1306390741 56
1306390801 53
1306390861 56
1306390922 58
1306390981 59
1306391041 59
1306391101 58
1306391161 55
1306391221 55
1306391281 57
1306391341 57
1306391401 58
1306391461 56
1306391521 55
1306391582 57
1306391642 55
1306391701 54
1306391761 54
1306391821 54
1306391881 55
1306391941 54
1306392001 53
1306392061 54
1306392121 53
1306392181 53
1306392241 53
1306392301 54
1306392362 51
1306392421 52
1306392481 50
1306392541 52
1306392601 51
1306392661 48
1306392721 52
1306392781 51
1306392841 52
1306392901 54
1306392961 55
1306393022 54
1306393082 51
1306393141 50
1306393201 51
1306393261 53
1306393321 53
1306393381 53
1306393441 56
1306393501 55
1306393561 52
1306393621 52
1306393681 55
1306393741 52
1306393802 53
1306393861 51
1306393921 48
1306393981 50
1306394041 48
1306394101 49
1306394161 51
1306394221 49
1306394281 49
1306394341 50
1306394401 47
1306394461 47
1306394522 47
1306394581 46
1306394641 48
1306394701 46
1306394761 45
1306394821 47
1306394881 49
1306394941 49
1306395001 48
1306395061 48
1306395121 48
1306395181 48
1306395242 44
1306395301 43
1306395361 42
1306395421 43
1306395481 40
1306395541 40
1306395601 42
1306395661 41
1306395721 42
1306395781 40
1306395841 39
1306395902 41
1306395961 41
1306396021 39
1306396081 43
1306396141 43
1306396201 43
1306396261 45
1306396321 43
1306396381 43
1306396441 41
1306396502 40
1306396561 41
1306396621 40
1306396681 37
1306396741 36
1306396801 35
1306396861 34
1306396921 32
1306396981 32
1306397041 29
1306397102 30
1306397161 28
1306397221 28
1306397281 29
1306397341 29
1306397401 28
1306397461 28
1306397521 29
1306397581 28
1306397641 26
1306397702 26
1306397761 27
1306397821 27
1306397881 27
1306397941 29
1306398001 31
1306398061 31
1306398121 30
1306398181 29
1306398241 30
1306398301 29
1306398361 28
1306398422 30
1306398481 26
1306398541 26
1306398601 25
1306398661 26
1306398721 25
1306398781 26
1306398841 25
1306398901 27
1306398961 27
1306399021 26
1306399081 27
1306399142 28
1306399201 25
1306399261 26
1306399321 28
1306399381 27
1306399441 28
1306399501 27
1306399561 27
1306399621 26
1306399681 26
1306399741 27
1306399801 30
1306399862 29
1306399921 29
1306399981 27
1306400041 28
1306400101 25
1306400161 24
1306400221 22
1306400281 24
1306400341 23
1306400401 23
1306400461 21
1306400521 22
1306400581 21
1306400642 18
1306400701 20
1306400761 18
1306400821 19
1306400881 18
1306400941 19
1306401001 18
1306401061 19
1306401121 20
1306401181 20
1306401241 21
1306401301 20
1306401361 23
1306401422 23
1306401481 21
1306401541 21
1306401601 22
1306401661 21
1306401721 20
1306401781 21
1306401841 21
1306401901 22
1306401961 21
1306402021 19
1306402081 21
1306402141 20
1306402201 17
1306402262 19
1306402321 17
1306402381 18
1306402441 18
1306402501 17
1306402561 18
1306402621 19
1306402681 16
1306402741 14
1306402801 16
1306402861 16
1306402921 18
1306402981 18
1306403042 20
1306403101 20
1306403161 20
1306403221 19
1306403281 20
1306403341 19
1306403401 19
1306403461 19
1306403521 19
1306403581 18
1306403641 17
1306403701 17
1306403762 17
1306403821 17
1306403881 15
1306403941 16
1306404001 16
1306404061 16
1306404121 15
1306404181 15
1306404241 15
1306404301 14
1306404361 14
1306404421 15
1306404482 15
1306404541 16
1306404601 14
1306404661 16
1306404721 16
1306404781 16
1306404841 16
1306404901 17
1306404961 16
1306405021 16
1306405081 17
1306405141 16
1306405202 17
1306405261 17
1306405321 16
1306405381 18
1306405441 18
1306405501 20
1306405561 18
1306405621 20
1306405681 20
1306405741 20
1306405801 20
1306405862 20
1306405921 21
1306405981 19
1306406041 21
1306406101 19
1306406161 20
1306406221 18
1306406281 20
1306406341 20
1306406401 21
1306406461 20
1306406521 20
1306406581 19
1306406642 17
1306406701 18
1306406761 18
1306406821 19
1306406881 19
1306406941 20
1306407001 21
1306407061 21
1306407121 21
1306407181 22
1306407241 21
1306407301 22
1306407362 22
1306407421 22
1306407481 23
1306407541 22
1306407601 22
1306407661 20
1306407721 22
1306407781 22
1306407841 23
1306407901 23
1306407961 23
1306408021 23
1306408082 22
1306408141 22
1306408201 23
1306408261 23
1306408321 20
1306408381 20
1306408441 22
1306408501 23
1306408561 24
1306408621 23
1306408681 23
1306408741 23
1306408802 23
1306408861 23
1306408921 24
1306408981 23
1306409041 23
1306409101 23
1306409161 23
1306409221 23
1306409281 24
1306409341 25
1306409401 23
1306409461 26
1306409521 26
1306409582 26
1306409641 24
1306409701 26
1306409761 26
1306409821 27
1306409881 26
1306409941 26
1306410001 27
1306410061 26
1306410121 25
1306410181 26
1306410241 25
1306410301 23
1306410362 22
1306410421 23
1306410481 24
1306410541 23
1306410601 23
1306410661 19
1306410721 22
1306410781 22
1306410841 21
1306410901 22
1306410961 21
1306411021 21
1306411082 20
1306411141 22
1306411201 23
1306411261 23
1306411321 23
1306411381 24
1306411441 24
1306411501 24
1306411561 24
1306411621 23
1306411681 24
1306411742 23
1306411801 24
1306411861 25
1306411921 25
1306411981 25
1306412041 26
1306412101 25
1306412161 26
1306412221 27
1306412281 24
1306412341 25
1306412402 26
1306412461 27
1306412521 28
1306412581 29
1306412641 29
1306412701 30
1306412761 29
1306412821 29
1306412881 30
1306412941 29
1306413001 28
1306413061 29
1306413122 31
1306413181 29
1306413241 31
1306413301 30
1306413361 31
1306413421 31
1306413481 29
1306413541 30
1306413601 31
1306413661 28
1306413721 27
1306413781 28
1306413841 28
1306413902 27
1306413961 27
1306414021 28
1306414081 28
1306414141 27
1306414201 28
1306414261 29
1306414321 26
1306414381 27
1306414441 28
1306414501 28
1306414561 31
1306414622 30
1306414681 33
1306414741 33
1306414801 32
1306414861 34
1306414921 34
1306414981 33
1306415041 33
1306415101 33
1306415161 32
1306415221 33
1306415281 31
1306415342 33
1306415401 33
1306415461 30
1306415521 31
1306415581 30
1306415641 28
1306415701 27
1306415761 25
1306415821 27
1306415881 28
1306415941 26
1306416001 26
1306416062 26
1306416121 24
1306416181 26
1306416241 26
1306416301 26
1306416361 25
1306416421 25
1306416481 24
1306416541 27
1306416601 29
1306416661 29
1306416721 29
1306416782 27
1306416841 29
1306416901 28
1306416961 27
1306417021 26
1306417081 27
1306417141 25
1306417201 25
1306417261 27
1306417321 28
1306417381 28
1306417442 27
1306417501 28
1306417561 29
1306417621 28
1306417681 28
1306417741 27
1306417801 26
1306417861 29
1306417921 28
1306417981 27
1306418041 27
1306418101 26
1306418161 28
1306418222 25
1306418281 26
1306418341 26
1306418401 26
1306418461 25
1306418521 27
1306418581 27
1306418641 28
1306418701 27
1306418761 25
1306418821 29
1306418881 27
1306418942 27
1306419001 26
1306419061 25
1306419121 27
1306419181 27
1306419241 27
1306419301 27
1306419361 27
1306419421 24
1306419481 26
1306419541 25
1306419601 25
1306419661 25
1306419722 25
1306419781 27
1306419841 25
1306419901 27
1306419961 28
1306420021 27
1306420081 26
1306420141 26
1306420201 26
1306420261 30
1306420321 28
1306420381 28
1306420441 29
1306420502 27
1306420561 27
1306420621 29
1306420681 28
1306420741 28
1306420801 26
1306420861 23
1306420921 26
1306420981 26
1306421041 25
1306421101 26
1306421161 24
1306421222 24
1306421281 24
1306421341 24
1306421401 24
1306421461 25
1306421521 22
1306421581 23
1306421641 23
1306421701 23
1306421761 21
1306421821 21
1306421881 21
1306421942 22
1306422001 22
1306422061 19
1306422121 20
1306422181 21
1306422241 19
1306422301 21
1306422361 21
1306422421 21
1306422481 21
1306422541 20
1306422601 21
1306422661 21
1306422722 21
1306422781 16
1306422841 21
1306422901 21
1306422961 21
1306423021 21
1306423081 21
1306423141 20
1306423201 21
1306423261 21
1306423321 21
1306423381 23
1306423441 20
1306423502 21
1306423561 22
1306423621 21
1306423681 21
1306423741 21
1306423801 20
1306423861 21
1306423921 19
1306423981 21
1306424041 20
1306424101 19
1306424161 21
1306424221 21
1306424282 21
1306424341 20
1306424401 21
1306424461 21
1306424521 20
1306424581 18
1306424641 21
1306424701 19
1306424761 20
1306424821 21
1306424881 21
1306424941 21
1306425002 20
1306425061 20
1306425121 21
1306425181 21
1306425241 21
1306425301 20
1306425361 19
1306425421 20
1306425481 20
1306425541 21
1306425601 21
