1310227261 13
1310227321 12
1310227381 12
1310227441 12
1310227501 10
1310227561 11
1310227622 12
1310227681 11
1310227741 12
1310227801 12
1310227861 11
1310227921 12
1310227981 12
1310228041 11
1310228102 11
1310228161 10
1310228221 9
1310228281 11
1310228341 12
1310228401 10
1310228461 11
1310228521 11
1310228581 12
1310228641 12
1310228702 12
1310228761 11
1310228821 11
1310228881 10
1310228941 11
1310229001 11
1310229061 10
1310229121 8
1310229181 8
1310229241 9
1310229302 9
1310229361 9
1310229421 8
1310229481 8
1310229541 7
1310229601 9
1310229661 9
1310229721 9
1310229782 8
1310229841 9
1310229901 9
1310229961 9
1310230021 9
1310230081 9
1310230141 8
1310230201 8
1310230261 9
1310230321 9
1310230382 9
1310230441 8
1310230501 9
1310230561 9
1310230621 9
1310230681 9
1310230741 9
1310230801 8
1310230861 7
1310230921 8
1310230982 8
1310231041 7
1310231101 6
1310231161 7
1310231221 6
1310231281 6
1310231341 7
1310231401 9
1310231461 8
1310231522 9
1310231581 9
1310231641 9
1310231701 9
1310231761 10
1310231821 9
1310231881 8
1310231941 9
1310232001 6
1310232061 7
1310232121 5
1310232181 7
1310232242 7
1310232302 7
1310232361 6
1310232421 7
1310232481 8
1310232541 6
1310232601 7
1310232661 6
1310232721 7
1310232781 5
1310232841 8
1310232902 8
1310232961 8
1310233021 7
1310233081 7
1310233141 7
1310233201 7
1310233261 6
1310233321 6
1310233381 7
1310233441 4
1310233502 6
1310233561 6
1310233621 6
1310233681 5
1310233741 6
1310233801 6
1310233861 6
1310233921 5
1310233981 5
1310234041 6
1310234102 4
1310234161 6
1310234221 6
1310234281 6
1310234341 5
1310234401 6
1310234461 7
1310234521 7
1310234581 7
1310234641 8
1310234701 8
1310234761 6
1310234821 7
1310234881 7
1310234941 7
1310235002 7
1310235061 7
1310235121 7
1310235181 6
1310235241 4
1310235301 6
1310235361 6
1310235421 5
1310235481 6
1310235542 6
1310235601 5
1310235661 4
1310235721 4
1310235781 4
1310235841 4
1310235901 2
1310235961 4
1310236021 4
1310236082 3
1310236142 4
1310236201 4
1310236261 4
1310236321 4
1310236381 4
1310236441 4
1310236501 4
1310236561 3
1310236621 2
1310236681 4
1310236742 3
1310236801 5
1310236861 5
1310236921 5
1310236981 5
1310237041 5
1310237101 5
1310237161 5
1310237221 4
1310237281 3
1310237341 5
1310237402 3
1310237461 4
1310237521 4
1310237581 4
1310237641 4
1310237701 4
1310237761 4
1310237821 4
1310237881 3
1310237941 2
1310238001 4
1310238062 4
1310238121 3
1310238181 4
1310238241 4
1310238301 4
1310238361 4
1310238421 4
1310238481 4
1310238541 3
1310238601 2
1310238661 4
1310238722 4
1310238782 3
1310238841 4
1310238901 4
1310238961 4
1310239021 4
1310239081 4
1310239141 5
1310239201 4
1310239261 4
1310239321 5
1310239381 5
1310239442 4
1310239501 4
1310239561 4
1310239621 4
1310239681 4
1310239741 4
1310239801 3
1310239861 2
1310239921 3
1310239982 4
1310240041 4
1310240101 4
1310240161 4
1310240221 4
1310240281 4
1310240341 4
1310240401 4
1310240461 4
1310240522 1
1310240581 2
1310240641 3
1310240701 3
1310240761 3
1310240821 3
1310240881 3
1310240941 3
1310241001 3
1310241062 3
1310241121 3
1310241181 1
1310241241 2
1310241301 3
1310241361 3
1310241421 4
1310241481 4
1310241541 4
1310241601 4
1310241661 4
1310241722 4
1310241781 4
1310241841 2
1310241901 3
1310241961 4
1310242021 3
1310242081 3
1310242141 3
1310242201 3
1310242261 3
1310242322 3
1310242381 3
1310242441 3
1310242501 1
1310242561 2
1310242621 3
1310242681 3
1310242741 3
1310242801 3
1310242861 4
1310242922 4
1310242981 4
1310243041 4
1310243101 4
1310243161 2
1310243221 2
1310243281 4
1310243341 4
1310243401 4
1310243461 4
1310243521 3
1310243581 3
1310243642 3
1310243701 3
1310243761 3
1310243821 2
1310243881 1
1310243941 3
1310244001 3
1310244061 3
1310244121 3
1310244181 3
1310244241 3
1310244302 3
1310244361 3
1310244421 3
1310244481 2
1310244541 1
1310244601 3
1310244661 3
1310244721 3
1310244781 3
1310244841 3
1310244901 3
1310244961 3
1310245022 3
1310245081 3
1310245141 2
1310245201 1
1310245261 3
1310245321 3
1310245381 3
1310245441 3
1310245501 3
1310245561 3
1310245622 3
1310245681 3
1310245741 3
1310245801 2
1310245861 1
1310245921 3
1310245981 3
1310246041 3
1310246101 3
1310246161 3
1310246222 3
1310246281 3
1310246341 3
1310246401 3
1310246461 2
1310246521 1
1310246581 3
1310246641 3
1310246701 3
1310246761 3
1310246821 3
1310246882 3
1310246941 3
1310247001 3
1310247061 3
1310247121 2
1310247181 1
1310247241 4
1310247301 5
1310247361 5
1310247421 5
1310247482 5
1310247541 5
1310247601 5
1310247661 5
1310247721 5
1310247781 4
1310247841 4
1310247901 4
1310247961 5
1310248021 5
1310248081 5
1310248142 5
1310248201 5
1310248261 5
1310248321 5
1310248381 5
1310248441 3
1310248501 4
1310248561 3
1310248621 5
1310248681 5
1310248742 5
1310248802 5
1310248861 6
1310248921 6
1310248981 6
1310249041 6
1310249101 4
1310249162 5
1310249221 5
1310249281 7
1310249341 8
1310249401 8
1310249461 7
1310249521 7
1310249581 7
1310249641 7
1310249701 7
1310249762 7
1310249821 5
1310249881 4
1310249941 6
1310250001 6
1310250061 7
1310250121 7
1310250181 7
1310250241 7
1310250301 7
1310250361 7
1310250422 8
1310250481 8
1310250541 6
1310250601 8
1310250661 8
1310250721 9
1310250781 9
1310250841 9
1310250901 9
1310250961 9
1310251021 7
1310251082 7
1310251141 8
1310251201 7
1310251261 8
1310251321 6
1310251381 6
1310251441 6
1310251501 6
1310251561 6
1310251621 7
1310251681 6
1310251741 5
1310251801 4
1310251861 5
1310251921 6
1310251981 6
1310252041 6
1310252101 6
1310252161 5
1310252222 6
1310252281 6
1310252341 6
1310252401 6
1310252461 5
1310252521 5
1310252581 6
1310252641 6
1310252701 6
1310252761 6
1310252822 5
1310252881 6
1310252941 6
1310253001 5
1310253061 5
1310253121 6
1310253181 4
1310253241 7
1310253301 7
1310253361 7
1310253421 6
1310253481 7
1310253542 7
1310253601 7
1310253661 6
1310253721 7
1310253781 7
1310253841 5
1310253901 7
1310253961 7
1310254021 7
1310254082 6
1310254142 7
1310254201 7
1310254261 7
1310254321 7
1310254381 8
1310254441 8
1310254501 6
1310254561 8
1310254621 8
1310254681 7
1310254741 8
1310254801 8
1310254861 9
1310254921 9
1310254981 8
1310255041 9
1310255101 9
1310255161 7
1310255221 10
1310255281 10
1310255341 9
1310255402 9
1310255461 9
1310255521 8
1310255581 9
1310255641 8
1310255701 8
1310255761 8
1310255821 5
1310255881 7
1310255941 7
1310256002 6
1310256061 6
1310256121 7
1310256181 8
1310256241 7
1310256301 8
1310256361 9
1310256421 9
1310256481 8
1310256541 9
1310256601 9
1310256662 8
1310256721 7
1310256781 8
1310256841 7
1310256901 7
1310256961 8
1310257021 8
1310257081 8
1310257141 7
1310257201 8
1310257261 8
1310257321 8
1310257382 6
1310257441 8
1310257501 10
1310257561 8
1310257621 10
1310257681 9
1310257741 10
1310257801 9
1310257861 10
1310257921 10
1310257981 10
1310258041 10
1310258102 8
1310258161 9
1310258221 9
1310258281 10
1310258341 10
1310258401 10
1310258461 10
1310258521 11
1310258581 12
1310258641 11
1310258701 12
1310258762 12
1310258821 12
1310258881 11
1310258941 11
1310259001 12
1310259061 11
1310259121 10
1310259181 9
1310259241 9
1310259301 8
1310259361 9
1310259421 7
1310259482 8
1310259541 8
1310259601 7
1310259661 8
1310259721 8
1310259781 7
1310259841 7
1310259901 8
1310259961 8
1310260021 9
1310260082 8
1310260141 9
1310260201 10
1310260261 10
1310260321 10
1310260381 11
1310260441 11
1310260501 10
1310260561 12
1310260621 11
1310260681 11
1310260742 10
1310260801 10
1310260861 12
1310260921 12
1310260981 12
1310261041 12
1310261101 12
1310261161 10
1310261221 10
1310261281 9
1310261341 8
1310261402 9
1310261461 6
1310261521 9
1310261581 9
1310261641 8
1310261701 9
1310261761 8
1310261821 9
1310261881 10
1310261941 10
1310262001 10
1310262062 12
1310262121 13
1310262181 13
1310262241 12
1310262301 14
1310262361 14
1310262421 13
1310262481 13
1310262541 13
1310262601 11
1310262661 12
1310262722 10
1310262781 13
1310262841 13
1310262901 13
1310262961 12
1310263021 13
1310263081 12
1310263141 13
1310263201 13
1310263261 10
1310263321 13
1310263381 11
1310263441 13
1310263501 13
1310263561 12
1310263621 13
1310263681 12
1310263741 12
1310263801 11
1310263861 12
1310263921 10
1310263981 12
1310264042 11
1310264101 13
1310264161 13
1310264221 12
1310264281 13
1310264341 13
1310264401 14
1310264461 14
1310264521 12
1310264581 14
1310264642 14
1310264701 12
1310264761 14
1310264821 14
1310264881 14
1310264941 15
1310265001 14
1310265061 15
1310265121 15
1310265181 11
1310265242 16
1310265301 17
1310265361 17
1310265421 17
1310265481 16
1310265541 16
1310265601 17
1310265661 16
1310265721 16
1310265781 14
1310265841 13
1310265902 15
1310265961 15
1310266021 15
1310266081 16
1310266141 15
1310266201 16
1310266261 16
1310266321 16
1310266381 16
1310266441 17
1310266502 14
1310266561 16
1310266621 16
1310266681 16
1310266741 16
1310266801 15
1310266861 13
1310266921 15
1310266981 15
1310267041 13
1310267101 13
1310267162 9
1310267221 12
1310267281 13
1310267341 15
1310267401 15
1310267461 15
1310267521 13
1310267581 13
1310267641 12
1310267701 13
1310267761 13
1310267821 12
1310267881 12
1310267941 13
1310268001 13
1310268061 13
1310268121 13
1310268181 13
1310268241 13
1310268301 13
1310268361 13
1310268421 10
1310268482 11
1310268541 12
1310268601 13
1310268661 13
1310268721 14
1310268781 16
1310268841 14
1310268901 14
1310268961 15
1310269021 15
1310269082 14
1310269141 16
1310269201 15
1310269261 16
1310269321 16
1310269381 15
1310269441 16
1310269501 15
1310269561 14
1310269621 16
1310269682 15
1310269741 11
1310269801 15
1310269861 15
1310269921 14
1310269981 14
1310270041 14
1310270101 14
1310270161 14
1310270221 12
1310270281 13
1310270342 12
1310270401 9
1310270461 12
1310270521 13
1310270581 12
1310270641 12
1310270701 12
1310270761 11
1310270821 10
1310270881 10
1310270941 10
1310271002 10
1310271061 9
1310271121 9
1310271181 10
1310271241 9
1310271301 10
1310271361 10
1310271421 10
1310271481 9
1310271541 8
1310271602 9
1310271662 6
1310271721 6
1310271781 8
1310271841 9
1310271901 8
1310271961 9
1310272021 9
1310272081 9
1310272141 9
1310272201 8
1310272262 9
1310272321 7
1310272381 8
1310272441 8
1310272501 9
1310272561 8
1310272621 9
1310272681 8
1310272741 9
1310272801 9
1310272861 9
1310272921 9
1310272982 5
1310273041 8
1310273101 8
1310273161 9
1310273221 8
1310273281 9
1310273341 8
1310273401 9
1310273461 9
1310273521 9
1310273582 10
1310273641 8
1310273701 8
1310273761 8
1310273821 9
1310273881 8
1310273941 9
1310274001 8
1310274061 10
1310274121 10
1310274182 9
1310274242 9
1310274301 9
1310274361 9
1310274421 9
1310274481 11
1310274541 11
1310274601 13
1310274661 12
1310274721 11
1310274782 12
1310274841 11
1310274901 10
1310274961 10
1310275021 10
1310275081 10
1310275141 10
1310275201 9
1310275261 8
1310275321 9
1310275381 9
1310275442 9
1310275501 9
1310275561 8
1310275621 9
1310275681 7
1310275741 8
1310275801 9
1310275861 10
1310275921 9
1310275982 9
1310276041 8
1310276101 9
1310276161 9
1310276221 8
1310276281 9
1310276341 7
1310276401 9
1310276461 11
1310276521 10
1310276581 12
1310276642 13
1310276701 14
1310276761 13
1310276821 15
1310276881 14
1310276941 15
1310277001 14
1310277061 12
1310277121 12
1310277181 11
1310277242 11
1310277301 11
1310277361 11
1310277421 9
1310277481 11
1310277541 10
1310277601 11
1310277661 10
1310277721 11
1310277781 11
1310277841 10
1310277902 12
1310277961 11
1310278021 11
1310278081 10
1310278141 10
1310278201 11
1310278261 12
1310278321 12
1310278381 13
1310278441 13
1310278501 11
1310278561 12
1310278621 12
1310278681 12
1310278741 11
1310278801 11
1310278861 11
1310278921 11
1310278981 10
1310279041 10
1310279101 11
1310279161 10
1310279221 10
1310279282 11
1310279341 11
1310279401 8
1310279461 11
1310279521 10
1310279581 11
1310279641 12
1310279701 11
1310279761 12
1310279821 11
1310279881 11
1310279942 12
1310280002 12
1310280061 9
1310280121 12
1310280181 12
1310280241 9
1310280301 11
1310280361 10
1310280421 11
1310280481 11
1310280541 11
1310280601 12
1310280662 12
1310280721 10
1310280781 12
1310280841 12
1310280901 13
1310280961 14
1310281021 14
1310281081 13
1310281141 14
1310281201 13
1310281261 14
1310281321 14
1310281382 12
1310281441 14
1310281501 13
1310281561 13
1310281621 13
1310281681 14
1310281741 14
1310281801 15
1310281861 14
1310281921 16
1310281982 16
1310282041 13
1310282101 14
1310282161 15
1310282221 16
1310282281 16
1310282341 16
1310282401 16
1310282461 16
1310282521 14
1310282581 16
1310282642 16
1310282701 14
1310282761 16
1310282821 14
1310282881 14
1310282941 13
1310283001 12
1310283061 12
1310283121 12
1310283181 14
1310283241 15
1310283301 15
1310283361 15
1310283421 18
1310283481 17
1310283541 17
1310283601 18
1310283661 17
1310283721 18
1310283781 17
1310283841 15
1310283901 18
1310283962 17
1310284021 17
1310284081 17
1310284141 16
1310284201 16
1310284261 17
1310284321 16
1310284381 14
1310284441 17
1310284501 17
1310284561 16
1310284622 16
1310284681 16
1310284741 16
1310284801 15
1310284861 14
1310284921 15
1310284981 14
1310285041 14
1310285101 13
1310285162 14
1310285222 12
1310285281 14
1310285341 14
1310285401 14
1310285461 14
1310285521 13
1310285581 14
1310285641 13
1310285701 14
1310285762 13
1310285821 13
1310285881 12
1310285941 14
1310286001 14
1310286061 15
1310286121 15
1310286181 14
1310286241 13
1310286301 14
1310286361 14
1310286421 14
1310286482 14
1310286541 14
1310286601 15
1310286661 15
1310286721 15
1310286781 15
1310286841 14
1310286901 15
1310286961 15
1310287021 15
1310287081 16
1310287141 14
1310287202 15
1310287261 15
1310287321 16
1310287381 15
1310287441 16
1310287501 15
1310287561 15
1310287621 16
1310287681 14
1310287741 16
1310287802 15
1310287861 17
1310287921 16
1310287981 18
1310288041 19
1310288101 17
1310288161 16
1310288221 17
1310288281 17
1310288341 15
1310288401 16
1310288461 14
1310288522 15
1310288581 13
1310288641 14
1310288701 14
1310288761 13
1310288821 14
1310288881 13
1310288941 14
1310289001 15
1310289061 15
1310289121 15
1310289182 16
1310289241 15
1310289301 16
1310289361 16
1310289421 16
1310289481 18
1310289541 18
1310289601 17
1310289661 18
1310289721 18
1310289781 17
1310289842 17
1310289901 17
1310289961 17
1310290021 14
1310290081 16
1310290141 17
1310290201 17
1310290261 16
1310290321 16
1310290381 17
1310290441 15
1310290502 17
1310290561 16
1310290621 17
1310290681 16
1310290741 16
1310290801 17
1310290861 17
1310290921 15
1310290981 16
1310291041 18
1310291101 17
1310291162 19
1310291221 18
1310291281 17
1310291341 18
1310291401 16
1310291461 19
1310291521 18
1310291581 18
1310291641 20
1310291701 20
1310291762 18
1310291821 20
1310291881 19
1310291941 17
1310292001 19
1310292061 19
1310292121 20
1310292181 20
1310292241 18
1310292301 19
1310292361 20
1310292422 19
1310292481 20
1310292541 20
1310292601 19
1310292661 19
1310292721 20
1310292781 19
1310292841 18
1310292901 18
1310292961 16
1310293022 18
1310293081 17
1310293141 17
1310293201 17
1310293261 16
1310293321 15
1310293381 17
1310293441 18
1310293501 17
1310293561 18
1310293621 17
1310293682 18
1310293741 19
1310293801 18
1310293861 18
1310293921 18
1310293981 18
1310294041 17
1310294101 18
1310294161 16
1310294221 17
1310294282 16
1310294341 16
1310294401 15
1310294461 15
1310294521 16
1310294581 16
1310294641 18
1310294701 18
1310294761 18
1310294821 17
1310294882 18
1310294941 16
1310295001 18
1310295061 17
1310295121 16
1310295181 18
1310295241 16
1310295301 17
1310295361 17
1310295421 17
1310295481 13
1310295542 16
1310295601 14
1310295661 17
1310295721 18
1310295781 16
1310295841 17
1310295901 17
1310295961 18
1310296021 18
1310296081 18
1310296142 16
1310296201 18
1310296261 17
1310296321 15
1310296381 16
1310296441 12
1310296501 12
1310296561 13
1310296621 14
1310296681 14
1310296742 14
1310296801 12
1310296861 12
1310296921 14
1310296981 12
1310297041 13
1310297101 13
1310297161 14
1310297221 12
1310297281 14
1310297341 15
1310297402 15
1310297461 15
1310297521 15
1310297581 15
1310297641 14
1310297701 15
1310297761 13
1310297821 15
1310297881 14
1310297941 14
1310298002 15
1310298062 14
1310298121 16
1310298181 16
1310298241 16
1310298301 15
1310298361 15
1310298421 15
1310298481 16
1310298541 14
1310298601 16
1310298661 16
1310298722 15
1310298781 15
1310298841 16
1310298901 14
1310298961 15
1310299021 16
1310299081 15
1310299141 16
1310299201 15
1310299261 17
1310299322 15
1310299381 17
1310299441 17
1310299501 17
1310299561 14
1310299621 14
1310299681 15
1310299741 13
1310299801 14
1310299862 12
1310299921 16
1310299981 16
1310300041 15
1310300101 17
1310300161 17
1310300221 17
1310300281 17
1310300341 18
1310300401 16
1310300462 17
1310300521 15
1310300581 17
1310300641 18
1310300701 17
1310300761 18
1310300821 17
1310300881 18
1310300941 18
1310301001 18
1310301062 18
1310301121 17
1310301181 18
1310301241 18
1310301301 18
1310301361 18
1310301421 19
1310301481 19
1310301541 17
1310301601 18
1310301662 18
1310301721 18
1310301781 15
1310301841 17
1310301901 17
1310301961 18
1310302021 16
1310302081 16
1310302141 17
1310302201 16
1310302261 16
1310302322 17
1310302382 17
1310302441 14
1310302501 17
1310302561 16
1310302621 17
1310302681 16
1310302741 17
1310302801 16
1310302861 15
1310302921 17
1310302982 17
1310303041 18
1310303101 15
1310303161 19
1310303221 19
1310303281 19
1310303341 19
1310303401 19
1310303461 19
1310303521 17
1310303581 17
1310303641 17
1310303701 17
1310303761 16
1310303821 17
1310303881 17
1310303941 17
1310304001 19
1310304061 21
1310304121 21
1310304181 20
1310304242 20
1310304302 21
1310304361 19
1310304421 20
1310304481 21
1310304541 21
1310304601 19
1310304661 20
1310304721 21
1310304781 20
1310304842 19
1310304901 19
1310304961 19
1310305021 21
1310305081 19
1310305141 21
1310305201 21
1310305261 18
1310305321 20
1310305381 21
1310305442 21
1310305501 20
1310305561 20
1310305621 21
1310305681 21
1310305741 21
1310305801 21
1310305861 21
1310305921 20
1310305981 23
1310306042 23
1310306101 23
1310306161 21
1310306221 20
1310306281 21
1310306341 18
1310306401 23
1310306461 23
1310306521 22
1310306581 21
1310306642 20
1310306701 21
1310306761 21
1310306821 22
1310306881 22
1310306941 22
1310307001 18
1310307061 23
1310307121 23
1310307181 22
1310307241 22
1310307302 23
1310307361 22
1310307421 20
1310307481 22
1310307541 21
1310307601 20
1310307661 16
1310307721 20
1310307781 22
1310307841 24
1310307901 22
1310307961 24
1310308021 24
1310308081 23
1310308141 24
1310308201 25
1310308261 25
1310308321 24
1310308381 23
1310308441 24
1310308502 25
1310308561 24
1310308621 25
1310308681 24
1310308741 23
1310308801 24
1310308861 25
1310308921 23
1310308981 25
1310309041 25
1310309101 24
1310309161 24
1310309221 23
1310309281 24
1310309341 24
1310309401 22
1310309461 23
1310309522 22
1310309581 17
1310309641 21
1310309701 22
1310309761 22
1310309821 22
1310309881 20
1310309941 22
1310310001 22
1310310061 21
1310310121 20
1310310182 22
1310310241 20
1310310301 21
1310310361 22
1310310421 22
1310310481 22
1310310541 22
1310310601 22
1310310661 22
1310310721 22
1310310781 19
1310310842 18
1310310901 20
1310310961 22
1310311021 21
1310311081 21
1310311141 21
1310311201 21
1310311261 20
1310311322 21
1310311381 21
1310311441 21
1310311501 19
1310311561 18
1310311621 20
1310311681 19
1310311741 18
1310311801 19
1310311861 20
1310311921 19
1310311982 19
1310312041 16
1310312101 16
1310312161 16
1310312221 15
1310312281 15
1310312341 14
1310312401 15
1310312461 14
1310312521 15
1310312581 15
1310312642 14
1310312701 13
1310312761 12
1310312821 14
1310312881 14
1310312941 14
1310313001 14
1310313061 15
1310313121 15
1310313181 15
1310313242 15
1310313301 14
1310313361 13
1310313421 12
1310313481 13
1310313541 12
1310313601 12
