1315411262 46
1315411322 47
1315411381 46
1315411441 46
1315411501 45
1315411561 45
1315411621 45
1315411681 42
1315411741 40
1315411801 41
1315411861 42
1315411921 40
1315411982 41
1315412041 37
1315412101 39
1315412161 40
1315412221 40
1315412281 39
1315412341 37
1315412403 35
1315412461 35
1315412521 36
1315412581 36
1315412641 36
1315412701 34
1315412762 34
1315412821 35
1315412881 35
1315412941 33
1315413001 35
1315413061 33
1315413121 31
1315413181 30
1315413241 29
1315413301 32
1315413362 31
1315413421 30
1315413481 30
1315413541 31
1315413601 30
1315413661 28
1315413721 29
1315413781 28
1315413841 30
1315413902 28
1315413962 26
1315414021 28
1315414081 29
1315414141 30
1315414201 28
1315414261 29
1315414321 28
1315414381 27
1315414441 27
1315414501 27
1315414561 28
1315414622 26
1315414681 27
1315414741 27
1315414801 26
1315414861 26
1315414921 23
1315414981 26
1315415042 25
1315415101 25
1315415161 26
1315415221 27
1315415281 25
1315415341 25
1315415401 26
1315415461 26
1315415521 27
1315415581 25
1315415641 24
1315415702 25
1315415761 25
1315415821 23
1315415881 23
1315415941 22
1315416001 22
1315416061 21
1315416121 23
1315416181 23
1315416241 22
1315416302 21
1315416362 22
1315416421 24
1315416481 24
1315416542 23
1315416601 25
1315416661 23
1315416721 22
1315416781 24
1315416841 24
1315416901 22
1315416961 22
1315417021 22
1315417081 22
1315417141 21
1315417202 20
1315417261 22
1315417321 20
1315417381 21
1315417441 21
1315417501 22
1315417561 21
1315417621 21
1315417681 21
1315417741 22
1315417802 21
1315417861 19
1315417921 22
1315417981 21
1315418041 21
1315418101 21
1315418161 20
1315418221 22
1315418281 23
1315418341 22
1315418402 23
1315418462 22
1315418521 22
1315418581 18
1315418641 22
1315418701 20
1315418761 20
1315418821 19
1315418881 20
1315418941 20
1315419001 20
1315419061 19
1315419121 19
1315419181 19
1315419241 18
1315419302 19
1315419361 19
1315419421 18
1315419481 19
1315419541 16
1315419601 17
1315419661 17
1315419721 17
1315419781 17
1315419841 17
1315419902 16
1315419961 17
1315420021 17
1315420081 16
1315420141 16
1315420201 16
1315420261 16
1315420321 17
1315420382 17
1315420441 15
1315420501 16
1315420561 16
1315420621 17
1315420681 16
1315420741 15
1315420801 14
1315420862 15
1315420921 14
1315420981 15
1315421041 15
1315421101 13
1315421161 14
1315421221 14
1315421281 15
1315421342 15
1315421401 15
1315421461 14
1315421521 15
1315421581 14
1315421641 15
1315421701 15
1315421761 15
1315421822 15
1315421882 14
1315421941 14
1315422001 13
1315422061 15
1315422121 14
1315422181 15
1315422241 14
1315422301 15
1315422362 14
1315422422 14
1315422481 15
1315422541 14
1315422601 15
1315422661 14
1315422721 15
1315422781 14
1315422841 15
1315422902 14
1315422961 14
1315423021 14
1315423081 14
1315423141 14
1315423201 14
1315423261 13
1315423321 11
1315423381 13
1315423442 8
1315423501 11
1315423561 10
1315423621 10
1315423681 10
1315423741 11
1315423801 11
1315423861 11
1315423921 12
1315423981 12
1315424042 12
1315424101 9
1315424161 12
1315424221 11
1315424281 11
1315424341 12
1315424401 12
1315424461 10
1315424522 10
1315424581 9
1315424641 11
1315424701 11
1315424761 8
1315424821 11
1315424881 10
1315424941 10
1315425002 11
1315425062 11
1315425121 11
1315425181 10
1315425241 10
1315425301 10
1315425361 11
1315425421 8
1315425481 11
1315425541 10
1315425602 10
1315425661 11
1315425721 11
1315425781 11
1315425841 10
1315425901 11
1315425961 10
1315426021 11
1315426081 8
1315426142 11
1315426201 10
1315426261 10
1315426321 11
1315426381 11
1315426441 11
1315426501 9
1315426561 10
1315426622 10
1315426682 11
1315426741 9
1315426801 11
1315426861 10
1315426921 9
1315426981 11
1315427041 11
1315427101 11
1315427162 9
1315427221 10
1315427281 10
1315427341 11
1315427401 9
1315427461 11
1315427521 10
1315427581 9
1315427641 11
1315427702 11
1315427761 11
1315427821 10
1315427881 10
1315427941 10
1315428001 10
1315428061 10
1315428121 10
1315428181 11
1315428242 12
1315428302 12
1315428361 12
1315428421 11
1315428481 11
1315428541 11
1315428601 11
1315428661 12
1315428721 11
1315428782 10
1315428841 10
1315428901 12
1315428961 12
1315429021 12
1315429081 11
1315429141 11
1315429201 11
1315429262 10
1315429321 12
1315429381 12
1315429441 10
1315429501 11
1315429561 12
1315429621 12
1315429681 12
1315429742 12
1315429802 11
1315429861 12
1315429921 9
1315429981 11
1315430041 12
1315430101 9
1315430161 11
1315430222 12
1315430281 12
1315430341 12
1315430401 13
1315430461 12
1315430521 13
1315430581 12
1315430641 13
1315430702 14
1315430762 13
1315430821 16
1315430881 16
1315430941 14
1315431001 14
1315431061 15
1315431121 15
1315431181 15
1315431241 13
1315431302 16
1315431361 16
1315431421 14
1315431481 15
1315431541 15
1315431601 15
1315431661 14
1315431721 15
1315431782 14
1315431841 14
1315431901 13
1315431961 12
1315432021 13
1315432081 13
1315432141 14
1315432201 14
1315432262 13
1315432321 13
1315432381 15
1315432441 14
1315432501 14
1315432561 12
1315432621 12
1315432681 14
1315432741 13
1315432802 14
1315432861 14
1315432921 13
1315432981 11
1315433041 12
1315433101 12
1315433162 13
1315433221 12
1315433281 11
1315433341 13
1315433401 13
1315433461 13
1315433521 13
1315433581 13
1315433641 11
1315433701 12
1315433762 11
1315433821 11
1315433881 9
1315433941 8
1315434001 9
1315434061 10
1315434121 10
1315434181 10
1315434241 10
1315434302 9
1315434361 10
1315434421 9
1315434481 9
1315434541 9
1315434601 8
1315434661 9
1315434721 11
1315434781 12
1315434841 12
1315434902 11
1315434962 11
1315435021 12
1315435081 13
1315435141 14
1315435201 13
1315435261 12
1315435321 12
1315435381 13
1315435441 13
1315435501 12
1315435561 12
1315435622 12
1315435682 12
1315435741 10
1315435801 10
1315435861 11
1315435921 10
1315435981 12
1315436041 13
1315436101 13
1315436161 12
1315436221 13
1315436282 12
1315436342 13
1315436401 13
1315436461 12
1315436521 13
1315436581 11
1315436641 12
1315436701 13
1315436761 13
1315436821 13
1315436882 15
1315436941 14
1315437001 15
1315437061 15
1315437121 15
1315437181 16
1315437241 17
1315437301 19
1315437362 21
1315437421 22
1315437481 22
1315437541 26
1315437601 27
1315437661 27
1315437721 28
1315437781 30
1315437841 27
1315437902 27
1315437961 26
1315438021 24
1315438081 26
1315438141 26
1315438201 27
1315438261 27
1315438321 28
1315438381 30
1315438442 31
1315438502 31
1315438561 32
1315438621 35
1315438681 34
1315438741 36
1315438801 37
1315438861 36
1315438921 38
1315438982 37
1315439041 40
1315439101 41
1315439161 43
1315439221 48
1315439281 49
1315439341 49
1315439401 53
1315439462 58
1315439521 57
1315439581 58
1315439641 58
1315439701 57
1315439761 62
1315439821 58
1315439881 58
1315439941 59
1315440001 57
1315440061 58
1315440121 56
1315440181 60
1315440241 59
1315440301 61
1315440361 65
1315440421 67
1315440482 70
1315440541 68
1315440601 68
1315440661 69
1315440721 72
1315440781 77
1315440841 78
1315440902 82
1315440962 78
1315441021 81
1315441081 84
1315441141 83
1315441201 87
1315441261 82
1315441321 87
1315441381 84
1315441441 84
1315441502 87
1315441561 85
1315441621 86
1315441681 88
1315441741 90
1315441801 88
1315441861 90
1315441921 92
1315441982 91
1315442041 96
1315442101 94
1315442161 97
1315442221 96
1315442281 95
1315442341 99
1315442401 101
1315442461 106
1315442522 106
1315442582 110
1315442641 109
1315442701 116
1315442761 112
1315442821 111
1315442881 119
1315442941 118
1315443002 120
1315443061 119
1315443121 120
1315443181 126
1315443241 128
1315443301 127
1315443361 132
1315443421 135
1315443481 136
1315443541 137
1315443602 138
1315443661 143
1315443721 146
1315443781 145
1315443841 146
1315443901 145
1315443961 144
1315444021 143
1315444081 144
1315444141 145
1315444201 151
1315444261 148
1315444322 148
1315444382 150
1315444441 148
1315444501 155
1315444561 159
1315444621 161
1315444681 160
1315444741 157
1315444801 154
1315444861 160
1315444922 159
1315444981 160
1315445041 164
1315445101 158
1315445161 164
1315445221 167
1315445281 162
1315445341 166
1315445401 171
1315445462 177
1315445521 177
1315445581 175
1315445641 177
1315445701 179
1315445761 170
1315445821 169
1315445881 172
1315445941 175
1315446001 175
1315446062 172
1315446121 175
1315446181 175
1315446241 178
1315446301 179
1315446361 177
1315446421 176
1315446481 182
1315446541 182
1315446602 186
1315446661 188
1315446721 186
1315446781 186
1315446841 182
1315446901 184
1315446961 195
1315447021 197
1315447082 193
1315447141 195
1315447201 200
1315447261 199
1315447321 204
1315447381 207
1315447441 205
1315447501 204
1315447562 199
1315447621 197
1315447681 200
1315447741 201
1315447801 197
1315447861 201
1315447921 198
1315447981 199
1315448041 205
1315448102 211
1315448161 204
1315448221 209
1315448281 207
1315448341 202
1315448401 203
1315448461 212
1315448521 211
1315448581 208
1315448642 202
1315448701 200
1315448761 201
1315448821 199
1315448881 201
1315448941 207
1315449001 202
1315449061 201
1315449121 204
1315449181 206
1315449241 206
1315449302 207
1315449361 210
1315449421 207
1315449481 212
1315449541 203
1315449601 204
1315449661 204
1315449721 207
1315449781 206
1315449842 207
1315449902 211
1315449961 211
1315450021 208
1315450081 203
1315450141 209
1315450201 213
1315450261 214
1315450321 213
1315450382 215
1315450442 217
1315450501 216
1315450561 216
1315450621 226
1315450681 224
1315450741 227
1315450801 228
1315450861 231
1315450921 229
1315450982 232
1315451041 225
1315451101 222
1315451161 224
1315451221 226
1315451281 228
1315451341 222
1315451401 223
1315451461 220
1315451522 219
1315451581 221
1315451641 223
1315451701 224
1315451761 226
1315451821 223
1315451881 223
1315451941 224
1315452001 226
1315452061 225
1315452121 226
1315452181 226
1315452241 232
1315452302 234
1315452362 236
1315452421 238
1315452481 237
1315452541 239
1315452601 238
1315452661 234
1315452721 238
1315452781 239
1315452842 248
1315452901 253
1315452961 255
1315453021 251
1315453081 252
1315453141 259
1315453202 256
1315453262 256
1315453322 252
1315453381 259
1315453441 258
1315453501 252
1315453561 252
1315453621 252
1315453681 256
1315453741 244
1315453801 249
1315453862 247
1315453921 246
1315453981 247
1315454041 243
1315454101 244
1315454161 240
1315454221 241
1315454281 242
1315454341 240
1315454402 239
1315454461 241
1315454521 241
1315454581 233
1315454641 232
1315454701 235
1315454761 238
1315454821 239
1315454882 236
1315454941 236
1315455001 230
1315455061 228
1315455121 229
1315455181 223
1315455241 225
1315455301 224
1315455361 219
1315455422 219
1315455481 217
1315455541 225
1315455601 227
1315455661 223
1315455721 224
1315455781 225
1315455841 228
1315455902 232
1315455961 232
1315456021 230
1315456081 231
1315456141 228
1315456201 231
1315456261 232
1315456321 225
1315456381 226
1315456442 226
1315456502 221
1315456561 229
1315456621 230
1315456681 231
1315456741 231
1315456801 225
1315456861 229
1315456921 234
1315456982 235
1315457042 232
1315457101 234
1315457161 232
1315457221 237
1315457281 239
1315457341 238
1315457401 237
1315457462 238
1315457522 236
1315457581 234
1315457641 233
1315457701 230
1315457761 235
1315457821 236
1315457881 242
1315457941 238
1315458002 239
1315458062 239
1315458121 239
1315458181 241
1315458241 244
1315458301 241
1315458361 238
1315458421 241
1315458481 236
1315458541 241
1315458602 241
1315458661 243
1315458721 247
1315458781 247
1315458841 246
1315458901 246
1315458961 243
1315459022 246
1315459081 249
1315459141 245
1315459201 246
1315459261 244
1315459321 241
1315459381 244
1315459441 251
1315459502 248
1315459562 250
1315459621 248
1315459681 252
1315459741 255
1315459801 257
1315459861 251
1315459921 259
1315459981 253
1315460041 255
1315460101 261
1315460162 257
1315460221 260
1315460281 261
1315460341 260
1315460402 260
1315460461 260
1315460522 251
1315460581 271
1315460641 265
1315460701 261
1315460761 266
1315460821 260
1315460881 263
1315460941 269
1315461002 275
1315461062 281
1315461121 279
1315461181 270
1315461241 274
1315461301 283
1315461361 279
1315461421 284
1315461481 285
1315461541 285
1315461602 288
1315461661 288
1315461721 286
1315461781 282
1315461841 286
1315461901 276
1315461961 284
1315462022 283
1315462081 287
1315462141 298
1315462201 296
1315462261 303
1315462321 304
1315462381 314
1315462441 307
1315462502 316
1315462561 316
1315462621 316
1315462681 311
1315462741 306
1315462801 308
1315462861 302
1315462921 307
1315462981 302
1315463042 303
1315463101 302
1315463161 306
1315463221 308
1315463281 302
1315463341 300
1315463401 304
1315463461 309
1315463522 308
1315463581 309
1315463641 311
1315463701 314
1315463761 315
1315463821 312
1315463881 313
1315463941 321
1315464002 322
1315464061 316
1315464121 326
1315464181 319
1315464241 321
1315464301 314
1315464362 311
1315464421 312
1315464481 318
1315464541 314
1315464601 312
1315464661 312
1315464721 311
1315464781 311
1315464841 310
1315464902 302
1315464961 300
1315465021 302
1315465081 298
1315465141 300
1315465202 300
1315465262 310
1315465322 306
1315465381 314
1315465441 311
1315465501 313
1315465561 308
1315465621 308
1315465681 310
1315465741 307
1315465801 308
1315465861 298
1315465921 300
1315465981 300
1315466041 300
1315466101 297
1315466161 300
1315466222 297
1315466281 304
1315466341 301
1315466401 307
1315466461 310
1315466521 309
1315466581 300
1315466642 301
1315466701 303
1315466761 300
1315466821 297
1315466881 293
1315466941 296
1315467001 292
1315467062 288
1315467122 295
1315467181 295
1315467241 284
1315467301 289
1315467361 286
1315467421 276
1315467481 276
1315467541 274
1315467602 275
1315467662 266
1315467721 267
1315467781 269
1315467841 272
1315467901 266
1315467961 255
1315468021 254
1315468081 247
1315468142 241
1315468201 234
1315468261 242
1315468321 232
1315468381 236
1315468441 230
1315468501 232
1315468561 232
1315468622 232
1315468681 235
1315468741 232
1315468801 226
1315468861 221
1315468921 217
1315468981 218
1315469041 218
1315469102 215
1315469161 212
1315469221 213
1315469281 205
1315469341 205
1315469401 203
1315469461 201
1315469521 197
1315469581 199
1315469642 198
1315469702 194
1315469761 196
1315469821 190
1315469881 186
1315469941 186
1315470001 181
1315470061 179
1315470121 176
1315470182 170
1315470241 171
1315470301 171
1315470361 166
1315470421 170
1315470481 170
1315470541 167
1315470601 165
1315470661 166
1315470721 160
1315470782 160
1315470841 156
1315470901 154
1315470961 160
1315471021 162
1315471081 163
1315471141 156
1315471201 153
1315471261 155
1315471321 150
1315471382 145
1315471442 143
1315471501 142
1315471561 136
1315471621 136
1315471681 130
1315471741 132
1315471801 132
1315471861 127
1315471921 127
1315471981 123
1315472041 122
1315472101 120
1315472162 120
1315472221 121
1315472281 121
1315472341 123
1315472401 126
1315472461 122
1315472521 125
1315472581 124
1315472642 124
1315472702 120
1315472761 120
1315472821 111
1315472881 112
1315472941 108
1315473002 103
1315473061 101
1315473121 101
1315473181 103
1315473242 105
1315473302 104
1315473362 100
1315473421 97
1315473481 95
1315473541 98
1315473601 98
1315473661 97
1315473721 91
1315473781 86
1315473842 85
1315473901 82
1315473961 81
1315474021 82
1315474081 83
1315474141 79
1315474201 78
1315474261 76
1315474321 77
1315474381 75
1315474441 74
1315474502 75
1315474561 75
1315474621 76
1315474681 73
1315474741 75
1315474801 76
1315474861 74
1315474921 77
1315474981 74
1315475041 73
1315475102 75
1315475161 72
1315475221 72
1315475281 72
1315475341 73
1315475401 73
1315475461 73
1315475521 69
1315475581 66
1315475641 69
1315475701 68
1315475761 66
1315475821 68
1315475881 71
1315475941 68
1315476001 68
1315476061 71
1315476121 74
1315476181 74
1315476241 72
1315476301 72
1315476362 71
1315476421 69
1315476481 64
1315476541 67
1315476601 64
1315476661 62
1315476721 60
1315476781 60
1315476841 59
1315476901 59
1315476961 61
1315477022 58
1315477081 56
1315477141 58
1315477201 59
1315477261 58
1315477321 57
1315477381 59
1315477441 58
1315477501 60
1315477561 58
1315477622 57
1315477682 58
1315477741 56
1315477801 62
1315477861 66
1315477921 65
1315477981 67
1315478041 67
1315478101 66
1315478161 65
1315478221 66
1315478282 65
1315478342 63
1315478401 60
1315478461 57
1315478521 59
1315478581 55
1315478641 56
1315478701 57
1315478761 60
1315478821 57
1315478881 56
1315478942 57
1315479001 57
1315479061 61
1315479121 61
1315479181 63
1315479241 63
1315479301 63
1315479361 62
1315479421 64
1315479481 64
1315479541 63
1315479602 65
1315479661 64
1315479721 66
1315479781 66
1315479841 65
1315479901 65
1315479961 65
1315480021 64
1315480081 63
1315480141 64
1315480202 64
1315480261 61
1315480321 63
1315480381 66
1315480441 70
1315480501 71
1315480561 71
1315480621 71
1315480681 76
1315480742 74
1315480801 75
1315480861 77
1315480921 79
1315480981 82
1315481041 81
1315481101 81
1315481161 81
1315481221 84
1315481281 88
1315481342 87
1315481401 84
1315481461 87
1315481521 88
1315481581 84
1315481641 86
1315481701 85
1315481761 84
1315481821 84
1315481882 82
1315481941 85
1315482001 84
1315482061 85
1315482121 83
1315482181 87
1315482241 88
1315482301 87
1315482361 91
1315482421 89
1315482482 90
1315482541 89
1315482601 92
1315482661 89
1315482721 91
1315482781 89
1315482841 91
1315482901 95
1315482961 92
1315483021 94
1315483082 95
1315483141 93
1315483201 89
1315483261 90
1315483321 90
1315483381 93
1315483441 91
1315483501 94
1315483561 96
1315483621 98
1315483682 101
1315483742 105
1315483801 104
1315483861 105
1315483921 105
1315483981 106
1315484041 105
1315484101 106
1315484161 107
1315484221 104
1315484281 101
1315484342 102
1315484402 104
1315484461 101
1315484521 105
1315484581 103
1315484641 107
1315484701 105
1315484761 104
1315484822 104
1315484882 101
1315484941 103
1315485001 104
1315485061 105
1315485121 104
1315485181 108
1315485241 106
1315485301 107
1315485361 108
1315485421 109
1315485482 112
1315485541 108
1315485601 106
1315485661 108
1315485721 105
1315485781 108
1315485841 110
1315485901 110
1315485961 112
1315486022 110
1315486082 110
1315486141 108
1315486201 109
1315486261 110
1315486321 112
1315486381 109
1315486441 110
1315486501 109
1315486561 111
1315486622 111
1315486681 112
1315486741 115
1315486801 113
1315486861 112
1315486921 111
1315486981 110
1315487041 110
1315487101 109
1315487161 105
1315487222 108
1315487281 110
1315487341 108
1315487401 108
1315487461 108
1315487521 106
1315487581 104
1315487641 105
1315487701 105
1315487761 108
1315487822 105
1315487881 98
1315487941 105
1315488001 103
1315488061 100
1315488121 103
1315488181 102
1315488241 101
1315488302 104
1315488361 105
1315488421 105
1315488482 105
1315488542 103
1315488601 103
1315488661 104
1315488721 103
1315488781 102
1315488841 103
1315488901 101
1315488961 98
1315489021 99
1315489082 102
1315489142 99
1315489201 102
1315489261 98
1315489321 102
1315489381 98
1315489441 97
1315489501 98
1315489561 96
1315489621 98
1315489682 96
1315489741 93
1315489801 97
1315489861 100
1315489921 96
1315489981 98
1315490041 89
1315490101 93
1315490161 93
1315490221 95
1315490282 93
1315490342 93
1315490401 93
1315490461 91
1315490521 90
1315490581 93
1315490641 92
1315490701 88
1315490761 86
1315490821 85
1315490881 83
1315490942 82
1315491002 84
1315491061 83
1315491121 85
1315491181 83
1315491241 83
1315491301 86
1315491361 90
1315491421 87
1315491481 87
1315491542 83
1315491602 86
1315491661 87
1315491721 86
1315491781 85
1315491841 85
1315491901 81
1315491961 81
1315492021 81
1315492081 84
1315492141 85
1315492202 87
1315492261 86
1315492322 82
1315492381 81
1315492441 84
1315492501 81
1315492561 82
1315492621 80
1315492681 75
1315492741 75
1315492801 68
1315492861 71
1315492922 68
1315492982 71
1315493041 70
1315493101 70
1315493161 64
1315493221 68
1315493281 69
1315493341 70
1315493401 66
1315493461 68
1315493521 68
1315493582 68
1315493641 67
1315493701 68
1315493761 68
1315493821 66
1315493881 67
1315493941 68
1315494001 68
1315494061 64
1315494121 68
1315494182 63
1315494242 68
1315494301 64
1315494361 68
1315494421 67
1315494481 70
1315494541 67
1315494601 69
1315494661 67
1315494721 71
1315494782 70
1315494842 67
1315494901 69
1315494961 67
1315495021 69
1315495081 68
1315495141 68
1315495201 70
1315495261 68
1315495321 63
1315495382 65
1315495441 65
1315495501 63
1315495561 64
1315495621 61
1315495681 60
1315495741 59
1315495801 55
1315495861 55
1315495921 58
1315495981 56
1315496042 56
1315496101 55
1315496161 52
1315496221 53
1315496281 51
1315496341 52
1315496401 52
1315496461 53
1315496521 49
1315496582 48
1315496641 47
1315496701 47
1315496761 46
1315496821 44
1315496881 45
1315496941 45
1315497001 45
1315497061 42
1315497122 42
1315497181 40
1315497241 39
1315497301 39
1315497361 40
1315497421 38
1315497481 42
1315497541 42
1315497602 43
