1308585661 16
1308585721 15
1308585782 15
1308585841 15
1308585901 16
1308585961 16
1308586021 13
1308586081 14
1308586141 14
1308586201 16
1308586261 15
1308586321 16
1308586381 16
1308586441 15
1308586502 15
1308586561 15
1308586621 15
1308586681 14
1308586741 16
1308586801 12
1308586861 12
1308586921 12
1308586981 13
1308587041 13
1308587102 11
1308587162 11
1308587221 11
1308587281 11
1308587341 10
1308587401 10
1308587461 11
1308587521 10
1308587581 10
1308587641 11
1308587701 10
1308587761 8
1308587821 9
1308587882 10
1308587941 11
1308588001 10
1308588061 9
1308588121 12
1308588181 11
1308588241 11
1308588301 12
1308588361 13
1308588421 12
1308588481 12
1308588541 12
1308588602 12
1308588661 12
1308588721 9
1308588781 12
1308588841 11
1308588901 11
1308588961 11
1308589021 11
1308589081 12
1308589141 13
1308589201 14
1308589261 13
1308589322 13
1308589381 13
1308589441 11
1308589502 10
1308589561 9
1308589621 10
1308589681 8
1308589741 7
1308589801 9
1308589861 10
1308589921 10
1308589981 10
1308590041 11
1308590101 11
1308590161 12
1308590222 12
1308590281 13
1308590341 10
1308590401 8
1308590461 9
1308590521 9
1308590581 9
1308590641 7
1308590702 7
1308590761 6
1308590821 7
1308590881 5
1308590941 6
1308591001 6
1308591061 6
1308591121 7
1308591181 7
1308591241 7
1308591301 7
1308591361 7
1308591421 6
1308591482 7
1308591541 5
1308591601 5
1308591661 5
1308591721 3
1308591781 5
1308591841 5
1308591901 6
1308591961 6
1308592021 7
1308592081 6
1308592141 7
1308592202 6
1308592261 6
1308592321 7
1308592381 6
1308592441 10
1308592501 9
1308592561 9
1308592621 8
1308592681 8
1308592741 8
1308592801 10
1308592861 10
1308592922 9
1308592981 9
1308593041 7
1308593101 6
1308593161 6
1308593221 6
1308593281 6
1308593341 6
1308593401 4
1308593461 4
1308593521 4
1308593581 5
1308593642 4
1308593701 5
1308593761 5
1308593821 5
1308593881 5
1308593941 5
1308594001 5
1308594061 5
1308594121 4
1308594181 3
1308594241 4
1308594302 3
1308594361 4
1308594421 4
1308594481 4
1308594541 4
1308594601 4
1308594661 3
1308594721 4
1308594781 4
1308594841 3
1308594901 3
1308594961 2
1308595021 3
1308595082 3
1308595141 3
1308595201 3
1308595261 3
1308595321 2
1308595381 2
1308595441 3
1308595501 3
1308595561 3
1308595621 2
1308595681 3
1308595741 3
1308595802 3
1308595861 3
1308595921 3
1308595981 3
1308596041 2
1308596101 3
1308596161 3
1308596221 3
1308596281 2
1308596341 3
1308596402 3
1308596461 3
1308596521 3
1308596581 2
1308596641 3
1308596701 2
1308596761 3
1308596821 3
1308596881 3
1308596941 2
1308597002 3
1308597061 3
1308597121 3
1308597181 3
1308597241 2
1308597301 3
1308597361 3
1308597421 2
1308597481 3
1308597541 3
1308597601 2
1308597662 3
1308597721 3
1308597781 3
1308597841 3
1308597901 2
1308597961 3
1308598021 3
1308598081 2
1308598141 3
1308598201 3
1308598261 2
1308598322 3
1308598381 3
1308598441 3
1308598501 3
1308598561 2
1308598621 3
1308598681 3
1308598741 2
1308598801 3
1308598861 3
1308598921 2
1308598982 3
1308599041 3
1308599101 3
1308599161 3
1308599221 3
1308599281 2
1308599341 3
1308599401 2
1308599461 3
1308599521 3
1308599582 2
1308599641 3
1308599701 3
1308599761 3
1308599821 3
1308599881 3
1308599941 2
1308600001 3
1308600061 2
1308600121 3
1308600181 3
1308600242 2
1308600301 3
1308600361 3
1308600421 3
1308600481 3
1308600541 3
1308600601 2
1308600661 4
1308600721 3
1308600781 4
1308600841 4
1308600901 4
1308600961 3
1308601021 3
1308601081 4
1308601141 4
1308601201 4
1308601261 3
1308601321 3
1308601381 2
1308601442 3
1308601501 3
1308601561 3
1308601621 3
1308601681 3
1308601741 2
1308601801 2
1308601861 2
1308601921 1
1308601981 2
1308602041 1
1308602101 2
1308602161 2
1308602222 2
1308602281 2
1308602341 2
1308602401 2
1308602461 2
1308602521 2
1308602581 1
1308602641 2
1308602701 1
1308602761 2
1308602821 2
1308602881 2
1308602941 2
1308603002 3
1308603061 3
1308603121 3
1308603181 3
1308603241 2
1308603301 3
1308603361 2
1308603421 3
1308603481 3
1308603541 3
1308603601 3
1308603662 2
1308603721 2
1308603781 2
1308603841 2
1308603901 1
1308603961 2
1308604021 1
1308604081 2
1308604141 2
1308604201 2
1308604261 2
1308604321 2
1308604382 3
1308604441 4
1308604501 4
1308604561 3
1308604621 4
1308604681 3
1308604741 3
1308604801 3
1308604861 3
1308604921 3
1308604981 2
1308605041 1
1308605102 3
1308605161 3
1308605221 2
1308605281 3
1308605341 3
1308605401 3
1308605461 3
1308605521 3
1308605581 3
1308605641 3
1308605701 3
1308605762 2
1308605821 4
1308605881 4
1308605941 4
1308606001 4
1308606061 4
1308606121 4
1308606181 4
1308606241 4
1308606301 4
1308606361 4
1308606421 3
1308606482 2
1308606541 3
1308606601 3
1308606661 3
1308606721 3
1308606781 3
1308606841 3
1308606901 3
1308606961 3
1308607021 4
1308607081 3
1308607141 3
1308607201 4
1308607199 4
1308607200 4
1308607261 4
1308607321 4
1308607381 4
1308607441 4
1308607502 4
1308607562 3
1308607621 3
1308607681 3
1308607741 2
1308607801 2
1308607861 3
1308607921 3
1308607981 3
1308608041 3
1308608101 3
1308608161 3
1308608222 3
1308608281 2
1308608341 3
1308608401 3
1308608461 3
1308608521 4
1308608581 4
1308608641 4
1308608701 4
1308608761 4
1308608821 4
1308608882 4
1308608941 3
1308609001 3
1308609061 2
1308609121 1
1308609181 2
1308609241 2
1308609301 2
1308609361 2
1308609421 2
1308609481 2
1308609542 2
1308609601 2
1308609661 2
1308609721 2
1308609781 1
1308609841 2
1308609901 3
1308609961 3
1308610021 3
1308610081 3
1308610141 4
1308610201 4
1308610262 6
1308610321 6
1308610381 6
1308610441 5
1308610501 6
1308610561 5
1308610621 6
1308610681 8
1308610741 8
1308610801 7
1308610861 8
1308610922 10
1308610981 10
1308611041 10
1308611101 10
1308611161 12
1308611221 12
1308611281 10
1308611341 11
1308611401 11
1308611461 11
1308611521 13
1308611581 14
1308611641 14
1308611702 14
1308611761 12
1308611821 12
1308611881 12
1308611941 11
1308612001 11
1308612061 8
1308612121 7
1308612181 8
1308612241 10
1308612301 10
1308612362 11
1308612421 11
1308612481 15
1308612541 14
1308612601 16
1308612661 16
1308612721 15
1308612781 14
1308612841 13
1308612901 16
1308612961 15
1308613021 16
1308613082 15
1308613141 18
1308613201 18
1308613261 19
1308613321 19
1308613381 21
1308613441 21
1308613501 22
1308613561 22
1308613621 22
1308613681 21
1308613742 23
1308613801 23
1308613861 24
1308613921 24
1308613981 24
1308614041 24
1308614101 25
1308614161 25
1308614221 26
1308614281 27
1308614341 26
1308614401 27
1308614462 29
1308614521 28
1308614581 27
1308614641 29
1308614701 28
1308614761 29
1308614821 28
1308614881 30
1308614941 29
1308615001 32
1308615061 32
1308615121 33
1308615182 36
1308615241 35
1308615301 35
1308615361 33
1308615421 34
1308615481 33
1308615541 35
1308615601 35
1308615661 34
1308615721 34
1308615781 32
1308615841 31
1308615901 29
1308615961 29
1308616021 31
1308616081 31
1308616141 30
1308616201 29
1308616261 31
1308616321 31
1308616381 29
1308616441 30
1308616501 30
1308616562 29
1308616621 30
1308616681 28
1308616741 28
1308616801 29
1308616861 29
1308616921 30
1308616981 31
1308617041 31
1308617101 36
1308617161 38
1308617221 39
1308617282 38
1308617342 42
1308617401 40
1308617461 40
1308617521 41
1308617581 43
1308617641 42
1308617701 40
1308617761 42
1308617821 44
1308617881 43
1308617941 44
1308618001 48
1308618062 47
1308618121 47
1308618181 46
1308618241 51
1308618301 49
1308618361 48
1308618421 47
1308618481 46
1308618541 46
1308618601 44
1308618661 44
1308618721 43
1308618781 43
1308618842 39
1308618901 45
1308618961 44
1308619021 45
1308619081 49
1308619141 50
1308619201 49
1308619261 50
1308619321 52
1308619381 52
1308619441 52
1308619501 49
1308619561 50
1308619622 49
1308619681 48
1308619741 46
1308619801 47
1308619861 46
1308619921 45
1308619981 44
1308620041 48
1308620101 46
1308620161 46
1308620221 45
1308620281 46
1308620341 46
1308620401 44
1308620461 46
1308620521 48
1308620581 47
1308620641 46
1308620701 47
1308620761 44
1308620821 47
1308620881 44
1308620941 44
1308621001 44
1308621061 41
1308621121 44
1308621181 45
1308621241 47
1308621301 47
1308621361 48
1308621421 48
1308621482 51
1308621541 51
1308621601 50
1308621661 48
1308621721 47
1308621781 46
1308621841 43
1308621901 49
1308621961 49
1308622021 47
1308622081 50
1308622141 51
1308622201 50
1308622261 50
1308622321 51
1308622381 50
1308622441 51
1308622501 51
1308622561 48
1308622621 47
1308622681 46
1308622741 48
1308622802 49
1308622861 50
1308622921 47
1308622981 48
1308623041 50
1308623101 52
1308623161 53
1308623221 52
1308623281 53
1308623341 53
1308623401 54
1308623462 55
1308623521 55
1308623581 57
1308623641 55
1308623701 53
1308623761 55
1308623821 53
1308623881 56
1308623941 56
1308624001 55
1308624062 60
1308624121 59
1308624181 60
1308624241 62
1308624301 60
1308624361 62
1308624421 63
1308624481 57
1308624541 57
1308624601 58
1308624661 56
1308624722 55
1308624781 58
1308624841 57
1308624901 59
1308624961 57
1308625021 63
1308625081 66
1308625141 63
1308625201 65
1308625261 68
1308625321 68
1308625381 64
1308625441 65
1308625501 63
1308625561 66
1308625621 60
1308625681 61
1308625741 60
1308625801 56
1308625861 57
1308625921 56
1308625981 54
1308626042 53
1308626101 55
1308626161 56
1308626221 57
1308626281 58
1308626341 58
1308626401 59
1308626461 57
1308626521 57
1308626581 57
1308626641 57
1308626701 56
1308626761 54
1308626822 54
1308626881 53
1308626941 54
1308627001 55
1308627061 55
1308627121 55
1308627181 57
1308627241 56
1308627301 53
1308627361 55
1308627421 59
1308627481 60
1308627542 58
1308627601 58
1308627661 60
1308627721 60
1308627781 61
1308627841 61
1308627901 61
1308627961 60
1308628021 56
1308628081 58
1308628141 60
1308628201 59
1308628262 59
1308628321 61
1308628381 58
1308628441 57
1308628501 58
1308628561 58
1308628621 60
1308628681 55
1308628741 53
1308628801 53
1308628862 51
1308628921 51
1308628981 53
1308629041 53
1308629101 53
1308629161 55
1308629221 54
1308629281 55
1308629341 53
1308629401 56
1308629461 56
1308629522 55
1308629581 54
1308629641 57
1308629701 57
1308629761 54
1308629821 55
1308629881 56
1308629941 57
1308630001 53
1308630061 53
1308630121 55
1308630182 53
1308630242 53
1308630301 54
1308630361 55
1308630421 55
1308630481 55
1308630541 54
1308630601 53
1308630661 53
1308630721 53
1308630781 54
1308630841 53
1308630902 51
1308630962 49
1308631021 49
1308631081 49
1308631141 49
1308631201 48
1308631261 48
1308631321 49
1308631381 48
1308631441 49
1308631501 49
1308631561 48
1308631622 47
1308631682 48
1308631741 48
1308631801 49
1308631861 48
1308631921 49
1308631981 49
1308632041 50
1308632101 50
1308632161 52
1308632221 50
1308632281 48
1308632342 48
1308632401 48
1308632461 48
1308632521 46
1308632581 46
1308632641 49
1308632701 49
1308632761 50
1308632821 52
1308632881 51
1308632941 51
1308633001 52
1308633062 52
1308633121 54
1308633181 53
1308633241 51
1308633301 51
1308633361 50
1308633421 49
1308633481 50
1308633541 48
1308633601 47
1308633661 48
1308633722 48
1308633781 47
1308633841 43
1308633901 44
1308633961 46
1308634021 45
1308634081 46
1308634141 48
1308634201 48
1308634261 48
1308634321 48
1308634381 49
1308634442 49
1308634501 47
1308634561 48
1308634621 46
1308634681 46
1308634741 45
1308634801 45
1308634861 43
1308634921 43
1308634981 42
1308635041 43
1308635101 44
1308635162 45
1308635221 45
1308635281 46
1308635341 46
1308635401 50
1308635461 50
1308635521 50
1308635581 48
1308635641 50
1308635701 51
1308635761 54
1308635821 54
1308635882 55
1308635941 54
1308636001 49
1308636061 50
1308636121 50
1308636181 50
1308636241 51
1308636301 53
1308636361 52
1308636421 54
1308636481 53
1308636541 54
1308636602 55
1308636661 56
1308636721 55
1308636781 56
1308636841 54
1308636901 53
1308636961 52
1308637021 53
1308637081 58
1308637141 60
1308637202 60
1308637261 60
1308637321 62
1308637381 62
1308637441 64
1308637501 65
1308637561 62
1308637621 62
1308637681 59
1308637741 59
1308637801 57
1308637862 58
1308637921 57
1308637981 57
1308638041 58
1308638101 57
1308638161 56
1308638221 56
1308638281 57
1308638341 56
1308638401 57
1308638462 56
1308638521 58
1308638581 57
1308638641 54
1308638701 56
1308638761 56
1308638821 54
1308638881 54
1308638941 55
1308639002 59
1308639061 58
1308639121 59
1308639181 60
1308639241 59
1308639301 62
1308639361 64
1308639421 64
1308639481 63
1308639541 65
1308639602 62
1308639661 64
1308639721 64
1308639781 62
1308639841 61
1308639901 61
1308639961 60
1308640021 59
1308640081 57
1308640141 54
1308640201 57
1308640262 57
1308640321 54
1308640381 54
1308640441 55
1308640501 54
1308640561 55
1308640621 56
1308640681 56
1308640741 55
1308640801 54
1308640862 55
1308640921 55
1308640981 54
1308641041 53
1308641101 54
1308641161 54
1308641221 56
1308641281 55
1308641341 56
1308641401 53
1308641461 55
1308641521 55
1308641581 55
1308641641 57
1308641701 56
1308641761 57
1308641821 57
1308641882 61
1308641941 58
1308642001 59
1308642061 60
1308642121 60
1308642181 61
1308642241 60
1308642301 61
1308642361 61
1308642421 62
1308642481 62
1308642542 63
1308642601 62
1308642661 61
1308642721 62
1308642781 62
1308642841 63
1308642901 61
1308642961 63
1308643021 59
1308643081 59
1308643141 57
1308643202 59
1308643261 56
1308643321 56
1308643381 55
1308643441 54
1308643501 52
1308643561 49
1308643621 52
1308643681 51
1308643741 52
1308643801 53
1308643862 53
1308643921 52
1308643981 50
1308644041 50
1308644101 48
1308644161 46
1308644221 46
1308644281 45
1308644341 44
1308644401 43
1308644462 42
1308644521 43
1308644581 42
1308644641 41
1308644701 39
1308644761 36
1308644821 34
1308644881 34
1308644941 33
1308645001 33
1308645061 33
1308645122 32
1308645181 30
1308645241 29
1308645301 28
1308645361 27
1308645421 25
1308645481 27
1308645541 25
1308645601 24
1308645661 24
1308645721 23
1308645781 22
1308645841 22
1308645901 22
1308645961 21
1308646021 19
1308646081 17
1308646141 18
1308646201 19
1308646261 19
1308646321 18
1308646381 19
1308646441 19
1308646501 19
1308646562 20
1308646621 19
1308646681 19
1308646741 20
1308646801 18
1308646861 18
1308646921 19
1308646981 17
1308647041 20
1308647101 25
1308647161 26
1308647221 25
1308647282 25
1308647341 25
1308647401 26
1308647461 24
1308647521 22
1308647581 24
1308647641 22
1308647701 21
1308647761 20
1308647821 19
1308647881 18
1308647941 16
1308648001 16
1308648062 18
1308648121 18
1308648181 17
1308648241 15
1308648301 13
1308648361 16
1308648421 16
1308648481 16
1308648541 14
1308648601 14
1308648661 14
1308648721 15
1308648782 17
1308648841 16
1308648901 17
1308648961 14
1308649021 17
1308649081 17
1308649141 17
1308649201 16
1308649261 15
1308649321 14
1308649381 14
1308649441 14
1308649501 15
1308649561 15
1308649621 14
1308649681 16
1308649741 16
1308649801 16
1308649861 15
1308649921 16
1308649981 14
1308650041 15
1308650101 13
1308650162 15
1308650222 14
1308650281 14
1308650341 15
1308650401 16
1308650461 16
1308650521 16
1308650581 16
1308650641 18
1308650701 19
1308650761 17
1308650821 16
1308650882 14
1308650941 16
1308651001 16
1308651061 16
1308651121 15
1308651181 15
1308651241 12
1308651301 15
1308651361 16
1308651421 16
1308651481 16
1308651541 14
1308651602 16
1308651661 16
1308651721 17
1308651781 18
1308651841 19
1308651901 18
1308651961 17
1308652021 20
1308652081 19
1308652141 19
1308652201 20
1308652261 20
1308652322 20
1308652381 18
1308652441 19
1308652501 17
1308652561 19
1308652621 16
1308652681 20
1308652741 20
1308652801 21
1308652861 20
1308652921 20
1308652981 19
1308653042 18
1308653101 18
1308653161 17
1308653221 17
1308653281 15
1308653341 17
1308653401 18
1308653461 17
1308653521 17
1308653581 18
1308653641 16
1308653702 18
1308653761 17
1308653821 16
1308653881 16
1308653941 16
1308654001 16
1308654061 17
1308654121 20
1308654181 20
1308654241 22
1308654301 21
1308654362 22
1308654421 21
1308654481 21
1308654541 21
1308654601 19
1308654661 16
1308654721 17
1308654781 18
1308654841 16
1308654901 18
1308654962 18
1308655021 19
1308655081 20
1308655141 19
1308655201 18
1308655261 18
1308655321 17
1308655381 16
1308655441 18
1308655501 17
1308655561 16
1308655621 15
1308655682 17
1308655741 17
1308655801 21
1308655861 21
1308655921 21
1308655981 19
1308656041 20
1308656101 22
1308656161 23
1308656221 24
1308656281 21
1308656342 22
1308656401 23
1308656461 24
1308656521 25
1308656581 26
1308656641 24
1308656701 26
1308656761 27
1308656821 26
1308656881 24
1308656941 25
1308657002 23
1308657062 24
1308657121 25
1308657181 25
1308657241 25
1308657301 20
1308657361 24
1308657421 24
1308657481 25
1308657541 22
1308657601 24
1308657662 25
1308657722 25
1308657781 27
1308657841 26
1308657901 26
1308657961 24
1308658021 25
1308658081 25
1308658141 25
1308658201 25
1308658261 24
1308658322 23
1308658381 26
1308658441 27
1308658501 29
1308658561 27
1308658621 30
1308658681 29
1308658741 28
1308658801 26
1308658861 27
1308658921 28
1308658981 25
1308659042 24
1308659101 28
1308659161 31
1308659221 29
1308659281 34
1308659341 36
1308659401 36
1308659461 38
1308659521 39
1308659581 37
1308659641 37
1308659702 36
1308659762 36
1308659821 33
1308659881 31
1308659941 29
1308660001 29
1308660061 26
1308660121 25
1308660181 27
1308660241 25
1308660302 22
1308660361 23
1308660421 23
1308660481 23
1308660541 23
1308660601 22
1308660661 24
1308660721 25
1308660781 27
1308660841 27
1308660901 26
1308660962 26
1308661021 27
1308661081 27
1308661141 27
1308661201 27
1308661261 27
1308661321 27
1308661381 25
1308661441 26
1308661502 26
1308661562 24
1308661621 26
1308661681 25
1308661741 27
1308661801 26
1308661861 25
1308661921 24
1308661981 25
1308662041 26
1308662101 27
1308662161 27
1308662222 26
1308662281 27
1308662341 26
1308662401 28
1308662461 28
1308662521 28
1308662581 26
1308662641 27
1308662701 27
1308662761 27
1308662822 28
1308662882 28
1308662941 28
1308663001 28
1308663061 28
1308663121 28
1308663181 27
1308663241 26
1308663301 27
1308663361 24
1308663421 26
1308663481 25
1308663542 26
1308663601 26
1308663661 25
1308663721 27
1308663781 27
1308663841 28
1308663901 27
1308663961 27
1308664021 26
1308664081 29
1308664142 29
1308664202 30
1308664261 30
1308664321 31
1308664381 35
1308664441 34
1308664501 33
1308664561 31
1308664621 34
1308664681 33
1308664741 31
1308664801 28
1308664861 26
1308664921 28
1308664981 24
1308665041 25
1308665101 25
1308665161 25
1308665221 21
1308665281 21
1308665341 24
1308665401 24
1308665461 24
1308665521 24
1308665581 24
1308665641 24
1308665701 25
1308665761 26
1308665821 27
1308665881 24
1308665941 23
1308666001 24
1308666062 24
1308666121 24
1308666181 26
1308666241 25
1308666301 27
1308666361 27
1308666421 26
1308666481 25
1308666541 25
1308666601 23
1308666662 24
1308666721 22
1308666781 21
1308666841 18
1308666901 18
1308666961 19
1308667021 19
1308667081 20
1308667141 18
1308667201 20
1308667261 20
1308667321 18
1308667382 19
1308667441 20
1308667501 18
1308667561 18
1308667621 20
1308667681 20
1308667741 19
1308667801 17
1308667861 19
1308667921 17
1308667981 19
1308668041 20
1308668101 19
1308668161 20
1308668221 19
1308668281 21
1308668341 21
1308668401 20
1308668461 17
1308668521 19
1308668581 16
1308668641 18
1308668701 18
1308668761 17
1308668822 19
1308668881 18
1308668941 18
1308669001 18
1308669061 17
1308669121 17
1308669181 18
1308669241 18
1308669301 15
1308669361 18
1308669422 17
1308669481 17
1308669541 18
1308669601 18
1308669661 18
1308669721 17
1308669781 17
1308669841 17
1308669901 18
1308669961 16
1308670021 13
1308670081 12
1308670142 11
1308670201 12
1308670261 13
1308670321 12
1308670381 12
1308670441 9
1308670501 10
1308670561 8
1308670621 9
1308670681 10
1308670741 11
1308670801 10
1308670862 11
1308670921 11
1308670981 10
1308671041 9
1308671101 7
1308671161 8
1308671221 7
1308671281 8
1308671341 8
1308671401 10
1308671461 11
1308671522 10
1308671582 10
1308671641 10
1308671701 10
1308671761 9
1308671821 9
1308671881 8
1308671941 10
1308672001 8
