1305648001 12
1305648061 12
1305648122 11
1305648181 11
1305648241 8
1305648301 11
1305648361 11
1305648421 11
1305648481 12
1305648541 12
1305648601 12
1305648661 11
1305648721 11
1305648781 10
1305648841 10
1305648902 7
1305648961 9
1305649021 9
1305649081 9
1305649141 7
1305649201 9
1305649261 9
1305649321 9
1305649381 9
1305649441 9
1305649501 8
1305649562 9
1305649621 8
1305649681 8
1305649741 8
1305649801 6
1305649861 7
1305649921 8
1305649981 8
1305650041 8
1305650101 8
1305650161 6
1305650221 6
1305650282 7
1305650341 8
1305650401 8
1305650461 7
1305650521 8
1305650581 8
1305650641 8
1305650701 8
1305650761 7
1305650821 7
1305650881 6
1305650941 6
1305651002 7
1305651061 6
1305651121 4
1305651181 6
1305651241 6
1305651301 6
1305651361 6
1305651421 6
1305651481 5
1305651541 3
1305651602 4
1305651661 4
1305651721 4
1305651781 2
1305651841 3
1305651901 3
1305651961 3
1305652021 3
1305652081 3
1305652141 3
1305652201 1
1305652261 2
1305652321 2
1305652382 2
1305652441 1
1305652501 2
1305652561 2
1305652621 2
1305652681 2
1305652741 3
1305652801 3
1305652861 3
1305652921 3
1305652981 3
1305653041 3
1305653101 2
1305653161 3
1305653222 3
1305653281 3
1305653341 2
1305653401 3
1305653461 3
1305653521 3
1305653581 3
1305653641 3
1305653701 3
1305653761 2
1305653821 3
1305653881 3
1305653941 3
1305654002 2
1305654061 3
1305654121 3
1305654181 3
1305654241 3
1305654301 3
1305654361 3
1305654421 2
1305654481 3
1305654541 3
1305654601 3
1305654661 2
1305654721 3
1305654782 3
1305654841 3
1305654901 3
1305654961 3
1305655021 3
1305655081 2
1305655141 3
1305655201 4
1305655261 4
1305655321 3
1305655381 3
1305655441 3
1305655502 3
1305655561 3
1305655621 3
1305655681 3
1305655741 2
1305655801 2
1305655861 2
1305655921 2
1305655981 2
1305656041 2
1305656101 2
1305656161 2
1305656222 2
1305656281 2
1305656341 2
1305656401 2
1305656461 2
1305656521 2
1305656581 2
1305656641 2
1305656701 2
1305656761 2
1305656821 2
1305656882 2
1305656941 2
1305657001 1
1305657061 2
1305657121 2
1305657181 2
1305657241 2
1305657301 2
1305657361 2
1305657422 2
1305657481 2
1305657541 2
1305657601 2
1305657661 1
1305657721 2
1305657781 2
1305657841 2
1305657902 2
1305657961 2
1305658021 2
1305658081 2
1305658141 2
1305658201 2
1305658261 2
1305658321 1
1305658381 2
1305658442 2
1305658501 2
1305658561 2
1305658621 2
1305658681 2
1305658741 2
1305658801 2
1305658861 2
1305658921 2
1305658982 2
1305659041 1
1305659101 2
1305659161 2
1305659221 2
1305659281 2
1305659341 2
1305659401 2
1305659461 2
1305659522 2
1305659581 2
1305659641 2
1305659701 1
1305659761 2
1305659821 2
1305659881 2
1305659941 2
1305660001 2
1305660062 2
1305660121 2
1305660181 2
1305660241 2
1305660301 2
1305660361 1
1305660421 2
1305660481 2
1305660541 2
1305660601 2
1305660662 2
1305660721 2
1305660781 2
1305660841 2
1305660901 2
1305660961 2
1305661021 1
1305661081 2
1305661141 2
1305661201 2
1305661262 2
1305661321 2
1305661381 2
1305661441 2
1305661501 2
1305661561 2
1305661621 2
1305661681 1
1305661741 2
1305661801 2
1305661862 2
1305661922 2
1305661981 2
1305662041 2
1305662101 2
1305662161 2
1305662221 2
1305662281 2
1305662341 1
1305662401 2
1305662461 2
1305662522 2
1305662581 2
1305662641 2
1305662701 2
1305662761 2
1305662821 2
1305662881 2
1305662941 2
1305663001 1
1305663061 2
1305663122 2
1305663182 2
1305663241 2
1305663301 2
1305663361 2
1305663421 2
1305663481 2
1305663541 2
1305663601 2
1305663661 1
1305663721 2
1305663782 2
1305663841 2
1305663901 2
1305663961 2
1305664021 2
1305664081 2
1305664141 2
1305664201 2
1305664261 2
1305664321 1
1305664381 2
1305664441 2
1305664502 2
1305664561 2
1305664621 2
1305664681 2
1305664741 2
1305664801 2
1305664861 2
1305664921 2
1305664981 1
1305665041 2
1305665101 2
1305665162 2
1305665221 2
1305665281 2
1305665341 2
1305665401 2
1305665461 2
1305665521 2
1305665581 2
1305665641 1
1305665701 2
1305665761 2
1305665821 2
1305665881 2
1305665941 2
1305666001 2
1305666061 2
1305666121 2
1305666181 2
1305666241 2
1305666301 1
1305666361 2
1305666421 2
1305666481 2
1305666542 2
1305666601 3
1305666661 3
1305666721 3
1305666781 3
1305666841 3
1305666901 3
1305666961 2
1305667021 3
1305667081 3
1305667141 3
1305667201 2
1305667261 3
1305667321 3
1305667381 3
1305667441 3
1305667501 3
1305667561 3
1305667621 2
1305667681 3
1305667741 3
1305667802 3
1305667861 2
1305667921 3
1305667981 3
1305668041 3
1305668101 3
1305668161 3
1305668221 3
1305668281 3
1305668341 4
1305668402 4
1305668461 4
1305668521 3
1305668581 4
1305668641 4
1305668701 5
1305668761 5
1305668821 5
1305668881 4
1305668941 3
1305669001 4
1305669061 4
1305669121 4
1305669182 3
1305669241 3
1305669301 3
1305669361 2
1305669421 2
1305669481 2
1305669541 2
1305669601 1
1305669661 2
1305669721 2
1305669781 2
1305669841 2
1305669901 2
1305669962 2
1305670021 2
1305670081 2
1305670141 3
1305670201 3
1305670261 2
1305670321 3
1305670381 3
1305670441 2
1305670501 2
1305670562 2
1305670621 2
1305670681 2
1305670741 2
1305670801 2
1305670861 2
1305670921 1
1305670981 2
1305671041 2
1305671101 2
1305671161 2
1305671221 2
1305671282 2
1305671341 1
1305671401 2
1305671461 2
1305671521 2
1305671581 1
1305671641 2
1305671701 2
1305671761 2
1305671821 2
1305671882 2
1305671941 2
1305672001 1
1305672061 2
1305672121 3
1305672181 3
1305672241 2
1305672302 3
1305672361 3
1305672421 3
1305672481 3
1305672541 3
1305672601 3
1305672661 2
1305672721 2
1305672781 2
1305672841 2
1305672901 1
1305672961 2
1305673022 2
1305673081 2
1305673141 2
1305673201 2
1305673261 3
1305673321 3
1305673381 2
1305673441 2
1305673501 2
1305673561 3
1305673621 2
1305673682 3
1305673741 3
1305673801 3
1305673861 3
1305673921 4
1305673981 4
1305674041 4
1305674101 4
1305674161 3
1305674221 3
1305674281 3
1305674342 4
1305674401 4
1305674461 4
1305674521 4
1305674581 3
1305674641 3
1305674701 3
1305674761 3
1305674821 4
1305674881 3
1305674941 3
1305675001 5
1305675061 5
1305675122 4
1305675181 6
1305675241 7
1305675301 7
1305675361 7
1305675421 7
1305675481 7
1305675541 7
1305675601 6
1305675661 8
1305675722 8
1305675781 7
1305675841 8
1305675901 10
1305675961 10
1305676021 10
1305676081 10
1305676141 10
1305676201 11
1305676261 10
1305676321 12
1305676381 11
1305676442 10
1305676501 11
1305676561 12
1305676621 13
1305676681 13
1305676741 14
1305676801 13
1305676861 14
1305676921 13
1305676981 14
1305677041 15
1305677101 14
1305677162 15
1305677221 16
1305677281 16
1305677341 16
1305677401 16
1305677461 16
1305677521 17
1305677581 16
1305677641 17
1305677701 15
1305677761 18
1305677821 17
1305677882 18
1305677941 18
1305678001 20
1305678061 20
1305678121 20
1305678181 23
1305678241 23
1305678301 25
1305678361 23
1305678421 25
1305678481 25
1305678541 26
1305678602 28
1305678661 29
1305678721 28
1305678781 27
1305678841 29
1305678901 31
1305678961 31
1305679021 29
1305679081 29
1305679141 29
1305679201 28
1305679262 28
1305679321 31
1305679381 31
1305679441 31
1305679501 29
1305679561 28
1305679621 29
1305679681 32
1305679741 46
1305679801 46
1305679861 49
1305679922 48
1305679982 49
1305680041 49
1305680101 50
1305680161 50
1305680221 52
1305680281 48
1305680341 50
1305680401 55
1305680461 62
1305680521 62
1305680581 67
1305680642 69
1305680701 68
1305680761 69
1305680821 69
1305680881 69
1305680941 66
1305681001 64
1305681061 63
1305681121 67
1305681181 65
1305681242 63
1305681302 65
1305681361 65
1305681421 65
1305681481 66
1305681541 62
1305681601 65
1305681661 63
1305681721 66
1305681781 67
1305681841 65
1305681901 65
1305681962 63
1305682021 63
1305682081 66
1305682141 62
1305682201 64
1305682261 66
1305682321 68
1305682381 69
1305682441 69
1305682501 67
1305682562 69
1305682621 68
1305682681 66
1305682741 69
1305682801 69
1305682861 68
1305682921 67
1305682981 66
1305683041 69
1305683101 69
1305683161 70
1305683222 68
1305683281 70
1305683341 69
1305683401 68
1305683461 68
1305683521 68
1305683581 69
1305683641 69
1305683701 68
1305683761 68
1305683821 69
1305683881 69
1305683942 66
1305684001 65
1305684061 60
1305684121 59
1305684181 58
1305684241 57
1305684301 57
1305684361 56
1305684421 54
1305684481 52
1305684541 52
1305684601 45
1305684662 42
1305684721 41
1305684781 43
1305684841 42
1305684901 44
1305684961 48
1305685021 47
1305685081 47
1305685141 48
1305685201 47
1305685261 47
1305685321 44
1305685382 47
1305685442 47
1305685501 47
1305685561 44
1305685621 49
1305685681 49
1305685741 49
1305685801 46
1305685861 48
1305685921 51
1305685981 47
1305686042 52
1305686101 54
1305686161 56
1305686221 56
1305686281 57
1305686341 59
1305686401 62
1305686461 62
1305686521 59
1305686581 60
1305686641 60
1305686701 60
1305686762 59
1305686821 56
1305686881 58
1305686941 55
1305687001 55
1305687061 56
1305687121 55
1305687181 60
1305687241 62
1305687301 62
1305687362 63
1305687421 64
1305687481 63
1305687541 66
1305687601 69
1305687661 69
1305687721 69
1305687781 63
1305687841 66
1305687901 67
1305687961 68
1305688022 68
1305688081 69
1305688141 69
1305688201 67
1305688261 72
1305688321 73
1305688381 69
1305688441 67
1305688501 69
1305688561 68
1305688621 66
1305688682 69
1305688741 68
1305688801 66
1305688861 64
1305688921 66
1305688981 64
1305689041 63
1305689101 63
1305689161 62
1305689221 68
1305689282 69
1305689341 67
1305689401 68
1305689461 66
1305689521 66
1305689581 67
1305689641 64
1305689701 66
1305689761 64
1305689821 64
1305689881 63
1305689941 65
1305690002 64
1305690061 65
1305690121 65
1305690181 66
1305690241 63
1305690301 64
1305690361 66
1305690421 66
1305690481 66
1305690541 64
1305690601 65
1305690661 64
1305690722 62
1305690781 64
1305690841 64
1305690901 63
1305690961 58
1305691021 57
1305691081 55
1305691141 54
1305691201 53
1305691261 51
1305691321 49
1305691382 47
1305691441 47
1305691501 44
1305691561 46
1305691621 44
1305691681 43
1305691741 41
1305691801 40
1305691861 41
1305691921 39
1305691981 38
1305692042 39
1305692101 38
1305692161 36
1305692221 37
1305692281 36
1305692341 37
1305692401 38
1305692461 38
1305692521 39
1305692581 41
1305692641 41
1305692702 40
1305692761 39
1305692821 43
1305692881 42
1305692941 40
1305693001 41
1305693061 42
1305693121 41
1305693181 40
1305693241 41
1305693302 39
1305693361 40
1305693421 39
1305693481 42
1305693541 43
1305693601 43
1305693661 44
1305693721 44
1305693781 43
1305693841 44
1305693901 46
1305693961 45
1305694022 43
1305694081 43
1305694141 43
1305694201 42
1305694261 42
1305694321 40
1305694381 41
1305694441 39
1305694501 40
1305694561 42
1305694621 43
1305694681 47
1305694742 46
1305694802 51
1305694861 49
1305694921 52
1305694981 51
1305695041 50
1305695101 52
1305695161 50
1305695221 49
1305695281 42
1305695341 46
1305695402 44
1305695461 45
1305695521 48
1305695581 49
1305695641 48
1305695701 49
1305695761 52
1305695821 51
1305695881 51
1305695941 52
1305696001 50
1305696061 48
1305696122 47
1305696181 49
1305696241 48
1305696301 47
1305696361 47
1305696421 48
1305696481 49
1305696541 48
1305696601 48
1305696661 48
1305696721 49
1305696781 49
1305696842 48
1305696901 53
1305696961 52
1305697021 53
1305697081 50
1305697141 53
1305697201 53
1305697261 56
1305697321 59
1305697381 62
1305697441 67
1305697501 64
1305697562 63
1305697621 63
1305697681 67
1305697741 70
1305697801 72
1305697861 69
1305697921 69
1305697981 72
1305698041 68
1305698101 69
1305698161 69
1305698222 69
1305698281 68
1305698341 65
1305698401 64
1305698461 64
1305698521 62
1305698581 62
1305698641 63
1305698701 62
1305698761 64
1305698821 63
1305698881 63
1305698942 65
1305699001 66
1305699061 64
1305699121 64
1305699181 64
1305699241 67
1305699301 70
1305699361 72
1305699421 76
1305699481 78
1305699541 75
1305699601 78
1305699661 77
1305699721 73
1305699781 72
1305699841 71
1305699901 69
1305699961 75
1305700021 75
1305700081 72
1305700141 73
1305700201 71
1305700262 72
1305700321 72
1305700381 73
1305700441 73
1305700501 72
1305700561 73
1305700621 74
1305700681 74
1305700741 74
1305700801 75
1305700862 79
1305700921 78
1305700981 75
1305701041 77
1305701101 76
1305701161 74
1305701221 77
1305701281 75
1305701341 75
1305701401 75
1305701461 73
1305701522 73
1305701582 71
1305701641 71
1305701701 70
1305701761 66
1305701821 69
1305701881 69
1305701941 71
1305702001 70
1305702061 70
1305702121 70
1305702181 70
1305702242 67
1305702301 72
1305702361 71
1305702421 67
1305702481 71
1305702541 70
1305702601 71
1305702661 72
1305702721 73
1305702781 73
1305702842 74
1305702901 72
1305702961 77
1305703021 74
1305703081 73
1305703141 75
1305703201 75
1305703261 75
1305703321 74
1305703381 72
1305703441 70
1305703501 65
1305703562 62
1305703621 62
1305703681 62
1305703741 58
1305703801 55
1305703861 55
1305703921 55
1305703981 55
1305704041 55
1305704101 56
1305704161 54
1305704222 54
1305704281 50
1305704341 48
1305704401 49
1305704461 52
1305704521 52
1305704581 52
1305704641 51
1305704701 49
1305704761 49
1305704821 47
1305704881 47
1305704942 45
1305705001 45
1305705061 41
1305705121 42
1305705181 40
1305705241 38
1305705301 39
1305705361 37
1305705421 37
1305705481 38
1305705541 37
1305705601 37
1305705662 38
1305705721 39
1305705781 39
1305705841 39
1305705901 38
1305705961 39
1305706021 36
1305706081 35
1305706141 36
1305706201 36
1305706261 34
1305706322 38
1305706381 39
1305706441 39
1305706501 38
1305706561 38
1305706621 38
1305706681 38
1305706741 37
1305706801 35
1305706861 35
1305706921 32
1305706982 33
1305707041 31
1305707101 31
1305707161 30
1305707221 30
1305707281 28
1305707341 29
1305707401 30
1305707461 27
1305707521 28
1305707582 26
1305707642 28
1305707701 28
1305707761 28
1305707821 27
1305707881 25
1305707941 28
1305708001 27
1305708061 26
1305708121 25
1305708181 27
1305708241 25
1305708301 26
1305708361 26
1305708421 28
1305708481 28
1305708541 24
1305708601 27
1305708661 26
1305708721 22
1305708781 23
1305708841 24
1305708901 23
1305708962 21
1305709021 25
1305709081 27
1305709141 26
1305709201 25
1305709261 27
1305709321 29
1305709381 26
1305709441 27
1305709501 27
1305709561 27
1305709622 19
1305709681 21
1305709741 21
1305709801 20
1305709861 19
1305709921 19
1305709981 19
1305710041 18
1305710101 16
1305710161 16
1305710221 16
1305710281 12
1305710342 16
1305710401 15
1305710461 15
1305710521 16
1305710581 16
1305710641 17
1305710701 17
1305710761 17
1305710821 17
1305710881 17
1305710941 12
1305711001 12
1305711061 11
1305711122 11
1305711181 13
1305711241 12
1305711301 13
1305711361 14
1305711421 14
1305711481 15
1305711541 15
1305711601 15
1305711661 16
1305711721 17
1305711781 13
1305711841 11
1305711902 15
1305711961 15
1305712021 17
1305712081 16
1305712141 17
1305712201 15
1305712261 16
1305712321 17
1305712381 20
1305712441 21
1305712501 20
1305712562 21
1305712621 21
1305712681 21
1305712741 20
1305712801 21
1305712861 19
1305712921 19
1305712981 19
1305713041 19
1305713101 19
1305713161 19
1305713221 18
1305713282 20
1305713341 20
1305713401 21
1305713461 21
1305713521 19
1305713581 20
1305713641 20
1305713701 20
1305713761 23
1305713821 23
1305713881 23
1305713942 24
1305714001 23
1305714061 23
1305714121 23
1305714181 21
1305714241 23
1305714301 24
1305714361 24
1305714421 26
1305714481 26
1305714541 26
1305714601 27
1305714661 26
1305714722 27
1305714781 27
1305714841 25
1305714901 27
1305714961 27
1305715021 25
1305715081 25
1305715141 27
1305715201 28
1305715261 28
1305715321 27
1305715381 26
1305715441 25
1305715501 23
1305715561 25
1305715621 24
1305715681 24
1305715741 22
1305715801 23
1305715861 23
1305715921 25
1305715981 25
1305716041 25
1305716101 25
1305716161 25
1305716221 25
1305716282 24
1305716341 25
1305716401 24
1305716461 24
1305716521 24
1305716581 26
1305716641 26
1305716701 25
1305716761 25
1305716821 26
1305716881 27
1305716942 26
1305717001 26
1305717061 26
1305717121 26
1305717181 24
1305717241 26
1305717301 26
1305717361 21
1305717421 26
1305717481 28
1305717541 27
1305717601 29
1305717661 29
1305717722 28
1305717781 28
1305717841 29
1305717901 28
1305717961 29
1305718021 26
1305718081 28
1305718141 28
1305718201 27
1305718261 28
1305718321 28
1305718382 26
1305718441 26
1305718501 27
1305718561 28
1305718621 30
1305718681 28
1305718741 28
1305718801 25
1305718861 27
1305718921 27
1305718981 28
1305719042 26
1305719101 27
1305719161 25
1305719221 24
1305719281 25
1305719341 25
1305719401 26
1305719461 26
1305719521 26
1305719581 26
1305719641 25
1305719702 26
1305719761 26
1305719821 25
1305719881 24
1305719941 24
1305720001 24
1305720061 23
1305720121 25
1305720181 25
1305720241 25
1305720301 23
1305720361 25
1305720422 23
1305720481 21
1305720541 21
1305720601 23
1305720661 24
1305720721 23
1305720781 23
1305720841 23
1305720901 22
1305720961 22
1305721021 22
1305721081 20
1305721142 21
1305721201 25
1305721261 26
1305721321 24
1305721381 26
1305721441 26
1305721501 27
1305721561 26
1305721621 28
1305721681 27
1305721741 26
1305721802 25
1305721861 25
1305721921 24
1305721981 24
1305722041 25
1305722101 24
1305722161 26
1305722221 26
1305722281 27
1305722341 26
1305722401 23
1305722462 26
1305722521 29
1305722581 28
1305722641 30
1305722701 30
1305722761 29
1305722821 29
1305722881 29
1305722941 29
1305723001 30
1305723061 28
1305723122 27
1305723181 29
1305723241 28
1305723301 26
1305723361 27
1305723421 27
1305723481 28
1305723541 27
1305723601 28
1305723661 27
1305723721 29
1305723781 27
1305723842 28
1305723901 27
1305723961 27
1305724021 26
1305724081 26
1305724141 28
1305724201 27
1305724261 26
1305724321 28
1305724381 28
1305724441 28
1305724502 29
1305724561 29
1305724621 29
1305724681 30
1305724741 30
1305724801 30
1305724861 30
1305724921 30
1305724981 31
1305725041 31
1305725101 31
1305725161 34
1305725222 33
1305725281 31
1305725341 31
1305725401 31
1305725461 32
1305725521 28
1305725581 28
1305725641 28
1305725701 28
1305725761 26
1305725821 28
1305725881 30
1305725942 31
1305726001 29
1305726061 31
1305726121 32
1305726181 31
1305726241 32
1305726301 31
1305726361 31
1305726421 30
1305726481 26
1305726541 27
1305726602 28
1305726661 26
1305726721 26
1305726781 27
1305726841 26
1305726901 28
1305726961 29
1305727021 28
1305727081 29
1305727141 28
1305727201 27
1305727261 27
1305727322 26
1305727381 28
1305727441 28
1305727501 28
1305727561 26
1305727621 28
1305727681 26
1305727741 28
1305727801 28
1305727861 28
1305727921 29
1305727982 27
1305728041 28
1305728101 27
1305728161 27
1305728221 25
1305728281 30
1305728341 27
1305728401 29
1305728461 28
1305728521 26
1305728581 26
1305728641 25
1305728701 24
1305728762 25
1305728821 25
1305728881 22
1305728941 24
1305729001 24
1305729061 25
1305729121 26
1305729181 24
1305729241 25
1305729301 23
1305729361 24
1305729421 24
1305729482 24
1305729541 23
1305729601 23
1305729661 21
1305729721 23
1305729781 20
1305729841 23
1305729901 24
1305729961 21
1305730021 20
1305730081 20
1305730141 21
1305730201 22
1305730261 22
1305730321 21
1305730381 22
1305730441 19
1305730501 21
1305730561 22
1305730621 21
1305730681 20
1305730741 18
1305730802 18
1305730861 19
1305730921 18
1305730981 18
1305731041 17
1305731101 15
1305731161 17
1305731221 18
1305731281 17
1305731341 18
1305731401 15
1305731461 16
1305731522 16
1305731581 16
1305731641 17
1305731701 15
1305731761 15
1305731821 15
1305731881 16
1305731941 16
1305732001 15
1305732061 13
1305732121 14
1305732181 15
1305732242 14
1305732301 14
1305732361 12
1305732421 11
1305732481 12
1305732541 13
1305732601 13
1305732661 11
1305732721 13
1305732781 13
1305732841 14
1305732902 14
1305732961 14
1305733021 14
1305733081 14
1305733141 15
1305733201 14
1305733261 15
1305733321 12
1305733381 14
1305733441 13
1305733501 15
1305733561 15
1305733622 14
1305733681 15
1305733741 14
1305733801 15
1305733861 14
1305733921 15
1305733981 11
1305734041 15
1305734101 14
1305734161 14
1305734221 14
1305734281 14
1305734341 15
1305734402 13
