1307808061 15
1307808121 14
1307808181 15
1307808241 14
1307808301 15
1307808361 14
1307808421 13
1307808481 14
1307808542 15
1307808601 14
1307808661 13
1307808721 15
1307808781 13
1307808841 14
1307808901 13
1307808961 14
1307809021 13
1307809081 13
1307809141 12
1307809201 14
1307809262 13
1307809321 11
1307809381 13
1307809441 11
1307809501 13
1307809561 12
1307809621 13
1307809681 12
1307809741 12
1307809801 12
1307809861 13
1307809921 13
1307809982 11
1307810041 13
1307810101 12
1307810161 11
1307810221 12
1307810281 13
1307810341 14
1307810401 13
1307810461 13
1307810521 13
1307810581 13
1307810641 11
1307810702 13
1307810761 13
1307810821 12
1307810881 12
1307810941 12
1307811001 12
1307811061 12
1307811121 12
1307811181 11
1307811241 12
1307811301 10
1307811361 11
1307811421 11
1307811481 7
1307811541 9
1307811601 8
1307811661 8
1307811721 9
1307811782 9
1307811841 8
1307811901 10
1307811961 9
1307812021 8
1307812081 9
1307812141 7
1307812201 9
1307812261 9
1307812321 8
1307812381 9
1307812441 9
1307812502 7
1307812561 8
1307812621 8
1307812681 8
1307812741 7
1307812801 6
1307812861 7
1307812921 8
1307812981 7
1307813041 8
1307813101 8
1307813162 8
1307813221 8
1307813281 8
1307813341 8
1307813401 8
1307813461 7
1307813521 7
1307813581 8
1307813641 7
1307813701 8
1307813761 8
1307813821 8
1307813882 8
1307813941 9
1307814001 7
1307814061 8
1307814121 7
1307814181 7
1307814241 8
1307814301 8
1307814361 8
1307814421 8
1307814481 7
1307814541 6
1307814602 7
1307814661 5
1307814721 8
1307814781 7
1307814841 7
1307814901 8
1307814961 8
1307815021 8
1307815081 8
1307815141 8
1307815201 7
1307815261 8
1307815322 5
1307815381 7
1307815441 6
1307815501 6
1307815561 7
1307815621 7
1307815681 7
1307815741 7
1307815801 7
1307815861 7
1307815921 7
1307815981 7
1307816041 7
1307816102 5
1307816161 5
1307816221 7
1307816281 7
1307816341 7
1307816401 7
1307816461 7
1307816521 7
1307816581 7
1307816641 7
1307816701 7
1307816761 5
1307816821 5
1307816882 7
1307816941 7
1307817001 7
1307817061 7
1307817121 7
1307817181 6
1307817241 7
1307817301 7
1307817361 7
1307817421 5
1307817481 6
1307817541 7
1307817602 7
1307817661 7
1307817721 7
1307817781 7
1307817841 6
1307817901 7
1307817961 7
1307818021 7
1307818081 4
1307818141 6
1307818201 7
1307818261 7
1307818322 7
1307818381 7
1307818441 7
1307818501 6
1307818561 7
1307818621 7
1307818681 8
1307818741 6
1307818801 6
1307818861 8
1307818921 8
1307818982 7
1307819041 8
1307819101 8
1307819161 7
1307819221 8
1307819281 7
1307819341 7
1307819401 5
1307819461 4
1307819521 6
1307819581 6
1307819641 5
1307819701 6
1307819762 6
1307819821 5
1307819881 6
1307819941 6
1307820001 6
1307820061 5
1307820121 3
1307820181 6
1307820241 6
1307820301 5
1307820361 6
1307820421 6
1307820482 5
1307820541 6
1307820601 6
1307820661 6
1307820721 5
1307820781 2
1307820841 6
1307820901 6
1307820961 5
1307821021 6
1307821081 6
1307821141 5
1307821201 6
1307821262 6
1307821321 6
1307821381 6
1307821441 2
1307821501 6
1307821561 6
1307821621 5
1307821681 6
1307821741 6
1307821801 6
1307821861 5
1307821921 6
1307821982 6
1307822041 6
1307822101 2
1307822161 6
1307822221 6
1307822281 5
1307822341 6
1307822401 6
1307822461 6
1307822521 5
1307822581 6
1307822641 6
1307822702 6
1307822761 3
1307822821 6
1307822881 6
1307822941 5
1307823001 6
1307823061 6
1307823121 6
1307823181 5
1307823241 6
1307823301 6
1307823362 5
1307823421 5
1307823481 6
1307823541 6
1307823601 5
1307823661 6
1307823721 6
1307823781 6
1307823841 5
1307823901 6
1307823961 6
1307824021 4
1307824081 5
1307824142 4
1307824201 5
1307824261 4
1307824321 5
1307824381 5
1307824441 5
1307824501 4
1307824561 5
1307824621 4
1307824681 4
1307824741 5
1307824801 4
1307824862 5
1307824921 4
1307824981 5
1307825041 5
1307825101 5
1307825161 4
1307825221 5
1307825281 4
1307825341 4
1307825401 5
1307825461 4
1307825521 5
1307825581 4
1307825641 5
1307825701 5
1307825761 5
1307825821 4
1307825881 5
1307825941 4
1307826001 4
1307826061 5
1307826121 4
1307826181 5
1307826241 4
1307826301 5
1307826361 5
1307826421 5
1307826481 4
1307826541 5
1307826601 4
1307826661 4
1307826721 5
1307826781 4
1307826841 5
1307826901 4
1307826961 5
1307827022 5
1307827081 5
1307827141 4
1307827201 5
1307827261 4
1307827321 4
1307827381 5
1307827441 4
1307827501 5
1307827561 5
1307827621 5
1307827682 6
1307827742 6
1307827801 5
1307827861 6
1307827921 6
1307827981 6
1307828041 7
1307828101 6
1307828161 6
1307828221 7
1307828281 6
1307828341 7
1307828401 7
1307828462 6
1307828521 7
1307828581 8
1307828641 8
1307828701 8
1307828761 7
1307828821 7
1307828881 8
1307828941 8
1307829001 8
1307829061 8
1307829121 7
1307829182 6
1307829241 7
1307829301 8
1307829361 8
1307829421 7
1307829481 8
1307829541 6
1307829601 7
1307829661 7
1307829721 6
1307829781 6
1307829841 8
1307829901 7
1307829962 8
1307830021 8
1307830081 7
1307830141 8
1307830201 7
1307830261 8
1307830321 8
1307830381 7
1307830441 5
1307830501 8
1307830561 7
1307830621 8
1307830681 8
1307830742 7
1307830801 8
1307830861 7
1307830921 8
1307830981 8
1307831041 7
1307831101 7
1307831161 8
1307831221 8
1307831281 7
1307831341 8
1307831401 8
1307831461 8
1307831522 7
1307831582 8
1307831641 8
1307831701 6
1307831761 7
1307831821 8
1307831881 8
1307831941 7
1307832001 7
1307832061 8
1307832121 8
1307832181 7
1307832241 8
1307832302 7
1307832361 7
1307832421 6
1307832481 8
1307832541 8
1307832601 8
1307832661 7
1307832721 8
1307832781 8
1307832841 6
1307832901 7
1307832962 6
1307833021 6
1307833081 6
1307833141 8
1307833201 7
1307833261 8
1307833321 7
1307833381 8
1307833441 8
1307833501 7
1307833561 8
1307833621 8
1307833681 7
1307833741 7
1307833801 8
1307833861 7
1307833921 8
1307833981 7
1307834041 8
1307834101 9
1307834161 8
1307834222 8
1307834282 8
1307834341 7
1307834401 9
1307834461 10
1307834521 9
1307834581 10
1307834641 9
1307834701 10
1307834761 10
1307834821 9
1307834881 9
1307834942 10
1307835001 9
1307835061 8
1307835121 9
1307835181 9
1307835241 9
1307835301 10
1307835361 12
1307835421 12
1307835481 13
1307835541 12
1307835601 13
1307835662 13
1307835721 12
1307835781 13
1307835841 13
1307835901 11
1307835961 12
1307836021 13
1307836081 12
1307836141 12
1307836201 11
1307836261 12
1307836321 12
1307836382 11
1307836442 12
1307836501 11
1307836561 11
1307836621 12
1307836681 12
1307836741 11
1307836801 11
1307836861 11
1307836921 12
1307836981 11
1307837041 12
1307837102 11
1307837161 10
1307837221 11
1307837281 12
1307837341 12
1307837401 11
1307837461 12
1307837521 11
1307837581 12
1307837641 12
1307837701 13
1307837761 12
1307837821 11
1307837882 11
1307837941 13
1307838001 13
1307838061 11
1307838121 14
1307838181 14
1307838241 15
1307838301 14
1307838361 15
1307838421 14
1307838481 12
1307838542 14
1307838601 14
1307838661 14
1307838721 13
1307838781 14
1307838841 12
1307838901 14
1307838961 12
1307839021 13
1307839081 13
1307839141 11
1307839201 14
1307839261 13
1307839322 13
1307839381 13
1307839441 13
1307839501 13
1307839561 14
1307839621 13
1307839681 14
1307839741 14
1307839801 12
1307839861 14
1307839921 15
1307839981 14
1307840041 15
1307840102 12
1307840161 12
1307840221 13
1307840281 12
1307840341 12
1307840401 13
1307840461 10
1307840521 13
1307840581 14
1307840641 13
1307840701 14
1307840761 13
1307840822 13
1307840881 14
1307840941 14
1307841001 13
1307841061 14
1307841121 11
1307841181 14
1307841241 13
1307841301 13
1307841361 14
1307841421 15
1307841481 14
1307841542 14
1307841601 13
1307841661 14
1307841721 13
1307841781 12
1307841841 15
1307841901 15
1307841961 14
1307842021 13
1307842081 13
1307842141 12
1307842201 14
1307842261 13
1307842322 14
1307842381 12
1307842441 11
1307842501 14
1307842561 14
1307842621 13
1307842681 13
1307842741 14
1307842801 15
1307842861 15
1307842921 15
1307842981 16
1307843042 15
1307843102 14
1307843161 17
1307843221 17
1307843281 16
1307843341 15
1307843401 17
1307843461 16
1307843521 17
1307843581 17
1307843641 16
1307843701 15
1307843761 14
1307843821 16
1307843882 16
1307843941 16
1307844001 14
1307844061 16
1307844121 14
1307844181 15
1307844241 16
1307844301 15
1307844361 14
1307844421 16
1307844481 17
1307844542 17
1307844601 18
1307844661 17
1307844721 18
1307844781 20
1307844841 19
1307844901 18
1307844961 18
1307845021 17
1307845081 19
1307845141 18
1307845201 18
1307845261 17
1307845322 15
1307845381 14
1307845441 15
1307845501 14
1307845561 14
1307845621 13
1307845681 14
1307845741 14
1307845801 13
1307845861 13
1307845921 15
1307845981 13
1307846042 15
1307846101 16
1307846161 16
1307846221 17
1307846281 17
1307846341 17
1307846401 17
1307846461 16
1307846521 16
1307846581 17
1307846641 17
1307846701 17
1307846761 16
1307846822 16
1307846881 17
1307846941 17
1307847001 17
1307847061 16
1307847121 16
1307847181 16
1307847241 16
1307847301 15
1307847361 16
1307847421 15
1307847481 14
1307847541 18
1307847602 18
1307847662 19
1307847721 18
1307847781 17
1307847841 15
1307847901 18
1307847961 17
1307848021 16
1307848081 16
1307848141 19
1307848201 18
1307848261 18
1307848322 19
1307848381 18
1307848441 17
1307848501 18
1307848561 18
1307848621 17
1307848681 17
1307848741 13
1307848801 18
1307848861 17
1307848921 16
1307848981 17
1307849042 17
1307849101 15
1307849161 16
1307849221 16
1307849281 15
1307849341 14
1307849401 11
1307849461 15
1307849521 15
1307849581 16
1307849641 16
1307849702 16
1307849762 15
1307849821 16
1307849881 16
1307849941 15
1307850001 14
1307850061 12
1307850121 13
1307850181 14
1307850241 14
1307850301 13
1307850361 13
1307850422 12
1307850482 13
1307850541 14
1307850601 12
1307850661 13
1307850721 13
1307850781 13
1307850841 13
1307850901 13
1307850961 13
1307851021 13
1307851081 13
1307851142 13
1307851201 13
1307851261 11
1307851321 13
1307851381 14
1307851441 14
1307851501 13
1307851561 14
1307851621 15
1307851681 13
1307851741 13
1307851801 14
1307851862 13
1307851922 12
1307851981 12
1307852041 11
1307852101 13
1307852161 13
1307852221 13
1307852281 13
1307852341 12
1307852401 13
1307852461 13
1307852521 12
1307852581 13
1307852642 12
1307852701 10
1307852761 12
1307852821 12
1307852881 12
1307852941 12
1307853001 11
1307853061 12
1307853121 12
1307853181 11
1307853241 11
1307853301 12
1307853362 12
1307853421 12
1307853481 13
1307853541 13
1307853601 13
1307853661 12
1307853721 12
1307853781 13
1307853841 12
1307853901 12
1307853961 12
1307854021 13
1307854082 14
1307854141 14
1307854201 13
1307854261 13
1307854321 13
1307854381 11
1307854441 13
1307854501 13
1307854561 12
1307854621 12
1307854681 13
1307854741 14
1307854802 14
1307854861 14
1307854921 14
1307854981 14
1307855041 14
1307855101 13
1307855161 12
1307855221 13
1307855281 11
1307855341 10
1307855401 13
1307855461 14
1307855522 14
1307855581 13
1307855641 14
1307855701 13
1307855761 12
1307855821 10
1307855881 11
1307855941 10
1307856001 8
1307856061 9
1307856121 9
1307856181 10
1307856241 9
1307856302 10
1307856361 10
1307856421 12
1307856481 11
1307856541 13
1307856601 12
1307856661 11
1307856721 11
1307856781 11
1307856841 10
1307856901 12
1307856961 12
1307857021 10
1307857081 10
1307857141 10
1307857201 9
1307857261 10
1307857321 9
1307857381 9
1307857441 10
1307857501 8
1307857561 10
1307857621 11
1307857681 11
1307857741 10
1307857801 10
1307857861 10
1307857921 10
1307857981 9
1307858041 9
1307858101 9
1307858161 9
1307858221 9
1307858281 9
1307858341 9
1307858401 9
1307858462 7
1307858521 9
1307858581 9
1307858641 8
1307858701 9
1307858761 9
1307858821 9
1307858881 10
1307858941 10
1307859001 10
1307859061 10
1307859121 9
1307859182 10
1307859242 10
1307859301 10
1307859361 9
1307859421 13
1307859481 11
1307859541 13
1307859601 14
1307859661 14
1307859721 14
1307859781 13
1307859841 14
1307859902 13
1307859961 13
1307860021 11
1307860081 13
1307860141 12
1307860201 12
1307860261 13
1307860321 14
1307860381 14
1307860441 13
1307860501 13
1307860561 14
1307860622 13
1307860681 12
1307860741 13
1307860801 14
1307860861 14
1307860921 14
1307860981 14
1307861041 14
1307861101 13
1307861161 14
1307861221 12
1307861281 12
1307861341 13
1307861402 14
1307861461 15
1307861521 15
1307861581 15
1307861641 15
1307861701 15
1307861761 14
1307861821 14
1307861881 14
1307861941 14
1307862001 12
1307862061 15
1307862122 15
1307862181 16
1307862241 16
1307862301 15
1307862361 16
1307862421 17
1307862481 16
1307862541 16
1307862601 16
1307862661 15
1307862721 16
1307862781 15
1307862842 16
1307862901 16
1307862961 16
1307863021 13
1307863081 13
1307863141 12
1307863201 14
1307863261 14
1307863321 15
1307863381 16
1307863441 16
1307863502 16
1307863562 17
1307863621 17
1307863681 16
1307863741 15
1307863801 15
1307863861 14
1307863921 16
1307863981 18
1307864041 18
1307864101 19
1307864161 18
1307864222 18
1307864281 19
1307864341 20
1307864401 19
1307864461 18
1307864521 18
1307864581 18
1307864641 20
1307864701 19
1307864761 20
1307864821 20
1307864881 19
1307864942 19
1307865001 19
1307865061 18
1307865121 14
1307865181 16
1307865241 14
1307865301 17
1307865361 17
1307865421 17
1307865481 17
1307865541 18
1307865602 17
1307865661 16
1307865721 17
1307865781 16
1307865841 16
1307865901 15
1307865961 17
1307866021 17
1307866081 17
1307866141 15
1307866201 16
1307866261 16
1307866322 14
1307866381 13
1307866441 14
1307866501 15
1307866561 16
1307866621 17
1307866681 17
1307866741 17
1307866801 16
1307866861 16
1307866921 16
1307866982 17
1307867041 15
1307867101 17
1307867161 15
1307867221 17
1307867281 18
1307867341 18
1307867401 16
1307867461 18
1307867521 18
1307867581 15
1307867641 15
1307867701 16
1307867762 17
1307867821 16
1307867881 17
1307867941 17
1307868001 17
1307868061 18
1307868121 18
1307868181 18
1307868241 17
1307868301 19
1307868361 17
1307868421 21
1307868481 19
1307868541 21
1307868601 21
1307868661 19
1307868721 19
1307868781 20
1307868841 21
1307868901 19
1307868961 19
1307869021 18
1307869081 19
1307869141 18
1307869202 18
1307869261 19
1307869321 19
1307869381 20
1307869441 19
1307869501 17
1307869561 15
1307869621 16
1307869681 16
1307869741 15
1307869801 16
1307869861 15
1307869922 15
1307869981 15
1307870041 15
1307870101 15
1307870161 15
1307870221 11
1307870281 15
1307870341 16
1307870401 15
1307870461 15
1307870521 15
1307870581 14
1307870642 15
1307870701 14
1307870761 15
1307870821 15
1307870881 11
1307870941 11
1307871001 13
1307871061 13
1307871121 13
1307871181 13
1307871241 13
1307871301 13
1307871362 12
1307871421 13
1307871481 13
1307871541 12
1307871601 11
1307871661 11
1307871721 11
1307871781 10
1307871841 10
1307871901 11
1307871961 11
1307872021 10
1307872082 11
1307872141 10
1307872201 11
1307872261 10
1307872321 11
1307872381 11
1307872441 11
1307872501 10
1307872561 11
1307872621 10
1307872681 9
1307872741 11
1307872801 12
1307872862 12
1307872921 12
1307872981 12
1307873041 12
1307873101 12
1307873161 12
1307873221 12
1307873281 12
1307873341 10
1307873401 12
1307873461 13
1307873521 13
1307873582 14
1307873641 14
1307873701 14
1307873761 12
1307873821 14
1307873881 13
1307873941 15
1307874001 12
1307874061 14
1307874121 14
1307874181 13
1307874242 13
1307874301 12
1307874361 13
1307874421 12
1307874481 13
1307874541 12
1307874601 12
1307874661 13
1307874721 13
1307874781 13
1307874841 13
1307874901 14
1307874961 13
1307875022 15
1307875081 14
1307875141 15
1307875201 15
1307875261 11
1307875321 10
1307875381 11
1307875441 11
1307875501 11
1307875561 10
1307875621 8
1307875681 10
1307875742 9
1307875801 9
1307875861 9
1307875921 8
1307875981 8
1307876041 9
1307876101 9
1307876161 8
1307876221 8
1307876281 7
1307876341 8
1307876401 8
1307876461 8
1307876522 7
1307876581 7
1307876641 7
1307876701 11
1307876761 11
1307876821 9
1307876881 10
1307876941 9
1307877001 11
1307877061 11
1307877121 12
1307877181 11
1307877242 12
1307877301 10
1307877361 11
1307877421 11
1307877481 9
1307877541 10
1307877601 9
1307877661 11
1307877721 11
1307877781 11
1307877841 11
1307877901 10
1307877962 10
1307878021 12
1307878081 12
1307878141 11
1307878201 11
1307878261 10
1307878321 11
1307878381 12
1307878441 12
1307878501 12
1307878561 11
1307878621 10
1307878681 12
1307878742 11
1307878801 11
1307878861 11
1307878921 11
1307878981 11
1307879041 11
1307879101 11
1307879161 10
1307879221 10
1307879281 9
1307879341 12
1307879402 12
1307879461 10
1307879521 11
1307879581 10
1307879641 10
1307879701 11
1307879761 11
1307879821 11
1307879881 11
1307879941 11
1307880001 10
1307880062 11
1307880121 11
1307880181 12
1307880241 12
1307880301 13
1307880361 13
1307880421 12
1307880481 13
1307880541 12
1307880601 13
1307880661 12
1307880721 14
1307880782 13
1307880841 15
1307880901 17
1307880961 18
1307881021 18
1307881081 17
1307881141 17
1307881201 17
1307881261 18
1307881321 17
1307881381 17
1307881441 18
1307881502 20
1307881561 20
1307881621 21
1307881681 21
1307881741 22
1307881801 22
1307881861 22
1307881921 21
1307881981 19
1307882041 18
1307882101 18
1307882161 20
1307882222 18
1307882281 19
1307882341 19
1307882401 20
1307882461 20
1307882521 20
1307882581 19
1307882641 20
1307882701 15
1307882761 16
1307882821 17
1307882881 17
1307882941 16
1307883002 16
1307883061 17
1307883121 17
1307883181 17
1307883241 16
1307883301 14
1307883361 11
1307883421 15
1307883481 16
1307883541 16
1307883601 17
1307883661 16
1307883722 16
1307883781 17
1307883841 17
1307883901 18
1307883961 17
1307884021 18
1307884081 17
1307884141 19
1307884201 21
1307884261 19
1307884321 20
1307884382 21
1307884441 21
1307884501 20
1307884561 22
1307884621 19
1307884681 20
1307884741 22
1307884801 22
1307884861 23
1307884921 23
1307884981 23
1307885042 22
1307885101 22
1307885161 22
1307885221 21
1307885281 19
1307885341 20
1307885401 19
1307885461 20
1307885521 19
1307885581 19
1307885641 20
1307885701 20
1307885761 18
1307885822 20
1307885881 18
1307885941 18
1307886001 19
1307886061 20
1307886121 20
1307886181 18
1307886241 19
1307886301 19
1307886361 20
1307886421 20
1307886481 21
1307886542 18
1307886601 20
1307886661 19
1307886721 22
1307886781 22
1307886841 20
1307886901 20
1307886961 19
1307887021 18
1307887081 18
1307887141 18
1307887201 17
1307887261 17
1307887322 16
1307887381 18
1307887441 18
1307887501 18
1307887561 18
1307887621 17
1307887681 18
1307887741 17
1307887801 18
1307887861 16
1307887921 16
1307887981 16
1307888042 20
1307888101 19
1307888161 20
1307888221 20
1307888281 18
1307888341 20
1307888401 20
1307888461 20
1307888521 18
1307888581 17
1307888641 16
1307888702 20
1307888762 20
1307888821 20
1307888881 19
1307888941 18
1307889001 17
1307889061 18
1307889121 18
1307889181 16
1307889241 16
1307889301 13
1307889361 14
1307889421 15
1307889482 15
1307889541 14
1307889601 10
1307889661 10
1307889721 10
1307889781 10
1307889841 8
1307889901 9
1307889961 9
1307890021 10
1307890081 10
1307890141 10
1307890201 10
1307890262 8
1307890321 10
1307890381 11
1307890441 10
1307890501 10
1307890561 7
1307890621 7
1307890681 9
1307890741 10
1307890801 12
1307890861 13
1307890921 12
1307890981 14
1307891042 14
1307891101 13
1307891161 14
1307891221 14
1307891281 12
1307891341 13
1307891401 12
1307891461 12
1307891521 12
1307891581 9
1307891641 11
1307891701 11
1307891762 12
1307891821 12
1307891881 12
1307891941 10
1307892001 12
1307892061 11
1307892121 10
1307892181 10
1307892241 8
1307892301 11
1307892361 10
1307892421 10
1307892482 11
1307892541 13
1307892601 11
1307892661 13
1307892721 12
1307892781 14
1307892841 14
1307892901 12
1307892961 12
1307893021 12
1307893081 12
1307893141 13
1307893202 14
1307893261 12
1307893321 16
1307893381 14
1307893441 15
1307893501 15
1307893561 14
1307893621 13
1307893681 12
1307893741 9
1307893801 11
1307893861 12
1307893921 10
1307893982 11
1307894041 10
1307894101 10
1307894161 11
1307894221 11
1307894281 10
1307894341 11
1307894401 9
