1312905661 39
1312905721 39
1312905781 37
1312905841 37
1312905901 37
1312905961 39
1312906022 38
1312906081 40
1312906141 41
1312906201 37
1312906261 38
1312906321 36
1312906381 37
1312906441 35
1312906501 36
1312906561 36
1312906622 35
1312906682 31
1312906741 33
1312906801 33
1312906861 30
1312906921 30
1312906981 27
1312907041 29
1312907101 26
1312907161 26
1312907222 26
1312907281 24
1312907341 24
1312907401 25
1312907461 25
1312907521 24
1312907581 24
1312907641 25
1312907701 26
1312907761 24
1312907821 26
1312907882 28
1312907942 26
1312908001 27
1312908061 28
1312908121 27
1312908181 25
1312908241 25
1312908301 25
1312908361 24
1312908421 21
1312908482 22
1312908541 20
1312908601 22
1312908661 22
1312908721 21
1312908781 22
1312908841 19
1312908901 21
1312908961 22
1312909021 22
1312909081 22
1312909142 24
1312909201 20
1312909261 21
1312909321 20
1312909381 21
1312909441 21
1312909501 17
1312909561 20
1312909621 19
1312909681 17
1312909741 16
1312909801 18
1312909861 17
1312909921 18
1312909981 18
1312910042 19
1312910101 20
1312910161 18
1312910221 18
1312910281 18
1312910341 16
1312910401 16
1312910461 16
1312910521 14
1312910581 15
1312910641 14
1312910701 14
1312910761 14
1312910821 12
1312910882 14
1312910941 14
1312911001 12
1312911061 11
1312911121 13
1312911181 11
1312911241 10
1312911301 10
1312911361 11
1312911421 11
1312911481 9
1312911541 11
1312911602 11
1312911661 10
1312911721 9
1312911781 10
1312911841 10
1312911901 10
1312911961 9
1312912021 10
1312912081 10
1312912141 9
1312912202 10
1312912262 10
1312912321 10
1312912381 7
1312912441 10
1312912501 9
1312912561 10
1312912621 10
1312912681 10
1312912741 10
1312912801 8
1312912861 8
1312912921 8
1312912981 9
1312913041 9
1312913101 9
1312913162 9
1312913222 9
1312913281 8
1312913341 8
1312913401 8
1312913461 8
1312913521 8
1312913581 8
1312913642 7
1312913702 6
1312913761 7
1312913821 7
1312913881 7
1312913941 7
1312914001 7
1312914061 7
1312914121 7
1312914182 8
1312914241 8
1312914301 8
1312914361 7
1312914421 8
1312914481 8
1312914541 8
1312914601 8
1312914662 8
1312914721 7
1312914781 7
1312914841 7
1312914901 7
1312914961 7
1312915021 7
1312915081 8
1312915142 8
1312915201 8
1312915261 8
1312915321 8
1312915381 6
1312915441 8
1312915501 8
1312915562 8
1312915622 7
1312915681 7
1312915741 8
1312915801 8
1312915861 8
1312915921 9
1312915981 9
1312916041 8
1312916102 9
1312916161 9
1312916221 9
1312916281 9
1312916341 7
1312916401 9
1312916461 9
1312916521 10
1312916581 9
1312916642 8
1312916702 10
1312916761 11
1312916821 11
1312916881 10
1312916941 12
1312917001 10
1312917061 12
1312917121 11
1312917182 11
1312917242 11
1312917301 9
1312917361 9
1312917421 8
1312917481 8
1312917541 8
1312917601 8
1312917662 6
1312917722 9
1312917781 9
1312917841 8
1312917901 7
1312917961 7
1312918021 8
1312918081 8
1312918141 7
1312918201 7
1312918262 8
1312918321 5
1312918381 8
1312918441 8
1312918501 8
1312918561 6
1312918621 7
1312918681 8
1312918741 8
1312918802 7
1312918861 9
1312918921 8
1312918981 7
1312919041 10
1312919101 10
1312919161 10
1312919221 8
1312919281 10
1312919341 11
1312919402 11
1312919461 10
1312919521 10
1312919581 8
1312919641 5
1312919701 8
1312919761 8
1312919821 8
1312919881 6
1312919941 8
1312920002 7
1312920062 7
1312920121 9
1312920181 10
1312920241 10
1312920301 7
1312920361 10
1312920421 10
1312920481 9
1312920541 8
1312920602 10
1312920661 9
1312920721 9
1312920781 10
1312920841 10
1312920901 10
1312920961 9
1312921021 10
1312921081 10
1312921141 9
1312921202 8
1312921261 10
1312921321 10
1312921381 10
1312921441 11
1312921501 11
1312921561 9
1312921621 10
1312921681 11
1312921741 11
1312921802 10
1312921861 9
1312921921 9
1312921981 11
1312922041 10
1312922101 11
1312922161 11
1312922221 9
1312922281 10
1312922342 11
1312922402 11
1312922461 10
1312922521 9
1312922581 9
1312922641 11
1312922701 10
1312922761 11
1312922821 11
1312922881 9
1312922941 11
1312923002 11
1312923061 11
1312923121 11
1312923181 9
1312923241 9
1312923301 11
1312923361 10
1312923421 11
1312923481 11
1312923542 10
1312923601 12
1312923661 12
1312923721 11
1312923781 12
1312923841 11
1312923901 10
1312923961 12
1312924021 11
1312924081 12
1312924142 11
1312924202 10
1312924261 12
1312924321 12
1312924381 11
1312924441 13
1312924501 12
1312924561 12
1312924621 12
1312924681 11
1312924741 11
1312924802 12
1312924861 10
1312924921 12
1312924981 12
1312925041 9
1312925101 10
1312925161 11
1312925221 11
1312925281 11
1312925341 10
1312925402 10
1312925462 10
1312925521 10
1312925581 11
1312925641 11
1312925701 8
1312925761 8
1312925821 11
1312925881 11
1312925941 11
1312926002 11
1312926061 10
1312926121 10
1312926181 11
1312926241 12
1312926301 12
1312926361 10
1312926421 12
1312926481 12
1312926541 12
1312926602 11
1312926661 12
1312926721 12
1312926781 13
1312926841 13
1312926901 14
1312926961 13
1312927021 11
1312927081 14
1312927141 14
1312927202 14
1312927261 14
1312927321 13
1312927381 12
1312927441 12
1312927502 13
1312927561 12
1312927621 13
1312927681 12
1312927741 13
1312927801 13
1312927861 12
1312927921 13
1312927981 10
1312928041 13
1312928102 13
1312928161 14
1312928221 12
1312928281 12
1312928341 12
1312928401 14
1312928461 14
1312928521 16
1312928581 16
1312928641 14
1312928702 15
1312928761 16
1312928821 16
1312928881 16
1312928941 16
1312929001 17
1312929061 17
1312929121 17
1312929181 18
1312929241 18
1312929301 16
1312929361 17
1312929421 18
1312929481 15
1312929541 18
1312929601 16
1312929661 18
1312929721 18
1312929781 17
1312929841 16
1312929902 17
1312929961 16
1312930021 15
1312930081 18
1312930141 16
1312930201 19
1312930261 18
1312930321 17
1312930381 17
1312930442 17
1312930502 17
1312930561 17
1312930621 15
1312930681 14
1312930741 18
1312930801 14
1312930862 16
1312930921 17
1312930981 16
1312931041 17
1312931101 17
1312931161 20
1312931221 22
1312931281 21
1312931341 21
1312931402 22
1312931461 22
1312931521 23
1312931581 24
1312931641 24
1312931701 26
1312931761 26
1312931821 24
1312931881 26
1312931941 23
1312932001 25
1312932062 25
1312932121 26
1312932181 27
1312932241 26
1312932301 25
1312932361 26
1312932421 26
1312932481 27
1312932541 28
1312932601 25
1312932661 24
1312932722 22
1312932781 26
1312932841 27
1312932901 26
1312932961 26
1312933021 26
1312933081 25
1312933141 25
1312933201 27
1312933261 25
1312933322 26
1312933381 23
1312933441 27
1312933501 26
1312933561 26
1312933621 27
1312933681 26
1312933741 27
1312933801 26
1312933861 29
1312933922 31
1312933982 31
1312934041 31
1312934101 35
1312934161 35
1312934221 38
1312934281 43
1312934341 44
1312934401 44
1312934461 42
1312934522 41
1312934581 38
1312934641 40
1312934701 41
1312934761 41
1312934821 40
1312934881 39
1312934941 39
1312935002 44
1312935061 45
1312935121 44
1312935181 46
1312935241 44
1312935301 45
1312935361 46
1312935421 50
1312935481 52
1312935541 52
1312935602 52
1312935661 54
1312935721 56
1312935781 56
1312935841 60
1312935901 58
1312935961 64
1312936021 67
1312936081 66
1312936141 67
1312936202 72
1312936261 72
1312936321 72
1312936381 74
1312936441 71
1312936501 72
1312936561 71
1312936621 68
1312936681 71
1312936742 73
1312936801 70
1312936861 71
1312936921 72
1312936981 77
1312937041 81
1312937101 81
1312937161 83
1312937221 84
1312937282 85
1312937341 87
1312937401 91
1312937461 91
1312937521 95
1312937581 93
1312937641 98
1312937701 101
1312937761 102
1312937822 104
1312937881 107
1312937941 112
1312938001 111
1312938061 115
1312938121 112
1312938181 111
1312938241 110
1312938301 107
1312938361 107
1312938422 109
1312938481 109
1312938541 110
1312938601 111
1312938661 113
1312938721 115
1312938781 116
1312938841 119
1312938901 121
1312938962 122
1312939021 123
1312939081 119
1312939141 122
1312939201 125
1312939261 129
1312939321 130
1312939381 130
1312939441 130
1312939501 134
1312939561 134
1312939622 133
1312939681 134
1312939741 130
1312939801 132
1312939861 129
1312939921 134
1312939981 133
1312940041 135
1312940101 134
1312940161 135
1312940222 135
1312940282 144
1312940341 149
1312940401 147
1312940461 150
1312940521 148
1312940581 152
1312940641 149
1312940701 153
1312940761 151
1312940822 152
1312940881 146
1312940941 143
1312941001 148
1312941061 149
1312941121 148
1312941181 152
1312941241 150
1312941301 149
1312941361 152
1312941421 153
1312941481 152
1312941541 152
1312941601 147
1312941661 150
1312941721 150
1312941781 145
1312941841 150
1312941902 151
1312941962 148
1312942021 147
1312942081 152
1312942141 149
1312942201 154
1312942261 152
1312942321 158
1312942381 161
1312942441 162
1312942501 163
1312942561 168
1312942621 165
1312942681 167
1312942741 175
1312942801 178
1312942861 176
1312942921 179
1312942981 182
1312943041 178
1312943102 180
1312943162 181
1312943221 182
1312943281 182
1312943341 179
1312943401 178
1312943461 185
1312943521 179
1312943581 176
1312943641 177
1312943702 179
1312943761 179
1312943821 181
1312943881 181
1312943941 183
1312944001 185
1312944061 181
1312944121 184
1312944181 188
1312944241 191
1312944302 191
1312944362 191
1312944421 188
1312944481 184
1312944541 188
1312944601 184
1312944661 189
1312944721 187
1312944781 184
1312944841 183
1312944902 182
1312944962 183
1312945021 184
1312945081 189
1312945141 189
1312945201 187
1312945261 188
1312945321 187
1312945381 189
1312945441 186
1312945502 188
1312945561 190
1312945621 190
1312945681 184
1312945741 185
1312945801 180
1312945861 184
1312945921 181
1312945981 181
1312946041 182
1312946102 187
1312946161 186
1312946221 186
1312946281 188
1312946341 188
1312946401 184
1312946461 182
1312946521 182
1312946581 183
1312946642 179
1312946701 178
1312946761 182
1312946822 179
1312946881 179
1312946941 176
1312947001 175
1312947061 170
1312947121 176
1312947181 169
1312947241 167
1312947301 161
1312947362 165
1312947421 164
1312947481 161
1312947541 162
1312947601 166
1312947661 161
1312947721 159
1312947781 162
1312947841 161
1312947902 160
1312947961 157
1312948021 156
1312948081 156
1312948141 149
1312948201 155
1312948261 151
1312948321 153
1312948381 148
1312948442 151
1312948501 155
1312948561 153
1312948621 151
1312948681 153
1312948741 152
1312948801 148
1312948861 151
1312948921 147
1312948981 149
1312949042 150
1312949102 146
1312949161 143
1312949221 144
1312949281 143
1312949341 141
1312949401 140
1312949461 136
1312949521 136
1312949581 134
1312949642 131
1312949701 124
1312949761 125
1312949821 125
1312949881 124
1312949941 122
1312950001 119
1312950061 121
1312950121 115
1312950181 120
1312950242 120
1312950301 123
1312950362 123
1312950421 126
1312950481 125
1312950541 126
1312950601 127
1312950661 126
1312950721 126
1312950781 122
1312950841 126
1312950901 127
1312950961 125
1312951022 123
1312951082 121
1312951141 125
1312951201 121
1312951261 121
1312951321 121
1312951381 126
1312951441 126
1312951501 129
1312951562 128
1312951622 129
1312951681 131
1312951741 131
1312951801 129
1312951861 128
1312951921 128
1312951981 128
1312952041 127
1312952101 123
1312952162 125
1312952221 125
1312952281 122
1312952341 128
1312952401 127
1312952461 128
1312952521 130
1312952581 127
1312952641 130
1312952701 130
1312952762 131
1312952821 135
1312952881 133
1312952941 133
1312953001 135
1312953061 137
1312953122 139
1312953181 137
1312953241 137
1312953301 139
1312953361 136
1312953421 137
1312953481 137
1312953541 132
1312953602 134
1312953662 140
1312953721 138
1312953781 140
1312953841 139
1312953901 138
1312953964 140
1312954021 139
1312954081 138
1312954141 137
1312954201 137
1312954261 134
1312954321 139
1312954381 141
1312954441 142
1312954501 139
1312954561 144
1312954621 147
1312954681 147
1312954741 146
1312954802 149
1312954861 145
1312954921 143
1312954981 146
1312955041 143
1312955101 143
1312955161 135
1312955221 133
1312955282 137
1312955341 135
1312955401 137
1312955461 137
1312955521 136
1312955581 137
1312955641 138
1312955701 140
1312955761 136
1312955821 137
1312955881 137
1312955941 135
1312956001 133
1312956061 135
1312956121 136
1312956181 131
1312956241 131
1312956301 130
1312956361 134
1312956421 130
1312956481 130
1312956541 131
1312956602 126
1312956661 123
1312956721 127
1312956781 125
1312956841 130
1312956901 134
1312956961 134
1312957022 131
1312957081 135
1312957141 135
1312957201 136
1312957262 134
1312957322 130
1312957382 130
1312957441 129
1312957501 129
1312957561 130
1312957621 133
1312957681 134
1312957741 137
1312957803 141
1312957861 144
1312957921 136
1312957982 141
1312958042 139
1312958101 142
1312958161 138
1312958221 143
1312958281 136
1312958341 140
1312958401 136
1312958461 132
1312958521 138
1312958582 134
1312958641 132
1312958701 134
1312958761 136
1312958821 136
1312958881 136
1312958941 136
1312959001 136
1312959061 134
1312959121 131
1312959182 131
1312959242 133
1312959301 136
1312959361 135
1312959421 139
1312959481 137
1312959541 133
1312959601 132
1312959661 134
1312959721 136
1312959782 132
1312959841 133
1312959901 129
1312959961 129
1312960021 131
1312960081 129
1312960141 135
1312960201 135
1312960261 136
1312960322 136
1312960381 133
1312960441 135
1312960501 132
1312960561 134
1312960621 129
1312960681 137
1312960741 131
1312960801 132
1312960861 130
1312960922 130
1312960981 130
1312961041 126
1312961101 128
1312961161 126
1312961221 122
1312961281 129
1312961341 127
1312961402 124
1312961462 125
1312961521 125
1312961581 127
1312961641 124
1312961701 128
1312961761 134
1312961821 130
1312961881 129
1312961942 130
1312962001 135
1312962061 137
1312962121 134
1312962181 137
1312962241 135
1312962301 135
1312962361 130
1312962422 136
1312962482 131
1312962541 132
1312962601 129
1312962661 127
1312962721 131
1312962781 131
1312962841 131
1312962901 125
1312962961 121
1312963022 119
1312963082 119
1312963141 117
1312963201 117
1312963261 116
1312963321 113
1312963381 114
1312963441 113
1312963501 111
1312963561 112
1312963621 110
1312963682 109
1312963741 110
1312963801 111
1312963861 111
1312963921 110
1312963981 109
1312964041 110
1312964101 111
1312964161 110
1312964221 108
1312964282 105
1312964341 104
1312964401 100
1312964461 100
1312964521 99
1312964581 96
1312964641 93
1312964701 90
1312964761 89
1312964821 87
1312964881 87
1312964942 86
1312965002 89
1312965061 86
1312965121 85
1312965181 85
1312965241 84
1312965301 86
1312965361 86
1312965421 85
1312965481 84
1312965542 83
1312965601 78
1312965661 78
1312965721 80
1312965781 78
1312965841 78
1312965901 76
1312965961 78
1312966021 81
1312966081 79
1312966142 76
1312966201 76
1312966261 78
1312966321 77
1312966381 80
1312966441 78
1312966501 79
1312966561 76
1312966621 75
1312966681 79
1312966742 78
1312966802 79
1312966861 77
1312966921 74
1312966981 76
1312967041 78
1312967102 76
1312967161 77
1312967221 78
1312967281 76
1312967342 75
1312967402 72
1312967461 72
1312967521 73
1312967581 72
1312967641 71
1312967701 68
1312967761 70
1312967821 73
1312967882 70
1312967942 73
1312968002 70
1312968061 71
1312968121 72
1312968181 72
1312968241 76
1312968301 74
1312968361 73
1312968421 71
1312968481 70
1312968542 73
1312968601 74
1312968661 76
1312968721 80
1312968781 78
1312968841 77
1312968901 80
1312968961 78
1312969021 77
1312969081 81
1312969142 81
1312969202 83
1312969261 81
1312969321 77
1312969381 76
1312969441 78
1312969501 79
1312969561 75
1312969621 76
1312969681 78
1312969742 81
1312969802 80
1312969861 78
1312969921 77
1312969981 79
1312970041 75
1312970101 76
1312970161 75
1312970221 71
1312970281 71
1312970341 66
1312970402 67
1312970462 70
1312970521 65
1312970581 66
1312970641 63
1312970701 61
1312970761 64
1312970821 64
1312970881 67
1312970941 67
1312971002 66
1312971061 65
1312971121 66
1312971181 65
1312971241 66
1312971301 67
1312971361 63
1312971421 63
1312971481 63
1312971541 65
1312971601 65
1312971662 65
1312971721 66
1312971781 64
1312971841 63
1312971901 65
1312971961 66
1312972021 69
1312972081 65
1312972141 65
1312972201 65
1312972261 64
1312972322 64
1312972381 63
1312972441 64
1312972501 65
1312972561 63
1312972621 65
1312972681 65
1312972741 63
1312972801 64
1312972862 68
1312972921 67
1312972981 69
1312973041 68
1312973101 67
1312973161 68
1312973221 67
1312973281 67
1312973341 68
1312973401 67
1312973462 65
1312973521 66
1312973581 67
1312973641 68
1312973701 68
1312973761 69
1312973821 69
1312973881 69
1312973941 65
1312974001 65
1312974061 64
1312974122 64
1312974182 65
1312974241 63
1312974301 62
1312974361 65
1312974421 64
1312974481 63
1312974541 63
1312974601 64
1312974661 63
1312974721 62
1312974782 62
1312974841 63
1312974901 62
1312974961 64
1312975021 60
1312975081 62
1312975141 60
1312975201 63
1312975261 62
1312975321 64
1312975381 60
1312975442 62
1312975502 60
1312975561 59
1312975621 60
1312975681 59
1312975741 58
1312975801 59
1312975861 63
1312975921 60
1312975981 59
1312976041 59
1312976102 61
1312976161 61
1312976221 64
1312976281 65
1312976342 66
1312976401 63
1312976461 64
1312976521 64
1312976581 63
1312976641 64
1312976701 65
1312976761 66
1312976821 72
1312976881 71
1312976941 70
1312977001 73
1312977061 69
1312977121 73
1312977181 73
1312977241 75
1312977302 77
1312977362 77
1312977421 77
1312977481 77
1312977541 78
1312977601 76
1312977661 78
1312977721 78
1312977781 76
1312977841 76
1312977902 76
1312977961 77
1312978021 77
1312978081 75
1312978141 75
1312978201 76
1312978261 77
1312978321 75
1312978381 79
1312978441 78
1312978501 78
1312978561 80
1312978621 80
1312978681 80
1312978741 80
1312978801 82
1312978861 82
1312978921 86
1312978981 85
1312979041 86
1312979102 85
1312979161 83
1312979221 83
1312979281 83
1312979341 85
1312979401 86
1312979461 88
1312979521 83
1312979581 83
1312979641 81
1312979701 80
1312979761 82
1312979821 82
1312979881 84
1312979941 84
1312980001 83
1312980061 84
1312980121 86
1312980181 89
1312980241 89
1312980301 91
1312980361 90
1312980421 88
1312980482 85
1312980542 87
1312980601 87
1312980661 85
1312980721 86
1312980781 84
1312980841 82
1312980901 87
1312980961 82
1312981021 85
1312981082 85
1312981141 85
1312981201 85
1312981261 85
1312981321 85
1312981381 88
1312981441 88
1312981501 84
1312981561 87
1312981621 87
1312981681 88
1312981742 85
1312981802 86
1312981861 87
1312981921 88
1312981981 86
1312982041 86
1312982101 87
1312982161 87
1312982221 85
1312982282 87
1312982341 87
1312982401 89
1312982461 90
1312982521 90
1312982581 91
1312982641 92
1312982701 94
1312982762 92
1312982822 94
1312982881 94
1312982941 94
1312983001 93
1312983061 91
1312983121 92
1312983181 94
1312983241 97
1312983301 95
1312983361 91
1312983422 89
1312983482 91
1312983541 94
1312983601 94
1312983661 91
1312983721 90
1312983781 88
1312983841 87
1312983901 88
1312983961 88
1312984021 85
1312984081 83
1312984142 83
1312984202 83
1312984261 83
1312984321 82
1312984381 85
1312984441 84
1312984501 87
1312984561 89
1312984621 90
1312984681 90
1312984742 90
1312984801 91
1312984861 93
1312984921 96
1312984981 94
1312985041 94
1312985101 91
1312985161 88
1312985221 85
1312985282 88
1312985342 89
1312985401 90
1312985461 90
1312985521 91
1312985581 92
1312985641 90
1312985701 87
1312985762 93
1312985821 92
1312985881 89
1312985941 93
1312986001 90
1312986061 86
1312986121 84
1312986181 83
1312986241 82
1312986302 82
1312986361 80
1312986421 81
1312986481 85
1312986541 84
1312986601 83
1312986661 83
1312986721 86
1312986781 89
1312986841 89
1312986902 88
1312986961 88
1312987021 89
1312987081 89
1312987141 88
1312987201 92
1312987261 91
1312987321 93
1312987381 87
1312987441 91
1312987502 90
1312987561 91
1312987621 87
1312987681 82
1312987741 79
1312987801 76
1312987861 80
1312987921 80
1312987981 82
1312988041 80
1312988101 80
1312988161 77
1312988221 76
1312988281 79
1312988341 83
1312988401 79
1312988462 82
1312988521 79
1312988581 77
1312988642 79
1312988701 82
1312988761 82
1312988821 83
1312988881 81
1312988941 76
1312989001 81
1312989061 76
1312989121 76
1312989181 77
1312989242 75
1312989301 75
1312989361 75
1312989421 72
1312989481 70
1312989541 74
1312989601 74
1312989661 75
1312989721 73
1312989782 74
1312989841 73
1312989901 71
1312989961 73
1312990021 75
1312990081 74
1312990141 75
1312990201 75
1312990261 73
1312990322 72
1312990381 73
1312990441 73
1312990501 72
1312990561 73
1312990621 72
1312990681 69
1312990741 63
1312990801 62
1312990861 64
1312990922 62
1312990981 61
1312991041 65
1312991101 67
1312991161 67
1312991221 68
1312991281 69
1312991341 66
1312991401 65
1312991461 64
1312991522 65
1312991582 64
1312991641 61
1312991701 61
1312991761 56
1312991821 56
1312991882 56
1312991942 55
1312992001 55
