1313164861 48
1313164922 48
1313164981 49
1313165041 45
1313165101 42
1313165161 43
1313165221 40
1313165281 38
1313165341 42
1313165401 42
1313165462 41
1313165522 41
1313165581 40
1313165641 42
1313165701 42
1313165761 39
1313165821 40
1313165881 39
1313165941 40
1313166001 46
1313166062 46
1313166121 44
1313166181 45
1313166241 43
1313166301 42
1313166361 44
1313166421 44
1313166481 43
1313166541 41
1313166601 38
1313166662 37
1313166721 36
1313166781 36
1313166841 36
1313166901 39
1313166961 38
1313167021 36
1313167081 35
1313167141 32
1313167202 32
1313167262 33
1313167321 34
1313167381 32
1313167441 32
1313167501 32
1313167561 29
1313167621 29
1313167681 30
1313167742 29
1313167801 28
1313167861 31
1313167921 28
1313167981 29
1313168041 29
1313168101 28
1313168161 28
1313168221 28
1313168281 27
1313168341 25
1313168402 25
1313168461 24
1313168521 24
1313168581 24
1313168641 24
1313168701 24
1313168761 26
1313168821 25
1313168881 24
1313168942 24
1313169001 22
1313169061 25
1313169121 26
1313169181 25
1313169241 23
1313169301 24
1313169361 23
1313169422 24
1313169481 24
1313169541 24
1313169601 23
1313169661 17
1313169721 20
1313169781 21
1313169841 21
1313169901 20
1313169961 21
1313170022 21
1313170082 21
1313170141 21
1313170201 20
1313170261 19
1313170321 17
1313170381 13
1313170441 16
1313170501 15
1313170561 14
1313170621 12
1313170682 13
1313170741 14
1313170801 14
1313170861 14
1313170921 13
1313170981 14
1313171041 12
1313171101 14
1313171161 13
1313171221 12
1313171281 13
1313171342 12
1313171402 13
1313171461 12
1313171521 13
1313171581 12
1313171641 12
1313171701 10
1313171761 13
1313171821 13
1313171882 11
1313171941 11
1313172001 10
1313172061 10
1313172121 11
1313172182 11
1313172241 10
1313172301 10
1313172361 10
1313172421 10
1313172481 10
1313172541 10
1313172601 10
1313172661 10
1313172722 10
1313172781 9
1313172841 10
1313172901 9
1313172961 10
1313173021 10
1313173081 10
1313173141 10
1313173201 10
1313173262 10
1313173321 10
1313173381 10
1313173441 8
1313173501 10
1313173561 9
1313173621 9
1313173681 10
1313173741 8
1313173802 8
1313173861 8
1313173921 7
1313173981 8
1313174041 8
1313174101 7
1313174161 8
1313174222 7
1313174282 8
1313174341 8
1313174401 8
1313174461 8
1313174521 8
1313174581 7
1313174642 8
1313174702 8
1313174761 7
1313174821 8
1313174881 6
1313174941 7
1313175001 7
1313175061 7
1313175121 7
1313175182 7
1313175241 6
1313175301 6
1313175361 6
1313175421 6
1313175481 7
1313175541 6
1313175601 7
1313175662 7
1313175722 7
1313175781 7
1313175841 7
1313175901 6
1313175961 6
1313176021 7
1313176081 5
1313176142 7
1313176201 6
1313176261 7
1313176321 7
1313176381 7
1313176441 7
1313176501 7
1313176561 6
1313176622 5
1313176681 7
1313176741 7
1313176801 7
1313176861 6
1313176921 7
1313176981 7
1313177041 7
1313177102 7
1313177161 7
1313177221 6
1313177281 5
1313177341 6
1313177401 7
1313177461 7
1313177521 6
1313177581 7
1313177641 7
1313177702 8
1313177761 8
1313177821 8
1313177881 7
1313177941 6
1313178001 5
1313178061 7
1313178121 7
1313178181 6
1313178241 7
1313178302 6
1313178361 6
1313178421 6
1313178481 6
1313178541 5
1313178601 5
1313178661 6
1313178721 6
1313178781 6
1313178842 5
1313178902 6
1313178961 6
1313179021 6
1313179081 6
1313179141 6
1313179201 6
1313179261 5
1313179321 6
1313179381 6
1313179441 6
1313179502 5
1313179562 6
1313179621 6
1313179681 6
1313179741 6
1313179801 5
1313179861 5
1313179921 5
1313179981 6
1313180041 7
1313180102 7
1313180161 6
1313180221 7
1313180281 7
1313180341 7
1313180401 7
1313180461 7
1313180521 6
1313180581 6
1313180641 6
1313180701 6
1313180762 5
1313180821 5
1313180881 6
1313180941 6
1313181001 6
1313181061 6
1313181121 6
1313181181 5
1313181241 5
1313181301 6
1313181361 6
1313181421 5
1313181481 5
1313181541 6
1313181601 6
1313181661 6
1313181721 5
1313181781 6
1313181841 5
1313181901 5
1313181962 6
1313182021 6
1313182081 5
1313182141 6
1313182201 5
1313182261 5
1313182321 6
1313182381 6
1313182441 6
1313182501 5
1313182562 5
1313182621 6
1313182681 6
1313182741 6
1313182801 6
1313182861 5
1313182921 5
1313182981 6
1313183041 6
1313183101 6
1313183162 5
1313183221 6
1313183281 6
1313183341 5
1313183401 6
1313183461 6
1313183521 5
1313183581 6
1313183641 7
1313183701 7
1313183761 7
1313183822 6
1313183881 7
1313183941 7
1313184001 6
1313184061 7
1313184121 7
1313184181 5
1313184241 5
1313184301 6
1313184361 6
1313184422 6
1313184481 5
1313184541 6
1313184601 7
1313184661 6
1313184721 7
1313184781 7
1313184841 6
1313184901 6
1313184961 7
1313185021 6
1313185082 7
1313185141 6
1313185201 7
1313185261 7
1313185321 7
1313185381 8
1313185441 8
1313185501 7
1313185561 7
1313185621 8
1313185682 7
1313185741 8
1313185801 6
1313185861 8
1313185921 8
1313185981 7
1313186041 8
1313186101 8
1313186161 7
1313186221 7
1313186281 9
1313186342 8
1313186402 9
1313186461 9
1313186521 10
1313186581 10
1313186641 11
1313186702 11
1313186761 11
1313186821 10
1313186881 10
1313186941 11
1313187001 10
1313187061 9
1313187121 9
1313187181 11
1313187241 9
1313187301 10
1313187362 11
1313187421 11
1313187481 11
1313187541 12
1313187601 12
1313187661 12
1313187721 14
1313187781 14
1313187841 14
1313187901 14
1313187961 15
1313188022 15
1313188081 15
1313188141 13
1313188201 15
1313188261 14
1313188321 14
1313188381 14
1313188441 15
1313188501 15
1313188561 16
1313188622 16
1313188681 15
1313188741 16
1313188801 15
1313188861 17
1313188921 15
1313188981 16
1313189041 15
1313189101 16
1313189161 16
1313189221 17
1313189282 17
1313189342 16
1313189401 17
1313189461 16
1313189521 15
1313189581 14
1313189641 14
1313189701 14
1313189761 14
1313189821 14
1313189881 15
1313189942 15
1313190001 15
1313190061 16
1313190121 16
1313190181 15
1313190241 15
1313190301 14
1313190361 14
1313190421 15
1313190482 14
1313190541 15
1313190601 14
1313190661 14
1313190721 14
1313190781 14
1313190841 14
1313190901 14
1313190961 14
1313191021 12
1313191082 14
1313191141 14
1313191201 15
1313191261 15
1313191321 15
1313191381 16
1313191441 16
1313191501 17
1313191561 17
1313191621 16
1313191682 15
1313191741 17
1313191801 17
1313191861 17
1313191921 17
1313191981 18
1313192041 19
1313192101 18
1313192161 19
1313192221 19
1313192281 18
1313192342 18
1313192402 17
1313192461 20
1313192521 19
1313192581 19
1313192641 19
1313192701 20
1313192761 20
1313192821 21
1313192881 21
1313192941 19
1313193001 21
1313193062 19
1313193122 20
1313193181 19
1313193241 20
1313193301 19
1313193361 20
1313193421 20
1313193481 21
1313193541 22
1313193601 22
1313193661 24
1313193722 23
1313193782 24
1313193841 22
1313193901 23
1313193961 23
1313194021 22
1313194081 23
1313194141 22
1313194201 23
1313194261 21
1313194322 23
1313194382 22
1313194441 25
1313194501 27
1313194561 27
1313194621 27
1313194681 27
1313194741 28
1313194801 29
1313194861 30
1313194921 30
1313194982 33
1313195041 32
1313195101 30
1313195161 32
1313195221 32
1313195281 32
1313195341 33
1313195401 32
1313195461 34
1313195521 33
1313195582 31
1313195641 32
1313195701 32
1313195761 31
1313195821 32
1313195881 36
1313195941 35
1313196001 34
1313196062 32
1313196121 33
1313196181 32
1313196241 31
1313196301 33
1313196361 34
1313196421 35
1313196481 33
1313196541 34
1313196602 32
1313196661 34
1313196721 36
1313196781 36
1313196841 37
1313196901 37
1313196961 37
1313197021 39
1313197081 39
1313197141 39
1313197201 40
1313197262 41
1313197321 40
1313197381 41
1313197441 39
1313197501 38
1313197561 36
1313197621 36
1313197681 35
1313197742 35
1313197802 36
1313197861 35
1313197921 35
1313197981 36
1313198041 37
1313198101 38
1313198161 39
1313198221 38
1313198281 41
1313198341 40
1313198402 41
1313198461 41
1313198521 42
1313198581 43
1313198641 42
1313198701 44
1313198761 45
1313198821 49
1313198881 46
1313198942 46
1313199001 46
1313199061 45
1313199121 45
1313199181 45
1313199241 46
1313199301 42
1313199361 44
1313199421 43
1313199482 44
1313199542 45
1313199601 42
1313199661 44
1313199721 44
1313199781 44
1313199841 44
1313199901 44
1313199961 46
1313200021 44
1313200081 48
1313200142 48
1313200201 50
1313200261 48
1313200321 48
1313200381 50
1313200441 50
1313200501 50
1313200561 47
1313200621 51
1313200681 50
1313200742 51
1313200801 52
1313200861 53
1313200921 52
1313200981 53
1313201041 52
1313201101 51
1313201161 51
1313201221 49
1313201281 49
1313201342 50
1313201401 50
1313201461 49
1313201521 46
1313201581 45
1313201641 47
1313201701 49
1313201761 48
1313201821 49
1313201881 48
1313201942 49
1313202001 50
1313202061 50
1313202121 52
1313202181 51
1313202241 54
1313202301 53
1313202361 58
1313202421 56
1313202481 54
1313202541 54
1313202602 55
1313202661 55
1313202721 56
1313202781 56
1313202841 54
1313202901 54
1313202961 53
1313203021 52
1313203081 55
1313203141 55
1313203202 55
1313203261 56
1313203321 53
1313203381 54
1313203441 53
1313203501 55
1313203561 54
1313203621 54
1313203682 55
1313203741 53
1313203801 52
1313203861 53
1313203921 56
1313203981 53
1313204041 52
1313204101 49
1313204161 53
1313204222 54
1313204281 52
1313204341 53
1313204401 53
1313204461 54
1313204521 52
1313204581 59
1313204641 58
1313204701 59
1313204762 59
1313204821 60
1313204881 60
1313204941 60
1313205001 59
1313205061 58
1313205121 59
1313205181 58
1313205241 60
1313205301 61
1313205362 60
1313205422 62
1313205481 63
1313205541 65
1313205601 64
1313205661 62
1313205721 66
1313205781 63
1313205841 63
1313205901 60
1313205962 57
1313206021 60
1313206081 59
1313206141 60
1313206201 60
1313206261 62
1313206321 58
1313206381 64
1313206441 63
1313206501 64
1313206562 65
1313206621 65
1313206681 63
1313206741 62
1313206801 65
1313206861 65
1313206921 66
1313206981 65
1313207041 65
1313207102 67
1313207161 66
1313207221 63
1313207281 68
1313207341 63
1313207401 62
1313207461 61
1313207521 61
1313207581 61
1313207641 61
1313207702 62
1313207761 62
1313207821 60
1313207881 60
1313207941 63
1313208001 61
1313208061 61
1313208121 63
1313208182 63
1313208241 64
1313208301 65
1313208361 63
1313208421 63
1313208481 57
1313208541 60
1313208602 60
1313208661 55
1313208721 57
1313208781 55
1313208841 57
1313208901 56
1313208961 58
1313209021 59
1313209081 58
1313209142 59
1313209201 59
1313209261 59
1313209321 57
1313209381 60
1313209441 60
1313209501 60
1313209561 60
1313209622 56
1313209681 59
1313209741 60
1313209801 58
1313209861 59
1313209921 60
1313209981 54
1313210041 56
1313210102 56
1313210161 56
1313210221 58
1313210281 57
1313210341 59
1313210401 58
1313210461 59
1313210521 59
1313210581 58
1313210641 58
1313210702 59
1313210762 60
1313210821 60
1313210881 56
1313210941 54
1313211001 60
1313211061 59
1313211121 58
1313211181 57
1313211241 56
1313211302 56
1313211361 58
1313211421 58
1313211481 57
1313211541 55
1313211601 55
1313211661 57
1313211721 58
1313211781 56
1313211842 57
1313211902 60
1313211961 56
1313212021 58
1313212081 57
1313212141 55
1313212201 54
1313212261 52
1313212321 54
1313212381 57
1313212441 56
1313212502 55
1313212561 59
1313212621 58
1313212681 62
1313212741 61
1313212801 60
1313212861 61
1313212921 63
1313212982 63
1313213041 61
1313213101 62
1313213161 62
1313213221 61
1313213281 62
1313213341 62
1313213401 62
1313213461 62
1313213521 60
1313213582 63
1313213641 60
1313213701 60
1313213761 60
1313213821 65
1313213881 63
1313213941 65
1313214001 64
1313214061 64
1313214122 65
1313214182 68
1313214241 70
1313214301 68
1313214361 69
1313214421 69
1313214481 67
1313214541 68
1313214601 68
1313214661 67
1313214721 68
1313214782 61
1313214841 63
1313214901 60
1313214961 63
1313215021 63
1313215081 66
1313215141 65
1313215201 65
1313215261 66
1313215322 66
1313215382 69
1313215441 67
1313215501 67
1313215561 68
1313215621 68
1313215681 67
1313215741 70
1313215801 68
1313215862 68
1313215922 66
1313215981 69
1313216041 70
1313216101 71
1313216161 69
1313216221 66
1313216281 69
1313216341 66
1313216401 68
1313216462 68
1313216521 68
1313216581 70
1313216641 68
1313216701 67
1313216761 62
1313216821 67
1313216881 66
1313216941 67
1313217002 67
1313217061 68
1313217121 68
1313217181 66
1313217241 68
1313217301 69
1313217361 67
1313217421 64
1313217481 67
1313217542 66
1313217602 66
1313217661 66
1313217721 69
1313217781 66
1313217841 67
1313217901 66
1313217961 67
1313218021 66
1313218081 63
1313218141 65
1313218202 64
1313218262 65
1313218321 63
1313218381 62
1313218441 61
1313218501 63
1313218561 62
1313218621 64
1313218681 63
1313218741 60
1313218802 66
1313218861 64
1313218921 63
1313218981 64
1313219041 62
1313219101 64
1313219161 62
1313219221 62
1313219281 62
1313219341 61
1313219402 58
1313219461 61
1313219521 59
1313219581 61
1313219641 63
1313219701 60
1313219761 63
1313219821 61
1313219881 62
1313219941 63
1313220002 62
1313220061 61
1313220121 63
1313220181 61
1313220241 63
1313220301 63
1313220361 63
1313220421 63
1313220481 62
1313220541 64
1313220602 61
1313220661 63
1313220721 64
1313220781 66
1313220841 64
1313220901 64
1313220961 63
1313221021 66
1313221081 63
1313221142 64
1313221202 66
1313221261 62
1313221321 61
1313221381 59
1313221441 60
1313221501 62
1313221561 64
1313221621 62
1313221681 63
1313221741 62
1313221802 62
1313221861 63
1313221921 63
1313221981 65
1313222041 63
1313222101 63
1313222161 63
1313222221 64
1313222281 63
1313222341 64
1313222402 62
1313222461 61
1313222521 62
1313222581 61
1313222641 63
1313222701 61
1313222761 58
1313222821 57
1313222881 61
1313222941 60
1313223001 58
1313223062 57
1313223121 56
1313223181 60
1313223241 62
1313223301 63
1313223361 63
1313223421 63
1313223481 64
1313223541 65
1313223601 68
1313223662 67
1313223721 67
1313223781 67
1313223841 65
1313223901 65
1313223961 68
1313224021 66
1313224081 62
1313224141 64
1313224202 65
1313224262 65
1313224321 63
1313224381 62
1313224441 58
1313224501 60
1313224561 59
1313224621 60
1313224681 59
1313224741 58
1313224802 58
1313224862 58
1313224921 56
1313224981 57
1313225041 59
1313225101 58
1313225161 56
1313225221 55
1313225281 54
1313225341 56
1313225402 54
1313225462 56
1313225521 56
1313225581 51
1313225641 53
1313225701 54
1313225761 57
1313225821 57
1313225881 59
1313225941 58
1313226001 59
1313226062 60
1313226121 59
1313226181 59
1313226241 57
1313226301 54
1313226361 55
1313226421 56
1313226481 60
1313226541 59
1313226602 60
1313226661 61
1313226721 61
1313226781 59
1313226841 55
1313226901 57
1313226961 57
1313227021 56
1313227081 53
1313227141 50
1313227202 50
1313227261 49
1313227321 50
1313227381 49
1313227441 50
1313227501 53
1313227561 51
1313227621 50
1313227682 49
1313227741 50
1313227801 50
1313227861 49
1313227921 50
1313227981 51
1313228041 51
1313228101 48
1313228161 48
1313228222 50
1313228281 51
1313228341 53
1313228401 52
1313228461 53
1313228521 51
1313228581 51
1313228641 51
1313228701 53
1313228761 53
1313228821 53
1313228882 51
1313228941 53
1313229001 52
1313229061 51
1313229121 52
1313229181 50
1313229241 50
1313229301 48
1313229361 49
1313229421 48
1313229482 46
1313229541 47
1313229601 48
1313229661 48
1313229721 48
1313229781 47
1313229841 49
1313229901 48
1313229961 48
1313230021 48
1313230082 48
1313230141 49
1313230201 48
1313230261 49
1313230321 49
1313230381 49
1313230441 49
1313230501 49
1313230561 46
1313230621 47
1313230682 47
1313230741 45
1313230801 46
1313230861 45
1313230921 46
1313230981 46
1313231041 45
1313231101 45
1313231161 46
1313231222 47
1313231281 48
1313231341 48
1313231401 49
1313231461 48
1313231521 46
1313231581 50
1313231641 46
1313231701 50
1313231761 48
1313231822 48
1313231881 47
1313231941 45
1313232001 44
1313232061 44
1313232121 44
1313232181 41
1313232241 44
1313232301 44
1313232361 43
1313232422 43
1313232481 42
1313232541 43
1313232601 42
1313232661 43
1313232721 42
1313232781 41
1313232841 40
1313232901 40
1313232961 40
1313233022 38
1313233081 40
1313233141 40
1313233201 41
1313233261 40
1313233321 41
1313233381 40
1313233441 40
1313233501 40
1313233561 41
1313233622 39
1313233681 40
1313233741 40
1313233801 40
1313233861 40
1313233921 41
1313233981 42
1313234041 42
1313234101 41
1313234162 42
1313234221 44
1313234281 45
1313234341 41
1313234401 43
1313234461 43
1313234521 44
1313234581 43
1313234641 43
1313234702 42
1313234762 41
1313234821 45
1313234881 43
1313234941 44
1313235001 45
1313235061 46
1313235121 47
1313235181 48
1313235241 47
1313235302 49
1313235361 47
1313235421 45
1313235481 46
1313235541 46
1313235601 45
1313235661 48
1313235721 49
1313235781 51
1313235842 49
1313235902 49
1313235961 50
1313236021 50
1313236081 49
1313236141 49
1313236201 50
1313236261 51
1313236321 48
1313236381 50
1313236442 52
1313236501 51
1313236561 51
1313236621 48
1313236681 50
1313236741 50
1313236801 46
1313236861 47
1313236921 48
1313236981 49
1313237042 51
1313237102 51
1313237161 51
1313237221 51
1313237281 50
1313237341 50
1313237401 50
1313237461 49
1313237521 49
1313237582 47
1313237641 49
1313237701 50
1313237761 48
1313237821 49
1313237881 48
1313237941 49
1313238001 48
1313238061 49
1313238122 50
1313238181 47
1313238241 47
1313238301 48
1313238361 49
1313238421 48
1313238481 49
1313238541 49
1313238601 53
1313238662 49
1313238721 49
1313238781 49
1313238841 48
1313238901 50
1313238961 51
1313239021 51
1313239081 52
1313239141 54
1313239202 52
1313239262 49
1313239321 52
1313239381 52
1313239441 50
1313239501 49
1313239561 48
1313239621 47
1313239681 45
1313239741 44
1313239801 44
1313239862 47
1313239921 47
1313239981 49
1313240041 51
1313240101 54
1313240161 54
1313240221 56
1313240281 58
1313240341 58
1313240401 57
1313240462 56
1313240521 56
1313240581 56
1313240641 57
1313240701 55
1313240761 55
1313240821 57
1313240881 56
1313240941 55
1313241001 55
1313241062 53
1313241121 52
1313241181 56
1313241241 55
1313241301 56
1313241361 56
1313241421 53
1313241481 57
1313241541 56
1313241602 56
1313241662 54
1313241721 55
1313241781 54
1313241841 54
1313241901 54
1313241961 54
1313242021 54
1313242081 56
1313242141 57
1313242202 56
1313242261 60
1313242321 57
1313242381 58
1313242441 57
1313242501 56
1313242561 58
1313242621 57
1313242681 59
1313242741 62
1313242802 62
1313242861 60
1313242921 61
1313242981 62
1313243041 63
1313243101 63
1313243161 62
1313243221 62
1313243281 60
1313243342 63
1313243402 63
1313243461 64
1313243521 63
1313243581 61
1313243641 58
1313243701 58
1313243761 57
1313243821 58
1313243881 57
1313243941 56
1313244002 55
1313244061 55
1313244121 55
1313244181 55
1313244241 56
1313244301 57
1313244361 60
1313244421 60
1313244481 57
1313244541 58
1313244602 58
1313244661 59
1313244721 58
1313244781 58
1313244841 58
1313244901 57
1313244961 55
1313245021 55
1313245081 54
1313245142 56
1313245202 57
1313245261 56
1313245321 57
1313245381 55
1313245441 58
1313245501 57
1313245561 56
1313245621 57
1313245681 56
1313245741 52
1313245802 56
1313245861 56
1313245921 54
1313245981 54
1313246041 53
1313246101 54
1313246161 51
1313246221 54
1313246281 57
1313246342 55
1313246402 51
1313246461 55
1313246521 56
1313246581 55
1313246641 53
1313246701 50
1313246761 50
1313246821 47
1313246881 45
1313246942 47
1313247001 47
1313247061 44
1313247121 47
1313247181 47
1313247241 47
1313247301 47
1313247361 48
1313247421 50
1313247481 49
1313247541 49
1313247602 49
1313247661 51
1313247721 50
1313247781 49
1313247841 46
1313247901 48
1313247961 47
1313248021 46
1313248081 49
1313248142 45
1313248201 49
1313248261 48
1313248321 46
1313248381 47
1313248441 47
1313248501 46
1313248561 48
1313248621 47
1313248681 45
1313248741 44
1313248801 42
1313248861 43
1313248921 44
1313248981 45
1313249041 45
1313249101 45
1313249161 42
1313249221 41
1313249281 43
1313249342 44
1313249402 44
1313249461 41
1313249521 42
1313249581 41
1313249641 41
1313249701 41
1313249761 40
1313249821 39
1313249882 40
1313249942 40
1313250001 42
1313250061 40
1313250121 38
1313250181 40
1313250241 40
1313250301 40
1313250361 41
1313250421 38
1313250481 40
1313250542 39
1313250602 37
1313250661 37
1313250721 36
1313250781 34
1313250841 38
1313250901 38
1313250961 39
1313251021 39
1313251081 35
1313251141 36
1313251202 34
