1314547261 32
1314547321 31
1314547381 30
1314547441 31
1314547501 28
1314547562 29
1314547621 28
1314547681 28
1314547741 26
1314547801 26
1314547861 27
1314547921 25
1314547981 25
1314548041 24
1314548101 23
1314548162 21
1314548222 23
1314548281 23
1314548341 22
1314548401 21
1314548461 24
1314548521 25
1314548581 23
1314548641 24
1314548701 25
1314548762 22
1314548821 23
1314548881 23
1314548941 22
1314549001 25
1314549061 20
1314549121 21
1314549181 20
1314549241 18
1314549301 21
1314549361 21
1314549422 19
1314549481 20
1314549541 20
1314549601 18
1314549661 20
1314549721 19
1314549781 20
1314549841 20
1314549901 21
1314549961 21
1314550022 21
1314550081 19
1314550141 20
1314550201 19
1314550261 18
1314550321 18
1314550381 16
1314550441 16
1314550501 14
1314550561 14
1314550622 15
1314550681 15
1314550741 15
1314550801 16
1314550861 16
1314550921 16
1314550981 16
1314551041 16
1314551101 15
1314551161 13
1314551221 12
1314551281 16
1314551341 15
1314551401 14
1314551462 15
1314551521 16
1314551581 16
1314551641 16
1314551701 16
1314551761 15
1314551821 14
1314551881 9
1314551941 11
1314552001 10
1314552061 11
1314552121 368
1314552181 501
1314552241 504
1314552302 504
1314552361 504
1314552421 504
1314552481 502
1314552541 502
1314552601 503
1314552661 501
1314552722 205
1314552781 10
1314552841 7
1314552902 7
1314552962 7
1314553022 7
1314553081 7
1314553141 5
1314553201 6
1314553261 7
1314553322 7
1314553381 7
1314553441 8
1314553501 8
1314553561 8
1314553622 9
1314553682 9
1314553741 9
1314553801 8
1314553861 7
1314553922 7
1314553981 7
1314554041 6
1314554101 6
1314554161 5
1314554222 5
1314554281 5
1314554341 5
1314554401 6
1314554461 6
1314554521 6
1314554581 4
1314554642 5
1314554701 5
1314554761 5
1314554821 4
1314554881 5
1314554941 5
1314555001 5
1314555061 4
1314555122 4
1314555181 5
1314555241 4
1314555301 5
1314555361 5
1314555421 5
1314555481 4
1314555541 6
1314555601 6
1314555662 5
1314555721 5
1314555781 6
1314555841 4
1314555901 5
1314555961 5
1314556021 5
1314556081 5
1314556141 4
1314556201 3
1314556262 3
1314556321 3
1314556381 2
1314556441 3
1314556501 2
1314556561 1
1314556621 1
1314556681 1
1314556742 1
1314556802 2
1314556861 2
1314556921 2
1314556981 2
1314557041 1
1314557101 2
1314557161 2
1314557221 2
1314557281 2
1314557341 2
1314557402 1
1314557461 2
1314557521 2
1314557581 3
1314557641 3
1314557701 3
1314557761 2
1314557821 3
1314557881 3
1314557941 3
1314558002 3
1314558061 2
1314558121 3
1314558181 3
1314558241 2
1314558301 2
1314558361 2
1314558421 2
1314558481 3
1314558541 3
1314558601 3
1314558661 3
1314558722 2
1314558782 2
1314558841 2
1314558901 2
1314558961 2
1314559021 1
1314559081 1
1314559141 1
1314559201 1
1314559261 1
1314559321 1
1314559382 1
1314559442 1
1314559501 1
1314559561 1
1314559621 1
1314559681 1
1314559741 0
1314559801 1
1314559861 1
1314559921 1
1314559981 1
1314560042 1
1314560102 1
1314560161 1
1314560221 1
1314560281 1
1314560341 1
1314560401 0
1314560461 1
1314560521 1
1314560581 1
1314560642 1
1314560701 1
1314560761 1
1314560821 1
1314560881 1
1314560941 1
1314561001 1
1314561061 1
1314561121 0
1314561181 1
1314561241 1
1314561302 1
1314561361 1
1314561421 1
1314561481 1
1314561541 1
1314561601 1
1314561661 1
1314561721 1
1314561781 0
1314561841 1
1314561901 1
1314561962 1
1314562021 1
1314562081 1
1314562141 1
1314562201 1
1314562261 1
1314562321 1
1314562381 1
1314562441 2
1314562501 1
1314562562 1
1314562622 1
1314562681 1
1314562741 1
1314562801 1
1314562861 1
1314562921 1
1314562981 1
1314563041 1
1314563101 0
1314563161 1
1314563221 1
1314563282 1
1314563342 1
1314563401 1
1314563461 1
1314563521 1
1314563581 1
1314563641 1
1314563701 1
1314563761 0
1314563821 1
1314563881 1
1314563942 1
1314564001 1
1314564061 1
1314564121 1
1314564181 1
1314564241 1
1314564301 1
1314564361 1
1314564421 1
1314564481 2
1314564541 2
1314564602 2
1314564661 2
1314564721 2
1314564781 2
1314564841 2
1314564901 2
1314564961 2
1314565021 2
1314565081 0
1314565141 1
1314565202 1
1314565261 1
1314565321 1
1314565381 1
1314565441 1
1314565501 1
1314565561 1
1314565621 1
1314565681 1
1314565741 0
1314565801 1
1314565862 1
1314565921 1
1314565981 1
1314566041 1
1314566101 1
1314566161 1
1314566221 1
1314566281 1
1314566341 1
1314566401 0
1314566461 1
1314566522 1
1314566581 1
1314566641 1
1314566701 1
1314566761 1
1314566821 1
1314566881 1
1314566941 1
1314567001 1
1314567062 0
1314567122 1
1314567181 1
1314567241 1
1314567301 1
1314567361 1
1314567421 1
1314567481 1
1314567541 2
1314567601 2
1314567661 2
1314567721 2
1314567781 1
1314567842 1
1314567901 1
1314567961 1
1314568021 1
1314568081 1
1314568141 0
1314568201 1
1314568261 2
1314568321 2
1314568381 2
1314568441 2
1314568502 2
1314568561 2
1314568621 2
1314568681 2
1314568741 2
1314568801 1
1314568862 2
1314568922 1
1314568981 1
1314569041 1
1314569101 1
1314569161 1
1314569221 1
1314569281 1
1314569341 1
1314569401 1
1314569461 0
1314569522 1
1314569582 1
1314569641 1
1314569701 1
1314569761 1
1314569821 1
1314569881 1
1314569941 1
1314570001 1
1314570061 1
1314570121 1
1314570181 3
1314570241 4
1314570302 5
1314570361 5
1314570421 5
1314570481 5
1314570541 5
1314570601 5
1314570661 5
1314570721 4
1314570781 3
1314570841 5
1314570902 5
1314570961 5
1314571021 5
1314571081 6
1314571141 6
1314571201 6
1314571261 7
1314571321 7
1314571381 7
1314571441 6
1314571502 7
1314571561 7
1314571621 7
1314571681 6
1314571741 6
1314571801 6
1314571861 6
1314571921 6
1314571981 5
1314572041 5
1314572102 4
1314572162 6
1314572221 6
1314572281 6
1314572341 6
1314572401 6
1314572461 5
1314572521 6
1314572581 8
1314572641 6
1314572701 8
1314572761 9
1314572822 8
1314572882 8
1314572941 8
1314573001 8
1314573061 8
1314573121 7
1314573181 6
1314573241 7
1314573301 5
1314573361 6
1314573421 6
1314573482 8
1314573541 10
1314573601 10
1314573661 10
1314573721 10
1314573781 10
1314573841 10
1314573901 10
1314573961 8
1314574021 8
1314574082 8
1314574141 8
1314574201 7
1314574261 9
1314574321 9
1314574381 10
1314574441 10
1314574501 10
1314574561 11
1314574621 10
1314574682 11
1314574742 11
1314574801 13
1314574861 16
1314574921 17
1314574981 18
1314575041 18
1314575101 17
1314575161 18
1314575221 19
1314575282 18
1314575341 19
1314575401 18
1314575461 16
1314575521 21
1314575581 19
1314575641 22
1314575701 24
1314575761 22
1314575821 22
1314575882 23
1314575942 24
1314576001 24
1314576061 26
1314576121 24
1314576181 29
1314576241 27
1314576301 30
1314576361 30
1314576422 31
1314576481 31
1314576541 32
1314576601 34
1314576661 36
1314576721 39
1314576781 34
1314576841 38
1314576901 37
1314576962 41
1314577021 44
1314577081 43
1314577141 41
1314577201 43
1314577261 41
1314577321 44
1314577381 47
1314577441 44
1314577501 50
1314577562 51
1314577621 53
1314577681 55
1314577741 58
1314577801 55
1314577861 55
1314577921 54
1314577981 54
1314578041 55
1314578102 55
1314578161 55
1314578221 57
1314578281 61
1314578341 63
1314578401 62
1314578461 64
1314578521 59
1314578581 63
1314578641 62
1314578702 66
1314578762 67
1314578821 67
1314578881 64
1314578941 68
1314579001 73
1314579061 72
1314579121 75
1314579181 76
1314579241 79
1314579302 75
1314579361 77
1314579421 73
1314579481 73
1314579541 74
1314579601 73
1314579661 73
1314579721 72
1314579781 71
1314579842 71
1314579901 69
1314579961 70
1314580021 72
1314580081 75
1314580141 73
1314580201 77
1314580261 81
1314580321 80
1314580381 79
1314580442 80
1314580501 79
1314580561 77
1314580621 78
1314580681 76
1314580741 81
1314580801 77
1314580861 78
1314580921 81
1314580982 83
1314581041 87
1314581101 88
1314581161 87
1314581221 86
1314581281 85
1314581341 82
1314581401 86
1314581461 85
1314581522 87
1314581582 86
1314581641 79
1314581701 84
1314581761 86
1314581821 86
1314581881 88
1314581941 86
1314582002 94
1314582062 96
1314582121 97
1314582181 98
1314582241 101
1314582301 103
1314582361 102
1314582421 100
1314582481 99
1314582541 99
1314582601 91
1314582661 93
1314582722 93
1314582781 94
1314582841 94
1314582901 92
1314582961 96
1314583021 98
1314583081 99
1314583141 97
1314583201 99
1314583262 97
1314583321 101
1314583381 102
1314583441 104
1314583501 103
1314583561 104
1314583621 101
1314583681 103
1314583741 107
1314583802 102
1314583861 103
1314583921 103
1314583981 107
1314584041 110
1314584101 115
1314584162 112
1314584221 114
1314584281 113
1314584341 112
1314584401 115
1314584461 117
1314584521 114
1314584581 115
1314584641 117
1314584702 116
1314584761 120
1314584821 119
1314584881 118
1314584941 116
1314585001 115
1314585062 111
1314585121 114
1314585181 112
1314585241 110
1314585301 112
1314585361 118
1314585421 120
1314585481 121
1314585541 127
1314585602 126
1314585661 129
1314585721 128
1314585781 132
1314585841 128
1314585901 125
1314585961 126
1314586021 132
1314586082 127
1314586142 128
1314586201 128
1314586261 131
1314586321 127
1314586381 120
1314586441 127
1314586501 129
1314586562 127
1314586621 130
1314586681 134
1314586741 129
1314586801 131
1314586861 127
1314586921 133
1314586981 135
1314587042 134
1314587101 139
1314587161 136
1314587221 132
1314587281 133
1314587341 136
1314587401 138
1314587461 138
1314587521 140
1314587582 146
1314587641 144
1314587701 139
1314587761 141
1314587821 148
1314587881 151
1314587941 152
1314588001 151
1314588061 149
1314588121 147
1314588181 147
1314588241 148
1314588301 149
1314588361 151
1314588421 147
1314588482 149
1314588541 146
1314588601 153
1314588661 154
1314588721 157
1314588781 153
1314588841 154
1314588901 155
1314588961 154
1314589022 157
1314589081 155
1314589141 156
1314589201 154
1314589261 158
1314589321 157
1314589381 157
1314589441 155
1314589501 158
1314589562 162
1314589621 162
1314589681 161
1314589741 170
1314589801 166
1314589861 163
1314589921 160
1314589981 164
1314590041 165
1314590102 159
1314590162 157
1314590221 157
1314590281 156
1314590341 151
1314590401 155
1314590461 156
1314590521 156
1314590581 153
1314590641 155
1314590702 152
1314590761 154
1314590821 156
1314590881 151
1314590941 154
1314591001 151
1314591061 151
1314591121 150
1314591182 151
1314591241 146
1314591301 144
1314591361 141
1314591421 136
1314591481 136
1314591541 130
1314591601 134
1314591661 130
1314591721 129
1314591782 129
1314591841 128
1314591901 126
1314591961 122
1314592021 127
1314592081 129
1314592141 122
1314592201 120
1314592261 120
1314592322 120
1314592381 123
1314592441 123
1314592501 126
1314592561 124
1314592621 128
1314592681 126
1314592741 128
1314592801 125
1314592862 129
1314592921 130
1314592981 127
1314593041 126
1314593101 125
1314593161 123
1314593221 119
1314593281 123
1314593342 123
1314593401 122
1314593461 122
1314593521 121
1314593581 118
1314593641 117
1314593701 119
1314593761 115
1314593821 110
1314593882 110
1314593942 107
1314594001 103
1314594061 103
1314594121 103
1314594181 107
1314594241 104
1314594301 105
1314594361 105
1314594422 103
1314594481 104
1314594541 105
1314594601 105
1314594661 100
1314594721 101
1314594781 101
1314594841 105
1314594901 103
1314594962 105
1314595021 100
1314595081 104
1314595141 105
1314595201 106
1314595261 106
1314595321 108
1314595381 107
1314595442 108
1314595501 110
1314595561 112
1314595621 113
1314595681 118
1314595741 117
1314595801 119
1314595861 118
1314595922 116
1314595981 121
1314596041 119
1314596101 116
1314596161 114
1314596221 113
1314596282 109
1314596341 113
1314596401 116
1314596461 120
1314596522 117
1314596581 117
1314596641 115
1314596701 120
1314596761 122
1314596821 125
1314596881 127
1314596941 127
1314597002 123
1314597062 118
1314597121 118
1314597181 112
1314597241 115
1314597301 116
1314597361 116
1314597421 118
1314597481 115
1314597541 116
1314597601 115
1314597661 119
1314597722 120
1314597781 117
1314597841 119
1314597901 121
1314597961 116
1314598021 117
1314598081 117
1314598141 119
1314598202 124
1314598261 122
1314598321 127
1314598381 129
1314598441 127
1314598501 130
1314598561 135
1314598621 133
1314598681 132
1314598741 133
1314598801 131
1314598861 127
1314598921 130
1314598981 130
1314599041 126
1314599101 124
1314599162 125
1314599222 124
1314599281 125
1314599341 123
1314599401 128
1314599461 128
1314599521 129
1314599581 130
1314599641 136
1314599702 134
1314599762 135
1314599821 144
1314599881 142
1314599941 137
1314600001 140
1314600061 141
1314600121 136
1314600181 140
1314600241 144
1314600302 146
1314600361 143
1314600421 141
1314600481 144
1314600541 147
1314600601 147
1314600661 154
1314600721 153
1314600781 153
1314600842 148
1314600901 144
1314600961 142
1314601021 146
1314601081 142
1314601141 147
1314601201 146
1314601261 147
1314601321 144
1314601382 147
1314601442 148
1314601501 145
1314601561 147
1314601621 149
1314601681 146
1314601741 145
1314601801 153
1314601861 155
1314601921 160
1314601982 163
1314602041 164
1314602101 169
1314602161 165
1314602221 167
1314602281 169
1314602341 168
1314602401 164
1314602461 163
1314602521 163
1314602582 155
1314602641 154
1314602701 160
1314602762 156
1314602821 152
1314602881 152
1314602941 153
1314603001 155
1314603061 160
1314603121 159
1314603181 155
1314603241 155
1314603302 153
1314603361 159
1314603421 156
1314603481 158
1314603541 160
1314603601 159
1314603661 163
1314603721 160
1314603781 160
1314603842 162
1314603901 164
1314603961 164
1314604021 163
1314604081 163
1314604141 161
1314604201 160
1314604261 155
1314604321 160
1314604382 159
1314604441 155
1314604501 150
1314604561 150
1314604621 154
1314604681 154
1314604741 157
1314604801 156
1314604862 160
1314604922 159
1314604981 159
1314605041 162
1314605101 162
1314605161 165
1314605221 158
1314605281 158
1314605341 154
1314605402 149
1314605461 149
1314605521 148
1314605581 148
1314605641 142
1314605701 135
1314605761 138
1314605821 136
1314605881 139
1314605941 138
1314606002 138
1314606062 134
1314606121 129
1314606181 130
1314606241 130
1314606301 128
1314606361 123
1314606421 123
1314606481 126
1314606542 123
1314606601 121
1314606661 122
1314606721 122
1314606781 121
1314606841 123
1314606901 123
1314606961 121
1314607021 122
1314607082 117
1314607142 118
1314607201 116
1314607261 112
1314607321 111
1314607381 106
1314607441 104
1314607501 106
1314607561 103
1314607622 105
1314607681 99
1314607741 101
1314607801 101
1314607861 97
1314607921 101
1314607981 101
1314608041 103
1314608101 104
1314608162 101
1314608221 99
1314608281 97
1314608341 94
1314608401 91
1314608461 89
1314608521 87
1314608581 87
1314608642 83
1314608701 82
1314608761 84
1314608821 86
1314608881 85
1314608941 84
1314609001 82
1314609061 82
1314609121 80
1314609181 80
1314609242 79
1314609302 82
1314609361 84
1314609421 78
1314609481 84
1314609541 81
1314609601 83
1314609661 81
1314609721 82
1314609781 84
1314609841 84
1314609902 82
1314609961 80
1314610021 78
1314610081 77
1314610141 76
1314610201 75
1314610261 77
1314610321 76
1314610381 75
1314610441 75
1314610502 76
1314610561 77
1314610621 75
1314610681 75
1314610741 76
1314610801 73
1314610861 76
1314610921 73
1314610981 71
1314611041 69
1314611102 66
1314611161 64
1314611221 61
1314611281 59
1314611341 61
1314611401 60
1314611461 58
1314611521 59
1314611581 57
1314611642 55
1314611702 56
1314611761 58
1314611821 58
1314611881 55
1314611941 56
1314612001 57
1314612061 54
1314612121 56
1314612181 56
1314612242 58
1314612302 56
1314612361 55
1314612421 57
1314612481 58
1314612541 57
1314612601 59
1314612661 58
1314612721 58
1314612781 59
1314612842 57
1314612902 54
1314612961 56
1314613021 56
1314613081 52
1314613141 52
1314613201 51
1314613261 54
1314613321 52
1314613382 53
1314613441 54
1314613501 56
1314613561 58
1314613621 60
1314613681 61
1314613741 59
1314613801 59
1314613861 59
1314613921 60
1314613982 62
1314614041 63
1314614101 63
1314614161 60
1314614221 60
1314614281 56
1314614341 58
1314614401 58
1314614461 54
1314614522 57
1314614582 55
1314614641 57
1314614701 58
1314614761 57
1314614821 59
1314614881 58
1314614941 60
1314615001 57
1314615061 56
1314615122 53
1314615182 54
1314615241 53
1314615301 53
1314615361 54
1314615421 51
1314615481 54
1314615541 52
1314615601 55
1314615661 55
1314615721 51
1314615781 54
1314615841 55
1314615901 55
1314615961 55
1314616021 55
1314616081 57
1314616141 59
1314616201 58
1314616262 59
1314616321 61
1314616381 63
1314616441 63
1314616501 60
1314616561 60
1314616621 60
1314616681 62
1314616741 63
1314616802 66
1314616861 63
1314616921 63
1314616981 65
1314617041 63
1314617101 67
1314617161 66
1314617221 67
1314617281 65
1314617341 66
1314617402 65
1314617461 65
1314617521 64
1314617581 63
1314617641 64
1314617701 67
1314617761 65
1314617821 68
1314617881 70
1314617942 67
1314618002 68
1314618062 70
1314618121 71
1314618181 70
1314618241 68
1314618301 65
1314618361 70
1314618421 67
1314618481 69
1314618541 68
1314618601 69
1314618662 73
1314618721 71
1314618781 72
1314618841 78
1314618901 78
1314618961 77
1314619021 77
1314619081 75
1314619141 79
1314619202 82
1314619261 82
1314619321 84
1314619381 85
1314619441 78
1314619501 79
1314619561 77
1314619621 83
1314619681 80
1314619741 81
1314619802 81
1314619861 80
1314619921 82
1314619981 78
1314620041 77
1314620101 79
1314620161 80
1314620221 75
1314620281 78
1314620342 74
1314620401 73
1314620461 72
1314620521 67
1314620581 66
1314620641 71
1314620701 67
1314620761 67
1314620821 70
1314620881 68
1314620941 72
1314621002 72
1314621061 74
1314621121 77
1314621181 77
1314621241 75
1314621301 77
1314621361 77
1314621421 77
1314621481 76
1314621542 75
1314621602 70
1314621661 70
1314621721 67
1314621781 68
1314621841 68
1314621901 69
1314621961 69
1314622021 70
1314622081 70
1314622141 64
1314622202 70
1314622261 67
1314622321 71
1314622381 70
1314622441 72
1314622501 73
1314622561 72
1314622621 66
1314622681 67
1314622741 68
1314622802 65
1314622862 65
1314622921 63
1314622981 65
1314623041 62
1314623101 61
1314623161 64
1314623221 64
1314623281 66
1314623341 69
1314623402 69
1314623461 73
1314623521 73
1314623581 71
1314623641 72
1314623701 71
1314623761 70
1314623821 73
1314623881 74
1314623941 72
1314624002 73
1314624061 71
1314624121 71
1314624181 72
1314624241 72
1314624301 68
1314624361 65
1314624421 67
1314624481 64
1314624541 67
1314624601 63
1314624662 63
1314624721 62
1314624781 64
1314624841 64
1314624901 67
1314624961 69
1314625021 69
1314625081 69
1314625141 67
1314625201 66
1314625262 66
1314625321 64
1314625381 63
1314625441 63
1314625501 65
1314625561 61
1314625621 61
1314625681 61
1314625741 62
1314625802 62
1314625861 65
1314625921 63
1314625981 60
1314626041 63
1314626101 64
1314626161 65
1314626221 62
1314626281 62
1314626341 62
1314626402 64
1314626461 64
1314626521 64
1314626581 66
1314626641 67
1314626701 60
1314626761 65
1314626821 63
1314626881 61
1314626942 61
1314627002 61
1314627061 56
1314627121 58
1314627181 57
1314627241 52
1314627301 54
1314627361 51
1314627421 52
1314627481 57
1314627541 56
1314627602 58
1314627662 59
1314627721 58
1314627781 56
1314627841 56
1314627901 55
1314627961 58
1314628021 58
1314628081 56
1314628141 56
1314628201 56
1314628262 56
1314628321 56
1314628381 56
1314628441 57
1314628501 54
1314628561 57
1314628621 55
1314628681 52
1314628741 52
1314628802 51
1314628862 53
1314628921 53
1314628981 54
1314629041 52
1314629101 52
1314629161 47
1314629221 52
1314629281 52
1314629341 48
1314629401 51
1314629461 50
1314629522 49
1314629581 47
1314629641 46
1314629701 51
1314629761 50
1314629821 48
1314629881 49
1314629941 50
1314630001 47
1314630061 51
1314630122 49
1314630181 51
1314630241 51
1314630301 47
1314630361 44
1314630421 43
1314630481 44
1314630541 46
1314630601 44
1314630661 41
1314630722 45
1314630782 44
1314630841 43
1314630901 45
1314630961 47
1314631021 47
1314631081 46
1314631141 44
1314631201 42
1314631261 39
1314631321 37
1314631381 35
1314631442 37
1314631501 36
1314631561 34
1314631621 32
1314631681 30
1314631741 30
1314631801 31
1314631861 33
1314631921 34
1314631981 32
1314632042 32
1314632101 33
1314632161 33
1314632221 31
1314632281 31
1314632341 30
1314632401 30
1314632461 29
1314632521 28
1314632581 30
1314632641 28
1314632702 28
1314632761 28
1314632821 28
1314632881 29
1314632941 30
1314633001 29
1314633061 30
1314633121 31
1314633181 26
1314633241 29
1314633301 27
1314633362 29
1314633421 28
1314633481 28
1314633541 28
1314633601 28
