1307289661 12
1307289721 12
1307289781 10
1307289841 11
1307289901 11
1307289961 10
1307290021 10
1307290081 9
1307290141 8
1307290201 9
1307290262 8
1307290321 8
1307290381 10
1307290441 9
1307290501 10
1307290561 11
1307290621 11
1307290681 11
1307290741 11
1307290801 9
1307290861 10
1307290921 9
1307290981 9
1307291041 10
1307291102 8
1307291161 7
1307291221 9
1307291281 9
1307291341 9
1307291401 8
1307291461 9
1307291521 10
1307291581 10
1307291641 10
1307291701 10
1307291762 10
1307291821 8
1307291881 10
1307291941 9
1307292001 10
1307292061 7
1307292121 7
1307292181 6
1307292241 8
1307292301 8
1307292361 8
1307292421 8
1307292482 7
1307292541 8
1307292601 7
1307292661 8
1307292721 7
1307292781 7
1307292841 6
1307292901 7
1307292961 7
1307293021 7
1307293081 6
1307293141 6
1307293202 6
1307293262 5
1307293321 6
1307293381 6
1307293441 3
1307293501 5
1307293561 6
1307293621 6
1307293681 6
1307293741 5
1307293802 6
1307293861 6
1307293921 5
1307293981 6
1307294041 6
1307294101 3
1307294161 5
1307294221 5
1307294281 6
1307294342 6
1307294401 5
1307294461 6
1307294521 6
1307294581 5
1307294641 6
1307294701 6
1307294761 3
1307294821 6
1307294881 5
1307294941 6
1307295001 6
1307295061 6
1307295121 6
1307295181 7
1307295241 6
1307295301 7
1307295361 7
1307295421 4
1307295481 7
1307295541 8
1307295601 8
1307295661 8
1307295721 8
1307295782 7
1307295841 7
1307295901 7
1307295961 6
1307296021 6
1307296081 3
1307296141 5
1307296201 6
1307296261 5
1307296321 6
1307296381 6
1307296441 6
1307296502 6
1307296561 6
1307296621 6
1307296681 6
1307296741 4
1307296801 5
1307296861 5
1307296921 4
1307296981 5
1307297041 5
1307297101 5
1307297161 5
1307297222 5
1307297281 5
1307297341 5
1307297401 2
1307297461 5
1307297521 5
1307297581 5
1307297641 6
1307297701 6
1307297761 6
1307297821 6
1307297881 6
1307297942 5
1307298001 6
1307298061 4
1307298121 6
1307298181 5
1307298241 4
1307298301 5
1307298361 5
1307298421 5
1307298481 5
1307298542 5
1307298601 4
1307298661 4
1307298721 3
1307298781 5
1307298841 5
1307298901 5
1307298961 4
1307299021 5
1307299081 5
1307299141 5
1307299201 5
1307299262 4
1307299321 4
1307299381 3
1307299441 5
1307299501 5
1307299561 5
1307299621 4
1307299681 5
1307299741 5
1307299801 6
1307299861 6
1307299921 5
1307299982 5
1307300042 3
1307300101 4
1307300161 4
1307300221 4
1307300281 3
1307300341 4
1307300401 3
1307300461 3
1307300521 3
1307300581 2
1307300641 3
1307300701 2
1307300762 3
1307300821 3
1307300881 3
1307300941 2
1307301001 3
1307301061 3
1307301121 3
1307301181 3
1307301241 2
1307301301 2
1307301361 2
1307301421 1
1307301482 2
1307301541 2
1307301601 1
1307301661 2
1307301721 2
1307301781 2
1307301841 2
1307301901 2
1307301961 2
1307302021 2
1307302081 1
1307302141 3
1307302202 3
1307302261 2
1307302321 3
1307302381 4
1307302441 4
1307302501 4
1307302561 4
1307302621 4
1307302681 4
1307302741 2
1307302801 3
1307302861 3
1307302922 2
1307302981 3
1307303041 2
1307303101 2
1307303161 2
1307303221 2
1307303281 2
1307303341 2
1307303401 1
1307303461 2
1307303521 2
1307303581 1
1307303641 2
1307303702 2
1307303761 2
1307303821 2
1307303881 2
1307303941 3
1307304001 3
1307304061 2
1307304121 3
1307304181 3
1307304241 2
1307304301 3
1307304361 3
1307304422 3
1307304481 3
1307304541 2
1307304601 3
1307304661 3
1307304721 2
1307304781 3
1307304841 3
1307304901 2
1307304961 3
1307305021 3
1307305081 3
1307305142 3
1307305201 2
1307305261 3
1307305321 3
1307305381 2
1307305441 2
1307305501 2
1307305561 2
1307305621 1
1307305681 2
1307305741 2
1307305801 2
1307305862 1
1307305921 2
1307305981 2
1307306041 2
1307306101 2
1307306161 2
1307306221 2
1307306281 1
1307306341 2
1307306401 2
1307306461 2
1307306521 1
1307306582 2
1307306641 2
1307306701 2
1307306761 2
1307306821 2
1307306881 2
1307306941 1
1307307001 2
1307307061 2
1307307121 2
1307307181 1
1307307241 2
1307307301 2
1307307362 2
1307307421 2
1307307481 2
1307307541 2
1307307601 1
1307307661 2
1307307721 2
1307307781 2
1307307841 1
1307307901 2
1307307961 2
1307308021 2
1307308082 2
1307308141 2
1307308201 2
1307308261 1
1307308321 2
1307308381 2
1307308441 2
1307308501 1
1307308561 2
1307308621 2
1307308681 2
1307308742 2
1307308801 2
1307308861 2
1307308921 1
1307308981 2
1307309041 2
1307309101 2
1307309161 1
1307309221 2
1307309281 2
1307309341 2
1307309401 2
1307309462 2
1307309521 2
1307309581 1
1307309641 2
1307309701 2
1307309761 2
1307309821 1
1307309881 2
1307309941 2
1307310001 3
1307310061 3
1307310121 3
1307310182 3
1307310241 2
1307310301 3
1307310361 4
1307310421 4
1307310481 4
1307310541 3
1307310601 3
1307310661 3
1307310721 3
1307310781 3
1307310841 3
1307310902 2
1307310961 2
1307311021 3
1307311081 3
1307311141 3
1307311201 2
1307311261 3
1307311321 3
1307311381 3
1307311441 3
1307311501 3
1307311562 2
1307311621 2
1307311681 3
1307311741 3
1307311801 3
1307311861 2
1307311921 3
1307311981 3
1307312041 3
1307312101 3
1307312161 3
1307312221 2
1307312281 2
1307312342 3
1307312401 3
1307312461 3
1307312521 2
1307312581 2
1307312641 2
1307312701 2
1307312761 2
1307312821 2
1307312881 2
1307312941 0
1307313001 2
1307313062 2
1307313121 2
1307313181 2
1307313241 2
1307313301 2
1307313361 2
1307313421 2
1307313481 3
1307313541 3
1307313601 1
1307313661 3
1307313721 3
1307313782 3
1307313841 4
1307313901 4
1307313961 4
1307314021 4
1307314082 4
1307314141 4
1307314201 4
1307314261 2
1307314321 5
1307314381 5
1307314441 4
1307314501 4
1307314561 4
1307314621 4
1307314681 3
1307314742 4
1307314801 5
1307314861 5
1307314921 5
1307314981 5
1307315041 5
1307315101 5
1307315161 5
1307315221 6
1307315281 6
1307315341 6
1307315401 7
1307315462 6
1307315521 7
1307315581 7
1307315641 8
1307315701 8
1307315761 8
1307315821 7
1307315881 8
1307315941 8
1307316001 8
1307316061 8
1307316121 6
1307316182 6
1307316241 7
1307316301 8
1307316361 8
1307316421 8
1307316481 8
1307316541 7
1307316601 7
1307316661 9
1307316721 9
1307316781 8
1307316841 7
1307316901 9
1307316962 9
1307317021 9
1307317081 9
1307317141 9
1307317201 8
1307317261 8
1307317321 8
1307317381 8
1307317441 7
1307317501 5
1307317561 8
1307317621 8
1307317681 8
1307317742 9
1307317801 9
1307317861 8
1307317921 10
1307317981 10
1307318041 11
1307318101 11
1307318161 9
1307318221 11
1307318281 11
1307318341 11
1307318402 11
1307318461 11
1307318521 10
1307318581 11
1307318641 12
1307318701 13
1307318761 13
1307318821 12
1307318881 12
1307318941 12
1307319001 12
1307319061 11
1307319122 11
1307319181 10
1307319241 9
1307319301 9
1307319361 11
1307319421 10
1307319481 9
1307319541 9
1307319601 10
1307319661 10
1307319721 9
1307319781 10
1307319842 8
1307319901 8
1307319961 10
1307320021 8
1307320081 10
1307320141 9
1307320201 10
1307320261 11
1307320321 11
1307320381 11
1307320441 10
1307320501 10
1307320562 10
1307320621 12
1307320681 11
1307320741 12
1307320801 12
1307320861 11
1307320921 12
1307320981 12
1307321041 12
1307321101 12
1307321161 12
1307321221 14
1307321282 15
1307321341 15
1307321401 14
1307321461 14
1307321521 13
1307321581 14
1307321641 14
1307321701 14
1307321761 12
1307321821 10
1307321881 13
1307321941 14
1307322002 13
1307322061 14
1307322121 14
1307322181 13
1307322241 15
1307322301 15
1307322361 13
1307322421 15
1307322481 14
1307322541 15
1307322601 15
1307322661 14
1307322722 15
1307322781 17
1307322841 18
1307322901 18
1307322961 17
1307323021 15
1307323081 17
1307323141 16
1307323201 17
1307323261 17
1307323321 16
1307323381 16
1307323441 16
1307323502 16
1307323561 17
1307323621 17
1307323681 14
1307323741 16
1307323801 14
1307323861 16
1307323921 16
1307323981 14
1307324041 16
1307324101 16
1307324161 16
1307324221 16
1307324281 17
1307324341 16
1307324401 16
1307324461 17
1307324521 18
1307324581 18
1307324641 15
1307324701 14
1307324761 13
1307324821 14
1307324881 12
1307324942 14
1307325001 14
1307325061 13
1307325121 15
1307325181 15
1307325241 15
1307325301 16
1307325361 16
1307325421 14
1307325481 15
1307325541 15
1307325602 17
1307325661 15
1307325721 16
1307325781 16
1307325841 16
1307325901 15
1307325961 17
1307326021 17
1307326081 15
1307326141 17
1307326201 15
1307326261 17
1307326322 15
1307326381 17
1307326441 16
1307326501 17
1307326561 17
1307326621 18
1307326681 17
1307326741 15
1307326801 17
1307326861 15
1307326921 17
1307326982 16
1307327041 17
1307327101 16
1307327161 17
1307327221 18
1307327281 18
1307327341 16
1307327401 17
1307327461 17
1307327521 15
1307327581 16
1307327641 16
1307327702 17
1307327761 15
1307327821 14
1307327881 15
1307327941 15
1307328001 14
1307328061 14
1307328121 13
1307328181 14
1307328241 15
1307328301 15
1307328361 15
1307328421 14
1307328482 14
1307328541 16
1307328601 14
1307328661 16
1307328721 16
1307328781 14
1307328841 16
1307328901 15
1307328961 17
1307329021 17
1307329082 16
1307329141 17
1307329201 17
1307329261 16
1307329321 17
1307329381 17
1307329441 15
1307329501 16
1307329561 16
1307329621 16
1307329681 16
1307329741 15
1307329801 17
1307329862 17
1307329921 17
1307329981 16
1307330041 17
1307330101 16
1307330161 17
1307330221 17
1307330281 17
1307330341 17
1307330401 16
1307330461 16
1307330521 17
1307330582 17
1307330641 17
1307330701 16
1307330761 17
1307330821 18
1307330881 16
1307330941 17
1307331001 17
1307331061 16
1307331121 16
1307331181 17
1307331241 16
1307331302 17
1307331361 15
1307331421 14
1307331481 16
1307331541 16
1307331601 15
1307331661 17
1307331721 17
1307331781 16
1307331841 17
1307331901 17
1307331962 17
1307332021 17
1307332081 17
1307332141 17
1307332201 19
1307332261 19
1307332321 18
1307332381 18
1307332441 19
1307332501 20
1307332561 19
1307332621 18
1307332681 18
1307332741 16
1307332801 17
1307332861 17
1307332921 17
1307332981 17
1307333041 16
1307333101 15
1307333161 16
1307333221 15
1307333281 14
1307333341 15
1307333401 14
1307333461 15
1307333521 14
1307333581 14
1307333641 13
1307333701 14
1307333761 14
1307333821 14
1307333881 13
1307333941 13
1307334002 12
1307334061 12
1307334121 13
1307334181 13
1307334241 13
1307334301 13
1307334361 12
1307334421 13
1307334481 13
1307334541 11
1307334601 12
1307334662 11
1307334722 12
1307334781 12
1307334841 12
1307334901 11
1307334961 10
1307335021 11
1307335081 11
1307335141 12
1307335201 11
1307335261 10
1307335321 10
1307335382 11
1307335441 12
1307335501 12
1307335561 12
1307335621 10
1307335681 11
1307335741 11
1307335801 9
1307335861 11
1307335921 9
1307335981 10
1307336041 9
1307336102 10
1307336162 10
1307336221 10
1307336281 10
1307336341 9
1307336401 10
1307336461 8
1307336521 9
1307336581 9
1307336641 8
1307336701 7
1307336761 9
1307336821 9
1307336882 8
1307336941 9
1307337001 8
1307337061 9
1307337121 9
1307337181 9
1307337241 8
1307337301 9
1307337361 7
1307337421 9
1307337481 10
1307337541 9
1307337601 10
1307337662 9
1307337721 9
1307337781 9
1307337841 10
1307337901 9
1307337961 10
1307338021 9
1307338081 10
1307338141 10
1307338201 9
1307338261 10
1307338321 10
1307338381 10
1307338442 10
1307338501 10
1307338561 12
1307338621 11
1307338681 10
1307338741 12
1307338801 12
1307338861 10
1307338921 12
1307338981 12
1307339041 11
1307339101 10
1307339162 9
1307339221 10
1307339281 9
1307339341 8
1307339401 11
1307339461 11
1307339521 9
1307339581 10
1307339641 10
1307339701 11
1307339761 12
1307339821 11
1307339882 14
1307339941 14
1307340001 11
1307340061 14
1307340121 14
1307340181 14
1307340241 13
1307340301 13
1307340361 13
1307340421 15
1307340481 13
1307340542 13
1307340601 15
1307340661 14
1307340721 14
1307340781 14
1307340841 14
1307340901 14
1307340961 15
1307341021 14
1307341081 14
1307341141 14
1307341202 13
1307341262 12
1307341321 13
1307341381 12
1307341441 14
1307341501 14
1307341561 14
1307341621 14
1307341681 13
1307341741 14
1307341801 13
1307341861 14
1307341921 13
1307341982 15
1307342041 15
1307342101 14
1307342161 13
1307342221 13
1307342281 14
1307342341 14
1307342401 14
1307342461 14
1307342521 15
1307342581 14
1307342641 15
1307342702 15
1307342761 15
1307342821 15
1307342881 13
1307342941 15
1307343001 15
1307343062 15
1307343121 14
1307343181 14
1307343241 14
1307343301 15
1307343361 15
1307343421 15
1307343481 15
1307343541 14
1307343601 15
1307343661 14
1307343721 15
1307343782 14
1307343841 15
1307343901 15
1307343961 14
1307344021 16
1307344081 17
1307344141 16
1307344201 16
1307344261 17
1307344321 17
1307344381 17
1307344442 16
1307344501 16
1307344561 16
1307344621 16
1307344681 16
1307344741 15
1307344801 15
1307344861 15
1307344921 16
1307344981 16
1307345041 15
1307345101 14
1307345161 14
1307345221 14
1307345281 15
1307345341 14
1307345401 15
1307345461 14
1307345521 15
1307345581 16
1307345641 15
1307345701 16
1307345761 15
1307345822 16
1307345881 15
1307345941 16
1307346001 16
1307346061 16
1307346121 14
1307346181 15
1307346241 17
1307346301 17
1307346361 19
1307346421 17
1307346481 19
1307346542 18
1307346601 18
1307346661 19
1307346721 18
1307346781 18
1307346841 19
1307346901 19
1307346961 17
1307347021 18
1307347081 16
1307347141 18
1307347201 18
1307347261 18
1307347322 19
1307347381 18
1307347441 18
1307347501 18
1307347561 18
1307347621 17
1307347681 17
1307347741 16
1307347801 16
1307347861 15
1307347921 18
1307347981 18
1307348042 18
1307348101 17
1307348161 18
1307348221 17
1307348281 18
1307348341 18
1307348401 18
1307348461 18
1307348521 16
1307348581 17
1307348641 15
1307348701 17
1307348761 17
1307348821 17
1307348881 15
1307348941 18
1307349001 17
1307349061 19
1307349121 18
1307349181 18
1307349241 19
1307349301 19
1307349361 20
1307349422 20
1307349481 20
1307349541 18
1307349601 19
1307349661 17
1307349721 18
1307349781 17
1307349841 16
1307349901 17
1307349961 18
1307350021 19
1307350081 19
1307350141 18
1307350202 19
1307350261 19
1307350321 18
1307350381 18
1307350441 18
1307350501 16
1307350561 17
1307350621 17
1307350681 18
1307350741 17
1307350801 17
1307350861 19
1307350922 19
1307350981 18
1307351041 18
1307351101 18
1307351161 16
1307351221 17
1307351281 17
1307351341 18
1307351401 18
1307351461 17
1307351521 18
1307351582 17
1307351642 18
1307351701 18
1307351761 16
1307351821 14
1307351881 16
1307351941 15
1307352001 16
1307352061 15
1307352121 14
1307352181 16
1307352241 15
1307352301 15
1307352362 16
1307352421 15
1307352481 15
1307352541 16
1307352601 15
1307352661 17
1307352721 17
1307352781 16
1307352841 16
1307352901 17
1307352961 16
1307353022 17
1307353081 14
1307353141 16
1307353201 15
1307353261 15
1307353321 15
1307353381 16
1307353441 16
1307353501 15
1307353561 16
1307353621 16
1307353681 16
1307353742 16
1307353801 17
1307353861 17
1307353921 18
1307353981 17
1307354041 18
1307354101 18
1307354161 17
1307354221 16
1307354281 16
1307354341 15
1307354402 15
1307354461 15
1307354521 14
1307354581 16
1307354641 16
1307354701 16
1307354761 15
1307354821 15
1307354881 15
1307354941 14
1307355001 15
1307355062 15
1307355122 15
1307355181 14
1307355241 14
1307355301 16
1307355361 16
1307355421 16
1307355481 16
1307355541 16
1307355601 16
1307355661 17
1307355721 17
1307355781 15
1307355842 14
1307355901 14
1307355961 16
1307356021 16
1307356081 16
1307356141 17
1307356201 15
1307356261 15
1307356321 16
1307356381 16
1307356441 16
1307356502 15
1307356561 16
1307356621 17
1307356681 16
1307356741 15
1307356801 16
1307356861 14
1307356921 15
1307356981 16
1307357041 16
1307357101 15
1307357162 15
1307357221 17
1307357281 17
1307357341 17
1307357401 17
1307357461 15
1307357521 17
1307357581 16
1307357641 17
1307357701 18
1307357762 16
1307357821 15
1307357881 15
1307357941 16
1307358001 16
1307358061 16
1307358121 15
1307358181 13
1307358241 15
1307358301 15
1307358361 15
1307358422 14
1307358481 14
1307358541 13
1307358601 13
1307358661 15
1307358721 14
1307358781 15
1307358841 13
1307358901 15
1307358961 14
1307359021 15
1307359082 15
1307359141 15
1307359201 15
1307359261 13
1307359321 14
1307359381 14
1307359441 14
1307359501 13
1307359561 15
1307359621 15
1307359681 15
1307359741 15
1307359802 15
1307359861 14
1307359921 13
1307359981 15
1307360041 15
1307360101 15
1307360161 14
1307360221 15
1307360281 15
1307360341 15
1307360401 15
1307360461 15
1307360521 16
1307360581 15
1307360641 16
1307360701 15
1307360761 15
1307360821 16
1307360882 17
1307360941 17
1307361001 16
1307361061 17
1307361121 16
1307361181 15
1307361241 17
1307361301 16
1307361361 16
1307361422 17
1307361481 17
1307361541 17
1307361601 17
1307361661 17
1307361721 18
1307361781 18
1307361841 18
1307361901 19
1307361961 20
1307362021 18
1307362081 18
1307362142 18
1307362201 19
1307362261 18
1307362321 16
1307362381 17
1307362441 16
1307362501 12
1307362561 13
1307362621 12
1307362681 13
1307362741 13
1307362801 13
1307362862 13
1307362921 13
1307362981 10
1307363041 13
1307363101 14
1307363161 12
1307363221 15
1307363281 14
1307363341 15
1307363401 15
1307363461 15
1307363522 15
1307363582 15
1307363641 14
1307363701 15
1307363761 13
1307363821 12
1307363881 16
1307363941 15
1307364001 16
1307364061 17
1307364121 17
1307364181 17
1307364241 16
1307364302 17
1307364361 17
1307364421 16
1307364481 13
1307364541 17
1307364601 16
1307364661 15
1307364721 16
1307364781 16
1307364841 15
1307364901 16
1307364961 15
1307365022 14
1307365081 15
1307365141 14
1307365201 14
1307365261 16
1307365321 16
1307365381 16
1307365441 16
1307365501 13
1307365561 15
1307365621 14
1307365682 14
1307365742 14
1307365801 14
1307365861 12
1307365921 16
1307365981 16
1307366041 16
1307366101 16
1307366161 14
1307366221 16
1307366281 14
1307366341 12
1307366401 15
1307366462 15
1307366521 13
1307366581 14
1307366641 15
1307366701 14
1307366761 14
1307366821 12
1307366881 15
1307366941 14
1307367001 13
1307367061 15
1307367122 13
1307367181 14
1307367241 16
1307367301 16
1307367361 16
1307367421 16
1307367481 14
1307367541 14
1307367601 14
1307367661 14
1307367721 15
1307367781 15
1307367841 15
1307367902 15
1307367961 15
1307368021 15
1307368081 15
1307368141 14
1307368201 13
1307368261 12
1307368321 13
1307368381 13
1307368441 11
1307368501 13
1307368562 13
1307368621 14
1307368681 14
1307368741 14
1307368801 11
1307368861 13
1307368921 12
1307368981 10
1307369041 10
1307369101 10
1307369161 11
1307369221 11
1307369281 11
1307369341 11
1307369401 11
1307369461 8
1307369521 11
1307369581 11
1307369641 11
1307369701 10
1307369761 10
1307369821 11
1307369881 11
1307369942 13
1307370001 13
1307370061 14
1307370121 11
1307370181 13
1307370241 12
1307370301 12
1307370361 11
1307370421 11
1307370481 11
1307370541 9
1307370601 10
1307370662 9
1307370721 10
1307370781 7
1307370841 8
1307370901 9
1307370961 9
1307371021 8
1307371081 8
1307371141 8
1307371201 7
1307371261 8
1307371322 8
1307371382 7
1307371441 6
1307371501 4
1307371561 7
1307371621 7
1307371681 7
1307371741 7
1307371801 6
1307371861 5
1307371921 7
1307371981 7
1307372042 8
1307372101 8
1307372161 6
1307372221 7
1307372281 7
1307372341 7
1307372401 7
1307372461 7
1307372521 6
1307372581 5
1307372641 5
1307372702 5
1307372761 5
1307372821 5
1307372881 6
1307372941 6
1307373001 6
1307373061 6
1307373121 5
1307373181 6
1307373241 5
1307373301 6
1307373361 5
1307373421 5
1307373481 5
1307373542 6
1307373601 6
1307373661 6
1307373721 6
1307373781 5
1307373841 6
1307373901 5
1307373961 5
1307374021 4
1307374081 5
1307374141 4
1307374201 5
1307374261 5
1307374322 5
1307374381 5
1307374441 4
1307374501 4
1307374561 4
1307374621 4
1307374681 3
1307374741 4
1307374801 3
1307374861 4
1307374921 4
1307374981 4
1307375041 4
1307375102 4
1307375161 4
1307375221 4
1307375281 5
1307375341 3
1307375401 5
1307375461 5
1307375521 5
1307375581 5
1307375641 5
1307375701 7
1307375761 7
1307375822 7
1307375882 7
1307375941 7
