1310140862 17
1310140921 18
1310140981 18
1310141041 17
1310141101 15
1310141161 17
1310141221 16
1310141281 16
1310141341 16
1310141401 17
1310141461 12
1310141521 15
1310141581 16
1310141641 15
1310141701 14
1310141761 11
1310141821 14
1310141881 14
1310141941 14
1310142001 14
1310142061 15
1310142121 12
1310142181 12
1310142241 12
1310142302 13
1310142361 13
1310142421 10
1310142481 13
1310142541 13
1310142601 11
1310142661 12
1310142721 12
1310142781 9
1310142841 11
1310142901 11
1310142961 13
1310143022 13
1310143081 9
1310143141 13
1310143201 13
1310143261 12
1310143321 14
1310143381 14
1310143441 13
1310143501 13
1310143561 14
1310143621 14
1310143681 14
1310143741 11
1310143802 13
1310143861 13
1310143921 13
1310143981 13
1310144041 12
1310144101 11
1310144161 11
1310144221 12
1310144281 12
1310144341 13
1310144401 10
1310144462 12
1310144521 12
1310144581 13
1310144641 13
1310144701 12
1310144761 12
1310144821 12
1310144881 12
1310144941 11
1310145002 11
1310145061 8
1310145121 10
1310145181 10
1310145241 11
1310145301 11
1310145361 10
1310145421 9
1310145481 11
1310145541 11
1310145601 11
1310145661 11
1310145721 9
1310145781 10
1310145841 9
1310145901 9
1310145961 9
1310146021 8
1310146082 7
1310146141 9
1310146201 9
1310146261 9
1310146321 8
1310146381 5
1310146441 7
1310146501 8
1310146561 8
1310146621 8
1310146681 7
1310146741 7
1310146802 6
1310146861 7
1310146921 7
1310146981 7
1310147041 4
1310147101 6
1310147161 6
1310147221 6
1310147281 6
1310147341 6
1310147401 6
1310147462 5
1310147522 6
1310147581 6
1310147641 6
1310147701 3
1310147761 5
1310147821 6
1310147881 6
1310147941 5
1310148001 6
1310148061 6
1310148121 5
1310148181 5
1310148242 5
1310148301 5
1310148361 3
1310148421 4
1310148481 5
1310148541 5
1310148601 4
1310148661 5
1310148721 5
1310148781 5
1310148841 5
1310148902 5
1310148961 4
1310149021 3
1310149081 4
1310149141 5
1310149201 5
1310149261 4
1310149321 5
1310149381 5
1310149441 5
1310149501 5
1310149561 5
1310149621 4
1310149682 3
1310149741 4
1310149801 5
1310149861 5
1310149921 4
1310149981 5
1310150041 5
1310150101 5
1310150161 5
1310150221 5
1310150281 4
1310150341 3
1310150402 4
1310150462 5
1310150521 5
1310150581 4
1310150641 5
1310150701 5
1310150761 5
1310150821 5
1310150881 5
1310150941 4
1310151001 3
1310151061 4
1310151122 5
1310151181 5
1310151241 4
1310151301 5
1310151361 5
1310151421 5
1310151481 5
1310151541 5
1310151601 5
1310151661 2
1310151721 4
1310151781 5
1310151842 5
1310151901 4
1310151961 5
1310152021 5
1310152081 5
1310152141 5
1310152201 5
1310152261 5
1310152321 2
1310152381 3
1310152441 4
1310152501 4
1310152561 3
1310152622 4
1310152681 4
1310152741 4
1310152801 4
1310152861 4
1310152921 4
1310152981 2
1310153041 2
1310153101 3
1310153161 3
1310153221 3
1310153282 3
1310153342 4
1310153401 4
1310153461 4
1310153521 4
1310153581 4
1310153641 3
1310153701 3
1310153761 4
1310153821 4
1310153881 3
1310153941 2
1310154002 3
1310154061 3
1310154121 3
1310154181 3
1310154241 3
1310154301 2
1310154361 2
1310154421 3
1310154481 3
1310154541 3
1310154601 2
1310154661 3
1310154722 3
1310154781 3
1310154841 3
1310154901 3
1310154961 2
1310155021 2
1310155081 3
1310155141 3
1310155201 3
1310155261 2
1310155321 3
1310155381 4
1310155442 4
1310155501 4
1310155561 4
1310155621 4
1310155681 2
1310155741 4
1310155801 4
1310155861 4
1310155921 3
1310155981 3
1310156041 3
1310156101 3
1310156162 3
1310156221 3
1310156281 3
1310156341 1
1310156401 3
1310156461 3
1310156521 3
1310156581 2
1310156641 3
1310156701 3
1310156761 3
1310156821 3
1310156882 3
1310156941 3
1310157001 1
1310157061 3
1310157121 3
1310157181 3
1310157241 2
1310157301 3
1310157361 3
1310157421 3
1310157481 3
1310157541 3
1310157601 3
1310157662 1
1310157721 3
1310157781 3
1310157841 3
1310157901 2
1310157961 3
1310158021 3
1310158081 3
1310158141 3
1310158201 3
1310158261 3
1310158322 1
1310158381 3
1310158441 3
1310158501 3
1310158561 2
1310158621 3
1310158681 3
1310158741 3
1310158801 3
1310158861 3
1310158921 3
1310158982 1
1310159041 3
1310159101 3
1310159161 3
1310159221 2
1310159281 3
1310159341 3
1310159401 3
1310159461 3
1310159521 3
1310159581 3
1310159641 1
1310159702 3
1310159761 3
1310159821 3
1310159881 2
1310159941 3
1310160001 3
1310160061 3
1310160121 3
1310160181 3
1310160241 3
1310160301 1
1310160362 3
1310160421 3
1310160481 3
1310160541 2
1310160601 3
1310160661 4
1310160721 4
1310160781 4
1310160841 4
1310160901 4
1310160961 2
1310161022 4
1310161081 4
1310161141 4
1310161201 3
1310161261 3
1310161321 4
1310161381 4
1310161441 4
1310161501 4
1310161561 4
1310161621 3
1310161681 4
1310161742 4
1310161801 4
1310161861 3
1310161921 3
1310161981 4
1310162041 4
1310162101 5
1310162161 5
1310162221 5
1310162281 5
1310162341 6
1310162402 6
1310162461 6
1310162521 6
1310162581 6
1310162641 6
1310162701 5
1310162762 6
1310162821 5
1310162881 5
1310162941 5
1310163001 4
1310163061 5
1310163121 4
1310163181 4
1310163241 4
1310163301 4
1310163361 4
1310163422 4
1310163482 3
1310163541 4
1310163601 4
1310163661 3
1310163721 4
1310163781 4
1310163841 6
1310163901 6
1310163961 5
1310164021 6
1310164081 6
1310164142 5
1310164201 7
1310164261 7
1310164321 7
1310164381 6
1310164441 4
1310164501 6
1310164561 6
1310164622 6
1310164681 5
1310164741 6
1310164801 4
1310164861 5
1310164921 4
1310164981 5
1310165041 5
1310165101 3
1310165161 4
1310165221 5
1310165282 5
1310165341 4
1310165401 5
1310165461 4
1310165521 5
1310165581 4
1310165641 5
1310165701 5
1310165761 4
1310165821 3
1310165881 4
1310165941 4
1310166001 3
1310166062 4
1310166121 3
1310166181 4
1310166241 3
1310166301 4
1310166361 4
1310166421 4
1310166481 3
1310166541 4
1310166601 4
1310166661 3
1310166722 4
1310166781 3
1310166841 4
1310166901 3
1310166961 4
1310167021 5
1310167081 6
1310167141 5
1310167201 6
1310167261 6
1310167321 5
1310167382 6
1310167441 5
1310167501 6
1310167561 5
1310167621 6
1310167681 6
1310167741 6
1310167801 5
1310167861 6
1310167921 6
1310167981 5
1310168041 7
1310168102 6
1310168161 7
1310168221 6
1310168281 7
1310168341 6
1310168401 7
1310168461 6
1310168521 7
1310168581 7
1310168641 5
1310168701 6
1310168761 5
1310168822 6
1310168881 4
1310168941 5
1310169001 4
1310169061 5
1310169121 4
1310169181 5
1310169241 5
1310169301 4
1310169361 5
1310169421 5
1310169481 5
1310169542 5
1310169601 4
1310169661 5
1310169721 7
1310169781 6
1310169841 7
1310169901 7
1310169961 6
1310170021 6
1310170081 7
1310170141 7
1310170201 7
1310170262 7
1310170321 6
1310170381 7
1310170441 6
1310170501 7
1310170561 7
1310170621 6
1310170681 6
1310170741 7
1310170801 8
1310170861 7
1310170922 7
1310170981 7
1310171041 8
1310171101 9
1310171161 9
1310171221 10
1310171281 9
1310171341 10
1310171401 9
1310171461 8
1310171521 9
1310171581 9
1310171642 8
1310171701 8
1310171761 8
1310171821 8
1310171881 10
1310171941 10
1310172001 10
1310172061 11
1310172121 10
1310172181 11
1310172241 12
1310172302 11
1310172361 12
1310172421 11
1310172481 11
1310172541 12
1310172601 12
1310172661 10
1310172721 11
1310172781 9
1310172841 10
1310172901 9
1310172961 10
1310173022 10
1310173081 9
1310173141 10
1310173201 10
1310173261 10
1310173321 9
1310173381 10
1310173441 9
1310173501 10
1310173561 8
1310173621 11
1310173681 11
1310173742 10
1310173801 12
1310173861 12
1310173921 13
1310173981 12
1310174041 13
1310174101 13
1310174161 14
1310174221 12
1310174282 15
1310174342 15
1310174401 15
1310174461 16
1310174521 14
1310174581 15
1310174641 16
1310174701 16
1310174761 15
1310174821 16
1310174882 14
1310174941 15
1310175001 13
1310175061 15
1310175121 15
1310175181 14
1310175241 14
1310175301 13
1310175361 15
1310175421 14
1310175481 15
1310175542 15
1310175601 15
1310175661 13
1310175721 15
1310175781 15
1310175841 14
1310175901 15
1310175961 15
1310176021 15
1310176081 14
1310176142 14
1310176201 14
1310176261 14
1310176321 14
1310176381 15
1310176441 15
1310176501 15
1310176561 14
1310176621 14
1310176681 14
1310176742 13
1310176801 16
1310176861 16
1310176921 17
1310176981 16
1310177041 16
1310177101 15
1310177161 16
1310177221 16
1310177281 15
1310177342 14
1310177401 11
1310177461 12
1310177521 12
1310177581 13
1310177641 13
1310177701 15
1310177761 16
1310177821 17
1310177881 18
1310177941 17
1310178002 18
1310178061 16
1310178121 18
1310178181 18
1310178241 18
1310178301 17
1310178361 16
1310178421 16
1310178481 16
1310178541 16
1310178602 15
1310178661 15
1310178721 15
1310178781 17
1310178841 17
1310178901 19
1310178961 19
1310179021 17
1310179081 19
1310179141 20
1310179202 20
1310179261 19
1310179321 19
1310179381 20
1310179441 21
1310179501 20
1310179561 20
1310179622 21
1310179681 22
1310179741 22
1310179801 23
1310179861 24
1310179921 22
1310179981 19
1310180041 19
1310180101 21
1310180161 21
1310180221 22
1310180281 20
1310180341 21
1310180401 20
1310180461 18
1310180521 19
1310180581 18
1310180641 16
1310180702 17
1310180761 16
1310180821 16
1310180881 16
1310180941 17
1310181001 16
1310181061 18
1310181121 17
1310181182 17
1310181242 18
1310181301 19
1310181361 18
1310181421 20
1310181481 19
1310181541 18
1310181601 20
1310181661 19
1310181721 18
1310181782 20
1310181841 21
1310181901 20
1310181961 18
1310182021 16
1310182081 19
1310182141 19
1310182201 18
1310182261 20
1310182321 22
1310182381 21
1310182442 20
1310182501 19
1310182561 19
1310182621 19
1310182681 18
1310182741 21
1310182801 22
1310182861 21
1310182921 21
1310182982 20
1310183041 21
1310183101 22
1310183161 22
1310183221 22
1310183281 22
1310183341 20
1310183401 22
1310183462 21
1310183522 21
1310183581 20
1310183641 20
1310183701 20
1310183761 20
1310183821 18
1310183881 17
1310183941 20
1310184002 20
1310184061 22
1310184121 21
1310184181 23
1310184241 22
1310184301 23
1310184361 23
1310184421 22
1310184481 22
1310184541 19
1310184602 19
1310184661 20
1310184721 20
1310184781 18
1310184841 21
1310184901 20
1310184961 20
1310185021 21
1310185081 20
1310185142 20
1310185201 20
1310185261 18
1310185321 20
1310185381 22
1310185441 21
1310185501 21
1310185561 23
1310185621 23
1310185682 22
1310185741 22
1310185801 19
1310185861 20
1310185921 19
1310185981 19
1310186041 19
1310186101 19
1310186161 17
1310186222 17
1310186281 18
1310186341 17
1310186401 18
1310186461 18
1310186521 19
1310186581 18
1310186641 17
1310186701 18
1310186762 19
1310186821 18
1310186881 19
1310186941 20
1310187001 18
1310187061 19
1310187121 16
1310187181 19
1310187241 17
1310187301 17
1310187362 16
1310187421 18
1310187481 18
1310187541 18
1310187601 19
1310187661 19
1310187721 17
1310187782 18
1310187841 19
1310187901 18
1310187961 19
1310188021 18
1310188081 17
1310188141 19
1310188201 19
1310188261 18
1310188321 18
1310188381 16
1310188442 18
1310188501 21
1310188561 19
1310188621 20
1310188681 21
1310188741 18
1310188801 20
1310188861 20
1310188921 19
1310188981 19
1310189042 17
1310189101 16
1310189161 17
1310189221 15
1310189281 17
1310189341 18
1310189401 17
1310189461 17
1310189522 18
1310189582 19
1310189641 17
1310189701 16
1310189761 16
1310189821 17
1310189881 15
1310189941 16
1310190001 14
1310190061 15
1310190121 16
1310190182 16
1310190241 17
1310190301 17
1310190361 16
1310190421 18
1310190481 19
1310190541 19
1310190601 19
1310190661 20
1310190722 19
1310190781 21
1310190841 22
1310190901 21
1310190961 20
1310191021 20
1310191081 19
1310191141 20
1310191201 20
1310191262 19
1310191321 19
1310191381 17
1310191441 20
1310191501 21
1310191561 22
1310191621 20
1310191681 20
1310191741 17
1310191801 18
1310191862 16
1310191921 16
1310191981 15
1310192041 14
1310192101 16
1310192161 16
1310192221 16
1310192281 15
1310192341 16
1310192401 15
1310192461 17
1310192522 18
1310192581 18
1310192641 18
1310192701 15
1310192761 18
1310192821 18
1310192881 18
1310192941 17
1310193001 19
1310193062 18
1310193121 18
1310193181 19
1310193241 19
1310193301 20
1310193361 18
1310193421 20
1310193481 19
1310193541 20
1310193601 19
1310193662 20
1310193721 20
1310193781 19
1310193841 17
1310193901 16
1310193961 16
1310194021 17
1310194081 18
1310194141 18
1310194202 17
1310194261 18
1310194321 18
1310194381 17
1310194441 17
1310194501 21
1310194561 20
1310194621 18
1310194681 18
1310194741 19
1310194801 19
1310194861 16
1310194921 18
1310194981 19
1310195041 19
1310195101 16
1310195161 17
1310195221 18
1310195281 18
1310195341 18
1310195402 19
1310195461 19
1310195521 18
1310195581 17
1310195641 18
1310195701 19
1310195761 18
1310195821 19
1310195881 17
1310195941 17
1310196001 17
1310196061 18
1310196121 18
1310196181 18
1310196241 17
1310196301 18
1310196361 19
1310196422 19
1310196481 20
1310196541 19
1310196601 18
1310196661 20
1310196721 20
1310196781 19
1310196841 21
1310196902 18
1310196961 20
1310197021 19
1310197081 21
1310197141 21
1310197201 20
1310197261 20
1310197321 21
1310197381 22
1310197442 22
1310197502 20
1310197561 19
1310197621 20
1310197681 18
1310197741 20
1310197801 20
1310197861 17
1310197921 18
1310197981 18
1310198042 17
1310198101 19
1310198161 19
1310198221 19
1310198281 18
1310198341 19
1310198401 19
1310198461 20
1310198521 19
1310198581 18
1310198642 17
1310198701 16
1310198761 18
1310198821 16
1310198881 17
1310198941 16
1310199001 18
1310199061 17
1310199121 18
1310199182 17
1310199241 18
1310199301 17
1310199361 15
1310199421 17
1310199481 16
1310199541 15
1310199601 15
1310199661 16
1310199722 15
1310199781 16
1310199841 15
1310199901 16
1310199961 15
1310200021 13
1310200081 16
1310200141 15
1310200202 14
1310200261 15
1310200321 16
1310200381 14
1310200441 16
1310200501 17
1310200561 17
1310200621 17
1310200681 15
1310200742 17
1310200801 18
1310200861 17
1310200921 16
1310200981 17
1310201041 16
1310201101 16
1310201161 16
1310201221 16
1310201281 15
1310201342 14
1310201401 15
1310201461 16
1310201521 16
1310201581 15
1310201641 17
1310201701 15
1310201761 17
1310201821 16
1310201881 16
1310201941 17
1310202002 15
1310202061 16
1310202121 17
1310202181 18
1310202241 16
1310202301 18
1310202361 16
1310202421 18
1310202481 18
1310202541 18
1310202602 17
1310202661 14
1310202721 16
1310202781 15
1310202841 14
1310202901 16
1310202961 15
1310203021 14
1310203081 17
1310203142 16
1310203201 16
1310203261 17
1310203321 13
1310203381 16
1310203441 16
1310203501 14
1310203561 17
1310203621 17
1310203681 17
1310203742 18
1310203801 17
1310203861 18
1310203921 18
1310203981 16
1310204041 18
1310204101 18
1310204161 18
1310204221 19
1310204281 17
1310204342 18
1310204401 19
1310204461 18
1310204521 19
1310204581 19
1310204641 18
1310204701 19
1310204761 20
1310204821 19
1310204881 18
1310204942 18
1310205001 18
1310205061 18
1310205121 18
1310205181 17
1310205241 16
1310205301 15
1310205361 14
1310205421 16
1310205482 15
1310205542 15
1310205601 15
1310205661 16
1310205721 15
1310205781 16
1310205841 16
1310205901 15
1310205961 15
1310206021 14
1310206082 17
1310206141 17
1310206201 16
1310206261 15
1310206321 17
1310206381 16
1310206441 17
1310206501 17
1310206561 16
1310206622 13
1310206681 15
1310206741 16
1310206801 15
1310206861 16
1310206921 15
1310206981 16
1310207041 16
1310207101 17
1310207162 17
1310207221 16
1310207281 13
1310207341 16
1310207401 17
1310207461 15
1310207521 16
1310207581 15
1310207641 15
1310207702 16
1310207761 15
1310207821 16
1310207881 16
1310207941 14
1310208001 19
1310208061 18
1310208121 18
1310208181 18
1310208241 17
1310208302 17
1310208361 17
1310208421 17
1310208481 16
1310208541 13
1310208601 13
1310208661 14
1310208721 13
1310208781 14
1310208841 14
1310208902 13
1310208961 14
1310209021 13
1310209081 14
1310209141 13
1310209201 8
1310209261 10
1310209321 10
1310209381 10
1310209441 11
1310209501 11
1310209562 10
1310209622 11
1310209681 11
1310209741 12
1310209801 11
1310209861 9
1310209921 11
1310209981 11
1310210041 11
1310210101 12
1310210161 13
1310210222 12
1310210281 12
1310210341 12
1310210401 13
1310210461 12
1310210521 11
1310210581 12
1310210641 13
1310210701 12
1310210761 12
1310210821 12
1310210882 10
1310210941 11
1310211001 11
1310211061 11
1310211121 11
1310211181 10
1310211241 11
1310211301 12
1310211361 12
1310211421 12
1310211482 12
1310211541 12
1310211601 14
1310211661 14
1310211721 14
1310211781 14
1310211841 14
1310211901 15
1310211961 15
1310212021 16
1310212082 16
1310212141 15
1310212201 13
1310212261 14
1310212321 14
1310212381 13
1310212441 13
1310212501 11
1310212561 12
1310212621 13
1310212681 13
1310212742 14
1310212801 14
1310212861 13
1310212921 13
1310212981 14
1310213041 14
1310213101 13
1310213161 14
1310213221 12
1310213282 14
1310213341 13
1310213401 13
1310213461 12
1310213521 12
1310213581 12
1310213641 12
1310213701 14
1310213761 13
1310213822 12
1310213881 13
1310213941 14
1310214001 13
1310214061 14
1310214121 14
1310214181 12
1310214241 15
1310214301 14
1310214361 13
1310214422 14
1310214481 13
1310214541 14
1310214601 15
1310214661 15
1310214721 15
1310214781 16
1310214841 13
1310214901 14
1310214961 16
1310215022 15
1310215081 16
1310215141 14
1310215201 15
1310215261 16
1310215321 15
1310215381 15
1310215441 15
1310215501 13
1310215562 15
1310215621 16
1310215681 16
1310215741 18
1310215801 17
1310215861 17
1310215921 18
1310215981 18
1310216041 18
1310216101 17
1310216162 14
1310216221 18
1310216281 19
1310216341 18
1310216401 19
1310216461 17
1310216521 19
1310216581 18
1310216641 19
1310216702 18
1310216761 17
1310216821 15
1310216881 15
1310216941 17
1310217001 17
1310217061 18
1310217121 16
1310217181 19
1310217242 18
1310217301 19
1310217361 19
1310217421 18
1310217481 15
1310217541 16
1310217601 16
1310217661 16
1310217721 16
1310217782 16
1310217841 17
1310217901 16
1310217961 17
1310218021 15
1310218081 17
1310218141 13
1310218201 14
1310218261 16
1310218321 17
1310218382 15
1310218441 17
1310218501 17
1310218561 17
1310218621 17
1310218681 15
1310218741 17
1310218801 14
1310218862 17
1310218921 17
1310218981 17
1310219041 15
1310219101 18
1310219161 18
1310219221 19
1310219281 19
1310219341 17
1310219401 17
1310219462 12
1310219521 16
1310219581 17
1310219641 15
1310219701 13
1310219761 15
1310219821 14
1310219881 16
1310219941 16
1310220001 17
1310220061 17
1310220122 17
1310220181 19
1310220241 19
1310220301 19
1310220361 18
1310220421 18
1310220481 20
1310220541 19
1310220601 20
1310220662 21
1310220721 18
1310220781 18
1310220841 21
1310220901 20
1310220961 21
1310221021 20
1310221081 20
1310221142 21
1310221201 18
1310221261 19
1310221321 19
1310221381 18
1310221441 18
1310221501 20
1310221561 19
1310221621 20
1310221682 17
1310221741 20
1310221801 21
1310221861 20
1310221921 22
1310221981 20
1310222041 20
1310222101 21
1310222161 22
1310222221 22
1310222281 23
1310222341 22
1310222401 25
1310222461 25
1310222521 24
1310222581 25
1310222641 25
1310222701 24
1310222761 24
1310222821 26
1310222882 24
1310222941 24
1310223001 23
1310223061 22
1310223121 22
1310223181 22
1310223241 23
1310223301 22
1310223361 21
1310223421 20
1310223482 22
1310223541 23
1310223601 22
1310223661 20
1310223721 22
1310223781 21
1310223841 21
1310223901 23
1310223961 20
1310224022 21
1310224082 21
1310224141 20
1310224201 21
1310224261 20
1310224321 19
1310224381 21
1310224441 20
1310224501 22
1310224561 23
1310224621 23
1310224682 21
1310224741 22
1310224801 21
1310224861 22
1310224921 20
1310224981 21
1310225041 20
1310225101 18
1310225161 19
1310225221 17
1310225282 17
1310225341 17
1310225401 18
1310225461 18
1310225521 17
1310225581 17
1310225641 17
1310225701 17
1310225761 16
1310225821 18
1310225881 17
1310225942 16
1310226001 17
1310226061 18
1310226121 19
1310226181 16
1310226241 18
1310226301 16
1310226361 16
1310226421 16
1310226482 17
1310226541 16
1310226601 16
1310226661 16
1310226721 15
1310226781 14
1310226841 13
1310226901 15
1310226961 14
1310227021 14
1310227082 14
1310227141 13
1310227201 12
