1315324861 35
1315324921 34
1315324981 32
1315325041 31
1315325101 31
1315325161 35
1315325221 35
1315325281 34
1315325342 34
1315325401 33
1315325461 34
1315325521 36
1315325581 37
1315325641 33
1315325701 34
1315325761 33
1315325821 36
1315325882 34
1315325941 32
1315326001 33
1315326061 33
1315326121 30
1315326181 29
1315326241 30
1315326301 29
1315326362 28
1315326421 26
1315326481 28
1315326541 29
1315326601 27
1315326661 26
1315326721 28
1315326781 30
1315326841 30
1315326902 29
1315326961 27
1315327021 28
1315327081 28
1315327141 30
1315327201 30
1315327261 28
1315327321 25
1315327381 24
1315327442 24
1315327501 23
1315327561 26
1315327621 24
1315327681 24
1315327741 22
1315327801 22
1315327861 21
1315327922 20
1315327981 20
1315328041 19
1315328101 20
1315328161 17
1315328221 17
1315328281 16
1315328341 15
1315328401 17
1315328461 17
1315328522 15
1315328581 14
1315328641 14
1315328701 16
1315328761 16
1315328821 15
1315328881 16
1315328941 15
1315329001 14
1315329062 16
1315329121 17
1315329181 17
1315329241 15
1315329301 16
1315329361 17
1315329421 16
1315329481 16
1315329541 17
1315329601 16
1315329661 15
1315329721 16
1315329782 16
1315329842 16
1315329901 13
1315329961 15
1315330021 16
1315330081 14
1315330141 16
1315330201 16
1315330261 15
1315330321 14
1315330382 16
1315330441 16
1315330501 14
1315330561 13
1315330621 15
1315330681 16
1315330741 14
1315330801 15
1315330861 15
1315330921 14
1315330982 13
1315331041 15
1315331101 15
1315331161 13
1315331221 13
1315331281 14
1315331341 12
1315331401 14
1315331462 14
1315331521 14
1315331581 12
1315331641 12
1315331701 13
1315331761 13
1315331821 10
1315331881 11
1315331941 13
1315332002 10
1315332061 13
1315332121 13
1315332181 13
1315332241 13
1315332301 13
1315332361 13
1315332422 13
1315332481 12
1315332541 13
1315332601 14
1315332661 14
1315332721 14
1315332781 14
1315332841 13
1315332901 12
1315332962 14
1315333021 14
1315333081 13
1315333141 11
1315333201 12
1315333261 14
1315333321 14
1315333381 14
1315333441 14
1315333501 14
1315333561 13
1315333622 14
1315333681 13
1315333741 14
1315333801 11
1315333861 12
1315333921 14
1315333981 15
1315334041 15
1315334102 15
1315334161 14
1315334221 14
1315334281 14
1315334341 15
1315334401 15
1315334461 11
1315334521 12
1315334581 14
1315334642 14
1315334701 14
1315334761 14
1315334821 13
1315334881 13
1315334941 12
1315335001 14
1315335061 14
1315335121 11
1315335181 12
1315335242 14
1315335301 14
1315335361 14
1315335421 14
1315335481 13
1315335541 13
1315335601 12
1315335661 13
1315335721 13
1315335782 10
1315335841 12
1315335901 14
1315335961 14
1315336021 14
1315336081 14
1315336141 13
1315336201 13
1315336261 12
1315336322 13
1315336381 14
1315336441 10
1315336501 13
1315336561 13
1315336621 14
1315336681 14
1315336741 14
1315336801 12
1315336862 14
1315336921 13
1315336981 13
1315337041 15
1315337101 11
1315337161 14
1315337221 15
1315337281 15
1315337341 15
1315337402 15
1315337462 13
1315337521 14
1315337581 12
1315337641 13
1315337701 12
1315337761 12
1315337821 13
1315337881 14
1315337941 14
1315338001 14
1315338061 13
1315338122 13
1315338181 14
1315338241 12
1315338301 13
1315338361 10
1315338421 12
1315338481 13
1315338541 14
1315338601 14
1315338662 14
1315338721 13
1315338781 13
1315338841 14
1315338901 12
1315338961 13
1315339021 11
1315339081 11
1315339141 13
1315339201 14
1315339262 14
1315339321 14
1315339381 13
1315339441 13
1315339501 14
1315339561 12
1315339621 13
1315339681 12
1315339741 11
1315339801 13
1315339861 14
1315339922 14
1315339981 14
1315340041 14
1315340101 12
1315340161 14
1315340221 12
1315340281 12
1315340341 14
1315340401 11
1315340462 13
1315340521 13
1315340581 14
1315340641 14
1315340701 14
1315340761 12
1315340821 14
1315340881 12
1315340942 12
1315341001 14
1315341061 12
1315341121 13
1315341181 13
1315341241 15
1315341301 15
1315341361 15
1315341422 15
1315341481 15
1315341541 11
1315341601 15
1315341661 15
1315341721 14
1315341781 14
1315341841 14
1315341901 14
1315341962 14
1315342021 12
1315342081 14
1315342141 14
1315342201 10
1315342261 13
1315342321 15
1315342381 14
1315342441 14
1315342502 14
1315342561 14
1315342621 14
1315342681 12
1315342741 14
1315342801 13
1315342861 11
1315342921 12
1315342982 14
1315343041 12
1315343101 14
1315343161 14
1315343221 14
1315343281 14
1315343341 12
1315343401 14
1315343462 13
1315343522 11
1315343581 12
1315343641 13
1315343701 12
1315343761 13
1315343821 13
1315343881 12
1315343941 13
1315344002 11
1315344062 12
1315344121 11
1315344181 11
1315344241 13
1315344301 14
1315344361 13
1315344421 14
1315344481 14
1315344542 14
1315344602 14
1315344661 12
1315344721 14
1315344781 12
1315344841 11
1315344901 13
1315344961 13
1315345021 13
1315345082 14
1315345142 13
1315345201 14
1315345261 14
1315345321 12
1315345381 13
1315345441 11
1315345501 9
1315345561 11
1315345621 11
1315345682 11
1315345742 13
1315345801 14
1315345861 14
1315345921 14
1315345981 12
1315346041 14
1315346101 13
1315346161 12
1315346222 14
1315346282 14
1315346341 13
1315346402 13
1315346461 13
1315346522 11
1315346582 13
1315346641 13
1315346701 13
1315346761 11
1315346821 10
1315346881 10
1315346941 10
1315347001 11
1315347062 11
1315347121 11
1315347181 10
1315347241 12
1315347301 12
1315347361 12
1315347421 10
1315347481 11
1315347541 11
1315347602 11
1315347662 12
1315347721 12
1315347781 12
1315347841 9
1315347901 12
1315347961 12
1315348021 12
1315348081 11
1315348142 10
1315348202 10
1315348261 10
1315348321 12
1315348381 13
1315348441 13
1315348501 12
1315348561 14
1315348621 14
1315348682 14
1315348742 13
1315348801 12
1315348861 13
1315348921 12
1315348981 13
1315349041 13
1315349101 13
1315349161 11
1315349221 13
1315349282 14
1315349342 14
1315349401 13
1315349461 14
1315349521 14
1315349581 13
1315349641 13
1315349701 12
1315349761 12
1315349821 12
1315349881 13
1315349942 13
1315350001 13
1315350061 10
1315350121 12
1315350181 12
1315350241 13
1315350301 15
1315350361 14
1315350421 15
1315350481 14
1315350542 15
1315350601 14
1315350661 15
1315350721 13
1315350781 15
1315350841 13
1315350901 14
1315350961 16
1315351022 16
1315351082 18
1315351141 19
1315351201 23
1315351261 23
1315351321 24
1315351381 24
1315351441 26
1315351501 26
1315351562 28
1315351622 30
1315351681 28
1315351741 29
1315351801 26
1315351861 27
1315351921 28
1315351981 29
1315352041 32
1315352102 30
1315352161 30
1315352221 29
1315352281 31
1315352341 32
1315352401 32
1315352461 33
1315352521 33
1315352581 32
1315352642 30
1315352701 34
1315352761 32
1315352821 34
1315352881 33
1315352941 36
1315353001 38
1315353062 35
1315353121 33
1315353181 35
1315353241 35
1315353301 37
1315353361 41
1315353421 43
1315353481 46
1315353541 43
1315353602 52
1315353661 56
1315353721 60
1315353781 59
1315353841 64
1315353901 61
1315353961 64
1315354021 67
1315354081 69
1315354141 71
1315354202 68
1315354261 71
1315354321 73
1315354381 74
1315354441 69
1315354501 71
1315354561 76
1315354621 75
1315354681 75
1315354742 75
1315354802 76
1315354861 75
1315354921 76
1315354981 78
1315355041 77
1315355101 79
1315355161 77
1315355221 82
1315355282 80
1315355341 82
1315355401 82
1315355461 86
1315355521 81
1315355581 85
1315355641 86
1315355701 89
1315355762 85
1315355821 87
1315355881 89
1315355941 90
1315356001 91
1315356061 95
1315356121 99
1315356181 102
1315356242 106
1315356301 108
1315356361 107
1315356422 103
1315356481 108
1315356541 111
1315356601 112
1315356661 111
1315356721 108
1315356781 109
1315356842 110
1315356902 110
1315356961 116
1315357021 123
1315357081 126
1315357141 126
1315357201 127
1315357261 127
1315357321 131
1315357381 134
1315357442 138
1315357502 138
1315357561 135
1315357621 137
1315357681 134
1315357741 133
1315357801 142
1315357861 145
1315357922 147
1315357982 148
1315358041 148
1315358101 148
1315358161 146
1315358221 146
1315358281 150
1315358341 152
1315358401 148
1315358461 159
1315358522 160
1315358581 158
1315358641 160
1315358701 165
1315358761 168
1315358821 158
1315358881 160
1315358941 165
1315359002 162
1315359062 153
1315359121 160
1315359181 159
1315359241 157
1315359301 156
1315359361 167
1315359421 172
1315359482 169
1315359542 165
1315359601 169
1315359661 162
1315359721 166
1315359781 163
1315359841 163
1315359901 161
1315359961 157
1315360022 158
1315360081 163
1315360141 163
1315360201 159
1315360262 156
1315360321 158
1315360381 158
1315360441 163
1315360501 168
1315360561 167
1315360621 167
1315360681 169
1315360741 173
1315360802 175
1315360861 175
1315360921 164
1315360981 167
1315361041 161
1315361101 160
1315361161 162
1315361221 162
1315361281 160
1315361342 157
1315361402 164
1315361461 169
1315361521 175
1315361581 179
1315361641 174
1315361701 180
1315361761 183
1315361822 186
1315361882 184
1315361941 190
1315362001 193
1315362061 195
1315362121 189
1315362181 191
1315362242 191
1315362302 189
1315362361 192
1315362421 195
1315362481 201
1315362541 200
1315362601 198
1315362661 197
1315362721 194
1315362782 192
1315362841 197
1315362901 191
1315362961 189
1315363021 191
1315363081 186
1315363141 183
1315363201 189
1315363261 187
1315363322 188
1315363381 186
1315363441 185
1315363501 188
1315363561 185
1315363621 191
1315363681 187
1315363741 188
1315363801 188
1315363862 194
1315363921 198
1315363981 193
1315364041 194
1315364101 199
1315364161 198
1315364221 194
1315364281 199
1315364341 199
1315364402 202
1315364462 203
1315364521 204
1315364581 202
1315364641 208
1315364701 205
1315364761 210
1315364821 203
1315364882 204
1315364942 201
1315365001 196
1315365061 203
1315365121 200
1315365181 205
1315365241 200
1315365301 200
1315365361 194
1315365421 200
1315365481 201
1315365541 206
1315365601 200
1315365661 201
1315365721 205
1315365782 209
1315365841 206
1315365901 205
1315365961 208
1315366021 202
1315366081 203
1315366141 206
1315366201 207
1315366262 209
1315366321 212
1315366381 220
1315366441 220
1315366501 217
1315366561 220
1315366621 228
1315366682 223
1315366741 229
1315366801 226
1315366861 224
1315366921 222
1315366981 218
1315367041 221
1315367101 222
1315367161 223
1315367221 224
1315367282 224
1315367341 219
1315367401 226
1315367461 219
1315367521 219
1315367581 225
1315367641 226
1315367702 229
1315367762 228
1315367821 233
1315367881 231
1315367941 234
1315368001 231
1315368061 230
1315368121 230
1315368181 219
1315368242 219
1315368301 215
1315368361 210
1315368421 202
1315368481 202
1315368541 193
1315368601 190
1315368661 196
1315368722 193
1315368781 190
1315368841 192
1315368901 192
1315368961 194
1315369021 195
1315369081 192
1315369141 193
1315369202 195
1315369261 195
1315369321 202
1315369381 205
1315369441 206
1315369501 199
1315369561 205
1315369621 201
1315369681 204
1315369741 201
1315369802 198
1315369861 199
1315369921 198
1315369981 198
1315370041 193
1315370101 195
1315370161 190
1315370221 195
1315370281 191
1315370342 193
1315370401 193
1315370461 190
1315370521 187
1315370581 186
1315370641 190
1315370701 192
1315370761 188
1315370822 190
1315370881 189
1315370941 193
1315371001 191
1315371061 194
1315371121 200
1315371181 198
1315371241 201
1315371302 206
1315371362 209
1315371421 212
1315371481 213
1315371541 216
1315371601 222
1315371661 219
1315371721 218
1315371782 221
1315371842 219
1315371901 219
1315371961 216
1315372021 218
1315372081 218
1315372141 217
1315372201 217
1315372261 220
1315372322 220
1315372381 228
1315372441 224
1315372501 232
1315372561 236
1315372621 237
1315372681 237
1315372741 229
1315372802 233
1315372862 234
1315372921 233
1315372981 235
1315373041 241
1315373101 236
1315373161 238
1315373221 245
1315373281 248
1315373341 250
1315373402 245
1315373461 248
1315373521 249
1315373581 241
1315373641 243
1315373701 237
1315373761 243
1315373821 240
1315373881 240
1315373942 242
1315374001 243
1315374061 250
1315374121 249
1315374181 248
1315374241 244
1315374301 253
1315374361 252
1315374421 251
1315374482 256
1315374541 256
1315374601 251
1315374661 249
1315374721 253
1315374781 254
1315374841 256
1315374902 256
1315374962 260
1315375021 260
1315375081 268
1315375141 265
1315375201 280
1315375261 281
1315375321 288
1315375381 288
1315375441 295
1315375502 290
1315375561 289
1315375621 293
1315375681 301
1315375742 302
1315375802 297
1315375861 301
1315375921 307
1315375981 311
1315376041 312
1315376102 307
1315376161 310
1315376221 319
1315376281 312
1315376341 314
1315376401 316
1315376461 317
1315376521 313
1315376583 320
1315376641 313
1315376701 324
1315376761 326
1315376821 326
1315376882 332
1315376942 346
1315377001 344
1315377061 355
1315377121 353
1315377182 363
1315377242 366
1315377301 363
1315377361 358
1315377421 357
1315377481 360
1315377541 356
1315377602 357
1315377661 354
1315377721 351
1315377782 358
1315377841 356
1315377902 359
1315377962 361
1315378021 358
1315378081 368
1315378141 363
1315378202 362
1315378262 363
1315378321 369
1315378381 365
1315378441 373
1315378503 366
1315378561 363
1315378622 361
1315378681 357
1315378741 367
1315378801 358
1315378862 353
1315378921 361
1315378981 360
1315379042 360
1315379102 362
1315379162 354
1315379222 346
1315379281 342
1315379341 343
1315379401 348
1315379461 348
1315379522 347
1315379581 349
1315379641 356
1315379701 356
1315379761 358
1315379821 357
1315379881 355
1315379942 355
1315380002 359
1315380061 354
1315380121 346
1315380181 343
1315380241 341
1315380302 349
1315380361 355
1315380422 349
1315380481 351
1315380541 339
1315380601 330
1315380661 331
1315380722 326
1315380782 327
1315380841 325
1315380901 318
1315380961 316
1315381021 318
1315381081 313
1315381142 312
1315381202 319
1315381261 316
1315381321 309
1315381381 307
1315381441 295
1315381501 304
1315381561 298
1315381621 296
1315381682 288
1315381741 300
1315381801 298
1315381861 304
1315381921 304
1315381981 294
1315382041 297
1315382101 288
1315382161 286
1315382221 279
1315382281 278
1315382341 260
1315382402 259
1315382461 248
1315382522 237
1315382581 235
1315382641 231
1315382701 226
1315382761 225
1315382821 222
1315382881 211
1315382941 213
1315383001 202
1315383061 198
1315383122 200
1315383181 190
1315383241 190
1315383301 189
1315383361 185
1315383421 187
1315383482 191
1315383541 187
1315383601 184
1315383661 183
1315383721 178
1315383781 180
1315383841 176
1315383901 173
1315383961 168
1315384022 167
1315384081 165
1315384141 160
1315384203 152
1315384261 157
1315384321 158
1315384381 153
1315384441 152
1315384502 149
1315384562 148
1315384621 148
1315384681 146
1315384741 146
1315384801 146
1315384861 141
1315384921 143
1315384981 139
1315385041 142
1315385102 146
1315385162 155
1315385221 151
1315385281 152
1315385341 150
1315385401 150
1315385461 147
1315385521 142
1315385581 141
1315385642 132
1315385702 128
1315385761 115
1315385821 118
1315385881 115
1315385941 115
1315386001 112
1315386061 110
1315386121 114
1315386181 110
1315386242 109
1315386301 110
1315386361 108
1315386421 107
1315386481 105
1315386541 106
1315386601 106
1315386661 105
1315386721 100
1315386782 100
1315386841 95
1315386901 96
1315386961 93
1315387021 96
1315387081 91
1315387141 88
1315387201 89
1315387261 86
1315387321 88
1315387382 92
1315387441 88
1315387501 86
1315387561 82
1315387621 81
1315387681 80
1315387741 77
1315387801 80
1315387861 85
1315387922 83
1315387982 83
1315388041 85
1315388101 84
1315388161 84
1315388221 85
1315388281 83
1315388341 84
1315388401 81
1315388461 77
1315388522 75
1315388581 71
1315388641 71
1315388701 69
1315388761 72
1315388821 72
1315388881 72
1315388941 72
1315389001 73
1315389062 72
1315389121 72
1315389181 71
1315389241 73
1315389301 74
1315389361 72
1315389421 72
1315389481 71
1315389541 72
1315389602 70
1315389661 70
1315389721 72
1315389781 73
1315389841 69
1315389901 73
1315389961 77
1315390021 72
1315390081 74
1315390142 75
1315390202 74
1315390261 71
1315390321 70
1315390381 70
1315390441 71
1315390501 68
1315390561 64
1315390621 64
1315390682 67
1315390742 63
1315390801 67
1315390861 68
1315390921 68
1315390981 71
1315391041 72
1315391101 74
1315391161 71
1315391222 73
1315391282 73
1315391341 74
1315391401 74
1315391461 76
1315391521 76
1315391581 74
1315391641 76
1315391701 73
1315391761 74
1315391822 71
1315391881 70
1315391941 70
1315392001 70
1315392061 72
1315392121 72
1315392181 70
1315392241 74
1315392301 76
1315392362 78
1315392421 78
1315392481 76
1315392541 81
1315392601 80
1315392661 76
1315392721 78
1315392781 80
1315392841 75
1315392902 79
1315392961 79
1315393021 79
1315393081 81
1315393141 77
1315393201 77
1315393261 75
1315393321 74
1315393381 74
1315393441 76
1315393502 73
1315393561 75
1315393621 74
1315393681 73
1315393741 76
1315393801 75
1315393861 75
1315393921 79
1315393981 78
1315394041 79
1315394102 81
1315394162 80
1315394221 80
1315394281 84
1315394341 83
1315394401 87
1315394461 87
1315394521 86
1315394581 84
1315394641 83
1315394701 83
1315394762 80
1315394821 78
1315394881 76
1315394941 85
1315395001 83
1315395061 83
1315395121 86
1315395181 88
1315395241 87
1315395302 90
1315395361 90
1315395421 91
1315395481 91
1315395541 90
1315395601 90
1315395661 95
1315395721 93
1315395782 94
1315395841 95
1315395901 94
1315395961 98
1315396021 98
1315396081 100
1315396141 98
1315396201 99
1315396261 97
1315396321 103
1315396382 103
1315396441 108
1315396501 110
1315396561 111
1315396621 118
1315396681 119
1315396741 119
1315396801 122
1315396861 125
1315396921 124
1315396982 125
1315397041 127
1315397101 131
1315397161 126
1315397221 126
1315397281 122
1315397341 126
1315397401 123
1315397461 124
1315397522 121
1315397581 124
1315397641 123
1315397701 122
1315397761 123
1315397821 121
1315397881 124
1315397941 122
1315398001 125
1315398062 126
1315398121 125
1315398181 120
1315398241 121
1315398301 126
1315398361 128
1315398421 126
1315398481 129
1315398541 130
1315398602 128
1315398661 127
1315398721 124
1315398781 125
1315398841 127
1315398901 129
1315398961 129
1315399021 129
1315399081 131
1315399142 132
1315399202 130
1315399261 136
1315399321 136
1315399382 140
1315399441 135
1315399501 129
1315399561 137
1315399621 137
1315399681 136
1315399741 136
1315399801 134
1315399861 133
1315399922 132
1315399981 137
1315400041 134
1315400101 133
1315400161 132
1315400221 137
1315400281 134
1315400341 129
1315400402 132
1315400462 134
1315400521 136
1315400581 130
1315400641 134
1315400701 134
1315400761 128
1315400821 131
1315400881 135
1315400941 137
1315401002 133
1315401061 132
1315401121 129
1315401181 129
1315401241 132
1315401301 128
1315401361 131
1315401422 133
1315401481 131
1315401541 132
1315401601 130
1315401661 127
1315401721 131
1315401781 135
1315401841 133
1315401901 134
1315401962 130
1315402021 124
1315402081 127
1315402141 125
1315402201 122
1315402261 119
1315402321 117
1315402381 120
1315402442 120
1315402501 120
1315402561 122
1315402621 118
1315402681 121
1315402741 124
1315402801 123
1315402861 127
1315402921 126
1315402982 122
1315403042 115
1315403101 115
1315403161 115
1315403221 118
1315403281 114
1315403341 115
1315403401 120
1315403461 120
1315403521 121
1315403582 115
1315403641 121
1315403701 118
1315403761 121
1315403821 116
1315403881 119
1315403941 118
1315404001 117
1315404061 119
1315404121 114
1315404181 115
1315404242 117
1315404301 114
1315404361 112
1315404421 115
1315404481 112
1315404541 112
1315404601 114
1315404661 111
1315404721 112
1315404782 111
1315404841 106
1315404901 111
1315404961 109
1315405021 106
1315405081 101
1315405141 110
1315405201 112
1315405261 112
1315405322 113
1315405381 111
1315405441 112
1315405501 111
1315405561 110
1315405621 109
1315405681 113
1315405741 103
1315405802 105
1315405861 103
1315405921 104
1315405981 107
1315406041 102
1315406101 99
1315406161 102
1315406221 104
1315406282 106
1315406342 105
1315406401 110
1315406461 109
1315406521 111
1315406581 111
1315406641 110
1315406701 111
1315406761 112
1315406821 108
1315406882 108
1315406941 110
1315407001 99
1315407061 100
1315407121 99
1315407181 100
1315407241 106
1315407301 105
1315407361 100
1315407421 104
1315407482 96
1315407541 94
1315407601 93
1315407661 92
1315407721 86
1315407781 86
1315407841 87
1315407901 85
1315407961 88
1315408022 84
1315408081 84
1315408141 82
1315408201 81
1315408261 78
1315408321 82
1315408381 78
1315408441 73
1315408502 73
1315408562 70
1315408621 71
1315408681 73
1315408741 72
1315408801 75
1315408861 73
1315408921 70
1315408981 71
1315409041 71
1315409101 68
1315409162 62
1315409221 64
1315409281 62
1315409341 62
1315409401 58
1315409461 60
1315409521 59
1315409581 56
1315409641 56
1315409702 55
1315409761 56
1315409821 54
1315409881 55
1315409941 54
1315410001 54
1315410061 55
1315410122 55
1315410181 59
1315410241 57
1315410302 55
1315410361 55
1315410421 54
1315410481 53
1315410541 52
1315410601 50
1315410661 51
1315410721 50
1315410781 44
1315410842 49
1315410902 48
1315410961 48
1315411021 46
1315411081 46
1315411141 48
1315411201 48
