1311091261 38
1311091321 36
1311091381 35
1311091441 36
1311091501 36
1311091561 35
1311091621 36
1311091681 36
1311091742 36
1311091801 36
1311091861 38
1311091921 40
1311091981 39
1311092041 35
1311092101 35
1311092161 35
1311092221 34
1311092282 35
1311092341 35
1311092401 32
1311092461 31
1311092521 25
1311092581 27
1311092641 27
1311092701 26
1311092761 25
1311092821 24
1311092881 24
1311092941 24
1311093001 25
1311093061 24
1311093121 26
1311093181 22
1311093241 23
1311093301 25
1311093361 26
1311093421 25
1311093481 26
1311093541 25
1311093602 26
1311093661 25
1311093721 24
1311093781 25
1311093841 21
1311093901 23
1311093961 23
1311094021 25
1311094081 23
1311094141 23
1311094201 20
1311094261 21
1311094321 20
1311094381 19
1311094441 20
1311094501 16
1311094561 13
1311094621 15
1311094682 15
1311094741 17
1311094801 17
1311094861 16
1311094921 17
1311094981 17
1311095041 16
1311095102 16
1311095161 17
1311095221 16
1311095281 16
1311095341 16
1311095401 17
1311095461 18
1311095521 17
1311095581 17
1311095641 18
1311095702 17
1311095761 17
1311095821 17
1311095881 16
1311095941 17
1311096001 14
1311096061 16
1311096121 17
1311096181 16
1311096241 17
1311096301 17
1311096361 17
1311096421 15
1311096481 16
1311096542 16
1311096601 17
1311096661 15
1311096721 14
1311096781 15
1311096841 14
1311096901 16
1311096961 16
1311097021 17
1311097081 15
1311097142 17
1311097201 15
1311097261 16
1311097321 16
1311097381 15
1311097441 14
1311097501 12
1311097561 13
1311097621 12
1311097681 12
1311097741 11
1311097802 11
1311097861 9
1311097921 11
1311097981 11
1311098041 11
1311098101 11
1311098161 9
1311098221 11
1311098281 10
1311098341 10
1311098401 10
1311098461 10
1311098521 10
1311098581 11
1311098641 11
1311098701 11
1311098761 11
1311098821 11
1311098881 11
1311098942 11
1311099001 10
1311099061 11
1311099121 11
1311099181 10
1311099241 11
1311099301 11
1311099361 11
1311099421 11
1311099481 9
1311099541 11
1311099602 11
1311099661 10
1311099721 11
1311099781 10
1311099841 10
1311099901 11
1311099961 11
1311100021 10
1311100081 11
1311100141 8
1311100202 11
1311100261 10
1311100321 10
1311100381 11
1311100441 11
1311100501 11
1311100561 10
1311100621 11
1311100681 11
1311100742 11
1311100801 8
1311100861 11
1311100921 10
1311100981 10
1311101041 11
1311101101 11
1311101161 11
1311101222 11
1311101281 11
1311101341 11
1311101401 11
1311101461 8
1311101521 11
1311101581 11
1311101641 11
1311101702 13
1311101761 13
1311101821 13
1311101881 12
1311101941 13
1311102001 13
1311102061 13
1311102121 13
1311102181 11
1311102242 11
1311102301 10
1311102361 11
1311102421 12
1311102481 12
1311102541 12
1311102601 12
1311102661 12
1311102721 10
1311102781 12
1311102842 11
1311102901 10
1311102961 11
1311103021 10
1311103081 10
1311103141 9
1311103201 10
1311103261 10
1311103321 9
1311103381 8
1311103441 9
1311103501 10
1311103561 8
1311103621 9
1311103681 9
1311103741 8
1311103801 9
1311103861 9
1311103921 9
1311103981 9
1311104042 8
1311104101 8
1311104161 9
1311104221 8
1311104281 8
1311104341 9
1311104401 7
1311104461 9
1311104521 9
1311104581 9
1311104641 9
1311104702 8
1311104761 8
1311104821 9
1311104881 8
1311104941 8
1311105001 9
1311105061 7
1311105121 9
1311105181 9
1311105242 9
1311105301 9
1311105361 8
1311105421 8
1311105481 9
1311105541 8
1311105601 8
1311105661 9
1311105721 7
1311105781 9
1311105842 9
1311105901 9
1311105961 9
1311106021 7
1311106081 8
1311106141 9
1311106201 8
1311106261 8
1311106321 10
1311106381 8
1311106441 10
1311106502 10
1311106561 9
1311106621 11
1311106681 10
1311106741 10
1311106801 11
1311106861 10
1311106921 10
1311106981 11
1311107042 9
1311107102 11
1311107161 11
1311107221 10
1311107281 9
1311107341 9
1311107401 9
1311107461 10
1311107521 9
1311107581 9
1311107642 10
1311107701 9
1311107761 10
1311107821 10
1311107881 10
1311107941 9
1311108001 9
1311108061 9
1311108121 9
1311108182 8
1311108241 8
1311108301 8
1311108361 7
1311108421 8
1311108481 9
1311108541 9
1311108601 8
1311108661 8
1311108721 8
1311108782 9
1311108841 8
1311108901 8
1311108961 9
1311109021 9
1311109081 10
1311109141 10
1311109201 10
1311109261 9
1311109321 10
1311109381 8
1311109441 10
1311109502 9
1311109561 8
1311109621 9
1311109681 9
1311109741 9
1311109801 9
1311109861 9
1311109921 8
1311109981 9
1311110041 8
1311110102 11
1311110161 10
1311110221 9
1311110281 10
1311110341 11
1311110401 11
1311110461 11
1311110521 11
1311110581 10
1311110641 10
1311110701 7
1311110762 9
1311110822 8
1311110881 6
1311110941 9
1311111001 9
1311111061 9
1311111121 9
1311111181 9
1311111241 8
1311111301 9
1311111361 8
1311111421 8
1311111482 8
1311111541 5
1311111601 9
1311111661 9
1311111721 9
1311111781 9
1311111841 9
1311111901 8
1311111961 8
1311112021 8
1311112082 9
1311112141 9
1311112201 9
1311112261 10
1311112321 11
1311112381 11
1311112441 11
1311112501 11
1311112561 11
1311112621 11
1311112682 11
1311112741 12
1311112801 10
1311112861 11
1311112921 11
1311112981 11
1311113041 11
1311113101 11
1311113162 10
1311113221 10
1311113281 9
1311113341 8
1311113401 8
1311113461 9
1311113521 10
1311113581 10
1311113641 10
1311113701 10
1311113761 10
1311113822 10
1311113881 9
1311113941 9
1311114001 8
1311114061 8
1311114121 9
1311114181 10
1311114241 11
1311114301 12
1311114361 12
1311114421 12
1311114482 12
1311114541 12
1311114601 11
1311114661 9
1311114721 11
1311114781 10
1311114841 12
1311114901 13
1311114961 12
1311115021 12
1311115081 12
1311115142 13
1311115201 13
1311115261 12
1311115321 10
1311115381 13
1311115441 13
1311115501 13
1311115561 15
1311115621 15
1311115681 15
1311115742 13
1311115801 15
1311115861 15
1311115921 13
1311115981 11
1311116041 13
1311116101 13
1311116161 12
1311116221 14
1311116281 14
1311116341 13
1311116401 15
1311116462 15
1311116521 15
1311116581 15
1311116641 12
1311116701 13
1311116761 14
1311116821 14
1311116881 15
1311116941 15
1311117002 14
1311117061 15
1311117121 15
1311117181 15
1311117241 15
1311117301 12
1311117361 14
1311117421 17
1311117481 17
1311117541 18
1311117602 19
1311117661 19
1311117721 22
1311117781 20
1311117841 22
1311117901 22
1311117961 24
1311118021 23
1311118081 25
1311118141 25
1311118201 24
1311118262 23
1311118321 25
1311118381 26
1311118441 25
1311118501 26
1311118561 22
1311118621 19
1311118681 22
1311118741 23
1311118801 25
1311118862 26
1311118921 22
1311118981 24
1311119041 24
1311119101 25
1311119161 26
1311119221 26
1311119281 26
1311119341 30
1311119402 32
1311119461 31
1311119521 32
1311119581 32
1311119641 35
1311119701 36
1311119761 35
1311119821 33
1311119881 34
1311119941 34
1311120001 35
1311120062 34
1311120121 35
1311120181 35
1311120241 35
1311120301 37
1311120361 36
1311120421 37
1311120481 35
1311120542 33
1311120601 33
1311120661 35
1311120721 36
1311120781 36
1311120841 35
1311120901 34
1311120961 35
1311121021 34
1311121081 35
1311121141 35
1311121202 33
1311121261 36
1311121321 35
1311121381 37
1311121441 36
1311121501 39
1311121561 41
1311121621 42
1311121682 44
1311121741 45
1311121801 45
1311121861 46
1311121921 51
1311121981 52
1311122041 53
1311122101 56
1311122162 57
1311122221 59
1311122281 60
1311122341 60
1311122401 64
1311122461 65
1311122521 63
1311122581 61
1311122641 67
1311122701 71
1311122761 71
1311122821 77
1311122881 78
1311122941 77
1311123001 76
1311123061 78
1311123121 79
1311123181 81
1311123241 78
1311123301 79
1311123361 80
1311123421 76
1311123481 75
1311123541 79
1311123601 78
1311123661 76
1311123721 80
1311123781 85
1311123841 81
1311123901 79
1311123961 85
1311124022 84
1311124081 83
1311124141 82
1311124201 86
1311124261 86
1311124321 89
1311124381 88
1311124441 94
1311124502 96
1311124561 97
1311124621 98
1311124681 100
1311124741 99
1311124801 102
1311124861 102
1311124921 103
1311124981 108
1311125042 107
1311125101 108
1311125161 107
1311125221 105
1311125281 105
1311125341 105
1311125401 102
1311125461 103
1311125521 102
1311125582 100
1311125641 104
1311125701 100
1311125761 103
1311125821 107
1311125881 108
1311125941 110
1311126001 111
1311126062 111
1311126121 112
1311126181 115
1311126241 117
1311126301 124
1311126361 124
1311126421 123
1311126481 121
1311126541 124
1311126602 123
1311126661 125
1311126721 124
1311126781 123
1311126841 120
1311126901 119
1311126961 119
1311127021 125
1311127081 124
1311127141 125
1311127201 126
1311127261 122
1311127321 125
1311127381 124
1311127441 126
1311127501 132
1311127562 131
1311127621 130
1311127681 132
1311127741 130
1311127801 133
1311127861 135
1311127921 133
1311127982 138
1311128041 140
1311128101 140
1311128161 141
1311128221 144
1311128281 141
1311128341 137
1311128401 139
1311128462 141
1311128521 140
1311128581 137
1311128641 136
1311128701 132
1311128761 135
1311128821 133
1311128882 137
1311128941 139
1311129001 135
1311129061 137
1311129121 134
1311129181 131
1311129241 133
1311129302 132
1311129361 134
1311129421 131
1311129481 133
1311129541 134
1311129601 135
1311129661 134
1311129721 132
1311129781 136
1311129842 138
1311129901 136
1311129961 134
1311130021 137
1311130081 140
1311130141 139
1311130201 137
1311130261 139
1311130322 137
1311130381 129
1311130441 131
1311130501 134
1311130561 134
1311130621 132
1311130681 132
1311130741 134
1311130801 135
1311130861 135
1311130921 131
1311130982 133
1311131041 134
1311131101 130
1311131161 127
1311131221 131
1311131281 135
1311131341 133
1311131401 137
1311131461 134
1311131521 141
1311131581 142
1311131641 137
1311131701 140
1311131761 140
1311131821 139
1311131881 136
1311131941 137
1311132001 139
1311132061 139
1311132121 133
1311132181 136
1311132241 133
1311132302 135
1311132361 133
1311132421 135
1311132481 132
1311132541 134
1311132601 134
1311132661 135
1311132721 135
1311132781 134
1311132842 135
1311132901 128
1311132961 128
1311133021 129
1311133081 128
1311133141 131
1311133201 128
1311133261 127
1311133321 126
1311133382 124
1311133441 121
1311133501 122
1311133561 122
1311133621 118
1311133681 115
1311133741 110
1311133801 115
1311133862 118
1311133921 117
1311133981 116
1311134041 114
1311134101 113
1311134161 113
1311134221 114
1311134281 110
1311134341 112
1311134402 114
1311134461 112
1311134521 111
1311134581 109
1311134641 109
1311134701 107
1311134761 106
1311134821 103
1311134881 102
1311134941 99
1311135001 98
1311135061 97
1311135121 97
1311135181 96
1311135241 97
1311135301 97
1311135361 91
1311135421 92
1311135481 92
1311135541 92
1311135601 91
1311135661 87
1311135721 90
1311135781 89
1311135841 87
1311135901 89
1311135962 88
1311136021 87
1311136081 90
1311136141 84
1311136201 84
1311136261 83
1311136321 80
1311136382 79
1311136441 80
1311136501 81
1311136561 80
1311136621 79
1311136681 79
1311136741 81
1311136801 79
1311136862 82
1311136921 81
1311136981 84
1311137041 86
1311137101 86
1311137161 87
1311137221 87
1311137282 87
1311137341 87
1311137401 84
1311137461 84
1311137521 87
1311137581 89
1311137641 91
1311137701 92
1311137761 91
1311137821 91
1311137882 92
1311137941 93
1311138001 94
1311138061 98
1311138121 96
1311138181 94
1311138241 97
1311138301 101
1311138361 102
1311138421 100
1311138481 105
1311138541 106
1311138601 106
1311138661 108
1311138721 108
1311138781 106
1311138841 108
1311138901 107
1311138961 106
1311139022 104
1311139082 102
1311139141 107
1311139201 106
1311139261 106
1311139321 108
1311139381 109
1311139441 107
1311139501 111
1311139562 114
1311139621 114
1311139681 115
1311139741 116
1311139801 115
1311139861 114
1311139921 114
1311139981 115
1311140041 117
1311140101 116
1311140161 118
1311140221 118
1311140281 118
1311140341 115
1311140401 115
1311140461 116
1311140521 118
1311140581 116
1311140642 114
1311140701 116
1311140761 116
1311140821 115
1311140881 118
1311140941 115
1311141001 118
1311141061 113
1311141122 119
1311141181 119
1311141241 121
1311141301 122
1311141361 125
1311141421 124
1311141481 121
1311141541 123
1311141601 123
1311141662 125
1311141721 123
1311141781 123
1311141841 122
1311141901 125
1311141961 125
1311142021 132
1311142081 128
1311142142 132
1311142202 127
1311142261 131
1311142321 132
1311142381 134
1311142441 135
1311142501 133
1311142562 133
1311142622 133
1311142681 139
1311142741 138
1311142801 138
1311142861 136
1311142921 136
1311142982 131
1311143041 129
1311143101 126
1311143161 128
1311143221 127
1311143281 122
1311143341 122
1311143401 122
1311143461 120
1311143521 118
1311143581 125
1311143641 123
1311143701 124
1311143761 127
1311143822 127
1311143881 124
1311143941 129
1311144001 128
1311144061 125
1311144121 125
1311144182 124
1311144241 126
1311144301 121
1311144361 121
1311144421 121
1311144481 126
1311144541 120
1311144602 120
1311144661 122
1311144721 120
1311144781 115
1311144841 120
1311144901 122
1311144961 119
1311145021 119
1311145081 119
1311145141 117
1311145201 122
1311145261 121
1311145322 120
1311145381 121
1311145441 116
1311145501 113
1311145561 111
1311145621 107
1311145681 110
1311145741 107
1311145802 107
1311145862 111
1311145921 112
1311145981 115
1311146041 118
1311146101 116
1311146161 117
1311146221 121
1311146281 122
1311146341 121
1311146402 120
1311146461 118
1311146521 123
1311146581 118
1311146641 121
1311146701 120
1311146762 123
1311146821 121
1311146881 123
1311146941 120
1311147001 124
1311147061 122
1311147121 120
1311147181 115
1311147241 115
1311147302 121
1311147361 123
1311147421 121
1311147481 121
1311147541 124
1311147601 122
1311147661 121
1311147721 121
1311147781 123
1311147841 123
1311147902 127
1311147961 129
1311148021 130
1311148081 131
1311148141 129
1311148201 132
1311148261 129
1311148321 134
1311148381 135
1311148441 135
1311148501 128
1311148561 122
1311148621 124
1311148681 120
1311148741 120
1311148801 118
1311148861 120
1311148921 116
1311148981 113
1311149041 112
1311149101 113
1311149161 111
1311149221 111
1311149281 112
1311149341 117
1311149402 108
1311149462 110
1311149521 109
1311149581 106
1311149641 105
1311149701 102
1311149761 101
1311149821 96
1311149881 94
1311149941 95
1311150002 93
1311150061 89
1311150121 90
1311150181 92
1311150241 87
1311150301 86
1311150361 87
1311150421 88
1311150481 91
1311150542 84
1311150601 86
1311150661 88
1311150721 91
1311150781 95
1311150841 97
1311150901 98
1311150961 97
1311151021 96
1311151082 90
1311151141 93
1311151201 91
1311151261 87
1311151321 85
1311151381 88
1311151441 89
1311151501 84
1311151561 82
1311151621 85
1311151682 86
1311151741 86
1311151801 86
1311151861 86
1311151921 84
1311151981 85
1311152041 88
1311152101 91
1311152161 91
1311152222 89
1311152281 88
1311152341 85
1311152401 87
1311152461 87
1311152521 86
1311152581 80
1311152641 76
1311152701 79
1311152761 79
1311152821 79
1311152881 80
1311152941 80
1311153001 80
1311153061 78
1311153121 76
1311153181 75
1311153241 74
1311153301 72
1311153362 71
1311153421 73
1311153481 72
1311153541 70
1311153601 68
1311153661 71
1311153721 70
1311153781 70
1311153841 67
1311153902 64
1311153962 66
1311154021 62
1311154081 63
1311154141 63
1311154201 65
1311154261 65
1311154321 65
1311154381 63
1311154441 65
1311154501 65
1311154561 60
1311154622 59
1311154681 60
1311154741 59
1311154801 60
1311154861 61
1311154921 61
1311154981 65
1311155041 65
1311155101 67
1311155162 68
1311155221 65
1311155281 68
1311155341 67
1311155401 68
1311155461 66
1311155521 67
1311155581 67
1311155641 67
1311155702 66
1311155762 67
1311155821 69
1311155881 70
1311155941 71
1311156001 70
1311156061 68
1311156121 69
1311156181 67
1311156241 64
1311156301 62
1311156362 61
1311156421 61
1311156481 59
1311156541 59
1311156601 58
1311156661 60
1311156721 57
1311156781 59
1311156841 61
1311156901 61
1311156962 62
1311157021 61
1311157081 59
1311157141 61
1311157201 63
1311157261 62
1311157321 60
1311157381 58
1311157441 57
1311157502 57
1311157561 56
1311157621 56
1311157681 57
1311157741 53
1311157801 54
1311157861 58
1311157921 59
1311157981 58
1311158041 59
1311158102 57
1311158161 57
1311158221 56
1311158281 57
1311158341 56
1311158401 59
1311158461 56
1311158521 57
1311158581 56
1311158641 55
1311158702 55
1311158761 51
1311158821 53
1311158881 49
1311158941 54
1311159001 53
1311159061 51
1311159121 52
1311159181 53
1311159241 55
1311159301 56
1311159361 58
1311159422 56
1311159481 59
1311159541 61
1311159601 58
1311159661 59
1311159721 58
1311159781 58
1311159841 58
1311159901 57
1311159961 57
1311160022 57
1311160081 56
1311160141 55
1311160201 55
1311160261 55
1311160321 53
1311160381 54
1311160441 55
1311160501 58
1311160561 56
1311160621 56
1311160682 58
1311160741 55
1311160801 58
1311160861 61
1311160921 65
1311160981 63
1311161041 63
1311161101 63
1311161161 64
1311161221 61
1311161281 64
1311161342 66
1311161401 61
1311161461 59
1311161521 62
1311161581 63
1311161641 62
1311161701 61
1311161761 61
1311161821 62
1311161881 60
1311161941 62
1311162001 59
1311162061 61
1311162121 55
1311162181 58
1311162241 57
1311162301 59
1311162361 58
1311162422 57
1311162481 57
1311162541 60
1311162601 61
1311162661 57
1311162721 61
1311162781 62
1311162841 63
1311162901 62
1311162961 63
1311163021 62
1311163081 59
1311163141 55
1311163201 56
1311163261 58
1311163321 55
1311163381 54
1311163441 55
1311163502 56
1311163561 54
1311163621 57
1311163681 57
1311163741 56
1311163801 57
1311163861 55
1311163921 55
1311163981 57
1311164041 54
1311164102 55
1311164161 55
1311164221 55
1311164281 57
1311164341 57
1311164401 58
1311164461 59
1311164521 57
1311164581 60
1311164641 62
1311164701 62
1311164761 62
1311164821 62
1311164881 61
1311164941 68
1311165001 66
1311165061 64
1311165121 66
1311165181 62
1311165242 66
1311165301 66
1311165361 65
1311165421 67
1311165481 68
1311165541 65
1311165601 66
1311165661 68
1311165721 67
1311165781 64
1311165842 67
1311165901 66
1311165961 67
1311166021 68
1311166081 68
1311166141 68
1311166201 64
1311166261 66
1311166321 68
1311166381 67
1311166442 66
1311166501 67
1311166561 72
1311166621 69
1311166681 67
1311166741 68
1311166801 71
1311166861 71
1311166921 70
1311166981 73
1311167041 74
1311167101 73
1311167161 73
1311167221 77
1311167281 76
1311167341 74
1311167401 75
1311167461 75
1311167521 76
1311167581 77
1311167641 76
1311167701 75
1311167761 73
1311167821 72
1311167881 74
1311167941 74
1311168001 72
1311168062 73
1311168121 71
1311168181 72
1311168241 75
1311168301 78
1311168361 76
1311168421 77
1311168481 78
1311168541 75
1311168601 78
1311168662 77
1311168721 81
1311168781 80
1311168841 80
1311168901 81
1311168961 79
1311169021 78
1311169081 79
1311169142 81
1311169202 80
1311169261 80
1311169321 77
1311169381 77
1311169441 73
1311169501 75
1311169561 76
1311169621 76
1311169681 76
1311169742 75
1311169801 75
1311169861 70
1311169921 73
1311169981 72
1311170041 75
1311170101 74
1311170161 74
1311170221 73
1311170282 72
1311170341 73
1311170401 74
1311170461 76
1311170521 77
1311170581 77
1311170641 79
1311170701 76
1311170761 77
1311170822 73
1311170881 73
1311170941 69
1311171001 68
1311171061 70
1311171121 72
1311171181 73
1311171241 70
1311171301 68
1311171361 71
1311171422 73
1311171481 73
1311171541 75
1311171601 75
1311171661 75
1311171721 76
1311171781 75
1311171841 73
1311171902 74
1311171961 73
1311172021 70
1311172081 72
1311172141 70
1311172201 71
1311172261 70
1311172321 70
1311172381 73
1311172442 70
1311172501 70
1311172561 70
1311172621 70
1311172681 70
1311172741 68
1311172801 70
1311172861 74
1311172921 74
1311172982 73
1311173041 72
1311173101 74
1311173161 75
1311173221 76
1311173281 74
1311173341 75
1311173401 73
1311173461 68
1311173521 70
1311173581 72
1311173641 74
1311173701 69
1311173761 65
1311173821 67
1311173881 66
1311173941 65
1311174002 62
1311174062 63
1311174121 63
1311174181 64
1311174241 66
1311174301 67
1311174361 67
1311174421 68
1311174481 67
1311174541 67
1311174602 66
1311174661 63
1311174721 60
1311174781 57
1311174841 54
1311174901 52
1311174961 51
1311175021 49
1311175081 47
1311175142 48
1311175201 47
1311175261 48
1311175321 47
1311175381 46
1311175441 49
1311175501 51
1311175561 52
1311175621 51
1311175681 51
1311175741 50
1311175801 48
1311175861 50
1311175921 49
1311175981 50
1311176041 51
1311176101 50
1311176161 50
1311176221 49
1311176282 49
1311176341 51
1311176401 51
1311176461 52
1311176521 48
1311176581 49
1311176641 49
1311176701 50
1311176761 49
1311176822 51
1311176881 52
1311176941 52
1311177001 50
1311177061 48
1311177121 48
1311177181 48
1311177241 47
1311177301 46
1311177361 46
1311177421 44
1311177481 46
1311177541 47
1311177601 48
