1310659261 42
1310659321 41
1310659381 40
1310659441 36
1310659501 40
1310659562 39
1310659621 38
1310659681 39
1310659741 40
1310659801 40
1310659861 41
1310659921 39
1310659981 39
1310660041 38
1310660102 38
1310660161 40
1310660221 40
1310660281 39
1310660341 39
1310660401 40
1310660461 40
1310660521 39
1310660581 39
1310660641 39
1310660701 37
1310660761 39
1310660821 40
1310660881 40
1310660941 39
1310661001 38
1310661061 37
1310661121 37
1310661181 36
1310661241 38
1310661302 36
1310661361 31
1310661421 32
1310661481 28
1310661541 30
1310661601 30
1310661661 30
1310661721 29
1310661781 30
1310661841 30
1310661901 31
1310661962 31
1310662021 29
1310662081 31
1310662141 28
1310662201 29
1310662261 28
1310662321 28
1310662381 27
1310662441 25
1310662502 25
1310662562 25
1310662621 27
1310662681 26
1310662741 27
1310662801 24
1310662861 27
1310662921 28
1310662981 28
1310663042 26
1310663101 26
1310663161 25
1310663221 24
1310663281 25
1310663341 22
1310663401 23
1310663461 21
1310663521 19
1310663582 20
1310663641 18
1310663701 19
1310663761 20
1310663821 18
1310663881 17
1310663941 20
1310664001 19
1310664062 20
1310664121 19
1310664181 19
1310664241 19
1310664301 18
1310664361 20
1310664421 20
1310664481 18
1310664541 18
1310664601 19
1310664661 18
1310664722 20
1310664781 18
1310664841 20
1310664901 18
1310664961 17
1310665021 20
1310665081 20
1310665141 19
1310665201 17
1310665261 19
1310665322 20
1310665381 20
1310665441 19
1310665501 20
1310665561 20
1310665621 17
1310665681 20
1310665741 19
1310665801 20
1310665861 18
1310665921 18
1310665982 20
1310666041 20
1310666101 19
1310666161 19
1310666221 20
1310666281 19
1310666341 21
1310666401 20
1310666461 21
1310666521 21
1310666582 21
1310666641 22
1310666701 21
1310666761 21
1310666821 19
1310666881 21
1310666941 19
1310667001 20
1310667061 19
1310667121 19
1310667181 19
1310667242 19
1310667301 20
1310667361 19
1310667421 20
1310667481 21
1310667541 18
1310667601 19
1310667661 20
1310667721 18
1310667782 18
1310667841 19
1310667901 19
1310667961 20
1310668021 18
1310668081 17
1310668141 19
1310668201 18
1310668261 18
1310668321 19
1310668382 18
1310668441 18
1310668501 19
1310668561 20
1310668621 21
1310668681 20
1310668741 20
1310668801 21
1310668861 18
1310668922 20
1310668981 20
1310669041 18
1310669101 16
1310669161 15
1310669221 17
1310669281 18
1310669341 17
1310669401 17
1310669461 18
1310669522 15
1310669581 15
1310669641 15
1310669701 16
1310669761 14
1310669821 14
1310669881 14
1310669941 15
1310670001 16
1310670062 16
1310670121 15
1310670181 16
1310670241 16
1310670301 16
1310670361 17
1310670421 15
1310670481 16
1310670541 16
1310670601 15
1310670661 16
1310670722 17
1310670781 16
1310670841 16
1310670901 16
1310670961 16
1310671021 17
1310671081 15
1310671141 14
1310671201 15
1310671261 14
1310671322 14
1310671381 15
1310671441 14
1310671501 14
1310671561 14
1310671621 14
1310671681 14
1310671741 14
1310671801 11
1310671861 13
1310671921 13
1310671982 13
1310672041 14
1310672101 13
1310672161 14
1310672221 14
1310672281 13
1310672341 13
1310672401 14
1310672461 12
1310672521 14
1310672581 13
1310672642 13
1310672701 14
1310672761 13
1310672821 13
1310672881 14
1310672941 13
1310673001 13
1310673061 13
1310673121 12
1310673181 14
1310673241 14
1310673302 12
1310673361 13
1310673421 12
1310673481 14
1310673541 14
1310673601 13
1310673661 13
1310673721 14
1310673781 12
1310673841 14
1310673901 14
1310673962 12
1310674021 14
1310674081 12
1310674141 14
1310674201 14
1310674261 13
1310674321 12
1310674381 12
1310674441 14
1310674501 14
1310674562 14
1310674621 13
1310674681 13
1310674741 12
1310674801 14
1310674861 14
1310674921 13
1310674981 13
1310675041 12
1310675101 13
1310675161 13
1310675222 13
1310675281 13
1310675341 14
1310675401 12
1310675461 14
1310675521 14
1310675581 12
1310675641 13
1310675701 13
1310675761 13
1310675821 12
1310675882 13
1310675941 13
1310676001 14
1310676061 13
1310676121 14
1310676181 14
1310676241 13
1310676301 12
1310676361 14
1310676421 12
1310676481 12
1310676542 12
1310676601 13
1310676661 14
1310676721 13
1310676781 14
1310676841 13
1310676901 13
1310676961 12
1310677021 14
1310677081 12
1310677141 12
1310677202 13
1310677261 12
1310677321 14
1310677381 13
1310677441 13
1310677501 14
1310677561 12
1310677621 12
1310677681 14
1310677741 12
1310677802 12
1310677861 13
1310677921 13
1310677981 14
1310678041 14
1310678101 13
1310678161 14
1310678221 12
1310678281 12
1310678341 14
1310678402 13
1310678462 14
1310678521 15
1310678581 14
1310678641 16
1310678701 16
1310678761 15
1310678821 16
1310678881 16
1310678941 14
1310679001 16
1310679061 14
1310679122 13
1310679182 14
1310679241 14
1310679301 14
1310679361 15
1310679421 14
1310679481 14
1310679541 15
1310679601 14
1310679662 15
1310679722 15
1310679781 13
1310679841 15
1310679901 14
1310679961 14
1310680021 16
1310680081 15
1310680141 16
1310680201 15
1310680261 14
1310680322 16
1310680381 16
1310680441 14
1310680501 16
1310680561 16
1310680621 15
1310680681 16
1310680741 15
1310680801 16
1310680861 15
1310680921 16
1310680981 17
1310681042 17
1310681101 19
1310681161 18
1310681221 18
1310681281 17
1310681341 17
1310681401 17
1310681461 18
1310681521 14
1310681581 16
1310681642 17
1310681702 14
1310681761 18
1310681821 17
1310681881 18
1310681941 17
1310682001 17
1310682061 16
1310682121 17
1310682181 16
1310682242 17
1310682301 16
1310682361 13
1310682421 16
1310682481 15
1310682541 16
1310682601 15
1310682662 16
1310682721 15
1310682781 15
1310682841 14
1310682901 16
1310682961 15
1310683021 13
1310683081 16
1310683141 18
1310683202 17
1310683261 17
1310683321 19
1310683381 18
1310683441 17
1310683501 18
1310683561 19
1310683622 18
1310683681 17
1310683741 17
1310683801 20
1310683861 19
1310683921 18
1310683981 19
1310684041 19
1310684101 17
1310684161 17
1310684221 20
1310684281 21
1310684341 22
1310684401 24
1310684461 24
1310684521 23
1310684581 22
1310684641 24
1310684701 23
1310684762 23
1310684821 22
1310684881 21
1310684941 20
1310685001 21
1310685061 23
1310685121 24
1310685181 24
1310685241 22
1310685301 24
1310685361 23
1310685422 23
1310685481 22
1310685541 24
1310685601 20
1310685661 23
1310685721 23
1310685781 23
1310685841 25
1310685901 23
1310685962 25
1310686021 23
1310686081 23
1310686141 22
1310686201 24
1310686261 20
1310686321 25
1310686381 26
1310686441 24
1310686501 26
1310686561 25
1310686622 26
1310686681 25
1310686741 25
1310686801 25
1310686861 27
1310686921 25
1310686981 25
1310687041 26
1310687101 24
1310687161 25
1310687221 26
1310687282 25
1310687341 23
1310687401 26
1310687461 23
1310687521 25
1310687581 27
1310687641 29
1310687701 28
1310687761 28
1310687821 27
1310687881 27
1310687942 27
1310688001 28
1310688061 27
1310688121 27
1310688181 28
1310688241 31
1310688301 34
1310688361 32
1310688421 36
1310688481 35
1310688542 34
1310688602 37
1310688661 39
1310688721 37
1310688781 39
1310688841 39
1310688901 41
1310688961 42
1310689021 41
1310689082 44
1310689141 45
1310689201 46
1310689261 46
1310689321 48
1310689381 48
1310689441 46
1310689501 46
1310689561 48
1310689621 50
1310689681 51
1310689742 50
1310689801 47
1310689861 52
1310689921 50
1310689981 51
1310690041 50
1310690101 49
1310690161 48
1310690222 45
1310690281 48
1310690341 52
1310690401 50
1310690461 51
1310690521 55
1310690581 56
1310690641 58
1310690701 60
1310690761 59
1310690822 61
1310690881 64
1310690941 63
1310691001 64
1310691061 58
1310691121 59
1310691181 60
1310691241 63
1310691301 66
1310691362 66
1310691421 65
1310691481 66
1310691541 70
1310691601 74
1310691661 78
1310691721 79
1310691781 76
1310691842 78
1310691901 78
1310691961 80
1310692021 80
1310692081 77
1310692141 82
1310692201 82
1310692261 84
1310692322 84
1310692381 87
1310692441 84
1310692501 85
1310692561 86
1310692621 85
1310692681 87
1310692741 85
1310692802 90
1310692861 88
1310692921 87
1310692981 88
1310693041 88
1310693101 84
1310693161 86
1310693221 88
1310693282 88
1310693341 87
1310693401 88
1310693461 87
1310693521 91
1310693581 89
1310693641 90
1310693701 92
1310693761 98
1310693821 99
1310693881 99
1310693941 100
1310694001 100
1310694061 101
1310694121 100
1310694181 102
1310694242 103
1310694301 106
1310694361 104
1310694421 105
1310694481 103
1310694541 105
1310694601 107
1310694661 107
1310694722 109
1310694781 107
1310694841 105
1310694901 104
1310694961 107
1310695021 109
1310695081 113
1310695141 106
1310695201 107
1310695262 110
1310695321 108
1310695381 112
1310695441 113
1310695501 112
1310695561 111
1310695621 113
1310695682 110
1310695741 116
1310695801 119
1310695861 118
1310695921 120
1310695981 120
1310696041 121
1310696101 124
1310696161 128
1310696221 126
1310696281 126
1310696341 125
1310696401 122
1310696461 121
1310696521 121
1310696581 122
1310696641 126
1310696702 122
1310696761 122
1310696821 121
1310696881 123
1310696941 124
1310697001 122
1310697061 119
1310697121 120
1310697181 123
1310697241 121
1310697301 122
1310697361 119
1310697421 121
1310697481 120
1310697541 116
1310697601 122
1310697662 121
1310697721 120
1310697781 121
1310697841 121
1310697901 118
1310697961 117
1310698021 118
1310698081 122
1310698141 123
1310698201 122
1310698261 125
1310698321 125
1310698381 124
1310698441 123
1310698501 122
1310698561 121
1310698621 124
1310698682 123
1310698741 126
1310698801 128
1310698861 130
1310698921 132
1310698981 131
1310699041 130
1310699102 136
1310699161 135
1310699221 139
1310699281 144
1310699341 140
1310699401 136
1310699461 136
1310699521 134
1310699581 129
1310699642 135
1310699701 133
1310699761 139
1310699821 140
1310699881 139
1310699941 142
1310700001 143
1310700061 143
1310700121 142
1310700181 143
1310700241 142
1310700301 145
1310700361 141
1310700421 142
1310700481 145
1310700541 145
1310700602 144
1310700661 145
1310700721 150
1310700781 148
1310700841 147
1310700901 139
1310700961 140
1310701022 136
1310701081 135
1310701141 136
1310701201 134
1310701261 130
1310701321 129
1310701381 131
1310701441 129
1310701501 131
1310701561 130
1310701621 130
1310701681 131
1310701741 131
1310701801 127
1310701861 129
1310701922 130
1310701981 132
1310702041 132
1310702101 133
1310702161 129
1310702221 125
1310702281 125
1310702341 123
1310702402 119
1310702461 116
1310702521 112
1310702581 113
1310702641 109
1310702701 110
1310702761 111
1310702821 111
1310702881 107
1310702942 108
1310703001 109
1310703061 105
1310703121 108
1310703181 103
1310703241 103
1310703301 105
1310703361 103
1310703421 106
1310703481 101
1310703542 104
1310703601 107
1310703661 109
1310703721 108
1310703781 107
1310703841 108
1310703901 107
1310703961 106
1310704021 105
1310704081 106
1310704141 102
1310704202 107
1310704261 111
1310704321 107
1310704381 109
1310704441 110
1310704501 110
1310704561 110
1310704621 110
1310704682 109
1310704741 105
1310704801 103
1310704861 106
1310704921 111
1310704981 110
1310705041 114
1310705101 114
1310705161 112
1310705222 114
1310705281 113
1310705341 112
1310705401 108
1310705461 104
1310705521 107
1310705581 109
1310705641 105
1310705701 104
1310705762 105
1310705822 99
1310705881 103
1310705941 106
1310706001 104
1310706061 100
1310706121 101
1310706181 99
1310706241 98
1310706302 98
1310706361 101
1310706421 96
1310706481 97
1310706541 94
1310706601 102
1310706661 102
1310706721 96
1310706781 99
1310706841 100
1310706902 102
1310706961 103
1310707021 105
1310707081 102
1310707141 106
1310707201 104
1310707261 106
1310707322 104
1310707381 101
1310707441 104
1310707501 102
1310707561 103
1310707621 102
1310707681 104
1310707741 101
1310707801 103
1310707861 103
1310707922 104
1310707981 99
1310708041 97
1310708101 99
1310708161 98
1310708221 94
1310708281 94
1310708341 95
1310708402 92
1310708461 94
1310708521 97
1310708581 96
1310708641 97
1310708701 101
1310708761 100
1310708821 104
1310708882 104
1310708941 103
1310709001 100
1310709061 100
1310709121 97
1310709181 100
1310709241 97
1310709301 98
1310709362 99
1310709421 102
1310709481 106
1310709541 104
1310709601 104
1310709661 104
1310709721 101
1310709781 102
1310709841 100
1310709901 100
1310709961 99
1310710021 98
1310710081 96
1310710141 96
1310710202 96
1310710261 96
1310710321 97
1310710381 96
1310710441 94
1310710501 92
1310710561 98
1310710621 97
1310710681 95
1310710741 96
1310710802 95
1310710862 94
1310710921 97
1310710981 98
1310711041 100
1310711101 95
1310711161 98
1310711221 99
1310711281 97
1310711341 98
1310711401 102
1310711461 104
1310711521 103
1310711581 102
1310711641 107
1310711701 108
1310711761 106
1310711822 110
1310711881 110
1310711941 109
1310712001 107
1310712061 101
1310712121 101
1310712181 100
1310712241 100
1310712301 104
1310712361 102
1310712422 101
1310712481 103
1310712541 100
1310712601 103
1310712661 102
1310712721 100
1310712781 99
1310712841 97
1310712901 95
1310712962 97
1310713021 94
1310713081 92
1310713141 92
1310713201 94
1310713261 93
1310713321 94
1310713381 94
1310713441 94
1310713502 98
1310713561 99
1310713621 99
1310713681 98
1310713741 96
1310713801 95
1310713861 97
1310713921 95
1310713981 95
1310714042 94
1310714101 99
1310714161 94
1310714221 96
1310714281 97
1310714341 97
1310714401 95
1310714461 97
1310714521 97
1310714581 97
1310714641 96
1310714701 95
1310714761 95
1310714821 94
1310714881 96
1310714941 100
1310715002 99
1310715062 99
1310715121 103
1310715181 107
1310715241 105
1310715301 103
1310715361 102
1310715421 98
1310715481 98
1310715542 100
1310715602 99
1310715661 96
1310715721 95
1310715781 96
1310715841 98
1310715901 96
1310715961 100
1310716022 101
1310716081 99
1310716141 102
1310716201 97
1310716261 100
1310716321 100
1310716381 96
1310716441 100
1310716501 98
1310716561 93
1310716622 96
1310716681 94
1310716741 93
1310716801 94
1310716861 95
1310716921 93
1310716982 94
1310717041 89
1310717101 91
1310717161 92
1310717221 93
1310717281 92
1310717341 89
1310717401 84
1310717461 86
1310717521 84
1310717581 82
1310717641 81
1310717701 79
1310717761 82
1310717821 80
1310717881 81
1310717941 79
1310718001 80
1310718062 73
1310718121 76
1310718181 75
1310718241 75
1310718301 73
1310718361 69
1310718421 64
1310718481 59
1310718541 62
1310718602 63
1310718662 64
1310718721 64
1310718781 62
1310718841 58
1310718901 61
1310718961 58
1310719021 61
1310719081 61
1310719142 61
1310719201 62
1310719261 61
1310719321 61
1310719381 60
1310719441 61
1310719501 59
1310719561 61
1310719621 63
1310719682 65
1310719741 64
1310719801 66
1310719861 66
1310719921 68
1310719981 68
1310720041 69
1310720101 63
1310720161 64
1310720222 65
1310720281 68
1310720341 66
1310720401 64
1310720461 64
1310720521 61
1310720581 60
1310720641 61
1310720701 61
1310720761 60
1310720822 58
1310720881 59
1310720941 58
1310721001 57
1310721061 55
1310721121 56
1310721181 56
1310721241 52
1310721301 54
1310721362 53
1310721421 51
1310721481 49
1310721541 52
1310721601 50
1310721661 50
1310721721 49
1310721781 51
1310721841 54
1310721901 53
1310721961 51
1310722021 49
1310722081 52
1310722141 50
1310722201 53
1310722261 52
1310722321 52
1310722381 53
1310722442 51
1310722502 51
1310722561 52
1310722621 50
1310722681 49
1310722741 50
1310722801 51
1310722861 54
1310722921 52
1310722981 52
1310723042 52
1310723101 52
1310723161 48
1310723221 50
1310723281 48
1310723341 47
1310723401 46
1310723461 47
1310723521 46
1310723582 45
1310723641 47
1310723701 47
1310723761 46
1310723821 45
1310723881 43
1310723941 43
1310724001 43
1310724061 39
1310724122 41
1310724181 41
1310724241 43
1310724301 43
1310724361 43
1310724421 43
1310724481 42
1310724541 42
1310724602 44
1310724661 46
1310724721 48
1310724781 51
1310724841 46
1310724901 47
1310724961 48
1310725021 48
1310725081 48
1310725141 48
1310725202 48
1310725261 45
1310725321 45
1310725381 45
1310725441 47
1310725501 46
1310725561 47
1310725621 48
1310725681 49
1310725741 48
1310725801 47
1310725861 47
1310725921 43
1310725981 45
1310726041 44
1310726101 43
1310726161 44
1310726221 43
1310726281 43
1310726342 41
1310726401 41
1310726461 42
1310726521 43
1310726581 40
1310726641 43
1310726701 45
1310726761 45
1310726821 47
1310726882 48
1310726942 48
1310727001 46
1310727061 48
1310727121 46
1310727181 46
1310727241 45
1310727301 48
1310727361 46
1310727421 46
1310727481 46
1310727542 47
1310727601 46
1310727661 44
1310727721 42
1310727781 40
1310727841 41
1310727901 39
1310727961 42
1310728021 40
1310728082 38
1310728141 38
1310728201 38
1310728261 39
1310728321 40
1310728381 39
1310728441 38
1310728501 37
1310728561 37
1310728621 38
1310728681 41
1310728742 41
1310728801 39
1310728861 38
1310728921 39
1310728981 40
1310729041 38
1310729101 39
1310729161 40
1310729221 40
1310729281 38
1310729342 40
1310729401 39
1310729461 39
1310729521 38
1310729581 40
1310729641 39
1310729701 37
1310729761 38
1310729821 39
1310729882 39
1310729941 40
1310730001 41
1310730061 41
1310730121 40
1310730181 38
1310730241 41
1310730301 42
1310730361 40
1310730422 37
1310730481 39
1310730541 39
1310730601 40
1310730661 40
1310730721 40
1310730781 39
1310730841 37
1310730901 42
1310730961 44
1310731022 44
1310731081 42
1310731141 42
1310731201 42
1310731261 45
1310731321 43
1310731381 46
1310731441 45
1310731501 42
1310731561 43
1310731621 44
1310731682 47
1310731741 47
1310731801 46
1310731861 50
1310731921 51
1310731981 50
1310732041 48
1310732101 51
1310732161 50
1310732222 48
1310732281 46
1310732341 50
1310732401 52
1310732461 51
1310732521 52
1310732581 53
1310732641 53
1310732701 53
1310732761 53
1310732822 51
1310732881 52
1310732941 51
1310733001 49
1310733061 48
1310733121 52
1310733181 49
1310733241 49
1310733301 45
1310733361 49
1310733422 52
1310733481 53
1310733541 52
1310733601 54
1310733661 55
1310733721 54
1310733781 55
1310733841 57
1310733901 56
1310733961 55
1310734021 54
1310734081 53
1310734141 51
1310734201 52
1310734261 52
1310734321 49
1310734381 50
1310734441 48
1310734501 48
1310734562 46
1310734621 46
1310734681 47
1310734741 48
1310734801 47
1310734861 47
1310734921 47
1310734981 48
1310735041 47
1310735102 50
1310735161 50
1310735221 48
1310735281 51
1310735341 48
1310735401 49
1310735461 50
1310735521 51
1310735581 49
1310735641 50
1310735701 51
1310735762 51
1310735821 53
1310735881 53
1310735941 54
1310736001 53
1310736061 52
1310736121 51
1310736181 52
1310736241 52
1310736301 51
1310736362 52
1310736421 53
1310736481 51
1310736541 55
1310736601 56
1310736661 57
1310736721 58
1310736781 60
1310736841 60
1310736901 60
1310736961 58
1310737021 58
1310737081 61
1310737141 57
1310737201 55
1310737261 55
1310737321 54
1310737381 54
1310737441 53
1310737501 53
1310737562 53
1310737621 51
1310737681 53
1310737741 52
1310737801 55
1310737861 55
1310737921 54
1310737981 52
1310738041 51
1310738102 50
1310738161 51
1310738221 50
1310738281 47
1310738341 49
1310738401 47
1310738461 45
1310738521 48
1310738581 48
1310738641 48
1310738702 49
1310738761 49
1310738821 47
1310738881 46
1310738941 48
1310739001 46
1310739061 50
1310739121 52
1310739181 52
1310739241 51
1310739302 53
1310739361 52
1310739421 53
1310739481 54
1310739541 51
1310739601 54
1310739661 50
1310739721 48
1310739782 52
1310739841 51
1310739901 50
1310739961 49
1310740021 46
1310740081 47
1310740141 46
1310740201 45
1310740261 47
1310740321 46
1310740381 48
1310740441 48
1310740501 48
1310740561 46
1310740621 48
1310740681 46
1310740742 45
1310740802 44
1310740861 43
1310740921 44
1310740981 42
1310741041 43
1310741101 43
1310741161 43
1310741221 44
1310741282 43
1310741341 46
1310741401 44
1310741461 45
1310741521 46
1310741581 46
1310741641 47
1310741701 45
1310741761 46
1310741821 45
1310741882 44
1310741942 44
1310742001 45
1310742061 46
1310742121 44
1310742181 46
1310742241 44
1310742301 46
1310742361 46
1310742421 46
1310742481 47
1310742542 46
1310742601 48
1310742661 47
1310742721 46
1310742781 46
1310742841 45
1310742901 43
1310742961 44
1310743021 43
1310743082 42
1310743141 41
1310743201 42
1310743261 41
1310743321 38
1310743381 38
1310743441 38
1310743501 37
1310743561 39
1310743622 37
1310743682 37
1310743741 37
1310743801 38
1310743861 37
1310743921 36
1310743981 35
1310744041 37
1310744101 36
1310744161 35
1310744222 36
1310744281 33
1310744341 33
1310744401 32
1310744461 32
1310744521 31
1310744581 31
1310744641 31
1310744701 33
1310744762 31
1310744821 32
1310744881 32
1310744941 32
1310745001 30
1310745061 31
1310745121 31
1310745181 28
1310745241 28
1310745301 29
1310745361 28
1310745421 28
1310745481 27
1310745541 29
1310745601 27
