1311004861 27
1311004921 28
1311004981 28
1311005042 27
1311005101 28
1311005161 29
1311005221 28
1311005281 28
1311005341 27
1311005401 26
1311005461 24
1311005521 23
1311005581 23
1311005642 23
1311005701 22
1311005761 23
1311005821 21
1311005881 22
1311005941 22
1311006001 21
1311006061 22
1311006121 21
1311006181 23
1311006242 22
1311006301 22
1311006361 22
1311006421 20
1311006481 20
1311006541 21
1311006601 21
1311006661 20
1311006721 21
1311006781 20
1311006841 20
1311006902 19
1311006961 19
1311007021 21
1311007081 19
1311007141 21
1311007201 21
1311007261 20
1311007321 20
1311007381 22
1311007441 21
1311007502 20
1311007561 22
1311007621 20
1311007681 21
1311007741 21
1311007801 22
1311007861 20
1311007921 21
1311007981 18
1311008041 19
1311008102 19
1311008161 18
1311008221 16
1311008281 16
1311008341 17
1311008401 17
1311008461 16
1311008521 15
1311008582 16
1311008642 15
1311008701 16
1311008761 16
1311008821 16
1311008881 16
1311008941 14
1311009001 14
1311009061 16
1311009121 16
1311009182 14
1311009241 13
1311009301 14
1311009361 15
1311009421 16
1311009481 16
1311009541 16
1311009601 16
1311009661 16
1311009721 16
1311009781 16
1311009841 15
1311009901 15
1311009961 15
1311010021 15
1311010081 16
1311010141 16
1311010202 14
1311010261 14
1311010321 15
1311010381 16
1311010441 16
1311010501 15
1311010561 15
1311010621 15
1311010681 16
1311010742 17
1311010801 17
1311010861 17
1311010921 14
1311010981 16
1311011041 16
1311011101 16
1311011161 15
1311011221 14
1311011281 13
1311011341 14
1311011402 13
1311011461 14
1311011521 14
1311011581 14
1311011641 14
1311011701 14
1311011761 12
1311011821 14
1311011881 12
1311011941 13
1311012002 13
1311012061 11
1311012121 10
1311012181 9
1311012242 10
1311012301 11
1311012361 11
1311012421 10
1311012481 10
1311012541 8
1311012601 10
1311012661 10
1311012721 10
1311012781 10
1311012842 10
1311012901 11
1311012961 10
1311013021 11
1311013081 12
1311013141 12
1311013201 12
1311013261 12
1311013321 14
1311013382 13
1311013441 14
1311013501 11
1311013561 14
1311013621 13
1311013681 14
1311013741 14
1311013801 12
1311013861 12
1311013921 11
1311013982 12
1311014041 11
1311014101 12
1311014161 10
1311014221 11
1311014281 11
1311014341 11
1311014402 11
1311014461 12
1311014521 12
1311014581 12
1311014641 12
1311014701 11
1311014761 12
1311014821 10
1311014882 9
1311014941 12
1311015001 11
1311015061 12
1311015121 12
1311015181 11
1311015241 12
1311015301 12
1311015362 11
1311015421 12
1311015481 11
1311015541 10
1311015601 12
1311015661 11
1311015721 12
1311015781 11
1311015842 12
1311015901 12
1311015961 12
1311016021 12
1311016081 12
1311016141 11
1311016201 11
1311016262 12
1311016321 11
1311016381 12
1311016441 12
1311016501 12
1311016561 12
1311016621 12
1311016681 12
1311016741 13
1311016802 12
1311016861 11
1311016921 12
1311016981 13
1311017041 12
1311017101 12
1311017161 13
1311017221 12
1311017282 13
1311017341 12
1311017401 13
1311017461 14
1311017521 12
1311017581 12
1311017641 13
1311017701 14
1311017761 14
1311017822 15
1311017881 15
1311017941 14
1311018001 13
1311018061 13
1311018121 14
1311018181 13
1311018241 13
1311018302 12
1311018361 14
1311018421 12
1311018481 13
1311018541 13
1311018601 13
1311018661 11
1311018721 12
1311018782 12
1311018841 10
1311018901 12
1311018961 9
1311019021 11
1311019081 10
1311019141 11
1311019201 10
1311019262 10
1311019322 9
1311019381 9
1311019441 10
1311019501 9
1311019561 10
1311019621 8
1311019681 10
1311019741 10
1311019801 10
1311019861 10
1311019921 10
1311019982 10
1311020041 9
1311020101 10
1311020161 10
1311020221 10
1311020281 8
1311020341 10
1311020401 10
1311020461 10
1311020521 9
1311020582 9
1311020641 10
1311020701 9
1311020761 9
1311020821 9
1311020881 10
1311020941 8
1311021001 10
1311021061 10
1311021121 10
1311021182 9
1311021241 10
1311021301 10
1311021361 9
1311021421 9
1311021481 10
1311021541 9
1311021601 10
1311021661 10
1311021722 10
1311021781 10
1311021841 9
1311021901 10
1311021961 9
1311022021 9
1311022081 10
1311022141 9
1311022201 8
1311022261 10
1311022322 10
1311022381 10
1311022441 9
1311022501 9
1311022561 10
1311022621 10
1311022681 7
1311022741 10
1311022801 9
1311022862 8
1311022921 10
1311022981 10
1311023041 10
1311023101 9
1311023161 8
1311023221 9
1311023281 11
1311023341 9
1311023402 11
1311023461 11
1311023521 11
1311023581 11
1311023641 11
1311023701 11
1311023761 11
1311023821 10
1311023881 11
1311023941 10
1311024001 9
1311024061 11
1311024121 9
1311024181 11
1311024241 11
1311024301 11
1311024361 11
1311024421 10
1311024482 10
1311024541 11
1311024601 10
1311024661 10
1311024721 10
1311024781 9
1311024841 11
1311024901 11
1311024961 11
1311025021 11
1311025082 9
1311025141 11
1311025201 12
1311025261 11
1311025321 11
1311025381 12
1311025441 11
1311025501 12
1311025561 12
1311025621 12
1311025682 12
1311025741 9
1311025801 8
1311025861 9
1311025921 9
1311025981 9
1311026041 9
1311026101 9
1311026161 10
1311026221 10
1311026281 10
1311026342 10
1311026401 9
1311026461 10
1311026521 10
1311026581 9
1311026641 10
1311026702 9
1311026761 9
1311026821 10
1311026881 10
1311026941 10
1311027001 10
1311027061 9
1311027121 10
1311027181 10
1311027241 8
1311027302 10
1311027362 10
1311027421 10
1311027481 11
1311027541 11
1311027601 11
1311027661 11
1311027721 10
1311027781 10
1311027841 11
1311027901 10
1311027962 11
1311028021 10
1311028081 10
1311028141 10
1311028201 11
1311028261 12
1311028321 11
1311028381 10
1311028441 11
1311028501 9
1311028562 9
1311028621 9
1311028681 8
1311028741 8
1311028801 8
1311028861 7
1311028921 9
1311028981 9
1311029041 8
1311029102 10
1311029161 9
1311029221 9
1311029282 10
1311029341 9
1311029401 12
1311029461 12
1311029521 11
1311029581 12
1311029641 11
1311029701 11
1311029761 12
1311029822 11
1311029881 12
1311029941 12
1311030001 10
1311030061 13
1311030121 12
1311030181 12
1311030241 13
1311030301 12
1311030362 13
1311030421 13
1311030481 12
1311030541 13
1311030601 14
1311030661 12
1311030721 14
1311030781 14
1311030842 15
1311030901 16
1311030961 15
1311031021 17
1311031081 19
1311031141 18
1311031201 17
1311031261 20
1311031321 21
1311031382 20
1311031441 21
1311031501 21
1311031561 20
1311031621 20
1311031681 18
1311031741 18
1311031801 17
1311031861 18
1311031922 17
1311031981 18
1311032041 16
1311032101 17
1311032161 17
1311032221 18
1311032281 19
1311032341 18
1311032401 19
1311032462 18
1311032521 19
1311032581 19
1311032641 18
1311032701 19
1311032761 20
1311032821 20
1311032881 21
1311032942 21
1311033001 21
1311033061 18
1311033121 20
1311033181 22
1311033241 23
1311033301 23
1311033361 27
1311033421 28
1311033482 29
1311033541 29
1311033601 30
1311033661 34
1311033721 31
1311033781 33
1311033841 33
1311033901 33
1311033962 28
1311034021 32
1311034081 31
1311034141 31
1311034201 31
1311034261 35
1311034321 35
1311034381 32
1311034441 36
1311034502 36
1311034561 39
1311034621 38
1311034681 39
1311034741 45
1311034801 45
1311034861 45
1311034921 44
1311034981 46
1311035042 45
1311035101 49
1311035161 48
1311035221 47
1311035281 48
1311035341 46
1311035401 48
1311035462 48
1311035521 53
1311035581 53
1311035641 54
1311035701 51
1311035761 53
1311035821 52
1311035882 57
1311035942 54
1311036001 58
1311036061 59
1311036121 56
1311036181 57
1311036241 60
1311036301 61
1311036362 61
1311036421 63
1311036481 64
1311036541 64
1311036601 60
1311036661 63
1311036721 62
1311036781 62
1311036841 62
1311036902 64
1311036961 65
1311037021 65
1311037081 65
1311037141 66
1311037201 65
1311037261 63
1311037321 66
1311037381 64
1311037442 64
1311037501 64
1311037561 64
1311037621 65
1311037681 67
1311037741 70
1311037801 75
1311037861 75
1311037921 75
1311037982 79
1311038041 76
1311038101 76
1311038161 78
1311038221 76
1311038281 76
1311038341 75
1311038401 75
1311038462 77
1311038521 79
1311038581 77
1311038641 79
1311038701 80
1311038761 80
1311038821 82
1311038881 83
1311038942 86
1311039002 84
1311039061 84
1311039121 86
1311039181 86
1311039241 85
1311039301 83
1311039361 81
1311039421 81
1311039481 80
1311039542 78
1311039601 80
1311039661 80
1311039721 77
1311039781 83
1311039841 84
1311039901 84
1311039962 89
1311040021 89
1311040081 91
1311040141 92
1311040201 93
1311040261 92
1311040321 94
1311040381 94
1311040442 94
1311040501 91
1311040561 90
1311040621 92
1311040681 94
1311040741 93
1311040802 92
1311040862 94
1311040921 99
1311040981 96
1311041041 98
1311041101 102
1311041161 102
1311041221 104
1311041281 101
1311041342 104
1311041401 108
1311041461 104
1311041521 103
1311041581 105
1311041641 105
1311041701 109
1311041761 109
1311041821 110
1311041881 110
1311041941 112
1311042001 115
1311042061 115
1311042121 110
1311042181 113
1311042242 107
1311042301 106
1311042361 106
1311042421 107
1311042481 109
1311042541 107
1311042601 105
1311042661 107
1311042721 106
1311042781 108
1311042842 108
1311042901 110
1311042961 104
1311043021 106
1311043081 107
1311043141 110
1311043201 110
1311043261 110
1311043322 113
1311043381 112
1311043441 119
1311043501 120
1311043561 123
1311043621 121
1311043681 116
1311043741 115
1311043802 112
1311043861 116
1311043921 111
1311043981 115
1311044041 114
1311044101 116
1311044161 116
1311044221 113
1311044281 121
1311044341 120
1311044401 124
1311044461 126
1311044521 125
1311044581 124
1311044641 119
1311044701 119
1311044761 122
1311044822 121
1311044881 117
1311044941 117
1311045001 115
1311045061 113
1311045121 115
1311045181 115
1311045241 118
1311045302 118
1311045362 118
1311045421 117
1311045481 115
1311045541 110
1311045601 107
1311045661 110
1311045721 110
1311045781 110
1311045842 109
1311045901 111
1311045961 110
1311046021 111
1311046081 110
1311046141 116
1311046201 119
1311046261 119
1311046322 119
1311046381 116
1311046441 119
1311046501 119
1311046561 120
1311046621 119
1311046681 122
1311046741 119
1311046802 120
1311046861 123
1311046921 124
1311046981 127
1311047041 130
1311047101 129
1311047161 125
1311047221 124
1311047282 125
1311047341 125
1311047401 120
1311047461 118
1311047521 121
1311047581 119
1311047641 114
1311047701 108
1311047761 114
1311047822 115
1311047881 113
1311047941 115
1311048001 114
1311048061 112
1311048121 112
1311048181 110
1311048241 107
1311048302 111
1311048361 105
1311048421 106
1311048481 106
1311048541 102
1311048601 101
1311048661 99
1311048721 100
1311048782 99
1311048841 103
1311048901 105
1311048961 106
1311049021 104
1311049081 101
1311049141 102
1311049201 102
1311049261 101
1311049321 96
1311049382 96
1311049441 92
1311049501 84
1311049561 87
1311049621 86
1311049681 87
1311049741 86
1311049801 87
1311049861 86
1311049922 85
1311049981 88
1311050041 85
1311050101 88
1311050161 87
1311050221 88
1311050281 90
1311050341 91
1311050401 89
1311050461 89
1311050522 88
1311050581 85
1311050641 89
1311050701 86
1311050761 88
1311050821 89
1311050881 84
1311050941 83
1311051001 83
1311051061 83
1311051122 83
1311051181 83
1311051241 78
1311051301 79
1311051361 79
1311051422 77
1311051481 80
1311051541 82
1311051601 85
1311051661 81
1311051721 83
1311051781 80
1311051841 82
1311051901 84
1311051961 83
1311052021 84
1311052082 81
1311052141 80
1311052201 79
1311052261 78
1311052321 80
1311052381 83
1311052441 80
1311052501 80
1311052561 84
1311052622 83
1311052681 84
1311052741 85
1311052801 83
1311052861 86
1311052921 86
1311052981 86
1311053041 90
1311053102 88
1311053162 83
1311053221 86
1311053281 82
1311053341 85
1311053401 90
1311053461 87
1311053521 87
1311053581 91
1311053642 89
1311053701 90
1311053761 92
1311053821 91
1311053881 95
1311053941 98
1311054001 98
1311054061 98
1311054122 97
1311054181 96
1311054241 97
1311054301 93
1311054361 94
1311054421 96
1311054481 96
1311054541 99
1311054601 97
1311054662 99
1311054721 93
1311054781 98
1311054841 98
1311054901 100
1311054961 102
1311055021 101
1311055081 97
1311055142 90
1311055201 93
1311055261 93
1311055321 93
1311055381 87
1311055441 94
1311055501 97
1311055561 96
1311055621 97
1311055681 97
1311055742 97
1311055801 98
1311055861 98
1311055921 98
1311055981 97
1311056041 92
1311056101 92
1311056161 88
1311056221 94
1311056281 97
1311056342 96
1311056401 95
1311056461 95
1311056521 96
1311056581 97
1311056641 98
1311056701 98
1311056761 97
1311056821 93
1311056881 95
1311056941 98
1311057001 94
1311057061 95
1311057121 92
1311057181 92
1311057241 90
1311057301 88
1311057361 89
1311057421 85
1311057481 86
1311057541 85
1311057601 88
1311057661 88
1311057721 91
1311057781 90
1311057842 96
1311057901 94
1311057961 96
1311058021 96
1311058081 95
1311058141 97
1311058201 92
1311058261 94
1311058322 94
1311058381 93
1311058441 92
1311058501 92
1311058561 93
1311058621 98
1311058681 97
1311058741 101
1311058801 100
1311058861 99
1311058921 97
1311058981 95
1311059041 98
1311059101 97
1311059161 94
1311059221 91
1311059281 90
1311059342 88
1311059401 91
1311059461 91
1311059521 93
1311059581 91
1311059641 95
1311059701 98
1311059762 102
1311059821 99
1311059881 100
1311059941 97
1311060001 97
1311060061 98
1311060121 101
1311060181 101
1311060241 93
1311060302 96
1311060361 94
1311060421 92
1311060481 90
1311060541 91
1311060601 90
1311060661 91
1311060721 92
1311060781 89
1311060841 90
1311060902 91
1311060961 90
1311061021 93
1311061081 93
1311061141 94
1311061201 95
1311061261 94
1311061321 99
1311061381 99
1311061442 97
1311061501 93
1311061561 98
1311061621 95
1311061681 94
1311061741 94
1311061801 92
1311061861 91
1311061922 89
1311061981 93
1311062041 94
1311062101 93
1311062161 92
1311062221 98
1311062281 97
1311062342 94
1311062401 96
1311062461 92
1311062521 86
1311062581 86
1311062641 86
1311062701 84
1311062761 81
1311062821 76
1311062882 77
1311062941 78
1311063001 79
1311063061 80
1311063121 80
1311063181 80
1311063241 82
1311063301 82
1311063361 81
1311063421 81
1311063481 82
1311063542 82
1311063601 80
1311063661 81
1311063721 81
1311063781 77
1311063841 78
1311063901 77
1311063961 75
1311064022 77
1311064081 76
1311064141 75
1311064201 72
1311064261 73
1311064321 74
1311064381 73
1311064441 72
1311064501 72
1311064561 72
1311064622 70
1311064681 73
1311064741 72
1311064801 72
1311064861 73
1311064921 69
1311064981 70
1311065041 67
1311065101 67
1311065161 69
1311065221 69
1311065282 62
1311065341 64
1311065401 66
1311065461 64
1311065521 66
1311065581 67
1311065641 68
1311065701 63
1311065761 63
1311065821 64
1311065882 63
1311065941 63
1311066001 60
1311066061 61
1311066121 60
1311066181 57
1311066241 58
1311066302 58
1311066361 55
1311066421 55
1311066481 59
1311066541 57
1311066601 61
1311066661 61
1311066721 61
1311066781 62
1311066842 60
1311066901 62
1311066961 60
1311067021 59
1311067081 55
1311067141 57
1311067201 56
1311067261 55
1311067321 56
1311067382 54
1311067441 51
1311067501 53
1311067561 52
1311067621 54
1311067681 53
1311067741 48
1311067801 49
1311067861 50
1311067921 52
1311067981 52
1311068041 53
1311068101 56
1311068161 55
1311068221 52
1311068281 53
1311068341 53
1311068401 50
1311068461 51
1311068521 48
1311068582 48
1311068641 49
1311068701 47
1311068761 50
1311068821 52
1311068881 53
1311068941 55
1311069001 56
1311069061 57
1311069122 58
1311069181 60
1311069241 61
1311069301 59
1311069361 56
1311069421 56
1311069482 57
1311069541 56
1311069601 61
1311069661 59
1311069722 56
1311069781 55
1311069841 53
1311069901 55
1311069961 55
1311070021 53
1311070081 57
1311070141 57
1311070201 55
1311070261 53
1311070322 56
1311070381 56
1311070441 56
1311070501 56
1311070561 56
1311070621 56
1311070681 52
1311070741 52
1311070801 50
1311070861 50
1311070922 50
1311070981 50
1311071041 47
1311071101 46
1311071161 47
1311071221 47
1311071281 48
1311071341 47
1311071401 47
1311071461 46
1311071521 47
1311071582 47
1311071641 49
1311071701 48
1311071761 48
1311071821 48
1311071881 47
1311071941 45
1311072001 47
1311072061 47
1311072121 50
1311072181 50
1311072242 47
1311072301 47
1311072361 47
1311072421 47
1311072481 47
1311072541 48
1311072601 42
1311072661 44
1311072721 47
1311072781 47
1311072841 50
1311072902 49
1311072961 48
1311073021 47
1311073081 49
1311073141 49
1311073201 48
1311073261 48
1311073321 48
1311073381 49
1311073442 49
1311073501 49
1311073561 50
1311073621 52
1311073681 54
1311073741 54
1311073801 55
1311073861 52
1311073921 53
1311073981 54
1311074041 56
1311074102 55
1311074161 54
1311074221 57
1311074281 60
1311074341 59
1311074401 59
1311074461 60
1311074521 57
1311074581 55
1311074641 55
1311074701 55
1311074761 56
1311074821 53
1311074881 53
1311074941 53
1311075001 53
1311075061 52
1311075121 54
1311075181 53
1311075242 54
1311075301 56
1311075361 56
1311075421 56
1311075481 57
1311075541 56
1311075601 59
1311075661 58
1311075721 54
1311075781 57
1311075841 56
1311075902 53
1311075961 55
1311076021 57
1311076081 56
1311076141 58
1311076201 56
1311076261 58
1311076321 59
1311076381 59
1311076441 58
1311076501 59
1311076562 57
1311076621 58
1311076681 60
1311076741 57
1311076801 58
1311076861 57
1311076921 57
1311076981 55
1311077041 57
1311077102 58
1311077161 59
1311077221 54
1311077281 55
1311077341 54
1311077401 57
1311077461 61
1311077521 59
1311077581 62
1311077642 63
1311077701 62
1311077761 61
1311077821 62
1311077881 58
1311077941 60
1311078001 60
1311078061 56
1311078121 59
1311078181 58
1311078242 57
1311078301 58
1311078361 59
1311078421 61
1311078481 61
1311078541 60
1311078601 60
1311078661 61
1311078721 58
1311078781 60
1311078841 64
1311078902 65
1311078961 65
1311079021 65
1311079081 64
1311079141 64
1311079201 61
1311079261 63
1311079321 63
1311079381 60
1311079441 61
1311079502 64
1311079562 66
1311079621 66
1311079681 66
1311079741 67
1311079801 68
1311079861 67
1311079921 67
1311079981 66
1311080041 62
1311080102 62
1311080161 64
1311080221 70
1311080281 72
1311080341 71
1311080401 72
1311080461 72
1311080521 72
1311080581 72
1311080641 72
1311080701 74
1311080762 72
1311080822 69
1311080881 65
1311080941 67
1311081001 71
1311081061 70
1311081121 70
1311081181 69
1311081241 73
1311081301 74
1311081361 72
1311081422 72
1311081481 71
1311081541 72
1311081601 69
1311081661 69
1311081721 70
1311081781 68
1311081841 68
1311081901 64
1311081962 65
1311082021 66
1311082081 64
1311082141 62
1311082201 65
1311082261 67
1311082321 68
1311082381 66
1311082441 69
1311082501 67
1311082562 64
1311082621 66
1311082681 65
1311082741 64
1311082801 66
1311082861 63
1311082921 63
1311082981 65
1311083041 60
1311083102 62
1311083161 64
1311083221 61
1311083281 62
1311083341 63
1311083401 64
1311083461 65
1311083521 65
1311083581 67
1311083641 68
1311083702 64
1311083761 68
1311083821 67
1311083881 71
1311083941 71
1311084001 66
1311084061 65
1311084121 62
1311084181 64
1311084241 63
1311084301 66
1311084361 65
1311084421 65
1311084481 66
1311084541 67
1311084601 64
1311084661 69
1311084721 67
1311084781 68
1311084841 69
1311084902 71
1311084961 69
1311085021 67
1311085081 71
1311085141 70
1311085201 71
1311085261 69
1311085321 69
1311085382 66
1311085441 66
1311085501 63
1311085561 64
1311085621 66
1311085681 65
1311085741 63
1311085801 64
1311085861 62
1311085921 66
1311085981 66
1311086042 65
1311086101 63
1311086161 63
1311086221 61
1311086281 59
1311086341 59
1311086401 59
1311086461 59
1311086521 55
1311086582 56
1311086641 57
1311086701 60
1311086761 61
1311086821 62
1311086881 60
1311086941 61
1311087002 60
1311087061 61
1311087122 62
1311087181 61
1311087241 57
1311087301 57
1311087361 56
1311087421 57
1311087481 58
1311087541 57
1311087602 59
1311087661 59
1311087721 59
1311087781 61
1311087841 60
1311087901 58
1311087961 60
1311088021 59
1311088081 59
1311088141 58
1311088202 56
1311088261 55
1311088321 56
1311088381 55
1311088441 56
1311088501 58
1311088561 56
1311088621 54
1311088681 53
1311088742 53
1311088801 51
1311088861 50
1311088921 49
1311088981 50
1311089041 50
1311089101 48
1311089161 44
1311089221 46
1311089281 45
1311089342 43
1311089401 44
1311089461 42
1311089521 40
1311089581 40
1311089641 41
1311089701 41
1311089761 44
1311089821 44
1311089881 43
1311089942 42
1311090002 42
1311090061 42
1311090121 44
1311090181 41
1311090241 42
1311090301 43
1311090361 40
1311090421 39
1311090481 39
1311090542 40
1311090601 39
1311090661 38
1311090721 39
1311090781 39
1311090841 38
1311090901 37
1311090961 37
1311091021 37
1311091081 38
1311091142 36
1311091202 38
