1308067262 25
1308067321 1
1308067381 1
1308067441 1
1308067501 1
1308067561 1
1308067621 1
1308067681 1
1308067741 1
1308067801 1
1308067861 1
1308067922 0
1308067981 1
1308068041 1
1308068101 1
1308068161 1
1308068221 1
1308068281 1
1308068341 1
1308068401 1
1308068461 1
1308068521 1
1308068582 0
1308068641 1
1308068701 1
1308068761 3
1308068821 3
1308068881 3
1308068941 3
1308069001 3
1308069061 3
1308069121 4
1308069181 4
1308069241 3
1308069301 4
1308069362 4
1308069421 3
1308069481 3
1308069541 4
1308069601 5
1308069661 5
1308069721 5
1308069781 4
1308069841 5
1308069901 4
1308069961 4
1308070021 3
1308070082 5
1308070141 5
1308070201 4
1308070261 5
1308070321 5
1308070381 5
1308070441 4
1308070501 4
1308070561 4
1308070621 4
1308070681 2
1308070741 2
1308070802 3
1308070861 2
1308070921 3
1308070981 3
1308071041 3
1308071101 3
1308071161 3
1308071221 3
1308071281 3
1308071341 2
1308071401 2
1308071461 3
1308071521 3
1308071582 4
1308071642 4
1308071701 4
1308071761 4
1308071821 4
1308071881 4
1308071941 4
1308072001 3
1308072061 4
1308072121 2
1308072181 1
1308072241 3
1308072302 3
1308072361 4
1308072421 4
1308072481 4
1308072541 4
1308072601 4
1308072661 3
1308072721 4
1308072781 4
1308072841 2
1308072901 3
1308072961 2
1308073021 2
1308073082 2
1308073141 2
1308073201 2
1308073261 2
1308073321 1
1308073381 2
1308073441 2
1308073501 1
1308073561 2
1308073621 2
1308073682 2
1308073742 2
1308073801 2
1308073861 2
1308073921 2
1308073981 1
1308074041 2
1308074101 2
1308074161 1
1308074221 2
1308074281 2
1308074341 2
1308074401 2
1308074462 2
1308074521 2
1308074581 2
1308074641 1
1308074701 1
1308074761 1
1308074821 0
1308074881 1
1308074941 1
1308075001 1
1308075061 1
1308075121 1
1308075181 1
1308075242 1
1308075301 1
1308075361 1
1308075421 1
1308075481 1
1308075541 1
1308075601 1
1308075661 1
1308075721 1
1308075781 1
1308075841 1
1308075901 1
1308075962 1
1308076021 1
1308076081 1
1308076141 1
1308076201 1
1308076261 1
1308076321 2
1308076381 1
1308076441 1
1308076501 1
1308076561 1
1308076622 1
1308076681 1
1308076741 1
1308076801 1
1308076861 1
1308076921 1
1308076981 0
1308077041 1
1308077101 1
1308077161 1
1308077221 1
1308077282 1
1308077341 1
1308077401 2
1308077461 2
1308077521 2
1308077581 2
1308077641 1
1308077701 2
1308077761 2
1308077821 2
1308077881 2
1308077942 2
1308078001 1
1308078061 1
1308078121 1
1308078181 1
1308078241 1
1308078301 0
1308078361 2
1308078421 2
1308078481 2
1308078541 2
1308078601 2
1308078662 2
1308078721 2
1308078781 2
1308078841 2
1308078901 2
1308078961 0
1308079021 1
1308079081 1
1308079141 1
1308079201 1
1308079261 1
1308079322 1
1308079381 1
1308079441 1
1308079501 1
1308079561 1
1308079621 0
1308079681 1
1308079741 1
1308079801 1
1308079861 1
1308079921 2
1308079982 2
1308080041 2
1308080101 3
1308080161 4
1308080221 4
1308080281 4
1308080341 3
1308080401 4
1308080461 4
1308080521 4
1308080581 3
1308080641 4
1308080702 4
1308080761 2
1308080821 2
1308080881 2
1308080941 2
1308081001 2
1308081061 2
1308081121 2
1308081181 2
1308081241 1
1308081301 2
1308081361 2
1308081421 2
1308081482 2
1308081541 2
1308081601 1
1308081661 2
1308081721 2
1308081781 2
1308081841 2
1308081901 1
1308081961 1
1308082021 1
1308082081 1
1308082141 1
1308082202 1
1308082261 0
1308082321 1
1308082381 1
1308082441 1
1308082501 2
1308082561 2
1308082621 2
1308082681 2
1308082741 2
1308082801 2
1308082861 2
1308082922 2
1308082981 1
1308083041 2
1308083101 1
1308083161 1
1308083221 1
1308083281 1
1308083341 1
1308083401 1
1308083461 1
1308083521 1
1308083582 1
1308083641 0
1308083701 1
1308083761 1
1308083821 1
1308083881 1
1308083941 1
1308084001 1
1308084061 1
1308084121 1
1308084181 1
1308084241 1
1308084301 1
1308084362 2
1308084421 2
1308084481 4
1308084541 5
1308084601 5
1308084661 5
1308084721 5
1308084781 5
1308084841 5
1308084901 4
1308084961 4
1308085022 4
1308085081 3
1308085141 2
1308085201 2
1308085261 2
1308085321 2
1308085381 2
1308085441 2
1308085501 2
1308085561 1
1308085621 2
1308085681 1
1308085742 3
1308085801 3
1308085861 3
1308085921 3
1308085981 3
1308086041 3
1308086101 3
1308086161 3
1308086221 3
1308086281 3
1308086341 3
1308086401 2
1308086462 3
1308086521 3
1308086581 3
1308086641 3
1308086701 3
1308086761 3
1308086821 3
1308086881 2
1308086941 2
1308087001 2
1308087061 2
1308087121 3
1308087181 3
1308087241 3
1308087301 4
1308087361 4
1308087421 4
1308087481 4
1308087541 3
1308087601 3
1308087661 5
1308087722 3
1308087782 4
1308087841 5
1308087901 4
1308087961 4
1308088021 4
1308088081 4
1308088141 4
1308088201 4
1308088261 4
1308088321 2
1308088381 1
1308088442 2
1308088501 2
1308088561 2
1308088621 2
1308088681 2
1308088741 3
1308088801 3
1308088861 3
1308088921 3
1308088981 3
1308089041 2
1308089101 2
1308089161 3
1308089222 3
1308089281 3
1308089341 3
1308089401 2
1308089461 2
1308089521 2
1308089581 2
1308089641 2
1308089701 1
1308089761 2
1308089821 1
1308089882 3
1308089941 3
1308090001 3
1308090061 4
1308090121 4
1308090181 4
1308090241 4
1308090301 4
1308090361 3
1308090421 4
1308090482 2
1308090541 3
1308090601 3
1308090661 3
1308090721 3
1308090781 3
1308090841 3
1308090901 4
1308090961 4
1308091021 3
1308091081 4
1308091142 3
1308091202 5
1308091261 4
1308091321 5
1308091381 5
1308091441 5
1308091501 4
1308091561 4
1308091622 4
1308091681 3
1308091741 4
1308091801 3
1308091861 4
1308091921 3
1308091981 4
1308092041 4
1308092101 4
1308092161 4
1308092221 4
1308092281 4
1308092341 3
1308092401 4
1308092461 4
1308092521 4
1308092581 3
1308092641 4
1308092701 4
1308092761 4
1308092821 4
1308092881 5
1308092942 5
1308093001 3
1308093061 4
1308093121 5
1308093181 5
1308093241 6
1308093301 6
1308093361 7
1308093421 7
1308093481 6
1308093541 6
1308093601 6
1308093661 4
1308093722 6
1308093781 6
1308093841 6
1308093901 7
1308093961 5
1308094021 5
1308094081 5
1308094141 5
1308094201 5
1308094261 6
1308094321 6
1308094382 7
1308094441 7
1308094501 7
1308094561 8
1308094621 8
1308094681 9
1308094741 11
1308094801 14
1308094861 15
1308094921 14
1308094981 14
1308095042 13
1308095101 13
1308095161 14
1308095221 15
1308095281 15
1308095341 15
1308095401 14
1308095461 13
1308095521 15
1308095581 14
1308095641 16
1308095702 16
1308095761 16
1308095821 16
1308095881 16
1308095941 16
1308096001 16
1308096061 15
1308096121 15
1308096181 15
1308096242 17
1308096301 17
1308096361 17
1308096421 17
1308096481 17
1308096541 16
1308096601 18
1308096661 20
1308096721 20
1308096781 22
1308096841 19
1308096902 25
1308096961 24
1308097021 27
1308097081 26
1308097141 27
1308097201 24
1308097261 25
1308097321 23
1308097381 22
1308097441 25
1308097502 21
1308097561 25
1308097621 27
1308097681 31
1308097741 34
1308097801 35
1308097861 35
1308097921 37
1308097981 40
1308098041 38
1308098101 36
1308098162 37
1308098221 41
1308098281 40
1308098341 39
1308098401 41
1308098461 42
1308098521 42
1308098581 41
1308098641 42
1308098701 43
1308098761 41
1308098821 37
1308098882 44
1308098941 43
1308099001 41
1308099061 42
1308099121 41
1308099181 41
1308099241 42
1308099301 44
1308099361 43
1308099421 42
1308099481 41
1308099542 42
1308099601 43
1308099661 42
1308099721 44
1308099781 44
1308099841 44
1308099901 44
1308099961 42
1308100021 41
1308100081 39
1308100142 38
1308100202 37
1308100261 39
1308100321 39
1308100381 38
1308100441 40
1308100501 41
1308100561 41
1308100621 42
1308100681 42
1308100741 41
1308100801 41
1308100862 43
1308100921 41
1308100981 42
1308101041 44
1308101101 44
1308101161 44
1308101221 46
1308101281 46
1308101341 46
1308101401 47
1308101461 45
1308101522 46
1308101581 45
1308101641 45
1308101701 45
1308101761 45
1308101821 42
1308101881 45
1308101941 45
1308102001 44
1308102061 47
1308102121 45
1308102182 45
1308102241 44
1308102301 46
1308102361 47
1308102421 48
1308102481 48
1308102541 49
1308102601 49
1308102661 46
1308102721 46
1308102781 45
1308102841 43
1308102902 42
1308102961 41
1308103021 41
1308103081 36
1308103141 39
1308103201 39
1308103261 38
1308103321 41
1308103381 41
1308103441 42
1308103501 41
1308103561 39
1308103621 40
1308103682 38
1308103741 37
1308103801 41
1308103861 40
1308103921 39
1308103981 41
1308104041 42
1308104101 42
1308104161 42
1308104221 44
1308104281 44
1308104342 44
1308104401 43
1308104461 43
1308104521 41
1308104581 40
1308104641 36
1308104701 37
1308104761 37
1308104821 35
1308104881 36
1308104941 38
1308105002 36
1308105061 38
1308105121 38
1308105181 39
1308105241 40
1308105301 41
1308105361 42
1308105421 41
1308105481 42
1308105541 41
1308105602 43
1308105661 43
1308105721 41
1308105781 42
1308105841 40
1308105901 39
1308105961 40
1308106021 40
1308106081 41
1308106141 41
1308106201 39
1308106261 37
1308106322 38
1308106381 38
1308106441 41
1308106501 42
1308106561 41
1308106621 44
1308106681 45
1308106741 44
1308106801 46
1308106861 47
1308106921 47
1308106981 46
1308107042 47
1308107101 46
1308107161 46
1308107221 45
1308107281 43
1308107341 42
1308107401 44
1308107461 46
1308107521 47
1308107581 44
1308107641 46
1308107702 46
1308107761 49
1308107821 48
1308107881 45
1308107941 48
1308108001 50
1308108061 47
1308108121 46
1308108181 46
1308108241 45
1308108301 44
1308108361 42
1308108422 43
1308108481 44
1308108541 44
1308108601 44
1308108661 44
1308108721 46
1308108781 46
1308108841 45
1308108901 45
1308108961 48
1308109022 48
1308109081 51
1308109141 47
1308109201 48
1308109261 48
1308109321 46
1308109381 47
1308109441 45
1308109501 45
1308109561 44
1308109622 44
1308109681 43
1308109741 46
1308109801 43
1308109861 44
1308109921 43
1308109981 43
1308110041 44
1308110101 42
1308110161 42
1308110221 46
1308110281 44
1308110342 44
1308110401 45
1308110461 43
1308110521 44
1308110581 44
1308110641 44
1308110701 47
1308110761 46
1308110821 43
1308110881 45
1308110942 43
1308111001 42
1308111061 42
1308111121 41
1308111181 43
1308111241 43
1308111301 40
1308111361 38
1308111421 42
1308111481 40
1308111541 41
1308111602 41
1308111661 42
1308111721 42
1308111781 43
1308111841 43
1308111901 46
1308111961 45
1308112021 42
1308112081 42
1308112142 45
1308112201 41
1308112261 42
1308112321 42
1308112381 40
1308112441 43
1308112501 40
1308112561 42
1308112621 42
1308112681 43
1308112741 44
1308112802 43
1308112861 47
1308112921 48
1308112981 49
1308113041 50
1308113101 53
1308113161 55
1308113221 56
1308113281 57
1308113341 55
1308113401 56
1308113462 53
1308113521 53
1308113581 53
1308113641 51
1308113701 51
1308113761 47
1308113821 50
1308113881 51
1308113941 49
1308114001 49
1308114062 49
1308114121 50
1308114181 50
1308114241 52
1308114301 52
1308114361 53
1308114421 51
1308114481 51
1308114541 51
1308114601 50
1308114662 50
1308114721 50
1308114781 50
1308114841 50
1308114901 51
1308114961 55
1308115021 53
1308115081 52
1308115141 52
1308115201 55
1308115261 55
1308115322 55
1308115381 55
1308115441 55
1308115501 53
1308115561 51
1308115621 52
1308115681 52
1308115741 53
1308115801 50
1308115861 51
1308115921 55
1308115981 53
1308116042 52
1308116101 54
1308116161 51
1308116221 52
1308116281 53
1308116341 53
1308116401 52
1308116461 49
1308116521 48
1308116581 54
1308116641 50
1308116702 50
1308116761 55
1308116821 56
1308116881 53
1308116941 53
1308117001 55
1308117061 53
1308117121 52
1308117181 54
1308117241 57
1308117301 56
1308117361 55
1308117421 59
1308117481 65
1308117541 69
1308117602 75
1308117662 84
1308117721 83
1308117781 79
1308117841 78
1308117901 79
1308117961 76
1308118021 76
1308118081 70
1308118141 66
1308118201 60
1308118261 55
1308118321 58
1308118382 58
1308118441 61
1308118501 64
1308118561 63
1308118621 57
1308118681 59
1308118741 61
1308118801 64
1308118861 64
1308118921 61
1308118981 63
1308119042 58
1308119101 62
1308119161 62
1308119221 62
1308119281 63
1308119341 64
1308119401 60
1308119461 61
1308119521 62
1308119581 59
1308119641 60
1308119701 57
1308119762 59
1308119821 55
1308119881 56
1308119941 56
1308120001 58
1308120061 61
1308120121 61
1308120181 62
1308120241 63
1308120301 60
1308120361 59
1308120421 61
1308120481 61
1308120541 58
1308120601 58
1308120661 58
1308120721 59
1308120781 56
1308120841 57
1308120901 57
1308120961 57
1308121021 58
1308121081 56
1308121142 59
1308121201 56
1308121261 56
1308121321 58
1308121381 60
1308121441 62
1308121501 61
1308121561 59
1308121621 59
1308121681 60
1308121741 63
1308121801 65
1308121862 62
1308121921 61
1308121981 59
1308122041 58
1308122101 56
1308122161 57
1308122221 56
1308122281 56
1308122341 51
1308122401 52
1308122461 52
1308122521 50
1308122581 50
1308122642 52
1308122701 54
1308122761 55
1308122821 58
1308122881 56
1308122941 57
1308123001 56
1308123061 57
1308123121 56
1308123181 58
1308123241 54
1308123302 53
1308123361 49
1308123421 51
1308123481 49
1308123541 47
1308123601 48
1308123661 48
1308123721 49
1308123781 48
1308123841 47
1308123901 46
1308123961 46
1308124022 42
1308124082 44
1308124141 44
1308124201 41
1308124261 44
1308124321 42
1308124381 42
1308124441 44
1308124501 44
1308124561 45
1308124621 45
1308124681 43
1308124741 44
1308124801 42
1308124862 40
1308124921 41
1308124981 37
1308125041 35
1308125101 36
1308125161 35
1308125221 36
1308125281 40
1308125341 39
1308125401 39
1308125462 38
1308125521 38
1308125581 39
1308125641 35
1308125701 36
1308125761 35
1308125821 33
1308125881 31
1308125941 29
1308126001 30
1308126061 29
1308126122 27
1308126181 29
1308126241 30
1308126301 28
1308126361 30
1308126421 28
1308126481 28
1308126541 29
1308126601 30
1308126661 29
1308126722 29
1308126781 28
1308126841 27
1308126901 28
1308126961 28
1308127021 30
1308127081 27
1308127141 27
1308127201 29
1308127261 28
1308127322 29
1308127381 30
1308127441 30
1308127501 31
1308127561 30
1308127621 31
1308127681 33
1308127741 32
1308127801 32
1308127861 32
1308127922 30
1308127981 30
1308128041 28
1308128101 28
1308128161 28
1308128221 28
1308128281 28
1308128341 30
1308128401 27
1308128461 28
1308128522 29
1308128581 29
1308128641 29
1308128701 28
1308128761 30
1308128821 29
1308128881 29
1308128941 29
1308129001 30
1308129061 29
1308129121 30
1308129181 29
1308129242 30
1308129301 30
1308129361 29
1308129421 27
1308129481 28
1308129541 27
1308129601 28
1308129661 27
1308129721 26
1308129781 25
1308129841 27
1308129901 26
1308129962 27
1308130021 27
1308130081 27
1308130141 26
1308130201 26
1308130261 28
1308130321 27
1308130381 26
1308130441 26
1308130501 26
1308130561 23
1308130621 24
1308130682 23
1308130741 23
1308130801 22
1308130861 22
1308130921 22
1308130981 20
1308131041 19
1308131101 21
1308131161 21
1308131221 19
1308131281 21
1308131341 21
1308131402 18
1308131461 17
1308131521 19
1308131581 19
1308131641 18
1308131701 17
1308131761 17
1308131821 18
1308131881 17
1308131941 18
1308132001 18
1308132061 16
1308132121 16
1308132182 18
1308132241 18
1308132301 20
1308132361 20
1308132421 19
1308132481 20
1308132541 20
1308132601 20
1308132661 20
1308132721 19
1308132781 20
1308132841 22
1308132902 19
1308132961 21
1308133021 20
1308133081 20
1308133141 20
1308133201 21
1308133261 20
1308133321 19
1308133381 19
1308133441 17
1308133501 19
1308133562 18
1308133621 18
1308133681 17
1308133741 16
1308133801 15
1308133861 16
1308133921 16
1308133981 15
1308134041 15
1308134101 14
1308134161 16
1308134222 18
1308134281 17
1308134341 16
1308134401 16
1308134461 16
1308134521 16
1308134581 15
1308134641 16
1308134701 14
1308134761 12
1308134821 14
1308134881 16
1308134942 16
1308135001 16
1308135061 16
1308135121 17
1308135181 17
1308135241 15
1308135301 17
1308135361 16
1308135421 15
1308135481 16
1308135541 16
1308135601 16
1308135661 17
1308135722 18
1308135781 18
1308135841 18
1308135901 17
1308135961 17
1308136021 17
1308136081 17
1308136141 18
1308136201 18
1308136261 17
1308136321 16
1308136381 17
1308136442 17
1308136501 17
1308136561 16
1308136621 14
1308136681 14
1308136741 12
1308136801 14
1308136861 15
1308136921 15
1308136981 15
1308137041 17
1308137102 18
1308137161 18
1308137221 18
1308137281 18
1308137341 17
1308137401 17
1308137461 18
1308137521 18
1308137581 18
1308137641 16
1308137701 18
1308137761 19
1308137822 19
1308137881 20
1308137941 19
1308138001 19
1308138061 18
1308138121 20
1308138181 20
1308138241 20
1308138301 17
1308138361 18
1308138421 18
1308138482 17
1308138541 21
1308138601 21
1308138661 20
1308138721 20
1308138781 19
1308138841 21
1308138901 20
1308138961 20
1308139021 20
1308139081 21
1308139141 20
1308139201 21
1308139262 23
1308139321 23
1308139381 23
1308139441 22
1308139501 23
1308139561 23
1308139621 23
1308139681 25
1308139741 22
1308139801 24
1308139861 25
1308139921 24
1308139982 24
1308140041 26
1308140101 26
1308140161 28
1308140221 28
1308140281 28
1308140341 29
1308140401 29
1308140461 28
1308140521 30
1308140581 30
1308140642 33
1308140701 35
1308140761 31
1308140821 34
1308140881 33
1308140941 33
1308141001 31
1308141061 33
1308141121 31
1308141181 33
1308141241 29
1308141301 28
1308141362 29
1308141421 29
1308141481 28
1308141541 30
1308141601 30
1308141661 30
1308141721 30
1308141781 30
1308141841 34
1308141901 37
1308141962 37
1308142021 36
1308142081 36
1308142141 35
1308142201 36
1308142261 37
1308142321 42
1308142381 42
1308142441 40
1308142501 38
1308142561 39
1308142621 39
1308142682 38
1308142741 39
1308142801 37
1308142861 37
1308142921 37
1308142981 35
1308143041 34
1308143101 36
1308143161 39
1308143221 40
1308143281 42
1308143342 41
1308143401 41
1308143461 40
1308143521 38
1308143581 38
1308143641 39
1308143701 36
1308143761 35
1308143821 37
1308143881 36
1308143941 35
1308144002 36
1308144061 37
1308144121 37
1308144181 39
1308144241 37
1308144301 37
1308144361 36
1308144421 34
1308144481 36
1308144541 35
1308144601 35
1308144661 33
1308144722 33
1308144781 32
1308144841 32
1308144901 32
1308144961 32
1308145021 33
1308145081 32
1308145141 33
1308145201 32
1308145261 34
1308145321 35
1308145382 35
1308145441 37
1308145501 36
1308145561 38
1308145621 37
1308145681 37
1308145741 38
1308145801 39
1308145861 37
1308145921 37
1308145981 36
1308146041 36
1308146102 38
1308146161 36
1308146221 36
1308146281 37
1308146341 37
1308146401 37
1308146461 35
1308146521 35
1308146581 36
1308146641 33
1308146701 34
1308146762 35
1308146821 35
1308146881 34
1308146941 33
1308147001 33
1308147061 32
1308147121 30
1308147181 31
1308147241 30
1308147301 29
1308147361 29
1308147422 31
1308147481 32
1308147541 33
1308147601 33
1308147661 33
1308147721 31
1308147781 31
1308147841 30
1308147901 30
1308147961 29
1308148021 28
1308148082 31
1308148142 28
1308148201 31
1308148261 31
1308148321 30
1308148381 30
1308148441 31
1308148501 29
1308148561 31
1308148621 31
1308148681 30
1308148741 31
1308148801 28
1308148862 30
1308148921 31
1308148981 31
1308149041 30
1308149101 30
1308149161 32
1308149221 31
1308149281 32
1308149341 30
1308149401 29
1308149461 29
1308149521 30
1308149582 30
1308149641 31
1308149701 33
1308149761 29
1308149821 30
1308149881 28
1308149941 28
1308150001 29
1308150061 28
1308150121 27
1308150181 28
1308150241 31
1308150302 28
1308150361 28
1308150421 27
1308150481 26
1308150541 27
1308150601 27
1308150661 28
1308150721 27
1308150781 27
1308150841 25
1308150901 25
1308150962 24
1308151022 23
1308151081 23
1308151141 23
1308151201 24
1308151261 24
1308151321 25
1308151381 24
1308151441 23
1308151501 23
1308151561 24
1308151621 23
1308151681 23
1308151742 24
1308151801 22
1308151861 25
1308151921 23
1308151981 25
1308152041 23
1308152101 24
1308152161 22
1308152221 21
1308152281 20
1308152341 20
1308152402 19
1308152461 18
1308152521 19
1308152581 17
1308152641 20
1308152701 18
1308152761 20
1308152821 20
1308152881 19
1308152941 20
1308153001 20
1308153061 18
1308153122 19
1308153181 19
1308153241 17
1308153301 19
1308153361 18
1308153421 18
1308153481 18
1308153541 15
