1310745661 25
1310745721 24
1310745781 27
1310745842 26
1310745901 28
1310745961 29
1310746021 27
1310746081 28
1310746141 26
1310746201 28
1310746261 28
1310746321 29
1310746382 29
1310746441 28
1310746501 26
1310746561 26
1310746621 30
1310746681 29
1310746741 28
1310746801 30
1310746862 30
1310746921 29
1310746981 28
1310747041 29
1310747101 29
1310747161 27
1310747221 25
1310747281 27
1310747341 27
1310747401 22
1310747462 25
1310747521 25
1310747581 24
1310747641 23
1310747701 24
1310747761 22
1310747821 24
1310747881 22
1310747941 22
1310748002 22
1310748061 21
1310748121 21
1310748181 22
1310748241 23
1310748301 22
1310748361 22
1310748421 20
1310748481 21
1310748541 20
1310748602 21
1310748661 21
1310748721 20
1310748781 20
1310748841 18
1310748901 18
1310748961 19
1310749021 18
1310749081 16
1310749141 18
1310749202 16
1310749261 17
1310749321 16
1310749381 15
1310749441 16
1310749501 16
1310749561 14
1310749621 15
1310749681 16
1310749742 14
1310749801 14
1310749861 15
1310749921 15
1310749981 15
1310750041 14
1310750101 14
1310750161 15
1310750221 14
1310750281 15
1310750341 15
1310750401 15
1310750461 13
1310750521 15
1310750581 15
1310750642 15
1310750701 15
1310750761 14
1310750821 15
1310750881 15
1310750941 15
1310751001 14
1310751061 13
1310751121 14
1310751181 13
1310751241 14
1310751302 13
1310751361 14
1310751421 12
1310751481 11
1310751541 10
1310751601 11
1310751661 10
1310751721 10
1310751781 12
1310751842 11
1310751901 13
1310751961 12
1310752021 13
1310752081 13
1310752141 12
1310752201 11
1310752261 11
1310752321 9
1310752381 10
1310752442 10
1310752501 9
1310752561 9
1310752621 9
1310752681 10
1310752741 10
1310752801 10
1310752861 9
1310752921 10
1310752981 7
1310753041 9
1310753102 10
1310753161 9
1310753221 9
1310753281 8
1310753341 10
1310753401 10
1310753461 10
1310753521 10
1310753581 11
1310753642 10
1310753701 12
1310753761 11
1310753821 11
1310753881 12
1310753941 10
1310754001 12
1310754061 12
1310754121 12
1310754181 12
1310754242 9
1310754301 9
1310754361 11
1310754421 11
1310754481 10
1310754541 11
1310754601 9
1310754661 12
1310754721 12
1310754781 11
1310754842 11
1310754901 10
1310754961 9
1310755021 11
1310755081 11
1310755141 11
1310755201 11
1310755261 9
1310755321 10
1310755381 10
1310755441 11
1310755501 11
1310755561 10
1310755621 9
1310755681 10
1310755741 11
1310755801 12
1310755861 12
1310755922 10
1310755981 11
1310756041 12
1310756101 12
1310756161 12
1310756221 11
1310756281 10
1310756341 11
1310756401 11
1310756461 12
1310756522 12
1310756581 10
1310756641 11
1310756701 11
1310756761 12
1310756821 12
1310756881 11
1310756941 9
1310757001 11
1310757062 11
1310757121 12
1310757181 12
1310757241 9
1310757301 11
1310757361 11
1310757421 12
1310757481 12
1310757541 11
1310757602 10
1310757661 11
1310757721 11
1310757781 12
1310757841 12
1310757901 11
1310757961 11
1310758021 10
1310758081 12
1310758142 12
1310758201 12
1310758261 11
1310758321 10
1310758381 10
1310758441 11
1310758501 10
1310758561 10
1310758621 10
1310758681 9
1310758742 11
1310758801 11
1310758861 11
1310758921 10
1310758981 10
1310759041 11
1310759101 11
1310759161 11
1310759221 10
1310759281 11
1310759341 10
1310759401 9
1310759461 11
1310759521 11
1310759581 10
1310759641 10
1310759701 11
1310759761 10
1310759821 11
1310759881 9
1310759942 9
1310760001 10
1310760061 8
1310760121 10
1310760181 10
1310760241 9
1310760301 9
1310760361 10
1310760421 9
1310760481 10
1310760541 9
1310760602 10
1310760661 10
1310760721 8
1310760781 10
1310760841 10
1310760901 9
1310760961 10
1310761021 10
1310761081 9
1310761141 10
1310761202 8
1310761261 10
1310761321 10
1310761381 9
1310761441 9
1310761501 10
1310761561 7
1310761621 10
1310761681 10
1310761741 9
1310761802 10
1310761862 8
1310761921 10
1310761981 10
1310762041 9
1310762101 10
1310762161 9
1310762221 8
1310762281 10
1310762341 10
1310762401 9
1310762461 10
1310762522 8
1310762581 9
1310762641 10
1310762701 10
1310762761 10
1310762821 9
1310762881 8
1310762941 10
1310763001 10
1310763061 9
1310763122 10
1310763181 8
1310763241 9
1310763301 10
1310763361 10
1310763421 10
1310763481 9
1310763541 9
1310763601 10
1310763661 10
1310763722 10
1310763781 9
1310763841 9
1310763901 9
1310763961 10
1310764021 10
1310764081 10
1310764141 8
1310764201 9
1310764261 10
1310764321 10
1310764382 10
1310764441 9
1310764501 8
1310764561 9
1310764621 10
1310764681 10
1310764741 10
1310764801 8
1310764861 9
1310764921 10
1310764982 10
1310765041 10
1310765101 8
1310765161 9
1310765221 9
1310765281 10
1310765341 10
1310765401 10
1310765461 8
1310765521 9
1310765581 11
1310765642 11
1310765701 11
1310765761 9
1310765821 10
1310765881 10
1310765941 10
1310766001 10
1310766061 9
1310766121 10
1310766181 8
1310766241 9
1310766302 9
1310766361 8
1310766421 7
1310766481 8
1310766541 8
1310766601 9
1310766661 9
1310766721 6
1310766781 9
1310766841 8
1310766902 10
1310766961 10
1310767021 10
1310767081 8
1310767141 9
1310767201 9
1310767261 10
1310767321 10
1310767381 9
1310767441 10
1310767501 10
1310767561 9
1310767621 9
1310767681 9
1310767741 8
1310767801 9
1310767861 7
1310767921 9
1310767981 8
1310768041 8
1310768101 8
1310768162 9
1310768221 9
1310768281 9
1310768341 8
1310768401 8
1310768461 9
1310768521 9
1310768581 10
1310768641 9
1310768701 10
1310768762 10
1310768821 10
1310768881 11
1310768941 11
1310769001 10
1310769061 10
1310769121 12
1310769181 10
1310769241 12
1310769301 11
1310769361 11
1310769422 12
1310769481 12
1310769541 13
1310769601 13
1310769661 13
1310769721 11
1310769781 12
1310769841 12
1310769902 12
1310769961 12
1310770021 12
1310770081 12
1310770141 14
1310770201 15
1310770261 15
1310770321 16
1310770381 15
1310770441 14
1310770502 15
1310770561 15
1310770621 15
1310770681 16
1310770741 15
1310770801 15
1310770861 15
1310770921 15
1310770981 13
1310771041 14
1310771102 13
1310771161 14
1310771221 13
1310771281 14
1310771341 15
1310771401 14
1310771461 14
1310771521 13
1310771581 14
1310771641 12
1310771702 12
1310771761 11
1310771821 12
1310771881 12
1310771941 9
1310772001 12
1310772061 12
1310772121 14
1310772181 13
1310772242 14
1310772301 13
1310772361 13
1310772421 13
1310772481 12
1310772541 14
1310772601 11
1310772661 13
1310772721 12
1310772782 13
1310772841 12
1310772901 13
1310772961 14
1310773021 14
1310773081 14
1310773141 14
1310773201 15
1310773261 13
1310773321 16
1310773382 18
1310773441 17
1310773501 18
1310773561 16
1310773621 16
1310773681 16
1310773741 16
1310773801 15
1310773861 16
1310773922 13
1310773981 16
1310774041 16
1310774101 16
1310774161 17
1310774221 17
1310774281 17
1310774341 19
1310774401 19
1310774461 18
1310774521 19
1310774581 18
1310774641 20
1310774701 19
1310774761 18
1310774821 20
1310774882 19
1310774941 18
1310775001 18
1310775061 18
1310775121 18
1310775181 16
1310775241 19
1310775302 20
1310775361 21
1310775421 21
1310775481 22
1310775541 22
1310775601 22
1310775661 21
1310775721 21
1310775781 20
1310775842 19
1310775901 19
1310775961 18
1310776021 18
1310776081 18
1310776141 16
1310776201 19
1310776261 19
1310776322 19
1310776381 19
1310776441 18
1310776501 20
1310776561 22
1310776621 21
1310776681 21
1310776741 22
1310776801 23
1310776861 24
1310776921 23
1310776981 23
1310777041 22
1310777101 20
1310777161 23
1310777221 22
1310777282 22
1310777341 22
1310777401 19
1310777461 21
1310777521 21
1310777581 22
1310777641 22
1310777701 22
1310777762 21
1310777821 22
1310777881 21
1310777941 22
1310778001 23
1310778061 22
1310778121 24
1310778181 23
1310778242 24
1310778301 26
1310778361 25
1310778421 26
1310778481 25
1310778541 23
1310778601 24
1310778662 26
1310778721 24
1310778781 24
1310778841 23
1310778901 23
1310778961 23
1310779021 24
1310779081 24
1310779142 25
1310779201 24
1310779261 23
1310779321 23
1310779381 24
1310779441 25
1310779501 23
1310779561 24
1310779622 23
1310779681 24
1310779741 22
1310779801 21
1310779861 23
1310779921 21
1310779981 22
1310780041 23
1310780102 24
1310780161 22
1310780221 24
1310780281 24
1310780341 25
1310780401 25
1310780461 25
1310780521 27
1310780581 26
1310780641 26
1310780701 25
1310780761 25
1310780821 26
1310780881 25
1310780941 26
1310781001 26
1310781061 26
1310781121 24
1310781181 26
1310781241 24
1310781301 25
1310781361 25
1310781421 27
1310781481 24
1310781542 23
1310781601 25
1310781661 23
1310781721 27
1310781781 27
1310781841 28
1310781901 28
1310781961 28
1310782021 25
1310782082 29
1310782141 28
1310782201 26
1310782261 27
1310782321 27
1310782381 31
1310782441 29
1310782501 31
1310782562 31
1310782621 31
1310782681 28
1310782741 30
1310782801 30
1310782861 30
1310782921 29
1310782981 26
1310783041 28
1310783102 28
1310783161 29
1310783221 30
1310783281 31
1310783341 32
1310783401 31
1310783461 33
1310783521 29
1310783581 28
1310783641 31
1310783702 31
1310783761 27
1310783821 25
1310783881 25
1310783941 24
1310784001 25
1310784061 26
1310784121 26
1310784181 26
1310784242 27
1310784301 25
1310784361 27
1310784421 30
1310784481 31
1310784541 29
1310784601 30
1310784661 27
1310784721 30
1310784782 28
1310784841 26
1310784901 31
1310784961 31
1310785021 28
1310785081 29
1310785141 32
1310785201 31
1310785261 32
1310785321 31
1310785382 33
1310785441 32
1310785501 30
1310785561 30
1310785621 31
1310785681 29
1310785741 29
1310785801 33
1310785861 34
1310785921 35
1310785982 33
1310786041 34
1310786101 36
1310786161 35
1310786221 35
1310786281 36
1310786341 35
1310786401 35
1310786461 38
1310786522 40
1310786581 40
1310786641 39
1310786701 40
1310786761 41
1310786821 41
1310786881 44
1310786941 44
1310787002 40
1310787062 40
1310787121 38
1310787181 40
1310787241 41
1310787301 40
1310787361 39
1310787421 37
1310787481 37
1310787541 37
1310787602 35
1310787661 35
1310787721 35
1310787781 36
1310787841 33
1310787901 33
1310787961 33
1310788021 34
1310788081 32
1310788142 33
1310788201 33
1310788261 33
1310788321 30
1310788381 33
1310788441 33
1310788501 32
1310788561 33
1310788621 32
1310788681 28
1310788741 28
1310788801 31
1310788861 28
1310788921 29
1310788981 24
1310789042 30
1310789101 29
1310789161 29
1310789221 31
1310789281 33
1310789341 32
1310789401 31
1310789461 32
1310789521 32
1310789582 32
1310789641 29
1310789701 34
1310789761 33
1310789821 32
1310789881 32
1310789941 33
1310790001 33
1310790061 32
1310790121 30
1310790182 31
1310790241 32
1310790301 26
1310790361 30
1310790421 30
1310790481 28
1310790541 29
1310790601 30
1310790662 30
1310790721 31
1310790781 30
1310790841 29
1310790901 28
1310790961 28
1310791021 28
1310791081 30
1310791141 30
1310791201 28
1310791262 28
1310791321 30
1310791381 30
1310791441 31
1310791501 29
1310791561 28
1310791621 30
1310791681 31
1310791741 32
1310791802 34
1310791861 33
1310791921 30
1310791981 31
1310792041 32
1310792101 33
1310792161 30
1310792221 34
1310792281 33
1310792341 32
1310792401 32
1310792461 32
1310792521 34
1310792581 34
1310792641 31
1310792701 33
1310792761 35
1310792821 32
1310792881 33
1310792942 34
1310793001 33
1310793061 34
1310793121 33
1310793181 35
1310793241 35
1310793301 33
1310793361 34
1310793422 32
1310793481 32
1310793541 33
1310793601 34
1310793661 37
1310793721 38
1310793781 36
1310793841 38
1310793901 37
1310793961 37
1310794022 36
1310794081 39
1310794141 38
1310794201 40
1310794261 41
1310794321 41
1310794381 41
1310794441 40
1310794501 42
1310794562 41
1310794621 39
1310794681 39
1310794741 39
1310794801 38
1310794861 38
1310794921 36
1310794981 38
1310795041 37
1310795102 37
1310795161 36
1310795221 36
1310795281 33
1310795341 40
1310795401 38
1310795461 38
1310795521 40
1310795581 38
1310795642 37
1310795701 37
1310795761 35
1310795821 36
1310795881 33
1310795941 29
1310796001 30
1310796061 28
1310796121 29
1310796181 31
1310796242 33
1310796301 34
1310796361 33
1310796421 34
1310796481 34
1310796541 33
1310796601 34
1310796661 35
1310796721 32
1310796782 34
1310796841 34
1310796901 33
1310796961 33
1310797021 32
1310797081 32
1310797141 32
1310797201 27
1310797261 28
1310797322 30
1310797382 31
1310797441 30
1310797501 30
1310797561 31
1310797621 30
1310797681 30
1310797741 29
1310797801 33
1310797861 33
1310797921 35
1310797981 31
1310798042 33
1310798101 34
1310798161 33
1310798221 34
1310798281 33
1310798341 33
1310798401 33
1310798461 31
1310798521 31
1310798581 29
1310798641 30
1310798702 30
1310798761 31
1310798821 32
1310798881 33
1310798941 32
1310799001 34
1310799061 32
1310799121 33
1310799181 32
1310799242 33
1310799301 34
1310799361 35
1310799421 33
1310799481 35
1310799541 35
1310799601 33
1310799661 32
1310799721 32
1310799781 31
1310799842 31
1310799901 31
1310799961 32
1310800021 33
1310800081 30
1310800141 32
1310800201 30
1310800261 31
1310800321 29
1310800381 29
1310800441 30
1310800502 31
1310800561 33
1310800621 31
1310800681 33
1310800741 32
1310800801 31
1310800861 32
1310800921 31
1310800981 33
1310801041 33
1310801101 33
1310801162 33
1310801221 34
1310801281 34
1310801341 35
1310801401 39
1310801461 36
1310801521 37
1310801581 36
1310801641 34
1310801701 33
1310801761 34
1310801822 35
1310801881 33
1310801941 31
1310802001 30
1310802061 33
1310802121 33
1310802181 32
1310802241 34
1310802301 33
1310802361 32
1310802422 34
1310802481 35
1310802541 35
1310802601 33
1310802661 32
1310802721 31
1310802781 31
1310802841 31
1310802901 31
1310802961 32
1310803021 32
1310803082 32
1310803141 33
1310803201 32
1310803261 34
1310803321 33
1310803381 33
1310803441 34
1310803501 32
1310803561 32
1310803622 32
1310803681 32
1310803741 32
1310803801 30
1310803861 31
1310803921 31
1310803981 29
1310804041 26
1310804101 26
1310804161 27
1310804221 26
1310804281 28
1310804341 29
1310804401 30
1310804461 29
1310804521 30
1310804581 31
1310804641 31
1310804701 31
1310804762 29
1310804821 27
1310804881 29
1310804941 31
1310805001 30
1310805061 30
1310805121 29
1310805181 28
1310805241 29
1310805301 31
1310805361 31
1310805422 31
1310805481 31
1310805541 32
1310805601 36
1310805661 33
1310805721 35
1310805781 35
1310805841 35
1310805901 33
1310805961 32
1310806022 33
1310806081 32
1310806141 33
1310806201 32
1310806261 32
1310806321 31
1310806381 33
1310806441 34
1310806501 32
1310806561 31
1310806622 31
1310806682 30
1310806741 28
1310806801 26
1310806861 27
1310806921 26
1310806981 25
1310807041 24
1310807101 28
1310807161 27
1310807221 25
1310807282 26
1310807341 27
1310807401 27
1310807461 26
1310807521 27
1310807581 28
1310807641 27
1310807701 29
1310807761 29
1310807822 29
1310807881 27
1310807941 26
1310808001 29
1310808061 30
1310808121 29
1310808181 31
1310808241 32
1310808301 28
1310808361 34
1310808422 36
1310808481 35
1310808541 34
1310808601 33
1310808661 32
1310808721 33
1310808781 32
1310808841 33
1310808901 32
1310808962 30
1310809021 32
1310809081 32
1310809141 31
1310809201 30
1310809261 32
1310809321 31
1310809381 30
1310809441 29
1310809501 30
1310809562 29
1310809621 29
1310809681 30
1310809741 29
1310809801 27
1310809861 29
1310809921 28
1310809981 27
1310810041 29
1310810101 30
1310810162 29
1310810221 28
1310810281 28
1310810341 27
1310810401 28
1310810461 24
1310810521 28
1310810581 28
1310810641 27
1310810702 26
1310810761 27
1310810821 27
1310810881 27
1310810941 27
1310811001 26
1310811061 27
1310811121 23
1310811181 25
1310811242 25
1310811301 24
1310811361 25
1310811421 24
1310811481 25
1310811541 29
1310811601 29
1310811661 27
1310811721 29
1310811782 26
1310811842 28
1310811901 29
1310811961 28
1310812021 29
1310812081 28
1310812141 29
1310812201 29
1310812261 30
1310812322 29
1310812381 28
1310812441 28
1310812501 27
1310812561 29
1310812621 28
1310812681 29
1310812741 26
1310812801 29
1310812862 28
1310812921 28
1310812981 29
1310813041 27
1310813101 27
1310813161 26
1310813221 26
1310813281 24
1310813341 25
1310813402 22
1310813461 23
1310813521 25
1310813581 26
1310813641 25
1310813701 26
1310813761 25
1310813821 26
1310813881 28
1310813941 29
1310814002 32
1310814061 29
1310814121 33
1310814181 33
1310814241 36
1310814301 35
1310814361 36
1310814421 36
1310814481 37
1310814541 34
1310814602 36
1310814661 36
1310814721 33
1310814781 37
1310814841 36
1310814901 36
1310814961 36
1310815021 33
1310815081 31
1310815141 34
1310815201 34
1310815262 34
1310815321 32
1310815381 32
1310815441 31
1310815501 31
1310815561 32
1310815621 32
1310815681 33
1310815741 31
1310815802 35
1310815861 36
1310815921 36
1310815981 35
1310816041 35
1310816101 37
1310816161 37
1310816221 38
1310816281 39
1310816342 36
1310816401 36
1310816461 34
1310816521 36
1310816581 36
1310816641 37
1310816701 39
1310816761 38
1310816821 37
1310816882 37
1310816941 37
1310817001 36
1310817061 38
1310817121 38
1310817181 39
1310817241 38
1310817301 38
1310817361 38
1310817421 37
1310817482 39
1310817541 41
1310817601 40
1310817661 39
1310817721 40
1310817781 39
1310817841 40
1310817901 39
1310817961 40
1310818021 39
1310818082 36
1310818141 37
1310818201 33
1310818261 35
1310818321 36
1310818381 33
1310818441 33
1310818501 30
1310818561 30
1310818621 33
1310818681 33
1310818742 30
1310818801 34
1310818861 32
1310818921 33
1310818981 34
1310819041 34
1310819101 35
1310819161 35
1310819221 34
1310819282 36
1310819341 36
1310819401 35
1310819461 35
1310819521 35
1310819581 34
1310819641 36
1310819701 35
1310819761 36
1310819821 35
1310819882 37
1310819941 38
1310820001 40
1310820061 39
1310820121 39
1310820181 39
1310820241 40
1310820301 38
1310820361 36
1310820422 39
1310820481 37
1310820541 41
1310820601 37
1310820661 39
1310820721 40
1310820781 41
1310820841 39
1310820901 39
1310820961 39
1310821022 37
1310821082 37
1310821141 39
1310821201 39
1310821261 36
1310821321 35
1310821381 35
1310821441 36
1310821501 35
1310821561 36
1310821621 36
1310821681 36
1310821741 31
1310821801 36
1310821861 35
1310821921 35
1310821981 37
1310822041 37
1310822101 37
1310822161 37
1310822221 35
1310822281 37
1310822341 39
1310822401 37
1310822461 39
1310822521 38
1310822581 34
1310822641 37
1310822701 37
1310822761 36
1310822821 36
1310822881 33
1310822941 33
1310823001 31
1310823061 32
1310823121 32
1310823181 34
1310823241 32
1310823302 34
1310823361 34
1310823421 34
1310823481 34
1310823541 33
1310823601 32
1310823661 31
1310823721 32
1310823781 31
1310823841 31
1310823902 30
1310823961 33
1310824021 33
1310824081 30
1310824141 33
1310824201 32
1310824261 32
1310824321 30
1310824381 31
1310824441 31
1310824501 31
1310824561 30
1310824621 31
1310824681 31
1310824741 27
1310824801 28
1310824861 27
1310824921 31
1310824981 34
1310825042 32
1310825101 32
1310825161 30
1310825221 31
1310825281 33
1310825341 32
1310825401 32
1310825461 32
1310825521 30
1310825582 25
1310825641 29
1310825701 27
1310825761 28
1310825821 27
1310825881 29
1310825941 28
1310826001 27
1310826061 28
1310826121 25
1310826182 27
1310826241 24
1310826301 28
1310826361 27
1310826421 29
1310826481 29
1310826541 30
1310826601 29
1310826661 29
1310826721 30
1310826782 27
1310826841 28
1310826901 25
1310826961 29
1310827021 29
1310827081 27
1310827141 28
1310827201 29
1310827261 27
1310827321 29
1310827382 29
1310827441 27
1310827501 27
1310827561 24
1310827621 27
1310827681 26
1310827741 26
1310827801 26
1310827861 26
1310827922 25
1310827981 28
1310828041 27
1310828101 28
1310828161 26
1310828221 25
1310828281 28
1310828341 29
1310828401 30
1310828461 30
1310828522 29
1310828581 29
1310828641 28
1310828701 26
1310828761 27
1310828821 27
1310828881 26
1310828941 27
1310829001 26
1310829062 27
1310829121 28
1310829181 30
1310829241 30
1310829301 29
1310829361 31
1310829421 29
1310829481 30
1310829541 29
1310829601 28
1310829661 28
1310829722 27
1310829781 27
1310829841 28
1310829901 27
1310829961 28
1310830021 28
1310830081 24
1310830141 28
1310830202 28
1310830262 29
1310830321 28
1310830381 27
1310830441 28
1310830501 28
1310830561 27
1310830621 27
1310830681 28
1310830742 27
1310830801 28
1310830861 28
1310830921 27
1310830981 24
1310831041 26
1310831101 26
1310831162 24
1310831221 24
1310831281 24
1310831341 25
1310831401 24
1310831461 23
1310831521 25
1310831581 25
1310831641 22
1310831701 23
1310831761 22
1310831822 21
1310831881 19
1310831941 16
1310832001 17
