1315843261 23
1315843322 24
1315843382 23
1315843441 23
1315843501 23
1315843561 23
1315843621 23
1315843681 25
1315843741 24
1315843801 24
1315843861 24
1315843922 24
1315843981 24
1315844041 22
1315844101 19
1315844161 19
1315844221 19
1315844281 17
1315844341 19
1315844401 18
1315844461 17
1315844521 17
1315844581 18
1315844642 17
1315844701 16
1315844761 16
1315844821 16
1315844881 17
1315844941 16
1315845001 17
1315845061 17
1315845121 16
1315845182 16
1315845241 17
1315845301 17
1315845361 15
1315845421 16
1315845481 15
1315845541 15
1315845601 12
1315845661 14
1315845721 16
1315845781 15
1315845842 14
1315845901 14
1315845961 13
1315846021 12
1315846082 12
1315846142 14
1315846201 14
1315846261 11
1315846321 12
1315846381 12
1315846441 12
1315846501 12
1315846561 11
1315846621 10
1315846681 8
1315846742 8
1315846802 10
1315846861 9
1315846921 9
1315846981 9
1315847041 10
1315847101 10
1315847161 9
1315847221 10
1315847281 9
1315847342 9
1315847401 8
1315847461 10
1315847521 8
1315847581 9
1315847641 9
1315847701 10
1315847761 10
1315847821 10
1315847881 10
1315847941 8
1315848001 10
1315848061 8
1315848121 10
1315848181 8
1315848241 9
1315848302 9
1315848361 9
1315848421 9
1315848481 9
1315848541 10
1315848601 8
1315848661 9
1315848721 8
1315848781 10
1315848841 8
1315848901 10
1315848962 9
1315849021 8
1315849081 9
1315849141 9
1315849201 9
1315849261 7
1315849321 8
1315849381 7
1315849442 9
1315849501 8
1315849561 10
1315849621 10
1315849681 10
1315849741 8
1315849801 9
1315849861 9
1315849921 7
1315849982 8
1315850041 7
1315850101 9
1315850161 7
1315850221 9
1315850281 9
1315850341 10
1315850401 10
1315850461 10
1315850521 10
1315850581 8
1315850642 9
1315850701 9
1315850761 9
1315850821 9
1315850881 9
1315850941 8
1315851001 8
1315851061 8
1315851121 8
1315851181 8
1315851242 6
1315851301 8
1315851361 8
1315851421 8
1315851481 8
1315851541 9
1315851601 9
1315851661 9
1315851721 9
1315851782 9
1315851841 9
1315851901 6
1315851961 7
1315852021 7
1315852081 7
1315852141 8
1315852201 8
1315852261 8
1315852321 7
1315852382 8
1315852442 8
1315852501 8
1315852561 5
1315852621 8
1315852681 7
1315852741 7
1315852801 8
1315852861 8
1315852921 8
1315852981 8
1315853041 8
1315853102 8
1315853161 8
1315853221 5
1315853281 8
1315853341 6
1315853401 7
1315853461 8
1315853521 8
1315853581 8
1315853641 8
1315853702 8
1315853761 8
1315853821 8
1315853881 6
1315853941 8
1315854001 7
1315854061 7
1315854121 8
1315854181 7
1315854241 8
1315854302 8
1315854362 8
1315854421 7
1315854481 8
1315854541 6
1315854601 7
1315854661 7
1315854721 7
1315854781 8
1315854841 7
1315854901 8
1315854962 8
1315855021 8
1315855081 7
1315855141 8
1315855201 6
1315855261 7
1315855321 7
1315855381 7
1315855441 8
1315855501 8
1315855561 8
1315855622 8
1315855682 8
1315855741 7
1315855801 8
1315855861 7
1315855921 7
1315855981 8
1315856041 6
1315856101 7
1315856161 8
1315856221 8
1315856282 8
1315856341 8
1315856401 7
1315856461 8
1315856521 7
1315856581 7
1315856641 8
1315856701 6
1315856761 8
1315856822 8
1315856882 8
1315856941 8
1315857001 8
1315857061 6
1315857121 8
1315857181 7
1315857241 7
1315857301 8
1315857361 6
1315857421 8
1315857481 8
1315857542 8
1315857601 8
1315857661 8
1315857721 7
1315857781 9
1315857841 8
1315857901 9
1315857961 7
1315858021 7
1315858082 9
1315858141 8
1315858201 9
1315858261 9
1315858321 8
1315858381 6
1315858441 8
1315858501 7
1315858561 8
1315858621 7
1315858682 6
1315858742 8
1315858801 7
1315858861 8
1315858921 8
1315858981 8
1315859041 6
1315859101 8
1315859161 8
1315859221 9
1315859281 8
1315859341 7
1315859402 10
1315859461 9
1315859521 10
1315859581 10
1315859641 10
1315859701 8
1315859761 9
1315859821 9
1315859881 10
1315859941 10
1315860001 8
1315860062 11
1315860121 10
1315860181 11
1315860241 11
1315860301 11
1315860361 9
1315860421 10
1315860481 10
1315860541 11
1315860601 11
1315860662 8
1315860721 10
1315860781 9
1315860841 10
1315860901 10
1315860961 10
1315861021 9
1315861081 8
1315861141 8
1315861201 9
1315861261 9
1315861322 8
1315861381 9
1315861441 9
1315861501 10
1315861561 10
1315861621 9
1315861681 9
1315861741 9
1315861801 9
1315861861 10
1315861921 9
1315861982 9
1315862041 10
1315862101 10
1315862161 10
1315862221 10
1315862281 9
1315862341 10
1315862401 9
1315862461 10
1315862521 11
1315862582 11
1315862641 9
1315862701 11
1315862761 12
1315862821 12
1315862881 12
1315862941 11
1315863001 10
1315863061 10
1315863121 11
1315863181 12
1315863242 11
1315863301 9
1315863361 11
1315863421 11
1315863481 11
1315863541 11
1315863601 9
1315863661 10
1315863721 10
1315863781 10
1315863842 12
1315863902 11
1315863961 11
1315864021 12
1315864081 13
1315864141 13
1315864201 13
1315864261 12
1315864321 12
1315864381 12
1315864441 11
1315864502 12
1315864562 12
1315864621 10
1315864681 10
1315864741 11
1315864801 11
1315864861 10
1315864922 11
1315864981 10
1315865041 10
1315865101 11
1315865161 13
1315865221 13
1315865281 12
1315865341 13
1315865401 14
1315865461 14
1315865522 13
1315865582 14
1315865641 13
1315865701 13
1315865761 10
1315865821 13
1315865881 13
1315865941 11
1315866001 13
1315866061 13
1315866121 12
1315866182 11
1315866241 12
1315866301 11
1315866361 11
1315866421 11
1315866481 12
1315866541 12
1315866601 9
1315866661 11
1315866721 11
1315866782 10
1315866841 10
1315866901 10
1315866961 10
1315867021 10
1315867081 9
1315867141 10
1315867201 10
1315867261 10
1315867322 12
1315867381 12
1315867441 11
1315867501 11
1315867561 11
1315867621 10
1315867681 11
1315867741 11
1315867801 12
1315867861 10
1315867922 9
1315867981 10
1315868041 12
1315868101 11
1315868161 12
1315868221 10
1315868281 10
1315868341 10
1315868401 11
1315868461 13
1315868522 13
1315868581 13
1315868641 13
1315868701 13
1315868761 12
1315868821 13
1315868881 12
1315868941 13
1315869001 13
1315869061 15
1315869121 15
1315869182 15
1315869242 15
1315869301 17
1315869361 18
1315869421 18
1315869481 21
1315869541 22
1315869601 21
1315869661 20
1315869721 21
1315869781 22
1315869842 22
1315869901 24
1315869961 24
1315870021 24
1315870081 23
1315870141 23
1315870201 23
1315870261 23
1315870321 27
1315870381 28
1315870442 27
1315870501 28
1315870561 32
1315870621 32
1315870681 31
1315870741 29
1315870801 29
1315870861 30
1315870921 30
1315870981 28
1315871041 33
1315871102 29
1315871161 33
1315871221 39
1315871281 43
1315871341 45
1315871401 46
1315871461 45
1315871521 45
1315871581 47
1315871641 49
1315871702 48
1315871761 48
1315871821 46
1315871881 44
1315871941 44
1315872001 43
1315872061 44
1315872121 43
1315872181 45
1315872242 43
1315872302 50
1315872361 45
1315872421 48
1315872481 51
1315872541 52
1315872601 53
1315872661 51
1315872721 54
1315872782 53
1315872842 50
1315872901 53
1315872961 54
1315873021 53
1315873081 52
1315873141 50
1315873201 53
1315873261 54
1315873322 52
1315873382 55
1315873442 62
1315873501 58
1315873561 60
1315873621 58
1315873681 61
1315873741 66
1315873801 64
1315873861 68
1315873921 70
1315873982 69
1315874041 71
1315874101 73
1315874161 73
1315874221 71
1315874281 70
1315874341 71
1315874401 75
1315874461 74
1315874521 74
1315874581 77
1315874641 72
1315874702 73
1315874762 74
1315874821 74
1315874881 74
1315874941 72
1315875001 78
1315875061 76
1315875121 78
1315875181 84
1315875241 86
1315875302 90
1315875361 91
1315875421 96
1315875481 97
1315875541 98
1315875601 98
1315875661 103
1315875721 99
1315875781 99
1315875842 97
1315875901 94
1315875961 98
1315876021 97
1315876081 103
1315876141 105
1315876201 105
1315876261 110
1315876321 112
1315876381 113
1315876441 117
1315876501 122
1315876561 121
1315876622 125
1315876682 120
1315876741 127
1315876801 125
1315876861 124
1315876921 126
1315876981 125
1315877041 124
1315877101 127
1315877162 128
1315877222 129
1315877281 129
1315877341 130
1315877401 131
1315877461 137
1315877521 144
1315877581 146
1315877641 147
1315877701 147
1315877762 150
1315877822 148
1315877881 149
1315877941 148
1315878001 148
1315878061 146
1315878121 146
1315878181 144
1315878241 149
1315878301 152
1315878361 150
1315878421 152
1315878481 153
1315878541 158
1315878601 163
1315878661 173
1315878721 192
1315878781 193
1315878841 192
1315878901 192
1315878962 202
1315879022 208
1315879081 212
1315879141 216
1315879201 215
1315879261 200
1315879321 190
1315879382 190
1315879442 185
1315879501 178
1315879561 172
1315879621 167
1315879681 162
1315879742 162
1315879801 163
1315879861 161
1315879921 155
1315879981 158
1315880041 165
1315880101 167
1315880162 169
1315880222 169
1315880281 170
1315880341 164
1315880401 164
1315880461 168
1315880521 162
1315880581 168
1315880641 173
1315880701 171
1315880761 169
1315880821 173
1315880881 170
1315880942 170
1315881001 164
1315881061 162
1315881121 163
1315881181 153
1315881241 156
1315881301 156
1315881361 156
1315881422 155
1315881482 159
1315881541 155
1315881601 156
1315881661 162
1315881721 162
1315881781 160
1315881841 157
1315881901 163
1315881961 168
1315882022 174
1315882082 178
1315882141 183
1315882201 180
1315882261 180
1315882321 178
1315882381 181
1315882441 179
1315882501 177
1315882561 178
1315882622 178
1315882681 177
1315882741 179
1315882801 183
1315882861 187
1315882921 185
1315882981 180
1315883041 178
1315883101 181
1315883161 183
1315883221 180
1315883281 178
1315883341 178
1315883401 182
1315883462 184
1315883522 190
1315883581 188
1315883641 185
1315883701 184
1315883761 180
1315883821 188
1315883881 189
1315883941 188
1315884001 189
1315884061 192
1315884122 194
1315884182 198
1315884241 198
1315884301 192
1315884361 195
1315884421 188
1315884481 190
1315884541 189
1315884602 188
1315884662 183
1315884722 185
1315884781 185
1315884841 186
1315884901 191
1315884961 189
1315885021 190
1315885081 196
1315885141 193
1315885201 197
1315885262 194
1315885322 192
1315885381 200
1315885441 195
1315885501 198
1315885561 200
1315885621 210
1315885681 208
1315885741 208
1315885801 202
1315885861 201
1315885922 204
1315885981 208
1315886041 225
1315886101 243
1315886161 251
1315886221 244
1315886281 248
1315886341 253
1315886402 259
1315886461 258
1315886521 253
1315886581 244
1315886641 232
1315886701 208
1315886773 197
1315886822 183
1315886882 188
1315886941 186
1315887001 180
1315887061 183
1315887121 191
1315887181 189
1315887241 189
1315887302 189
1315887362 180
1315887421 188
1315887481 182
1315887541 183
1315887601 183
1315887661 180
1315887721 182
1315887781 182
1315887841 185
1315887902 186
1315887962 185
1315888021 189
1315888081 192
1315888141 190
1315888201 195
1315888261 193
1315888321 195
1315888381 194
1315888441 192
1315888501 196
1315888564 198
1315888621 199
1315888681 192
1315888741 193
1315888801 196
1315888861 192
1315888921 188
1315888982 192
1315889041 193
1315889101 188
1315889161 186
1315889221 191
1315889281 188
1315889341 186
1315889401 182
1315889461 186
1315889522 187
1315889581 188
1315889641 190
1315889701 191
1315889761 191
1315889821 189
1315889881 192
1315889941 189
1315890001 194
1315890062 193
1315890122 194
1315890181 196
1315890241 195
1315890301 198
1315890361 197
1315890421 197
1315890481 195
1315890542 194
1315890602 195
1315890661 196
1315890721 194
1315890781 196
1315890841 198
1315890901 199
1315890961 200
1315891021 200
1315891081 199
1315891141 200
1315891202 197
1315891262 194
1315891321 189
1315891381 188
1315891441 193
1315891501 190
1315891561 199
1315891621 200
1315891681 197
1315891741 198
1315891801 195
1315891861 202
1315891921 200
1315891981 200
1315892041 200
1315892101 199
1315892161 196
1315892221 197
1315892281 204
1315892341 208
1315892402 204
1315892461 203
1315892521 207
1315892581 204
1315892641 201
1315892701 205
1315892761 212
1315892821 208
1315892881 210
1315892941 206
1315893002 209
1315893062 207
1315893121 202
1315893181 205
1315893241 206
1315893301 200
1315893361 206
1315893421 207
1315893481 211
1315893541 220
1315893602 216
1315893662 217
1315893721 223
1315893781 222
1315893841 222
1315893901 221
1315893961 220
1315894021 218
1315894081 213
1315894141 219
1315894202 221
1315894262 213
1315894321 212
1315894381 213
1315894441 212
1315894501 214
1315894561 213
1315894621 213
1315894681 214
1315894741 212
1315894802 215
1315894861 223
1315894921 218
1315894981 214
1315895041 215
1315895101 222
1315895161 216
1315895221 224
1315895281 227
1315895341 224
1315895401 226
1315895461 220
1315895521 228
1315895581 230
1315895642 233
1315895701 238
1315895761 243
1315895821 247
1315895881 243
1315895942 245
1315896002 247
1315896061 249
1315896121 251
1315896181 247
1315896241 243
1315896301 243
1315896362 232
1315896421 237
1315896481 237
1315896541 236
1315896601 230
1315896661 230
1315896721 232
1315896781 234
1315896841 237
1315896902 235
1315896961 232
1315897021 231
1315897081 236
1315897141 242
1315897201 246
1315897261 246
1315897321 244
1315897381 237
1315897442 237
1315897501 238
1315897561 238
1315897621 235
1315897681 236
1315897741 233
1315897801 230
1315897862 231
1315897922 231
1315897981 239
1315898041 234
1315898101 227
1315898161 226
1315898221 224
1315898281 221
1315898341 215
1315898402 221
1315898461 218
1315898521 217
1315898581 218
1315898641 219
1315898701 226
1315898761 226
1315898821 220
1315898882 216
1315898942 220
1315899001 223
1315899061 229
1315899121 232
1315899181 235
1315899241 238
1315899301 234
1315899361 244
1315899422 244
1315899482 242
1315899541 240
1315899601 232
1315899661 234
1315899721 234
1315899781 235
1315899841 230
1315899901 232
1315899962 229
1315900022 226
1315900081 228
1315900141 226
1315900201 228
1315900261 218
1315900321 214
1315900381 212
1315900441 218
1315900501 215
1315900562 214
1315900621 212
1315900681 212
1315900741 207
1315900801 203
1315900861 200
1315900921 197
1315900981 199
1315901041 197
1315901101 192
1315901162 191
1315901221 187
1315901281 184
1315901341 184
1315901401 179
1315901461 179
1315901521 178
1315901581 173
1315901641 168
1315901702 164
1315901761 163
1315901821 155
1315901881 153
1315901941 151
1315902001 150
1315902062 145
1315902122 146
1315902181 143
1315902241 142
1315902301 136
1315902361 138
1315902421 137
1315902481 133
1315902541 137
1315902601 135
1315902662 135
1315902721 130
1315902781 130
1315902841 127
1315902901 132
1315902961 126
1315903021 131
1315903081 134
1315903141 127
1315903202 124
1315903261 125
1315903321 124
1315903381 117
1315903441 118
1315903501 113
1315903561 115
1315903621 111
1315903681 111
1315903741 111
1315903801 111
1315903861 110
1315903921 103
1315903981 106
1315904041 106
1315904101 110
1315904161 111
1315904221 114
1315904282 107
1315904342 113
1315904401 109
1315904461 114
1315904521 111
1315904581 106
1315904641 103
1315904701 104
1315904761 99
1315904822 101
1315904882 101
1315904941 94
1315905001 94
1315905061 88
1315905121 88
1315905181 89
1315905241 91
1315905301 87
1315905362 87
1315905421 82
1315905481 88
1315905541 88
1315905601 86
1315905661 90
1315905721 89
1315905781 85
1315905842 80
1315905901 82
1315905961 80
1315906021 82
1315906081 81
1315906141 83
1315906201 87
1315906278 85
1315906357 85
1315906381 87
1315906441 92
1315906501 94
1315906561 94
1315906621 94
1315906681 89
1315906741 92
1315906803 89
1315906861 89
1315906924 87
1315906981 87
1315907044 82
1315907109 74
1315907162 80
1315907222 76
1315907281 77
1315907341 71
1315907401 73
1315907461 72
1315907521 76
1315907581 72
1315907641 74
1315907701 72
1315907761 69
1315907822 71
1315907881 68
1315907941 67
1315908001 65
1315908061 66
1315908121 69
1315908181 68
1315908241 68
1315908301 66
1315908361 64
1315908421 64
1315908481 64
1315908542 64
1315908601 63
1315908661 60
1315908727 61
1315908781 61
1315908841 65
1315908901 65
1315908961 64
1315909025 67
1315909103 67
1315909141 69
1315909201 65
1315909261 67
1315909322 67
1315909382 67
1315909441 62
1315909501 61
1315909561 60
1315909621 56
1315909685 58
1315909741 54
1315909801 57
1315909861 55
1315909921 53
1315909981 54
1315910041 55
1315910101 57
1315910164 57
1315910221 56
1315910281 57
1315910341 58
1315910401 56
1315910461 57
1315910521 58
1315910581 56
1315910641 58
1315910701 58
1315910761 60
1315910829 58
1315910881 60
1315910943 60
1315911002 60
1315911061 60
1315911121 59
1315911182 61
1315911241 60
1315911301 60
1315911366 62
1315911422 65
1315911481 66
1315911541 67
1315911601 67
1315911662 67
1315911721 69
1315911788 68
1315911841 68
1315911902 65
1315911962 63
1315912021 65
1315912081 66
1315912141 68
1315912207 71
1315912261 70
1315912321 68
1315912381 66
1315912441 71
1315912502 72
1315912562 73
1315912636 70
1315912681 74
1315912741 72
1315912802 79
1315912861 76
1315912921 78
1315912981 81
1315913041 76
1315913101 78
1315913161 78
1315913224 76
1315913282 77
1315913341 79
1315913401 75
1315913461 77
1315913521 78
1315913581 75
1315913641 78
1315913701 81
1315913761 84
1315913821 82
1315913881 84
1315913944 82
1315914001 84
1315914061 82
1315914121 81
1315914182 81
1315914241 83
1315914301 80
1315914361 82
1315914423 89
1315914481 96
1315914541 98
1315914601 94
1315914662 98
1315914721 99
1315914781 96
1315914846 94
1315914902 96
1315914961 95
1315915021 97
1315915081 101
1315915142 101
1315915202 101
1315915277 105
1315915321 109
1315915381 104
1315915441 111
1315915537 112
1315915561 108
1315915621 104
1315915681 96
1315915741 98
1315915802 99
1315915861 96
1315915921 95
1315915981 99
1315916041 92
1315916102 90
1315916171 95
1315916221 95
1315916281 92
1315916341 92
1315916402 97
1315916461 96
1315916521 94
1315916581 96
1315916642 98
1315916701 97
1315916791 93
1315916821 97
1315916881 93
1315916941 92
1315917005 91
1315917061 88
1315917121 92
1315917181 91
1315917241 93
1315917301 96
1315917362 99
1315917422 96
1315917481 97
1315917541 97
1315917602 98
1315917661 97
1315917721 97
1315917782 96
1315917841 94
1315917910 91
1315917961 90
1315918021 96
1315918081 100
1315918141 100
1315918201 99
1315918261 97
1315918335 98
1315918382 99
1315918441 103
1315918501 102
1315918600 97
1315918621 92
1315918695 96
1315918741 96
1315918801 96
1315918862 98
1315918921 95
1315918981 98
1315919041 98
1315919101 101
1315919161 100
1315919221 98
1315919282 96
1315919341 96
1315919401 96
1315919461 97
1315919526 93
1315919581 93
1315919641 92
1315919752 97
1315919761 98
1315919824 102
1315919881 102
1315919941 103
1315920001 102
1315920061 101
1315920121 108
1315920181 104
1315920241 106
1315920301 107
1315920374 100
1315920422 98
1315920481 97
1315920548 94
1315920601 97
1315920661 100
1315920722 98
1315920781 98
1315920841 96
1315920901 99
1315920961 103
1315921026 103
1315921082 99
1315921141 100
1315921201 98
1315921261 99
1315921321 99
1315921381 96
1315921441 98
1315921506 98
1315921564 99
1315921621 96
1315921681 97
1315921741 102
1315921801 102
1315921861 100
1315921921 101
1315921987 101
1315922041 100
1315922101 103
1315922162 98
1315922235 101
1315922281 102
1315922341 105
1315922424 103
1315922461 104
1315922521 103
1315922581 101
1315922641 99
1315922701 101
1315922762 104
1315922821 102
1315922881 104
1315922941 103
1315923001 104
1315923061 99
1315923121 98
1315923181 99
1315923241 101
1315923301 99
1315923369 94
1315923422 94
1315923481 94
1315923541 92
1315923616 92
1315923661 93
1315923721 92
1315923785 91
1315923841 91
1315923901 90
1315923961 92
1315924022 91
1315924081 91
1315924180 92
1315924201 88
1315924261 86
1315924322 88
1315924381 87
1315924442 86
1315924526 81
1315924561 81
1315924621 81
1315924681 79
1315924741 79
1315924801 77
1315924879 74
1315924921 77
1315925043 75
1315925043 75
1315925101 77
1315925185 80
1315925221 80
1315925281 81
1315925341 79
1315925401 76
1315925493 76
1315925521 76
1315925599 74
1315925641 75
1315925701 70
1315925779 69
1315925821 66
1315925881 67
1315926004 68
1315926004 68
1315926061 65
1315926121 61
1315926181 61
1315926241 60
1315926301 60
1315926361 60
1315926421 61
1315926481 61
1315926541 62
1315926604 56
1315926661 58
1315926754 55
1315926781 54
1315926841 55
1315926901 56
1315926961 54
1315927053 54
1315927081 55
1315927142 54
1315927201 53
1315927261 58
1315927321 63
1315927402 64
1315927441 60
1315927503 59
1315927561 62
1315927621 61
1315927691 61
1315927741 60
1315927801 59
1315927861 57
1315927921 54
1315927981 55
1315928041 56
1315928101 53
1315928161 49
1315928225 51
1315928281 47
1315928341 48
1315928402 46
1315928461 43
1315928522 46
1315928581 46
1315928641 46
1315928701 45
1315928761 45
1315928822 42
1315928881 40
1315928941 38
1315929001 41
1315929061 40
1315929121 39
1315929182 40
1315929241 39
1315929301 38
1315929361 36
1315929422 36
1315929486 36
1315929541 36
1315929601 37
