1318003261 35
1318003321 37
1318003381 37
1318003441 36
1318003501 35
1318003561 34
1318003621 30
1318003681 30
1318003741 30
1318003802 28
1318003861 28
1318003921 25
1318003981 27
1318004041 27
1318004101 27
1318004161 27
1318004221 30
1318004281 26
1318004341 29
1318004401 29
1318004461 30
1318004521 28
1318004581 29
1318004642 30
1318004701 27
1318004761 27
1318004821 30
1318004881 29
1318004941 27
1318005001 27
1318005061 27
1318005121 27
1318005181 25
1318005241 24
1318005301 26
1318005361 23
1318005421 22
1318005481 25
1318005542 22
1318005601 23
1318005661 23
1318005721 24
1318005781 24
1318005841 24
1318005901 23
1318005961 25
1318006021 24
1318006081 23
1318006142 25
1318006201 21
1318006261 21
1318006321 23
1318006381 23
1318006441 22
1318006501 24
1318006561 23
1318006621 22
1318006681 21
1318006742 22
1318006801 24
1318006861 22
1318006921 19
1318006981 23
1318007041 25
1318007101 24
1318007161 24
1318007221 23
1318007281 22
1318007342 22
1318007401 21
1318007461 24
1318007521 22
1318007581 20
1318007641 22
1318007701 20
1318007761 20
1318007822 22
1318007881 19
1318007941 20
1318008001 22
1318008061 21
1318008122 22
1318008181 18
1318008241 17
1318008301 21
1318008361 20
1318008421 20
1318008481 22
1318008541 19
1318008601 21
1318008661 19
1318008721 19
1318008781 21
1318008842 18
1318008901 18
1318008961 21
1318009021 19
1318009081 19
1318009141 20
1318009201 18
1318009261 19
1318009321 20
1318009381 19
1318009441 20
1318009502 16
1318009561 17
1318009621 20
1318009681 18
1318009741 20
1318009801 19
1318009861 19
1318009921 18
1318009981 18
1318010041 20
1318010101 20
1318010161 17
1318010221 18
1318010282 20
1318010341 19
1318010401 19
1318010462 19
1318010521 17
1318010581 20
1318010641 19
1318010701 19
1318010761 18
1318010821 17
1318010881 17
1318010941 17
1318011002 18
1318011062 17
1318011121 18
1318011181 18
1318011241 19
1318011301 19
1318011361 19
1318011421 19
1318011481 18
1318011541 17
1318011601 17
1318011662 19
1318011721 17
1318011781 14
1318011841 13
1318011901 16
1318011961 16
1318012021 14
1318012081 16
1318012141 15
1318012201 14
1318012262 14
1318012322 18
1318012381 17
1318012441 18
1318012501 16
1318012561 18
1318012621 18
1318012681 16
1318012741 17
1318012802 16
1318012861 16
1318012921 12
1318012981 14
1318013041 13
1318013101 14
1318013162 12
1318013222 14
1318013281 13
1318013341 14
1318013401 13
1318013461 13
1318013521 13
1318013581 12
1318013642 13
1318013701 14
1318013761 14
1318013821 13
1318013881 14
1318013941 13
1318014001 14
1318014061 13
1318014122 13
1318014181 14
1318014241 11
1318014301 13
1318014361 14
1318014421 14
1318014481 12
1318014542 13
1318014602 13
1318014661 14
1318014721 14
1318014781 13
1318014841 13
1318014902 12
1318014961 13
1318015021 14
1318015081 14
1318015141 13
1318015201 12
1318015261 13
1318015321 13
1318015382 14
1318015441 13
1318015501 13
1318015561 13
1318015621 13
1318015681 14
1318015741 14
1318015801 13
1318015862 12
1318015921 13
1318015981 13
1318016041 14
1318016101 12
1318016161 13
1318016221 13
1318016281 13
1318016342 14
1318016401 14
1318016461 14
1318016521 13
1318016581 14
1318016641 14
1318016701 15
1318016761 13
1318016822 14
1318016881 14
1318016941 14
1318017001 15
1318017061 15
1318017121 14
1318017181 13
1318017242 14
1318017302 14
1318017361 14
1318017421 13
1318017481 14
1318017541 12
1318017601 13
1318017661 13
1318017722 14
1318017781 13
1318017841 12
1318017901 13
1318017961 13
1318018021 14
1318018081 12
1318018142 14
1318018201 14
1318018261 14
1318018321 14
1318018381 15
1318018441 14
1318018501 13
1318018562 14
1318018621 14
1318018681 15
1318018741 14
1318018801 14
1318018861 12
1318018921 14
1318018982 13
1318019042 14
1318019101 13
1318019161 13
1318019221 13
1318019281 12
1318019341 14
1318019401 12
1318019461 14
1318019521 11
1318019581 14
1318019641 14
1318019701 14
1318019761 12
1318019822 13
1318019882 13
1318019941 14
1318020001 14
1318020061 12
1318020121 14
1318020181 10
1318020241 13
1318020302 14
1318020361 14
1318020421 13
1318020481 14
1318020541 14
1318020601 15
1318020661 15
1318020722 13
1318020782 15
1318020841 13
1318020901 13
1318020961 15
1318021021 14
1318021081 12
1318021141 13
1318021202 14
1318021261 14
1318021321 14
1318021381 12
1318021441 13
1318021501 11
1318021561 12
1318021622 14
1318021681 14
1318021741 12
1318021801 11
1318021861 14
1318021921 14
1318021981 14
1318022041 13
1318022102 13
1318022161 12
1318022221 12
1318022281 13
1318022341 12
1318022401 11
1318022461 10
1318022521 13
1318022582 13
1318022641 12
1318022701 13
1318022761 13
1318022821 11
1318022881 13
1318022941 14
1318023002 13
1318023062 13
1318023121 12
1318023181 14
1318023241 14
1318023301 12
1318023361 13
1318023421 13
1318023481 11
1318023542 13
1318023601 14
1318023661 12
1318023721 14
1318023781 12
1318023841 14
1318023901 14
1318023962 13
1318024021 13
1318024081 13
1318024141 11
1318024201 13
1318024261 14
1318024321 13
1318024381 15
1318024442 13
1318024501 15
1318024561 16
1318024621 15
1318024681 15
1318024741 16
1318024801 13
1318024862 15
1318024921 15
1318024981 15
1318025041 15
1318025101 15
1318025161 15
1318025221 15
1318025282 14
1318025341 14
1318025401 15
1318025461 13
1318025521 12
1318025581 15
1318025641 14
1318025702 13
1318025761 15
1318025821 16
1318025881 16
1318025941 15
1318026001 15
1318026061 15
1318026121 15
1318026181 14
1318026242 16
1318026301 15
1318026361 13
1318026421 15
1318026481 16
1318026541 15
1318026601 14
1318026661 15
1318026721 14
1318026782 15
1318026842 15
1318026901 16
1318026961 15
1318027021 14
1318027081 15
1318027141 16
1318027201 16
1318027261 14
1318027322 15
1318027381 15
1318027441 14
1318027501 16
1318027561 15
1318027621 15
1318027681 15
1318027741 16
1318027801 16
1318027861 17
1318027922 16
1318027982 16
1318028041 17
1318028101 14
1318028161 18
1318028221 18
1318028281 17
1318028341 16
1318028401 18
1318028461 18
1318028521 18
1318028581 16
1318028642 17
1318028701 18
1318028761 17
1318028821 19
1318028881 19
1318028941 19
1318029001 20
1318029061 22
1318029121 22
1318029181 22
1318029242 21
1318029301 21
1318029362 20
1318029421 20
1318029481 22
1318029541 23
1318029601 22
1318029661 23
1318029721 26
1318029781 27
1318029841 27
1318029901 27
1318029962 27
1318030022 27
1318030081 27
1318030141 29
1318030201 28
1318030261 29
1318030321 28
1318030381 29
1318030441 29
1318030501 28
1318030562 29
1318030621 27
1318030681 26
1318030741 27
1318030801 28
1318030861 29
1318030921 27
1318030981 28
1318031041 28
1318031101 28
1318031162 27
1318031221 30
1318031281 30
1318031341 29
1318031401 31
1318031461 31
1318031521 32
1318031581 32
1318031641 31
1318031702 32
1318031761 32
1318031821 32
1318031881 30
1318031941 29
1318032001 30
1318032061 29
1318032121 33
1318032181 31
1318032241 34
1318032302 35
1318032361 34
1318032421 35
1318032481 36
1318032541 35
1318032601 33
1318032661 33
1318032721 31
1318032781 34
1318032841 33
1318032901 33
1318032962 35
1318033021 34
1318033081 34
1318033141 34
1318033201 37
1318033261 37
1318033321 36
1318033381 36
1318033441 35
1318033502 35
1318033561 36
1318033621 34
1318033681 35
1318033741 35
1318033801 30
1318033861 32
1318033921 34
1318033981 33
1318034041 36
1318034102 36
1318034161 34
1318034221 35
1318034281 36
1318034341 35
1318034401 36
1318034461 32
1318034521 34
1318034581 34
1318034642 33
1318034701 33
1318034761 34
1318034821 35
1318034881 37
1318034941 40
1318035001 40
1318035061 42
1318035121 39
1318035182 40
1318035241 41
1318035301 41
1318035361 41
1318035421 42
1318035481 40
1318035541 44
1318035601 44
1318035661 42
1318035721 41
1318035782 43
1318035841 44
1318035901 43
1318035961 45
1318036021 49
1318036081 49
1318036141 47
1318036201 48
1318036262 48
1318036321 48
1318036381 46
1318036441 45
1318036501 47
1318036561 44
1318036621 45
1318036681 46
1318036741 46
1318036801 47
1318036862 49
1318036922 49
1318036981 51
1318037041 49
1318037101 50
1318037161 52
1318037221 53
1318037281 52
1318037341 50
1318037401 53
1318037462 53
1318037522 54
1318037581 53
1318037641 55
1318037701 57
1318037761 56
1318037821 58
1318037881 58
1318037941 58
1318038002 57
1318038062 60
1318038121 58
1318038181 61
1318038241 59
1318038301 59
1318038361 62
1318038421 58
1318038481 63
1318038541 61
1318038602 61
1318038662 63
1318038722 63
1318038781 61
1318038841 62
1318038901 62
1318038961 61
1318039021 57
1318039081 60
1318039141 64
1318039202 60
1318039261 60
1318039321 62
1318039381 61
1318039441 60
1318039501 57
1318039561 62
1318039621 63
1318039681 59
1318039741 58
1318039802 60
1318039861 58
1318039921 58
1318039981 60
1318040041 62
1318040101 62
1318040161 58
1318040221 59
1318040281 56
1318040342 59
1318040401 57
1318040461 57
1318040521 60
1318040581 59
1318040641 59
1318040701 62
1318040761 64
1318040821 67
1318040881 69
1318040942 70
1318041002 70
1318041062 71
1318041121 73
1318041181 70
1318041241 69
1318041301 68
1318041361 66
1318041421 66
1318041481 66
1318041541 65
1318041602 66
1318041661 63
1318041721 62
1318041781 64
1318041841 65
1318041901 64
1318041961 63
1318042021 65
1318042081 63
1318042141 62
1318042202 64
1318042261 68
1318042321 70
1318042381 68
1318042441 68
1318042501 68
1318042561 72
1318042621 69
1318042681 72
1318042741 69
1318042801 71
1318042862 71
1318042921 72
1318042981 72
1318043041 73
1318043101 72
1318043161 69
1318043221 68
1318043281 67
1318043341 69
1318043401 65
1318043462 68
1318043522 68
1318043581 69
1318043641 69
1318043701 69
1318043761 67
1318043821 68
1318043881 67
1318043941 67
1318044001 67
1318044061 63
1318044122 64
1318044182 62
1318044241 64
1318044301 65
1318044361 64
1318044421 67
1318044481 70
1318044541 67
1318044601 70
1318044661 68
1318044721 67
1318044781 70
1318044842 71
1318044902 69
1318044961 70
1318045021 65
1318045081 69
1318045141 70
1318045201 67
1318045261 69
1318045321 66
1318045382 70
1318045441 66
1318045501 65
1318045561 65
1318045621 65
1318045681 64
1318045741 66
1318045801 63
1318045861 64
1318045921 61
1318045981 59
1318046041 62
1318046101 64
1318046161 62
1318046221 63
1318046281 60
1318046341 59
1318046401 61
1318046462 61
1318046521 61
1318046581 62
1318046641 63
1318046701 64
1318046761 63
1318046821 63
1318046881 65
1318046941 63
1318047002 63
1318047061 61
1318047121 61
1318047181 58
1318047241 60
1318047301 60
1318047361 61
1318047421 58
1318047481 58
1318047541 59
1318047602 58
1318047661 60
1318047721 58
1318047781 57
1318047841 55
1318047901 55
1318047961 56
1318048021 55
1318048081 52
1318048141 52
1318048202 53
1318048262 51
1318048321 54
1318048381 55
1318048441 53
1318048501 51
1318048561 53
1318048621 55
1318048681 57
1318048741 54
1318048801 57
1318048862 54
1318048922 56
1318048981 54
1318049041 55
1318049101 53
1318049161 53
1318049221 50
1318049281 49
1318049341 53
1318049401 53
1318049462 54
1318049521 52
1318049581 53
1318049641 53
1318049701 53
1318049761 54
1318049821 56
1318049881 56
1318049941 55
1318050001 54
1318050061 58
1318050122 57
1318050181 55
1318050241 57
1318050301 59
1318050361 55
1318050421 56
1318050481 57
1318050541 57
1318050601 55
1318050661 53
1318050721 53
1318050782 53
1318050841 49
1318050901 51
1318050961 51
1318051021 48
1318051081 46
1318051141 48
1318051201 48
1318051261 49
1318051321 53
1318051381 55
1318051441 54
1318051502 52
1318051561 55
1318051621 53
1318051681 50
1318051741 52
1318051801 50
1318051861 49
1318051921 47
1318051981 48
1318052041 49
1318052102 48
1318052161 48
1318052221 50
1318052281 51
1318052341 53
1318052401 52
1318052461 52
1318052521 52
1318052581 54
1318052641 54
1318052702 55
1318052761 55
1318052821 59
1318052881 60
1318052941 60
1318053001 61
1318053061 61
1318053121 61
1318053181 60
1318053241 61
1318053301 59
1318053362 61
1318053422 61
1318053481 61
1318053541 59
1318053601 60
1318053661 60
1318053721 62
1318053781 63
1318053841 64
1318053901 62
1318053961 56
1318054022 58
1318054081 60
1318054141 60
1318054201 63
1318054261 65
1318054321 64
1318054381 64
1318054441 64
1318054501 64
1318054561 66
1318054622 67
1318054682 69
1318054741 66
1318054801 65
1318054861 65
1318054921 62
1318054981 63
1318055041 61
1318055101 66
1318055161 69
1318055221 63
1318055281 63
1318055342 66
1318055401 65
1318055461 66
1318055521 71
1318055581 69
1318055641 70
1318055701 70
1318055761 68
1318055821 70
1318055881 69
1318055941 70
1318056002 68
1318056061 64
1318056121 64
1318056181 65
1318056241 65
1318056301 63
1318056361 64
1318056421 62
1318056481 67
1318056542 62
1318056601 65
1318056661 65
1318056721 64
1318056781 63
1318056841 65
1318056901 66
1318056961 66
1318057021 66
1318057081 61
1318057142 65
1318057201 65
1318057261 64
1318057321 65
1318057381 66
1318057441 65
1318057501 67
1318057561 68
1318057621 68
1318057681 66
1318057742 64
1318057801 61
1318057861 65
1318057921 62
1318057981 64
1318058041 64
1318058101 62
1318058161 65
1318058221 64
1318058281 66
1318058341 65
1318058402 66
1318058461 64
1318058521 66
1318058581 67
1318058641 64
1318058701 65
1318058761 66
1318058821 65
1318058881 66
1318058941 67
1318059002 65
1318059061 66
1318059121 67
1318059181 66
1318059241 67
1318059301 66
1318059361 66
1318059421 69
1318059481 70
1318059541 68
1318059602 68
1318059661 66
1318059721 69
1318059781 67
1318059841 67
1318059901 67
1318059961 66
1318060021 65
1318060081 65
1318060141 66
1318060202 67
1318060261 67
1318060321 65
1318060381 65
1318060441 63
1318060501 63
1318060561 64
1318060621 65
1318060681 66
1318060741 65
1318060801 66
1318060861 68
1318060921 67
1318060981 67
1318061041 68
1318061101 68
1318061161 67
1318061222 68
1318061281 66
1318061341 64
1318061401 66
1318061461 68
1318061521 67
1318061581 65
1318061641 69
1318061701 66
1318061761 67
1318061822 68
1318061882 71
1318061941 71
1318062001 66
1318062061 69
1318062121 70
1318062181 68
1318062241 66
1318062301 68
1318062361 62
1318062421 67
1318062482 63
1318062541 65
1318062601 67
1318062661 61
1318062721 64
1318062781 65
1318062841 63
1318062901 63
1318062961 63
1318063021 59
1318063081 63
1318063142 60
1318063201 62
1318063261 61
1318063321 60
1318063381 63
1318063441 61
1318063501 62
1318063561 59
1318063621 59
1318063681 60
1318063742 61
1318063801 61
1318063861 61
1318063921 61
1318063981 58
1318064041 60
1318064101 60
1318064161 62
1318064221 60
1318064281 60
1318064341 60
1318064402 57
1318064461 56
1318064521 56
1318064581 57
1318064641 56
1318064701 56
1318064761 58
1318064821 59
1318064881 56
1318064941 56
1318065002 53
1318065062 54
1318065121 54
1318065181 54
1318065241 57
1318065301 54
1318065361 57
1318065421 55
1318065481 56
1318065541 56
1318065601 59
1318065661 56
1318065722 57
1318065781 57
1318065841 53
1318065901 56
1318065961 54
1318066021 55
1318066081 53
1318066141 55
1318066201 55
1318066261 55
1318066321 55
1318066382 55
1318066441 55
1318066501 55
1318066561 55
1318066621 55
1318066681 52
1318066741 53
1318066801 53
1318066861 53
1318066922 53
1318066981 50
1318067041 55
1318067101 56
1318067161 57
1318067221 56
1318067281 54
1318067341 54
1318067401 52
1318067461 51
1318067521 51
1318067582 51
1318067641 49
1318067701 50
1318067761 49
1318067821 49
1318067881 51
1318067941 49
1318068001 52
1318068061 50
1318068122 54
1318068181 53
1318068241 55
1318068301 58
1318068361 59
1318068421 59
1318068481 59
1318068541 62
1318068601 61
1318068661 60
1318068721 57
1318068782 61
1318068841 57
1318068901 55
1318068961 56
1318069021 55
1318069081 56
1318069141 57
1318069201 55
1318069261 59
1318069321 58
1318069382 59
1318069441 61
1318069501 55
1318069561 57
1318069621 60
1318069681 61
1318069741 59
1318069801 58
1318069861 56
1318069921 58
1318069981 58
1318070041 60
1318070102 59
1318070161 58
1318070221 55
1318070281 56
1318070341 55
1318070401 56
1318070461 56
1318070521 55
1318070581 57
1318070641 55
1318070702 56
1318070762 53
1318070821 53
1318070881 52
1318070941 54
1318071001 53
1318071061 52
1318071121 54
1318071181 52
1318071241 52
1318071301 52
1318071362 52
1318071422 53
1318071481 54
1318071541 54
1318071601 55
1318071661 56
1318071721 55
1318071781 54
1318071841 56
1318071901 55
1318071961 57
1318072021 56
1318072082 58
1318072141 60
1318072201 62
1318072261 61
1318072321 57
1318072381 59
1318072441 58
1318072501 59
1318072561 58
1318072621 59
1318072681 55
1318072741 56
1318072801 58
1318072861 58
1318072921 59
1318072981 57
1318073042 60
1318073102 61
1318073161 59
1318073221 62
1318073281 62
1318073341 59
1318073401 63
1318073461 64
1318073521 64
1318073581 63
1318073641 60
1318073702 61
1318073761 62
1318073821 58
1318073881 58
1318073941 57
1318074001 57
1318074061 59
1318074121 57
1318074181 56
1318074241 56
1318074302 57
1318074362 58
1318074421 59
1318074481 61
1318074541 60
1318074601 62
1318074661 62
1318074721 65
1318074781 67
1318074841 67
1318074901 64
1318074961 63
1318075022 64
1318075082 63
1318075141 66
1318075201 62
1318075261 62
1318075321 61
1318075381 60
1318075441 60
1318075501 59
1318075561 56
1318075621 56
1318075681 55
1318075742 53
1318075801 55
1318075861 56
1318075921 59
1318075981 57
1318076041 58
1318076101 60
1318076161 60
1318076221 59
1318076281 61
1318076341 64
1318076401 63
1318076462 61
1318076521 62
1318076581 63
1318076641 63
1318076701 64
1318076761 64
1318076821 66
1318076881 65
1318076941 68
1318077002 67
1318077062 68
1318077121 67
1318077181 70
1318077241 70
1318077301 74
1318077361 73
1318077421 70
1318077481 72
1318077541 69
1318077601 69
1318077661 69
1318077722 69
1318077782 64
1318077841 67
1318077901 65
1318077961 69
1318078021 68
1318078081 67
1318078141 67
1318078201 71
1318078261 68
1318078321 70
1318078381 73
1318078442 71
1318078501 73
1318078561 73
1318078621 75
1318078681 71
1318078741 71
1318078801 67
1318078861 71
1318078921 71
1318078981 71
1318079042 72
1318079101 73
1318079161 74
1318079221 76
1318079281 76
1318079341 75
1318079401 72
1318079461 76
1318079521 74
1318079581 75
1318079641 74
1318079702 75
1318079761 73
1318079821 71
1318079881 71
1318079941 72
1318080001 70
1318080061 67
1318080121 68
1318080181 70
1318080241 69
1318080302 67
1318080361 67
1318080421 66
1318080481 68
1318080541 66
1318080601 68
1318080661 65
1318080721 66
1318080781 68
1318080841 67
1318080902 66
1318080962 68
1318081022 68
1318081081 68
1318081141 68
1318081201 69
1318081261 70
1318081321 71
1318081381 69
1318081441 70
1318081501 69
1318081561 68
1318081622 68
1318081681 66
1318081741 68
1318081801 66
1318081861 68
1318081921 63
1318081981 66
1318082041 69
1318082101 69
1318082162 68
1318082222 67
1318082281 68
1318082341 66
1318082401 62
1318082461 63
1318082521 64
1318082581 62
1318082641 61
1318082701 61
1318082761 62
1318082822 61
1318082881 63
1318082941 62
1318083001 63
1318083061 60
1318083121 61
1318083181 60
1318083241 64
1318083301 64
1318083361 65
1318083421 64
1318083482 62
1318083542 62
1318083601 63
1318083661 62
1318083721 60
1318083781 60
1318083841 60
1318083901 62
1318083961 60
1318084021 60
1318084081 57
1318084142 60
1318084202 61
1318084261 61
1318084321 60
1318084381 59
1318084441 63
1318084501 61
1318084561 61
1318084621 64
1318084682 66
1318084741 66
1318084801 67
1318084861 68
1318084921 69
1318084981 69
1318085041 63
1318085101 68
1318085161 68
1318085222 67
1318085281 68
1318085341 70
1318085401 70
1318085461 71
1318085521 70
1318085581 69
1318085641 66
1318085701 65
1318085761 62
1318085822 63
1318085882 60
1318085941 62
1318086001 61
1318086061 62
1318086121 62
1318086181 60
1318086241 59
1318086301 58
1318086361 62
1318086422 61
1318086481 62
1318086541 59
1318086601 59
1318086661 58
1318086721 59
1318086781 59
1318086841 59
1318086901 58
1318086961 57
1318087021 58
1318087082 62
1318087141 59
1318087201 60
1318087261 61
1318087321 59
1318087381 60
1318087441 57
1318087501 56
1318087561 54
1318087621 52
1318087681 52
1318087742 52
1318087801 51
1318087861 51
1318087921 51
1318087981 49
1318088041 50
1318088101 48
1318088161 51
1318088221 51
1318088281 49
1318088341 49
1318088402 48
1318088462 46
1318088521 44
1318088581 45
1318088641 46
1318088701 47
1318088761 46
1318088821 44
1318088881 46
1318088941 46
1318089001 46
1318089061 44
1318089122 47
1318089182 44
1318089241 47
1318089301 45
1318089361 43
1318089421 45
1318089481 43
1318089541 44
1318089601 44
