1313424061 41
1313424121 43
1313424181 44
1313424241 43
1313424301 44
1313424362 40
1313424421 40
1313424481 40
1313424541 40
1313424601 42
1313424661 41
1313424721 39
1313424781 38
1313424841 38
1313424901 35
1313424962 37
1313425022 32
1313425081 35
1313425141 35
1313425201 31
1313425261 35
1313425321 34
1313425381 32
1313425441 33
1313425501 33
1313425562 30
1313425621 32
1313425681 31
1313425741 28
1313425801 26
1313425861 28
1313425921 31
1313425981 30
1313426041 30
1313426101 31
1313426162 30
1313426221 28
1313426281 26
1313426341 27
1313426401 25
1313426461 26
1313426521 23
1313426581 24
1313426641 22
1313426701 24
1313426761 24
1313426822 23
1313426882 22
1313426941 23
1313427001 23
1313427061 22
1313427121 22
1313427181 21
1313427241 23
1313427301 20
1313427361 22
1313427421 22
1313427482 22
1313427541 21
1313427601 21
1313427661 20
1313427721 20
1313427781 19
1313427841 18
1313427901 21
1313427961 20
1313428021 21
1313428081 21
1313428142 21
1313428202 21
1313428261 20
1313428321 19
1313428381 20
1313428441 20
1313428501 18
1313428561 20
1313428621 20
1313428681 21
1313428741 22
1313428801 21
1313428862 21
1313428922 22
1313428981 21
1313429041 20
1313429101 21
1313429161 21
1313429221 21
1313429281 20
1313429341 19
1313429401 21
1313429461 20
1313429522 19
1313429582 20
1313429641 19
1313429701 19
1313429761 17
1313429821 17
1313429881 19
1313429941 19
1313430001 20
1313430061 21
1313430122 21
1313430181 21
1313430241 19
1313430301 20
1313430361 20
1313430421 18
1313430481 20
1313430541 19
1313430601 18
1313430662 18
1313430721 18
1313430781 16
1313430841 18
1313430901 17
1313430961 17
1313431022 17
1313431081 15
1313431141 16
1313431201 16
1313431262 16
1313431322 14
1313431381 18
1313431441 17
1313431501 18
1313431561 18
1313431621 18
1313431681 17
1313431741 18
1313431801 17
1313431862 17
1313431921 18
1313431981 18
1313432041 17
1313432101 17
1313432161 18
1313432221 19
1313432281 18
1313432341 18
1313432401 17
1313432462 17
1313432521 19
1313432581 18
1313432641 18
1313432701 17
1313432761 17
1313432821 16
1313432881 15
1313432941 16
1313433001 16
1313433061 15
1313433122 16
1313433181 15
1313433241 17
1313433301 17
1313433361 17
1313433421 16
1313433481 17
1313433541 15
1313433601 16
1313433662 17
1313433722 15
1313433781 17
1313433841 15
1313433901 16
1313433961 15
1313434021 15
1313434081 14
1313434141 15
1313434201 15
1313434261 14
1313434322 14
1313434381 15
1313434441 16
1313434501 15
1313434561 16
1313434621 16
1313434681 16
1313434741 15
1313434801 14
1313434862 14
1313434921 12
1313434981 11
1313435041 11
1313435101 12
1313435161 13
1313435221 12
1313435281 13
1313435341 13
1313435402 12
1313435461 13
1313435521 13
1313435581 11
1313435641 13
1313435701 11
1313435761 12
1313435821 13
1313435881 12
1313435942 13
1313436001 13
1313436061 11
1313436121 13
1313436181 11
1313436241 9
1313436301 11
1313436361 10
1313436421 10
1313436482 11
1313436541 10
1313436601 11
1313436661 11
1313436721 10
1313436781 11
1313436841 9
1313436901 11
1313436961 11
1313437021 10
1313437082 10
1313437141 11
1313437201 11
1313437261 11
1313437321 10
1313437381 10
1313437441 11
1313437501 8
1313437561 10
1313437622 11
1313437681 9
1313437741 10
1313437801 11
1313437861 11
1313437921 11
1313437981 10
1313438041 10
1313438101 11
1313438161 8
1313438222 10
1313438282 11
1313438341 9
1313438401 10
1313438461 11
1313438521 11
1313438581 11
1313438641 10
1313438701 10
1313438762 12
1313438822 9
1313438881 11
1313438941 12
1313439001 10
1313439061 11
1313439121 12
1313439181 12
1313439241 12
1313439301 11
1313439362 10
1313439421 11
1313439481 9
1313439541 11
1313439601 12
1313439661 10
1313439721 11
1313439781 12
1313439841 12
1313439901 12
1313439962 12
1313440021 11
1313440081 10
1313440141 10
1313440201 10
1313440261 12
1313440321 10
1313440381 11
1313440441 12
1313440501 12
1313440561 12
1313440621 12
1313440682 11
1313440741 11
1313440801 9
1313440861 10
1313440921 12
1313440981 10
1313441041 11
1313441101 12
1313441162 12
1313441221 12
1313441281 12
1313441341 11
1313441401 11
1313441461 10
1313441521 9
1313441581 12
1313441641 10
1313441701 11
1313441762 11
1313441821 12
1313441881 13
1313441941 12
1313442001 12
1313442061 11
1313442121 10
1313442181 9
1313442241 12
1313442301 10
1313442362 11
1313442422 11
1313442481 10
1313442541 11
1313442601 10
1313442661 11
1313442721 10
1313442781 9
1313442841 8
1313442901 11
1313442961 9
1313443021 10
1313443082 11
1313443141 10
1313443201 11
1313443261 10
1313443321 11
1313443381 11
1313443441 9
1313443501 8
1313443561 11
1313443622 9
1313443681 10
1313443741 11
1313443801 10
1313443861 11
1313443921 10
1313443981 11
1313444041 11
1313444101 10
1313444162 10
1313444222 11
1313444281 10
1313444341 11
1313444401 12
1313444461 11
1313444521 12
1313444581 10
1313444641 12
1313444702 12
1313444762 10
1313444821 10
1313444881 11
1313444941 11
1313445001 11
1313445061 12
1313445121 11
1313445181 12
1313445241 10
1313445302 11
1313445361 12
1313445421 11
1313445481 10
1313445541 11
1313445603 10
1313445661 10
1313445721 11
1313445781 10
1313445841 11
1313445902 10
1313445962 11
1313446021 10
1313446081 11
1313446141 9
1313446201 10
1313446261 10
1313446321 10
1313446381 11
1313446441 10
1313446501 10
1313446561 10
1313446622 11
1313446681 11
1313446741 13
1313446801 12
1313446861 12
1313446921 12
1313446981 12
1313447041 13
1313447101 12
1313447161 13
1313447222 12
1313447281 13
1313447341 12
1313447401 13
1313447461 12
1313447521 12
1313447581 14
1313447641 16
1313447701 17
1313447762 14
1313447822 17
1313447881 16
1313447941 16
1313448001 15
1313448061 16
1313448121 15
1313448181 14
1313448241 12
1313448301 13
1313448362 13
1313448421 12
1313448481 13
1313448541 12
1313448601 13
1313448661 12
1313448721 13
1313448781 12
1313448841 12
1313448901 14
1313448961 13
1313449022 13
1313449081 11
1313449141 13
1313449201 12
1313449261 14
1313449322 13
1313449381 13
1313449441 12
1313449501 12
1313449561 13
1313449621 12
1313449681 13
1313449741 13
1313449801 14
1313449862 14
1313449921 15
1313449981 15
1313450041 16
1313450101 16
1313450161 13
1313450221 16
1313450281 15
1313450341 15
1313450402 15
1313450462 17
1313450521 18
1313450581 18
1313450641 17
1313450701 19
1313450761 20
1313450821 18
1313450881 20
1313450941 18
1313451001 19
1313451062 19
1313451121 20
1313451181 20
1313451241 21
1313451301 21
1313451361 21
1313451421 22
1313451481 22
1313451541 23
1313451601 21
1313451662 21
1313451721 23
1313451781 24
1313451841 24
1313451901 23
1313451961 26
1313452021 25
1313452081 27
1313452141 25
1313452201 24
1313452262 23
1313452322 23
1313452381 24
1313452441 24
1313452501 25
1313452561 22
1313452621 22
1313452681 24
1313452741 25
1313452801 26
1313452862 24
1313452921 24
1313452981 23
1313453041 26
1313453101 26
1313453161 26
1313453221 24
1313453281 22
1313453341 23
1313453401 23
1313453461 24
1313453522 22
1313453581 23
1313453641 23
1313453701 25
1313453761 29
1313453821 30
1313453881 32
1313453941 33
1313454001 35
1313454061 36
1313454122 34
1313454181 34
1313454241 34
1313454301 37
1313454361 37
1313454421 42
1313454481 39
1313454541 41
1313454601 42
1313454662 43
1313454722 48
1313454781 49
1313454841 50
1313454901 51
1313454961 51
1313455021 55
1313455081 58
1313455141 60
1313455201 63
1313455262 64
1313455321 66
1313455381 67
1313455441 68
1313455501 67
1313455561 66
1313455621 63
1313455681 69
1313455741 65
1313455801 66
1313455862 69
1313455921 68
1313455981 72
1313456041 70
1313456101 73
1313456161 76
1313456221 76
1313456281 76
1313456341 76
1313456402 79
1313456461 79
1313456521 80
1313456581 79
1313456641 80
1313456701 81
1313456761 81
1313456821 84
1313456881 84
1313456941 85
1313457001 78
1313457061 83
1313457121 85
1313457181 85
1313457242 85
1313457301 82
1313457361 85
1313457421 84
1313457481 86
1313457541 87
1313457601 91
1313457661 89
1313457722 89
1313457782 89
1313457841 91
1313457901 92
1313457961 95
1313458021 99
1313458081 97
1313458141 96
1313458201 98
1313458261 98
1313458321 96
1313458381 96
1313458442 98
1313458502 100
1313458561 99
1313458621 97
1313458681 96
1313458741 98
1313458801 96
1313458861 97
1313458921 99
1313458981 104
1313459042 108
1313459101 108
1313459161 111
1313459221 111
1313459281 111
1313459341 110
1313459401 109
1313459461 113
1313459521 118
1313459581 113
1313459642 118
1313459701 125
1313459761 124
1313459821 121
1313459881 124
1313459941 126
1313460001 126
1313460061 124
1313460121 125
1313460181 122
1313460242 118
1313460301 114
1313460361 114
1313460421 118
1313460481 118
1313460541 116
1313460601 115
1313460661 116
1313460721 118
1313460782 121
1313460842 121
1313460901 126
1313460961 128
1313461021 128
1313461081 125
1313461141 127
1313461201 130
1313461261 129
1313461321 127
1313461381 133
1313461442 134
1313461501 140
1313461561 142
1313461621 140
1313461681 137
1313461741 139
1313461801 140
1313461861 138
1313461921 141
1313461981 140
1313462041 135
1313462102 130
1313462161 130
1313462221 132
1313462281 131
1313462341 130
1313462401 130
1313462462 132
1313462521 129
1313462581 124
1313462641 128
1313462701 124
1313462761 125
1313462821 123
1313462881 126
1313462941 127
1313463001 129
1313463062 128
1313463122 129
1313463181 133
1313463241 130
1313463301 131
1313463361 131
1313463421 130
1313463481 132
1313463541 132
1313463601 130
1313463661 126
1313463721 124
1313463781 123
1313463841 124
1313463901 125
1313463961 123
1313464021 130
1313464081 125
1313464142 127
1313464201 128
1313464261 131
1313464321 130
1313464381 128
1313464441 129
1313464501 128
1313464561 125
1313464621 125
1313464681 127
1313464742 128
1313464801 128
1313464861 123
1313464921 125
1313464982 124
1313465041 122
1313465101 120
1313465161 120
1313465221 119
1313465281 119
1313465341 119
1313465402 118
1313465461 120
1313465521 117
1313465581 115
1313465641 116
1313465701 114
1313465761 110
1313465821 111
1313465881 111
1313465942 115
1313466002 116
1313466061 115
1313466121 120
1313466181 121
1313466241 119
1313466301 118
1313466361 117
1313466421 114
1313466481 113
1313466542 110
1313466601 112
1313466661 115
1313466721 107
1313466781 108
1313466841 107
1313466901 106
1313466961 104
1313467021 99
1313467082 105
1313467141 102
1313467201 106
1313467261 109
1313467321 111
1313467381 106
1313467441 109
1313467501 105
1313467561 107
1313467621 109
1313467681 105
1313467742 104
1313467801 102
1313467861 103
1313467921 99
1313467981 99
1313468041 100
1313468101 101
1313468161 100
1313468221 95
1313468281 98
1313468342 95
1313468401 95
1313468461 90
1313468521 92
1313468581 91
1313468641 87
1313468701 94
1313468761 93
1313468821 94
1313468881 91
1313468941 89
1313469002 90
1313469061 91
1313469121 91
1313469181 96
1313469241 99
1313469301 97
1313469361 99
1313469421 97
1313469481 98
1313469542 97
1313469601 96
1313469661 93
1313469721 92
1313469781 91
1313469841 92
1313469901 90
1313469961 89
1313470022 90
1313470081 89
1313470141 86
1313470201 88
1313470261 90
1313470321 89
1313470381 89
1313470441 86
1313470501 84
1313470561 86
1313470622 84
1313470681 89
1313470741 91
1313470801 89
1313470861 94
1313470921 93
1313470981 94
1313471041 92
1313471101 92
1313471161 91
1313471222 91
1313471281 91
1313471341 90
1313471401 90
1313471461 87
1313471521 90
1313471581 88
1313471641 93
1313471701 90
1313471761 90
1313471822 89
1313471881 85
1313471941 86
1313472001 84
1313472061 84
1313472121 82
1313472181 85
1313472241 84
1313472302 85
1313472361 83
1313472421 84
1313472481 85
1313472541 82
1313472601 83
1313472661 83
1313472722 82
1313472782 81
1313472841 79
1313472901 82
1313472961 83
1313473021 84
1313473081 83
1313473141 86
1313473201 88
1313473261 91
1313473322 93
1313473382 94
1313473441 95
1313473501 95
1313473561 97
1313473621 102
1313473681 100
1313473741 100
1313473801 99
1313473861 101
1313473921 101
1313473981 102
1313474042 100
1313474102 102
1313474161 99
1313474221 97
1313474281 99
1313474341 99
1313474401 98
1313474461 100
1313474521 106
1313474581 103
1313474641 104
1313474701 103
1313474761 103
1313474821 102
1313474881 102
1313474941 100
1313475001 102
1313475061 99
1313475121 101
1313475182 106
1313475241 104
1313475301 104
1313475361 105
1313475421 103
1313475481 104
1313475541 105
1313475601 102
1313475661 106
1313475722 104
1313475781 106
1313475841 107
1313475901 112
1313475961 114
1313476021 119
1313476081 121
1313476141 120
1313476201 120
1313476261 117
1313476321 119
1313476382 112
1313476442 115
1313476501 111
1313476561 113
1313476621 113
1313476681 113
1313476741 117
1313476801 118
1313476861 118
1313476922 113
1313476982 116
1313477041 114
1313477101 117
1313477161 116
1313477221 113
1313477281 110
1313477341 111
1313477402 110
1313477462 108
1313477522 113
1313477581 112
1313477641 111
1313477701 110
1313477761 112
1313477821 110
1313477881 111
1313477942 109
1313478001 113
1313478061 114
1313478121 111
1313478181 107
1313478241 110
1313478301 102
1313478361 108
1313478421 112
1313478481 108
1313478541 109
1313478601 108
1313478661 109
1313478721 109
1313478782 111
1313478841 108
1313478901 109
1313478961 103
1313479021 107
1313479081 106
1313479141 107
1313479201 107
1313479261 107
1313479321 110
1313479381 107
1313479442 105
1313479501 105
1313479561 105
1313479621 101
1313479681 104
1313479741 104
1313479801 100
1313479861 96
1313479921 94
1313479982 96
1313480041 98
1313480101 97
1313480161 99
1313480221 98
1313480281 98
1313480341 97
1313480401 98
1313480461 99
1313480522 96
1313480581 98
1313480641 99
1313480701 102
1313480761 100
1313480821 105
1313480881 102
1313480941 104
1313481001 103
1313481061 101
1313481121 103
1313481181 101
1313481241 104
1313481302 107
1313481361 106
1313481421 104
1313481481 105
1313481541 104
1313481601 104
1313481661 108
1313481721 104
1313481782 105
1313481841 101
1313481901 102
1313481961 103
1313482021 100
1313482081 105
1313482141 103
1313482201 103
1313482261 103
1313482321 102
1313482382 101
1313482441 103
1313482501 105
1313482561 107
1313482621 107
1313482681 109
1313482741 113
1313482801 112
1313482861 112
1313482922 112
1313482981 112
1313483041 111
1313483101 109
1313483161 108
1313483221 105
1313483281 101
1313483341 101
1313483401 102
1313483462 100
1313483521 96
1313483581 99
1313483641 99
1313483701 99
1313483761 99
1313483821 97
1313483881 97
1313483941 91
1313484001 91
1313484061 92
1313484121 96
1313484181 93
1313484241 92
1313484302 92
1313484362 90
1313484421 91
1313484481 91
1313484541 93
1313484601 92
1313484661 89
1313484721 86
1313484781 88
1313484841 86
1313484901 84
1313484962 85
1313485021 85
1313485081 83
1313485141 81
1313485201 80
1313485261 82
1313485321 81
1313485381 86
1313485441 82
1313485502 83
1313485561 82
1313485621 85
1313485681 83
1313485741 83
1313485801 84
1313485861 82
1313485921 84
1313485982 83
1313486041 83
1313486101 80
1313486161 79
1313486221 78
1313486281 77
1313486341 77
1313486401 76
1313486461 76
1313486522 74
1313486581 72
1313486641 71
1313486701 71
1313486761 72
1313486822 71
1313486882 70
1313486941 69
1313487001 71
1313487061 71
1313487121 69
1313487181 68
1313487241 69
1313487301 64
1313487361 64
1313487422 63
1313487481 64
1313487541 63
1313487601 63
1313487661 61
1313487721 60
1313487782 62
1313487841 61
1313487901 63
1313487961 63
1313488022 66
1313488081 65
1313488141 67
1313488201 69
1313488261 68
1313488321 66
1313488381 64
1313488441 66
1313488501 67
1313488561 67
1313488622 64
1313488682 64
1313488741 64
1313488801 58
1313488861 61
1313488921 61
1313488981 59
1313489041 59
1313489101 58
1313489162 58
1313489221 58
1313489281 58
1313489341 59
1313489401 60
1313489461 57
1313489522 60
1313489581 58
1313489641 60
1313489701 60
1313489761 61
1313489821 60
1313489881 60
1313489941 61
1313490001 59
1313490062 60
1313490121 59
1313490181 59
1313490241 56
1313490301 56
1313490361 52
1313490421 54
1313490481 55
1313490541 51
1313490601 54
1313490662 53
1313490721 53
1313490781 56
1313490841 55
1313490901 57
1313490961 57
1313491021 56
1313491081 57
1313491141 58
1313491201 56
1313491261 58
1313491321 57
1313491381 57
1313491441 57
1313491501 55
1313491561 54
1313491621 55
1313491681 53
1313491741 54
1313491802 54
1313491861 51
1313491921 53
1313491981 51
1313492041 53
1313492101 54
1313492161 52
1313492221 50
1313492281 50
1313492341 51
1313492402 52
1313492461 51
1313492521 54
1313492581 55
1313492641 55
1313492701 55
1313492761 56
1313492821 58
1313492881 59
1313492942 59
1313493002 57
1313493061 57
1313493121 54
1313493181 54
1313493241 56
1313493301 56
1313493361 56
1313493421 54
1313493481 51
1313493542 52
1313493602 52
1313493661 55
1313493721 53
1313493781 52
1313493841 53
1313493901 52
1313493961 53
1313494021 52
1313494081 53
1313494142 53
1313494201 54
1313494261 53
1313494321 53
1313494381 56
1313494441 55
1313494501 56
1313494561 54
1313494621 55
1313494681 54
1313494742 54
1313494801 55
1313494861 57
1313494921 60
1313494981 59
1313495041 55
1313495101 59
1313495161 59
1313495221 60
1313495282 60
1313495341 59
1313495401 60
1313495461 56
1313495521 58
1313495581 57
1313495641 59
1313495702 60
1313495762 60
1313495821 61
1313495881 59
1313495941 59
1313496001 58
1313496061 60
1313496121 59
1313496181 61
1313496241 60
1313496302 59
1313496361 62
1313496421 62
1313496481 64
1313496541 65
1313496601 63
1313496661 64
1313496721 65
1313496781 68
1313496841 69
1313496902 69
1313496961 68
1313497021 68
1313497081 68
1313497141 70
1313497201 70
1313497261 69
1313497321 68
1313497381 67
1313497442 64
1313497502 65
1313497561 62
1313497621 63
1313497681 62
1313497741 60
1313497801 62
1313497861 62
1313497921 63
1313497981 67
1313498042 69
1313498101 71
1313498161 69
1313498221 71
1313498281 75
1313498341 75
1313498401 75
1313498461 74
1313498521 73
1313498581 72
1313498642 74
1313498701 74
1313498761 72
1313498821 74
1313498881 74
1313498941 73
1313499001 72
1313499061 75
1313499121 75
1313499182 72
1313499242 73
1313499301 72
1313499361 75
1313499421 74
1313499481 73
1313499541 76
1313499601 77
1313499661 74
1313499721 75
1313499782 74
1313499842 78
1313499901 77
1313499961 81
1313500021 82
1313500082 82
1313500142 78
1313500201 81
1313500261 83
1313500321 82
1313500381 84
1313500441 80
1313500501 83
1313500561 81
1313500622 79
1313500682 78
1313500741 79
1313500801 78
1313500861 77
1313500921 74
1313500981 76
1313501041 74
1313501101 74
1313501161 74
1313501222 76
1313501282 77
1313501341 76
1313501401 78
1313501461 76
1313501521 75
1313501581 75
1313501641 76
1313501701 76
1313501761 77
1313501822 75
1313501881 73
1313501941 74
1313502001 73
1313502061 75
1313502121 76
1313502181 75
1313502241 72
1313502302 69
1313502362 71
1313502421 71
1313502481 68
1313502541 69
1313502601 71
1313502661 71
1313502721 71
1313502781 67
1313502841 69
1313502902 69
1313502962 67
1313503021 64
1313503081 63
1313503141 65
1313503201 63
1313503262 65
1313503322 65
1313503381 68
1313503441 68
1313503501 69
1313503561 72
1313503621 72
1313503681 75
1313503741 72
1313503801 70
1313503861 71
1313503922 70
1313503981 69
1313504041 69
1313504101 66
1313504161 65
1313504221 66
1313504281 68
1313504341 65
1313504401 63
1313504461 63
1313504522 63
1313504581 63
1313504641 63
1313504701 63
1313504761 61
1313504821 58
1313504881 58
1313504941 57
1313505001 59
1313505061 55
1313505122 53
1313505182 53
1313505241 53
1313505301 53
1313505361 53
1313505421 55
1313505481 55
1313505541 57
1313505601 55
1313505661 58
1313505721 59
1313505782 57
1313505841 57
1313505901 56
1313505961 55
1313506021 54
1313506081 55
1313506141 53
1313506201 53
1313506261 53
1313506322 54
1313506381 54
1313506441 51
1313506501 50
1313506561 50
1313506621 54
1313506681 50
1313506741 56
1313506801 54
1313506861 53
1313506922 54
1313506982 58
1313507041 56
1313507101 56
1313507161 55
1313507221 51
1313507281 51
1313507341 52
1313507401 56
1313507462 55
1313507522 54
1313507581 51
1313507641 52
1313507701 51
1313507761 51
1313507821 51
1313507881 47
1313507941 47
1313508001 44
1313508062 45
1313508121 41
1313508181 41
1313508241 42
1313508301 40
1313508361 40
1313508421 40
1313508481 43
1313508542 39
1313508602 42
1313508661 39
1313508721 38
1313508781 39
1313508841 38
1313508901 40
1313508961 38
1313509021 38
1313509081 35
1313509142 36
1313509201 36
1313509261 35
1313509321 38
1313509381 36
1313509441 35
1313509501 38
1313509561 37
1313509622 34
1313509681 38
1313509741 33
1313509801 34
1313509861 38
1313509921 39
1313509981 36
1313510041 37
1313510101 34
1313510161 34
1313510222 36
1313510281 35
1313510341 36
1313510401 31
