1308326461 17
1308326521 16
1308326581 17
1308326641 16
1308326701 16
1308326762 16
1308326821 17
1308326881 16
1308326941 16
1308327001 17
1308327061 16
1308327121 17
1308327181 16
1308327241 17
1308327301 15
1308327361 16
1308327421 15
1308327481 16
1308327542 15
1308327601 16
1308327661 17
1308327721 16
1308327781 16
1308327841 16
1308327901 16
1308327961 13
1308328021 15
1308328081 14
1308328141 15
1308328201 13
1308328261 16
1308328322 19
1308328381 19
1308328441 20
1308328501 19
1308328561 19
1308328621 18
1308328681 18
1308328741 18
1308328801 18
1308328861 17
1308328921 14
1308328982 17
1308329041 16
1308329101 17
1308329161 17
1308329221 17
1308329281 16
1308329341 13
1308329401 15
1308329461 16
1308329521 15
1308329581 15
1308329641 15
1308329701 16
1308329761 16
1308329821 15
1308329881 16
1308329941 15
1308330001 13
1308330062 13
1308330121 15
1308330181 12
1308330241 11
1308330301 11
1308330361 12
1308330421 12
1308330481 11
1308330542 12
1308330601 11
1308330661 10
1308330721 12
1308330781 10
1308330841 12
1308330901 10
1308330961 12
1308331021 12
1308331081 12
1308331141 11
1308331202 12
1308331261 11
1308331321 9
1308331381 12
1308331441 10
1308331501 12
1308331561 10
1308331621 12
1308331681 12
1308331741 12
1308331801 11
1308331861 12
1308331921 11
1308331982 9
1308332041 12
1308332101 10
1308332161 11
1308332221 10
1308332281 12
1308332341 12
1308332401 12
1308332461 11
1308332521 12
1308332581 10
1308332641 10
1308332702 12
1308332762 11
1308332821 11
1308332881 9
1308332941 12
1308333001 12
1308333061 12
1308333121 11
1308333181 12
1308333241 10
1308333301 11
1308333361 10
1308333421 11
1308333482 12
1308333541 11
1308333601 12
1308333661 12
1308333721 12
1308333781 11
1308333841 11
1308333901 10
1308333961 10
1308334021 9
1308334081 9
1308334141 9
1308334202 9
1308334261 10
1308334321 10
1308334381 10
1308334441 10
1308334501 10
1308334561 9
1308334621 9
1308334681 8
1308334741 8
1308334801 8
1308334862 8
1308334921 9
1308334981 9
1308335041 9
1308335101 9
1308335161 9
1308335221 8
1308335281 8
1308335341 7
1308335401 8
1308335461 8
1308335521 8
1308335582 9
1308335641 9
1308335701 9
1308335761 9
1308335821 9
1308335881 9
1308335941 7
1308336001 8
1308336061 8
1308336121 8
1308336181 8
1308336242 9
1308336301 7
1308336361 9
1308336421 9
1308336481 9
1308336541 9
1308336601 7
1308336661 8
1308336721 8
1308336781 9
1308336841 9
1308336902 9
1308336961 8
1308337021 9
1308337081 9
1308337141 9
1308337201 8
1308337261 7
1308337321 9
1308337381 7
1308337441 8
1308337501 9
1308337562 9
1308337621 8
1308337681 9
1308337741 9
1308337801 9
1308337861 8
1308337921 8
1308337981 9
1308338041 8
1308338101 7
1308338161 9
1308338222 9
1308338281 9
1308338341 9
1308338401 9
1308338461 9
1308338521 6
1308338581 8
1308338641 9
1308338701 9
1308338761 8
1308338821 8
1308338881 8
1308338941 8
1308339002 8
1308339061 8
1308339121 8
1308339181 5
1308339241 8
1308339301 7
1308339361 7
1308339421 7
1308339481 8
1308339541 8
1308339601 8
1308339661 8
1308339721 8
1308339781 8
1308339842 4
1308339901 8
1308339961 7
1308340021 7
1308340081 6
1308340141 8
1308340201 8
1308340261 8
1308340321 8
1308340381 8
1308340441 8
1308340502 5
1308340561 8
1308340621 7
1308340681 8
1308340741 7
1308340801 8
1308340861 8
1308340921 8
1308340981 8
1308341041 8
1308341101 8
1308341161 6
1308341221 8
1308341282 6
1308341341 8
1308341401 7
1308341461 8
1308341521 8
1308341581 8
1308341641 8
1308341701 8
1308341761 8
1308341821 5
1308341881 8
1308341941 5
1308342002 8
1308342061 8
1308342121 8
1308342181 8
1308342241 8
1308342301 8
1308342361 8
1308342421 8
1308342481 5
1308342541 8
1308342601 7
1308342661 8
1308342721 8
1308342782 8
1308342841 8
1308342901 8
1308342961 7
1308343021 8
1308343081 8
1308343141 5
1308343201 7
1308343261 6
1308343321 8
1308343381 8
1308343441 8
1308343501 8
1308343561 8
1308343621 7
1308343681 8
1308343741 8
1308343801 5
1308343861 7
1308343921 6
1308343981 8
1308344041 8
1308344101 8
1308344162 8
1308344221 8
1308344281 7
1308344341 8
1308344401 8
1308344461 6
1308344521 6
1308344581 6
1308344641 8
1308344701 8
1308344761 8
1308344821 8
1308344882 8
1308344941 7
1308345001 8
1308345061 8
1308345121 7
1308345181 6
1308345241 6
1308345301 8
1308345361 8
1308345421 8
1308345481 8
1308345541 8
1308345602 7
1308345661 8
1308345721 8
1308345781 7
1308345841 7
1308345901 6
1308345961 8
1308346021 8
1308346081 8
1308346141 8
1308346201 8
1308346261 7
1308346322 7
1308346381 8
1308346441 6
1308346501 7
1308346561 6
1308346621 8
1308346681 8
1308346741 8
1308346801 8
1308346861 8
1308346921 8
1308346981 7
1308347041 8
1308347102 6
1308347161 7
1308347221 6
1308347281 8
1308347341 8
1308347401 8
1308347461 8
1308347521 7
1308347581 7
1308347641 7
1308347701 8
1308347761 6
1308347822 8
1308347881 6
1308347941 8
1308348001 8
1308348061 8
1308348121 8
1308348181 8
1308348241 7
1308348301 7
1308348361 8
1308348421 6
1308348481 8
1308348541 7
1308348602 7
1308348661 8
1308348721 8
1308348781 8
1308348841 8
1308348901 8
1308348961 7
1308349021 8
1308349081 6
1308349141 8
1308349201 7
1308349261 7
1308349322 8
1308349381 8
1308349441 8
1308349501 7
1308349561 8
1308349621 7
1308349681 8
1308349741 6
1308349801 8
1308349861 7
1308349921 7
1308349981 8
1308350042 8
1308350102 8
1308350161 7
1308350221 9
1308350281 8
1308350341 9
1308350401 7
1308350461 9
1308350521 8
1308350581 8
1308350641 9
1308350701 9
1308350761 9
1308350822 9
1308350881 9
1308350941 8
1308351001 9
1308351061 7
1308351121 9
1308351181 8
1308351241 8
1308351301 9
1308351361 10
1308351421 9
1308351481 11
1308351542 11
1308351601 10
1308351661 11
1308351721 10
1308351781 12
1308351841 11
1308351901 11
1308351961 11
1308352021 11
1308352081 11
1308352141 12
1308352201 12
1308352261 11
1308352322 12
1308352381 11
1308352441 12
1308352501 12
1308352561 12
1308352621 13
1308352681 13
1308352741 14
1308352801 15
1308352861 15
1308352921 15
1308352982 15
1308353041 14
1308353101 15
1308353161 14
1308353221 12
1308353281 12
1308353341 12
1308353401 12
1308353461 13
1308353521 12
1308353581 12
1308353641 13
1308353702 10
1308353761 13
1308353821 13
1308353881 13
1308353941 15
1308354001 15
1308354061 15
1308354121 16
1308354181 15
1308354241 14
1308354301 15
1308354361 13
1308354422 14
1308354481 15
1308354541 13
1308354601 16
1308354661 15
1308354721 15
1308354781 14
1308354841 15
1308354901 14
1308354961 16
1308355021 15
1308355081 14
1308355142 14
1308355201 13
1308355261 14
1308355321 14
1308355381 13
1308355441 13
1308355501 14
1308355561 12
1308355621 13
1308355681 13
1308355741 13
1308355801 12
1308355861 14
1308355922 15
1308355981 15
1308356041 14
1308356101 15
1308356161 14
1308356221 15
1308356281 15
1308356341 15
1308356401 13
1308356461 14
1308356521 14
1308356581 15
1308356642 15
1308356701 14
1308356761 15
1308356821 15
1308356881 15
1308356941 15
1308357001 13
1308357061 13
1308357121 14
1308357181 14
1308357241 15
1308357301 15
1308357361 14
1308357422 14
1308357481 13
1308357541 15
1308357601 15
1308357661 12
1308357721 15
1308357781 17
1308357841 17
1308357901 17
1308357961 17
1308358021 16
1308358081 18
1308358142 18
1308358201 18
1308358261 17
1308358321 17
1308358381 15
1308358441 16
1308358501 17
1308358561 17
1308358621 17
1308358681 16
1308358741 15
1308358801 17
1308358861 19
1308358922 17
1308358981 19
1308359041 17
1308359101 18
1308359161 19
1308359221 19
1308359281 19
1308359341 19
1308359401 16
1308359461 18
1308359521 19
1308359582 19
1308359641 20
1308359701 19
1308359761 20
1308359821 21
1308359881 21
1308359941 20
1308360001 22
1308360061 20
1308360121 19
1308360181 20
1308360242 20
1308360301 20
1308360361 19
1308360421 19
1308360481 20
1308360541 20
1308360601 20
1308360661 19
1308360721 18
1308360781 17
1308360841 19
1308360901 18
1308360961 19
1308361022 20
1308361081 20
1308361141 20
1308361201 21
1308361261 21
1308361321 20
1308361381 20
1308361441 22
1308361501 21
1308361561 21
1308361621 20
1308361682 21
1308361741 21
1308361801 20
1308361861 22
1308361921 22
1308361981 21
1308362041 19
1308362101 22
1308362161 22
1308362221 20
1308362281 21
1308362341 22
1308362401 21
1308362461 21
1308362521 22
1308362581 22
1308362641 21
1308362701 23
1308362761 23
1308362821 23
1308362881 21
1308362941 23
1308363001 25
1308363062 24
1308363121 23
1308363181 22
1308363241 23
1308363301 22
1308363361 23
1308363421 23
1308363481 23
1308363541 20
1308363601 20
1308363661 22
1308363721 22
1308363782 23
1308363841 22
1308363901 20
1308363961 21
1308364021 21
1308364081 22
1308364141 21
1308364201 21
1308364261 21
1308364321 22
1308364381 21
1308364441 21
1308364501 19
1308364562 19
1308364621 20
1308364681 19
1308364741 21
1308364801 19
1308364861 18
1308364921 20
1308364981 19
1308365041 19
1308365101 19
1308365161 18
1308365221 17
1308365281 18
1308365342 18
1308365401 18
1308365461 18
1308365521 17
1308365581 18
1308365641 19
1308365701 18
1308365761 20
1308365821 20
1308365881 19
1308365941 19
1308366001 19
1308366062 19
1308366121 18
1308366181 19
1308366241 21
1308366301 21
1308366361 18
1308366421 22
1308366481 23
1308366541 23
1308366601 23
1308366661 24
1308366721 24
1308366781 24
1308366842 23
1308366901 26
1308366961 26
1308367021 23
1308367081 22
1308367141 24
1308367201 25
1308367261 23
1308367321 25
1308367381 24
1308367441 24
1308367502 24
1308367561 24
1308367621 25
1308367681 24
1308367741 23
1308367801 23
1308367861 25
1308367921 24
1308367981 25
1308368041 25
1308368101 24
1308368161 24
1308368222 22
1308368282 25
1308368341 22
1308368401 23
1308368461 23
1308368521 25
1308368581 25
1308368641 25
1308368701 25
1308368761 24
1308368821 25
1308368881 26
1308368942 26
1308369001 25
1308369061 25
1308369121 25
1308369181 24
1308369241 22
1308369301 24
1308369361 24
1308369421 23
1308369481 20
1308369541 24
1308369601 24
1308369661 23
1308369722 23
1308369781 23
1308369841 24
1308369901 22
1308369961 25
1308370021 25
1308370081 23
1308370141 23
1308370201 23
1308370261 24
1308370321 24
1308370381 22
1308370441 22
1308370501 24
1308370561 23
1308370621 25
1308370681 25
1308370741 25
1308370801 25
1308370861 24
1308370921 24
1308370981 24
1308371041 24
1308371101 22
1308371161 23
1308371222 22
1308371281 23
1308371341 21
1308371401 21
1308371461 22
1308371521 20
1308371581 20
1308371641 21
1308371701 20
1308371761 20
1308371821 20
1308371881 23
1308371942 23
1308372001 22
1308372061 22
1308372121 24
1308372181 25
1308372241 25
1308372301 25
1308372361 24
1308372421 26
1308372481 24
1308372541 25
1308372602 25
1308372661 25
1308372721 26
1308372781 25
1308372841 26
1308372901 26
1308372961 25
1308373021 26
1308373081 25
1308373141 24
1308373201 25
1308373261 23
1308373322 22
1308373381 22
1308373441 22
1308373501 24
1308373561 23
1308373621 22
1308373681 23
1308373741 23
1308373801 24
1308373861 26
1308373921 26
1308373981 24
1308374042 24
1308374101 22
1308374161 23
1308374221 23
1308374281 24
1308374341 24
1308374401 22
1308374461 23
1308374521 22
1308374581 23
1308374641 19
1308374701 23
1308374762 22
1308374821 24
1308374881 22
1308374941 23
1308375001 24
1308375061 22
1308375121 25
1308375181 24
1308375241 25
1308375301 25
1308375361 26
1308375421 23
1308375481 24
1308375542 23
1308375601 24
1308375661 23
1308375721 23
1308375781 22
1308375841 22
1308375901 22
1308375961 22
1308376021 25
1308376081 25
1308376141 25
1308376202 23
1308376261 25
1308376321 24
1308376381 26
1308376441 27
1308376501 27
1308376561 27
1308376621 23
1308376681 25
1308376741 25
1308376801 24
1308376861 24
1308376922 25
1308376981 22
1308377041 23
1308377101 21
1308377161 22
1308377221 23
1308377281 21
1308377341 24
1308377401 24
1308377461 22
1308377521 23
1308377581 24
1308377642 22
1308377701 24
1308377761 24
1308377821 23
1308377881 22
1308377941 21
1308378001 22
1308378061 22
1308378121 22
1308378181 22
1308378241 22
1308378301 21
1308378362 23
1308378421 22
1308378481 23
1308378541 23
1308378601 23
1308378661 22
1308378721 22
1308378781 22
1308378841 21
1308378901 21
1308378961 20
1308379021 24
1308379081 24
1308379142 25
1308379201 23
1308379261 24
1308379321 21
1308379381 24
1308379441 23
1308379501 21
1308379561 24
1308379621 21
1308379681 22
1308379741 20
1308379801 23
1308379862 23
1308379921 26
1308379981 23
1308380041 27
1308380101 27
1308380161 25
1308380221 25
1308380281 27
1308380341 27
1308380401 25
1308380461 23
1308380522 23
1308380581 24
1308380641 22
1308380701 24
1308380761 24
1308380821 22
1308380881 21
1308380941 22
1308381001 22
1308381061 21
1308381121 18
1308381182 20
1308381241 19
1308381301 18
1308381361 18
1308381421 18
1308381481 17
1308381541 18
1308381601 18
1308381661 20
1308381721 20
1308381781 19
1308381842 20
1308381901 17
1308381961 18
1308382021 17
1308382081 16
1308382141 15
1308382201 14
1308382261 13
1308382321 14
1308382381 12
1308382441 13
1308382501 14
1308382562 14
1308382621 14
1308382681 14
1308382741 13
1308382801 14
1308382861 14
1308382921 13
1308382981 13
1308383041 12
1308383101 13
1308383161 12
1308383221 13
1308383282 13
1308383341 14
1308383401 14
1308383461 14
1308383521 14
1308383581 13
1308383641 13
1308383701 13
1308383761 13
1308383821 12
1308383881 13
1308383941 12
1308384002 13
1308384061 13
1308384121 13
1308384181 14
1308384241 13
1308384301 13
1308384361 14
1308384421 13
1308384481 14
1308384541 15
1308384601 15
1308384662 14
1308384721 15
1308384781 15
1308384841 15
1308384901 13
1308384961 12
1308385021 13
1308385081 11
1308385141 12
1308385201 13
1308385261 14
1308385321 14
1308385382 15
1308385441 15
1308385501 15
1308385561 15
1308385621 15
1308385681 15
1308385741 15
1308385801 15
1308385861 14
1308385921 14
1308385981 14
1308386041 16
1308386101 15
1308386162 16
1308386221 16
1308386281 17
1308386341 17
1308386401 14
1308386461 17
1308386521 16
1308386581 16
1308386641 15
1308386701 17
1308386761 17
1308386822 17
1308386881 17
1308386941 18
1308387001 18
1308387061 16
1308387121 18
1308387181 16
1308387241 17
1308387301 16
1308387361 17
1308387421 16
1308387481 15
1308387541 17
1308387601 17
1308387662 17
1308387721 17
1308387781 17
1308387841 17
1308387901 16
1308387961 17
1308388021 17
1308388081 16
1308388141 16
1308388201 17
1308388261 17
1308388321 16
1308388382 16
1308388441 15
1308388501 16
1308388561 16
1308388621 17
1308388681 16
1308388741 16
1308388801 15
1308388861 15
1308388921 17
1308388981 18
1308389042 16
1308389102 17
1308389161 15
1308389221 16
1308389281 17
1308389341 15
1308389401 17
1308389461 17
1308389521 16
1308389581 17
1308389641 17
1308389701 16
1308389761 16
1308389821 16
1308389882 16
1308389941 16
1308390001 15
1308390061 16
1308390121 16
1308390181 15
1308390241 17
1308390301 16
1308390361 16
1308390421 15
1308390481 16
1308390542 15
1308390601 16
1308390661 16
1308390721 16
1308390781 16
1308390841 15
1308390901 13
1308390961 13
1308391021 13
1308391081 13
1308391141 13
1308391202 12
1308391261 11
1308391321 10
1308391381 8
1308391441 10
1308391501 10
1308391561 11
1308391621 11
1308391681 10
1308391741 12
1308391801 12
1308391861 12
1308391921 10
1308391982 12
1308392041 10
1308392101 12
1308392161 11
1308392221 12
1308392281 11
1308392341 11
1308392401 11
1308392461 13
1308392521 13
1308392581 12
1308392642 12
1308392701 12
1308392761 12
1308392821 11
1308392881 12
1308392941 11
1308393001 12
1308393061 11
1308393121 14
1308393181 14
1308393241 14
1308393301 13
1308393362 14
1308393421 13
1308393481 13
1308393541 13
1308393601 12
1308393661 14
1308393721 13
1308393781 13
1308393841 13
1308393901 14
1308393961 13
1308394021 14
1308394082 14
1308394141 14
1308394201 14
1308394261 15
1308394321 13
1308394381 14
1308394441 16
1308394501 16
1308394561 15
1308394621 15
1308394681 16
1308394741 15
1308394802 15
1308394861 16
1308394921 17
1308394981 16
1308395041 14
1308395101 15
1308395161 15
1308395221 14
1308395281 13
1308395341 15
1308395401 14
1308395461 11
1308395521 13
1308395582 14
1308395641 14
1308395701 14
1308395761 15
1308395821 16
1308395881 14
1308395941 14
1308396001 14
1308396061 13
1308396121 12
1308396181 13
1308396241 14
1308396301 12
1308396362 14
1308396421 13
1308396481 13
1308396541 12
1308396601 12
1308396661 12
1308396721 13
1308396781 13
1308396841 11
1308396901 13
1308396961 11
1308397021 12
1308397081 13
1308397142 12
1308397201 11
1308397261 12
1308397321 14
1308397381 14
1308397441 14
1308397501 13
1308397561 13
1308397621 15
1308397681 14
1308397741 15
1308397801 15
1308397861 14
1308397922 12
1308397981 12
1308398041 12
1308398101 13
1308398161 13
1308398221 13
1308398281 13
1308398341 13
1308398401 13
1308398461 13
1308398521 13
1308398581 14
1308398641 14
1308398702 13
1308398761 14
1308398821 15
1308398881 15
1308398941 15
1308399001 15
1308399061 14
1308399121 14
1308399181 13
1308399242 14
1308399301 14
1308399361 14
1308399421 13
1308399481 14
1308399541 15
1308399601 15
1308399661 15
1308399721 14
1308399781 16
1308399841 15
1308399901 16
1308399962 16
1308400021 16
1308400081 15
1308400141 15
1308400201 16
1308400261 16
1308400321 18
1308400381 16
1308400441 17
1308400501 17
1308400561 15
1308400621 16
1308400682 16
1308400741 16
1308400801 17
1308400861 18
1308400921 17
1308400981 19
1308401041 19
1308401101 19
1308401161 20
1308401221 20
1308401281 19
1308401341 18
1308401401 19
1308401462 19
1308401521 19
1308401581 19
1308401641 20
1308401701 20
1308401761 19
1308401821 17
1308401881 19
1308401941 19
1308402001 19
1308402061 17
1308402121 17
1308402182 15
1308402241 13
1308402301 15
1308402361 15
1308402421 14
1308402481 13
1308402541 15
1308402601 15
1308402661 15
1308402721 15
1308402781 14
1308402841 14
1308402901 14
1308402962 14
1308403021 15
1308403081 17
1308403141 16
1308403201 17
1308403261 16
1308403321 15
1308403381 17
1308403441 16
1308403501 17
1308403561 18
1308403622 17
1308403681 18
1308403741 19
1308403801 19
1308403861 20
1308403921 20
1308403981 20
1308404041 20
1308404101 17
1308404161 18
1308404221 20
1308404282 18
1308404341 17
1308404401 17
1308404461 17
1308404521 19
1308404581 18
1308404641 19
1308404701 18
1308404761 16
1308404821 17
1308404881 18
1308404941 18
1308405002 20
1308405061 20
1308405121 20
1308405181 19
1308405241 21
1308405301 22
1308405361 22
1308405421 22
1308405481 20
1308405541 23
1308405601 23
1308405661 23
1308405722 22
1308405781 23
1308405841 22
1308405901 22
1308405961 23
1308406021 23
1308406081 22
1308406141 23
1308406201 24
1308406261 23
1308406321 24
1308406381 23
1308406441 22
1308406501 22
1308406561 20
1308406621 21
1308406681 22
1308406741 20
1308406801 20
1308406861 20
1308406921 19
1308406981 21
1308407041 21
1308407101 22
1308407162 22
1308407222 21
1308407281 22
1308407341 20
1308407401 16
1308407461 20
1308407521 20
1308407581 20
1308407641 21
1308407701 21
1308407761 21
1308407821 20
1308407881 19
1308407942 22
1308408001 21
1308408061 21
1308408121 21
1308408181 21
1308408241 20
1308408301 21
1308408361 21
1308408421 20
1308408481 21
1308408541 19
1308408601 21
1308408662 20
1308408721 18
1308408781 17
1308408841 18
1308408901 15
1308408961 18
1308409021 19
1308409081 20
1308409141 20
1308409201 20
1308409261 19
1308409321 20
1308409382 19
1308409441 18
1308409501 21
1308409561 19
1308409621 20
1308409681 19
1308409741 16
1308409801 17
1308409861 17
1308409921 18
1308409981 19
1308410041 19
1308410101 18
1308410162 17
1308410221 16
1308410281 18
1308410341 18
1308410401 16
1308410461 16
1308410521 16
1308410581 17
1308410641 19
1308410701 19
1308410761 21
1308410821 20
1308410881 19
1308410942 19
1308411001 18
1308411061 16
1308411121 16
1308411181 16
1308411241 14
1308411301 13
1308411361 12
1308411421 12
1308411481 13
1308411541 12
1308411601 13
1308411662 13
1308411721 12
1308411781 11
1308411841 13
1308411901 12
1308411961 11
1308412021 11
1308412081 11
1308412141 11
1308412201 11
1308412261 11
1308412321 10
1308412382 11
1308412441 10
1308412501 12
1308412561 12
1308412621 11
1308412681 10
1308412741 11
1308412801 11
