1305388801 9
1305388861 9
1305388921 9
1305388981 9
1305389041 8
1305389101 9
1305389161 8
1305389221 9
1305389282 8
1305389341 9
1305389401 10
1305389461 9
1305389521 10
1305389581 11
1305389641 11
1305389701 10
1305389761 10
1305389821 9
1305389881 10
1305389942 9
1305390001 8
1305390061 7
1305390121 7
1305390181 6
1305390241 7
1305390301 7
1305390361 7
1305390421 7
1305390481 6
1305390541 8
1305390602 7
1305390661 7
1305390721 7
1305390781 5
1305390841 5
1305390901 6
1305390961 6
1305391021 5
1305391081 6
1305391141 4
1305391201 5
1305391261 4
1305391321 5
1305391382 5
1305391441 4
1305391501 4
1305391561 5
1305391621 5
1305391681 4
1305391741 5
1305391801 4
1305391861 5
1305391921 4
1305391981 5
1305392041 5
1305392101 4
1305392161 4
1305392221 5
1305392281 5
1305392341 4
1305392401 5
1305392461 4
1305392521 5
1305392581 5
1305392641 5
1305392702 5
1305392762 5
1305392821 5
1305392881 6
1305392941 7
1305393001 6
1305393061 6
1305393121 5
1305393181 6
1305393241 7
1305393301 7
1305393361 7
1305393421 7
1305393482 9
1305393541 10
1305393601 10
1305393661 10
1305393721 10
1305393781 8
1305393841 8
1305393901 9
1305393961 8
1305394021 7
1305394081 5
1305394141 4
1305394202 4
1305394261 4
1305394321 4
1305394381 4
1305394441 4
1305394501 3
1305394561 4
1305394621 4
1305394681 3
1305394741 3
1305394801 4
1305394862 4
1305394921 4
1305394981 4
1305395041 4
1305395101 4
1305395161 3
1305395221 4
1305395281 4
1305395341 3
1305395401 3
1305395461 4
1305395522 4
1305395581 4
1305395641 4
1305395701 4
1305395761 3
1305395821 3
1305395881 4
1305395941 4
1305396001 4
1305396061 3
1305396121 4
1305396181 4
1305396242 4
1305396301 4
1305396361 4
1305396421 4
1305396481 3
1305396541 4
1305396601 3
1305396661 3
1305396721 2
1305396781 4
1305396841 4
1305396901 4
1305396961 4
1305397022 3
1305397081 3
1305397141 3
1305397201 4
1305397261 4
1305397321 4
1305397381 3
1305397441 3
1305397501 4
1305397561 4
1305397621 4
1305397681 4
1305397741 4
1305397801 3
1305397861 4
1305397921 4
1305397981 4
1305398041 3
1305398101 2
1305398161 3
1305398221 3
1305398281 3
1305398341 3
1305398401 3
1305398462 2
1305398521 3
1305398581 3
1305398641 3
1305398701 3
1305398761 3
1305398821 3
1305398881 3
1305398941 3
1305399001 2
1305399061 2
1305399121 2
1305399181 3
1305399242 3
1305399301 3
1305399361 2
1305399421 3
1305399481 3
1305399541 3
1305399601 3
1305399661 3
1305399721 3
1305399781 2
1305399841 3
1305399901 3
1305399962 3
1305400021 2
1305400081 3
1305400141 3
1305400201 3
1305400261 3
1305400321 2
1305400381 2
1305400441 2
1305400501 3
1305400561 3
1305400622 3
1305400681 2
1305400741 3
1305400801 3
1305400861 3
1305400921 3
1305400981 3
1305401041 3
1305401101 2
1305401161 3
1305401221 3
1305401282 3
1305401341 2
1305401401 3
1305401461 3
1305401521 3
1305401581 3
1305401641 3
1305401701 3
1305401761 2
1305401821 3
1305401881 3
1305401941 3
1305402001 2
1305402062 3
1305402121 3
1305402181 3
1305402241 3
1305402301 2
1305402361 3
1305402421 2
1305402481 3
1305402541 3
1305402601 3
1305402661 2
1305402722 3
1305402781 3
1305402841 3
1305402901 3
1305402961 2
1305403021 3
1305403081 2
1305403141 3
1305403201 3
1305403261 3
1305403321 2
1305403381 3
1305403441 3
1305403502 3
1305403561 3
1305403621 3
1305403681 3
1305403741 2
1305403801 3
1305403861 3
1305403921 3
1305403981 2
1305404041 3
1305404101 3
1305404161 3
1305404222 2
1305404281 3
1305404341 3
1305404401 2
1305404461 3
1305404521 3
1305404581 3
1305404641 2
1305404701 3
1305404761 3
1305404821 3
1305404881 2
1305404942 3
1305405002 3
1305405061 2
1305405121 3
1305405181 3
1305405241 3
1305405301 2
1305405361 3
1305405421 3
1305405481 3
1305405541 3
1305405601 3
1305405661 3
1305405722 2
1305405781 3
1305405841 3
1305405901 3
1305405961 2
1305406021 3
1305406081 3
1305406141 2
1305406201 3
1305406261 3
1305406321 3
1305406381 2
1305406441 3
1305406502 3
1305406561 3
1305406621 3
1305406681 3
1305406741 4
1305406801 3
1305406861 4
1305406921 4
1305406981 4
1305407041 3
1305407101 4
1305407161 4
1305407222 4
1305407281 3
1305407341 4
1305407401 3
1305407461 4
1305407521 4
1305407581 4
1305407641 4
1305407701 3
1305407761 4
1305407821 4
1305407881 4
1305407942 3
1305408001 4
1305408061 4
1305408121 4
1305408181 3
1305408241 4
1305408301 4
1305408361 3
1305408421 4
1305408481 4
1305408541 4
1305408601 3
1305408661 4
1305408722 4
1305408781 4
1305408841 4
1305408901 4
1305408961 4
1305409021 3
1305409081 4
1305409141 4
1305409201 4
1305409261 3
1305409321 4
1305409381 4
1305409442 4
1305409501 4
1305409561 4
1305409621 4
1305409681 3
1305409741 4
1305409801 4
1305409861 4
1305409921 4
1305409981 5
1305410041 5
1305410101 5
1305410161 5
1305410222 5
1305410281 5
1305410341 4
1305410401 5
1305410461 5
1305410521 5
1305410581 3
1305410641 4
1305410701 4
1305410761 3
1305410822 4
1305410881 4
1305410941 4
1305411001 4
1305411061 3
1305411121 4
1305411181 4
1305411241 4
1305411301 4
1305411361 4
1305411421 3
1305411481 4
1305411541 4
1305411602 3
1305411661 4
1305411721 4
1305411781 4
1305411841 4
1305411901 3
1305411961 3
1305412021 3
1305412081 4
1305412141 4
1305412201 4
1305412262 3
1305412321 3
1305412381 4
1305412441 4
1305412501 4
1305412561 4
1305412621 4
1305412681 3
1305412741 4
1305412801 4
1305412861 4
1305412921 3
1305412981 3
1305413041 4
1305413101 4
1305413162 4
1305413221 4
1305413281 3
1305413341 4
1305413401 4
1305413461 4
1305413522 4
1305413581 3
1305413641 3
1305413701 4
1305413761 4
1305413821 4
1305413881 4
1305413941 2
1305414001 4
1305414061 4
1305414121 4
1305414181 4
1305414241 3
1305414302 3
1305414361 4
1305414421 4
1305414481 4
1305414541 4
1305414601 3
1305414661 3
1305414721 4
1305414781 4
1305414841 4
1305414901 3
1305414961 3
1305415021 4
1305415082 4
1305415141 4
1305415201 3
1305415261 4
1305415321 3
1305415381 4
1305415441 4
1305415501 4
1305415561 3
1305415621 4
1305415681 3
1305415741 5
1305415802 5
1305415861 5
1305415921 5
1305415981 5
1305416041 5
1305416101 5
1305416161 5
1305416221 4
1305416281 6
1305416341 5
1305416401 6
1305416461 5
1305416522 6
1305416581 6
1305416641 5
1305416701 6
1305416761 6
1305416821 6
1305416881 4
1305416941 6
1305417001 6
1305417061 6
1305417121 5
1305417181 6
1305417241 6
1305417301 5
1305417362 6
1305417421 6
1305417481 6
1305417541 5
1305417601 6
1305417661 5
1305417721 7
1305417781 6
1305417841 7
1305417901 7
1305417961 6
1305418021 7
1305418082 7
1305418141 7
1305418201 6
1305418261 7
1305418321 7
1305418381 7
1305418441 6
1305418501 7
1305418561 7
1305418621 8
1305418681 8
1305418741 7
1305418801 8
1305418862 7
1305418921 6
1305418981 8
1305419041 8
1305419101 8
1305419161 9
1305419221 8
1305419281 9
1305419341 9
1305419401 10
1305419461 10
1305419521 9
1305419581 8
1305419642 10
1305419701 9
1305419761 10
1305419821 10
1305419881 9
1305419941 10
1305420001 8
1305420061 9
1305420121 9
1305420181 8
1305420241 8
1305420301 8
1305420362 7
1305420421 8
1305420481 8
1305420541 7
1305420601 9
1305420661 8
1305420721 9
1305420781 9
1305420841 8
1305420901 8
1305420961 9
1305421021 8
1305421081 9
1305421142 8
1305421202 7
1305421261 8
1305421321 9
1305421381 9
1305421441 9
1305421501 8
1305421561 8
1305421621 9
1305421681 9
1305421741 9
1305421801 8
1305421862 9
1305421921 9
1305421981 10
1305422041 10
1305422101 10
1305422161 8
1305422221 8
1305422281 9
1305422341 10
1305422401 10
1305422461 8
1305422521 9
1305422582 8
1305422641 10
1305422701 10
1305422761 10
1305422821 8
1305422881 10
1305422941 10
1305423001 10
1305423061 10
1305423121 8
1305423181 11
1305423241 10
1305423302 11
1305423361 11
1305423421 11
1305423481 9
1305423541 10
1305423601 12
1305423661 13
1305423721 13
1305423781 12
1305423841 12
1305423901 13
1305423961 15
1305424022 16
1305424081 15
1305424141 14
1305424201 15
1305424261 14
1305424321 14
1305424381 11
1305424441 12
1305424501 13
1305424561 12
1305424621 11
1305424682 11
1305424741 11
1305424801 10
1305424861 10
1305424921 11
1305424981 11
1305425041 11
1305425101 12
1305425161 12
1305425221 12
1305425281 12
1305425341 12
1305425402 12
1305425461 13
1305425521 13
1305425581 14
1305425641 14
1305425701 12
1305425761 13
1305425821 14
1305425881 14
1305425941 13
1305426001 14
1305426062 13
1305426121 13
1305426181 12
1305426241 12
1305426301 14
1305426361 13
1305426421 15
1305426481 15
1305426541 15
1305426601 15
1305426661 15
1305426721 14
1305426782 16
1305426841 16
1305426901 15
1305426961 16
1305427021 13
1305427081 15
1305427141 16
1305427201 17
1305427261 16
1305427321 15
1305427381 14
1305427441 12
1305427502 15
1305427561 14
1305427621 15
1305427681 14
1305427741 13
1305427801 13
1305427861 13
1305427921 13
1305427981 12
1305428041 13
1305428101 11
1305428161 13
1305428222 11
1305428281 14
1305428341 13
1305428401 13
1305428461 12
1305428521 13
1305428581 13
1305428641 12
1305428701 13
1305428761 10
1305428821 13
1305428881 11
1305428942 13
1305429001 12
1305429061 13
1305429121 12
1305429181 13
1305429241 13
1305429301 13
1305429361 14
1305429421 12
1305429481 12
1305429541 11
1305429602 13
1305429661 13
1305429721 13
1305429781 13
1305429841 13
1305429901 12
1305429961 13
1305430021 12
1305430081 10
1305430141 11
1305430201 12
1305430261 12
1305430321 13
1305430381 13
1305430442 14
1305430501 14
1305430561 12
1305430621 14
1305430681 14
1305430741 12
1305430801 13
1305430861 13
1305430921 13
1305430981 14
1305431041 13
1305431101 14
1305431161 14
1305431221 13
1305431281 14
1305431341 14
1305431401 11
1305431461 14
1305431521 13
1305431581 13
1305431641 14
1305431701 13
1305431761 13
1305431821 13
1305431881 14
1305431942 15
1305432001 14
1305432061 13
1305432121 16
1305432181 15
1305432241 15
1305432301 15
1305432361 15
1305432421 15
1305432481 13
1305432541 14
1305432601 15
1305432662 12
1305432721 13
1305432781 15
1305432841 14
1305432901 14
1305432961 15
1305433021 15
1305433081 15
1305433141 15
1305433201 15
1305433261 15
1305433321 15
1305433381 13
1305433442 16
1305433501 14
1305433561 16
1305433621 15
1305433681 15
1305433741 17
1305433801 17
1305433861 17
1305433921 15
1305433981 16
1305434041 14
1305434102 17
1305434162 15
1305434221 16
1305434281 15
1305434341 14
1305434401 14
1305434461 15
1305434521 14
1305434581 15
1305434641 15
1305434701 13
1305434761 16
1305434821 15
1305434882 15
1305434942 12
1305435001 13
1305435061 13
1305435121 14
1305435181 12
1305435241 12
1305435301 12
1305435361 10
1305435421 12
1305435481 12
1305435541 12
1305435602 12
1305435661 13
1305435721 12
1305435781 13
1305435841 12
1305435901 12
1305435961 10
1305436021 11
1305436081 12
1305436141 12
1305436201 12
1305436261 11
1305436321 12
1305436382 11
1305436441 12
1305436501 11
1305436561 13
1305436621 10
1305436681 12
1305436741 13
1305436801 13
1305436861 12
1305436921 12
1305436981 13
1305437041 11
1305437102 13
1305437161 11
1305437221 12
1305437281 10
1305437341 12
1305437401 12
1305437461 13
1305437521 13
1305437581 12
1305437641 16
1305437701 16
1305437761 16
1305437821 15
1305437882 15
1305437941 13
1305438001 16
1305438061 15
1305438121 15
1305438181 15
1305438241 12
1305438301 12
1305438361 13
1305438421 13
1305438481 12
1305438541 12
1305438602 11
1305438661 13
1305438721 14
1305438781 14
1305438841 15
1305438901 15
1305438961 16
1305439021 16
1305439081 16
1305439141 15
1305439201 17
1305439261 15
1305439321 14
1305439381 14
1305439441 14
1305439501 15
1305439561 14
1305439621 16
1305439681 16
1305439741 16
1305439801 12
1305439861 15
1305439921 15
1305439981 13
1305440041 13
1305440101 14
1305440161 13
1305440222 13
1305440281 12
1305440341 13
1305440401 13
1305440461 12
1305440521 13
1305440581 12
1305440641 11
1305440701 12
1305440761 12
1305440821 13
1305440881 12
1305440941 14
1305441002 14
1305441061 14
1305441121 13
1305441181 14
1305441241 14
1305441301 13
1305441361 12
1305441421 13
1305441481 13
1305441541 11
1305441601 13
1305441661 12
1305441722 13
1305441781 12
1305441841 13
1305441901 14
1305441961 13
1305442021 11
1305442081 13
1305442141 13
1305442201 12
1305442261 13
1305442321 14
1305442381 14
1305442442 14
1305442501 13
1305442561 14
1305442621 13
1305442681 13
1305442741 13
1305442801 12
1305442861 11
1305442921 12
1305442981 13
1305443041 12
1305443101 11
1305443162 11
1305443221 12
1305443281 12
1305443341 14
1305443401 13
1305443461 14
1305443521 12
1305443581 14
1305443641 13
1305443701 14
1305443761 14
1305443821 16
1305443882 15
1305443942 14
1305444001 14
1305444061 13
1305444121 14
1305444181 14
1305444241 15
1305444301 14
1305444361 14
1305444421 13
1305444481 15
1305444541 15
1305444601 15
1305444662 14
1305444721 15
1305444781 14
1305444841 15
1305444901 14
1305444961 13
1305445021 14
1305445081 14
1305445141 15
1305445201 14
1305445261 16
1305445321 16
1305445382 15
1305445441 15
1305445501 14
1305445561 15
1305445621 14
1305445681 15
1305445741 15
1305445801 16
1305445861 14
1305445921 15
1305445981 16
1305446041 16
1305446102 16
1305446161 16
1305446221 15
1305446281 13
1305446341 16
1305446401 15
1305446461 16
1305446521 14
1305446581 13
1305446641 14
1305446701 15
1305446761 15
1305446821 14
1305446882 14
1305446941 12
1305447001 15
1305447061 14
1305447121 14
1305447181 14
1305447241 15
1305447301 14
1305447361 14
1305447421 15
1305447481 15
1305447541 15
1305447601 16
1305447662 16
1305447721 15
1305447781 15
1305447841 14
1305447901 16
1305447961 15
1305448021 16
1305448081 16
1305448141 15
1305448201 14
1305448261 15
1305448321 15
1305448381 15
1305448442 17
1305448501 17
1305448561 18
1305448621 16
1305448681 17
1305448741 17
1305448801 17
1305448861 15
1305448921 17
1305448981 16
1305449041 14
1305449101 16
1305449162 16
1305449221 17
1305449281 15
1305449341 16
1305449401 16
1305449461 17
1305449521 16
1305449581 18
1305449641 18
1305449701 18
1305449761 18
1305449821 19
1305449881 19
1305449942 19
1305450001 18
1305450061 20
1305450121 20
1305450181 19
1305450241 22
1305450301 20
1305450361 21
1305450421 22
1305450481 20
1305450541 20
1305450601 20
1305450662 20
1305450721 21
1305450781 22
1305450841 19
1305450901 20
1305450961 19
1305451021 19
1305451081 20
1305451141 19
1305451201 19
1305451261 19
1305451321 18
1305451381 19
1305451441 17
1305451501 19
1305451561 21
1305451621 19
1305451681 21
1305451741 20
1305451801 19
1305451861 19
1305451921 16
1305451981 17
1305452041 18
1305452101 15
1305452162 18
1305452221 18
1305452281 15
1305452341 18
1305452401 17
1305452461 19
1305452521 19
1305452581 18
1305452641 18
1305452701 18
1305452761 17
1305452822 19
1305452881 19
1305452941 17
1305453001 18
1305453061 15
1305453121 17
1305453181 17
1305453241 15
1305453301 15
1305453361 18
1305453421 19
1305453481 19
1305453541 19
1305453602 19
1305453661 20
1305453721 19
1305453781 18
1305453841 19
1305453901 18
1305453961 13
1305454021 14
1305454081 16
1305454141 15
1305454201 16
1305454261 16
1305454321 16
1305454382 17
1305454441 17
1305454501 17
1305454561 15
1305454621 14
1305454681 14
1305454741 17
1305454801 15
1305454861 17
1305454921 18
1305454981 17
1305455041 17
1305455102 18
1305455161 18
1305455221 15
1305455281 16
1305455341 15
1305455401 17
1305455461 16
1305455521 15
1305455581 16
1305455641 17
1305455701 16
1305455761 17
1305455822 17
1305455881 15
1305455941 17
1305456001 16
1305456061 17
1305456121 16
1305456181 14
1305456241 15
1305456301 16
1305456361 15
1305456421 16
1305456481 15
1305456542 15
1305456601 16
1305456661 16
1305456721 17
1305456781 16
1305456841 16
1305456901 16
1305456961 17
1305457021 15
1305457081 17
1305457141 16
1305457201 15
1305457261 17
1305457321 15
1305457381 16
1305457441 13
1305457501 14
1305457561 14
1305457621 15
1305457681 14
1305457741 13
1305457801 15
1305457861 14
1305457921 15
1305457981 14
1305458042 15
1305458101 14
1305458161 15
1305458221 15
1305458281 14
1305458341 16
1305458401 15
1305458461 15
1305458521 17
1305458581 17
1305458641 16
1305458701 17
1305458762 16
1305458821 16
1305458881 16
1305458941 16
1305459001 18
1305459061 15
1305459121 17
1305459181 17
1305459241 17
1305459301 17
1305459361 17
1305459421 16
1305459481 17
1305459542 16
1305459601 16
1305459661 17
1305459721 13
1305459781 16
1305459841 16
1305459901 15
1305459961 15
1305460021 15
1305460081 15
1305460141 13
1305460201 13
1305460262 14
1305460321 14
1305460381 15
1305460441 16
1305460501 16
1305460561 16
1305460621 15
1305460681 14
1305460741 16
1305460801 15
1305460861 15
1305460921 16
1305460981 12
1305461042 15
1305461101 15
1305461161 16
1305461221 15
1305461281 16
1305461341 15
1305461401 14
1305461461 15
1305461521 16
1305461581 16
1305461641 14
1305461702 17
1305461761 17
1305461821 18
1305461881 19
1305461941 18
1305462001 18
1305462061 21
1305462121 21
1305462181 22
1305462241 22
1305462301 21
1305462361 20
1305462422 21
1305462481 19
1305462541 20
1305462601 22
1305462661 20
1305462721 17
1305462781 18
1305462841 19
1305462901 18
1305462961 18
1305463021 18
1305463081 18
1305463142 16
1305463201 15
1305463261 17
1305463321 18
1305463381 18
1305463441 17
1305463501 18
1305463561 17
1305463621 16
1305463681 18
1305463741 18
1305463801 16
1305463862 17
1305463921 16
1305463981 16
1305464041 16
1305464101 17
1305464161 19
1305464221 18
1305464281 18
1305464341 21
1305464401 21
1305464461 18
1305464521 19
1305464581 21
1305464642 20
1305464701 17
1305464761 19
1305464821 20
1305464881 17
1305464941 16
1305465001 17
1305465061 18
1305465121 17
1305465181 16
1305465241 15
1305465302 15
1305465361 13
1305465421 14
1305465481 15
1305465541 14
1305465601 14
1305465661 16
1305465721 15
1305465781 17
1305465841 17
1305465901 18
1305465962 18
1305466022 16
1305466081 17
1305466141 18
1305466201 18
1305466261 16
1305466321 18
1305466381 21
1305466441 22
1305466501 23
1305466561 23
1305466621 25
1305466682 24
1305466741 26
1305466801 26
1305466861 27
1305466921 28
1305466981 23
1305467041 25
1305467101 24
1305467161 25
1305467221 24
1305467281 24
1305467341 24
1305467402 25
1305467461 22
1305467521 22
1305467581 24
1305467641 23
1305467701 25
1305467761 24
1305467821 25
1305467881 24
1305467941 24
1305468001 25
1305468061 26
1305468122 26
1305468182 25
1305468241 23
1305468301 23
1305468361 24
1305468421 24
1305468481 24
1305468541 22
1305468601 23
1305468661 24
1305468721 23
1305468781 22
1305468841 21
1305468902 22
1305468961 21
1305469021 22
1305469081 23
1305469141 23
1305469201 23
1305469261 21
1305469321 21
1305469381 21
1305469441 20
1305469501 20
1305469562 21
1305469621 19
1305469681 21
1305469741 21
1305469801 19
1305469861 21
1305469921 20
1305469981 20
1305470041 20
1305470101 20
1305470161 19
1305470222 21
1305470282 20
1305470341 20
1305470401 20
1305470461 19
1305470521 20
1305470581 21
1305470641 21
1305470701 21
1305470761 21
1305470821 21
1305470881 21
1305470942 23
1305471001 22
1305471061 23
1305471121 19
1305471181 21
1305471241 21
1305471301 21
1305471361 22
1305471421 23
1305471481 21
1305471541 20
1305471601 20
1305471662 20
1305471721 20
1305471781 17
1305471841 20
1305471901 19
1305471961 17
1305472021 15
1305472081 18
1305472141 19
1305472201 20
1305472261 20
1305472321 20
1305472382 21
1305472441 18
1305472501 19
1305472561 19
1305472621 17
1305472681 20
1305472741 21
1305472801 18
1305472861 19
1305472921 19
1305472981 18
1305473041 20
1305473102 22
1305473161 22
1305473221 23
1305473281 21
1305473341 21
1305473401 22
1305473461 20
1305473521 22
1305473581 22
1305473641 25
1305473701 24
1305473761 26
1305473822 25
1305473881 21
1305473941 23
1305474001 24
1305474061 24
1305474121 23
1305474181 23
1305474241 20
1305474301 19
1305474361 20
1305474421 20
1305474481 21
1305474542 18
1305474601 19
1305474661 21
1305474721 19
1305474781 21
1305474841 20
1305474901 20
1305474961 17
1305475021 18
1305475081 19
1305475141 18
1305475201 18
