1316707261 44
1316707321 44
1316707382 44
1316707442 46
1316707501 47
1316707561 45
1316707621 43
1316707681 43
1316707741 42
1316707801 43
1316707861 41
1316707922 40
1316707982 38
1316708041 39
1316708101 41
1316708161 42
1316708221 39
1316708281 42
1316708341 42
1316708401 41
1316708461 41
1316708521 38
1316708582 39
1316708642 38
1316708701 38
1316708761 39
1316708821 40
1316708881 39
1316708941 41
1316709001 40
1316709061 41
1316709121 41
1316709182 38
1316709242 38
1316709301 35
1316709361 35
1316709421 34
1316709481 34
1316709541 34
1316709601 33
1316709661 34
1316709721 35
1316709781 34
1316709842 34
1316709901 34
1316709961 34
1316710021 36
1316710081 34
1316710141 34
1316710201 36
1316710261 36
1316710321 33
1316710382 37
1316710441 35
1316710501 33
1316710561 35
1316710621 36
1316710681 37
1316710741 35
1316710801 36
1316710862 33
1316710921 35
1316710981 35
1316711041 35
1316711101 34
1316711161 31
1316711221 32
1316711281 34
1316711341 36
1316711402 34
1316711461 36
1316711521 34
1316711581 35
1316711641 35
1316711701 35
1316711761 35
1316711821 32
1316711882 30
1316711941 32
1316712001 32
1316712062 32
1316712122 31
1316712181 30
1316712241 30
1316712303 30
1316712361 30
1316712422 31
1316712481 31
1316712541 28
1316712601 31
1316712661 31
1316712722 31
1316712781 30
1316712841 31
1316712901 32
1316712961 31
1316713021 32
1316713081 32
1316713141 32
1316713201 30
1316713262 30
1316713322 31
1316713381 29
1316713441 29
1316713501 30
1316713562 30
1316713621 29
1316713682 28
1316713742 28
1316713801 29
1316713861 27
1316713921 28
1316713981 28
1316714041 28
1316714101 27
1316714161 28
1316714221 27
1316714281 28
1316714342 27
1316714401 25
1316714461 25
1316714521 25
1316714582 23
1316714641 26
1316714701 27
1316714761 27
1316714821 27
1316714881 26
1316714941 27
1316715001 27
1316715062 27
1316715121 28
1316715181 28
1316715241 24
1316715301 27
1316715361 28
1316715421 29
1316715481 29
1316715541 26
1316715602 26
1316715661 28
1316715721 28
1316715781 28
1316715841 28
1316715901 25
1316715961 25
1316716021 25
1316716082 28
1316716141 28
1316716201 27
1316716261 27
1316716321 27
1316716381 27
1316716441 24
1316716501 27
1316716562 25
1316716622 27
1316716681 25
1316716741 27
1316716801 26
1316716861 26
1316716921 27
1316716981 27
1316717042 28
1316717101 25
1316717161 27
1316717221 24
1316717281 25
1316717341 26
1316717401 27
1316717461 27
1316717522 26
1316717581 28
1316717641 27
1316717701 28
1316717761 26
1316717821 28
1316717881 26
1316717942 27
1316718001 27
1316718061 27
1316718121 26
1316718181 28
1316718241 28
1316718302 28
1316718362 27
1316718421 27
1316718481 28
1316718541 27
1316718601 29
1316718661 28
1316718721 27
1316718782 28
1316718842 29
1316718901 27
1316718961 29
1316719021 27
1316719081 28
1316719141 28
1316719201 26
1316719262 26
1316719321 27
1316719381 27
1316719441 28
1316719501 28
1316719561 27
1316719621 28
1316719681 26
1316719742 26
1316719802 27
1316719861 25
1316719921 25
1316719981 26
1316720041 25
1316720101 27
1316720161 27
1316720222 26
1316720282 26
1316720341 26
1316720401 26
1316720461 26
1316720521 24
1316720581 23
1316720641 25
1316720702 24
1316720762 25
1316720821 25
1316720881 24
1316720941 24
1316721001 25
1316721061 25
1316721121 24
1316721181 23
1316721241 23
1316721302 24
1316721361 23
1316721421 24
1316721481 25
1316721541 25
1316721601 23
1316721661 27
1316721721 27
1316721782 26
1316721841 25
1316721901 25
1316721961 25
1316722021 25
1316722081 25
1316722141 25
1316722201 25
1316722261 23
1316722322 23
1316722381 23
1316722441 20
1316722501 22
1316722561 22
1316722621 22
1316722681 21
1316722741 23
1316722802 23
1316722861 23
1316722921 22
1316722981 23
1316723041 22
1316723101 21
1316723161 22
1316723221 20
1316723281 22
1316723342 21
1316723401 22
1316723461 22
1316723521 23
1316723581 22
1316723641 23
1316723701 22
1316723761 20
1316723821 21
1316723882 19
1316723941 21
1316724001 21
1316724061 22
1316724121 22
1316724181 22
1316724241 21
1316724301 21
1316724362 21
1316724421 20
1316724481 21
1316724541 19
1316724601 21
1316724661 21
1316724721 22
1316724781 22
1316724841 22
1316724902 20
1316724962 21
1316725021 21
1316725081 21
1316725141 21
1316725201 18
1316725261 19
1316725321 22
1316725381 22
1316725441 22
1316725502 22
1316725561 22
1316725621 22
1316725681 21
1316725741 21
1316725801 21
1316725861 19
1316725921 19
1316725982 22
1316726042 22
1316726101 22
1316726161 21
1316726221 21
1316726281 22
1316726341 21
1316726401 21
1316726461 21
1316726521 21
1316726581 19
1316726641 23
1316726702 25
1316726761 24
1316726821 24
1316726881 25
1316726941 26
1316727001 25
1316727061 24
1316727121 25
1316727181 24
1316727241 22
1316727302 26
1316727361 28
1316727421 28
1316727481 26
1316727541 26
1316727601 27
1316727661 28
1316727721 27
1316727781 27
1316727841 25
1316727902 22
1316727961 26
1316728021 27
1316728081 26
1316728141 29
1316728201 30
1316728261 31
1316728321 30
1316728381 30
1316728441 31
1316728501 29
1316728562 28
1316728621 30
1316728681 30
1316728741 28
1316728801 27
1316728861 27
1316728921 26
1316728981 27
1316729041 28
1316729101 28
1316729161 27
1316729221 26
1316729281 28
1316729341 28
1316729401 27
1316729461 26
1316729521 25
1316729582 25
1316729641 23
1316729701 24
1316729761 21
1316729821 25
1316729881 25
1316729941 25
1316730002 26
1316730061 25
1316730121 25
1316730181 25
1316730241 26
1316730301 25
1316730361 25
1316730421 21
1316730481 25
1316730542 23
1316730602 24
1316730661 25
1316730721 25
1316730781 24
1316730841 24
1316730901 24
1316730961 23
1316731021 24
1316731081 22
1316731141 25
1316731202 25
1316731261 24
1316731321 24
1316731381 24
1316731441 25
1316731501 24
1316731561 27
1316731621 24
1316731681 24
1316731742 26
1316731801 27
1316731861 28
1316731921 26
1316731981 28
1316732041 28
1316732101 30
1316732161 29
1316732221 30
1316732281 27
1316732341 28
1316732402 26
1316732461 28
1316732521 30
1316732581 29
1316732641 29
1316732701 30
1316732761 29
1316732821 28
1316732882 29
1316732941 26
1316733001 30
1316733061 28
1316733121 26
1316733181 27
1316733241 27
1316733301 27
1316733361 31
1316733421 33
1316733482 33
1316733541 33
1316733601 34
1316733661 36
1316733721 37
1316733781 38
1316733841 38
1316733901 39
1316733961 36
1316734022 39
1316734081 41
1316734141 41
1316734201 43
1316734261 45
1316734321 47
1316734381 45
1316734441 47
1316734501 47
1316734561 49
1316734622 48
1316734681 47
1316734741 47
1316734801 44
1316734861 50
1316734921 52
1316734981 56
1316735041 58
1316735102 58
1316735161 63
1316735221 64
1316735281 64
1316735341 69
1316735401 70
1316735461 71
1316735521 71
1316735581 71
1316735641 73
1316735702 77
1316735761 77
1316735821 79
1316735881 81
1316735941 81
1316736001 78
1316736061 81
1316736121 86
1316736181 87
1316736242 82
1316736302 86
1316736361 88
1316736421 86
1316736481 90
1316736541 92
1316736601 94
1316736661 92
1316736721 92
1316736781 91
1316736841 93
1316736902 97
1316736961 99
1316737021 102
1316737081 104
1316737141 105
1316737201 108
1316737261 106
1316737321 109
1316737381 110
1316737442 113
1316737501 117
1316737561 122
1316737621 120
1316737681 117
1316737741 125
1316737801 126
1316737861 131
1316737921 133
1316737981 136
1316738042 135
1316738101 133
1316738161 129
1316738221 133
1316738281 132
1316738341 132
1316738401 129
1316738461 132
1316738521 137
1316738581 139
1316738642 141
1316738701 138
1316738761 137
1316738821 137
1316738881 140
1316738941 138
1316739001 141
1316739062 138
1316739121 138
1316739181 138
1316739241 141
1316739301 141
1316739361 140
1316739422 142
1316739481 143
1316739541 140
1316739601 144
1316739661 147
1316739721 146
1316739781 148
1316739841 147
1316739901 148
1316739961 151
1316740022 155
1316740081 156
1316740141 156
1316740201 156
1316740261 155
1316740321 155
1316740381 152
1316740441 164
1316740501 165
1316740562 163
1316740621 162
1316740681 168
1316740741 168
1316740801 170
1316740861 171
1316740921 175
1316740981 179
1316741041 179
1316741102 181
1316741161 189
1316741221 192
1316741281 194
1316741341 196
1316741401 199
1316741461 203
1316741522 197
1316741581 206
1316741642 207
1316741701 211
1316741761 206
1316741821 203
1316741881 212
1316741941 211
1316742001 209
1316742061 209
1316742121 214
1316742182 209
1316742242 210
1316742301 208
1316742361 211
1316742421 213
1316742481 209
1316742541 212
1316742601 212
1316742661 208
1316742722 203
1316742782 204
1316742841 205
1316742901 206
1316742961 206
1316743021 212
1316743081 210
1316743141 210
1316743201 205
1316743261 208
1316743322 209
1316743382 204
1316743441 206
1316743501 205
1316743561 203
1316743621 205
1316743682 203
1316743741 206
1316743801 206
1316743861 206
1316743921 209
1316743981 209
1316744041 205
1316744101 206
1316744161 206
1316744222 204
1316744281 210
1316744341 207
1316744401 217
1316744461 214
1316744521 213
1316744581 209
1316744641 204
1316744701 211
1316744761 207
1316744822 207
1316744882 197
1316744941 199
1316745001 192
1316745061 199
1316745121 203
1316745181 200
1316745241 197
1316745301 196
1316745362 198
1316745421 198
1316745481 199
1316745541 198
1316745601 198
1316745661 201
1316745721 197
1316745781 202
1316745841 204
1316745902 202
1316745961 204
1316746021 204
1316746081 200
1316746141 201
1316746201 202
1316746261 197
1316746321 196
1316746381 196
1316746442 202
1316746501 195
1316746561 199
1316746621 201
1316746681 206
1316746741 206
1316746801 210
1316746861 208
1316746921 210
1316746981 210
1316747041 203
1316747102 203
1316747161 201
1316747221 203
1316747281 198
1316747341 199
1316747402 197
1316747461 201
1316747521 199
1316747581 199
1316747641 205
1316747701 207
1316747761 203
1316747821 208
1316747881 213
1316747941 213
1316748001 212
1316748061 217
1316748121 213
1316748182 212
1316748242 216
1316748301 208
1316748361 207
1316748421 199
1316748481 199
1316748541 196
1316748601 198
1316748661 196
1316748721 204
1316748782 201
1316748841 196
1316748901 202
1316748961 204
1316749021 202
1316749081 202
1316749141 200
1316749201 203
1316749261 204
1316749321 203
1316749382 200
1316749441 201
1316749501 204
1316749561 202
1316749621 204
1316749681 210
1316749741 204
1316749802 206
1316749862 201
1316749921 202
1316749982 204
1316750041 203
1316750101 197
1316750161 195
1316750221 192
1316750282 190
1316750342 197
1316750401 199
1316750461 195
1316750521 193
1316750582 192
1316750642 192
1316750701 191
1316750761 193
1316750821 195
1316750881 184
1316750941 191
1316751001 189
1316751061 192
1316751121 194
1316751182 193
1316751242 198
1316751301 193
1316751361 193
1316751421 194
1316751481 196
1316751541 193
1316751601 198
1316751661 198
1316751721 199
1316751781 202
1316751842 196
1316751901 202
1316751961 204
1316752021 204
1316752081 204
1316752141 201
1316752201 202
1316752261 204
1316752322 205
1316752382 207
1316752441 203
1316752501 200
1316752561 203
1316752621 201
1316752681 205
1316752741 209
1316752802 198
1316752862 196
1316752921 201
1316752981 204
1316753041 209
1316753101 212
1316753161 210
1316753221 209
1316753281 207
1316753341 211
1316753401 215
1316753461 222
1316753521 213
1316753581 220
1316753641 223
1316753701 228
1316753761 232
1316753822 236
1316753882 237
1316753941 233
1316754001 240
1316754061 238
1316754121 236
1316754181 244
1316754241 240
1316754301 247
1316754361 246
1316754422 256
1316754482 251
1316754541 251
1316754601 251
1316754661 251
1316754721 250
1316754781 240
1316754841 241
1316754901 238
1316754961 240
1316755022 242
1316755081 245
1316755141 246
1316755202 241
1316755261 242
1316755321 242
1316755381 242
1316755441 245
1316755501 243
1316755561 244
1316755621 244
1316755681 251
1316755741 255
1316755802 259
1316755861 262
1316755921 276
1316755981 268
1316756041 278
1316756101 282
1316756161 287
1316756222 286
1316756282 294
1316756341 296
1316756401 297
1316756461 295
1316756521 296
1316756581 304
1316756642 300
1316756702 302
1316756761 309
1316756821 310
1316756881 305
1316756941 312
1316757001 312
1316757061 324
1316757122 319
1316757181 328
1316757241 323
1316757301 326
1316757361 321
1316757421 323
1316757482 337
1316757541 333
1316757601 338
1316757661 341
1316757721 337
1316757781 343
1316757841 351
1316757901 354
1316757962 356
1316758022 362
1316758081 356
1316758141 360
1316758201 366
1316758263 375
1316758321 375
1316758381 360
1316758441 364
1316758502 362
1316758561 374
1316758621 361
1316758681 364
1316758741 360
1316758801 363
1316758863 346
1316758921 367
1316758981 371
1316759041 371
1316759102 377
1316759161 375
1316759221 376
1316759281 374
1316759342 371
1316759402 366
1316759461 369
1316759522 372
1316759581 370
1316759641 364
1316759702 360
1316759763 367
1316759825 377
1316759881 363
1316759942 361
1316760002 355
1316760061 357
1316760121 353
1316760189 371
1316760241 361
1316760301 366
1316760361 358
1316760421 355
1316760481 369
1316760541 369
1316760602 376
1316760662 373
1316760721 370
1316760781 371
1316760841 381
1316760905 368
1316760961 364
1316761022 352
1316761081 359
1316761141 356
1316761201 349
1316761261 351
1316761322 354
1316761382 346
1316761441 351
1316761501 346
1316761561 349
1316761622 361
1316761681 358
1316761741 368
1316761801 375
1316761861 368
1316761921 358
1316761981 358
1316762041 358
1316762101 370
1316762161 364
1316762221 364
1316762281 355
1316762341 350
1316762401 350
1316762461 351
1316762521 349
1316762581 344
1316762642 348
1316762701 336
1316762761 336
1316762821 332
1316762881 328
1316762941 328
1316763002 317
1316763061 323
1316763122 319
1316763182 326
1316763241 308
1316763302 316
1316763361 313
1316763421 316
1316763481 314
1316763541 317
1316763601 313
1316763661 312
1316763722 313
1316763782 315
1316763841 321
1316763901 317
1316763961 318
1316764021 315
1316764081 314
1316764141 308
1316764202 314
1316764262 306
1316764321 309
1316764381 306
1316764441 298
1316764501 295
1316764561 294
1316764621 289
1316764681 293
1316764741 290
1316764802 287
1316764861 277
1316764921 275
1316764981 265
1316765041 260
1316765101 264
1316765161 258
1316765221 256
1316765282 255
1316765342 244
1316765401 237
1316765461 235
1316765521 228
1316765581 225
1316765641 223
1316765702 215
1316765761 216
1316765821 210
1316765881 208
1316765941 206
1316766001 204
1316766061 199
1316766122 197
1316766182 194
1316766241 195
1316766301 193
1316766361 191
1316766421 189
1316766481 179
1316766541 174
1316766601 172
1316766661 175
1316766721 177
1316766781 174
1316766841 180
1316766902 177
1316766961 168
1316767021 164
1316767081 166
1316767141 161
1316767201 155
1316767261 148
1316767321 144
1316767382 142
1316767441 138
1316767501 138
1316767561 139
1316767621 134
1316767681 136
1316767744 136
1316767801 133
1316767862 131
1316767922 130
1316767981 124
1316768041 123
1316768101 126
1316768161 121
1316768221 119
1316768281 115
1316768341 115
1316768401 115
1316768461 113
1316768521 115
1316768581 114
1316768641 109
1316768701 104
1316768762 105
1316768821 104
1316768881 101
1316768941 105
1316769001 105
1316769062 103
1316769121 99
1316769183 97
1316769241 98
1316769301 96
1316769363 97
1316769421 100
1316769481 97
1316769541 90
1316769601 93
1316769661 92
1316769721 90
1316769781 92
1316769841 88
1316769901 95
1316769961 90
1316770022 91
1316770081 90
1316770141 87
1316770201 88
1316770261 91
1316770321 88
1316770381 81
1316770441 80
1316770501 77
1316770561 75
1316770622 75
1316770682 77
1316770741 78
1316770801 77
1316770861 75
1316770921 74
1316770981 78
1316771041 74
1316771101 77
1316771161 78
1316771222 72
1316771281 73
1316771341 73
1316771401 71
1316771461 71
1316771521 69
1316771582 65
1316771642 67
1316771701 67
1316771761 70
1316771821 71
1316771881 69
1316771941 70
1316772001 72
1316772061 73
1316772121 73
1316772181 71
1316772242 71
1316772301 68
1316772361 63
1316772421 64
1316772481 60
1316772541 62
1316772601 63
1316772661 60
1316772721 61
1316772781 59
1316772841 60
1316772902 58
1316772961 57
1316773021 55
1316773081 55
1316773141 55
1316773201 55
1316773261 55
1316773321 56
1316773381 56
1316773441 54
1316773502 52
1316773561 49
1316773621 51
1316773681 51
1316773741 50
1316773801 49
1316773861 51
1316773921 51
1316773981 53
1316774041 56
1316774102 56
1316774161 57
1316774221 58
1316774281 58
1316774341 53
1316774401 49
1316774461 49
1316774521 50
1316774581 47
1316774641 44
1316774702 44
1316774762 45
1316774821 44
1316774881 46
1316774941 48
1316775001 49
1316775061 48
1316775121 49
1316775181 49
1316775241 48
1316775301 50
1316775362 47
1316775421 45
1316775481 47
1316775541 46
1316775601 46
1316775661 47
1316775721 47
1316775781 48
1316775841 49
1316775901 47
1316775961 52
1316776021 52
1316776081 53
1316776141 54
1316776201 54
1316776261 60
1316776322 62
1316776381 63
1316776441 62
1316776501 63
1316776561 63
1316776621 66
1316776681 62
1316776741 65
1316776801 65
1316776861 62
1316776922 59
1316776982 60
1316777041 61
1316777101 62
1316777161 60
1316777221 61
1316777281 64
1316777341 63
1316777401 64
1316777461 65
1316777522 66
1316777582 64
1316777641 64
1316777701 65
1316777761 65
1316777821 64
1316777881 64
1316777941 66
1316778001 67
1316778061 67
1316778122 68
1316778182 70
1316778241 71
1316778301 71
1316778361 74
1316778421 74
1316778481 78
1316778541 72
1316778601 75
1316778661 76
1316778721 74
1316778782 74
1316778842 80
1316778901 79
1316778961 75
1316779021 73
1316779081 72
1316779141 76
1316779201 74
1316779261 76
1316779321 77
1316779382 76
1316779442 71
1316779501 72
1316779561 69
1316779621 68
1316779681 69
1316779741 69
1316779801 73
1316779861 71
1316779921 72
1316779982 72
1316780042 70
1316780101 71
1316780161 74
1316780221 73
1316780281 72
1316780341 67
1316780401 70
1316780461 71
1316780521 69
1316780581 71
1316780642 71
1316780701 71
1316780761 71
1316780821 75
1316780881 73
1316780941 75
1316781001 70
1316781061 67
1316781121 70
1316781182 65
1316781242 67
1316781301 67
1316781361 67
1316781421 69
1316781481 70
1316781541 64
1316781601 64
1316781661 70
1316781721 68
1316781782 68
1316781842 67
1316781901 68
1316781961 66
1316782021 62
1316782081 64
1316782141 67
1316782201 63
1316782261 62
1316782321 62
1316782382 63
1316782442 65
1316782501 66
1316782561 67
1316782621 69
1316782681 67
1316782741 68
1316782801 70
1316782861 66
1316782921 63
1316782982 62
1316783041 65
1316783101 63
1316783161 63
1316783221 61
1316783281 64
1316783341 62
1316783401 62
1316783461 64
1316783521 63
1316783582 68
1316783642 65
1316783701 67
1316783761 70
1316783821 65
1316783881 64
1316783941 65
1316784001 64
1316784061 65
1316784121 64
1316784181 61
1316784242 63
1316784301 65
1316784361 65
1316784421 67
1316784481 67
1316784541 68
1316784601 68
1316784661 67
1316784722 71
1316784782 67
1316784841 65
1316784901 65
1316784961 66
1316785021 66
1316785081 64
1316785141 64
1316785201 65
1316785262 60
1316785321 66
1316785381 65
1316785441 63
1316785501 66
1316785561 65
1316785621 67
1316785681 64
1316785741 65
1316785801 64
1316785861 64
1316785922 63
1316785981 62
1316786041 63
1316786101 59
1316786161 61
1316786221 62
1316786281 63
1316786341 64
1316786401 64
1316786461 66
1316786521 65
1316786581 65
1316786641 60
1316786701 61
1316786761 55
1316786821 57
1316786881 62
1316786942 60
1316787001 60
1316787061 58
1316787122 59
1316787182 61
1316787241 62
1316787301 68
1316787361 69
1316787421 65
1316787481 64
1316787541 64
1316787601 67
1316787661 70
1316787722 67
1316787781 69
1316787841 69
1316787901 61
1316787961 65
1316788021 72
1316788081 75
1316788141 76
1316788201 73
1316788261 71
1316788322 72
1316788381 69
1316788441 72
1316788501 69
1316788561 62
1316788621 61
1316788681 59
1316788741 59
1316788801 59
1316788861 58
1316788922 56
1316788981 60
1316789041 59
1316789101 61
1316789161 62
1316789221 57
1316789281 58
1316789341 61
1316789401 59
1316789462 60
1316789521 57
1316789581 58
1316789641 58
1316789701 59
1316789761 59
1316789821 54
1316789881 55
1316789941 55
1316790002 56
1316790061 60
1316790121 61
1316790181 60
1316790241 58
1316790301 60
1316790361 62
1316790421 66
1316790481 68
1316790541 64
1316790601 68
1316790662 64
1316790721 64
1316790781 66
1316790841 67
1316790901 66
1316790961 64
1316791021 62
1316791081 61
1316791141 60
1316791202 59
1316791262 60
1316791321 58
1316791381 52
1316791441 55
1316791501 54
1316791561 54
1316791621 53
1316791681 50
1316791741 53
1316791802 51
1316791862 51
1316791922 51
1316791981 51
1316792041 51
1316792101 48
1316792161 49
1316792221 51
1316792281 53
1316792341 51
1316792402 50
1316792461 51
1316792521 51
1316792581 51
1316792641 50
1316792701 48
1316792761 46
1316792821 45
1316792881 43
1316792941 42
1316793002 41
1316793061 39
1316793121 40
1316793181 42
1316793241 42
1316793301 42
1316793361 42
1316793421 42
1316793481 43
1316793542 41
1316793601 39
