1315238461 40
1315238521 38
1315238581 34
1315238641 37
1315238701 33
1315238761 32
1315238821 31
1315238881 32
1315238941 31
1315239002 32
1315239061 32
1315239121 31
1315239181 30
1315239241 29
1315239301 28
1315239361 28
1315239421 25
1315239481 28
1315239541 27
1315239602 26
1315239661 26
1315239721 27
1315239781 27
1315239841 26
1315239901 28
1315239961 27
1315240021 30
1315240081 25
1315240141 27
1315240202 26
1315240261 23
1315240321 23
1315240381 23
1315240441 25
1315240501 23
1315240561 25
1315240621 22
1315240681 24
1315240741 21
1315240802 26
1315240861 26
1315240921 26
1315240981 25
1315241041 27
1315241101 25
1315241161 25
1315241221 26
1315241281 23
1315241341 25
1315241401 19
1315241462 23
1315241521 22
1315241581 22
1315241641 19
1315241701 22
1315241761 20
1315241821 20
1315241881 20
1315241941 20
1315242002 22
1315242061 19
1315242121 21
1315242181 22
1315242242 20
1315242300 21
1315242362 22
1315242422 21
1315242481 21
1315242541 21
1315242601 20
1315242661 20
1315242721 19
1315242781 17
1315242841 20
1315242901 16
1315242961 20
1315243021 21
1315243082 20
1315243141 20
1315243201 20
1315243262 21
1315243322 20
1315243381 21
1315243441 20
1315243501 22
1315243561 18
1315243621 20
1315243681 21
1315243741 19
1315243801 20
1315243861 19
1315243921 20
1315243982 20
1315244041 19
1315244101 19
1315244161 19
1315244221 17
1315244281 18
1315244341 20
1315244401 18
1315244461 18
1315244522 19
1315244581 17
1315244641 18
1315244701 15
1315244761 19
1315244821 20
1315244881 19
1315244941 19
1315245001 20
1315245062 21
1315245122 19
1315245181 21
1315245241 21
1315245301 20
1315245361 18
1315245421 20
1315245481 19
1315245541 17
1315245601 17
1315245661 17
1315245721 15
1315245781 18
1315245842 18
1315245901 17
1315245961 18
1315246021 17
1315246081 18
1315246141 18
1315246201 18
1315246261 16
1315246322 18
1315246382 18
1315246441 18
1315246501 18
1315246561 18
1315246621 18
1315246681 17
1315246741 18
1315246801 18
1315246861 18
1315246921 17
1315246982 18
1315247042 19
1315247101 19
1315247161 19
1315247221 19
1315247281 19
1315247341 18
1315247401 18
1315247461 19
1315247522 19
1315247581 16
1315247641 18
1315247701 20
1315247761 19
1315247821 20
1315247881 20
1315247941 20
1315248002 20
1315248061 19
1315248121 20
1315248181 20
1315248241 17
1315248301 17
1315248361 19
1315248421 18
1315248481 18
1315248541 19
1315248602 17
1315248661 19
1315248721 18
1315248781 19
1315248841 18
1315248901 17
1315248961 18
1315249021 17
1315249082 19
1315249142 18
1315249201 19
1315249261 19
1315249321 19
1315249381 19
1315249441 18
1315249501 18
1315249561 16
1315249622 18
1315249681 16
1315249741 19
1315249801 18
1315249861 19
1315249921 18
1315249981 18
1315250041 19
1315250101 19
1315250162 18
1315250221 17
1315250281 18
1315250341 17
1315250401 19
1315250461 18
1315250521 19
1315250581 17
1315250641 16
1315250702 19
1315250761 19
1315250821 18
1315250881 16
1315250941 18
1315251001 17
1315251061 19
1315251121 19
1315251181 19
1315251241 18
1315251302 17
1315251361 19
1315251421 18
1315251481 17
1315251541 15
1315251601 18
1315251661 16
1315251721 19
1315251781 19
1315251842 19
1315251901 19
1315251961 16
1315252021 19
1315252081 18
1315252141 18
1315252201 15
1315252261 17
1315252321 15
1315252382 19
1315252441 19
1315252501 19
1315252561 19
1315252621 17
1315252681 19
1315252741 17
1315252801 18
1315252862 16
1315252922 17
1315252981 18
1315253041 18
1315253101 18
1315253161 19
1315253221 18
1315253281 17
1315253341 19
1315253402 19
1315253462 18
1315253521 16
1315253581 17
1315253641 18
1315253701 18
1315253761 19
1315253821 19
1315253881 18
1315253941 17
1315254002 19
1315254061 19
1315254121 19
1315254181 16
1315254241 17
1315254301 18
1315254361 18
1315254421 19
1315254481 19
1315254541 19
1315254602 15
1315254661 18
1315254721 17
1315254781 17
1315254841 15
1315254901 16
1315254961 15
1315255021 18
1315255081 18
1315255142 18
1315255201 18
1315255261 15
1315255321 18
1315255381 16
1315255441 18
1315255501 16
1315255561 16
1315255621 16
1315255682 17
1315255741 18
1315255801 18
1315255861 18
1315255921 15
1315255981 18
1315256041 17
1315256101 17
1315256161 16
1315256222 15
1315256281 15
1315256341 17
1315256401 18
1315256461 17
1315256521 18
1315256581 15
1315256641 18
1315256702 18
1315256761 18
1315256821 17
1315256881 17
1315256941 16
1315257001 17
1315257061 18
1315257121 17
1315257181 18
1315257241 15
1315257302 18
1315257361 17
1315257421 17
1315257481 16
1315257541 17
1315257601 16
1315257661 18
1315257721 18
1315257781 18
1315257842 17
1315257901 17
1315257961 17
1315258021 18
1315258081 19
1315258141 16
1315258201 19
1315258261 17
1315258321 19
1315258382 19
1315258441 19
1315258501 18
1315258561 18
1315258621 17
1315258681 17
1315258741 18
1315258801 16
1315258861 19
1315258921 18
1315258982 19
1315259041 18
1315259101 17
1315259161 17
1315259221 17
1315259281 17
1315259341 18
1315259401 16
1315259461 14
1315259522 18
1315259581 17
1315259641 18
1315259701 17
1315259761 19
1315259821 19
1315259881 17
1315259941 17
1315260003 19
1315260061 18
1315260121 16
1315260181 19
1315260241 19
1315260302 19
1315260361 17
1315260421 17
1315260481 18
1315260541 17
1315260601 18
1315260661 16
1315260721 14
1315260781 14
1315260842 14
1315260901 16
1315260961 15
1315261021 15
1315261081 16
1315261141 17
1315261201 14
1315261262 16
1315261322 15
1315261381 14
1315261441 15
1315261501 14
1315261561 16
1315261621 15
1315261681 14
1315261741 14
1315261802 15
1315261861 14
1315261921 16
1315261981 14
1315262041 15
1315262101 14
1315262161 16
1315262221 18
1315262282 17
1315262341 20
1315262401 18
1315262461 20
1315262521 18
1315262581 20
1315262641 20
1315262701 19
1315262761 17
1315262822 17
1315262881 19
1315262941 17
1315263001 19
1315263061 17
1315263121 18
1315263181 17
1315263241 17
1315263302 19
1315263362 18
1315263421 16
1315263481 16
1315263541 18
1315263601 19
1315263661 18
1315263721 18
1315263781 19
1315263842 18
1315263901 18
1315263961 21
1315264021 20
1315264081 18
1315264141 18
1315264201 21
1315264261 23
1315264321 24
1315264382 24
1315264441 25
1315264501 24
1315264561 24
1315264621 30
1315264681 29
1315264741 27
1315264801 24
1315264862 26
1315264921 27
1315264981 27
1315265041 29
1315265101 28
1315265161 29
1315265221 30
1315265281 34
1315265342 34
1315265401 31
1315265461 32
1315265521 36
1315265581 38
1315265641 37
1315265702 44
1315265761 45
1315265821 43
1315265881 42
1315265941 43
1315266001 45
1315266061 43
1315266121 46
1315266181 45
1315266241 51
1315266302 50
1315266361 51
1315266421 52
1315266481 52
1315266541 55
1315266601 57
1315266661 58
1315266721 55
1315266782 61
1315266841 61
1315266901 62
1315266961 60
1315267021 62
1315267081 62
1315267141 61
1315267201 62
1315267261 62
1315267321 64
1315267381 59
1315267441 59
1315267501 60
1315267561 60
1315267621 59
1315267681 62
1315267741 61
1315267802 63
1315267861 65
1315267921 62
1315267981 63
1315268041 63
1315268101 62
1315268161 62
1315268221 64
1315268282 61
1315268342 64
1315268401 65
1315268461 68
1315268521 68
1315268581 66
1315268641 72
1315268701 77
1315268761 80
1315268822 80
1315268881 87
1315268941 88
1315269001 89
1315269061 87
1315269121 89
1315269181 93
1315269241 92
1315269302 90
1315269361 92
1315269421 92
1315269481 91
1315269541 92
1315269601 93
1315269661 96
1315269721 100
1315269782 104
1315269842 106
1315269901 104
1315269961 103
1315270021 104
1315270081 105
1315270141 103
1315270201 101
1315270261 102
1315270322 98
1315270381 96
1315270441 93
1315270501 94
1315270561 96
1315270621 96
1315270681 98
1315270741 104
1315270801 106
1315270862 110
1315270922 115
1315270981 121
1315271041 120
1315271101 127
1315271161 131
1315271221 131
1315271281 133
1315271342 133
1315271401 132
1315271461 137
1315271521 137
1315271581 133
1315271641 137
1315271701 135
1315271762 137
1315271822 136
1315271881 136
1315271941 140
1315272001 145
1315272061 145
1315272121 143
1315272181 149
1315272241 145
1315272302 151
1315272362 153
1315272421 157
1315272481 155
1315272541 154
1315272601 154
1315272661 154
1315272721 161
1315272781 165
1315272842 169
1315272901 168
1315272961 167
1315273021 163
1315273081 167
1315273141 168
1315273201 174
1315273261 169
1315273321 172
1315273381 173
1315273442 179
1315273501 179
1315273561 182
1315273621 186
1315273681 184
1315273741 192
1315273801 191
1315273861 193
1315273922 190
1315273981 189
1315274041 193
1315274101 194
1315274161 192
1315274221 195
1315274281 200
1315274341 194
1315274402 193
1315274461 189
1315274521 187
1315274581 187
1315274641 184
1315274701 183
1315274761 183
1315274821 175
1315274881 173
1315274942 174
1315275001 178
1315275061 181
1315275121 184
1315275181 182
1315275241 189
1315275301 189
1315275361 187
1315275422 199
1315275482 202
1315275541 207
1315275601 208
1315275661 210
1315275721 212
1315275781 213
1315275841 203
1315275902 212
1315275962 208
1315276021 207
1315276081 210
1315276141 214
1315276201 210
1315276261 207
1315276321 210
1315276382 205
1315276441 202
1315276501 198
1315276561 199
1315276621 197
1315276681 197
1315276741 198
1315276801 203
1315276861 200
1315276922 197
1315276981 200
1315277041 203
1315277101 204
1315277161 205
1315277221 216
1315277281 219
1315277342 213
1315277402 208
1315277461 218
1315277521 214
1315277581 211
1315277641 211
1315277701 211
1315277761 213
1315277821 216
1315277881 219
1315277942 227
1315278001 230
1315278061 231
1315278121 228
1315278181 227
1315278241 229
1315278301 223
1315278362 226
1315278422 217
1315278481 219
1315278541 212
1315278601 217
1315278661 216
1315278721 222
1315278781 228
1315278842 226
1315278901 229
1315278961 231
1315279021 227
1315279081 230
1315279141 229
1315279202 236
1315279261 240
1315279322 236
1315279381 231
1315279441 230
1315279501 233
1315279561 230
1315279621 226
1315279681 222
1315279741 225
1315279801 217
1315279862 228
1315279922 224
1315279981 222
1315280041 228
1315280101 224
1315280161 226
1315280221 227
1315280281 230
1315280341 229
1315280402 231
1315280462 224
1315280521 225
1315280581 227
1315280641 227
1315280701 224
1315280761 218
1315280821 221
1315280881 216
1315280942 213
1315281002 218
1315281061 220
1315281121 224
1315281181 227
1315281241 224
1315281301 227
1315281361 226
1315281422 228
1315281481 226
1315281541 226
1315281601 223
1315281661 227
1315281721 226
1315281781 226
1315281841 230
1315281902 229
1315281961 232
1315282021 232
1315282081 232
1315282141 228
1315282201 226
1315282261 219
1315282321 215
1315282382 220
1315282442 213
1315282501 214
1315282561 213
1315282621 212
1315282681 209
1315282741 210
1315282801 216
1315282862 216
1315282922 218
1315282981 217
1315283041 215
1315283101 224
1315283161 225
1315283221 232
1315283281 232
1315283342 237
1315283402 234
1315283461 229
1315283521 232
1315283581 232
1315283641 238
1315283701 233
1315283761 230
1315283821 232
1315283882 228
1315283942 223
1315284001 223
1315284061 223
1315284121 224
1315284181 224
1315284241 222
1315284301 222
1315284361 223
1315284421 225
1315284482 224
1315284541 223
1315284601 224
1315284661 224
1315284721 223
1315284781 221
1315284841 225
1315284902 223
1315284961 221
1315285021 226
1315285081 234
1315285141 230
1315285201 226
1315285262 235
1315285322 234
1315285381 238
1315285441 241
1315285501 247
1315285561 251
1315285621 248
1315285681 245
1315285742 246
1315285801 239
1315285861 238
1315285921 240
1315285981 241
1315286041 236
1315286101 242
1315286161 241
1315286222 239
1315286282 241
1315286341 244
1315286401 245
1315286461 236
1315286521 235
1315286581 238
1315286641 240
1315286702 238
1315286761 235
1315286821 233
1315286881 237
1315286941 243
1315287001 239
1315287061 241
1315287121 243
1315287181 244
1315287242 248
1315287301 243
1315287361 249
1315287421 239
1315287481 239
1315287541 240
1315287601 237
1315287662 240
1315287721 236
1315287781 228
1315287841 233
1315287901 231
1315287961 237
1315288021 245
1315288081 248
1315288141 251
1315288202 250
1315288261 249
1315288321 253
1315288381 254
1315288441 252
1315288501 254
1315288562 252
1315288621 252
1315288681 251
1315288741 254
1315288801 256
1315288861 253
1315288921 259
1315288981 263
1315289041 261
1315289102 262
1315289161 257
1315289221 256
1315289281 261
1315289341 260
1315289401 262
1315289461 263
1315289521 262
1315289582 264
1315289641 260
1315289701 266
1315289761 269
1315289821 272
1315289881 271
1315289942 268
1315290001 276
1315290061 273
1315290121 269
1315290181 276
1315290241 279
1315290301 276
1315290361 277
1315290422 282
1315290481 281
1315290541 288
1315290601 284
1315290661 289
1315290721 283
1315290781 274
1315290841 278
1315290901 281
1315290961 281
1315291021 275
1315291081 275
1315291141 272
1315291201 273
1315291261 276
1315291321 280
1315291382 277
1315291441 266
1315291501 271
1315291561 278
1315291621 268
1315291681 269
1315291741 273
1315291802 275
1315291862 278
1315291921 276
1315291981 275
1315292041 277
1315292101 272
1315292161 270
1315292221 268
1315292282 267
1315292341 262
1315292401 268
1315292461 264
1315292521 263
1315292581 264
1315292641 261
1315292702 261
1315292762 266
1315292821 265
1315292881 265
1315292941 260
1315293001 262
1315293061 267
1315293121 261
1315293181 263
1315293242 263
1315293302 266
1315293361 257
1315293421 257
1315293481 258
1315293541 250
1315293601 243
1315293661 247
1315293721 253
1315293782 247
1315293841 249
1315293901 244
1315293961 249
1315294021 249
1315294081 252
1315294141 250
1315294201 254
1315294262 250
1315294322 247
1315294381 244
1315294441 250
1315294501 247
1315294561 247
1315294621 244
1315294681 245
1315294741 245
1315294802 241
1315294861 239
1315294921 239
1315294981 242
1315295041 236
1315295101 232
1315295161 236
1315295221 239
1315295282 239
1315295341 241
1315295401 234
1315295461 235
1315295521 240
1315295581 237
1315295641 242
1315295701 240
1315295762 232
1315295822 232
1315295881 226
1315295941 229
1315296001 231
1315296061 228
1315296121 223
1315296181 224
1315296241 220
1315296302 218
1315296361 213
1315296421 212
1315296481 209
1315296541 206
1315296601 205
1315296661 201
1315296721 200
1315296781 203
1315296842 197
1315296902 194
1315296961 192
1315297021 191
1315297081 192
1315297141 196
1315297201 195
1315297262 194
1315297321 193
1315297381 191
1315297441 191
1315297501 190
1315297561 184
1315297621 181
1315297681 178
1315297741 175
1315297802 171
1315297862 166
1315297921 159
1315297981 157
1315298041 158
1315298101 157
1315298161 153
1315298221 154
1315298281 147
1315298341 144
1315298402 141
1315298461 137
1315298521 139
1315298581 135
1315298641 130
1315298701 133
1315298761 134
1315298821 134
1315298882 130
1315298942 129
1315299001 132
1315299061 133
1315299121 130
1315299181 133
1315299241 130
1315299301 125
1315299362 125
1315299422 123
1315299481 124
1315299541 121
1315299601 121
1315299661 122
1315299721 119
1315299781 119
1315299841 121
1315299902 119
1315299962 115
1315300021 113
1315300081 110
1315300141 111
1315300201 104
1315300261 105
1315300321 107
1315300381 104
1315300442 106
1315300502 107
1315300561 106
1315300621 104
1315300681 108
1315300741 102
1315300801 104
1315300861 99
1315300921 98
1315300981 93
1315301042 91
1315301101 90
1315301161 89
1315301221 86
1315301281 80
1315301341 82
1315301401 77
1315301462 77
1315301521 76
1315301581 77
1315301641 77
1315301701 76
1315301761 77
1315301821 79
1315301881 81
1315301942 81
1315302002 81
1315302061 77
1315302121 78
1315302181 75
1315302241 76
1315302301 76
1315302361 78
1315302421 75
1315302481 74
1315302542 68
1315302601 66
1315302661 67
1315302721 66
1315302781 73
1315302841 69
1315302901 70
1315302961 66
1315303021 70
1315303082 68
1315303141 68
1315303201 65
1315303261 67
1315303321 66
1315303381 60
1315303441 64
1315303501 65
1315303561 64
1315303622 62
1315303681 61
1315303741 62
1315303801 65
1315303861 67
1315303921 66
1315303982 67
1315304041 63
1315304101 60
1315304161 62
1315304221 62
1315304281 68
1315304341 68
1315304401 66
1315304461 62
1315304522 63
1315304581 60
1315304641 63
1315304701 64
1315304761 63
1315304821 63
1315304881 62
1315304941 64
1315305001 66
1315305061 62
1315305121 60
1315305181 63
1315305242 63
1315305301 63
1315305361 66
1315305421 66
1315305481 64
1315305541 68
1315305601 69
1315305661 68
1315305721 69
1315305782 72
1315305841 72
1315305901 71
1315305961 69
1315306021 67
1315306081 70
1315306141 66
1315306201 66
1315306261 68
1315306321 66
1315306382 67
1315306441 69
1315306501 69
1315306561 67
1315306621 67
1315306681 64
1315306741 65
1315306801 67
1315306861 70
1315306922 70
1315306982 69
1315307041 70
1315307101 69
1315307161 73
1315307221 73
1315307281 75
1315307341 72
1315307401 69
1315307461 72
1315307522 71
1315307581 73
1315307641 70
1315307701 70
1315307761 67
1315307821 67
1315307881 67
1315307941 67
1315308001 67
1315308061 62
1315308122 65
1315308181 62
1315308241 65
1315308301 64
1315308361 66
1315308421 67
1315308481 64
1315308541 66
1315308601 63
1315308662 67
1315308722 68
1315308781 70
1315308841 71
1315308901 72
1315308961 69
1315309021 73
1315309081 73
1315309141 78
1315309201 79
1315309262 79
1315309321 77
1315309381 82
1315309441 78
1315309501 82
1315309561 83
1315309621 83
1315309681 83
1315309741 84
1315309801 86
1315309861 85
1315309921 84
1315309982 81
1315310041 79
1315310101 81
1315310161 87
1315310221 82
1315310281 88
1315310341 85
1315310401 88
1315310461 86
1315310522 88
1315310581 90
1315310641 88
1315310701 92
1315310761 86
1315310821 88
1315310881 86
1315310941 88
1315311002 86
1315311061 86
1315311121 85
1315311181 83
1315311241 91
1315311301 88
1315311361 91
1315311421 88
1315311481 90
1315311541 86
1315311602 87
1315311661 87
1315311721 88
1315311781 88
1315311841 88
1315311901 87
1315311961 86
1315312022 87
1315312081 86
1315312141 92
1315312201 90
1315312261 91
1315312321 90
1315312381 92
1315312441 91
1315312501 98
1315312562 99
1315312622 100
1315312681 101
1315312741 96
1315312801 98
1315312861 97
1315312921 99
1315312981 100
1315313041 101
1315313102 93
1315313162 93
1315313221 93
1315313281 91
1315313341 93
1315313401 94
1315313461 94
1315313521 94
1315313581 95
1315313641 92
1315313702 96
1315313761 96
1315313821 98
1315313881 100
1315313941 95
1315314001 94
1315314061 95
1315314121 94
1315314182 92
1315314241 91
1315314301 89
1315314361 92
1315314421 92
1315314482 93
1315314541 94
1315314601 95
1315314662 96
1315314721 93
1315314781 96
1315314841 93
1315314901 95
1315314961 89
1315315021 89
1315315081 89
1315315141 89
1315315202 87
1315315261 90
1315315321 90
1315315381 87
1315315441 91
1315315501 90
1315315561 95
1315315621 95
1315315682 97
1315315742 99
1315315801 97
1315315861 98
1315315921 100
1315315981 100
1315316041 100
1315316101 95
1315316161 94
1315316221 95
1315316281 93
1315316341 90
1315316402 94
1315316462 93
1315316521 94
1315316581 90
1315316641 88
1315316701 91
1315316761 93
1315316821 92
1315316881 95
1315316942 96
1315317002 95
1315317061 96
1315317121 93
1315317181 93
1315317241 92
1315317301 92
1315317361 92
1315317421 97
1315317482 98
1315317542 101
1315317601 102
1315317662 104
1315317721 108
1315317781 112
1315317841 112
1315317901 113
1315317961 112
1315318021 111
1315318081 111
1315318142 113
1315318201 115
1315318261 111
1315318321 109
1315318381 109
1315318441 110
1315318501 107
1315318561 105
1315318621 107
1315318682 104
1315318741 107
1315318801 107
1315318861 105
1315318921 105
1315318981 102
1315319041 103
1315319101 104
1315319161 101
1315319222 102
1315319281 100
1315319341 102
1315319401 96
1315319461 99
1315319521 99
1315319581 96
1315319641 95
1315319701 101
1315319762 100
1315319821 95
1315319881 95
1315319941 93
1315320001 93
1315320061 91
1315320121 91
1315320181 93
1315320241 89
1315320302 87
1315320361 86
1315320421 84
1315320481 87
1315320541 83
1315320601 85
1315320661 84
1315320721 87
1315320781 86
1315320842 85
1315320901 85
1315320961 82
1315321021 86
1315321081 81
1315321141 82
1315321201 82
1315321262 81
1315321322 77
1315321381 78
1315321441 81
1315321501 75
1315321561 81
1315321621 77
1315321681 76
1315321741 73
1315321802 76
1315321861 75
1315321921 73
1315321981 69
1315322041 73
1315322101 70
1315322161 64
1315322221 62
1315322282 61
1315322341 60
1315322401 58
1315322461 59
1315322521 59
1315322581 56
1315322641 54
1315322701 58
1315322761 55
1315322822 55
1315322881 56
1315322941 57
1315323001 54
1315323061 53
1315323121 53
1315323181 54
1315323241 53
1315323302 51
1315323361 51
1315323421 51
1315323481 51
1315323541 48
1315323601 49
1315323661 45
1315323721 48
1315323781 52
1315323842 50
1315323901 51
1315323961 50
1315324021 49
1315324081 50
1315324141 50
1315324201 49
1315324261 51
1315324321 47
1315324382 46
1315324442 45
1315324501 44
1315324561 45
1315324621 41
1315324681 39
1315324741 40
1315324801 40
