1308931261 5
1308931322 5
1308931382 5
1308931441 5
1308931501 5
1308931561 5
1308931621 5
1308931681 4
1308931741 4
1308931801 4
1308931861 4
1308931921 4
1308931981 4
1308932041 4
1308932102 4
1308932161 3
1308932221 2
1308932281 2
1308932341 1
1308932401 1
1308932461 2
1308932521 2
1308932581 2
1308932641 2
1308932701 3
1308932761 4
1308932822 4
1308932881 5
1308932941 5
1308933001 5
1308933061 4
1308933121 5
1308933181 5
1308933241 5
1308933301 4
1308933361 4
1308933421 4
1308933481 3
1308933541 3
1308933602 2
1308933661 3
1308933721 2
1308933781 3
1308933841 3
1308933901 3
1308933961 2
1308934021 3
1308934081 3
1308934141 3
1308934201 3
1308934261 2
1308934322 3
1308934381 2
1308934441 3
1308934501 3
1308934561 3
1308934621 2
1308934681 3
1308934741 3
1308934801 3
1308934861 3
1308934921 2
1308934981 3
1308935041 3
1308935101 2
1308935161 3
1308935222 3
1308935281 3
1308935341 2
1308935401 2
1308935461 2
1308935521 2
1308935581 1
1308935641 2
1308935701 2
1308935761 1
1308935821 1
1308935882 1
1308935941 1
1308936001 1
1308936061 1
1308936121 1
1308936181 1
1308936241 0
1308936301 1
1308936361 1
1308936421 1
1308936481 1
1308936542 1
1308936601 1
1308936661 1
1308936721 1
1308936781 1
1308936841 1
1308936901 0
1308936961 1
1308937021 1
1308937081 1
1308937141 1
1308937201 1
1308937262 1
1308937321 1
1308937381 1
1308937441 1
1308937501 1
1308937561 0
1308937621 1
1308937681 1
1308937741 1
1308937801 1
1308937861 1
1308937921 1
1308937982 1
1308938041 1
1308938101 1
1308938161 1
1308938221 0
1308938281 1
1308938341 1
1308938401 1
1308938461 1
1308938521 1
1308938581 1
1308938641 1
1308938702 1
1308938761 1
1308938821 1
1308938881 0
1308938941 1
1308939001 1
1308939061 1
1308939121 1
1308939181 1
1308939241 1
1308939301 1
1308939361 1
1308939422 1
1308939481 1
1308939541 1
1308939601 0
1308939661 1
1308939721 1
1308939781 1
1308939841 1
1308939901 1
1308939961 1
1308940021 1
1308940081 1
1308940141 1
1308940202 1
1308940261 0
1308940321 1
1308940381 1
1308940441 1
1308940501 1
1308940561 1
1308940621 1
1308940681 1
1308940741 1
1308940801 1
1308940862 1
1308940921 0
1308940981 1
1308941041 1
1308941101 1
1308941161 1
1308941221 1
1308941281 1
1308941341 1
1308941401 1
1308941461 1
1308941522 1
1308941581 0
1308941641 1
1308941701 1
1308941761 1
1308941821 1
1308941881 1
1308941941 1
1308942001 1
1308942061 1
1308942121 1
1308942182 1
1308942241 0
1308942301 1
1308942361 1
1308942421 1
1308942481 1
1308942541 1
1308942601 1
1308942661 1
1308942721 1
1308942781 1
1308942841 1
1308942902 0
1308942961 1
1308943021 1
1308943081 1
1308943141 1
1308943201 1
1308943261 1
1308943321 1
1308943381 1
1308943441 1
1308943501 1
1308943562 1
1308943621 0
1308943681 1
1308943741 1
1308943801 1
1308943861 1
1308943921 1
1308943981 1
1308944041 1
1308944101 1
1308944162 1
1308944221 1
1308944281 0
1308944341 1
1308944401 1
1308944461 1
1308944521 1
1308944581 1
1308944641 1
1308944701 1
1308944761 1
1308944822 1
1308944881 1
1308944941 0
1308945001 1
1308945061 1
1308945121 1
1308945181 1
1308945241 1
1308945301 1
1308945361 1
1308945421 1
1308945482 1
1308945541 1
1308945601 0
1308945661 1
1308945721 1
1308945781 1
1308945841 1
1308945901 1
1308945961 1
1308946021 1
1308946081 1
1308946142 1
1308946201 1
1308946261 0
1308946321 1
1308946381 1
1308946441 1
1308946501 1
1308946561 1
1308946621 1
1308946681 1
1308946741 1
1308946801 1
1308946862 1
1308946921 0
1308946981 1
1308947041 1
1308947101 1
1308947161 1
1308947221 1
1308947281 1
1308947341 1
1308947401 1
1308947461 1
1308947522 1
1308947581 1
1308947641 0
1308947701 1
1308947761 1
1308947821 1
1308947881 1
1308947941 1
1308948001 1
1308948061 1
1308948121 1
1308948181 1
1308948242 1
1308948301 1
1308948361 0
1308948421 0
1308948481 0
1308948541 0
1308948601 0
1308948661 0
1308948721 0
1308948781 0
1308948841 0
1308948902 0
1308948961 0
1308949021 0
1308949081 0
1308949141 0
1308949201 0
1308949261 0
1308949321 0
1308949381 0
1308949441 0
1308949502 0
1308949561 0
1308949621 0
1308949681 0
1308949741 0
1308949801 0
1308949861 0
1308949921 0
1308949981 0
1308950041 0
1308950101 0
1308950161 0
1308950221 0
1308950281 0
1308950341 0
1308950401 0
1308950461 0
1308950521 0
1308950581 0
1308950641 0
1308950701 0
1308950761 0
1308950822 0
1308950881 0
1308950941 0
1308951001 0
1308951061 0
1308951121 0
1308951181 0
1308951241 0
1308951301 0
1308951361 0
1308951421 0
1308951481 0
1308951541 0
1308951601 0
1308951661 0
1308951721 0
1308951781 0
1308951841 0
1308951901 0
1308951961 0
1308952021 0
1308952082 0
1308952141 0
1308952201 0
1308952261 0
1308952321 0
1308952381 0
1308952441 0
1308952501 0
1308952561 0
1308952621 0
1308952681 0
1308952742 0
1308952801 0
1308952861 0
1308952921 0
1308952981 0
1308953041 0
1308953101 0
1308953161 0
1308953221 1
1308953281 1
1308953341 1
1308953401 1
1308953462 1
1308953521 1
1308953581 1
1308953641 1
1308953701 1
1308953761 2
1308953821 2
1308953881 2
1308953941 2
1308954001 2
1308954061 2
1308954121 2
1308954182 3
1308954241 3
1308954301 3
1308954361 3
1308954421 3
1308954481 3
1308954541 3
1308954601 3
1308954661 4
1308954721 2
1308954782 2
1308954842 3
1308954901 3
1308954961 4
1308955021 4
1308955081 4
1308955141 4
1308955201 4
1308955261 3
1308955321 3
1308955381 2
1308955441 3
1308955501 2
1308955561 2
1308955621 3
1308955681 3
1308955742 3
1308955801 3
1308955861 3
1308955921 3
1308955981 3
1308956041 2
1308956101 4
1308956161 3
1308956221 3
1308956281 3
1308956341 3
1308956402 3
1308956461 3
1308956521 3
1308956581 3
1308956641 4
1308956701 2
1308956761 3
1308956821 3
1308956881 3
1308956941 3
1308957001 3
1308957061 4
1308957122 4
1308957181 4
1308957241 3
1308957301 4
1308957361 3
1308957421 3
1308957481 4
1308957541 4
1308957601 4
1308957661 3
1308957721 3
1308957782 3
1308957841 4
1308957901 3
1308957961 5
1308958021 5
1308958081 4
1308958141 5
1308958201 5
1308958261 5
1308958321 5
1308958381 5
1308958441 4
1308958501 4
1308958562 3
1308958621 3
1308958681 4
1308958741 3
1308958801 4
1308958861 4
1308958921 4
1308958981 4
1308959041 4
1308959101 4
1308959161 3
1308959221 3
1308959282 1
1308959342 3
1308959401 2
1308959461 3
1308959521 3
1308959581 4
1308959641 4
1308959701 4
1308959761 4
1308959821 4
1308959881 5
1308959941 3
1308960001 5
1308960062 4
1308960121 5
1308960181 4
1308960241 4
1308960301 4
1308960361 4
1308960421 5
1308960481 5
1308960541 5
1308960601 3
1308960661 6
1308960721 6
1308960782 5
1308960841 6
1308960901 6
1308960961 6
1308961021 5
1308961081 5
1308961141 6
1308961201 6
1308961261 5
1308961321 7
1308961381 7
1308961442 8
1308961501 8
1308961561 8
1308961621 8
1308961681 7
1308961741 7
1308961801 8
1308961861 8
1308961921 5
1308961981 8
1308962041 7
1308962102 7
1308962161 7
1308962221 7
1308962281 7
1308962341 7
1308962401 6
1308962461 7
1308962521 7
1308962581 5
1308962641 7
1308962701 8
1308962761 8
1308962822 9
1308962881 9
1308962941 9
1308963001 11
1308963061 10
1308963121 10
1308963181 10
1308963241 7
1308963301 9
1308963361 10
1308963421 9
1308963481 10
1308963541 10
1308963602 10
1308963661 10
1308963721 10
1308963781 9
1308963841 10
1308963901 10
1308963961 9
1308964021 10
1308964081 11
1308964141 11
1308964201 10
1308964261 11
1308964322 10
1308964381 11
1308964441 10
1308964501 9
1308964561 10
1308964621 9
1308964681 8
1308964741 9
1308964801 10
1308964861 11
1308964921 11
1308964982 11
1308965041 13
1308965101 13
1308965161 13
1308965221 13
1308965281 12
1308965341 12
1308965401 11
1308965461 10
1308965521 11
1308965581 10
1308965642 9
1308965701 10
1308965761 7
1308965821 9
1308965881 9
1308965941 9
1308966001 10
1308966061 9
1308966121 9
1308966181 10
1308966241 9
1308966301 9
1308966362 10
1308966421 9
1308966481 10
1308966541 9
1308966601 9
1308966661 8
1308966721 8
1308966781 7
1308966841 8
1308966901 8
1308966961 7
1308967022 7
1308967081 8
1308967141 8
1308967201 7
1308967261 8
1308967321 8
1308967381 7
1308967441 9
1308967501 9
1308967561 9
1308967622 8
1308967681 8
1308967741 9
1308967801 9
1308967861 9
1308967921 10
1308967981 10
1308968041 7
1308968101 10
1308968161 9
1308968221 11
1308968282 10
1308968342 10
1308968401 11
1308968461 12
1308968521 12
1308968581 12
1308968641 12
1308968701 10
1308968761 11
1308968821 10
1308968881 11
1308968941 10
1308969002 10
1308969062 10
1308969121 11
1308969181 13
1308969241 13
1308969301 13
1308969361 12
1308969421 13
1308969481 13
1308969541 15
1308969601 15
1308969661 14
1308969722 15
1308969781 14
1308969841 13
1308969901 12
1308969961 13
1308970021 12
1308970081 11
1308970141 10
1308970201 11
1308970261 11
1308970321 9
1308970381 12
1308970441 13
1308970502 13
1308970561 14
1308970621 16
1308970681 17
1308970741 17
1308970801 18
1308970861 19
1308970921 17
1308970981 16
1308971041 18
1308971101 18
1308971162 18
1308971221 17
1308971281 16
1308971341 16
1308971401 14
1308971461 15
1308971521 15
1308971581 15
1308971641 14
1308971701 15
1308971761 14
1308971822 13
1308971881 14
1308971941 14
1308972001 14
1308972061 14
1308972121 15
1308972181 13
1308972241 13
1308972301 12
1308972361 12
1308972421 11
1308972481 11
1308972542 11
1308972601 12
1308972661 12
1308972721 13
1308972781 13
1308972841 15
1308972901 16
1308972961 15
1308973021 16
1308973081 16
1308973141 16
1308973201 15
1308973262 15
1308973321 16
1308973381 17
1308973441 16
1308973501 18
1308973561 18
1308973621 17
1308973681 17
1308973741 16
1308973801 17
1308973861 15
1308973921 14
1308973982 14
1308974041 14
1308974101 14
1308974161 16
1308974221 16
1308974281 15
1308974341 16
1308974401 15
1308974461 15
1308974521 15
1308974581 14
1308974641 14
1308974702 13
1308974761 13
1308974821 15
1308974881 16
1308974941 16
1308975001 15
1308975061 16
1308975121 16
1308975181 16
1308975241 15
1308975301 14
1308975361 15
1308975422 14
1308975481 15
1308975541 13
1308975601 14
1308975661 14
1308975721 13
1308975781 14
1308975841 13
1308975901 12
1308975961 10
1308976021 12
1308976081 11
1308976141 13
1308976202 12
1308976261 12
1308976321 11
1308976381 13
1308976441 13
1308976501 12
1308976561 12
1308976621 11
1308976681 13
1308976741 12
1308976801 13
1308976861 12
1308976922 12
1308976981 11
1308977041 13
1308977101 13
1308977161 12
1308977221 11
1308977281 11
1308977341 11
1308977401 10
1308977461 11
1308977521 10
1308977581 11
1308977642 11
1308977701 10
1308977761 11
1308977821 11
1308977881 10
1308977941 10
1308978001 12
1308978061 12
1308978121 12
1308978181 10
1308978241 11
1308978301 12
1308978361 12
1308978422 12
1308978481 13
1308978541 13
1308978601 12
1308978661 12
1308978721 11
1308978781 11
1308978841 10
1308978901 10
1308978961 10
1308979021 10
1308979081 8
1308979142 11
1308979201 13
1308979261 14
1308979321 14
1308979381 14
1308979441 13
1308979501 14
1308979561 13
1308979621 14
1308979681 14
1308979741 14
1308979801 14
1308979862 12
1308979922 13
1308979981 13
1308980041 13
1308980101 11
1308980161 13
1308980221 13
1308980281 13
1308980341 13
1308980401 13
1308980461 14
1308980521 13
1308980582 13
1308980641 14
1308980701 15
1308980761 16
1308980821 13
1308980881 14
1308980941 12
1308981001 14
1308981061 14
1308981121 14
1308981181 13
1308981241 13
1308981302 14
1308981361 12
1308981421 13
1308981481 12
1308981541 12
1308981601 9
1308981661 12
1308981721 12
1308981781 13
1308981841 12
1308981901 13
1308981961 14
1308982022 16
1308982081 16
1308982141 15
1308982201 15
1308982261 15
1308982321 17
1308982381 17
1308982441 18
1308982501 16
1308982561 18
1308982621 17
1308982682 17
1308982742 17
1308982801 16
1308982861 17
1308982921 15
1308982981 15
1308983041 16
1308983101 16
1308983161 15
1308983221 14
1308983282 16
1308983342 16
1308983401 17
1308983461 13
1308983521 17
1308983581 19
1308983641 18
1308983701 19
1308983761 17
1308983821 16
1308983881 16
1308983942 18
1308984001 18
1308984061 17
1308984121 15
1308984181 14
1308984241 16
1308984301 15
1308984361 16
1308984421 16
1308984481 14
1308984541 14
1308984601 15
1308984661 16
1308984721 14
1308984781 14
1308984841 14
1308984901 16
1308984961 15
1308985021 16
1308985081 17
1308985141 16
1308985201 17
1308985261 16
1308985322 17
1308985381 15
1308985441 17
1308985501 16
1308985561 16
1308985621 17
1308985681 16
1308985741 16
1308985801 17
1308985861 19
1308985921 17
1308985981 19
1308986042 17
1308986101 18
1308986161 19
1308986221 20
1308986281 20
1308986341 19
1308986401 18
1308986461 19
1308986521 20
1308986581 18
1308986642 20
1308986702 21
1308986761 20
1308986821 18
1308986881 19
1308986941 19
1308987001 17
1308987061 16
1308987121 18
1308987181 20
1308987241 17
1308987301 16
1308987361 19
1308987422 20
1308987481 20
1308987541 21
1308987601 21
1308987661 21
1308987721 18
1308987781 17
1308987841 17
1308987901 16
1308987961 13
1308988021 16
1308988082 16
1308988141 15
1308988201 15
1308988261 14
1308988321 14
1308988381 15
1308988441 16
1308988501 15
1308988561 15
1308988621 12
1308988681 14
1308988742 15
1308988801 15
1308988861 15
1308988921 15
1308988981 14
1308989041 14
1308989101 14
1308989161 14
1308989221 16
1308989281 15
1308989341 14
1308989401 14
1308989462 13
1308989521 13
1308989581 13
1308989641 13
1308989701 15
1308989761 16
1308989821 15
1308989881 13
1308989941 13
1308990001 13
1308990061 13
1308990121 12
1308990182 13
1308990241 13
1308990301 12
1308990361 11
1308990421 11
1308990481 9
1308990541 10
1308990601 11
1308990661 11
1308990721 11
1308990781 11
1308990841 11
1308990902 11
1308990961 13
1308991021 12
1308991081 13
1308991141 12
1308991201 12
1308991261 13
1308991321 13
1308991381 13
1308991441 12
1308991501 12
1308991561 8
1308991622 11
1308991681 12
1308991741 11
1308991801 11
1308991861 11
1308991921 12
1308991981 12
1308992041 12
1308992101 11
1308992161 12
1308992221 10
1308992281 12
1308992341 12
1308992402 12
1308992461 11
1308992521 12
1308992581 12
1308992641 12
1308992701 12
1308992761 11
1308992821 12
1308992881 10
1308992941 12
1308993001 11
1308993061 12
1308993121 11
1308993181 11
1308993241 11
1308993301 13
1308993361 12
1308993421 11
1308993481 11
1308993541 11
1308993601 13
1308993661 13
1308993721 14
1308993781 13
1308993841 13
1308993901 12
1308993961 14
1308994021 15
1308994081 15
1308994141 15
1308994201 15
1308994261 15
1308994321 15
1308994381 15
1308994441 15
1308994501 16
1308994561 14
1308994622 12
1308994681 12
1308994741 11
1308994801 9
1308994861 10
1308994921 12
1308994981 13
1308995041 13
1308995101 12
1308995161 12
1308995221 12
1308995281 13
1308995342 13
1308995401 13
1308995461 12
1308995521 12
1308995581 12
1308995641 12
1308995701 12
1308995761 13
1308995821 12
1308995881 13
1308995941 13
1308996001 16
1308996062 15
1308996121 14
1308996181 13
1308996241 15
1308996301 16
1308996361 15
1308996421 15
1308996481 13
1308996541 14
1308996601 12
1308996661 15
1308996722 14
1308996781 16
1308996841 15
1308996901 14
1308996961 15
1308997021 16
1308997081 16
1308997141 16
1308997201 15
1308997261 14
1308997321 16
1308997381 13
1308997442 14
1308997501 14
1308997561 14
1308997621 12
1308997681 11
1308997741 11
1308997801 12
1308997861 10
1308997921 11
1308997981 13
1308998041 12
1308998101 13
1308998162 13
1308998221 14
1308998281 14
1308998341 13
1308998401 12
1308998461 14
1308998521 13
1308998581 13
1308998641 12
1308998701 13
1308998761 13
1308998821 12
1308998882 13
1308998941 13
1308999001 11
1308999061 12
1308999121 12
1308999181 10
1308999241 11
1308999301 11
1308999361 12
1308999421 11
1308999481 11
1308999541 12
1308999601 13
1308999662 12
1308999721 13
1308999781 13
1308999841 12
1308999901 11
1308999961 13
1309000021 12
1309000081 12
1309000141 11
1309000201 11
1309000261 12
1309000321 10
1309000382 12
1309000441 12
1309000501 12
1309000561 10
1309000621 12
1309000681 12
1309000741 12
1309000801 12
1309000861 12
1309000921 12
1309000981 12
1309001042 12
1309001101 12
1309001161 12
1309001221 12
1309001281 11
1309001341 12
1309001401 11
1309001461 10
1309001521 11
1309001581 12
1309001641 11
1309001701 13
1309001761 12
1309001822 12
1309001881 13
1309001941 13
1309002001 13
1309002061 13
1309002121 11
1309002181 11
1309002241 12
1309002301 10
1309002361 12
1309002421 11
1309002482 10
1309002541 11
1309002601 11
1309002661 11
1309002721 11
1309002781 9
1309002841 10
1309002901 9
1309002961 10
1309003021 11
1309003081 11
1309003142 9
1309003201 11
1309003261 11
1309003321 11
1309003381 11
1309003441 11
1309003501 11
1309003561 10
1309003621 11
1309003681 12
1309003741 12
1309003801 11
1309003861 11
1309003921 12
1309003981 12
1309004041 10
1309004101 12
1309004161 10
1309004221 10
1309004281 9
1309004341 11
1309004401 10
1309004461 11
1309004522 11
1309004581 11
1309004641 11
1309004701 9
1309004761 11
1309004821 10
1309004881 10
1309004941 12
1309005001 13
1309005061 12
1309005121 13
1309005181 13
1309005242 12
1309005301 13
1309005361 11
1309005421 12
1309005481 11
1309005541 10
1309005601 12
1309005661 11
1309005721 11
1309005781 12
1309005841 12
1309005901 12
1309005962 12
1309006021 12
1309006081 13
1309006141 10
1309006201 11
1309006261 12
1309006321 11
1309006381 13
1309006441 13
1309006501 13
1309006561 13
1309006621 13
1309006681 12
1309006741 12
1309006802 10
1309006861 10
1309006921 11
1309006981 9
1309007041 11
1309007101 10
1309007161 11
1309007221 11
1309007281 11
1309007341 10
1309007401 12
1309007462 11
1309007521 11
1309007581 12
1309007641 11
1309007701 11
1309007761 10
1309007821 11
1309007881 11
1309007941 10
1309008001 9
1309008061 9
1309008121 10
1309008182 9
1309008241 8
1309008301 9
1309008361 9
1309008421 9
1309008481 10
1309008541 10
1309008601 9
1309008661 10
1309008721 9
1309008781 9
1309008841 11
1309008902 11
1309008961 12
1309009021 12
1309009081 13
1309009141 14
1309009201 16
1309009261 14
1309009321 17
1309009381 16
1309009441 14
1309009501 16
1309009561 17
1309009622 18
1309009681 19
1309009741 17
1309009801 15
1309009861 14
1309009921 12
1309009981 13
1309010041 13
1309010101 12
1309010161 10
1309010221 10
1309010281 12
1309010341 11
1309010402 12
1309010461 12
1309010521 11
1309010581 12
1309010641 12
1309010701 10
1309010761 12
1309010821 11
1309010881 10
1309010941 11
1309011001 10
1309011061 10
1309011122 10
1309011181 8
1309011241 10
1309011301 10
1309011361 9
1309011421 9
1309011481 10
1309011541 9
1309011601 10
1309011661 10
1309011721 9
1309011781 10
1309011841 8
1309011902 10
1309011961 9
1309012021 9
1309012081 9
1309012141 9
1309012201 8
1309012261 9
1309012321 9
1309012381 7
1309012441 11
1309012501 11
1309012561 11
1309012621 10
1309012682 11
1309012741 11
1309012801 11
1309012861 10
1309012921 11
1309012981 12
1309013041 11
1309013101 11
1309013161 14
1309013221 16
1309013281 15
1309013342 16
1309013402 16
1309013461 16
1309013521 16
1309013581 15
1309013641 15
1309013701 13
1309013761 9
1309013821 10
1309013881 8
1309013941 9
1309014001 9
1309014061 9
1309014122 9
1309014181 8
1309014241 7
1309014301 8
1309014361 8
1309014421 5
1309014481 5
1309014541 5
1309014601 6
1309014661 6
1309014721 7
1309014781 7
1309014841 7
1309014902 7
1309014961 8
1309015021 8
1309015081 7
1309015141 8
1309015201 11
1309015261 11
1309015321 11
1309015381 12
1309015441 11
1309015501 10
1309015562 10
1309015621 12
1309015681 12
1309015741 11
1309015801 12
1309015861 12
1309015921 11
1309015981 10
1309016041 10
1309016101 10
1309016161 9
1309016221 8
1309016282 10
1309016341 8
1309016401 9
1309016461 9
1309016521 10
1309016581 10
1309016641 11
1309016701 11
1309016761 11
1309016821 10
1309016881 9
1309016941 11
1309017002 10
1309017061 8
1309017121 9
1309017181 9
1309017241 8
1309017301 8
1309017361 8
1309017421 8
1309017481 7
1309017541 7
1309017601 11
