1311782461 28
1311782521 26
1311782581 28
1311782641 26
1311782702 25
1311782761 21
1311782821 25
1311782881 24
1311782941 24
1311783001 23
1311783061 25
1311783121 25
1311783181 22
1311783241 23
1311783301 21
1311783362 24
1311783421 21
1311783481 22
1311783541 21
1311783601 22
1311783661 20
1311783721 25
1311783781 24
1311783841 23
1311783901 23
1311783962 22
1311784021 22
1311784081 23
1311784141 23
1311784201 23
1311784261 21
1311784321 21
1311784381 23
1311784441 23
1311784501 23
1311784561 23
1311784621 23
1311784681 21
1311784742 22
1311784801 20
1311784861 20
1311784921 17
1311784981 19
1311785041 21
1311785101 21
1311785161 22
1311785221 21
1311785281 20
1311785342 19
1311785401 22
1311785461 21
1311785521 21
1311785581 20
1311785641 21
1311785701 20
1311785761 20
1311785821 21
1311785881 21
1311785941 20
1311786001 19
1311786061 20
1311786121 19
1311786181 19
1311786241 17
1311786301 18
1311786362 17
1311786421 18
1311786481 18
1311786541 18
1311786601 16
1311786661 17
1311786721 18
1311786781 15
1311786841 16
1311786901 16
1311786962 17
1311787021 15
1311787081 17
1311787141 17
1311787202 16
1311787261 15
1311787322 16
1311787381 16
1311787441 14
1311787501 16
1311787561 15
1311787621 17
1311787681 15
1311787741 15
1311787801 16
1311787861 16
1311787922 16
1311787981 17
1311788041 17
1311788101 15
1311788161 16
1311788221 15
1311788281 17
1311788341 15
1311788401 16
1311788461 18
1311788522 17
1311788582 17
1311788641 18
1311788701 18
1311788761 16
1311788821 17
1311788881 15
1311788941 17
1311789001 15
1311789061 14
1311789121 14
1311789181 14
1311789242 14
1311789301 14
1311789361 15
1311789421 14
1311789481 15
1311789541 12
1311789601 15
1311789661 14
1311789721 13
1311789781 15
1311789841 14
1311789902 15
1311789961 15
1311790021 14
1311790081 13
1311790141 14
1311790201 12
1311790261 14
1311790321 14
1311790381 12
1311790441 14
1311790502 12
1311790561 12
1311790621 12
1311790681 14
1311790741 13
1311790801 13
1311790861 11
1311790921 13
1311790981 13
1311791041 12
1311791102 12
1311791161 12
1311791221 11
1311791281 12
1311791341 12
1311791401 12
1311791461 12
1311791521 10
1311791581 12
1311791641 12
1311791701 12
1311791762 11
1311791821 11
1311791881 11
1311791941 13
1311792001 13
1311792061 12
1311792121 13
1311792181 11
1311792242 13
1311792301 13
1311792361 12
1311792421 12
1311792481 12
1311792541 10
1311792601 12
1311792661 12
1311792722 11
1311792781 11
1311792841 10
1311792901 12
1311792961 12
1311793021 11
1311793081 10
1311793141 11
1311793202 10
1311793261 11
1311793321 11
1311793381 11
1311793441 10
1311793501 9
1311793561 11
1311793622 11
1311793681 10
1311793741 11
1311793801 10
1311793861 10
1311793921 11
1311793981 10
1311794041 11
1311794102 10
1311794161 8
1311794221 10
1311794281 10
1311794341 9
1311794401 11
1311794461 10
1311794521 10
1311794581 11
1311794642 10
1311794701 11
1311794761 11
1311794821 9
1311794881 10
1311794941 9
1311795001 8
1311795061 10
1311795121 8
1311795182 9
1311795241 10
1311795301 9
1311795361 10
1311795421 10
1311795481 8
1311795541 9
1311795601 10
1311795661 9
1311795722 10
1311795781 8
1311795841 11
1311795901 11
1311795961 10
1311796021 11
1311796081 11
1311796141 9
1311796201 11
1311796261 13
1311796322 13
1311796382 13
1311796441 10
1311796501 13
1311796561 13
1311796621 12
1311796681 13
1311796741 13
1311796801 9
1311796861 10
1311796922 11
1311796981 12
1311797041 12
1311797101 9
1311797161 12
1311797221 12
1311797281 11
1311797341 12
1311797401 12
1311797462 10
1311797521 11
1311797581 11
1311797641 11
1311797701 10
1311797761 8
1311797821 11
1311797881 11
1311797941 11
1311798002 11
1311798061 10
1311798121 9
1311798181 10
1311798241 11
1311798301 11
1311798361 11
1311798421 8
1311798481 11
1311798541 10
1311798602 11
1311798661 11
1311798721 10
1311798781 8
1311798841 10
1311798901 10
1311798961 10
1311799021 10
1311799081 7
1311799142 10
1311799201 10
1311799261 10
1311799321 9
1311799381 10
1311799441 8
1311799501 10
1311799561 10
1311799621 9
1311799681 9
1311799742 7
1311799801 9
1311799861 8
1311799921 9
1311799981 8
1311800041 9
1311800101 7
1311800161 9
1311800221 9
1311800281 9
1311800341 8
1311800401 8
1311800461 8
1311800521 8
1311800581 8
1311800641 8
1311800701 9
1311800761 7
1311800821 9
1311800882 9
1311800941 9
1311801001 8
1311801061 8
1311801121 7
1311801181 7
1311801241 7
1311801301 7
1311801361 8
1311801422 6
1311801482 8
1311801541 8
1311801601 8
1311801661 7
1311801721 8
1311801781 7
1311801841 7
1311801901 6
1311801961 7
1311802021 9
1311802081 7
1311802141 9
1311802201 9
1311802261 9
1311802321 8
1311802382 9
1311802441 8
1311802501 9
1311802561 9
1311802621 7
1311802681 8
1311802741 6
1311802801 8
1311802862 8
1311802921 8
1311802981 7
1311803041 8
1311803101 6
1311803161 7
1311803221 9
1311803281 8
1311803341 9
1311803402 8
1311803461 9
1311803521 9
1311803581 9
1311803641 8
1311803701 9
1311803761 7
1311803821 6
1311803881 7
1311803941 6
1311804002 6
1311804061 7
1311804121 6
1311804181 7
1311804241 7
1311804301 6
1311804362 7
1311804421 7
1311804481 7
1311804541 7
1311804601 6
1311804661 6
1311804721 7
1311804781 6
1311804841 7
1311804901 7
1311804961 6
1311805022 5
1311805081 7
1311805141 8
1311805201 8
1311805261 7
1311805321 7
1311805381 8
1311805441 7
1311805501 8
1311805561 8
1311805621 7
1311805681 5
1311805742 8
1311805801 10
1311805861 10
1311805921 10
1311805981 10
1311806041 11
1311806101 10
1311806161 11
1311806221 11
1311806281 10
1311806341 8
1311806402 9
1311806461 10
1311806521 10
1311806581 10
1311806641 9
1311806701 11
1311806761 10
1311806821 11
1311806881 12
1311806941 11
1311807002 10
1311807061 13
1311807121 12
1311807181 13
1311807241 12
1311807301 11
1311807361 13
1311807421 13
1311807481 12
1311807541 13
1311807601 11
1311807661 10
1311807721 12
1311807781 11
1311807841 12
1311807901 11
1311807961 11
1311808021 12
1311808081 14
1311808141 13
1311808202 14
1311808261 14
1311808321 13
1311808381 15
1311808441 14
1311808501 15
1311808561 14
1311808621 14
1311808681 14
1311808742 16
1311808801 14
1311808861 13
1311808921 15
1311808981 15
1311809041 15
1311809101 15
1311809161 14
1311809221 15
1311809281 14
1311809341 13
1311809402 16
1311809461 16
1311809521 15
1311809581 15
1311809641 14
1311809701 14
1311809761 15
1311809821 13
1311809881 14
1311809941 14
1311810001 13
1311810062 15
1311810121 14
1311810181 16
1311810241 17
1311810301 16
1311810361 17
1311810421 20
1311810481 20
1311810541 20
1311810601 20
1311810661 22
1311810721 22
1311810781 22
1311810841 23
1311810901 26
1311810961 27
1311811021 26
1311811081 28
1311811141 28
1311811202 31
1311811261 28
1311811321 30
1311811381 31
1311811441 30
1311811501 28
1311811561 29
1311811621 29
1311811681 28
1311811741 29
1311811801 25
1311811862 28
1311811921 28
1311811981 26
1311812041 31
1311812101 33
1311812161 33
1311812221 34
1311812281 33
1311812341 36
1311812402 37
1311812461 33
1311812521 37
1311812581 39
1311812641 38
1311812701 38
1311812761 35
1311812821 36
1311812881 36
1311812941 36
1311813002 38
1311813061 41
1311813121 39
1311813181 41
1311813241 39
1311813301 41
1311813361 43
1311813421 43
1311813481 45
1311813542 49
1311813601 53
1311813661 54
1311813721 55
1311813781 57
1311813841 58
1311813901 60
1311813961 63
1311814021 61
1311814082 61
1311814141 62
1311814201 62
1311814261 65
1311814321 68
1311814381 71
1311814441 71
1311814501 71
1311814561 72
1311814622 76
1311814681 75
1311814741 73
1311814801 75
1311814861 74
1311814921 80
1311814981 80
1311815041 82
1311815101 83
1311815161 84
1311815221 83
1311815281 87
1311815341 90
1311815401 88
1311815461 85
1311815521 84
1311815581 87
1311815642 86
1311815701 88
1311815761 88
1311815821 85
1311815881 92
1311815941 91
1311816001 92
1311816061 90
1311816121 90
1311816182 91
1311816241 96
1311816301 96
1311816361 101
1311816421 99
1311816481 96
1311816541 94
1311816602 98
1311816662 100
1311816721 99
1311816781 98
1311816841 98
1311816901 99
1311816961 101
1311817022 101
1311817081 100
1311817141 101
1311817201 98
1311817261 100
1311817321 102
1311817381 105
1311817442 104
1311817501 108
1311817561 107
1311817621 112
1311817681 111
1311817741 112
1311817801 113
1311817861 111
1311817921 110
1311817982 108
1311818041 105
1311818101 107
1311818161 111
1311818221 108
1311818281 108
1311818341 110
1311818402 115
1311818462 116
1311818521 116
1311818581 115
1311818641 120
1311818701 117
1311818761 114
1311818821 116
1311818881 113
1311818941 114
1311819002 111
1311819061 110
1311819121 115
1311819181 112
1311819241 112
1311819301 113
1311819361 111
1311819421 117
1311819481 119
1311819541 118
1311819602 120
1311819661 123
1311819721 126
1311819781 125
1311819841 126
1311819901 124
1311819961 128
1311820021 126
1311820081 130
1311820142 129
1311820201 124
1311820261 127
1311820321 126
1311820381 129
1311820441 131
1311820501 130
1311820562 129
1311820621 126
1311820681 126
1311820741 127
1311820801 130
1311820861 134
1311820921 135
1311820981 133
1311821041 138
1311821102 138
1311821161 140
1311821221 140
1311821281 139
1311821341 140
1311821401 143
1311821461 141
1311821521 140
1311821581 138
1311821642 135
1311821701 138
1311821761 136
1311821821 138
1311821881 135
1311821941 137
1311822001 133
1311822061 131
1311822121 133
1311822181 138
1311822241 139
1311822301 141
1311822361 139
1311822421 142
1311822481 141
1311822541 142
1311822601 142
1311822662 147
1311822721 145
1311822781 143
1311822841 143
1311822901 141
1311822962 139
1311823021 140
1311823081 139
1311823141 136
1311823201 139
1311823261 135
1311823321 132
1311823381 133
1311823441 130
1311823501 125
1311823561 128
1311823621 129
1311823681 129
1311823741 132
1311823801 131
1311823861 130
1311823921 133
1311823981 131
1311824041 127
1311824102 127
1311824161 126
1311824221 127
1311824281 128
1311824341 124
1311824401 125
1311824461 123
1311824521 123
1311824582 122
1311824641 119
1311824701 119
1311824761 120
1311824821 119
1311824881 118
1311824941 119
1311825001 113
1311825062 114
1311825121 112
1311825181 113
1311825241 114
1311825301 113
1311825361 112
1311825422 108
1311825481 110
1311825541 109
1311825601 110
1311825661 108
1311825721 108
1311825781 104
1311825841 104
1311825901 104
1311825961 102
1311826021 105
1311826081 107
1311826141 106
1311826201 105
1311826261 105
1311826322 102
1311826381 106
1311826441 107
1311826501 105
1311826561 103
1311826621 102
1311826681 99
1311826741 99
1311826802 99
1311826861 99
1311826921 99
1311826981 94
1311827041 96
1311827101 97
1311827161 95
1311827222 95
1311827281 96
1311827341 96
1311827401 94
1311827461 91
1311827521 90
1311827581 89
1311827641 89
1311827701 89
1311827762 94
1311827821 91
1311827881 93
1311827941 92
1311828001 92
1311828061 95
1311828121 93
1311828181 94
1311828242 92
1311828301 95
1311828361 97
1311828421 95
1311828481 95
1311828541 95
1311828601 95
1311828661 93
1311828721 96
1311828782 95
1311828841 95
1311828901 95
1311828961 94
1311829021 99
1311829081 96
1311829141 97
1311829201 95
1311829261 91
1311829321 95
1311829382 97
1311829441 96
1311829501 94
1311829561 97
1311829621 93
1311829681 93
1311829741 94
1311829801 97
1311829861 99
1311829921 98
1311829982 97
1311830041 97
1311830101 99
1311830161 96
1311830221 102
1311830281 108
1311830341 110
1311830401 110
1311830461 108
1311830521 107
1311830581 105
1311830641 107
1311830701 106
1311830761 105
1311830821 97
1311830881 94
1311830941 97
1311831001 100
1311831061 102
1311831121 102
1311831181 105
1311831241 102
1311831301 104
1311831361 105
1311831421 106
1311831481 107
1311831541 109
1311831601 109
1311831661 107
1311831721 109
1311831781 110
1311831841 113
1311831901 112
1311831961 115
1311832021 111
1311832081 108
1311832142 104
1311832201 104
1311832261 107
1311832321 105
1311832381 106
1311832441 104
1311832501 103
1311832561 105
1311832621 103
1311832681 104
1311832742 101
1311832801 102
1311832861 102
1311832921 102
1311832981 100
1311833041 105
1311833102 107
1311833161 106
1311833221 104
1311833281 107
1311833341 108
1311833401 110
1311833461 108
1311833521 108
1311833582 109
1311833641 107
1311833701 109
1311833761 106
1311833821 110
1311833881 109
1311833941 110
1311834001 109
1311834061 109
1311834121 109
1311834181 108
1311834241 107
1311834301 107
1311834361 110
1311834421 110
1311834481 109
1311834541 111
1311834601 108
1311834661 106
1311834721 104
1311834781 107
1311834841 109
1311834901 105
1311834961 106
1311835022 106
1311835082 107
1311835141 106
1311835201 106
1311835261 109
1311835321 107
1311835381 109
1311835442 108
1311835501 106
1311835561 107
1311835621 102
1311835681 103
1311835741 99
1311835801 96
1311835861 99
1311835921 97
1311835981 96
1311836041 95
1311836101 96
1311836161 95
1311836221 100
1311836281 105
1311836341 106
1311836401 108
1311836462 108
1311836521 110
1311836581 110
1311836641 109
1311836701 107
1311836761 106
1311836822 106
1311836881 98
1311836941 103
1311837001 103
1311837061 102
1311837121 102
1311837181 105
1311837241 108
1311837302 108
1311837361 105
1311837421 103
1311837481 105
1311837541 101
1311837601 101
1311837661 102
1311837721 102
1311837782 98
1311837841 96
1311837901 99
1311837961 99
1311838021 100
1311838081 100
1311838141 102
1311838201 103
1311838261 99
1311838322 99
1311838381 100
1311838441 100
1311838501 97
1311838561 94
1311838621 95
1311838681 95
1311838741 98
1311838801 94
1311838861 100
1311838922 100
1311838981 101
1311839041 99
1311839101 102
1311839161 102
1311839222 102
1311839281 101
1311839341 95
1311839401 95
1311839461 97
1311839521 95
1311839581 95
1311839641 96
1311839702 97
1311839761 96
1311839821 98
1311839881 98
1311839941 96
1311840001 96
1311840061 97
1311840121 97
1311840181 95
1311840241 93
1311840301 93
1311840361 92
1311840421 94
1311840481 95
1311840541 93
1311840601 94
1311840662 93
1311840721 93
1311840781 91
1311840841 91
1311840901 89
1311840961 88
1311841021 88
1311841081 92
1311841142 94
1311841201 92
1311841261 94
1311841321 91
1311841381 89
1311841441 88
1311841501 88
1311841561 88
1311841621 87
1311841682 87
1311841741 84
1311841801 85
1311841861 84
1311841921 84
1311841981 84
1311842041 83
1311842101 80
1311842161 80
1311842221 80
1311842282 75
1311842341 78
1311842401 75
1311842461 76
1311842521 76
1311842581 74
1311842641 74
1311842701 73
1311842762 70
1311842821 68
1311842881 72
1311842941 70
1311843001 70
1311843061 69
1311843121 68
1311843182 68
1311843241 71
1311843301 73
1311843361 75
1311843421 76
1311843481 74
1311843541 75
1311843601 75
1311843661 72
1311843722 72
1311843781 76
1311843841 72
1311843901 74
1311843961 72
1311844021 69
1311844081 66
1311844141 68
1311844201 68
1311844261 66
1311844322 65
1311844381 64
1311844441 66
1311844501 67
1311844561 66
1311844621 66
1311844681 68
1311844741 69
1311844801 66
1311844862 66
1311844921 65
1311844981 65
1311845041 64
1311845101 62
1311845161 64
1311845221 65
1311845281 63
1311845341 62
1311845401 61
1311845461 63
1311845521 64
1311845581 60
1311845641 59
1311845701 58
1311845761 60
1311845821 63
1311845881 61
1311845941 59
1311846002 59
1311846061 59
1311846121 55
1311846181 57
1311846241 57
1311846301 56
1311846361 55
1311846421 51
1311846481 50
1311846542 52
1311846601 55
1311846661 53
1311846721 53
1311846781 50
1311846841 52
1311846901 51
1311846961 49
1311847021 52
1311847081 52
1311847142 50
1311847201 49
1311847261 46
1311847321 48
1311847381 48
1311847441 44
1311847501 44
1311847562 45
1311847621 44
1311847681 46
1311847741 46
1311847801 47
1311847861 46
1311847921 43
1311847981 44
1311848041 45
1311848102 45
1311848162 43
1311848221 40
1311848281 39
1311848341 38
1311848401 37
1311848461 42
1311848521 42
1311848581 41
1311848641 39
1311848701 39
1311848761 39
1311848821 40
1311848881 38
1311848941 39
1311849001 38
1311849061 36
1311849121 38
1311849181 38
1311849241 39
1311849302 40
1311849362 39
1311849421 41
1311849481 42
1311849541 42
1311849601 44
1311849661 44
1311849721 43
1311849781 43
1311849841 41
1311849901 44
1311849961 43
1311850022 42
1311850081 45
1311850141 45
1311850201 45
1311850261 44
1311850321 45
1311850382 46
1311850442 47
1311850501 43
1311850561 45
1311850621 45
1311850681 43
1311850741 45
1311850801 46
1311850861 47
1311850921 46
1311850982 45
1311851041 50
1311851101 49
1311851161 48
1311851221 47
1311851281 49
1311851341 48
1311851401 45
1311851461 48
1311851521 48
1311851582 49
1311851641 49
1311851701 51
1311851761 49
1311851821 49
1311851881 49
1311851941 48
1311852001 47
1311852061 49
1311852122 47
1311852181 47
1311852241 46
1311852301 45
1311852361 45
1311852421 43
1311852481 43
1311852541 45
1311852602 44
1311852661 42
1311852721 46
1311852781 46
1311852841 45
1311852901 48
1311852961 48
1311853021 48
1311853081 48
1311853141 48
1311853201 50
1311853262 49
1311853321 48
1311853381 48
1311853441 46
1311853501 47
1311853561 48
1311853621 48
1311853681 46
1311853741 45
1311853801 44
1311853862 45
1311853921 46
1311853981 47
1311854041 49
1311854101 49
1311854161 49
1311854221 50
1311854281 50
1311854341 50
1311854402 52
1311854461 52
1311854521 51
1311854581 52
1311854641 51
1311854701 51
1311854761 51
1311854821 52
1311854881 54
1311854941 51
1311855002 50
1311855061 48
1311855121 48
1311855181 47
1311855241 49
1311855301 46
1311855361 48
1311855421 46
1311855481 45
1311855541 44
1311855602 47
1311855661 48
1311855721 49
1311855781 49
1311855841 49
1311855901 50
1311855961 51
1311856021 52
1311856081 50
1311856141 52
1311856202 50
1311856262 52
1311856321 53
1311856381 53
1311856441 53
1311856501 53
1311856561 54
1311856621 55
1311856681 56
1311856741 55
1311856802 55
1311856861 58
1311856921 58
1311856981 58
1311857041 58
1311857101 56
1311857161 60
1311857221 59
1311857281 59
1311857342 60
1311857401 57
1311857461 54
1311857521 56
1311857581 58
1311857641 58
1311857701 56
1311857761 57
1311857821 56
1311857881 56
1311857942 58
1311858001 56
1311858061 56
1311858121 55
1311858181 55
1311858241 53
1311858301 56
1311858361 52
1311858422 56
1311858481 58
1311858541 56
1311858601 56
1311858661 56
1311858721 56
1311858781 57
1311858841 57
1311858901 56
1311858961 57
1311859022 60
1311859081 62
1311859141 60
1311859201 61
1311859261 62
1311859321 60
1311859381 60
1311859441 60
1311859501 60
1311859562 62
1311859621 61
1311859681 61
1311859741 63
1311859801 63
1311859861 61
1311859921 61
1311859981 62
1311860041 66
1311860101 64
1311860162 61
1311860221 62
1311860281 58
1311860341 57
1311860401 58
1311860461 57
1311860521 57
1311860581 56
1311860642 57
1311860701 60
1311860761 59
1311860821 59
1311860881 60
1311860941 58
1311861001 59
1311861061 60
1311861121 60
1311861181 58
1311861242 56
1311861301 55
1311861361 55
1311861421 53
1311861481 53
1311861541 52
1311861601 50
1311861661 50
1311861721 49
1311861781 52
1311861841 52
1311861902 52
1311861961 52
1311862021 51
1311862081 51
1311862141 52
1311862201 53
1311862261 51
1311862321 49
1311862381 49
1311862441 53
1311862502 51
1311862561 52
1311862621 52
1311862681 53
1311862741 54
1311862801 55
1311862861 53
1311862921 52
1311862981 51
1311863042 50
1311863101 52
1311863161 52
1311863221 51
1311863281 54
1311863341 54
1311863401 57
1311863461 59
1311863522 59
1311863581 58
1311863641 57
1311863701 57
1311863761 59
1311863821 59
1311863881 58
1311863941 55
1311864001 52
1311864062 52
1311864121 52
1311864181 51
1311864241 51
1311864301 54
1311864361 53
1311864421 51
1311864481 50
1311864541 51
1311864601 52
1311864662 50
1311864721 52
1311864781 51
1311864841 48
1311864901 45
1311864961 49
1311865021 48
1311865082 49
1311865141 48
1311865201 46
1311865261 46
1311865321 45
1311865381 45
1311865441 48
1311865501 47
1311865561 47
1311865622 46
1311865681 47
1311865741 46
1311865801 45
1311865861 46
1311865921 48
1311865981 48
1311866041 43
1311866101 42
1311866161 41
1311866221 41
1311866281 40
1311866341 40
1311866401 40
1311866461 39
1311866521 42
1311866581 41
1311866641 41
1311866701 40
1311866761 38
1311866821 39
1311866881 36
1311866941 36
1311867001 37
1311867061 36
1311867121 34
1311867181 33
1311867241 32
1311867301 33
1311867361 33
1311867422 33
1311867481 32
1311867541 32
1311867601 31
1311867661 32
1311867721 32
1311867781 31
1311867841 32
1311867901 30
1311867961 27
1311868022 31
1311868081 32
1311868141 32
1311868201 32
1311868261 33
1311868321 32
1311868381 31
1311868441 30
1311868501 30
1311868561 28
1311868622 25
1311868681 27
1311868741 27
1311868801 26
