1315497661 42
1315497721 41
1315497781 39
1315497841 38
1315497901 38
1315497962 37
1315498021 39
1315498081 34
1315498141 35
1315498201 37
1315498261 38
1315498321 38
1315498381 38
1315498441 34
1315498502 36
1315498562 35
1315498621 36
1315498681 37
1315498741 35
1315498801 34
1315498861 35
1315498921 34
1315498981 34
1315499041 34
1315499101 34
1315499161 31
1315499222 30
1315499281 32
1315499341 31
1315499401 32
1315499461 30
1315499521 30
1315499581 31
1315499641 30
1315499701 27
1315499761 31
1315499821 29
1315499882 28
1315499941 27
1315500001 28
1315500061 27
1315500121 27
1315500181 28
1315500241 27
1315500301 26
1315500361 22
1315500421 24
1315500481 23
1315500541 24
1315500602 20
1315500661 22
1315500721 23
1315500781 21
1315500841 22
1315500901 22
1315500961 22
1315501021 18
1315501081 21
1315501141 19
1315501202 20
1315501262 20
1315501321 19
1315501381 20
1315501441 20
1315501502 21
1315501561 22
1315501621 23
1315501681 17
1315501741 21
1315501801 21
1315501861 20
1315501921 22
1315501982 22
1315502041 22
1315502101 22
1315502161 21
1315502221 21
1315502281 21
1315502341 18
1315502401 18
1315502461 18
1315502521 17
1315502582 18
1315502641 19
1315502701 19
1315502762 18
1315502821 17
1315502882 18
1315502941 16
1315503001 17
1315503061 15
1315503121 16
1315503181 16
1315503241 18
1315503301 16
1315503361 18
1315503421 17
1315503482 17
1315503542 17
1315503601 15
1315503661 17
1315503721 15
1315503781 16
1315503841 15
1315503901 18
1315503961 18
1315504021 19
1315504082 19
1315504142 19
1315504201 19
1315504261 16
1315504321 18
1315504381 16
1315504441 17
1315504501 16
1315504561 18
1315504621 18
1315504681 17
1315504742 18
1315504801 18
1315504861 18
1315504921 18
1315504981 12
1315505041 15
1315505101 16
1315505161 14
1315505221 14
1315505281 13
1315505342 13
1315505401 12
1315505461 14
1315505521 14
1315505581 14
1315505641 14
1315505701 13
1315505762 14
1315505821 14
1315505881 14
1315505941 13
1315506001 14
1315506061 13
1315506121 14
1315506181 14
1315506241 14
1315506302 13
1315506361 12
1315506421 15
1315506481 14
1315506541 14
1315506601 14
1315506661 13
1315506721 13
1315506782 13
1315506841 11
1315506901 13
1315506961 13
1315507021 10
1315507081 12
1315507141 12
1315507202 12
1315507262 12
1315507321 11
1315507381 12
1315507441 11
1315507501 10
1315507561 10
1315507622 12
1315507681 11
1315507741 12
1315507801 12
1315507861 12
1315507921 12
1315507981 11
1315508041 12
1315508102 11
1315508161 9
1315508221 10
1315508281 12
1315508341 11
1315508401 12
1315508461 12
1315508522 12
1315508582 12
1315508641 10
1315508701 12
1315508761 11
1315508821 9
1315508881 9
1315508941 12
1315509002 11
1315509062 11
1315509121 12
1315509181 12
1315509241 12
1315509301 12
1315509361 12
1315509421 12
1315509481 10
1315509542 9
1315509601 12
1315509661 11
1315509721 12
1315509781 12
1315509841 11
1315509901 11
1315509961 12
1315510022 12
1315510081 12
1315510141 11
1315510201 10
1315510261 12
1315510321 11
1315510381 13
1315510441 13
1315510501 13
1315510562 13
1315510621 12
1315510681 13
1315510741 12
1315510801 11
1315510861 11
1315510921 13
1315510981 11
1315511042 13
1315511101 12
1315511161 13
1315511221 13
1315511281 13
1315511341 13
1315511401 12
1315511461 11
1315511522 12
1315511581 12
1315511641 11
1315511701 13
1315511761 11
1315511821 13
1315511881 13
1315511942 13
1315512001 13
1315512061 12
1315512121 9
1315512181 13
1315512241 12
1315512301 11
1315512362 13
1315512421 12
1315512481 13
1315512541 13
1315512601 13
1315512661 13
1315512721 12
1315512781 12
1315512842 13
1315512901 12
1315512961 10
1315513021 13
1315513081 12
1315513141 13
1315513201 13
1315513261 13
1315513322 13
1315513381 10
1315513441 12
1315513501 13
1315513561 12
1315513621 10
1315513681 13
1315513741 12
1315513802 13
1315513861 13
1315513921 13
1315513981 13
1315514041 10
1315514101 11
1315514161 13
1315514222 12
1315514282 10
1315514341 12
1315514401 12
1315514461 12
1315514521 12
1315514581 12
1315514641 12
1315514701 11
1315514762 11
1315514821 12
1315514881 9
1315514941 10
1315515001 11
1315515061 12
1315515121 12
1315515181 12
1315515242 12
1315515301 11
1315515361 11
1315515421 11
1315515481 12
1315515541 9
1315515601 11
1315515661 12
1315515722 12
1315515781 11
1315515841 12
1315515901 12
1315515961 12
1315516021 12
1315516081 11
1315516142 12
1315516202 10
1315516261 10
1315516321 12
1315516381 12
1315516441 11
1315516501 12
1315516561 10
1315516621 12
1315516682 12
1315516741 11
1315516801 10
1315516861 11
1315516921 10
1315516981 12
1315517041 12
1315517101 11
1315517162 12
1315517221 10
1315517281 11
1315517341 12
1315517401 11
1315517461 10
1315517521 11
1315517582 10
1315517641 11
1315517701 12
1315517761 11
1315517821 12
1315517881 10
1315517941 11
1315518002 12
1315518061 11
1315518121 10
1315518181 11
1315518241 11
1315518301 11
1315518361 12
1315518421 11
1315518482 12
1315518541 11
1315518601 11
1315518661 11
1315518721 11
1315518781 11
1315518841 11
1315518901 12
1315518962 12
1315519021 13
1315519081 12
1315519141 12
1315519203 12
1315519261 13
1315519321 14
1315519381 13
1315519442 13
1315519501 13
1315519561 13
1315519621 14
1315519681 14
1315519741 13
1315519801 13
1315519861 13
1315519921 13
1315519982 14
1315520041 13
1315520101 12
1315520161 13
1315520221 12
1315520281 13
1315520341 12
1315520402 12
1315520462 13
1315520521 11
1315520581 13
1315520641 13
1315520701 13
1315520761 12
1315520821 13
1315520881 12
1315520941 14
1315521002 13
1315521061 12
1315521121 14
1315521181 11
1315521241 14
1315521301 13
1315521361 13
1315521421 13
1315521481 13
1315521541 14
1315521602 15
1315521661 15
1315521721 12
1315521781 14
1315521841 13
1315521901 15
1315521961 15
1315522021 14
1315522081 15
1315522141 13
1315522202 15
1315522261 17
1315522321 19
1315522381 17
1315522441 18
1315522501 16
1315522561 18
1315522621 20
1315522681 18
1315522742 19
1315522801 18
1315522861 19
1315522921 18
1315522981 19
1315523041 17
1315523101 19
1315523161 18
1315523221 17
1315523281 21
1315523342 20
1315523401 20
1315523461 18
1315523521 20
1315523581 21
1315523641 21
1315523701 24
1315523761 27
1315523821 32
1315523882 29
1315523941 30
1315524001 29
1315524061 31
1315524121 28
1315524181 30
1315524241 31
1315524301 29
1315524361 30
1315524421 29
1315524482 29
1315524541 30
1315524601 31
1315524661 31
1315524721 36
1315524781 38
1315524841 40
1315524901 39
1315524961 39
1315525022 45
1315525081 43
1315525141 44
1315525201 46
1315525261 47
1315525321 44
1315525381 45
1315525441 43
1315525501 49
1315525562 49
1315525622 52
1315525681 53
1315525742 54
1315525802 52
1315525861 57
1315525921 59
1315525981 62
1315526041 63
1315526101 59
1315526161 66
1315526221 68
1315526281 72
1315526342 73
1315526401 77
1315526461 76
1315526521 78
1315526581 81
1315526641 82
1315526701 86
1315526761 85
1315526822 81
1315526882 83
1315526941 87
1315527001 87
1315527061 89
1315527121 89
1315527181 88
1315527241 92
1315527301 91
1315527361 94
1315527422 97
1315527481 102
1315527541 102
1315527601 102
1315527661 106
1315527721 107
1315527781 108
1315527841 111
1315527901 110
1315527961 107
1315528022 112
1315528081 110
1315528141 109
1315528201 112
1315528261 111
1315528321 110
1315528381 109
1315528441 107
1315528502 111
1315528562 115
1315528621 114
1315528681 120
1315528741 121
1315528801 121
1315528861 117
1315528921 121
1315528981 120
1315529041 120
1315529101 121
1315529162 122
1315529222 121
1315529281 124
1315529341 121
1315529401 118
1315529461 120
1315529521 128
1315529581 134
1315529641 132
1315529701 138
1315529761 137
1315529822 134
1315529881 133
1315529941 139
1315530001 145
1315530061 146
1315530121 143
1315530181 147
1315530241 147
1315530301 145
1315530361 150
1315530421 146
1315530481 147
1315530541 151
1315530601 155
1315530662 157
1315530722 156
1315530781 157
1315530841 160
1315530901 165
1315530961 160
1315531021 166
1315531081 171
1315531141 164
1315531201 166
1315531262 168
1315531321 171
1315531381 171
1315531441 175
1315531501 173
1315531561 174
1315531621 176
1315531681 172
1315531741 172
1315531802 177
1315531861 178
1315531921 181
1315531981 179
1315532041 177
1315532102 180
1315532161 186
1315532221 183
1315532281 184
1315532341 186
1315532401 183
1315532461 186
1315532521 184
1315532581 186
1315532641 188
1315532702 188
1315532761 185
1315532821 186
1315532881 188
1315532941 190
1315533001 186
1315533061 183
1315533121 183
1315533181 181
1315533242 186
1315533301 184
1315533361 183
1315533421 189
1315533481 193
1315533541 195
1315533601 191
1315533661 199
1315533721 194
1315533781 199
1315533841 195
1315533901 201
1315533961 203
1315534021 201
1315534082 195
1315534141 199
1315534201 197
1315534261 199
1315534321 200
1315534381 203
1315534441 202
1315534501 199
1315534561 201
1315534622 201
1315534681 199
1315534741 205
1315534801 206
1315534861 205
1315534921 207
1315534981 200
1315535041 203
1315535101 202
1315535161 198
1315535221 200
1315535282 202
1315535341 206
1315535401 204
1315535461 202
1315535521 201
1315535581 203
1315535641 200
1315535701 201
1315535761 205
1315535822 208
1315535881 206
1315535941 201
1315536001 205
1315536061 207
1315536121 209
1315536181 210
1315536241 213
1315536301 212
1315536362 220
1315536422 219
1315536481 220
1315536541 218
1315536601 226
1315536661 219
1315536721 224
1315536781 223
1315536841 225
1315536901 224
1315536961 219
1315537022 216
1315537081 221
1315537141 221
1315537201 226
1315537261 222
1315537321 222
1315537381 227
1315537441 226
1315537501 227
1315537561 228
1315537621 227
1315537681 230
1315537742 229
1315537802 223
1315537861 225
1315537921 224
1315537981 225
1315538041 225
1315538101 224
1315538161 220
1315538221 222
1315538282 221
1315538342 223
1315538401 222
1315538461 226
1315538521 226
1315538581 222
1315538641 224
1315538701 222
1315538761 218
1315538822 221
1315538881 223
1315538941 223
1315539001 217
1315539061 224
1315539121 227
1315539181 227
1315539241 226
1315539302 231
1315539362 225
1315539421 224
1315539481 219
1315539541 218
1315539601 221
1315539661 215
1315539721 223
1315539781 215
1315539841 216
1315539902 213
1315539961 223
1315540021 217
1315540081 217
1315540141 220
1315540201 215
1315540261 217
1315540321 206
1315540382 213
1315540441 211
1315540501 212
1315540561 207
1315540621 205
1315540681 208
1315540741 204
1315540801 204
1315540861 203
1315540921 207
1315540981 209
1315541041 210
1315541101 210
1315541161 207
1315541221 206
1315541281 203
1315541341 204
1315541402 208
1315541461 205
1315541521 199
1315541581 198
1315541641 193
1315541701 193
1315541761 193
1315541821 193
1315541881 190
1315541941 195
1315542002 193
1315542062 195
1315542121 195
1315542181 197
1315542241 200
1315542301 201
1315542361 200
1315542421 200
1315542481 198
1315542541 200
1315542602 200
1315542662 205
1315542722 206
1315542781 202
1315542841 202
1315542901 203
1315542961 203
1315543021 206
1315543081 207
1315543141 209
1315543201 211
1315543262 206
1315543322 209
1315543381 210
1315543441 211
1315543501 211
1315543561 213
1315543621 216
1315543681 211
1315543741 216
1315543802 215
1315543861 219
1315543921 214
1315543981 217
1315544041 218
1315544101 218
1315544161 221
1315544221 218
1315544281 220
1315544342 219
1315544401 219
1315544461 223
1315544521 222
1315544581 217
1315544641 220
1315544701 224
1315544761 226
1315544821 221
1315544882 226
1315544941 228
1315545001 221
1315545061 229
1315545121 232
1315545181 232
1315545241 240
1315545301 241
1315545362 244
1315545421 251
1315545481 250
1315545541 248
1315545601 249
1315545661 242
1315545721 245
1315545781 253
1315545841 248
1315545901 243
1315545962 246
1315546021 249
1315546081 249
1315546141 247
1315546201 254
1315546261 249
1315546321 249
1315546381 244
1315546442 247
1315546502 252
1315546561 252
1315546621 256
1315546681 263
1315546741 261
1315546801 264
1315546861 270
1315546921 270
1315546981 266
1315547042 273
1315547102 270
1315547162 275
1315547221 267
1315547281 265
1315547341 264
1315547401 259
1315547461 258
1315547521 261
1315547581 265
1315547642 261
1315547701 261
1315547761 256
1315547821 264
1315547881 258
1315547941 262
1315548001 265
1315548061 265
1315548122 260
1315548181 264
1315548241 255
1315548301 270
1315548361 270
1315548421 264
1315548481 273
1315548541 269
1315548601 271
1315548661 275
1315548722 278
1315548781 273
1315548841 271
1315548901 271
1315548961 270
1315549021 272
1315549081 274
1315549141 280
1315549201 274
1315549261 280
1315549321 286
1315549381 282
1315549441 288
1315549502 284
1315549561 285
1315549621 282
1315549681 283
1315549741 278
1315549801 282
1315549861 282
1315549921 278
1315549981 277
1315550042 271
1315550102 268
1315550161 269
1315550221 275
1315550281 273
1315550341 273
1315550401 269
1315550461 266
1315550522 269
1315550581 274
1315550641 275
1315550701 275
1315550762 274
1315550821 279
1315550881 272
1315550941 275
1315551001 275
1315551061 274
1315551121 272
1315551182 271
1315551242 270
1315551301 269
1315551361 267
1315551421 273
1315551481 275
1315551541 270
1315551601 272
1315551661 276
1315551721 278
1315551782 281
1315551841 280
1315551901 282
1315551961 279
1315552021 272
1315552081 275
1315552141 281
1315552201 279
1315552261 273
1315552322 274
1315552381 277
1315552441 276
1315552501 279
1315552561 277
1315552621 282
1315552681 286
1315552741 280
1315552802 288
1315552861 282
1315552921 286
1315552981 287
1315553041 290
1315553101 283
1315553161 287
1315553222 277
1315553282 276
1315553341 279
1315553401 277
1315553461 266
1315553521 264
1315553581 266
1315553641 267
1315553701 268
1315553761 265
1315553822 257
1315553881 257
1315553941 249
1315554001 252
1315554061 255
1315554121 249
1315554181 244
1315554241 245
1315554301 237
1315554362 245
1315554421 248
1315554481 247
1315554541 240
1315554601 235
1315554661 241
1315554721 241
1315554781 242
1315554841 241
1315554901 239
1315554961 226
1315555021 220
1315555082 215
1315555141 219
1315555201 208
1315555261 200
1315555321 196
1315555381 190
1315555441 191
1315555501 191
1315555562 192
1315555621 189
1315555681 184
1315555741 179
1315555801 180
1315555861 178
1315555921 175
1315555981 167
1315556042 159
1315556101 157
1315556161 153
1315556221 154
1315556281 153
1315556341 147
1315556401 146
1315556461 144
1315556521 140
1315556581 139
1315556643 137
1315556702 142
1315556761 141
1315556821 143
1315556881 138
1315556941 136
1315557001 133
1315557061 136
1315557121 138
1315557181 133
1315557241 130
1315557301 124
1315557362 119
1315557421 117
1315557481 116
1315557541 114
1315557601 112
1315557661 110
1315557721 108
1315557781 111
1315557841 110
1315557901 110
1315557962 110
1315558022 106
1315558081 106
1315558141 106
1315558201 105
1315558261 98
1315558321 101
1315558381 100
1315558441 96
1315558501 98
1315558562 95
1315558621 98
1315558681 96
1315558741 99
1315558801 97
1315558861 95
1315558921 92
1315558981 91
1315559041 90
1315559102 90
1315559162 89
1315559221 84
1315559281 83
1315559341 81
1315559401 82
1315559461 81
1315559521 76
1315559581 76
1315559642 74
1315559702 72
1315559761 73
1315559821 72
1315559881 70
1315559941 70
1315560001 70
1315560061 66
1315560121 65
1315560181 64
1315560242 64
1315560302 64
1315560361 64
1315560421 63
1315560481 65
1315560541 67
1315560601 68
1315560661 71
1315560721 69
1315560781 67
1315560841 67
1315560902 65
1315560961 59
1315561021 61
1315561081 62
1315561141 61
1315561201 57
1315561261 57
1315561321 56
1315561381 56
1315561441 54
1315561502 51
1315561561 56
1315561621 53
1315561681 52
1315561741 52
1315561801 50
1315561861 49
1315561921 48
1315561982 47
1315562041 45
1315562101 46
1315562161 45
1315562221 47
1315562281 47
1315562341 46
1315562401 46
1315562461 47
1315562521 49
1315562582 46
1315562641 47
1315562701 45
1315562761 47
1315562821 47
1315562881 43
1315562941 44
1315563001 43
1315563061 42
1315563121 42
1315563181 39
1315563242 39
1315563301 44
1315563361 41
1315563421 42
1315563481 42
1315563541 41
1315563601 44
1315563661 43
1315563721 42
1315563781 48
1315563841 44
1315563902 43
1315563961 42
1315564021 39
1315564081 37
1315564141 38
1315564201 38
1315564261 41
1315564321 40
1315564381 39
1315564441 43
1315564501 40
1315564562 39
1315564621 38
1315564681 41
1315564741 41
1315564801 38
1315564861 35
1315564921 37
1315564981 35
1315565041 33
1315565101 36
1315565162 35
1315565222 37
1315565281 38
1315565341 38
1315565401 40
1315565461 39
1315565521 40
1315565581 43
1315565641 41
1315565701 39
1315565761 41
1315565822 38
1315565881 36
1315565941 40
1315566001 38
1315566061 38
1315566121 36
1315566181 37
1315566241 40
1315566301 37
1315566361 37
1315566422 39
1315566481 37
1315566541 36
1315566601 36
1315566661 38
1315566721 38
1315566781 36
1315566841 39
1315566901 40
1315566961 41
1315567022 41
1315567081 43
1315567141 43
1315567201 44
1315567261 44
1315567321 43
1315567381 45
1315567441 47
1315567501 53
1315567561 52
1315567621 55
1315567681 60
1315567741 60
1315567801 62
1315567861 64
1315567921 70
1315567981 72
1315568042 70
1315568101 71
1315568161 72
1315568221 72
1315568281 66
1315568341 66
1315568401 66
1315568461 62
1315568521 61
1315568581 57
1315568642 51
1315568702 50
1315568761 49
1315568821 44
1315568881 45
1315568941 41
1315569001 39
1315569061 42
1315569121 40
1315569181 41
1315569241 43
1315569302 40
1315569362 42
1315569421 43
1315569481 44
1315569541 44
1315569601 45
1315569661 45
1315569721 45
1315569781 45
1315569841 43
1315569901 45
1315569961 43
1315570021 45
1315570081 44
1315570141 45
1315570201 46
1315570261 44
1315570321 45
1315570381 46
1315570441 46
1315570501 45
1315570561 47
1315570622 46
1315570681 50
1315570741 50
1315570801 50
1315570861 52
1315570921 49
1315570981 51
1315571041 51
1315571101 47
1315571162 46
1315571222 44
1315571281 45
1315571341 46
1315571401 47
1315571461 48
1315571521 47
1315571581 46
1315571641 45
1315571701 44
1315571761 47
1315571822 47
1315571881 44
1315571941 47
1315572001 45
1315572061 45
1315572121 46
1315572181 47
1315572241 48
1315572301 50
1315572361 47
1315572421 50
1315572482 51
1315572541 51
1315572601 52
1315572661 48
1315572721 51
1315572781 47
1315572841 47
1315572901 47
1315572961 47
1315573021 45
1315573081 45
1315573141 43
1315573201 46
1315573261 45
1315573321 41
1315573381 44
1315573441 47
1315573501 49
1315573561 50
1315573621 50
1315573682 49
1315573742 53
1315573801 57
1315573861 57
1315573921 60
1315573981 59
1315574041 59
1315574101 63
1315574161 60
1315574221 61
1315574282 61
1315574342 60
1315574401 60
1315574461 63
1315574521 61
1315574581 61
1315574641 61
1315574701 60
1315574761 57
1315574821 57
1315574882 56
1315574942 56
1315575001 52
1315575061 52
1315575121 53
1315575181 55
1315575241 51
1315575301 51
1315575361 56
1315575421 56
1315575481 58
1315575542 57
1315575602 57
1315575661 59
1315575721 59
1315575781 57
1315575841 58
1315575901 57
1315575961 59
1315576021 59
1315576081 59
1315576142 59
1315576201 61
1315576261 61
1315576321 60
1315576381 63
1315576441 64
1315576501 63
1315576566 61
1315576621 61
1315576681 62
1315576741 63
1315576801 61
1315576862 64
1315576921 60
1315576981 60
1315577041 60
1315577101 59
1315577161 60
1315577221 61
1315577281 62
1315577341 65
1315577401 62
1315577462 58
1315577521 59
1315577581 60
1315577641 59
1315577701 59
1315577761 55
1315577821 55
1315577881 52
1315577941 51
1315578002 53
1315578062 53
1315578121 54
1315578181 51
1315578241 56
1315578301 57
1315578361 59
1315578421 59
1315578481 60
1315578541 59
1315578601 61
1315578661 63
1315578721 62
1315578781 61
1315578841 57
1315578901 56
1315578961 55
1315579021 52
1315579081 52
1315579141 48
1315579201 47
1315579261 41
1315579321 40
1315579381 41
1315579441 42
1315579502 41
1315579561 41
1315579621 40
1315579681 40
1315579741 40
1315579801 41
1315579861 41
1315579921 41
1315579981 42
1315580042 43
1315580102 45
1315580161 46
1315580221 46
1315580281 44
1315580341 44
1315580401 43
1315580461 45
1315580521 47
1315580581 46
1315580641 50
1315580702 51
1315580761 51
1315580821 51
1315580881 51
1315580941 49
1315581001 48
1315581061 47
1315581122 49
1315581181 47
1315581241 43
1315581301 44
1315581361 45
1315581421 46
1315581481 47
1315581541 49
1315581601 46
1315581661 45
1315581721 43
1315581782 43
1315581841 43
1315581901 44
1315581961 42
1315582021 43
1315582081 43
1315582141 40
1315582201 44
1315582261 46
1315582321 44
1315582381 45
1315582442 45
1315582501 43
1315582561 44
1315582621 43
1315582681 42
1315582741 42
1315582801 40
1315582861 39
1315582921 40
1315582981 42
1315583042 42
1315583101 41
1315583161 41
1315583221 40
1315583281 39
1315583341 38
1315583401 37
1315583461 35
1315583521 33
1315583581 32
1315583642 32
1315583701 33
1315583761 33
1315583821 33
1315583881 33
1315583941 36
1315584001 38
