1312819261 1
1312819321 0
1312819381 1
1312819441 1
1312819501 1
1312819561 1
1312819622 1
1312819681 1
1312819741 1
1312819801 1
1312819861 1
1312819921 2
1312819981 1
1312820041 2
1312820101 2
1312820161 2
1312820222 3
1312820281 3
1312820341 3
1312820401 3
1312820461 3
1312820521 2
1312820581 2
1312820641 2
1312820701 2
1312820761 1
1312820822 1
1312820881 1
1312820941 1
1312821001 1
1312821062 151
1312821121 548
1312821181 548
1312821241 548
1312821301 548
1312821361 548
1312821421 984
1312821481 1026
1312821541 1026
1312821602 1026
1312821661 1026
1312821721 1026
1312821781 1026
1312821841 1026
1312821901 1026
1312821961 1026
1312822021 1026
1312822081 1026
1312822141 1026
1312822201 1026
1312822262 1026
1312822321 1026
1312822381 1026
1312822441 1026
1312822501 1026
1312822561 1026
1312822621 1486
1312822681 1498
1312822741 1498
1312822801 1914
1312822862 1914
1312822921 1914
1312822981 1914
1312823041 1914
1312823101 2324
1312823161 2366
1312823221 2760
1312823282 2760
1312823341 2760
1312823401 2760
1312823461 2760
1312823521 2760
1312823581 2760
1312823641 2760
1312823701 2760
1312823761 2760
1312823821 2760
1312823881 2761
1312823941 1
1312824001 1
1312824061 1
1312824121 1
1312824181 1
1312824241 1
1312824301 1
1312824362 1
1312824421 1
1312824481 1
1312824541 0
1312824601 1
1312824661 1
1312824721 1
1312824781 1
1312824841 1
1312824902 1
1312824961 2
1312825021 2
1312825081 2
1312825141 2
1312825201 1
1312825261 2
1312825321 2
1312825381 2
1312825441 2
1312825502 2
1312825561 2
1312825621 2
1312825681 2
1312825741 2
1312825801 4
1312825861 3
1312825921 4
1312825981 4
1312826041 4
1312826102 4
1312826161 4
1312826221 4
1312826281 6
1312826341 6
1312826401 5
1312826461 5
1312826521 4
1312826581 5
1312826641 5
1312826701 6
1312826761 6
1312826821 5
1312826882 5
1312826941 7
1312827001 6
1312827061 7
1312827121 7
1312827181 7
1312827241 7
1312827301 7
1312827361 6
1312827421 6
1312827482 7
1312827541 7
1312827601 8
1312827661 7
1312827721 7
1312827781 6
1312827841 6
1312827901 6
1312827961 7
1312828021 7
1312828082 5
1312828141 3
1312828201 3
1312828261 4
1312828321 4
1312828381 4
1312828441 5
1312828501 5
1312828561 4
1312828621 4
1312828682 4
1312828741 4
1312828801 2
1312828861 2
1312828921 2
1312828981 3
1312829042 2
1312829101 2
1312829161 2
1312829221 2
1312829281 2
1312829341 2
1312829401 2
1312829461 2
1312829521 1
1312829582 2
1312829641 1
1312829701 1
1312829761 1
1312829821 1
1312829881 1
1312829941 1
1312830001 1
1312830062 1
1312830122 1
1312830181 0
1312830241 1
1312830301 1
1312830361 1
1312830421 1
1312830481 1
1312830541 1
1312830602 1
1312830661 1
1312830721 1
1312830781 1
1312830841 0
1312830901 1
1312830961 1
1312831021 1
1312831082 1
1312831142 1
1312831201 1
1312831261 1
1312831321 1
1312831381 1
1312831441 1
1312831501 1
1312831561 0
1312831622 1
1312831682 1
1312831741 1
1312831801 1
1312831861 1
1312831921 1
1312831981 1
1312832041 1
1312832101 1
1312832161 1
1312832221 0
1312832281 1
1312832341 1
1312832401 1
1312832461 1
1312832521 1
1312832581 1
1312832641 1
1312832701 1
1312832762 1
1312832821 1
1312832881 0
1312832941 1
1312833001 1
1312833061 1
1312833121 1
1312833181 1
1312833241 1
1312833301 1
1312833361 1
1312833422 1
1312833482 1
1312833541 0
1312833601 1
1312833661 1
1312833721 1
1312833781 1
1312833841 1
1312833901 1
1312833961 1
1312834022 1
1312834081 1
1312834141 1
1312834201 0
1312834261 1
1312834321 1
1312834381 1
1312834441 1
1312834502 2
1312834562 2
1312834621 3
1312834681 3
1312834741 3
1312834801 3
1312834861 3
1312834921 3
1312834981 3
1312835041 3
1312835102 3
1312835161 3
1312835221 3
1312835281 3
1312835341 3
1312835401 3
1312835461 3
1312835521 3
1312835581 3
1312835642 3
1312835702 3
1312835761 3
1312835821 3
1312835881 3
1312835941 3
1312836001 3
1312836061 3
1312836121 3
1312836181 3
1312836242 3
1312836301 0
1312836361 1
1312836421 1
1312836481 1
1312836541 1
1312836601 1
1312836661 1
1312836721 1
1312836781 1
1312836841 1
1312836902 1
1312836961 1
1312837021 1
1312837081 1
1312837141 1
1312837201 1
1312837261 1
1312837321 1
1312837381 2
1312837441 1
1312837502 1
1312837561 1
1312837621 1
1312837681 1
1312837741 1
1312837801 1
1312837861 1
1312837921 1
1312837981 1
1312838041 0
1312838101 1
1312838161 2
1312838221 2
1312838281 3
1312838341 3
1312838402 3
1312838461 3
1312838521 3
1312838581 4
1312838641 5
1312838701 4
1312838761 5
1312838821 4
1312838881 4
1312838942 5
1312839002 5
1312839061 5
1312839121 5
1312839181 4
1312839241 3
1312839301 3
1312839361 2
1312839421 4
1312839481 4
1312839541 4
1312839602 4
1312839661 4
1312839721 5
1312839781 5
1312839841 5
1312839901 5
1312839961 5
1312840021 4
1312840081 5
1312840141 4
1312840202 5
1312840261 5
1312840321 4
1312840381 4
1312840441 5
1312840501 5
1312840561 5
1312840621 4
1312840681 3
1312840741 6
1312840802 7
1312840861 6
1312840921 7
1312840981 8
1312841041 7
1312841102 8
1312841161 8
1312841221 9
1312841281 9
1312841341 6
1312841401 8
1312841461 9
1312841521 8
1312841581 9
1312841641 10
1312841702 9
1312841761 10
1312841821 10
1312841881 11
1312841941 10
1312842001 10
1312842061 10
1312842121 11
1312842181 9
1312842242 11
1312842301 14
1312842361 13
1312842421 13
1312842481 14
1312842541 14
1312842601 13
1312842661 13
1312842721 13
1312842781 14
1312842842 13
1312842902 14
1312842961 15
1312843021 15
1312843081 13
1312843141 15
1312843201 15
1312843261 17
1312843321 16
1312843381 17
1312843441 18
1312843501 18
1312843561 16
1312843621 17
1312843681 18
1312843741 16
1312843802 16
1312843861 13
1312843921 15
1312843981 13
1312844041 12
1312844101 11
1312844161 12
1312844221 11
1312844281 12
1312844341 12
1312844402 11
1312844461 10
1312844521 10
1312844581 12
1312844641 12
1312844701 12
1312844761 15
1312844821 15
1312844881 15
1312844941 14
1312845002 15
1312845061 15
1312845121 16
1312845181 15
1312845241 17
1312845301 15
1312845361 13
1312845421 17
1312845481 16
1312845541 20
1312845602 22
1312845661 23
1312845721 21
1312845781 22
1312845841 24
1312845901 23
1312845961 24
1312846021 21
1312846081 23
1312846141 20
1312846202 22
1312846261 21
1312846321 20
1312846381 21
1312846441 21
1312846501 24
1312846561 25
1312846621 24
1312846681 25
1312846741 24
1312846802 23
1312846861 25
1312846921 27
1312846981 29
1312847041 30
1312847101 29
1312847161 30
1312847221 31
1312847281 32
1312847341 34
1312847402 35
1312847461 36
1312847521 35
1312847581 34
1312847641 32
1312847701 35
1312847761 34
1312847821 33
1312847881 34
1312847941 36
1312848002 35
1312848061 36
1312848121 38
1312848181 37
1312848241 42
1312848301 40
1312848361 44
1312848421 43
1312848481 46
1312848541 46
1312848602 50
1312848661 48
1312848721 51
1312848781 55
1312848841 50
1312848901 57
1312848961 55
1312849021 60
1312849081 56
1312849141 60
1312849202 57
1312849262 59
1312849321 59
1312849381 56
1312849441 58
1312849501 58
1312849561 58
1312849621 62
1312849681 63
1312849741 68
1312849802 68
1312849862 69
1312849921 70
1312849981 75
1312850041 75
1312850101 76
1312850161 79
1312850221 83
1312850281 89
1312850341 86
1312850401 87
1312850462 89
1312850521 91
1312850581 93
1312850641 96
1312850701 95
1312850761 95
1312850821 93
1312850881 92
1312850941 92
1312851001 91
1312851062 99
1312851122 98
1312851181 104
1312851241 102
1312851301 102
1312851361 106
1312851421 107
1312851481 108
1312851541 111
1312851601 115
1312851662 113
1312851722 115
1312851781 113
1312851841 113
1312851901 115
1312851961 113
1312852021 116
1312852081 114
1312852141 113
1312852201 110
1312852261 116
1312852322 120
1312852381 119
1312852441 124
1312852501 123
1312852561 125
1312852621 123
1312852681 124
1312852741 123
1312852801 126
1312852861 127
1312852922 126
1312852981 129
1312853041 128
1312853101 125
1312853161 126
1312853221 125
1312853281 125
1312853341 125
1312853401 129
1312853462 125
1312853521 128
1312853581 126
1312853641 126
1312853701 127
1312853761 127
1312853821 132
1312853881 129
1312853942 139
1312854001 135
1312854061 139
1312854121 139
1312854181 141
1312854241 142
1312854301 147
1312854361 153
1312854421 153
1312854481 159
1312854541 158
1312854602 166
1312854661 165
1312854721 167
1312854781 169
1312854841 170
1312854901 172
1312854961 172
1312855021 174
1312855081 179
1312855141 176
1312855202 173
1312855261 170
1312855321 175
1312855381 178
1312855441 178
1312855501 179
1312855561 176
1312855621 180
1312855681 178
1312855742 187
1312855802 183
1312855861 178
1312855921 175
1312855981 172
1312856041 175
1312856101 176
1312856161 179
1312856221 180
1312856282 182
1312856342 178
1312856401 183
1312856461 181
1312856521 178
1312856581 178
1312856641 184
1312856701 179
1312856761 172
1312856821 171
1312856881 172
1312856942 169
1312857001 175
1312857061 174
1312857121 174
1312857181 171
1312857241 168
1312857301 169
1312857361 172
1312857422 166
1312857481 160
1312857542 163
1312857601 162
1312857661 163
1312857721 163
1312857781 164
1312857841 166
1312857901 165
1312857962 163
1312858021 164
1312858081 162
1312858141 168
1312858201 166
1312858261 170
1312858321 169
1312858381 165
1312858441 168
1312858502 170
1312858562 167
1312858621 167
1312858681 166
1312858741 163
1312858801 161
1312858861 160
1312858921 163
1312858981 162
1312859041 164
1312859102 168
1312859161 169
1312859221 170
1312859281 173
1312859341 172
1312859401 169
1312859461 173
1312859521 168
1312859581 171
1312859641 165
1312859702 168
1312859761 171
1312859821 170
1312859881 175
1312859941 174
1312860001 177
1312860061 176
1312860121 177
1312860182 176
1312860241 175
1312860301 174
1312860361 174
1312860421 171
1312860481 175
1312860541 179
1312860601 175
1312860662 175
1312860721 175
1312860781 174
1312860841 175
1312860901 182
1312860961 181
1312861021 177
1312861081 173
1312861141 168
1312861201 162
1312861261 165
1312861322 163
1312861382 160
1312861441 154
1312861501 155
1312861561 152
1312861621 154
1312861681 153
1312861741 154
1312861801 153
1312861861 157
1312861921 158
1312861982 160
1312862041 157
1312862101 159
1312862161 159
1312862221 159
1312862281 159
1312862341 158
1312862401 160
1312862462 153
1312862521 156
1312862581 152
1312862641 154
1312862701 146
1312862761 151
1312862821 154
1312862881 151
1312862941 147
1312863001 151
1312863062 152
1312863121 147
1312863181 149
1312863241 142
1312863301 141
1312863361 143
1312863421 138
1312863481 138
1312863541 139
1312863601 135
1312863662 137
1312863721 137
1312863781 138
1312863841 138
1312863901 133
1312863961 133
1312864021 136
1312864081 137
1312864141 137
1312864201 133
1312864262 134
1312864321 140
1312864381 142
1312864441 142
1312864501 141
1312864561 144
1312864621 142
1312864681 143
1312864741 143
1312864802 147
1312864861 146
1312864921 142
1312864981 139
1312865041 141
1312865101 144
1312865161 140
1312865222 138
1312865281 138
1312865341 141
1312865401 141
1312865461 139
1312865521 140
1312865581 143
1312865641 142
1312865701 139
1312865762 140
1312865822 135
1312865881 129
1312865941 131
1312866001 134
1312866061 138
1312866121 134
1312866181 139
1312866241 139
1312866301 142
1312866362 144
1312866421 143
1312866481 144
1312866541 142
1312866601 142
1312866661 143
1312866721 140
1312866781 140
1312866842 142
1312866902 137
1312866961 133
1312867021 136
1312867081 137
1312867141 133
1312867201 133
1312867261 133
1312867322 134
1312867382 130
1312867441 131
1312867501 131
1312867561 132
1312867621 132
1312867681 129
1312867741 128
1312867801 128
1312867861 129
1312867922 127
1312867982 129
1312868041 130
1312868101 134
1312868161 129
1312868221 136
1312868281 133
1312868341 134
1312868402 133
1312868462 128
1312868521 134
1312868581 131
1312868641 134
1312868701 133
1312868761 136
1312868821 133
1312868881 139
1312868941 142
1312869002 141
1312869062 141
1312869121 138
1312869181 142
1312869241 144
1312869301 149
1312869361 148
1312869421 147
1312869481 143
1312869541 144
1312869601 144
1312869662 146
1312869721 144
1312869781 138
1312869841 139
1312869901 141
1312869961 141
1312870021 142
1312870081 137
1312870142 136
1312870202 136
1312870261 135
1312870321 141
1312870381 147
1312870442 153
1312870502 153
1312870561 156
1312870621 151
1312870683 156
1312870741 154
1312870801 157
1312870861 158
1312870921 161
1312870981 154
1312871041 156
1312871102 159
1312871161 160
1312871221 161
1312871281 160
1312871341 157
1312871401 159
1312871461 160
1312871521 159
1312871582 166
1312871641 165
1312871701 167
1312871761 172
1312871821 174
1312871881 174
1312871941 169
1312872001 168
1312872061 173
1312872122 172
1312872182 170
1312872241 169
1312872301 164
1312872361 160
1312872421 164
1312872481 167
1312872541 171
1312872601 169
1312872662 170
1312872721 167
1312872781 171
1312872841 169
1312872901 172
1312872961 171
1312873021 168
1312873081 174
1312873141 174
1312873202 171
1312873261 171
1312873321 174
1312873381 172
1312873441 171
1312873501 175
1312873561 173
1312873621 170
1312873681 170
1312873742 170
1312873802 170
1312873861 163
1312873921 166
1312873981 169
1312874041 164
1312874101 160
1312874161 164
1312874221 165
1312874282 161
1312874341 164
1312874401 164
1312874461 161
1312874521 158
1312874581 161
1312874641 161
1312874701 163
1312874761 160
1312874821 163
1312874881 162
1312874941 160
1312875002 160
1312875061 163
1312875121 163
1312875181 158
1312875241 158
1312875301 163
1312875361 163
1312875421 163
1312875481 163
1312875541 162
1312875602 163
1312875661 164
1312875721 161
1312875781 166
1312875841 162
1312875901 162
1312875961 159
1312876021 158
1312876081 161
1312876141 161
1312876202 165
1312876261 162
1312876321 162
1312876381 156
1312876441 161
1312876501 157
1312876561 155
1312876622 154
1312876682 152
1312876741 151
1312876801 148
1312876861 146
1312876921 150
1312876981 148
1312877041 142
1312877101 138
1312877161 139
1312877221 134
1312877282 136
1312877341 137
1312877401 132
1312877461 134
1312877521 129
1312877581 131
1312877641 130
1312877701 128
1312877761 126
1312877821 130
1312877882 132
1312877942 134
1312878001 130
1312878061 131
1312878121 127
1312878181 125
1312878241 123
1312878301 117
1312878361 120
1312878422 116
1312878481 116
1312878541 116
1312878601 120
1312878661 118
1312878721 119
1312878781 116
1312878841 120
1312878901 116
1312878961 115
1312879022 114
1312879081 113
1312879141 114
1312879201 112
1312879261 113
1312879321 108
1312879381 110
1312879441 110
1312879501 116
1312879561 120
1312879621 118
1312879681 120
1312879742 121
1312879802 118
1312879861 118
1312879921 116
1312879981 111
1312880041 110
1312880101 107
1312880161 107
1312880221 105
1312880281 98
1312880341 100
1312880402 96
1312880461 96
1312880521 93
1312880581 95
1312880641 93
1312880701 89
1312880761 89
1312880821 92
1312880881 93
1312880941 88
1312881001 96
1312881061 94
1312881121 94
1312881181 91
1312881241 91
1312881302 90
1312881362 89
1312881421 89
1312881481 86
1312881541 80
1312881601 80
1312881661 80
1312881721 79
1312881782 83
1312881841 85
1312881901 85
1312881961 85
1312882021 84
1312882081 82
1312882141 85
1312882202 80
1312882262 81
1312882321 81
1312882381 79
1312882441 78
1312882501 76
1312882561 77
1312882621 80
1312882682 80
1312882742 77
1312882802 79
1312882861 82
1312882921 85
1312882981 82
1312883041 80
1312883102 81
1312883161 81
1312883221 79
1312883281 83
1312883343 83
1312883401 84
1312883461 80
1312883522 80
1312883581 82
1312883641 83
1312883701 82
1312883763 83
1312883822 81
1312883881 82
1312883941 81
1312884001 79
1312884061 77
1312884121 74
1312884181 74
1312884242 70
1312884301 70
1312884361 69
1312884421 72
1312884481 71
1312884541 71
1312884601 69
1312884661 69
1312884721 71
1312884781 73
1312884842 72
1312884901 71
1312884961 75
1312885021 74
1312885081 74
1312885141 74
1312885201 76
1312885261 75
1312885321 74
1312885381 74
1312885441 76
1312885502 75
1312885561 69
1312885621 72
1312885681 67
1312885741 69
1312885801 71
1312885861 71
1312885921 72
1312885981 72
1312886041 73
1312886102 75
1312886161 72
1312886221 70
1312886281 71
1312886341 70
1312886401 70
1312886461 72
1312886521 69
1312886581 68
1312886641 71
1312886702 70
1312886761 70
1312886821 71
1312886881 67
1312886941 65
1312887001 64
1312887061 62
1312887121 63
1312887181 62
1312887242 64
1312887301 65
1312887361 69
1312887421 66
1312887481 69
1312887541 67
1312887601 68
1312887661 71
1312887722 69
1312887781 66
1312887841 64
1312887901 63
1312887961 64
1312888021 67
1312888081 69
1312888141 68
1312888201 68
1312888261 67
1312888321 72
1312888382 73
1312888441 69
1312888501 69
1312888561 67
1312888621 68
1312888681 66
1312888741 67
1312888801 67
1312888861 67
1312888922 68
1312888981 68
1312889041 70
1312889101 68
1312889161 68
1312889221 67
1312889281 68
1312889341 68
1312889401 66
1312889461 67
1312889522 66
1312889581 68
1312889641 68
1312889701 68
1312889761 65
1312889821 66
1312889881 64
1312889941 65
1312890001 66
1312890061 67
1312890122 69
1312890181 69
1312890241 68
1312890301 68
1312890361 70
1312890421 70
1312890481 70
1312890541 70
1312890602 70
1312890661 69
1312890722 69
1312890781 71
1312890841 75
1312890901 75
1312890961 75
1312891021 73
1312891081 76
1312891141 75
1312891201 79
1312891261 78
1312891321 77
1312891381 77
1312891441 79
1312891501 77
1312891561 72
1312891621 74
1312891681 74
1312891741 75
1312891801 78
1312891862 78
1312891922 78
1312891981 76
1312892041 73
1312892101 77
1312892161 76
1312892221 77
1312892281 76
1312892341 76
1312892401 75
1312892462 76
1312892522 77
1312892581 79
1312892641 77
1312892701 78
1312892763 78
1312892821 79
1312892882 82
1312892941 80
1312893001 78
1312893061 79
1312893121 79
1312893181 80
1312893241 81
1312893301 82
1312893361 82
1312893421 81
1312893482 82
1312893541 83
1312893601 81
1312893661 81
1312893721 83
1312893781 82
1312893841 84
1312893901 86
1312893961 88
1312894021 84
1312894082 80
1312894141 84
1312894201 84
1312894261 86
1312894321 87
1312894381 88
1312894441 89
1312894501 87
1312894561 88
1312894621 88
1312894682 87
1312894741 90
1312894801 90
1312894861 87
1312894921 87
1312894981 86
1312895041 84
1312895101 82
1312895162 84
1312895221 85
1312895281 84
1312895341 84
1312895401 86
1312895461 88
1312895521 85
1312895581 85
1312895641 87
1312895701 88
1312895761 88
1312895822 89
1312895881 87
1312895941 88
1312896001 87
1312896061 91
1312896121 93
1312896181 95
1312896241 95
1312896301 95
1312896361 93
1312896422 94
1312896481 95
1312896541 92
1312896601 92
1312896661 92
1312896721 94
1312896781 93
1312896841 94
1312896902 94
1312896961 93
1312897021 95
1312897081 95
1312897141 95
1312897201 96
1312897261 98
1312897321 96
1312897381 106
1312897442 107
1312897501 104
1312897561 105
1312897622 105
1312897681 106
1312897741 109
1312897801 104
1312897861 106
1312897921 104
1312897981 104
1312898041 104
1312898101 107
1312898161 105
1312898221 102
1312898281 103
1312898341 100
1312898401 101
1312898461 96
1312898521 101
1312898581 96
1312898641 96
1312898701 97
1312898762 101
1312898821 98
1312898881 94
1312898941 99
1312899001 94
1312899061 97
1312899121 95
1312899181 92
1312899241 89
1312899302 90
1312899362 89
1312899421 90
1312899481 90
1312899541 93
1312899601 94
1312899661 88
1312899721 89
1312899781 84
1312899841 81
1312899901 78
1312899962 79
1312900021 82
1312900081 81
1312900141 78
1312900201 81
1312900261 79
1312900321 78
1312900381 77
1312900441 76
1312900501 76
1312900562 75
1312900621 74
1312900681 73
1312900741 70
1312900801 72
1312900861 73
1312900921 75
1312900981 76
1312901041 77
1312901101 73
1312901162 73
1312901221 71
1312901281 70
1312901341 73
1312901401 73
1312901461 73
1312901521 70
1312901581 69
1312901641 68
1312901701 68
1312901762 68
1312901821 67
1312901881 65
1312901941 61
1312902001 62
1312902061 65
1312902121 64
1312902181 64
1312902241 63
1312902301 68
1312902362 65
1312902421 66
1312902481 66
1312902541 64
1312902601 62
1312902661 62
1312902722 61
1312902782 59
1312902841 58
1312902901 56
1312902961 59
1312903021 59
1312903081 58
1312903141 58
1312903201 55
1312903262 54
1312903322 53
1312903381 53
1312903441 54
1312903501 52
1312903561 51
1312903621 51
1312903681 52
1312903741 52
1312903801 52
1312903861 52
1312903922 51
1312903981 54
1312904041 52
1312904101 51
1312904161 52
1312904221 50
1312904281 49
1312904341 50
1312904401 50
1312904461 51
1312904522 49
1312904581 50
1312904641 49
1312904701 48
1312904761 47
1312904821 51
1312904881 49
1312904941 49
1312905001 48
1312905061 46
1312905122 46
1312905181 43
1312905241 44
1312905301 43
1312905361 39
1312905421 38
1312905481 39
1312905541 37
1312905602 40
