1309881661 11
1309881721 9
1309881781 8
1309881841 10
1309881901 10
1309881961 9
1309882022 10
1309882081 10
1309882141 9
1309882201 8
1309882261 8
1309882321 8
1309882381 7
1309882441 7
1309882501 8
1309882561 8
1309882622 7
1309882682 8
1309882741 8
1309882801 8
1309882861 7
1309882921 9
1309882981 10
1309883041 9
1309883101 8
1309883161 10
1309883221 10
1309883281 10
1309883342 10
1309883401 9
1309883461 11
1309883521 10
1309883581 10
1309883641 10
1309883701 9
1309883761 8
1309883821 9
1309883881 8
1309883941 8
1309884002 8
1309884061 7
1309884121 8
1309884181 8
1309884241 9
1309884301 9
1309884361 7
1309884421 8
1309884481 9
1309884541 8
1309884602 9
1309884662 8
1309884721 9
1309884781 8
1309884841 7
1309884901 8
1309884961 8
1309885021 7
1309885081 6
1309885141 7
1309885201 6
1309885261 7
1309885322 5
1309885381 5
1309885441 6
1309885501 5
1309885561 6
1309885621 6
1309885681 5
1309885741 5
1309885801 6
1309885861 5
1309885921 7
1309885982 6
1309886041 6
1309886101 7
1309886161 6
1309886221 7
1309886281 7
1309886341 6
1309886402 5
1309886462 6
1309886521 5
1309886581 5
1309886641 5
1309886701 3
1309886761 4
1309886821 3
1309886881 4
1309886941 4
1309887001 4
1309887061 3
1309887121 4
1309887182 4
1309887241 3
1309887301 4
1309887361 4
1309887421 5
1309887481 5
1309887541 5
1309887601 5
1309887661 5
1309887721 4
1309887781 5
1309887842 5
1309887901 4
1309887961 4
1309888021 5
1309888081 4
1309888141 4
1309888201 4
1309888261 4
1309888321 4
1309888381 3
1309888441 4
1309888502 4
1309888562 4
1309888621 3
1309888681 3
1309888741 4
1309888801 4
1309888861 4
1309888921 4
1309888982 4
1309889041 3
1309889101 4
1309889161 4
1309889221 4
1309889281 4
1309889341 4
1309889402 4
1309889461 4
1309889521 4
1309889581 4
1309889641 4
1309889701 3
1309889761 4
1309889821 4
1309889882 4
1309889941 4
1309890001 4
1309890061 4
1309890121 4
1309890181 4
1309890241 4
1309890301 4
1309890362 3
1309890421 4
1309890481 3
1309890541 3
1309890601 4
1309890661 4
1309890721 4
1309890781 4
1309890842 4
1309890901 4
1309890961 4
1309891021 4
1309891081 4
1309891141 3
1309891201 3
1309891262 4
1309891321 4
1309891381 4
1309891441 4
1309891501 4
1309891561 3
1309891621 4
1309891681 4
1309891742 4
1309891801 4
1309891861 4
1309891921 4
1309891981 4
1309892041 4
1309892101 4
1309892162 4
1309892221 2
1309892281 4
1309892341 4
1309892401 3
1309892461 4
1309892521 4
1309892581 4
1309892641 4
1309892701 4
1309892761 4
1309892822 4
1309892881 2
1309892941 4
1309893001 4
1309893061 3
1309893121 4
1309893181 4
1309893241 4
1309893301 4
1309893362 4
1309893422 4
1309893481 4
1309893541 2
1309893601 4
1309893661 3
1309893721 3
1309893781 4
1309893841 4
1309893901 4
1309893961 4
1309894022 4
1309894081 4
1309894141 4
1309894201 3
1309894261 3
1309894321 2
1309894381 2
1309894441 3
1309894501 3
1309894561 3
1309894621 4
1309894682 4
1309894741 4
1309894801 3
1309894861 4
1309894921 4
1309894981 3
1309895041 3
1309895101 4
1309895161 4
1309895221 3
1309895281 3
1309895342 3
1309895401 3
1309895461 2
1309895521 3
1309895581 3
1309895641 2
1309895701 2
1309895761 3
1309895821 3
1309895882 3
1309895941 3
1309896001 4
1309896061 4
1309896121 3
1309896181 4
1309896241 4
1309896301 3
1309896361 3
1309896421 4
1309896481 4
1309896542 4
1309896601 3
1309896661 4
1309896721 4
1309896781 3
1309896841 4
1309896901 4
1309896961 3
1309897021 4
1309897081 3
1309897141 4
1309897201 4
1309897262 3
1309897321 4
1309897381 4
1309897441 3
1309897501 4
1309897561 4
1309897621 3
1309897681 4
1309897741 3
1309897801 4
1309897861 4
1309897921 3
1309897982 4
1309898041 4
1309898101 3
1309898161 4
1309898221 4
1309898281 3
1309898341 4
1309898401 3
1309898461 4
1309898521 4
1309898581 4
1309898642 4
1309898701 4
1309898761 3
1309898821 4
1309898881 4
1309898941 3
1309899001 4
1309899061 3
1309899121 5
1309899181 4
1309899242 5
1309899301 5
1309899361 5
1309899421 4
1309899481 5
1309899541 5
1309899601 4
1309899661 5
1309899721 3
1309899781 4
1309899841 3
1309899901 4
1309899962 4
1309900021 4
1309900081 4
1309900141 3
1309900201 4
1309900261 3
1309900321 4
1309900381 3
1309900441 4
1309900501 4
1309900561 4
1309900622 4
1309900681 4
1309900741 4
1309900801 3
1309900861 4
1309900921 3
1309900981 4
1309901041 3
1309901101 3
1309901161 4
1309901221 4
1309901282 4
1309901341 4
1309901401 4
1309901461 3
1309901521 4
1309901581 3
1309901641 4
1309901701 3
1309901761 3
1309901821 4
1309901881 4
1309901941 4
1309902002 4
1309902061 4
1309902121 3
1309902181 4
1309902241 3
1309902301 4
1309902361 3
1309902421 3
1309902481 3
1309902541 3
1309902601 3
1309902662 3
1309902721 3
1309902781 2
1309902841 3
1309902901 3
1309902961 2
1309903021 2
1309903081 3
1309903141 3
1309903201 3
1309903261 3
1309903321 3
1309903382 3
1309903441 2
1309903501 3
1309903561 3
1309903621 2
1309903681 2
1309903741 3
1309903801 3
1309903861 3
1309903921 3
1309903981 3
1309904041 3
1309904102 2
1309904161 3
1309904221 3
1309904281 3
1309904341 3
1309904401 4
1309904461 4
1309904521 4
1309904581 4
1309904641 4
1309904701 4
1309904761 3
1309904822 4
1309904881 3
1309904941 2
1309905001 3
1309905061 4
1309905121 4
1309905181 4
1309905241 4
1309905301 4
1309905361 4
1309905422 3
1309905481 4
1309905541 4
1309905601 3
1309905661 4
1309905721 5
1309905781 5
1309905841 5
1309905901 6
1309905962 6
1309906022 6
1309906081 5
1309906141 6
1309906201 5
1309906261 3
1309906321 4
1309906381 5
1309906441 5
1309906501 4
1309906561 5
1309906621 5
1309906681 5
1309906742 4
1309906801 5
1309906861 5
1309906921 4
1309906981 4
1309907041 5
1309907101 5
1309907161 4
1309907221 5
1309907281 5
1309907341 5
1309907402 5
1309907461 6
1309907521 5
1309907581 5
1309907641 6
1309907701 5
1309907761 6
1309907821 5
1309907881 6
1309907942 6
1309908001 6
1309908061 5
1309908121 6
1309908181 5
1309908241 6
1309908301 6
1309908361 5
1309908421 6
1309908481 5
1309908541 6
1309908601 6
1309908662 6
1309908721 6
1309908781 6
1309908841 4
1309908901 6
1309908961 6
1309909021 5
1309909081 7
1309909141 6
1309909201 7
1309909261 6
1309909322 6
1309909381 6
1309909441 6
1309909501 4
1309909561 6
1309909621 6
1309909681 4
1309909741 5
1309909801 4
1309909861 5
1309909921 4
1309909982 5
1309910042 5
1309910101 5
1309910161 3
1309910221 5
1309910281 5
1309910341 4
1309910401 5
1309910461 4
1309910521 5
1309910582 5
1309910641 5
1309910701 5
1309910761 5
1309910821 4
1309910881 7
1309910941 7
1309911001 6
1309911061 7
1309911121 6
1309911181 6
1309911242 7
1309911301 7
1309911361 7
1309911421 7
1309911481 5
1309911541 8
1309911601 9
1309911661 8
1309911721 9
1309911782 8
1309911841 9
1309911901 9
1309911961 9
1309912021 8
1309912081 8
1309912141 6
1309912201 9
1309912261 9
1309912321 8
1309912381 10
1309912442 8
1309912501 10
1309912561 11
1309912621 12
1309912681 12
1309912741 12
1309912801 12
1309912861 13
1309912921 13
1309912981 13
1309913041 14
1309913102 14
1309913161 15
1309913221 13
1309913281 14
1309913341 13
1309913401 13
1309913461 14
1309913521 15
1309913581 13
1309913642 13
1309913701 13
1309913761 14
1309913821 15
1309913881 14
1309913941 14
1309914001 13
1309914061 14
1309914121 15
1309914181 17
1309914242 18
1309914301 17
1309914361 16
1309914421 16
1309914481 20
1309914541 20
1309914601 19
1309914661 21
1309914722 21
1309914781 22
1309914841 21
1309914901 24
1309914961 24
1309915021 22
1309915081 21
1309915141 21
1309915201 20
1309915261 22
1309915322 23
1309915382 21
1309915441 26
1309915501 25
1309915561 25
1309915621 25
1309915681 23
1309915741 24
1309915801 24
1309915861 23
1309915922 21
1309915981 25
1309916041 22
1309916101 22
1309916161 24
1309916221 24
1309916281 24
1309916341 23
1309916401 24
1309916462 22
1309916521 23
1309916581 23
1309916641 25
1309916701 22
1309916761 23
1309916821 25
1309916881 25
1309916941 24
1309917001 25
1309917061 28
1309917122 26
1309917181 24
1309917241 25
1309917301 25
1309917361 24
1309917421 25
1309917481 27
1309917541 27
1309917601 24
1309917661 22
1309917721 24
1309917782 23
1309917841 23
1309917901 25
1309917961 26
1309918021 25
1309918081 25
1309918141 26
1309918201 26
1309918262 26
1309918321 25
1309918381 24
1309918441 22
1309918501 23
1309918561 24
1309918621 24
1309918681 22
1309918741 24
1309918801 24
1309918861 23
1309918922 22
1309918981 24
1309919041 24
1309919101 22
1309919161 24
1309919221 24
1309919281 25
1309919341 24
1309919401 25
1309919461 27
1309919522 24
1309919581 26
1309919641 26
1309919701 28
1309919761 24
1309919821 25
1309919881 25
1309919941 24
1309920002 23
1309920062 24
1309920121 24
1309920181 22
1309920241 23
1309920301 23
1309920361 24
1309920421 24
1309920481 25
1309920541 27
1309920601 26
1309920661 27
1309920722 27
1309920781 26
1309920841 25
1309920901 25
1309920961 25
1309921021 26
1309921081 24
1309921141 24
1309921201 26
1309921261 25
1309921321 26
1309921382 25
1309921441 24
1309921501 25
1309921561 23
1309921621 24
1309921681 24
1309921741 25
1309921801 25
1309921861 25
1309921921 27
1309921982 27
1309922041 28
1309922101 30
1309922161 30
1309922221 31
1309922281 32
1309922341 32
1309922401 32
1309922461 30
1309922521 31
1309922581 33
1309922642 31
1309922701 31
1309922761 29
1309922821 27
1309922881 29
1309922941 29
1309923001 27
1309923061 28
1309923121 27
1309923181 29
1309923242 28
1309923301 26
1309923361 27
1309923421 26
1309923481 24
1309923541 27
1309923601 28
1309923661 27
1309923721 29
1309923781 26
1309923841 29
1309923902 29
1309923961 28
1309924021 29
1309924081 28
1309924141 27
1309924201 28
1309924261 27
1309924321 26
1309924381 27
1309924441 26
1309924501 27
1309924562 26
1309924621 26
1309924681 28
1309924741 28
1309924801 30
1309924861 31
1309924921 34
1309924981 34
1309925041 35
1309925101 33
1309925162 32
1309925221 30
1309925281 29
1309925341 30
1309925401 28
1309925461 26
1309925521 24
1309925581 28
1309925641 26
1309925701 27
1309925761 28
1309925822 28
1309925881 26
1309925941 26
1309926001 27
1309926061 28
1309926121 27
1309926181 28
1309926241 27
1309926301 26
1309926361 27
1309926422 28
1309926481 28
1309926541 25
1309926601 23
1309926661 26
1309926721 24
1309926781 25
1309926841 26
1309926901 26
1309926961 24
1309927021 25
1309927081 25
1309927142 24
1309927201 23
1309927261 19
1309927321 22
1309927381 23
1309927441 22
1309927501 23
1309927561 24
1309927621 24
1309927681 24
1309927741 24
1309927802 23
1309927861 23
1309927921 23
1309927981 21
1309928041 22
1309928101 21
1309928161 23
1309928221 23
1309928281 24
1309928341 24
1309928401 24
1309928462 24
1309928521 22
1309928581 23
1309928641 23
1309928701 24
1309928761 24
1309928821 24
1309928881 23
1309928941 23
1309929001 23
1309929061 22
1309929122 22
1309929181 19
1309929241 20
1309929301 20
1309929361 20
1309929421 19
1309929481 22
1309929541 23
1309929601 23
1309929661 24
1309929721 25
1309929782 25
1309929841 23
1309929901 24
1309929961 26
1309930021 27
1309930081 25
1309930141 27
1309930201 27
1309930261 27
1309930321 26
1309930381 25
1309930442 26
1309930502 23
1309930561 26
1309930621 25
1309930681 26
1309930741 23
1309930801 26
1309930861 26
1309930921 26
1309930981 24
1309931041 26
1309931101 26
1309931162 23
1309931221 27
1309931281 26
1309931341 28
1309931401 25
1309931461 26
1309931521 24
1309931581 25
1309931641 23
1309931701 25
1309931761 24
1309931821 22
1309931882 23
1309931941 23
1309932001 24
1309932061 24
1309932121 23
1309932181 23
1309932241 24
1309932301 24
1309932361 24
1309932421 24
1309932481 23
1309932541 22
1309932602 23
1309932661 24
1309932721 24
1309932781 23
1309932841 25
1309932901 24
1309932961 26
1309933021 24
1309933081 25
1309933141 26
1309933201 25
1309933261 27
1309933322 27
1309933381 27
1309933441 25
1309933501 26
1309933561 25
1309933621 24
1309933681 25
1309933741 24
1309933801 26
1309933861 24
1309933921 27
1309933981 26
1309934042 25
1309934101 26
1309934161 25
1309934221 25
1309934281 26
1309934341 26
1309934401 25
1309934461 28
1309934521 27
1309934581 28
1309934642 27
1309934701 27
1309934761 27
1309934821 28
1309934881 27
1309934941 30
1309935001 29
1309935061 28
1309935121 28
1309935181 29
1309935241 30
1309935301 28
1309935362 29
1309935421 29
1309935481 27
1309935541 28
1309935601 28
1309935661 26
1309935721 27
1309935781 27
1309935841 28
1309935901 28
1309935961 27
1309936022 27
1309936081 27
1309936141 29
1309936201 28
1309936261 28
1309936321 27
1309936381 29
1309936441 29
1309936501 29
1309936561 28
1309936622 26
1309936682 27
1309936741 22
1309936801 28
1309936861 27
1309936921 29
1309936981 26
1309937041 29
1309937101 30
1309937162 30
1309937222 30
1309937281 29
1309937341 29
1309937401 26
1309937461 29
1309937521 28
1309937581 27
1309937641 27
1309937701 29
1309937761 32
1309937822 32
1309937881 32
1309937941 31
1309938001 30
1309938061 31
1309938121 31
1309938181 32
1309938241 30
1309938301 28
1309938361 30
1309938422 30
1309938481 29
1309938541 29
1309938601 29
1309938661 28
1309938721 30
1309938781 32
1309938841 31
1309938902 33
1309938962 33
1309939021 32
1309939081 35
1309939141 33
1309939201 34
1309939261 33
1309939321 29
1309939381 27
1309939441 29
1309939502 26
1309939561 24
1309939621 25
1309939681 22
1309939741 24
1309939801 24
1309939861 26
1309939921 27
1309939981 27
1309940041 25
1309940101 26
1309940161 25
1309940221 26
1309940281 27
1309940341 27
1309940401 29
1309940461 27
1309940521 27
1309940581 27
1309940642 27
1309940701 26
1309940761 27
1309940821 24
1309940881 27
1309940941 26
1309941001 24
1309941061 25
1309941121 24
1309941181 24
1309941241 23
1309941301 24
1309941362 23
1309941421 24
1309941481 20
1309941541 22
1309941601 21
1309941661 21
1309941721 20
1309941781 20
1309941841 21
1309941901 20
1309941962 20
1309942021 20
1309942081 21
1309942141 23
1309942201 24
1309942261 23
1309942321 24
1309942381 24
1309942441 24
1309942501 23
1309942561 22
1309942622 21
1309942681 22
1309942741 18
1309942801 20
1309942861 20
1309942921 19
1309942981 18
1309943041 19
1309943101 19
1309943161 19
1309943221 20
1309943281 19
1309943341 20
1309943401 16
1309943461 21
1309943521 21
1309943581 21
1309943641 19
1309943701 19
1309943761 18
1309943821 18
1309943882 19
1309943942 17
1309944001 18
1309944061 13
1309944121 17
1309944181 17
1309944241 17
1309944301 16
1309944361 15
1309944421 16
1309944481 16
1309944541 16
1309944601 15
1309944661 15
1309944721 14
1309944781 18
1309944841 19
1309944901 19
1309944961 19
1309945021 17
1309945081 16
1309945141 16
1309945202 19
1309945262 18
1309945321 16
1309945381 14
1309945441 14
1309945501 14
1309945561 15
1309945621 15
1309945681 14
1309945741 15
1309945801 13
1309945861 14
1309945922 14
1309945981 15
1309946041 15
1309946101 14
1309946161 16
1309946221 15
1309946281 16
1309946341 15
1309946401 16
1309946461 17
1309946521 17
1309946582 14
1309946641 17
1309946701 16
1309946761 16
1309946821 17
1309946881 17
1309946941 17
1309947001 15
1309947061 15
1309947122 17
1309947181 17
1309947241 15
1309947301 17
1309947361 17
1309947421 16
1309947481 17
1309947541 16
1309947601 15
1309947661 16
1309947721 14
1309947781 14
1309947842 16
1309947901 14
1309947961 16
1309948021 17
1309948081 15
1309948141 17
1309948201 16
1309948261 15
1309948321 16
1309948381 15
1309948441 14
1309948502 15
1309948561 14
1309948621 15
1309948681 15
1309948741 14
1309948801 15
1309948861 14
1309948921 13
1309948981 15
1309949041 14
1309949102 15
1309949161 14
1309949221 13
1309949281 15
1309949341 16
1309949401 16
1309949461 16
1309949521 16
1309949581 14
1309949641 16
1309949702 15
1309949761 18
1309949821 18
1309949881 17
1309949941 18
1309950001 18
1309950061 19
1309950121 18
1309950181 19
1309950241 18
1309950302 17
1309950361 17
1309950421 17
1309950481 16
1309950541 16
1309950601 16
1309950661 15
1309950721 16
1309950781 15
1309950841 16
1309950902 15
1309950962 13
1309951021 15
1309951081 16
1309951141 14
1309951201 17
1309951261 17
1309951321 16
1309951381 17
1309951441 16
1309951501 17
1309951561 16
1309951621 17
1309951681 19
1309951741 19
1309951801 17
1309951861 18
1309951921 17
1309951981 18
1309952041 18
1309952101 17
1309952161 18
1309952221 17
1309952282 16
1309952341 17
1309952401 17
1309952461 17
1309952521 17
1309952581 15
1309952641 17
1309952701 16
1309952761 18
1309952821 16
1309952881 17
1309952942 17
1309953001 18
1309953061 19
1309953121 19
1309953181 19
1309953241 18
1309953301 20
1309953361 19
1309953421 19
1309953481 18
1309953541 18
1309953602 17
1309953661 17
1309953721 18
1309953781 20
1309953841 19
1309953901 19
1309953961 22
1309954021 19
1309954081 20
1309954141 20
1309954201 22
1309954261 22
1309954322 22
1309954381 21
1309954441 22
1309954501 21
1309954561 21
1309954621 22
1309954681 22
1309954741 22
1309954801 23
1309954861 23
1309954921 23
1309954982 23
1309955041 22
1309955101 23
1309955161 21
1309955221 22
1309955281 22
1309955341 21
1309955401 22
1309955461 24
1309955521 24
1309955581 24
1309955642 24
1309955701 24
1309955761 25
1309955821 25
1309955881 26
1309955941 26
1309956001 24
1309956061 24
1309956121 26
1309956182 26
1309956242 25
1309956301 25
1309956361 24
1309956421 22
1309956481 22
1309956541 21
1309956601 24
1309956661 23
1309956721 24
1309956781 24
1309956841 24
1309956901 26
1309956961 25
1309957021 25
1309957081 23
1309957141 25
1309957201 22
1309957261 23
1309957321 21
1309957381 25
1309957441 25
1309957501 23
1309957561 24
1309957621 24
1309957681 24
1309957741 23
1309957801 24
1309957861 23
1309957921 23
1309957981 25
1309958041 25
1309958101 25
1309958161 26
1309958222 25
1309958281 25
1309958341 25
1309958401 23
1309958461 23
1309958521 23
1309958581 23
1309958641 25
1309958701 23
1309958761 25
1309958821 24
1309958882 24
1309958941 22
1309959001 23
1309959061 23
1309959121 22
1309959181 22
1309959241 20
1309959301 22
1309959361 22
1309959421 23
1309959481 22
1309959541 23
1309959601 21
1309959661 23
1309959721 24
1309959781 21
1309959841 23
1309959901 22
1309959961 23
1309960021 24
1309960081 24
1309960142 22
1309960201 22
1309960261 22
1309960321 23
1309960381 23
1309960441 23
1309960501 23
1309960561 22
1309960621 19
1309960681 22
1309960741 23
1309960802 24
1309960862 20
1309960921 22
1309960981 22
1309961041 21
1309961101 22
1309961161 20
1309961221 23
1309961281 22
1309961341 23
1309961401 21
1309961461 22
1309961521 20
1309961582 24
1309961641 25
1309961701 24
1309961761 23
1309961821 23
1309961881 24
1309961941 22
1309962001 24
1309962061 23
1309962121 22
1309962181 18
1309962241 21
1309962302 21
1309962361 21
1309962421 23
1309962481 21
1309962541 24
1309962601 22
1309962661 24
1309962721 22
1309962781 22
1309962841 21
1309962901 22
1309962962 21
1309963021 19
1309963081 19
1309963141 19
1309963201 20
1309963261 18
1309963321 19
1309963381 17
1309963441 14
1309963501 17
1309963561 18
1309963621 18
1309963682 19
1309963741 18
1309963801 19
1309963861 19
1309963921 18
1309963981 19
1309964041 19
1309964101 17
1309964161 17
1309964221 19
1309964281 16
1309964341 17
1309964401 17
1309964462 18
1309964521 19
1309964581 18
1309964641 18
1309964701 17
1309964761 18
1309964821 18
1309964881 18
1309964941 17
1309965001 18
1309965061 17
1309965121 17
1309965182 17
1309965241 16
1309965301 17
1309965361 15
1309965421 17
1309965481 15
1309965541 14
1309965601 13
1309965661 14
1309965721 13
1309965781 15
1309965841 15
1309965901 14
1309965962 13
1309966021 12
1309966081 13
1309966141 12
1309966201 13
1309966261 13
1309966321 13
1309966381 11
1309966441 11
1309966501 10
1309966561 11
1309966621 10
1309966682 10
1309966741 12
1309966801 11
1309966861 12
1309966921 12
1309966981 12
1309967041 12
1309967101 11
1309967161 11
1309967221 12
1309967281 11
1309967341 8
1309967402 10
1309967461 8
1309967521 10
1309967581 10
1309967641 10
1309967701 11
1309967761 12
1309967821 11
1309967881 11
1309967941 12
1309968001 9
