1303982461 55
1303982521 54
1303982581 53
1303982642 53
1303982701 51
1303982761 49
1303982821 48
1303982881 48
1303982941 48
1303983001 49
1303983061 47
1303983121 48
1303983181 47
1303983241 48
1303983301 48
1303983362 50
1303983421 47
1303983481 48
1303983541 49
1303983601 49
1303983661 50
1303983721 49
1303983781 49
1303983841 48
1303983901 51
1303983961 50
1303984021 52
1303984082 52
1303984141 50
1303984201 47
1303984261 48
1303984321 50
1303984381 49
1303984441 47
1303984501 45
1303984561 44
1303984621 46
1303984681 43
1303984742 46
1303984802 51
1303984861 49
1303984921 48
1303984981 47
1303985041 47
1303985101 46
1303985161 49
1303985221 47
1303985281 46
1303985341 43
1303985401 44
1303985461 44
1303985522 42
1303985581 43
1303985641 43
1303985701 43
1303985761 41
1303985821 42
1303985881 44
1303985941 41
1303986001 41
1303986061 42
1303986121 42
1303986182 41
1303986241 41
1303986301 39
1303986361 40
1303986421 39
1303986481 37
1303986541 40
1303986601 39
1303986661 40
1303986721 42
1303986781 42
1303986841 42
1303986902 40
1303986961 40
1303987021 44
1303987081 43
1303987141 42
1303987201 45
1303987261 44
1303987321 45
1303987381 47
1303987441 48
1303987502 50
1303987562 48
1303987621 47
1303987681 51
1303987741 47
1303987801 48
1303987861 50
1303987921 47
1303987981 49
1303988041 50
1303988102 48
1303988161 48
1303988221 50
1303988281 47
1303988341 50
1303988401 51
1303988461 49
1303988521 51
1303988581 51
1303988641 51
1303988701 49
1303988761 51
1303988821 53
1303988882 51
1303988941 51
1303989001 48
1303989061 48
1303989121 47
1303989181 46
1303989241 47
1303989301 48
1303989361 49
1303989421 48
1303989482 50
1303989541 49
1303989601 49
1303989661 50
1303989721 51
1303989781 53
1303989841 53
1303989901 53
1303989961 52
1303990021 50
1303990082 52
1303990141 50
1303990201 49
1303990261 51
1303990321 50
1303990381 50
1303990441 51
1303990501 52
1303990561 52
1303990621 52
1303990682 51
1303990741 52
1303990801 50
1303990861 51
1303990921 52
1303990981 50
1303991041 51
1303991101 52
1303991161 53
1303991221 52
1303991282 51
1303991342 51
1303991401 51
1303991461 50
1303991521 48
1303991581 51
1303991641 51
1303991701 52
1303991761 51
1303991821 52
1303991881 53
1303991942 56
1303992001 56
1303992061 52
1303992121 56
1303992181 57
1303992241 55
1303992301 55
1303992361 55
1303992421 56
1303992481 60
1303992542 57
1303992601 59
1303992661 58
1303992721 58
1303992781 59
1303992841 60
1303992901 60
1303992961 60
1303993021 61
1303993081 59
1303993141 59
1303993202 60
1303993261 57
1303993321 60
1303993381 59
1303993441 61
1303993501 60
1303993561 59
1303993621 59
1303993681 61
1303993741 62
1303993802 58
1303993861 59
1303993921 59
1303993981 59
1303994041 60
1303994101 60
1303994161 61
1303994221 62
1303994281 61
1303994341 62
1303994401 64
1303994461 68
1303994522 69
1303994581 72
1303994641 69
1303994701 73
1303994761 74
1303994821 73
1303994881 74
1303994941 74
1303995001 75
1303995061 72
1303995122 73
1303995181 70
1303995241 71
1303995301 68
1303995361 67
1303995421 69
1303995481 64
1303995541 64
1303995601 62
1303995661 61
1303995722 60
1303995782 62
1303995841 65
1303995901 62
1303995961 65
1303996021 65
1303996081 66
1303996141 65
1303996201 65
1303996261 65
1303996321 64
1303996382 59
1303996441 60
1303996501 62
1303996561 58
1303996621 59
1303996681 60
1303996741 59
1303996801 59
1303996861 59
1303996921 53
1303996982 59
1303997041 58
1303997101 60
1303997161 59
1303997221 56
1303997281 55
1303997341 60
1303997401 60
1303997461 59
1303997521 59
1303997581 57
1303997641 55
1303997702 56
1303997761 57
1303997821 60
1303997881 59
1303997941 58
1303998001 56
1303998061 59
1303998121 58
1303998181 58
1303998241 60
1303998301 59
1303998361 63
1303998422 61
1303998481 60
1303998541 62
1303998601 62
1303998661 60
1303998721 59
1303998781 60
1303998841 60
1303998901 60
1303998961 61
1303999021 61
1303999081 62
1303999141 59
1303999202 63
1303999261 61
1303999321 59
1303999381 57
1303999441 55
1303999501 54
1303999561 55
1303999621 54
1303999681 53
1303999741 50
1303999801 50
1303999861 50
1303999922 50
1303999981 51
1304000041 52
1304000101 53
1304000161 52
1304000221 53
1304000281 53
1304000341 53
1304000401 53
1304000461 54
1304000521 56
1304000581 56
1304000641 53
1304000701 54
1304000761 52
1304000821 53
1304000881 52
1304000941 54
1304001001 55
1304001061 55
1304001121 53
1304001181 52
1304001242 51
1304001301 51
1304001361 54
1304001421 52
1304001481 51
1304001541 53
1304001601 51
1304001661 51
1304001721 54
1304001781 53
1304001842 55
1304001901 55
1304001961 50
1304002021 50
1304002081 51
1304002141 48
1304002201 51
1304002261 51
1304002321 49
1304002381 50 
1304002442 47
1304002501 46
1304002561 46
1304002621 46
1304002681 44
1304002741 44
1304002801 42
1304002861 44
1304002921 45
1304002981 46
1304003041 44
1304003102 44
1304003161 42
1304003221 45
1304003281 43
1304003341 44
1304003401 44
1304003461 44
1304003521 41
1304003581 40
1304003641 43
1304003701 41
1304003762 42
1304003821 42
1304003881 41
1304003941 40
1304004001 40
1304004061 40
1304004121 40
1304004181 37
1304004241 40
1304004301 39
1304004362 37
1304004421 40
1304004481 40
1304004541 41
1304004601 39
1304004661 43
1304004721 44
1304004781 43
1304004841 42
1304004901 42
1304004961 42
1304005022 42
1304005081 41
1304005141 40
1304005201 39
1304005261 38
1304005321 37
1304005381 37
1304005441 34
1304005501 33
1304005561 33
1304005622 34
1304005681 34
1304005741 34
1304005801 35
1304005861 34
1304005921 35
1304005981 34
1304006041 34
1304006101 32
1304006161 35
1304006221 32
1304006282 33
1304006342 33
1304006401 31
1304006461 32
1304006521 34
1304006581 33
1304006641 35
1304006701 35
1304006761 32
1304006821 35
1304006881 37
1304006941 39
1304007001 38
1304007061 36
1304007122 34
1304007181 36
1304007241 33
1304007301 35
1304007361 33
1304007421 30
1304007481 31
1304007541 31
1304007601 32
1304007661 30
1304007721 30
1304007781 28
1304007842 28
1304007901 26
1304007961 27
1304008021 24
1304008081 25
1304008141 25
1304008201 23
1304008261 24
1304008321 22
1304008381 25
1304008441 24
1304008501 25
1304008561 25
1304008621 26
1304008681 23
1304008741 24
1304008801 23
1304008861 23
1304008921 24
1304008981 23
1304009041 23
1304009101 21
1304009161 22
1304009222 24
1304009281 19
1304009341 23
1304009401 23
1304009461 22
1304009521 23
1304009581 24
1304009641 24
1304009701 24
1304009761 22
1304009821 20
1304009881 23
1304009942 20
1304010001 22
1304010061 21
1304010121 21
1304010181 20
1304010241 20
1304010301 19
1304010361 19
1304010421 19
1304010481 19
1304010542 16
1304010602 18
1304010661 18
1304010721 17
1304010781 17
1304010841 17
1304010901 16
1304010961 16
1304011021 17
1304011081 17
1304011141 16
1304011201 16
1304011261 16
1304011321 15
1304011381 17
1304011441 15
1304011501 16
1304011561 15
1304011621 15
1304011681 15
1304011741 14
1304011801 13
1304011861 14
1304011921 15
1304011981 14
1304012041 14
1304012102 16
1304012161 16
1304012221 15
1304012281 15
1304012341 17
1304012401 16
1304012461 15
1304012521 17
1304012581 17
1304012641 18
1304012701 17
1304012761 17
1304012821 17
1304012882 16
1304012941 16
1304013001 16
1304013061 16
1304013121 15
1304013181 17
1304013241 15
1304013301 15
1304013361 15
1304013421 15
1304013481 14
1304013541 14
1304013602 15
1304013661 13
1304013721 13
1304013781 13
1304013841 13
1304013901 12
1304013961 13
1304014021 13
1304014081 12
1304014142 12
1304014201 10
1304014261 11
1304014321 10
1304014381 10
1304014441 10
1304014501 10
1304014561 11
1304014621 12
1304014681 12
1304014741 12
1304014802 13
1304014861 12
1304014921 13
1304014981 11
1304015041 11
1304015101 12
1304015161 12
1304015221 11
1304015281 12
1304015341 11
1304015401 10
1304015461 11
1304015521 9
1304015582 11
1304015641 10
1304015701 10
1304015761 9
1304015821 10
1304015881 11
1304015941 11
1304016001 12
1304016061 11
1304016121 12
1304016181 11
1304016241 12
1304016302 12
1304016361 12
1304016421 11
1304016481 9
1304016541 12
1304016601 12
1304016661 12
1304016721 11
1304016781 13
1304016841 13
1304016902 12
1304016961 13
1304017021 13
1304017081 12
1304017141 11
1304017201 12
1304017261 13
1304017321 13
1304017381 12
1304017441 13
1304017501 13
1304017562 12
1304017621 13
1304017681 13
1304017741 11
1304017801 11
1304017861 12
1304017921 13
1304017981 13
1304018042 12
1304018101 13
1304018161 12
1304018221 13
1304018281 13
1304018341 13
1304018401 11
1304018461 11
1304018521 12
1304018581 13
1304018641 12
1304018702 13
1304018761 13
1304018821 12
1304018881 13
1304018941 12
1304019001 13
1304019061 12
1304019121 13
1304019181 11
1304019241 12
1304019302 12
1304019361 13
1304019421 13
1304019481 13
1304019541 13
1304019601 12
1304019661 12
1304019721 13
1304019781 13
1304019841 11
1304019901 10
1304019962 12
1304020021 13
1304020081 12
1304020141 14
1304020201 14
1304020261 13
1304020321 12
1304020381 13
1304020441 14
1304020501 12
1304020561 12
1304020621 12
1304020681 13
1304020741 13
1304020801 13
1304020861 13
1304020921 12
1304020981 11
1304021041 13
1304021101 12
1304021161 13
1304021222 10
1304021281 12
1304021341 12
1304021401 13
1304021461 13
1304021521 12
1304021581 12
1304021641 11
1304021701 13
1304021761 13
1304021821 13
1304021882 11
1304021941 11
1304022001 12
1304022061 12
1304022121 12
1304022181 11
1304022241 11
1304022301 10
1304022361 12
1304022422 12
1304022481 12
1304022541 11
1304022601 11
1304022661 12
1304022721 12
1304022781 12
1304022841 12
1304022901 11
1304022961 9
1304023022 12
1304023081 10
1304023141 11
1304023201 11
1304023261 12
1304023321 12
1304023381 12
1304023441 12
1304023501 11
1304023561 11
1304023621 10
1304023681 12
1304023742 10
1304023801 11
1304023861 11
1304023921 12
1304023981 13
1304024041 13
1304024101 13
1304024161 12
1304024221 12
1304024281 11
1304024342 13
1304024401 11
1304024461 12
1304024521 13
1304024581 12
1304024641 13
1304024701 13
1304024761 13
1304024821 12
1304024881 12
1304024942 12
1304025001 13
1304025061 11
1304025121 12
1304025181 13
1304025241 12
1304025301 13
1304025361 12
1304025421 13
1304025481 12
1304025541 12
1304025602 12
1304025662 13
1304025721 12
1304025781 13
1304025841 14
1304025901 13
1304025961 14
1304026021 13
1304026081 14
1304026141 15
1304026201 15
1304026261 14
1304026321 14
1304026381 13
1304026441 14
1304026501 14
1304026561 13
1304026621 14
1304026681 12
1304026741 14
1304026801 13
1304026861 13
1304026921 12
1304026982 13
1304027041 14
1304027101 16
1304027161 16
1304027221 16
1304027281 16
1304027341 14
1304027401 16
1304027461 15
1304027521 15
1304027581 14
1304027642 14
1304027701 14
1304027761 15
1304027821 14
1304027881 16
1304027941 16
1304028001 16
1304028061 15
1304028121 15
1304028181 16
1304028241 14
1304028302 14
1304028361 16
1304028421 16
1304028481 16
1304028541 16
1304028601 15
1304028661 16
1304028721 16
1304028781 16
1304028841 16
1304028901 16
1304028961 16
1304029022 17
1304029081 16
1304029141 17
1304029201 16
1304029261 18
1304029321 18
1304029381 18
1304029441 18
1304029501 18
1304029561 16
1304029621 18
1304029681 18
1304029742 16
1304029801 17
1304029861 16
1304029921 18
1304029981 18
1304030041 18
1304030101 18
1304030161 17
1304030221 18
1304030281 18
1304030341 19
1304030402 18
1304030461 18
1304030521 18
1304030581 18
1304030641 18
1304030701 17
1304030761 18
1304030821 15
1304030881 18
1304030942 17
1304031001 19
1304031061 19
1304031121 17
1304031181 17
1304031241 18
1304031301 17
1304031361 18
1304031421 19
1304031481 16
1304031541 19
1304031602 18
1304031661 17
1304031721 18
1304031781 17
1304031841 16
1304031901 17
1304031961 16
1304032021 15
1304032081 14
1304032141 13
1304032201 16
1304032261 15
1304032321 14
1304032381 14
1304032441 14
1304032501 15
1304032561 14
1304032621 15
1304032681 15
1304032741 14
1304032801 12
1304032861 13
1304032921 13
1304032981 13
1304033042 13
1304033101 15
1304033161 15
1304033221 13
1304033281 16
1304033341 16
1304033401 15
1304033461 14
1304033521 14
1304033582 14
1304033641 13
1304033701 12
1304033761 13
1304033821 14
1304033881 14
1304033941 16
1304034001 15
1304034061 16
1304034121 16
1304034181 17
1304034241 17
1304034302 18
1304034361 19
1304034421 18
1304034481 17
1304034541 16
1304034601 18
1304034661 19
1304034721 20
1304034781 22
1304034842 23
1304034901 24
1304034961 25
1304035021 26
1304035081 25
1304035141 27
1304035201 27
1304035261 25
1304035321 26
1304035382 27
1304035441 25
1304035501 26
1304035561 27
1304035621 26
1304035681 27
1304035741 25
1304035801 29
1304035861 28
1304035921 27
1304035981 25
1304036041 26
1304036102 26
1304036161 24
1304036221 26
1304036281 26
1304036341 27
1304036401 25
1304036461 26
1304036521 25
1304036581 26
1304036642 26
1304036701 26
1304036761 25
1304036821 26
1304036881 27
1304036941 27
1304037001 31
1304037061 32
1304037121 33
1304037181 33
1304037242 33
1304037301 32
1304037361 32
1304037421 32
1304037481 31
1304037541 34
1304037601 33
1304037661 32
1304037721 34
1304037782 34
1304037841 34
1304037901 36
1304037961 35
1304038021 37
1304038081 38
1304038141 36
1304038201 34
1304038261 36
1304038322 38
1304038381 36
1304038441 38
1304038501 36
1304038561 37
1304038621 35
1304038681 38
1304038741 40
1304038801 37
1304038861 37
1304038921 38
1304038981 39
1304039042 37
1304039101 39
1304039161 38
1304039221 40
1304039281 35
1304039341 37
1304039401 39
1304039461 39
1304039521 38
1304039581 39
1304039642 38
1304039701 36
1304039761 41
1304039821 40
1304039881 40
1304039941 39
1304040001 42
1304040061 41
1304040121 38
1304040181 39
1304040241 41
1304040302 42
1304040361 42
1304040421 43
1304040481 43
1304040541 42
1304040601 41
1304040661 44
1304040721 44
1304040781 44
1304040841 42
1304040901 43
1304040962 39
1304041021 42
1304041081 39
1304041141 41
1304041201 42
1304041261 44
1304041321 45
1304041381 45
1304041441 48
1304041501 49
1304041561 49
1304041622 52
1304041681 55
1304041741 53
1304041801 54
1304041861 52
1304041921 54
1304041981 53
1304042041 53
1304042101 51
1304042161 51
1304042221 51
1304042281 50
1304042341 51
1304042402 50
1304042461 51
1304042521 47
1304042581 48
1304042641 49
1304042701 50
1304042761 49
1304042821 48
1304042881 48
1304042941 48
1304043001 49
1304043061 49
1304043122 50
1304043181 50
1304043241 50
1304043301 53
1304043361 55
1304043421 51
1304043481 54
1304043541 55
1304043601 54
1304043661 54
1304043721 57
1304043782 56
1304043841 55
1304043901 53
1304043961 53
1304044021 53
1304044081 52
1304044141 54
1304044201 51
1304044261 50
1304044321 53
1304044381 55
1304044442 57
1304044501 57
1304044561 58
1304044621 62
1304044681 61
1304044741 61
1304044801 61
1304044861 63
1304044921 62
1304044981 62
1304045041 61
1304045102 58
1304045161 57
1304045221 55
1304045281 58
1304045341 59
1304045401 59
1304045461 61
1304045521 62
1304045581 65
1304045641 63
1304045701 62
1304045762 63
1304045821 63
1304045881 62
1304045941 61
1304046001 60
1304046061 57
1304046121 52
1304046181 54
1304046241 54
1304046301 56
1304046361 56
1304046421 57
1304046482 58
1304046541 55
1304046601 59
1304046661 61
1304046721 64
1304046781 64
1304046841 64
1304046901 63
1304046961 61
1304047021 59
1304047081 59
1304047141 61
1304047202 58
1304047262 56
1304047321 53
1304047381 54
1304047441 54
1304047501 55
1304047561 51
1304047621 51
1304047681 52
1304047741 50
1304047801 50
1304047862 50
1304047922 51
1304047981 52
1304048041 55
1304048101 56
1304048161 57
1304048221 54
1304048281 54
1304048341 53
1304048401 55
1304048461 57
1304048521 54
1304048582 53
1304048641 51
1304048701 55
1304048761 56
1304048821 58
1304048941 59
1304049001 57
1304049061 58
1304049121 59
1304049181 60
1304049242 57
1304049301 56
1304049361 58
1304049421 56
1304049481 58
1304049541 55
1304049601 55
1304049661 53
1304049721 51
1304049781 53
1304049841 52
1304049901 52
1304049962 53
1304050021 53
1304050081 50
1304050141 53
1304050201 52
1304050261 50
1304050321 49
1304050381 50
1304050441 51
1304050501 50
1304050561 50
1304050621 49
1304050681 49
1304050741 49
1304050801 48
1304050861 49
1304050921 50
1304050981 51
1304051041 53
1304051101 53
1304051161 51
1304051222 54
1304051281 53
1304051341 52
1304051401 54
1304051461 54
1304051521 53
1304051581 50
1304051641 48
1304051701 47
1304051761 50
1304051821 50
1304051881 47
1304051942 50
1304052001 49
1304052061 48
1304052121 47
1304052181 48
1304052241 48
1304052301 49
1304052361 49
1304052421 49
1304052482 51
1304052541 50
1304052601 50
1304052661 50
1304052721 51
1304052781 52
1304052841 52
1304052901 50
1304052961 51
1304053021 55
1304053081 53
1304053142 53
1304053201 56
1304053261 58
1304053321 58
1304053381 55
1304053441 57
1304053501 58
1304053561 59
1304053621 58
1304053681 58
1304053742 59
1304053801 55
1304053861 54
1304053921 53
1304053981 53
1304054041 54
1304054101 53
1304054161 52
1304054221 54
1304054281 57
1304054341 54
1304054401 55
1304054461 54
1304054521 56
1304054581 56
1304054641 57
1304054701 57
1304054761 58
1304054821 57
1304054881 58
1304054941 58
1304055001 59
1304055062 58
1304055121 59
1304055181 57
1304055241 58
1304055301 59
1304055361 56
1304055421 58
1304055481 60
1304055542 59
1304055602 58
1304055661 61
1304055721 60
1304055781 63
1304055841 64
1304055901 65
1304055961 63
1304056021 65
1304056081 63
1304056142 68
1304056201 68
1304056261 65
1304056321 66
1304056381 61
1304056441 63
1304056501 65
1304056561 64
1304056621 57
1304056681 60
1304056741 59
1304056802 59
1304056861 61
1304056921 62
1304056981 63
1304057041 57
1304057101 57
1304057161 59
1304057221 62
1304057281 60
1304057341 61
1304057401 65
1304057462 64
1304057521 62
1304057581 63
1304057641 62
1304057701 63
1304057761 63
1304057821 63
1304057881 63
1304057941 61
1304058001 61
1304058061 66
1304058122 67
1304058181 67
1304058241 68
1304058301 64
1304058361 64
1304058421 67
1304058481 69
1304058541 68
1304058601 63
1304058661 64
1304058722 65
1304058781 63
1304058841 62
1304058901 62
1304058961 64
1304059021 62
1304059081 63
1304059141 65
1304059201 68
1304059261 65
1304059321 68
1304059381 69
1304059442 70
1304059501 72
1304059561 69
1304059621 69
1304059681 69
1304059741 69
1304059801 71
1304059861 70
1304059921 71
1304059981 75
1304060041 73
1304060102 73
1304060161 75
1304060221 74
1304060281 73
1304060341 74
1304060401 74
1304060461 77
1304060521 72
1304060581 72
1304060642 73
1304060701 73
1304060761 69
1304060821 70
1304060881 74
1304060941 73
1304061001 70
1304061061 67
1304061121 66
1304061181 65
1304061241 65
1304061301 64
1304061362 65
1304061421 64
1304061481 61
1304061541 60
1304061601 61
1304061661 59
1304061721 60
1304061781 59
1304061841 60
1304061901 58
1304061961 61
1304062022 61
1304062081 59
1304062141 62
1304062201 62
1304062261 61
1304062321 62
1304062381 62
1304062441 65
1304062501 67
1304062561 67
1304062621 65
1304062682 64
1304062741 63
1304062801 64
1304062861 63
1304062921 61
1304062981 60
1304063041 58
1304063101 56
1304063161 57
1304063221 57
1304063281 57
1304063341 57
1304063402 57
1304063461 56
1304063521 57
1304063581 56
1304063641 54
1304063701 52
1304063761 51
1304063821 50
1304063881 50
1304063941 48
1304064001 49
1304064061 50
1304064121 51
1304064182 49
1304064241 47
1304064301 49
1304064361 48
1304064421 46
1304064481 47
1304064541 44
1304064601 44
1304064661 45
1304064721 44
1304064781 46
1304064841 45
1304064902 44
1304064961 43
1304065021 45
1304065081 44
1304065141 42
1304065201 39
1304065261 39
1304065321 38
1304065381 39
1304065441 40
1304065502 41
1304065561 37
1304065621 38
1304065681 38
1304065741 35
1304065801 38
1304065861 37
1304065921 35
1304065981 36
1304066041 37
1304066101 37
1304066161 41
1304066222 40
1304066281 40
1304066341 42
1304066401 39
1304066461 37
1304066521 39
1304066581 38
1304066641 38
1304066701 37
1304066761 35
1304066821 36
1304066882 35
1304066941 35
1304067001 34
1304067061 35
1304067121 33
1304067181 33
1304067241 30
1304067301 31
1304067361 28
1304067422 28
1304067482 29
1304067541 29
1304067601 28
1304067661 27
1304067721 24
1304067781 26
1304067841 26
1304067901 25
1304067961 27
1304068021 25
1304068081 26
1304068142 26
1304068201 26
1304068261 26
1304068321 26
1304068381 25
1304068441 26
1304068501 24
1304068561 21
1304068621 24
1304068681 22
1304068742 22
1304068801 24
1304068861 24
1304068921 25
1304068981 23
1304069041 23
1304069101 24
1304069161 24
1304069221 21
1304069281 25
1304069341 24
1304069402 23
1304069461 23
1304069521 23
1304069581 22
1304069641 23
1304069701 21
1304069761 22
1304069821 21
1304069881 21
1304069941 21
1304070001 20
1304070062 21
1304070121 21
1304070181 22
1304070241 21
1304070301 23
1304070361 24
1304070421 24
1304070481 25
1304070541 23
1304070601 22
1304070661 20
1304070722 21
1304070781 20
1304070841 20
1304070901 23
1304070961 22
1304071021 23
1304071081 20
1304071141 21
1304071201 21
1304071262 20
1304071321 21
1304071381 21
1304071441 19
1304071501 18
1304071561 21
1304071621 20
1304071681 21
1304071741 22
1304071801 22
1304071862 22
1304071922 21
1304071981 22
1304072041 21
1304072101 18
1304072161 17
1304072221 20
1304072281 19
1304072341 19
1304072401 19
1304072461 19
1304072522 19
1304072581 17
1304072641 18
1304072701 19
1304072761 18
1304072821 16
1304072881 18
1304072941 17
1304073001 19
1304073061 20
1304073122 22
1304073181 21
1304073241 22
1304073301 22
1304073361 23
1304073421 22
1304073481 20
1304073541 22
1304073601 21
1304073662 20
1304073721 19
1304073781 20
1304073841 21
1304073901 21
1304073961 21
1304074021 22
1304074081 22
1304074141 22
1304074201 23
1304074261 24
1304074322 24
1304074381 24
1304074441 24
1304074501 21
1304074561 22
1304074621 23
1304074681 24
1304074741 24
1304074801 24
1304074861 25
1304074921 26
1304074982 28
1304075041 28
1304075101 29
1304075161 28
1304075221 30
1304075281 32
1304075341 32
1304075401 32
1304075461 32
1304075522 33
1304075581 30
1304075641 31
1304075701 32
1304075761 31
1304075821 29
1304075881 30
1304075941 29
1304076001 30
1304076061 29
1304076121 29
1304076182 29
1304076241 30
1304076301 29
1304076361 29
1304076421 26
1304076481 25
1304076541 26
1304076601 24
1304076661 26
1304076721 28
1304076782 30
1304076841 27
1304076901 29
1304076961 29
1304077021 30
1304077081 31
1304077141 32
1304077201 31
1304077261 30
1304077321 29
1304077382 26
1304077441 30
1304077501 31
1304077561 30
1304077621 31
1304077681 30
1304077741 30
1304077801 30
1304077861 31
1304077922 31
1304077982 32
1304078041 31
1304078101 32
1304078161 33
1304078221 32
1304078281 33
1304078341 32
1304078401 31
1304078461 33
1304078521 33
1304078582 34
1304078641 30
1304078701 33
1304078761 33
1304078821 33
1304078881 33
1304078941 31
1304079001 33
1304079061 32
1304079122 33
1304079181 33
1304079241 35
1304079301 33
1304079361 34
1304079421 33
1304079481 31
1304079541 32
1304079601 31
1304079661 33
1304079721 32
1304079782 33
1304079841 33
1304079901 29
1304079961 32
1304080021 31
1304080081 32
1304080141 32
1304080201 31
1304080261 29
1304080322 29
1304080381 28
1304080441 28
1304080501 29
1304080561 26
1304080621 30
1304080681 30
1304080741 32
1304080801 33
1304080861 33
1304080921 34
1304080981 34
1304081041 35
1304081101 33
1304081161 36
1304081221 35
1304081281 35
1304081341 33
1304081401 34
1304081462 35
1304081521 36
1304081581 36
1304081641 35
1304081701 36
1304081761 35
1304081821 39
1304081881 38
1304081941 39
1304082001 39
1304082062 39
1304082121 39
1304082181 37
1304082241 37
1304082301 35
1304082361 34
1304082421 34
1304082481 36
1304082541 34
1304082601 33
1304082662 33
1304082721 31
1304082781 31
1304082841 31
1304082901 31
1304082961 29
1304083021 30
1304083081 29
1304083141 31
1304083201 31
1304083261 32
1304083322 32
1304083381 31
1304083441 31
1304083501 31
1304083561 31
1304083621 27
1304083681 28
1304083741 27
1304083801 26
1304083861 27
1304083922 27
1304083981 27
1304084041 26
1304084101 27
1304084161 28
1304084221 27
1304084281 27
1304084341 27
1304084401 27
1304084461 28
1304084521 29
1304084582 28
1304084641 29
1304084701 29
1304084761 28
1304084821 27
1304084881 29
1304084941 30
1304085001 28
1304085061 30
1304085121 28
1304085181 29
1304085242 27
1304085301 26
1304085361 25
1304085421 24
1304085481 24
1304085541 24
1304085601 26
1304085661 23
1304085721 28
1304085781 28
1304085842 29
1304085901 29
1304085961 29
1304086021 29
1304086081 26
1304086141 26
1304086201 26
1304086261 25
1304086321 25
1304086381 25
1304086441 26
1304086502 26
1304086561 26
1304086621 28
1304086681 27
1304086741 26
1304086801 29
1304086861 30
1304086921 28
1304086981 29
1304087041 29
1304087102 30
1304087161 30
1304087221 29
1304087281 30
1304087341 30
1304087401 29
1304087461 28
1304087521 27
1304087581 25
1304087641 26
1304087702 25
1304087761 26
1304087821 26
1304087881 25
1304087941 26
1304088001 27
1304088061 27
1304088121 24
1304088181 29
1304088241 26
1304088302 28
1304088361 26
1304088421 27
1304088481 27
1304088541 25
1304088601 25
1304088661 27
1304088721 26
1304088781 24
1304088841 26
1304088902 25
1304088961 26
1304089021 25
1304089081 25
1304089141 25
1304089201 25
1304089261 22
1304089321 25
1304089381 24
1304089442 23
1304089501 24
1304089561 25
1304089621 25
1304089681 24
1304089741 25
1304089801 25
1304089861 23
1304089921 23
1304089982 24
1304090041 25
1304090101 23
1304090161 24
1304090221 25
1304090281 26
1304090341 27
1304090401 25
1304090462 26
1304090522 25
1304090581 24
1304090641 24
1304090701 25
1304090761 25
1304090821 24
1304090881 23
1304090941 22
1304091001 22
1304091062 23
1304091121 23
1304091181 21
1304091241 21
1304091301 19
1304091361 21
1304091421 21
1304091481 20
1304091541 18
1304091601 18
1304091662 18
1304091721 18
1304091781 18
1304091841 17
1304091901 16
1304091961 17
1304092021 17
1304092081 17
1304092141 16
1304092201 16
1304092262 14
1304092321 16
1304092381 16
1304092441 17
1304092501 16
1304092561 15
1304092621 17
1304092681 17
1304092741 16
