1306080061 19
1306080121 17
1306080181 16
1306080241 18
1306080301 18
1306080361 15
1306080421 17
1306080482 17
1306080541 16
1306080601 17
1306080661 16
1306080721 16
1306080781 14
1306080841 17
1306080901 18
1306080961 17
1306081021 16
1306081081 16
1306081141 17
1306081201 15
1306081261 17
1306081321 16
1306081381 17
1306081441 15
1306081501 15
1306081561 16
1306081622 16
1306081681 15
1306081741 16
1306081801 17
1306081861 16
1306081921 17
1306081981 16
1306082041 14
1306082101 14
1306082161 14
1306082222 15
1306082281 14
1306082341 14
1306082401 14
1306082461 16
1306082521 17
1306082581 16
1306082641 15
1306082701 14
1306082761 14
1306082821 13
1306082882 15
1306082941 12
1306083001 13
1306083061 13
1306083121 11
1306083181 12
1306083241 12
1306083301 11
1306083361 10
1306083421 10
1306083481 9
1306083542 11
1306083601 12
1306083661 12
1306083721 11
1306083781 12
1306083841 11
1306083901 12
1306083961 12
1306084021 11
1306084081 11
1306084141 10
1306084201 11
1306084261 12
1306084321 12
1306084381 11
1306084441 11
1306084502 9
1306084561 11
1306084621 11
1306084681 10
1306084742 10
1306084801 7
1306084861 10
1306084921 10
1306084981 11
1306085041 11
1306085101 11
1306085161 10
1306085221 11
1306085281 11
1306085341 10
1306085401 10
1306085461 6
1306085522 10
1306085581 9
1306085641 10
1306085701 10
1306085761 9
1306085821 10
1306085881 10
1306085941 10
1306086001 9
1306086061 9
1306086121 7
1306086181 9
1306086241 10
1306086302 10
1306086361 10
1306086421 8
1306086481 10
1306086541 10
1306086601 10
1306086661 9
1306086721 8
1306086781 7
1306086841 9
1306086901 10
1306086961 10
1306087022 10
1306087082 9
1306087141 10
1306087201 10
1306087261 10
1306087321 9
1306087381 8
1306087441 8
1306087501 8
1306087561 9
1306087621 9
1306087681 9
1306087741 8
1306087802 9
1306087861 9
1306087921 9
1306087981 8
1306088041 6
1306088101 9
1306088161 7
1306088221 9
1306088281 9
1306088341 9
1306088401 8
1306088461 9
1306088522 9
1306088581 9
1306088641 8
1306088701 6
1306088761 9
1306088821 7
1306088881 9
1306088941 9
1306089001 9
1306089061 8
1306089121 9
1306089181 9
1306089241 8
1306089302 8
1306089361 7
1306089421 9
1306089481 7
1306089541 9
1306089601 9
1306089661 9
1306089721 8
1306089781 9
1306089841 9
1306089901 9
1306089961 7
1306090021 8
1306090082 8
1306090141 7
1306090201 9
1306090261 9
1306090321 9
1306090381 8
1306090441 9
1306090501 8
1306090561 9
1306090621 7
1306090681 8
1306090741 8
1306090801 8
1306090861 9
1306090921 9
1306090981 9
1306091041 8
1306091101 9
1306091161 8
1306091221 9
1306091281 9
1306091341 7
1306091402 7
1306091461 8
1306091521 9
1306091581 9
1306091641 9
1306091701 8
1306091761 9
1306091821 8
1306091881 8
1306091942 9
1306092001 8
1306092061 8
1306092121 8
1306092181 9
1306092241 9
1306092301 9
1306092361 8
1306092421 9
1306092482 8
1306092541 8
1306092601 8
1306092661 7
1306092721 8
1306092781 9
1306092841 9
1306092901 9
1306092961 9
1306093021 8
1306093082 9
1306093141 8
1306093201 8
1306093261 8
1306093321 7
1306093381 8
1306093441 9
1306093501 9
1306093561 9
1306093621 9
1306093681 8
1306093741 8
1306093802 8
1306093861 8
1306093921 8
1306093981 8
1306094041 8
1306094101 9
1306094161 9
1306094221 9
1306094281 9
1306094341 9
1306094401 8
1306094461 9
1306094522 7
1306094581 8
1306094641 8
1306094701 8
1306094761 9
1306094821 9
1306094881 9
1306094941 8
1306095001 9
1306095061 8
1306095121 9
1306095181 6
1306095241 8
1306095301 8
1306095361 8
1306095421 9
1306095481 9
1306095541 9
1306095601 8
1306095661 9
1306095721 9
1306095781 8
1306095841 6
1306095902 8
1306095961 8
1306096021 8
1306096081 9
1306096141 9
1306096201 9
1306096261 8
1306096321 9
1306096381 9
1306096441 8
1306096501 6
1306096561 8
1306096622 9
1306096681 8
1306096741 9
1306096801 9
1306096861 9
1306096921 7
1306096981 9
1306097041 9
1306097101 8
1306097161 6
1306097221 8
1306097281 8
1306097342 8
1306097401 9
1306097461 9
1306097521 9
1306097581 7
1306097641 9
1306097701 9
1306097761 8
1306097821 7
1306097881 9
1306097941 8
1306098001 8
1306098061 9
1306098121 9
1306098181 9
1306098241 7
1306098301 9
1306098361 9
1306098421 7
1306098481 8
1306098541 9
1306098601 8
1306098662 8
1306098722 9
1306098781 9
1306098841 9
1306098901 8
1306098961 9
1306099021 9
1306099081 7
1306099141 8
1306099201 9
1306099261 8
1306099322 8
1306099381 9
1306099441 9
1306099501 8
1306099561 8
1306099621 9
1306099681 7
1306099741 7
1306099801 8
1306099861 9
1306099921 9
1306099982 8
1306100042 9
1306100101 9
1306100161 8
1306100221 8
1306100281 9
1306100341 7
1306100401 7
1306100461 9
1306100521 9
1306100581 9
1306100641 8
1306100701 9
1306100762 9
1306100821 8
1306100881 9
1306100941 9
1306101001 8
1306101061 8
1306101121 7
1306101181 9
1306101241 9
1306101301 8
1306101361 10
1306101421 10
1306101482 9
1306101541 10
1306101601 10
1306101661 9
1306101721 10
1306101781 8
1306101841 10
1306101901 10
1306101962 8
1306102021 9
1306102081 9
1306102141 8
1306102201 9
1306102261 8
1306102321 8
1306102381 8
1306102441 8
1306102501 9
1306102561 9
1306102621 8
1306102681 9
1306102741 9
1306102801 8
1306102861 9
1306102921 8
1306102981 8
1306103041 8
1306103101 8
1306103161 9
1306103221 9
1306103281 8
1306103341 9
1306103402 9
1306103461 8
1306103521 9
1306103581 8
1306103641 7
1306103701 9
1306103761 8
1306103821 9
1306103881 9
1306103941 8
1306104001 10
1306104062 9
1306104121 9
1306104181 8
1306104241 8
1306104301 7
1306104361 9
1306104421 8
1306104481 9
1306104541 8
1306104601 6
1306104661 8
1306104721 8
1306104781 8
1306104841 7
1306104901 7
1306104961 6
1306105021 7
1306105081 7
1306105141 7
1306105201 7
1306105261 6
1306105321 8
1306105381 9
1306105441 9
1306105501 8
1306105561 8
1306105621 8
1306105682 8
1306105741 9
1306105801 9
1306105861 8
1306105921 6
1306105981 6
1306106041 8
1306106101 8
1306106161 8
1306106222 8
1306106281 9
1306106341 8
1306106401 9
1306106461 9
1306106521 9
1306106581 8
1306106641 8
1306106701 8
1306106761 9
1306106822 8
1306106881 8
1306106941 9
1306107001 10
1306107061 10
1306107121 10
1306107181 11
1306107241 9
1306107301 9
1306107361 8
1306107421 10
1306107482 8
1306107541 9
1306107601 10
1306107661 10
1306107721 10
1306107781 11
1306107841 11
1306107901 12
1306107961 11
1306108021 11
1306108081 13
1306108142 12
1306108201 12
1306108261 15
1306108321 15
1306108381 16
1306108441 18
1306108501 18
1306108561 19
1306108621 20
1306108681 20
1306108742 22
1306108801 21
1306108861 19
1306108921 22
1306108981 21
1306109041 23
1306109101 25
1306109161 24
1306109221 23
1306109281 23
1306109341 22
1306109401 24
1306109461 24
1306109521 23
1306109581 25
1306109641 22
1306109701 23
1306109762 26
1306109821 26
1306109881 26
1306109941 28
1306110001 26
1306110061 27
1306110121 27
1306110181 31
1306110241 32
1306110301 31
1306110362 33
1306110421 35
1306110481 35
1306110541 34
1306110601 38
1306110661 38
1306110721 41
1306110781 41
1306110841 44
1306110902 44
1306110961 44
1306111021 43
1306111081 42
1306111141 43
1306111201 40
1306111261 42
1306111321 40
1306111381 41
1306111441 41
1306111502 43
1306111561 44
1306111621 43
1306111681 44
1306111741 43
1306111801 44
1306111861 46
1306111921 48
1306111981 45
1306112041 44
1306112102 46
1306112161 47
1306112221 47
1306112281 46
1306112341 46
1306112401 45
1306112461 44
1306112521 45
1306112581 45
1306112641 47
1306112701 46
1306112762 45
1306112821 44
1306112881 45
1306112941 44
1306113001 42
1306113061 42
1306113121 41
1306113181 40
1306113241 39
1306113301 38
1306113361 39
1306113421 40
1306113482 40
1306113541 40
1306113601 41
1306113661 41
1306113721 43
1306113781 44
1306113841 42
1306113901 42
1306113961 42
1306114021 41
1306114081 43
1306114142 43
1306114201 43
1306114261 42
1306114321 40
1306114381 40
1306114441 40
1306114501 42
1306114561 41
1306114621 43
1306114681 44
1306114742 44
1306114801 43
1306114861 43
1306114921 43
1306114981 43
1306115041 43
1306115101 44
1306115161 45
1306115221 44
1306115281 43
1306115342 42
1306115401 44
1306115461 45
1306115521 42
1306115581 43
1306115641 42
1306115701 41
1306115761 40
1306115821 38
1306115881 40
1306115942 41
1306116001 40
1306116061 41
1306116121 40
1306116181 39
1306116241 39
1306116301 39
1306116361 41
1306116421 41
1306116481 40
1306116542 39
1306116601 39
1306116661 39
1306116721 40
1306116781 40
1306116841 39
1306116901 41
1306116961 40
1306117021 43
1306117081 45
1306117141 46
1306117202 46
1306117261 47
1306117321 47
1306117381 49
1306117441 49
1306117501 51
1306117561 50
1306117621 51
1306117681 47
1306117741 50
1306117801 50
1306117861 53
1306117922 53
1306117981 52
1306118041 51
1306118101 52
1306118161 50
1306118221 50
1306118281 50
1306118341 49
1306118401 48
1306118461 47
1306118522 48
1306118581 48
1306118641 50
1306118701 45
1306118761 48
1306118821 48
1306118881 48
1306118941 49
1306119001 49
1306119061 48
1306119121 48
1306119181 48
1306119242 49
1306119301 49
1306119361 50
1306119421 51
1306119481 51
1306119541 51
1306119601 52
1306119661 52
1306119721 53
1306119781 52
1306119841 54
1306119902 54
1306119961 55
1306120021 56
1306120081 54
1306120141 56
1306120201 56
1306120261 56
1306120321 55
1306120381 56
1306120441 56
1306120502 53
1306120561 57
1306120621 54
1306120681 57
1306120741 57
1306120801 60
1306120861 60
1306120921 60
1306120981 61
1306121041 58
1306121101 59
1306121162 58
1306121221 61
1306121281 60
1306121341 60
1306121401 59
1306121461 58
1306121521 57
1306121581 56
1306121641 64
1306121701 65
1306121761 59
1306121822 62
1306121881 63
1306121941 62
1306122001 61
1306122061 64
1306122121 64
1306122181 63
1306122241 58
1306122301 59
1306122361 60
1306122421 59
1306122481 59
1306122541 58
1306122602 56
1306122661 56
1306122721 58
1306122781 59
1306122841 57
1306122901 59
1306122961 59
1306123021 59
1306123081 60
1306123141 60
1306123201 58
1306123261 55
1306123322 53
1306123381 53
1306123441 53
1306123501 45
1306123561 47
1306123621 46
1306123681 45
1306123741 46
1306123801 46
1306123861 47
1306123921 45
1306123981 47
1306124041 46
1306124102 48
1306124161 47
1306124221 46
1306124281 49
1306124341 48
1306124401 49
1306124461 48
1306124521 49
1306124581 50
1306124641 49
1306124701 48
1306124761 50
1306124822 51
1306124881 50
1306124941 51
1306125001 50
1306125061 50
1306125121 50
1306125181 48
1306125241 50
1306125301 51
1306125361 52
1306125421 48
1306125481 47
1306125542 48
1306125601 48
1306125661 48
1306125721 47
1306125781 45
1306125841 45
1306125901 46
1306125961 43
1306126021 48
1306126081 49
1306126142 52
1306126201 52
1306126261 51
1306126321 50
1306126381 48
1306126441 48
1306126501 48
1306126561 45
1306126621 46
1306126681 46
1306126741 44
1306126801 43
1306126861 45
1306126922 46
1306126981 45
1306127041 46
1306127101 45
1306127161 47
1306127221 44
1306127281 44
1306127341 45
1306127401 46
1306127461 46
1306127521 47
1306127581 48
1306127641 48
1306127701 46
1306127761 47
1306127821 46
1306127881 45
1306127941 47
1306128001 48
1306128061 46
1306128122 50
1306128182 50
1306128241 52
1306128301 53
1306128361 54
1306128421 54
1306128481 54
1306128541 54
1306128601 54
1306128661 55
1306128721 55
1306128782 57
1306128841 52
1306128901 56
1306128961 53
1306129021 55
1306129081 55
1306129141 54
1306129201 57
1306129261 57
1306129321 57
1306129382 57
1306129442 57
1306129501 57
1306129561 57
1306129621 56
1306129681 56
1306129741 57
1306129801 57
1306129861 58
1306129921 56
1306129982 55
1306130042 55
1306130101 55
1306130161 56
1306130221 58
1306130281 58
1306130341 58
1306130401 58
1306130461 60
1306130521 58
1306130581 65
1306130641 68
1306130702 69
1306130761 66
1306130821 63
1306130881 64
1306130941 64
1306131001 63
1306131061 62
1306131121 63
1306131181 60
1306131241 60
1306131301 58
1306131362 60
1306131421 60
1306131481 61
1306131541 57
1306131601 60
1306131661 62
1306131721 61
1306131781 61
1306131841 58
1306131901 60
1306131961 63
1306132022 65
1306132081 62
1306132141 62
1306132201 64
1306132261 59
1306132321 62
1306132381 65
1306132441 66
1306132501 65
1306132562 68
1306132621 70
1306132681 70
1306132741 72
1306132801 67
1306132861 73
1306132921 70
1306132981 69
1306133041 69
1306133101 69
1306133161 66
1306133221 65
1306133282 60
1306133341 64
1306133401 64
1306133461 62
1306133521 63
1306133581 63
1306133641 64
1306133701 63
1306133761 58
1306133821 61
1306133881 64
1306133942 64
1306134001 63
1306134061 61
1306134121 64
1306134181 62
1306134241 65
1306134301 68
1306134361 67
1306134421 68
1306134481 67
1306134541 66
1306134601 67
1306134662 69
1306134721 69
1306134781 69
1306134841 68
1306134901 66
1306134961 67
1306135021 69
1306135081 70
1306135141 67
1306135201 66
1306135262 69
1306135322 68
1306135381 69
1306135441 66
1306135501 66
1306135561 67
1306135621 67
1306135681 65
1306135741 67
1306135801 66
1306135861 64
1306135921 64
1306135982 63
1306136041 64
1306136101 67
1306136161 70
1306136221 67
1306136281 72
1306136341 72
1306136401 73
1306136461 74
1306136521 71
1306136581 74
1306136641 75
1306136701 73
1306136761 68
1306136821 68
1306136881 66
1306136941 66
1306137001 64
1306137061 62
1306137121 62
1306137181 61
1306137241 61
1306137301 60
1306137362 61
1306137421 58
1306137481 56
1306137541 55
1306137601 54
1306137661 52
1306137721 57
1306137781 55
1306137841 57
1306137901 54
1306137961 57
1306138021 56
1306138082 54
1306138141 54
1306138201 55
1306138261 52
1306138321 49
1306138381 50
1306138441 45
1306138501 45
1306138561 42
1306138621 42
1306138681 43
1306138741 41
1306138802 42
1306138861 43
1306138921 39
1306138981 39
1306139041 39
1306139101 38
1306139161 36
1306139221 33
1306139281 33
1306139341 32
1306139401 33
1306139461 33
1306139522 32
1306139582 29
1306139641 31
1306139701 32
1306139761 33
1306139821 34
1306139881 33
1306139941 30
1306140001 31
1306140061 32
1306140121 32
1306140181 33
1306140242 31
1306140301 31
1306140361 31
1306140421 31
1306140481 30
1306140541 30
1306140601 29
1306140661 30
1306140721 29
1306140781 30
1306140841 29
1306140901 29
1306140962 29
1306141022 30
1306141081 33
1306141141 32
1306141201 33
1306141261 30
1306141321 32
1306141381 31
1306141441 32
1306141501 30
1306141561 31
1306141621 30
1306141682 29
1306141741 30
1306141801 29
1306141861 31
1306141921 30
1306141981 30
1306142041 28
1306142101 28
1306142161 30
1306142221 31
1306142281 31
1306142341 33
1306142401 31
1306142461 31
1306142521 30
1306142581 30
1306142641 30
1306142701 29
1306142761 28
1306142821 29
1306142881 27
1306142941 27
1306143001 28
1306143062 29
1306143121 28
1306143181 27
1306143241 27
1306143301 26
1306143361 25
1306143421 26
1306143481 27
1306143541 25
1306143601 23
1306143661 24
1306143721 25
1306143781 25
1306143841 26
1306143901 28
1306143961 27
1306144021 27
1306144081 29
1306144141 26
1306144201 28
1306144261 28
1306144321 27
1306144381 26
1306144441 26
1306144501 25
1306144561 25
1306144621 26
1306144681 27
1306144741 28
1306144801 29
1306144861 27
1306144921 29
1306144981 29
1306145041 28
1306145101 29
1306145161 28
1306145221 27
1306145282 28
1306145341 27
1306145401 26
1306145461 26
1306145521 27
1306145581 27
1306145641 26
1306145701 27
1306145761 26
1306145821 25
1306145881 25
1306145941 26
1306146001 26
1306146061 24
1306146121 25
1306146181 26
1306146241 26
1306146301 25
1306146361 26
1306146421 25
1306146481 23
1306146541 25
1306146601 25
1306146662 26
1306146721 26
1306146781 26
1306146841 26
1306146901 26
1306146961 26
1306147021 25
1306147081 24
1306147141 24
1306147201 25
1306147261 21
1306147321 23
1306147382 24
1306147441 23
1306147501 25
1306147561 26
1306147621 24
1306147681 25
1306147741 26
1306147801 26
1306147861 26
1306147921 24
1306147981 24
1306148041 25
1306148102 24
1306148161 23
1306148221 25
1306148281 24
1306148341 24
1306148401 25
1306148461 26
1306148521 23
1306148581 25
1306148641 24
1306148701 24
1306148762 24
1306148821 23
1306148881 23
1306148941 23
1306149001 19
1306149061 21
1306149121 23
1306149181 22
1306149241 24
1306149301 23
1306149361 26
1306149422 26
1306149481 25
1306149541 25
1306149601 26
1306149661 24
1306149721 25
1306149781 25
1306149841 24
1306149901 22
1306149961 22
1306150021 23
1306150082 23
1306150141 24
1306150201 24
1306150261 24
1306150321 23
1306150381 23
1306150441 23
1306150501 23
1306150561 23
1306150621 25
1306150681 23
1306150742 24
1306150801 24
1306150861 24
1306150921 26
1306150981 25
1306151041 25
1306151101 27
1306151161 24
1306151221 26
1306151281 26
1306151341 25
1306151401 26
1306151462 25
1306151521 25
1306151581 25
1306151641 24
1306151701 25
1306151761 24
1306151821 23
1306151881 27
1306151941 26
1306152001 28
1306152061 28
1306152122 26
1306152181 26
1306152241 26
1306152301 24
1306152361 27
1306152421 25
1306152481 23
1306152541 25
1306152601 25
1306152661 27
1306152721 27
1306152781 26
1306152841 29
1306152902 28
1306152961 28
1306153021 28
1306153081 30
1306153141 31
1306153201 31
1306153261 30
1306153321 31
1306153381 31
1306153441 31
1306153501 33
1306153561 31
1306153622 31
1306153681 30
1306153741 32
1306153801 30
1306153861 32
1306153921 32
1306153981 33
1306154041 32
1306154101 34
1306154161 34
1306154221 33
1306154282 30
1306154341 31
1306154401 35
1306154461 35
1306154521 36
1306154581 37
1306154641 37
1306154701 36
1306154761 37
1306154821 38
1306154881 38
1306154941 38
1306155002 39
1306155061 40
1306155121 41
1306155181 39
1306155241 39
1306155301 41
1306155361 41
1306155421 41
1306155481 39
1306155541 41
1306155601 39
1306155661 41
1306155722 41
1306155781 42
1306155841 44
1306155901 41
1306155961 40
1306156021 42
1306156081 42
1306156141 40
1306156201 40
1306156261 38
1306156321 41
1306156382 39
1306156441 39
1306156501 41
1306156561 41
1306156621 41
1306156681 42
1306156741 41
1306156801 44
1306156861 44
1306156921 43
1306156981 43
1306157041 41
1306157101 42
1306157162 44
1306157221 44
1306157281 43
1306157341 42
1306157401 39
1306157461 40
1306157521 40
1306157581 40
1306157641 42
1306157701 44
1306157761 43
1306157821 43
1306157881 44
1306157941 43
1306158001 43
1306158061 43
1306158121 43
1306158181 44
1306158241 43
1306158301 45
1306158361 42
1306158421 44
1306158481 44
1306158542 43
1306158601 42
1306158661 42
1306158721 39
1306158781 37
1306158841 39
1306158901 36
1306158961 42
1306159021 41
1306159081 41
1306159141 41
1306159202 41
1306159261 40
1306159321 41
1306159381 40
1306159441 37
1306159501 39
1306159561 34
1306159621 40
1306159681 39
1306159741 40
1306159801 41
1306159861 41
1306159922 41
1306159981 41
1306160041 43
1306160101 43
1306160161 42
1306160221 40
1306160281 42
1306160341 43
1306160401 43
1306160461 42
1306160521 43
1306160581 42
1306160642 42
1306160701 41
1306160761 42
1306160821 41
1306160881 42
1306160941 42
1306161001 40
1306161061 41
1306161121 41
1306161181 41
1306161241 39
1306161302 37
1306161361 35
1306161421 32
1306161481 31
1306161541 30
1306161601 31
1306161661 33
1306161721 34
1306161781 34
1306161841 32
1306161901 34
1306161961 34
1306162022 32
1306162081 30
1306162141 31
1306162201 31
1306162261 31
1306162321 32
1306162381 33
1306162441 35
1306162501 33
1306162561 34
1306162621 34
1306162682 33
1306162741 32
1306162801 31
1306162861 29
1306162921 31
1306162981 29
1306163041 29
1306163101 30
1306163161 28
1306163221 29
1306163281 29
1306163341 27
1306163402 27
1306163461 28
1306163521 24
1306163581 27
1306163641 24
1306163701 26
1306163761 26
1306163821 23
1306163881 26
1306163941 27
1306164001 25
1306164061 26
1306164122 27
1306164181 23
1306164241 24
1306164301 22
1306164361 24
1306164421 24
1306164481 21
1306164541 23
1306164601 24
1306164661 23
1306164721 24
1306164781 24
1306164842 23
1306164901 23
1306164961 24
1306165021 23
1306165081 24
1306165141 23
1306165201 23
1306165261 22
1306165321 22
1306165381 23
1306165441 25
1306165502 24
1306165562 23
1306165621 25
1306165681 25
1306165741 22
1306165801 22
1306165861 22
1306165921 21
1306165981 22
1306166041 22
1306166101 22
1306166161 21
1306166222 22
1306166281 23
1306166341 23
1306166401 21
