1316275261 36
1316275321 38
1316275381 35
1316275441 37
1316275501 35
1316275562 35
1316275621 34
1316275681 35
1316275741 33
1316275801 34
1316275861 31
1316275921 34
1316275981 32
1316276041 31
1316276101 31
1316276162 32
1316276221 31
1316276281 34
1316276341 35
1316276401 36
1316276461 37
1316276521 31
1316276581 36
1316276641 37
1316276702 39
1316276762 37
1316276821 38
1316276881 33
1316276941 34
1316277001 33
1316277061 31
1316277121 33
1316277181 28
1316277241 30
1316277301 29
1316277362 29
1316277422 26
1316277481 27
1316277541 26
1316277601 29
1316277661 28
1316277721 26
1316277781 26
1316277841 23
1316277901 22
1316277961 22
1316278022 24
1316278082 23
1316278141 23
1316278201 20
1316278261 21
1316278321 21
1316278381 22
1316278441 23
1316278501 22
1316278561 21
1316278621 21
1316278682 22
1316278741 22
1316278801 21
1316278861 22
1316278921 23
1316278981 22
1316279041 20
1316279102 21
1316279161 20
1316279221 20
1316279281 19
1316279341 18
1316279401 19
1316279461 17
1316279521 17
1316279581 17
1316279642 15
1316279701 14
1316279761 15
1316279822 14
1316279881 14
1316279941 12
1316280001 12
1316280061 13
1316280121 12
1316280181 13
1316280241 13
1316280301 11
1316280361 10
1316280422 10
1316280482 11
1316280541 12
1316280601 10
1316280661 11
1316280721 12
1316280781 11
1316280841 13
1316280901 13
1316280961 12
1316281021 12
1316281082 12
1316281141 12
1316281201 14
1316281261 14
1316281321 12
1316281381 14
1316281441 12
1316281501 14
1316281561 15
1316281621 14
1316281682 14
1316281742 14
1316281801 14
1316281861 14
1316281921 16
1316281981 15
1316282041 15
1316282101 14
1316282161 14
1316282221 12
1316282282 12
1316282342 11
1316282401 10
1316282461 10
1316282521 9
1316282581 10
1316282641 10
1316282701 10
1316282761 10
1316282822 11
1316282882 12
1316282941 12
1316283001 12
1316283061 11
1316283121 11
1316283181 11
1316283241 11
1316283301 10
1316283361 10
1316283422 11
1316283482 9
1316283541 10
1316283601 9
1316283661 10
1316283721 9
1316283781 9
1316283841 9
1316283902 10
1316283962 10
1316284021 9
1316284081 9
1316284141 7
1316284201 9
1316284261 8
1316284321 9
1316284382 8
1316284441 9
1316284501 9
1316284561 7
1316284621 9
1316284681 8
1316284741 9
1316284801 7
1316284862 9
1316284921 8
1316284981 9
1316285041 8
1316285101 8
1316285161 9
1316285221 8
1316285282 8
1316285342 8
1316285401 9
1316285461 7
1316285521 10
1316285581 10
1316285641 10
1316285701 9
1316285761 8
1316285822 8
1316285881 8
1316285941 9
1316286001 10
1316286061 10
1316286121 7
1316286181 8
1316286241 8
1316286302 8
1316286361 8
1316286421 7
1316286481 7
1316286541 6
1316286601 7
1316286661 8
1316286721 8
1316286782 7
1316286841 8
1316286901 8
1316286961 8
1316287021 8
1316287081 7
1316287141 7
1316287201 8
1316287261 7
1316287322 8
1316287381 8
1316287441 7
1316287501 8
1316287561 8
1316287621 8
1316287681 8
1316287741 7
1316287802 7
1316287862 8
1316287921 7
1316287981 7
1316288041 8
1316288101 7
1316288161 8
1316288221 8
1316288281 9
1316288342 9
1316288401 6
1316288461 7
1316288521 7
1316288581 7
1316288641 8
1316288701 8
1316288761 7
1316288822 8
1316288882 8
1316288941 8
1316289001 7
1316289061 7
1316289121 8
1316289181 8
1316289241 6
1316289301 7
1316289362 7
1316289421 6
1316289481 6
1316289541 7
1316289601 7
1316289661 5
1316289721 6
1316289781 7
1316289841 7
1316289902 6
1316289961 7
1316290021 7
1316290081 6
1316290141 7
1316290201 6
1316290261 7
1316290321 6
1316290382 6
1316290442 7
1316290501 7
1316290561 6
1316290621 7
1316290681 7
1316290741 6
1316290801 7
1316290861 6
1316290922 6
1316290981 6
1316291041 7
1316291101 7
1316291161 7
1316291221 6
1316291281 7
1316291341 7
1316291402 7
1316291461 7
1316291521 6
1316291581 7
1316291641 6
1316291701 6
1316291761 7
1316291821 7
1316291881 6
1316291942 7
1316292001 6
1316292061 7
1316292121 7
1316292181 6
1316292241 8
1316292301 7
1316292361 8
1316292422 9
1316292481 9
1316292541 8
1316292601 9
1316292661 8
1316292721 9
1316292781 7
1316292841 7
1316292902 9
1316292961 9
1316293021 9
1316293081 9
1316293141 9
1316293201 8
1316293261 9
1316293322 8
1316293382 9
1316293441 8
1316293501 9
1316293561 8
1316293621 8
1316293681 9
1316293741 10
1316293801 10
1316293861 9
1316293921 10
1316293981 9
1316294041 10
1316294101 9
1316294161 10
1316294221 9
1316294281 10
1316294342 9
1316294401 10
1316294461 10
1316294521 9
1316294581 10
1316294641 9
1316294701 9
1316294761 8
1316294821 10
1316294882 8
1316294941 10
1316295001 10
1316295061 10
1316295121 10
1316295181 9
1316295241 10
1316295301 9
1316295362 10
1316295421 8
1316295481 10
1316295541 8
1316295601 10
1316295661 10
1316295721 10
1316295782 10
1316295842 9
1316295901 10
1316295961 10
1316296021 10
1316296081 9
1316296141 10
1316296201 7
1316296261 9
1316296322 9
1316296382 9
1316296441 9
1316296501 9
1316296561 9
1316296621 10
1316296681 9
1316296741 9
1316296803 9
1316296861 8
1316296921 8
1316296981 9
1316297041 9
1316297101 9
1316297161 7
1316297222 9
1316297281 10
1316297341 10
1316297401 11
1316297461 11
1316297521 10
1316297581 11
1316297641 12
1316297702 12
1316297761 13
1316297821 12
1316297881 13
1316297941 14
1316298001 13
1316298061 13
1316298121 13
1316298182 12
1316298242 12
1316298301 11
1316298361 9
1316298421 10
1316298481 7
1316298541 7
1316298601 10
1316298661 11
1316298722 11
1316298782 10
1316298841 10
1316298902 10
1316298962 10
1316299021 8
1316299081 11
1316299141 10
1316299201 9
1316299261 10
1316299321 10
1316299381 10
1316299441 9
1316299502 9
1316299561 10
1316299621 11
1316299681 8
1316299741 11
1316299801 11
1316299861 9
1316299921 12
1316299981 14
1316300041 14
1316300102 14
1316300161 15
1316300221 14
1316300281 14
1316300341 11
1316300401 12
1316300461 14
1316300521 11
1316300581 11
1316300642 11
1316300701 11
1316300761 10
1316300821 13
1316300881 14
1316300941 14
1316301001 13
1316301061 14
1316301121 17
1316301182 16
1316301242 17
1316301301 16
1316301361 18
1316301421 17
1316301481 18
1316301541 17
1316301601 17
1316301661 17
1316301721 16
1316301782 18
1316301841 18
1316301901 19
1316301961 17
1316302021 18
1316302081 19
1316302141 19
1316302202 19
1316302261 19
1316302321 18
1316302381 17
1316302441 20
1316302501 19
1316302561 21
1316302621 19
1316302682 20
1316302741 21
1316302801 24
1316302861 22
1316302921 24
1316302981 23
1316303041 23
1316303101 23
1316303161 20
1316303222 23
1316303281 22
1316303341 23
1316303401 22
1316303461 22
1316303521 21
1316303581 19
1316303641 20
1316303701 23
1316303761 24
1316303821 21
1316303881 22
1316303941 23
1316304001 21
1316304061 24
1316304121 23
1316304181 24
1316304242 22
1316304301 24
1316304361 26
1316304421 25
1316304481 25
1316304541 26
1316304601 26
1316304661 25
1316304721 26
1316304782 27
1316304841 26
1316304901 27
1316304961 27
1316305021 29
1316305081 29
1316305141 30
1316305201 31
1316305261 32
1316305322 35
1316305382 34
1316305441 35
1316305501 33
1316305561 38
1316305621 37
1316305681 37
1316305741 36
1316305801 36
1316305861 33
1316305922 32
1316305981 33
1316306041 33
1316306101 33
1316306161 33
1316306221 38
1316306281 37
1316306341 38
1316306401 38
1316306462 41
1316306521 42
1316306581 42
1316306641 43
1316306701 44
1316306761 44
1316306821 46
1316306881 46
1316306942 48
1316307001 46
1316307061 48
1316307121 48
1316307181 48
1316307241 49
1316307301 50
1316307361 51
1316307422 51
1316307482 53
1316307541 50
1316307601 52
1316307661 50
1316307721 50
1316307781 50
1316307841 47
1316307901 48
1316307961 45
1316308022 45
1316308081 46
1316308141 44
1316308201 48
1316308261 46
1316308321 44
1316308381 45
1316308441 45
1316308501 42
1316308561 47
1316308622 47
1316308681 49
1316308741 49
1316308801 47
1316308861 49
1316308921 50
1316308981 52
1316309041 54
1316309102 53
1316309162 51
1316309221 52
1316309281 54
1316309341 56
1316309401 57
1316309461 56
1316309521 55
1316309581 55
1316309641 58
1316309702 59
1316309761 56
1316309821 58
1316309881 63
1316309941 62
1316310001 60
1316310061 61
1316310121 60
1316310181 59
1316310242 59
1316310301 59
1316310361 59
1316310421 56
1316310481 51
1316310542 56
1316310601 55
1316310661 54
1316310721 54
1316310781 54
1316310841 54
1316310901 56
1316310961 54
1316311021 53
1316311082 52
1316311141 55
1316311201 55
1316311261 56
1316311321 57
1316311381 54
1316311442 54
1316311501 55
1316311561 55
1316311621 54
1316311681 51
1316311741 50
1316311801 52
1316311861 51
1316311921 52
1316311982 55
1316312041 55
1316312101 55
1316312161 57
1316312221 55
1316312281 53
1316312341 55
1316312401 54
1316312461 57
1316312521 58
1316312582 57
1316312641 54
1316312701 55
1316312761 55
1316312821 58
1316312881 60
1316312941 57
1316313001 57
1316313061 59
1316313121 60
1316313181 63
1316313242 63
1316313302 65
1316313361 61
1316313421 62
1316313481 63
1316313541 59
1316313601 63
1316313661 60
1316313721 62
1316313781 60
1316313842 61
1316313901 63
1316313961 66
1316314021 64
1316314081 66
1316314141 67
1316314201 66
1316314261 66
1316314321 65
1316314382 65
1316314442 66
1316314501 65
1316314561 66
1316314621 68
1316314681 65
1316314741 68
1316314801 66
1316314861 69
1316314921 67
1316314981 69
1316315041 72
1316315101 71
1316315161 71
1316315221 68
1316315281 67
1316315341 64
1316315402 67
1316315462 69
1316315521 70
1316315581 68
1316315641 64
1316315701 68
1316315761 66
1316315821 67
1316315881 71
1316315941 70
1316316001 71
1316316062 70
1316316122 73
1316316181 74
1316316241 74
1316316301 73
1316316361 73
1316316421 72
1316316481 72
1316316541 70
1316316601 71
1316316662 68
1316316721 66
1316316781 68
1316316841 67
1316316901 68
1316316961 70
1316317021 71
1316317081 72
1316317141 74
1316317201 72
1316317261 73
1316317322 72
1316317382 69
1316317441 72
1316317501 68
1316317561 71
1316317621 73
1316317681 74
1316317741 73
1316317801 69
1316317861 73
1316317921 74
1316317982 73
1316318041 75
1316318101 71
1316318161 69
1316318221 71
1316318281 74
1316318341 76
1316318401 74
1316318461 71
1316318521 71
1316318582 74
1316318641 72
1316318701 73
1316318761 77
1316318821 74
1316318881 72
1316318941 73
1316319001 75
1316319061 74
1316319122 72
1316319181 72
1316319241 71
1316319301 72
1316319361 66
1316319422 65
1316319481 66
1316319541 63
1316319601 64
1316319661 65
1316319721 65
1316319781 64
1316319841 65
1316319901 65
1316319961 62
1316320022 64
1316320081 60
1316320141 64
1316320201 64
1316320261 64
1316320321 63
1316320381 65
1316320441 66
1316320502 67
1316320561 66
1316320621 68
1316320681 69
1316320741 70
1316320801 68
1316320861 62
1316320921 65
1316320981 64
1316321042 63
1316321102 65
1316321161 66
1316321221 67
1316321281 64
1316321341 62
1316321401 65
1316321461 66
1316321521 65
1316321581 63
1316321642 63
1316321701 66
1316321761 65
1316321821 62
1316321881 63
1316321941 63
1316322001 64
1316322061 62
1316322121 63
1316322182 64
1316322241 67
1316322301 62
1316322361 66
1316322421 64
1316322481 66
1316322541 64
1316322601 65
1316322661 65
1316322721 63
1316322782 62
1316322842 64
1316322901 62
1316322961 62
1316323021 60
1316323081 61
1316323141 61
1316323201 62
1316323261 62
1316323321 62
1316323382 60
1316323442 55
1316323501 58
1316323561 55
1316323621 55
1316323681 53
1316323741 53
1316323802 51
1316323862 52
1316323921 52
1316323981 52
1316324041 52
1316324101 53
1316324161 54
1316324221 55
1316324281 58
1316324341 57
1316324401 56
1316324462 58
1316324521 57
1316324581 57
1316324641 55
1316324701 55
1316324761 57
1316324821 55
1316324881 54
1316324941 56
1316325002 57
1316325061 55
1316325121 56
1316325181 56
1316325241 57
1316325301 55
1316325361 56
1316325421 57
1316325481 58
1316325541 59
1316325602 55
1316325662 56
1316325721 56
1316325781 56
1316325841 58
1316325901 57
1316325961 54
1316326021 54
1316326081 56
1316326141 55
1316326202 57
1316326261 59
1316326321 60
1316326381 57
1316326441 55
1316326501 58
1316326561 57
1316326621 56
1316326681 55
1316326741 55
1316326802 54
1316326861 51
1316326921 55
1316326981 53
1316327041 54
1316327101 50
1316327161 53
1316327221 50
1316327281 52
1316327342 53
1316327402 54
1316327461 55
1316327521 54
1316327581 58
1316327641 58
1316327701 56
1316327761 56
1316327821 59
1316327881 56
1316327942 56
1316328002 57
1316328061 57
1316328121 54
1316328181 57
1316328241 56
1316328301 56
1316328361 53
1316328421 54
1316328481 53
1316328542 53
1316328601 51
1316328661 51
1316328721 53
1316328781 55
1316328841 57
1316328901 59
1316328961 57
1316329021 57
1316329081 59
1316329142 61
1316329201 60
1316329261 60
1316329321 58
1316329381 57
1316329441 55
1316329501 53
1316329561 53
1316329621 52
1316329682 55
1316329741 54
1316329801 55
1316329861 53
1316329921 53
1316329981 50
1316330041 50
1316330101 53
1316330161 52
1316330221 53
1316330281 53
1316330341 54
1316330401 56
1316330461 58
1316330521 59
1316330581 59
1316330641 60
1316330701 61
1316330762 62
1316330822 61
1316330881 57
1316330941 59
1316331001 57
1316331061 58
1316331121 60
1316331181 60
1316331241 59
1316331301 59
1316331362 62
1316331422 62
1316331481 63
1316331541 64
1316331601 64
1316331661 64
1316331721 61
1316331781 63
1316331841 62
1316331901 63
1316331962 65
1316332021 61
1316332081 63
1316332141 58
1316332201 58
1316332261 57
1316332321 56
1316332381 56
1316332441 55
1316332501 55
1316332561 53
1316332622 56
1316332682 57
1316332741 55
1316332801 55
1316332861 57
1316332921 65
1316332981 64
1316333041 64
1316333101 61
1316333161 66
1316333222 67
1316333281 62
1316333341 65
1316333401 64
1316333461 63
1316333521 60
1316333581 60
1316333641 61
1316333701 62
1316333762 57
1316333821 57
1316333881 59
1316333941 59
1316334001 58
1316334061 58
1316334121 59
1316334181 59
1316334241 58
1316334301 61
1316334361 64
1316334421 64
1316334481 66
1316334541 67
1316334601 68
1316334661 65
1316334721 69
1316334781 70
1316334842 73
1316334901 69
1316334961 73
1316335021 72
1316335081 69
1316335141 68
1316335201 71
1316335261 72
1316335321 70
1316335381 71
1316335442 71
1316335501 72
1316335561 73
1316335621 72
1316335685 73
1316335741 72
1316335801 73
1316335861 74
1316335921 71
1316335981 72
1316336042 71
1316336102 70
1316336161 71
1316336221 70
1316336281 71
1316336341 72
1316336401 72
1316336461 68
1316336521 69
1316336581 69
1316336641 69
1316336702 68
1316336761 64
1316336821 69
1316336881 68
1316336941 67
1316337001 68
1316337061 68
1316337121 66
1316337181 64
1316337241 68
1316337302 70
1316337361 71
1316337421 70
1316337481 71
1316337541 72
1316337601 72
1316337661 74
1316337721 71
1316337781 73
1316337841 69
1316337902 67
1316337961 68
1316338021 68
1316338081 69
1316338141 66
1316338201 67
1316338261 68
1316338321 67
1316338381 65
1316338441 67
1316338502 68
1316338561 67
1316338621 69
1316338681 68
1316338741 66
1316338801 62
1316338861 62
1316338921 62
1316338981 59
1316339041 62
1316339102 62
1316339161 59
1316339221 59
1316339281 62
1316339341 61
1316339401 62
1316339461 62
1316339521 66
1316339581 67
1316339641 66
1316339701 68
1316339762 63
1316339821 64
1316339881 64
1316339941 67
1316340001 65
1316340061 67
1316340121 65
1316340181 66
1316340241 65
1316340301 63
1316340362 66
1316340421 65
1316340481 63
1316340541 64
1316340601 65
1316340661 65
1316340721 64
1316340781 62
1316340841 64
1316340901 66
1316340961 65
1316341022 65
1316341081 65
1316341141 64
1316341201 63
1316341261 63
1316341321 61
1316341381 63
1316341441 61
1316341501 60
1316341562 61
1316341622 61
1316341681 61
1316341741 60
1316341801 59
1316341861 61
1316341921 60
1316341981 60
1316342041 57
1316342101 57
1316342161 58
1316342222 59
1316342281 58
1316342341 59
1316342401 58
1316342461 57
1316342521 58
1316342581 60
1316342641 60
1316342701 57
1316342762 56
1316342821 55
1316342881 55
1316342941 54
1316343001 53
1316343061 53
1316343121 56
1316343181 51
1316343241 52
1316343301 53
1316343362 53
1316343421 51
1316343481 53
1316343541 56
1316343601 58
1316343661 58
1316343721 57
1316343781 56
1316343841 56
1316343901 56
1316343962 53
1316344021 52
1316344081 54
1316344141 53
1316344201 51
1316344261 50
1316344321 50
1316344381 51
1316344441 50
1316344501 50
1316344562 52
1316344621 49
1316344681 45
1316344741 49
1316344801 52
1316344861 53
1316344921 50
1316344981 51
1316345041 52
1316345101 52
1316345162 52
1316345221 55
1316345281 52
1316345341 52
1316345401 51
1316345461 54
1316345521 53
1316345581 54
1316345641 54
1316345701 53
1316345762 56
1316345821 57
1316345881 59
1316345941 59
1316346001 60
1316346061 59
1316346121 60
1316346181 58
1316346241 61
1316346302 64
1316346362 63
1316346421 61
1316346481 62
1316346541 61
1316346601 60
1316346661 62
1316346721 63
1316346781 68
1316346841 66
1316346902 68
1316346962 71
1316347021 69
1316347081 70
1316347141 67
1316347201 70
1316347261 72
1316347321 76
1316347381 71
1316347441 71
1316347502 66
1316347561 65
1316347621 65
1316347681 68
1316347741 68
1316347801 68
1316347861 63
1316347921 62
1316347981 63
1316348042 61
1316348102 65
1316348161 64
1316348221 66
1316348281 61
1316348341 63
1316348401 63
1316348461 63
1316348521 66
1316348582 65
1316348641 66
1316348701 65
1316348761 65
1316348821 65
1316348881 66
1316348941 66
1316349001 68
1316349061 68
1316349122 65
1316349182 69
1316349241 64
1316349301 66
1316349361 66
1316349421 69
1316349481 70
1316349541 68
1316349601 69
1316349661 74
1316349721 73
1316349782 72
1316349841 73
1316349901 80
1316349961 79
1316350021 81
1316350081 80
1316350141 78
1316350201 78
1316350261 78
1316350322 78
1316350382 77
1316350441 76
1316350501 68
1316350561 71
1316350621 72
1316350681 72
1316350741 75
1316350801 72
1316350862 74
1316350922 72
1316350981 76
1316351041 77
1316351101 78
1316351161 75
1316351221 75
1316351281 79
1316351341 77
1316351402 79
1316351462 79
1316351521 82
1316351581 80
1316351641 82
1316351701 82
1316351761 82
1316351821 86
1316351881 87
1316351941 86
1316352002 83
1316352061 80
1316352121 83
1316352181 84
1316352241 87
1316352301 88
1316352361 88
1316352421 78
1316352481 85
1316352542 84
1316352601 86
1316352661 86
1316352721 85
1316352781 84
1316352841 86
1316352901 83
1316352961 86
1316353021 88
1316353081 85
1316353142 85
1316353201 83
1316353261 78
1316353321 79
1316353381 79
1316353441 76
1316353501 78
1316353561 76
1316353621 72
1316353682 66
1316353742 71
1316353801 71
1316353861 72
1316353921 69
1316353981 72
1316354041 71
1316354101 72
1316354161 69
1316354221 69
1316354282 68
1316354341 67
1316354401 65
1316354461 62
1316354521 63
1316354581 64
1316354641 67
1316354701 68
1316354761 67
1316354822 68
1316354881 69
1316354941 68
1316355001 72
1316355061 71
1316355121 72
1316355181 69
1316355241 68
1316355301 67
1316355361 67
1316355422 70
1316355481 70
1316355541 68
1316355602 65
1316355661 67
1316355721 63
1316355781 63
1316355841 62
1316355901 62
1316355962 64
1316356021 65
1316356081 65
1316356141 67
1316356201 69
1316356261 68
1316356321 70
1316356381 71
1316356441 71
1316356501 68
1316356562 68
1316356621 66
1316356681 66
1316356741 63
1316356801 65
1316356861 66
1316356921 65
1316356981 63
1316357041 62
1316357102 63
1316357161 64
1316357221 64
1316357281 61
1316357341 58
1316357405 56
1316357461 57
1316357521 57
1316357581 56
1316357641 57
1316357701 58
1316357762 56
1316357821 53
1316357881 55
1316357941 55
1316358001 56
1316358061 59
1316358121 57
1316358182 56
1316358241 55
1316358301 52
1316358361 52
1316358421 51
1316358481 50
1316358541 52
1316358601 50
1316358661 48
1316358721 49
1316358782 49
1316358842 50
1316358901 49
1316358961 49
1316359021 50
1316359081 48
1316359141 47
1316359201 47
1316359261 44
1316359321 44
1316359381 41
1316359442 40
1316359501 39
1316359561 39
1316359621 38
1316359681 40
1316359741 41
1316359801 39
1316359861 41
1316359921 38
1316359981 42
1316360041 37
1316360102 36
1316360161 34
1316360221 36
1316360281 32
1316360341 27
1316360401 29
1316360461 31
1316360521 30
1316360581 28
1316360642 31
1316360702 31
1316360761 31
1316360821 30
1316360881 30
1316360941 31
1316361001 29
1316361061 26
1316361121 31
1316361181 31
1316361241 33
1316361301 32
1316361362 33
1316361421 33
1316361481 33
1316361541 36
1316361601 34
