1318521661 60
1318521722 59
1318521781 59
1318521841 55
1318521901 59
1318521961 58
1318522021 56
1318522081 53
1318522141 54
1318522201 53
1318522262 53
1318522321 52
1318522381 53
1318522441 51
1318522501 52
1318522561 51
1318522621 50
1318522681 51
1318522742 49
1318522802 48
1318522861 47
1318522921 49
1318522981 46
1318523041 48
1318523101 47
1318523161 47
1318523221 43
1318523281 43
1318523342 44
1318523401 43
1318523461 42
1318523521 42
1318523581 42
1318523641 41
1318523701 42
1318523761 42
1318523821 40
1318523882 41
1318523942 41
1318524001 41
1318524061 42
1318524121 42
1318524181 42
1318524241 40
1318524301 38
1318524361 40
1318524421 39
1318524482 38
1318524542 39
1318524601 38
1318524661 39
1318524721 35
1318524781 36
1318524841 36
1318524901 37
1318524961 39
1318525022 38
1318525082 40
1318525141 38
1318525201 39
1318525261 37
1318525321 38
1318525381 38
1318525441 36
1318525501 34
1318525562 35
1318525622 37
1318525681 34
1318525741 31
1318525801 32
1318525861 34
1318525921 34
1318525981 34
1318526042 34
1318526102 33
1318526161 31
1318526221 32
1318526281 32
1318526341 32
1318526401 30
1318526461 29
1318526521 31
1318526581 30
1318526641 30
1318526702 30
1318526762 26
1318526821 27
1318526881 27
1318526941 28
1318527001 29
1318527061 28
1318527121 28
1318527181 26
1318527241 29
1318527302 29
1318527361 29
1318527421 25
1318527481 27
1318527541 29
1318527601 28
1318527661 27
1318527721 27
1318527781 28
1318527841 27
1318527901 27
1318527962 28
1318528021 28
1318528081 26
1318528141 24
1318528201 26
1318528261 27
1318528321 26
1318528381 26
1318528441 26
1318528501 27
1318528562 26
1318528621 25
1318528681 25
1318528741 26
1318528801 25
1318528862 25
1318528921 25
1318528981 21
1318529041 25
1318529101 25
1318529161 25
1318529221 25
1318529281 24
1318529342 24
1318529402 25
1318529461 26
1318529521 26
1318529581 26
1318529641 24
1318529701 26
1318529761 25
1318529821 24
1318529881 25
1318529942 25
1318530001 24
1318530061 24
1318530121 24
1318530181 25
1318530241 24
1318530301 22
1318530361 23
1318530421 24
1318530481 24
1318530542 23
1318530602 24
1318530661 25
1318530721 25
1318530781 24
1318530841 23
1318530901 23
1318530961 22
1318531021 24
1318531082 23
1318531141 23
1318531201 22
1318531261 22
1318531321 23
1318531381 23
1318531441 23
1318531501 22
1318531562 22
1318531621 20
1318531681 21
1318531741 22
1318531801 20
1318531861 21
1318531921 21
1318531981 22
1318532042 22
1318532101 22
1318532161 22
1318532221 22
1318532281 19
1318532341 20
1318532401 21
1318532462 19
1318532521 21
1318532581 22
1318532641 22
1318532701 21
1318532761 23
1318532821 23
1318532881 23
1318532942 20
1318533002 23
1318533061 22
1318533121 21
1318533181 22
1318533241 23
1318533301 22
1318533361 21
1318533421 22
1318533482 22
1318533541 21
1318533601 19
1318533661 20
1318533721 19
1318533781 20
1318533841 21
1318533901 21
1318533962 21
1318534021 20
1318534081 21
1318534141 20
1318534201 20
1318534261 20
1318534321 19
1318534381 19
1318534441 15
1318534501 17
1318534561 18
1318534621 17
1318534681 17
1318534741 17
1318534801 17
1318534861 16
1318534921 16
1318534981 15
1318535042 17
1318535102 16
1318535161 14
1318535221 16
1318535281 15
1318535341 16
1318535401 14
1318535461 15
1318535521 15
1318535582 15
1318535641 13
1318535701 14
1318535761 13
1318535821 13
1318535881 15
1318535941 14
1318536001 15
1318536061 15
1318536121 15
1318536182 14
1318536242 14
1318536301 13
1318536361 13
1318536421 14
1318536481 13
1318536541 15
1318536601 15
1318536662 14
1318536722 13
1318536781 15
1318536841 14
1318536901 14
1318536961 13
1318537021 13
1318537081 14
1318537141 13
1318537201 14
1318537261 15
1318537322 15
1318537381 14
1318537441 15
1318537501 14
1318537561 14
1318537621 13
1318537681 13
1318537741 14
1318537801 13
1318537861 14
1318537922 13
1318537981 14
1318538041 13
1318538101 14
1318538161 13
1318538221 12
1318538281 12
1318538341 13
1318538401 13
1318538462 12
1318538521 14
1318538581 14
1318538641 15
1318538701 14
1318538761 15
1318538821 14
1318538881 15
1318538942 14
1318539001 16
1318539061 16
1318539121 14
1318539181 16
1318539241 16
1318539301 17
1318539361 16
1318539421 17
1318539481 17
1318539542 14
1318539601 14
1318539661 15
1318539721 15
1318539781 12
1318539841 15
1318539901 16
1318539961 17
1318540022 16
1318540081 15
1318540141 18
1318540201 16
1318540261 15
1318540321 16
1318540381 16
1318540441 15
1318540501 14
1318540562 16
1318540621 16
1318540681 16
1318540741 14
1318540801 16
1318540861 14
1318540921 15
1318540981 17
1318541042 16
1318541102 15
1318541161 16
1318541221 17
1318541281 16
1318541341 16
1318541401 16
1318541461 17
1318541521 17
1318541582 14
1318541641 17
1318541701 17
1318541761 17
1318541821 16
1318541881 18
1318541941 18
1318542001 18
1318542061 17
1318542122 17
1318542181 17
1318542241 16
1318542301 18
1318542361 17
1318542421 18
1318542481 18
1318542541 18
1318542602 17
1318542662 19
1318542721 19
1318542781 20
1318542841 20
1318542901 17
1318542961 21
1318543021 20
1318543081 22
1318543141 21
1318543204 22
1318543261 22
1318543321 21
1318543381 19
1318543441 19
1318543501 20
1318543561 19
1318543621 21
1318543682 18
1318543742 20
1318543801 19
1318543861 19
1318543921 20
1318543981 20
1318544041 19
1318544101 20
1318544161 17
1318544222 16
1318544281 17
1318544341 18
1318544401 19
1318544461 18
1318544521 20
1318544581 20
1318544641 20
1318544701 20
1318544762 19
1318544822 17
1318544881 17
1318544941 16
1318545001 17
1318545061 19
1318545121 16
1318545181 18
1318545241 18
1318545302 18
1318545362 17
1318545421 18
1318545481 16
1318545541 17
1318545601 19
1318545661 18
1318545721 20
1318545781 18
1318545841 20
1318545902 20
1318545961 20
1318546021 18
1318546081 20
1318546141 17
1318546201 16
1318546261 16
1318546321 17
1318546381 17
1318546441 16
1318546501 16
1318546561 20
1318546622 20
1318546681 19
1318546741 20
1318546801 18
1318546861 17
1318546921 19
1318546981 19
1318547041 19
1318547102 20
1318547161 18
1318547221 20
1318547281 21
1318547341 22
1318547402 22
1318547461 26
1318547521 27
1318547581 27
1318547641 28
1318547701 26
1318547761 29
1318547821 28
1318547881 31
1318547942 30
1318548001 31
1318548061 32
1318548121 32
1318548181 32
1318548241 33
1318548301 35
1318548361 35
1318548421 36
1318548482 36
1318548541 36
1318548601 37
1318548661 32
1318548721 37
1318548781 37
1318548841 40
1318548901 41
1318548961 43
1318549022 42
1318549081 45
1318549141 50
1318549201 50
1318549261 56
1318549321 52
1318549381 56
1318549441 55
1318549501 52
1318549562 55
1318549621 62
1318549681 59
1318549741 59
1318549801 67
1318549861 67
1318549921 72
1318549981 72
1318550042 77
1318550102 79
1318550161 77
1318550221 77
1318550281 80
1318550341 83
1318550401 84
1318550461 85
1318550521 87
1318550581 94
1318550642 93
1318550701 93
1318550761 100
1318550821 99
1318550881 102
1318550941 100
1318551001 102
1318551061 101
1318551122 100
1318551181 100
1318551241 101
1318551301 106
1318551361 103
1318551421 109
1318551481 113
1318551541 113
1318551602 119
1318551662 117
1318551721 117
1318551781 119
1318551841 130
1318551901 134
1318551961 138
1318552021 137
1318552081 133
1318552141 139
1318552202 147
1318552261 152
1318552321 154
1318552381 154
1318552441 147
1318552501 151
1318552561 151
1318552621 160
1318552681 161
1318552741 158
1318552802 154
1318552862 154
1318552921 158
1318552981 156
1318553041 153
1318553101 155
1318553161 157
1318553221 155
1318553281 156
1318553341 161
1318553401 160
1318553461 161
1318553521 160
1318553581 165
1318553641 172
1318553701 176
1318553761 176
1318553821 185
1318553882 188
1318553941 187
1318554001 189
1318554061 192
1318554121 193
1318554181 192
1318554241 197
1318554302 189
1318554361 191
1318554421 187
1318554481 195
1318554541 194
1318554601 199
1318554661 200
1318554721 202
1318554781 207
1318554841 209
1318554902 214
1318554961 217
1318555021 207
1318555081 209
1318555141 210
1318555201 210
1318555261 211
1318555321 214
1318555381 208
1318555442 214
1318555501 214
1318555561 214
1318555621 217
1318555681 220
1318555741 215
1318555801 217
1318555861 218
1318555921 222
1318555982 224
1318556041 219
1318556101 228
1318556161 223
1318556221 222
1318556281 213
1318556341 220
1318556401 219
1318556462 216
1318556521 219
1318556581 216
1318556641 218
1318556701 217
1318556761 219
1318556821 224
1318556881 226
1318556942 225
1318557001 221
1318557061 225
1318557121 223
1318557181 225
1318557242 223
1318557302 224
1318557361 230
1318557421 228
1318557481 226
1318557541 226
1318557601 219
1318557661 220
1318557722 222
1318557781 224
1318557841 226
1318557901 225
1318557961 223
1318558021 225
1318558081 230
1318558142 234
1318558201 235
1318558261 234
1318558321 238
1318558381 237
1318558441 238
1318558501 239
1318558561 240
1318558621 237
1318558682 241
1318558741 240
1318558801 240
1318558861 238
1318558921 235
1318558981 240
1318559041 247
1318559101 246
1318559162 245
1318559222 248
1318559281 246
1318559341 249
1318559401 249
1318559461 248
1318559521 247
1318559581 245
1318559641 243
1318559701 251
1318559762 251
1318559822 245
1318559881 248
1318559941 239
1318560001 248
1318560061 245
1318560121 248
1318560181 251
1318560241 248
1318560302 245
1318560361 251
1318560421 249
1318560481 253
1318560541 257
1318560601 262
1318560662 267
1318560721 263
1318560781 273
1318560841 270
1318560901 270
1318560962 261
1318561021 266
1318561081 270
1318561141 272
1318561201 266
1318561261 269
1318561321 264
1318561381 259
1318561442 262
1318561501 258
1318561561 260
1318561621 263
1318561681 260
1318561741 262
1318561801 267
1318561861 264
1318561921 261
1318561982 265
1318562041 262
1318562101 272
1318562161 274
1318562222 273
1318562281 267
1318562341 268
1318562401 264
1318562461 276
1318562521 273
1318562581 268
1318562641 264
1318562701 260
1318562761 263
1318562821 261
1318562881 259
1318562941 258
1318563001 259
1318563061 251
1318563122 253
1318563181 251
1318563241 257
1318563301 253
1318563361 258
1318563421 252
1318563481 254
1318563541 256
1318563602 248
1318563661 252
1318563721 255
1318563781 257
1318563841 255
1318563902 266
1318563962 262
1318564022 261
1318564081 269
1318564141 272
1318564201 264
1318564261 262
1318564321 264
1318564381 264
1318564442 262
1318564501 258
1318564561 254
1318564621 258
1318564681 247
1318564741 248
1318564801 257
1318564861 252
1318564921 251
1318564981 253
1318565041 248
1318565101 245
1318565162 249
1318565221 243
1318565281 243
1318565341 240
1318565401 247
1318565461 248
1318565521 244
1318565581 242
1318565641 246
1318565702 241
1318565761 235
1318565821 246
1318565881 240
1318565941 240
1318566001 237
1318566061 239
1318566121 242
1318566181 241
1318566242 243
1318566301 242
1318566361 249
1318566421 251
1318566481 247
1318566541 250
1318566601 248
1318566661 250
1318566721 255
1318566782 249
1318566841 252
1318566901 249
1318566961 246
1318567021 242
1318567081 248
1318567142 246
1318567202 246
1318567261 239
1318567321 236
1318567381 238
1318567441 235
1318567501 239
1318567561 236
1318567621 235
1318567681 234
1318567742 236
1318567801 241
1318567861 236
1318567921 240
1318567981 240
1318568041 242
1318568101 239
1318568161 250
1318568221 253
1318568281 257
1318568341 263
1318568402 266
1318568461 269
1318568521 267
1318568581 273
1318568641 268
1318568701 271
1318568761 266
1318568821 272
1318568882 271
1318568941 264
1318569001 263
1318569061 260
1318569121 261
1318569181 253
1318569241 253
1318569301 253
1318569362 254
1318569421 256
1318569481 256
1318569541 252
1318569601 255
1318569661 258
1318569721 258
1318569781 257
1318569841 253
1318569902 254
1318569961 244
1318570021 241
1318570081 247
1318570141 249
1318570201 247
1318570261 245
1318570321 259
1318570381 260
1318570442 265
1318570501 267
1318570561 279
1318570621 280
1318570681 286
1318570741 286
1318570801 284
1318570861 288
1318570921 280
1318570981 285
1318571041 295
1318571101 298
1318571161 300
1318571221 303
1318571281 301
1318571342 304
1318571401 307
1318571461 314
1318571521 312
1318571581 317
1318571641 311
1318571702 310
1318571761 306
1318571822 309
1318571881 309
1318571941 317
1318572001 317
1318572061 327
1318572121 320
1318572181 323
1318572241 321
1318572302 323
1318572362 322
1318572421 316
1318572481 319
1318572541 313
1318572603 315
1318572661 304
1318572721 310
1318572781 303
1318572841 309
1318572901 312
1318572961 317
1318573021 319
1318573081 308
1318573141 308
1318573201 311
1318573262 315
1318573322 317
1318573381 324
1318573441 321
1318573501 317
1318573561 320
1318573621 318
1318573681 319
1318573741 324
1318573802 323
1318573862 327
1318573921 332
1318573981 329
1318574041 330
1318574101 332
1318574161 339
1318574221 350
1318574281 346
1318574342 353
1318574402 347
1318574461 346
1318574521 354
1318574581 355
1318574641 356
1318574702 357
1318574761 353
1318574821 356
1318574881 355
1318574941 352
1318575002 347
1318575061 353
1318575121 348
1318575181 351
1318575241 347
1318575301 342
1318575361 333
1318575421 334
1318575481 338
1318575541 338
1318575602 340
1318575661 332
1318575721 331
1318575781 330
1318575841 343
1318575901 341
1318575961 333
1318576021 332
1318576082 331
1318576141 330
1318576202 332
1318576261 330
1318576321 330
1318576381 330
1318576441 322
1318576501 322
1318576561 332
1318576621 320
1318576681 324
1318576742 324
1318576802 321
1318576861 323
1318576921 317
1318576981 313
1318577041 313
1318577102 312
1318577161 309
1318577221 313
1318577281 311
1318577341 308
1318577401 306
1318577462 306
1318577521 304
1318577581 304
1318577641 300
1318577701 298
1318577761 294
1318577822 293
1318577882 297
1318577941 299
1318578001 300
1318578061 303
1318578121 297
1318578181 294
1318578241 287
1318578302 287
1318578361 289
1318578421 288
1318578481 283
1318578541 275
1318578601 277
1318578661 275
1318578721 276
1318578781 273
1318578842 278
1318578902 276
1318578961 273
1318579021 268
1318579081 264
1318579141 257
1318579201 256
1318579262 246
1318579321 246
1318579381 244
1318579441 243
1318579501 228
1318579561 225
1318579621 216
1318579681 210
1318579742 214
1318579802 202
1318579861 201
1318579921 195
1318579981 193
1318580041 191
1318580101 192
1318580161 185
1318580221 187
1318580281 183
1318580342 175
1318580402 183
1318580461 180
1318580521 176
1318580582 171
1318580641 171
1318580701 169
1318580761 163
1318580821 161
1318580881 165
1318580941 166
1318581001 159
1318581062 157
1318581121 155
1318581181 154
1318581241 146
1318581301 148
1318581361 145
1318581421 143
1318581481 138
1318581541 137
1318581602 138
1318581662 131
1318581721 137
1318581781 135
1318581841 135
1318581901 138
1318581961 136
1318582021 134
1318582081 134
1318582141 136
1318582202 134
1318582262 134
1318582321 130
1318582381 129
1318582441 128
1318582501 128
1318582561 131
1318582621 130
1318582681 131
1318582741 132
1318582801 133
1318582862 130
1318582921 129
1318582981 131
1318583041 125
1318583101 117
1318583161 121
1318583221 120
1318583281 119
1318583341 118
1318583402 116
1318583461 121
1318583521 118
1318583581 113
1318583641 113
1318583701 112
1318583762 108
1318583821 111
1318583881 105
1318583941 106
1318584001 98
1318584061 95
1318584122 96
1318584182 96
1318584241 94
1318584301 91
1318584361 92
1318584421 87
1318584481 86
1318584541 82
1318584601 83
1318584661 81
1318584722 79
1318584782 77
1318584841 77
1318584901 76
1318584961 74
1318585022 74
1318585081 71
1318585141 72
1318585201 69
1318585261 70
1318585321 68
1318585381 66
1318585441 67
1318585501 66
1318585561 64
1318585622 61
1318585682 65
1318585741 62
1318585801 66
1318585861 62
1318585921 61
1318585981 60
1318586041 55
1318586101 57
1318586161 56
1318586222 54
1318586281 52
1318586341 48
1318586401 46
1318586461 46
1318586521 45
1318586581 48
1318586641 49
1318586701 48
1318586761 53
1318586821 54
1318586881 53
1318586942 54
1318587001 53
1318587061 54
1318587121 54
1318587181 55
1318587241 54
1318587301 54
1318587361 55
1318587421 55
1318587481 52
1318587542 54
1318587602 57
1318587661 56
1318587721 57
1318587781 53
1318587841 57
1318587901 61
1318587961 59
1318588021 59
1318588081 60
1318588141 61
1318588202 59
1318588261 59
1318588321 59
1318588381 59
1318588441 57
1318588501 55
1318588561 53
1318588621 55
1318588681 57
1318588741 56
1318588802 56
1318588862 54
1318588921 54
1318588981 55
1318589041 55
1318589101 55
1318589161 55
1318589221 56
1318589281 54
1318589341 57
1318589401 55
1318589461 57
1318589522 55
1318589581 55
1318589641 54
1318589701 52
1318589761 55
1318589821 57
1318589881 53
1318589941 50
1318590001 56
1318590062 54
1318590121 59
1318590181 59
1318590241 61
1318590301 61
1318590361 61
1318590421 60
1318590481 61
1318590541 60
1318590601 62
1318590662 63
1318590721 62
1318590781 61
1318590841 62
1318590901 63
1318590961 60
1318591021 61
1318591081 64
1318591141 61
1318591201 62
1318591261 62
1318591322 62
1318591381 64
1318591441 60
1318591501 61
1318591561 64
1318591621 63
1318591681 61
1318591741 65
1318591801 65
1318591861 65
1318591921 64
1318591982 64
1318592041 63
1318592101 62
1318592161 61
1318592221 59
1318592281 62
1318592341 60
1318592401 57
1318592461 60
1318592522 59
1318592582 60
1318592641 63
1318592701 64
1318592761 64
1318592821 65
1318592881 60
1318592941 66
1318593001 64
1318593061 67
1318593121 66
1318593182 68
1318593241 68
1318593301 67
1318593361 68
1318593421 69
1318593481 71
1318593541 69
1318593601 68
1318593661 72
1318593722 68
1318593782 69
1318593841 69
1318593901 70
1318593961 70
1318594021 71
1318594081 72
1318594141 75
1318594201 74
1318594261 72
1318594322 77
1318594381 78
1318594441 79
1318594501 79
1318594561 77
1318594621 77
1318594681 75
1318594741 76
1318594802 75
1318594862 76
1318594921 75
1318594981 71
1318595041 74
1318595101 74
1318595161 76
1318595221 76
1318595281 78
1318595342 76
1318595402 76
1318595461 75
1318595521 75
1318595581 72
1318595641 72
1318595701 72
1318595761 71
1318595821 70
1318595881 71
1318595941 68
1318596001 71
1318596061 67
1318596121 69
1318596181 68
1318596241 67
1318596302 70
1318596361 68
1318596421 69
1318596481 66
1318596541 69
1318596601 70
1318596661 71
1318596721 70
1318596781 69
1318596842 74
1318596901 72
1318596961 75
1318597021 74
1318597081 75
1318597141 72
1318597201 74
1318597261 73
1318597321 75
1318597381 75
1318597442 75
1318597501 75
1318597561 77
1318597621 76
1318597681 77
1318597741 79
1318597801 76
1318597861 77
1318597922 75
1318597981 79
1318598041 77
1318598101 78
1318598161 81
1318598221 82
1318598281 83
1318598341 82
1318598401 83
1318598461 83
1318598522 81
1318598581 79
1318598641 79
1318598701 74
1318598761 78
1318598821 79
1318598881 80
1318598941 80
1318599002 81
1318599062 85
1318599121 87
1318599181 87
1318599241 89
1318599301 89
1318599361 88
1318599421 90
1318599482 89
1318599542 93
1318599601 88
1318599661 84
1318599721 86
1318599781 84
1318599841 84
1318599901 87
1318599961 83
1318600021 87
1318600082 84
1318600141 83
1318600201 86
1318600261 87
1318600321 84
1318600381 85
1318600441 81
1318600501 82
1318600561 82
1318600621 79
1318600682 85
1318600741 85
1318600801 80
1318600861 80
1318600921 78
1318600981 82
1318601041 81
1318601102 77
1318601161 79
1318601221 74
1318601281 74
1318601341 73
1318601401 75
1318601461 71
1318601522 74
1318601582 72
1318601641 73
1318601701 71
1318601761 69
1318601821 68
1318601881 69
1318601941 66
1318602001 69
1318602061 72
1318602122 70
1318602181 70
1318602241 69
1318602301 70
1318602361 71
1318602421 73
1318602481 72
1318602541 69
1318602602 71
1318602662 67
1318602721 70
1318602781 68
1318602841 67
1318602901 67
1318602961 66
1318603021 69
1318603081 65
1318603141 69
1318603201 66
1318603262 70
1318603321 69
1318603381 70
1318603441 71
1318603501 69
1318603561 68
1318603621 65
1318603681 66
1318603741 67
1318603802 66
1318603861 64
1318603921 65
1318603981 63
1318604041 64
1318604101 63
1318604161 65
1318604221 64
1318604281 62
1318604341 60
1318604402 63
1318604462 64
1318604521 61
1318604581 62
1318604641 65
1318604701 65
1318604761 62
1318604821 63
1318604881 64
1318604941 64
1318605001 63
1318605061 66
1318605121 65
1318605181 66
1318605241 61
1318605302 59
1318605361 59
1318605421 57
1318605481 58
1318605541 56
1318605601 57
1318605661 55
1318605721 60
1318605781 57
1318605841 59
1318605902 60
1318605961 60
1318606021 62
1318606081 57
1318606141 60
1318606201 59
1318606261 55
1318606321 59
1318606381 59
1318606441 56
1318606501 56
1318606562 58
1318606621 54
1318606681 57
1318606741 54
1318606801 54
1318606861 55
1318606922 55
1318606982 53
1318607041 55
1318607101 56
1318607161 51
1318607221 54
1318607281 54
1318607341 55
1318607401 54
1318607461 53
1318607522 55
1318607581 55
1318607641 52
1318607701 52
1318607761 52
1318607821 51
1318607881 52
1318607941 54
1318608001 56
