1317398461 46
1317398521 46
1317398581 46
1317398641 45
1317398701 44
1317398761 43
1317398821 44
1317398881 41
1317398941 41
1317399002 42
1317399061 41
1317399121 43
1317399181 44
1317399241 44
1317399301 41
1317399361 44
1317399421 39
1317399481 39
1317399542 39
1317399601 38
1317399661 39
1317399721 38
1317399781 40
1317399841 39
1317399901 39
1317399961 36
1317400021 35
1317400081 37
1317400141 36
1317400202 37
1317400261 35
1317400321 36
1317400381 35
1317400441 36
1317400501 36
1317400561 35
1317400621 35
1317400681 30
1317400741 34
1317400802 33
1317400861 34
1317400921 33
1317400982 32
1317401041 32
1317401101 33
1317401161 34
1317401221 33
1317401281 32
1317401341 30
1317401401 31
1317401461 31
1317401521 29
1317401582 29
1317401642 30
1317401701 30
1317401761 29
1317401821 29
1317401881 29
1317401941 28
1317402001 28
1317402061 28
1317402121 29
1317402181 28
1317402241 26
1317402301 27
1317402361 28
1317402421 27
1317402481 27
1317402542 29
1317402601 27
1317402661 28
1317402721 28
1317402781 29
1317402841 28
1317402901 27
1317402961 31
1317403021 32
1317403081 30
1317403141 28
1317403202 29
1317403262 26
1317403321 27
1317403381 28
1317403441 29
1317403501 28
1317403561 23
1317403621 26
1317403681 26
1317403742 25
1317403802 23
1317403861 24
1317403922 24
1317403982 24
1317404041 23
1317404101 23
1317404161 23
1317404221 25
1317404281 26
1317404341 25
1317404401 24
1317404461 23
1317404522 24
1317404581 22
1317404641 24
1317404701 23
1317404761 23
1317404821 19
1317404881 20
1317404941 22
1317405001 21
1317405061 21
1317405122 18
1317405181 20
1317405241 21
1317405301 21
1317405361 20
1317405421 21
1317405481 18
1317405541 20
1317405601 23
1317405661 23
1317405721 23
1317405782 23
1317405842 15
1317405902 22
1317405962 23
1317406021 23
1317406081 22
1317406141 18
1317406201 19
1317406261 21
1317406321 22
1317406381 22
1317406441 22
1317406501 21
1317406562 21
1317406621 19
1317406681 19
1317406741 19
1317406801 19
1317406861 20
1317406921 19
1317406981 20
1317407041 20
1317407101 17
1317407162 19
1317407222 19
1317407281 19
1317407341 19
1317407401 19
1317407461 16
1317407521 19
1317407581 18
1317407641 18
1317407701 18
1317407762 16
1317407821 18
1317407881 19
1317407941 19
1317408001 18
1317408061 19
1317408121 17
1317408181 19
1317408241 19
1317408302 16
1317408361 18
1317408421 17
1317408481 17
1317408541 17
1317408601 16
1317408661 15
1317408721 16
1317408781 14
1317408842 16
1317408901 16
1317408961 14
1317409021 15
1317409081 14
1317409141 15
1317409201 15
1317409261 14
1317409321 14
1317409382 14
1317409441 13
1317409501 14
1317409561 15
1317409621 15
1317409681 16
1317409742 16
1317409801 16
1317409861 16
1317409921 15
1317409981 15
1317410041 15
1317410101 13
1317410162 14
1317410221 15
1317410281 15
1317410341 14
1317410401 14
1317410461 14
1317410521 14
1317410581 13
1317410641 13
1317410702 12
1317410762 10
1317410821 11
1317410881 11
1317410941 12
1317411001 11
1317411061 12
1317411121 12
1317411181 12
1317411242 11
1317411302 11
1317411361 12
1317411421 10
1317411481 11
1317411541 11
1317411601 12
1317411661 11
1317411721 12
1317411782 12
1317411842 12
1317411901 11
1317411961 11
1317412021 12
1317412081 9
1317412141 11
1317412201 11
1317412261 12
1317412321 11
1317412381 12
1317412442 12
1317412502 12
1317412561 11
1317412621 12
1317412681 11
1317412741 9
1317412801 12
1317412861 11
1317412921 12
1317412981 11
1317413041 11
1317413102 12
1317413161 12
1317413221 11
1317413281 12
1317413341 12
1317413401 10
1317413461 12
1317413521 11
1317413581 12
1317413641 12
1317413702 11
1317413761 12
1317413821 12
1317413881 12
1317413941 13
1317414001 13
1317414061 11
1317414121 13
1317414181 12
1317414241 13
1317414302 13
1317414362 14
1317414421 14
1317414481 14
1317414541 12
1317414601 13
1317414661 14
1317414721 14
1317414781 14
1317414841 13
1317414901 14
1317414962 13
1317415022 13
1317415081 12
1317415141 12
1317415201 13
1317415261 13
1317415321 11
1317415381 13
1317415441 13
1317415502 12
1317415562 12
1317415621 13
1317415681 13
1317415741 12
1317415801 10
1317415861 11
1317415921 13
1317415981 12
1317416041 14
1317416101 14
1317416162 13
1317416221 13
1317416281 14
1317416341 14
1317416401 13
1317416461 12
1317416521 12
1317416581 14
1317416641 13
1317416701 15
1317416761 15
1317416821 14
1317416882 14
1317416942 15
1317417001 15
1317417061 15
1317417121 14
1317417181 13
1317417241 15
1317417301 14
1317417361 14
1317417421 15
1317417482 16
1317417541 16
1317417601 16
1317417661 16
1317417721 15
1317417781 15
1317417841 13
1317417901 14
1317417961 14
1317418021 15
1317418082 15
1317418141 14
1317418201 15
1317418261 14
1317418321 15
1317418381 13
1317418441 14
1317418501 13
1317418561 14
1317418621 15
1317418682 14
1317418741 15
1317418801 14
1317418861 15
1317418921 14
1317418981 15
1317419041 14
1317419101 16
1317419161 14
1317419221 14
1317419281 15
1317419342 16
1317419401 17
1317419461 17
1317419521 16
1317419581 17
1317419641 17
1317419701 15
1317419761 15
1317419821 14
1317419881 14
1317419941 15
1317420002 14
1317420061 15
1317420121 15
1317420181 16
1317420241 15
1317420301 15
1317420361 15
1317420421 15
1317420481 13
1317420542 14
1317420602 15
1317420661 14
1317420721 15
1317420781 14
1317420841 15
1317420901 13
1317420961 16
1317421022 16
1317421081 16
1317421141 13
1317421201 16
1317421261 16
1317421321 16
1317421381 16
1317421441 16
1317421501 17
1317421561 15
1317421621 17
1317421681 18
1317421742 20
1317421801 20
1317421861 20
1317421921 20
1317421981 20
1317422041 20
1317422101 20
1317422161 20
1317422222 20
1317422281 21
1317422341 20
1317422401 18
1317422461 20
1317422521 19
1317422581 19
1317422641 18
1317422701 18
1317422761 18
1317422822 16
1317422882 17
1317422941 18
1317423001 17
1317423061 18
1317423122 19
1317423181 19
1317423241 18
1317423301 18
1317423361 19
1317423421 19
1317423481 17
1317423541 18
1317423601 20
1317423661 18
1317423722 19
1317423781 20
1317423841 21
1317423901 20
1317423961 21
1317424021 22
1317424081 23
1317424141 22
1317424201 23
1317424261 24
1317424321 22
1317424382 21
1317424441 23
1317424501 23
1317424561 22
1317424621 23
1317424681 24
1317424741 26
1317424801 25
1317424861 24
1317424921 24
1317424982 24
1317425042 21
1317425101 22
1317425161 22
1317425221 21
1317425281 20
1317425341 19
1317425401 20
1317425461 24
1317425521 25
1317425582 26
1317425642 26
1317425701 26
1317425761 27
1317425821 28
1317425881 28
1317425941 27
1317426001 26
1317426061 26
1317426121 27
1317426181 25
1317426242 26
1317426301 26
1317426361 25
1317426421 26
1317426481 26
1317426541 26
1317426601 28
1317426661 26
1317426721 26
1317426781 28
1317426841 27
1317426902 27
1317426961 27
1317427021 27
1317427081 27
1317427141 26
1317427201 25
1317427261 27
1317427321 25
1317427381 23
1317427442 28
1317427502 28
1317427561 27
1317427621 28
1317427681 28
1317427741 29
1317427801 27
1317427861 28
1317427921 30
1317427981 32
1317428042 30
1317428102 31
1317428161 32
1317428221 33
1317428281 35
1317428341 31
1317428401 34
1317428461 33
1317428521 34
1317428581 36
1317428641 39
1317428702 39
1317428761 41
1317428821 35
1317428881 37
1317428941 39
1317429001 38
1317429061 37
1317429121 37
1317429181 38
1317429241 37
1317429302 39
1317429361 39
1317429421 41
1317429481 38
1317429541 38
1317429601 40
1317429661 38
1317429721 42
1317429781 42
1317429841 37
1317429902 39
1317429961 40
1317430021 40
1317430081 42
1317430141 40
1317430201 40
1317430261 41
1317430321 38
1317430381 40
1317430441 41
1317430502 38
1317430562 37
1317430621 40
1317430681 42
1317430741 42
1317430801 41
1317430861 44
1317430921 44
1317430981 42
1317431041 46
1317431102 47
1317431161 51
1317431221 50
1317431281 49
1317431341 50
1317431401 51
1317431461 50
1317431521 49
1317431581 51
1317431641 53
1317431702 52
1317431761 49
1317431821 50
1317431881 50
1317431941 51
1317432001 51
1317432061 50
1317432121 51
1317432181 49
1317432242 49
1317432301 52
1317432361 52
1317432421 50
1317432481 50
1317432541 53
1317432601 53
1317432661 54
1317432721 53
1317432781 55
1317432841 54
1317432901 54
1317432961 55
1317433021 55
1317433081 59
1317433141 56
1317433202 63
1317433261 61
1317433321 62
1317433381 60
1317433441 58
1317433501 58
1317433561 58
1317433621 63
1317433681 64
1317433741 66
1317433802 63
1317433861 65
1317433921 66
1317433981 67
1317434041 70
1317434101 69
1317434161 70
1317434221 69
1317434281 71
1317434341 74
1317434402 74
1317434461 74
1317434521 76
1317434581 81
1317434641 80
1317434701 82
1317434761 82
1317434821 86
1317434881 82
1317434941 83
1317435002 86
1317435061 88
1317435121 85
1317435181 86
1317435241 90
1317435301 89
1317435361 87
1317435421 85
1317435481 87
1317435541 89
1317435602 88
1317435661 91
1317435721 92
1317435781 92
1317435841 91
1317435901 87
1317435961 91
1317436021 89
1317436081 90
1317436141 88
1317436202 86
1317436262 84
1317436321 87
1317436381 84
1317436441 89
1317436501 91
1317436561 86
1317436621 91
1317436681 88
1317436741 90
1317436801 88
1317436862 88
1317436921 88
1317436981 89
1317437041 89
1317437101 88
1317437161 90
1317437221 87
1317437281 87
1317437341 90
1317437402 91
1317437462 90
1317437521 93
1317437581 84
1317437641 89
1317437701 90
1317437761 90
1317437821 89
1317437881 92
1317437941 91
1317438001 92
1317438061 95
1317438121 95
1317438181 97
1317438241 94
1317438301 97
1317438361 94
1317438421 95
1317438481 94
1317438542 93
1317438601 92
1317438661 93
1317438721 95
1317438781 92
1317438841 90
1317438901 92
1317438961 92
1317439021 92
1317439082 88
1317439141 89
1317439201 88
1317439261 88
1317439321 87
1317439381 89
1317439441 90
1317439501 88
1317439561 91
1317439621 91
1317439682 90
1317439741 89
1317439801 87
1317439861 84
1317439921 82
1317439981 82
1317440041 76
1317440101 80
1317440161 80
1317440221 77
1317440282 79
1317440341 79
1317440401 78
1317440461 81
1317440521 83
1317440581 82
1317440641 80
1317440701 79
1317440761 82
1317440822 84
1317440882 83
1317440941 79
1317441001 82
1317441061 80
1317441121 80
1317441181 82
1317441241 79
1317441301 82
1317441361 81
1317441422 85
1317441482 86
1317441541 85
1317441601 83
1317441661 82
1317441721 84
1317441781 82
1317441841 81
1317441901 79
1317441961 76
1317442021 74
1317442082 75
1317442141 75
1317442201 77
1317442261 76
1317442321 74
1317442381 74
1317442441 76
1317442501 70
1317442561 70
1317442621 66
1317442682 64
1317442742 66
1317442801 66
1317442861 66
1317442921 66
1317442981 65
1317443041 62
1317443101 61
1317443161 64
1317443221 63
1317443281 66
1317443342 68
1317443402 66
1317443461 65
1317443521 65
1317443581 66
1317443641 67
1317443701 63
1317443761 60
1317443821 65
1317443881 60
1317443941 61
1317444002 61
1317444062 62
1317444121 59
1317444181 58
1317444241 63
1317444301 62
1317444361 63
1317444421 62
1317444481 63
1317444541 59
1317444601 62
1317444662 60
1317444721 64
1317444781 65
1317444841 63
1317444901 65
1317444961 62
1317445021 63
1317445081 63
1317445141 63
1317445201 63
1317445262 67
1317445321 64
1317445381 65
1317445441 63
1317445501 62
1317445561 66
1317445621 65
1317445681 62
1317445741 63
1317445802 66
1317445861 63
1317445921 66
1317445981 59
1317446041 61
1317446101 63
1317446161 59
1317446221 61
1317446281 64
1317446342 59
1317446402 61
1317446461 60
1317446521 61
1317446581 63
1317446641 64
1317446701 64
1317446761 62
1317446821 61
1317446881 60
1317446942 61
1317447001 58
1317447061 59
1317447121 59
1317447181 58
1317447241 57
1317447301 56
1317447361 57
1317447421 53
1317447481 53
1317447542 50
1317447601 48
1317447661 46
1317447721 44
1317447781 44
1317447841 44
1317447901 47
1317447961 46
1317448021 48
1317448081 47
1317448141 48
1317448202 47
1317448261 46
1317448321 45
1317448381 47
1317448441 44
1317448501 45
1317448561 44
1317448621 43
1317448681 44
1317448741 44
1317448801 41
1317448861 45
1317448922 44
1317448981 42
1317449041 44
1317449101 41
1317449161 43
1317449221 42
1317449281 44
1317449341 43
1317449402 45
1317449461 44
1317449521 43
1317449581 43
1317449641 43
1317449701 47
1317449761 48
1317449821 47
1317449881 45
1317449941 45
1317450001 45
1317450062 43
1317450121 47
1317450181 45
1317450241 45
1317450301 47
1317450361 45
1317450421 46
1317450481 46
1317450541 47
1317450601 48
1317450662 47
1317450721 45
1317450781 46
1317450841 43
1317450901 44
1317450961 46
1317451021 47
1317451081 45
1317451141 49
1317451201 47
1317451262 50
1317451321 50
1317451381 49
1317451441 52
1317451501 52
1317451561 50
1317451621 53
1317451681 53
1317451741 50
1317451801 49
1317451862 50
1317451922 49
1317451981 49
1317452041 49
1317452101 50
1317452161 52
1317452221 52
1317452281 55
1317452341 54
1317452401 56
1317452462 57
1317452521 57
1317452581 57
1317452641 58
1317452701 52
1317452761 53
1317452821 55
1317452881 54
1317452941 57
1317453001 57
1317453061 56
1317453122 56
1317453181 54
1317453241 54
1317453301 53
1317453361 51
1317453421 52
1317453481 50
1317453541 51
1317453601 51
1317453661 52
1317453722 52
1317453782 53
1317453841 50
1317453901 53
1317453961 53
1317454021 53
1317454081 55
1317454141 53
1317454201 53
1317454262 48
1317454322 50
1317454381 51
1317454441 51
1317454501 50
1317454561 52
1317454621 52
1317454681 52
1317454741 50
1317454801 51
1317454861 53
1317454922 52
1317454982 53
1317455041 53
1317455101 52
1317455161 51
1317455221 50
1317455281 48
1317455341 51
1317455402 51
1317455461 52
1317455522 51
1317455581 50
1317455641 52
1317455701 51
1317455761 46
1317455821 46
1317455881 48
1317455941 46
1317456001 46
1317456061 44
1317456121 46
1317456181 45
1317456242 44
1317456301 46
1317456361 48
1317456421 49
1317456481 47
1317456541 48
1317456601 49
1317456661 52
1317456721 53
1317456781 52
1317456842 52
1317456901 51
1317456961 49
1317457021 50
1317457081 53
1317457141 53
1317457201 53
1317457261 52
1317457321 56
1317457382 57
1317457442 58
1317457501 58
1317457561 60
1317457621 58
1317457681 57
1317457741 58
1317457801 55
1317457861 56
1317457921 55
1317457982 55
1317458041 55
1317458101 53
1317458161 53
1317458221 53
1317458281 52
1317458341 53
1317458401 53
1317458461 53
1317458521 53
1317458582 55
1317458641 56
1317458701 55
1317458761 55
1317458821 53
1317458881 52
1317458941 53
1317459001 56
1317459061 50
1317459121 53
1317459181 53
1317459242 55
1317459302 55
1317459361 54
1317459421 52
1317459481 55
1317459541 52
1317459601 52
1317459661 54
1317459721 51
1317459781 52
1317459842 50
1317459901 53
1317459961 52
1317460021 54
1317460081 53
1317460141 57
1317460201 53
1317460261 59
1317460321 53
1317460382 57
1317460442 55
1317460501 56
1317460561 57
1317460621 55
1317460681 59
1317460741 58
1317460801 57
1317460861 60
1317460921 61
1317460982 60
1317461041 60
1317461101 60
1317461161 61
1317461221 59
1317461281 61
1317461341 62
1317461401 60
1317461461 58
1317461521 56
1317461582 54
1317461641 54
1317461701 52
1317461761 53
1317461821 53
1317461881 51
1317461941 48
1317462001 52
1317462061 52
1317462121 56
1317462182 56
1317462242 55
1317462301 57
1317462361 56
1317462421 55
1317462481 52
1317462541 51
1317462601 52
1317462661 46
1317462721 46
1317462781 48
1317462842 49
1317462902 49
1317462961 48
1317463021 49
1317463081 52
1317463141 50
1317463201 52
1317463261 54
1317463321 55
1317463381 56
1317463441 57
1317463502 59
1317463561 59
1317463621 57
1317463681 55
1317463741 55
1317463801 55
1317463861 57
1317463921 54
1317463981 50
1317464041 51
1317464102 47
1317464161 51
1317464221 51
1317464281 52
1317464341 50
1317464401 48
1317464461 45
1317464521 49
1317464581 49
1317464642 46
1317464702 50
1317464761 49
1317464821 48
1317464881 46
1317464941 46
1317465001 47
1317465061 48
1317465121 47
1317465181 43
1317465241 43
1317465301 42
1317465362 44
1317465421 45
1317465481 45
1317465541 46
1317465601 42
1317465661 43
1317465721 45
1317465781 45
1317465841 45
1317465901 45
1317465961 46
1317466022 46
1317466081 47
1317466141 45
1317466201 45
1317466261 47
1317466321 45
1317466381 47
1317466441 48
1317466501 49
1317466561 47
1317466621 51
1317466682 51
1317466741 53
1317466801 51
1317466861 49
1317466921 50
1317466981 51
1317467041 48
1317467101 49
1317467161 50
1317467221 50
1317467282 52
1317467341 53
1317467401 54
1317467461 55
1317467521 55
1317467581 56
1317467641 55
1317467701 52
1317467761 54
1317467821 57
1317467881 55
1317467942 56
1317468001 56
1317468061 55
1317468121 53
1317468181 53
1317468241 55
1317468301 55
1317468361 55
1317468421 58
1317468481 58
1317468542 55
1317468601 61
1317468661 62
1317468721 62
1317468781 65
1317468841 62
1317468901 62
1317468961 62
1317469021 59
1317469081 62
1317469142 63
1317469201 64
1317469261 64
1317469321 65
1317469381 62
1317469441 64
1317469501 62
1317469561 63
1317469621 66
1317469681 65
1317469742 65
1317469801 66
1317469861 70
1317469921 69
1317469981 69
1317470041 69
1317470101 66
1317470161 65
1317470221 64
1317470281 68
1317470341 68
1317470402 68
1317470461 66
1317470521 69
1317470581 71
1317470641 71
1317470701 73
1317470761 74
1317470821 71
1317470881 68
1317470941 68
1317471002 68
1317471061 67
1317471121 67
1317471181 65
1317471241 71
1317471301 73
1317471361 69
1317471421 68
1317471481 71
1317471541 71
1317471601 67
1317471662 70
1317471721 68
1317471781 74
1317471841 74
1317471901 73
1317471961 76
1317472021 76
1317472081 77
1317472141 78
1317472201 79
1317472262 80
1317472321 76
1317472381 74
1317472441 73
1317472501 76
1317472561 73
1317472621 74
1317472681 72
1317472741 72
1317472802 74
1317472861 71
1317472921 71
1317472981 68
1317473041 68
1317473101 68
1317473161 68
1317473221 68
1317473281 70
1317473341 73
1317473402 73
1317473462 75
1317473521 76
1317473581 74
1317473641 73
1317473701 74
1317473761 75
1317473821 76
1317473881 74
1317473941 72
1317474002 72
1317474061 70
1317474121 71
1317474181 71
1317474241 71
1317474301 71
1317474361 69
1317474421 69
1317474481 70
1317474541 68
1317474602 67
1317474662 72
1317474721 72
1317474781 72
1317474841 71
1317474901 72
1317474961 72
1317475021 73
1317475081 72
1317475141 73
1317475201 76
1317475262 75
1317475321 75
1317475381 75
1317475441 77
1317475501 77
1317475561 76
1317475621 77
1317475681 78
1317475741 79
1317475801 79
1317475862 81
1317475921 82
1317475981 82
1317476041 82
1317476101 79
1317476161 80
1317476221 78
1317476281 76
1317476341 77
1317476401 75
1317476462 72
1317476522 76
1317476581 76
1317476641 76
1317476701 78
1317476761 77
1317476821 80
1317476881 77
1317476941 76
1317477001 78
1317477061 74
1317477122 76
1317477181 79
1317477241 77
1317477301 83
1317477361 81
1317477421 76
1317477481 79
1317477541 79
1317477601 79
1317477661 81
1317477721 80
1317477782 83
1317477841 82
1317477901 79
1317477961 82
1317478021 83
1317478081 82
1317478141 80
1317478201 77
1317478261 78
1317478321 79
1317478381 77
1317478442 76
1317478501 79
1317478561 78
1317478621 82
1317478681 83
1317478741 87
1317478801 88
1317478861 88
1317478921 87
1317478981 85
1317479041 83
1317479102 81
1317479161 84
1317479221 83
1317479281 84
1317479341 82
1317479401 81
1317479461 83
1317479521 82
1317479581 84
1317479642 84
1317479702 81
1317479761 83
1317479821 80
1317479881 79
1317479941 79
1317480001 78
1317480061 80
1317480122 78
1317480181 81
1317480241 83
1317480301 82
1317480361 80
1317480421 79
1317480481 79
1317480541 78
1317480601 80
1317480661 78
1317480722 79
1317480781 79
1317480841 78
1317480901 76
1317480961 72
1317481021 74
1317481081 72
1317481141 70
1317481201 70
1317481261 70
1317481322 70
1317481381 68
1317481441 71
1317481501 72
1317481561 76
1317481621 73
1317481681 74
1317481741 75
1317481801 73
1317481861 72
1317481922 75
1317481981 71
1317482041 71
1317482101 74
1317482161 75
1317482221 71
1317482281 74
1317482341 76
1317482401 76
1317482461 74
1317482521 73
1317482582 72
1317482641 70
1317482701 70
1317482761 63
1317482821 67
1317482881 61
1317482941 62
1317483001 61
1317483061 64
1317483121 61
1317483182 62
1317483241 62
1317483301 63
1317483361 64
1317483421 63
1317483481 63
1317483541 61
1317483601 61
1317483661 59
1317483721 58
1317483782 60
1317483842 58
1317483901 56
1317483961 55
1317484021 53
1317484081 54
1317484141 50
1317484201 54
1317484261 53
1317484321 51
1317484381 53
1317484442 53
1317484502 55
1317484561 54
1317484621 56
1317484681 56
1317484741 53
1317484801 54
