1317484861 54
1317484921 53
1317484981 52
1317485041 50
1317485101 49
1317485162 48
1317485221 48
1317485281 49
1317485341 50
1317485401 48
1317485461 51
1317485521 51
1317485581 49
1317485641 45
1317485701 44
1317485761 44
1317485822 43
1317485881 45
1317485941 46
1317486001 41
1317486061 38
1317486121 42
1317486181 40
1317486241 40
1317486301 38
1317486361 38
1317486421 38
1317486482 35
1317486541 36
1317486601 36
1317486661 34
1317486721 31
1317486781 32
1317486841 30
1317486901 31
1317486961 29
1317487021 28
1317487082 28
1317487141 27
1317487201 26
1317487261 26
1317487321 26
1317487381 25
1317487441 26
1317487501 24
1317487561 27
1317487621 26
1317487682 25
1317487742 26
1317487801 27
1317487861 28
1317487921 27
1317487981 28
1317488041 28
1317488101 30
1317488161 30
1317488221 31
1317488281 30
1317488342 29
1317488402 28
1317488461 28
1317488521 25
1317488581 27
1317488641 26
1317488701 24
1317488761 22
1317488821 24
1317488881 25
1317488941 23
1317489001 26
1317489061 25
1317489121 24
1317489181 22
1317489241 25
1317489301 24
1317489361 23
1317489422 23
1317489481 23
1317489541 23
1317489601 21
1317489662 20
1317489721 22
1317489781 23
1317489841 21
1317489901 23
1317489961 23
1317490021 20
1317490081 24
1317490141 23
1317490201 24
1317490261 24
1317490321 23
1317490382 23
1317490442 22
1317490501 23
1317490561 23
1317490621 21
1317490681 19
1317490741 21
1317490801 21
1317490861 20
1317490921 19
1317490981 18
1317491042 20
1317491102 19
1317491161 20
1317491221 20
1317491281 18
1317491341 18
1317491401 18
1317491461 17
1317491521 18
1317491581 19
1317491641 16
1317491702 17
1317491761 18
1317491821 21
1317491881 21
1317491941 20
1317492001 20
1317492061 20
1317492122 20
1317492182 16
1317492241 19
1317492301 19
1317492361 18
1317492421 18
1317492481 18
1317492541 17
1317492601 17
1317492661 17
1317492722 17
1317492782 17
1317492841 16
1317492901 16
1317492961 17
1317493021 15
1317493081 17
1317493141 17
1317493201 17
1317493261 16
1317493322 17
1317493381 17
1317493441 17
1317493501 14
1317493561 16
1317493621 17
1317493681 17
1317493741 16
1317493802 16
1317493862 17
1317493921 16
1317493981 18
1317494041 16
1317494101 18
1317494161 14
1317494221 14
1317494281 14
1317494342 16
1317494401 16
1317494461 16
1317494521 17
1317494581 15
1317494641 16
1317494702 14
1317494762 13
1317494821 12
1317494881 11
1317494941 13
1317495001 13
1317495061 14
1317495121 13
1317495181 14
1317495241 14
1317495302 14
1317495361 14
1317495421 14
1317495481 13
1317495541 12
1317495601 13
1317495661 12
1317495721 13
1317495782 12
1317495841 12
1317495901 12
1317495961 12
1317496021 13
1317496081 13
1317496141 11
1317496201 12
1317496261 12
1317496322 12
1317496382 13
1317496441 12
1317496501 13
1317496561 12
1317496621 13
1317496681 13
1317496741 13
1317496801 10
1317496861 12
1317496922 12
1317496981 12
1317497041 13
1317497101 11
1317497161 13
1317497221 12
1317497281 13
1317497341 13
1317497401 14
1317497462 11
1317497521 13
1317497581 14
1317497641 13
1317497701 14
1317497761 12
1317497821 13
1317497881 12
1317497941 13
1317498001 12
1317498062 12
1317498121 10
1317498181 10
1317498241 12
1317498301 12
1317498361 11
1317498421 10
1317498481 12
1317498541 11
1317498602 11
1317498661 11
1317498721 12
1317498781 10
1317498841 11
1317498901 11
1317498961 12
1317499021 11
1317499081 11
1317499141 12
1317499202 11
1317499261 12
1317499321 12
1317499381 11
1317499441 11
1317499501 10
1317499561 11
1317499621 12
1317499681 10
1317499741 11
1317499802 12
1317499861 11
1317499921 11
1317499981 12
1317500041 12
1317500101 11
1317500161 11
1317500221 11
1317500281 12
1317500341 12
1317500402 11
1317500461 13
1317500521 12
1317500581 13
1317500641 12
1317500701 13
1317500761 12
1317500821 10
1317500881 11
1317500942 11
1317501001 12
1317501061 9
1317501121 12
1317501181 11
1317501241 12
1317501301 12
1317501362 12
1317501422 12
1317501481 11
1317501541 11
1317501601 10
1317501661 12
1317501721 10
1317501781 11
1317501841 11
1317501902 11
1317501962 12
1317502021 12
1317502081 12
1317502141 10
1317502201 11
1317502261 10
1317502321 11
1317502381 11
1317502441 12
1317502502 12
1317502561 11
1317502621 12
1317502681 12
1317502741 12
1317502801 10
1317502861 12
1317502921 10
1317502981 12
1317503042 10
1317503101 10
1317503161 12
1317503221 11
1317503281 12
1317503341 12
1317503401 12
1317503461 11
1317503521 12
1317503581 9
1317503641 12
1317503701 11
1317503761 10
1317503821 12
1317503881 12
1317503941 13
1317504001 13
1317504062 12
1317504121 12
1317504181 13
1317504241 11
1317504301 13
1317504361 12
1317504421 11
1317504481 12
1317504542 13
1317504601 12
1317504661 13
1317504721 11
1317504781 12
1317504841 13
1317504901 11
1317504961 13
1317505021 12
1317505081 11
1317505142 13
1317505201 13
1317505261 12
1317505321 13
1317505381 12
1317505441 11
1317505501 14
1317505561 12
1317505621 14
1317505681 13
1317505741 11
1317505802 14
1317505861 14
1317505921 13
1317505981 14
1317506041 11
1317506101 10
1317506161 13
1317506221 11
1317506281 13
1317506341 12
1317506402 11
1317506461 12
1317506521 12
1317506581 12
1317506641 12
1317506701 13
1317506761 11
1317506821 13
1317506881 12
1317506941 13
1317507002 12
1317507061 12
1317507121 13
1317507181 13
1317507241 14
1317507301 13
1317507361 13
1317507421 11
1317507481 12
1317507541 11
1317507602 12
1317507661 12
1317507721 10
1317507781 11
1317507841 12
1317507901 11
1317507961 11
1317508021 12
1317508081 10
1317508141 11
1317508202 10
1317508261 11
1317508321 11
1317508381 9
1317508441 12
1317508501 13
1317508561 11
1317508621 13
1317508681 14
1317508741 13
1317508801 14
1317508862 14
1317508921 16
1317508981 16
1317509041 14
1317509101 15
1317509161 16
1317509221 16
1317509281 15
1317509341 16
1317509402 15
1317509461 15
1317509521 16
1317509581 17
1317509641 15
1317509701 15
1317509761 16
1317509821 14
1317509881 16
1317509941 15
1317510002 16
1317510062 15
1317510121 14
1317510181 16
1317510241 16
1317510301 15
1317510361 17
1317510421 17
1317510481 16
1317510541 18
1317510601 18
1317510661 17
1317510721 18
1317510782 18
1317510841 18
1317510901 17
1317510961 17
1317511021 18
1317511081 17
1317511141 17
1317511201 18
1317511261 18
1317511321 16
1317511382 16
1317511441 17
1317511501 18
1317511561 17
1317511621 17
1317511681 19
1317511741 18
1317511801 16
1317511861 19
1317511921 19
1317511981 17
1317512042 18
1317512101 18
1317512161 18
1317512221 18
1317512281 16
1317512341 18
1317512401 17
1317512461 17
1317512522 18
1317512582 17
1317512641 15
1317512701 18
1317512761 17
1317512821 19
1317512881 20
1317512942 19
1317513001 20
1317513061 19
1317513121 18
1317513181 22
1317513241 21
1317513301 19
1317513361 21
1317513421 19
1317513481 21
1317513542 22
1317513601 21
1317513661 21
1317513721 21
1317513781 18
1317513841 20
1317513901 17
1317513961 18
1317514021 19
1317514081 17
1317514142 19
1317514201 20
1317514261 19
1317514321 20
1317514381 20
1317514441 18
1317514501 19
1317514562 18
1317514622 20
1317514681 22
1317514741 21
1317514801 22
1317514861 26
1317514921 25
1317514981 26
1317515041 28
1317515101 27
1317515161 24
1317515222 23
1317515281 23
1317515341 25
1317515401 23
1317515461 23
1317515521 24
1317515581 24
1317515641 23
1317515701 25
1317515761 25
1317515822 24
1317515881 27
1317515941 21
1317516001 24
1317516061 22
1317516121 23
1317516181 24
1317516241 24
1317516301 24
1317516361 27
1317516422 26
1317516481 27
1317516541 28
1317516601 26
1317516661 28
1317516721 28
1317516781 29
1317516841 29
1317516901 30
1317516962 29
1317517021 32
1317517081 28
1317517141 29
1317517201 31
1317517261 27
1317517321 27
1317517381 27
1317517441 29
1317517502 29
1317517561 28
1317517621 30
1317517681 29
1317517741 29
1317517801 28
1317517861 31
1317517921 30
1317517981 31
1317518041 32
1317518102 34
1317518161 34
1317518221 32
1317518281 33
1317518341 32
1317518401 30
1317518461 32
1317518521 33
1317518581 33
1317518641 28
1317518702 29
1317518761 30
1317518821 30
1317518881 31
1317518941 34
1317519001 34
1317519061 31
1317519121 33
1317519181 33
1317519242 34
1317519301 33
1317519361 33
1317519421 35
1317519481 33
1317519541 37
1317519601 38
1317519661 39
1317519722 38
1317519782 39
1317519841 41
1317519901 42
1317519961 43
1317520021 44
1317520081 47
1317520141 45
1317520201 47
1317520261 45
1317520321 50
1317520382 48
1317520441 46
1317520501 44
1317520561 47
1317520621 45
1317520681 46
1317520741 45
1317520801 46
1317520861 49
1317520921 46
1317520982 47
1317521041 48
1317521101 48
1317521161 44
1317521221 47
1317521281 44
1317521341 46
1317521401 47
1317521461 45
1317521522 49
1317521582 47
1317521641 47
1317521701 48
1317521761 48
1317521821 45
1317521881 48
1317521941 49
1317522001 48
1317522061 51
1317522122 49
1317522181 52
1317522241 53
1317522301 50
1317522361 50
1317522421 51
1317522481 47
1317522541 50
1317522601 50
1317522661 49
1317522721 48
1317522782 46
1317522841 46
1317522901 48
1317522961 48
1317523021 48
1317523081 49
1317523141 47
1317523202 47
1317523261 47
1317523321 50
1317523382 49
1317523441 48
1317523501 48
1317523561 50
1317523621 50
1317523681 51
1317523741 50
1317523801 54
1317523861 55
1317523922 54
1317523981 56
1317524041 56
1317524101 58
1317524161 57
1317524221 59
1317524281 57
1317524341 61
1317524401 58
1317524461 58
1317524522 59
1317524582 58
1317524641 58
1317524701 58
1317524761 58
1317524821 57
1317524881 58
1317524941 58
1317525001 57
1317525061 56
1317525122 57
1317525181 56
1317525241 57
1317525301 57
1317525361 58
1317525421 58
1317525481 58
1317525541 56
1317525602 57
1317525661 61
1317525721 63
1317525781 63
1317525841 66
1317525901 65
1317525961 68
1317526022 68
1317526081 70
1317526141 68
1317526201 69
1317526261 65
1317526321 63
1317526381 66
1317526441 64
1317526501 62
1317526562 59
1317526621 65
1317526681 62
1317526741 64
1317526801 63
1317526861 64
1317526921 61
1317526981 63
1317527041 62
1317527101 64
1317527161 65
1317527222 62
1317527282 63
1317527341 62
1317527401 62
1317527461 61
1317527521 58
1317527581 63
1317527641 65
1317527701 66
1317527761 66
1317527822 66
1317527882 65
1317527941 66
1317528001 66
1317528061 67
1317528121 64
1317528181 62
1317528241 64
1317528301 62
1317528361 60
1317528421 62
1317528482 62
1317528541 60
1317528601 57
1317528661 58
1317528721 62
1317528781 61
1317528841 60
1317528901 59
1317528961 60
1317529022 59
1317529082 59
1317529141 56
1317529201 55
1317529261 54
1317529321 52
1317529381 53
1317529441 51
1317529501 53
1317529561 53
1317529622 57
1317529682 59
1317529741 58
1317529801 59
1317529861 60
1317529921 60
1317529981 61
1317530041 58
1317530101 58
1317530161 58
1317530221 60
1317530282 60
1317530342 62
1317530401 59
1317530461 62
1317530521 60
1317530581 62
1317530641 63
1317530701 62
1317530761 63
1317530821 60
1317530882 60
1317530941 61
1317531001 60
1317531061 58
1317531121 60
1317531181 58
1317531241 59
1317531301 60
1317531361 60
1317531421 60
1317531482 62
1317531541 64
1317531601 65
1317531661 65
1317531721 64
1317531781 65
1317531841 66
1317531901 68
1317531961 66
1317532021 67
1317532081 69
1317532142 69
1317532201 70
1317532261 66
1317532321 67
1317532381 69
1317532441 68
1317532501 70
1317532561 69
1317532621 67
1317532681 70
1317532742 69
1317532801 70
1317532861 70
1317532921 70
1317532981 70
1317533041 69
1317533101 67
1317533161 67
1317533221 65
1317533281 61
1317533342 64
1317533402 63
1317533461 62
1317533521 63
1317533581 60
1317533641 60
1317533701 61
1317533761 64
1317533821 65
1317533881 66
1317533941 68
1317534002 68
1317534061 71
1317534121 70
1317534181 70
1317534241 70
1317534301 71
1317534361 69
1317534421 70
1317534481 68
1317534541 67
1317534602 67
1317534661 67
1317534721 67
1317534781 67
1317534841 66
1317534901 67
1317534961 69
1317535021 69
1317535081 68
1317535142 65
1317535201 68
1317535261 69
1317535321 65
1317535381 65
1317535441 64
1317535501 63
1317535561 65
1317535621 65
1317535682 66
1317535742 65
1317535801 67
1317535861 63
1317535921 68
1317535981 65
1317536041 65
1317536101 65
1317536161 63
1317536221 66
1317536281 65
1317536341 65
1317536401 65
1317536461 66
1317536522 63
1317536582 67
1317536641 65
1317536701 67
1317536761 65
1317536821 61
1317536881 65
1317536941 65
1317537001 65
1317537061 67
1317537122 64
1317537182 63
1317537241 66
1317537301 64
1317537361 62
1317537421 61
1317537481 63
1317537541 62
1317537601 61
1317537662 59
1317537721 61
1317537781 60
1317537841 58
1317537901 60
1317537961 61
1317538021 64
1317538081 63
1317538141 63
1317538201 63
1317538261 62
1317538321 64
1317538382 66
1317538442 66
1317538501 64
1317538561 66
1317538621 64
1317538681 65
1317538741 66
1317538801 66
1317538861 67
1317538921 67
1317538982 69
1317539042 72
1317539101 72
1317539161 75
1317539221 74
1317539281 73
1317539341 71
1317539401 70
1317539461 69
1317539521 68
1317539581 67
1317539641 66
1317539701 68
1317539762 70
1317539822 71
1317539881 71
1317539941 74
1317540001 75
1317540061 77
1317540121 78
1317540181 73
1317540241 76
1317540301 76
1317540362 73
1317540421 73
1317540481 73
1317540541 71
1317540601 70
1317540661 69
1317540721 71
1317540781 72
1317540841 68
1317540902 68
1317540962 71
1317541021 74
1317541081 72
1317541141 71
1317541201 70
1317541261 70
1317541321 70
1317541381 72
1317541441 70
1317541501 72
1317541562 73
1317541621 72
1317541681 71
1317541741 74
1317541801 76
1317541861 77
1317541921 78
1317541981 79
1317542041 79
1317542102 76
1317542161 76
1317542221 74
1317542281 72
1317542341 72
1317542401 69
1317542461 68
1317542521 68
1317542581 69
1317542641 73
1317542702 76
1317542761 75
1317542821 72
1317542881 73
1317542941 75
1317543001 77
1317543061 76
1317543121 74
1317543181 71
1317543241 69
1317543302 68
1317543361 70
1317543421 70
1317543481 68
1317543541 69
1317543601 68
1317543661 69
1317543721 71
1317543781 71
1317543841 71
1317543901 72
1317543961 71
1317544022 69
1317544081 71
1317544141 69
1317544201 68
1317544261 67
1317544321 68
1317544381 67
1317544441 65
1317544501 66
1317544561 67
1317544622 69
1317544681 66
1317544741 67
1317544801 69
1317544861 68
1317544921 69
1317544981 72
1317545041 72
1317545101 71
1317545161 68
1317545222 70
1317545281 69
1317545341 66
1317545401 70
1317545461 70
1317545521 67
1317545581 67
1317545641 68
1317545701 65
1317545761 66
1317545821 66
1317545882 68
1317545941 67
1317546001 66
1317546061 67
1317546121 67
1317546181 65
1317546241 66
1317546301 67
1317546361 66
1317546421 68
1317546481 68
1317546541 68
1317546601 70
1317546661 71
1317546721 71
1317546781 72
1317546842 71
1317546901 71
1317546961 69
1317547021 69
1317547081 69
1317547141 67
1317547201 67
1317547261 71
1317547321 71
1317547381 70
1317547442 68
1317547501 69
1317547561 71
1317547621 70
1317547681 69
1317547741 67
1317547801 70
1317547861 67
1317547921 68
1317547981 67
1317548041 68
1317548102 67
1317548161 67
1317548221 71
1317548281 69
1317548341 68
1317548401 67
1317548461 66
1317548521 65
1317548581 67
1317548641 65
1317548702 63
1317548761 64
1317548821 62
1317548881 65
1317548941 66
1317549001 66
1317549061 65
1317549121 65
1317549181 69
1317549241 71
1317549302 70
1317549361 67
1317549421 67
1317549481 67
1317549541 67
1317549601 68
1317549661 67
1317549721 67
1317549781 64
1317549842 63
1317549901 65
1317549961 64
1317550021 63
1317550081 65
1317550141 67
1317550201 67
1317550261 65
1317550321 65
1317550381 65
1317550442 68
1317550502 70
1317550561 69
1317550621 67
1317550681 70
1317550741 69
1317550801 70
1317550861 69
1317550921 69
1317550981 70
1317551042 70
1317551101 67
1317551161 66
1317551221 64
1317551281 65
1317551341 64
1317551401 63
1317551461 66
1317551521 63
1317551581 62
1317551641 60
1317551702 62
1317551761 63
1317551821 62
1317551881 60
1317551941 65
1317552001 64
1317552061 63
1317552121 66
1317552181 65
1317552241 65
1317552302 67
1317552362 67
1317552421 65
1317552481 69
1317552541 68
1317552601 65
1317552661 64
1317552721 64
1317552781 64
1317552841 64
1317552901 63
1317552962 63
1317553021 61
1317553081 60
1317553141 60
1317553201 61
1317553261 62
1317553321 62
1317553381 59
1317553441 58
1317553501 60
1317553562 60
1317553622 63
1317553681 61
1317553741 63
1317553801 61
1317553861 61
1317553921 67
1317553981 69
1317554041 68
1317554101 69
1317554161 68
1317554221 65
1317554282 65
1317554341 64
1317554401 64
1317554461 64
1317554521 61
1317554581 61
1317554641 60
1317554701 60
1317554761 59
1317554821 60
1317554882 59
1317554941 59
1317555001 64
1317555061 63
1317555121 58
1317555181 57
1317555241 60
1317555301 59
1317555361 59
1317555421 59
1317555481 59
1317555542 59
1317555602 60
1317555661 62
1317555721 61
1317555781 62
1317555841 61
1317555901 59
1317555961 61
1317556021 61
1317556081 63
1317556141 66
1317556202 66
1317556261 62
1317556321 67
1317556381 67
1317556441 68
1317556501 67
1317556561 70
1317556621 70
1317556681 70
1317556742 73
1317556802 72
1317556861 74
1317556921 72
1317556981 73
1317557041 72
1317557101 72
1317557161 70
1317557221 69
1317557281 66
1317557342 64
1317557402 65
1317557461 66
1317557521 69
1317557581 71
1317557641 72
1317557701 74
1317557761 72
1317557821 76
1317557881 76
1317557941 77
1317558002 75
1317558061 79
1317558121 78
1317558181 78
1317558241 76
1317558301 76
1317558361 75
1317558421 73
1317558481 73
1317558541 73
1317558602 73
1317558661 77
1317558721 73
1317558781 77
1317558841 77
1317558901 76
1317558961 76
1317559021 77
1317559081 77
1317559141 78
1317559201 79
1317559262 75
1317559321 77
1317559381 71
1317559441 74
1317559501 73
1317559561 72
1317559621 69
1317559682 71
1317559741 62
1317559801 71
1317559861 68
1317559921 70
1317559981 69
1317560041 72
1317560101 75
1317560161 74
1317560221 74
1317560282 74
1317560342 73
1317560401 71
1317560461 73
1317560521 73
1317560581 76
1317560641 72
1317560701 68
1317560761 74
1317560821 72
1317560882 72
1317560941 73
1317561001 73
1317561061 72
1317561121 76
1317561181 73
1317561241 75
1317561301 80
1317561361 77
1317561421 82
1317561482 79
1317561541 78
1317561601 74
1317561661 80
1317561721 78
1317561781 86
1317561841 82
1317561901 83
1317561961 84
1317562022 82
1317562081 85
1317562141 86
1317562201 85
1317562261 80
1317562321 82
1317562381 80
1317562441 80
1317562502 79
1317562562 81
1317562621 82
1317562681 82
1317562741 82
1317562801 83
1317562861 83
1317562921 79
1317562981 82
1317563041 83
1317563102 83
1317563161 83
1317563221 84
1317563281 83
1317563341 84
1317563401 83
1317563461 81
1317563521 80
1317563581 77
1317563641 77
1317563702 77
1317563761 76
1317563821 76
1317563881 76
1317563941 74
1317564001 74
1317564061 73
1317564121 74
1317564181 72
1317564241 72
1317564302 73
1317564361 74
1317564421 70
1317564481 71
1317564541 71
1317564601 71
1317564661 71
1317564721 69
1317564781 69
1317564841 71
1317564901 67
1317564962 69
1317565021 69
1317565081 74
1317565141 73
1317565201 74
1317565261 74
1317565321 76
1317565381 73
1317565441 73
1317565501 76
1317565561 74
1317565621 74
1317565682 70
1317565741 69
1317565801 65
1317565861 65
1317565921 62
1317565982 64
1317566041 63
1317566101 62
1317566161 59
1317566221 62
1317566281 65
1317566341 65
1317566401 65
1317566461 63
1317566522 64
1317566581 65
1317566641 65
1317566701 63
1317566761 66
1317566821 65
1317566881 64
1317566941 62
1317567001 65
1317567061 65
1317567121 65
1317567182 61
1317567241 60
1317567301 61
1317567361 62
1317567421 61
1317567481 58
1317567541 59
1317567601 55
1317567661 56
1317567721 57
1317567782 59
1317567842 57
1317567901 58
1317567961 57
1317568021 58
1317568081 58
1317568141 57
1317568201 56
1317568261 53
1317568321 54
1317568381 52
1317568441 56
1317568502 57
1317568561 57
1317568621 56
1317568681 54
1317568741 55
1317568801 54
1317568861 57
1317568921 50
1317568982 53
1317569041 50
1317569101 49
1317569161 46
1317569221 46
1317569281 45
1317569341 42
1317569401 43
1317569461 42
1317569521 42
1317569581 39
1317569642 39
1317569701 38
1317569761 39
1317569821 36
1317569881 36
1317569941 38
1317570001 38
1317570061 37
1317570121 36
1317570181 37
1317570242 36
1317570302 35
1317570361 34
1317570421 35
1317570481 36
1317570541 34
1317570601 34
1317570661 33
1317570721 30
1317570781 28
1317570841 33
1317570901 30
1317570962 31
1317571021 29
1317571081 30
1317571141 28
1317571201 29
