1312732861 34
1312732921 33
1312732981 32
1312733041 33
1312733102 31
1312733161 32
1312733221 29
1312733281 28
1312733341 25
1312733401 25
1312733461 26
1312733521 26
1312733581 27
1312733641 28
1312733702 26
1312733761 27
1312733821 28
1312733881 27
1312733941 28
1312734001 28
1312734061 28
1312734121 28
1312734182 28
1312734241 27
1312734301 27
1312734361 28
1312734421 28
1312734481 28
1312734541 25
1312734601 27
1312734661 24
1312734722 27
1312734782 26
1312734841 28
1312734901 26
1312734961 25
1312735021 25
1312735081 26
1312735141 27
1312735201 26
1312735261 26
1312735321 21
1312735381 22
1312735441 21
1312735501 23
1312735561 22
1312735621 22
1312735682 23
1312735741 22
1312735801 22
1312735861 23
1312735921 23
1312735981 21
1312736041 23
1312736101 22
1312736161 22
1312736222 20
1312736281 22
1312736341 23
1312736401 24
1312736461 23
1312736521 25
1312736581 24
1312736641 23
1312736702 24
1312736761 23
1312736821 23
1312736881 20
1312736941 22
1312737001 20
1312737061 22
1312737121 20
1312737181 21
1312737241 20
1312737301 19
1312737362 20
1312737421 20
1312737481 21
1312737541 20
1312737601 21
1312737661 21
1312737721 21
1312737781 20
1312737841 21
1312737901 21
1312737961 19
1312738021 19
1312738082 18
1312738141 17
1312738201 15
1312738261 14
1312738321 14
1312738381 15
1312738441 12
1312738501 14
1312738561 14
1312738621 13
1312738681 15
1312738742 14
1312738801 15
1312738861 14
1312738921 14
1312738981 14
1312739041 15
1312739101 14
1312739161 15
1312739221 15
1312739281 13
1312739342 12
1312739402 12
1312739461 13
1312739521 12
1312739581 12
1312739641 12
1312739701 12
1312739761 12
1312739821 13
1312739881 11
1312739941 13
1312740002 12
1312740061 13
1312740121 13
1312740181 13
1312740241 12
1312740301 12
1312740361 12
1312740421 10
1312740481 14
1312740542 13
1312740601 14
1312740661 12
1312740721 13
1312740781 12
1312740841 13
1312740901 12
1312740961 11
1312741022 10
1312741082 8
1312741141 9
1312741201 9
1312741261 10
1312741321 9
1312741381 10
1312741441 9
1312741501 9
1312741561 10
1312741622 10
1312741681 9
1312741741 8
1312741801 9
1312741861 9
1312741921 10
1312741981 9
1312742041 10
1312742101 9
1312742161 9
1312742222 10
1312742281 10
1312742341 9
1312742401 8
1312742461 10
1312742521 8
1312742581 10
1312742641 10
1312742701 10
1312742762 9
1312742821 10
1312742881 9
1312742941 10
1312743001 9
1312743061 8
1312743121 10
1312743181 8
1312743241 10
1312743301 10
1312743362 10
1312743422 8
1312743481 12
1312743541 12
1312743601 11
1312743661 11
1312743721 10
1312743781 11
1312743841 9
1312743901 11
1312743962 11
1312744021 11
1312744081 7
1312744141 9
1312744201 9
1312744261 8
1312744321 8
1312744381 8
1312744441 8
1312744501 7
1312744562 9
1312744621 9
1312744681 9
1312744741 7
1312744801 9
1312744861 9
1312744921 8
1312744981 8
1312745041 8
1312745101 8
1312745161 8
1312745222 8
1312745281 9
1312745341 9
1312745401 8
1312745461 9
1312745521 9
1312745581 8
1312745641 8
1312745701 8
1312745761 9
1312745822 8
1312745881 8
1312745941 9
1312746001 9
1312746061 8
1312746121 9
1312746181 9
1312746241 8
1312746301 8
1312746361 7
1312746422 9
1312746481 8
1312746541 8
1312746601 9
1312746661 8
1312746721 9
1312746781 9
1312746841 9
1312746901 8
1312746961 9
1312747021 7
1312747082 9
1312747142 8
1312747201 8
1312747261 9
1312747321 8
1312747381 9
1312747441 9
1312747501 9
1312747561 8
1312747621 8
1312747681 7
1312747742 9
1312747801 9
1312747861 8
1312747921 9
1312747981 8
1312748041 9
1312748101 9
1312748161 9
1312748221 9
1312748282 8
1312748341 7
1312748401 9
1312748461 9
1312748521 7
1312748581 9
1312748641 8
1312748701 9
1312748761 9
1312748821 9
1312748881 9
1312748942 8
1312749001 7
1312749061 9
1312749121 9
1312749181 8
1312749241 9
1312749301 8
1312749361 9
1312749421 8
1312749481 9
1312749542 9
1312749601 8
1312749661 7
1312749721 8
1312749781 8
1312749841 7
1312749901 8
1312749961 7
1312750021 8
1312750081 7
1312750142 8
1312750201 8
1312750261 6
1312750321 7
1312750381 8
1312750441 8
1312750501 7
1312750561 8
1312750621 8
1312750681 8
1312750742 8
1312750801 8
1312750861 8
1312750921 6
1312750981 7
1312751041 8
1312751101 9
1312751161 8
1312751221 9
1312751281 10
1312751341 12
1312751402 12
1312751461 12
1312751521 12
1312751581 11
1312751641 10
1312751701 10
1312751761 11
1312751821 10
1312751881 11
1312751941 7
1312752002 8
1312752061 8
1312752121 8
1312752181 7
1312752241 8
1312752301 8
1312752361 8
1312752421 8
1312752481 8
1312752541 7
1312752601 7
1312752662 8
1312752721 8
1312752781 8
1312752841 7
1312752901 7
1312752961 8
1312753021 8
1312753081 7
1312753141 8
1312753201 8
1312753261 8
1312753322 8
1312753381 8
1312753441 7
1312753501 7
1312753561 7
1312753621 8
1312753681 8
1312753741 7
1312753801 8
1312753861 7
1312753921 8
1312753981 8
1312754041 9
1312754101 8
1312754161 7
1312754221 10
1312754281 10
1312754341 10
1312754403 10
1312754461 9
1312754521 8
1312754582 8
1312754641 8
1312754701 9
1312754761 8
1312754821 5
1312754881 7
1312754941 7
1312755001 8
1312755061 8
1312755121 9
1312755181 9
1312755241 9
1312755301 7
1312755361 8
1312755421 8
1312755481 6
1312755541 7
1312755601 6
1312755661 8
1312755721 7
1312755782 7
1312755841 7
1312755901 7
1312755961 6
1312756021 7
1312756081 7
1312756141 6
1312756201 7
1312756261 8
1312756322 8
1312756381 8
1312756441 8
1312756501 8
1312756561 8
1312756621 6
1312756681 7
1312756741 7
1312756801 6
1312756861 5
1312756921 7
1312756981 8
1312757041 8
1312757101 8
1312757161 8
1312757221 8
1312757282 8
1312757341 8
1312757401 7
1312757461 7
1312757521 7
1312757581 7
1312757641 7
1312757701 7
1312757761 8
1312757821 9
1312757881 9
1312757942 11
1312758001 11
1312758061 11
1312758121 10
1312758181 9
1312758241 11
1312758301 11
1312758361 11
1312758421 11
1312758481 10
1312758541 10
1312758602 11
1312758661 11
1312758721 12
1312758781 11
1312758841 11
1312758901 12
1312758961 12
1312759021 13
1312759081 14
1312759142 12
1312759201 14
1312759261 13
1312759321 12
1312759381 13
1312759441 13
1312759501 13
1312759561 14
1312759621 14
1312759681 14
1312759742 15
1312759801 13
1312759861 15
1312759921 15
1312759981 17
1312760041 18
1312760101 20
1312760161 19
1312760221 20
1312760282 20
1312760341 22
1312760401 23
1312760461 21
1312760521 24
1312760581 23
1312760641 22
1312760701 22
1312760761 24
1312760821 24
1312760882 26
1312760941 26
1312761001 25
1312761061 25
1312761121 26
1312761181 26
1312761241 24
1312761301 25
1312761361 24
1312761422 29
1312761481 27
1312761541 30
1312761601 30
1312761661 32
1312761721 32
1312761781 34
1312761841 36
1312761901 35
1312761961 37
1312762022 37
1312762081 42
1312762141 37
1312762201 43
1312762261 43
1312762321 43
1312762381 44
1312762441 45
1312762501 44
1312762561 44
1312762622 40
1312762681 42
1312762741 45
1312762801 43
1312762861 43
1312762921 44
1312762981 44
1312763041 47
1312763101 49
1312763161 48
1312763221 49
1312763282 48
1312763341 48
1312763401 51
1312763461 55
1312763521 58
1312763581 58
1312763641 60
1312763701 58
1312763761 63
1312763821 64
1312763882 60
1312763941 66
1312764001 64
1312764061 63
1312764121 62
1312764181 64
1312764241 60
1312764301 62
1312764361 62
1312764421 63
1312764481 64
1312764542 60
1312764601 64
1312764661 66
1312764721 67
1312764781 66
1312764841 70
1312764901 70
1312764961 71
1312765021 71
1312765082 73
1312765141 73
1312765201 74
1312765261 71
1312765321 66
1312765381 71
1312765441 70
1312765501 71
1312765561 68
1312765621 73
1312765681 74
1312765741 77
1312765801 76
1312765861 86
1312765921 84
1312765981 86
1312766041 86
1312766102 85
1312766162 87
1312766221 89
1312766281 88
1312766341 86
1312766401 87
1312766461 87
1312766521 88
1312766581 87
1312766641 90
1312766701 88
1312766761 89
1312766821 89
1312766881 92
1312766941 92
1312767001 89
1312767061 87
1312767121 90
1312767182 88
1312767241 94
1312767301 96
1312767361 96
1312767421 97
1312767481 98
1312767541 100
1312767601 101
1312767661 101
1312767722 103
1312767781 104
1312767841 101
1312767901 101
1312767961 103
1312768021 101
1312768081 103
1312768141 104
1312768202 107
1312768261 111
1312768321 110
1312768381 115
1312768441 116
1312768501 118
1312768561 120
1312768621 116
1312768681 118
1312768741 118
1312768804 118
1312768861 117
1312768921 115
1312768981 116
1312769042 111
1312769101 114
1312769161 113
1312769221 115
1312769281 112
1312769341 111
1312769401 114
1312769461 117
1312769521 118
1312769581 114
1312769641 116
1312769701 112
1312769761 115
1312769821 114
1312769881 113
1312769942 119
1312770001 118
1312770061 117
1312770121 114
1312770181 115
1312770241 117
1312770302 117
1312770361 118
1312770421 118
1312770481 119
1312770541 118
1312770601 120
1312770661 123
1312770721 127
1312770781 127
1312770841 131
1312770901 132
1312770961 135
1312771021 133
1312771081 133
1312771141 132
1312771201 137
1312771262 133
1312771321 132
1312771381 139
1312771442 142
1312771501 147
1312771561 143
1312771621 147
1312771681 150
1312771741 155
1312771801 153
1312771862 155
1312771921 153
1312771981 149
1312772041 148
1312772101 150
1312772161 150
1312772221 146
1312772282 147
1312772341 144
1312772401 146
1312772461 147
1312772521 149
1312772581 150
1312772641 150
1312772701 150
1312772761 146
1312772821 147
1312772881 144
1312772941 145
1312773001 145
1312773061 151
1312773121 152
1312773181 147
1312773241 150
1312773301 151
1312773361 151
1312773421 149
1312773481 151
1312773541 152
1312773601 152
1312773661 149
1312773722 152
1312773781 151
1312773841 149
1312773901 150
1312773961 151
1312774021 156
1312774082 155
1312774141 154
1312774201 152
1312774261 153
1312774321 152
1312774381 152
1312774441 151
1312774501 156
1312774561 153
1312774621 151
1312774681 153
1312774741 156
1312774801 156
1312774861 152
1312774921 152
1312774982 153
1312775041 145
1312775101 143
1312775161 142
1312775221 144
1312775281 141
1312775341 138
1312775401 136
1312775461 137
1312775522 134
1312775581 136
1312775641 136
1312775701 136
1312775761 142
1312775821 142
1312775881 138
1312775941 133
1312776002 134
1312776061 136
1312776121 136
1312776181 135
1312776241 131
1312776301 127
1312776361 126
1312776421 124
1312776482 124
1312776541 124
1312776601 120
1312776661 123
1312776721 120
1312776781 118
1312776841 118
1312776901 118
1312776962 119
1312777021 117
1312777081 118
1312777141 114
1312777201 114
1312777261 114
1312777321 113
1312777381 111
1312777442 111
1312777502 109
1312777561 106
1312777621 107
1312777681 109
1312777741 109
1312777801 107
1312777861 103
1312777921 108
1312777981 108
1312778041 107
1312778101 111
1312778161 112
1312778221 107
1312778281 107
1312778341 107
1312778401 106
1312778461 106
1312778521 102
1312778581 104
1312778641 103
1312778702 98
1312778761 95
1312778821 97
1312778881 98
1312778941 98
1312779001 100
1312779061 97
1312779121 97
1312779181 98
1312779241 98
1312779301 98
1312779361 100
1312779422 103
1312779481 102
1312779541 103
1312779601 103
1312779661 105
1312779721 104
1312779781 104
1312779841 107
1312779901 104
1312779961 109
1312780021 108
1312780081 106
1312780141 106
1312780201 106
1312780261 106
1312780321 110
1312780381 111
1312780441 112
1312780501 113
1312780562 107
1312780621 112
1312780681 118
1312780741 120
1312780801 115
1312780861 113
1312780922 112
1312780981 109
1312781041 108
1312781101 112
1312781161 113
1312781221 112
1312781281 112
1312781341 111
1312781402 113
1312781461 114
1312781521 114
1312781581 117
1312781641 116
1312781701 117
1312781761 118
1312781821 119
1312781881 118
1312781942 119
1312782001 115
1312782061 120
1312782121 118
1312782181 119
1312782241 119
1312782301 115
1312782362 114
1312782421 116
1312782481 118
1312782541 117
1312782601 118
1312782661 119
1312782721 119
1312782781 121
1312782841 121
1312782901 120
1312782961 122
1312783021 122
1312783081 121
1312783141 123
1312783201 122
1312783261 123
1312783321 122
1312783381 121
1312783441 122
1312783501 118
1312783561 120
1312783621 118
1312783681 120
1312783741 118
1312783802 122
1312783861 121
1312783921 122
1312783981 125
1312784042 125
1312784101 126
1312784161 130
1312784221 133
1312784281 134
1312784341 134
1312784401 133
1312784461 131
1312784521 135
1312784581 133
1312784641 138
1312784701 137
1312784761 129
1312784821 129
1312784881 129
1312784942 129
1312785001 131
1312785061 131
1312785121 133
1312785181 129
1312785241 130
1312785302 130
1312785361 135
1312785421 135
1312785481 136
1312785541 142
1312785601 141
1312785661 141
1312785722 144
1312785781 144
1312785841 144
1312785901 147
1312785961 146
1312786021 145
1312786081 142
1312786141 140
1312786201 142
1312786261 141
1312786321 141
1312786381 144
1312786443 143
1312786501 142
1312786561 141
1312786621 141
1312786681 142
1312786741 142
1312786801 141
1312786861 140
1312786921 143
1312786981 140
1312787042 144
1312787101 139
1312787161 142
1312787221 140
1312787281 139
1312787341 140
1312787402 138
1312787461 144
1312787522 145
1312787581 147
1312787641 142
1312787701 145
1312787761 144
1312787821 144
1312787881 142
1312787942 144
1312788002 142
1312788061 141
1312788121 141
1312788181 139
1312788242 147
1312788301 149
1312788361 148
1312788421 146
1312788481 143
1312788542 142
1312788601 147
1312788661 145
1312788721 144
1312788781 142
1312788841 142
1312788901 141
1312788961 141
1312789021 144
1312789081 142
1312789141 137
1312789204 141
1312789261 140
1312789321 136
1312789381 139
1312789441 131
1312789501 133
1312789561 132
1312789621 128
1312789681 133
1312789742 130
1312789801 127
1312789861 128
1312789921 128
1312789981 126
1312790041 130
1312790101 130
1312790162 127
1312790222 124
1312790281 123
1312790341 122
1312790401 117
1312790461 120
1312790521 118
1312790581 120
1312790641 120
1312790702 119
1312790761 118
1312790821 118
1312790881 118
1312790941 120
1312791001 117
1312791062 114
1312791121 112
1312791181 113
1312791241 108
1312791301 108
1312791361 109
1312791422 108
1312791481 110
1312791541 108
1312791601 107
1312791661 108
1312791721 105
1312791781 104
1312791841 104
1312791902 101
1312791961 103
1312792021 100
1312792081 96
1312792141 98
1312792201 99
1312792261 94
1312792321 96
1312792381 98
1312792442 93
1312792501 94
1312792561 92
1312792621 90
1312792681 89
1312792741 87
1312792801 90
1312792861 88
1312792922 89
1312792981 85
1312793041 84
1312793101 84
1312793161 85
1312793221 83
1312793281 80
1312793341 79
1312793402 79
1312793461 78
1312793521 74
1312793581 77
1312793641 78
1312793701 76
1312793762 75
1312793821 76
1312793881 77
1312793941 77
1312794002 74
1312794061 75
1312794121 76
1312794181 73
1312794241 75
1312794301 75
1312794361 75
1312794421 77
1312794482 78
1312794541 78
1312794601 79
1312794661 78
1312794722 78
1312794781 76
1312794841 79
1312794901 77
1312794961 84
1312795021 84
1312795081 82
1312795141 81
1312795201 79
1312795261 82
1312795322 77
1312795382 74
1312795441 73
1312795501 75
1312795561 69
1312795621 68
1312795681 67
1312795741 68
1312795801 70
1312795861 68
1312795921 70
1312795982 71
1312796041 70
1312796101 67
1312796161 70
1312796221 68
1312796282 69
1312796341 68
1312796401 67
1312796461 66
1312796521 70
1312796581 67
1312796641 68
1312796702 69
1312796761 71
1312796821 73
1312796881 72
1312796941 70
1312797001 72
1312797061 71
1312797121 70
1312797182 70
1312797241 71
1312797301 71
1312797361 69
1312797421 71
1312797481 68
1312797541 70
1312797602 68
1312797661 69
1312797721 65
1312797781 65
1312797841 62
1312797901 63
1312797961 58
1312798021 59
1312798081 62
1312798141 62
1312798201 63
1312798261 63
1312798321 61
1312798381 61
1312798441 59
1312798501 59
1312798561 59
1312798621 59
1312798681 59
1312798741 56
1312798808 59
1312798861 59
1312798921 60
1312798981 62
1312799041 62
1312799101 65
1312799161 64
1312799222 66
1312799281 64
1312799341 64
1312799401 66
1312799461 66
1312799521 64
1312799582 64
1312799641 64
1312799701 63
1312799762 65
1312799821 64
1312799881 65
1312799941 67
1312800001 66
1312800061 69
1312800121 68
1312800181 69
1312800241 67
1312800302 67
1312800361 65
1312800421 66
1312800482 65
1312800541 67
1312800601 65
1312800661 66
1312800722 65
1312800781 67
1312800841 68
1312800901 70
1312800961 70
1312801021 66
1312801081 66
1312801142 67
1312801201 63
1312801261 65
1312801322 66
1312801381 65
1312801442 66
1312801501 65
1312801561 67
1312801621 67
1312801681 66
1312801741 66
1312801801 68
1312801861 65
1312801921 68
1312801982 68
1312802042 67
1312802101 69
1312802161 69
1312802221 66
1312802281 67
1312802341 66
1312802401 66
1312802461 64
1312802522 66
1312802581 66
1312802641 68
1312802701 66
1312802761 66
1312802821 66
1312802881 68
1312802941 69
1312803001 69
1312803062 70
1312803121 70
1312803181 70
1312803241 67
1312803301 69
1312803361 71
1312803421 72
1312803481 71
1312803541 70
1312803601 71
1312803661 70
1312803721 72
1312803781 73
1312803841 73
1312803902 72
1312803961 73
1312804021 74
1312804081 72
1312804141 74
1312804201 75
1312804261 74
1312804321 78
1312804382 80
1312804442 80
1312804501 80
1312804561 78
1312804621 79
1312804681 78
1312804741 76
1312804801 77
1312804861 77
1312804921 77
1312804981 75
1312805041 74
1312805101 75
1312805161 75
1312805221 76
1312805281 74
1312805341 73
1312805401 71
1312805462 73
1312805521 73
1312805581 72
1312805641 73
1312805701 75
1312805761 71
1312805821 73
1312805881 75
1312805941 77
1312806002 75
1312806061 75
1312806121 73
1312806181 70
1312806241 72
1312806301 68
1312806361 69
1312806421 66
1312806482 66
1312806541 65
1312806601 67
1312806661 68
1312806721 66
1312806781 68
1312806841 71
1312806901 72
1312806961 75
1312807021 77
1312807081 76
1312807141 76
1312807201 77
1312807261 76
1312807321 74
1312807381 74
1312807441 74
1312807502 79
1312807561 83
1312807621 83
1312807681 84
1312807741 83
1312807801 80
1312807861 80
1312807921 79
1312807982 82
1312808041 80
1312808101 80
1312808161 80
1312808221 78
1312808281 79
1312808341 78
1312808401 76
1312808461 77
1312808522 80
1312808581 79
1312808641 79
1312808701 76
1312808761 79
1312808821 80
1312808881 84
1312808941 83
1312809001 83
1312809061 83
1312809121 83
1312809181 83
1312809241 83
1312809302 83
1312809361 83
1312809421 83
1312809481 83
1312809541 84
1312809601 2
1312809661 1
1312809721 1
1312809781 2
1312809841 2
1312809902 2
1312809961 2
1312810021 2
1312810081 2
1312810141 2
1312810201 1
1312810261 2
1312810321 2
1312810381 2
1312810441 1
1312810502 1
1312810561 1
1312810621 1
1312810681 1
1312810741 2
1312810801 2
1312810861 1
1312810921 2
1312810981 2
1312811041 2
1312811101 2
1312811161 2
1312811221 2
1312811281 2
1312811341 2
1312811402 1
1312811461 1
1312811521 0
1312811581 1
1312811641 1
1312811701 1
1312811762 1
1312811821 1
1312811881 1
1312811941 2
1312812001 2
1312812061 2
1312812121 2
1312812181 1
1312812241 2
1312812302 2
1312812362 2
1312812421 2
1312812481 2
1312812541 1
1312812601 2
1312812661 2
1312812721 2
1312812781 3
1312812841 3
1312812901 4
1312812962 4
1312813021 4
1312813081 4
1312813141 4
1312813201 4
1312813261 3
1312813321 3
1312813381 3
1312813441 2
1312813501 0
1312813562 2
1312813621 2
1312813681 2
1312813741 3
1312813801 3
1312813861 3
1312813921 3
1312813981 3
1312814041 3
1312814102 4
1312814161 3
1312814221 4
1312814281 4
1312814341 3
1312814401 4
1312814461 4
1312814521 4
1312814581 4
1312814642 4
1312814701 3
1312814761 3
1312814821 2
1312814881 4
1312814941 4
1312815001 4
1312815061 5
1312815121 5
1312815182 5
1312815241 5
1312815301 5
1312815361 5
1312815421 4
1312815481 3
1312815541 3
1312815601 2
1312815662 3
1312815721 3
1312815781 3
1312815841 5
1312815901 5
1312815961 5
1312816021 5
1312816081 4
1312816141 5
1312816201 5
1312816262 4
1312816321 79
1312816381 390
1312816441 388
1312816501 389
1312816561 389
1312816621 389
1312816681 390
1312816741 389
1312816801 390
1312816861 390
1312816922 317
1312816981 317
1312817041 4
1312817101 5
1312817161 4
1312817221 4
1312817281 4
1312817341 3
1312817401 3
1312817461 3
1312817521 3
1312817582 1
1312817641 1
1312817701 1
1312817761 1
1312817821 1
1312817881 1
1312817941 1
1312818001 1
1312818061 1
1312818121 1
1312818181 1
1312818242 1
1312818301 1
1312818361 1
1312818421 1
1312818481 1
1312818541 1
1312818601 1
1312818661 1
1312818721 1
1312818781 1
1312818842 1
1312818901 1
1312818961 1
1312819021 1
1312819081 1
1312819141 1
1312819201 1
