1305820861 11
1305820921 9
1305820981 10
1305821041 10
1305821102 10
1305821161 10
1305821221 9
1305821281 10
1305821341 8
1305821401 9
1305821461 9
1305821521 9
1305821581 7
1305821641 9
1305821701 9
1305821761 9
1305821822 9
1305821881 6
1305821941 8
1305822001 7
1305822061 8
1305822121 7
1305822181 7
1305822241 6
1305822301 7
1305822361 6
1305822421 7
1305822481 7
1305822541 5
1305822602 8
1305822661 7
1305822721 8
1305822781 8
1305822841 8
1305822901 8
1305822961 9
1305823021 9
1305823081 9
1305823141 9
1305823201 6
1305823261 8
1305823322 7
1305823381 7
1305823441 6
1305823501 6
1305823561 6
1305823621 6
1305823681 7
1305823741 7
1305823801 7
1305823861 5
1305823921 7
1305823981 6
1305824041 7
1305824102 6
1305824161 6
1305824221 6
1305824281 7
1305824341 6
1305824401 7
1305824461 7
1305824521 6
1305824581 5
1305824641 4
1305824702 5
1305824761 4
1305824821 4
1305824881 5
1305824941 5
1305825001 4
1305825061 5
1305825121 5
1305825181 5
1305825241 5
1305825301 4
1305825362 5
1305825421 4
1305825481 4
1305825541 4
1305825601 4
1305825661 3
1305825721 4
1305825781 4
1305825841 4
1305825901 4
1305825961 3
1305826021 4
1305826081 2
1305826141 4
1305826202 4
1305826261 4
1305826321 3
1305826381 3
1305826441 3
1305826501 3
1305826561 3
1305826621 2
1305826681 3
1305826741 2
1305826801 3
1305826862 3
1305826921 3
1305826981 3
1305827041 3
1305827101 3
1305827161 3
1305827221 3
1305827281 2
1305827341 2
1305827401 3
1305827461 3
1305827521 3
1305827582 3
1305827641 3
1305827701 3
1305827761 3
1305827821 3
1305827881 3
1305827941 3
1305828001 1
1305828061 3
1305828121 3
1305828181 3
1305828241 3
1305828301 3
1305828361 4
1305828422 4
1305828481 4
1305828541 4
1305828601 4
1305828661 4
1305828721 4
1305828781 4
1305828841 4
1305828901 4
1305828961 4
1305829021 3
1305829082 3
1305829141 2
1305829201 3
1305829261 3
1305829321 3
1305829381 3
1305829441 3
1305829501 3
1305829561 3
1305829621 3
1305829681 3
1305829742 3
1305829801 2
1305829861 2
1305829921 3
1305829981 3
1305830041 3
1305830101 3
1305830161 3
1305830221 4
1305830281 4
1305830341 4
1305830402 4
1305830461 2
1305830521 3
1305830581 4
1305830641 4
1305830701 4
1305830761 4
1305830821 4
1305830882 3
1305830941 3
1305831001 3
1305831061 3
1305831121 2
1305831181 3
1305831241 3
1305831301 3
1305831362 3
1305831421 3
1305831481 3
1305831541 3
1305831601 3
1305831661 3
1305831721 2
1305831781 1
1305831842 3
1305831901 3
1305831961 3
1305832021 3
1305832081 3
1305832141 3
1305832201 3
1305832261 3
1305832321 3
1305832382 2
1305832441 1
1305832501 3
1305832561 3
1305832621 3
1305832681 3
1305832741 3
1305832801 3
1305832861 3
1305832921 3
1305832982 3
1305833041 2
1305833101 1
1305833161 3
1305833221 3
1305833281 3
1305833341 3
1305833401 3
1305833461 4
1305833521 4
1305833582 4
1305833641 4
1305833701 4
1305833761 2
1305833821 4
1305833881 4
1305833941 4
1305834001 4
1305834061 4
1305834121 3
1305834181 3
1305834242 3
1305834301 3
1305834361 2
1305834421 1
1305834481 3
1305834541 3
1305834601 3
1305834661 3
1305834721 3
1305834781 3
1305834841 3
1305834901 3
1305834962 3
1305835021 2
1305835081 1
1305835141 3
1305835201 3
1305835261 3
1305835321 3
1305835381 3
1305835441 3
1305835501 3
1305835561 3
1305835621 3
1305835681 2
1305835741 1
1305835801 3
1305835861 3
1305835921 3
1305835981 3
1305836041 3
1305836101 3
1305836161 3
1305836221 3
1305836281 3
1305836341 2
1305836402 1
1305836461 2
1305836521 3
1305836581 3
1305836641 3
1305836701 3
1305836761 3
1305836821 3
1305836881 3
1305836941 3
1305837001 2
1305837061 2
1305837121 2
1305837182 3
1305837241 3
1305837301 3
1305837361 3
1305837421 3
1305837481 3
1305837541 3
1305837601 3
1305837661 2
1305837721 2
1305837781 2
1305837841 3
1305837902 3
1305837961 3
1305838021 3
1305838081 3
1305838141 3
1305838201 3
1305838261 3
1305838321 2
1305838381 2
1305838441 2
1305838501 3
1305838561 3
1305838621 3
1305838681 3
1305838741 3
1305838801 4
1305838861 5
1305838921 5
1305838981 4
1305839041 4
1305839101 5
1305839161 5
1305839221 5
1305839281 5
1305839341 5
1305839401 4
1305839461 5
1305839521 4
1305839581 4
1305839641 4
1305839701 2
1305839761 4
1305839821 4
1305839881 4
1305839942 4
1305840001 4
1305840061 4
1305840121 4
1305840181 4
1305840241 3
1305840301 4
1305840361 2
1305840421 4
1305840481 4
1305840541 4
1305840601 4
1305840662 3
1305840721 3
1305840781 3
1305840841 3
1305840901 2
1305840961 3
1305841021 1
1305841081 3
1305841141 3
1305841201 3
1305841261 3
1305841321 3
1305841382 3
1305841441 3
1305841501 3
1305841561 2
1305841621 3
1305841681 1
1305841741 3
1305841801 3
1305841861 3
1305841921 4
1305841981 4
1305842042 4
1305842102 4
1305842161 4
1305842221 3
1305842281 4
1305842341 2
1305842401 4
1305842461 4
1305842521 3
1305842581 3
1305842641 3
1305842701 3
1305842762 3
1305842821 3
1305842881 3
1305842941 3
1305843001 2
1305843061 2
1305843121 3
1305843181 3
1305843241 3
1305843301 3
1305843361 3
1305843421 3
1305843481 3
1305843542 3
1305843601 3
1305843661 2
1305843721 2
1305843781 3
1305843841 3
1305843901 3
1305843961 3
1305844021 3
1305844081 3
1305844141 3
1305844201 3
1305844262 3
1305844321 2
1305844381 2
1305844441 3
1305844501 3
1305844561 3
1305844621 3
1305844681 2
1305844741 3
1305844801 3
1305844861 3
1305844921 3
1305844982 3
1305845041 2
1305845101 3
1305845161 3
1305845221 3
1305845281 3
1305845341 2
1305845401 3
1305845461 3
1305845521 3
1305845581 2
1305845641 3
1305845701 2
1305845761 3
1305845822 3
1305845881 3
1305845941 3
1305846001 3
1305846061 4
1305846121 4
1305846181 4
1305846241 3
1305846301 4
1305846361 3
1305846422 4
1305846481 4
1305846541 4
1305846601 3
1305846661 3
1305846721 4
1305846781 4
1305846841 4
1305846901 3
1305846961 4
1305847021 3
1305847081 5
1305847141 5
1305847201 5
1305847262 4
1305847321 3
1305847381 4
1305847441 4
1305847501 4
1305847561 5
1305847621 5
1305847681 4
1305847741 5
1305847801 5
1305847861 5
1305847921 6
1305847982 6
1305848041 7
1305848101 8
1305848161 8
1305848221 11
1305848281 11
1305848341 10
1305848401 11
1305848461 11
1305848521 10
1305848581 10
1305848641 10
1305848702 10
1305848761 10
1305848821 8
1305848881 11
1305848941 10
1305849001 9
1305849061 10
1305849121 10
1305849181 10
1305849241 9
1305849301 9
1305849361 11
1305849422 11
1305849482 10
1305849541 12
1305849601 12
1305849661 11
1305849721 13
1305849781 13
1305849841 12
1305849901 14
1305849961 12
1305850021 13
1305850081 13
1305850141 12
1305850202 14
1305850261 16
1305850321 16
1305850381 17
1305850441 17
1305850501 16
1305850561 16
1305850621 17
1305850681 15
1305850741 17
1305850801 18
1305850861 18
1305850921 19
1305850982 19
1305851041 20
1305851101 22
1305851161 24
1305851221 25
1305851281 25
1305851341 24
1305851401 26
1305851461 26
1305851521 24
1305851581 25
1305851641 25
1305851701 23
1305851762 21
1305851821 18
1305851881 21
1305851941 21
1305852001 23
1305852061 25
1305852121 24
1305852181 25
1305852241 25
1305852301 26
1305852361 28
1305852421 28
1305852481 28
1305852542 27
1305852601 28
1305852661 26
1305852721 29
1305852781 30
1305852841 29
1305852901 29
1305852961 28
1305853021 31
1305853081 30
1305853141 32
1305853202 31
1305853262 30
1305853321 30
1305853381 33
1305853441 34
1305853501 32
1305853561 30
1305853621 29
1305853681 33
1305853741 33
1305853801 32
1305853861 32
1305853921 35
1305853982 35
1305854041 38
1305854101 38
1305854161 38
1305854221 38
1305854281 35
1305854341 38
1305854401 36
1305854461 37
1305854521 37
1305854581 38
1305854641 37
1305854702 39
1305854761 41
1305854821 38
1305854881 40
1305854941 37
1305855001 39
1305855061 38
1305855121 37
1305855181 35
1305855241 38
1305855301 38
1305855361 39
1305855422 41
1305855481 38
1305855541 37
1305855601 38
1305855661 36
1305855721 35
1305855781 32
1305855841 33
1305855901 36
1305855961 34
1305856021 35
1305856081 34
1305856141 35
1305856202 34
1305856261 35
1305856321 35
1305856381 34
1305856441 31
1305856501 29
1305856561 29
1305856621 30
1305856681 31
1305856741 29
1305856801 31
1305856861 30
1305856922 30
1305856981 31
1305857041 31
1305857101 31
1305857161 32
1305857221 31
1305857281 35
1305857341 36
1305857401 36
1305857461 37
1305857521 37
1305857581 36
1305857642 40
1305857701 39
1305857761 40
1305857821 39
1305857881 37
1305857941 35
1305858001 35
1305858061 36
1305858121 35
1305858181 35
1305858241 32
1305858302 32
1305858361 30
1305858421 31
1305858481 32
1305858541 32
1305858601 31
1305858661 31
1305858721 33
1305858781 34
1305858841 34
1305858901 35
1305858961 35
1305859022 37
1305859081 37
1305859141 37
1305859201 37
1305859261 36
1305859321 35
1305859381 36
1305859441 37
1305859501 37
1305859561 38
1305859621 39
1305859681 42
1305859741 42
1305859802 41
1305859861 43
1305859921 44
1305859981 43
1305860041 42
1305860101 44
1305860161 43
1305860221 39
1305860281 39
1305860341 39
1305860401 39
1305860462 37
1305860521 36
1305860581 34
1305860641 34
1305860701 33
1305860761 34
1305860821 34
1305860881 35
1305860941 35
1305861001 35
1305861061 36
1305861121 34
1305861181 37
1305861242 36
1305861301 37
1305861361 35
1305861421 36
1305861481 37
1305861541 36
1305861601 36
1305861661 36
1305861721 35
1305861781 35
1305861841 36
1305861901 37
1305861961 38
1305862021 39
1305862081 40
1305862141 41
1305862201 41
1305862261 40
1305862321 41
1305862381 40
1305862441 40
1305862501 38
1305862561 39
1305862622 39
1305862681 36
1305862741 37
1305862801 41
1305862861 41
1305862921 42
1305862981 43
1305863041 41
1305863101 41
1305863161 42
1305863221 44
1305863281 46
1305863342 44
1305863401 43
1305863461 43
1305863521 42
1305863581 40
1305863641 43
1305863701 43
1305863761 44
1305863821 43
1305863881 42
1305863941 41
1305864001 44
1305864061 44
1305864122 43
1305864181 47
1305864241 45
1305864301 46
1305864361 41
1305864421 39
1305864481 40
1305864541 38
1305864601 37
1305864661 38
1305864721 38
1305864781 35
1305864842 34
1305864902 36
1305864961 35
1305865021 36
1305865081 34
1305865141 35
1305865201 35
1305865261 36
1305865321 36
1305865381 36
1305865441 35
1305865501 33
1305865562 34
1305865621 34
1305865681 34
1305865741 34
1305865801 35
1305865861 36
1305865921 35
1305865981 34
1305866041 36
1305866101 35
1305866161 36
1305866221 37
1305866282 37
1305866341 37
1305866401 38
1305866461 38
1305866521 41
1305866581 40
1305866641 42
1305866701 42
1305866761 43
1305866821 41
1305866881 42
1305866941 44
1305867002 41
1305867061 40
1305867121 42
1305867181 42
1305867241 40
1305867301 41
1305867361 42
1305867421 43
1305867481 43
1305867541 41
1305867601 41
1305867661 41
1305867722 42
1305867781 43
1305867841 43
1305867901 39
1305867961 41
1305868021 41
1305868081 43
1305868141 46
1305868201 44
1305868261 46
1305868321 44
1305868381 45
1305868441 44
1305868502 44
1305868561 45
1305868621 46
1305868681 44
1305868741 45
1305868801 44
1305868861 45
1305868921 45
1305868981 47
1305869041 49
1305869101 49
1305869162 44
1305869221 44
1305869281 44
1305869341 44
1305869401 49
1305869461 47
1305869521 50
1305869581 48
1305869641 49
1305869701 50
1305869761 55
1305869821 54
1305869881 55
1305869942 53
1305870001 52
1305870061 54
1305870121 57
1305870181 56
1305870241 57
1305870301 57
1305870361 59
1305870421 58
1305870481 62
1305870541 61
1305870602 62
1305870661 62
1305870721 59
1305870781 63
1305870841 63
1305870901 68
1305870961 67
1305871021 72
1305871081 69
1305871141 70
1305871201 72
1305871262 69
1305871321 70
1305871381 73
1305871441 70
1305871501 69
1305871561 70
1305871621 67
1305871681 70
1305871741 70
1305871801 67
1305871861 67
1305871921 64
1305871982 62
1305872041 65
1305872101 66
1305872161 68
1305872221 67
1305872281 65
1305872341 66
1305872401 67
1305872461 66
1305872521 70
1305872581 69
1305872641 66
1305872701 60
1305872761 63
1305872821 61
1305872881 61
1305872941 64
1305873001 63
1305873061 63
1305873121 65
1305873181 67
1305873241 70
1305873302 72
1305873361 68
1305873421 72
1305873481 72
1305873541 71
1305873601 70
1305873661 71
1305873721 65
1305873781 67
1305873841 67
1305873902 68
1305873961 66
1305874021 67
1305874081 66
1305874141 64
1305874201 63
1305874261 64
1305874321 65
1305874381 63
1305874441 66
1305874502 65
1305874562 66
1305874621 64
1305874681 66
1305874741 65
1305874801 67
1305874861 67
1305874921 67
1305874981 68
1305875041 68
1305875101 70
1305875162 66
1305875222 66
1305875281 67
1305875341 70
1305875401 72
1305875461 75
1305875521 72
1305875581 74
1305875641 75
1305875701 77
1305875762 80
1305875821 81
1305875881 77
1305875941 76
1305876001 74
1305876061 69
1305876121 73
1305876181 72
1305876241 71
1305876301 72
1305876361 72
1305876421 70
1305876482 70
1305876541 73
1305876601 73
1305876661 73
1305876721 75
1305876781 71
1305876841 75
1305876901 74
1305876961 74
1305877021 73
1305877081 77
1305877142 73
1305877201 71
1305877261 70
1305877321 71
1305877381 68
1305877441 65
1305877501 63
1305877561 60
1305877621 62
1305877681 62
1305877742 65
1305877801 67
1305877861 65
1305877921 63
1305877981 66
1305878041 63
1305878101 61
1305878161 63
1305878221 60
1305878281 61
1305878341 63
1305878402 60
1305878461 61
1305878521 62
1305878581 60
1305878641 59
1305878701 60
1305878761 59
1305878821 58
1305878881 58
1305878941 54
1305879001 57
1305879062 55
1305879121 52
1305879181 50
1305879241 52
1305879301 52
1305879361 54
1305879421 52
1305879481 52
1305879541 48
1305879601 45
1305879661 45
1305879721 44
1305879781 44
1305879842 41
1305879901 40
1305879961 37
1305880021 37
1305880081 36
1305880141 35
1305880201 34
1305880261 35
1305880321 32
1305880381 31
1305880442 33
1305880501 32
1305880561 31
1305880621 32
1305880681 26
1305880741 27
1305880801 26
1305880861 26
1305880921 29
1305880981 27
1305881041 26
1305881102 24
1305881161 26
1305881221 26
1305881281 28
1305881341 28
1305881401 28
1305881461 29
1305881521 29
1305881581 29
1305881641 28
1305881701 27
1305881761 28
1305881821 28
1305881881 27
1305881941 27
1305882001 26
1305882061 24
1305882121 24
1305882181 25
1305882241 24
1305882301 22
1305882361 21
1305882421 21
1305882482 20
1305882541 17
1305882601 19
1305882661 20
1305882721 20
1305882781 21
1305882841 21
1305882901 21
1305882961 18
1305883021 20
1305883081 18
1305883141 17
1305883202 17
1305883261 13
1305883321 15
1305883381 14
1305883441 14
1305883501 16
1305883561 16
1305883621 13
1305883681 15
1305883741 14
1305883801 15
1305883861 15
1305883922 13
1305883981 15
1305884041 14
1305884101 13
1305884161 12
1305884221 13
1305884281 11
1305884341 13
1305884401 12
1305884461 12
1305884521 12
1305884581 12
1305884642 13
1305884701 12
1305884761 14
1305884821 13
1305884881 13
1305884941 11
1305885001 12
1305885061 11
1305885121 11
1305885181 10
1305885241 10
1305885301 9
1305885362 9
1305885421 9
1305885481 9
1305885541 10
1305885601 9
1305885661 11
1305885721 10
1305885781 11
1305885841 12
1305885901 12
1305885962 12
1305886021 14
1305886081 13
1305886141 13
1305886201 15
1305886261 15
1305886321 17
1305886381 16
1305886441 14
1305886501 16
1305886561 15
1305886621 16
1305886681 17
1305886742 17
1305886801 15
1305886861 14
1305886921 12
1305886981 13
1305887041 14
1305887101 13
1305887161 13
1305887221 13
1305887281 14
1305887341 13
1305887401 15
1305887462 14
1305887521 15
1305887581 14
1305887641 14
1305887701 13
1305887761 12
1305887821 12
1305887881 11
1305887941 14
1305888001 13
1305888061 13
1305888121 13
1305888181 15
1305888241 13
1305888301 14
1305888361 14
1305888421 13
1305888481 12
1305888541 9
1305888601 10
1305888661 10
1305888721 9
1305888781 8
1305888842 8
1305888901 7
1305888961 7
1305889021 6
1305889081 6
1305889141 7
1305889201 5
1305889261 7
1305889321 7
1305889381 5
1305889441 6
1305889501 6
1305889561 6
1305889622 6
1305889681 7
1305889741 7
1305889801 7
1305889861 6
1305889921 8
1305889981 8
1305890041 8
1305890101 8
1305890161 8
1305890221 9
1305890282 7
1305890341 8
1305890401 8
1305890461 9
1305890521 8
1305890581 10
1305890641 10
1305890701 11
1305890761 11
1305890821 10
1305890881 10
1305890941 10
1305891001 8
1305891062 9
1305891121 9
1305891181 9
1305891241 11
1305891301 10
1305891361 11
1305891421 11
1305891481 11
1305891541 10
1305891601 10
1305891661 8
1305891722 9
1305891781 8
1305891841 8
1305891901 8
1305891961 7
1305892021 8
1305892081 8
1305892141 8
1305892201 8
1305892261 7
1305892321 6
1305892382 7
1305892441 8
1305892501 8
1305892561 9
1305892621 8
1305892681 9
1305892741 9
1305892801 9
1305892861 9
1305892921 9
1305892981 9
1305893041 10
1305893102 11
1305893161 10
1305893221 11
1305893281 11
1305893341 11
1305893401 13
1305893461 14
1305893521 13
1305893581 12
1305893641 8
1305893701 10
1305893762 10
1305893821 12
1305893881 13
1305893941 14
1305894001 14
1305894061 14
1305894121 14
1305894181 14
1305894241 15
1305894301 12
1305894361 13
1305894422 14
1305894481 13
1305894541 14
1305894601 12
1305894661 11
1305894721 11
1305894781 11
1305894841 11
1305894901 12
1305894962 13
1305895021 10
1305895081 11
1305895141 10
1305895201 11
1305895261 12
1305895321 12
1305895381 11
1305895441 10
1305895501 11
1305895561 10
1305895622 9
1305895681 8
1305895741 8
1305895801 7
1305895861 8
1305895921 9
1305895981 9
1305896041 9
1305896101 8
1305896161 9
1305896221 10
1305896282 9
1305896341 10
1305896401 11
1305896461 10
1305896521 11
1305896581 14
1305896641 14
1305896701 14
1305896761 12
1305896821 13
1305896881 14
1305896942 14
1305897001 13
1305897061 13
1305897121 13
1305897182 12
1305897241 14
1305897301 14
1305897361 15
1305897421 15
1305897481 14
1305897541 15
1305897601 14
1305897661 12
1305897721 12
1305897781 11
1305897842 10
1305897901 10
1305897961 10
1305898021 10
1305898081 11
1305898141 10
1305898201 12
1305898261 14
1305898321 13
1305898381 13
1305898441 14
1305898502 13
1305898561 13
1305898621 11
1305898681 11
1305898741 12
1305898801 11
1305898861 9
1305898921 9
1305898981 8
1305899041 9
1305899101 9
1305899162 9
1305899221 9
1305899281 8
1305899341 7
1305899401 8
1305899461 8
1305899521 9
1305899581 9
1305899641 8
1305899701 9
1305899761 9
1305899822 10
1305899881 10
1305899941 10
1305900001 8
1305900061 9
1305900121 9
1305900181 10
1305900241 9
1305900301 9
1305900361 9
1305900421 9
1305900481 11
1305900542 12
1305900601 13
1305900661 12
1305900721 12
1305900781 12
1305900841 13
1305900901 12
1305900961 12
1305901021 13
1305901081 12
1305901141 12
1305901202 11
1305901261 12
1305901321 13
1305901381 13
1305901441 13
1305901501 14
1305901561 14
1305901621 14
1305901681 14
1305901741 13
1305901801 14
1305901862 15
1305901921 14
1305901981 12
1305902041 12
1305902101 12
1305902161 12
1305902221 13
1305902281 12
1305902341 14
1305902401 14
1305902461 14
1305902521 15
1305902581 15
1305902641 14
1305902701 15
1305902761 15
1305902821 15
1305902881 16
1305902941 15
1305903001 15
1305903061 13
1305903121 14
1305903181 15
1305903241 15
1305903302 14
1305903361 15
1305903421 14
1305903481 13
1305903541 13
1305903601 13
1305903661 14
1305903721 13
1305903781 14
1305903841 14
1305903901 13
1305903961 13
1305904022 14
1305904081 13
1305904141 13
1305904201 12
1305904261 12
1305904321 12
1305904381 13
1305904441 13
1305904501 14
1305904561 13
1305904621 13
1305904681 15
1305904742 16
1305904801 16
1305904861 15
1305904921 14
1305904981 14
1305905041 15
1305905101 15
1305905161 15
1305905221 15
1305905281 14
1305905341 13
1305905402 14
1305905461 14
1305905521 12
1305905581 12
1305905641 13
1305905701 14
1305905761 13
1305905821 14
1305905881 14
1305905941 13
1305906001 14
1305906061 14
1305906121 14
1305906182 11
1305906241 13
1305906301 11
1305906361 14
1305906421 13
1305906481 11
1305906541 14
1305906601 12
1305906661 14
1305906721 14
1305906781 14
1305906841 11
1305906901 13
1305906962 10
1305907021 12
1305907081 11
1305907141 11
1305907201 12
