1308153661 14
1308153722 13
1308153781 14
1308153841 15
1308153901 14
1308153961 15
1308154021 16
1308154081 14
1308154141 15
1308154201 13
1308154261 15
1308154321 15
1308154381 14
1308154442 12
1308154501 12
1308154561 11
1308154621 11
1308154681 12
1308154741 11
1308154801 12
1308154861 10
1308154921 11
1308154981 10
1308155041 9
1308155101 10
1308155161 9
1308155221 9
1308155281 9
1308155341 9
1308155401 10
1308155461 10
1308155521 9
1308155581 10
1308155641 10
1308155701 8
1308155761 8
1308155822 7
1308155882 7
1308155941 9
1308156001 9
1308156061 9
1308156121 9
1308156181 9
1308156241 10
1308156301 11
1308156361 10
1308156421 12
1308156481 11
1308156541 10
1308156601 10
1308156661 9
1308156721 9
1308156781 11
1308156841 10
1308156901 11
1308156961 11
1308157021 10
1308157081 12
1308157141 11
1308157201 11
1308157261 12
1308157322 11
1308157381 12
1308157441 11
1308157501 10
1308157561 10
1308157621 9
1308157681 9
1308157741 10
1308157801 9
1308157861 9
1308157922 10
1308157981 7
1308158041 9
1308158101 8
1308158161 9
1308158221 9
1308158281 7
1308158341 8
1308158401 9
1308158461 8
1308158521 8
1308158581 9
1308158641 10
1308158701 10
1308158761 10
1308158821 9
1308158881 9
1308158942 8
1308159001 8
1308159061 9
1308159121 8
1308159181 9
1308159241 8
1308159301 9
1308159361 9
1308159421 9
1308159481 9
1308159541 9
1308159601 9
1308159661 8
1308159722 9
1308159781 8
1308159841 8
1308159901 8
1308159961 10
1308160021 10
1308160081 10
1308160141 10
1308160201 9
1308160261 9
1308160321 9
1308160381 9
1308160442 7
1308160501 8
1308160561 7
1308160621 7
1308160681 7
1308160741 7
1308160801 7
1308160861 7
1308160922 7
1308160981 6
1308161041 7
1308161101 5
1308161161 6
1308161221 7
1308161281 7
1308161341 6
1308161401 7
1308161461 7
1308161521 7
1308161581 7
1308161641 7
1308161702 7
1308161761 5
1308161821 6
1308161881 6
1308161941 6
1308162001 6
1308162061 6
1308162121 6
1308162181 6
1308162241 5
1308162301 6
1308162362 6
1308162421 5
1308162481 6
1308162541 5
1308162601 7
1308162661 7
1308162721 7
1308162781 7
1308162841 8
1308162901 7
1308162961 8
1308163022 8
1308163081 7
1308163141 8
1308163201 5
1308163261 8
1308163321 8
1308163381 8
1308163441 8
1308163501 8
1308163561 7
1308163621 8
1308163681 8
1308163742 7
1308163801 8
1308163861 5
1308163921 8
1308163981 8
1308164041 7
1308164101 8
1308164161 8
1308164221 7
1308164281 8
1308164341 8
1308164402 8
1308164461 7
1308164521 5
1308164581 8
1308164641 8
1308164701 7
1308164761 7
1308164821 7
1308164881 6
1308164941 7
1308165001 7
1308165061 7
1308165122 7
1308165181 5
1308165241 7
1308165301 7
1308165361 7
1308165421 6
1308165481 7
1308165541 6
1308165601 7
1308165661 7
1308165721 6
1308165781 7
1308165842 6
1308165901 7
1308165961 8
1308166021 8
1308166081 7
1308166141 8
1308166202 7
1308166261 8
1308166321 8
1308166381 6
1308166441 7
1308166501 7
1308166561 8
1308166621 8
1308166681 8
1308166741 7
1308166801 8
1308166861 7
1308166921 8
1308166982 8
1308167041 7
1308167101 7
1308167161 7
1308167221 8
1308167281 8
1308167341 8
1308167401 9
1308167461 9
1308167521 8
1308167581 9
1308167641 8
1308167702 7
1308167761 7
1308167821 6
1308167881 8
1308167941 8
1308168001 7
1308168061 8
1308168121 8
1308168181 6
1308168241 7
1308168301 8
1308168361 7
1308168421 7
1308168481 7
1308168541 8
1308168601 8
1308168661 7
1308168721 8
1308168781 8
1308168841 7
1308168901 7
1308168961 7
1308169021 6
1308169081 4
1308169141 5
1308169201 5
1308169261 5
1308169321 4
1308169381 5
1308169441 5
1308169501 4
1308169561 5
1308169622 5
1308169681 5
1308169741 4
1308169801 5
1308169861 5
1308169921 5
1308169981 5
1308170041 4
1308170101 5
1308170161 4
1308170221 5
1308170282 5
1308170341 4
1308170401 3
1308170461 4
1308170521 4
1308170581 4
1308170641 4
1308170701 3
1308170761 4
1308170821 3
1308170881 4
1308170941 4
1308171002 3
1308171061 4
1308171121 5
1308171181 5
1308171241 5
1308171301 5
1308171361 5
1308171421 5
1308171481 4
1308171541 5
1308171601 5
1308171662 4
1308171721 3
1308171781 4
1308171841 4
1308171901 4
1308171961 4
1308172021 4
1308172081 4
1308172141 3
1308172201 4
1308172261 4
1308172321 4
1308172382 3
1308172441 4
1308172501 4
1308172561 3
1308172621 4
1308172681 4
1308172741 4
1308172801 3
1308172861 3
1308172921 4
1308172981 4
1308173042 4
1308173101 5
1308173161 5
1308173221 4
1308173281 4
1308173341 4
1308173401 4
1308173461 3
1308173521 4
1308173582 4
1308173641 3
1308173701 3
1308173761 4
1308173821 4
1308173881 4
1308173941 4
1308174001 4
1308174061 4
1308174122 2
1308174181 4
1308174241 4
1308174301 3
1308174361 3
1308174421 4
1308174481 4
1308174541 4
1308174601 4
1308174661 4
1308174721 4
1308174782 4
1308174841 4
1308174901 5
1308174961 4
1308175021 4
1308175081 4
1308175141 5
1308175201 5
1308175261 5
1308175321 5
1308175381 4
1308175441 3
1308175502 4
1308175562 4
1308175621 3
1308175681 5
1308175741 4
1308175801 5
1308175861 6
1308175921 6
1308175981 7
1308176041 8
1308176101 8
1308176161 10
1308176222 11
1308176281 11
1308176341 14
1308176401 13
1308176461 15
1308176521 24
1308176581 23
1308176641 22
1308176701 20
1308176761 18
1308176821 18
1308176881 16
1308176941 14
1308177001 15
1308177061 13
1308177121 14
1308177181 14
1308177241 14
1308177301 14
1308177361 14
1308177421 13
1308177481 14
1308177542 14
1308177601 13
1308177661 14
1308177721 13
1308177781 14
1308177841 14
1308177901 14
1308177961 15
1308178021 15
1308178081 14
1308178141 15
1308178201 15
1308178261 14
1308178321 13
1308178381 14
1308178441 15
1308178501 15
1308178561 15
1308178621 15
1308178681 15
1308178741 14
1308178802 15
1308178861 15
1308178921 14
1308178981 16
1308179041 17
1308179101 18
1308179161 17
1308179221 18
1308179281 18
1308179341 18
1308179401 17
1308179461 17
1308179522 15
1308179581 19
1308179641 17
1308179701 18
1308179761 19
1308179821 18
1308179881 19
1308179941 19
1308180001 19
1308180061 18
1308180121 15
1308180182 14
1308180241 16
1308180301 15
1308180361 16
1308180421 17
1308180481 17
1308180541 17
1308180601 18
1308180661 18
1308180721 20
1308180781 20
1308180841 21
1308180902 20
1308180961 19
1308181021 19
1308181081 21
1308181141 22
1308181201 23
1308181261 23
1308181321 21
1308181381 21
1308181441 24
1308181501 24
1308181562 27
1308181621 28
1308181681 29
1308181741 31
1308181801 31
1308181861 32
1308181921 33
1308181981 32
1308182041 32
1308182101 33
1308182161 30
1308182221 31
1308182282 31
1308182341 31
1308182401 31
1308182461 30
1308182521 31
1308182581 28
1308182641 34
1308182701 33
1308182761 33
1308182821 34
1308182881 33
1308182941 30
1308183002 33
1308183061 35
1308183121 35
1308183181 33
1308183241 30
1308183301 42
1308183361 44
1308183421 42
1308183481 44
1308183541 44
1308183601 45
1308183661 45
1308183721 48
1308183782 47
1308183842 42
1308183901 42
1308183961 43
1308184021 45
1308184081 44
1308184141 44
1308184201 43
1308184261 44
1308184321 42
1308184381 46
1308184441 43
1308184502 39
1308184561 49
1308184621 47
1308184681 48
1308184741 48
1308184801 45
1308184861 46
1308184921 47
1308184981 46
1308185041 47
1308185101 41
1308185161 42
1308185222 50
1308185281 50
1308185341 53
1308185401 52
1308185461 53
1308185521 51
1308185581 52
1308185641 53
1308185701 54
1308185761 43
1308185822 46
1308185881 53
1308185941 55
1308186001 56
1308186061 53
1308186121 53
1308186181 54
1308186241 54
1308186301 54
1308186361 55
1308186421 44
1308186481 45
1308186542 44
1308186601 46
1308186661 46
1308186721 47
1308186781 47
1308186841 48
1308186901 48
1308186961 49
1308187021 45
1308187081 49
1308187141 49
1308187201 47
1308187261 48
1308187321 47
1308187381 46
1308187441 46
1308187501 49
1308187561 48
1308187621 50
1308187681 47
1308187742 57
1308187801 57
1308187861 58
1308187921 58
1308187981 60
1308188041 57
1308188101 58
1308188161 61
1308188221 60
1308188281 54
1308188341 50
1308188401 58
1308188461 59
1308188522 57
1308188581 57
1308188641 58
1308188701 58
1308188761 59
1308188821 59
1308188881 60
1308188941 55
1308189001 53
1308189061 52
1308189122 57
1308189181 54
1308189241 54
1308189301 54
1308189361 53
1308189421 53
1308189481 51
1308189541 51
1308189601 50
1308189661 52
1308189721 50
1308189782 49
1308189841 50
1308189901 50
1308189961 50
1308190021 50
1308190081 51
1308190141 50
1308190201 50
1308190261 57
1308190321 56
1308190381 55
1308190442 55
1308190501 54
1308190561 59
1308190621 58
1308190681 58
1308190741 58
1308190801 53
1308190861 52
1308190921 56
1308190981 58
1308191041 56
1308191101 59
1308191162 57
1308191221 58
1308191281 58
1308191341 60
1308191401 60
1308191461 57
1308191521 58
1308191581 60
1308191641 60
1308191701 58
1308191761 57
1308191822 57
1308191881 54
1308191941 55
1308192001 59
1308192061 55
1308192121 56
1308192181 65
1308192241 64
1308192301 64
1308192361 63
1308192422 61
1308192481 63
1308192541 61
1308192601 61
1308192661 60
1308192721 58
1308192781 57
1308192841 67
1308192901 65
1308192961 67
1308193022 68
1308193081 68
1308193141 68
1308193201 69
1308193261 68
1308193321 67
1308193381 59
1308193441 58
1308193501 60
1308193561 58
1308193621 59
1308193682 56
1308193741 58
1308193801 57
1308193861 59
1308193921 60
1308193981 58
1308194041 59
1308194101 60
1308194161 61
1308194221 62
1308194282 62
1308194341 62
1308194401 60
1308194461 58
1308194521 59
1308194581 60
1308194641 60
1308194701 59
1308194761 60
1308194821 63
1308194881 63
1308194942 63
1308195001 64
1308195061 62
1308195121 60
1308195181 63
1308195241 54
1308195301 51
1308195361 51
1308195421 49
1308195481 52
1308195541 52
1308195601 52
1308195661 53
1308195722 53
1308195781 55
1308195841 57
1308195901 57
1308195961 55
1308196021 60
1308196081 60
1308196142 59
1308196201 58
1308196261 60
1308196321 60
1308196381 60
1308196441 58
1308196501 60
1308196561 59
1308196621 57
1308196681 62
1308196741 62
1308196801 61
1308196862 59
1308196921 57
1308196981 60
1308197041 57
1308197101 56
1308197161 56
1308197221 58
1308197281 55
1308197341 55
1308197401 55
1308197461 55
1308197522 54
1308197581 53
1308197641 54
1308197701 52
1308197761 54
1308197821 51
1308197881 52
1308197941 53
1308198001 53
1308198061 52
1308198121 52
1308198181 49
1308198242 52
1308198301 53
1308198361 51
1308198421 51
1308198481 51
1308198541 53
1308198601 51
1308198661 52
1308198721 52
1308198781 51
1308198841 52
1308198901 51
1308198962 51
1308199021 54
1308199081 52
1308199141 50
1308199201 47
1308199261 50
1308199321 50
1308199381 48
1308199441 51
1308199501 50
1308199561 52
1308199621 51
1308199682 48
1308199741 50
1308199801 50
1308199861 50
1308199921 50
1308199981 50
1308200041 51
1308200101 51
1308200161 52
1308200221 53
1308200281 52
1308200341 54
1308200402 55
1308200462 52
1308200521 57
1308200581 56
1308200641 56
1308200701 59
1308200761 57
1308200821 54
1308200881 54
1308200941 58
1308201001 58
1308201061 58
1308201122 57
1308201181 59
1308201241 55
1308201301 54
1308201361 59
1308201421 59
1308201481 58
1308201541 52
1308201601 54
1308201661 53
1308201721 52
1308201781 55
1308201842 55
1308201901 55
1308201961 56
1308202021 55
1308202081 54
1308202141 54
1308202201 56
1308202261 56
1308202321 57
1308202381 57
1308202441 55
1308202501 58
1308202562 51
1308202621 53
1308202681 55
1308202741 52
1308202801 52
1308202861 56
1308202921 53
1308202981 51
1308203041 53
1308203101 51
1308203161 50
1308203221 51
1308203282 53
1308203341 52
1308203401 51
1308203461 51
1308203521 52
1308203581 53
1308203641 54
1308203701 52
1308203761 54
1308203821 54
1308203881 52
1308203941 54
1308204002 54
1308204061 53
1308204121 52
1308204181 54
1308204241 51
1308204301 52
1308204361 52
1308204421 49
1308204481 51
1308204541 50
1308204601 50
1308204662 49
1308204721 50
1308204781 52
1308204841 52
1308204901 51
1308204961 52
1308205021 50
1308205081 49
1308205141 50
1308205201 49
1308205261 50
1308205321 49
1308205381 51
1308205441 48
1308205501 48
1308205561 49
1308205621 50
1308205681 48
1308205741 50
1308205801 49
1308205861 47
1308205922 50
1308205981 49
1308206041 52
1308206101 51
1308206161 47
1308206221 50
1308206281 52
1308206341 50
1308206401 50
1308206461 51
1308206522 50
1308206581 48
1308206641 50
1308206701 51
1308206761 52
1308206821 52
1308206881 51
1308206941 49
1308207001 52
1308207061 51
1308207121 53
1308207181 54
1308207241 54
1308207301 54
1308207361 53
1308207421 53
1308207481 54
1308207541 53
1308207601 51
1308207661 50
1308207721 50
1308207782 48
1308207841 51
1308207901 50
1308207961 50
1308208021 50
1308208081 49
1308208141 50
1308208201 51
1308208261 51
1308208321 49
1308208382 50
1308208441 49
1308208501 50
1308208561 52
1308208621 53
1308208681 50
1308208741 53
1308208801 54
1308208861 53
1308208921 54
1308208982 53
1308209041 51
1308209101 53
1308209161 53
1308209221 52
1308209281 54
1308209341 53
1308209401 52
1308209461 51
1308209521 49
1308209581 48
1308209642 46
1308209701 43
1308209761 43
1308209821 43
1308209881 40
1308209941 42
1308210001 43
1308210061 43
1308210121 43
1308210181 45
1308210241 45
1308210301 46
1308210362 47
1308210421 47
1308210481 47
1308210541 44
1308210601 46
1308210661 47
1308210721 44
1308210781 42
1308210841 41
1308210901 43
1308210961 40
1308211021 40
1308211081 40
1308211142 39
1308211201 37
1308211261 38
1308211321 38
1308211381 37
1308211441 36
1308211501 36
1308211561 37
1308211621 37
1308211681 39
1308211741 41
1308211802 40
1308211861 40
1308211921 43
1308211981 42
1308212041 39
1308212101 38
1308212161 40
1308212221 41
1308212281 41
1308212341 37
1308212402 38
1308212461 37
1308212521 38
1308212581 38
1308212641 38
1308212701 38
1308212761 37
1308212821 37
1308212881 33
1308212941 37
1308213001 35
1308213061 36
1308213121 34
1308213182 35
1308213241 35
1308213301 34
1308213361 36
1308213421 35
1308213481 35
1308213541 34
1308213601 34
1308213661 31
1308213721 33
1308213781 35
1308213842 36
1308213902 35
1308213961 33
1308214021 32
1308214081 33
1308214141 33
1308214201 33
1308214261 34
1308214321 31
1308214381 33
1308214441 32
1308214501 32
1308214562 29
1308214621 29
1308214681 26
1308214741 27
1308214801 26
1308214861 24
1308214921 24
1308214981 25
1308215041 28
1308215101 27
1308215161 28
1308215221 31
1308215282 31
1308215341 30
1308215401 31
1308215461 31
1308215521 30
1308215581 29
1308215641 25
1308215701 23
1308215761 24
1308215821 25
1308215881 25
1308215941 24
1308216002 25
1308216061 26
1308216121 25
1308216181 22
1308216241 23
1308216301 24
1308216361 23
1308216421 22
1308216481 23
1308216541 25
1308216601 22
1308216662 23
1308216721 23
1308216781 23
1308216841 22
1308216901 23
1308216961 23
1308217021 21
1308217081 21
1308217141 20
1308217201 22
1308217261 22
1308217321 22
1308217381 22
1308217441 22
1308217501 21
1308217561 23
1308217621 23
1308217681 22
1308217741 21
1308217801 22
1308217861 21
1308217921 20
1308217981 20
1308218041 19
1308218102 19
1308218161 19
1308218221 20
1308218281 20
1308218341 19
1308218401 18
1308218461 21
1308218521 21
1308218581 20
1308218641 19
1308218701 19
1308218761 18
1308218821 19
1308218882 20
1308218941 20
1308219001 20
1308219061 19
1308219121 19
1308219181 21
1308219241 22
1308219301 22
1308219361 20
1308219421 20
1308219481 22
1308219541 22
1308219601 22
1308219662 22
1308219721 22
1308219781 21
1308219841 24
1308219901 24
1308219961 25
1308220021 25
1308220081 24
1308220141 24
1308220201 24
1308220261 25
1308220321 26
1308220382 26
1308220442 23
1308220501 23
1308220561 23
1308220621 22
1308220681 22
1308220741 23
1308220801 23
1308220861 23
1308220921 22
1308220981 22
1308221041 22
1308221102 23
1308221161 23
1308221221 23
1308221281 23
1308221341 22
1308221401 22
1308221461 27
1308221521 27
1308221581 27
1308221641 26
1308221701 26
1308221761 26
1308221822 27
1308221881 26
1308221941 26
1308222001 28
1308222061 24
1308222121 26
1308222181 26
1308222241 27
1308222301 26
1308222361 28
1308222421 27
1308222481 29
1308222542 28
1308222601 26
1308222661 27
1308222721 30
1308222781 31
1308222841 30
1308222901 30
1308222961 29
1308223021 30
1308223081 29
1308223141 29
1308223201 29
1308223262 30
1308223321 28
1308223381 29
1308223441 28
1308223501 28
1308223561 29
1308223621 28
1308223681 30
1308223741 30
1308223801 29
1308223861 28
1308223921 30
1308223982 30
1308224041 30
1308224101 31
1308224161 28
1308224221 31
1308224281 32
1308224341 32
1308224401 34
1308224461 32
1308224521 31
1308224581 32
1308224641 34
1308224701 34
1308224762 34
1308224821 33
1308224881 35
1308224941 34
1308225001 35
1308225061 33
1308225121 34
1308225181 34
1308225241 35
1308225301 36
1308225361 37
1308225421 37
1308225482 36
1308225541 38
1308225601 36
1308225661 39
1308225721 36
1308225781 37
1308225841 35
1308225901 33
1308225961 35
1308226021 34
1308226081 34
1308226141 34
1308226202 34
1308226262 31
1308226321 33
1308226381 35
1308226441 36
1308226501 35
1308226561 35
1308226621 35
1308226681 32
1308226741 34
1308226801 32
1308226861 34
1308226921 34
1308226982 35
1308227041 38
1308227101 38
1308227161 37
1308227221 38
1308227281 38
1308227341 37
1308227401 38
1308227461 35
1308227521 35
1308227581 34
1308227642 34
1308227701 34
1308227761 33
1308227821 34
1308227881 33
1308227941 35
1308228001 35
1308228061 35
1308228121 34
1308228181 32
1308228241 32
1308228301 33
1308228362 32
1308228421 33
1308228481 32
1308228541 32
1308228601 35
1308228661 36
1308228721 36
1308228781 35
1308228841 37
1308228901 34
1308228961 37
1308229021 35
1308229082 36
1308229141 36
1308229201 36
1308229261 36
1308229321 34
1308229381 36
1308229441 36
1308229501 37
1308229561 35
1308229621 35
1308229681 36
1308229741 33
1308229801 32
1308229862 35
1308229921 35
1308229981 33
1308230041 32
1308230101 36
1308230161 36
1308230221 34
1308230281 35
1308230341 36
1308230401 36
1308230461 37
1308230521 37
1308230582 38
1308230641 38
1308230701 36
1308230761 38
1308230821 37
1308230881 38
1308230941 39
1308231001 37
1308231061 39
1308231121 40
1308231181 39
1308231241 39
1308231302 39
1308231361 39
1308231421 40
1308231481 39
1308231541 40
1308231601 40
1308231661 38
1308231721 39
1308231781 41
1308231841 42
1308231901 41
1308231961 43
1308232022 43
1308232081 44
1308232141 44
1308232201 43
1308232261 42
1308232321 43
1308232381 41
1308232441 41
1308232501 42
1308232561 43
1308232621 44
1308232681 44
1308232741 43
1308232802 46
1308232861 46
1308232921 44
1308232981 45
1308233041 46
1308233101 46
1308233161 43
1308233221 46
1308233281 45
1308233341 46
1308233402 43
1308233461 46
1308233521 44
1308233581 43
1308233641 43
1308233701 45
1308233761 46
1308233821 46
1308233881 44
1308233941 44
1308234001 44
1308234061 42
1308234122 40
1308234181 41
1308234241 40
1308234301 36
1308234361 35
1308234421 33
1308234481 35
1308234541 33
1308234601 34
1308234661 35
1308234721 35
1308234781 35
1308234842 33
1308234901 36
1308234961 35
1308235021 34
1308235081 34
1308235141 34
1308235201 32
1308235261 34
1308235321 34
1308235381 34
1308235441 33
1308235501 31
1308235562 33
1308235621 33
1308235681 30
1308235741 32
1308235801 32
1308235861 27
1308235921 30
1308235981 29
1308236041 29
1308236101 28
1308236161 28
1308236221 28
1308236281 29
1308236342 27
1308236401 27
1308236461 28
1308236521 27
1308236581 28
1308236641 27
1308236701 28
1308236761 28
1308236821 28
1308236881 29
1308236941 29
1308237001 28
1308237062 28
1308237121 26
1308237181 25
1308237241 27
1308237301 26
1308237361 26
1308237421 26
1308237481 30
1308237541 30
1308237601 29
1308237661 28
1308237721 29
1308237782 29
1308237841 28
1308237901 29
1308237961 27
1308238021 26
1308238081 22
1308238141 22
1308238201 23
1308238261 24
1308238321 23
1308238381 23
1308238441 22
1308238502 21
1308238561 23
1308238621 24
1308238681 21
1308238741 21
1308238801 22
1308238861 22
1308238921 21
1308238981 22
1308239041 21
1308239101 21
1308239161 20
1308239221 20
1308239281 20
1308239341 19
1308239401 18
1308239461 18
1308239521 19
1308239581 20
1308239642 21
1308239701 20
1308239761 20
1308239821 20
1308239881 21
1308239941 21
1308240001 19
