1317052861 36
1317052921 36
1317052981 36
1317053041 33
1317053101 34
1317053162 31
1317053221 34
1317053281 31
1317053341 32
1317053401 31
1317053461 31
1317053521 30
1317053581 32
1317053641 33
1317053701 32
1317053761 35
1317053822 31
1317053881 31
1317053941 32
1317054001 31
1317054061 30
1317054121 31
1317054181 31
1317054241 29
1317054301 30
1317054361 29
1317054421 29
1317054482 29
1317054542 26
1317054601 28
1317054661 27
1317054721 27
1317054781 27
1317054841 27
1317054901 25
1317054961 27
1317055021 25
1317055081 24
1317055142 24
1317055201 23
1317055261 24
1317055321 23
1317055381 20
1317055441 21
1317055501 21
1317055561 18
1317055621 22
1317055681 21
1317055741 20
1317055802 21
1317055861 20
1317055921 22
1317055981 23
1317056041 21
1317056101 21
1317056161 22
1317056221 20
1317056281 22
1317056341 20
1317056401 20
1317056462 21
1317056521 22
1317056581 24
1317056641 24
1317056701 24
1317056761 25
1317056821 23
1317056881 24
1317056942 24
1317057001 23
1317057061 22
1317057121 20
1317057182 20
1317057242 21
1317057301 21
1317057361 21
1317057421 22
1317057481 20
1317057541 20
1317057601 21
1317057662 19
1317057722 20
1317057781 18
1317057841 18
1317057901 18
1317057961 16
1317058021 15
1317058081 17
1317058142 15
1317058201 15
1317058261 16
1317058321 14
1317058381 15
1317058442 15
1317058502 15
1317058561 16
1317058621 15
1317058681 15
1317058741 16
1317058801 15
1317058861 14
1317058921 15
1317058981 14
1317059042 15
1317059102 16
1317059161 14
1317059221 17
1317059281 15
1317059341 16
1317059401 17
1317059461 16
1317059521 15
1317059581 17
1317059641 15
1317059701 14
1317059762 15
1317059821 14
1317059881 15
1317059941 13
1317060001 13
1317060061 13
1317060121 14
1317060181 15
1317060241 15
1317060301 15
1317060361 15
1317060421 13
1317060481 14
1317060541 14
1317060602 14
1317060661 13
1317060721 14
1317060781 12
1317060841 13
1317060901 13
1317060961 13
1317061021 13
1317061081 12
1317061141 13
1317061202 13
1317061261 12
1317061321 12
1317061381 12
1317061441 12
1317061501 13
1317061561 13
1317061621 13
1317061681 13
1317061742 12
1317061802 12
1317061861 12
1317061921 11
1317061981 11
1317062041 10
1317062101 11
1317062161 12
1317062222 12
1317062281 12
1317062341 12
1317062401 10
1317062461 12
1317062521 12
1317062582 11
1317062641 12
1317062701 12
1317062761 12
1317062821 13
1317062881 11
1317062941 13
1317063001 13
1317063061 11
1317063122 13
1317063182 13
1317063241 11
1317063301 8
1317063361 11
1317063421 11
1317063481 12
1317063541 13
1317063601 13
1317063661 13
1317063721 11
1317063782 13
1317063841 13
1317063901 12
1317063961 11
1317064021 12
1317064081 12
1317064141 12
1317064201 13
1317064261 13
1317064322 13
1317064381 12
1317064441 13
1317064501 13
1317064561 10
1317064621 11
1317064681 12
1317064741 10
1317064801 12
1317064862 12
1317064921 12
1317064981 12
1317065041 11
1317065101 12
1317065161 12
1317065221 10
1317065281 11
1317065341 12
1317065402 10
1317065461 13
1317065521 13
1317065581 13
1317065641 12
1317065701 12
1317065761 13
1317065821 12
1317065881 12
1317065941 11
1317066001 11
1317066062 10
1317066122 12
1317066181 12
1317066241 12
1317066301 11
1317066361 11
1317066421 12
1317066481 10
1317066541 11
1317066601 11
1317066661 12
1317066722 10
1317066781 12
1317066841 12
1317066901 13
1317066961 12
1317067021 12
1317067081 13
1317067141 11
1317067201 12
1317067261 11
1317067321 13
1317067382 12
1317067441 13
1317067501 12
1317067561 13
1317067621 12
1317067681 12
1317067741 13
1317067801 11
1317067861 11
1317067921 12
1317067981 13
1317068042 12
1317068101 13
1317068161 12
1317068221 12
1317068281 10
1317068341 11
1317068401 12
1317068461 12
1317068521 11
1317068581 11
1317068641 12
1317068702 12
1317068762 12
1317068821 12
1317068881 12
1317068941 10
1317069001 11
1317069061 12
1317069121 10
1317069181 11
1317069241 11
1317069302 11
1317069361 12
1317069421 12
1317069481 12
1317069541 12
1317069601 10
1317069661 11
1317069721 11
1317069781 12
1317069841 11
1317069901 11
1317069962 11
1317070021 12
1317070081 11
1317070141 12
1317070201 12
1317070261 10
1317070321 11
1317070381 11
1317070441 11
1317070501 11
1317070561 11
1317070622 11
1317070681 12
1317070741 12
1317070801 12
1317070861 12
1317070921 12
1317070981 10
1317071041 11
1317071101 12
1317071161 12
1317071221 13
1317071282 13
1317071342 14
1317071401 14
1317071461 14
1317071521 12
1317071581 13
1317071641 12
1317071701 12
1317071761 13
1317071821 13
1317071881 14
1317071942 13
1317072001 15
1317072061 15
1317072121 15
1317072181 13
1317072241 15
1317072301 13
1317072361 13
1317072421 14
1317072481 15
1317072542 14
1317072601 13
1317072661 15
1317072721 15
1317072781 15
1317072841 14
1317072901 15
1317072961 13
1317073021 16
1317073081 14
1317073142 15
1317073201 15
1317073261 14
1317073321 16
1317073381 16
1317073441 16
1317073501 15
1317073561 17
1317073621 12
1317073681 15
1317073741 13
1317073802 14
1317073861 14
1317073921 13
1317073981 15
1317074041 15
1317074101 15
1317074161 13
1317074221 14
1317074281 10
1317074341 14
1317074402 12
1317074461 12
1317074521 13
1317074582 14
1317074642 13
1317074701 14
1317074761 14
1317074821 13
1317074881 14
1317074941 12
1317075001 13
1317075061 14
1317075121 12
1317075182 10
1317075241 14
1317075301 12
1317075361 14
1317075421 14
1317075481 13
1317075541 13
1317075601 13
1317075661 12
1317075721 14
1317075782 13
1317075841 12
1317075901 14
1317075961 14
1317076021 15
1317076081 16
1317076141 15
1317076201 14
1317076261 14
1317076321 13
1317076382 14
1317076441 12
1317076501 14
1317076561 14
1317076621 14
1317076681 14
1317076741 14
1317076801 13
1317076862 13
1317076921 13
1317076981 12
1317077041 14
1317077101 10
1317077161 13
1317077221 14
1317077281 14
1317077341 15
1317077402 15
1317077461 15
1317077521 14
1317077581 15
1317077641 15
1317077701 16
1317077761 11
1317077821 13
1317077881 15
1317077941 15
1317078001 16
1317078061 15
1317078121 16
1317078182 16
1317078242 15
1317078301 16
1317078361 16
1317078421 15
1317078481 14
1317078541 17
1317078601 16
1317078661 21
1317078722 21
1317078782 21
1317078841 22
1317078901 21
1317078961 21
1317079021 21
1317079081 23
1317079141 23
1317079201 24
1317079262 25
1317079322 29
1317079381 30
1317079441 29
1317079501 31
1317079561 32
1317079621 36
1317079681 36
1317079741 36
1317079801 36
1317079861 35
1317079922 34
1317079981 37
1317080041 37
1317080101 42
1317080161 46
1317080221 45
1317080281 43
1317080341 48
1317080402 49
1317080461 54
1317080521 54
1317080581 58
1317080641 59
1317080701 55
1317080761 58
1317080821 56
1317080881 59
1317080941 59
1317081002 62
1317081062 65
1317081121 67
1317081181 66
1317081241 66
1317081301 66
1317081361 67
1317081421 67
1317081481 67
1317081541 66
1317081601 66
1317081662 62
1317081721 64
1317081781 63
1317081841 67
1317081901 67
1317081961 67
1317082021 69
1317082081 71
1317082141 72
1317082201 70
1317082262 73
1317082321 76
1317082381 73
1317082441 75
1317082501 76
1317082561 75
1317082621 72
1317082681 74
1317082741 74
1317082802 76
1317082862 81
1317082921 99
1317082981 107
1317083041 111
1317083101 116
1317083161 115
1317083221 115
1317083281 118
1317083341 119
1317083402 122
1317083461 118
1317083521 111
1317083581 113
1317083641 113
1317083701 114
1317083761 116
1317083821 121
1317083881 124
1317083942 124
1317084001 126
1317084061 130
1317084121 133
1317084181 135
1317084241 137
1317084301 134
1317084361 137
1317084421 143
1317084481 142
1317084542 139
1317084601 144
1317084661 149
1317084721 156
1317084781 158
1317084841 158
1317084901 162
1317084961 161
1317085021 160
1317085081 159
1317085142 164
1317085201 161
1317085261 164
1317085321 162
1317085381 171
1317085441 172
1317085501 177
1317085561 176
1317085621 181
1317085681 185
1317085742 186
1317085801 191
1317085861 191
1317085921 195
1317085981 196
1317086041 193
1317086101 190
1317086161 192
1317086221 192
1317086282 192
1317086341 194
1317086401 187
1317086461 181
1317086521 182
1317086581 177
1317086641 179
1317086701 185
1317086761 187
1317086821 184
1317086881 187
1317086941 184
1317087001 185
1317087061 186
1317087121 171
1317087181 188
1317087241 192
1317087301 190
1317087362 191
1317087422 201
1317087481 198
1317087541 202
1317087601 196
1317087661 199
1317087721 199
1317087781 188
1317087841 190
1317087901 194
1317087962 196
1317088022 196
1317088081 196
1317088141 197
1317088201 200
1317088261 194
1317088321 196
1317088381 197
1317088441 198
1317088502 201
1317088562 198
1317088621 197
1317088681 201
1317088741 208
1317088801 216
1317088861 213
1317088921 211
1317088983 205
1317089041 197
1317089102 188
1317089161 192
1317089221 189
1317089281 190
1317089341 188
1317089401 189
1317089461 184
1317089521 181
1317089581 183
1317089642 188
1317089701 187
1317089761 191
1317089821 195
1317089881 197
1317089941 194
1317090001 194
1317090061 202
1317090121 198
1317090182 198
1317090241 205
1317090301 215
1317090361 214
1317090421 213
1317090481 211
1317090541 206
1317090601 210
1317090661 216
1317090722 217
1317090781 207
1317090841 195
1317090901 197
1317090961 197
1317091021 203
1317091081 201
1317091142 205
1317091202 197
1317091261 197
1317091321 199
1317091381 200
1317091441 205
1317091501 203
1317091561 200
1317091621 197
1317091681 207
1317091741 209
1317091802 209
1317091861 212
1317091921 220
1317091981 225
1317092041 226
1317092101 221
1317092161 223
1317092221 226
1317092282 226
1317092341 223
1317092401 233
1317092461 233
1317092521 230
1317092581 233
1317092641 240
1317092702 239
1317092761 241
1317092821 236
1317092881 235
1317092941 248
1317093001 250
1317093061 249
1317093122 246
1317093181 251
1317093241 254
1317093301 258
1317093361 254
1317093421 260
1317093481 259
1317093542 258
1317093602 264
1317093661 268
1317093721 271
1317093781 269
1317093841 266
1317093901 269
1317093961 261
1317094021 258
1317094081 261
1317094142 252
1317094202 247
1317094261 256
1317094321 255
1317094381 250
1317094442 253
1317094502 251
1317094562 258
1317094621 258
1317094681 262
1317094741 271
1317094801 266
1317094861 271
1317094921 274
1317094981 277
1317095041 277
1317095101 288
1317095161 290
1317095221 288
1317095281 281
1317095341 281
1317095401 282
1317095461 273
1317095521 286
1317095581 289
1317095641 295
1317095702 301
1317095761 301
1317095821 295
1317095881 296
1317095941 295
1317096001 286
1317096061 288
1317096122 275
1317096182 264
1317096241 256
1317096301 248
1317096361 247
1317096421 249
1317096481 241
1317096541 236
1317096601 237
1317096661 236
1317096722 232
1317096781 237
1317096841 233
1317096901 227
1317096961 230
1317097021 231
1317097081 236
1317097142 237
1317097201 240
1317097261 233
1317097321 241
1317097381 236
1317097441 229
1317097501 232
1317097561 233
1317097621 239
1317097682 236
1317097741 237
1317097801 234
1317097861 235
1317097921 231
1317097981 235
1317098041 236
1317098101 231
1317098161 228
1317098221 236
1317098281 237
1317098341 229
1317098401 235
1317098461 240
1317098521 233
1317098581 232
1317098641 236
1317098702 234
1317098761 240
1317098821 237
1317098881 235
1317098941 236
1317099001 232
1317099061 229
1317099121 235
1317099181 240
1317099241 243
1317099302 241
1317099361 238
1317099421 238
1317099481 243
1317099541 243
1317099601 244
1317099661 243
1317099721 246
1317099781 246
1317099841 250
1317099905 245
1317099961 244
1317100021 235
1317100081 238
1317100141 240
1317100202 244
1317100261 244
1317100321 248
1317100381 245
1317100441 244
1317100501 253
1317100561 251
1317100621 252
1317100681 249
1317100741 257
1317100802 259
1317100861 254
1317100921 250
1317100981 252
1317101041 250
1317101101 248
1317101161 249
1317101221 252
1317101282 259
1317101341 264
1317101401 265
1317101461 271
1317101521 268
1317101581 273
1317101641 277
1317101702 274
1317101762 273
1317101821 276
1317101881 269
1317101941 267
1317102001 268
1317102061 262
1317102121 271
1317102181 276
1317102241 276
1317102302 282
1317102361 284
1317102421 291
1317102481 290
1317102541 289
1317102601 298
1317102661 304
1317102722 306
1317102782 305
1317102841 304
1317102901 308
1317102961 307
1317103021 306
1317103081 304
1317103141 305
1317103201 299
1317103262 301
1317103322 297
1317103381 296
1317103441 303
1317103501 306
1317103561 300
1317103621 303
1317103681 308
1317103742 302
1317103801 307
1317103861 308
1317103921 310
1317103981 315
1317104041 318
1317104101 314
1317104161 320
1317104222 309
1317104281 315
1317104341 316
1317104401 313
1317104461 314
1317104522 313
1317104581 309
1317104641 311
1317104701 321
1317104761 327
1317104821 323
1317104881 326
1317104941 321
1317105002 322
1317105061 331
1317105121 330
1317105181 322
1317105241 319
1317105301 319
1317105361 320
1317105422 326
1317105482 321
1317105541 319
1317105601 318
1317105661 312
1317105721 319
1317105781 322
1317105841 318
1317105902 324
1317105961 320
1317106021 319
1317106081 318
1317106141 325
1317106202 322
1317106261 312
1317106321 318
1317106381 326
1317106441 318
1317106501 312
1317106561 313
1317106621 318
1317106681 308
1317106741 307
1317106802 298
1317106861 298
1317106922 294
1317106982 293
1317107041 300
1317107101 297
1317107161 295
1317107221 299
1317107281 300
1317107341 297
1317107402 305
1317107466 301
1317107522 293
1317107582 293
1317107641 297
1317107701 293
1317107761 291
1317107821 293
1317107881 292
1317107942 294
1317108001 294
1317108061 286
1317108121 289
1317108181 279
1317108242 278
1317108302 274
1317108361 275
1317108421 277
1317108481 284
1317108541 284
1317108601 277
1317108661 277
1317108721 274
1317108782 279
1317108841 273
1317108901 274
1317108961 276
1317109021 262
1317109081 274
1317109141 273
1317109202 279
1317109261 283
1317109322 276
1317109382 275
1317109441 273
1317109501 280
1317109561 274
1317109621 273
1317109681 262
1317109743 268
1317109801 267
1317109861 264
1317109921 267
1317109981 266
1317110042 261
1317110101 248
1317110161 253
1317110221 248
1317110281 242
1317110341 240
1317110401 238
1317110461 235
1317110521 230
1317110581 228
1317110642 221
1317110701 218
1317110761 215
1317110821 217
1317110881 220
1317110941 227
1317111001 226
1317111061 230
1317111121 226
1317111182 224
1317111241 225
1317111301 222
1317111361 220
1317111421 210
1317111482 209
1317111546 203
1317111601 203
1317111661 198
1317111721 198
1317111782 196
1317111841 202
1317111901 205
1317111962 199
1317112022 202
1317112081 195
1317112141 196
1317112201 194
1317112261 193
1317112321 191
1317112381 185
1317112441 184
1317112502 179
1317112561 177
1317112621 178
1317112681 172
1317112741 168
1317112801 163
1317112861 159
1317112921 164
1317112982 159
1317113041 157
1317113101 159
1317113161 158
1317113221 156
1317113281 156
1317113341 150
1317113401 159
1317113461 156
1317113522 155
1317113582 152
1317113641 156
1317113701 154
1317113761 152
1317113821 146
1317113881 146
1317113941 144
1317114001 144
1317114061 151
1317114122 150
1317114181 147
1317114241 147
1317114301 143
1317114361 139
1317114421 141
1317114481 138
1317114541 139
1317114601 135
1317114661 129
1317114721 122
1317114782 122
1317114842 120
1317114901 118
1317114961 119
1317115021 121
1317115081 116
1317115142 117
1317115201 116
1317115261 119
1317115321 119
1317115381 116
1317115442 105
1317115501 108
1317115561 106
1317115621 100
1317115681 101
1317115741 97
1317115801 91
1317115861 92
1317115921 90
1317115982 89
1317116041 88
1317116102 84
1317116162 85
1317116221 86
1317116281 84
1317116341 81
1317116401 74
1317116461 76
1317116521 79
1317116581 82
1317116641 84
1317116701 85
1317116761 82
1317116821 85
1317116881 86
1317116941 88
1317117001 92
1317117061 87
1317117122 85
1317117181 90
1317117241 89
1317117301 86
1317117361 89
1317117421 85
1317117481 88
1317117541 87
1317117601 84
1317117662 79
1317117721 78
1317117781 77
1317117841 80
1317117901 79
1317117961 79
1317118021 77
1317118081 76
1317118141 79
1317118201 80
1317118262 79
1317118321 79
1317118381 77
1317118441 77
1317118501 83
1317118561 82
1317118621 85
1317118681 90
1317118741 91
1317118802 92
1317118862 91
1317118921 92
1317118981 92
1317119041 94
1317119101 91
1317119161 92
1317119221 87
1317119281 84
1317119341 82
1317119401 85
1317119462 86
1317119521 85
1317119581 84
1317119641 82
1317119701 82
1317119761 82
1317119821 81
1317119881 81
1317119941 83
1317120001 84
1317120062 82
1317120122 84
1317120181 81
1317120241 80
1317120301 79
1317120361 81
1317120421 83
1317120481 83
1317120541 81
1317120601 80
1317120662 83
1317120722 81
1317120781 84
1317120841 84
1317120901 79
1317120961 80
1317121021 82
1317121081 81
1317121141 84
1317121201 81
1317121262 79
1317121322 82
1317121381 81
1317121441 83
1317121501 85
1317121561 82
1317121621 88
1317121681 85
1317121741 87
1317121801 87
1317121861 89
1317121921 91
1317121982 92
1317122041 88
1317122101 91
1317122161 90
1317122221 85
1317122281 88
1317122341 88
1317122401 88
1317122461 86
1317122521 82
1317122582 84
1317122642 83
1317122701 84
1317122761 86
1317122821 87
1317122881 89
1317122941 89
1317123003 90
1317123061 91
1317123121 91
1317123182 96
1317123242 98
1317123301 100
1317123361 101
1317123421 101
1317123481 97
1317123541 96
1317123601 97
1317123661 101
1317123721 99
1317123781 101
1317123842 102
1317123901 101
1317123961 101
1317124021 100
1317124081 103
1317124141 104
1317124201 104
1317124261 99
1317124321 104
1317124382 101
1317124442 101
1317124501 102
1317124561 101
1317124621 104
1317124681 103
1317124741 101
1317124801 103
1317124861 106
1317124921 103
1317124982 105
1317125041 106
1317125101 104
1317125161 101
1317125221 102
1317125281 104
1317125341 108
1317125401 105
1317125461 105
1317125521 105
1317125582 108
1317125641 109
1317125701 112
1317125761 113
1317125821 112
1317125881 114
1317125941 111
1317126001 114
1317126061 114
1317126121 109
1317126182 108
1317126241 108
1317126301 110
1317126361 113
1317126421 118
1317126481 117
1317126541 120
1317126601 117
1317126661 115
1317126721 115
1317126782 115
1317126841 112
1317126901 104
1317126961 104
1317127021 100
1317127081 100
1317127141 100
1317127201 102
1317127261 100
1317127321 105
1317127381 100
1317127442 105
1317127502 107
1317127561 108
1317127621 110
1317127681 114
1317127741 115
1317127801 112
1317127862 119
1317127921 116
1317127981 114
1317128041 111
1317128101 113
1317128161 112
1317128221 111
1317128281 113
1317128341 118
1317128402 118
1317128461 114
1317128521 115
1317128581 114
1317128641 110
1317128701 112
1317128761 108
1317128821 111
1317128881 108
1317128941 110
1317129002 107
1317129062 109
1317129121 111
1317129181 113
1317129241 112
1317129301 109
1317129361 108
1317129421 105
1317129481 107
1317129541 104
1317129602 104
1317129661 102
1317129721 103
1317129781 104
1317129841 104
1317129901 103
1317129961 103
1317130021 102
1317130081 100
1317130141 98
1317130202 98
1317130261 98
1317130321 99
1317130381 97
1317130441 101
1317130501 102
1317130561 102
1317130621 102
1317130681 102
1317130741 103
1317130801 101
1317130862 101
1317130921 101
1317130981 100
1317131041 100
1317131101 100
1317131161 104
1317131221 103
1317131281 100
1317131341 100
1317131402 104
1317131461 101
1317131521 103
1317131581 107
1317131641 105
1317131701 108
1317131761 103
1317131821 100
1317131881 101
1317131941 100
1317132002 95
1317132061 94
1317132121 90
1317132181 90
1317132241 93
1317132301 83
1317132361 88
1317132421 86
1317132481 83
1317132542 84
1317132601 81
1317132661 83
1317132721 84
1317132781 87
1317132841 90
1317132901 90
1317132961 88
1317133021 90
1317133081 89
1317133141 89
1317133202 92
1317133261 86
1317133321 88
1317133381 83
1317133441 81
1317133501 81
1317133561 81
1317133621 81
1317133681 81
1317133741 80
1317133801 82
1317133861 86
1317133922 85
1317133981 85
1317134041 84
1317134101 84
1317134161 83
1317134221 86
1317134281 84
1317134341 82
1317134401 78
1317134461 76
1317134522 75
1317134582 81
1317134641 82
1317134701 83
1317134761 83
1317134821 81
1317134881 81
1317134941 81
1317135001 87
1317135061 86
1317135121 86
1317135181 80
1317135242 83
1317135301 86
1317135361 85
1317135421 84
1317135481 83
1317135541 80
1317135601 76
1317135661 76
1317135721 72
1317135782 75
1317135842 73
1317135901 72
1317135961 73
1317136021 73
1317136081 72
1317136141 72
1317136201 74
1317136261 75
1317136321 77
1317136381 74
1317136441 76
1317136501 78
1317136562 75
1317136621 73
1317136681 74
1317136741 70
1317136801 69
1317136861 62
1317136921 64
1317136981 63
1317137041 59
1317137101 59
1317137162 62
1317137221 62
1317137281 59
1317137341 62
1317137401 62
1317137461 63
1317137521 62
1317137581 64
1317137641 63
1317137702 59
1317137762 60
1317137821 62
1317137881 62
1317137941 62
1317138001 61
1317138061 62
1317138121 63
1317138181 65
1317138241 64
1317138301 63
1317138361 64
1317138421 60
1317138481 59
1317138541 59
1317138602 57
1317138662 55
1317138721 54
1317138781 53
1317138841 50
1317138901 46
1317138961 42
1317139021 44
1317139081 44
1317139141 43
1317139202 44
