1311523261 757
1311523321 769
1311523381 1227
1311523442 1227
1311523501 1227
1311523561 1227
1311523621 1227
1311523681 1227
1311523742 1227
1311523801 1227
1311523861 1227
1311523921 1227
1311523981 1227
1311524041 1227
1311524101 1227
1311524161 1605
1311524221 1703
1311524281 1703
1311524342 1703
1311524401 1703
1311524461 1703
1311524521 1703
1311524581 1703
1311524641 1703
1311524701 1703
1311524761 1703
1311524821 1
1311524881 1
1311524941 1
1311525001 1
1311525061 1
1311525121 1
1311525181 1
1311525241 1
1311525301 1
1311525361 1
1311525421 1
1311525481 0
1311525541 1
1311525602 1
1311525661 1
1311525721 1
1311525781 1
1311525841 1
1311525901 1
1311525961 1
1311526021 1
1311526081 2
1311526141 1
1311526202 2
1311526261 2
1311526321 2
1311526381 2
1311526441 2
1311526501 2
1311526561 2
1311526621 2
1311526681 1
1311526741 2
1311526801 1
1311526861 2
1311526921 2
1311526982 3
1311527041 3
1311527101 3
1311527161 3
1311527221 3
1311527281 3
1311527341 2
1311527401 2
1311527461 1
1311527522 2
1311527581 2
1311527641 2
1311527701 2
1311527761 2
1311527821 2
1311527881 2
1311527942 2
1311528001 3
1311528061 3
1311528121 4
1311528181 2
1311528241 4
1311528301 4
1311528361 4
1311528421 4
1311528481 5
1311528541 5
1311528602 5
1311528661 6
1311528721 5
1311528781 6
1311528841 4
1311528901 7
1311528961 8
1311529021 8
1311529081 8
1311529142 7
1311529201 7
1311529261 6
1311529321 7
1311529381 6
1311529441 6
1311529501 3
1311529561 5
1311529621 6
1311529681 6
1311529741 7
1311529802 7
1311529861 7
1311529921 8
1311529981 8
1311530041 8
1311530101 8
1311530161 6
1311530221 9
1311530281 9
1311530341 9
1311530402 9
1311530461 8
1311530521 9
1311530581 9
1311530641 9
1311530701 9
1311530761 8
1311530821 8
1311530881 8
1311530941 8
1311531001 8
1311531061 7
1311531121 6
1311531181 6
1311531241 7
1311531301 7
1311531361 7
1311531421 4
1311531481 7
1311531541 7
1311531601 7
1311531661 7
1311531721 6
1311531781 7
1311531841 6
1311531901 6
1311531961 6
1311532021 6
1311532081 3
1311532141 6
1311532201 6
1311532262 6
1311532321 6
1311532381 5
1311532441 6
1311532501 6
1311532561 6
1311532621 6
1311532681 6
1311532741 4
1311532801 5
1311532862 5
1311532921 5
1311532981 4
1311533041 4
1311533101 5
1311533161 5
1311533221 5
1311533281 5
1311533342 5
1311533401 3
1311533461 4
1311533521 4
1311533581 4
1311533641 3
1311533701 4
1311533761 4
1311533821 4
1311533881 3
1311533941 4
1311534002 4
1311534061 4
1311534121 4
1311534181 4
1311534241 4
1311534301 3
1311534361 4
1311534421 4
1311534481 4
1311534541 3
1311534602 4
1311534661 4
1311534721 3
1311534781 4
1311534841 4
1311534901 3
1311534961 4
1311535021 4
1311535081 4
1311535142 5
1311535201 5
1311535261 5
1311535321 5
1311535381 4
1311535441 5
1311535501 5
1311535561 4
1311535621 5
1311535682 5
1311535741 5
1311535801 5
1311535861 5
1311535921 5
1311535981 5
1311536041 5
1311536101 5
1311536161 4
1311536221 5
1311536282 6
1311536341 5
1311536401 5
1311536461 6
1311536521 6
1311536581 6
1311536641 6
1311536701 6
1311536761 6
1311536821 5
1311536882 5
1311536941 5
1311537001 4
1311537061 4
1311537121 5
1311537181 5
1311537241 4
1311537301 5
1311537361 5
1311537421 5
1311537482 5
1311537541 5
1311537601 5
1311537661 4
1311537721 4
1311537781 3
1311537841 4
1311537901 3
1311537961 3
1311538021 3
1311538081 3
1311538142 3
1311538201 3
1311538261 3
1311538321 3
1311538381 3
1311538441 2
1311538501 3
1311538561 3
1311538621 3
1311538681 3
1311538742 3
1311538801 3
1311538861 3
1311538921 3
1311538981 4
1311539041 4
1311539101 4
1311539161 4
1311539221 4
1311539281 3
1311539341 4
1311539401 4
1311539461 4
1311539521 4
1311539581 3
1311539641 3
1311539701 3
1311539761 3
1311539821 3
1311539882 2
1311539941 3
1311540001 3
1311540061 3
1311540121 3
1311540181 3
1311540241 3
1311540301 2
1311540361 3
1311540422 3
1311540481 3
1311540541 2
1311540601 3
1311540661 3
1311540721 3
1311540781 3
1311540841 3
1311540901 3
1311540961 3
1311541022 2
1311541081 3
1311541141 3
1311541201 2
1311541261 3
1311541321 3
1311541381 3
1311541441 3
1311541501 3
1311541561 3
1311541622 3
1311541681 2
1311541741 3
1311541801 2
1311541861 3
1311541921 3
1311541981 3
1311542041 3
1311542101 3
1311542162 3
1311542221 3
1311542281 3
1311542341 2
1311542401 3
1311542461 2
1311542521 3
1311542581 3
1311542641 3
1311542701 4
1311542762 4
1311542821 5
1311542881 5
1311542941 5
1311543001 5
1311543061 4
1311543121 5
1311543181 5
1311543241 5
1311543302 4
1311543361 5
1311543421 4
1311543481 5
1311543541 5
1311543601 5
1311543661 4
1311543721 4
1311543781 5
1311543841 5
1311543902 5
1311543961 4
1311544021 4
1311544081 3
1311544141 4
1311544201 4
1311544261 4
1311544321 3
1311544381 5
1311544441 6
1311544501 6
1311544561 6
1311544622 6
1311544681 6
1311544741 5
1311544801 5
1311544861 5
1311544921 4
1311544981 2
1311545041 4
1311545101 5
1311545162 5
1311545221 5
1311545281 5
1311545341 5
1311545401 5
1311545461 5
1311545521 5
1311545581 4
1311545641 2
1311545701 2
1311545762 4
1311545821 4
1311545881 4
1311545941 4
1311546001 4
1311546061 4
1311546121 5
1311546181 5
1311546241 5
1311546301 4
1311546361 4
1311546422 6
1311546481 6
1311546541 6
1311546601 6
1311546661 6
1311546721 5
1311546781 6
1311546841 6
1311546901 6
1311546961 4
1311547022 5
1311547081 5
1311547141 5
1311547201 5
1311547261 5
1311547321 5
1311547381 6
1311547441 7
1311547501 8
1311547561 8
1311547622 9
1311547682 10
1311547741 11
1311547801 11
1311547861 11
1311547922 11
1311547981 9
1311548041 9
1311548101 8
1311548161 8
1311548221 9
1311548281 9
1311548341 9
1311548401 10
1311548461 10
1311548521 10
1311548581 10
1311548642 11
1311548701 10
1311548761 10
1311548821 9
1311548881 9
1311548941 10
1311549001 10
1311549061 11
1311549121 11
1311549182 11
1311549241 10
1311549301 11
1311549361 10
1311549421 10
1311549481 9
1311549541 10
1311549601 10
1311549661 12
1311549721 12
1311549782 13
1311549841 13
1311549901 14
1311549961 14
1311550021 12
1311550081 13
1311550141 14
1311550201 15
1311550261 14
1311550321 17
1311550382 17
1311550441 18
1311550501 17
1311550561 18
1311550621 18
1311550681 15
1311550741 14
1311550801 15
1311550861 15
1311550921 15
1311550981 16
1311551041 15
1311551101 14
1311551161 15
1311551221 17
1311551281 17
1311551341 16
1311551401 17
1311551461 19
1311551521 17
1311551582 17
1311551641 19
1311551701 19
1311551761 20
1311551821 21
1311551881 23
1311551941 23
1311552001 22
1311552062 24
1311552121 26
1311552181 24
1311552241 25
1311552301 27
1311552361 26
1311552421 26
1311552481 28
1311552542 29
1311552601 31
1311552661 30
1311552721 31
1311552781 31
1311552841 34
1311552901 36
1311552961 36
1311553021 37
1311553082 39
1311553141 41
1311553201 43
1311553261 45
1311553321 44
1311553381 47
1311553441 51
1311553501 49
1311553561 48
1311553621 49
1311553682 49
1311553741 49
1311553801 52
1311553861 51
1311553921 52
1311553981 51
1311554041 53
1311554101 53
1311554161 54
1311554222 54
1311554281 56
1311554341 56
1311554401 53
1311554461 54
1311554521 56
1311554581 59
1311554641 55
1311554701 60
1311554762 59
1311554821 62
1311554881 62
1311554941 63
1311555001 64
1311555061 63
1311555121 65
1311555181 63
1311555242 64
1311555301 64
1311555361 66
1311555421 67
1311555481 68
1311555541 67
1311555601 70
1311555661 71
1311555722 73
1311555781 76
1311555841 78
1311555901 79
1311555961 81
1311556021 79
1311556081 80
1311556141 81
1311556201 83
1311556262 83
1311556321 84
1311556381 82
1311556441 81
1311556501 81
1311556561 79
1311556621 79
1311556681 78
1311556741 77
1311556802 78
1311556862 80
1311556921 78
1311556981 80
1311557041 81
1311557101 82
1311557161 81
1311557221 80
1311557282 83
1311557341 82
1311557401 83
1311557461 87
1311557521 87
1311557581 89
1311557641 89
1311557701 94
1311557762 97
1311557821 95
1311557881 93
1311557941 96
1311558001 94
1311558061 99
1311558121 101
1311558181 98
1311558242 95
1311558301 94
1311558361 97
1311558421 101
1311558481 101
1311558541 106
1311558601 102
1311558661 100
1311558721 102
1311558781 102
1311558841 105
1311558901 107
1311558961 104
1311559021 103
1311559081 101
1311559141 92
1311559202 93
1311559261 92
1311559321 92
1311559381 99
1311559441 97
1311559501 97
1311559561 98
1311559621 98
1311559682 97
1311559741 98
1311559801 100
1311559861 99
1311559921 96
1311559981 91
1311560041 93
1311560102 97
1311560161 101
1311560221 98
1311560281 103
1311560341 105
1311560401 100
1311560461 98
1311560521 102
1311560581 102
1311560641 104
1311560701 100
1311560761 97
1311560821 103
1311560881 101
1311560941 101
1311561001 107
1311561062 103
1311561121 104
1311561181 107
1311561241 108
1311561301 111
1311561361 109
1311561422 107
1311561482 109
1311561541 110
1311561601 112
1311561661 112
1311561721 110
1311561781 109
1311561841 105
1311561902 109
1311561962 111
1311562021 112
1311562081 113
1311562141 109
1311562201 111
1311562261 115
1311562321 117
1311562381 114
1311562441 113
1311562501 110
1311562561 113
1311562621 115
1311562681 116
1311562741 121
1311562802 121
1311562861 122
1311562921 120
1311562981 122
1311563041 121
1311563101 122
1311563161 122
1311563222 123
1311563281 122
1311563341 124
1311563401 122
1311563461 123
1311563521 124
1311563581 122
1311563641 125
1311563701 120
1311563761 121
1311563821 121
1311563881 127
1311563941 124
1311564002 126
1311564062 125
1311564121 122
1311564181 126
1311564241 124
1311564301 123
1311564361 128
1311564421 126
1311564481 123
1311564541 126
1311564602 124
1311564661 124
1311564721 126
1311564781 123
1311564841 124
1311564901 123
1311564961 126
1311565021 126
1311565082 122
1311565141 119
1311565201 122
1311565261 123
1311565321 125
1311565381 126
1311565441 128
1311565501 125
1311565562 121
1311565621 120
1311565681 120
1311565741 118
1311565801 116
1311565861 114
1311565921 114
1311565981 117
1311566042 114
1311566101 115
1311566161 113
1311566221 110
1311566281 112
1311566341 115
1311566401 110
1311566462 113
1311566521 114
1311566581 114
1311566641 118
1311566701 118
1311566761 117
1311566821 122
1311566881 115
1311566942 120
1311567002 117
1311567061 119
1311567121 118
1311567181 114
1311567241 110
1311567301 106
1311567361 107
1311567422 101
1311567481 102
1311567541 96
1311567601 96
1311567661 96
1311567721 97
1311567781 95
1311567841 95
1311567902 93
1311567961 90
1311568021 97
1311568081 97
1311568141 99
1311568201 102
1311568261 100
1311568321 97
1311568381 98
1311568441 100
1311568502 98
1311568561 98
1311568621 99
1311568681 102
1311568741 100
1311568801 100
1311568861 98
1311568921 95
1311568981 95
1311569042 96
1311569101 98
1311569161 96
1311569221 94
1311569281 95
1311569341 95
1311569401 92
1311569461 93
1311569521 91
1311569581 91
1311569642 93
1311569701 91
1311569761 92
1311569821 95
1311569881 97
1311569941 95
1311570001 96
1311570062 95
1311570121 98
1311570181 92
1311570241 95
1311570301 96
1311570361 98
1311570421 98
1311570481 99
1311570541 99
1311570602 98
1311570661 101
1311570721 100
1311570781 102
1311570841 98
1311570901 99
1311570961 99
1311571021 102
1311571081 103
1311571141 103
1311571202 103
1311571261 105
1311571321 102
1311571381 105
1311571441 103
1311571501 101
1311571561 98
1311571621 95
1311571681 97
1311571741 98
1311571802 98
1311571861 95
1311571921 97
1311571981 97
1311572041 98
1311572101 102
1311572161 102
1311572221 102
1311572281 102
1311572341 105
1311572402 105
1311572461 103
1311572521 108
1311572581 107
1311572641 109
1311572701 106
1311572761 109
1311572821 111
1311572882 107
1311572941 105
1311573001 108
1311573061 109
1311573121 106
1311573182 107
1311573241 109
1311573301 108
1311573361 108
1311573421 104
1311573481 109
1311573541 107
1311573602 110
1311573661 108
1311573721 107
1311573781 106
1311573841 107
1311573901 107
1311573961 109
1311574021 106
1311574081 106
1311574141 105
1311574201 105
1311574261 104
1311574322 104
1311574381 102
1311574441 106
1311574501 111
1311574561 106
1311574621 112
1311574681 112
1311574741 116
1311574801 113
1311574861 118
1311574921 119
1311574981 114
1311575042 109
1311575101 114
1311575161 114
1311575221 114
1311575281 110
1311575341 108
1311575402 110
1311575461 109
1311575521 110
1311575581 116
1311575641 114
1311575701 110
1311575762 113
1311575821 111
1311575881 112
1311575941 112
1311576001 110
1311576061 113
1311576121 112
1311576182 112
1311576241 118
1311576301 115
1311576361 111
1311576422 113
1311576481 115
1311576541 113
1311576601 114
1311576661 113
1311576721 114
1311576781 116
1311576841 112
1311576901 117
1311576961 118
1311577021 116
1311577081 119
1311577142 120
1311577201 119
1311577261 119
1311577321 121
1311577381 120
1311577441 118
1311577501 118
1311577561 117
1311577622 113
1311577681 115
1311577741 116
1311577801 116
1311577861 118
1311577921 120
1311577981 120
1311578042 123
1311578101 123
1311578161 125
1311578221 122
1311578281 125
1311578341 129
1311578401 132
1311578461 128
1311578522 128
1311578581 128
1311578641 129
1311578701 126
1311578761 128
1311578821 127
1311578881 121
1311578941 120
1311579001 120
1311579061 117
1311579121 116
1311579181 110
1311579241 111
1311579301 112
1311579361 112
1311579421 110
1311579481 111
1311579541 112
1311579601 112
1311579661 115
1311579721 115
1311579782 116
1311579841 118
1311579901 113
1311579961 115
1311580021 116
1311580081 114
1311580141 113
1311580201 113
1311580261 111
1311580322 110
1311580382 116
1311580441 114
1311580501 112
1311580561 108
1311580621 106
1311580681 102
1311580741 102
1311580802 100
1311580861 102
1311580921 95
1311580981 94
1311581041 94
1311581101 95
1311581161 91
1311581221 92
1311581281 94
1311581341 92
1311581402 89
1311581461 92
1311581521 94
1311581582 95
1311581641 93
1311581701 91
1311581761 92
1311581821 90
1311581881 89
1311581941 92
1311582001 92
1311582061 92
1311582122 94
1311582181 94
1311582241 94
1311582301 92
1311582361 94
1311582421 98
1311582481 96
1311582541 93
1311582602 91
1311582662 90
1311582721 93
1311582781 88
1311582841 89
1311582901 88
1311582961 88
1311583021 86
1311583081 87
1311583141 87
1311583201 84
1311583261 83
1311583321 81
1311583381 80
1311583441 80
1311583502 78
1311583561 77
1311583621 78
1311583681 76
1311583741 76
1311583801 74
1311583861 76
1311583921 72
1311583981 69
1311584041 71
1311584101 74
1311584161 74
1311584221 76
1311584281 74
1311584341 69
1311584401 73
1311584461 72
1311584521 75
1311584581 72
1311584641 73
1311584701 72
1311584761 70
1311584821 68
1311584881 69
1311584941 67
1311585001 65
1311585061 67
1311585122 69
1311585181 71
1311585241 70
1311585301 69
1311585361 70
1311585421 69
1311585481 69
1311585541 70
1311585601 68
1311585661 67
1311585721 70
1311585782 67
1311585841 69
1311585901 67
1311585961 69
1311586021 70
1311586081 72
1311586141 76
1311586201 78
1311586261 78
1311586322 77
1311586381 75
1311586441 73
1311586501 72
1311586561 69
1311586621 69
1311586681 70
1311586741 71
1311586801 69
1311586862 69
1311586921 67
1311586981 70
1311587041 68
1311587101 72
1311587161 71
1311587221 68
1311587281 65
1311587341 64
1311587402 66
1311587461 63
1311587521 61
1311587581 63
1311587641 61
1311587701 60
1311587761 62
1311587821 61
1311587882 60
1311587941 62
1311588001 61
1311588061 64
1311588121 62
1311588181 60
1311588241 61
1311588301 59
1311588361 58
1311588421 59
1311588481 59
1311588541 61
1311588601 60
1311588661 61
1311588721 61
1311588781 62
1311588841 59
1311588902 59
1311588961 59
1311589021 55
1311589081 56
1311589141 55
1311589201 57
1311589261 52
1311589322 54
1311589381 53
1311589441 54
1311589501 53
1311589561 52
1311589621 54
1311589681 53
1311589741 52
1311589801 52
1311589861 54
1311589922 55
1311589981 57
1311590041 57
1311590101 59
1311590161 59
1311590221 57
1311590281 57
1311590341 57
1311590401 57
1311590462 56
1311590521 57
1311590581 54
1311590641 57
1311590701 55
1311590761 59
1311590821 59
1311590881 58
1311590942 58
1311591001 56
1311591061 60
1311591121 58
1311591181 61
1311591241 58
1311591301 61
1311591361 60
1311591421 63
1311591482 63
1311591541 62
1311591601 62
1311591661 59
1311591721 62
1311591781 59
1311591841 60
1311591901 57
1311591961 56
1311592022 61
1311592081 61
1311592141 62
1311592201 62
1311592261 61
1311592321 59
1311592381 62
1311592441 60
1311592502 65
1311592561 64
1311592621 62
1311592681 64
1311592741 64
1311592801 62
1311592861 59
1311592921 59
1311592981 57
1311593041 57
1311593102 56
1311593161 57
1311593221 56
1311593281 57
1311593341 59
1311593401 61
1311593461 63
1311593521 64
1311593581 66
1311593641 63
1311593701 59
1311593761 65
1311593821 64
1311593881 66
1311593942 67
1311594001 65
1311594061 66
1311594121 66
1311594181 65
1311594241 66
1311594301 65
1311594361 64
1311594421 66
1311594481 66
1311594542 69
1311594601 71
1311594661 70
1311594721 71
1311594781 68
1311594841 68
1311594901 68
1311594962 66
1311595021 68
1311595081 69
1311595141 69
1311595201 70
1311595261 68
1311595321 67
1311595381 68
1311595441 70
1311595501 69
1311595562 70
1311595621 66
1311595681 65
1311595741 62
1311595801 65
1311595861 69
1311595921 70
1311595981 67
1311596041 69
1311596102 71
1311596161 69
1311596221 68
1311596281 71
1311596341 70
1311596401 71
1311596461 73
1311596521 73
1311596581 71
1311596642 69
1311596701 71
1311596761 69
1311596821 70
1311596881 67
1311596941 67
1311597001 65
1311597061 64
1311597121 65
1311597182 68
1311597241 68
1311597301 68
1311597361 69
1311597421 69
1311597481 68
1311597541 68
1311597601 67
1311597661 66
1311597722 67
1311597781 65
1311597841 66
1311597901 63
1311597961 67
1311598021 72
1311598081 68
1311598141 70
1311598201 69
1311598262 70
1311598322 74
1311598381 74
1311598441 74
1311598501 76
1311598561 76
1311598621 74
1311598681 75
1311598741 76
1311598801 76
1311598861 74
1311598921 72
1311598981 75
1311599041 77
1311599101 76
1311599161 77
1311599221 77
1311599281 75
1311599342 73
1311599401 73
1311599461 76
1311599521 76
1311599581 79
1311599641 79
1311599701 81
1311599761 78
1311599821 78
1311599881 79
1311599941 78
1311600001 76
1311600061 72
1311600121 76
1311600181 73
1311600241 76
1311600302 75
1311600361 70
1311600421 73
1311600481 75
1311600541 73
1311600601 74
1311600661 76
1311600721 74
1311600782 73
1311600841 72
1311600901 74
1311600961 73
1311601021 73
1311601081 74
1311601141 74
1311601201 70
1311601261 67
1311601321 70
1311601382 67
1311601441 66
1311601501 64
1311601561 66
1311601621 64
1311601681 66
1311601741 66
1311601801 66
1311601861 66
1311601922 62
1311601981 65
1311602041 64
1311602101 67
1311602161 66
1311602221 64
1311602281 65
1311602341 65
1311602401 66
1311602462 66
1311602521 62
1311602581 62
1311602641 61
1311602701 59
1311602761 60
1311602821 59
1311602881 57
1311602941 61
1311603001 59
1311603061 61
1311603121 61
1311603181 60
1311603241 60
1311603301 63
1311603361 63
1311603421 66
1311603481 61
1311603541 62
1311603601 64
1311603662 61
1311603721 62
1311603781 61
1311603841 59
1311603901 59
1311603961 58
1311604021 58
1311604081 57
1311604141 55
1311604201 54
1311604262 56
1311604321 55
1311604381 55
1311604441 55
1311604501 55
1311604561 56
1311604621 54
1311604681 55
1311604741 54
1311604802 53
1311604861 49
1311604921 50
1311604981 52
1311605041 52
1311605101 51
1311605161 50
1311605221 49
1311605281 53
1311605342 53
1311605401 54
1311605461 56
1311605521 51
1311605581 50
1311605641 50
1311605701 48
1311605761 47
1311605821 47
1311605881 47
1311605942 49
1311606001 50
1311606061 50
1311606121 51
1311606181 50
1311606241 50
1311606301 48
1311606361 50
1311606421 48
1311606481 49
1311606542 49
1311606601 49
1311606661 47
1311606721 53
1311606781 52
1311606841 54
1311606902 54
1311606961 51
1311607021 51
1311607081 49
1311607141 48
1311607201 47
1311607261 47
1311607321 42
1311607381 43
1311607441 43
1311607501 42
1311607562 40
1311607621 41
1311607681 42
1311607741 43
1311607801 44
1311607861 43
1311607921 42
1311607981 39
1311608041 40
1311608101 40
1311608161 43
1311608221 43
1311608281 40
1311608341 38
1311608401 38
1311608461 38
1311608521 38
1311608581 38
1311608641 35
1311608701 35
1311608762 34
1311608821 33
1311608881 31
1311608941 28
1311609001 28
1311609061 28
1311609121 27
1311609181 30
1311609241 29
1311609301 27
1311609361 29
1311609421 29
1311609482 30
1311609541 29
1311609601 29
