1312473662 48
1312473721 46
1312473781 46
1312473841 45
1312473901 48
1312473961 47
1312474021 47
1312474081 43
1312474141 41
1312474202 40
1312474261 39
1312474321 37
1312474381 37
1312474441 38
1312474501 36
1312474561 34
1312474621 34
1312474681 33
1312474741 34
1312474801 30
1312474862 32
1312474921 31
1312474981 33
1312475041 31
1312475101 34
1312475161 32
1312475221 31
1312475281 30
1312475341 29
1312475402 31
1312475461 29
1312475521 29
1312475581 29
1312475641 28
1312475701 28
1312475761 29
1312475821 28
1312475881 30
1312475941 30
1312476001 29
1312476061 29
1312476121 29
1312476181 29
1312476241 30
1312476301 30
1312476361 31
1312476421 30
1312476481 29
1312476541 28
1312476601 27
1312476661 28
1312476721 28
1312476782 27
1312476841 28
1312476901 29
1312476961 28
1312477021 27
1312477081 27
1312477141 25
1312477201 25
1312477261 23
1312477321 24
1312477381 23
1312477441 24
1312477501 23
1312477561 23
1312477621 23
1312477681 23
1312477741 23
1312477801 24
1312477861 24
1312477921 21
1312477982 22
1312478041 19
1312478101 19
1312478161 20
1312478221 20
1312478281 19
1312478341 20
1312478401 21
1312478461 20
1312478521 20
1312478582 19
1312478641 16
1312478701 16
1312478761 18
1312478821 18
1312478881 19
1312478941 18
1312479001 17
1312479061 18
1312479121 19
1312479181 18
1312479242 20
1312479301 17
1312479361 18
1312479421 18
1312479481 20
1312479541 19
1312479601 19
1312479661 18
1312479721 19
1312479782 18
1312479841 16
1312479901 16
1312479961 15
1312480021 16
1312480081 14
1312480141 18
1312480201 20
1312480261 19
1312480321 17
1312480381 19
1312480442 18
1312480501 18
1312480561 20
1312480621 19
1312480681 20
1312480741 20
1312480801 20
1312480861 20
1312480921 20
1312480981 20
1312481041 19
1312481101 18
1312481162 18
1312481221 19
1312481281 17
1312481341 18
1312481401 17
1312481461 18
1312481521 19
1312481581 19
1312481641 19
1312481701 19
1312481762 19
1312481821 19
1312481881 18
1312481941 19
1312482001 17
1312482061 16
1312482121 16
1312482181 16
1312482241 16
1312482301 16
1312482362 16
1312482421 16
1312482481 16
1312482541 16
1312482601 16
1312482661 15
1312482721 14
1312482781 14
1312482841 15
1312482902 15
1312482962 16
1312483021 16
1312483081 16
1312483141 14
1312483201 15
1312483261 15
1312483321 15
1312483381 14
1312483441 14
1312483502 15
1312483561 13
1312483621 14
1312483681 14
1312483741 12
1312483801 13
1312483861 13
1312483921 13
1312483982 13
1312484041 12
1312484101 12
1312484161 12
1312484221 10
1312484281 12
1312484341 13
1312484401 12
1312484462 13
1312484521 14
1312484581 14
1312484641 14
1312484701 13
1312484761 12
1312484821 11
1312484881 13
1312484941 13
1312485002 14
1312485061 12
1312485121 12
1312485181 13
1312485241 13
1312485301 13
1312485361 12
1312485421 12
1312485481 9
1312485541 12
1312485602 12
1312485661 12
1312485721 11
1312485781 11
1312485841 12
1312485901 12
1312485961 12
1312486021 10
1312486082 11
1312486141 11
1312486201 12
1312486261 12
1312486321 13
1312486381 13
1312486441 13
1312486501 14
1312486561 14
1312486621 14
1312486682 12
1312486741 13
1312486801 12
1312486861 12
1312486921 13
1312486981 13
1312487041 13
1312487101 11
1312487161 13
1312487221 13
1312487282 13
1312487341 11
1312487401 12
1312487461 12
1312487521 11
1312487581 13
1312487641 13
1312487701 13
1312487762 11
1312487821 13
1312487881 13
1312487941 11
1312488001 11
1312488061 14
1312488121 13
1312488181 13
1312488241 15
1312488302 15
1312488361 15
1312488421 14
1312488481 15
1312488541 15
1312488601 13
1312488661 12
1312488721 15
1312488781 14
1312488842 14
1312488901 15
1312488961 15
1312489021 14
1312489081 14
1312489141 15
1312489201 15
1312489261 14
1312489321 12
1312489382 14
1312489441 13
1312489501 14
1312489561 15
1312489621 15
1312489681 14
1312489741 15
1312489801 16
1312489861 15
1312489922 15
1312489981 13
1312490041 14
1312490101 16
1312490161 14
1312490221 16
1312490281 16
1312490341 15
1312490401 15
1312490461 16
1312490522 15
1312490581 15
1312490641 13
1312490701 16
1312490761 15
1312490821 14
1312490881 16
1312490941 15
1312491001 15
1312491061 15
1312491122 16
1312491181 15
1312491241 15
1312491301 13
1312491361 16
1312491421 15
1312491481 16
1312491541 17
1312491602 16
1312491661 16
1312491721 15
1312491781 16
1312491841 15
1312491901 15
1312491961 14
1312492021 17
1312492081 15
1312492142 16
1312492202 16
1312492261 15
1312492321 15
1312492381 15
1312492441 16
1312492501 15
1312492561 15
1312492621 13
1312492682 16
1312492741 14
1312492801 16
1312492861 15
1312492921 15
1312492981 15
1312493041 14
1312493101 15
1312493161 15
1312493222 15
1312493281 11
1312493341 14
1312493401 12
1312493461 14
1312493521 14
1312493581 13
1312493641 14
1312493701 14
1312493761 15
1312493822 15
1312493881 15
1312493941 12
1312494001 14
1312494061 13
1312494121 14
1312494181 15
1312494241 15
1312494301 14
1312494361 13
1312494421 14
1312494481 13
1312494541 14
1312494601 13
1312494661 13
1312494721 11
1312494781 13
1312494841 13
1312494901 15
1312494962 13
1312495021 12
1312495081 15
1312495141 14
1312495201 13
1312495261 14
1312495321 15
1312495381 14
1312495442 14
1312495501 14
1312495561 14
1312495621 13
1312495681 12
1312495741 13
1312495801 13
1312495861 12
1312495921 13
1312495981 11
1312496042 12
1312496101 12
1312496161 11
1312496221 12
1312496281 11
1312496341 12
1312496401 11
1312496461 11
1312496521 12
1312496581 11
1312496641 10
1312496702 11
1312496761 12
1312496821 12
1312496881 13
1312496941 12
1312497001 13
1312497061 13
1312497121 12
1312497181 13
1312497241 12
1312497301 12
1312497361 12
1312497421 15
1312497481 13
1312497541 15
1312497601 15
1312497661 16
1312497721 16
1312497781 16
1312497841 17
1312497901 16
1312497961 16
1312498021 17
1312498081 16
1312498141 16
1312498202 16
1312498261 16
1312498321 17
1312498381 17
1312498441 16
1312498501 18
1312498561 17
1312498621 18
1312498682 24
1312498741 26
1312498801 27
1312498861 25
1312498921 26
1312498981 26
1312499041 27
1312499101 25
1312499161 26
1312499222 25
1312499281 22
1312499341 18
1312499401 19
1312499461 22
1312499521 20
1312499581 21
1312499641 23
1312499701 22
1312499761 21
1312499822 22
1312499881 24
1312499941 28
1312500001 28
1312500061 29
1312500121 29
1312500181 29
1312500241 29
1312500301 31
1312500361 30
1312500421 31
1312500482 30
1312500541 29
1312500601 30
1312500661 29
1312500721 31
1312500781 31
1312500841 31
1312500901 30
1312500961 33
1312501022 32
1312501081 34
1312501141 34
1312501201 32
1312501261 35
1312501321 35
1312501381 37
1312501441 36
1312501501 39
1312501562 39
1312501621 39
1312501681 38
1312501741 36
1312501801 35
1312501861 37
1312501921 37
1312501981 39
1312502041 42
1312502101 41
1312502162 43
1312502221 42
1312502281 44
1312502341 48
1312502401 47
1312502461 49
1312502521 50
1312502581 50
1312502641 48
1312502701 48
1312502761 50
1312502822 53
1312502881 54
1312502941 56
1312503001 58
1312503061 57
1312503121 58
1312503181 57
1312503241 57
1312503302 57
1312503361 59
1312503421 59
1312503481 62
1312503541 60
1312503601 64
1312503661 61
1312503721 60
1312503781 62
1312503841 67
1312503902 67
1312503961 64
1312504021 66
1312504081 63
1312504141 65
1312504201 69
1312504262 68
1312504322 71
1312504381 71
1312504441 70
1312504501 69
1312504561 70
1312504621 69
1312504681 70
1312504741 70
1312504801 67
1312504862 69
1312504921 72
1312504981 75
1312505041 77
1312505101 79
1312505161 79
1312505221 82
1312505281 85
1312505341 89
1312505402 87
1312505461 91
1312505521 87
1312505581 87
1312505641 88
1312505701 90
1312505761 92
1312505821 93
1312505882 93
1312505941 96
1312506001 95
1312506061 91
1312506121 93
1312506181 99
1312506241 101
1312506301 105
1312506362 107
1312506421 112
1312506481 110
1312506541 112
1312506601 115
1312506661 116
1312506721 118
1312506781 115
1312506842 117
1312506901 117
1312506961 117
1312507021 114
1312507081 117
1312507141 116
1312507201 119
1312507261 117
1312507322 122
1312507381 120
1312507441 116
1312507501 119
1312507561 121
1312507621 125
1312507681 128
1312507741 127
1312507802 126
1312507861 132
1312507921 127
1312507981 131
1312508041 132
1312508101 131
1312508161 125
1312508221 124
1312508281 123
1312508342 122
1312508401 132
1312508461 130
1312508521 129
1312508581 130
1312508641 131
1312508701 135
1312508761 138
1312508821 135
1312508881 132
1312508942 134
1312509001 133
1312509061 137
1312509121 138
1312509181 140
1312509241 138
1312509301 136
1312509361 143
1312509421 142
1312509481 142
1312509541 146
1312509602 138
1312509661 137
1312509721 137
1312509781 138
1312509841 142
1312509901 143
1312509961 145
1312510021 151
1312510081 149
1312510141 148
1312510202 150
1312510261 149
1312510321 148
1312510381 147
1312510441 146
1312510502 145
1312510561 143
1312510621 149
1312510681 155
1312510741 154
1312510802 153
1312510861 154
1312510921 155
1312510981 153
1312511041 157
1312511101 158
1312511162 155
1312511221 147
1312511281 144
1312511341 144
1312511402 144
1312511461 149
1312511521 150
1312511581 151
1312511641 152
1312511701 154
1312511761 153
1312511822 157
1312511881 155
1312511941 157
1312512001 157
1312512061 157
1312512122 158
1312512181 162
1312512241 159
1312512301 166
1312512362 165
1312512421 165
1312512481 165
1312512541 165
1312512601 165
1312512662 164
1312512721 168
1312512781 165
1312512841 167
1312512901 169
1312512961 171
1312513021 173
1312513081 175
1312513141 173
1312513201 174
1312513261 175
1312513321 178
1312513381 173
1312513441 173
1312513501 165
1312513561 168
1312513622 164
1312513681 162
1312513741 164
1312513802 167
1312513861 163
1312513921 161
1312513981 160
1312514041 162
1312514101 160
1312514161 160
1312514222 163
1312514282 163
1312514341 162
1312514401 163
1312514461 163
1312514521 163
1312514581 165
1312514641 164
1312514701 164
1312514761 164
1312514821 159
1312514881 165
1312514941 159
1312515002 162
1312515061 160
1312515121 164
1312515181 163
1312515241 165
1312515301 162
1312515361 161
1312515421 159
1312515481 159
1312515541 162
1312515601 154
1312515661 153
1312515721 154
1312515781 156
1312515841 155
1312515901 156
1312515961 155
1312516021 155
1312516081 153
1312516141 152
1312516201 151
1312516262 155
1312516321 153
1312516381 158
1312516441 156
1312516502 157
1312516561 154
1312516621 156
1312516681 157
1312516741 157
1312516801 159
1312516861 154
1312516921 155
1312516981 156
1312517041 154
1312517101 151
1312517161 149
1312517222 151
1312517281 144
1312517341 140
1312517401 133
1312517461 136
1312517521 131
1312517581 128
1312517641 131
1312517702 133
1312517761 132
1312517821 131
1312517881 136
1312517941 137
1312518001 138
1312518061 134
1312518121 137
1312518181 134
1312518241 131
1312518301 132
1312518362 133
1312518421 133
1312518481 133
1312518541 132
1312518601 132
1312518661 133
1312518721 129
1312518781 131
1312518841 129
1312518902 130
1312518961 130
1312519021 128
1312519081 130
1312519141 134
1312519201 137
1312519262 137
1312519321 136
1312519382 131
1312519441 136
1312519501 136
1312519561 133
1312519621 135
1312519681 131
1312519742 135
1312519801 132
1312519861 136
1312519921 134
1312519981 132
1312520041 127
1312520101 129
1312520161 131
1312520222 129
1312520281 133
1312520341 130
1312520401 128
1312520461 124
1312520521 122
1312520581 119
1312520642 121
1312520701 121
1312520761 123
1312520821 122
1312520881 119
1312520941 121
1312521001 125
1312521061 121
1312521121 128
1312521181 127
1312521241 124
1312521301 125
1312521361 125
1312521421 130
1312521481 128
1312521541 131
1312521602 129
1312521661 128
1312521721 123
1312521781 126
1312521842 125
1312521901 122
1312521961 122
1312522021 120
1312522081 120
1312522141 115
1312522202 118
1312522261 120
1312522321 120
1312522381 119
1312522441 120
1312522502 119
1312522561 117
1312522621 113
1312522681 115
1312522741 115
1312522801 117
1312522861 116
1312522922 120
1312522981 121
1312523041 120
1312523101 123
1312523161 122
1312523224 128
1312523282 127
1312523341 124
1312523401 124
1312523461 125
1312523522 120
1312523581 123
1312523642 128
1312523701 127
1312523761 126
1312523821 125
1312523881 131
1312523941 130
1312524001 130
1312524061 132
1312524121 132
1312524181 131
1312524241 133
1312524301 131
1312524361 132
1312524422 133
1312524481 137
1312524541 136
1312524601 129
1312524661 132
1312524721 131
1312524781 132
1312524841 125
1312524901 128
1312524961 134
1312525021 132
1312525081 131
1312525141 131
1312525201 130
1312525261 128
1312525322 130
1312525381 130
1312525441 136
1312525501 136
1312525563 134
1312525621 134
1312525681 135
1312525741 136
1312525801 135
1312525862 135
1312525921 136
1312525981 133
1312526041 127
1312526101 129
1312526161 131
1312526222 129
1312526281 129
1312526341 130
1312526401 134
1312526461 132
1312526521 131
1312526582 129
1312526641 131
1312526701 132
1312526761 132
1312526821 133
1312526881 132
1312526941 131
1312527001 132
1312527061 133
1312527121 134
1312527182 132
1312527241 136
1312527301 139
1312527361 136
1312527421 136
1312527481 139
1312527542 140
1312527601 146
1312527661 144
1312527721 146
1312527782 145
1312527841 143
1312527901 136
1312527961 139
1312528021 141
1312528081 143
1312528141 144
1312528201 139
1312528261 145
1312528321 144
1312528381 145
1312528441 140
1312528501 145
1312528561 143
1312528621 146
1312528681 139
1312528741 152
1312528802 150
1312528861 153
1312528921 154
1312528981 152
1312529041 151
1312529102 146
1312529161 148
1312529222 149
1312529282 143
1312529341 142
1312529401 140
1312529462 144
1312529521 145
1312529581 147
1312529641 151
1312529702 145
1312529762 147
1312529821 147
1312529881 150
1312529941 145
1312530001 148
1312530061 145
1312530121 146
1312530181 147
1312530241 141
1312530301 141
1312530361 143
1312530422 141
1312530481 139
1312530541 142
1312530601 143
1312530661 144
1312530721 141
1312530781 144
1312530842 145
1312530901 145
1312530961 142
1312531021 144
1312531081 146
1312531142 139
1312531201 139
1312531261 137
1312531321 138
1312531381 140
1312531441 139
1312531501 141
1312531561 138
1312531621 136
1312531681 138
1312531741 139
1312531801 132
1312531861 133
1312531921 132
1312531982 129
1312532041 130
1312532101 126
1312532162 124
1312532221 121
1312532281 121
1312532341 121
1312532401 121
1312532461 114
1312532521 115
1312532581 113
1312532642 114
1312532701 116
1312532761 112
1312532821 111
1312532881 107
1312532941 102
1312533001 105
1312533061 105
1312533121 105
1312533181 101
1312533241 98
1312533301 101
1312533362 101
1312533422 99
1312533481 99
1312533541 100
1312533601 99
1312533661 101
1312533721 97
1312533781 97
1312533841 96
1312533901 93
1312533961 97
1312534021 97
1312534081 97
1312534141 95
1312534201 91
1312534262 89
1312534321 91
1312534381 87
1312534441 88
1312534501 84
1312534561 78
1312534621 81
1312534682 82
1312534741 83
1312534801 84
1312534861 81
1312534921 81
1312534981 83
1312535041 84
1312535101 85
1312535162 86
1312535221 86
1312535281 82
1312535341 81
1312535401 79
1312535461 78
1312535521 79
1312535581 81
1312535641 81
1312535702 79
1312535761 74
1312535821 77
1312535881 75
1312535941 77
1312536001 79
1312536061 75
1312536121 76
1312536182 78
1312536241 77
1312536301 79
1312536361 80
1312536421 77
1312536481 76
1312536541 74
1312536601 74
1312536662 75
1312536721 71
1312536781 65
1312536841 69
1312536901 68
1312536961 69
1312537021 66
1312537081 68
1312537142 67
1312537201 68
1312537261 67
1312537321 69
1312537381 69
1312537441 67
1312537501 67
1312537561 67
1312537622 70
1312537681 69
1312537741 68
1312537801 69
1312537861 71
1312537922 72
1312537982 71
1312538042 69
1312538101 74
1312538161 73
1312538221 73
1312538281 73
1312538341 73
1312538401 69
1312538461 70
1312538522 67
1312538581 67
1312538641 66
1312538701 67
1312538761 68
1312538821 66
1312538881 68
1312538941 69
1312539002 70
1312539061 68
1312539121 69
1312539181 70
1312539241 69
1312539301 69
1312539361 70
1312539422 69
1312539481 70
1312539541 69
1312539601 65
1312539661 66
1312539721 67
1312539781 67
1312539841 72
1312539901 70
1312539962 70
1312540021 70
1312540081 68
1312540141 66
1312540201 68
1312540261 65
1312540321 65
1312540381 64
1312540441 60
1312540501 56
1312540561 59
1312540621 58
1312540681 59
1312540741 59
1312540801 59
1312540861 60
1312540921 59
1312540981 59
1312541042 59
1312541101 62
1312541161 59
1312541221 60
1312541281 60
1312541341 60
1312541401 61
1312541461 61
1312541521 61
1312541582 60
1312541642 59
1312541701 57
1312541761 56
1312541821 55
1312541881 54
1312541941 56
1312542001 56
1312542061 56
1312542121 59
1312542181 58
1312542242 61
1312542301 61
1312542361 62
1312542421 63
1312542481 61
1312542541 62
1312542601 62
1312542661 61
1312542721 60
1312542782 59
1312542841 60
1312542901 62
1312542961 62
1312543021 64
1312543081 67
1312543141 66
1312543201 65
1312543261 68
1312543321 70
1312543381 70
1312543441 73
1312543502 69
1312543561 72
1312543621 70
1312543681 70
1312543741 75
1312543801 75
1312543861 77
1312543921 77
1312543981 77
1312544041 73
1312544102 74
1312544161 72
1312544221 72
1312544281 69
1312544341 71
1312544402 70
1312544461 65
1312544521 68
1312544581 71
1312544641 72
1312544701 72
1312544761 69
1312544821 67
1312544881 68
1312544941 68
1312545002 68
1312545061 67
1312545121 66
1312545181 64
1312545241 64
1312545301 65
1312545361 64
1312545421 63
1312545481 64
1312545542 63
1312545601 65
1312545661 65
1312545721 65
1312545781 70
1312545841 71
1312545901 70
1312545961 72
1312546021 72
1312546081 72
1312546141 70
1312546202 72
1312546261 71
1312546321 72
1312546381 72
1312546441 75
1312546501 75
1312546561 75
1312546621 75
1312546681 74
1312546742 75
1312546801 75
1312546861 73
1312546921 75
1312546981 77
1312547041 76
1312547101 77
1312547161 75
1312547221 74
1312547281 73
1312547342 70
1312547401 69
1312547461 68
1312547521 64
1312547581 63
1312547641 65
1312547701 65
1312547761 67
1312547821 69
1312547881 70
1312547942 71
1312548001 71
1312548061 72
1312548121 71
1312548181 69
1312548241 69
1312548301 69
1312548361 67
1312548421 68
1312548481 68
1312548541 67
1312548602 70
1312548661 69
1312548721 67
1312548781 69
1312548841 69
1312548901 70
1312548961 73
1312549021 74
1312549082 73
1312549141 70
1312549201 72
1312549261 72
1312549321 73
1312549381 69
1312549441 70
1312549501 73
1312549561 73
1312549621 73
1312549682 73
1312549741 75
1312549801 75
1312549861 74
1312549921 75
1312549981 71
1312550041 69
1312550101 70
1312550161 76
1312550221 76
1312550281 77
1312550341 74
1312550401 73
1312550461 73
1312550521 72
1312550581 69
1312550641 68
1312550701 65
1312550761 66
1312550822 69
1312550881 65
1312550941 70
1312551001 68
1312551061 69
1312551121 69
1312551181 70
1312551241 70
1312551302 74
1312551362 74
1312551421 71
1312551481 75
1312551541 72
1312551601 70
1312551661 75
1312551721 74
1312551781 75
1312551841 74
1312551902 74
1312551961 71
1312552021 73
1312552081 70
1312552141 74
1312552201 73
1312552261 74
1312552321 73
1312552381 73
1312552441 75
1312552502 73
1312552561 73
1312552621 75
1312552681 75
1312552741 75
1312552801 78
1312552861 78
1312552921 80
1312552981 78
1312553042 77
1312553101 80
1312553161 79
1312553221 75
1312553281 77
1312553341 77
1312553401 74
1312553461 75
1312553521 77
1312553581 80
1312553642 81
1312553701 78
1312553761 82
1312553821 81
1312553881 81
1312553941 81
1312554001 81
1312554061 78
1312554121 77
1312554181 76
1312554242 74
1312554301 78
1312554361 76
1312554421 81
1312554481 76
1312554541 76
1312554601 81
1312554661 78
1312554721 80
1312554781 82
1312554842 83
1312554901 81
1312554961 79
1312555021 79
1312555081 82
1312555141 77
1312555201 77
1312555261 76
1312555321 76
1312555381 78
1312555442 78
1312555501 76
1312555561 76
1312555621 78
1312555681 76
1312555741 81
1312555801 81
1312555861 81
1312555921 83
1312555982 80
1312556041 81
1312556101 82
1312556162 80
1312556221 81
1312556281 81
1312556341 78
1312556401 76
1312556461 79
1312556521 77
1312556581 81
1312556641 81
1312556702 76
1312556761 75
1312556821 75
1312556881 75
1312556941 74
1312557001 76
1312557061 75
1312557121 74
1312557181 74
1312557242 73
1312557301 75
1312557361 73
1312557421 74
1312557481 70
1312557541 70
1312557601 66
1312557661 64
1312557721 62
1312557781 62
1312557841 61
1312557901 60
1312557961 63
1312558021 63
1312558081 63
1312558141 60
1312558201 58
1312558261 57
1312558322 60
1312558381 61
1312558441 64
1312558501 62
1312558561 62
1312558621 60
1312558681 59
1312558741 56
1312558801 56
1312558861 57
1312558921 54
1312558981 56
1312559041 52
1312559101 52
1312559161 50
1312559221 50
1312559281 52
1312559342 54
1312559401 53
1312559461 52
1312559521 51
1312559581 48
1312559641 49
1312559701 48
1312559761 47
1312559821 46
1312559881 47
1312559942 50
1312560001 49
