1304179261 23
1304179321 22
1304179381 23
1304179441 23
1304179501 20
1304179562 20
1304179621 21
1304179681 18
1304179741 19
1304179801 18
1304179861 19
1304179921 19
1304179981 18
1304180041 19
1304180101 19
1304180161 19
1304180221 19
1304180282 17
1304180341 18
1304180401 16
1304180461 17
1304180521 18
1304180581 18
1304180641 17
1304180701 18
1304180761 16
1304180821 16
1304180881 17
1304180941 17
1304181002 17
1304181062 15
1304181121 15
1304181181 14
1304181241 14
1304181301 15
1304181361 14
1304181421 15
1304181481 14
1304181541 15
1304181601 15
1304181661 14
1304181721 14
1304181782 14
1304181841 13
1304181901 12
1304181961 13
1304182021 11
1304182081 12
1304182141 8
1304182201 10
1304182261 10
1304182321 8
1304182381 8
1304182441 9
1304182501 9
1304182562 9
1304182621 9
1304182681 8
1304182741 8
1304182801 7
1304182861 8
1304182921 8
1304182981 8
1304183041 7
1304183101 8
1304183162 6
1304183221 9
1304183281 10
1304183341 9
1304183401 11
1304183461 11
1304183521 11
1304183581 10
1304183641 11
1304183701 10
1304183761 10
1304183821 10
1304183882 10
1304183941 10
1304184001 7
1304184062 8
1304184121 9
1304184181 9
1304184241 10
1304184301 11
1304184361 11
1304184421 11
1304184481 11
1304184541 10
1304184601 11
1304184661 10
1304184721 10
1304184781 11
1304184842 10
1304184901 10
1304184961 10
1304185021 9
1304185081 10
1304185141 10
1304185201 10
1304185261 8
1304185321 9
1304185381 10
1304185441 9
1304185501 10
1304185562 10
1304185621 11
1304185681 10
1304185741 11
1304185801 11
1304185861 12
1304185921 10
1304185981 10
1304186041 11
1304186101 11
1304186161 10
1304186222 9
1304186281 10
1304186341 9
1304186401 9
1304186461 10
1304186521 10
1304186581 9
1304186641 9
1304186701 9
1304186761 10
1304186821 9
1304186881 9
1304186942 9
1304187001 8
1304187061 9
1304187121 8
1304187181 9
1304187241 8
1304187301 8
1304187361 9
1304187421 9
1304187481 8
1304187541 8
1304187602 9
1304187661 9
1304187721 9
1304187781 9
1304187841 8
1304187901 9
1304187961 8
1304188021 9
1304188081 9
1304188141 9
1304188201 8
1304188261 8
1304188321 9
1304188382 8
1304188441 9
1304188501 8
1304188561 8
1304188621 8
1304188681 9
1304188741 9
1304188801 9
1304188861 8
1304188921 9
1304188981 9
1304189041 9
1304189102 8
1304189161 8
1304189221 9
1304189281 8
1304189341 9
1304189401 8
1304189461 8
1304189521 8
1304189581 9
1304189641 9
1304189701 9
1304189761 8
1304189822 8
1304189881 9
1304189941 8
1304190001 9
1304190061 9
1304190121 8
1304190181 9
1304190241 9
1304190301 9
1304190361 9
1304190421 8
1304190481 8
1304190541 9
1304190602 8
1304190661 8
1304190721 9
1304190781 8
1304190841 9
1304190901 9
1304190961 8
1304191021 9
1304191081 9
1304191141 8
1304191201 9
1304191261 8
1304191321 9
1304191382 9
1304191441 8
1304191501 9
1304191561 9
1304191621 8
1304191681 9
1304191741 9
1304191801 9
1304191861 9
1304191921 8
1304191981 9
1304192041 8
1304192102 8
1304192161 9
1304192221 9
1304192281 8
1304192341 9
1304192401 8
1304192461 9
1304192521 8
1304192581 8
1304192641 9
1304192701 8
1304192762 8
1304192821 8
1304192881 9
1304192941 8
1304193001 9
1304193061 8
1304193121 9
1304193181 7
1304193241 8
1304193301 10
1304193361 9
1304193421 10
1304193481 9
1304193542 9
1304193601 9
1304193661 10
1304193721 10
1304193781 10
1304193841 8
1304193901 9
1304193961 9
1304194021 8
1304194081 9
1304194141 8
1304194201 9
1304194262 8
1304194321 8
1304194381 9
1304194441 9
1304194501 7
1304194561 9
1304194621 9
1304194681 8
1304194741 9
1304194801 8
1304194861 9
1304194921 8
1304194982 8
1304195041 9
1304195101 9
1304195161 7
1304195221 7
1304195281 8
1304195341 7
1304195401 8
1304195461 8
1304195521 8
1304195581 8
1304195641 7
1304195702 7
1304195761 8
1304195821 7
1304195881 7
1304195941 8
1304196001 7
1304196061 8
1304196121 8
1304196181 7
1304196241 8
1304196301 8
1304196361 7
1304196422 8
1304196481 7
1304196541 7
1304196601 7
1304196661 7
1304196721 8
1304196781 8
1304196841 7
1304196901 8
1304196961 8
1304197021 7
1304197081 7
1304197142 7
1304197201 7
1304197261 6
1304197321 6
1304197381 7
1304197441 7
1304197501 6
1304197561 7
1304197621 7
1304197681 7
1304197741 6
1304197801 7
1304197862 6
1304197921 7
1304197981 7
1304198041 7
1304198101 7
1304198161 5
1304198221 7
1304198281 7
1304198341 7
1304198401 6
1304198461 7
1304198521 6
1304198581 7
1304198642 7
1304198701 7
1304198761 7
1304198821 5
1304198881 7
1304198941 7
1304199001 7
1304199061 6
1304199121 6
1304199181 6
1304199241 6
1304199302 7
1304199361 7
1304199421 7
1304199481 5
1304199541 7
1304199601 7
1304199661 6
1304199721 6
1304199781 6
1304199841 6
1304199901 7
1304199961 8
1304200022 8
1304200081 8
1304200141 6
1304200201 8
1304200261 8
1304200321 7
1304200381 8
1304200441 8
1304200501 5
1304200561 7
1304200621 8
1304200681 10
1304200742 10
1304200801 8
1304200861 10
1304200921 10
1304200981 10
1304201041 10
1304201101 10
1304201161 8
1304201221 8
1304201281 8
1304201341 8
1304201401 8
1304201461 7
1304201521 8
1304201582 6
1304201641 8
1304201701 8
1304201761 7
1304201821 8
1304201881 6
1304201941 7
1304202001 8
1304202061 8
1304202121 8
1304202181 8
1304202241 8
1304202302 8
1304202361 8
1304202421 7
1304202481 8
1304202541 8
1304202601 8
1304202661 8
1304202721 9
1304202781 8
1304202841 8
1304202901 9
1304202961 9
1304203021 9
1304203081 7
1304203141 8
1304203201 8
1304203261 7
1304203321 6
1304203381 7
1304203441 6
1304203501 6
1304203561 7
1304203621 7
1304203682 7
1304203741 5
1304203801 8
1304203861 7
1304203921 7
1304203981 6
1304204041 7
1304204101 6
1304204161 7
1304204221 7
1304204281 7
1304204341 7
1304204402 4
1304204461 7
1304204521 7
1304204581 7
1304204641 6
1304204701 7
1304204761 6
1304204821 7
1304204881 7
1304204941 7
1304205001 7
1304205061 5
1304205121 6
1304205182 6
1304205241 6
1304205301 5
1304205361 6
1304205421 6
1304205481 6
1304205541 6
1304205601 6
1304205661 7
1304205721 5
1304205781 6
1304205841 6
1304205902 8
1304205961 7
1304206021 7
1304206081 8
1304206141 8
1304206201 9
1304206261 8
1304206321 8
1304206381 8
1304206441 8
1304206501 7
1304206562 9
1304206621 8
1304206681 9
1304206741 10
1304206801 10
1304206861 10
1304206921 10
1304206981 10
1304207041 9
1304207101 9
1304207161 8
1304207221 10
1304207282 8
1304207341 9
1304207401 9
1304207461 9
1304207521 9
1304207581 9
1304207641 9
1304207701 8
1304207761 9
1304207821 9
1304207881 11
1304207941 12
1304208001 13
1304208062 13
1304208121 13
1304208181 13
1304208241 13
1304208301 13
1304208361 11
1304208421 13
1304208481 11
1304208541 11
1304208601 12
1304208661 13
1304208721 13
1304208781 13
1304208842 12
1304208901 13
1304208961 12
1304209021 13
1304209081 13
1304209141 12
1304209201 14
1304209261 15
1304209321 15
1304209381 15
1304209441 16
1304209501 15
1304209562 16
1304209621 14
1304209681 15
1304209741 16
1304209801 17
1304209861 18
1304209921 18
1304209981 18
1304210041 18
1304210101 18
1304210161 17
1304210221 17
1304210282 17
1304210341 17
1304210401 18
1304210461 17
1304210521 19
1304210581 19
1304210641 18
1304210701 19
1304210761 20
1304210821 20
1304210881 20
1304210942 20
1304211001 16
1304211061 18
1304211121 20
1304211181 20
1304211241 21
1304211301 21
1304211361 20
1304211421 19
1304211481 18
1304211541 17
1304211601 17
1304211661 17
1304211722 18
1304211781 19
1304211841 18
1304211901 19
1304211961 19
1304212021 19
1304212081 18
1304212141 19
1304212201 17
1304212261 18
1304212321 16
1304212381 19
1304212442 20
1304212501 19
1304212561 20
1304212621 20
1304212681 20
1304212741 19
1304212801 18
1304212861 20
1304212921 16
1304212981 17
1304213041 19
1304213101 18
1304213161 18
1304213222 19
1304213281 20
1304213341 19
1304213401 21
1304213461 18
1304213521 20
1304213581 16
1304213641 18
1304213701 19
1304213761 20
1304213821 20
1304213882 20
1304213942 20
1304214001 18
1304214061 19
1304214121 19
1304214181 19
1304214241 16
1304214301 19
1304214361 21
1304214421 21
1304214481 21
1304214541 20
1304214601 22
1304214662 21
1304214721 21
1304214781 21
1304214841 22
1304214901 20
1304214961 21
1304215021 23
1304215081 22
1304215141 23
1304215201 21
1304215261 22
1304215321 21
1304215381 22
1304215441 21
1304215501 20
1304215561 20
1304215621 21
1304215681 21
1304215741 22
1304215801 22
1304215861 21
1304215921 22
1304215982 22
1304216041 21
1304216101 21
1304216161 19
1304216221 20
1304216281 23
1304216341 22
1304216401 23
1304216461 23
1304216521 24
1304216581 23
1304216641 25
1304216701 24
1304216762 23
1304216821 25
1304216881 25
1304216941 27
1304217001 27
1304217061 26
1304217121 25
1304217181 26
1304217241 25
1304217301 26
1304217362 26
1304217421 23
1304217481 24
1304217541 27
1304217601 27
1304217661 27
1304217721 26
1304217781 26
1304217841 27
1304217901 26
1304217961 26
1304218022 26
1304218081 26
1304218141 24
1304218201 26
1304218261 25
1304218321 26
1304218381 26
1304218441 26
1304218501 26
1304218561 25
1304218621 24
1304218681 24
1304218742 25
1304218801 23
1304218861 25
1304218921 24
1304218981 23
1304219041 23
1304219101 24
1304219161 24
1304219221 23
1304219281 20
1304219341 21
1304219401 22
1304219461 22
1304219521 22
1304219581 25
1304219641 25
1304219701 24
1304219761 24
1304219821 24
1304219881 24
1304219941 22
1304220001 23
1304220062 23
1304220121 23
1304220181 21
1304220241 24
1304220301 23
1304220361 24
1304220421 24
1304220481 22
1304220541 22
1304220601 22
1304220661 22
1304220722 22
1304220781 23
1304220841 24
1304220901 24
1304220961 24
1304221021 25
1304221081 24
1304221141 22
1304221201 24
1304221261 26
1304221321 24
1304221381 24
1304221442 24
1304221501 25
1304221561 27
1304221621 26
1304221681 27
1304221741 27
1304221801 25
1304221861 24
1304221921 26
1304221981 25
1304222041 22
1304222101 25
1304222162 25
1304222221 26
1304222281 26
1304222341 27
1304222401 26
1304222461 27
1304222521 27
1304222581 29
1304222641 28
1304222701 27
1304222761 28
1304222822 27
1304222881 29
1304222941 28
1304223001 28
1304223061 28
1304223121 26
1304223181 26
1304223241 29
1304223301 28
1304223361 27
1304223421 32
1304223481 31
1304223542 33
1304223601 32
1304223661 32
1304223721 32
1304223781 31
1304223841 29
1304223901 30
1304223961 30
1304224021 27
1304224081 27
1304224141 27
1304224201 28
1304224262 28
1304224321 32
1304224381 29
1304224441 31
1304224501 30
1304224561 30
1304224621 30
1304224681 29
1304224741 27
1304224801 27
1304224861 27
1304224922 28
1304224981 28
1304225041 26
1304225101 28
1304225161 26
1304225221 27
1304225281 27
1304225341 27
1304225401 26
1304225461 25
1304225521 25
1304225581 24
1304225642 24
1304225701 21
1304225761 24
1304225821 23
1304225881 23
1304225941 22
1304226001 23
1304226061 22
1304226121 20
1304226181 20
1304226241 22
1304226302 22
1304226361 21
1304226421 20
1304226481 22
1304226541 23
1304226601 22
1304226661 22
1304226721 23
1304226781 21
1304226841 21
1304226901 23
1304226961 21
1304227022 20
1304227081 21
1304227141 22
1304227201 21
1304227261 22
1304227321 20
1304227381 21
1304227441 22
1304227501 21
1304227561 20
1304227621 20
1304227681 21
1304227742 19
1304227801 23
1304227861 24
1304227921 23
1304227981 24
1304228041 20
1304228101 22
1304228161 22
1304228221 22
1304228281 21
1304228341 23
1304228401 21
1304228462 20
1304228521 19
1304228581 18
1304228641 20
1304228701 18
1304228761 18
1304228821 19
1304228881 17
1304228941 16
1304229001 15
1304229061 18
1304229121 18
1304229182 19
1304229241 18
1304229301 19
1304229361 19
1304229421 19
1304229481 21
1304229541 22
1304229601 20
1304229661 19
1304229721 21
1304229782 22
1304229841 22
1304229901 21
1304229961 21
1304230021 21
1304230081 22
1304230141 21
1304230201 22
1304230261 21
1304230321 22
1304230382 22
1304230441 22
1304230501 22
1304230561 20
1304230621 19
1304230681 21
1304230741 22
1304230801 22
1304230861 22
1304230921 22
1304230981 22
1304231041 23
1304231102 23
1304231161 23
1304231221 23
1304231281 19
1304231341 23
1304231401 23
1304231461 22
1304231521 22
1304231581 22
1304231641 22
1304231701 21
1304231761 22
1304231822 21
1304231881 21
1304231941 18
1304232001 21
1304232061 21
1304232121 20
1304232181 20
1304232241 19
1304232301 20
1304232361 20
1304232421 19
1304232481 20
1304232542 19
1304232601 19
1304232661 20
1304232721 19
1304232781 17
1304232841 20
1304232901 19
1304232961 20
1304233021 21
1304233081 21
1304233141 22
1304233201 19
1304233262 20
1304233321 21
1304233381 20
1304233441 19
1304233501 23
1304233561 22
1304233621 22
1304233681 22
1304233741 21
1304233801 23
1304233861 23
1304233921 23
1304233982 24
1304234041 23
1304234101 20
1304234161 21
1304234221 20
1304234281 20
1304234341 21
1304234401 21
1304234461 22
1304234521 23
1304234581 23
1304234641 22
1304234702 21
1304234761 21
1304234821 23
1304234881 22
1304234941 21
1304235001 21
1304235061 20
1304235121 20
1304235181 21
1304235241 21
1304235301 21
1304235361 20
1304235422 20
1304235481 19
1304235541 20
1304235601 18
1304235661 19
1304235721 19
1304235781 21
1304235841 21
1304235901 21
1304235961 21
1304236021 19
1304236081 22
1304236141 20
1304236202 21
1304236261 20
1304236321 18
1304236381 18
1304236441 17
1304236501 18
1304236561 18
1304236621 18
1304236681 18
1304236741 20
1304236801 20
1304236861 17
1304236922 19
1304236982 17
1304237041 19
1304237101 19
1304237161 21
1304237221 21
1304237281 21
1304237341 21
1304237401 21
1304237461 22
1304237521 20
1304237581 21
1304237641 19
1304237702 21
1304237761 19
1304237821 19
1304237881 19
1304237941 18
1304238001 17
1304238061 17
1304238121 17
1304238181 15
1304238241 17
1304238301 16
1304238362 16
1304238421 17
1304238481 16
1304238541 16
1304238601 15
1304238661 16
1304238721 16
1304238781 16
1304238841 16
1304238901 17
1304238961 17
1304239021 16
1304239081 16
1304239142 17
1304239201 18
1304239261 17
1304239321 17
1304239381 17
1304239441 16
1304239501 17
1304239561 15
1304239621 15
1304239681 15
1304239741 15
1304239802 15
1304239861 14
1304239921 13
1304239981 14
1304240041 15
1304240101 13
1304240161 13
1304240221 12
1304240281 14
1304240341 12
1304240401 12
1304240461 12
1304240522 13
1304240581 11
1304240641 13
1304240701 13
1304240761 13
1304240821 13
1304240881 12
1304240941 13
1304241001 10
1304241061 13
1304241121 13
1304241181 14
1304241242 11
1304241301 14
1304241361 14
1304241421 14
1304241481 15
1304241541 16
1304241601 16
1304241661 15
1304241721 15
1304241781 16
1304241841 17
1304241901 14
1304241962 16
1304242021 16
1304242081 15
1304242141 13
1304242201 14
1304242261 14
1304242321 13
1304242381 12
1304242441 13
1304242501 13
1304242561 13
1304242621 13
1304242682 12
1304242741 12
1304242801 13
1304242861 13
1304242921 13
1304242981 11
1304243041 10
1304243101 12
1304243161 11
1304243221 12
1304243281 12
1304243341 11
1304243402 11
1304243461 11
1304243521 10
1304243581 11
1304243641 10
1304243701 10
1304243761 11
1304243821 11
1304243881 12
1304243941 12
1304244001 12
1304244061 12
1304244121 12
1304244181 13
1304244241 14
1304244301 14
1304244361 13
1304244421 14
1304244481 14
1304244541 16
1304244601 15
1304244661 15
1304244721 16
1304244782 14
1304244841 14
1304244901 13
1304244961 12
1304245021 12
1304245081 13
1304245141 12
1304245201 13
1304245261 13
1304245321 11
1304245381 13
1304245441 12
1304245501 13
1304245562 13
1304245621 13
1304245681 13
1304245741 13
1304245801 13
1304245861 13
1304245921 14
1304245981 13
1304246041 14
1304246101 13
1304246161 14
1304246221 13
1304246281 13
1304246342 12
1304246401 12
1304246461 11
1304246521 11
1304246581 11
1304246641 10
1304246701 10
1304246761 9
1304246821 11
1304246881 13
1304246941 14
1304247001 13
1304247062 14
1304247121 14
1304247181 15
1304247241 15
1304247301 14
1304247361 15
1304247421 14
1304247481 14
1304247541 14
1304247601 16
1304247662 15
1304247721 15
1304247781 16
1304247841 17
1304247901 17
1304247961 16
1304248021 15
1304248081 14
1304248141 15
1304248201 14
1304248262 15
1304248321 15
1304248381 15
1304248441 16
1304248501 16
1304248561 17
1304248621 18
1304248681 18
1304248741 17
1304248801 17
1304248861 17
1304248921 17
1304248982 16
1304249041 15
1304249101 16
1304249161 16
1304249221 16
1304249281 16
1304249341 15
1304249401 15
1304249461 16
1304249521 15
1304249581 16
1304249642 16
1304249701 16
1304249761 16
1304249821 14
1304249881 14
1304249941 16
1304250001 15
1304250061 17
1304250121 17
1304250181 17
1304250241 16
1304250301 17
1304250361 17
1304250422 18
1304250481 18
1304250541 18
1304250601 17
1304250661 15
1304250721 16
1304250781 16
1304250841 17
1304250901 16
1304250961 15
1304251021 16
1304251081 18
1304251142 20
1304251201 20
1304251261 20
1304251321 19
1304251381 20
1304251441 20
1304251501 21
1304251561 21
1304251621 19
1304251681 20
1304251741 20
1304251801 23
1304251862 21
1304251921 22
1304251981 21
1304252041 21
1304252101 21
1304252161 21
1304252221 22
1304252281 19
1304252341 21
1304252401 19
1304252461 21
1304252522 22
1304252581 23
1304252641 23
1304252701 24
1304252761 25
1304252821 25
1304252881 24
1304252941 24
1304253001 25
1304253061 24
1304253121 26
1304253181 24
1304253241 24
1304253301 24
1304253361 25
1304253421 26
1304253481 27
1304253541 25
1304253601 23
1304253661 23
1304253721 22
1304253781 25
1304253841 25
1304253901 23
1304253961 26
1304254021 29
1304254081 30
1304254141 30
1304254201 29
1304254261 29
1304254321 30
1304254381 28
1304254441 28
1304254501 27
1304254561 25
1304254622 23
1304254681 23
1304254741 24
1304254801 25
1304254861 23
1304254921 25
1304254981 24
1304255041 24
1304255101 24
1304255161 23
1304255221 23
1304255282 23
1304255341 23
1304255401 23
1304255461 25
1304255521 23
1304255581 27
1304255641 27
1304255701 30
1304255761 28
1304255821 29
1304255881 28
1304255941 28
1304256002 28
1304256061 28
1304256121 30
1304256181 28
1304256241 29
1304256301 28
1304256361 30
1304256421 27
1304256481 29
1304256541 27
1304256601 30
1304256661 29
1304256722 30
1304256781 30
1304256841 31
1304256901 31
1304256961 31
1304257021 32
1304257081 34
1304257141 35
1304257201 30
1304257261 31
1304257321 32
1304257381 33
1304257442 32
1304257501 33
1304257561 30
1304257621 31
1304257681 27
1304257741 28
1304257801 30
1304257861 28
1304257921 29
1304257981 27
1304258041 29
1304258101 28
1304258162 29
1304258221 29
1304258281 29
1304258341 27
1304258401 30
1304258461 31
1304258521 28
1304258581 31
1304258641 31
1304258701 31
1304258761 31
1304258821 31
1304258882 31
1304258941 32
1304259001 29
1304259061 32
1304259121 32
1304259181 29
1304259241 28
1304259301 31
1304259361 30
1304259421 29
1304259481 30
1304259541 29
1304259601 28
1304259662 24
1304259721 26
1304259781 27
1304259841 27
1304259901 27
1304259961 27
1304260021 27
1304260081 27
1304260141 28
1304260201 29
1304260261 29
1304260321 25
1304260381 26
1304260442 26
1304260501 26
1304260561 28
1304260621 28
1304260681 28
1304260741 29
1304260801 29
1304260861 29
1304260921 30
1304260981 27
1304261041 31
1304261101 30
1304261162 30
1304261221 32
1304261281 32
1304261341 30
1304261401 28
1304261461 30
1304261521 30
1304261581 28
1304261641 25
1304261701 27
1304261761 26
1304261821 25
1304261881 26
1304261942 26
1304262001 27
1304262061 27
1304262121 26
1304262181 26
1304262241 25
1304262301 23
1304262361 24
1304262421 24
1304262481 24
1304262541 23
1304262601 23
1304262662 23
1304262721 23
1304262781 22
1304262841 23
1304262901 22
1304262961 21
1304263021 23
1304263081 22
1304263141 23
1304263201 22
1304263261 21
1304263321 24
1304263382 24
1304263441 25
1304263501 26
1304263561 24
1304263621 21
1304263681 26
1304263741 26
1304263801 27
1304263861 28
1304263921 25
1304263981 27
1304264041 23
1304264102 22
1304264161 23
1304264221 22
1304264281 20
1304264341 22
1304264401 23
1304264461 21
1304264521 21
1304264581 21
1304264641 19
1304264701 20
1304264762 20
1304264821 21
1304264881 18
1304264941 20
1304265001 20
1304265061 18
1304265121 16
1304265181 18
1304265241 17
1304265301 15
1304265361 15
1304265421 15
1304265481 15
1304265541 14
1304265601 15
