1307203261 12
1307203321 13
1307203382 12
1307203441 12
1307203501 13
1307203561 12
1307203621 12
1307203681 11
1307203741 8
1307203801 9
1307203861 11
1307203921 12
1307203981 12
1307204041 10
1307204102 10
1307204161 11
1307204221 10
1307204281 10
1307204341 11
1307204401 10
1307204461 11
1307204521 12
1307204581 12
1307204641 12
1307204701 11
1307204761 10
1307204821 10
1307204881 10
1307204941 10
1307205001 9
1307205061 10
1307205121 9
1307205181 10
1307205241 10
1307205301 10
1307205361 9
1307205421 10
1307205482 9
1307205541 9
1307205601 9
1307205661 7
1307205721 7
1307205781 7
1307205841 8
1307205901 8
1307205961 8
1307206021 7
1307206081 7
1307206141 6
1307206201 6
1307206262 5
1307206321 5
1307206381 5
1307206441 5
1307206501 6
1307206561 6
1307206621 6
1307206681 6
1307206741 6
1307206801 6
1307206861 5
1307206922 6
1307206981 4
1307207041 4
1307207101 4
1307207161 5
1307207221 5
1307207281 5
1307207341 5
1307207401 5
1307207461 5
1307207522 4
1307207581 5
1307207641 4
1307207701 4
1307207761 4
1307207821 5
1307207881 5
1307207941 5
1307208001 5
1307208061 5
1307208121 5
1307208181 4
1307208241 5
1307208302 4
1307208361 5
1307208421 3
1307208481 5
1307208541 5
1307208601 5
1307208661 5
1307208721 4
1307208781 5
1307208841 4
1307208901 5
1307208961 4
1307209022 5
1307209081 4
1307209141 5
1307209201 5
1307209261 5
1307209321 5
1307209381 4
1307209441 5
1307209501 4
1307209561 5
1307209621 4
1307209681 5
1307209741 4
1307209802 5
1307209861 5
1307209921 5
1307209981 5
1307210041 5
1307210101 4
1307210161 4
1307210221 4
1307210281 2
1307210341 4
1307210401 3
1307210461 4
1307210522 4
1307210581 4
1307210641 4
1307210701 4
1307210761 3
1307210821 4
1307210881 4
1307210941 2
1307211001 4
1307211061 3
1307211121 4
1307211181 4
1307211241 4
1307211302 4
1307211361 4
1307211421 3
1307211481 4
1307211541 4
1307211601 2
1307211661 4
1307211721 3
1307211781 4
1307211841 4
1307211901 4
1307211961 4
1307212022 4
1307212081 3
1307212141 3
1307212201 3
1307212261 1
1307212321 3
1307212381 2
1307212441 3
1307212501 3
1307212561 3
1307212621 3
1307212681 3
1307212742 3
1307212801 3
1307212861 3
1307212921 1
1307212981 3
1307213041 2
1307213101 3
1307213161 3
1307213221 3
1307213281 3
1307213341 3
1307213401 3
1307213462 3
1307213522 3
1307213581 1
1307213641 3
1307213701 2
1307213761 3
1307213821 3
1307213881 3
1307213941 3
1307214001 3
1307214061 3
1307214121 3
1307214181 3
1307214242 2
1307214301 3
1307214361 3
1307214421 4
1307214481 4
1307214541 4
1307214601 4
1307214661 4
1307214721 4
1307214781 4
1307214841 4
1307214901 2
1307214962 3
1307215021 3
1307215081 4
1307215141 4
1307215201 4
1307215261 4
1307215321 4
1307215381 4
1307215441 4
1307215501 4
1307215561 2
1307215621 3
1307215681 3
1307215742 4
1307215801 4
1307215861 4
1307215921 4
1307215981 4
1307216041 4
1307216101 4
1307216161 4
1307216221 2
1307216281 3
1307216341 3
1307216401 4
1307216462 4
1307216522 4
1307216581 4
1307216641 4
1307216701 4
1307216761 4
1307216821 4
1307216881 3
1307216941 2
1307217001 3
1307217061 4
1307217122 4
1307217181 4
1307217241 4
1307217301 4
1307217361 4
1307217421 4
1307217481 4
1307217541 3
1307217601 2
1307217661 3
1307217721 4
1307217781 4
1307217842 4
1307217901 4
1307217961 4
1307218021 4
1307218081 4
1307218141 4
1307218201 4
1307218261 1
1307218321 3
1307218381 4
1307218441 4
1307218502 4
1307218561 4
1307218621 4
1307218681 4
1307218741 4
1307218801 4
1307218861 4
1307218921 1
1307218981 3
1307219041 4
1307219101 4
1307219161 4
1307219222 4
1307219282 4
1307219341 4
1307219401 4
1307219461 4
1307219521 4
1307219581 1
1307219641 3
1307219701 4
1307219761 4
1307219821 4
1307219881 4
1307219941 4
1307220002 4
1307220061 4
1307220121 4
1307220181 4
1307220241 1
1307220301 3
1307220361 4
1307220421 4
1307220481 4
1307220541 4
1307220601 4
1307220662 4
1307220721 4
1307220781 4
1307220841 4
1307220901 1
1307220961 2
1307221021 3
1307221081 3
1307221141 3
1307221201 3
1307221261 3
1307221321 3
1307221382 3
1307221441 3
1307221501 3
1307221561 1
1307221621 2
1307221681 3
1307221741 3
1307221801 3
1307221861 3
1307221921 3
1307221981 3
1307222042 3
1307222102 3
1307222161 3
1307222221 1
1307222281 2
1307222341 3
1307222401 3
1307222461 3
1307222521 3
1307222581 3
1307222641 3
1307222701 3
1307222761 3
1307222822 3
1307222881 1
1307222941 3
1307223001 2
1307223061 3
1307223121 3
1307223181 3
1307223241 3
1307223301 3
1307223361 3
1307223421 3
1307223481 3
1307223542 1
1307223601 3
1307223661 2
1307223721 3
1307223781 3
1307223841 3
1307223901 4
1307223961 4
1307224021 4
1307224081 4
1307224141 5
1307224201 3
1307224262 5
1307224321 4
1307224381 5
1307224441 5
1307224501 5
1307224561 5
1307224621 5
1307224681 5
1307224741 4
1307224801 5
1307224861 4
1307224921 5
1307224981 4
1307225041 5
1307225102 5
1307225161 4
1307225221 5
1307225281 5
1307225341 5
1307225401 4
1307225461 5
1307225521 4
1307225581 5
1307225641 4
1307225701 5
1307225761 5
1307225822 4
1307225882 5
1307225941 5
1307226001 5
1307226061 4
1307226121 5
1307226181 4
1307226241 5
1307226301 4
1307226361 5
1307226421 5
1307226481 5
1307226541 4
1307226602 4
1307226661 3
1307226721 4
1307226781 5
1307226841 4
1307226901 5
1307226961 5
1307227021 5
1307227081 5
1307227141 5
1307227201 5
1307227261 5
1307227322 4
1307227381 4
1307227441 5
1307227502 4
1307227561 4
1307227621 5
1307227681 5
1307227741 5
1307227801 5
1307227861 5
1307227921 4
1307227981 4
1307228041 5
1307228101 5
1307228161 4
1307228221 4
1307228281 5
1307228341 5
1307228401 5
1307228461 6
1307228521 6
1307228581 6
1307228641 6
1307228701 6
1307228761 6
1307228821 5
1307228881 5
1307228942 6
1307229001 6
1307229061 6
1307229121 6
1307229181 5
1307229241 5
1307229301 6
1307229361 6
1307229421 6
1307229481 5
1307229542 5
1307229602 7
1307229661 7
1307229721 6
1307229781 7
1307229841 6
1307229901 6
1307229961 7
1307230021 7
1307230081 7
1307230141 6
1307230202 6
1307230262 7
1307230321 7
1307230381 6
1307230441 6
1307230501 7
1307230561 7
1307230621 8
1307230681 8
1307230741 8
1307230801 6
1307230862 7
1307230921 8
1307230981 8
1307231041 7
1307231101 6
1307231161 7
1307231221 7
1307231281 8
1307231341 8
1307231401 8
1307231461 7
1307231521 6
1307231582 8
1307231641 8
1307231701 7
1307231761 7
1307231821 8
1307231881 7
1307231941 8
1307232001 8
1307232061 8
1307232121 7
1307232181 6
1307232242 8
1307232301 8
1307232361 7
1307232421 7
1307232481 8
1307232541 7
1307232601 8
1307232661 8
1307232721 9
1307232781 9
1307232842 7
1307232901 9
1307232961 9
1307233021 8
1307233081 6
1307233141 9
1307233201 8
1307233261 9
1307233321 8
1307233381 8
1307233441 8
1307233501 7
1307233562 7
1307233622 7
1307233681 8
1307233741 6
1307233801 8
1307233861 8
1307233921 8
1307233981 10
1307234041 11
1307234101 10
1307234162 10
1307234221 11
1307234281 10
1307234341 10
1307234401 9
1307234461 10
1307234521 10
1307234581 8
1307234641 10
1307234702 10
1307234761 10
1307234821 9
1307234881 10
1307234941 10
1307235001 10
1307235061 9
1307235121 11
1307235181 11
1307235241 9
1307235301 11
1307235362 12
1307235421 12
1307235481 12
1307235541 12
1307235601 13
1307235661 12
1307235721 12
1307235781 13
1307235841 14
1307235901 14
1307235961 14
1307236022 13
1307236081 13
1307236141 13
1307236201 13
1307236261 14
1307236321 14
1307236381 13
1307236441 13
1307236501 12
1307236561 14
1307236621 15
1307236681 16
1307236742 17
1307236801 16
1307236861 16
1307236921 16
1307236981 16
1307237041 16
1307237101 18
1307237161 16
1307237221 17
1307237281 16
1307237341 15
1307237401 15
1307237461 17
1307237521 17
1307237581 17
1307237641 15
1307237701 16
1307237761 15
1307237821 16
1307237881 15
1307237941 16
1307238002 15
1307238061 14
1307238121 14
1307238181 13
1307238241 13
1307238301 12
1307238361 12
1307238421 10
1307238481 11
1307238541 9
1307238601 12
1307238661 12
1307238722 11
1307238781 13
1307238841 13
1307238901 13
1307238961 14
1307239021 14
1307239081 13
1307239141 14
1307239201 13
1307239261 13
1307239321 13
1307239381 12
1307239442 12
1307239501 12
1307239561 12
1307239621 12
1307239681 12
1307239741 10
1307239801 12
1307239861 11
1307239921 11
1307239981 10
1307240041 10
1307240101 11
1307240162 11
1307240221 12
1307240281 12
1307240341 12
1307240401 9
1307240461 12
1307240521 12
1307240581 13
1307240641 12
1307240701 11
1307240761 11
1307240821 10
1307240882 10
1307240941 10
1307241001 10
1307241061 7
1307241121 9
1307241181 8
1307241241 9
1307241301 9
1307241361 8
1307241421 9
1307241481 9
1307241541 9
1307241601 9
1307241661 8
1307241721 7
1307241781 9
1307241841 8
1307241901 6
1307241961 7
1307242021 6
1307242081 8
1307242141 8
1307242201 8
1307242262 8
1307242322 6
1307242381 5
1307242441 8
1307242501 8
1307242561 7
1307242621 7
1307242681 6
1307242741 7
1307242801 7
1307242861 7
1307242922 8
1307242981 7
1307243041 7
1307243101 9
1307243161 9
1307243221 10
1307243281 9
1307243341 10
1307243401 10
1307243461 10
1307243522 10
1307243582 10
1307243641 7
1307243701 6
1307243761 8
1307243821 7
1307243881 7
1307243941 6
1307244001 6
1307244061 7
1307244121 7
1307244182 6
1307244241 8
1307244301 7
1307244361 6
1307244421 8
1307244481 8
1307244541 8
1307244601 7
1307244661 8
1307244721 8
1307244781 9
1307244842 9
1307244901 9
1307244961 8
1307245021 8
1307245081 9
1307245141 9
1307245201 9
1307245261 8
1307245321 9
1307245381 9
1307245441 7
1307245501 9
1307245562 9
1307245621 7
1307245681 8
1307245741 9
1307245801 9
1307245861 8
1307245921 7
1307245981 9
1307246041 9
1307246101 9
1307246161 9
1307246221 9
1307246282 7
1307246341 8
1307246401 10
1307246461 11
1307246521 10
1307246581 10
1307246641 11
1307246701 10
1307246761 11
1307246821 11
1307246882 11
1307246941 10
1307247001 11
1307247061 11
1307247121 11
1307247181 11
1307247241 12
1307247301 11
1307247361 13
1307247421 14
1307247481 14
1307247541 14
1307247601 13
1307247661 13
1307247721 13
1307247781 14
1307247841 14
1307247901 13
1307247961 11
1307248021 12
1307248081 12
1307248141 11
1307248201 11
1307248262 11
1307248321 11
1307248381 10
1307248441 11
1307248501 10
1307248561 11
1307248621 10
1307248681 12
1307248741 12
1307248801 11
1307248862 11
1307248922 11
1307248981 12
1307249041 12
1307249101 11
1307249161 10
1307249221 10
1307249281 10
1307249341 10
1307249401 10
1307249461 10
1307249521 10
1307249582 8
1307249641 11
1307249701 11
1307249761 11
1307249821 11
1307249881 11
1307249941 11
1307250001 11
1307250061 10
1307250121 10
1307250181 10
1307250241 8
1307250301 10
1307250361 11
1307250421 11
1307250481 11
1307250541 10
1307250601 11
1307250661 12
1307250721 12
1307250781 11
1307250842 12
1307250901 10
1307250961 10
1307251021 10
1307251081 11
1307251141 11
1307251201 12
1307251261 12
1307251321 11
1307251381 10
1307251442 9
1307251501 9
1307251561 9
1307251621 10
1307251681 8
1307251741 10
1307251801 9
1307251861 11
1307251921 11
1307251981 11
1307252041 11
1307252102 10
1307252162 9
1307252221 10
1307252281 11
1307252341 10
1307252401 11
1307252461 11
1307252521 12
1307252581 12
1307252641 12
1307252701 12
1307252762 11
1307252821 9
1307252881 9
1307252941 9
1307253001 7
1307253061 7
1307253121 8
1307253181 9
1307253241 9
1307253301 10
1307253361 11
1307253421 10
1307253481 9
1307253541 10
1307253601 9
1307253661 8
1307253721 8
1307253781 9
1307253841 9
1307253901 8
1307253961 7
1307254021 7
1307254082 7
1307254142 6
1307254201 7
1307254261 8
1307254321 8
1307254381 6
1307254441 9
1307254501 9
1307254561 9
1307254621 9
1307254681 9
1307254742 9
1307254801 8
1307254861 8
1307254921 9
1307254981 8
1307255041 7
1307255101 11
1307255161 11
1307255221 11
1307255281 12
1307255342 12
1307255401 12
1307255461 10
1307255521 11
1307255581 12
1307255641 12
1307255701 11
1307255761 12
1307255821 12
1307255881 11
1307255942 11
1307256001 11
1307256061 11
1307256121 9
1307256181 9
1307256241 9
1307256301 8
1307256361 10
1307256421 11
1307256481 11
1307256541 11
1307256602 11
1307256661 11
1307256721 11
1307256781 10
1307256841 8
1307256901 9
1307256961 7
1307257021 8
1307257081 9
1307257141 9
1307257201 9
1307257262 9
1307257321 9
1307257381 10
1307257441 8
1307257501 10
1307257561 11
1307257621 9
1307257681 10
1307257741 12
1307257801 12
1307257861 12
1307257922 12
1307257981 12
1307258041 12
1307258101 9
1307258161 9
1307258221 10
1307258281 9
1307258341 9
1307258401 9
1307258462 9
1307258521 9
1307258581 8
1307258641 9
1307258701 9
1307258761 5
1307258821 9
1307258881 9
1307258941 9
1307259002 9
1307259061 9
1307259121 10
1307259181 10
1307259241 10
1307259301 10
1307259361 10
1307259421 8
1307259481 10
1307259542 9
1307259601 10
1307259661 11
1307259721 12
1307259781 11
1307259841 11
1307259901 10
1307259961 11
1307260021 10
1307260081 9
1307260141 11
1307260202 10
1307260261 10
1307260321 11
1307260381 12
1307260441 12
1307260501 13
1307260561 13
1307260621 14
1307260681 13
1307260741 12
1307260801 14
1307260862 13
1307260921 13
1307260981 12
1307261041 13
1307261101 12
1307261161 12
1307261221 11
1307261281 13
1307261341 13
1307261401 10
1307261461 14
1307261522 13
1307261581 14
1307261641 12
1307261701 14
1307261761 13
1307261821 13
1307261881 9
1307261941 13
1307262001 13
1307262061 11
1307262121 11
1307262181 12
1307262242 12
1307262301 11
1307262361 12
1307262421 12
1307262481 12
1307262541 9
1307262601 11
1307262661 10
1307262721 12
1307262781 11
1307262842 12
1307262901 12
1307262961 11
1307263021 12
1307263081 13
1307263141 13
1307263201 11
1307263261 12
1307263321 10
1307263381 11
1307263441 10
1307263501 10
1307263561 11
1307263622 10
1307263681 10
1307263741 10
1307263801 10
1307263861 8
1307263921 10
1307263981 9
1307264041 10
1307264101 10
1307264161 11
1307264221 11
1307264282 10
1307264341 12
1307264401 12
1307264461 12
1307264521 11
1307264581 11
1307264641 11
1307264701 11
1307264761 11
1307264821 11
1307264881 10
1307264941 9
1307265002 9
1307265061 10
1307265121 9
1307265181 9
1307265241 9
1307265301 10
1307265361 8
1307265421 10
1307265481 10
1307265541 10
1307265601 9
1307265661 10
1307265722 9
1307265781 9
1307265841 9
1307265901 9
1307265961 10
1307266021 10
1307266081 11
1307266141 11
1307266201 12
1307266261 10
1307266321 12
1307266381 12
1307266442 10
1307266501 12
1307266561 12
1307266621 12
1307266681 10
1307266741 11
1307266801 10
1307266861 11
1307266921 9
1307266981 11
1307267041 11
1307267101 9
1307267161 9
1307267222 9
1307267281 10
1307267341 8
1307267401 11
1307267461 11
1307267521 12
1307267581 10
1307267641 12
1307267701 12
1307267761 11
1307267821 10
1307267881 12
1307267942 12
1307268001 10
1307268061 11
1307268121 11
1307268181 11
1307268241 9
1307268301 11
1307268361 11
1307268421 12
1307268481 10
1307268541 12
1307268602 13
1307268661 13
1307268721 14
1307268781 15
1307268841 15
1307268901 13
1307268961 15
1307269021 15
1307269081 15
1307269141 15
1307269201 13
1307269261 13
1307269322 12
1307269382 13
1307269441 13
1307269501 12
1307269561 11
1307269621 13
1307269681 14
1307269741 14
1307269801 16
1307269861 15
1307269921 16
1307269981 15
1307270042 16
1307270101 16
1307270161 15
1307270221 14
1307270281 13
1307270341 12
1307270401 13
1307270461 13
1307270521 14
1307270581 14
1307270641 13
1307270701 14
1307270761 15
1307270822 14
1307270881 15
1307270941 14
1307271001 13
1307271061 15
1307271121 15
1307271181 13
1307271241 15
1307271301 14
1307271361 16
1307271421 16
1307271481 16
1307271541 17
1307271601 14
1307271661 17
1307271721 16
1307271781 16
1307271841 16
1307271901 16
1307271961 13
1307272021 15
1307272081 15
1307272142 15
1307272202 15
1307272261 12
1307272321 14
1307272381 13
1307272441 14
1307272501 14
1307272561 13
1307272621 12
1307272681 14
1307272741 13
1307272802 14
1307272861 13
1307272921 13
1307272981 14
1307273041 12
1307273101 13
1307273161 13
1307273221 12
1307273281 12
1307273341 13
1307273401 12
1307273461 12
1307273522 11
1307273581 12
1307273641 13
1307273701 12
1307273761 13
1307273821 13
1307273881 13
1307273941 13
1307274001 13
1307274061 12
1307274121 12
1307274181 12
1307274242 12
1307274301 12
1307274361 12
1307274421 13
1307274481 12
1307274541 11
1307274601 13
1307274661 14
1307274721 13
1307274781 16
1307274841 17
1307274902 16
1307274961 17
1307275021 16
1307275081 17
1307275141 16
1307275201 14
1307275261 15
1307275321 16
1307275381 11
1307275441 14
1307275501 15
1307275561 14
1307275622 14
1307275681 15
1307275741 15
1307275801 15
1307275861 14
1307275921 15
1307275981 14
1307276041 11
1307276101 12
1307276161 12
1307276221 12
1307276281 11
1307276342 12
1307276401 13
1307276461 13
1307276521 11
1307276581 14
1307276641 13
1307276701 11
1307276761 13
1307276821 11
1307276881 13
1307276941 13
1307277001 13
1307277061 14
1307277121 14
1307277181 13
1307277241 14
1307277301 14
1307277361 14
1307277421 15
1307277481 12
1307277541 14
1307277601 12
1307277661 13
1307277722 12
1307277781 12
1307277841 11
1307277901 12
1307277961 12
1307278021 12
1307278081 13
1307278141 12
1307278201 13
1307278261 12
1307278321 13
1307278381 13
1307278441 12
1307278502 12
1307278561 13
1307278621 12
1307278681 14
1307278741 14
1307278801 14
1307278861 15
1307278921 15
1307278981 13
1307279041 14
1307279101 13
1307279161 13
1307279222 13
1307279281 15
1307279341 14
1307279401 14
1307279461 14
1307279521 14
1307279581 15
1307279641 15
1307279701 15
1307279761 15
1307279821 13
1307279881 10
1307279941 12
1307280001 11
1307280062 11
1307280121 11
1307280181 12
1307280241 11
1307280301 12
1307280361 11
1307280421 12
1307280481 10
1307280541 9
1307280601 11
1307280661 10
1307280721 10
1307280782 10
1307280841 10
1307280901 11
1307280961 11
1307281021 11
1307281081 12
1307281141 11
1307281201 11
1307281261 13
1307281321 12
1307281381 13
1307281441 13
1307281502 13
1307281561 14
1307281621 13
1307281681 14
1307281741 13
1307281801 14
1307281861 13
1307281921 14
1307281981 14
1307282041 14
1307282101 14
1307282161 15
1307282222 15
1307282281 15
1307282341 15
1307282401 13
1307282461 15
1307282521 14
1307282581 14
1307282641 14
1307282701 13
1307282761 14
1307282821 15
1307282881 15
1307282941 15
1307283002 14
1307283061 11
1307283121 13
1307283181 11
1307283241 13
1307283301 13
1307283361 12
1307283421 14
1307283481 14
1307283541 14
1307283601 14
1307283661 14
1307283722 12
1307283782 14
1307283841 15
1307283901 15
1307283961 15
1307284021 14
1307284081 15
1307284141 16
1307284201 17
1307284261 18
1307284321 17
1307284381 16
1307284442 16
1307284501 18
1307284561 18
1307284621 17
1307284681 15
1307284741 17
1307284801 15
1307284861 15
1307284921 16
1307284981 17
1307285041 14
1307285101 13
1307285162 15
1307285221 15
1307285281 16
1307285341 15
1307285401 17
1307285461 16
1307285521 16
1307285581 15
1307285641 16
1307285701 16
1307285761 15
1307285821 16
1307285882 18
1307285941 16
1307286001 18
1307286061 19
1307286121 19
1307286181 20
1307286241 20
1307286301 20
1307286361 19
1307286421 20
1307286481 18
1307286541 19
1307286602 16
1307286661 17
1307286721 18
1307286781 18
1307286841 18
1307286901 18
1307286961 18
1307287021 16
1307287081 19
1307287141 18
1307287201 18
1307287261 18
1307287322 17
1307287382 15
1307287441 16
1307287501 16
1307287561 15
1307287621 16
1307287681 12
1307287741 15
1307287801 15
1307287861 15
1307287921 15
1307287981 15
1307288041 14
1307288102 15
1307288161 15
1307288221 13
1307288281 13
1307288341 14
1307288401 14
1307288461 13
1307288521 14
1307288581 14
1307288641 13
1307288701 12
1307288761 14
1307288822 14
1307288881 14
1307288941 12
1307289001 14
1307289061 14
1307289121 13
1307289181 15
1307289241 15
1307289301 14
1307289361 13
1307289421 13
1307289481 13
1307289541 12
1307289602 12
