1312214461 38
1312214521 40
1312214581 38
1312214641 37
1312214702 35
1312214761 35
1312214821 35
1312214881 33
1312214941 36
1312215001 33
1312215061 33
1312215121 34
1312215181 35
1312215241 34
1312215302 35
1312215361 35
1312215421 34
1312215481 34
1312215541 29
1312215601 29
1312215661 31
1312215721 28
1312215781 27
1312215841 28
1312215901 31
1312215962 31
1312216021 30
1312216081 30
1312216141 30
1312216201 29
1312216261 30
1312216321 30
1312216381 30
1312216441 27
1312216501 25
1312216561 24
1312216622 24
1312216681 24
1312216741 24
1312216801 21
1312216861 22
1312216921 21
1312216981 21
1312217041 21
1312217101 19
1312217162 22
1312217221 20
1312217281 20
1312217341 19
1312217401 19
1312217461 15
1312217521 19
1312217581 19
1312217641 19
1312217701 19
1312217762 17
1312217821 19
1312217881 20
1312217941 19
1312218001 20
1312218061 20
1312218121 16
1312218181 17
1312218241 19
1312218301 20
1312218361 19
1312218421 18
1312218481 20
1312218541 20
1312218601 18
1312218661 19
1312218721 19
1312218781 16
1312218841 16
1312218901 17
1312218961 16
1312219021 15
1312219081 13
1312219141 17
1312219201 17
1312219261 17
1312219321 16
1312219381 17
1312219442 16
1312219501 14
1312219561 17
1312219621 17
1312219681 17
1312219741 15
1312219801 17
1312219861 17
1312219921 17
1312219981 17
1312220041 15
1312220101 16
1312220161 15
1312220221 15
1312220281 13
1312220341 12
1312220401 10
1312220461 12
1312220521 12
1312220581 10
1312220641 11
1312220701 10
1312220761 10
1312220822 9
1312220881 11
1312220941 10
1312221001 11
1312221061 10
1312221121 10
1312221181 10
1312221241 10
1312221301 9
1312221361 9
1312221421 9
1312221482 9
1312221541 9
1312221601 9
1312221662 8
1312221721 10
1312221781 10
1312221841 10
1312221901 10
1312221961 10
1312222021 9
1312222081 10
1312222141 9
1312222202 9
1312222261 9
1312222321 9
1312222381 9
1312222441 8
1312222501 9
1312222561 9
1312222621 9
1312222681 7
1312222741 9
1312222802 9
1312222861 10
1312222921 9
1312222981 9
1312223041 10
1312223101 10
1312223161 10
1312223221 10
1312223281 10
1312223341 8
1312223402 10
1312223461 9
1312223521 9
1312223581 10
1312223641 9
1312223701 10
1312223761 10
1312223822 9
1312223881 10
1312223941 10
1312224001 8
1312224061 9
1312224121 9
1312224181 9
1312224242 10
1312224301 10
1312224361 11
1312224421 11
1312224481 11
1312224541 12
1312224601 12
1312224662 12
1312224721 10
1312224781 10
1312224841 12
1312224901 12
1312224961 13
1312225021 13
1312225081 13
1312225142 12
1312225201 13
1312225261 13
1312225321 13
1312225381 11
1312225441 11
1312225501 10
1312225561 10
1312225621 12
1312225682 11
1312225741 12
1312225801 12
1312225861 12
1312225921 12
1312225981 13
1312226041 12
1312226101 12
1312226161 11
1312226221 12
1312226282 13
1312226342 12
1312226401 12
1312226461 13
1312226521 14
1312226581 14
1312226641 13
1312226701 13
1312226761 14
1312226821 13
1312226882 13
1312226942 14
1312227001 13
1312227061 14
1312227121 13
1312227181 11
1312227241 11
1312227301 11
1312227361 11
1312227421 12
1312227481 12
1312227542 11
1312227601 11
1312227661 12
1312227721 12
1312227781 12
1312227841 12
1312227901 11
1312227961 12
1312228021 12
1312228081 11
1312228142 13
1312228201 12
1312228261 12
1312228321 13
1312228381 13
1312228441 13
1312228501 13
1312228561 12
1312228621 11
1312228681 12
1312228741 11
1312228801 12
1312228861 11
1312228921 11
1312228981 12
1312229041 11
1312229102 12
1312229161 11
1312229221 11
1312229281 11
1312229341 12
1312229401 12
1312229461 13
1312229521 12
1312229581 11
1312229641 12
1312229701 12
1312229761 12
1312229821 10
1312229881 11
1312229941 11
1312230001 11
1312230061 11
1312230121 10
1312230181 11
1312230242 11
1312230301 11
1312230361 11
1312230421 11
1312230481 9
1312230541 11
1312230601 11
1312230661 12
1312230721 12
1312230781 11
1312230842 11
1312230901 12
1312230961 12
1312231021 12
1312231081 12
1312231141 9
1312231201 10
1312231261 10
1312231321 11
1312231381 11
1312231442 10
1312231501 9
1312231561 10
1312231621 10
1312231681 10
1312231741 11
1312231801 10
1312231861 9
1312231921 9
1312231982 10
1312232041 10
1312232101 10
1312232161 9
1312232221 10
1312232281 10
1312232341 9
1312232401 10
1312232461 9
1312232521 9
1312232581 9
1312232642 10
1312232701 10
1312232761 10
1312232821 10
1312232881 10
1312232941 10
1312233001 10
1312233061 11
1312233121 10
1312233181 11
1312233242 9
1312233301 11
1312233361 12
1312233421 12
1312233481 13
1312233541 12
1312233601 12
1312233661 11
1312233721 12
1312233782 10
1312233841 13
1312233901 11
1312233961 12
1312234021 12
1312234081 11
1312234141 12
1312234201 10
1312234261 11
1312234321 11
1312234381 11
1312234441 10
1312234501 9
1312234561 9
1312234621 8
1312234681 9
1312234741 8
1312234801 9
1312234862 9
1312234921 9
1312234981 9
1312235041 9
1312235101 8
1312235161 8
1312235221 9
1312235281 10
1312235341 11
1312235401 11
1312235461 10
1312235522 11
1312235581 12
1312235641 11
1312235701 12
1312235761 11
1312235821 12
1312235881 10
1312235941 11
1312236001 12
1312236061 12
1312236121 10
1312236182 11
1312236241 11
1312236301 10
1312236361 12
1312236421 9
1312236481 12
1312236541 10
1312236601 11
1312236661 11
1312236721 12
1312236781 10
1312236842 13
1312236901 13
1312236961 11
1312237021 12
1312237081 10
1312237141 12
1312237201 12
1312237261 12
1312237321 11
1312237381 12
1312237441 10
1312237502 11
1312237561 11
1312237621 10
1312237681 11
1312237741 9
1312237801 11
1312237861 10
1312237921 10
1312237981 10
1312238041 9
1312238102 9
1312238162 10
1312238221 11
1312238281 10
1312238341 11
1312238401 7
1312238461 11
1312238521 11
1312238581 11
1312238641 13
1312238702 14
1312238762 13
1312238821 14
1312238881 15
1312238941 15
1312239001 15
1312239061 12
1312239121 16
1312239181 15
1312239241 16
1312239301 18
1312239361 18
1312239422 17
1312239481 18
1312239541 19
1312239601 21
1312239661 22
1312239721 19
1312239781 21
1312239841 20
1312239901 19
1312239961 22
1312240022 21
1312240082 21
1312240141 22
1312240201 21
1312240261 21
1312240321 23
1312240381 21
1312240441 23
1312240501 22
1312240561 22
1312240621 24
1312240682 24
1312240741 24
1312240801 24
1312240861 24
1312240921 21
1312240981 22
1312241041 19
1312241101 22
1312241161 21
1312241221 21
1312241281 21
1312241342 21
1312241401 21
1312241461 22
1312241521 22
1312241581 22
1312241641 23
1312241701 22
1312241761 23
1312241821 24
1312241882 24
1312241941 23
1312242001 27
1312242061 30
1312242121 29
1312242181 31
1312242241 33
1312242301 30
1312242361 28
1312242421 31
1312242481 30
1312242541 30
1312242601 30
1312242661 30
1312242721 33
1312242781 32
1312242841 35
1312242901 34
1312242961 37
1312243021 36
1312243082 39
1312243141 38
1312243201 38
1312243261 38
1312243321 39
1312243381 38
1312243441 35
1312243501 39
1312243561 37
1312243621 37
1312243682 42
1312243741 47
1312243801 45
1312243861 45
1312243921 47
1312243981 53
1312244041 54
1312244102 56
1312244161 57
1312244221 58
1312244281 52
1312244341 56
1312244401 55
1312244461 53
1312244521 53
1312244581 53
1312244641 55
1312244701 54
1312244762 57
1312244821 58
1312244881 58
1312244941 60
1312245001 61
1312245061 61
1312245121 62
1312245182 66
1312245241 65
1312245301 68
1312245361 68
1312245421 71
1312245481 74
1312245542 72
1312245601 79
1312245662 79
1312245722 74
1312245781 75
1312245841 74
1312245901 74
1312245962 77
1312246021 82
1312246081 82
1312246141 91
1312246201 94
1312246261 98
1312246321 96
1312246382 98
1312246441 100
1312246501 100
1312246561 98
1312246621 98
1312246681 98
1312246742 96
1312246802 101
1312246861 100
1312246921 107
1312246981 103
1312247041 107
1312247101 107
1312247162 104
1312247221 103
1312247282 110
1312247342 111
1312247401 110
1312247461 113
1312247521 112
1312247581 115
1312247641 109
1312247701 114
1312247761 118
1312247821 118
1312247881 118
1312247942 120
1312248001 125
1312248061 132
1312248121 135
1312248181 129
1312248241 131
1312248301 131
1312248361 128
1312248422 132
1312248481 132
1312248541 134
1312248601 132
1312248661 131
1312248721 135
1312248782 138
1312248842 137
1312248901 146
1312248961 151
1312249021 155
1312249081 156
1312249141 151
1312249201 153
1312249261 160
1312249321 161
1312249381 161
1312249441 159
1312249502 157
1312249561 154
1312249621 151
1312249681 150
1312249742 153
1312249801 149
1312249861 149
1312249921 150
1312249981 151
1312250041 152
1312250101 151
1312250161 153
1312250221 156
1312250282 151
1312250342 152
1312250401 153
1312250461 155
1312250521 155
1312250581 153
1312250642 156
1312250701 157
1312250761 155
1312250821 151
1312250881 155
1312250942 155
1312251001 153
1312251061 154
1312251121 151
1312251181 157
1312251241 158
1312251301 163
1312251361 163
1312251421 163
1312251481 159
1312251541 157
1312251601 160
1312251662 162
1312251721 160
1312251783 160
1312251841 159
1312251902 153
1312251962 160
1312252021 164
1312252081 167
1312252141 168
1312252202 162
1312252261 161
1312252321 172
1312252382 171
1312252441 173
1312252501 167
1312252561 172
1312252621 169
1312252681 172
1312252741 170
1312252801 176
1312252862 173
1312252921 164
1312252981 168
1312253041 167
1312253101 172
1312253161 167
1312253222 170
1312253281 172
1312253341 176
1312253402 163
1312253462 166
1312253521 176
1312253581 172
1312253641 175
1312253701 171
1312253762 172
1312253821 170
1312253882 168
1312253941 164
1312254001 167
1312254061 163
1312254121 166
1312254181 169
1312254241 168
1312254302 168
1312254362 173
1312254421 170
1312254481 169
1312254541 171
1312254601 173
1312254661 173
1312254721 167
1312254781 165
1312254842 162
1312254901 169
1312254962 168
1312255021 168
1312255081 165
1312255141 173
1312255201 172
1312255262 174
1312255322 173
1312255381 172
1312255441 174
1312255501 169
1312255562 168
1312255622 170
1312255681 173
1312255741 161
1312255801 169
1312255861 165
1312255921 168
1312255982 169
1312256041 167
1312256102 163
1312256163 165
1312256222 165
1312256282 172
1312256341 174
1312256401 169
1312256461 175
1312256522 176
1312256581 183
1312256641 183
1312256701 183
1312256761 180
1312256821 177
1312256882 172
1312256941 171
1312257001 162
1312257061 161
1312257121 156
1312257181 149
1312257241 151
1312257301 156
1312257361 153
1312257421 147
1312257481 148
1312257541 149
1312257602 144
1312257661 143
1312257721 141
1312257781 142
1312257841 140
1312257901 139
1312257961 138
1312258021 139
1312258082 135
1312258141 133
1312258201 134
1312258261 134
1312258321 133
1312258381 133
1312258441 136
1312258501 135
1312258562 132
1312258621 137
1312258681 132
1312258741 134
1312258801 134
1312258861 128
1312258921 126
1312258981 127
1312259041 125
1312259102 124
1312259161 128
1312259221 120
1312259281 122
1312259341 120
1312259401 122
1312259461 124
1312259522 123
1312259581 125
1312259641 124
1312259701 128
1312259762 123
1312259821 125
1312259881 123
1312259941 120
1312260001 124
1312260061 120
1312260122 120
1312260181 119
1312260241 120
1312260301 119
1312260361 124
1312260421 123
1312260481 126
1312260541 125
1312260602 125
1312260661 122
1312260721 123
1312260781 122
1312260841 119
1312260901 122
1312260961 119
1312261021 121
1312261081 121
1312261141 122
1312261201 122
1312261261 123
1312261321 124
1312261381 125
1312261441 124
1312261501 121
1312261561 124
1312261621 126
1312261681 126
1312261741 131
1312261801 126
1312261861 125
1312261921 125
1312261981 123
1312262042 123
1312262101 123
1312262161 122
1312262221 124
1312262281 121
1312262341 120
1312262401 126
1312262462 130
1312262521 129
1312262581 129
1312262641 133
1312262701 137
1312262761 137
1312262821 136
1312262881 136
1312262941 134
1312263002 130
1312263061 135
1312263121 130
1312263181 126
1312263241 124
1312263301 122
1312263361 124
1312263421 126
1312263482 127
1312263541 128
1312263601 132
1312263661 135
1312263721 133
1312263781 135
1312263841 132
1312263902 137
1312263961 138
1312264021 137
1312264081 133
1312264141 129
1312264201 126
1312264261 122
1312264321 126
1312264382 127
1312264441 130
1312264501 133
1312264561 133
1312264621 131
1312264681 135
1312264741 136
1312264802 136
1312264861 137
1312264921 140
1312264981 140
1312265041 141
1312265101 137
1312265161 138
1312265222 139
1312265282 137
1312265341 136
1312265401 136
1312265461 139
1312265521 140
1312265582 136
1312265641 139
1312265701 138
1312265761 143
1312265821 141
1312265881 151
1312265941 154
1312266001 153
1312266061 147
1312266121 150
1312266181 151
1312266241 154
1312266301 151
1312266361 149
1312266421 152
1312266481 151
1312266541 156
1312266601 149
1312266661 148
1312266722 146
1312266782 147
1312266841 148
1312266901 149
1312266961 145
1312267021 146
1312267081 144
1312267142 149
1312267201 149
1312267261 149
1312267321 146
1312267381 145
1312267441 150
1312267502 149
1312267561 146
1312267621 144
1312267681 144
1312267741 145
1312267802 154
1312267862 153
1312267921 159
1312267981 159
1312268041 155
1312268101 157
1312268161 159
1312268221 163
1312268281 161
1312268341 164
1312268402 163
1312268461 162
1312268521 158
1312268581 158
1312268641 154
1312268701 161
1312268762 155
1312268821 150
1312268881 152
1312268941 151
1312269001 150
1312269061 147
1312269121 151
1312269181 146
1312269242 152
1312269301 149
1312269361 158
1312269421 152
1312269481 156
1312269541 153
1312269601 160
1312269661 158
1312269722 158
1312269781 163
1312269841 157
1312269901 153
1312269961 154
1312270021 157
1312270081 153
1312270141 147
1312270202 147
1312270261 148
1312270321 149
1312270381 151
1312270441 149
1312270502 147
1312270561 146
1312270621 150
1312270681 148
1312270741 154
1312270801 152
1312270861 156
1312270922 153
1312270981 153
1312271041 149
1312271101 151
1312271161 147
1312271221 147
1312271281 149
1312271341 144
1312271401 143
1312271461 145
1312271522 145
1312271581 146
1312271641 150
1312271701 150
1312271761 144
1312271821 148
1312271881 144
1312271942 141
1312272001 142
1312272061 146
1312272121 141
1312272181 141
1312272242 136
1312272301 137
1312272361 138
1312272421 135
1312272481 142
1312272541 140
1312272602 134
1312272662 134
1312272721 133
1312272781 130
1312272841 133
1312272901 129
1312272961 128
1312273021 126
1312273081 122
1312273141 120
1312273201 118
1312273261 115
1312273321 113
1312273381 109
1312273441 110
1312273501 107
1312273561 105
1312273622 105
1312273681 105
1312273741 109
1312273801 108
1312273861 107
1312273921 110
1312273981 113
1312274041 111
1312274102 110
1312274161 115
1312274221 114
1312274281 110
1312274341 107
1312274401 106
1312274461 107
1312274521 101
1312274581 103
1312274641 100
1312274701 102
1312274762 97
1312274821 98
1312274881 104
1312274941 101
1312275001 102
1312275061 101
1312275121 100
1312275181 99
1312275242 98
1312275301 98
1312275361 98
1312275421 97
1312275481 96
1312275541 94
1312275601 99
1312275661 95
1312275722 96
1312275781 92
1312275841 92
1312275901 90
1312275961 93
1312276021 89
1312276081 91
1312276141 91
1312276201 88
1312276261 85
1312276321 89
1312276381 90
1312276441 91
1312276501 93
1312276561 93
1312276621 94
1312276681 92
1312276741 94
1312276801 90
1312276861 95
1312276921 91
1312276981 89
1312277041 88
1312277101 85
1312277162 85
1312277221 83
1312277281 83
1312277341 83
1312277401 82
1312277461 82
1312277521 84
1312277581 86
1312277641 84
1312277701 87
1312277761 86
1312277821 85
1312277881 87
1312277941 86
1312278001 85
1312278061 86
1312278122 85
1312278181 85
1312278241 82
1312278301 82
1312278361 84
1312278421 82
1312278481 80
1312278541 80
1312278601 81
1312278661 78
1312278721 77
1312278781 78
1312278841 78
1312278901 74
1312278961 75
1312279021 80
1312279081 80
1312279141 82
1312279202 80
1312279261 81
1312279321 78
1312279381 77
1312279441 75
1312279501 72
1312279561 71
1312279621 72
1312279682 71
1312279741 74
1312279801 74
1312279861 77
1312279921 77
1312279982 75
1312280041 80
1312280101 80
1312280161 80
1312280221 77
1312280281 77
1312280341 75
1312280401 76
1312280461 73
1312280521 75
1312280582 77
1312280641 77
1312280701 77
1312280761 74
1312280821 78
1312280881 77
1312280941 76
1312281001 78
1312281061 78
1312281121 76
1312281182 74
1312281241 73
1312281301 73
1312281361 70
1312281421 72
1312281481 72
1312281541 69
1312281601 71
1312281661 71
1312281721 71
1312281781 71
1312281841 72
1312281901 74
1312281961 77
1312282021 72
1312282081 72
1312282141 74
1312282202 74
1312282261 75
1312282321 75
1312282381 74
1312282441 74
1312282501 73
1312282561 72
1312282621 71
1312282681 70
1312282741 71
1312282802 71
1312282861 70
1312282921 71
1312282981 75
1312283041 71
1312283101 73
1312283161 73
1312283221 71
1312283282 69
1312283341 70
1312283401 73
1312283461 73
1312283521 75
1312283581 77
1312283641 78
1312283701 81
1312283761 79
1312283821 82
1312283881 82
1312283941 83
1312284001 84
1312284061 83
1312284121 82
1312284181 82
1312284241 84
1312284302 84
1312284361 84
1312284421 80
1312284481 99
1312284541 99
1312284601 97
1312284661 100
1312284721 102
1312284781 97
1312284841 101
1312284902 98
1312284961 98
1312285021 95
1312285081 83
1312285141 80
1312285201 80
1312285262 79
1312285321 78
1312285381 78
1312285441 76
1312285501 77
1312285561 79
1312285621 77
1312285681 74
1312285741 77
1312285801 80
1312285862 78
1312285921 80
1312285981 78
1312286041 75
1312286101 79
1312286161 80
1312286221 79
1312286281 78
1312286341 77
1312286401 77
1312286461 82
1312286522 83
1312286581 84
1312286641 84
1312286701 80
1312286761 81
1312286821 82
1312286881 81
1312286941 80
1312287001 77
1312287061 79
1312287122 80
1312287181 80
1312287241 79
1312287301 80
1312287361 82
1312287421 82
1312287481 84
1312287541 86
1312287601 84
1312287662 80
1312287721 85
1312287781 87
1312287841 87
1312287901 90
1312287961 89
1312288021 89
1312288081 90
1312288141 90
1312288201 89
1312288261 87
1312288321 85
1312288382 84
1312288441 89
1312288501 87
1312288561 87
1312288621 87
1312288681 85
1312288741 86
1312288801 87
1312288862 87
1312288921 88
1312288981 88
1312289041 87
1312289101 91
1312289161 93
1312289221 96
1312289281 99
1312289342 95
1312289401 97
1312289461 94
1312289521 98
1312289581 100
1312289641 95
1312289701 97
1312289761 97
1312289821 96
1312289881 92
1312289941 96
1312290001 100
1312290061 100
1312290121 95
1312290181 93
1312290241 95
1312290301 94
1312290361 96
1312290422 97
1312290481 94
1312290541 92
1312290601 88
1312290661 88
1312290721 86
1312290781 88
1312290841 87
1312290901 86
1312290961 85
1312291022 83
1312291082 85
1312291141 85
1312291201 84
1312291261 84
1312291321 85
1312291381 89
1312291441 88
1312291501 90
1312291561 91
1312291621 92
1312291681 97
1312291741 98
1312291801 100
1312291861 101
1312291921 100
1312291981 97
1312292041 98
1312292101 97
1312292161 96
1312292222 96
1312292281 92
1312292341 98
1312292401 99
1312292461 100
1312292521 98
1312292581 100
1312292641 99
1312292701 97
1312292761 96
1312292821 94
1312292881 93
1312292941 91
1312293001 91
1312293062 94
1312293121 92
1312293181 95
1312293241 95
1312293301 97
1312293361 101
1312293421 100
1312293481 103
1312293541 104
1312293602 107
1312293661 104
1312293721 108
1312293781 105
1312293841 103
1312293901 103
1312293961 104
1312294021 103
1312294081 101
1312294142 99
1312294201 96
1312294261 98
1312294321 96
1312294381 96
1312294441 98
1312294501 96
1312294561 96
1312294622 96
1312294681 96
1312294741 96
1312294801 92
1312294861 93
1312294921 93
1312294981 91
1312295041 92
1312295101 92
1312295162 94
1312295221 95
1312295281 95
1312295341 96
1312295401 97
1312295461 94
1312295521 95
1312295581 91
1312295642 94
1312295701 95
1312295761 92
1312295821 91
1312295881 90
1312295941 91
1312296001 88
1312296061 87
1312296121 83
1312296182 88
1312296242 89
1312296301 87
1312296361 88
1312296421 86
1312296481 86
1312296541 84
1312296601 86
1312296661 86
1312296721 85
1312296781 82
1312296842 78
1312296901 82
1312296962 80
1312297021 80
1312297081 79
1312297141 76
1312297201 75
1312297261 76
1312297321 73
1312297381 71
1312297441 73
1312297501 70
1312297561 73
1312297621 72
1312297681 71
1312297741 74
1312297801 71
1312297861 71
1312297922 73
1312297982 72
1312298041 73
1312298101 70
1312298161 70
1312298221 71
1312298281 72
1312298341 72
1312298401 71
1312298461 70
1312298521 71
1312298581 71
1312298641 70
1312298702 71
1312298761 67
1312298821 70
1312298881 70
1312298941 70
1312299001 69
1312299061 69
1312299121 70
1312299181 69
1312299242 65
1312299301 67
1312299361 62
1312299421 63
1312299481 64
1312299541 64
1312299601 62
1312299661 62
1312299722 60
1312299781 61
1312299841 60
1312299901 58
1312299961 59
1312300021 60
1312300081 61
1312300141 57
1312300201 60
1312300261 59
1312300321 59
1312300381 58
1312300441 56
1312300501 57
1312300561 56
1312300621 54
1312300681 54
1312300741 54
1312300801 52
