1316534462 52
1316534522 51
1316534581 54
1316534641 53
1316534701 50
1316534761 50
1316534821 48
1316534881 49
1316534941 47
1316535001 50
1316535061 49
1316535122 48
1316535182 48
1316535241 49
1316535301 46
1316535361 46
1316535421 45
1316535481 42
1316535541 47
1316535601 45
1316535661 48
1316535722 47
1316535781 45
1316535841 42
1316535901 43
1316535961 43
1316536021 44
1316536081 43
1316536141 40
1316536201 41
1316536261 41
1316536321 41
1316536381 41
1316536442 40
1316536501 40
1316536561 42
1316536621 41
1316536681 41
1316536741 43
1316536801 42
1316536861 41
1316536921 42
1316536981 41
1316537041 39
1316537102 38
1316537161 36
1316537221 37
1316537281 35
1316537341 35
1316537401 34
1316537461 36
1316537521 36
1316537581 35
1316537641 35
1316537701 35
1316537761 35
1316537821 36
1316537881 35
1316537941 35
1316538001 32
1316538061 28
1316538121 31
1316538181 32
1316538241 33
1316538302 33
1316538362 31
1316538421 31
1316538481 30
1316538541 32
1316538601 33
1316538661 31
1316538722 30
1316538781 31
1316538841 32
1316538901 32
1316538961 31
1316539022 31
1316539082 30
1316539141 27
1316539201 30
1316539261 30
1316539321 28
1316539381 27
1316539441 27
1316539502 29
1316539561 28
1316539621 28
1316539681 28
1316539741 27
1316539801 28
1316539861 29
1316539921 28
1316539981 28
1316540041 26
1316540101 27
1316540161 28
1316540222 29
1316540281 29
1316540341 30
1316540401 25
1316540461 29
1316540521 29
1316540581 29
1316540641 29
1316540701 25
1316540762 28
1316540822 28
1316540881 29
1316540941 29
1316541001 29
1316541061 25
1316541121 28
1316541181 29
1316541241 28
1316541301 29
1316541361 25
1316541421 27
1316541481 26
1316541541 28
1316541601 26
1316541662 27
1316541721 27
1316541781 17
1316541841 29
1316541901 29
1316541962 27
1316542021 27
1316542081 28
1316542141 27
1316542201 28
1316542261 28
1316542321 28
1316542381 27
1316542441 24
1316542502 26
1316542562 27
1316542621 26
1316542681 26
1316542741 26
1316542801 27
1316542861 27
1316542921 27
1316542981 28
1316543041 26
1316543102 27
1316543161 28
1316543221 28
1316543281 28
1316543341 27
1316543401 29
1316543461 29
1316543521 29
1316543581 28
1316543641 27
1316543702 27
1316543762 27
1316543821 25
1316543881 26
1316543941 25
1316544001 24
1316544061 25
1316544121 26
1316544181 26
1316544242 24
1316544302 25
1316544361 26
1316544421 25
1316544481 25
1316544541 25
1316544601 26
1316544662 25
1316544722 26
1316544781 26
1316544841 27
1316544901 25
1316544961 26
1316545021 27
1316545081 26
1316545141 26
1316545201 27
1316545262 26
1316545321 26
1316545381 27
1316545441 26
1316545501 24
1316545561 24
1316545621 26
1316545681 27
1316545742 27
1316545802 25
1316545861 26
1316545921 26
1316545981 26
1316546041 25
1316546101 24
1316546161 23
1316546221 23
1316546281 25
1316546341 25
1316546402 25
1316546461 26
1316546521 26
1316546581 26
1316546641 26
1316546701 24
1316546761 24
1316546821 25
1316546881 23
1316546942 24
1316547001 25
1316547061 25
1316547121 25
1316547181 25
1316547241 25
1316547301 25
1316547361 22
1316547421 23
1316547482 23
1316547541 23
1316547601 23
1316547661 24
1316547721 25
1316547781 25
1316547841 25
1316547901 25
1316547962 24
1316548021 21
1316548081 23
1316548141 22
1316548201 21
1316548261 24
1316548321 22
1316548381 24
1316548441 24
1316548502 23
1316548562 24
1316548621 23
1316548681 21
1316548741 21
1316548801 23
1316548861 23
1316548921 24
1316548981 23
1316549041 24
1316549101 24
1316549162 24
1316549221 23
1316549281 24
1316549341 21
1316549401 21
1316549461 21
1316549521 22
1316549581 25
1316549641 24
1316549701 25
1316549762 24
1316549821 25
1316549881 24
1316549941 25
1316550001 22
1316550061 20
1316550121 24
1316550181 22
1316550241 26
1316550302 25
1316550362 26
1316550421 25
1316550481 26
1316550541 25
1316550601 26
1316550661 23
1316550721 22
1316550781 23
1316550841 24
1316550902 25
1316550961 26
1316551021 26
1316551081 26
1316551141 27
1316551201 26
1316551261 26
1316551321 22
1316551382 23
1316551441 25
1316551501 26
1316551561 26
1316551621 27
1316551681 27
1316551741 27
1316551801 27
1316551861 26
1316551921 26
1316551982 25
1316552042 23
1316552101 24
1316552161 26
1316552221 27
1316552281 27
1316552341 28
1316552401 28
1316552461 28
1316552521 29
1316552582 25
1316552642 26
1316552701 27
1316552761 26
1316552821 28
1316552881 27
1316552941 26
1316553001 28
1316553061 28
1316553121 27
1316553181 26
1316553242 23
1316553301 22
1316553361 26
1316553421 25
1316553481 26
1316553541 24
1316553601 24
1316553661 26
1316553721 26
1316553781 26
1316553841 26
1316553902 22
1316553961 21
1316554021 25
1316554081 25
1316554141 28
1316554201 29
1316554261 29
1316554321 28
1316554381 29
1316554441 30
1316554502 29
1316554561 26
1316554621 25
1316554681 29
1316554741 28
1316554801 27
1316554861 28
1316554921 30
1316554981 30
1316555041 30
1316555102 31
1316555161 30
1316555221 30
1316555281 26
1316555341 31
1316555401 30
1316555461 30
1316555522 29
1316555581 30
1316555641 31
1316555701 30
1316555761 29
1316555821 28
1316555881 29
1316555941 24
1316556003 28
1316556061 27
1316556121 27
1316556181 28
1316556241 27
1316556301 27
1316556362 26
1316556421 24
1316556481 25
1316556541 27
1316556601 26
1316556661 26
1316556721 25
1316556781 26
1316556841 25
1316556901 26
1316556962 26
1316557021 26
1316557081 24
1316557141 22
1316557201 19
1316557261 23
1316557321 23
1316557381 22
1316557441 23
1316557502 22
1316557562 24
1316557621 22
1316557681 21
1316557741 22
1316557801 22
1316557861 21
1316557921 22
1316557981 22
1316558041 24
1316558101 23
1316558162 22
1316558221 24
1316558281 23
1316558341 23
1316558401 22
1316558461 21
1316558521 24
1316558581 23
1316558641 20
1316558701 23
1316558762 23
1316558821 23
1316558881 22
1316558941 22
1316559001 22
1316559061 21
1316559121 22
1316559181 22
1316559241 22
1316559301 21
1316559361 23
1316559422 23
1316559482 24
1316559541 22
1316559601 24
1316559661 23
1316559721 21
1316559781 24
1316559841 24
1316559901 24
1316559961 24
1316560022 26
1316560081 28
1316560141 28
1316560201 27
1316560261 26
1316560321 26
1316560381 25
1316560441 26
1316560501 26
1316560562 24
1316560621 26
1316560681 25
1316560741 27
1316560801 28
1316560861 28
1316560921 27
1316560981 31
1316561041 32
1316561101 33
1316561162 35
1316561221 32
1316561281 33
1316561341 34
1316561401 38
1316561461 39
1316561521 41
1316561581 46
1316561641 49
1316561702 50
1316561762 50
1316561821 54
1316561881 53
1316561941 55
1316562001 58
1316562061 62
1316562121 58
1316562181 59
1316562242 65
1316562302 70
1316562361 71
1316562421 69
1316562481 71
1316562541 72
1316562601 73
1316562661 74
1316562721 78
1316562781 79
1316562841 79
1316562902 84
1316562961 86
1316563021 91
1316563081 91
1316563141 93
1316563201 91
1316563261 94
1316563321 102
1316563381 99
1316563441 97
1316563502 101
1316563561 104
1316563621 101
1316563681 105
1316563741 104
1316563801 114
1316563861 112
1316563921 109
1316563981 113
1316564042 115
1316564101 112
1316564161 111
1316564221 115
1316564281 116
1316564341 116
1316564401 109
1316564461 114
1316564521 117
1316564582 117
1316564641 119
1316564701 123
1316564761 130
1316564821 134
1316564881 133
1316564941 135
1316565001 139
1316565061 136
1316565122 137
1316565181 145
1316565241 144
1316565301 145
1316565361 145
1316565421 147
1316565481 148
1316565541 155
1316565601 160
1316565662 162
1316565721 163
1316565781 161
1316565841 159
1316565901 161
1316565961 163
1316566021 167
1316566081 171
1316566141 165
1316566201 168
1316566261 177
1316566321 179
1316566381 178
1316566441 179
1316566501 179
1316566561 173
1316566621 169
1316566682 173
1316566742 177
1316566801 176
1316566861 177
1316566921 179
1316566981 174
1316567041 178
1316567101 176
1316567161 179
1316567221 186
1316567282 188
1316567341 189
1316567401 193
1316567461 195
1316567521 196
1316567581 201
1316567641 207
1316567701 208
1316567762 209
1316567821 209
1316567881 207
1316567941 210
1316568001 205
1316568061 201
1316568121 199
1316568181 199
1316568241 198
1316568302 194
1316568361 197
1316568421 191
1316568481 193
1316568541 195
1316568601 198
1316568661 202
1316568721 209
1316568781 206
1316568842 205
1316568901 206
1316568961 208
1316569021 210
1316569081 208
1316569141 212
1316569201 212
1316569261 217
1316569321 219
1316569382 219
1316569441 220
1316569501 218
1316569561 217
1316569621 219
1316569681 220
1316569741 217
1316569801 218
1316569861 217
1316569922 217
1316569982 218
1316570041 219
1316570101 217
1316570161 218
1316570221 222
1316570281 226
1316570341 230
1316570401 228
1316570461 222
1316570522 218
1316570582 223
1316570641 225
1316570701 228
1316570761 231
1316570821 227
1316570881 237
1316570941 231
1316571002 237
1316571062 230
1316571121 241
1316571183 244
1316571241 239
1316571302 246
1316571362 250
1316571421 244
1316571481 239
1316571541 243
1316571601 242
1316571661 251
1316571721 254
1316571783 253
1316571841 269
1316571901 272
1316571962 274
1316572022 284
1316572081 286
1316572141 293
1316572201 292
1316572261 291
1316572321 296
1316572381 307
1316572441 292
1316572502 302
1316572561 309
1316572621 304
1316572681 304
1316572741 333
1316572801 338
1316572861 347
1316572921 344
1316572982 362
1316573041 365
1316573102 358
1316573161 354
1316573221 362
1316573281 355
1316573341 342
1316573401 354
1316573461 349
1316573521 348
1316573581 336
1316573642 352
1316573701 354
1316573761 353
1316573821 355
1316573881 358
1316573941 354
1316574002 349
1316574062 356
1316574122 354
1316574181 348
1316574241 346
1316574301 351
1316574361 355
1316574421 358
1316574481 359
1316574542 351
1316574601 351
1316574661 346
1316574721 345
1316574781 346
1316574841 339
1316574901 351
1316574962 359
1316575022 356
1316575081 364
1316575141 362
1316575201 360
1316575261 363
1316575321 360
1316575381 353
1316575441 350
1316575502 350
1316575561 350
1316575621 351
1316575681 344
1316575741 352
1316575801 347
1316575861 352
1316575921 363
1316575981 369
1316576042 368
1316576101 361
1316576161 357
1316576221 369
1316576281 379
1316576341 382
1316576402 381
1316576461 374
1316576521 364
1316576581 353
1316576641 352
1316576701 358
1316576761 358
1316576821 341
1316576881 332
1316576942 325
1316577001 320
1316577061 319
1316577121 310
1316577181 312
1316577241 307
1316577302 301
1316577361 305
1316577422 303
1316577481 303
1316577541 291
1316577601 294
1316577661 290
1316577721 293
1316577781 296
1316577841 297
1316577902 284
1316577961 271
1316578021 273
1316578081 263
1316578141 261
1316578202 261
1316578261 256
1316578321 254
1316578381 250
1316578442 251
1316578501 240
1316578561 243
1316578621 244
1316578682 242
1316578742 242
1316578801 245
1316578861 248
1316578921 245
1316578981 242
1316579042 237
1316579101 231
1316579161 230
1316579221 233
1316579281 234
1316579341 227
1316579401 234
1316579461 234
1316579521 237
1316579582 240
1316579641 240
1316579701 240
1316579761 239
1316579821 238
1316579881 241
1316579941 246
1316580001 238
1316580061 239
1316580121 239
1316580182 234
1316580242 242
1316580301 245
1316580361 239
1316580421 243
1316580481 243
1316580541 246
1316580601 243
1316580661 245
1316580721 252
1316580782 256
1316580841 257
1316580901 257
1316580961 265
1316581021 259
1316581081 263
1316581141 262
1316581201 254
1316581261 259
1316581322 251
1316581381 251
1316581441 249
1316581501 255
1316581561 249
1316581621 250
1316581681 258
1316581742 260
1316581802 265
1316581861 259
1316581921 262
1316581981 260
1316582041 264
1316582101 264
1316582161 265
1316582222 267
1316582281 259
1316582341 261
1316582401 254
1316582461 257
1316582521 260
1316582581 263
1316582641 266
1316582702 263
1316582762 262
1316582821 262
1316582881 261
1316582941 261
1316583001 265
1316583061 261
1316583121 259
1316583181 254
1316583241 254
1316583302 259
1316583361 258
1316583421 261
1316583481 260
1316583541 267
1316583601 275
1316583661 275
1316583721 280
1316583781 281
1316583841 286
1316583902 291
1316583961 291
1316584021 297
1316584081 291
1316584141 292
1316584202 300
1316584261 306
1316584321 305
1316584381 300
1316584442 300
1316584501 301
1316584561 302
1316584621 301
1316584681 302
1316584741 294
1316584802 303
1316584862 306
1316584922 314
1316584981 318
1316585041 317
1316585101 318
1316585161 317
1316585221 311
1316585281 318
1316585342 327
1316585401 321
1316585461 335
1316585521 338
1316585581 334
1316585642 337
1316585701 336
1316585762 346
1316585822 358
1316585881 360
1316585941 361
1316586001 344
1316586061 345
1316586121 340
1316586181 351
1316586242 350
1316586302 359
1316586361 358
1316586421 354
1316586481 348
1316586541 344
1316586601 350
1316586661 350
1316586722 351
1316586781 345
1316586841 336
1316586901 338
1316586961 334
1316587021 332
1316587081 336
1316587142 334
1316587201 332
1316587261 318
1316587321 323
1316587381 325
1316587441 320
1316587502 324
1316587561 330
1316587621 330
1316587681 337
1316587741 334
1316587802 333
1316587862 337
1316587921 334
1316587981 336
1316588041 332
1316588101 335
1316588161 335
1316588222 335
1316588281 329
1316588341 322
1316588401 325
1316588461 316
1316588521 315
1316588581 313
1316588641 315
1316588702 312
1316588761 317
1316588821 315
1316588881 321
1316588941 328
1316589001 320
1316589061 317
1316589122 320
1316589182 324
1316589241 325
1316589301 317
1316589361 310
1316589421 311
1316589481 304
1316589542 296
1316589602 296
1316589661 296
1316589721 288
1316589781 284
1316589841 285
1316589901 282
1316589961 281
1316590021 279
1316590082 279
1316590141 290
1316590201 288
1316590261 285
1316590321 278
1316590381 278
1316590441 277
1316590502 272
1316590562 271
1316590621 264
1316590681 271
1316590741 270
1316590801 279
1316590861 274
1316590921 275
1316590981 266
1316591042 264
1316591101 262
1316591161 263
1316591221 267
1316591281 260
1316591341 264
1316591401 262
1316591461 266
1316591521 265
1316591581 268
1316591642 270
1316591701 266
1316591761 261
1316591821 257
1316591881 245
1316591941 249
1316592001 242
1316592061 245
1316592121 239
1316592181 225
1316592242 225
1316592301 219
1316592361 217
1316592421 216
1316592481 215
1316592541 210
1316592601 207
1316592662 210
1316592722 208
1316592781 212
1316592841 210
1316592901 205
1316592961 200
1316593021 199
1316593081 198
1316593141 197
1316593201 199
1316593262 187
1316593321 191
1316593381 183
1316593441 174
1316593501 179
1316593561 179
1316593621 179
1316593681 175
1316593741 168
1316593801 166
1316593862 167
1316593921 171
1316593981 175
1316594041 176
1316594101 176
1316594161 176
1316594221 174
1316594281 174
1316594341 176
1316594401 166
1316594462 168
1316594521 159
1316594581 156
1316594641 151
1316594701 148
1316594761 144
1316594821 144
1316594881 146
1316594941 146
1316595001 147
1316595061 149
1316595121 146
1316595181 143
1316595241 145
1316595301 143
1316595361 141
1316595421 137
1316595481 132
1316595541 128
1316595601 125
1316595662 125
1316595721 124
1316595781 130
1316595841 129
1316595901 132
1316595961 130
1316596021 134
1316596081 132
1316596141 130
1316596201 129
1316596262 126
1316596322 122
1316596381 119
1316596441 118
1316596501 116
1316596561 116
1316596621 112
1316596681 113
1316596741 113
1316596801 113
1316596861 114
1316596922 116
1316596982 114
1316597041 114
1316597101 116
1316597161 114
1316597221 114
1316597281 111
1316597341 112
1316597401 111
1316597461 108
1316597521 109
1316597582 110
1316597641 111
1316597701 110
1316597761 108
1316597821 104
1316597881 105
1316597941 105
1316598001 105
1316598061 101
1316598121 102
1316598182 99
1316598241 102
1316598301 102
1316598361 103
1316598421 103
1316598481 98
1316598541 95
1316598601 101
1316598661 98
1316598722 95
1316598781 96
1316598841 91
1316598901 93
1316598961 92
1316599021 94
1316599081 93
1316599141 91
1316599201 92
1316599261 89
1316599321 91
1316599382 92
1316599441 94
1316599501 92
1316599561 93
1316599621 95
1316599681 95
1316599741 95
1316599801 94
1316599861 91
1316599921 91
1316599981 91
1316600042 91
1316600101 87
1316600161 85
1316600221 87
1316600281 86
1316600341 88
1316600401 83
1316600461 84
1316600521 85
1316600581 84
1316600642 81
1316600701 82
1316600761 82
1316600821 81
1316600881 81
1316600941 76
1316601001 78
1316601061 79
1316601121 81
1316601181 83
1316601241 86
1316601302 87
1316601361 91
1316601421 88
1316601481 89
1316601541 89
1316601601 92
1316601661 91
1316601721 91
1316601781 93
1316601841 90
1316601902 87
1316601961 86
1316602021 85
1316602081 86
1316602141 88
1316602201 88
1316602261 93
1316602321 90
1316602381 86
1316602441 88
1316602502 86
1316602562 84
1316602621 85
1316602681 86
1316602741 87
1316602801 87
1316602861 85
1316602921 86
1316602981 89
1316603041 88
1316603102 93
1316603162 95
1316603221 96
1316603281 99
1316603341 96
1316603401 97
1316603461 102
1316603521 102
1316603581 100
1316603641 102
1316603701 101
1316603762 101
1316603821 101
1316603881 99
1316603941 99
1316604001 96
1316604061 95
1316604121 99
1316604181 99
1316604241 100
1316604301 97
1316604361 97
1316604421 95
1316604481 97
1316604541 98
1316604601 101
1316604661 96
1316604721 97
1316604781 98
1316604841 98
1316604901 99
1316604962 100
1316605022 100
1316605081 102
1316605141 100
1316605201 99
1316605261 101
1316605321 102
1316605381 101
1316605441 104
1316605501 107
1316605561 102
1316605622 102
1316605681 103
1316605741 103
1316605801 107
1316605861 107
1316605921 106
1316605981 110
1316606041 108
1316606101 107
1316606161 108
1316606221 107
1316606282 104
1316606341 104
1316606401 101
1316606461 105
1316606521 106
1316606581 101
1316606641 108
1316606701 106
1316606761 103
1316606821 105
1316606882 105
1316606942 101
1316607001 104
1316607061 107
1316607121 109
1316607181 111
1316607241 107
1316607301 108
1316607361 108
1316607421 110
1316607482 110
1316607541 109
1316607601 114
1316607661 108
1316607721 111
1316607781 113
1316607841 114
1316607901 115
1316607961 116
1316608021 115
1316608082 117
1316608141 117
1316608201 115
1316608261 118
1316608321 119
1316608381 120
1316608441 120
1316608501 120
1316608561 121
1316608621 122
1316608681 123
1316608742 123
1316608801 121
1316608861 123
1316608921 128
1316608981 126
1316609041 126
1316609101 130
1316609161 129
1316609221 127
1316609281 126
1316609342 129
1316609402 128
1316609461 127
1316609521 127
1316609581 127
1316609641 128
1316609701 126
1316609761 130
1316609821 131
1316609881 134
1316609941 131
1316610002 130
1316610062 131
1316610121 132
1316610181 130
1316610241 131
1316610301 131
1316610361 131
1316610421 130
1316610481 129
1316610541 128
1316610601 133
1316610662 131
1316610721 124
1316610781 128
1316610841 132
1316610901 128
1316610961 133
1316611021 132
1316611081 133
1316611141 138
1316611201 134
1316611262 133
1316611322 130
1316611381 131
1316611441 130
1316611501 132
1316611561 126
1316611621 127
1316611681 128
1316611741 126
1316611801 126
1316611861 127
1316611922 123
1316611982 124
1316612041 124
1316612101 125
1316612161 121
1316612221 122
1316612281 125
1316612341 125
1316612401 121
1316612461 121
1316612522 121
1316612582 119
1316612641 119
1316612701 118
1316612761 122
1316612821 119
1316612881 124
1316612941 124
1316613001 125
1316613061 123
1316613121 123
1316613181 124
1316613242 125
1316613301 124
1316613361 119
1316613421 124
1316613481 117
1316613541 119
1316613601 121
1316613661 119
1316613721 115
1316613782 117
1316613842 117
1316613901 119
1316613961 114
1316614021 113
1316614081 110
1316614141 113
1316614201 113
1316614261 111
1316614321 115
1316614382 106
1316614442 109
1316614501 108
1316614561 112
1316614621 112
1316614681 113
1316614741 114
1316614801 119
1316614861 119
1316614921 120
1316614982 119
1316615042 113
1316615101 116
1316615161 120
1316615221 115
1316615281 119
1316615341 113
1316615401 113
1316615461 109
1316615522 107
1316615582 109
1316615641 103
1316615701 103
1316615761 103
1316615821 105
1316615881 107
1316615941 108
1316616001 103
1316616061 105
1316616122 103
1316616182 99
1316616241 101
1316616301 99
1316616361 96
1316616421 95
1316616481 91
1316616541 89
1316616601 87
1316616661 91
1316616722 88
1316616782 90
1316616841 91
1316616901 87
1316616961 89
1316617021 91
1316617081 88
1316617141 91
1316617201 92
1316617261 90
1316617322 94
1316617381 92
1316617441 92
1316617501 92
1316617561 92
1316617621 88
1316617681 89
1316617741 84
1316617801 87
1316617861 87
1316617922 89
1316617981 86
1316618041 87
1316618101 87
1316618161 84
1316618221 84
1316618281 81
1316618341 78
1316618401 79
1316618462 81
1316618521 78
1316618581 76
1316618641 76
1316618701 74
1316618761 74
1316618821 74
1316618881 75
1316618941 76
1316619001 69
1316619061 73
1316619122 71
1316619181 72
1316619241 74
1316619301 75
1316619361 74
1316619421 72
1316619481 72
1316619541 70
1316619601 71
1316619661 71
1316619722 70
1316619782 67
1316619841 66
1316619901 64
1316619961 63
1316620021 67
1316620081 65
1316620141 66
1316620201 67
1316620261 60
1316620321 63
1316620382 65
1316620442 62
1316620501 66
1316620561 66
1316620621 62
1316620681 63
1316620741 63
1316620801 65
