1305907261 11
1305907321 11
1305907381 11
1305907441 10
1305907501 11
1305907561 12
1305907621 12
1305907682 12
1305907741 12
1305907801 12
1305907861 12
1305907921 12
1305907981 12
1305908041 13
1305908101 10
1305908161 10
1305908221 10
1305908281 9
1305908341 9
1305908402 11
1305908461 10
1305908521 10
1305908581 10
1305908641 10
1305908701 8
1305908761 9
1305908821 9
1305908881 10
1305908941 8
1305909001 7
1305909061 9
1305909122 9
1305909181 9
1305909241 9
1305909301 9
1305909361 7
1305909421 9
1305909481 8
1305909541 8
1305909601 9
1305909661 9
1305909721 11
1305909781 11
1305909841 11
1305909902 11
1305909961 11
1305910021 9
1305910081 11
1305910141 11
1305910201 11
1305910261 9
1305910321 8
1305910381 11
1305910441 12
1305910501 12
1305910562 12
1305910621 11
1305910681 11
1305910741 9
1305910801 8
1305910861 8
1305910921 8
1305910981 4
1305911041 7
1305911101 7
1305911161 7
1305911221 7
1305911281 6
1305911341 7
1305911401 6
1305911461 6
1305911522 7
1305911581 7
1305911641 5
1305911701 5
1305911761 6
1305911821 6
1305911881 6
1305911941 6
1305912001 6
1305912061 5
1305912121 5
1305912181 6
1305912241 6
1305912301 5
1305912361 5
1305912422 6
1305912481 6
1305912541 5
1305912601 5
1305912661 5
1305912721 4
1305912781 4
1305912841 6
1305912901 5
1305912961 5
1305913021 6
1305913081 6
1305913141 6
1305913201 6
1305913261 6
1305913321 6
1305913381 5
1305913441 4
1305913501 5
1305913561 4
1305913621 4
1305913681 5
1305913741 5
1305913802 5
1305913861 5
1305913921 6
1305913981 6
1305914041 6
1305914101 4
1305914161 6
1305914221 5
1305914281 5
1305914341 6
1305914401 6
1305914461 6
1305914521 6
1305914581 6
1305914641 6
1305914701 6
1305914761 4
1305914821 5
1305914882 5
1305914941 5
1305915001 6
1305915061 6
1305915121 6
1305915181 6
1305915241 6
1305915301 6
1305915361 6
1305915421 5
1305915481 5
1305915541 5
1305915602 5
1305915661 6
1305915721 5
1305915781 6
1305915841 6
1305915901 6
1305915961 6
1305916021 6
1305916081 5
1305916141 5
1305916201 5
1305916261 5
1305916322 6
1305916381 5
1305916441 6
1305916501 6
1305916561 6
1305916621 6
1305916681 5
1305916741 5
1305916801 5
1305916861 5
1305916921 5
1305916982 6
1305917041 6
1305917101 5
1305917161 6
1305917221 6
1305917281 6
1305917341 5
1305917401 5
1305917461 6
1305917521 5
1305917581 5
1305917641 6
1305917702 6
1305917761 5
1305917821 6
1305917881 6
1305917941 6
1305918001 5
1305918061 5
1305918121 6
1305918181 5
1305918241 5
1305918301 6
1305918361 6
1305918422 5
1305918481 6
1305918541 6
1305918601 6
1305918661 5
1305918721 5
1305918781 6
1305918841 5
1305918901 6
1305918961 6
1305919021 6
1305919081 5
1305919141 6
1305919201 6
1305919261 6
1305919321 5
1305919381 5
1305919441 6
1305919501 4
1305919561 6
1305919621 6
1305919681 6
1305919741 5
1305919802 6
1305919861 5
1305919921 6
1305919981 5
1305920041 6
1305920101 6
1305920161 4
1305920221 6
1305920281 6
1305920341 6
1305920401 6
1305920461 6
1305920522 6
1305920581 5
1305920641 4
1305920701 6
1305920761 6
1305920821 5
1305920881 6
1305920941 6
1305921001 6
1305921061 6
1305921121 6
1305921182 6
1305921241 5
1305921301 4
1305921361 5
1305921421 5
1305921481 4
1305921541 5
1305921601 4
1305921661 5
1305921721 5
1305921781 5
1305921841 5
1305921902 4
1305921961 5
1305922021 4
1305922081 5
1305922141 4
1305922201 5
1305922261 4
1305922321 5
1305922381 5
1305922441 5
1305922501 5
1305922561 4
1305922622 5
1305922681 4
1305922741 5
1305922801 5
1305922861 4
1305922921 4
1305922981 5
1305923041 5
1305923101 5
1305923161 4
1305923221 4
1305923281 5
1305923342 4
1305923401 5
1305923461 5
1305923521 5
1305923581 5
1305923641 4
1305923701 5
1305923761 5
1305923821 4
1305923881 4
1305923941 5
1305924001 4
1305924062 5
1305924121 4
1305924181 5
1305924241 5
1305924301 5
1305924361 5
1305924421 5
1305924481 4
1305924541 4
1305924601 5
1305924661 4
1305924721 5
1305924781 4
1305924841 5
1305924901 4
1305924961 5
1305925021 5
1305925081 5
1305925141 4
1305925201 4
1305925261 5
1305925321 4
1305925381 5
1305925441 4
1305925502 5
1305925561 4
1305925621 5
1305925681 5
1305925741 5
1305925801 4
1305925861 4
1305925921 5
1305925981 4
1305926041 5
1305926102 4
1305926161 5
1305926221 4
1305926281 5
1305926341 5
1305926401 5
1305926461 5
1305926521 3
1305926581 5
1305926641 5
1305926701 5
1305926761 4
1305926822 5
1305926881 4
1305926941 5
1305927001 5
1305927061 5
1305927121 5
1305927181 4
1305927241 4
1305927301 5
1305927361 5
1305927421 4
1305927482 5
1305927541 4
1305927601 5
1305927661 5
1305927721 5
1305927781 5
1305927841 4
1305927901 4
1305927961 5
1305928021 5
1305928081 4
1305928142 5
1305928201 5
1305928261 5
1305928321 5
1305928381 5
1305928441 5
1305928501 5
1305928561 5
1305928621 6
1305928681 6
1305928741 5
1305928801 5
1305928861 6
1305928921 6
1305928982 6
1305929041 6
1305929101 5
1305929161 6
1305929221 6
1305929281 6
1305929341 7
1305929401 6
1305929461 6
1305929521 7
1305929581 7
1305929641 6
1305929701 7
1305929761 5
1305929821 6
1305929881 6
1305929941 6
1305930001 7
1305930061 6
1305930121 7
1305930181 7
1305930241 7
1305930301 6
1305930361 6
1305930422 5
1305930481 6
1305930541 5
1305930601 5
1305930661 7
1305930721 6
1305930781 7
1305930841 8
1305930901 9
1305930961 9
1305931021 9
1305931081 8
1305931141 8
1305931202 8
1305931261 7
1305931321 8
1305931381 7
1305931441 5
1305931501 6
1305931561 6
1305931621 6
1305931681 6
1305931741 5
1305931801 5
1305931861 5
1305931922 5
1305931981 6
1305932041 6
1305932101 4
1305932161 6
1305932221 6
1305932281 6
1305932341 6
1305932401 5
1305932461 5
1305932521 5
1305932581 5
1305932642 6
1305932701 8
1305932761 7
1305932821 7
1305932881 9
1305932941 9
1305933001 9
1305933061 8
1305933121 8
1305933181 9
1305933241 9
1305933301 8
1305933362 8
1305933421 7
1305933481 8
1305933541 8
1305933601 8
1305933661 8
1305933721 7
1305933781 7
1305933841 7
1305933901 8
1305933961 8
1305934021 8
1305934082 6
1305934141 8
1305934201 8
1305934261 8
1305934321 8
1305934381 7
1305934441 6
1305934501 7
1305934561 8
1305934621 8
1305934681 8
1305934742 7
1305934801 9
1305934861 9
1305934921 9
1305934981 9
1305935041 8
1305935101 8
1305935161 9
1305935221 10
1305935281 9
1305935341 11
1305935401 11
1305935462 11
1305935521 11
1305935581 12
1305935641 12
1305935701 10
1305935761 9
1305935821 11
1305935881 11
1305935941 9
1305936001 8
1305936061 10
1305936121 10
1305936182 10
1305936241 10
1305936301 10
1305936361 8
1305936421 8
1305936481 11
1305936541 11
1305936601 11
1305936661 10
1305936721 12
1305936781 12
1305936841 13
1305936902 13
1305936961 14
1305937021 13
1305937081 12
1305937141 13
1305937201 13
1305937261 15
1305937321 13
1305937381 14
1305937441 13
1305937501 14
1305937562 14
1305937621 14
1305937681 15
1305937741 16
1305937801 16
1305937861 16
1305937921 15
1305937981 14
1305938041 17
1305938101 17
1305938161 17
1305938222 15
1305938281 16
1305938341 15
1305938401 16
1305938461 14
1305938521 16
1305938581 15
1305938641 14
1305938701 15
1305938761 17
1305938821 17
1305938881 17
1305938941 16
1305939002 16
1305939061 18
1305939121 19
1305939181 20
1305939241 19
1305939301 19
1305939361 19
1305939421 21
1305939481 21
1305939541 20
1305939601 19
1305939661 19
1305939721 19
1305939781 18
1305939841 18
1305939901 17
1305939961 18
1305940021 19
1305940081 20
1305940141 20
1305940201 20
1305940261 21
1305940321 19
1305940381 22
1305940441 21
1305940501 20
1305940561 19
1305940621 18
1305940681 16
1305940741 18
1305940801 17
1305940861 16
1305940921 19
1305940982 17
1305941041 18
1305941101 18
1305941161 16
1305941221 18
1305941281 17
1305941341 17
1305941401 17
1305941461 18
1305941521 15
1305941581 16
1305941641 16
1305941702 17
1305941761 17
1305941821 17
1305941881 19
1305941941 18
1305942001 17
1305942061 18
1305942121 19
1305942181 20
1305942241 18
1305942301 18
1305942362 18
1305942421 19
1305942481 20
1305942541 20
1305942601 21
1305942661 19
1305942721 21
1305942781 21
1305942841 21
1305942901 20
1305942961 21
1305943021 17
1305943081 17
1305943142 19
1305943201 20
1305943261 20
1305943321 19
1305943381 20
1305943441 20
1305943501 20
1305943561 19
1305943621 21
1305943681 18
1305943741 20
1305943802 21
1305943861 21
1305943921 21
1305943981 20
1305944041 20
1305944101 20
1305944161 19
1305944221 18
1305944281 19
1305944341 16
1305944401 17
1305944461 19
1305944522 19
1305944581 17
1305944641 19
1305944701 19
1305944761 19
1305944821 19
1305944881 18
1305944941 18
1305945001 19
1305945061 17
1305945121 18
1305945181 17
1305945242 15
1305945301 17
1305945361 17
1305945421 16
1305945481 17
1305945541 17
1305945601 16
1305945661 18
1305945721 18
1305945781 19
1305945841 18
1305945901 18
1305945962 19
1305946021 20
1305946081 19
1305946141 19
1305946201 19
1305946261 20
1305946321 19
1305946381 19
1305946441 19
1305946501 18
1305946561 18
1305946622 19
1305946681 19
1305946741 19
1305946801 20
1305946861 19
1305946921 19
1305946981 21
1305947041 22
1305947101 23
1305947161 24
1305947221 24
1305947281 23
1305947342 22
1305947401 20
1305947461 20
1305947521 20
1305947581 21
1305947641 22
1305947701 21
1305947761 20
1305947821 19
1305947881 20
1305947941 21
1305948002 21
1305948061 21
1305948121 21
1305948181 21
1305948241 21
1305948301 21
1305948361 20
1305948421 20
1305948481 20
1305948541 19
1305948601 18
1305948661 18
1305948722 18
1305948782 19
1305948841 21
1305948901 22
1305948961 22
1305949021 22
1305949081 22
1305949141 22
1305949201 21
1305949261 19
1305949321 16
1305949381 17
1305949442 17
1305949501 16
1305949561 18
1305949621 18
1305949681 18
1305949741 18
1305949801 17
1305949861 17
1305949921 16
1305949981 17
1305950041 16
1305950101 17
1305950161 16
1305950222 18
1305950281 18
1305950341 19
1305950401 19
1305950461 19
1305950521 19
1305950581 17
1305950641 17
1305950701 14
1305950761 16
1305950821 14
1305950881 16
1305950941 16
1305951001 17
1305951061 17
1305951121 17
1305951181 13
1305951241 15
1305951301 15
1305951361 12
1305951421 16
1305951481 16
1305951542 14
1305951601 16
1305951661 16
1305951721 15
1305951781 15
1305951841 12
1305951901 16
1305951961 17
1305952021 15
1305952081 16
1305952141 17
1305952201 14
1305952262 16
1305952322 16
1305952381 15
1305952441 16
1305952501 13
1305952561 16
1305952621 15
1305952681 13
1305952741 15
1305952801 15
1305952861 14
1305952921 15
1305952981 15
1305953042 14
1305953101 14
1305953161 12
1305953221 14
1305953281 14
1305953341 11
1305953401 14
1305953461 14
1305953521 14
1305953581 14
1305953641 13
1305953701 14
1305953762 12
1305953821 13
1305953881 13
1305953941 14
1305954001 13
1305954061 13
1305954121 13
1305954181 14
1305954241 14
1305954301 14
1305954361 14
1305954422 11
1305954481 12
1305954541 13
1305954601 13
1305954661 11
1305954721 12
1305954781 12
1305954841 13
1305954901 13
1305954961 13
1305955021 14
1305955082 13
1305955141 14
1305955201 15
1305955261 15
1305955321 16
1305955381 15
1305955441 14
1305955501 14
1305955561 16
1305955621 14
1305955681 15
1305955741 15
1305955802 13
1305955861 14
1305955921 14
1305955981 15
1305956041 15
1305956101 14
1305956161 14
1305956221 15
1305956281 14
1305956341 14
1305956401 15
1305956461 15
1305956522 14
1305956581 15
1305956641 14
1305956701 14
1305956761 14
1305956821 13
1305956881 13
1305956941 12
1305957001 13
1305957061 15
1305957121 14
1305957181 14
1305957241 14
1305957302 15
1305957361 15
1305957421 15
1305957481 14
1305957541 14
1305957601 13
1305957661 13
1305957721 15
1305957781 14
1305957841 15
1305957901 15
1305957961 14
1305958022 16
1305958081 16
1305958141 15
1305958201 15
1305958261 14
1305958321 16
1305958381 18
1305958441 17
1305958501 17
1305958561 17
1305958621 17
1305958682 18
1305958741 17
1305958801 18
1305958861 18
1305958921 15
1305958981 16
1305959041 18
1305959101 17
1305959161 18
1305959221 17
1305959281 17
1305959341 18
1305959401 16
1305959462 18
1305959521 18
1305959581 16
1305959641 15
1305959701 18
1305959761 18
1305959821 17
1305959881 17
1305959941 17
1305960001 18
1305960061 17
1305960121 18
1305960182 17
1305960241 18
1305960301 17
1305960361 17
1305960421 18
1305960481 18
1305960541 17
1305960601 18
1305960661 17
1305960721 17
1305960781 19
1305960841 18
1305960902 17
1305960961 15
1305961021 17
1305961081 17
1305961141 17
1305961201 16
1305961261 17
1305961321 15
1305961381 15
1305961441 15
1305961501 16
1305961561 16
1305961622 14
1305961681 18
1305961741 18
1305961801 18
1305961861 17
1305961921 17
1305961981 17
1305962041 17
1305962101 17
1305962161 20
1305962221 19
1305962282 17
1305962341 18
1305962401 18
1305962461 17
1305962521 17
1305962581 17
1305962641 18
1305962701 15
1305962761 15
1305962821 16
1305962881 16
1305962941 16
1305963002 16
1305963062 16
1305963121 16
1305963181 15
1305963241 16
1305963301 16
1305963361 15
1305963421 15
1305963481 13
1305963541 16
1305963601 16
1305963661 16
1305963722 15
1305963781 14
1305963841 13
1305963901 16
1305963961 15
1305964021 16
1305964081 15
1305964141 15
1305964201 17
1305964261 18
1305964321 18
1305964381 18
1305964441 16
1305964502 16
1305964561 18
1305964621 18
1305964681 18
1305964741 17
1305964801 15
1305964861 15
1305964921 15
1305964981 15
1305965041 15
1305965101 13
1305965162 13
1305965222 14
1305965281 15
1305965341 14
1305965401 15
1305965461 14
1305965521 15
1305965581 16
1305965641 16
1305965701 15
1305965761 15
1305965821 15
1305965881 15
1305965942 16
1305966001 15
1305966061 16
1305966121 17
1305966181 17
1305966241 17
1305966301 16
1305966361 15
1305966421 14
1305966481 16
1305966541 16
1305966601 16
1305966662 16
1305966722 14
1305966781 15
1305966841 15
1305966901 15
1305966961 15
1305967021 12
1305967081 13
1305967141 13
1305967201 13
1305967261 12
1305967321 13
1305967381 12
1305967442 12
1305967501 12
1305967561 12
1305967621 11
1305967681 10
1305967741 10
1305967801 12
1305967861 13
1305967921 14
1305967981 14
1305968041 14
1305968102 14
1305968161 14
1305968221 14
1305968281 13
1305968341 14
1305968401 12
1305968461 13
1305968521 13
1305968581 14
1305968641 14
1305968701 14
1305968762 14
1305968822 14
1305968881 13
1305968941 14
1305969001 13
1305969061 12
1305969121 13
1305969181 12
1305969241 13
1305969301 13
1305969361 13
1305969421 13
1305969481 13
1305969542 9
1305969601 10
1305969661 12
1305969721 10
1305969781 12
1305969841 12
1305969901 12
1305969961 12
1305970021 12
1305970081 12
1305970141 12
1305970201 10
1305970262 11
1305970321 11
1305970381 10
1305970441 12
1305970501 12
1305970561 12
1305970621 12
1305970681 12
1305970741 13
1305970801 14
1305970861 12
1305970922 13
1305970981 14
1305971041 14
1305971101 15
1305971161 15
1305971221 15
1305971281 15
1305971341 14
1305971401 15
1305971461 14
1305971521 14
1305971581 13
1305971641 12
1305971701 14
1305971762 15
1305971821 15
1305971881 15
1305971941 15
1305972001 13
1305972061 14
1305972121 13
1305972181 12
1305972241 11
1305972301 12
1305972361 14
1305972421 14
1305972482 14
1305972542 14
1305972601 14
1305972661 14
1305972721 14
1305972781 13
1305972841 13
1305972901 12
1305972961 12
1305973021 13
1305973081 13
1305973141 13
1305973201 14
1305973262 13
1305973321 13
1305973381 12
1305973441 11
1305973501 13
1305973561 10
1305973621 14
1305973681 15
1305973741 15
1305973801 14
1305973861 15
1305973921 14
1305973982 15
1305974041 14
1305974101 15
1305974161 14
1305974221 13
1305974281 13
1305974341 13
1305974401 13
1305974461 12
1305974521 13
1305974581 12
1305974641 13
1305974701 12
1305974762 12
1305974821 11
1305974881 13
1305974941 13
1305975001 13
1305975061 13
1305975121 12
1305975181 12
1305975241 12
1305975301 13
1305975361 13
1305975421 11
1305975482 9
1305975542 12
1305975601 12
1305975661 12
1305975721 12
1305975781 12
1305975841 12
1305975901 9
1305975961 11
1305976021 12
1305976081 12
1305976142 9
1305976202 11
1305976261 11
1305976321 11
1305976381 11
1305976441 10
1305976501 9
1305976561 8
1305976621 10
1305976681 8
1305976741 9
1305976801 7
1305976861 9
1305976922 9
1305976981 9
1305977041 9
1305977101 9
1305977161 8
1305977221 7
1305977281 9
1305977341 9
1305977401 10
1305977461 8
1305977521 11
1305977581 11
1305977642 11
1305977701 11
1305977761 10
1305977821 11
1305977881 11
1305977941 10
1305978001 10
1305978061 11
1305978121 12
1305978181 12
1305978241 13
1305978301 12
1305978362 12
1305978421 10
1305978481 11
1305978541 12
1305978601 11
1305978661 13
1305978721 11
1305978781 11
1305978841 12
1305978901 13
1305978961 14
1305979021 14
1305979082 14
1305979141 13
1305979201 14
1305979261 12
1305979321 14
1305979381 12
1305979441 12
1305979501 13
1305979561 12
1305979621 12
1305979681 9
1305979741 12
1305979802 12
1305979861 12
1305979921 11
1305979981 11
1305980041 11
1305980101 10
1305980161 14
1305980221 14
1305980281 13
1305980341 14
1305980401 14
1305980461 15
1305980522 14
1305980581 15
1305980641 15
1305980701 16
1305980761 14
1305980821 15
1305980881 15
1305980941 13
1305981001 12
1305981061 12
1305981121 12
1305981181 13
1305981242 13
1305981301 13
1305981361 14
1305981421 14
1305981481 15
1305981541 16
1305981601 18
1305981661 18
1305981721 17
1305981781 17
1305981841 18
1305981901 18
1305981961 16
1305982022 16
1305982081 16
1305982141 16
1305982201 14
1305982261 16
1305982321 16
1305982381 15
1305982441 14
1305982501 15
1305982561 14
1305982621 14
1305982682 14
1305982741 14
1305982801 15
1305982861 15
1305982921 15
1305982981 14
1305983041 14
1305983101 15
1305983161 16
1305983221 18
1305983281 17
1305983341 14
1305983402 17
1305983461 17
1305983521 17
1305983581 18
1305983641 18
1305983701 14
1305983761 15
1305983821 14
1305983881 17
1305983941 17
1305984001 15
1305984061 16
1305984122 16
1305984182 15
1305984241 15
1305984301 15
1305984361 14
1305984421 13
1305984481 14
1305984541 16
1305984601 15
1305984661 14
1305984721 15
1305984781 16
1305984841 17
1305984902 17
1305984961 16
1305985021 17
1305985081 17
1305985141 17
1305985201 18
1305985261 18
1305985321 18
1305985381 18
1305985441 17
1305985501 18
1305985562 18
1305985622 19
1305985681 20
1305985741 19
1305985801 19
1305985861 18
1305985921 18
1305985981 18
1305986041 20
1305986101 20
1305986161 19
1305986221 19
1305986281 16
1305986342 20
1305986401 19
1305986461 20
1305986521 20
1305986581 19
1305986641 17
1305986701 18
1305986761 18
1305986821 17
1305986881 17
1305986941 16
1305987001 17
1305987061 16
1305987121 19
1305987181 19
1305987241 19
1305987301 17
1305987361 19
1305987421 18
1305987481 18
1305987541 18
1305987601 20
1305987661 19
1305987722 19
1305987781 20
1305987841 20
1305987901 20
1305987961 19
1305988021 19
1305988081 17
1305988141 17
1305988201 16
1305988261 18
1305988321 16
1305988381 18
1305988441 18
1305988502 18
1305988561 17
1305988621 17
1305988681 18
1305988741 17
1305988801 18
1305988861 17
1305988921 15
1305988981 15
1305989041 16
1305989101 17
1305989162 17
1305989221 16
1305989281 16
1305989341 16
1305989401 13
1305989461 15
1305989521 15
1305989581 14
1305989641 13
1305989701 15
1305989761 16
1305989821 15
1305989882 15
1305989941 14
1305990001 14
1305990061 12
1305990121 13
1305990181 15
1305990241 14
1305990301 14
1305990361 17
1305990421 17
1305990481 17
1305990542 17
1305990602 17
1305990661 18
1305990721 18
1305990781 16
1305990841 15
1305990901 14
1305990961 11
1305991021 12
1305991081 13
1305991141 12
1305991202 13
1305991262 13
1305991321 12
1305991381 12
1305991441 12
1305991501 11
1305991561 11
1305991621 12
1305991681 12
1305991741 14
1305991801 12
1305991861 12
1305991921 13
1305991982 12
1305992041 13
1305992101 13
1305992161 12
1305992221 11
1305992281 12
1305992341 12
1305992401 13
1305992461 12
1305992521 12
1305992581 13
1305992641 12
1305992701 13
1305992762 13
1305992821 13
1305992881 13
1305992941 11
1305993001 13
1305993061 13
1305993121 12
1305993181 12
1305993241 12
1305993301 11
1305993361 10
1305993421 10
1305993481 10
1305993542 11
1305993601 9
