1316620861 63
1316620921 64
1316620981 63
1316621041 62
1316621101 57
1316621161 57
1316621221 53
1316621282 56
1316621342 56
1316621401 51
1316621461 51
1316621521 49
1316621581 47
1316621641 45
1316621702 49
1316621761 47
1316621821 48
1316621881 45
1316621941 41
1316622001 45
1316622061 43
1316622121 45
1316622181 46
1316622241 46
1316622301 46
1316622362 45
1316622421 45
1316622481 44
1316622541 44
1316622601 42
1316622661 41
1316622721 40
1316622781 40
1316622841 41
1316622901 40
1316622961 41
1316623021 41
1316623082 41
1316623141 40
1316623201 39
1316623261 39
1316623321 37
1316623381 38
1316623441 38
1316623501 36
1316623561 37
1316623621 37
1316623681 36
1316623741 38
1316623801 36
1316623861 37
1316623921 38
1316623981 36
1316624041 37
1316624101 36
1316624161 34
1316624221 34
1316624282 35
1316624342 34
1316624401 34
1316624461 32
1316624521 32
1316624581 36
1316624641 37
1316624701 37
1316624761 35
1316624821 36
1316624881 35
1316624941 34
1316625001 34
1316625061 35
1316625122 33
1316625181 31
1316625241 29
1316625301 33
1316625361 32
1316625421 32
1316625481 32
1316625541 32
1316625601 30
1316625661 31
1316625721 32
1316625781 28
1316625841 29
1316625901 29
1316625961 32
1316626022 32
1316626082 31
1316626141 31
1316626201 31
1316626261 29
1316626321 32
1316626381 33
1316626441 30
1316626501 30
1316626561 31
1316626621 31
1316626681 33
1316626742 31
1316626802 32
1316626861 33
1316626921 27
1316626981 31
1316627041 30
1316627101 28
1316627161 30
1316627221 29
1316627281 29
1316627341 30
1316627402 29
1316627461 29
1316627521 30
1316627581 27
1316627641 30
1316627701 30
1316627761 29
1316627821 30
1316627881 30
1316627941 30
1316628002 29
1316628061 29
1316628121 29
1316628181 25
1316628241 30
1316628301 30
1316628361 30
1316628421 30
1316628481 29
1316628542 30
1316628601 30
1316628661 31
1316628721 31
1316628781 31
1316628841 31
1316628901 30
1316628961 31
1316629021 31
1316629082 31
1316629141 29
1316629201 31
1316629261 29
1316629321 32
1316629381 32
1316629441 32
1316629501 32
1316629561 32
1316629622 32
1316629681 31
1316629741 32
1316629801 31
1316629861 32
1316629921 31
1316629981 31
1316630041 30
1316630101 30
1316630162 30
1316630221 29
1316630281 30
1316630341 30
1316630401 30
1316630461 29
1316630521 28
1316630582 30
1316630641 28
1316630701 27
1316630761 29
1316630821 30
1316630881 29
1316630941 29
1316631001 29
1316631062 29
1316631121 28
1316631181 28
1316631241 27
1316631301 27
1316631361 23
1316631421 27
1316631481 26
1316631541 26
1316631602 26
1316631661 27
1316631721 27
1316631781 25
1316631841 25
1316631901 26
1316631961 25
1316632021 25
1316632082 27
1316632142 25
1316632201 28
1316632261 28
1316632321 28
1316632381 28
1316632441 24
1316632502 27
1316632562 28
1316632621 26
1316632681 25
1316632741 28
1316632801 25
1316632861 26
1316632921 28
1316632981 28
1316633042 28
1316633101 27
1316633161 26
1316633221 28
1316633281 27
1316633341 26
1316633401 28
1316633461 25
1316633521 26
1316633582 28
1316633641 28
1316633701 27
1316633761 27
1316633821 26
1316633881 28
1316633941 26
1316634002 28
1316634062 28
1316634121 25
1316634181 26
1316634241 28
1316634301 27
1316634361 27
1316634421 25
1316634481 26
1316634542 28
1316634601 25
1316634661 27
1316634721 28
1316634781 28
1316634841 26
1316634901 28
1316634961 27
1316635021 25
1316635082 27
1316635141 27
1316635201 27
1316635261 28
1316635321 27
1316635381 28
1316635441 27
1316635501 26
1316635561 26
1316635622 27
1316635681 27
1316635741 27
1316635801 26
1316635861 26
1316635921 28
1316635981 26
1316636041 28
1316636102 27
1316636162 27
1316636221 27
1316636281 26
1316636341 27
1316636401 26
1316636461 26
1316636521 28
1316636581 28
1316636642 28
1316636701 26
1316636761 26
1316636821 28
1316636881 27
1316636941 26
1316637001 27
1316637061 25
1316637121 25
1316637181 27
1316637241 26
1316637301 27
1316637361 26
1316637421 26
1316637481 24
1316637541 25
1316637601 25
1316637662 26
1316637721 24
1316637781 24
1316637841 27
1316637901 26
1316637961 27
1316638021 25
1316638081 25
1316638142 25
1316638201 25
1316638261 25
1316638321 25
1316638381 25
1316638441 26
1316638501 26
1316638561 27
1316638621 27
1316638681 27
1316638742 25
1316638802 27
1316638861 28
1316638921 26
1316638981 27
1316639041 26
1316639101 28
1316639161 28
1316639221 29
1316639282 29
1316639341 28
1316639401 27
1316639461 28
1316639521 26
1316639581 26
1316639641 26
1316639701 25
1316639762 26
1316639821 29
1316639881 28
1316639941 29
1316640001 28
1316640061 27
1316640121 30
1316640181 26
1316640242 28
1316640301 30
1316640361 28
1316640421 27
1316640481 29
1316640541 28
1316640601 29
1316640661 28
1316640721 27
1316640782 28
1316640841 27
1316640901 27
1316640961 30
1316641021 29
1316641081 29
1316641141 32
1316641201 31
1316641262 31
1316641321 31
1316641381 32
1316641441 31
1316641501 28
1316641561 27
1316641621 28
1316641681 26
1316641741 26
1316641802 27
1316641861 26
1316641921 26
1316641981 25
1316642041 25
1316642101 27
1316642161 24
1316642221 25
1316642282 26
1316642341 24
1316642401 25
1316642461 26
1316642522 25
1316642581 25
1316642641 26
1316642701 26
1316642761 27
1316642821 25
1316642881 25
1316642941 26
1316643002 25
1316643062 25
1316643121 26
1316643181 25
1316643241 21
1316643301 23
1316643361 26
1316643421 25
1316643481 25
1316643542 26
1316643602 23
1316643661 24
1316643721 25
1316643781 25
1316643841 24
1316643901 23
1316643961 23
1316644021 25
1316644082 23
1316644141 24
1316644201 26
1316644261 25
1316644321 25
1316644381 25
1316644441 25
1316644501 25
1316644562 23
1316644621 25
1316644681 25
1316644741 24
1316644801 24
1316644861 26
1316644921 26
1316644981 26
1316645042 26
1316645101 27
1316645161 27
1316645221 24
1316645281 26
1316645341 25
1316645401 27
1316645462 26
1316645522 27
1316645581 27
1316645641 27
1316645701 27
1316645761 27
1316645821 28
1316645881 27
1316645941 31
1316646001 28
1316646061 30
1316646122 30
1316646181 31
1316646241 31
1316646301 29
1316646361 31
1316646421 32
1316646481 33
1316646541 29
1316646601 34
1316646662 32
1316646722 33
1316646781 32
1316646841 36
1316646901 36
1316646961 35
1316647021 37
1316647081 39
1316647141 41
1316647201 38
1316647261 40
1316647322 40
1316647381 43
1316647441 42
1316647501 46
1316647561 46
1316647621 45
1316647681 44
1316647741 46
1316647801 45
1316647861 46
1316647921 49
1316647981 51
1316648041 54
1316648101 55
1316648161 57
1316648221 56
1316648281 59
1316648341 60
1316648401 61
1316648462 62
1316648521 60
1316648581 64
1316648641 65
1316648701 63
1316648761 69
1316648821 69
1316648881 71
1316648941 69
1316649002 74
1316649061 76
1316649121 81
1316649181 76
1316649241 74
1316649301 74
1316649361 77
1316649421 78
1316649481 81
1316649542 82
1316649601 82
1316649661 84
1316649721 85
1316649781 88
1316649841 91
1316649901 95
1316649961 96
1316650022 98
1316650082 100
1316650141 98
1316650201 99
1316650261 100
1316650321 100
1316650381 103
1316650441 103
1316650501 106
1316650561 106
1316650622 110
1316650681 111
1316650741 116
1316650801 117
1316650861 118
1316650921 120
1316650981 117
1316651041 120
1316651101 120
1316651162 123
1316651221 124
1316651281 127
1316651341 135
1316651401 136
1316651461 139
1316651521 140
1316651581 144
1316651641 143
1316651702 147
1316651761 143
1316651821 152
1316651881 151
1316651941 145
1316652001 149
1316652061 153
1316652121 152
1316652181 156
1316652241 158
1316652302 158
1316652361 158
1316652421 153
1316652481 155
1316652541 152
1316652601 155
1316652661 155
1316652721 151
1316652781 150
1316652842 154
1316652902 157
1316652961 158
1316653021 160
1316653081 166
1316653141 166
1316653201 170
1316653261 165
1316653322 167
1316653381 174
1316653441 175
1316653501 175
1316653561 177
1316653621 172
1316653681 171
1316653741 174
1316653801 175
1316653862 178
1316653921 176
1316653981 172
1316654041 172
1316654101 171
1316654161 179
1316654221 177
1316654281 174
1316654341 175
1316654402 168
1316654462 170
1316654521 176
1316654581 179
1316654641 185
1316654701 189
1316654761 191
1316654822 194
1316654882 195
1316654941 193
1316655001 191
1316655061 189
1316655121 185
1316655181 182
1316655241 180
1316655301 179
1316655362 180
1316655421 182
1316655481 187
1316655541 184
1316655601 189
1316655661 190
1316655721 195
1316655781 194
1316655841 191
1316655902 192
1316655962 185
1316656021 191
1316656081 187
1316656141 188
1316656201 186
1316656261 183
1316656321 192
1316656381 189
1316656441 191
1316656502 190
1316656561 201
1316656621 199
1316656681 201
1316656741 207
1316656801 201
1316656861 205
1316656921 204
1316656981 207
1316657042 204
1316657102 206
1316657161 200
1316657221 208
1316657281 209
1316657341 212
1316657401 219
1316657461 221
1316657522 220
1316657582 224
1316657641 221
1316657701 226
1316657761 218
1316657821 212
1316657881 211
1316657941 209
1316658001 216
1316658061 214
1316658122 210
1316658181 217
1316658241 220
1316658301 220
1316658361 223
1316658421 222
1316658481 222
1316658541 222
1316658601 221
1316658662 224
1316658721 229
1316658781 225
1316658841 231
1316658901 233
1316658961 235
1316659021 237
1316659081 235
1316659142 241
1316659202 241
1316659261 243
1316659321 250
1316659381 251
1316659441 251
1316659501 252
1316659562 250
1316659622 249
1316659681 252
1316659741 256
1316659801 260
1316659861 263
1316659921 263
1316659981 262
1316660041 265
1316660102 262
1316660161 268
1316660221 273
1316660281 274
1316660341 264
1316660401 267
1316660462 270
1316660521 272
1316660581 269
1316660641 270
1316660701 270
1316660761 277
1316660821 274
1316660881 277
1316660942 275
1316661001 271
1316661061 272
1316661121 258
1316661181 263
1316661241 263
1316661301 262
1316661361 260
1316661422 266
1316661482 262
1316661541 268
1316661601 265
1316661661 266
1316661721 274
1316661781 270
1316661841 264
1316661901 270
1316661962 259
1316662021 260
1316662081 267
1316662141 268
1316662201 268
1316662261 267
1316662321 265
1316662381 261
1316662441 264
1316662502 263
1316662561 260
1316662621 267
1316662681 260
1316662741 258
1316662801 259
1316662861 260
1316662921 263
1316662981 262
1316663042 255
1316663101 257
1316663161 251
1316663221 245
1316663281 244
1316663341 244
1316663402 245
1316663461 237
1316663521 236
1316663581 241
1316663641 240
1316663701 236
1316663761 236
1316663821 232
1316663882 234
1316663942 232
1316664001 231
1316664061 230
1316664121 223
1316664181 228
1316664241 230
1316664301 224
1316664361 225
1316664421 226
1316664481 228
1316664541 222
1316664601 223
1316664661 219
1316664721 220
1316664781 212
1316664841 216
1316664901 209
1316664961 214
1316665022 214
1316665081 215
1316665141 214
1316665201 213
1316665261 209
1316665321 214
1316665381 215
1316665441 216
1316665502 217
1316665562 212
1316665621 217
1316665681 219
1316665741 227
1316665801 226
1316665861 229
1316665921 235
1316665981 229
1316666041 229
1316666102 232
1316666162 230
1316666221 226
1316666281 223
1316666341 223
1316666401 219
1316666461 220
1316666521 216
1316666581 219
1316666641 218
1316666702 227
1316666761 226
1316666821 227
1316666881 229
1316666941 225
1316667001 230
1316667061 227
1316667121 229
1316667181 228
1316667242 235
1316667301 237
1316667361 244
1316667421 241
1316667481 240
1316667541 248
1316667601 250
1316667662 247
1316667722 246
1316667781 250
1316667841 248
1316667901 248
1316667961 246
1316668021 249
1316668081 247
1316668141 244
1316668202 245
1316668262 251
1316668321 248
1316668381 250
1316668441 248
1316668501 247
1316668561 249
1316668621 246
1316668681 250
1316668742 251
1316668801 250
1316668861 255
1316668921 255
1316668981 253
1316669041 256
1316669101 249
1316669161 257
1316669221 257
1316669282 258
1316669341 265
1316669401 267
1316669461 278
1316669521 273
1316669581 278
1316669641 281
1316669702 286
1316669761 281
1316669822 281
1316669881 285
1316669941 279
1316670001 282
1316670061 283
1316670121 287
1316670182 287
1316670241 279
1316670301 280
1316670361 283
1316670421 288
1316670481 284
1316670541 291
1316670601 287
1316670662 296
1316670721 297
1316670781 304
1316670841 302
1316670901 302
1316670961 310
1316671021 313
1316671081 313
1316671141 321
1316671202 321
1316671262 322
1316671321 328
1316671381 324
1316671441 328
1316671501 333
1316671561 333
1316671621 330
1316671681 333
1316671741 332
1316671801 338
1316671861 328
1316671921 329
1316671981 336
1316672041 342
1316672102 343
1316672161 341
1316672221 345
1316672281 343
1316672341 350
1316672401 362
1316672461 353
1316672522 348
1316672581 354
1316672641 352
1316672701 347
1316672761 341
1316672821 347
1316672881 345
1316672941 339
1316673002 345
1316673062 353
1316673121 361
1316673181 353
1316673241 369
1316673301 377
1316673361 380
1316673421 383
1316673481 381
1316673542 382
1316673601 381
1316673661 385
1316673721 386
1316673782 383
1316673841 382
1316673901 382
1316673961 380
1316674021 377
1316674081 379
1316674142 375
1316674201 364
1316674261 363
1316674321 367
1316674381 369
1316674441 368
1316674501 372
1316674561 373
1316674621 372
1316674681 367
1316674741 371
1316674802 368
1316674861 379
1316674921 373
1316674981 372
1316675041 361
1316675101 359
1316675161 364
1316675222 358
1316675281 358
1316675341 352
1316675401 356
1316675461 342
1316675521 349
1316675582 346
1316675641 348
1316675701 354
1316675761 351
1316675821 353
1316675881 354
1316675941 352
1316676002 348
1316676062 343
1316676121 344
1316676181 350
1316676241 335
1316676301 335
1316676361 344
1316676422 344
1316676481 345
1316676541 341
1316676601 340
1316676661 339
1316676721 334
1316676782 325
1316676841 331
1316676901 326
1316676961 322
1316677021 326
1316677081 322
1316677141 322
1316677202 320
1316677262 322
1316677321 319
1316677381 323
1316677441 321
1316677501 318
1316677561 320
1316677621 318
1316677681 318
1316677742 316
1316677802 303
1316677861 313
1316677921 308
1316677981 301
1316678041 308
1316678101 308
1316678161 306
1316678221 305
1316678282 310
1316678341 306
1316678402 303
1316678461 297
1316678521 290
1316678581 289
1316678641 281
1316678701 277
1316678761 267
1316678821 274
1316678881 265
1316678941 262
1316679002 266
1316679061 260
1316679121 258
1316679181 248
1316679241 246
1316679301 241
1316679361 237
1316679421 220
1316679481 216
1316679541 213
1316679602 206
1316679661 199
1316679721 196
1316679781 191
1316679841 184
1316679901 178
1316679961 173
1316680021 169
1316680081 171
1316680141 174
1316680201 172
1316680262 167
1316680321 171
1316680381 166
1316680441 166
1316680501 170
1316680561 169
1316680621 166
1316680681 168
1316680742 161
1316680801 160
1316680861 162
1316680921 158
1316680981 159
1316681041 153
1316681101 143
1316681161 141
1316681221 147
1316681281 141
1316681342 134
1316681401 138
1316681461 134
1316681521 136
1316681581 136
1316681641 135
1316681702 134
1316681761 132
1316681821 125
1316681881 127
1316681941 133
1316682001 127
1316682061 125
1316682121 122
1316682181 125
1316682241 127
1316682302 123
1316682361 123
1316682421 122
1316682481 118
1316682541 117
1316682601 116
1316682661 115
1316682721 112
1316682781 110
1316682841 110
1316682901 108
1316682962 105
1316683021 105
1316683081 102
1316683141 98
1316683202 101
1316683261 97
1316683321 100
1316683381 95
1316683441 95
1316683501 92
1316683561 97
1316683621 94
1316683681 87
1316683742 88
1316683802 84
1316683861 87
1316683921 79
1316683981 89
1316684041 85
1316684101 86
1316684161 82
1316684221 80
1316684281 81
1316684341 78
1316684402 77
1316684462 79
1316684521 82
1316684581 82
1316684641 82
1316684701 80
1316684761 83
1316684821 84
1316684881 86
1316684941 89
1316685001 92
1316685061 85
1316685122 87
1316685181 85
1316685241 88
1316685301 90
1316685361 87
1316685421 88
1316685481 88
1316685541 83
1316685601 81
1316685661 83
1316685721 80
1316685782 76
1316685841 76
1316685901 74
1316685961 76
1316686021 76
1316686081 77
1316686141 77
1316686201 75
1316686261 74
1316686321 75
1316686382 73
1316686442 72
1316686501 73
1316686561 73
1316686621 72
1316686681 74
1316686741 75
1316686801 76
1316686861 74
1316686921 76
1316686981 74
1316687042 71
1316687101 76
1316687161 75
1316687221 75
1316687281 76
1316687341 75
1316687401 79
1316687461 80
1316687521 78
1316687581 82
1316687641 81
1316687702 81
1316687761 80
1316687821 84
1316687881 83
1316687941 82
1316688001 79
1316688061 79
1316688121 78
1316688181 76
1316688241 78
1316688302 76
1316688361 77
1316688421 73
1316688481 79
1316688541 77
1316688601 78
1316688661 81
1316688721 81
1316688781 86
1316688841 84
1316688901 86
1316688962 84
1316689021 82
1316689081 82
1316689141 87
1316689201 82
1316689261 82
1316689321 80
1316689381 76
1316689441 77
1316689501 77
1316689562 79
1316689621 81
1316689681 80
1316689741 80
1316689801 83
1316689861 86
1316689921 88
1316689981 88
1316690041 91
1316690102 91
1316690161 91
1316690221 86
1316690281 85
1316690341 88
1316690401 90
1316690461 90
1316690521 89
1316690581 94
1316690641 93
1316690701 90
1316690761 91
1316690822 91
1316690881 91
1316690941 85
1316691001 86
1316691061 88
1316691121 86
1316691181 84
1316691241 84
1316691301 88
1316691362 89
1316691422 88
1316691481 89
1316691541 95
1316691601 95
1316691661 95
1316691721 100
1316691781 99
1316691841 101
1316691901 99
1316691962 101
1316692021 100
1316692081 102
1316692141 97
1316692201 97
1316692261 95
1316692321 93
1316692381 94
1316692441 97
1316692501 96
1316692561 97
1316692622 97
1316692681 95
1316692741 99
1316692801 97
1316692861 99
1316692921 98
1316692981 96
1316693041 97
1316693101 95
1316693161 98
1316693221 104
1316693282 102
1316693341 102
1316693401 106
1316693461 105
1316693521 107
1316693581 106
1316693641 103
1316693701 107
1316693761 109
1316693822 108
1316693882 112
1316693941 110
1316694001 109
1316694061 110
1316694121 108
1316694181 110
1316694241 114
1316694301 113
1316694361 113
1316694422 112
1316694482 110
1316694541 110
1316694601 112
1316694661 116
1316694721 118
1316694781 120
1316694841 117
1316694901 112
1316694961 113
1316695022 111
1316695081 111
1316695141 106
1316695201 109
1316695261 109
1316695321 115
1316695381 113
1316695441 115
1316695502 121
1316695561 120
1316695621 123
1316695681 123
1316695741 124
1316695801 122
1316695861 120
1316695921 119
1316695981 116
1316696042 117
1316696101 115
1316696161 116
1316696221 116
1316696281 120
1316696341 121
1316696402 120
1316696461 118
1316696522 118
1316696581 114
1316696641 115
1316696701 119
1316696761 113
1316696821 117
1316696881 115
1316696941 113
1316697001 110
1316697062 106
1316697122 106
1316697181 111
1316697241 112
1316697301 112
1316697361 111
1316697421 108
1316697481 108
1316697541 106
1316697601 109
1316697661 109
1316697722 110
1316697781 111
1316697841 110
1316697901 110
1316697961 110
1316698021 107
1316698081 108
1316698141 109
1316698201 102
1316698262 106
1316698322 102
1316698381 102
1316698441 101
1316698501 101
1316698561 99
1316698621 99
1316698681 104
1316698741 105
1316698801 105
1316698861 104
1316698922 102
1316698982 101
1316699041 99
1316699101 103
1316699161 101
1316699221 99
1316699281 102
1316699341 104
1316699401 104
1316699461 105
1316699522 104
1316699582 106
1316699641 105
1316699701 101
1316699761 103
1316699821 99
1316699881 100
1316699941 102
1316700001 104
1316700061 105
1316700121 107
1316700182 105
1316700241 103
1316700301 103
1316700361 105
1316700421 106
1316700481 99
1316700541 101
1316700601 96
1316700661 93
1316700722 97
1316700782 94
1316700841 94
1316700901 93
1316700961 94
1316701021 95
1316701081 92
1316701141 90
1316701201 91
1316701261 89
1316701322 88
1316701381 87
1316701441 88
1316701501 84
1316701561 84
1316701621 89
1316701681 88
1316701741 90
1316701801 90
1316701862 92
1316701921 88
1316701981 90
1316702041 88
1316702101 89
1316702161 87
1316702221 85
1316702281 87
1316702341 91
1316702402 92
1316702462 93
1316702521 94
1316702581 92
1316702641 93
1316702701 98
1316702761 93
1316702821 95
1316702881 99
1316702941 93
1316703002 98
1316703062 95
1316703121 93
1316703181 92
1316703241 89
1316703301 88
1316703361 90
1316703421 85
1316703481 82
1316703541 81
1316703602 81
1316703662 80
1316703721 81
1316703781 78
1316703841 78
1316703901 79
1316703961 78
1316704021 79
1316704081 76
1316704141 78
1316704201 80
1316704262 82
1316704321 81
1316704381 81
1316704441 82
1316704501 82
1316704561 84
1316704621 81
1316704681 80
1316704741 74
1316704801 70
1316704862 71
1316704921 70
1316704981 72
1316705041 71
1316705101 71
1316705161 68
1316705221 71
1316705281 69
1316705341 65
1316705401 63
1316705462 64
1316705521 65
1316705581 64
1316705641 65
1316705701 63
1316705761 64
1316705821 66
1316705881 65
1316705941 66
1316706001 63
1316706062 65
1316706121 67
1316706181 67
1316706241 67
1316706301 64
1316706361 65
1316706421 63
1316706481 62
1316706541 62
1316706602 59
1316706662 56
1316706721 55
1316706781 59
1316706841 61
1316706901 57
1316706961 50
1316707021 51
1316707081 51
1316707141 51
1316707202 48
