1314115262 38
1314115321 37
1314115381 32
1314115441 33
1314115501 34
1314115561 35
1314115621 33
1314115681 35
1314115742 35
1314115801 37
1314115861 36
1314115921 34
1314115981 34
1314116041 32
1314116101 33
1314116161 33
1314116221 34
1314116281 35
1314116341 33
1314116402 33
1314116461 32
1314116521 34
1314116581 33
1314116641 32
1314116701 31
1314116761 32
1314116821 33
1314116881 31
1314116942 31
1314117002 31
1314117061 30
1314117121 31
1314117181 31
1314117242 30
1314117301 31
1314117361 30
1314117421 29
1314117481 33
1314117541 32
1314117601 33
1314117661 34
1314117721 33
1314117781 32
1314117842 31
1314117901 31
1314117961 31
1314118021 32
1314118081 29
1314118141 32
1314118201 31
1314118261 29
1314118321 31
1314118381 31
1314118441 29
1314118502 28
1314118561 30
1314118621 27
1314118681 27
1314118741 25
1314118801 24
1314118862 27
1314118922 27
1314118981 28
1314119041 29
1314119102 30
1314119161 30
1314119221 30
1314119281 29
1314119341 29
1314119401 28
1314119461 29
1314119521 28
1314119581 28
1314119641 28
1314119702 26
1314119761 26
1314119821 27
1314119881 26
1314119941 26
1314120001 25
1314120062 24
1314120121 26
1314120181 25
1314120241 25
1314120301 24
1314120361 21
1314120421 24
1314120481 26
1314120541 26
1314120601 27
1314120662 25
1314120721 25
1314120781 25
1314120841 25
1314120901 24
1314120961 23
1314121021 21
1314121081 21
1314121141 19
1314121201 17
1314121261 18
1314121322 14
1314121381 18
1314121441 18
1314121501 18
1314121561 17
1314121621 17
1314121681 17
1314121741 16
1314121801 18
1314121861 17
1314121921 19
1314121982 15
1314122041 19
1314122101 19
1314122161 19
1314122221 16
1314122281 18
1314122341 18
1314122401 18
1314122461 18
1314122521 17
1314122581 18
1314122641 17
1314122701 18
1314122761 18
1314122821 18
1314122881 18
1314122942 18
1314123001 17
1314123061 17
1314123121 18
1314123181 19
1314123241 19
1314123301 17
1314123361 19
1314123422 19
1314123482 19
1314123541 18
1314123601 18
1314123661 18
1314123721 16
1314123781 16
1314123841 16
1314123901 16
1314123961 14
1314124021 15
1314124082 15
1314124141 15
1314124201 14
1314124261 14
1314124321 13
1314124381 13
1314124441 12
1314124501 14
1314124561 14
1314124621 14
1314124682 14
1314124741 11
1314124801 13
1314124861 13
1314124921 13
1314124981 11
1314125041 13
1314125101 12
1314125162 14
1314125222 13
1314125281 15
1314125341 15
1314125401 14
1314125461 14
1314125521 14
1314125581 13
1314125641 11
1314125701 13
1314125762 12
1314125821 14
1314125881 12
1314125941 15
1314126001 15
1314126061 14
1314126121 15
1314126181 15
1314126241 13
1314126302 13
1314126361 14
1314126421 15
1314126481 16
1314126541 13
1314126601 15
1314126661 14
1314126721 14
1314126782 14
1314126841 14
1314126901 14
1314126961 13
1314127021 13
1314127081 14
1314127141 14
1314127201 12
1314127261 14
1314127322 14
1314127381 14
1314127441 14
1314127501 12
1314127561 11
1314127621 11
1314127681 11
1314127741 13
1314127801 13
1314127862 11
1314127921 12
1314127981 12
1314128041 12
1314128101 12
1314128161 10
1314128221 10
1314128281 10
1314128341 11
1314128402 12
1314128461 12
1314128521 12
1314128581 12
1314128641 12
1314128701 12
1314128761 12
1314128821 10
1314128881 10
1314128942 10
1314129002 11
1314129061 12
1314129121 10
1314129181 12
1314129241 12
1314129301 12
1314129361 12
1314129421 12
1314129482 9
1314129541 8
1314129601 11
1314129661 12
1314129721 12
1314129781 11
1314129841 12
1314129901 12
1314129962 12
1314130021 12
1314130081 12
1314130141 9
1314130201 7
1314130261 10
1314130321 11
1314130381 10
1314130441 10
1314130502 11
1314130561 11
1314130621 11
1314130681 11
1314130741 11
1314130801 9
1314130861 8
1314130921 11
1314130982 12
1314131041 11
1314131101 11
1314131161 12
1314131221 12
1314131281 12
1314131341 13
1314131401 12
1314131462 10
1314131521 12
1314131581 13
1314131641 13
1314131701 12
1314131761 12
1314131821 13
1314131881 13
1314131942 12
1314132002 12
1314132061 11
1314132121 8
1314132181 8
1314132241 10
1314132301 10
1314132361 9
1314132421 10
1314132482 10
1314132541 10
1314132601 10
1314132661 10
1314132721 9
1314132781 6
1314132841 8
1314132901 9
1314132962 9
1314133021 8
1314133081 9
1314133141 9
1314133201 9
1314133261 8
1314133321 9
1314133381 9
1314133442 6
1314133501 7
1314133561 9
1314133621 9
1314133681 8
1314133741 8
1314133801 8
1314133862 8
1314133921 7
1314133981 8
1314134041 9
1314134101 7
1314134161 7
1314134221 9
1314134281 8
1314134341 9
1314134402 9
1314134461 9
1314134521 9
1314134581 8
1314134641 8
1314134701 9
1314134761 7
1314134821 7
1314134882 9
1314134941 9
1314135001 9
1314135061 9
1314135121 9
1314135181 10
1314135241 9
1314135301 10
1314135361 9
1314135421 9
1314135482 9
1314135542 11
1314135601 12
1314135661 12
1314135721 11
1314135781 11
1314135841 11
1314135901 10
1314135961 10
1314136021 10
1314136082 9
1314136141 7
1314136201 10
1314136261 10
1314136321 10
1314136381 10
1314136441 10
1314136501 10
1314136561 9
1314136621 8
1314136682 8
1314136742 9
1314136801 5
1314136861 8
1314136921 8
1314136981 7
1314137042 8
1314137102 8
1314137161 9
1314137221 10
1314137281 10
1314137341 8
1314137401 10
1314137461 9
1314137521 9
1314137581 10
1314137642 10
1314137702 10
1314137761 10
1314137821 9
1314137881 7
1314137941 9
1314138001 7
1314138061 8
1314138121 8
1314138181 8
1314138242 9
1314138301 9
1314138361 9
1314138421 10
1314138481 10
1314138541 9
1314138601 10
1314138661 9
1314138721 8
1314138781 9
1314138842 8
1314138901 10
1314138961 10
1314139021 9
1314139081 10
1314139141 10
1314139201 9
1314139261 10
1314139321 9
1314139382 10
1314139441 9
1314139501 9
1314139561 10
1314139621 9
1314139682 10
1314139741 10
1314139801 10
1314139861 9
1314139921 10
1314139981 8
1314140041 10
1314140101 11
1314140162 11
1314140222 12
1314140281 11
1314140341 11
1314140401 13
1314140461 14
1314140521 13
1314140581 14
1314140641 15
1314140701 14
1314140762 16
1314140821 15
1314140881 16
1314140941 14
1314141001 15
1314141061 16
1314141121 16
1314141181 16
1314141241 17
1314141302 17
1314141361 15
1314141421 18
1314141481 18
1314141541 19
1314141601 16
1314141661 17
1314141721 18
1314141781 17
1314141841 14
1314141902 16
1314141961 16
1314142021 14
1314142081 15
1314142141 15
1314142201 16
1314142261 14
1314142321 14
1314142381 15
1314142441 16
1314142502 14
1314142561 16
1314142621 15
1314142681 14
1314142741 15
1314142801 14
1314142861 14
1314142921 15
1314142981 16
1314143042 17
1314143102 18
1314143161 17
1314143221 17
1314143281 19
1314143341 20
1314143401 20
1314143461 21
1314143521 20
1314143582 20
1314143642 19
1314143701 21
1314143761 21
1314143821 20
1314143881 23
1314143941 20
1314144001 22
1314144061 23
1314144122 23
1314144182 23
1314144241 24
1314144301 25
1314144361 25
1314144421 28
1314144481 25
1314144541 32
1314144602 31
1314144662 29
1314144721 30
1314144781 30
1314144841 30
1314144901 30
1314144961 30
1314145021 30
1314145081 34
1314145141 33
1314145202 38
1314145261 41
1314145321 43
1314145381 45
1314145441 49
1314145501 47
1314145561 51
1314145621 51
1314145681 47
1314145742 53
1314145801 48
1314145861 52
1314145921 51
1314145981 50
1314146041 51
1314146101 53
1314146161 54
1314146221 56
1314146281 56
1314146342 52
1314146401 53
1314146461 52
1314146521 51
1314146581 54
1314146641 53
1314146701 56
1314146761 54
1314146821 55
1314146881 57
1314146942 57
1314147002 57
1314147061 59
1314147121 60
1314147181 57
1314147241 57
1314147301 60
1314147361 57
1314147421 58
1314147481 59
1314147542 55
1314147601 58
1314147661 59
1314147721 60
1314147781 62
1314147841 60
1314147901 60
1314147961 63
1314148021 60
1314148081 60
1314148142 61
1314148201 60
1314148261 62
1314148321 62
1314148381 64
1314148441 64
1314148501 65
1314148561 68
1314148621 70
1314148682 73
1314148741 74
1314148801 75
1314148861 74
1314148921 76
1314148981 70
1314149041 71
1314149101 69
1314149162 71
1314149221 71
1314149281 72
1314149341 69
1314149401 70
1314149461 67
1314149521 70
1314149581 71
1314149641 70
1314149702 77
1314149761 77
1314149821 74
1314149881 77
1314149941 79
1314150001 80
1314150061 82
1314150121 81
1314150182 85
1314150242 84
1314150301 79
1314150361 81
1314150421 81
1314150481 83
1314150541 86
1314150601 81
1314150661 85
1314150721 82
1314150782 85
1314150841 85
1314150901 86
1314150961 88
1314151021 85
1314151081 86
1314151141 82
1314151201 86
1314151261 84
1314151321 85
1314151382 84
1314151442 87
1314151501 84
1314151561 83
1314151621 85
1314151681 81
1314151741 83
1314151801 81
1314151861 82
1314151921 81
1314151982 82
1314152041 82
1314152101 85
1314152161 84
1314152221 87
1314152281 86
1314152341 88
1314152401 86
1314152461 85
1314152522 88
1314152581 86
1314152641 88
1314152701 88
1314152761 85
1314152821 87
1314152881 91
1314152941 88
1314153001 95
1314153062 92
1314153121 91
1314153181 92
1314153241 95
1314153301 97
1314153361 99
1314153421 97
1314153481 96
1314153541 98
1314153601 94
1314153662 98
1314153721 97
1314153781 99
1314153841 97
1314153901 100
1314153961 100
1314154021 103
1314154081 101
1314154142 105
1314154202 101
1314154261 100
1314154321 103
1314154381 101
1314154441 103
1314154502 100
1314154562 102
1314154621 102
1314154681 104
1314154741 104
1314154801 106
1314154861 105
1314154921 103
1314154981 103
1314155041 104
1314155102 102
1314155161 99
1314155221 104
1314155281 106
1314155341 105
1314155401 104
1314155461 105
1314155521 106
1314155581 105
1314155642 103
1314155702 107
1314155761 113
1314155821 115
1314155881 114
1314155941 119
1314156001 120
1314156061 123
1314156121 120
1314156182 120
1314156241 120
1314156301 114
1314156361 111
1314156421 112
1314156481 114
1314156543 111
1314156601 110
1314156661 112
1314156721 109
1314156782 108
1314156841 107
1314156901 111
1314156961 107
1314157021 105
1314157081 107
1314157141 107
1314157201 105
1314157261 106
1314157322 107
1314157381 107
1314157441 111
1314157501 111
1314157561 108
1314157621 109
1314157681 107
1314157741 108
1314157801 110
1314157861 107
1314157922 109
1314157981 109
1314158041 105
1314158101 106
1314158161 106
1314158221 103
1314158281 99
1314158341 98
1314158401 99
1314158462 97
1314158521 96
1314158581 98
1314158641 95
1314158701 95
1314158761 93
1314158821 93
1314158881 94
1314158941 94
1314159001 90
1314159062 91
1314159121 90
1314159181 94
1314159241 92
1314159301 90
1314159362 91
1314159421 83
1314159481 85
1314159541 86
1314159601 84
1314159661 83
1314159721 81
1314159782 86
1314159841 88
1314159901 87
1314159961 87
1314160021 88
1314160081 88
1314160141 85
1314160201 85
1314160261 85
1314160322 88
1314160381 84
1314160441 80
1314160501 81
1314160561 79
1314160621 80
1314160681 82
1314160741 81
1314160801 84
1314160861 86
1314160922 84
1314160981 83
1314161041 87
1314161101 85
1314161161 86
1314161221 90
1314161281 88
1314161341 91
1314161401 95
1314161461 99
1314161521 98
1314161581 100
1314161641 99
1314161702 99
1314161761 99
1314161822 96
1314161881 99
1314161941 98
1314162001 93
1314162061 91
1314162121 92
1314162181 95
1314162241 94
1314162301 92
1314162362 94
1314162421 98
1314162481 95
1314162541 98
1314162601 97
1314162661 100
1314162721 98
1314162781 100
1314162841 104
1314162902 103
1314162961 106
1314163021 104
1314163081 107
1314163141 108
1314163201 110
1314163261 111
1314163321 113
1314163382 112
1314163442 110
1314163501 110
1314163561 107
1314163621 105
1314163681 105
1314163741 105
1314163801 108
1314163861 102
1314163921 107
1314163981 104
1314164042 105
1314164101 108
1314164161 110
1314164221 112
1314164281 113
1314164341 113
1314164401 113
1314164461 115
1314164521 115
1314164582 121
1314164641 121
1314164701 120
1314164761 119
1314164821 114
1314164881 120
1314164941 120
1314165001 118
1314165061 122
1314165122 120
1314165181 115
1314165241 121
1314165301 119
1314165361 117
1314165421 119
1314165481 115
1314165541 117
1314165601 116
1314165662 115
1314165721 117
1314165781 121
1314165841 117
1314165901 120
1314165961 121
1314166021 120
1314166081 121
1314166142 122
1314166202 123
1314166261 123
1314166321 126
1314166381 125
1314166441 129
1314166501 131
1314166561 129
1314166621 127
1314166682 124
1314166741 121
1314166801 120
1314166861 119
1314166921 116
1314166981 115
1314167041 118
1314167102 119
1314167161 119
1314167221 123
1314167281 121
1314167341 119
1314167401 116
1314167461 120
1314167521 118
1314167581 121
1314167642 121
1314167701 127
1314167761 130
1314167821 131
1314167881 131
1314167941 129
1314168003 134
1314168062 136
1314168122 135
1314168181 130
1314168241 128
1314168301 126
1314168361 131
1314168421 130
1314168481 130
1314168541 131
1314168602 131
1314168661 131
1314168721 131
1314168782 122
1314168841 126
1314168901 126
1314168961 125
1314169021 122
1314169081 126
1314169141 125
1314169201 126
1314169261 124
1314169322 128
1314169381 128
1314169441 125
1314169501 128
1314169561 128
1314169621 128
1314169681 132
1314169741 131
1314169801 132
1314169861 130
1314169921 130
1314169981 132
1314170042 134
1314170101 131
1314170161 129
1314170221 127
1314170282 125
1314170341 127
1314170401 127
1314170461 127
1314170521 124
1314170581 120
1314170641 117
1314170701 116
1314170761 119
1314170822 121
1314170881 123
1314170941 119
1314171001 120
1314171061 119
1314171121 122
1314171181 123
1314171241 119
1314171301 115
1314171361 112
1314171421 114
1314171482 110
1314171541 107
1314171601 110
1314171661 107
1314171721 102
1314171781 103
1314171841 104
1314171901 104
1314171962 102
1314172021 100
1314172081 100
1314172141 101
1314172201 100
1314172261 101
1314172321 99
1314172381 97
1314172441 99
1314172502 96
1314172562 95
1314172621 93
1314172681 91
1314172741 91
1314172801 93
1314172861 94
1314172921 95
1314172981 99
1314173041 97
1314173102 101
1314173161 101
1314173221 100
1314173281 99
1314173341 104
1314173401 102
1314173461 101
1314173521 102
1314173581 100
1314173641 100
1314173702 101
1314173762 100
1314173821 97
1314173881 97
1314173941 95
1314174001 95
1314174061 96
1314174121 96
1314174181 95
1314174241 93
1314174302 92
1314174361 95
1314174421 97
1314174481 94
1314174541 95
1314174601 88
1314174661 92
1314174721 90
1314174781 88
1314174841 88
1314174902 89
1314174961 83
1314175021 84
1314175081 86
1314175141 83
1314175201 85
1314175261 80
1314175321 82
1314175381 81
1314175442 80
1314175502 75
1314175561 78
1314175621 74
1314175681 69
1314175741 68
1314175801 67
1314175861 64
1314175921 64
1314175982 65
1314176041 66
1314176101 66
1314176161 66
1314176221 68
1314176281 66
1314176341 66
1314176401 66
1314176461 69
1314176522 69
1314176581 68
1314176641 67
1314176701 64
1314176761 63
1314176821 64
1314176881 65
1314176941 62
1314177002 61
1314177062 60
1314177121 56
1314177181 58
1314177241 56
1314177301 56
1314177361 56
1314177421 52
1314177481 56
1314177542 54
1314177602 57
1314177661 60
1314177721 58
1314177781 58
1314177841 62
1314177901 63
1314177961 66
1314178021 67
1314178081 70
1314178142 69
1314178201 67
1314178261 67
1314178321 71
1314178381 69
1314178441 69
1314178501 67
1314178561 67
1314178621 68
1314178682 64
1314178742 68
1314178801 67
1314178861 63
1314178921 62
1314178982 64
1314179041 62
1314179101 63
1314179162 63
1314179221 62
1314179281 65
1314179341 63
1314179401 62
1314179461 60
1314179521 63
1314179581 60
1314179641 61
1314179702 61
1314179761 62
1314179821 65
1314179881 64
1314179941 65
1314180001 66
1314180061 66
1314180121 63
1314180181 63
1314180241 64
1314180302 62
1314180362 62
1314180421 62
1314180481 65
1314180541 66
1314180601 66
1314180661 64
1314180721 64
1314180781 66
1314180842 64
1314180901 65
1314180961 63
1314181021 62
1314181081 57
1314181141 58
1314181201 58
1314181261 58
1314181321 55
1314181382 54
1314181441 52
1314181501 52
1314181561 49
1314181621 51
1314181681 54
1314181741 52
1314181801 53
1314181861 54
1314181921 53
1314181982 53
1314182041 53
1314182101 53
1314182161 51
1314182221 50
1314182281 50
1314182341 50
1314182401 51
1314182461 51
1314182521 52
1314182582 52
1314182641 55
1314182701 53
1314182761 53
1314182821 50
1314182881 51
1314182942 47
1314183001 48
1314183061 46
1314183121 47
1314183181 46
1314183241 47
1314183301 46
1314183361 46
1314183421 48
1314183482 43
1314183541 41
1314183601 43
1314183661 43
1314183721 39
1314183781 42
1314183841 41
1314183901 43
1314183961 43
1314184022 41
1314184082 43
1314184141 44
1314184201 43
1314184261 44
1314184321 43
1314184381 43
1314184441 41
1314184501 44
1314184561 44
1314184622 43
1314184682 44
1314184741 44
1314184801 44
1314184861 48
1314184921 50
1314184981 48
1314185041 51
1314185101 47
1314185161 49
1314185222 51
1314185282 50
1314185341 51
1314185401 53
1314185461 52
1314185521 50
1314185581 49
1314185641 49
1314185701 50
1314185761 50
1314185821 50
1314185881 50
1314185941 50
1314186001 49
1314186061 48
1314186121 50
1314186181 52
1314186242 53
1314186301 55
1314186361 56
1314186421 59
1314186481 64
1314186541 65
1314186601 63
1314186661 65
1314186721 64
1314186782 64
1314186841 65
1314186901 65
1314186961 65
1314187021 62
1314187081 61
1314187141 61
1314187201 63
1314187261 63
1314187321 64
1314187382 63
1314187442 64
1314187501 66
1314187561 64
1314187621 64
1314187681 67
1314187741 66
1314187801 65
1314187861 63
1314187921 66
1314187981 65
1314188042 63
1314188101 62
1314188161 64
1314188221 62
1314188281 62
1314188341 65
1314188401 66
1314188461 69
1314188521 69
1314188582 69
1314188641 70
1314188701 72
1314188761 71
1314188821 74
1314188881 73
1314188941 72
1314189001 74
1314189062 74
1314189121 75
1314189181 77
1314189241 75
1314189301 78
1314189361 77
1314189421 75
1314189481 75
1314189542 76
1314189602 75
1314189661 74
1314189721 73
1314189781 75
1314189841 78
1314189901 77
1314189961 79
1314190021 80
1314190081 75
1314190142 78
1314190201 78
1314190261 79
1314190321 83
1314190382 81
1314190441 82
1314190501 78
1314190561 78
1314190621 82
1314190681 83
1314190741 80
1314190801 80
1314190861 80
1314190921 77
1314190982 77
1314191042 77
1314191101 77
1314191161 76
1314191221 73
1314191281 76
1314191341 76
1314191401 76
1314191461 78
1314191522 78
1314191581 79
1314191641 78
1314191701 81
1314191761 82
1314191821 83
1314191881 82
1314191941 86
1314192002 85
1314192062 85
1314192121 82
1314192181 83
1314192241 86
1314192301 85
1314192361 87
1314192421 88
1314192481 92
1314192542 94
1314192602 89
1314192661 88
1314192721 92
1314192781 87
1314192841 86
1314192901 84
1314192961 84
1314193021 83
1314193082 77
1314193142 75
1314193201 77
1314193261 76
1314193321 74
1314193381 73
1314193441 73
1314193501 73
1314193561 75
1314193622 74
1314193681 76
1314193741 73
1314193801 79
1314193861 77
1314193921 77
1314193981 80
1314194041 78
1314194101 81
1314194161 79
1314194221 82
1314194282 79
1314194341 78
1314194401 77
1314194461 80
1314194521 76
1314194581 77
1314194641 77
1314194701 73
1314194761 77
1314194821 76
1314194882 80
1314194941 77
1314195001 73
1314195061 71
1314195121 76
1314195181 77
1314195241 80
1314195301 83
1314195361 78
1314195422 82
1314195481 79
1314195541 84
1314195601 82
1314195661 85
1314195721 84
1314195781 82
1314195841 79
1314195901 80
1314195961 81
1314196022 77
1314196081 74
1314196141 75
1314196201 76
1314196261 72
1314196321 75
1314196381 74
1314196441 75
1314196502 71
1314196561 73
1314196621 73
1314196681 76
1314196741 74
1314196801 72
1314196861 76
1314196921 78
1314196981 76
1314197042 76
1314197102 75
1314197161 74
1314197221 73
1314197281 75
1314197341 76
1314197401 74
1314197461 71
1314197521 75
1314197581 77
1314197641 73
1314197701 78
1314197761 75
1314197822 75
1314197881 75
1314197941 72
1314198001 74
1314198061 71
1314198121 70
1314198181 71
1314198241 67
1314198301 68
1314198361 68
1314198422 68
1314198481 68
1314198541 68
1314198601 68
1314198661 69
1314198721 68
1314198781 65
1314198841 66
1314198901 63
1314198961 64
1314199021 64
1314199082 65
1314199141 65
1314199201 66
1314199261 66
1314199321 67
1314199381 67
1314199441 67
1314199501 63
1314199561 64
1314199622 62
1314199682 60
1314199741 60
1314199801 61
1314199861 61
1314199921 55
1314199981 54
1314200041 55
1314200101 54
1314200161 54
1314200221 54
1314200282 53
1314200341 52
1314200401 50
1314200461 46
1314200521 50
1314200581 51
1314200641 53
1314200701 54
1314200761 52
1314200821 52
1314200882 51
1314200941 49
1314201001 50
1314201061 50
1314201121 45
1314201181 47
1314201241 45
1314201301 46
1314201361 46
1314201422 47
1314201482 45
1314201541 44
1314201601 44
