1309104061 4
1309104121 4
1309104181 4
1309104241 4
1309104301 3
1309104361 3
1309104421 3
1309104481 3
1309104541 3
1309104601 2
1309104661 3
1309104721 3
1309104781 3
1309104842 3
1309104901 3
1309104961 3
1309105021 3
1309105081 3
1309105141 3
1309105201 3
1309105261 2
1309105321 3
1309105381 3
1309105441 3
1309105502 3
1309105561 3
1309105621 3
1309105681 1
1309105741 2
1309105801 2
1309105861 2
1309105921 1
1309105981 2
1309106041 2
1309106101 2
1309106161 2
1309106222 2
1309106281 2
1309106341 1
1309106401 2
1309106461 2
1309106521 2
1309106581 1
1309106641 2
1309106701 2
1309106761 2
1309106821 2
1309106882 2
1309106941 2
1309107001 1
1309107061 2
1309107121 2
1309107181 2
1309107241 1
1309107301 2
1309107361 2
1309107421 2
1309107481 2
1309107541 2
1309107601 2
1309107662 1
1309107721 1
1309107781 1
1309107841 1
1309107902 0
1309107962 1
1309108021 1
1309108081 1
1309108141 1
1309108201 1
1309108261 2
1309108321 2
1309108381 2
1309108441 2
1309108501 2
1309108561 1
1309108621 2
1309108682 3
1309108741 3
1309108801 3
1309108862 2
1309108921 3
1309108981 3
1309109041 3
1309109101 3
1309109161 3
1309109221 2
1309109281 2
1309109341 2
1309109401 2
1309109461 2
1309109521 1
1309109581 2
1309109642 2
1309109701 2
1309109761 2
1309109821 2
1309109881 1
1309109941 2
1309110001 2
1309110061 2
1309110121 2
1309110181 1
1309110241 2
1309110301 2
1309110362 2
1309110421 2
1309110481 2
1309110541 1
1309110601 2
1309110661 2
1309110721 2
1309110781 2
1309110841 1
1309110901 1
1309110961 1
1309111022 1
1309111081 1
1309111141 1
1309111201 0
1309111261 1
1309111321 1
1309111381 1
1309111441 1
1309111501 1
1309111562 1
1309111621 1
1309111681 1
1309111741 1
1309111801 1
1309111861 1
1309111921 2
1309111981 2
1309112041 2
1309112101 2
1309112162 2
1309112221 2
1309112281 2
1309112341 2
1309112401 2
1309112461 2
1309112521 1
1309112581 0
1309112641 1
1309112701 1
1309112761 1
1309112821 1
1309112882 1
1309112941 1
1309113001 1
1309113061 1
1309113121 1
1309113181 1
1309113241 0
1309113301 1
1309113361 1
1309113421 1
1309113481 2
1309113541 2
1309113602 2
1309113661 2
1309113721 2
1309113781 2
1309113841 2
1309113901 1
1309113961 2
1309114021 2
1309114081 2
1309114141 1
1309114201 1
1309114261 1
1309114321 1
1309114382 1
1309114441 1
1309114501 1
1309114561 0
1309114621 1
1309114681 1
1309114741 1
1309114801 1
1309114861 1
1309114921 1
1309114981 1
1309115041 1
1309115102 2
1309115161 2
1309115221 1
1309115281 2
1309115341 2
1309115401 2
1309115461 2
1309115521 2
1309115581 2
1309115641 2
1309115701 1
1309115761 2
1309115821 2
1309115882 1
1309115941 2
1309116001 2
1309116061 2
1309116121 2
1309116181 2
1309116241 2
1309116301 2
1309116361 1
1309116421 2
1309116481 2
1309116541 1
1309116602 1
1309116661 1
1309116721 1
1309116781 1
1309116841 1
1309116901 1
1309116961 1
1309117021 0
1309117081 1
1309117141 1
1309117201 1
1309117261 1
1309117322 1
1309117381 1
1309117441 1
1309117501 1
1309117561 1
1309117621 1
1309117681 0
1309117741 1
1309117801 1
1309117861 1
1309117921 1
1309117981 1
1309118042 1
1309118102 1
1309118161 1
1309118221 1
1309118281 1
1309118341 0
1309118401 1
1309118461 1
1309118521 1
1309118581 1
1309118641 1
1309118701 1
1309118761 1
1309118822 1
1309118881 1
1309118941 1
1309119001 1
1309119061 0
1309119121 1
1309119181 1
1309119241 1
1309119301 1
1309119361 1
1309119421 1
1309119481 1
1309119542 1
1309119601 1
1309119661 1
1309119721 0
1309119781 1
1309119841 1
1309119901 1
1309119961 1
1309120021 1
1309120081 1
1309120141 1
1309120201 1
1309120262 1
1309120321 1
1309120381 1
1309120441 1
1309120501 1
1309120561 1
1309120621 1
1309120681 1
1309120741 1
1309120801 1
1309120861 1
1309120921 1
1309120981 1
1309121041 1
1309121101 1
1309121161 1
1309121221 1
1309121281 1
1309121341 1
1309121401 1
1309121461 1
1309121521 1
1309121581 1
1309121642 1
1309121701 1
1309121761 1
1309121821 1
1309121881 1
1309121941 1
1309122001 1
1309122061 1
1309122121 1
1309122181 1
1309122241 1
1309122301 1
1309122362 1
1309122421 1
1309122481 1
1309122541 1
1309122601 1
1309122661 1
1309122721 1
1309122781 1
1309122841 1
1309122901 1
1309122961 1
1309123022 1
1309123081 1
1309123141 1
1309123201 1
1309123261 1
1309123321 1
1309123381 1
1309123441 1
1309123501 1
1309123561 1
1309123621 1
1309123681 1
1309123741 1
1309123801 1
1309123861 1
1309123921 1
1309123981 1
1309124041 1
1309124101 1
1309124161 1
1309124221 1
1309124281 1
1309124341 1
1309124401 1
1309124461 1
1309124522 1
1309124581 1
1309124641 1
1309124701 1
1309124761 1
1309124821 1
1309124881 1
1309124941 1
1309125001 1
1309125061 1
1309125121 1
1309125181 1
1309125241 1
1309125301 1
1309125361 1
1309125421 1
1309125481 1
1309125541 1
1309125601 1
1309125661 1
1309125721 1
1309125781 2
1309125841 2
1309125902 2
1309125961 2
1309126021 2
1309126081 2
1309126141 2
1309126201 2
1309126261 2
1309126321 2
1309126381 2
1309126441 2
1309126501 2
1309126561 2
1309126621 2
1309126681 2
1309126741 2
1309126801 2
1309126861 2
1309126921 2
1309126981 2
1309127041 2
1309127101 2
1309127161 2
1309127221 2
1309127281 2
1309127342 2
1309127402 2
1309127461 2
1309127521 2
1309127581 2
1309127641 2
1309127701 2
1309127761 2
1309127821 2
1309127881 2
1309127941 3
1309128001 3
1309128061 1
1309128122 1
1309128181 1
1309128241 1
1309128301 1
1309128361 1
1309128421 1
1309128481 1
1309128541 1
1309128601 0
1309128661 1
1309128721 1
1309128781 1
1309128841 1
1309128902 1
1309128961 1
1309129021 1
1309129081 1
1309129141 1
1309129201 1
1309129261 0
1309129321 1
1309129381 1
1309129441 1
1309129501 1
1309129561 1
1309129621 1
1309129681 2
1309129741 2
1309129801 2
1309129861 2
1309129921 2
1309129981 4
1309130041 4
1309130101 5
1309130161 5
1309130221 6
1309130282 6
1309130341 7
1309130401 7
1309130461 8
1309130521 7
1309130581 5
1309130641 6
1309130701 5
1309130761 6
1309130821 5
1309130881 4
1309130942 4
1309131002 5
1309131061 5
1309131121 6
1309131181 7
1309131241 7
1309131301 8
1309131361 8
1309131421 8
1309131481 8
1309131541 8
1309131601 9
1309131662 9
1309131721 9
1309131781 10
1309131841 10
1309131901 9
1309131961 10
1309132021 11
1309132081 12
1309132141 11
1309132201 10
1309132262 11
1309132321 10
1309132381 11
1309132441 13
1309132501 13
1309132561 13
1309132621 12
1309132681 11
1309132741 11
1309132801 13
1309132861 12
1309132921 13
1309132982 11
1309133041 11
1309133101 11
1309133161 12
1309133221 11
1309133281 11
1309133341 12
1309133401 11
1309133461 12
1309133521 12
1309133581 12
1309133641 11
1309133701 12
1309133762 14
1309133821 14
1309133881 15
1309133941 15
1309134001 15
1309134061 15
1309134121 15
1309134181 16
1309134241 15
1309134301 14
1309134361 13
1309134422 16
1309134481 16
1309134541 16
1309134601 17
1309134661 18
1309134721 19
1309134781 19
1309134841 21
1309134901 22
1309134961 21
1309135021 23
1309135081 25
1309135141 25
1309135202 24
1309135261 25
1309135321 24
1309135381 26
1309135441 28
1309135501 28
1309135561 29
1309135621 28
1309135681 29
1309135741 30
1309135801 31
1309135862 32
1309135922 33
1309135981 30
1309136041 33
1309136101 34
1309136161 34
1309136221 36
1309136281 35
1309136341 33
1309136401 35
1309136461 35
1309136522 35
1309136581 33
1309136641 31
1309136701 34
1309136761 37
1309136821 37
1309136881 38
1309136941 38
1309137001 36
1309137061 39
1309137121 38
1309137182 39
1309137241 35
1309137301 36
1309137361 37
1309137421 37
1309137481 36
1309137541 39
1309137601 38
1309137661 39
1309137721 42
1309137781 42
1309137842 43
1309137901 41
1309137961 43
1309138021 43
1309138081 45
1309138141 45
1309138201 43
1309138261 42
1309138321 43
1309138381 43
1309138441 44
1309138502 45
1309138561 46
1309138621 47
1309138681 48
1309138741 46
1309138801 48
1309138861 48
1309138921 48
1309138981 52
1309139041 51
1309139101 48
1309139162 44
1309139221 47
1309139281 49
1309139341 50
1309139401 51
1309139461 50
1309139521 49
1309139581 48
1309139641 47
1309139701 47
1309139761 48
1309139821 47
1309139882 46
1309139941 48
1309140001 48
1309140061 50
1309140121 49
1309140181 52
1309140241 52
1309140301 52
1309140361 52
1309140421 53
1309140481 50
1309140542 52
1309140601 50
1309140661 48
1309140721 49
1309140781 47
1309140841 49
1309140901 51
1309140961 50
1309141021 47
1309141081 50
1309141141 48
1309141202 49
1309141261 49
1309141321 50
1309141381 50
1309141441 48
1309141501 51
1309141561 52
1309141621 55
1309141681 55
1309141741 55
1309141801 57
1309141862 57
1309141921 57
1309141981 55
1309142041 58
1309142101 56
1309142161 53
1309142221 54
1309142281 51
1309142341 54
1309142401 55
1309142461 53
1309142522 54
1309142581 55
1309142641 56
1309142701 56
1309142761 58
1309142821 55
1309142881 57
1309142941 55
1309143001 55
1309143061 57
1309143121 57
1309143181 55
1309143242 57
1309143301 60
1309143361 59
1309143421 60
1309143481 59
1309143541 62
1309143601 62
1309143661 60
1309143721 63
1309143781 64
1309143841 63
1309143902 61
1309143961 64
1309144021 62
1309144081 64
1309144141 62
1309144201 65
1309144261 65
1309144321 65
1309144381 66
1309144441 65
1309144501 65
1309144562 68
1309144621 68
1309144681 68
1309144741 67
1309144801 65
1309144861 65
1309144921 65
1309144981 65
1309145041 67
1309145101 65
1309145161 67
1309145221 67
1309145282 65
1309145342 65
1309145401 65
1309145461 65
1309145521 66
1309145581 66
1309145641 63
1309145701 64
1309145761 65
1309145821 64
1309145881 64
1309145941 64
1309146002 65
1309146061 68
1309146121 68
1309146181 70
1309146241 68
1309146301 69
1309146361 67
1309146421 72
1309146481 71
1309146541 69
1309146601 67
1309146662 67
1309146721 66
1309146781 64
1309146841 66
1309146901 66
1309146961 66
1309147021 67
1309147081 67
1309147141 66
1309147201 66
1309147262 65
1309147321 63
1309147381 64
1309147441 62
1309147501 61
1309147561 60
1309147621 58
1309147681 55
1309147741 56
1309147801 52
1309147861 55
1309147922 56
1309147982 58
1309148041 56
1309148101 57
1309148161 53
1309148221 56
1309148281 59
1309148341 57
1309148401 56
1309148461 54
1309148521 54
1309148582 53
1309148641 55
1309148701 53
1309148761 53
1309148821 50
1309148881 52
1309148941 53
1309149001 53
1309149061 53
1309149121 50
1309149181 51
1309149242 50
1309149301 52
1309149361 52
1309149421 51
1309149481 50
1309149541 51
1309149601 52
1309149661 51
1309149721 50
1309149781 50
1309149841 51
1309149902 51
1309149961 50
1309150021 49
1309150081 47
1309150141 49
1309150201 49
1309150261 49
1309150321 49
1309150381 47
1309150441 43
1309150501 45
1309150561 47
1309150621 49
1309150682 48
1309150741 49
1309150801 51
1309150861 54
1309150921 52
1309150981 51
1309151041 55
1309151101 55
1309151161 56
1309151221 52
1309151281 52
1309151341 52
1309151402 50
1309151461 52
1309151521 54
1309151581 53
1309151641 50
1309151701 53
1309151761 55
1309151821 55
1309151881 56
1309151941 57
1309152001 56
1309152062 55
1309152121 56
1309152181 58
1309152241 62
1309152301 57
1309152361 59
1309152421 61
1309152481 62
1309152541 62
1309152601 61
1309152661 60
1309152721 61
1309152782 63
1309152841 62
1309152901 63
1309152961 59
1309153021 62
1309153081 62
1309153141 64
1309153201 64
1309153261 64
1309153321 65
1309153381 66
1309153441 68
1309153502 71
1309153561 71
1309153621 69
1309153681 70
1309153741 70
1309153801 71
1309153861 71
1309153921 72
1309153981 72
1309154041 69
1309154101 67
1309154162 71
1309154222 71
1309154281 72
1309154341 71
1309154401 73
1309154461 72
1309154521 73
1309154581 75
1309154641 71
1309154701 70
1309154761 71
1309154822 68
1309154881 70
1309154941 69
1309155001 69
1309155061 70
1309155121 66
1309155181 69
1309155241 70
1309155301 70
1309155361 75
1309155421 79
1309155481 79
1309155542 80
1309155601 76
1309155661 77
1309155721 80
1309155781 78
1309155841 77
1309155901 80
1309155961 76
1309156021 79
1309156082 77
1309156141 76
1309156201 79
1309156261 78
1309156321 78
1309156381 75
1309156441 80
1309156501 74
1309156561 74
1309156622 73
1309156681 75
1309156741 77
1309156801 76
1309156861 74
1309156921 72
1309156981 72
1309157041 69
1309157101 71
1309157162 68
1309157222 65
1309157281 66
1309157341 66
1309157401 66
1309157461 65
1309157521 63
1309157581 65
1309157641 64
1309157701 65
1309157762 62
1309157821 62
1309157881 60
1309157941 61
1309158001 65
1309158061 65
1309158121 64
1309158181 64
1309158241 66
1309158302 67
1309158361 70
1309158421 69
1309158481 70
1309158541 70
1309158601 69
1309158661 71
1309158721 70
1309158781 67
1309158841 68
1309158901 66
1309158961 66
1309159021 69
1309159081 69
1309159141 69
1309159201 69
1309159261 69
1309159322 69
1309159381 70
1309159441 68
1309159501 68
1309159561 68
1309159621 68
1309159681 69
1309159741 67
1309159801 69
1309159862 70
1309159921 71
1309159981 73
1309160041 75
1309160101 74
1309160161 71
1309160221 69
1309160281 65
1309160341 69
1309160401 66
1309160461 65
1309160521 63
1309160582 65
1309160641 66
1309160701 71
1309160761 72
1309160821 72
1309160881 73
1309160941 68
1309161001 73
1309161061 72
1309161121 70
1309161181 68
1309161241 64
1309161302 60
1309161361 61
1309161421 62
1309161481 63
1309161541 62
1309161601 58
1309161661 59
1309161721 59
1309161781 57
1309161841 55
1309161901 52
1309161961 49
1309162022 48
1309162081 44
1309162141 42
1309162201 36
1309162261 39
1309162321 39
1309162381 39
1309162441 39
1309162501 38
1309162561 37
1309162622 35
1309162681 36
1309162741 33
1309162801 34
1309162861 28
1309162921 33
1309162981 33
1309163041 33
1309163101 35
1309163161 33
1309163221 33
1309163282 32
1309163341 32
1309163401 31
1309163461 31
1309163521 27
1309163581 26
1309163641 25
1309163701 23
1309163761 24
1309163821 24
1309163881 24
1309163941 25
1309164001 24
1309164061 24
1309164121 23
1309164181 23
1309164241 24
1309164301 24
1309164361 23
1309164421 24
1309164481 24
1309164541 23
1309164601 22
1309164661 22
1309164722 22
1309164781 20
1309164841 20
1309164901 21
1309164961 21
1309165021 22
1309165081 22
1309165141 21
1309165201 22
1309165261 23
1309165321 25
1309165381 25
1309165442 23
1309165501 23
1309165561 23
1309165621 24
1309165681 23
1309165741 24
1309165801 24
1309165861 22
1309165921 20
1309165981 21
1309166041 21
1309166102 22
1309166162 19
1309166221 20
1309166281 20
1309166341 18
1309166401 18
1309166461 18
1309166521 20
1309166581 20
1309166641 21
1309166701 20
1309166761 21
1309166821 17
1309166882 21
1309166941 21
1309167001 21
1309167061 20
1309167121 20
1309167181 18
1309167241 18
1309167301 19
1309167361 18
1309167421 18
1309167481 18
1309167541 20
1309167602 20
1309167661 20
1309167721 18
1309167781 21
1309167841 20
1309167901 21
1309167961 23
1309168021 23
1309168081 24
1309168141 23
1309168201 25
1309168261 26
1309168322 27
1309168381 24
1309168441 27
1309168501 25
1309168561 26
1309168621 26
1309168681 25
1309168741 26
1309168801 28
1309168861 28
1309168921 28
1309168981 27
1309169042 28
1309169101 26
1309169161 25
1309169221 25
1309169281 22
1309169341 22
1309169401 21
1309169461 20
1309169521 21
1309169581 22
1309169641 21
1309169701 22
1309169762 23
1309169821 22
1309169881 22
1309169941 21
1309170001 22
1309170061 22
1309170121 21
1309170181 22
1309170241 20
1309170301 22
1309170361 21
1309170421 21
1309170482 20
1309170541 20
1309170601 17
1309170661 18
1309170721 18
1309170781 17
1309170841 16
1309170901 18
1309170961 20
1309171021 20
1309171081 21
1309171141 21
1309171201 21
1309171262 19
1309171321 21
1309171381 20
1309171441 21
1309171501 18
1309171561 20
1309171621 19
1309171681 20
1309171741 20
1309171801 19
1309171861 20
1309171921 18
1309171981 18
1309172042 18
1309172101 20
1309172161 19
1309172221 20
1309172281 21
1309172341 21
1309172401 21
1309172461 21
1309172521 21
1309172581 20
1309172641 20
1309172701 19
1309172761 19
1309172821 21
1309172881 20
1309172941 20
1309173001 20
1309173061 20
1309173121 20
1309173181 20
1309173241 20
1309173301 19
1309173361 22
1309173422 21
1309173481 21
1309173541 22
1309173601 23
1309173661 22
1309173721 23
1309173781 23
1309173841 23
1309173901 21
1309173961 21
1309174021 20
1309174081 19
1309174142 21
1309174201 20
1309174261 22
1309174321 21
1309174381 22
1309174441 22
1309174501 21
1309174561 19
1309174621 21
1309174681 21
1309174741 20
1309174801 21
1309174861 20
1309174922 21
1309174981 21
1309175041 19
1309175101 21
1309175161 19
1309175221 20
1309175281 20
1309175341 19
1309175401 19
1309175461 22
1309175521 22
1309175581 23
1309175642 23
1309175701 21
1309175761 23
1309175821 20
1309175881 23
1309175941 24
1309176001 24
1309176061 23
1309176121 25
1309176181 24
1309176241 25
1309176301 25
1309176362 24
1309176421 23
1309176481 22
1309176541 22
1309176601 23
1309176661 25
1309176721 25
1309176781 25
1309176841 26
1309176901 26
1309176961 26
1309177021 27
1309177081 26
1309177142 26
1309177201 25
1309177261 26
1309177321 27
1309177381 27
1309177441 26
1309177501 29
1309177561 28
1309177621 30
1309177681 30
1309177741 30
1309177801 29
1309177861 31
1309177922 30
1309177981 31
1309178041 33
1309178101 33
1309178161 32
1309178221 31
1309178281 30
1309178341 31
1309178401 30
1309178461 28
1309178521 31
1309178582 32
1309178641 30
1309178701 34
1309178761 34
1309178821 34
1309178881 34
1309178941 32
1309179001 33
1309179061 32
1309179121 36
1309179181 38
1309179241 38
1309179302 38
1309179361 38
1309179421 40
1309179481 40
1309179541 40
1309179601 41
1309179661 41
1309179721 40
1309179781 39
1309179841 38
1309179901 37
1309179962 39
1309180021 38
1309180081 39
1309180141 37
1309180201 37
1309180261 34
1309180321 35
1309180381 37
1309180441 37
1309180501 35
1309180561 36
1309180621 35
1309180682 36
1309180741 35
1309180801 34
1309180861 34
1309180921 32
1309180981 31
1309181041 34
1309181101 34
1309181161 34
1309181221 34
1309181281 33
1309181341 34
1309181402 35
1309181461 36
1309181521 33
1309181581 31
1309181641 33
1309181701 32
1309181761 33
1309181821 33
1309181881 32
1309181941 33
1309182001 30
1309182061 32
1309182122 34
1309182182 31
1309182241 32
1309182301 34
1309182361 32
1309182421 32
1309182481 31
1309182541 34
1309182601 35
1309182661 34
1309182721 33
1309182781 31
1309182841 31
1309182901 28
1309182961 28
1309183021 29
1309183081 29
1309183141 27
1309183201 29
1309183261 28
1309183321 29
1309183381 28
1309183441 28
1309183501 29
1309183561 28
1309183622 25
1309183682 25
1309183741 24
1309183801 23
1309183861 24
1309183921 24
1309183981 24
1309184041 22
1309184101 22
1309184161 22
1309184221 23
1309184281 22
1309184341 24
1309184402 24
1309184461 24
1309184521 26
1309184581 26
1309184641 25
1309184701 25
1309184761 26
1309184821 25
1309184881 26
1309184941 25
1309185001 24
1309185061 23
1309185122 21
1309185181 24
1309185241 24
1309185301 23
1309185361 24
1309185421 24
1309185481 25
1309185541 23
1309185601 22
1309185661 23
1309185721 22
1309185781 22
1309185842 23
1309185901 22
1309185961 21
1309186021 22
1309186081 21
1309186141 23
1309186201 27
1309186261 27
1309186321 27
1309186381 25
1309186441 25
1309186501 24
1309186561 24
1309186622 22
1309186681 22
1309186741 21
1309186801 19
1309186861 16
1309186921 16
1309186981 15
1309187041 14
1309187101 15
1309187161 15
1309187221 16
1309187281 16
1309187342 17
1309187401 16
1309187461 16
1309187521 15
1309187581 15
1309187641 15
1309187701 15
1309187761 14
1309187821 15
1309187881 15
1309187941 14
1309188001 14
1309188061 15
1309188122 15
1309188181 14
1309188241 14
1309188301 13
1309188361 13
1309188421 12
1309188481 12
1309188541 13
1309188601 12
1309188661 12
1309188721 13
1309188781 13
1309188842 12
1309188901 13
1309188961 11
1309189021 12
1309189081 12
1309189141 12
1309189201 12
1309189261 12
1309189321 13
1309189381 13
1309189441 14
1309189501 13
1309189561 14
1309189622 13
1309189681 13
1309189741 14
1309189801 15
1309189861 14
1309189921 14
1309189981 14
1309190041 14
1309190101 14
1309190161 13
1309190221 13
1309190281 12
1309190341 13
1309190401 13
