1313078463 46
1313078521 48
1313078581 46
1313078641 47
1313078701 42
1313078761 40
1313078821 38
1313078881 40
1313078941 43
1313079001 41
1313079061 41
1313079122 42
1313079181 43
1313079241 42
1313079301 44
1313079361 43
1313079421 43
1313079481 43
1313079541 44
1313079601 41
1313079661 41
1313079721 39
1313079782 39
1313079841 39
1313079901 39
1313079961 39
1313080021 40
1313080081 40
1313080141 37
1313080201 38
1313080261 38
1313080321 36
1313080382 36
1313080441 37
1313080501 36
1313080561 37
1313080621 36
1313080681 33
1313080741 33
1313080801 33
1313080861 35
1313080921 35
1313080981 33
1313081042 33
1313081102 34
1313081161 34
1313081221 33
1313081281 31
1313081341 32
1313081401 33
1313081461 32
1313081521 31
1313081581 31
1313081641 27
1313081702 30
1313081762 30
1313081821 31
1313081881 30
1313081941 29
1313082001 28
1313082061 27
1313082121 27
1313082181 28
1313082242 28
1313082301 26
1313082361 27
1313082421 27
1313082481 27
1313082541 29
1313082601 29
1313082661 28
1313082721 27
1313082781 27
1313082841 28
1313082902 25
1313082961 25
1313083021 24
1313083081 24
1313083141 22
1313083201 24
1313083262 24
1313083321 24
1313083381 23
1313083442 22
1313083501 22
1313083562 18
1313083622 21
1313083681 20
1313083741 20
1313083801 20
1313083861 22
1313083921 23
1313083981 23
1313084041 22
1313084101 23
1313084161 22
1313084221 21
1313084282 23
1313084342 22
1313084401 20
1313084461 21
1313084522 20
1313084581 21
1313084641 21
1313084701 20
1313084761 20
1313084821 21
1313084881 19
1313084941 20
1313085001 19
1313085061 19
1313085121 20
1313085182 20
1313085241 19
1313085301 21
1313085361 21
1313085421 21
1313085481 21
1313085541 18
1313085601 17
1313085661 17
1313085721 14
1313085781 18
1313085841 18
1313085902 17
1313085961 17
1313086021 16
1313086081 16
1313086141 16
1313086201 16
1313086261 17
1313086321 17
1313086381 16
1313086442 17
1313086501 17
1313086561 17
1313086621 17
1313086681 16
1313086741 17
1313086801 17
1313086861 15
1313086921 16
1313086981 16
1313087042 14
1313087101 15
1313087161 15
1313087221 16
1313087281 16
1313087341 15
1313087401 16
1313087461 17
1313087521 16
1313087581 14
1313087642 16
1313087701 15
1313087761 16
1313087821 16
1313087881 15
1313087941 15
1313088001 14
1313088061 15
1313088121 16
1313088181 15
1313088242 14
1313088301 15
1313088361 15
1313088421 14
1313088481 15
1313088541 16
1313088601 16
1313088662 15
1313088721 15
1313088781 14
1313088841 14
1313088901 14
1313088961 14
1313089021 14
1313089082 14
1313089141 13
1313089201 15
1313089261 15
1313089321 14
1313089381 15
1313089441 15
1313089501 14
1313089562 14
1313089621 14
1313089681 15
1313089741 14
1313089801 15
1313089861 15
1313089921 14
1313089981 14
1313090042 15
1313090102 15
1313090161 14
1313090221 14
1313090281 14
1313090341 15
1313090401 14
1313090461 13
1313090521 14
1313090581 12
1313090642 13
1313090701 14
1313090761 14
1313090821 13
1313090881 12
1313090941 13
1313091001 12
1313091061 13
1313091121 12
1313091181 13
1313091242 12
1313091301 12
1313091361 13
1313091421 13
1313091481 12
1313091541 11
1313091601 13
1313091661 12
1313091721 13
1313091781 12
1313091842 12
1313091901 10
1313091961 11
1313092021 12
1313092081 12
1313092141 11
1313092201 11
1313092261 11
1313092321 12
1313092381 12
1313092442 12
1313092501 11
1313092561 10
1313092621 12
1313092681 12
1313092741 12
1313092801 11
1313092861 12
1313092921 10
1313092982 12
1313093041 12
1313093101 12
1313093161 12
1313093221 9
1313093281 12
1313093341 12
1313093401 11
1313093461 11
1313093522 12
1313093581 11
1313093641 11
1313093701 12
1313093761 12
1313093821 12
1313093881 8
1313093941 12
1313094001 13
1313094062 12
1313094121 12
1313094181 13
1313094241 12
1313094301 12
1313094361 13
1313094421 13
1313094481 14
1313094541 11
1313094602 13
1313094661 15
1313094721 15
1313094781 14
1313094841 15
1313094901 14
1313094961 14
1313095021 15
1313095081 15
1313095142 15
1313095201 13
1313095261 14
1313095321 15
1313095381 16
1313095441 15
1313095501 16
1313095561 15
1313095621 15
1313095682 16
1313095742 15
1313095801 16
1313095861 14
1313095921 13
1313095981 15
1313096041 15
1313096101 14
1313096161 15
1313096221 14
1313096282 14
1313096341 15
1313096401 14
1313096461 14
1313096521 13
1313096581 13
1313096641 14
1313096701 14
1313096761 13
1313096822 14
1313096881 13
1313096941 13
1313097001 14
1313097061 13
1313097121 13
1313097181 12
1313097241 14
1313097301 14
1313097362 13
1313097421 13
1313097481 14
1313097541 14
1313097601 13
1313097661 14
1313097721 12
1313097781 12
1313097841 13
1313097902 14
1313097962 14
1313098021 14
1313098081 13
1313098141 13
1313098201 14
1313098261 13
1313098321 14
1313098381 13
1313098442 14
1313098501 15
1313098561 16
1313098621 16
1313098681 16
1313098741 16
1313098801 14
1313098861 16
1313098922 16
1313098982 16
1313099041 13
1313099101 16
1313099161 15
1313099221 16
1313099281 16
1313099341 15
1313099401 16
1313099461 15
1313099522 16
1313099581 14
1313099641 15
1313099701 12
1313099761 15
1313099821 15
1313099881 16
1313099942 16
1313100002 15
1313100061 15
1313100121 16
1313100181 16
1313100241 16
1313100302 15
1313100361 12
1313100421 12
1313100481 14
1313100541 14
1313100601 15
1313100661 14
1313100721 15
1313100781 16
1313100842 15
1313100901 16
1313100961 17
1313101021 16
1313101081 14
1313101141 18
1313101201 17
1313101261 17
1313101321 15
1313101382 16
1313101441 17
1313101501 16
1313101561 16
1313101621 17
1313101681 17
1313101741 14
1313101801 18
1313101861 18
1313101922 17
1313101982 16
1313102041 17
1313102101 17
1313102161 17
1313102221 15
1313102281 17
1313102341 18
1313102401 14
1313102461 16
1313102521 17
1313102581 16
1313102641 16
1313102702 17
1313102762 18
1313102821 19
1313102881 19
1313102941 18
1313103001 21
1313103061 22
1313103121 23
1313103181 23
1313103241 23
1313103302 20
1313103361 22
1313103421 21
1313103481 22
1313103541 19
1313103601 18
1313103661 18
1313103721 19
1313103782 21
1313103841 21
1313103901 21
1313103961 19
1313104021 22
1313104081 21
1313104141 22
1313104201 21
1313104261 22
1313104322 21
1313104382 23
1313104441 26
1313104501 27
1313104561 26
1313104621 27
1313104681 28
1313104741 27
1313104801 27
1313104862 24
1313104921 26
1313104981 24
1313105041 26
1313105101 26
1313105161 27
1313105221 26
1313105281 27
1313105342 28
1313105401 31
1313105461 31
1313105521 32
1313105581 33
1313105641 32
1313105701 34
1313105761 34
1313105821 35
1313105882 37
1313105942 36
1313106001 33
1313106061 33
1313106121 31
1313106181 32
1313106241 32
1313106301 32
1313106361 33
1313106421 32
1313106482 35
1313106541 38
1313106601 37
1313106661 39
1313106721 37
1313106781 37
1313106841 37
1313106901 35
1313106961 39
1313107022 38
1313107082 37
1313107141 39
1313107201 43
1313107261 43
1313107321 43
1313107381 46
1313107441 46
1313107501 46
1313107562 44
1313107622 48
1313107681 48
1313107741 49
1313107801 51
1313107861 54
1313107921 57
1313107981 56
1313108041 54
1313108101 56
1313108162 57
1313108221 54
1313108281 55
1313108341 57
1313108401 55
1313108461 58
1313108521 58
1313108581 58
1313108641 59
1313108702 59
1313108761 61
1313108821 63
1313108881 60
1313108941 61
1313109001 61
1313109061 58
1313109121 65
1313109182 66
1313109241 68
1313109301 68
1313109361 68
1313109421 68
1313109481 71
1313109541 70
1313109601 71
1313109661 73
1313109721 71
1313109781 71
1313109842 71
1313109901 71
1313109961 75
1313110021 78
1313110081 76
1313110141 76
1313110201 74
1313110261 73
1313110322 80
1313110381 82
1313110441 88
1313110501 87
1313110561 85
1313110621 83
1313110681 87
1313110741 87
1313110801 92
1313110861 91
1313110922 87
1313110981 93
1313111041 92
1313111101 96
1313111161 97
1313111221 97
1313111281 95
1313111341 97
1313111401 98
1313111462 100
1313111522 102
1313111581 100
1313111641 103
1313111701 101
1313111761 99
1313111821 98
1313111881 100
1313111941 100
1313112002 101
1313112061 102
1313112121 103
1313112181 106
1313112241 105
1313112301 105
1313112361 111
1313112421 117
1313112481 114
1313112541 112
1313112602 112
1313112661 114
1313112721 114
1313112781 122
1313112841 123
1313112901 125
1313112961 126
1313113021 125
1313113082 129
1313113142 130
1313113201 127
1313113261 130
1313113321 128
1313113381 127
1313113441 129
1313113502 129
1313113561 128
1313113621 129
1313113681 130
1313113741 136
1313113801 138
1313113861 136
1313113921 136
1313113981 135
1313114041 139
1313114102 138
1313114161 138
1313114221 141
1313114281 138
1313114341 131
1313114401 135
1313114461 135
1313114521 136
1313114581 134
1313114642 134
1313114701 138
1313114761 140
1313114821 138
1313114881 139
1313114941 144
1313115001 144
1313115061 148
1313115121 151
1313115182 149
1313115241 152
1313115301 156
1313115361 153
1313115421 155
1313115481 155
1313115541 159
1313115601 156
1313115661 156
1313115721 155
1313115782 156
1313115841 154
1313115901 148
1313115961 150
1313116021 150
1313116081 150
1313116141 151
1313116201 150
1313116261 152
1313116321 154
1313116382 151
1313116441 152
1313116501 156
1313116561 155
1313116621 154
1313116681 152
1313116741 149
1313116801 151
1313116861 151
1313116922 155
1313116982 157
1313117041 155
1313117101 154
1313117161 157
1313117221 163
1313117281 162
1313117341 163
1313117401 159
1313117461 158
1313117522 160
1313117581 156
1313117641 153
1313117701 160
1313117761 156
1313117821 159
1313117881 163
1313117941 164
1313118001 162
1313118062 158
1313118121 157
1313118181 158
1313118241 160
1313118301 158
1313118361 156
1313118421 156
1313118481 160
1313118541 159
1313118601 156
1313118662 156
1313118722 154
1313118781 154
1313118841 158
1313118901 160
1313118961 162
1313119021 158
1313119081 160
1313119141 160
1313119202 161
1313119261 159
1313119321 160
1313119381 159
1313119441 153
1313119501 151
1313119561 152
1313119621 148
1313119681 150
1313119741 149
1313119802 153
1313119861 152
1313119921 151
1313119981 152
1313120041 150
1313120101 150
1313120161 149
1313120221 144
1313120281 145
1313120342 142
1313120402 141
1313120461 139
1313120521 135
1313120581 134
1313120641 135
1313120701 131
1313120761 134
1313120821 142
1313120881 138
1313120942 137
1313121001 136
1313121061 142
1313121121 142
1313121181 138
1313121241 139
1313121301 138
1313121361 137
1313121422 139
1313121482 139
1313121541 141
1313121601 144
1313121661 136
1313121721 136
1313121781 132
1313121841 128
1313121902 129
1313121962 128
1313122021 121
1313122081 121
1313122141 124
1313122201 122
1313122261 123
1313122321 123
1313122381 124
1313122441 123
1313122501 119
1313122561 119
1313122622 120
1313122681 115
1313122741 117
1313122801 115
1313122861 116
1313122921 111
1313122981 114
1313123041 114
1313123101 112
1313123162 109
1313123221 111
1313123281 111
1313123341 110
1313123401 111
1313123461 112
1313123521 114
1313123581 110
1313123641 109
1313123701 110
1313123762 110
1313123822 111
1313123881 109
1313123941 108
1313124001 110
1313124061 110
1313124121 110
1313124181 110
1313124241 110
1313124301 108
1313124362 106
1313124421 104
1313124481 103
1313124541 106
1313124601 107
1313124661 108
1313124721 107
1313124781 108
1313124841 106
1313124901 108
1313124962 108
1313125021 107
1313125081 111
1313125141 107
1313125201 111
1313125261 110
1313125321 111
1313125381 109
1313125441 111
1313125501 109
1313125562 108
1313125621 109
1313125681 107
1313125741 105
1313125801 106
1313125861 104
1313125921 103
1313125981 104
1313126041 105
1313126101 105
1313126162 106
1313126221 106
1313126281 105
1313126341 103
1313126401 106
1313126461 104
1313126521 107
1313126581 108
1313126641 106
1313126701 109
1313126762 110
1313126821 111
1313126881 108
1313126941 108
1313127001 109
1313127061 111
1313127121 110
1313127181 109
1313127241 107
1313127302 105
1313127362 105
1313127421 104
1313127481 103
1313127541 106
1313127601 103
1313127661 104
1313127721 103
1313127781 107
1313127841 104
1313127901 108
1313127962 105
1313128022 109
1313128081 108
1313128141 109
1313128201 106
1313128261 108
1313128321 111
1313128381 111
1313128441 113
1313128502 112
1313128561 113
1313128621 110
1313128681 111
1313128741 112
1313128801 113
1313128861 110
1313128921 111
1313128981 114
1313129042 114
1313129101 116
1313129161 117
1313129221 119
1313129281 117
1313129341 117
1313129401 118
1313129461 121
1313129521 119
1313129582 118
1313129641 117
1313129701 117
1313129761 119
1313129821 121
1313129881 123
1313129941 121
1313130001 123
1313130061 125
1313130121 120
1313130181 123
1313130241 124
1313130301 120
1313130361 121
1313130421 118
1313130481 117
1313130541 114
1313130601 113
1313130661 116
1313130721 114
1313130782 115
1313130841 118
1313130901 119
1313130961 115
1313131021 120
1313131081 120
1313131141 122
1313131201 122
1313131261 124
1313131321 124
1313131382 119
1313131441 124
1313131501 125
1313131561 125
1313131621 126
1313131681 127
1313131741 128
1313131801 128
1313131861 129
1313131921 132
1313131982 131
1313132041 127
1313132101 128
1313132161 131
1313132221 126
1313132281 128
1313132341 125
1313132401 126
1313132461 122
1313132521 123
1313132582 126
1313132641 126
1313132701 128
1313132761 131
1313132821 131
1313132881 131
1313132941 131
1313133001 130
1313133061 129
1313133121 132
1313133182 127
1313133241 130
1313133301 127
1313133361 127
1313133421 125
1313133481 118
1313133541 124
1313133601 122
1313133661 119
1313133721 120
1313133782 121
1313133841 120
1313133901 119
1313133961 117
1313134021 118
1313134081 118
1313134141 114
1313134202 109
1313134262 109
1313134321 112
1313134381 113
1313134441 108
1313134501 108
1313134561 108
1313134621 107
1313134681 112
1313134741 112
1313134802 114
1313134861 114
1313134921 113
1313134981 111
1313135041 110
1313135101 113
1313135161 111
1313135221 113
1313135281 110
1313135341 112
1313135402 110
1313135462 108
1313135521 110
1313135581 111
1313135641 111
1313135701 108
1313135761 111
1313135821 110
1313135881 110
1313135941 110
1313136002 110
1313136061 109
1313136121 109
1313136181 107
1313136241 107
1313136301 107
1313136361 109
1313136421 106
1313136481 102
1313136541 102
1313136602 105
1313136661 105
1313136721 101
1313136781 100
1313136841 99
1313136901 98
1313136961 95
1313137021 97
1313137081 99
1313137141 97
1313137201 97
1313137261 94
1313137322 95
1313137381 91
1313137441 88
1313137501 90
1313137561 85
1313137621 87
1313137681 88
1313137741 89
1313137801 90
1313137861 90
1313137922 87
1313137982 91
1313138041 91
1313138101 90
1313138161 91
1313138221 93
1313138281 92
1313138341 93
1313138401 91
1313138462 94
1313138522 94
1313138581 92
1313138641 94
1313138701 89
1313138762 92
1313138821 86
1313138881 87
1313138941 82
1313139001 83
1313139061 82
1313139121 81
1313139181 81
1313139241 78
1313139301 78
1313139362 76
1313139422 75
1313139481 73
1313139541 71
1313139601 76
1313139661 73
1313139721 74
1313139781 72
1313139841 73
1313139901 73
1313139961 75
1313140022 75
1313140081 70
1313140141 72
1313140201 66
1313140261 68
1313140321 69
1313140381 71
1313140441 71
1313140501 69
1313140561 70
1313140621 70
1313140682 70
1313140741 73
1313140801 70
1313140861 67
1313140921 67
1313140981 68
1313141041 69
1313141101 67
1313141161 66
1313141221 69
1313141282 68
1313141342 68
1313141401 69
1313141461 66
1313141521 65
1313141581 66
1313141641 66
1313141701 67
1313141761 65
1313141821 63
1313141882 63
1313141941 62
1313142001 59
1313142061 62
1313142121 63
1313142181 64
1313142241 64
1313142301 63
1313142361 61
1313142421 61
1313142482 64
1313142541 63
1313142601 65
1313142661 64
1313142721 66
1313142781 63
1313142841 64
1313142901 64
1313142961 65
1313143021 60
1313143082 60
1313143141 64
1313143201 62
1313143261 62
1313143321 62
1313143381 60
1313143441 58
1313143501 61
1313143561 63
1313143621 63
1313143682 61
1313143742 60
1313143801 61
1313143861 60
1313143921 60
1313143981 62
1313144041 62
1313144101 60
1313144161 58
1313144221 59
1313144281 59
1313144342 56
1313144402 56
1313144461 54
1313144521 54
1313144581 53
1313144641 55
1313144701 55
1313144761 56
1313144821 55
1313144881 55
1313144942 52
1313145001 51
1313145061 49
1313145121 48
1313145181 49
1313145241 47
1313145301 46
1313145361 46
1313145421 45
1313145482 48
1313145542 47
1313145601 48
1313145661 48
1313145721 47
1313145781 46
1313145841 50
1313145901 47
1313145961 50
1313146021 51
1313146081 50
1313146142 50
1313146202 49
1313146261 53
1313146321 53
1313146381 55
1313146441 55
1313146501 57
1313146561 55
1313146621 54
1313146681 53
1313146741 54
1313146802 56
1313146861 54
1313146921 55
1313146981 52
1313147041 50
1313147101 50
1313147161 51
1313147221 52
1313147281 53
1313147341 53
1313147402 55
1313147462 55
1313147521 53
1313147581 54
1313147641 53
1313147701 49
1313147761 56
1313147821 55
1313147881 57
1313147941 56
1313148001 54
1313148062 56
1313148122 55
1313148181 55
1313148241 53
1313148301 55
1313148361 51
1313148421 52
1313148481 50
1313148541 50
1313148601 49
1313148661 48
1313148721 46
1313148781 45
1313148841 46
1313148901 45
1313148961 42
1313149021 44
1313149081 44
1313149141 45
1313149201 45
1313149261 45
1313149322 47
1313149382 45
1313149441 47
1313149501 47
1313149561 47
1313149621 44
1313149681 47
1313149741 47
1313149801 48
1313149861 50
1313149922 48
1313149982 50
1313150041 50
1313150101 48
1313150161 50
1313150221 50
1313150281 46
1313150341 49
1313150401 49
1313150461 50
1313150522 50
1313150581 48
1313150641 49
1313150701 51
1313150761 51
1313150821 51
1313150881 54
1313150941 50
1313151001 56
1313151061 55
1313151122 57
1313151181 58
1313151241 55
1313151301 57
1313151361 57
1313151421 59
1313151481 58
1313151541 58
1313151601 55
1313151661 57
1313151722 57
1313151782 57
1313151841 57
1313151901 57
1313151961 57
1313152021 57
1313152081 58
1313152141 57
1313152201 61
1313152261 55
1313152322 55
1313152382 56
1313152441 55
1313152501 56
1313152561 57
1313152621 57
1313152681 57
1313152741 57
1313152801 53
1313152861 55
1313152922 56
1313152981 55
1313153041 57
1313153101 56
1313153161 56
1313153221 56
1313153281 54
1313153341 53
1313153401 50
1313153462 54
1313153522 55
1313153581 54
1313153641 56
1313153701 56
1313153761 58
1313153821 58
1313153881 61
1313153941 63
1313154002 64
1313154062 61
1313154122 62
1313154181 61
1313154241 62
1313154301 60
1313154361 60
1313154421 60
1313154481 61
1313154541 60
1313154601 60
1313154662 57
1313154721 60
1313154781 60
1313154841 62
1313154901 65
1313154961 63
1313155021 64
1313155081 61
1313155141 61
1313155201 61
1313155262 62
1313155321 65
1313155381 62
1313155441 64
1313155501 64
1313155561 63
1313155621 64
1313155681 63
1313155741 61
1313155801 64
1313155862 64
1313155921 62
1313155981 63
1313156041 60
1313156101 63
1313156161 63
1313156221 60
1313156281 61
1313156342 62
1313156402 64
1313156461 66
1313156521 65
1313156581 63
1313156641 62
1313156701 61
1313156761 62
1313156821 62
1313156881 63
1313156942 60
1313157001 61
1313157061 61
1313157121 66
1313157181 68
1313157241 66
1313157301 70
1313157361 69
1313157421 69
1313157481 72
1313157542 74
1313157601 74
1313157661 70
1313157721 70
1313157781 70
1313157841 71
1313157901 73
1313157961 74
1313158021 73
1313158081 69
1313158141 71
1313158202 70
1313158262 71
1313158321 65
1313158381 68
1313158441 68
1313158501 61
1313158561 66
1313158621 66
1313158681 64
1313158741 64
1313158801 65
1313158862 64
1313158921 64
1313158981 63
1313159041 67
1313159101 67
1313159161 65
1313159221 67
1313159281 68
1313159341 66
1313159402 65
1313159462 63
1313159521 62
1313159581 62
1313159641 57
1313159701 57
1313159761 56
1313159821 58
1313159881 59
1313159941 59
1313160001 57
1313160061 57
1313160121 59
1313160181 58
1313160241 57
1313160301 56
1313160361 59
1313160421 58
1313160481 60
1313160542 60
1313160602 58
1313160661 61
1313160721 61
1313160781 65
1313160841 65
1313160901 67
1313160961 68
1313161021 68
1313161082 64
1313161142 66
1313161201 66
1313161261 66
1313161321 64
1313161381 59
1313161441 61
1313161501 59
1313161561 60
1313161622 59
1313161682 62
1313161741 61
1313161801 61
1313161861 61
1313161921 61
1313161981 59
1313162041 59
1313162101 58
1313162161 59
1313162222 61
1313162281 59
1313162341 58
1313162401 56
1313162461 58
1313162521 59
1313162581 58
1313162641 57
1313162701 57
1313162761 58
1313162822 55
1313162881 57
1313162941 56
1313163001 56
1313163061 54
1313163121 52
1313163181 54
1313163241 54
1313163301 51
1313163361 47
1313163422 50
1313163481 51
1313163541 53
1313163601 53
1313163661 49
1313163721 49
1313163781 48
1313163841 49
1313163901 48
1313163961 46
1313164022 47
1313164081 43
1313164141 44
1313164201 44
1313164261 44
1313164321 46
1313164381 46
1313164441 47
1313164501 47
1313164561 48
1313164621 44
1313164682 49
1313164741 49
1313164801 48
