1313856061 58
1313856122 57
1313856181 54
1313856241 56
1313856301 54
1313856361 51
1313856421 54
1313856481 46
1313856541 46
1313856601 50
1313856662 48
1313856722 50
1313856781 50
1313856841 49
1313856901 51
1313856961 50
1313857021 48
1313857081 45
1313857141 42
1313857202 41
1313857262 41
1313857321 37
1313857381 40
1313857441 40
1313857501 37
1313857561 39
1313857621 40
1313857681 38
1313857741 36
1313857802 34
1313857862 32
1313857921 33
1313857981 31
1313858041 30
1313858101 29
1313858161 28
1313858221 30
1313858281 30
1313858341 29
1313858401 28
1313858462 27
1313858521 28
1313858581 28
1313858641 27
1313858701 28
1313858761 25
1313858821 28
1313858881 31
1313858941 31
1313859001 34
1313859062 34
1313859121 36
1313859181 36
1313859241 35
1313859301 36
1313859361 36
1313859421 37
1313859481 39
1313859541 39
1313859602 36
1313859661 39
1313859721 36
1313859781 36
1313859841 36
1313859901 34
1313859961 42
1313860021 35
1313860081 31
1313860141 32
1313860202 31
1313860261 30
1313860321 32
1313860381 32
1313860441 34
1313860501 36
1313860561 34
1313860621 37
1313860681 34
1313860741 36
1313860802 38
1313860861 38
1313860921 38
1313860981 37
1313861041 35
1313861101 31
1313861161 36
1313861221 36
1313861281 37
1313861341 33
1313861402 35
1313861461 35
1313861521 34
1313861581 35
1313861641 36
1313861701 35
1313861761 26
1313861821 23
1313861881 23
1313861941 25
1313862002 19
1313862061 20
1313862121 20
1313862181 21
1313862241 21
1313862301 21
1313862361 20
1313862421 22
1313862481 21
1313862541 20
1313862602 21
1313862661 17
1313862721 19
1313862781 19
1313862841 20
1313862901 20
1313862961 19
1313863021 19
1313863081 18
1313863141 18
1313863202 18
1313863261 19
1313863322 17
1313863381 19
1313863441 19
1313863501 21
1313863561 22
1313863621 21
1313863681 23
1313863741 23
1313863801 23
1313863862 23
1313863921 25
1313863981 23
1313864041 24
1313864101 29
1313864161 29
1313864221 29
1313864281 26
1313864341 26
1313864402 24
1313864461 23
1313864521 23
1313864581 22
1313864641 20
1313864701 22
1313864761 22
1313864821 22
1313864882 22
1313864942 21
1313865001 21
1313865061 21
1313865121 19
1313865181 20
1313865241 20
1313865301 17
1313865361 20
1313865422 20
1313865481 20
1313865541 20
1313865601 20
1313865661 20
1313865721 20
1313865781 18
1313865841 19
1313865902 19
1313865961 22
1313866021 25
1313866081 26
1313866141 26
1313866201 26
1313866261 26
1313866321 25
1313866381 24
1313866442 23
1313866502 20
1313866561 17
1313866621 18
1313866681 18
1313866741 18
1313866801 18
1313866861 18
1313866921 18
1313866981 17
1313867041 16
1313867102 17
1313867161 16
1313867221 17
1313867281 15
1313867341 16
1313867401 17
1313867461 17
1313867521 17
1313867581 16
1313867641 17
1313867701 17
1313867762 16
1313867821 15
1313867881 16
1313867941 16
1313868001 15
1313868061 16
1313868121 16
1313868181 16
1313868241 15
1313868301 15
1313868361 16
1313868422 16
1313868481 15
1313868541 15
1313868601 16
1313868661 15
1313868721 16
1313868781 16
1313868841 16
1313868901 15
1313868961 15
1313869022 16
1313869081 18
1313869141 17
1313869201 16
1313869261 18
1313869321 17
1313869381 18
1313869441 18
1313869501 19
1313869561 18
1313869622 15
1313869682 20
1313869741 20
1313869801 19
1313869861 19
1313869921 20
1313869981 19
1313870041 20
1313870101 20
1313870161 20
1313870221 16
1313870282 17
1313870342 17
1313870401 17
1313870461 14
1313870521 16
1313870581 17
1313870641 16
1313870701 16
1313870761 17
1313870821 17
1313870881 16
1313870942 20
1313871001 20
1313871061 21
1313871121 19
1313871181 20
1313871241 22
1313871301 21
1313871361 22
1313871421 22
1313871481 17
1313871542 18
1313871601 19
1313871661 19
1313871721 18
1313871781 16
1313871841 16
1313871901 17
1313871961 15
1313872021 17
1313872081 17
1313872141 17
1313872202 17
1313872261 17
1313872321 17
1313872381 16
1313872441 14
1313872501 15
1313872561 16
1313872621 14
1313872681 16
1313872741 17
1313872801 16
1313872862 17
1313872921 17
1313872981 17
1313873041 17
1313873101 15
1313873161 15
1313873221 17
1313873281 14
1313873341 15
1313873401 16
1313873462 15
1313873521 16
1313873581 16
1313873641 16
1313873701 16
1313873761 14
1313873821 14
1313873881 16
1313873941 15
1313874001 16
1313874061 16
1313874122 15
1313874181 16
1313874241 16
1313874301 16
1313874361 16
1313874421 14
1313874481 14
1313874541 17
1313874601 16
1313874661 17
1313874722 17
1313874781 17
1313874841 17
1313874901 17
1313874961 16
1313875021 17
1313875081 17
1313875141 14
1313875201 20
1313875261 19
1313875322 20
1313875382 19
1313875441 20
1313875501 20
1313875561 20
1313875621 18
1313875681 20
1313875741 14
1313875801 14
1313875861 17
1313875921 16
1313875982 17
1313876041 16
1313876101 17
1313876161 17
1313876221 17
1313876281 16
1313876341 18
1313876401 16
1313876461 21
1313876522 22
1313876581 21
1313876641 22
1313876701 21
1313876761 22
1313876821 22
1313876881 20
1313876941 20
1313877002 14
1313877062 16
1313877121 15
1313877181 16
1313877241 15
1313877301 16
1313877361 16
1313877421 16
1313877481 16
1313877541 15
1313877603 15
1313877661 14
1313877721 15
1313877781 14
1313877841 15
1313877902 14
1313877961 15
1313878021 16
1313878081 16
1313878141 17
1313878201 16
1313878261 16
1313878321 17
1313878381 18
1313878441 18
1313878502 18
1313878561 17
1313878621 17
1313878681 18
1313878741 18
1313878801 18
1313878861 17
1313878921 16
1313878981 17
1313879041 16
1313879102 17
1313879161 17
1313879221 16
1313879281 16
1313879341 16
1313879401 16
1313879461 16
1313879521 15
1313879581 15
1313879641 16
1313879702 15
1313879761 16
1313879821 16
1313879881 15
1313879941 16
1313880001 16
1313880061 15
1313880121 16
1313880181 15
1313880241 17
1313880302 17
1313880361 16
1313880421 16
1313880481 17
1313880541 15
1313880601 17
1313880662 13
1313880721 17
1313880781 16
1313880841 15
1313880901 17
1313880962 18
1313881021 18
1313881081 18
1313881141 18
1313881201 17
1313881261 17
1313881321 18
1313881381 18
1313881441 17
1313881502 16
1313881561 18
1313881621 17
1313881681 18
1313881741 18
1313881801 18
1313881861 16
1313881921 17
1313881981 18
1313882042 17
1313882101 16
1313882161 16
1313882221 17
1313882281 16
1313882341 19
1313882401 20
1313882461 20
1313882521 20
1313882581 20
1313882642 20
1313882701 20
1313882761 19
1313882821 20
1313882881 19
1313882941 18
1313883001 17
1313883061 17
1313883121 15
1313883182 19
1313883241 19
1313883301 20
1313883361 19
1313883421 18
1313883481 20
1313883541 20
1313883601 20
1313883661 20
1313883722 13
1313883781 17
1313883841 19
1313883901 19
1313883961 18
1313884021 19
1313884081 16
1313884141 18
1313884201 19
1313884262 19
1313884321 19
1313884381 17
1313884441 17
1313884501 18
1313884561 18
1313884621 18
1313884681 19
1313884741 17
1313884801 18
1313884861 19
1313884922 19
1313884981 18
1313885041 17
1313885101 17
1313885161 18
1313885221 17
1313885281 18
1313885341 17
1313885401 18
1313885461 18
1313885522 18
1313885581 19
1313885641 18
1313885701 19
1313885761 17
1313885821 19
1313885881 18
1313885941 19
1313886001 17
1313886061 18
1313886121 17
1313886181 18
1313886242 19
1313886301 18
1313886361 19
1313886421 17
1313886481 19
1313886541 18
1313886601 18
1313886661 17
1313886721 19
1313886781 17
1313886842 20
1313886902 21
1313886961 23
1313887021 26
1313887081 24
1313887141 26
1313887201 25
1313887261 25
1313887321 26
1313887381 25
1313887442 25
1313887501 29
1313887561 29
1313887621 29
1313887681 31
1313887741 31
1313887801 31
1313887861 30
1313887921 30
1313887981 30
1313888042 32
1313888102 37
1313888161 39
1313888221 38
1313888281 40
1313888341 45
1313888401 46
1313888461 47
1313888521 47
1313888582 47
1313888641 43
1313888701 41
1313888761 42
1313888821 41
1313888881 41
1313888941 37
1313889001 40
1313889061 42
1313889121 39
1313889182 39
1313889242 38
1313889301 33
1313889361 33
1313889421 32
1313889481 32
1313889541 32
1313889601 33
1313889661 32
1313889721 33
1313889782 33
1313889841 34
1313889901 35
1313889961 34
1313890021 35
1313890081 35
1313890141 34
1313890201 34
1313890262 37
1313890322 37
1313890381 38
1313890441 35
1313890501 38
1313890561 39
1313890621 38
1313890681 36
1313890741 37
1313890801 36
1313890861 35
1313890922 34
1313890981 35
1313891041 35
1313891101 32
1313891161 33
1313891221 34
1313891281 35
1313891341 32
1313891401 35
1313891462 33
1313891521 36
1313891581 35
1313891641 36
1313891701 35
1313891761 36
1313891821 37
1313891881 37
1313891941 37
1313892001 36
1313892061 38
1313892122 36
1313892181 39
1313892241 42
1313892301 43
1313892361 44
1313892421 45
1313892481 46
1313892541 46
1313892602 47
1313892662 48
1313892721 49
1313892781 50
1313892841 51
1313892901 49
1313892961 47
1313893021 47
1313893081 48
1313893141 51
1313893201 50
1313893262 47
1313893321 50
1313893381 47
1313893441 54
1313893501 57
1313893561 55
1313893621 55
1313893681 53
1313893741 49
1313893802 51
1313893861 54
1313893921 52
1313893981 50
1313894041 47
1313894101 46
1313894161 45
1313894221 44
1313894281 47
1313894341 47
1313894402 47
1313894461 45
1313894521 45
1313894581 43
1313894641 40
1313894701 41
1313894761 46
1313894821 45
1313894881 46
1313894941 48
1313895002 50
1313895061 48
1313895121 50
1313895181 51
1313895241 50
1313895301 51
1313895361 51
1313895421 49
1313895481 46
1313895541 47
1313895602 46
1313895661 47
1313895721 49
1313895781 49
1313895841 48
1313895901 50
1313895961 48
1313896021 46
1313896081 45
1313896141 44
1313896202 44
1313896261 45
1313896321 46
1313896381 47
1313896441 47
1313896501 47
1313896561 47
1313896621 49
1313896681 48
1313896741 49
1313896802 48
1313896861 50
1313896921 46
1313896981 49
1313897041 49
1313897101 52
1313897161 53
1313897221 52
1313897281 53
1313897342 53
1313897402 53
1313897461 51
1313897521 52
1313897581 52
1313897641 51
1313897701 54
1313897761 52
1313897821 55
1313897881 56
1313897941 56
1313898002 53
1313898061 53
1313898121 52
1313898181 50
1313898241 49
1313898301 45
1313898361 53
1313898421 52
1313898481 53
1313898542 51
1313898601 53
1313898661 52
1313898721 53
1313898781 52
1313898841 51
1313898901 51
1313898961 46
1313899021 50
1313899081 51
1313899142 52
1313899201 51
1313899261 48
1313899321 49
1313899381 51
1313899441 50
1313899501 49
1313899561 49
1313899621 50
1313899681 48
1313899742 49
1313899801 49
1313899861 50
1313899921 47
1313899981 48
1313900041 49
1313900101 47
1313900161 49
1313900221 46
1313900281 49
1313900342 47
1313900402 49
1313900461 48
1313900521 48
1313900581 48
1313900641 46
1313900701 47
1313900761 47
1313900821 49
1313900881 50
1313900941 49
1313901002 47
1313901061 48
1313901121 48
1313901181 48
1313901241 48
1313901301 46
1313901361 45
1313901421 44
1313901481 45
1313901541 50
1313901602 49
1313901662 47
1313901721 49
1313901781 46
1313901841 49
1313901901 49
1313901961 47
1313902021 45
1313902081 41
1313902141 44
1313902201 45
1313902262 46
1313902321 46
1313902381 45
1313902441 45
1313902501 46
1313902561 46
1313902621 47
1313902681 50
1313902741 49
1313902801 52
1313902862 53
1313902921 51
1313902981 49
1313903041 49
1313903101 49
1313903161 49
1313903221 44
1313903281 39
1313903341 38
1313903401 33
1313903461 34
1313903522 34
1313903582 35
1313903641 35
1313903701 35
1313903762 36
1313903821 34
1313903881 33
1313903941 28
1313904001 32
1313904061 30
1313904121 31
1313904182 31
1313904241 29
1313904301 31
1313904361 31
1313904421 35
1313904481 40
1313904541 42
1313904601 42
1313904661 45
1313904721 46
1313904782 45
1313904841 46
1313904901 43
1313904961 43
1313905021 40
1313905081 40
1313905141 43
1313905201 44
1313905261 42
1313905321 42
1313905381 42
1313905442 42
1313905501 43
1313905561 41
1313905621 40
1313905681 40
1313905741 44
1313905801 44
1313905861 46
1313905921 44
1313905981 45
1313906041 47
1313906102 47
1313906161 48
1313906221 47
1313906281 45
1313906341 46
1313906401 45
1313906461 46
1313906521 46
1313906581 46
1313906641 44
1313906701 44
1313906761 43
1313906821 47
1313906882 43
1313906941 42
1313907001 44
1313907061 44
1313907121 46
1313907181 47
1313907241 47
1313907301 48
1313907361 49
1313907422 47
1313907482 48
1313907541 46
1313907601 50
1313907661 48
1313907721 49
1313907781 48
1313907841 50
1313907901 49
1313907961 50
1313908022 52
1313908081 53
1313908141 52
1313908201 50
1313908261 52
1313908321 51
1313908381 51
1313908441 52
1313908502 51
1313908561 53
1313908621 51
1313908681 52
1313908741 53
1313908801 50
1313908861 48
1313908921 53
1313908981 54
1313909041 53
1313909102 52
1313909161 50
1313909221 51
1313909281 49
1313909341 49
1313909401 48
1313909461 55
1313909521 54
1313909582 55
1313909642 55
1313909701 55
1313909761 53
1313909821 53
1313909881 55
1313909941 52
1313910001 52
1313910061 48
1313910121 49
1313910182 49
1313910242 49
1313910301 51
1313910361 51
1313910421 50
1313910481 51
1313910541 50
1313910601 52
1313910661 51
1313910721 55
1313910781 52
1313910841 56
1313910901 56
1313910961 57
1313911021 58
1313911081 58
1313911141 59
1313911202 55
1313911261 55
1313911321 57
1313911381 58
1313911441 53
1313911501 59
1313911561 59
1313911621 59
1313911681 58
1313911741 57
1313911802 57
1313911861 58
1313911921 54
1313911981 56
1313912041 56
1313912101 54
1313912161 56
1313912221 58
1313912281 58
1313912341 59
1313912402 57
1313912461 59
1313912521 58
1313912581 59
1313912641 60
1313912701 61
1313912761 62
1313912821 60
1313912881 61
1313912942 59
1313913002 61
1313913061 61
1313913121 61
1313913181 58
1313913241 59
1313913301 56
1313913361 55
1313913421 56
1313913482 55
1313913542 55
1313913601 55
1313913661 55
1313913721 52
1313913781 52
1313913841 51
1313913901 52
1313913961 54
1313914021 52
1313914081 52
1313914142 53
1313914201 52
1313914261 52
1313914321 53
1313914381 51
1313914441 49
1313914501 50
1313914561 50
1313914621 53
1313914681 54
1313914741 52
1313914801 50
1313914861 51
1313914922 53
1313914982 55
1313915041 54
1313915101 54
1313915161 56
1313915221 54
1313915281 57
1313915341 58
1313915401 57
1313915461 52
1313915522 50
1313915581 51
1313915641 52
1313915701 51
1313915761 48
1313915821 46
1313915881 47
1313915941 45
1313916001 47
1313916062 46
1313916122 46
1313916181 43
1313916241 45
1313916301 46
1313916361 48
1313916421 46
1313916481 45
1313916541 46
1313916601 44
1313916662 46
1313916721 44
1313916781 44
1313916841 42
1313916901 45
1313916961 48
1313917021 48
1313917081 49
1313917141 49
1313917201 48
1313917262 48
1313917321 48
1313917381 48
1313917441 47
1313917501 41
1313917561 40
1313917621 40
1313917681 40
1313917741 44
1313917801 43
1313917862 46
1313917921 47
1313917981 46
1313918041 48
1313918101 46
1313918161 44
1313918221 44
1313918281 42
1313918341 40
1313918402 43
1313918461 39
1313918521 40
1313918581 41
1313918641 37
1313918701 39
1313918761 37
1313918821 38
1313918881 37
1313918941 36
1313919002 36
1313919061 35
1313919121 34
1313919181 32
1313919241 34
1313919301 35
1313919361 36
1313919421 35
1313919481 35
1313919541 39
1313919602 38
1313919661 37
1313919721 38
1313919781 39
1313919841 38
1313919901 37
1313919961 36
1313920021 35
1313920081 34
1313920141 33
1313920202 33
1313920261 32
1313920321 33
1313920381 33
1313920441 33
1313920501 32
1313920561 32
1313920621 33
1313920681 33
1313920741 31
1313920802 32
1313920861 32
1313920921 31
1313920981 34
1313921041 34
1313921101 34
1313921161 35
1313921221 33
1313921281 34
1313921342 33
1313921402 32
1313921461 33
1313921521 32
1313921581 30
1313921641 30
1313921701 29
1313921761 28
1313921821 29
1313921881 29
1313921941 33
1313922001 33
1313922061 31
1313922121 34
1313922181 34
1313922241 35
1313922301 34
1313922361 36
1313922421 38
1313922481 37
1313922541 36
1313922601 36
1313922662 37
1313922721 34
1313922781 36
1313922841 37
1313922901 37
1313922961 35
1313923021 33
1313923081 32
1313923141 33
1313923202 32
1313923261 33
1313923321 33
1313923381 30
1313923441 31
1313923501 33
1313923561 32
1313923621 32
1313923681 33
1313923741 32
1313923802 35
1313923861 34
1313923921 34
1313923981 38
1313924041 36
1313924101 37
1313924161 39
1313924221 39
1313924281 40
1313924341 37
1313924402 38
1313924461 37
1313924521 36
1313924581 31
1313924641 32
1313924701 30
1313924761 29
1313924821 30
1313924881 30
1313924941 31
1313925002 31
1313925061 33
1313925121 32
1313925181 33
1313925241 32
1313925301 34
1313925361 33
1313925421 34
1313925481 32
1313925541 32
1313925602 29
1313925661 31
1313925721 32
1313925781 32
1313925841 28
1313925901 26
1313925961 27
1313926021 25
1313926081 27
1313926141 28
1313926202 28
1313926261 27
1313926321 27
1313926381 29
1313926441 29
1313926501 29
1313926561 28
1313926621 30
1313926681 29
1313926741 28
1313926802 29
1313926862 30
1313926921 30
1313926981 28
1313927041 29
1313927101 30
1313927161 30
1313927221 29
1313927281 29
1313927341 30
1313927402 27
1313927461 29
1313927521 29
1313927581 30
1313927641 30
1313927701 30
1313927761 30
1313927821 30
1313927881 30
1313927941 31
1313928001 32
1313928062 31
1313928121 32
1313928181 31
1313928241 32
1313928301 32
1313928361 32
1313928421 32
1313928481 33
1313928541 32
1313928602 34
1313928661 34
1313928721 36
1313928781 37
1313928841 38
1313928901 37
1313928961 38
1313929021 37
1313929081 39
1313929141 41
1313929202 41
1313929262 39
1313929321 39
1313929381 39
1313929441 37
1313929501 36
1313929561 37
1313929621 38
1313929681 37
1313929741 39
1313929801 39
1313929861 39
1313929921 37
1313929981 39
1313930041 38
1313930101 37
1313930161 37
1313930222 38
1313930281 38
1313930341 38
1313930401 36
1313930461 37
1313930521 38
1313930581 38
1313930641 39
1313930702 39
1313930762 38
1313930821 39
1313930881 43
1313930941 42
1313931001 44
1313931061 43
1313931121 40
1313931181 42
1313931241 44
1313931302 45
1313931362 45
1313931421 45
1313931481 46
1313931541 44
1313931601 42
1313931661 44
1313931721 46
1313931781 46
1313931841 46
1313931901 46
1313931961 45
1313932022 42
1313932081 40
1313932141 40
1313932201 41
1313932261 41
1313932321 42
1313932381 43
1313932441 42
1313932502 44
1313932561 47
1313932621 46
1313932681 46
1313932741 47
1313932801 46
1313932861 46
1313932921 43
1313932981 40
1313933042 45
1313933101 43
1313933161 40
1313933221 41
1313933281 42
1313933341 41
1313933401 41
1313933461 42
1313933521 44
1313933582 43
1313933641 47
1313933701 47
1313933761 47
1313933821 48
1313933881 50
1313933941 47
1313934001 49
1313934061 49
1313934121 47
1313934181 44
1313934241 41
1313934302 45
1313934361 45
1313934421 44
1313934481 45
1313934541 46
1313934601 45
1313934661 47
1313934721 48
1313934781 47
1313934842 46
1313934901 45
1313934961 48
1313935021 46
1313935081 44
1313935141 45
1313935201 48
1313935261 45
1313935322 48
1313935382 49
1313935441 50
1313935501 46
1313935561 51
1313935621 52
1313935681 51
1313935741 51
1313935801 49
1313935861 50
1313935921 49
1313935981 51
1313936041 52
1313936101 54
1313936161 53
1313936221 52
1313936281 47
1313936341 50
1313936401 49
1313936462 52
1313936521 50
1313936581 49
1313936641 47
1313936701 50
1313936761 47
1313936821 51
1313936881 49
1313936941 50
1313937002 49
1313937061 50
1313937121 55
1313937181 56
1313937241 57
1313937301 56
1313937361 57
1313937421 60
1313937481 61
1313937542 61
1313937601 61
1313937661 61
1313937721 61
1313937781 59
1313937841 60
1313937901 59
1313937961 60
1313938021 57
1313938082 61
1313938141 60
1313938201 61
1313938261 57
1313938321 58
1313938381 59
1313938441 58
1313938501 55
1313938561 52
1313938622 52
1313938682 53
1313938741 53
1313938801 55
1313938861 54
1313938921 49
1313938981 51
1313939041 52
1313939101 53
1313939161 52
1313939222 52
1313939281 50
1313939341 51
1313939401 51
1313939461 50
1313939521 50
1313939581 50
1313939641 49
1313939701 50
1313939762 51
1313939821 53
1313939881 53
1313939941 52
1313940001 50
1313940061 50
1313940121 50
1313940181 49
1313940241 48
1313940301 48
1313940362 47
1313940421 46
1313940481 47
1313940541 47
1313940601 45
1313940661 42
1313940721 44
1313940781 41
1313940841 41
1313940901 39
1313940961 40
1313941021 36
1313941081 35
1313941141 34
1313941201 37
1313941261 37
1313941321 36
1313941381 38
1313941441 39
1313941502 40
1313941562 38
1313941621 38
1313941681 40
1313941741 38
1313941801 38
1313941861 39
1313941921 38
1313941981 37
1313942041 37
1313942101 37
1313942161 37
1313942222 35
1313942281 33
1313942341 33
1313942401 31
