1312387261 42
1312387321 44
1312387381 45
1312387441 46
1312387501 44
1312387561 46
1312387621 45
1312387681 47
1312387741 44
1312387801 43
1312387862 41
1312387921 41
1312387981 41
1312388041 44
1312388101 43
1312388161 40
1312388221 42
1312388281 42
1312388341 43
1312388401 43
1312388462 43
1312388521 44
1312388581 44
1312388641 40
1312388701 44
1312388761 43
1312388821 39
1312388881 42
1312388941 41
1312389001 42
1312389061 43
1312389121 43
1312389181 40
1312389241 42
1312389301 40
1312389361 42
1312389421 43
1312389481 41
1312389541 40
1312389601 39
1312389661 42
1312389721 42
1312389782 43
1312389841 41
1312389901 39
1312389961 41
1312390021 42
1312390081 42
1312390141 44
1312390201 44
1312390261 43
1312390321 42
1312390382 42
1312390441 42
1312390501 44
1312390561 41
1312390621 42
1312390681 41
1312390741 42
1312390801 42
1312390862 39
1312390921 40
1312390981 38
1312391041 36
1312391102 34
1312391161 33
1312391222 32
1312391281 32
1312391341 30
1312391401 32
1312391461 31
1312391521 30
1312391581 29
1312391641 27
1312391701 26
1312391761 28
1312391822 26
1312391881 25
1312391941 26
1312392001 25
1312392061 26
1312392121 27
1312392182 30
1312392242 31
1312392301 30
1312392361 29
1312392422 30
1312392481 29
1312392541 27
1312392601 29
1312392661 29
1312392721 30
1312392781 27
1312392841 29
1312392901 29
1312392961 28
1312393021 27
1312393081 26
1312393142 26
1312393201 27
1312393261 27
1312393321 28
1312393381 28
1312393441 27
1312393501 29
1312393561 28
1312393621 29
1312393681 27
1312393742 29
1312393801 24
1312393861 26
1312393921 24
1312393981 23
1312394041 22
1312394101 24
1312394161 24
1312394221 21
1312394281 23
1312394341 21
1312394401 25
1312394461 19
1312394521 25
1312394581 26
1312394642 26
1312394701 24
1312394761 25
1312394821 25
1312394881 25
1312394941 24
1312395001 23
1312395061 23
1312395121 20
1312395181 21
1312395242 21
1312395301 22
1312395361 22
1312395421 22
1312395481 23
1312395541 22
1312395601 22
1312395661 23
1312395721 23
1312395781 22
1312395841 21
1312395902 21
1312395961 21
1312396021 20
1312396081 19
1312396141 21
1312396201 19
1312396261 20
1312396321 19
1312396381 19
1312396441 19
1312396502 20
1312396561 20
1312396621 19
1312396681 19
1312396741 19
1312396801 20
1312396861 20
1312396921 19
1312396981 19
1312397041 19
1312397101 18
1312397161 19
1312397221 19
1312397281 18
1312397341 17
1312397401 18
1312397461 19
1312397521 19
1312397582 17
1312397641 18
1312397701 18
1312397761 18
1312397821 19
1312397881 19
1312397941 18
1312398001 18
1312398061 17
1312398121 18
1312398181 19
1312398241 17
1312398301 18
1312398361 18
1312398421 18
1312398481 20
1312398541 20
1312398602 20
1312398661 18
1312398721 18
1312398781 20
1312398841 20
1312398901 20
1312398961 19
1312399021 19
1312399081 19
1312399142 20
1312399201 19
1312399261 19
1312399321 19
1312399381 18
1312399441 20
1312399501 18
1312399561 19
1312399621 19
1312399682 18
1312399742 17
1312399801 18
1312399861 18
1312399921 18
1312399981 17
1312400041 16
1312400101 16
1312400161 16
1312400222 18
1312400281 17
1312400341 18
1312400401 17
1312400461 17
1312400521 15
1312400581 15
1312400641 15
1312400701 14
1312400762 16
1312400821 15
1312400881 16
1312400941 15
1312401001 15
1312401061 16
1312401121 16
1312401181 15
1312401241 16
1312401301 17
1312401362 15
1312401421 16
1312401481 17
1312401541 17
1312401601 19
1312401661 17
1312401721 18
1312401781 16
1312401841 17
1312401901 15
1312401961 16
1312402021 15
1312402081 15
1312402141 16
1312402201 15
1312402261 16
1312402321 14
1312402381 15
1312402441 14
1312402502 14
1312402561 13
1312402621 14
1312402681 13
1312402741 12
1312402801 14
1312402861 13
1312402921 15
1312402981 14
1312403041 14
1312403102 15
1312403161 15
1312403221 14
1312403281 14
1312403341 14
1312403401 12
1312403461 14
1312403521 13
1312403581 14
1312403641 13
1312403701 13
1312403762 14
1312403821 14
1312403881 13
1312403941 12
1312404001 14
1312404061 13
1312404121 14
1312404181 14
1312404241 15
1312404301 14
1312404362 14
1312404421 15
1312404481 15
1312404541 14
1312404601 13
1312404661 13
1312404721 12
1312404781 12
1312404841 12
1312404901 13
1312404961 13
1312405022 13
1312405081 13
1312405141 15
1312405201 16
1312405261 14
1312405321 16
1312405381 15
1312405441 16
1312405501 16
1312405561 16
1312405621 15
1312405682 16
1312405741 16
1312405801 15
1312405861 16
1312405921 13
1312405981 16
1312406041 15
1312406101 16
1312406161 15
1312406221 17
1312406281 15
1312406342 17
1312406401 18
1312406461 17
1312406521 17
1312406581 17
1312406641 19
1312406701 18
1312406761 19
1312406821 18
1312406881 21
1312406942 20
1312407001 20
1312407061 21
1312407121 20
1312407181 20
1312407241 18
1312407301 19
1312407361 16
1312407421 18
1312407481 16
1312407541 16
1312407602 14
1312407661 16
1312407721 18
1312407781 16
1312407841 15
1312407901 16
1312407961 17
1312408021 16
1312408081 16
1312408141 16
1312408202 16
1312408262 16
1312408321 16
1312408381 16
1312408441 16
1312408501 13
1312408561 14
1312408621 14
1312408681 15
1312408741 15
1312408801 16
1312408861 15
1312408921 16
1312408982 16
1312409041 15
1312409101 16
1312409161 15
1312409221 15
1312409281 13
1312409341 16
1312409401 16
1312409461 16
1312409521 15
1312409581 16
1312409642 16
1312409701 15
1312409761 16
1312409821 16
1312409881 16
1312409941 14
1312410001 18
1312410061 20
1312410121 20
1312410181 18
1312410242 21
1312410301 21
1312410361 20
1312410421 22
1312410481 23
1312410541 23
1312410601 21
1312410661 20
1312410721 23
1312410781 24
1312410842 21
1312410901 23
1312410961 24
1312411021 21
1312411081 25
1312411141 23
1312411201 23
1312411261 23
1312411321 24
1312411381 25
1312411441 26
1312411502 24
1312411561 26
1312411621 25
1312411681 23
1312411741 26
1312411801 24
1312411861 25
1312411921 24
1312411981 26
1312412041 27
1312412102 28
1312412161 27
1312412221 30
1312412281 30
1312412341 27
1312412401 29
1312412461 29
1312412521 32
1312412582 28
1312412642 32
1312412701 33
1312412761 35
1312412821 34
1312412881 34
1312412941 36
1312413001 32
1312413061 33
1312413121 32
1312413181 34
1312413242 30
1312413301 33
1312413361 31
1312413421 33
1312413481 32
1312413541 31
1312413601 32
1312413661 29
1312413721 29
1312413781 34
1312413841 34
1312413902 34
1312413961 38
1312414021 38
1312414081 40
1312414141 40
1312414201 40
1312414261 39
1312414321 40
1312414381 37
1312414441 41
1312414502 40
1312414561 40
1312414621 42
1312414681 43
1312414741 42
1312414801 41
1312414861 42
1312414921 38
1312414981 38
1312415041 40
1312415102 42
1312415161 42
1312415221 41
1312415281 43
1312415341 46
1312415401 46
1312415461 46
1312415521 47
1312415581 45
1312415641 43
1312415702 42
1312415761 42
1312415821 45
1312415881 47
1312415941 49
1312416001 51
1312416061 53
1312416121 55
1312416181 53
1312416241 57
1312416302 59
1312416361 61
1312416421 59
1312416481 58
1312416541 59
1312416601 58
1312416661 60
1312416722 60
1312416781 63
1312416841 64
1312416901 65
1312416961 68
1312417021 68
1312417081 68
1312417141 73
1312417201 76
1312417262 79
1312417321 84
1312417381 86
1312417441 84
1312417501 86
1312417561 86
1312417621 89
1312417682 92
1312417741 91
1312417801 94
1312417861 92
1312417921 94
1312417981 96
1312418041 104
1312418101 102
1312418161 105
1312418221 106
1312418281 104
1312418341 103
1312418401 111
1312418461 109
1312418521 108
1312418581 107
1312418641 109
1312418701 111
1312418761 111
1312418821 108
1312418881 109
1312418941 120
1312419002 113
1312419061 116
1312419121 120
1312419181 121
1312419241 123
1312419301 119
1312419361 119
1312419421 120
1312419482 117
1312419542 115
1312419602 117
1312419661 119
1312419722 118
1312419781 119
1312419841 119
1312419901 121
1312419961 121
1312420021 125
1312420081 128
1312420141 129
1312420201 131
1312420261 131
1312420321 133
1312420381 137
1312420441 136
1312420502 139
1312420561 140
1312420621 144
1312420681 147
1312420741 142
1312420801 142
1312420861 147
1312420921 151
1312420981 148
1312421042 148
1312421105 152
1312421162 153
1312421222 154
1312421281 147
1312421341 149
1312421402 150
1312421461 152
1312421521 147
1312421581 150
1312421642 151
1312421702 156
1312421761 164
1312421821 162
1312421881 163
1312421942 163
1312422001 162
1312422061 164
1312422121 161
1312422181 169
1312422241 168
1312422301 164
1312422361 165
1312422422 166
1312422481 168
1312422541 165
1312422601 166
1312422661 165
1312422721 168
1312422781 162
1312422841 168
1312422901 166
1312422961 168
1312423021 167
1312423081 168
1312423145 170
1312423204 178
1312423261 173
1312423321 178
1312423381 168
1312423441 172
1312423501 172
1312423562 167
1312423621 175
1312423681 177
1312423741 178
1312423802 160
1312423861 166
1312423921 168
1312423981 172
1312424041 172
1312424102 168
1312424161 163
1312424221 161
1312424282 173
1312424341 177
1312424401 179
1312424461 179
1312424522 177
1312424581 179
1312424641 170
1312424703 172
1312424761 179
1312424821 179
1312424881 181
1312424941 183
1312425001 187
1312425061 188
1312425121 185
1312425182 187
1312425241 190
1312425301 189
1312425361 182
1312425421 184
1312425481 183
1312425542 180
1312425602 179
1312425661 180
1312425721 176
1312425781 183
1312425842 185
1312425901 185
1312425961 186
1312426022 186
1312426081 183
1312426141 182
1312426201 183
1312426261 186
1312426321 189
1312426381 182
1312426442 185
1312426501 187
1312426562 188
1312426621 181
1312426681 178
1312426741 183
1312426802 183
1312426861 184
1312426922 183
1312426981 181
1312427041 186
1312427101 179
1312427161 181
1312427221 182
1312427282 184
1312427341 183
1312427401 182
1312427461 182
1312427521 188
1312427581 192
1312427641 187
1312427701 188
1312427761 194
1312427821 196
1312427881 195
1312427941 192
1312428002 197
1312428061 199
1312428121 197
1312428181 196
1312428241 199
1312428302 202
1312428361 193
1312428421 195
1312428481 194
1312428541 193
1312428601 195
1312428661 193
1312428721 188
1312428781 188
1312428842 186
1312428901 188
1312428961 184
1312429021 177
1312429083 172
1312429141 172
1312429201 175
1312429261 178
1312429321 177
1312429381 176
1312429441 172
1312429501 174
1312429561 176
1312429621 174
1312429681 172
1312429741 172
1312429802 164
1312429861 167
1312429921 167
1312429981 168
1312430041 170
1312430101 167
1312430162 162
1312430221 164
1312430281 163
1312430341 165
1312430401 161
1312430461 159
1312430522 158
1312430581 158
1312430641 158
1312430701 160
1312430761 158
1312430821 156
1312430881 151
1312430942 151
1312431002 152
1312431061 149
1312431121 150
1312431181 148
1312431241 149
1312431301 146
1312431361 146
1312431421 149
1312431481 149
1312431542 145
1312431601 143
1312431661 146
1312431721 144
1312431781 143
1312431841 143
1312431901 142
1312431961 144
1312432022 142
1312432081 142
1312432141 142
1312432201 143
1312432261 141
1312432321 137
1312432381 136
1312432441 138
1312432501 132
1312432561 132
1312432621 136
1312432681 137
1312432741 137
1312432802 135
1312432861 132
1312432921 131
1312432981 135
1312433041 132
1312433101 135
1312433161 136
1312433221 134
1312433281 136
1312433341 135
1312433402 135
1312433461 134
1312433521 130
1312433581 131
1312433641 129
1312433701 129
1312433762 130
1312433822 127
1312433881 130
1312433941 131
1312434001 133
1312434061 130
1312434121 130
1312434181 131
1312434241 132
1312434302 130
1312434362 132
1312434421 132
1312434481 128
1312434541 129
1312434601 125
1312434661 127
1312434721 129
1312434781 125
1312434842 129
1312434901 132
1312434961 133
1312435021 136
1312435081 137
1312435141 138
1312435202 137
1312435261 136
1312435321 140
1312435381 141
1312435441 139
1312435501 137
1312435561 142
1312435621 144
1312435681 143
1312435741 144
1312435801 149
1312435861 148
1312435921 146
1312435981 147
1312436041 144
1312436101 142
1312436161 142
1312436221 140
1312436282 139
1312436341 138
1312436401 136
1312436461 135
1312436521 139
1312436581 134
1312436642 133
1312436702 138
1312436761 132
1312436821 130
1312436881 132
1312436941 130
1312437001 129
1312437061 130
1312437121 130
1312437181 131
1312437241 133
1312437301 137
1312437361 138
1312437422 138
1312437481 140
1312437541 146
1312437601 144
1312437661 146
1312437722 151
1312437781 151
1312437841 150
1312437901 149
1312437961 151
1312438021 154
1312438082 151
1312438141 147
1312438201 147
1312438261 143
1312438321 142
1312438381 142
1312438441 144
1312438502 143
1312438561 143
1312438621 143
1312438681 143
1312438741 144
1312438802 146
1312438861 151
1312438921 148
1312438981 150
1312439041 147
1312439102 148
1312439161 146
1312439221 146
1312439281 144
1312439341 145
1312439401 147
1312439462 143
1312439521 142
1312439581 142
1312439641 139
1312439701 144
1312439761 141
1312439821 145
1312439882 146
1312439942 148
1312440001 146
1312440061 145
1312440121 142
1312440181 145
1312440241 146
1312440302 139
1312440361 142
1312440421 141
1312440481 138
1312440541 138
1312440601 142
1312440662 142
1312440721 148
1312440781 148
1312440841 147
1312440901 152
1312440961 152
1312441021 149
1312441081 151
1312441141 148
1312441202 147
1312441261 151
1312441321 149
1312441381 148
1312441441 146
1312441502 148
1312441561 149
1312441621 152
1312441681 150
1312441741 152
1312441801 151
1312441862 153
1312441922 152
1312441981 157
1312442041 154
1312442101 152
1312442161 152
1312442222 153
1312442281 155
1312442342 151
1312442401 154
1312442461 155
1312442521 158
1312442581 153
1312442641 153
1312442701 150
1312442761 150
1312442821 145
1312442881 141
1312442942 146
1312443001 145
1312443061 139
1312443121 143
1312443181 148
1312443241 150
1312443301 147
1312443362 151
1312443421 148
1312443481 148
1312443541 145
1312443601 154
1312443662 149
1312443721 149
1312443781 144
1312443841 142
1312443901 145
1312443961 141
1312444021 141
1312444081 143
1312444141 144
1312444202 135
1312444261 134
1312444321 128
1312444381 132
1312444441 133
1312444501 133
1312444561 131
1312444621 133
1312444681 130
1312444742 131
1312444801 131
1312444861 132
1312444921 132
1312444981 130
1312445041 136
1312445101 133
1312445161 131
1312445221 130
1312445281 128
1312445341 124
1312445402 126
1312445462 128
1312445521 122
1312445581 120
1312445641 110
1312445701 108
1312445761 105
1312445821 109
1312445881 106
1312445941 108
1312446001 106
1312446062 104
1312446121 108
1312446181 108
1312446241 108
1312446301 106
1312446361 107
1312446421 103
1312446481 103
1312446541 98
1312446602 98
1312446661 99
1312446721 94
1312446781 94
1312446841 93
1312446901 93
1312446961 99
1312447021 97
1312447081 96
1312447141 95
1312447201 91
1312447262 91
1312447321 91
1312447381 89
1312447441 88
1312447501 88
1312447561 86
1312447621 89
1312447681 88
1312447741 86
1312447802 91
1312447861 89
1312447921 92
1312447981 92
1312448041 90
1312448101 89
1312448161 87
1312448221 88
1312448281 90
1312448341 91
1312448401 86
1312448461 86
1312448521 89
1312448581 88
1312448641 88
1312448701 89
1312448761 89
1312448822 85
1312448881 86
1312448941 86
1312449001 84
1312449061 88
1312449121 82
1312449181 83
1312449241 84
1312449301 83
1312449362 83
1312449421 82
1312449481 80
1312449541 80
1312449601 83
1312449661 81
1312449721 80
1312449781 81
1312449841 77
1312449901 77
1312449961 77
1312450021 76
1312450081 76
1312450141 76
1312450201 75
1312450261 74
1312450321 73
1312450381 72
1312450441 74
1312450502 71
1312450561 71
1312450621 74
1312450681 74
1312450741 70
1312450801 67
1312450861 69
1312450921 67
1312450981 67
1312451042 70
1312451101 70
1312451161 72
1312451221 75
1312451281 78
1312451341 79
1312451401 78
1312451461 74
1312451521 74
1312451581 71
1312451641 70
1312451702 71
1312451761 67
1312451821 65
1312451881 68
1312451941 66
1312452001 64
1312452061 66
1312452121 66
1312452181 64
1312452241 62
1312452301 63
1312452362 66
1312452421 64
1312452481 60
1312452541 62
1312452601 62
1312452661 61
1312452721 62
1312452781 67
1312452841 67
1312452901 65
1312452961 66
1312453022 64
1312453081 64
1312453141 65
1312453201 64
1312453261 65
1312453321 63
1312453381 63
1312453441 59
1312453501 61
1312453562 63
1312453621 61
1312453681 61
1312453741 62
1312453801 63
1312453861 62
1312453921 61
1312453981 58
1312454041 60
1312454101 59
1312454161 55
1312454222 57
1312454281 56
1312454341 56
1312454401 56
1312454461 60
1312454521 63
1312454581 61
1312454641 66
1312454701 64
1312454761 60
1312454822 58
1312454881 60
1312454941 60
1312455001 59
1312455061 53
1312455121 58
1312455181 56
1312455241 56
1312455301 57
1312455361 59
1312455422 58
1312455481 57
1312455541 59
1312455601 59
1312455661 57
1312455721 53
1312455781 58
1312455841 56
1312455901 55
1312455961 55
1312456021 54
1312456081 57
1312456141 58
1312456201 60
1312456262 61
1312456321 59
1312456381 57
1312456441 59
1312456501 58
1312456561 58
1312456621 58
1312456681 56
1312456741 59
1312456802 58
1312456861 58
1312456921 57
1312456981 56
1312457041 56
1312457101 59
1312457161 58
1312457221 59
1312457281 58
1312457341 58
1312457402 65
1312457462 65
1312457521 66
1312457581 64
1312457641 66
1312457701 67
1312457761 69
1312457821 66
1312457881 69
1312457941 68
1312458002 68
1312458062 69
1312458121 68
1312458181 68
1312458241 67
1312458301 66
1312458361 63
1312458421 67
1312458481 68
1312458542 70
1312458601 67
1312458661 68
1312458721 71
1312458781 71
1312458841 69
1312458901 68
1312458961 69
1312459021 69
1312459082 68
1312459141 68
1312459201 69
1312459261 69
1312459321 70
1312459381 76
1312459441 77
1312459501 79
1312459562 77
1312459621 78
1312459681 75
1312459741 78
1312459801 77
1312459861 80
1312459921 78
1312459981 75
1312460042 81
1312460101 80
1312460161 79
1312460221 80
1312460281 79
1312460341 83
1312460401 81
1312460461 79
1312460521 78
1312460581 77
1312460642 79
1312460701 79
1312460761 80
1312460821 78
1312460881 75
1312460941 73
1312461001 75
1312461061 77
1312461121 79
1312461182 78
1312461241 76
1312461301 79
1312461361 81
1312461421 82
1312461481 83
1312461542 79
1312461601 80
1312461661 78
1312461721 78
1312461781 78
1312461841 78
1312461901 79
1312461961 80
1312462021 80
1312462082 81
1312462141 84
1312462201 86
1312462261 89
1312462321 89
1312462381 92
1312462441 92
1312462502 97
1312462561 98
1312462621 96
1312462681 94
1312462741 91
1312462801 94
1312462861 91
1312462921 92
1312462981 90
1312463041 89
1312463102 90
1312463161 92
1312463221 90
1312463281 92
1312463341 97
1312463401 97
1312463461 99
1312463521 101
1312463581 100
1312463641 98
1312463702 94
1312463761 99
1312463821 99
1312463881 98
1312463941 95
1312464001 95
1312464061 95
1312464121 95
1312464181 97
1312464241 97
1312464302 97
1312464361 92
1312464421 93
1312464481 94
1312464541 93
1312464601 91
1312464661 91
1312464722 92
1312464781 90
1312464841 90
1312464901 92
1312464961 91
1312465021 95
1312465081 98
1312465141 100
1312465202 96
1312465261 96
1312465321 97
1312465381 103
1312465441 101
1312465501 99
1312465561 100
1312465621 98
1312465681 99
1312465742 95
1312465801 97
1312465861 100
1312465921 96
1312465981 93
1312466041 93
1312466101 96
1312466161 93
1312466221 95
1312466282 93
1312466341 90
1312466401 90
1312466461 92
1312466521 94
1312466581 91
1312466641 91
1312466701 89
1312466761 87
1312466821 85
1312466882 85
1312466941 86
1312467001 86
1312467061 86
1312467121 86
1312467181 89
1312467241 89
1312467302 86
1312467361 87
1312467421 86
1312467481 86
1312467541 86
1312467601 84
1312467661 81
1312467721 82
1312467781 83
1312467841 86
1312467902 86
1312467961 85
1312468021 86
1312468081 87
1312468141 87
1312468201 87
1312468261 85
1312468321 84
1312468381 80
1312468441 81
1312468501 77
1312468561 80
1312468621 81
1312468681 81
1312468741 81
1312468801 80
1312468861 78
1312468921 80
1312468982 81
1312469041 79
1312469101 76
1312469161 79
1312469221 78
1312469281 73
1312469341 70
1312469402 71
1312469461 71
1312469521 65
1312469581 65
1312469641 66
1312469701 69
1312469761 69
1312469821 69
1312469881 71
1312469941 77
1312470002 77
1312470061 78
1312470121 78
1312470181 77
1312470241 74
1312470301 74
1312470361 75
1312470421 77
1312470482 78
1312470541 78
1312470601 77
1312470661 78
1312470721 79
1312470781 78
1312470841 77
1312470901 72
1312470961 72
1312471022 71
1312471081 72
1312471141 71
1312471201 72
1312471261 70
1312471321 71
1312471381 70
1312471441 72
1312471501 73
1312471561 71
1312471622 73
1312471681 70
1312471741 69
1312471801 70
1312471861 70
1312471921 68
1312471981 67
1312472041 62
1312472101 66
1312472162 65
1312472221 64
1312472281 63
1312472341 64
1312472401 63
1312472461 61
1312472521 62
1312472581 64
1312472641 65
1312472702 60
1312472761 57
1312472821 56
1312472881 59
1312472941 54
1312473001 51
1312473061 54
1312473121 53
1312473181 47
1312473241 50
1312473301 51
1312473361 50
1312473421 48
1312473481 47
1312473541 49
1312473601 49
