1314892861 40
1314892921 38
1314892981 39
1314893042 38
1314893101 36
1314893161 36
1314893221 38
1314893281 36
1314893341 36
1314893401 34
1314893461 32
1314893521 33
1314893581 33
1314893642 33
1314893701 32
1314893762 32
1314893822 32
1314893881 32
1314893941 32
1314894001 33
1314894061 32
1314894121 32
1314894181 31
1314894241 30
1314894301 31
1314894362 32
1314894421 31
1314894481 32
1314894541 33
1314894601 32
1314894662 31
1314894721 31
1314894784 29
1314894841 32
1314894902 28
1314894962 31
1314895021 33
1314895081 31
1314895141 29
1314895201 30
1314895261 32
1314895321 31
1314895381 30
1314895441 31
1314895502 30
1314895561 26
1314895621 30
1314895681 28
1314895741 28
1314895801 29
1314895861 27
1314895921 28
1314895982 28
1314896042 26
1314896101 28
1314896161 26
1314896221 24
1314896281 28
1314896341 27
1314896401 26
1314896461 28
1314896521 26
1314896581 27
1314896641 27
1314896701 28
1314896761 27
1314896821 24
1314896881 25
1314896941 27
1314897001 27
1314897062 27
1314897122 29
1314897181 29
1314897241 28
1314897301 28
1314897361 28
1314897421 24
1314897481 23
1314897541 24
1314897601 24
1314897661 25
1314897721 23
1314897782 24
1314897841 24
1314897901 22
1314897961 22
1314898021 23
1314898081 25
1314898141 24
1314898201 23
1314898261 23
1314898322 24
1314898381 24
1314898441 23
1314898501 22
1314898561 22
1314898621 22
1314898681 21
1314898741 25
1314898801 23
1314898861 24
1314898922 24
1314898981 23
1314899041 24
1314899101 24
1314899161 24
1314899221 24
1314899281 20
1314899341 20
1314899401 21
1314899462 19
1314899521 21
1314899581 20
1314899641 21
1314899701 21
1314899761 21
1314899821 21
1314899881 20
1314899941 18
1314900001 22
1314900061 22
1314900121 20
1314900181 21
1314900241 20
1314900301 21
1314900361 21
1314900421 20
1314900481 21
1314900542 17
1314900602 20
1314900661 20
1314900721 20
1314900781 20
1314900841 21
1314900901 20
1314900961 20
1314901021 22
1314901081 21
1314901142 22
1314901201 18
1314901261 22
1314901321 25
1314901381 25
1314901441 25
1314901501 24
1314901561 23
1314901622 22
1314901682 24
1314901741 24
1314901801 20
1314901861 17
1314901921 17
1314901981 20
1314902041 18
1314902101 20
1314902162 20
1314902221 19
1314902281 19
1314902341 19
1314902401 20
1314902461 18
1314902521 22
1314902581 20
1314902641 24
1314902702 23
1314902761 24
1314902821 24
1314902881 24
1314902941 21
1314903001 22
1314903061 24
1314903121 19
1314903181 24
1314903241 21
1314903302 24
1314903361 23
1314903421 24
1314903481 24
1314903541 24
1314903601 23
1314903661 22
1314903721 20
1314903781 19
1314903841 21
1314903902 18
1314903961 19
1314904021 20
1314904081 21
1314904141 21
1314904201 21
1314904261 19
1314904321 19
1314904381 19
1314904442 20
1314904501 22
1314904561 21
1314904621 20
1314904681 22
1314904741 23
1314904801 22
1314904861 22
1314904922 23
1314904982 20
1314905041 20
1314905101 20
1314905161 20
1314905221 20
1314905281 19
1314905341 20
1314905401 21
1314905462 20
1314905521 20
1314905581 22
1314905641 21
1314905701 20
1314905761 21
1314905821 20
1314905881 20
1314905941 20
1314906002 20
1314906061 21
1314906121 21
1314906181 19
1314906241 21
1314906301 20
1314906361 20
1314906421 22
1314906482 20
1314906541 22
1314906601 21
1314906661 21
1314906721 21
1314906781 22
1314906841 23
1314906901 23
1314906961 21
1314907022 21
1314907081 23
1314907141 21
1314907201 23
1314907261 21
1314907321 22
1314907381 23
1314907441 21
1314907501 23
1314907561 23
1314907622 23
1314907681 21
1314907741 23
1314907801 21
1314907861 23
1314907921 23
1314907981 23
1314908041 23
1314908101 22
1314908162 24
1314908222 21
1314908281 23
1314908341 21
1314908401 22
1314908461 22
1314908521 23
1314908581 22
1314908641 22
1314908701 22
1314908762 22
1314908821 23
1314908881 21
1314908941 22
1314909001 22
1314909061 21
1314909121 22
1314909181 22
1314909241 22
1314909301 22
1314909361 22
1314909421 22
1314909481 23
1314909541 23
1314909601 23
1314909661 22
1314909721 20
1314909781 22
1314909841 23
1314909901 23
1314909961 22
1314910022 22
1314910081 22
1314910141 23
1314910201 22
1314910261 23
1314910321 22
1314910381 21
1314910441 22
1314910501 22
1314910562 22
1314910622 22
1314910681 23
1314910741 22
1314910801 24
1314910861 24
1314910921 23
1314910981 24
1314911041 21
1314911101 23
1314911162 24
1314911221 24
1314911281 23
1314911341 23
1314911401 22
1314911461 24
1314911521 24
1314911581 22
1314911642 24
1314911701 23
1314911761 23
1314911821 24
1314911881 23
1314911941 22
1314912001 23
1314912061 23
1314912121 24
1314912182 24
1314912241 24
1314912301 25
1314912361 25
1314912421 24
1314912481 26
1314912541 25
1314912601 25
1314912661 26
1314912721 25
1314912781 25
1314912842 20
1314912901 21
1314912961 23
1314913021 23
1314913081 23
1314913141 23
1314913201 21
1314913261 20
1314913321 23
1314913382 22
1314913441 23
1314913501 21
1314913561 21
1314913621 20
1314913681 20
1314913741 22
1314913801 21
1314913861 21
1314913921 20
1314913982 22
1314914042 23
1314914101 22
1314914161 24
1314914221 25
1314914281 24
1314914341 23
1314914403 24
1314914461 24
1314914521 22
1314914581 22
1314914641 21
1314914701 20
1314914762 22
1314914821 22
1314914881 22
1314914941 21
1314915001 22
1314915061 19
1314915121 21
1314915181 22
1314915241 20
1314915301 19
1314915362 19
1314915421 21
1314915481 21
1314915541 21
1314915601 20
1314915661 21
1314915721 19
1314915781 20
1314915841 21
1314915902 19
1314915961 19
1314916021 21
1314916081 22
1314916141 22
1314916201 23
1314916261 23
1314916321 24
1314916381 21
1314916441 23
1314916502 24
1314916561 19
1314916621 24
1314916681 23
1314916741 26
1314916801 26
1314916861 26
1314916921 26
1314916981 28
1314917041 24
1314917102 28
1314917161 26
1314917221 23
1314917281 30
1314917341 28
1314917401 29
1314917461 29
1314917521 27
1314917581 28
1314917641 29
1314917702 24
1314917761 27
1314917821 23
1314917881 21
1314917941 22
1314918001 22
1314918061 23
1314918121 23
1314918181 21
1314918241 21
1314918302 23
1314918361 21
1314918421 24
1314918481 22
1314918541 24
1314918601 23
1314918661 22
1314918721 23
1314918781 25
1314918842 27
1314918901 29
1314918961 30
1314919021 27
1314919081 28
1314919141 28
1314919201 27
1314919261 32
1314919321 31
1314919381 32
1314919442 29
1314919501 30
1314919561 30
1314919621 29
1314919681 30
1314919741 32
1314919801 32
1314919861 32
1314919921 36
1314919982 34
1314920041 37
1314920101 36
1314920161 36
1314920221 36
1314920281 34
1314920341 33
1314920401 38
1314920461 34
1314920522 35
1314920581 36
1314920641 34
1314920701 35
1314920762 31
1314920821 37
1314920881 38
1314920941 39
1314921001 38
1314921061 42
1314921121 40
1314921181 43
1314921241 43
1314921301 46
1314921362 52
1314921421 49
1314921481 49
1314921541 51
1314921601 52
1314921661 50
1314921721 51
1314921781 53
1314921841 52
1314921901 50
1314921962 53
1314922021 55
1314922081 58
1314922141 56
1314922201 60
1314922261 63
1314922321 64
1314922381 66
1314922441 70
1314922502 72
1314922561 68
1314922621 68
1314922681 71
1314922741 69
1314922801 68
1314922861 68
1314922921 72
1314922981 71
1314923042 71
1314923101 75
1314923161 78
1314923221 76
1314923281 78
1314923341 79
1314923401 78
1314923461 80
1314923521 81
1314923581 83
1314923641 86
1314923701 83
1314923761 83
1314923821 82
1314923881 81
1314923941 84
1314924002 83
1314924061 85
1314924121 85
1314924181 88
1314924241 90
1314924301 93
1314924361 92
1314924421 98
1314924481 96
1314924541 93
1314924602 94
1314924661 92
1314924721 91
1314924781 93
1314924841 91
1314924901 88
1314924961 94
1314925021 96
1314925082 99
1314925142 100
1314925201 103
1314925261 106
1314925321 105
1314925381 106
1314925441 109
1314925501 109
1314925561 110
1314925621 109
1314925682 110
1314925742 113
1314925801 108
1314925862 108
1314925922 112
1314925981 107
1314926041 112
1314926101 114
1314926161 117
1314926221 114
1314926281 118
1314926341 125
1314926401 125
1314926462 125
1314926521 126
1314926581 127
1314926641 123
1314926701 120
1314926761 120
1314926821 124
1314926881 121
1314926941 123
1314927002 124
1314927062 128
1314927121 130
1314927181 132
1314927241 133
1314927301 136
1314927361 138
1314927421 136
1314927481 137
1314927541 137
1314927602 146
1314927661 149
1314927721 146
1314927781 145
1314927841 149
1314927901 149
1314927962 149
1314928021 150
1314928081 155
1314928141 154
1314928201 152
1314928261 152
1314928321 153
1314928381 155
1314928441 153
1314928502 152
1314928562 155
1314928621 156
1314928681 154
1314928741 158
1314928801 158
1314928861 161
1314928921 164
1314928981 164
1314929041 163
1314929102 165
1314929162 163
1314929221 166
1314929281 161
1314929341 160
1314929401 168
1314929461 161
1314929521 161
1314929581 167
1314929642 167
1314929701 167
1314929761 167
1314929821 166
1314929881 172
1314929941 173
1314930001 175
1314930061 177
1314930122 174
1314930181 168
1314930241 168
1314930301 172
1314930361 173
1314930421 175
1314930481 175
1314930541 170
1314930602 168
1314930662 167
1314930721 170
1314930781 169
1314930841 166
1314930901 164
1314930961 165
1314931021 168
1314931081 168
1314931142 167
1314931202 162
1314931261 166
1314931321 166
1314931381 170
1314931441 172
1314931501 172
1314931561 169
1314931622 171
1314931681 170
1314931741 172
1314931801 173
1314931861 170
1314931921 168
1314931981 169
1314932041 168
1314932101 168
1314932161 166
1314932221 166
1314932282 158
1314932341 163
1314932401 163
1314932461 162
1314932521 163
1314932581 161
1314932641 164
1314932701 163
1314932761 162
1314932822 161
1314932881 166
1314932941 171
1314933001 175
1314933061 177
1314933121 175
1314933181 179
1314933241 177
1314933301 180
1314933362 183
1314933421 181
1314933481 179
1314933541 174
1314933601 175
1314933661 173
1314933721 170
1314933781 170
1314933842 166
1314933901 169
1314933961 170
1314934021 177
1314934081 179
1314934141 180
1314934201 179
1314934261 178
1314934322 178
1314934382 174
1314934441 178
1314934501 174
1314934561 172
1314934621 169
1314934681 173
1314934741 167
1314934802 166
1314934862 168
1314934921 165
1314934981 165
1314935041 162
1314935101 167
1314935161 164
1314935221 166
1314935281 163
1314935341 167
1314935402 168
1314935461 175
1314935521 176
1314935581 176
1314935641 179
1314935701 179
1314935761 175
1314935821 181
1314935882 173
1314935942 168
1314936001 165
1314936061 170
1314936121 172
1314936181 165
1314936241 167
1314936301 165
1314936361 163
1314936422 163
1314936481 165
1314936541 164
1314936601 164
1314936661 157
1314936721 160
1314936781 162
1314936841 160
1314936901 159
1314936961 162
1314937022 154
1314937081 162
1314937141 160
1314937201 164
1314937261 163
1314937321 163
1314937381 167
1314937441 167
1314937501 171
1314937561 170
1314937622 170
1314937681 172
1314937741 172
1314937801 170
1314937861 168
1314937921 171
1314937981 174
1314938041 173
1314938101 170
1314938161 175
1314938222 175
1314938281 178
1314938341 181
1314938401 183
1314938461 186
1314938521 181
1314938581 183
1314938641 188
1314938701 193
1314938762 188
1314938821 189
1314938881 185
1314938941 188
1314939001 184
1314939061 186
1314939121 190
1314939181 182
1314939242 185
1314939302 184
1314939361 187
1314939421 188
1314939481 189
1314939541 190
1314939601 195
1314939661 191
1314939721 194
1314939781 192
1314939842 188
1314939901 190
1314939961 188
1314940021 186
1314940081 180
1314940141 182
1314940201 184
1314940261 185
1314940322 184
1314940382 186
1314940441 183
1314940501 185
1314940561 189
1314940621 190
1314940681 195
1314940741 191
1314940802 189
1314940861 189
1314940921 188
1314940981 191
1314941041 197
1314941101 196
1314941161 199
1314941221 198
1314941281 195
1314941341 196
1314941402 196
1314941461 195
1314941521 205
1314941581 204
1314941641 199
1314941701 198
1314941761 204
1314941821 208
1314941881 203
1314941942 204
1314942001 208
1314942061 209
1314942121 203
1314942181 206
1314942241 208
1314942301 219
1314942361 214
1314942422 214
1314942481 219
1314942541 222
1314942601 223
1314942661 227
1314942721 230
1314942781 229
1314942842 230
1314942902 225
1314942961 235
1314943021 233
1314943081 237
1314943141 230
1314943201 232
1314943261 229
1314943321 234
1314943382 237
1314943441 236
1314943501 231
1314943561 235
1314943621 233
1314943681 232
1314943741 229
1314943801 230
1314943862 235
1314943921 228
1314943981 234
1314944041 234
1314944101 232
1314944161 229
1314944221 234
1314944281 230
1314944341 231
1314944402 233
1314944462 230
1314944521 233
1314944581 225
1314944641 231
1314944701 235
1314944761 232
1314944821 238
1314944881 242
1314944941 242
1314945002 238
1314945061 244
1314945121 242
1314945181 248
1314945241 249
1314945301 251
1314945362 249
1314945421 251
1314945481 243
1314945541 247
1314945601 242
1314945661 247
1314945721 248
1314945781 249
1314945841 247
1314945901 245
1314945961 245
1314946022 242
1314946081 249
1314946141 248
1314946201 246
1314946261 243
1314946321 245
1314946381 245
1314946441 244
1314946502 252
1314946561 256
1314946621 254
1314946681 249
1314946741 250
1314946801 253
1314946861 245
1314946921 247
1314946981 244
1314947041 241
1314947102 239
1314947162 234
1314947221 238
1314947281 240
1314947341 242
1314947402 239
1314947461 244
1314947521 246
1314947581 249
1314947641 247
1314947701 249
1314947761 251
1314947821 251
1314947881 249
1314947944 248
1314948002 244
1314948061 241
1314948121 240
1314948181 234
1314948241 238
1314948301 233
1314948361 238
1314948421 235
1314948481 240
1314948542 237
1314948602 238
1314948661 240
1314948721 242
1314948781 245
1314948841 244
1314948901 240
1314948961 230
1314949021 230
1314949082 228
1314949141 230
1314949201 228
1314949261 223
1314949321 221
1314949381 222
1314949441 228
1314949502 218
1314949562 218
1314949621 218
1314949681 216
1314949741 213
1314949801 215
1314949861 212
1314949921 208
1314949981 209
1314950042 209
1314950102 214
1314950161 214
1314950221 214
1314950281 213
1314950341 209
1314950401 204
1314950461 199
1314950522 197
1314950582 196
1314950641 193
1314950701 189
1314950761 186
1314950821 174
1314950881 177
1314950941 173
1314951001 174
1314951062 171
1314951121 167
1314951181 160
1314951241 152
1314951301 149
1314951361 150
1314951421 149
1314951481 140
1314951541 137
1314951602 135
1314951662 135
1314951721 132
1314951781 132
1314951841 131
1314951901 132
1314951961 129
1314952021 129
1314952081 130
1314952141 129
1314952202 131
1314952261 129
1314952321 122
1314952381 115
1314952441 112
1314952501 110
1314952561 107
1314952621 104
1314952681 100
1314952742 100
1314952802 98
1314952861 96
1314952921 91
1314952981 90
1314953041 90
1314953101 93
1314953161 92
1314953221 89
1314953282 89
1314953341 86
1314953401 85
1314953461 85
1314953521 86
1314953581 81
1314953641 80
1314953701 82
1314953762 82
1314953822 80
1314953881 84
1314953941 85
1314954001 83
1314954061 83
1314954121 84
1314954181 85
1314954241 82
1314954302 76
1314954361 80
1314954421 79
1314954481 76
1314954541 74
1314954602 75
1314954661 75
1314954724 75
1314954781 74
1314954841 76
1314954902 73
1314954962 65
1314955021 66
1314955081 66
1314955141 65
1314955201 64
1314955261 61
1314955321 60
1314955381 60
1314955441 59
1314955502 60
1314955562 58
1314955621 56
1314955681 55
1314955741 53
1314955801 52
1314955861 53
1314955921 53
1314955981 55
1314956041 53
1314956102 55
1314956161 51
1314956221 50
1314956281 49
1314956341 52
1314956401 50
1314956461 47
1314956521 44
1314956581 44
1314956642 44
1314956701 42
1314956761 43
1314956821 42
1314956881 39
1314956941 33
1314957001 37
1314957061 37
1314957121 36
1314957182 36
1314957242 38
1314957301 37
1314957361 35
1314957421 34
1314957481 38
1314957541 39
1314957601 34
1314957661 36
1314957721 38
1314957782 37
1314957842 36
1314957901 37
1314957961 38
1314958021 39
1314958081 35
1314958141 34
1314958201 33
1314958261 35
1314958321 34
1314958382 37
1314958441 34
1314958501 35
1314958561 35
1314958621 37
1314958681 38
1314958741 39
1314958801 38
1314958861 35
1314958922 33
1314958981 30
1314959041 33
1314959101 32
1314959161 31
1314959221 30
1314959281 30
1314959341 30
1314959402 31
1314959462 31
1314959521 32
1314959581 32
1314959641 31
1314959701 31
1314959761 34
1314959821 34
1314959881 36
1314959941 36
1314960002 37
1314960061 38
1314960121 41
1314960181 41
1314960241 40
1314960301 39
1314960361 40
1314960421 41
1314960481 37
1314960542 37
1314960601 38
1314960661 36
1314960721 36
1314960781 38
1314960841 39
1314960901 38
1314960961 37
1314961022 35
1314961082 37
1314961141 36
1314961201 36
1314961261 35
1314961321 35
1314961381 34
1314961441 34
1314961501 34
1314961561 32
1314961621 33
1314961682 31
1314961741 33
1314961801 35
1314961861 34
1314961921 32
1314961981 33
1314962041 36
1314962101 36
1314962161 37
1314962222 37
1314962282 37
1314962341 37
1314962401 36
1314962461 38
1314962521 36
1314962581 34
1314962641 32
1314962701 35
1314962761 34
1314962822 33
1314962881 33
1314962941 33
1314963001 31
1314963061 32
1314963121 35
1314963181 35
1314963241 35
1314963301 36
1314963362 36
1314963421 35
1314963481 38
1314963541 37
1314963601 40
1314963661 40
1314963721 39
1314963781 39
1314963841 40
1314963902 41
1314963961 43
1314964021 45
1314964081 40
1314964141 44
1314964201 42
1314964261 44
1314964321 46
1314964381 46
1314964442 44
1314964502 50
1314964561 52
1314964621 54
1314964681 54
1314964741 56
1314964801 57
1314964861 59
1314964921 59
1314964981 62
1314965042 62
1314965101 57
1314965161 61
1314965221 58
1314965281 54
1314965341 55
1314965401 58
1314965461 56
1314965521 57
1314965582 57
1314965641 56
1314965701 55
1314965761 52
1314965821 55
1314965881 56
1314965941 55
1314966001 53
1314966061 54
1314966121 55
1314966181 57
1314966242 57
1314966301 58
1314966361 55
1314966421 56
1314966481 57
1314966541 53
1314966601 57
1314966661 57
1314966722 56
1314966781 56
1314966841 58
1314966901 60
1314966961 60
1314967021 60
1314967081 61
1314967141 60
1314967201 59
1314967261 59
1314967322 60
1314967381 61
1314967441 65
1314967501 63
1314967561 67
1314967621 66
1314967681 66
1314967741 69
1314967801 68
1314967862 68
1314967921 68
1314967981 69
1314968041 66
1314968101 70
1314968161 68
1314968221 68
1314968281 74
1314968341 72
1314968402 75
1314968462 74
1314968521 72
1314968581 68
1314968641 67
1314968701 69
1314968761 71
1314968821 70
1314968881 67
1314968942 67
1314969001 62
1314969061 61
1314969121 62
1314969181 60
1314969241 58
1314969301 55
1314969361 58
1314969421 56
1314969482 58
1314969541 58
1314969601 59
1314969661 61
1314969721 63
1314969781 62
1314969841 65
1314969901 66
1314969961 70
1314970022 72
1314970081 70
1314970141 70
1314970201 71
1314970261 66
1314970321 66
1314970381 67
1314970441 65
1314970501 65
1314970562 62
1314970621 64
1314970681 62
1314970741 65
1314970801 67
1314970861 68
1314970921 68
1314970981 68
1314971041 64
1314971101 64
1314971162 66
1314971221 70
1314971281 69
1314971341 71
1314971401 74
1314971461 73
1314971521 72
1314971581 73
1314971642 77
1314971702 77
1314971761 72
1314971821 72
1314971881 72
1314971941 71
1314972001 70
1314972061 72
1314972122 72
1314972182 70
1314972241 71
1314972301 71
1314972361 68
1314972421 67
1314972481 68
1314972541 70
1314972601 66
1314972662 69
1314972722 71
1314972781 72
1314972841 71
1314972901 71
1314972961 73
1314973021 73
1314973081 73
1314973141 76
1314973202 77
1314973262 73
1314973321 68
1314973381 72
1314973441 71
1314973501 68
1314973561 67
1314973621 68
1314973681 68
1314973742 64
1314973801 65
1314973861 66
1314973921 70
1314973981 70
1314974041 70
1314974101 71
1314974161 68
1314974221 68
1314974282 67
1314974341 66
1314974401 69
1314974461 67
1314974521 65
1314974581 65
1314974641 67
1314974701 67
1314974762 67
1314974821 66
1314974881 67
1314974941 66
1314975001 64
1314975061 67
1314975121 69
1314975181 65
1314975242 66
1314975301 63
1314975361 65
1314975421 61
1314975481 59
1314975541 62
1314975601 60
1314975661 61
1314975721 59
1314975782 60
1314975842 60
1314975901 60
1314975961 60
1314976021 59
1314976081 60
1314976141 56
1314976201 59
1314976261 57
1314976321 58
1314976382 58
1314976441 54
1314976501 54
1314976561 54
1314976621 52
1314976681 53
1314976741 50
1314976801 50
1314976861 47
1314976922 49
1314976981 46
1314977041 46
1314977101 48
1314977161 51
1314977221 52
1314977281 50
1314977341 51
1314977401 47
1314977462 50
1314977521 51
1314977581 52
1314977641 50
1314977701 48
1314977761 45
1314977821 46
1314977881 48
1314977941 46
1314978002 48
1314978061 44
1314978122 42
1314978181 43
1314978241 41
1314978301 43
1314978361 41
1314978421 38
1314978481 40
1314978541 39
1314978601 38
1314978662 38
1314978721 38
1314978781 37
1314978841 37
1314978901 36
1314978961 35
1314979021 34
1314979081 30
1314979141 30
1314979201 30
