1314028862 38
1314028921 38
1314028982 35
1314029041 34
1314029101 32
1314029161 32
1314029221 32
1314029281 32
1314029341 31
1314029401 32
1314029461 30
1314029522 29
1314029582 28
1314029641 24
1314029701 26
1314029761 25
1314029821 26
1314029881 23
1314029941 26
1314030001 27
1314030061 27
1314030121 28
1314030182 27
1314030241 26
1314030301 24
1314030361 23
1314030421 23
1314030481 25
1314030541 23
1314030601 21
1314030661 25
1314030722 23
1314030781 24
1314030841 24
1314030901 24
1314030961 24
1314031021 19
1314031081 20
1314031141 21
1314031201 20
1314031261 18
1314031322 21
1314031381 20
1314031441 21
1314031501 21
1314031561 21
1314031621 23
1314031681 20
1314031741 20
1314031802 21
1314031862 20
1314031921 18
1314031981 19
1314032041 18
1314032101 18
1314032161 19
1314032221 19
1314032281 18
1314032341 17
1314032402 19
1314032461 17
1314032521 18
1314032581 18
1314032641 19
1314032701 18
1314032761 17
1314032821 16
1314032882 16
1314032941 13
1314033001 14
1314033061 15
1314033121 14
1314033181 16
1314033241 16
1314033301 17
1314033361 17
1314033422 17
1314033481 17
1314033541 16
1314033601 14
1314033661 16
1314033721 16
1314033781 13
1314033841 16
1314033901 16
1314033961 17
1314034022 17
1314034081 17
1314034141 17
1314034201 16
1314034261 15
1314034321 16
1314034381 15
1314034441 13
1314034501 16
1314034562 16
1314034621 16
1314034681 16
1314034741 16
1314034801 16
1314034861 14
1314034921 13
1314034981 14
1314035041 13
1314035102 11
1314035162 13
1314035221 15
1314035281 14
1314035341 15
1314035401 15
1314035461 15
1314035521 14
1314035581 14
1314035641 14
1314035701 13
1314035761 13
1314035822 14
1314035881 13
1314035941 13
1314036001 13
1314036061 13
1314036122 10
1314036182 13
1314036241 12
1314036301 13
1314036361 12
1314036421 12
1314036481 13
1314036541 12
1314036601 13
1314036662 14
1314036721 14
1314036781 12
1314036841 13
1314036901 12
1314036961 11
1314037021 12
1314037081 11
1314037141 11
1314037201 11
1314037261 10
1314037322 10
1314037381 10
1314037441 8
1314037501 10
1314037561 9
1314037621 9
1314037681 10
1314037741 10
1314037802 11
1314037861 11
1314037921 11
1314037981 10
1314038041 11
1314038101 9
1314038161 11
1314038221 9
1314038282 9
1314038341 10
1314038401 9
1314038461 10
1314038521 10
1314038581 10
1314038641 10
1314038701 9
1314038761 9
1314038821 10
1314038882 9
1314038941 9
1314039001 9
1314039061 10
1314039121 10
1314039181 10
1314039241 10
1314039301 10
1314039361 9
1314039421 10
1314039482 9
1314039541 9
1314039601 10
1314039661 9
1314039721 10
1314039781 10
1314039841 11
1314039901 11
1314039961 10
1314040022 9
1314040081 11
1314040141 11
1314040201 11
1314040261 9
1314040321 10
1314040381 11
1314040441 10
1314040501 10
1314040562 10
1314040622 11
1314040681 10
1314040741 10
1314040801 11
1314040861 10
1314040921 10
1314040981 11
1314041041 10
1314041102 10
1314041161 10
1314041221 10
1314041281 9
1314041341 8
1314041401 9
1314041461 9
1314041521 8
1314041581 9
1314041641 9
1314041702 9
1314041761 9
1314041821 7
1314041881 8
1314041941 9
1314042001 10
1314042061 9
1314042121 11
1314042181 9
1314042241 11
1314042302 11
1314042361 11
1314042421 11
1314042481 10
1314042541 10
1314042601 9
1314042661 10
1314042721 9
1314042781 11
1314042842 9
1314042901 11
1314042961 11
1314043021 11
1314043081 11
1314043141 11
1314043201 12
1314043261 11
1314043321 10
1314043381 10
1314043442 12
1314043501 10
1314043561 12
1314043621 12
1314043681 11
1314043741 12
1314043801 10
1314043861 12
1314043921 11
1314043981 10
1314044042 11
1314044102 12
1314044161 11
1314044221 12
1314044281 12
1314044341 11
1314044401 12
1314044461 11
1314044521 13
1314044581 13
1314044641 12
1314044702 13
1314044761 12
1314044821 12
1314044881 13
1314044941 12
1314045001 13
1314045061 12
1314045121 13
1314045181 11
1314045241 10
1314045302 11
1314045361 11
1314045421 11
1314045481 11
1314045541 12
1314045601 11
1314045661 12
1314045721 10
1314045781 11
1314045841 9
1314045901 9
1314045962 11
1314046021 12
1314046081 12
1314046141 11
1314046201 11
1314046261 11
1314046321 12
1314046381 12
1314046441 12
1314046502 11
1314046561 10
1314046621 10
1314046681 11
1314046741 11
1314046801 10
1314046861 11
1314046921 10
1314046981 10
1314047041 11
1314047102 11
1314047161 11
1314047221 9
1314047281 9
1314047341 10
1314047401 10
1314047461 8
1314047521 10
1314047581 9
1314047641 10
1314047702 10
1314047761 10
1314047821 9
1314047881 9
1314047941 10
1314048001 10
1314048061 10
1314048121 8
1314048181 10
1314048241 9
1314048302 10
1314048361 11
1314048421 11
1314048481 10
1314048541 9
1314048601 11
1314048661 11
1314048721 11
1314048781 9
1314048841 11
1314048902 9
1314048961 9
1314049021 8
1314049081 9
1314049141 7
1314049201 9
1314049261 9
1314049321 9
1314049381 9
1314049441 7
1314049502 8
1314049561 9
1314049621 9
1314049681 8
1314049741 9
1314049801 7
1314049861 9
1314049921 9
1314049981 9
1314050041 9
1314050102 8
1314050161 8
1314050221 9
1314050281 10
1314050341 11
1314050401 10
1314050461 10
1314050521 11
1314050581 11
1314050641 11
1314050702 10
1314050761 10
1314050821 11
1314050881 11
1314050941 9
1314051001 10
1314051061 8
1314051121 9
1314051181 10
1314051241 10
1314051302 10
1314051362 9
1314051421 8
1314051481 9
1314051541 10
1314051601 10
1314051661 10
1314051721 9
1314051781 9
1314051841 10
1314051902 10
1314051961 10
1314052021 9
1314052081 10
1314052141 8
1314052201 9
1314052261 10
1314052321 10
1314052381 9
1314052442 9
1314052502 11
1314052561 12
1314052621 12
1314052681 11
1314052741 12
1314052801 11
1314052861 11
1314052921 12
1314052981 12
1314053041 12
1314053101 11
1314053161 11
1314053221 11
1314053281 11
1314053342 10
1314053401 11
1314053461 9
1314053521 12
1314053581 12
1314053641 12
1314053701 12
1314053761 11
1314053821 12
1314053882 11
1314053941 12
1314054001 11
1314054061 12
1314054121 9
1314054181 11
1314054241 11
1314054301 11
1314054361 11
1314054421 10
1314054482 11
1314054541 11
1314054601 10
1314054661 10
1314054721 12
1314054781 11
1314054841 13
1314054901 13
1314054961 14
1314055021 14
1314055082 14
1314055141 17
1314055201 18
1314055261 18
1314055321 16
1314055381 19
1314055441 19
1314055501 20
1314055561 19
1314055622 19
1314055681 19
1314055741 19
1314055801 20
1314055861 19
1314055921 20
1314055981 17
1314056041 17
1314056101 18
1314056161 18
1314056222 18
1314056281 19
1314056341 16
1314056401 19
1314056461 20
1314056521 20
1314056581 22
1314056641 23
1314056701 24
1314056761 24
1314056821 24
1314056882 23
1314056941 24
1314057001 22
1314057061 22
1314057121 21
1314057181 21
1314057241 18
1314057301 17
1314057361 20
1314057421 20
1314057482 22
1314057541 23
1314057601 24
1314057661 24
1314057721 24
1314057781 25
1314057841 24
1314057901 26
1314057961 23
1314058022 26
1314058082 25
1314058141 23
1314058201 23
1314058261 23
1314058321 23
1314058381 25
1314058441 24
1314058501 27
1314058561 32
1314058622 30
1314058682 32
1314058741 33
1314058801 31
1314058861 34
1314058921 37
1314058981 36
1314059041 40
1314059101 41
1314059162 45
1314059222 45
1314059281 44
1314059341 46
1314059401 47
1314059461 48
1314059521 46
1314059581 50
1314059641 50
1314059701 54
1314059762 55
1314059821 59
1314059881 66
1314059941 65
1314060001 71
1314060061 69
1314060121 71
1314060181 74
1314060241 78
1314060301 72
1314060362 76
1314060421 75
1314060481 73
1314060541 74
1314060601 73
1314060661 72
1314060721 77
1314060781 70
1314060841 69
1314060902 69
1314060962 69
1314061021 73
1314061081 75
1314061141 76
1314061201 77
1314061261 78
1314061321 76
1314061381 79
1314061442 80
1314061502 80
1314061561 75
1314061622 77
1314061682 73
1314061741 74
1314061801 76
1314061861 80
1314061921 82
1314061981 85
1314062041 85
1314062101 86
1314062162 90
1314062221 89
1314062281 91
1314062341 93
1314062401 94
1314062461 95
1314062521 90
1314062582 91
1314062641 92
1314062701 92
1314062761 90
1314062821 88
1314062881 90
1314062941 88
1314063001 86
1314063061 87
1314063121 87
1314063181 90
1314063242 89
1314063301 88
1314063361 89
1314063421 88
1314063481 86
1314063541 86
1314063601 90
1314063662 91
1314063722 92
1314063781 90
1314063841 89
1314063901 90
1314063961 88
1314064021 91
1314064081 92
1314064141 91
1314064201 91
1314064261 90
1314064322 92
1314064382 92
1314064441 93
1314064501 92
1314064561 91
1314064621 93
1314064681 89
1314064741 89
1314064802 90
1314064861 90
1314064922 89
1314064981 92
1314065041 97
1314065101 99
1314065161 99
1314065221 100
1314065281 102
1314065341 107
1314065401 106
1314065462 107
1314065521 110
1314065581 108
1314065641 106
1314065701 107
1314065761 104
1314065822 106
1314065882 108
1314065941 107
1314066001 108
1314066061 107
1314066121 110
1314066181 108
1314066241 104
1314066302 108
1314066362 112
1314066421 111
1314066481 112
1314066541 114
1314066601 117
1314066662 116
1314066721 118
1314066781 118
1314066841 117
1314066901 118
1314066961 118
1314067021 115
1314067081 116
1314067141 118
1314067202 116
1314067261 116
1314067321 117
1314067381 116
1314067441 120
1314067501 123
1314067561 124
1314067622 122
1314067681 125
1314067741 126
1314067801 122
1314067861 123
1314067921 120
1314067982 123
1314068041 122
1314068101 116
1314068161 115
1314068221 115
1314068281 114
1314068341 114
1314068401 118
1314068461 118
1314068522 117
1314068581 124
1314068641 124
1314068701 123
1314068761 123
1314068821 127
1314068881 127
1314068941 127
1314069002 125
1314069061 129
1314069121 131
1314069181 130
1314069241 129
1314069301 131
1314069361 130
1314069421 131
1314069481 129
1314069542 126
1314069602 128
1314069661 127
1314069721 130
1314069781 127
1314069841 129
1314069901 128
1314069961 125
1314070021 123
1314070081 127
1314070141 124
1314070202 121
1314070261 125
1314070321 127
1314070381 125
1314070441 129
1314070501 128
1314070561 130
1314070621 129
1314070681 129
1314070742 129
1314070801 132
1314070861 131
1314070921 130
1314070981 132
1314071041 128
1314071101 135
1314071161 136
1314071221 134
1314071281 132
1314071341 134
1314071402 128
1314071461 124
1314071521 121
1314071581 120
1314071641 117
1314071701 119
1314071761 114
1314071822 113
1314071882 111
1314071941 109
1314072001 111
1314072061 112
1314072121 109
1314072181 112
1314072241 113
1314072301 112
1314072361 114
1314072422 112
1314072481 108
1314072541 111
1314072601 112
1314072661 109
1314072721 109
1314072781 109
1314072841 107
1314072901 104
1314072962 105
1314073022 106
1314073081 105
1314073141 104
1314073201 101
1314073261 100
1314073321 95
1314073381 98
1314073441 97
1314073502 97
1314073562 97
1314073621 97
1314073681 96
1314073741 95
1314073801 94
1314073861 97
1314073921 97
1314073981 95
1314074041 97
1314074102 95
1314074161 101
1314074221 98
1314074281 99
1314074341 98
1314074401 101
1314074461 103
1314074521 101
1314074581 99
1314074641 103
1314074702 101
1314074761 97
1314074821 100
1314074881 98
1314074941 99
1314075001 99
1314075061 94
1314075121 97
1314075182 95
1314075242 98
1314075301 97
1314075361 97
1314075421 99
1314075481 98
1314075541 99
1314075601 99
1314075661 100
1314075721 99
1314075781 100
1314075842 99
1314075901 101
1314075961 106
1314076021 103
1314076081 104
1314076141 107
1314076201 107
1314076261 106
1314076321 106
1314076381 108
1314076441 110
1314076501 108
1314076561 106
1314076621 108
1314076681 107
1314076741 104
1314076802 109
1314076861 111
1314076921 108
1314076981 108
1314077041 104
1314077101 107
1314077161 104
1314077221 106
1314077282 105
1314077341 103
1314077401 104
1314077461 100
1314077521 102
1314077581 101
1314077641 100
1314077701 97
1314077761 99
1314077822 102
1314077882 101
1314077941 100
1314078001 100
1314078061 98
1314078121 98
1314078181 97
1314078241 94
1314078301 100
1314078362 99
1314078421 97
1314078481 100
1314078541 102
1314078601 105
1314078661 108
1314078721 108
1314078781 109
1314078841 108
1314078901 108
1314078962 104
1314079021 104
1314079081 105
1314079141 102
1314079201 103
1314079261 104
1314079321 105
1314079381 105
1314079441 105
1314079502 101
1314079561 103
1314079621 103
1314079681 100
1314079741 101
1314079801 95
1314079861 97
1314079921 95
1314079981 99
1314080042 101
1314080102 100
1314080161 98
1314080221 103
1314080281 104
1314080341 104
1314080401 102
1314080461 104
1314080521 105
1314080581 106
1314080642 107
1314080701 109
1314080761 110
1314080821 109
1314080881 109
1314080941 105
1314081001 104
1314081061 102
1314081121 106
1314081181 103
1314081242 104
1314081301 102
1314081361 103
1314081421 102
1314081481 103
1314081541 104
1314081601 108
1314081661 107
1314081721 106
1314081782 106
1314081841 106
1314081901 107
1314081961 106
1314082021 105
1314082081 103
1314082141 102
1314082202 103
1314082262 103
1314082321 102
1314082381 101
1314082441 102
1314082501 103
1314082561 106
1314082621 106
1314082681 108
1314082741 108
1314082802 105
1314082861 105
1314082921 104
1314082981 105
1314083041 105
1314083102 105
1314083162 105
1314083222 105
1314083281 108
1314083341 108
1314083401 112
1314083461 111
1314083521 109
1314083581 105
1314083642 107
1314083701 110
1314083761 115
1314083821 109
1314083881 112
1314083941 112
1314084001 110
1314084061 107
1314084122 108
1314084181 109
1314084241 108
1314084301 109
1314084361 104
1314084422 104
1314084481 101
1314084541 108
1314084601 110
1314084664 111
1314084721 113
1314084781 109
1314084841 109
1314084902 109
1314084961 108
1314085021 107
1314085081 106
1314085141 108
1314085201 106
1314085261 106
1314085322 105
1314085381 108
1314085441 109
1314085501 107
1314085561 111
1314085621 112
1314085681 112
1314085742 109
1314085801 109
1314085861 112
1314085921 114
1314085981 114
1314086041 110
1314086101 109
1314086161 108
1314086221 108
1314086282 106
1314086342 107
1314086401 106
1314086461 103
1314086521 100
1314086581 102
1314086641 103
1314086701 100
1314086761 95
1314086821 99
1314086882 99
1314086941 93
1314087001 97
1314087061 96
1314087121 94
1314087181 89
1314087241 88
1314087301 86
1314087361 85
1314087421 86
1314087481 87
1314087541 83
1314087602 81
1314087661 81
1314087721 83
1314087781 84
1314087841 82
1314087901 82
1314087961 82
1314088021 76
1314088081 81
1314088142 82
1314088201 82
1314088261 80
1314088321 77
1314088381 80
1314088441 79
1314088501 82
1314088561 82
1314088621 84
1314088682 82
1314088741 83
1314088801 81
1314088861 81
1314088921 80
1314088981 77
1314089041 77
1314089101 74
1314089161 72
1314089221 71
1314089282 71
1314089341 71
1314089401 67
1314089461 71
1314089522 71
1314089581 67
1314089641 66
1314089701 67
1314089761 69
1314089821 68
1314089881 65
1314089941 67
1314090001 68
1314090062 65
1314090122 65
1314090181 66
1314090241 67
1314090301 64
1314090361 65
1314090421 65
1314090481 64
1314090541 62
1314090601 62
1314090661 62
1314090722 60
1314090781 60
1314090841 62
1314090901 61
1314090961 61
1314091021 63
1314091081 61
1314091142 64
1314091202 63
1314091261 64
1314091321 69
1314091381 67
1314091441 64
1314091501 66
1314091561 66
1314091621 66
1314091681 65
1314091742 63
1314091801 60
1314091861 58
1314091921 55
1314091981 60
1314092041 59
1314092101 56
1314092161 56
1314092221 57
1314092281 55
1314092342 55
1314092401 56
1314092461 53
1314092521 54
1314092581 53
1314092641 53
1314092701 53
1314092761 52
1314092821 50
1314092881 53
1314092942 52
1314093001 51
1314093061 52
1314093121 49
1314093181 48
1314093241 51
1314093301 52
1314093362 53
1314093421 50
1314093481 50
1314093541 52
1314093601 52
1314093661 53
1314093721 54
1314093781 53
1314093841 53
1314093902 53
1314093961 54
1314094021 52
1314094081 52
1314094141 54
1314094201 56
1314094261 56
1314094321 55
1314094381 58
1314094441 54
1314094502 58
1314094562 57
1314094621 57
1314094681 60
1314094741 60
1314094801 56
1314094861 57
1314094921 56
1314094981 55
1314095041 56
1314095102 54
1314095161 55
1314095221 55
1314095281 55
1314095341 55
1314095401 56
1314095461 54
1314095521 55
1314095581 59
1314095642 56
1314095702 57
1314095761 53
1314095821 55
1314095881 54
1314095941 54
1314096001 55
1314096061 53
1314096121 57
1314096181 52
1314096241 55
1314096302 53
1314096361 55
1314096421 56
1314096481 56
1314096541 56
1314096601 56
1314096661 58
1314096721 54
1314096781 52
1314096841 53
1314096902 53
1314096961 50
1314097021 51
1314097081 53
1314097141 52
1314097201 52
1314097261 52
1314097321 52
1314097381 55
1314097441 53
1314097501 53
1314097561 53
1314097621 53
1314097681 52
1314097741 53
1314097801 53
1314097861 54
1314097921 53
1314097981 52
1314098041 52
1314098101 54
1314098161 53
1314098221 51
1314098281 57
1314098341 57
1314098401 56
1314098462 58
1314098521 60
1314098581 59
1314098641 59
1314098701 61
1314098761 62
1314098821 58
1314098881 57
1314098941 58
1314099001 60
1314099061 59
1314099121 60
1314099181 62
1314099241 65
1314099301 62
1314099361 62
1314099421 65
1314099481 64
1314099541 64
1314099602 64
1314099661 63
1314099721 62
1314099781 65
1314099841 66
1314099901 65
1314099961 65
1314100021 64
1314100081 58
1314100141 57
1314100202 61
1314100261 60
1314100321 62
1314100381 59
1314100441 59
1314100501 60
1314100561 60
1314100621 61
1314100681 62
1314100742 61
1314100801 60
1314100861 61
1314100921 59
1314100981 59
1314101043 59
1314101101 58
1314101161 59
1314101221 62
1314101281 64
1314101342 65
1314101401 64
1314101461 67
1314101521 68
1314101581 69
1314101641 67
1314101701 69
1314101761 70
1314101822 70
1314101881 70
1314101941 70
1314102001 69
1314102061 68
1314102121 66
1314102181 70
1314102241 69
1314102301 71
1314102362 71
1314102422 70
1314102481 66
1314102541 69
1314102601 68
1314102661 70
1314102721 69
1314102781 67
1314102841 69
1314102901 69
1314102961 69
1314103021 73
1314103081 76
1314103141 76
1314103201 75
1314103261 74
1314103321 76
1314103381 76
1314103441 77
1314103502 78
1314103561 76
1314103621 72
1314103681 75
1314103741 77
1314103801 83
1314103861 83
1314103921 82
1314103981 82
1314104042 82
1314104101 82
1314104161 80
1314104221 83
1314104281 79
1314104341 82
1314104401 76
1314104461 79
1314104521 80
1314104581 75
1314104641 76
1314104702 75
1314104761 75
1314104821 74
1314104881 73
1314104941 75
1314105001 76
1314105061 75
1314105121 76
1314105182 75
1314105242 74
1314105301 72
1314105361 70
1314105421 73
1314105481 72
1314105541 72
1314105601 74
1314105661 73
1314105722 73
1314105782 73
1314105841 75
1314105901 77
1314105961 76
1314106021 75
1314106081 77
1314106141 74
1314106201 74
1314106261 75
1314106322 71
1314106381 75
1314106441 72
1314106501 71
1314106561 73
1314106621 72
1314106681 72
1314106741 72
1314106801 71
1314106862 72
1314106922 74
1314106981 71
1314107041 71
1314107101 69
1314107161 69
1314107221 67
1314107281 67
1314107341 64
1314107401 64
1314107461 64
1314107522 63
1314107581 63
1314107641 63
1314107701 64
1314107761 63
1314107821 62
1314107881 64
1314107941 61
1314108001 61
1314108061 62
1314108122 64
1314108181 67
1314108241 65
1314108301 64
1314108361 64
1314108421 67
1314108481 67
1314108541 68
1314108601 66
1314108661 65
1314108722 66
1314108781 62
1314108841 62
1314108901 59
1314108961 59
1314109021 55
1314109081 56
1314109142 61
1314109201 60
1314109261 56
1314109321 58
1314109381 62
1314109441 61
1314109501 63
1314109561 66
1314109621 62
1314109681 63
1314109742 59
1314109802 61
1314109861 62
1314109921 58
1314109981 57
1314110041 58
1314110101 56
1314110161 54
1314110221 56
1314110281 53
1314110342 55
1314110402 54
1314110461 55
1314110521 54
1314110581 54
1314110641 51
1314110701 54
1314110761 53
1314110821 52
1314110881 50
1314110942 47
1314111001 51
1314111061 54
1314111121 55
1314111181 54
1314111241 56
1314111301 54
1314111361 55
1314111422 54
1314111481 55
1314111541 53
1314111601 49
1314111661 49
1314111721 49
1314111781 51
1314111841 53
1314111901 52
1314111961 53
1314112022 54
1314112082 52
1314112141 53
1314112201 52
1314112261 49
1314112321 49
1314112382 46
1314112441 45
1314112501 44
1314112561 42
1314112621 44
1314112681 41
1314112741 41
1314112801 40
1314112861 40
1314112921 37
1314112981 39
1314113042 39
1314113101 38
1314113161 37
1314113221 40
1314113281 41
1314113341 39
1314113401 37
1314113461 36
1314113521 34
1314113581 36
1314113642 39
1314113701 40
1314113761 38
1314113821 35
1314113881 39
1314113941 39
1314114001 37
1314114061 40
1314114121 40
1314114182 40
1314114241 39
1314114301 40
1314114361 40
1314114421 38
1314114481 38
1314114541 38
1314114601 36
1314114661 34
1314114721 32
1314114781 33
1314114842 32
1314114901 35
1314114961 36
1314115021 37
1314115081 36
1314115141 36
1314115201 35
