1317571261 30
1317571321 28
1317571381 27
1317571441 25
1317571501 28
1317571561 27
1317571621 26
1317571681 24
1317571741 25
1317571802 21
1317571862 22
1317571921 23
1317571981 22
1317572041 20
1317572101 19
1317572161 19
1317572221 20
1317572281 20
1317572341 21
1317572401 20
1317572461 17
1317572521 19
1317572581 18
1317572641 17
1317572701 17
1317572762 17
1317572821 17
1317572881 18
1317572941 17
1317573001 19
1317573061 19
1317573121 19
1317573181 19
1317573241 19
1317573301 18
1317573362 18
1317573421 17
1317573481 20
1317573541 19
1317573601 19
1317573661 21
1317573721 21
1317573781 22
1317573841 23
1317573901 24
1317573961 22
1317574021 23
1317574082 21
1317574141 23
1317574201 22
1317574261 23
1317574321 22
1317574381 20
1317574441 20
1317574501 22
1317574561 22
1317574621 20
1317574682 20
1317574741 19
1317574801 19
1317574861 17
1317574921 17
1317574981 19
1317575041 17
1317575102 18
1317575161 17
1317575221 17
1317575282 15
1317575341 16
1317575401 16
1317575461 17
1317575521 16
1317575581 15
1317575641 15
1317575701 14
1317575761 15
1317575821 15
1317575881 16
1317575942 16
1317576001 16
1317576061 18
1317576121 18
1317576181 18
1317576241 19
1317576301 19
1317576361 17
1317576421 18
1317576481 17
1317576541 16
1317576602 17
1317576662 14
1317576721 17
1317576781 18
1317576841 16
1317576901 18
1317576961 18
1317577021 18
1317577081 19
1317577141 18
1317577201 18
1317577261 17
1317577325 15
1317577381 16
1317577441 17
1317577501 14
1317577561 17
1317577621 16
1317577681 18
1317577741 18
1317577801 16
1317577861 17
1317577922 17
1317577981 16
1317578041 16
1317578101 16
1317578161 15
1317578221 17
1317578281 14
1317578341 16
1317578401 17
1317578461 17
1317578521 17
1317578582 17
1317578641 14
1317578701 17
1317578761 17
1317578821 16
1317578881 15
1317578941 16
1317579001 15
1317579061 15
1317579121 15
1317579181 15
1317579242 15
1317579301 13
1317579361 14
1317579421 14
1317579481 13
1317579541 12
1317579601 13
1317579661 13
1317579721 13
1317579781 13
1317579841 13
1317579902 12
1317579961 12
1317580021 13
1317580081 13
1317580141 12
1317580201 12
1317580261 13
1317580321 13
1317580381 13
1317580442 13
1317580501 13
1317580561 12
1317580621 11
1317580681 13
1317580741 13
1317580801 12
1317580862 12
1317580921 13
1317580981 13
1317581041 13
1317581101 13
1317581161 13
1317581221 12
1317581281 11
1317581341 13
1317581401 11
1317581462 11
1317581522 11
1317581581 13
1317581641 13
1317581701 13
1317581761 14
1317581821 15
1317581881 13
1317581941 13
1317582002 14
1317582061 12
1317582121 12
1317582181 11
1317582241 12
1317582301 10
1317582361 9
1317582421 9
1317582481 10
1317582542 10
1317582602 9
1317582661 10
1317582721 9
1317582781 9
1317582841 9
1317582901 10
1317582961 9
1317583021 9
1317583081 8
1317583142 9
1317583202 9
1317583261 9
1317583321 10
1317583381 9
1317583441 9
1317583501 8
1317583561 10
1317583621 9
1317583681 9
1317583742 9
1317583801 10
1317583861 9
1317583921 10
1317583981 10
1317584041 9
1317584101 10
1317584161 8
1317584221 10
1317584282 9
1317584341 9
1317584401 8
1317584461 9
1317584521 8
1317584581 9
1317584641 9
1317584701 9
1317584761 9
1317584822 9
1317584882 10
1317584941 8
1317585001 9
1317585061 9
1317585121 10
1317585181 10
1317585241 10
1317585301 10
1317585361 10
1317585422 9
1317585481 8
1317585541 9
1317585601 7
1317585661 8
1317585721 7
1317585781 9
1317585841 9
1317585901 9
1317585962 8
1317586022 9
1317586081 8
1317586141 8
1317586201 9
1317586261 8
1317586321 9
1317586381 7
1317586441 8
1317586501 9
1317586561 9
1317586622 8
1317586681 9
1317586741 9
1317586801 9
1317586861 9
1317586921 7
1317586981 9
1317587041 8
1317587101 9
1317587161 9
1317587221 9
1317587281 8
1317587341 9
1317587401 8
1317587461 9
1317587521 9
1317587581 7
1317587641 9
1317587702 7
1317587761 9
1317587821 9
1317587881 9
1317587941 7
1317588001 9
1317588061 8
1317588121 9
1317588181 9
1317588242 7
1317588301 9
1317588361 7
1317588421 9
1317588481 9
1317588541 9
1317588601 7
1317588661 9
1317588721 8
1317588782 9
1317588841 9
1317588901 6
1317588961 9
1317589021 7
1317589081 9
1317589141 9
1317589201 9
1317589261 7
1317589322 8
1317589381 8
1317589441 9
1317589501 9
1317589561 8
1317589621 9
1317589681 7
1317589741 9
1317589801 9
1317589861 9
1317589922 9
1317589981 8
1317590041 8
1317590101 9
1317590161 8
1317590221 9
1317590281 10
1317590341 10
1317590401 11
1317590462 11
1317590522 11
1317590581 11
1317590641 10
1317590701 10
1317590761 11
1317590821 9
1317590881 10
1317590941 10
1317591001 10
1317591061 11
1317591122 10
1317591182 10
1317591241 11
1317591301 11
1317591361 9
1317591421 11
1317591481 9
1317591541 11
1317591601 11
1317591661 11
1317591722 11
1317591781 10
1317591841 11
1317591901 11
1317591961 12
1317592021 11
1317592081 12
1317592141 9
1317592201 12
1317592261 12
1317592322 14
1317592381 14
1317592441 13
1317592501 14
1317592561 13
1317592621 14
1317592681 13
1317592741 14
1317592802 11
1317592861 13
1317592921 12
1317592981 13
1317593041 12
1317593101 13
1317593161 13
1317593221 13
1317593281 13
1317593341 12
1317593402 13
1317593461 10
1317593521 12
1317593581 12
1317593641 12
1317593701 10
1317593761 13
1317593821 12
1317593881 13
1317593941 14
1317594001 13
1317594061 14
1317594122 11
1317594181 13
1317594241 14
1317594301 13
1317594361 13
1317594421 14
1317594481 13
1317594541 13
1317594601 15
1317594662 14
1317594721 15
1317594781 11
1317594841 13
1317594901 14
1317594961 11
1317595021 11
1317595081 11
1317595141 11
1317595201 11
1317595262 12
1317595322 11
1317595381 12
1317595441 10
1317595501 11
1317595561 11
1317595621 11
1317595681 11
1317595741 12
1317595802 11
1317595861 11
1317595921 11
1317595981 10
1317596041 11
1317596101 11
1317596161 9
1317596221 9
1317596281 8
1317596341 8
1317596402 8
1317596461 8
1317596521 9
1317596581 9
1317596641 7
1317596701 10
1317596761 10
1317596821 9
1317596881 11
1317596941 10
1317597002 11
1317597061 12
1317597121 11
1317597181 11
1317597241 11
1317597301 10
1317597361 11
1317597421 11
1317597481 10
1317597541 12
1317597601 10
1317597662 12
1317597721 16
1317597781 17
1317597841 17
1317597901 17
1317597961 17
1317598021 21
1317598081 23
1317598141 24
1317598202 26
1317598262 25
1317598321 25
1317598381 30
1317598441 31
1317598501 33
1317598561 34
1317598621 34
1317598681 35
1317598741 35
1317598802 34
1317598861 36
1317598921 35
1317598981 36
1317599041 39
1317599101 36
1317599161 37
1317599221 36
1317599281 39
1317599341 41
1317599402 40
1317599462 42
1317599521 44
1317599581 41
1317599641 44
1317599701 46
1317599761 46
1317599821 45
1317599881 49
1317599941 49
1317600001 55
1317600061 54
1317600121 55
1317600181 57
1317600241 57
1317600301 62
1317600361 62
1317600421 62
1317600481 60
1317600541 61
1317600602 58
1317600662 61
1317600722 62
1317600781 62
1317600841 62
1317600901 59
1317600961 59
1317601021 62
1317601081 64
1317601141 65
1317601201 65
1317601261 66
1317601322 68
1317601382 67
1317601441 69
1317601501 72
1317601561 72
1317601621 75
1317601681 74
1317601741 77
1317601801 80
1317601861 81
1317601921 84
1317601982 87
1317602041 88
1317602101 87
1317602161 87
1317602221 92
1317602281 93
1317602341 91
1317602401 97
1317602461 96
1317602521 97
1317602582 99
1317602642 103
1317602701 104
1317602761 110
1317602821 103
1317602881 106
1317602941 111
1317603001 111
1317603061 112
1317603121 110
1317603181 113
1317603241 111
1317603302 112
1317603361 110
1317603421 114
1317603481 113
1317603541 113
1317603601 112
1317603661 112
1317603721 114
1317603782 110
1317603842 110
1317603901 115
1317603961 114
1317604021 114
1317604081 113
1317604141 114
1317604201 113
1317604261 114
1317604321 116
1317604382 118
1317604442 118
1317604501 121
1317604561 123
1317604621 121
1317604681 124
1317604741 120
1317604801 120
1317604861 120
1317604921 118
1317604981 121
1317605041 120
1317605102 122
1317605162 122
1317605221 122
1317605281 120
1317605341 112
1317605401 124
1317605461 126
1317605521 128
1317605581 128
1317605641 128
1317605702 127
1317605761 130
1317605821 132
1317605881 136
1317605941 138
1317606001 130
1317606061 134
1317606121 135
1317606181 139
1317606242 147
1317606302 152
1317606361 151
1317606421 154
1317606481 155
1317606541 161
1317606601 158
1317606661 157
1317606721 154
1317606782 152
1317606842 150
1317606901 147
1317606961 149
1317607021 151
1317607081 154
1317607141 153
1317607201 155
1317607261 152
1317607321 155
1317607381 153
1317607442 155
1317607501 158
1317607561 158
1317607621 153
1317607681 151
1317607741 152
1317607801 150
1317607861 160
1317607922 160
1317607982 161
1317608041 161
1317608101 156
1317608161 164
1317608221 169
1317608281 167
1317608341 171
1317608401 172
1317608461 171
1317608521 172
1317608582 173
1317608641 173
1317608701 173
1317608761 168
1317608821 174
1317608881 173
1317608941 174
1317609001 179
1317609061 180
1317609121 181
1317609182 183
1317609241 181
1317609301 182
1317609361 180
1317609421 184
1317609481 182
1317609541 179
1317609601 186
1317609661 186
1317609721 182
1317609782 180
1317609842 180
1317609901 183
1317609961 189
1317610021 183
1317610081 185
1317610141 182
1317610201 176
1317610261 178
1317610321 183
1317610381 184
1317610442 189
1317610501 184
1317610561 186
1317610621 185
1317610681 193
1317610741 193
1317610801 193
1317610861 190
1317610921 188
1317610981 183
1317611042 186
1317611101 188
1317611163 188
1317611221 184
1317611281 183
1317611341 186
1317611402 182
1317611461 183
1317611521 184
1317611581 187
1317611641 188
1317611701 189
1317611761 188
1317611821 194
1317611881 197
1317611941 203
1317612002 205
1317612061 206
1317612121 210
1317612181 208
1317612241 208
1317612301 207
1317612361 214
1317612421 209
1317612482 211
1317612541 214
1317612601 213
1317612661 214
1317612721 214
1317612781 208
1317612841 206
1317612901 219
1317612961 210
1317613022 218
1317613081 214
1317613141 212
1317613201 217
1317613261 219
1317613322 220
1317613381 229
1317613441 233
1317613501 230
1317613562 231
1317613621 234
1317613681 234
1317613741 234
1317613801 233
1317613861 233
1317613921 228
1317613981 226
1317614041 228
1317614102 226
1317614162 227
1317614221 225
1317614281 222
1317614341 223
1317614401 227
1317614461 225
1317614521 232
1317614581 231
1317614641 220
1317614702 218
1317614761 221
1317614821 217
1317614882 220
1317614941 222
1317615002 221
1317615062 222
1317615122 220
1317615181 219
1317615241 218
1317615301 214
1317615361 214
1317615421 213
1317615481 212
1317615541 211
1317615601 209
1317615661 211
1317615721 212
1317615782 215
1317615841 216
1317615901 216
1317615961 214
1317616021 218
1317616081 215
1317616141 216
1317616201 213
1317616261 211
1317616322 209
1317616382 206
1317616441 210
1317616501 209
1317616561 213
1317616621 217
1317616681 221
1317616741 217
1317616801 217
1317616861 218
1317616922 222
1317616981 223
1317617041 221
1317617101 220
1317617161 220
1317617221 219
1317617281 222
1317617341 226
1317617401 224
1317617462 226
1317617521 219
1317617581 226
1317617641 225
1317617701 225
1317617761 223
1317617821 219
1317617881 217
1317617941 225
1317618002 226
1317618062 222
1317618121 220
1317618181 222
1317618241 230
1317618301 231
1317618361 236
1317618421 236
1317618481 236
1317618541 233
1317618601 237
1317618661 240
1317618722 249
1317618782 245
1317618841 241
1317618901 244
1317618961 242
1317619021 244
1317619081 237
1317619141 244
1317619201 249
1317619261 250
1317619322 242
1317619382 244
1317619441 247
1317619501 243
1317619561 258
1317619621 261
1317619682 271
1317619742 263
1317619801 262
1317619861 258
1317619921 264
1317619981 274
1317620041 278
1317620101 277
1317620161 269
1317620222 267
1317620281 277
1317620341 279
1317620401 281
1317620461 286
1317620521 285
1317620583 288
1317620641 290
1317620701 284
1317620761 300
1317620821 301
1317620881 298
1317620941 303
1317621002 319
1317621062 332
1317621122 343
1317621181 355
1317621241 360
1317621301 367
1317621361 379
1317621421 389
1317621482 393
1317621541 395
1317621601 395
1317621662 401
1317621721 406
1317621781 394
1317621841 395
1317621901 411
1317621961 383
1317622021 393
1317622081 401
1317622142 400
1317622202 402
1317622261 397
1317622321 406
1317622381 406
1317622441 411
1317622501 411
1317622561 412
1317622622 409
1317622681 410
1317622741 413
1317622801 412
1317622862 409
1317622921 401
1317622981 410
1317623041 410
1317623102 399
1317623162 400
1317623221 396
1317623281 405
1317623342 406
1317623401 412
1317623461 417
1317623522 408
1317623581 426
1317623641 428
1317623704 435
1317623762 437
1317623821 429
1317623883 426
1317623941 425
1317624001 433
1317624061 409
1317624121 426
1317624181 411
1317624242 429
1317624301 428
1317624362 428
1317624421 425
1317624481 418
1317624541 426
1317624601 414
1317624661 434
1317624721 418
1317624782 416
1317624841 420
1317624901 436
1317624961 442
1317625021 440
1317625081 443
1317625142 439
1317625201 441
1317625261 439
1317625321 430
1317625381 427
1317625442 428
1317625501 421
1317625561 431
1317625621 435
1317625681 423
1317625742 425
1317625801 425
1317625861 421
1317625921 429
1317625981 424
1317626041 409
1317626102 418
1317626161 413
1317626221 418
1317626281 416
1317626341 411
1317626401 403
1317626461 407
1317626522 415
1317626581 412
1317626641 410
1317626701 405
1317626761 394
1317626821 404
1317626882 403
1317626941 412
1317627001 406
1317627061 399
1317627121 393
1317627181 391
1317627241 386
1317627302 384
1317627361 393
1317627421 397
1317627481 401
1317627541 386
1317627602 395
1317627662 389
1317627722 389
1317627781 383
1317627841 373
1317627901 364
1317627961 355
1317628021 335
1317628082 338
1317628141 345
1317628206 337
1317628261 336
1317628321 331
1317628381 330
1317628441 329
1317628502 319
1317628561 321
1317628621 316
1317628681 318
1317628741 308
1317628801 307
1317628861 298
1317628921 289
1317628981 289
1317629042 288
1317629101 281
1317629161 280
1317629221 277
1317629281 269
1317629341 262
1317629401 260
1317629461 258
1317629521 254
1317629581 249
1317629642 247
1317629701 251
1317629761 247
1317629821 242
1317629881 236
1317629941 234
1317630001 234
1317630061 231
1317630121 235
1317630181 238
1317630241 238
1317630302 231
1317630361 231
1317630421 230
1317630481 231
1317630541 225
1317630601 217
1317630661 214
1317630721 207
1317630781 200
1317630842 198
1317630902 194
1317630961 182
1317631021 179
1317631081 176
1317631141 176
1317631201 175
1317631261 174
1317631321 173
1317631381 174
1317631442 176
1317631502 174
1317631561 170
1317631621 166
1317631681 162
1317631741 161
1317631801 160
1317631861 162
1317631921 160
1317631981 155
1317632041 148
1317632102 150
1317632161 149
1317632221 147
1317632281 143
1317632341 144
1317632401 143
1317632461 141
1317632522 139
1317632582 139
1317632641 139
1317632701 133
1317632761 131
1317632821 132
1317632881 131
1317632941 127
1317633001 126
1317633062 124
1317633122 128
1317633181 126
1317633241 121
1317633301 123
1317633361 120
1317633421 118
1317633481 112
1317633541 115
1317633601 115
1317633662 114
1317633722 114
1317633781 110
1317633841 109
1317633901 109
1317633961 106
1317634021 105
1317634081 101
1317634141 98
1317634201 98
1317634261 99
1317634322 99
1317634382 98
1317634441 94
1317634501 94
1317634561 90
1317634621 84
1317634681 87
1317634741 88
1317634801 85
1317634861 81
1317634921 79
1317634981 82
1317635041 82
1317635102 81
1317635161 85
1317635221 84
1317635281 80
1317635341 80
1317635401 77
1317635461 79
1317635522 78
1317635581 78
1317635641 80
1317635702 76
1317635762 78
1317635821 82
1317635881 84
1317635941 86
1317636001 80
1317636061 81
1317636121 78
1317636181 78
1317636241 75
1317636301 74
1317636362 71
1317636421 69
1317636481 70
1317636541 67
1317636601 66
1317636661 67
1317636721 65
1317636781 66
1317636841 68
1317636901 67
1317636961 68
1317637022 69
1317637081 68
1317637141 67
1317637201 65
1317637261 63
1317637321 64
1317637381 63
1317637441 62
1317637501 63
1317637561 61
1317637621 63
1317637681 64
1317637742 65
1317637801 65
1317637861 65
1317637921 65
1317637981 67
1317638041 66
1317638101 68
1317638161 70
1317638221 67
1317638281 69
1317638342 67
1317638402 66
1317638461 66
1317638521 67
1317638581 67
1317638641 69
1317638701 69
1317638761 69
1317638821 71
1317638881 68
1317638941 69
1317639001 69
1317639062 69
1317639121 71
1317639181 67
1317639241 71
1317639301 73
1317639361 72
1317639421 73
1317639481 74
1317639541 78
1317639602 78
1317639661 78
1317639721 80
1317639781 78
1317639841 80
1317639901 81
1317639961 84
1317640021 80
1317640081 83
1317640141 82
1317640201 80
1317640262 76
1317640321 79
1317640381 82
1317640441 82
1317640501 77
1317640561 81
1317640621 81
1317640681 79
1317640741 81
1317640801 81
1317640862 85
1317640922 81
1317640981 83
1317641041 81
1317641101 80
1317641161 76
1317641221 83
1317641281 82
1317641341 83
1317641401 84
1317641462 83
1317641521 82
1317641582 83
1317641641 84
1317641701 88
1317641761 88
1317641821 83
1317641881 86
1317641941 90
1317642001 92
1317642061 93
1317642121 92
1317642182 94
1317642241 91
1317642301 94
1317642361 93
1317642421 93
1317642481 96
1317642541 93
1317642601 96
1317642662 94
1317642721 94
1317642781 94
1317642841 93
1317642901 90
1317642961 93
1317643021 96
1317643081 97
1317643141 98
1317643202 96
1317643262 96
1317643321 100
1317643381 98
1317643441 100
1317643501 101
1317643561 105
1317643621 105
1317643681 101
1317643741 103
1317643801 106
1317643862 104
1317643922 109
1317643981 109
1317644041 110
1317644101 112
1317644161 108
1317644221 111
1317644281 107
1317644341 110
1317644401 108
1317644461 113
1317644522 104
1317644581 108
1317644641 102
1317644701 100
1317644761 102
1317644821 104
1317644881 106
1317644941 104
1317645001 107
1317645061 109
1317645121 111
1317645182 110
1317645241 113
1317645301 112
1317645361 109
1317645421 109
1317645481 110
1317645541 106
1317645601 108
1317645661 109
1317645721 111
1317645782 112
1317645841 115
1317645901 114
1317645961 119
1317646021 114
1317646081 117
1317646141 119
1317646201 117
1317646261 114
1317646324 114
1317646381 112
1317646441 112
1317646501 109
1317646561 111
1317646621 113
1317646681 116
1317646741 116
1317646801 117
1317646861 117
1317646921 117
1317646982 114
1317647041 113
1317647101 114
1317647161 111
1317647228 114
1317647281 112
1317647341 113
1317647401 109
1317647461 116
1317647522 113
1317647581 115
1317647641 111
1317647701 111
1317647761 108
1317647821 108
1317647881 107
1317647941 112
1317648001 114
1317648062 109
1317648121 112
1317648181 111
1317648241 110
1317648301 115
1317648361 114
1317648421 113
1317648481 111
1317648541 108
1317648601 111
1317648661 110
1317648721 108
1317648782 108
1317648842 109
1317648901 113
1317648961 113
1317649021 114
1317649081 115
1317649141 114
1317649201 115
1317649261 114
1317649321 114
1317649382 115
1317649441 115
1317649501 112
1317649561 113
1317649621 109
1317649681 112
1317649741 114
1317649801 111
1317649861 113
1317649921 115
1317649982 117
1317650041 112
1317650101 116
1317650161 116
1317650221 119
1317650281 116
1317650341 119
1317650401 115
1317650461 114
1317650521 114
1317650582 117
1317650642 116
1317650701 117
1317650761 113
1317650821 112
1317650881 108
1317650941 104
1317651001 103
1317651061 98
1317651121 96
1317651182 96
1317651241 98
1317651301 95
1317651361 96
1317651421 98
1317651481 96
1317651541 94
1317651601 96
1317651661 97
1317651722 95
1317651781 94
1317651841 92
1317651901 91
1317651961 92
1317652021 90
1317652081 91
1317652141 92
1317652201 90
1317652261 86
1317652322 86
1317652381 84
1317652441 87
1317652501 82
1317652561 81
1317652621 81
1317652681 81
1317652741 81
1317652801 83
1317652861 82
1317652922 77
1317652981 76
1317653041 77
1317653101 79
1317653161 75
1317653221 77
1317653281 78
1317653341 76
1317653401 80
1317653461 79
1317653522 83
1317653581 82
1317653641 85
1317653701 86
1317653761 84
1317653821 80
1317653881 82
1317653941 85
1317654001 79
1317654061 82
1317654122 78
1317654181 77
1317654241 77
1317654301 73
1317654361 73
1317654421 72
1317654481 68
1317654541 64
1317654601 61
1317654661 62
1317654721 61
1317654782 60
1317654841 60
1317654901 63
1317654961 62
1317655021 62
1317655081 62
1317655141 64
1317655201 64
1317655261 61
1317655321 60
1317655381 62
1317655442 61
1317655501 60
1317655561 63
1317655621 62
1317655681 60
1317655741 60
1317655801 56
1317655861 61
1317655921 61
1317655981 56
1317656042 54
1317656101 53
1317656161 51
1317656221 53
1317656281 52
1317656341 48
1317656401 50
1317656461 47
1317656521 48
1317656581 49
1317656642 49
1317656702 50
1317656761 51
1317656821 49
1317656881 48
1317656941 51
1317657001 51
1317657061 51
1317657121 51
1317657181 49
1317657241 41
1317657302 40
1317657361 40
1317657421 39
1317657481 40
1317657541 39
1317657601 36
