1307635261 13
1307635321 12
1307635381 12
1307635441 14
1307635501 13
1307635562 13
1307635621 13
1307635681 14
1307635741 13
1307635801 11
1307635861 12
1307635921 13
1307635981 12
1307636041 10
1307636101 11
1307636161 10
1307636221 10
1307636282 10
1307636341 11
1307636401 11
1307636461 9
1307636521 10
1307636581 11
1307636641 9
1307636701 11
1307636761 10
1307636821 10
1307636881 11
1307636941 10
1307637002 12
1307637061 12
1307637121 10
1307637181 11
1307637241 12
1307637301 10
1307637361 12
1307637421 11
1307637481 10
1307637541 12
1307637601 10
1307637661 11
1307637722 11
1307637781 9
1307637841 10
1307637901 10
1307637961 9
1307638021 11
1307638081 10
1307638141 9
1307638201 10
1307638261 9
1307638321 10
1307638381 9
1307638442 8
1307638501 9
1307638561 9
1307638621 8
1307638681 9
1307638741 8
1307638801 7
1307638861 8
1307638921 7
1307638981 8
1307639041 8
1307639102 7
1307639161 7
1307639221 7
1307639281 7
1307639341 8
1307639401 8
1307639461 7
1307639521 8
1307639581 7
1307639641 7
1307639701 6
1307639761 6
1307639822 6
1307639881 6
1307639941 6
1307640001 7
1307640061 7
1307640122 6
1307640181 7
1307640241 6
1307640301 7
1307640361 6
1307640421 6
1307640481 6
1307640541 6
1307640601 6
1307640661 7
1307640721 7
1307640781 6
1307640841 7
1307640902 7
1307640961 7
1307641021 7
1307641081 7
1307641141 7
1307641201 8
1307641261 6
1307641321 8
1307641381 8
1307641441 7
1307641501 7
1307641562 8
1307641621 7
1307641681 6
1307641741 7
1307641801 6
1307641861 7
1307641921 5
1307641981 7
1307642041 7
1307642101 7
1307642161 7
1307642222 7
1307642281 7
1307642341 7
1307642401 6
1307642461 7
1307642521 7
1307642581 7
1307642641 7
1307642701 6
1307642761 6
1307642821 7
1307642881 7
1307642942 6
1307643001 6
1307643061 7
1307643121 6
1307643181 5
1307643241 7
1307643301 7
1307643361 6
1307643421 6
1307643481 8
1307643541 8
1307643601 8
1307643661 7
1307643722 8
1307643781 7
1307643841 6
1307643901 8
1307643961 8
1307644021 7
1307644081 6
1307644141 7
1307644201 7
1307644261 6
1307644322 6
1307644382 7
1307644441 7
1307644501 5
1307644561 7
1307644621 7
1307644681 7
1307644741 5
1307644801 6
1307644861 6
1307644921 6
1307644981 5
1307645041 5
1307645102 6
1307645161 4
1307645221 6
1307645281 6
1307645341 6
1307645401 5
1307645461 6
1307645521 5
1307645581 6
1307645641 5
1307645702 6
1307645762 6
1307645821 4
1307645881 6
1307645941 6
1307646001 6
1307646061 5
1307646121 6
1307646181 6
1307646241 6
1307646301 4
1307646361 6
1307646422 6
1307646481 4
1307646541 6
1307646601 6
1307646661 6
1307646721 5
1307646781 6
1307646841 6
1307646901 6
1307646961 4
1307647021 6
1307647081 6
1307647141 4
1307647201 6
1307647261 6
1307647321 6
1307647381 4
1307647441 6
1307647501 6
1307647561 6
1307647621 5
1307647682 6
1307647741 7
1307647801 5
1307647861 7
1307647921 7
1307647981 7
1307648041 6
1307648101 7
1307648161 7
1307648221 7
1307648281 6
1307648341 6
1307648402 6
1307648461 4
1307648521 6
1307648581 6
1307648641 5
1307648701 5
1307648761 6
1307648821 6
1307648881 6
1307648941 5
1307649001 6
1307649061 6
1307649122 4
1307649181 6
1307649241 6
1307649301 5
1307649361 5
1307649421 5
1307649481 6
1307649541 6
1307649601 5
1307649661 6
1307649721 6
1307649781 4
1307649842 6
1307649901 6
1307649961 5
1307650021 5
1307650081 5
1307650141 6
1307650201 6
1307650261 5
1307650321 6
1307650381 6
1307650441 4
1307650501 6
1307650561 6
1307650622 5
1307650681 5
1307650741 5
1307650801 5
1307650861 5
1307650921 4
1307650981 5
1307651041 5
1307651101 3
1307651161 5
1307651221 5
1307651282 4
1307651341 4
1307651401 5
1307651461 5
1307651521 5
1307651581 4
1307651641 5
1307651701 5
1307651761 3
1307651821 5
1307651881 5
1307651941 4
1307652001 4
1307652062 5
1307652121 5
1307652181 5
1307652241 4
1307652301 5
1307652361 5
1307652421 3
1307652481 5
1307652541 5
1307652601 4
1307652661 4
1307652721 5
1307652782 5
1307652841 5
1307652901 4
1307652961 5
1307653021 5
1307653081 3
1307653141 5
1307653201 5
1307653261 4
1307653321 4
1307653381 5
1307653441 5
1307653502 5
1307653561 5
1307653621 5
1307653681 5
1307653741 4
1307653801 6
1307653861 6
1307653921 6
1307653981 4
1307654041 6
1307654101 7
1307654161 7
1307654222 6
1307654281 7
1307654341 6
1307654401 4
1307654461 6
1307654521 6
1307654581 6
1307654641 5
1307654701 6
1307654761 6
1307654821 6
1307654881 5
1307654942 6
1307655001 6
1307655061 4
1307655121 6
1307655181 6
1307655241 7
1307655301 6
1307655361 6
1307655421 7
1307655481 7
1307655541 6
1307655601 7
1307655661 7
1307655721 5
1307655781 7
1307655841 6
1307655901 6
1307655961 5
1307656021 6
1307656081 6
1307656141 6
1307656201 5
1307656261 6
1307656322 6
1307656381 4
1307656441 5
1307656501 6
1307656561 6
1307656621 5
1307656681 5
1307656741 6
1307656801 7
1307656861 6
1307656921 7
1307656981 7
1307657041 5
1307657101 6
1307657162 7
1307657221 7
1307657281 6
1307657341 7
1307657401 6
1307657461 6
1307657521 5
1307657581 6
1307657641 6
1307657701 4
1307657761 5
1307657822 7
1307657882 7
1307657941 7
1307658001 6
1307658061 7
1307658121 7
1307658181 6
1307658241 7
1307658301 7
1307658361 6
1307658421 7
1307658481 7
1307658541 6
1307658601 7
1307658661 6
1307658722 7
1307658781 7
1307658841 6
1307658901 7
1307658961 6
1307659021 5
1307659081 7
1307659141 7
1307659201 6
1307659261 7
1307659321 6
1307659381 8
1307659441 8
1307659502 7
1307659561 8
1307659621 6
1307659681 6
1307659741 8
1307659801 8
1307659861 7
1307659921 8
1307659981 6
1307660041 8
1307660101 8
1307660162 7
1307660221 8
1307660281 7
1307660341 5
1307660401 6
1307660461 6
1307660521 6
1307660581 8
1307660641 7
1307660701 8
1307660761 8
1307660821 7
1307660881 7
1307660942 6
1307661001 6
1307661061 7
1307661121 7
1307661181 5
1307661241 7
1307661301 6
1307661361 7
1307661421 7
1307661481 7
1307661541 7
1307661601 7
1307661662 7
1307661721 6
1307661781 7
1307661841 4
1307661901 8
1307661961 7
1307662021 8
1307662081 8
1307662141 8
1307662201 8
1307662261 8
1307662322 10
1307662381 12
1307662441 12
1307662501 10
1307662561 14
1307662621 13
1307662681 13
1307662741 14
1307662801 14
1307662861 15
1307662921 14
1307662982 12
1307663041 15
1307663101 15
1307663161 13
1307663221 17
1307663281 17
1307663341 17
1307663401 16
1307663461 18
1307663521 20
1307663581 19
1307663642 18
1307663701 20
1307663761 18
1307663821 18
1307663881 23
1307663941 23
1307664001 25
1307664061 23
1307664121 24
1307664181 25
1307664241 24
1307664301 23
1307664362 26
1307664421 23
1307664481 20
1307664541 24
1307664601 24
1307664661 24
1307664721 24
1307664781 24
1307664841 25
1307664901 25
1307664961 23
1307665022 25
1307665082 25
1307665141 23
1307665201 26
1307665261 26
1307665321 25
1307665381 25
1307665441 26
1307665501 28
1307665561 26
1307665621 28
1307665681 29
1307665742 27
1307665802 27
1307665861 29
1307665921 30
1307665981 31
1307666041 29
1307666101 30
1307666161 30
1307666221 29
1307666281 28
1307666341 28
1307666401 26
1307666462 29
1307666522 33
1307666581 35
1307666641 35
1307666701 33
1307666761 37
1307666821 39
1307666881 39
1307666941 39
1307667001 40
1307667061 39
1307667121 38
1307667182 33
1307667241 34
1307667301 34
1307667361 34
1307667421 37
1307667481 37
1307667541 38
1307667601 37
1307667661 36
1307667721 34
1307667781 34
1307667842 38
1307667902 38
1307667961 37
1307668021 38
1307668081 39
1307668141 39
1307668201 38
1307668261 40
1307668321 41
1307668381 39
1307668441 37
1307668501 38
1307668562 39
1307668621 38
1307668681 39
1307668741 39
1307668801 40
1307668861 38
1307668921 36
1307668981 37
1307669041 36
1307669101 36
1307669162 34
1307669221 32
1307669281 32
1307669341 33
1307669401 35
1307669461 35
1307669521 37
1307669581 38
1307669641 41
1307669701 41
1307669761 41
1307669821 41
1307669882 43
1307669941 45
1307670001 48
1307670061 49
1307670121 47
1307670181 48
1307670241 48
1307670301 50
1307670361 51
1307670421 51
1307670481 51
1307670542 50
1307670601 49
1307670661 51
1307670721 53
1307670781 51
1307670841 52
1307670901 52
1307670961 52
1307671021 49
1307671081 51
1307671141 48
1307671202 54
1307671261 53
1307671321 53
1307671381 52
1307671441 51
1307671501 49
1307671561 46
1307671621 50
1307671681 47
1307671741 51
1307671802 49
1307671861 49
1307671921 49
1307671981 51
1307672041 50
1307672101 53
1307672161 54
1307672221 52
1307672281 53
1307672341 51
1307672401 49
1307672461 50
1307672522 54
1307672581 52
1307672641 51
1307672701 50
1307672761 50
1307672821 51
1307672881 51
1307672941 52
1307673001 50
1307673061 50
1307673121 50
1307673182 50
1307673241 49
1307673301 49
1307673361 50
1307673421 48
1307673481 46
1307673541 49
1307673601 48
1307673661 48
1307673721 47
1307673781 48
1307673841 49
1307673902 47
1307673961 50
1307674021 50
1307674081 49
1307674141 52
1307674201 52
1307674261 51
1307674321 51
1307674381 54
1307674441 58
1307674501 55
1307674561 51
1307674622 52
1307674681 52
1307674741 47
1307674801 49
1307674861 46
1307674921 47
1307674981 47
1307675041 46
1307675101 46
1307675161 48
1307675221 47
1307675282 47
1307675341 47
1307675401 46
1307675461 46
1307675521 43
1307675581 46
1307675641 46
1307675701 47
1307675761 49
1307675821 48
1307675881 48
1307675941 51
1307676002 50
1307676061 50
1307676121 48
1307676181 50
1307676241 50
1307676301 50
1307676361 47
1307676421 47
1307676481 48
1307676541 44
1307676601 47
1307676661 48
1307676722 46
1307676781 47
1307676841 49
1307676901 51
1307676961 51
1307677021 51
1307677081 49
1307677141 49
1307677201 50
1307677261 49
1307677321 49
1307677382 49
1307677441 50
1307677501 48
1307677561 48
1307677621 48
1307677681 47
1307677741 47
1307677801 47
1307677861 47
1307677921 48
1307677981 45
1307678042 47
1307678101 49
1307678161 49
1307678221 50
1307678281 51
1307678341 50
1307678401 49
1307678461 50
1307678521 51
1307678581 47
1307678641 44
1307678702 48
1307678761 45
1307678821 46
1307678881 45
1307678941 44
1307679001 46
1307679061 45
1307679121 42
1307679181 44
1307679241 43
1307679301 41
1307679362 42
1307679421 41
1307679481 42
1307679541 41
1307679601 42
1307679661 41
1307679721 42
1307679781 42
1307679841 41
1307679901 39
1307679961 41
1307680021 41
1307680081 41
1307680142 40
1307680201 41
1307680261 40
1307680321 39
1307680381 41
1307680441 39
1307680501 41
1307680561 40
1307680621 42
1307680681 41
1307680741 41
1307680802 40
1307680861 43
1307680921 42
1307680981 41
1307681041 41
1307681101 39
1307681161 42
1307681221 41
1307681281 43
1307681341 42
1307681401 43
1307681461 42
1307681522 43
1307681581 43
1307681641 44
1307681701 43
1307681761 43
1307681821 41
1307681881 43
1307681941 44
1307682001 42
1307682061 44
1307682121 45
1307682181 45
1307682242 47
1307682301 47
1307682361 48
1307682421 47
1307682481 47
1307682541 46
1307682601 47
1307682661 47
1307682721 46
1307682781 45
1307682841 48
1307682901 49
1307682961 50
1307683022 51
1307683081 53
1307683141 52
1307683201 50
1307683261 50
1307683321 50
1307683381 48
1307683441 47
1307683501 50
1307683561 47
1307683621 49
1307683681 48
1307683741 51
1307683801 47
1307683861 51
1307683921 51
1307683981 52
1307684041 51
1307684101 53
1307684161 51
1307684221 50
1307684281 51
1307684341 53
1307684402 54
1307684461 52
1307684521 54
1307684581 55
1307684641 53
1307684701 50
1307684761 52
1307684821 54
1307684881 52
1307684941 53
1307685002 54
1307685061 53
1307685121 51
1307685181 54
1307685241 53
1307685301 57
1307685361 56
1307685421 53
1307685481 55
1307685541 55
1307685601 54
1307685661 55
1307685721 56
1307685781 54
1307685841 53
1307685901 53
1307685961 54
1307686021 54
1307686081 54
1307686141 52
1307686201 53
1307686261 51
1307686321 53
1307686382 53
1307686441 54
1307686501 51
1307686561 51
1307686621 52
1307686681 55
1307686741 57
1307686801 58
1307686861 56
1307686921 59
1307686981 60
1307687042 63
1307687101 61
1307687161 61
1307687221 60
1307687281 58
1307687341 55
1307687401 55
1307687461 56
1307687521 51
1307687581 52
1307687642 51
1307687702 53
1307687761 55
1307687821 56
1307687881 57
1307687941 55
1307688001 56
1307688061 55
1307688121 54
1307688181 52
1307688241 53
1307688301 49
1307688362 51
1307688421 50
1307688481 51
1307688541 51
1307688601 49
1307688661 50
1307688721 53
1307688781 52
1307688841 52
1307688901 53
1307688961 52
1307689021 52
1307689081 51
1307689141 52
1307689201 56
1307689261 57
1307689321 54
1307689381 54
1307689441 55
1307689501 56
1307689561 54
1307689622 56
1307689681 55
1307689741 54
1307689801 51
1307689861 56
1307689921 54
1307689981 55
1307690041 55
1307690101 52
1307690161 56
1307690221 53
1307690282 54
1307690341 53
1307690401 51
1307690461 50
1307690521 54
1307690581 51
1307690641 51
1307690701 51
1307690761 48
1307690821 51
1307690881 52
1307690942 51
1307691001 52
1307691061 51
1307691121 50
1307691181 51
1307691241 51
1307691301 52
1307691361 47
1307691421 48
1307691481 50
1307691541 51
1307691602 50
1307691661 49
1307691721 53
1307691781 52
1307691841 51
1307691901 52
1307691961 52
1307692021 50
1307692081 51
1307692141 51
1307692201 49
1307692262 49
1307692321 48
1307692381 49
1307692441 48
1307692501 46
1307692561 47
1307692621 47
1307692681 46
1307692741 44
1307692801 43
1307692861 42
1307692921 39
1307692982 38
1307693041 40
1307693101 40
1307693161 41
1307693221 38
1307693281 36
1307693341 37
1307693401 37
1307693461 37
1307693521 37
1307693581 36
1307693641 36
1307693702 36
1307693761 35
1307693821 37
1307693881 35
1307693941 38
1307694001 36
1307694061 37
1307694121 37
1307694181 39
1307694241 37
1307694301 37
1307694362 37
1307694421 36
1307694481 34
1307694541 34
1307694601 34
1307694661 33
1307694721 35
1307694781 34
1307694841 33
1307694901 34
1307694961 37
1307695021 36
1307695081 34
1307695142 34
1307695201 35
1307695261 33
1307695321 31
1307695381 35
1307695441 34
1307695501 32
1307695561 28
1307695621 32
1307695681 31
1307695741 29
1307695802 27
1307695861 30
1307695921 27
1307695981 26
1307696041 28
1307696101 27
1307696161 27
1307696221 27
1307696281 28
1307696341 28
1307696401 30
1307696461 31
1307696522 33
1307696581 30
1307696641 30
1307696701 30
1307696761 30
1307696821 29
1307696881 30
1307696941 29
1307697001 28
1307697061 25
1307697121 26
1307697181 27
1307697242 27
1307697301 26
1307697361 26
1307697421 26
1307697481 28
1307697541 29
1307697601 26
1307697661 26
1307697721 26
1307697781 24
1307697841 26
1307697901 26
1307697962 25
1307698021 23
1307698081 23
1307698141 25
1307698201 25
1307698261 24
1307698321 22
1307698381 23
1307698441 22
1307698501 22
1307698561 22
1307698622 22
1307698681 22
1307698741 21
1307698801 22
1307698861 20
1307698921 21
1307698981 22
1307699041 17
1307699101 18
1307699161 18
1307699221 17
1307699281 14
1307699342 16
1307699401 16
1307699461 18
1307699521 17
1307699581 17
1307699641 18
1307699701 16
1307699761 17
1307699821 17
1307699881 18
1307699941 16
1307700001 17
1307700062 16
1307700121 15
1307700181 13
1307700241 13
1307700301 14
1307700361 12
1307700421 14
1307700481 13
1307700541 15
1307700601 12
1307700661 13
1307700721 14
1307700781 15
1307700842 14
1307700901 14
1307700961 14
1307701021 12
1307701081 12
1307701141 9
1307701201 12
1307701261 11
1307701321 11
1307701381 10
1307701441 11
1307701501 10
1307701561 11
1307701622 10
1307701681 10
1307701741 10
1307701801 8
1307701861 11
1307701921 10
1307701981 10
1307702041 10
1307702101 11
1307702161 10
1307702221 11
1307702281 11
1307702342 12
1307702401 11
1307702461 10
1307702521 12
1307702581 12
1307702641 10
1307702701 11
1307702761 12
1307702821 11
1307702881 12
1307702941 10
1307703001 13
1307703062 11
1307703121 12
1307703181 14
1307703241 14
1307703301 12
1307703361 14
1307703421 14
1307703481 13
1307703541 13
1307703601 10
1307703661 12
1307703722 12
1307703782 12
1307703841 13
1307703901 13
1307703961 13
1307704021 14
1307704081 14
1307704141 13
1307704201 14
1307704261 11
1307704321 11
1307704381 11
1307704442 12
1307704501 13
1307704561 13
1307704621 12
1307704681 12
1307704741 13
1307704801 12
1307704861 13
1307704921 12
1307704981 11
1307705041 12
1307705102 12
1307705162 12
1307705221 13
1307705281 14
1307705341 13
1307705401 13
1307705461 12
1307705521 12
1307705581 11
1307705641 11
1307705701 9
1307705761 10
1307705822 10
1307705881 9
1307705941 10
1307706001 10
1307706061 10
1307706121 10
1307706181 9
1307706241 9
1307706301 9
1307706361 10
1307706421 10
1307706481 10
1307706541 9
1307706602 9
1307706661 10
1307706721 10
1307706781 10
1307706841 10
1307706901 10
1307706961 7
1307707021 8
1307707081 9
1307707141 10
1307707201 10
1307707262 10
1307707321 10
1307707381 11
1307707441 10
1307707501 11
1307707561 11
1307707621 10
1307707681 10
1307707741 11
1307707801 12
1307707861 13
1307707922 13
1307707981 14
1307708041 14
1307708101 13
1307708161 16
1307708221 15
1307708281 15
1307708341 14
1307708401 15
1307708461 14
1307708521 15
1307708582 15
1307708642 15
1307708701 15
1307708761 14
1307708821 16
1307708881 15
1307708941 16
1307709001 15
1307709061 16
1307709121 16
1307709181 16
1307709241 16
1307709301 15
1307709361 15
1307709422 15
1307709481 15
1307709541 15
1307709601 17
1307709661 19
1307709721 17
1307709781 17
1307709841 17
1307709901 17
1307709962 17
1307710021 19
1307710081 21
1307710141 21
1307710201 20
1307710261 18
1307710321 20
1307710381 20
1307710441 20
1307710501 20
1307710561 18
1307710621 19
1307710682 20
1307710741 20
1307710801 20
1307710861 19
1307710921 17
1307710981 18
1307711041 19
1307711101 19
1307711161 19
1307711221 17
1307711281 16
1307711341 19
1307711402 20
1307711462 21
1307711521 21
1307711581 21
1307711641 20
1307711701 22
1307711761 21
1307711821 22
1307711881 20
1307711941 19
1307712001 21
1307712061 21
1307712122 21
1307712181 20
1307712241 20
1307712301 20
1307712361 20
1307712421 20
1307712481 20
1307712541 18
1307712601 16
1307712661 19
1307712721 19
1307712781 18
1307712841 18
1307712901 16
1307712961 18
1307713021 16
1307713081 18
1307713141 17
1307713201 17
1307713261 15
1307713321 16
1307713381 17
1307713441 18
1307713502 18
1307713561 17
1307713621 17
1307713681 16
1307713741 18
1307713801 17
1307713861 16
1307713921 15
1307713981 17
1307714041 16
1307714101 17
1307714161 17
1307714222 17
1307714281 17
1307714341 15
1307714401 15
1307714461 14
1307714521 14
1307714581 12
1307714641 14
1307714701 14
1307714761 15
1307714821 15
1307714881 15
1307714942 15
1307715001 15
1307715061 16
1307715121 15
1307715181 15
1307715241 14
1307715301 18
1307715361 18
1307715421 16
1307715481 16
1307715541 17
1307715602 17
1307715662 18
1307715721 17
1307715781 18
1307715841 17
1307715901 16
1307715961 17
1307716021 17
1307716081 17
1307716141 18
1307716201 18
1307716261 17
1307716321 18
1307716382 17
1307716441 17
1307716501 16
1307716561 15
1307716621 17
1307716681 17
1307716741 14
1307716801 14
1307716861 15
1307716921 16
1307716981 16
1307717042 18
1307717101 19
1307717161 18
1307717221 18
1307717281 18
1307717341 18
1307717401 18
1307717461 15
1307717521 15
1307717581 15
1307717641 14
1307717701 12
1307717762 12
1307717821 12
1307717881 13
1307717941 13
1307718001 12
1307718061 14
1307718121 13
1307718181 14
1307718241 14
1307718301 14
1307718361 13
1307718421 13
1307718482 13
1307718541 13
1307718601 13
1307718661 11
1307718721 12
1307718781 10
1307718841 10
1307718901 11
1307718961 10
1307719021 9
1307719081 10
1307719142 10
1307719201 11
1307719261 11
1307719321 9
1307719381 11
1307719441 10
1307719501 11
1307719561 10
1307719621 9
1307719681 9
1307719741 10
1307719801 11
1307719861 11
1307719922 11
1307719981 10
1307720041 11
1307720101 8
1307720161 10
1307720221 10
1307720281 9
1307720341 9
1307720401 9
1307720461 9
1307720521 10
1307720581 10
1307720642 10
1307720701 11
1307720761 9
1307720821 10
1307720881 10
1307720941 9
1307721001 10
1307721061 9
1307721121 8
1307721181 9
1307721241 8
1307721301 9
1307721362 9
1307721421 8
1307721481 9
1307721541 8
1307721601 7
