1316016061 53
1316016121 52
1316016181 51
1316016241 48
1316016301 46
1316016362 43
1316016422 40
1316016481 40
1316016541 41
1316016601 39
1316016661 39
1316016721 38
1316016781 40
1316016841 42
1316016901 41
1316016962 39
1316017022 40
1316017081 37
1316017141 39
1316017201 35
1316017261 36
1316017321 32
1316017381 31
1316017441 30
1316017501 31
1316017561 33
1316017622 33
1316017681 33
1316017741 30
1316017801 32
1316017861 29
1316017921 30
1316017981 30
1316018041 30
1316018101 30
1316018162 30
1316018221 30
1316018281 28
1316018341 28
1316018401 27
1316018461 28
1316018521 28
1316018581 26
1316018641 28
1316018701 29
1316018762 27
1316018821 29
1316018881 28
1316018941 27
1316019001 25
1316019061 27
1316019121 27
1316019181 28
1316019241 26
1316019301 27
1316019362 27
1316019421 27
1316019481 26
1316019541 26
1316019601 25
1316019661 24
1316019721 23
1316019781 25
1316019841 23
1316019901 24
1316019962 24
1316020021 23
1316020081 24
1316020141 24
1316020202 24
1316020262 23
1316020322 22
1316020381 20
1316020441 22
1316020501 19
1316020561 22
1316020621 22
1316020681 22
1316020741 24
1316020801 24
1316020861 25
1316020921 24
1316020981 23
1316021041 23
1316021101 23
1316021162 21
1316021222 23
1316021281 24
1316021341 22
1316021401 23
1316021461 22
1316021521 22
1316021581 21
1316021641 20
1316021701 21
1316021762 22
1316021822 22
1316021881 23
1316021941 24
1316022001 23
1316022061 24
1316022121 24
1316022181 24
1316022241 22
1316022302 21
1316022362 23
1316022421 21
1316022481 19
1316022541 19
1316022601 22
1316022661 21
1316022721 22
1316022781 22
1316022841 22
1316022901 21
1316022962 16
1316023021 20
1316023081 18
1316023141 20
1316023201 18
1316023261 18
1316023321 18
1316023381 16
1316023441 20
1316023501 19
1316023561 20
1316023621 19
1316023682 20
1316023742 20
1316023801 19
1316023861 19
1316023921 19
1316023981 19
1316024041 19
1316024101 19
1316024161 18
1316024222 19
1316024281 18
1316024341 19
1316024401 19
1316024461 17
1316024521 19
1316024581 19
1316024641 18
1316024702 19
1316024762 19
1316024821 19
1316024881 19
1316024941 18
1316025001 19
1316025061 19
1316025121 17
1316025181 19
1316025241 18
1316025302 19
1316025362 18
1316025421 19
1316025481 19
1316025541 18
1316025601 19
1316025661 20
1316025721 20
1316025781 18
1316025842 19
1316025901 19
1316025961 20
1316026021 18
1316026081 19
1316026141 19
1316026201 17
1316026261 17
1316026322 18
1316026381 18
1316026441 17
1316026501 16
1316026561 17
1316026621 16
1316026681 16
1316026741 17
1316026801 18
1316026862 18
1316026921 18
1316026981 18
1316027041 18
1316027101 18
1316027161 17
1316027222 16
1316027281 18
1316027341 16
1316027401 15
1316027461 18
1316027521 17
1316027582 19
1316027641 19
1316027701 18
1316027761 19
1316027821 19
1316027881 17
1316027941 19
1316028001 17
1316028062 16
1316028121 18
1316028181 16
1316028241 17
1316028301 16
1316028361 16
1316028421 15
1316028481 16
1316028541 15
1316028601 17
1316028662 16
1316028721 15
1316028781 17
1316028841 16
1316028901 17
1316028961 17
1316029021 16
1316029081 15
1316029141 16
1316029202 18
1316029261 18
1316029321 18
1316029381 18
1316029441 18
1316029501 18
1316029561 18
1316029621 19
1316029681 17
1316029742 18
1316029801 17
1316029861 19
1316029921 21
1316029981 21
1316030041 21
1316030101 22
1316030161 21
1316030221 21
1316030282 22
1316030341 19
1316030401 21
1316030461 18
1316030521 17
1316030581 18
1316030641 18
1316030701 18
1316030762 18
1316030821 18
1316030881 17
1316030941 19
1316031001 16
1316031061 18
1316031121 18
1316031181 16
1316031241 18
1316031302 18
1316031361 16
1316031421 18
1316031481 17
1316031541 17
1316031601 18
1316031661 15
1316031721 14
1316031781 17
1316031841 15
1316031902 16
1316031961 17
1316032021 16
1316032081 17
1316032141 17
1316032201 17
1316032261 16
1316032321 15
1316032382 15
1316032442 17
1316032501 16
1316032561 16
1316032621 17
1316032681 17
1316032741 17
1316032801 17
1316032861 17
1316032922 16
1316032981 15
1316033041 15
1316033101 17
1316033161 16
1316033221 16
1316033281 17
1316033341 16
1316033402 17
1316033462 17
1316033521 16
1316033581 16
1316033641 16
1316033701 15
1316033761 17
1316033821 15
1316033881 16
1316033941 17
1316034001 17
1316034062 17
1316034121 17
1316034181 15
1316034241 15
1316034301 15
1316034361 16
1316034421 17
1316034481 16
1316034541 17
1316034602 16
1316034661 16
1316034721 18
1316034781 18
1316034841 17
1316034901 15
1316034961 15
1316035021 17
1316035081 17
1316035142 17
1316035201 18
1316035261 18
1316035321 18
1316035381 18
1316035441 18
1316035501 18
1316035561 17
1316035621 17
1316035682 17
1316035741 18
1316035801 18
1316035861 19
1316035921 18
1316035981 18
1316036041 17
1316036101 17
1316036161 19
1316036222 19
1316036282 19
1316036341 19
1316036401 19
1316036461 20
1316036521 20
1316036581 20
1316036641 21
1316036701 20
1316036762 19
1316036822 18
1316036881 19
1316036941 21
1316037001 20
1316037061 20
1316037121 21
1316037181 21
1316037241 20
1316037301 19
1316037362 19
1316037421 18
1316037481 18
1316037541 19
1316037601 20
1316037662 17
1316037721 19
1316037781 19
1316037841 20
1316037901 20
1316037961 20
1316038021 19
1316038081 18
1316038141 18
1316038202 18
1316038261 19
1316038321 17
1316038381 19
1316038441 18
1316038501 19
1316038561 20
1316038621 19
1316038681 18
1316038742 19
1316038801 18
1316038861 20
1316038921 21
1316038981 20
1316039041 22
1316039101 23
1316039161 22
1316039221 22
1316039282 23
1316039341 21
1316039401 22
1316039461 20
1316039521 21
1316039581 20
1316039641 20
1316039701 21
1316039762 21
1316039822 22
1316039881 21
1316039941 20
1316040001 20
1316040061 20
1316040121 22
1316040181 23
1316040242 22
1316040301 22
1316040361 22
1316040421 21
1316040481 22
1316040541 23
1316040601 21
1316040661 21
1316040722 20
1316040782 22
1316040841 23
1316040901 23
1316040961 23
1316041021 24
1316041081 22
1316041141 21
1316041202 22
1316041262 22
1316041321 19
1316041381 21
1316041441 23
1316041501 22
1316041561 23
1316041621 22
1316041681 23
1316041742 24
1316041802 24
1316041861 24
1316041921 23
1316041981 20
1316042041 23
1316042101 24
1316042161 24
1316042222 24
1316042282 24
1316042341 24
1316042401 24
1316042461 25
1316042521 26
1316042581 26
1316042641 25
1316042701 25
1316042762 27
1316042821 27
1316042881 27
1316042941 25
1316043001 28
1316043061 28
1316043121 29
1316043181 30
1316043241 29
1316043302 33
1316043361 34
1316043421 37
1316043481 40
1316043541 43
1316043601 43
1316043661 46
1316043721 48
1316043782 49
1316043842 52
1316043901 50
1316043961 59
1316044021 58
1316044081 59
1316044141 63
1316044201 63
1316044261 60
1316044322 65
1316044382 65
1316044441 66
1316044501 67
1316044561 65
1316044621 69
1316044681 70
1316044741 69
1316044802 72
1316044862 72
1316044921 71
1316044981 75
1316045041 78
1316045101 77
1316045161 77
1316045221 80
1316045281 79
1316045341 86
1316045401 87
1316045461 87
1316045522 88
1316045581 86
1316045641 88
1316045701 85
1316045761 88
1316045822 87
1316045881 88
1316045941 87
1316046001 88
1316046061 89
1316046121 88
1316046181 91
1316046241 97
1316046302 98
1316046362 99
1316046421 101
1316046481 103
1316046541 105
1316046601 108
1316046661 109
1316046721 106
1316046781 108
1316046841 101
1316046902 106
1316046961 108
1316047021 110
1316047081 113
1316047141 110
1316047201 106
1316047261 112
1316047322 112
1316047381 112
1316047441 115
1316047501 119
1316047561 117
1316047621 119
1316047681 121
1316047741 119
1316047801 121
1316047861 120
1316047922 124
1316047981 124
1316048041 121
1316048101 119
1316048161 121
1316048221 117
1316048281 126
1316048341 129
1316048401 133
1316048462 136
1316048521 136
1316048581 139
1316048641 137
1316048701 140
1316048761 140
1316048821 144
1316048881 141
1316048941 143
1316049002 145
1316049061 141
1316049121 141
1316049181 141
1316049241 141
1316049302 141
1316049361 147
1316049421 145
1316049481 142
1316049541 148
1316049601 153
1316049661 156
1316049721 153
1316049781 157
1316049841 155
1316049902 156
1316049961 153
1316050021 152
1316050082 151
1316050142 151
1316050201 149
1316050261 155
1316050321 161
1316050381 159
1316050441 163
1316050501 162
1316050561 162
1316050622 167
1316050681 166
1316050741 164
1316050801 165
1316050861 165
1316050921 165
1316050981 163
1316051042 163
1316051102 165
1316051161 172
1316051221 174
1316051281 172
1316051342 174
1316051401 170
1316051461 177
1316051521 178
1316051581 184
1316051641 182
1316051701 185
1316051761 183
1316051821 186
1316051882 190
1316051941 193
1316052001 194
1316052061 191
1316052121 194
1316052181 197
1316052241 195
1316052302 193
1316052362 189
1316052421 185
1316052481 187
1316052541 189
1316052601 193
1316052661 187
1316052721 186
1316052781 185
1316052841 187
1316052902 186
1316052963 192
1316053021 198
1316053081 200
1316053141 201
1316053201 195
1316053261 198
1316053321 202
1316053381 205
1316053441 204
1316053501 205
1316053561 205
1316053621 198
1316053681 200
1316053741 202
1316053801 210
1316053861 210
1316053921 212
1316053982 216
1316054041 223
1316054101 226
1316054161 226
1316054221 229
1316054281 230
1316054341 232
1316054401 234
1316054462 235
1316054522 233
1316054581 236
1316054641 238
1316054701 240
1316054761 245
1316054821 242
1316054881 241
1316054941 236
1316055002 237
1316055062 244
1316055121 242
1316055181 238
1316055241 239
1316055301 241
1316055361 241
1316055421 248
1316055481 248
1316055542 248
1316055601 247
1316055661 247
1316055721 245
1316055781 249
1316055841 251
1316055901 253
1316055961 255
1316056021 251
1316056081 253
1316056141 261
1316056202 259
1316056261 266
1316056321 266
1316056381 263
1316056441 260
1316056501 257
1316056561 258
1316056621 260
1316056681 260
1316056742 255
1316056801 250
1316056861 251
1316056921 250
1316056981 245
1316057041 246
1316057101 246
1316057161 238
1316057221 244
1316057281 235
1316057341 240
1316057401 240
1316057465 239
1316057522 231
1316057581 232
1316057641 229
1316057701 231
1316057761 239
1316057822 225
1316057881 240
1316057942 231
1316058001 240
1316058062 229
1316058129 236
1316058182 245
1316058241 243
1316058301 241
1316058365 239
1316058421 237
1316058481 237
1316058541 245
1316058601 232
1316058661 239
1316058723 235
1316058781 240
1316058841 244
1316058901 246
1316058961 246
1316059021 249
1316059082 241
1316059142 243
1316059201 243
1316059261 237
1316059322 236
1316059381 232
1316059441 231
1316059501 225
1316059562 226
1316059621 220
1316059681 216
1316059741 210
1316059801 216
1316059861 216
1316059921 213
1316059981 214
1316060042 216
1316060101 223
1316060161 221
1316060221 223
1316060281 221
1316060342 218
1316060401 219
1316060461 217
1316060521 215
1316060581 215
1316060641 209
1316060701 207
1316060761 208
1316060821 204
1316060881 207
1316060941 212
1316061002 209
1316061061 212
1316061121 212
1316061181 212
1316061241 220
1316061301 215
1316061361 223
1316061421 224
1316061482 220
1316061541 221
1316061601 219
1316061661 217
1316061721 218
1316061781 216
1316061841 222
1316061901 223
1316061961 220
1316062022 220
1316062081 220
1316062141 222
1316062201 222
1316062261 221
1316062321 223
1316062381 220
1316062442 215
1316062502 215
1316062561 210
1316062621 217
1316062681 219
1316062741 213
1316062802 223
1316062861 225
1316062921 221
1316062981 225
1316063041 227
1316063101 223
1316063162 223
1316063221 226
1316063281 231
1316063341 231
1316063401 234
1316063461 231
1316063521 229
1316063581 226
1316063641 222
1316063701 224
1316063761 223
1316063821 216
1316063881 218
1316063941 213
1316064001 211
1316064061 225
1316064122 226
1316064181 230
1316064241 234
1316064301 234
1316064361 233
1316064421 234
1316064481 233
1316064541 237
1316064601 235
1316064661 232
1316064721 230
1316064782 230
1316064841 232
1316064901 239
1316064961 244
1316065021 240
1316065081 243
1316065141 244
1316065201 243
1316065261 246
1316065322 249
1316065382 242
1316065441 244
1316065501 245
1316065561 250
1316065621 251
1316065681 249
1316065749 255
1316065803 246
1316065861 254
1316065921 255
1316065982 261
1316066042 254
1316066101 259
1316066166 264
1316066221 266
1316066281 269
1316066341 279
1316066401 282
1316066461 275
1316066521 279
1316066581 283
1316066641 278
1316066702 278
1316066765 273
1316066821 269
1316066881 277
1316066941 272
1316067001 280
1316067064 283
1316067121 292
1316067181 289
1316067241 294
1316067301 289
1316067361 303
1316067421 317
1316067481 312
1316067541 320
1316067601 316
1316067662 313
1316067722 319
1316067781 319
1316067841 315
1316067901 315
1316067962 312
1316068022 303
1316068081 293
1316068141 294
1316068201 283
1316068261 281
1316068321 276
1316068381 273
1316068441 279
1316068502 274
1316068561 272
1316068621 264
1316068681 278
1316068744 283
1316068801 288
1316068861 280
1316068921 277
1316068981 285
1316069045 285
1316069103 284
1316069162 283
1316069221 280
1316069281 275
1316069341 273
1316069401 277
1316069461 278
1316069521 278
1316069581 281
1316069641 292
1316069702 292
1316069761 283
1316069821 293
1316069881 291
1316069941 292
1316070001 294
1316070061 298
1316070121 299
1316070181 293
1316070242 293
1316070302 294
1316070361 292
1316070421 290
1316070481 292
1316070541 292
1316070601 290
1316070661 285
1316070721 286
1316070781 282
1316070841 274
1316070901 274
1316070961 272
1316071021 273
1316071081 270
1316071141 274
1316071201 272
1316071261 277
1316071322 273
1316071381 282
1316071441 281
1316071501 282
1316071561 293
1316071621 288
1316071681 284
1316071742 281
1316071802 281
1316071861 278
1316071921 272
1316071981 271
1316072041 274
1316072101 271
1316072162 273
1316072222 273
1316072281 278
1316072344 267
1316072401 268
1316072461 275
1316072521 275
1316072581 266
1316072641 260
1316072702 266
1316072761 262
1316072821 260
1316072881 260
1316072941 273
1316073001 261
1316073061 257
1316073121 260
1316073181 263
1316073242 260
1316073301 258
1316073361 251
1316073421 251
1316073481 245
1316073541 247
1316073601 245
1316073661 244
1316073721 242
1316073782 235
1316073842 234
1316073901 227
1316073961 229
1316074021 225
1316074081 224
1316074141 219
1316074201 215
1316074261 213
1316074321 212
1316074382 217
1316074441 210
1316074501 210
1316074561 206
1316074621 209
1316074681 210
1316074741 211
1316074801 209
1316074861 201
1316074921 202
1316074982 198
1316075047 202
1316075101 198
1316075161 194
1316075221 187
1316075282 184
1316075341 188
1316075401 187
1316075461 184
1316075521 182
1316075581 180
1316075641 183
1316075701 182
1316075761 182
1316075821 175
1316075882 172
1316075941 162
1316076001 161
1316076061 160
1316076121 156
1316076181 158
1316076241 155
1316076301 158
1316076361 157
1316076421 156
1316076481 155
1316076541 155
1316076602 152
1316076661 147
1316076721 144
1316076781 145
1316076841 143
1316076901 142
1316076961 142
1316077022 146
1316077081 147
1316077141 143
1316077201 142
1316077261 143
1316077321 144
1316077381 143
1316077441 138
1316077502 137
1316077561 135
1316077621 133
1316077681 131
1316077741 131
1316077801 126
1316077862 127
1316077921 121
1316077981 120
1316078041 119
1316078101 117
1316078161 115
1316078222 113
1316078281 112
1316078341 110
1316078401 110
1316078461 104
1316078522 104
1316078582 104
1316078641 102
1316078701 98
1316078761 102
1316078821 102
1316078881 99
1316078941 100
1316079001 99
1316079061 103
1316079121 103
1316079181 101
1316079241 102
1316079301 100
1316079362 103
1316079421 101
1316079481 104
1316079541 105
1316079601 99
1316079661 98
1316079721 91
1316079781 93
1316079841 95
1316079901 92
1316079962 89
1316080022 90
1316080081 87
1316080141 87
1316080201 87
1316080261 88
1316080321 89
1316080381 89
1316080441 85
1316080501 83
1316080561 85
1316080622 82
1316080681 85
1316080741 83
1316080801 83
1316080861 81
1316080921 79
1316080981 79
1316081042 81
1316081101 83
1316081161 81
1316081221 82
1316081281 83
1316081341 84
1316081401 84
1316081461 85
1316081521 88
1316081581 83
1316081642 81
1316081702 81
1316081761 79
1316081821 80
1316081881 80
1316081941 81
1316082001 79
1316082061 78
1316082121 81
1316082181 78
1316082241 79
1316082302 77
1316082361 78
1316082421 77
1316082481 77
1316082541 78
1316082601 78
1316082661 77
1316082721 74
1316082781 75
1316082841 75
1316082902 75
1316082961 75
1316083021 75
1316083081 77
1316083141 75
1316083201 77
1316083261 78
1316083321 80
1316083381 78
1316083441 75
1316083502 77
1316083561 76
1316083621 81
1316083681 80
1316083741 82
1316083801 79
1316083861 79
1316083921 79
1316083981 79
1316084041 78
1316084101 83
1316084162 79
1316084222 78
1316084281 81
1316084341 80
1316084401 83
1316084461 84
1316084521 84
1316084581 85
1316084641 83
1316084701 81
1316084762 81
1316084821 84
1316084881 85
1316084941 83
1316085001 84
1316085061 85
1316085121 85
1316085181 89
1316085241 89
1316085302 87
1316085362 85
1316085422 83
1316085481 88
1316085541 88
1316085601 90
1316085661 92
1316085721 90
1316085781 90
1316085841 90
1316085901 91
1316085961 96
1316086021 89
1316086082 91
1316086141 89
1316086201 89
1316086261 89
1316086321 90
1316086381 90
1316086441 93
1316086501 94
1316086561 93
1316086622 94
1316086682 95
1316086742 96
1316086801 97
1316086861 97
1316086921 96
1316086981 101
1316087041 101
1316087101 100
1316087161 102
1316087221 101
1316087282 96
1316087341 96
1316087401 94
1316087461 98
1316087521 97
1316087581 96
1316087641 96
1316087701 100
1316087761 99
1316087821 101
1316087881 96
1316087942 98
1316088001 97
1316088061 97
1316088121 102
1316088181 98
1316088241 98
1316088301 97
1316088361 97
1316088422 98
1316088481 98
1316088541 98
1316088601 105
1316088661 105
1316088721 101
1316088781 102
1316088841 109
1316088901 107
1316088961 105
1316089022 108
1316089082 107
1316089141 106
1316089201 102
1316089261 104
1316089321 105
1316089381 103
1316089441 104
1316089501 108
1316089562 107
1316089622 111
1316089681 110
1316089741 107
1316089801 109
1316089861 106
1316089921 107
1316089981 109
1316090041 107
1316090101 106
1316090162 108
1316090222 107
1316090281 107
1316090341 107
1316090401 105
1316090461 106
1316090521 102
1316090581 101
1316090641 103
1316090701 105
1316090761 102
1316090822 105
1316090881 103
1316090941 101
1316091001 103
1316091061 102
1316091121 105
1316091181 104
1316091241 101
1316091301 103
1316091362 104
1316091422 102
1316091481 102
1316091541 103
1316091601 103
1316091661 102
1316091721 98
1316091781 101
1316091841 99
1316091901 96
1316091961 101
1316092022 98
1316092082 98
1316092141 95
1316092201 92
1316092261 93
1316092321 93
1316092381 96
1316092441 97
1316092501 97
1316092562 96
1316092622 95
1316092681 101
1316092741 103
1316092801 102
1316092861 103
1316092921 105
1316092981 103
1316093041 98
1316093101 98
1316093161 95
1316093221 94
1316093282 92
1316093341 86
1316093401 89
1316093461 83
1316093521 86
1316093581 82
1316093641 83
1316093701 83
1316093761 84
1316093821 84
1316093881 82
1316093942 85
1316094001 81
1316094061 79
1316094121 81
1316094181 83
1316094241 82
1316094302 81
1316094361 83
1316094421 82
1316094481 86
1316094541 84
1316094601 85
1316094661 88
1316094721 86
1316094781 87
1316094841 83
1316094902 85
1316094962 90
1316095021 91
1316095081 88
1316095141 94
1316095201 92
1316095261 95
1316095321 91
1316095381 92
1316095441 96
1316095501 95
1316095561 98
1316095621 101
1316095682 102
1316095741 99
1316095801 104
1316095861 101
1316095921 106
1316095981 106
1316096041 108
1316096101 108
1316096161 103
1316096222 102
1316096281 100
1316096341 103
1316096401 99
1316096461 101
1316096521 99
1316096581 99
1316096641 96
1316096701 91
1316096761 90
1316096822 89
1316096881 90
1316096941 93
1316097001 95
1316097061 93
1316097121 96
1316097181 97
1316097241 97
1316097301 98
1316097361 97
1316097422 96
1316097481 95
1316097541 94
1316097601 95
1316097661 91
1316097721 89
1316097781 88
1316097841 85
1316097901 86
1316097961 91
1316098021 95
1316098081 91
1316098141 91
1316098201 86
1316098261 87
1316098321 85
1316098381 85
1316098441 87
1316098502 85
1316098562 81
1316098621 78
1316098681 77
1316098741 71
1316098801 74
1316098861 74
1316098921 71
1316098981 70
1316099042 70
1316099101 70
1316099161 67
1316099221 67
1316099281 66
1316099341 69
1316099401 65
1316099462 68
1316099521 69
1316099581 68
1316099641 67
1316099701 67
1316099761 65
1316099821 68
1316099881 69
1316099941 68
1316100001 67
1316100061 62
1316100122 62
1316100181 62
1316100241 60
1316100301 60
1316100361 62
1316100422 63
1316100482 62
1316100541 61
1316100601 59
1316100661 60
1316100721 58
1316100781 55
1316100841 56
1316100901 53
1316100961 49
1316101021 45
1316101081 47
1316101141 47
1316101201 46
1316101261 44
1316101321 43
1316101382 44
1316101441 43
1316101501 40
1316101561 39
1316101621 40
1316101681 38
1316101741 41
1316101801 42
1316101861 43
1316101921 45
1316101981 46
1316102041 44
1316102102 45
1316102161 43
1316102221 44
1316102281 40
1316102341 42
1316102401 41
