1305043261 18
1305043321 19
1305043381 18
1305043441 17
1305043501 17
1305043561 17
1305043621 17
1305043682 18
1305043741 17
1305043801 18
1305043861 16
1305043921 16
1305043981 16
1305044041 16
1305044101 15
1305044161 15
1305044221 14
1305044281 16
1305044341 16
1305044401 13
1305044461 14
1305044521 15
1305044581 14
1305044641 14
1305044701 13
1305044761 14
1305044821 15
1305044881 14
1305044941 15
1305045001 15
1305045061 14
1305045122 14
1305045181 15
1305045241 14
1305045301 15
1305045361 13
1305045421 15
1305045481 15
1305045541 15
1305045601 14
1305045661 15
1305045721 14
1305045781 14
1305045842 15
1305045901 14
1305045961 15
1305046021 13
1305046081 13
1305046141 15
1305046201 15
1305046261 14
1305046321 13
1305046381 14
1305046441 14
1305046501 13
1305046561 14
1305046621 13
1305046681 12
1305046741 12
1305046801 14
1305046861 14
1305046921 12
1305046981 13
1305047041 14
1305047101 14
1305047161 12
1305047221 14
1305047281 13
1305047341 12
1305047401 12
1305047461 14
1305047522 14
1305047582 14
1305047641 13
1305047701 14
1305047761 14
1305047821 12
1305047881 13
1305047941 12
1305048002 11
1305048061 9
1305048121 12
1305048181 10
1305048241 12
1305048301 11
1305048361 12
1305048421 12
1305048481 11
1305048541 13
1305048601 13
1305048661 13
1305048722 10
1305048781 12
1305048841 11
1305048901 11
1305048961 10
1305049021 11
1305049081 11
1305049141 10
1305049201 11
1305049261 10
1305049321 11
1305049381 8
1305049441 10
1305049501 9
1305049561 11
1305049621 11
1305049681 11
1305049741 11
1305049801 10
1305049861 11
1305049921 10
1305049981 11
1305050041 11
1305050101 11
1305050162 9
1305050221 11
1305050281 10
1305050341 11
1305050401 11
1305050461 11
1305050521 10
1305050581 10
1305050641 9
1305050701 11
1305050761 11
1305050821 8
1305050882 11
1305050941 10
1305051001 11
1305051061 11
1305051121 11
1305051181 10
1305051241 9
1305051301 9
1305051361 10
1305051421 11
1305051481 9
1305051541 11
1305051601 10
1305051661 11
1305051721 11
1305051781 11
1305051841 10
1305051901 9
1305051961 9
1305052021 12
1305052081 12
1305052141 11
1305052201 10
1305052262 11
1305052321 12
1305052381 12
1305052441 12
1305052501 11
1305052561 10
1305052621 8
1305052681 11
1305052741 11
1305052801 10
1305052861 10
1305052922 10
1305052981 10
1305053041 11
1305053101 11
1305053161 10
1305053221 10
1305053281 10
1305053341 11
1305053401 11
1305053461 10
1305053521 10
1305053581 11
1305053641 10
1305053702 11
1305053761 11
1305053821 9
1305053881 10
1305053941 9
1305054001 11
1305054061 11
1305054121 10
1305054181 10
1305054241 11
1305054301 10
1305054361 11
1305054422 11
1305054481 9
1305054541 9
1305054601 10
1305054661 11
1305054721 11
1305054781 10
1305054841 10
1305054901 11
1305054961 10
1305055021 11
1305055082 11
1305055141 9
1305055201 8
1305055261 10
1305055321 11
1305055381 11
1305055441 10
1305055501 10
1305055561 11
1305055621 10
1305055681 10
1305055741 11
1305055802 10
1305055861 10
1305055921 9
1305055981 11
1305056041 11
1305056101 12
1305056161 11
1305056221 12
1305056281 11
1305056341 11
1305056401 11
1305056461 10
1305056522 10
1305056581 10
1305056641 12
1305056701 12
1305056761 12
1305056821 11
1305056881 12
1305056941 11
1305057001 11
1305057061 11
1305057121 11
1305057181 12
1305057242 9
1305057301 11
1305057361 12
1305057421 12
1305057481 11
1305057541 12
1305057601 11
1305057661 11
1305057721 11
1305057781 12
1305057841 12
1305057901 9
1305057962 11
1305058021 12
1305058081 12
1305058141 11
1305058201 12
1305058261 11
1305058321 11
1305058381 10
1305058441 12
1305058501 11
1305058561 10
1305058621 12
1305058682 12
1305058741 12
1305058801 11
1305058861 12
1305058921 11
1305058981 12
1305059041 10
1305059101 12
1305059161 11
1305059221 10
1305059281 11
1305059341 11
1305059401 11
1305059461 11
1305059522 11
1305059581 9
1305059641 11
1305059701 9
1305059761 10
1305059821 10
1305059881 10
1305059941 11
1305060001 11
1305060061 11
1305060121 11
1305060181 10
1305060242 9
1305060301 10
1305060361 10
1305060421 10
1305060481 10
1305060541 10
1305060601 11
1305060661 10
1305060721 11
1305060781 11
1305060841 11
1305060901 9
1305060962 10
1305061021 10
1305061081 11
1305061141 10
1305061201 10
1305061261 11
1305061321 10
1305061381 11
1305061441 11
1305061501 11
1305061561 8
1305061621 9
1305061682 9
1305061741 10
1305061801 9
1305061861 9
1305061921 10
1305061981 9
1305062041 9
1305062101 10
1305062161 10
1305062221 8
1305062281 9
1305062342 8
1305062402 10
1305062461 9
1305062521 9
1305062581 10
1305062641 9
1305062701 9
1305062761 10
1305062821 9
1305062881 8
1305062941 9
1305063001 10
1305063061 11
1305063122 11
1305063181 11
1305063241 11
1305063301 10
1305063361 11
1305063421 10
1305063481 11
1305063541 9
1305063601 9
1305063661 11
1305063721 11
1305063781 10
1305063842 11
1305063901 11
1305063961 10
1305064021 12
1305064081 10
1305064141 12
1305064201 9
1305064261 9
1305064321 10
1305064381 11
1305064441 11
1305064501 11
1305064562 11
1305064621 10
1305064681 10
1305064741 9
1305064801 10
1305064861 7
1305064921 9
1305064981 10
1305065041 10
1305065102 10
1305065161 10
1305065221 11
1305065281 11
1305065341 10
1305065401 10
1305065461 11
1305065521 9
1305065581 10
1305065641 10
1305065701 11
1305065761 11
1305065821 10
1305065881 11
1305065941 11
1305066001 11
1305066061 10
1305066121 10
1305066181 7
1305066241 9
1305066301 9
1305066361 10
1305066421 10
1305066482 8
1305066541 10
1305066601 10
1305066661 11
1305066721 10
1305066781 10
1305066841 9
1305066901 11
1305066961 9
1305067021 12
1305067081 12
1305067141 11
1305067201 12
1305067261 12
1305067321 12
1305067381 11
1305067441 12
1305067501 11
1305067561 12
1305067622 9
1305067681 11
1305067741 10
1305067801 9
1305067861 11
1305067921 11
1305067981 11
1305068041 9
1305068101 9
1305068161 9
1305068221 10
1305068281 8
1305068341 10
1305068401 9
1305068461 7
1305068521 10
1305068581 11
1305068641 11
1305068701 11
1305068761 10
1305068821 10
1305068881 11
1305068941 9
1305069001 11
1305069062 10
1305069121 9
1305069181 10
1305069241 9
1305069301 9
1305069361 10
1305069421 9
1305069481 9
1305069541 10
1305069601 8
1305069661 10
1305069721 9
1305069781 8
1305069842 10
1305069901 9
1305069961 9
1305070021 10
1305070081 9
1305070141 9
1305070201 10
1305070261 9
1305070321 11
1305070381 12
1305070441 11
1305070502 13
1305070562 12
1305070621 13
1305070681 14
1305070741 15
1305070801 14
1305070861 15
1305070921 14
1305070981 13
1305071041 13
1305071101 13
1305071161 14
1305071222 13
1305071282 13
1305071341 13
1305071401 15
1305071461 15
1305071521 14
1305071581 16
1305071641 17
1305071701 18
1305071761 18
1305071821 19
1305071881 18
1305071942 18
1305072002 16
1305072061 17
1305072121 17
1305072181 15
1305072241 16
1305072301 15
1305072361 17
1305072421 18
1305072481 20
1305072541 19
1305072601 19
1305072662 20
1305072721 21
1305072781 24
1305072841 23
1305072901 23
1305072961 23
1305073021 21
1305073081 21
1305073141 22
1305073201 23
1305073261 23
1305073322 23
1305073381 23
1305073441 24
1305073501 22
1305073561 24
1305073621 23
1305073681 22
1305073741 23
1305073801 26
1305073861 25
1305073921 25
1305073981 26
1305074041 29
1305074102 30
1305074161 29
1305074221 31
1305074281 30
1305074341 30
1305074401 28
1305074461 30
1305074521 32
1305074581 28
1305074641 26
1305074701 25
1305074761 25
1305074821 24
1305074882 27
1305074941 30
1305075001 31
1305075061 29
1305075121 30
1305075181 28
1305075241 33
1305075301 33
1305075361 31
1305075421 32
1305075481 31
1305075542 29
1305075601 29
1305075661 29
1305075721 31
1305075781 31
1305075841 28
1305075901 31
1305075961 32
1305076021 32
1305076081 32
1305076141 31
1305076202 33
1305076261 33
1305076321 31
1305076381 30
1305076441 30
1305076501 32
1305076561 33
1305076621 33
1305076681 34
1305076741 34
1305076801 30
1305076862 33
1305076921 31
1305076981 31
1305077041 32
1305077101 32
1305077161 31
1305077221 31
1305077281 29
1305077341 31
1305077401 31
1305077462 30
1305077522 29
1305077581 32
1305077641 31
1305077701 29
1305077761 29
1305077821 31
1305077881 32
1305077941 31
1305078001 30
1305078061 29
1305078121 32
1305078182 29
1305078241 31
1305078301 30
1305078361 32
1305078421 31
1305078481 31
1305078541 30
1305078601 30
1305078661 29
1305078721 27
1305078781 30
1305078841 29
1305078901 31
1305078961 33
1305079021 34
1305079081 34
1305079141 34
1305079201 34
1305079261 34
1305079321 34
1305079381 33
1305079441 31
1305079502 32
1305079561 30
1305079621 29
1305079681 30
1305079741 31
1305079801 31
1305079861 32
1305079921 32
1305079981 32
1305080041 31
1305080101 29
1305080161 29
1305080221 29
1305080282 28
1305080341 28
1305080401 26
1305080461 28
1305080521 26
1305080581 29
1305080641 29
1305080701 30
1305080761 28
1305080821 30
1305080881 29
1305080941 28
1305081002 30
1305081061 30
1305081121 30
1305081181 29
1305081241 25
1305081301 27
1305081361 28
1305081421 29
1305081481 28
1305081541 27
1305081601 28
1305081661 31
1305081722 31
1305081781 31
1305081841 31
1305081901 29
1305081961 27
1305082021 27
1305082081 30
1305082141 33
1305082201 33
1305082261 30
1305082321 30
1305082381 30
1305082442 30
1305082501 29
1305082561 31
1305082621 31
1305082681 33
1305082741 32
1305082801 30
1305082861 32
1305082921 33
1305082981 32
1305083041 33
1305083101 33
1305083162 34
1305083221 31
1305083281 33
1305083341 33
1305083401 32
1305083461 34
1305083521 34
1305083581 39
1305083641 40
1305083701 40
1305083761 38
1305083821 40
1305083881 38
1305083942 38
1305084001 38
1305084061 36
1305084121 37
1305084181 34
1305084241 38
1305084301 38
1305084361 37
1305084421 37
1305084481 39
1305084541 41
1305084601 41
1305084661 38
1305084722 41
1305084781 43
1305084841 39
1305084901 40
1305084961 40
1305085021 37
1305085081 40
1305085141 40
1305085201 41
1305085261 41
1305085321 38
1305085381 40
1305085441 39
1305085502 40
1305085561 41
1305085621 41
1305085681 38
1305085741 39
1305085801 40
1305085861 40
1305085921 40
1305085981 41
1305086041 39
1305086101 40
1305086161 40
1305086222 42
1305086281 41
1305086341 39
1305086401 40
1305086461 40
1305086521 38
1305086581 39
1305086641 40
1305086701 39
1305086761 37
1305086821 37
1305086881 37
1305086942 36
1305087001 38
1305087061 37
1305087121 36
1305087181 35
1305087241 35
1305087301 37
1305087361 38
1305087421 38
1305087481 38
1305087541 39
1305087601 39
1305087662 41
1305087721 42
1305087781 41
1305087841 40
1305087901 37
1305087961 40
1305088021 42
1305088081 41
1305088141 41
1305088201 37
1305088261 37
1305088321 37
1305088382 37
1305088441 36
1305088501 37
1305088561 33
1305088621 32
1305088681 36
1305088741 35
1305088801 37
1305088861 36
1305088921 38
1305088981 37
1305089041 40
1305089101 38
1305089162 39
1305089221 40
1305089281 36
1305089341 39
1305089401 38
1305089461 38
1305089521 37
1305089581 38
1305089641 36
1305089701 35
1305089762 38
1305089821 38
1305089881 40
1305089941 39
1305090001 38
1305090061 40
1305090121 39
1305090181 38
1305090241 38
1305090301 40
1305090361 40
1305090421 40
1305090481 40
1305090542 41
1305090601 41
1305090661 42
1305090721 43
1305090781 42
1305090841 43
1305090901 43
1305090961 44
1305091021 42
1305091081 44
1305091141 45
1305091202 45
1305091261 45
1305091321 44
1305091381 48
1305091441 47
1305091501 49
1305091561 48
1305091621 45
1305091681 47
1305091741 46
1305091801 47
1305091861 47
1305091922 47
1305091981 45
1305092041 47
1305092101 45
1305092161 44
1305092221 47
1305092281 45
1305092341 44
1305092401 46
1305092461 46
1305092521 48
1305092581 47
1305092642 48
1305092701 47
1305092761 47
1305092821 48
1305092881 47
1305092941 49
1305093001 49
1305093061 49
1305093121 52
1305093181 53
1305093242 55
1305093301 55
1305093361 55
1305093421 56
1305093481 56
1305093541 55
1305093601 54
1305093661 53
1305093721 54
1305093781 52
1305093841 53
1305093902 52
1305093961 52
1305094021 53
1305094081 51
1305094141 50
1305094201 51
1305094261 50
1305094321 51
1305094382 50
1305094441 52
1305094501 51
1305094561 50
1305094621 50
1305094681 51
1305094741 51
1305094801 56
1305094861 57
1305094921 52
1305094981 55
1305095041 52
1305095102 56
1305095161 54
1305095221 54
1305095281 55
1305095341 58
1305095401 53
1305095461 54
1305095521 54
1305095581 54
1305095641 56
1305095701 56
1305095761 56
1305095822 57
1305095881 59
1305095941 59
1305096001 57
1305096061 61
1305096121 61
1305096181 62
1305096241 62
1305096301 62
1305096361 65
1305096421 65
1305096482 63
1305096541 65
1305096601 63
1305096661 60
1305096721 63
1305096781 60
1305096841 59
1305096901 61
1305096961 58
1305097021 56
1305097081 58
1305097141 53
1305097202 57
1305097261 58
1305097321 56
1305097381 56
1305097441 55
1305097501 53
1305097561 54
1305097621 54
1305097681 53
1305097741 56
1305097801 55
1305097861 55
1305097922 55
1305097981 59
1305098041 58
1305098101 58
1305098161 57
1305098221 58
1305098281 57
1305098341 57
1305098401 54
1305098461 56
1305098521 55
1305098581 56
1305098642 58
1305098701 56
1305098761 55
1305098821 58
1305098881 59
1305098941 55
1305099001 57
1305099061 57
1305099121 57
1305099181 55
1305099241 57
1305099302 58
1305099361 57
1305099421 56
1305099481 57
1305099541 58
1305099601 58
1305099661 56
1305099721 57
1305099781 57
1305099841 57
1305099901 56
1305099962 58
1305100021 56
1305100081 56
1305100141 57
1305100201 56
1305100261 57
1305100321 58
1305100381 56
1305100441 58
1305100501 58
1305100561 58
1305100621 56
1305100682 55
1305100741 58
1305100801 56
1305100861 55
1305100921 55
1305100981 56
1305101041 53
1305101101 50
1305101161 50
1305101221 49
1305101281 49
1305101341 45
1305101402 47
1305101461 47
1305101521 47
1305101581 48
1305101641 48
1305101701 47
1305101761 46
1305101821 46
1305101881 46
1305101941 45
1305102001 41
1305102061 41
1305102122 42
1305102181 38
1305102241 37
1305102301 37
1305102361 35
1305102421 36
1305102481 35
1305102541 35
1305102601 33
1305102661 30
1305102721 31
1305102782 30
1305102841 28
1305102901 29
1305102961 30
1305103021 31
1305103081 30
1305103141 29
1305103201 30
1305103261 28
1305103321 26
1305103381 26
1305103441 26
1305103502 26
1305103561 25
1305103621 23
1305103681 24
1305103741 25
1305103801 23
1305103861 24
1305103921 23
1305103981 24
1305104041 24
1305104101 24
1305104161 24
1305104221 25
1305104282 24
1305104341 24
1305104401 25
1305104461 23
1305104521 22
1305104581 25
1305104641 25
1305104701 24
1305104761 24
1305104821 24
1305104881 24
1305104942 22
1305105001 21
1305105061 22
1305105121 22
1305105181 18
1305105241 23
1305105301 22
1305105361 24
1305105421 23
1305105481 23
1305105541 21
1305105601 21
1305105662 21
1305105721 19
1305105781 20
1305105841 17
1305105901 21
1305105961 20
1305106021 20
1305106081 22
1305106141 21
1305106201 22
1305106261 23
1305106321 22
1305106381 20
1305106442 24
1305106501 21
1305106561 21
1305106621 22
1305106681 21
1305106741 22
1305106801 22
1305106861 21
1305106921 23
1305106981 23
1305107041 21
1305107102 21
1305107161 22
1305107221 21
1305107281 22
1305107341 20
1305107401 21
1305107461 21
1305107521 21
1305107581 21
1305107641 20
1305107701 21
1305107761 21
1305107822 22
1305107881 24
1305107941 24
1305108001 23
1305108061 23
1305108121 23
1305108181 22
1305108241 22
1305108301 20
1305108361 20
1305108421 21
1305108481 23
1305108542 23
1305108601 22
1305108661 23
1305108721 22
1305108781 25
1305108841 24
1305108901 23
1305108961 23
1305109021 24
1305109081 21
1305109141 24
1305109202 24
1305109261 23
1305109321 24
1305109381 22
1305109441 24
1305109501 25
1305109561 22
1305109621 25
1305109681 24
1305109741 22
1305109801 24
1305109861 24
1305109922 23
1305109981 23
1305110041 24
1305110101 24
1305110161 25
1305110221 22
1305110281 24
1305110341 24
1305110401 22
1305110461 24
1305110521 23
1305110581 25
1305110641 24
1305110701 27
1305110761 26
1305110821 25
1305110881 24
1305110942 25
1305111002 26
1305111061 25
1305111121 25
1305111181 24
1305111241 22
1305111301 22
1305111361 24
1305111421 24
1305111481 24
1305111541 23
1305111601 25
1305111662 25
1305111721 25
1305111781 24
1305111841 25
1305111901 27
1305111961 28
1305112021 26
1305112081 28
1305112141 27
1305112201 29
1305112261 29
1305112322 29
1305112381 28
1305112441 29
1305112501 28
1305112561 26
1305112621 31
1305112681 31
1305112741 31
1305112801 30
1305112861 31
1305112921 32
1305112982 32
1305113041 31
1305113101 26
1305113161 27
1305113221 23
1305113281 24
1305113341 28
1305113401 25
1305113461 27
1305113521 27
1305113581 29
1305113641 27
1305113701 27
1305113762 25
1305113821 27
1305113881 24
1305113941 24
1305114001 26
1305114061 23
1305114121 25
1305114181 24
1305114241 25
1305114301 27
1305114361 25
1305114422 26
1305114481 28
1305114541 26
1305114601 25
1305114661 26
1305114721 24
1305114781 25
1305114841 26
1305114901 27
1305114961 27
1305115021 25
1305115081 24
1305115142 27
1305115201 28
1305115261 30
1305115321 30
1305115381 31
1305115441 35
1305115501 34
1305115561 36
1305115621 35
1305115681 35
1305115742 34
1305115801 36
1305115861 35
1305115921 36
1305115981 34
1305116041 32
1305116101 32
1305116161 30
1305116221 31
1305116281 33
1305116341 32
1305116402 30
1305116462 33
1305116521 33
1305116581 32
1305116641 31
1305116701 33
1305116761 33
1305116821 32
1305116881 31
1305116941 31
1305117001 30
1305117062 29
1305117121 29
1305117181 29
1305117241 30
1305117301 27
1305117361 29
1305117421 29
1305117481 28
1305117541 28
1305117601 30
1305117661 31
1305117722 32
1305117781 32
1305117841 30
1305117901 32
1305117961 32
1305118021 34
1305118081 34
1305118141 32
1305118201 34
1305118261 35
1305118321 33
1305118382 35
1305118441 36
1305118501 36
1305118561 36
1305118621 36
1305118681 39
1305118741 39
1305118801 36
1305118861 38
1305118921 36
1305118981 37
1305119042 38
1305119101 38
1305119161 39
1305119221 37
1305119281 34
1305119341 36
1305119401 34
1305119461 34
1305119521 35
1305119581 34
1305119641 32
1305119701 30
1305119762 32
1305119821 31
1305119881 29
1305119941 27
1305120001 28
1305120061 27
1305120121 28
1305120181 27
1305120241 27
1305120301 28
1305120361 27
1305120421 27
1305120482 28
1305120541 28
1305120601 27
1305120661 26
1305120721 27
1305120781 28
1305120841 28
1305120901 28
1305120961 28
1305121021 29
1305121082 28
1305121141 29
1305121201 28
1305121261 27
1305121321 28
1305121381 27
1305121441 28
1305121501 27
1305121561 26
1305121621 27
1305121681 28
1305121742 29
1305121801 30
1305121861 29
1305121921 28
1305121981 27
1305122041 29
1305122101 30
1305122161 30
1305122221 26
1305122281 30
1305122342 29
1305122401 29
1305122461 28
1305122521 31
1305122581 30
1305122641 28
1305122701 28
1305122761 29
1305122821 28
1305122881 25
1305122942 26
1305123001 27
1305123061 27
1305123121 24
1305123181 26
1305123241 26
1305123301 25
1305123361 25
1305123421 26
1305123481 25
1305123541 25
1305123602 23
1305123661 23
1305123721 23
1305123781 22
1305123841 25
1305123901 25
1305123961 25
1305124021 25
1305124081 26
1305124141 26
1305124201 26
1305124261 26
1305124321 25
1305124382 25
1305124441 23
1305124501 26
1305124561 26
1305124621 25
1305124681 29
1305124741 28
1305124801 28
1305124861 29
1305124921 29
1305124981 29
1305125042 29
1305125101 26
1305125161 27
1305125221 26
1305125281 21
1305125341 25
1305125401 23
1305125461 22
1305125521 22
1305125581 21
1305125641 20
1305125701 23
1305125761 22
1305125821 22
1305125881 20
1305125941 18
1305126001 21
1305126061 22
1305126121 21
1305126181 20
1305126241 21
1305126301 21
1305126362 21
1305126421 22
1305126481 22
1305126541 23
1305126601 21
1305126661 23
1305126721 23
1305126781 22
1305126841 22
1305126901 22
1305126962 22
1305127021 23
1305127081 23
1305127141 21
1305127201 22
1305127261 21
1305127321 22
1305127381 23
1305127441 23
1305127501 21
1305127561 22
1305127621 20
1305127682 20
1305127741 20
1305127801 20
1305127861 19
1305127921 21
1305127981 21
1305128041 19
1305128101 21
1305128161 17
1305128221 21
1305128281 22
1305128341 22
1305128402 20
1305128461 20
1305128521 21
1305128581 20
1305128641 21
1305128701 20
1305128761 22
1305128821 21
1305128881 21
1305128941 21
1305129001 19
1305129062 21
1305129121 21
1305129181 23
1305129241 22
1305129301 22
1305129361 21
1305129421 22
1305129481 22
1305129541 21
