1306944061 18
1306944121 16
1306944181 18
1306944241 16
1306944301 18
1306944361 18
1306944422 18
1306944481 18
1306944541 18
1306944601 16
1306944661 16
1306944721 17
1306944781 15
1306944841 15
1306944901 16
1306944961 17
1306945021 18
1306945081 18
1306945141 16
1306945201 16
1306945262 16
1306945321 16
1306945381 17
1306945441 16
1306945501 13
1306945561 14
1306945621 16
1306945681 16
1306945741 16
1306945801 15
1306945861 15
1306945921 14
1306945982 14
1306946041 13
1306946101 13
1306946161 11
1306946221 11
1306946281 13
1306946341 13
1306946401 13
1306946461 12
1306946521 12
1306946581 12
1306946641 12
1306946702 11
1306946761 11
1306946821 11
1306946881 10
1306946941 11
1306947001 11
1306947061 11
1306947121 11
1306947181 10
1306947241 11
1306947301 11
1306947361 11
1306947421 10
1306947482 9
1306947541 11
1306947601 11
1306947661 11
1306947721 11
1306947781 10
1306947841 10
1306947901 10
1306947961 9
1306948021 9
1306948081 6
1306948141 6
1306948202 8
1306948261 8
1306948321 8
1306948381 8
1306948441 8
1306948501 6
1306948561 8
1306948621 7
1306948681 8
1306948741 5
1306948801 6
1306948861 8
1306948921 8
1306948981 8
1306949041 8
1306949101 8
1306949161 6
1306949221 8
1306949281 7
1306949342 8
1306949401 5
1306949461 6
1306949521 8
1306949581 8
1306949641 9
1306949701 9
1306949761 9
1306949821 8
1306949881 9
1306949941 9
1306950001 9
1306950062 7
1306950121 7
1306950181 9
1306950241 8
1306950301 8
1306950361 8
1306950421 8
1306950481 7
1306950541 7
1306950601 8
1306950661 8
1306950721 6
1306950782 6
1306950841 8
1306950901 8
1306950961 8
1306951021 7
1306951081 7
1306951141 6
1306951201 6
1306951261 7
1306951321 6
1306951381 6
1306951442 5
1306951502 7
1306951561 7
1306951621 7
1306951681 7
1306951741 7
1306951801 7
1306951861 7
1306951921 7
1306951981 5
1306952041 6
1306952101 5
1306952162 7
1306952221 7
1306952281 7
1306952341 7
1306952401 7
1306952461 6
1306952521 7
1306952581 7
1306952641 5
1306952701 7
1306952761 5
1306952821 7
1306952882 7
1306952941 7
1306953001 6
1306953061 7
1306953121 6
1306953181 7
1306953241 7
1306953301 5
1306953361 7
1306953421 7
1306953481 7
1306953542 8
1306953601 8
1306953661 7
1306953721 8
1306953781 7
1306953841 8
1306953901 8
1306953961 6
1306954021 7
1306954081 6
1306954141 6
1306954201 7
1306954262 7
1306954321 6
1306954381 7
1306954441 6
1306954501 6
1306954561 7
1306954621 7
1306954681 7
1306954741 6
1306954801 6
1306954861 7
1306954921 7
1306954981 6
1306955041 7
1306955102 7
1306955161 6
1306955221 4
1306955281 6
1306955341 6
1306955401 5
1306955461 5
1306955521 6
1306955581 6
1306955641 5
1306955701 6
1306955761 6
1306955822 6
1306955881 5
1306955941 6
1306956001 6
1306956061 5
1306956121 5
1306956181 6
1306956241 6
1306956301 5
1306956361 5
1306956421 6
1306956481 6
1306956542 5
1306956601 5
1306956661 6
1306956721 5
1306956781 5
1306956841 6
1306956901 6
1306956961 5
1306957021 6
1306957081 5
1306957141 6
1306957201 6
1306957262 5
1306957321 6
1306957381 5
1306957441 5
1306957501 6
1306957561 6
1306957621 5
1306957681 6
1306957741 6
1306957801 6
1306957861 6
1306957921 6
1306957982 6
1306958041 5
1306958101 5
1306958161 6
1306958221 6
1306958281 4
1306958341 5
1306958401 4
1306958461 5
1306958521 4
1306958581 5
1306958641 5
1306958702 4
1306958761 5
1306958821 6
1306958881 6
1306958941 5
1306959001 6
1306959061 5
1306959121 6
1306959181 6
1306959241 6
1306959301 6
1306959361 4
1306959422 5
1306959481 6
1306959541 6
1306959601 5
1306959661 6
1306959721 5
1306959781 5
1306959841 6
1306959901 6
1306959961 7
1306960021 6
1306960081 6
1306960142 7
1306960201 7
1306960261 6
1306960321 7
1306960381 6
1306960441 7
1306960501 7
1306960561 7
1306960621 6
1306960681 6
1306960741 7
1306960801 7
1306960862 7
1306960921 7
1306960981 7
1306961041 6
1306961101 7
1306961161 6
1306961221 7
1306961281 6
1306961341 6
1306961401 7
1306961461 7
1306961521 6
1306961582 7
1306961641 6
1306961701 6
1306961761 7
1306961821 6
1306961881 7
1306961941 6
1306962001 5
1306962061 7
1306962121 7
1306962181 7
1306962241 7
1306962301 7
1306962362 7
1306962421 8
1306962481 7
1306962541 8
1306962601 8
1306962661 7
1306962721 9
1306962781 9
1306962841 10
1306962901 9
1306962961 10
1306963021 9
1306963081 10
1306963142 10
1306963201 9
1306963261 9
1306963321 9
1306963381 9
1306963441 10
1306963501 10
1306963561 10
1306963621 10
1306963681 10
1306963741 10
1306963801 10
1306963862 9
1306963921 8
1306963981 9
1306964041 9
1306964101 10
1306964161 10
1306964221 10
1306964281 9
1306964341 10
1306964401 10
1306964461 10
1306964521 9
1306964582 9
1306964642 8
1306964701 9
1306964761 7
1306964821 8
1306964881 8
1306964941 7
1306965001 7
1306965061 8
1306965121 8
1306965181 7
1306965241 7
1306965302 7
1306965361 8
1306965421 8
1306965481 8
1306965541 8
1306965601 7
1306965661 6
1306965721 7
1306965781 7
1306965841 7
1306965901 7
1306965961 6
1306966021 7
1306966081 7
1306966141 8
1306966201 8
1306966261 8
1306966321 7
1306966381 7
1306966441 7
1306966501 7
1306966561 8
1306966622 7
1306966681 7
1306966741 8
1306966801 8
1306966861 8
1306966921 8
1306966981 8
1306967041 7
1306967101 6
1306967161 7
1306967221 8
1306967281 7
1306967341 7
1306967402 8
1306967461 8
1306967521 8
1306967581 9
1306967641 9
1306967701 9
1306967761 7
1306967821 9
1306967881 9
1306967941 8
1306968001 9
1306968061 10
1306968121 10
1306968181 9
1306968241 10
1306968301 11
1306968361 10
1306968421 8
1306968481 10
1306968541 10
1306968601 8
1306968661 8
1306968721 8
1306968781 7
1306968841 7
1306968901 7
1306968961 7
1306969021 7
1306969081 5
1306969141 7
1306969201 6
1306969261 6
1306969321 7
1306969381 7
1306969441 6
1306969502 6
1306969562 7
1306969621 8
1306969681 8
1306969741 6
1306969801 8
1306969861 8
1306969921 8
1306969981 9
1306970041 9
1306970101 9
1306970161 9
1306970221 7
1306970282 9
1306970341 10
1306970401 9
1306970461 11
1306970521 10
1306970581 10
1306970641 12
1306970701 11
1306970761 10
1306970821 10
1306970881 13
1306970941 14
1306971002 14
1306971061 12
1306971121 14
1306971181 13
1306971241 13
1306971301 16
1306971361 18
1306971421 18
1306971481 18
1306971541 18
1306971601 18
1306971661 16
1306971722 16
1306971781 19
1306971841 18
1306971901 18
1306971961 18
1306972021 20
1306972081 19
1306972141 20
1306972201 20
1306972261 21
1306972321 20
1306972381 21
1306972441 21
1306972502 20
1306972561 21
1306972621 20
1306972681 19
1306972741 21
1306972801 21
1306972861 20
1306972921 21
1306972981 19
1306973041 19
1306973101 19
1306973161 17
1306973222 20
1306973281 22
1306973341 18
1306973401 21
1306973461 22
1306973521 21
1306973581 23
1306973641 21
1306973701 23
1306973761 22
1306973821 19
1306973882 20
1306973941 22
1306974001 20
1306974061 24
1306974121 24
1306974181 23
1306974241 24
1306974301 23
1306974361 26
1306974421 26
1306974481 25
1306974542 28
1306974601 28
1306974661 25
1306974721 29
1306974781 29
1306974841 30
1306974901 30
1306974961 30
1306975021 31
1306975081 31
1306975141 31
1306975201 33
1306975261 33
1306975322 32
1306975381 34
1306975441 35
1306975501 37
1306975561 36
1306975621 39
1306975681 38
1306975741 40
1306975801 43
1306975861 44
1306975921 45
1306975981 43
1306976041 41
1306976101 41
1306976161 42
1306976221 39
1306976281 38
1306976341 38
1306976401 35
1306976461 37
1306976521 38
1306976581 37
1306976641 38
1306976701 35
1306976762 36
1306976821 36
1306976881 35
1306976941 35
1306977001 32
1306977061 34
1306977121 32
1306977181 37
1306977241 36
1306977301 37
1306977361 36
1306977422 34
1306977481 35
1306977541 35
1306977601 33
1306977661 30
1306977721 30
1306977781 31
1306977841 33
1306977901 33
1306977961 34
1306978021 34
1306978081 35
1306978142 36
1306978201 37
1306978261 36
1306978321 37
1306978381 36
1306978441 35
1306978501 36
1306978561 36
1306978621 38
1306978681 38
1306978741 38
1306978801 36
1306978862 37
1306978921 34
1306978981 35
1306979041 36
1306979101 39
1306979161 39
1306979221 39
1306979281 40
1306979341 45
1306979401 47
1306979461 48
1306979521 50
1306979581 51
1306979642 54
1306979701 51
1306979761 51
1306979821 52
1306979881 49
1306979941 49
1306980001 50
1306980061 49
1306980121 50
1306980181 46
1306980241 46
1306980301 48
1306980361 49
1306980422 48
1306980481 50
1306980541 47
1306980601 48
1306980661 48
1306980721 48
1306980781 47
1306980841 46
1306980901 48
1306980961 45
1306981021 42
1306981081 46
1306981141 46
1306981202 46
1306981261 48
1306981321 47
1306981381 49
1306981441 49
1306981501 52
1306981561 55
1306981621 55
1306981681 54
1306981741 51
1306981801 51
1306981861 51
1306981922 52
1306981981 50
1306982041 48
1306982101 42
1306982161 44
1306982221 44
1306982281 43
1306982341 45
1306982401 45
1306982461 45
1306982521 43
1306982582 44
1306982641 45
1306982701 44
1306982761 45
1306982821 45
1306982881 44
1306982941 41
1306983001 43
1306983061 42
1306983121 41
1306983181 42
1306983241 41
1306983301 41
1306983362 38
1306983421 41
1306983481 40
1306983541 39
1306983601 36
1306983661 39
1306983721 41
1306983781 45
1306983841 44
1306983901 45
1306983961 46
1306984022 48
1306984081 48
1306984141 48
1306984201 47
1306984261 50
1306984321 49
1306984381 46
1306984441 46
1306984501 46
1306984561 46
1306984621 45
1306984681 47
1306984741 46
1306984802 47
1306984861 44
1306984921 45
1306984981 47
1306985041 48
1306985101 50
1306985161 48
1306985221 49
1306985281 50
1306985341 49
1306985401 51
1306985461 52
1306985522 53
1306985581 54
1306985641 52
1306985701 53
1306985761 50
1306985821 50
1306985881 49
1306985941 47
1306986001 49
1306986061 49
1306986121 48
1306986181 50
1306986242 50
1306986301 50
1306986361 49
1306986421 48
1306986481 51
1306986541 50
1306986601 48
1306986661 48
1306986721 51
1306986781 50
1306986841 50
1306986901 47
1306986962 49
1306987021 48
1306987081 48
1306987141 48
1306987201 46
1306987261 44
1306987321 47
1306987381 46
1306987441 46
1306987501 47
1306987561 48
1306987621 48
1306987681 44
1306987741 48
1306987801 47
1306987861 45
1306987921 45
1306987981 44
1306988041 46
1306988101 45
1306988161 44
1306988221 45
1306988281 46
1306988341 44
1306988402 44
1306988461 44
1306988521 44
1306988581 46
1306988641 47
1306988701 48
1306988761 49
1306988821 50
1306988881 50
1306988941 51
1306989001 52
1306989061 50
1306989122 50
1306989181 50
1306989241 52
1306989301 52
1306989361 50
1306989421 49
1306989481 49
1306989541 49
1306989601 49
1306989661 49
1306989721 50
1306989782 49
1306989841 52
1306989901 51
1306989961 51
1306990021 53
1306990081 51
1306990141 52
1306990201 50
1306990261 53
1306990321 51
1306990382 52
1306990441 50
1306990501 54
1306990561 54
1306990621 52
1306990681 53
1306990741 52
1306990801 53
1306990861 51
1306990921 49
1306990982 50
1306991042 46
1306991101 50
1306991161 50
1306991221 49
1306991281 50
1306991341 50
1306991401 51
1306991461 49
1306991521 45
1306991581 49
1306991641 48
1306991701 48
1306991761 48
1306991821 47
1306991881 46
1306991942 48
1306992001 50
1306992061 49
1306992121 50
1306992181 47
1306992241 47
1306992301 48
1306992361 49
1306992421 49
1306992481 49
1306992542 46
1306992601 48
1306992661 49
1306992721 48
1306992781 47
1306992841 48
1306992901 48
1306992961 51
1306993021 52
1306993081 51
1306993142 52
1306993201 49
1306993261 51
1306993321 54
1306993381 51
1306993441 52
1306993501 48
1306993561 48
1306993621 51
1306993681 51
1306993741 48
1306993802 49
1306993861 47
1306993921 49
1306993981 47
1306994041 48
1306994101 45
1306994161 49
1306994221 48
1306994281 49
1306994342 52
1306994401 51
1306994461 51
1306994521 49
1306994581 52
1306994641 49
1306994701 55
1306994761 54
1306994821 55
1306994881 57
1306994941 57
1306995001 56
1306995062 57
1306995121 58
1306995181 58
1306995241 56
1306995301 59
1306995361 56
1306995421 57
1306995481 56
1306995541 56
1306995601 56
1306995661 54
1306995722 56
1306995781 58
1306995841 59
1306995901 54
1306995961 54
1306996021 55
1306996081 54
1306996141 54
1306996201 57
1306996261 57
1306996321 56
1306996382 56
1306996441 57
1306996501 53
1306996561 56
1306996621 59
1306996681 58
1306996741 63
1306996801 63
1306996861 66
1306996921 63
1306996982 63
1306997041 63
1306997101 66
1306997161 64
1306997221 66
1306997281 67
1306997341 64
1306997401 62
1306997461 62
1306997521 63
1306997582 62
1306997641 63
1306997701 66
1306997761 64
1306997821 61
1306997881 63
1306997941 62
1306998001 63
1306998061 61
1306998121 59
1306998181 60
1306998241 60
1306998301 62
1306998361 62
1306998421 60
1306998481 64
1306998541 64
1306998601 64
1306998661 64
1306998721 66
1306998781 65
1306998841 62
1306998901 63
1306998961 62
1306999021 62
1306999081 62
1306999141 63
1306999201 63
1306999261 61
1306999321 62
1306999381 61
1306999442 59
1306999501 53
1306999561 59
1306999621 56
1306999681 58
1306999741 56
1306999801 55
1306999861 57
1306999921 55
1306999981 54
1307000041 57
1307000101 56
1307000162 56
1307000221 57
1307000281 56
1307000341 59
1307000401 58
1307000461 59
1307000521 58
1307000581 58
1307000641 57
1307000701 58
1307000762 56
1307000821 56
1307000881 51
1307000941 49
1307001001 50
1307001061 50
1307001121 50
1307001181 52
1307001241 52
1307001301 51
1307001361 48
1307001422 48
1307001481 48
1307001541 48
1307001601 47
1307001661 48
1307001721 49
1307001781 49
1307001841 48
1307001901 47
1307001961 45
1307002021 43
1307002081 45
1307002141 42
1307002202 45
1307002261 42
1307002321 40
1307002381 36
1307002441 34
1307002501 37
1307002561 34
1307002621 33
1307002681 30
1307002741 30
1307002801 29
1307002861 30
1307002922 30
1307002981 28
1307003041 31
1307003101 27
1307003161 29
1307003221 27
1307003281 27
1307003341 26
1307003401 26
1307003461 25
1307003521 25
1307003581 26
1307003642 27
1307003701 27
1307003761 24
1307003821 24
1307003881 24
1307003941 24
1307004001 21
1307004061 22
1307004121 20
1307004181 21
1307004241 19
1307004301 22
1307004362 22
1307004421 22
1307004481 22
1307004541 21
1307004601 21
1307004661 22
1307004721 23
1307004781 21
1307004841 21
1307004901 20
1307004961 20
1307005021 19
1307005082 19
1307005141 19
1307005201 18
1307005261 18
1307005321 18
1307005381 20
1307005441 18
1307005501 16
1307005561 19
1307005621 20
1307005681 19
1307005741 18
1307005802 19
1307005861 19
1307005921 18
1307005981 19
1307006041 20
1307006101 18
1307006161 19
1307006221 20
1307006281 20
1307006341 20
1307006401 22
1307006461 22
1307006521 21
1307006582 21
1307006641 20
1307006701 21
1307006761 21
1307006821 20
1307006881 20
1307006941 19
1307007001 17
1307007061 17
1307007121 18
1307007181 17
1307007242 19
1307007301 18
1307007361 17
1307007421 18
1307007481 18
1307007541 19
1307007601 18
1307007661 17
1307007721 19
1307007781 18
1307007841 19
1307007901 21
1307007962 18
1307008021 20
1307008081 20
1307008141 21
1307008201 20
1307008261 19
1307008321 20
1307008381 21
1307008441 22
1307008501 22
1307008561 24
1307008622 25
1307008681 26
1307008741 26
1307008801 26
1307008861 27
1307008921 28
1307008981 29
1307009041 27
1307009101 25
1307009161 25
1307009221 25
1307009281 22
1307009342 24
1307009401 24
1307009461 23
1307009521 23
1307009581 20
1307009641 21
1307009701 20
1307009761 21
1307009821 20
1307009881 21
1307009941 20
1307010001 20
1307010061 21
1307010121 18
1307010181 22
1307010241 21
1307010301 22
1307010361 22
1307010421 22
1307010481 22
1307010541 22
1307010601 20
1307010661 21
1307010722 21
1307010781 21
1307010841 22
1307010901 22
1307010961 19
1307011021 20
1307011081 20
1307011141 20
1307011201 20
1307011261 19
1307011321 20
1307011381 18
1307011442 19
1307011501 20
1307011561 20
1307011621 18
1307011681 19
1307011741 19
1307011801 18
1307011861 19
1307011921 18
1307011981 18
1307012041 16
1307012101 17
1307012162 17
1307012221 18
1307012281 17
1307012341 19
1307012401 19
1307012461 18
1307012521 18
1307012581 17
1307012641 18
1307012701 16
1307012761 19
1307012821 20
1307012881 23
1307012942 22
1307013001 24
1307013061 25
1307013121 26
1307013181 25
1307013241 24
1307013301 24
1307013361 23
1307013421 21
1307013481 23
1307013541 22
1307013602 21
1307013661 24
1307013721 24
1307013781 24
1307013841 24
1307013901 25
1307013961 24
1307014021 24
1307014081 24
1307014141 23
1307014201 24
1307014261 24
1307014322 24
1307014381 26
1307014441 26
1307014501 25
1307014561 26
1307014621 25
1307014681 24
1307014741 26
1307014801 27
1307014861 28
1307014921 28
1307014982 27
1307015041 28
1307015101 30
1307015161 29
1307015221 30
1307015281 30
1307015341 29
1307015401 29
1307015461 27
1307015521 28
1307015581 29
1307015641 28
1307015701 28
1307015762 28
1307015821 27
1307015881 30
1307015941 28
1307016001 29
1307016061 31
1307016121 32
1307016181 29
1307016241 30
1307016301 27
1307016361 29
1307016421 30
1307016482 28
1307016541 31
1307016601 30
1307016661 29
1307016721 30
1307016781 30
1307016841 30
1307016901 30
1307016961 30
1307017021 32
1307017081 31
1307017142 32
1307017201 31
1307017261 32
1307017321 32
1307017381 31
1307017441 33
1307017501 33
1307017561 32
1307017621 29
1307017681 31
1307017741 31
1307017801 31
1307017861 28
1307017922 30
1307017982 29
1307018041 28
1307018101 30
1307018161 29
1307018221 30
1307018281 29
1307018341 30
1307018401 31
1307018461 31
1307018521 30
1307018581 31
1307018642 29
1307018701 34
1307018761 34
1307018821 36
1307018881 33
1307018941 33
1307019001 32
1307019061 31
1307019121 31
1307019181 32
1307019241 34
1307019301 33
1307019361 35
1307019422 34
1307019481 35
1307019541 34
1307019601 35
1307019661 35
1307019721 35
1307019781 37
1307019841 35
1307019901 33
1307019961 36
1307020021 37
1307020081 36
1307020142 38
1307020201 37
1307020261 38
1307020321 36
1307020381 33
1307020441 36
1307020501 34
1307020561 34
1307020621 35
1307020681 36
1307020741 35
1307020801 36
1307020862 33
1307020921 34
1307020981 35
1307021041 36
1307021101 35
1307021161 35
1307021221 36
1307021281 34
1307021341 35
1307021401 34
1307021461 35
1307021521 35
1307021582 33
1307021641 31
1307021701 33
1307021761 30
1307021821 31
1307021881 29
1307021941 30
1307022001 31
1307022061 31
1307022121 32
1307022181 31
1307022241 29
1307022301 29
1307022362 32
1307022421 30
1307022481 33
1307022541 31
1307022601 29
1307022661 32
1307022721 30
1307022781 30
1307022841 30
1307022901 29
1307022961 29
1307023021 29
1307023082 28
1307023141 28
1307023201 29
1307023261 29
1307023321 29
1307023381 28
1307023441 27
1307023501 28
1307023561 25
1307023621 26
1307023681 27
1307023741 27
1307023802 27
1307023862 26
1307023921 28
1307023981 27
1307024041 28
1307024101 29
1307024161 29
1307024221 25
1307024281 27
1307024341 27
1307024401 26
1307024461 28
1307024521 26
1307024582 30
1307024641 29
1307024701 28
1307024761 30
1307024821 29
1307024881 27
1307024941 29
1307025001 30
1307025061 27
1307025121 30
1307025181 26
1307025241 28
1307025301 27
1307025362 26
1307025421 27
1307025481 25
1307025541 24
1307025601 25
1307025661 25
1307025721 24
1307025781 26
1307025841 25
1307025901 25
1307025961 27
1307026022 28
1307026081 27
1307026141 25
1307026201 27
1307026261 26
1307026321 25
1307026381 24
1307026441 26
1307026501 26
1307026561 25
1307026621 25
1307026681 25
1307026742 26
1307026801 22
1307026861 25
1307026921 25
1307026981 24
1307027041 23
1307027101 24
1307027161 24
1307027221 23
1307027281 25
1307027341 24
1307027401 22
1307027462 22
1307027521 21
1307027581 23
1307027641 22
1307027701 20
1307027761 21
1307027821 21
1307027881 22
1307027941 22
1307028001 22
1307028061 19
1307028121 22
1307028182 21
1307028241 21
1307028301 19
1307028361 18
1307028421 20
1307028481 17
1307028541 18
1307028601 17
1307028661 16
1307028721 14
1307028781 14
1307028841 15
1307028901 15
1307028962 13
1307029021 14
1307029081 15
1307029141 14
1307029201 15
1307029261 16
1307029321 16
1307029381 16
1307029441 15
1307029501 17
1307029561 16
1307029621 17
1307029682 14
1307029741 15
1307029801 16
1307029861 16
1307029921 16
1307029981 14
1307030041 13
1307030101 14
1307030161 15
1307030221 14
1307030281 15
1307030341 14
1307030402 13
