1306166461 22
1306166521 20
1306166581 18
1306166641 21
1306166701 23
1306166761 22
1306166821 19
1306166882 21
1306166941 22
1306167001 22
1306167061 20
1306167121 21
1306167181 21
1306167241 22
1306167301 21
1306167361 22
1306167421 22
1306167481 19
1306167542 20
1306167601 21
1306167661 20
1306167721 19
1306167781 20
1306167841 14
1306167901 16
1306167961 18
1306168021 18
1306168081 18
1306168141 17
1306168201 18
1306168261 19
1306168322 19
1306168381 17
1306168441 19
1306168501 16
1306168561 20
1306168621 20
1306168681 20
1306168741 20
1306168801 17
1306168861 19
1306168921 17
1306168982 16
1306169041 16
1306169101 16
1306169161 11
1306169221 16
1306169281 18
1306169341 17
1306169401 17
1306169461 14
1306169521 18
1306169581 18
1306169641 17
1306169702 17
1306169761 17
1306169821 15
1306169881 16
1306169941 17
1306170001 17
1306170061 17
1306170121 15
1306170181 16
1306170242 14
1306170301 15
1306170361 15
1306170421 14
1306170481 12
1306170541 13
1306170601 14
1306170661 14
1306170721 12
1306170781 13
1306170841 14
1306170901 12
1306170961 14
1306171021 13
1306171081 12
1306171141 11
1306171201 13
1306171261 14
1306171321 14
1306171381 13
1306171441 12
1306171501 14
1306171561 12
1306171622 11
1306171681 12
1306171741 11
1306171801 10
1306171861 10
1306171921 11
1306171981 11
1306172041 11
1306172101 9
1306172161 11
1306172221 11
1306172281 10
1306172342 11
1306172401 11
1306172461 10
1306172521 11
1306172581 10
1306172641 11
1306172701 11
1306172761 9
1306172821 11
1306172881 11
1306172941 11
1306173001 10
1306173062 11
1306173121 9
1306173181 11
1306173241 10
1306173301 11
1306173361 12
1306173421 11
1306173481 12
1306173541 12
1306173601 11
1306173661 12
1306173722 12
1306173781 10
1306173841 12
1306173901 11
1306173961 11
1306174021 10
1306174081 11
1306174141 10
1306174201 11
1306174261 11
1306174322 11
1306174381 11
1306174441 9
1306174501 10
1306174561 9
1306174621 11
1306174681 11
1306174741 11
1306174801 11
1306174861 11
1306174921 12
1306174982 12
1306175041 12
1306175101 11
1306175161 11
1306175221 11
1306175281 11
1306175341 10
1306175401 10
1306175461 10
1306175521 10
1306175581 11
1306175641 11
1306175702 10
1306175761 10
1306175821 11
1306175881 11
1306175941 10
1306176001 10
1306176061 10
1306176121 10
1306176181 10
1306176241 11
1306176301 11
1306176361 10
1306176421 10
1306176482 11
1306176541 11
1306176601 10
1306176661 10
1306176721 10
1306176781 10
1306176841 10
1306176901 11
1306176961 11
1306177021 8
1306177081 10
1306177141 11
1306177201 10
1306177261 10
1306177321 11
1306177381 10
1306177441 10
1306177501 10
1306177561 11
1306177621 11
1306177681 10
1306177741 10
1306177801 11
1306177861 10
1306177921 10
1306177982 11
1306178041 11
1306178101 10
1306178161 10
1306178221 11
1306178281 10
1306178341 10
1306178401 10
1306178461 10
1306178521 9
1306178581 9
1306178641 9
1306178702 10
1306178761 10
1306178821 10
1306178881 12
1306178941 11
1306179001 12
1306179061 11
1306179121 12
1306179181 11
1306179241 11
1306179302 12
1306179361 12
1306179421 12
1306179481 9
1306179541 11
1306179601 9
1306179661 11
1306179721 11
1306179781 11
1306179841 11
1306179902 9
1306179961 11
1306180021 10
1306180081 10
1306180141 9
1306180201 10
1306180261 8
1306180321 8
1306180381 10
1306180441 9
1306180502 10
1306180561 9
1306180621 10
1306180681 10
1306180741 9
1306180801 10
1306180861 10
1306180921 8
1306180981 9
1306181041 10
1306181102 9
1306181161 9
1306181221 9
1306181281 10
1306181341 10
1306181401 9
1306181461 9
1306181521 10
1306181581 8
1306181641 9
1306181702 10
1306181761 9
1306181821 10
1306181881 10
1306181941 10
1306182001 10
1306182061 9
1306182121 10
1306182181 10
1306182241 8
1306182301 9
1306182362 10
1306182421 9
1306182481 9
1306182541 10
1306182601 10
1306182661 10
1306182721 8
1306182781 10
1306182841 10
1306182901 8
1306182961 10
1306183022 9
1306183081 9
1306183141 9
1306183201 10
1306183261 10
1306183321 10
1306183381 8
1306183441 9
1306183501 10
1306183561 8
1306183622 10
1306183681 9
1306183741 9
1306183801 9
1306183861 10
1306183921 10
1306183981 10
1306184041 9
1306184101 9
1306184161 9
1306184221 9
1306184282 9
1306184341 9
1306184401 9
1306184461 10
1306184521 10
1306184581 10
1306184641 9
1306184701 9
1306184761 9
1306184821 8
1306184881 9
1306184942 9
1306185001 9
1306185061 9
1306185121 11
1306185181 11
1306185241 11
1306185301 10
1306185361 10
1306185421 10
1306185481 10
1306185541 12
1306185602 11
1306185661 11
1306185721 10
1306185781 11
1306185841 11
1306185901 11
1306185961 10
1306186021 11
1306186081 11
1306186141 8
1306186201 11
1306186261 10
1306186322 10
1306186382 10
1306186441 11
1306186501 11
1306186561 11
1306186621 10
1306186681 10
1306186741 12
1306186801 10
1306186861 12
1306186921 11
1306186982 12
1306187041 11
1306187101 12
1306187161 12
1306187221 12
1306187281 11
1306187341 11
1306187401 12
1306187461 9
1306187521 12
1306187581 11
1306187641 11
1306187701 11
1306187762 12
1306187821 12
1306187881 11
1306187941 11
1306188001 11
1306188061 12
1306188121 10
1306188181 12
1306188241 11
1306188301 11
1306188362 12
1306188422 11
1306188481 12
1306188541 12
1306188601 11
1306188661 12
1306188721 11
1306188781 10
1306188841 12
1306188901 11
1306188962 10
1306189021 12
1306189081 13
1306189141 12
1306189201 12
1306189261 12
1306189321 13
1306189381 13
1306189441 11
1306189501 13
1306189561 12
1306189622 11
1306189681 13
1306189741 13
1306189801 13
1306189861 11
1306189921 13
1306189981 12
1306190041 13
1306190101 12
1306190162 13
1306190222 12
1306190281 11
1306190341 13
1306190401 12
1306190461 12
1306190521 11
1306190581 12
1306190641 12
1306190701 12
1306190761 11
1306190821 12
1306190881 9
1306190941 11
1306191001 13
1306191061 12
1306191121 11
1306191182 11
1306191241 12
1306191301 12
1306191361 11
1306191421 11
1306191481 11
1306191541 8
1306191601 8
1306191661 10
1306191721 10
1306191781 10
1306191841 10
1306191902 11
1306191962 11
1306192021 11
1306192081 11
1306192141 11
1306192201 10
1306192261 9
1306192321 11
1306192381 10
1306192441 9
1306192502 11
1306192561 11
1306192621 12
1306192681 12
1306192741 12
1306192801 12
1306192861 11
1306192921 10
1306192981 11
1306193041 11
1306193102 9
1306193161 10
1306193221 10
1306193281 10
1306193341 9
1306193401 11
1306193461 12
1306193521 12
1306193581 13
1306193641 15
1306193701 14
1306193762 13
1306193821 13
1306193881 14
1306193941 14
1306194001 12
1306194061 13
1306194121 15
1306194181 15
1306194241 16
1306194301 17
1306194361 16
1306194421 18
1306194482 19
1306194541 22
1306194601 22
1306194661 20
1306194721 21
1306194781 20
1306194841 20
1306194901 19
1306194961 21
1306195022 21
1306195081 20
1306195141 19
1306195201 21
1306195261 22
1306195321 22
1306195381 24
1306195441 25
1306195501 25
1306195561 25
1306195621 26
1306195682 27
1306195741 28
1306195801 27
1306195861 28
1306195921 29
1306195981 27
1306196041 29
1306196101 29
1306196161 30
1306196221 29
1306196282 29
1306196341 28
1306196401 33
1306196461 33
1306196521 32
1306196581 34
1306196641 33
1306196701 35
1306196761 32
1306196821 35
1306196882 37
1306196941 36
1306197001 32
1306197061 34
1306197121 36
1306197181 39
1306197241 39
1306197301 38
1306197361 40
1306197421 39
1306197481 36
1306197541 39
1306197601 39
1306197661 39
1306197721 37
1306197781 39
1306197841 39
1306197901 39
1306197961 41
1306198021 41
1306198081 40
1306198142 41
1306198201 42
1306198261 40
1306198321 41
1306198381 38
1306198441 37
1306198501 39
1306198561 38
1306198621 41
1306198682 42
1306198741 40
1306198801 41
1306198861 41
1306198921 40
1306198981 40
1306199041 41
1306199101 40
1306199161 40
1306199221 39
1306199281 40
1306199341 41
1306199402 40
1306199461 39
1306199521 41
1306199581 41
1306199641 42
1306199701 42
1306199761 42
1306199821 38
1306199881 45
1306199941 45
1306200001 47
1306200061 48
1306200122 45
1306200181 46
1306200241 45
1306200301 45
1306200361 43
1306200421 44
1306200481 42
1306200541 43
1306200601 44
1306200661 45
1306200721 48
1306200782 50
1306200841 50
1306200901 50
1306200961 52
1306201021 51
1306201081 54
1306201141 52
1306201201 51
1306201261 52
1306201321 52
1306201381 55
1306201441 54
1306201502 56
1306201561 57
1306201621 58
1306201681 57
1306201741 59
1306201801 59
1306201861 59
1306201921 59
1306201981 58
1306202041 59
1306202101 60
1306202161 62
1306202222 62
1306202281 60
1306202341 60
1306202401 60
1306202461 60
1306202521 59
1306202581 60
1306202641 58
1306202701 58
1306202761 56
1306202821 56
1306202882 58
1306202941 58
1306203001 59
1306203061 56
1306203121 58
1306203181 58
1306203241 57
1306203301 61
1306203361 60
1306203421 63
1306203481 63
1306203542 65
1306203601 67
1306203661 69
1306203721 67
1306203781 67
1306203841 66
1306203901 66
1306203961 69
1306204021 66
1306204081 66
1306204141 63
1306204202 61
1306204261 63
1306204321 64
1306204381 61
1306204441 66
1306204501 64
1306204561 65
1306204621 65
1306204681 66
1306204741 68
1306204801 67
1306204862 65
1306204922 67
1306204981 66
1306205041 67
1306205101 66
1306205161 68
1306205221 69
1306205281 66
1306205341 69
1306205401 68
1306205461 69
1306205522 67
1306205581 69
1306205641 65
1306205701 65
1306205761 67
1306205821 66
1306205881 64
1306205941 59
1306206001 63
1306206061 63
1306206121 63
1306206182 62
1306206241 60
1306206301 61
1306206361 58
1306206421 59
1306206481 59
1306206541 58
1306206601 58
1306206661 56
1306206721 57
1306206781 59
1306206841 61
1306206901 61
1306206962 59
1306207021 59
1306207081 60
1306207141 61
1306207201 61
1306207261 63
1306207321 65
1306207381 65
1306207441 63
1306207501 61
1306207561 62
1306207621 63
1306207682 62
1306207741 59
1306207801 59
1306207861 61
1306207921 62
1306207981 60
1306208041 63
1306208101 61
1306208161 61
1306208221 65
1306208281 64
1306208342 62
1306208401 60
1306208461 61
1306208521 58
1306208581 56
1306208641 58
1306208701 60
1306208761 60
1306208821 57
1306208881 59
1306208941 61
1306209001 61
1306209061 57
1306209121 60
1306209181 60
1306209241 62
1306209301 60
1306209361 58
1306209421 58
1306209481 62
1306209541 61
1306209601 60
1306209661 59
1306209722 55
1306209781 57
1306209841 59
1306209901 59
1306209961 61
1306210021 59
1306210081 56
1306210141 59
1306210201 59
1306210261 58
1306210321 59
1306210381 57
1306210442 54
1306210501 55
1306210561 53
1306210621 53
1306210681 53
1306210741 50
1306210801 50
1306210861 53
1306210921 53
1306210981 51
1306211041 51
1306211102 52
1306211161 53
1306211221 54
1306211281 54
1306211341 54
1306211401 56
1306211461 58
1306211521 56
1306211581 57
1306211641 58
1306211702 59
1306211762 58
1306211821 59
1306211881 59
1306211941 59
1306212001 59
1306212061 60
1306212121 63
1306212181 63
1306212241 63
1306212301 62
1306212361 63
1306212421 63
1306212481 65
1306212541 65
1306212601 63
1306212661 63
1306212721 64
1306212781 64
1306212841 63
1306212901 63
1306212961 63
1306213022 66
1306213081 67
1306213141 66
1306213201 68
1306213261 69
1306213321 65
1306213381 70
1306213441 67
1306213501 69
1306213561 71
1306213621 66
1306213682 67
1306213741 71
1306213801 66
1306213861 70
1306213921 70
1306213981 71
1306214041 70
1306214101 70
1306214161 69
1306214221 69
1306214281 69
1306214342 67
1306214401 69
1306214461 64
1306214521 67
1306214581 69
1306214641 67
1306214701 67
1306214761 69
1306214821 67
1306214881 68
1306214941 69
1306215002 70
1306215061 69
1306215121 73
1306215181 68
1306215241 73
1306215301 72
1306215361 71
1306215421 71
1306215481 67
1306215541 71
1306215601 70
1306215661 69
1306215722 66
1306215781 63
1306215841 66
1306215901 64
1306215961 63
1306216021 61
1306216081 64
1306216141 60
1306216201 64
1306216261 65
1306216321 63
1306216382 65
1306216442 60
1306216501 61
1306216561 63
1306216621 60
1306216681 61
1306216741 59
1306216801 59
1306216861 60
1306216921 61
1306216981 61
1306217041 60
1306217102 60
1306217162 57
1306217221 58
1306217281 56
1306217341 58
1306217401 60
1306217461 55
1306217521 56
1306217581 59
1306217641 59
1306217701 59
1306217761 61
1306217821 59
1306217882 62
1306217941 62
1306218001 60
1306218061 61
1306218121 59
1306218181 61
1306218241 61
1306218301 61
1306218361 63
1306218421 63
1306218481 64
1306218541 63
1306218602 64
1306218661 67
1306218721 67
1306218781 66
1306218841 66
1306218901 66
1306218961 64
1306219021 64
1306219081 61
1306219141 59
1306219201 61
1306219261 62
1306219322 60
1306219381 58
1306219441 58
1306219501 61
1306219561 60
1306219621 61
1306219681 61
1306219741 61
1306219801 58
1306219861 59
1306219921 59
1306219982 58
1306220042 59
1306220101 59
1306220161 61
1306220221 61
1306220281 60
1306220341 60
1306220401 62
1306220461 61
1306220521 60
1306220581 61
1306220641 61
1306220702 60
1306220761 62
1306220821 61
1306220881 61
1306220941 60
1306221001 61
1306221061 59
1306221121 59
1306221181 57
1306221241 57
1306221302 54
1306221361 53
1306221421 54
1306221481 53
1306221541 54
1306221601 55
1306221661 55
1306221721 55
1306221781 56
1306221841 53
1306221902 54
1306221961 54
1306222021 58
1306222081 58
1306222141 57
1306222201 57
1306222261 58
1306222321 58
1306222381 58
1306222441 60
1306222501 58
1306222561 58
1306222622 58
1306222681 57
1306222741 57
1306222801 55
1306222861 53
1306222921 55
1306222981 56
1306223041 56
1306223101 56
1306223161 57
1306223221 57
1306223281 58
1306223342 57
1306223401 58
1306223461 58
1306223521 57
1306223581 56
1306223641 58
1306223701 56
1306223761 55
1306223821 51
1306223881 53
1306223941 52
1306224002 52
1306224061 48
1306224121 50
1306224181 49
1306224241 48
1306224301 48
1306224361 49
1306224421 48
1306224481 47
1306224541 46
1306224601 45
1306224662 45
1306224721 47
1306224781 44
1306224841 45
1306224901 45
1306224961 45
1306225021 44
1306225081 43
1306225141 41
1306225201 40
1306225261 41
1306225322 36
1306225381 38
1306225441 37
1306225501 39
1306225561 38
1306225621 38
1306225681 39
1306225741 40
1306225801 39
1306225861 38
1306225921 41
1306225982 36
1306226041 37
1306226101 38
1306226161 39
1306226221 37
1306226281 33
1306226341 34
1306226401 34
1306226461 34
1306226521 30
1306226581 31
1306226642 30
1306226701 31
1306226761 31
1306226821 34
1306226881 34
1306226941 32
1306227001 32
1306227061 33
1306227121 35
1306227181 34
1306227241 34
1306227301 32
1306227361 33
1306227422 31
1306227481 33
1306227541 31
1306227601 31
1306227661 29
1306227721 29
1306227781 31
1306227841 30
1306227901 30
1306227961 28
1306228021 27
1306228081 26
1306228142 28
1306228201 28
1306228261 28
1306228321 27
1306228381 25
1306228441 25
1306228501 23
1306228561 25
1306228621 26
1306228681 27
1306228741 26
1306228801 27
1306228861 26
1306228921 25
1306228981 25
1306229041 23
1306229101 24
1306229161 22
1306229221 21
1306229281 22
1306229342 22
1306229401 20
1306229461 21
1306229521 20
1306229581 21
1306229641 20
1306229701 16
1306229761 18
1306229821 19
1306229881 17
1306229942 19
1306230002 20
1306230061 20
1306230121 21
1306230181 21
1306230241 21
1306230301 21
1306230361 18
1306230421 20
1306230481 20
1306230541 21
1306230601 20
1306230661 22
1306230722 22
1306230781 21
1306230841 21
1306230901 22
1306230961 22
1306231021 19
1306231081 21
1306231141 17
1306231201 19
1306231261 17
1306231321 17
1306231382 16
1306231441 19
1306231501 18
1306231561 19
1306231621 17
1306231681 17
1306231741 19
1306231801 17
1306231861 19
1306231921 20
1306231981 19
1306232041 17
1306232101 18
1306232161 17
1306232221 17
1306232281 15
1306232341 15
1306232401 14
1306232461 11
1306232521 11
1306232581 12
1306232642 12
1306232701 12
1306232761 13
1306232821 12
1306232881 13
1306232941 12
1306233001 14
1306233061 15
1306233121 13
1306233181 14
1306233241 14
1306233302 14
1306233361 14
1306233421 15
1306233481 14
1306233541 16
1306233601 15
1306233661 16
1306233721 16
1306233781 14
1306233841 15
1306233901 15
1306233961 16
1306234021 16
1306234082 16
1306234141 16
1306234201 17
1306234261 16
1306234321 17
1306234381 16
1306234441 18
1306234501 19
1306234561 20
1306234621 21
1306234681 20
1306234742 21
1306234802 19
1306234861 21
1306234921 22
1306234981 23
1306235041 22
1306235101 19
1306235161 20
1306235221 19
1306235281 18
1306235341 19
1306235401 20
1306235462 20
1306235521 22
1306235581 22
1306235641 20
1306235701 22
1306235761 20
1306235821 21
1306235881 23
1306235941 21
1306236001 23
1306236061 23
1306236121 22
1306236181 22
1306236242 23
1306236301 22
1306236361 22
1306236421 21
1306236481 21
1306236541 23
1306236601 22
1306236661 20
1306236721 22
1306236781 22
1306236841 22
1306236902 23
1306236962 22
1306237021 24
1306237081 22
1306237141 23
1306237201 23
1306237261 23
1306237321 22
1306237381 22
1306237441 23
1306237501 22
1306237561 25
1306237621 26
1306237682 26
1306237741 24
1306237801 26
1306237861 25
1306237921 25
1306237981 26
1306238041 28
1306238101 28
1306238161 28
1306238221 26
1306238281 28
1306238342 31
1306238401 31
1306238461 30
1306238521 30
1306238581 30
1306238641 28
1306238701 31
1306238761 30
1306238821 30
1306238881 30
1306238941 29
1306239002 32
1306239061 33
1306239121 34
1306239181 35
1306239241 34
1306239301 34
1306239361 36
1306239421 37
1306239481 33
1306239541 31
1306239601 34
1306239661 34
1306239721 32
1306239782 31
1306239841 32
1306239901 32
1306239961 31
1306240021 31
1306240081 32
1306240141 32
1306240201 31
1306240261 32
1306240321 33
1306240381 32
1306240442 33
1306240501 33
1306240561 31
1306240621 33
1306240681 32
1306240741 31
1306240801 31
1306240861 31
1306240921 33
1306240981 34
1306241042 33
1306241101 31
1306241161 31
1306241221 29
1306241281 32
1306241341 32
1306241401 30
1306241461 32
1306241521 31
1306241581 30
1306241641 31
1306241701 30
1306241762 29
1306241821 29
1306241881 29
1306241941 30
1306242001 31
1306242061 29
1306242121 28
1306242181 30
1306242241 29
1306242301 29
1306242361 30
1306242421 30
1306242482 29
1306242541 29
1306242601 27
1306242661 28
1306242721 26
1306242781 25
1306242841 29
1306242901 29
1306242961 30
1306243021 30
1306243081 31
1306243142 29
1306243201 30
1306243261 28
1306243321 31
1306243381 34
1306243441 32
1306243501 33
1306243561 33
1306243621 33
1306243681 31
1306243741 31
1306243801 32
1306243861 32
1306243922 31
1306243981 30
1306244041 33
1306244101 33
1306244161 34
1306244221 34
1306244281 32
1306244341 31
1306244401 32
1306244461 30
1306244521 31
1306244581 33
1306244642 34
1306244701 34
1306244761 33
1306244821 34
1306244881 34
1306244941 34
1306245001 32
1306245061 32
1306245121 30
1306245181 30
1306245241 29
1306245302 32
1306245361 34
1306245421 33
1306245481 32
1306245541 32
1306245601 30
1306245661 31
1306245721 30
1306245781 29
1306245841 28
1306245901 26
1306245962 28
1306246021 29
1306246081 30
1306246141 30
1306246201 31
1306246261 30
1306246321 30
1306246381 29
1306246441 28
1306246501 30
1306246561 26
1306246621 29
1306246682 30
1306246741 30
1306246801 28
1306246861 30
1306246921 29
1306246981 26
1306247041 27
1306247101 26
1306247161 28
1306247221 28
1306247281 27
1306247341 27
1306247402 27
1306247462 26
1306247521 27
1306247581 26
1306247641 26
1306247701 27
1306247761 27
1306247821 27
1306247881 28
1306247941 30
1306248001 30
1306248062 29
1306248121 30
1306248181 31
1306248241 27
1306248301 28
1306248361 26
1306248421 26
1306248481 27
1306248541 26
1306248601 27
1306248661 26
1306248722 25
1306248781 25
1306248841 26
1306248901 23
1306248961 26
1306249021 26
1306249081 26
1306249141 25
1306249201 27
1306249261 27
1306249321 27
1306249381 27
1306249442 26
1306249501 24
1306249561 23
1306249621 20
1306249681 23
1306249741 25
1306249801 22
1306249861 24
1306249921 24
1306249981 23
1306250041 24
1306250102 23
1306250161 24
1306250221 23
1306250281 20
1306250341 22
1306250401 22
1306250461 22
1306250521 21
1306250581 22
1306250641 20
1306250701 20
1306250761 17
1306250821 18
1306250882 18
1306250941 19
1306251001 19
1306251061 19
1306251121 20
1306251181 20
1306251241 21
1306251301 21
1306251361 21
1306251421 21
1306251481 21
1306251541 21
1306251602 23
1306251661 23
1306251721 22
1306251781 22
1306251841 21
1306251901 22
1306251961 20
1306252021 19
1306252081 18
1306252141 16
1306252201 18
1306252261 20
1306252321 20
1306252382 20
1306252441 20
1306252501 19
1306252561 19
1306252621 19
1306252681 17
1306252741 17
1306252801 16
