1315929661 38
1315929721 35
1315929781 34
1315929841 34
1315929901 33
1315929961 33
1315930021 34
1315930081 34
1315930144 32
1315930201 30
1315930261 33
1315930321 31
1315930381 30
1315930442 30
1315930501 31
1315930561 29
1315930621 29
1315930683 29
1315930741 31
1315930801 29
1315930861 33
1315930922 33
1315930981 31
1315931041 30
1315931101 32
1315931161 33
1315931221 31
1315931281 30
1315931341 27
1315931401 29
1315931461 25
1315931521 25
1315931581 28
1315931641 26
1315931702 24
1315931761 25
1315931821 24
1315931881 24
1315931941 24
1315932001 21
1315932061 22
1315932121 20
1315932181 21
1315932242 21
1315932302 20
1315932361 19
1315932421 20
1315932481 21
1315932541 21
1315932601 21
1315932661 21
1315932721 23
1315932781 20
1315932841 22
1315932902 23
1315932961 23
1315933021 24
1315933081 22
1315933141 23
1315933201 22
1315933262 23
1315933321 22
1315933381 23
1315933446 21
1315933501 23
1315933567 24
1315933621 21
1315933681 24
1315933741 23
1315933801 23
1315933862 22
1315933921 22
1315933981 22
1315934041 21
1315934101 20
1315934161 22
1315934221 21
1315934281 21
1315934342 22
1315934401 22
1315934461 21
1315934521 20
1315934582 22
1315934642 22
1315934701 22
1315934761 22
1315934822 22
1315934881 21
1315934942 21
1315935002 22
1315935061 19
1315935121 21
1315935181 20
1315935241 21
1315935301 20
1315935361 19
1315935421 20
1315935481 20
1315935541 19
1315935601 18
1315935661 19
1315935722 19
1315935781 19
1315935842 18
1315935902 19
1315935962 17
1315936022 19
1315936081 19
1315936141 19
1315936201 18
1315936261 17
1315936321 18
1315936381 17
1315936441 18
1315936501 17
1315936562 17
1315936621 17
1315936681 17
1315936741 17
1315936801 18
1315936861 18
1315936921 18
1315936981 18
1315937041 11
1315937101 19
1315937161 19
1315937221 18
1315937281 19
1315937341 19
1315937401 19
1315937462 19
1315937521 20
1315937581 20
1315937641 20
1315937701 20
1315937761 20
1315937821 20
1315937881 19
1315937941 20
1315938001 19
1315938061 20
1315938121 19
1315938181 20
1315938241 20
1315938301 18
1315938366 19
1315938421 19
1315938481 18
1315938541 17
1315938601 17
1315938662 17
1315938721 18
1315938781 18
1315938841 18
1315938901 16
1315938972 18
1315939021 18
1315939081 18
1315939141 19
1315939201 19
1315939261 18
1315939321 19
1315939382 19
1315939442 19
1315939501 19
1315939561 19
1315939622 19
1315939681 19
1315939741 18
1315939801 19
1315939861 19
1315939921 19
1315939981 18
1315940041 19
1315940101 18
1315940161 17
1315940221 19
1315940282 19
1315940341 18
1315940401 18
1315940461 19
1315940521 19
1315940581 19
1315940641 18
1315940702 19
1315940761 18
1315940821 19
1315940881 20
1315940941 20
1315941001 20
1315941062 19
1315941122 19
1315941181 19
1315941241 19
1315941301 19
1315941361 20
1315941431 17
1315941481 18
1315941541 19
1315941601 20
1315941665 21
1315941721 21
1315941794 20
1315941841 22
1315941901 22
1315941964 21
1315942021 21
1315942081 21
1315942141 19
1315942201 20
1315942266 20
1315942322 20
1315942381 20
1315942446 20
1315942501 19
1315942561 19
1315942621 19
1315942681 19
1315942741 19
1315942802 18
1315942861 17
1315942921 17
1315942994 18
1315943041 18
1315943101 17
1315943165 17
1315943222 18
1315943282 18
1315943341 16
1315943401 18
1315943461 16
1315943521 18
1315943581 18
1315943641 18
1315943701 18
1315943761 17
1315943821 18
1315943881 18
1315943941 17
1315944001 14
1315944061 17
1315944121 14
1315944181 16
1315944241 17
1315944305 17
1315944361 16
1315944421 17
1315944481 17
1315944542 17
1315944601 16
1315944661 14
1315944721 17
1315944781 15
1315944841 17
1315944901 17
1315944961 17
1315945021 16
1315945081 17
1315945141 17
1315945201 17
1315945261 17
1315945321 15
1315945381 17
1315945441 17
1315945502 18
1315945561 18
1315945621 17
1315945681 18
1315945741 18
1315945801 18
1315945861 17
1315945922 16
1315945981 16
1315946041 15
1315946101 16
1315946161 17
1315946221 17
1315946281 16
1315946341 17
1315946401 17
1315946461 18
1315946522 17
1315946582 17
1315946641 17
1315946701 16
1315946761 16
1315946821 17
1315946881 18
1315946941 17
1315947001 18
1315947062 17
1315947121 17
1315947181 15
1315947241 14
1315947301 16
1315947361 16
1315947421 16
1315947481 17
1315947541 17
1315947602 17
1315947662 18
1315947721 18
1315947781 17
1315947841 17
1315947901 16
1315947961 17
1315948021 16
1315948082 16
1315948142 18
1315948201 17
1315948261 17
1315948321 18
1315948381 18
1315948441 17
1315948501 18
1315948562 15
1315948621 17
1315948681 16
1315948741 18
1315948801 18
1315948861 18
1315948921 17
1315948981 18
1315949041 18
1315949101 17
1315949162 16
1315949221 15
1315949281 17
1315949341 16
1315949401 18
1315949461 18
1315949521 18
1315949581 18
1315949641 18
1315949702 17
1315949761 16
1315949821 17
1315949881 16
1315949941 18
1315950001 17
1315950061 19
1315950121 19
1315950181 19
1315950241 19
1315950301 19
1315950361 19
1315950421 16
1315950482 19
1315950541 17
1315950601 18
1315950661 17
1315950721 18
1315950781 18
1315950841 19
1315950901 19
1315950962 18
1315951022 19
1315951081 16
1315951141 17
1315951201 16
1315951262 17
1315951321 17
1315951381 17
1315951441 17
1315951501 17
1315951561 17
1315951621 17
1315951681 17
1315951741 15
1315951801 17
1315951861 15
1315951921 15
1315951981 16
1315952041 17
1315952102 17
1315952161 17
1315952221 16
1315952281 16
1315952341 17
1315952402 16
1315952461 19
1315952521 18
1315952582 18
1315952641 17
1315952701 18
1315952761 18
1315952821 18
1315952881 18
1315952941 15
1315953001 17
1315953061 15
1315953121 16
1315953181 16
1315953241 16
1315953302 17
1315953361 18
1315953421 18
1315953481 17
1315953541 17
1315953601 15
1315953661 17
1315953722 16
1315953781 17
1315953841 17
1315953901 17
1315953961 17
1315954021 18
1315954081 18
1315954141 18
1315954201 19
1315954262 18
1315954322 20
1315954381 21
1315954441 21
1315954501 20
1315954561 21
1315954621 21
1315954681 21
1315954741 21
1315954801 20
1315954862 21
1315954921 19
1315954981 17
1315955041 19
1315955101 17
1315955161 19
1315955221 19
1315955281 19
1315955341 18
1315955401 19
1315955461 17
1315955521 19
1315955581 17
1315955642 17
1315955701 18
1315955761 15
1315955821 15
1315955881 17
1315955941 19
1315956001 16
1315956061 18
1315956121 17
1315956185 20
1315956241 18
1315956302 20
1315956361 20
1315956421 22
1315956481 21
1315956541 20
1315956601 23
1315956661 24
1315956721 27
1315956781 27
1315956841 31
1315956901 32
1315956973 31
1315957022 32
1315957081 34
1315957141 34
1315957201 34
1315957261 36
1315957321 43
1315957381 44
1315957441 45
1315957501 44
1315957561 44
1315957621 46
1315957681 49
1315957741 53
1315957803 55
1315957861 56
1315957921 48
1315957981 52
1315958041 51
1315958101 56
1315958162 55
1315958221 58
1315958281 56
1315958347 60
1315958401 61
1315958466 63
1315958521 69
1315958581 67
1315958641 70
1315958730 76
1315958761 76
1315958821 77
1315958890 82
1315958941 89
1315959019 89
1315959061 89
1315959121 87
1315959182 93
1315959242 95
1315959301 96
1315959361 100
1315959421 99
1315959481 96
1315959541 98
1315959601 99
1315959665 105
1315959724 107
1315959782 109
1315959841 105
1315959901 107
1315959961 106
1315960021 106
1315960081 106
1315960141 109
1315960201 108
1315960261 110
1315960342 109
1315960381 111
1315960441 112
1315960533 112
1315960561 108
1315960659 109
1315960681 109
1315960741 104
1315960801 108
1315960863 104
1315960922 113
1315960981 107
1315961064 129
1315961101 127
1315961161 128
1315961221 137
1315961282 145
1315961341 146
1315961401 153
1315961461 158
1315961521 155
1315961581 160
1315961641 155
1315961703 168
1315961761 168
1315961821 169
1315961885 167
1315961941 165
1315962001 160
1315962104 159
1315962121 159
1315962181 162
1315962241 164
1315962301 165
1315962361 173
1315962421 170
1315962481 171
1315962541 171
1315962601 173
1315962661 176
1315962721 175
1315962783 176
1315962842 179
1315962901 173
1315962961 170
1315963021 175
1315963082 175
1315963141 177
1315963284 178
1315963284 178
1315963323 168
1315963381 176
1315963441 171
1315963501 168
1315963561 178
1315963621 181
1315963681 186
1315963741 181
1315963801 176
1315963861 184
1315963921 196
1315963981 194
1315964042 192
1315964101 194
1315964161 195
1315964221 192
1315964281 189
1315964341 186
1315964401 190
1315964461 185
1315964521 182
1315964581 183
1315964641 183
1315964701 185
1315964761 185
1315964821 201
1315964881 195
1315964986 192
1315965001 194
1315965061 196
1315965121 195
1315965181 199
1315965261 196
1315965311 196
1315965361 182
1315965421 183
1315965481 186
1315965541 187
1315965601 184
1315965663 185
1315965721 181
1315965823 193
1315965841 184
1315965918 188
1315965961 184
1315966021 182
1315966081 197
1315966169 190
1315966201 196
1315966276 182
1315966321 197
1315966381 193
1315966441 184
1315966510 186
1315966561 184
1315966670 171
1315966681 167
1315966741 167
1315966801 169
1315966861 172
1315966921 173
1315966981 182
1315967041 187
1315967101 192
1315967163 196
1315967221 198
1315967281 187
1315967341 201
1315967416 203
1315967480 205
1315967529 196
1315967581 203
1315967641 204
1315967701 204
1315967762 213
1315967821 209
1315967911 196
1315967942 213
1315968005 209
1315968062 210
1315968121 209
1315968181 204
1315968241 200
1315968301 194
1315968361 201
1315968421 207
1315968481 213
1315968554 203
1315968601 223
1315968662 209
1315968721 216
1315968781 212
1315968841 221
1315968901 218
1315968961 199
1315969021 205
1315969081 216
1315969182 214
1315969208 219
1315969261 234
1315969321 223
1315969388 224
1315969441 218
1315969501 226
1315969561 234
1315969628 226
1315969681 220
1315969741 215
1315969801 226
1315969861 226
1315969921 226
1315969981 227
1315970079 219
1315970101 220
1315970161 213
1315970245 197
1315970281 217
1315970344 214
1315970401 199
1315970461 197
1315970521 210
1315970581 206
1315970641 200
1315970701 199
1315970761 214
1315970821 216
1315970881 202
1315970941 207
1315971002 213
1315971061 203
1315971121 205
1315971181 206
1315971241 210
1315971302 210
1315971361 208
1315971422 209
1315971481 210
1315971541 207
1315971601 206
1315971661 205
1315971723 208
1315971781 211
1315971863 215
1315971901 200
1315971988 219
1315972022 215
1315972081 211
1315972141 205
1315972201 205
1315972286 205
1315972322 198
1315972381 206
1315972441 218
1315972502 211
1315972561 210
1315972621 211
1315972708 222
1315972741 215
1315972801 213
1315972861 224
1315972921 210
1315972981 193
1315973041 198
1315973101 209
1315973161 201
1315973221 201
1315973281 202
1315973341 201
1315973401 206
1315973462 202
1315973521 199
1315973582 198
1315973642 192
1315973701 191
1315973761 194
1315973821 187
1315973881 189
1315973941 190
1315974001 187
1315974061 191
1315974121 185
1315974181 185
1315974241 191
1315974301 193
1315974364 189
1315974421 192
1315974481 195
1315974541 192
1315974601 194
1315974661 191
1315974721 193
1315974781 189
1315974841 185
1315974902 186
1315974961 187
1315975021 190
1315975081 185
1315975141 190
1315975201 188
1315975261 192
1315975321 190
1315975382 193
1315975441 198
1315975501 200
1315975561 202
1315975621 198
1315975681 201
1315975741 200
1315975801 201
1315975861 199
1315975921 198
1315975982 199
1315976041 196
1315976101 196
1315976161 194
1315976221 194
1315976281 198
1315976341 200
1315976401 203
1315976461 199
1315976522 207
1315976581 204
1315976641 200
1315976701 197
1315976761 200
1315976821 200
1315976882 198
1315976942 202
1315977001 195
1315977061 193
1315977121 193
1315977182 189
1315977241 189
1315977301 187
1315977361 186
1315977422 185
1315977481 176
1315977541 178
1315977601 188
1315977662 190
1315977721 181
1315977781 179
1315977841 175
1315977902 185
1315977961 192
1315978021 191
1315978081 196
1315978141 201
1315978224 204
1315978261 204
1315978321 209
1315978382 207
1315978441 209
1315978502 200
1315978561 195
1315978621 198
1315978681 193
1315978741 193
1315978801 199
1315978861 199
1315978921 208
1315978981 218
1315979041 215
1315979101 218
1315979161 233
1315979222 240
1315979281 241
1315979341 236
1315979403 249
1315979461 247
1315979521 240
1315979582 253
1315979642 262
1315979709 262
1315979761 240
1315979821 251
1315979881 272
1315979941 276
1315980001 268
1315980061 282
1315980124 272
1315980181 272
1315980241 280
1315980301 278
1315980361 284
1315980421 275
1315980482 271
1315980542 264
1315980601 267
1315980661 268
1315980721 292
1315980781 291
1315980841 281
1315980901 286
1315980961 290
1315981021 290
1315981081 282
1315981141 293
1315981202 292
1315981261 298
1315981321 293
1315981381 292
1315981442 286
1315981502 292
1315981561 298
1315981621 299
1315981681 308
1315981742 313
1315981802 305
1315981861 307
1315981921 312
1315981981 321
1315982042 329
1315982102 333
1315982161 339
1315982221 341
1315982281 329
1315982341 328
1315982401 350
1315982462 350
1315982522 357
1315982581 357
1315982641 360
1315982701 355
1315982761 351
1315982823 363
1315982882 356
1315982941 350
1315983001 349
1315983061 353
1315983122 348
1315983181 360
1315983242 369
1315983301 362
1315983361 362
1315983421 351
1315983481 360
1315983542 361
1315983601 358
1315983661 362
1315983721 362
1315983781 357
1315983842 348
1315983902 354
1315983961 351
1315984021 350
1315984081 351
1315984141 354
1315984201 351
1315984261 341
1315984321 335
1315984382 334
1315984441 335
1315984501 331
1315984561 328
1315984621 321
1315984681 314
1315984741 305
1315984802 306
1315984862 299
1315984921 294
1315984981 280
1315985041 271
1315985102 270
1315985162 269
1315985222 274
1315985281 269
1315985341 264
1315985402 259
1315985461 263
1315985521 259
1315985581 257
1315985641 263
1315985702 252
1315985761 252
1315985821 253
1315985881 257
1315985941 257
1315986001 251
1315986061 246
1315986121 244
1315986182 244
1315986241 239
1315986301 244
1315986361 242
1315986421 245
1315986481 244
1315986542 245
1315986602 239
1315986661 232
1315986722 233
1315986781 230
1315986841 227
1315986901 230
1315986961 225
1315987021 217
1315987081 217
1315987141 207
1315987201 207
1315987261 212
1315987322 213
1315987381 206
1315987441 201
1315987501 199
1315987561 199
1315987621 199
1315987681 194
1315987742 194
1315987801 197
1315987861 190
1315987921 190
1315987981 196
1315988041 190
1315988101 192
1315988162 183
1315988222 176
1315988281 173
1315988341 172
1315988402 171
1315988461 170
1315988521 166
1315988581 160
1315988641 166
1315988701 163
1315988761 162
1315988821 159
1315988881 162
1315988941 162
1315989001 152
1315989061 145
1315989139 136
1315989180 141
1315989241 135
1315989301 132
1315989361 136
1315989421 128
1315989481 130
1315989541 127
1315989601 129
1315989661 133
1315989721 133
1315989781 127
1315989845 127
1315989902 120
1315989962 125
1315990021 130
1315990081 122
1315990141 121
1315990201 122
1315990262 122
1315990321 122
1315990381 121
1315990441 123
1315990501 117
1315990561 117
1315990621 117
1315990681 114
1315990741 116
1315990802 114
1315990861 113
1315990921 110
1315990981 107
1315991041 102
1315991101 104
1315991161 99
1315991221 96
1315991281 95
1315991342 95
1315991401 93
1315991461 92
1315991521 92
1315991581 90
1315991641 87
1315991702 88
1315991761 85
1315991821 86
1315991881 80
1315991941 81
1315992001 81
1315992061 81
1315992121 80
1315992181 78
1315992241 78
1315992302 81
1315992361 82
1315992421 82
1315992483 83
1315992541 82
1315992601 80
1315992661 79
1315992721 78
1315992781 78
1315992841 78
1315992902 70
1315992962 73
1315993022 71
1315993081 71
1315993141 70
1315993201 71
1315993261 74
1315993321 71
1315993381 71
1315993441 75
1315993501 74
1315993562 71
1315993621 75
1315993681 74
1315993741 72
1315993801 75
1315993861 70
1315993921 73
1315993981 68
1315994041 66
1315994102 67
1315994162 64
1315994221 60
1315994281 61
1315994341 61
1315994401 59
1315994461 60
1315994521 62
1315994581 62
1315994641 61
1315994702 61
1315994761 61
1315994821 61
1315994881 61
1315994941 60
1315995003 61
1315995061 63
1315995121 63
1315995181 66
1315995241 65
1315995301 65
1315995362 70
1315995421 66
1315995481 70
1315995541 72
1315995601 72
1315995661 72
1315995721 70
1315995781 68
1315995841 66
1315995901 67
1315995962 64
1315996021 66
1315996081 66
1315996141 66
1315996201 68
1315996261 64
1315996321 64
1315996381 66
1315996441 67
1315996501 64
1315996561 67
1315996621 67
1315996681 64
1315996742 65
1315996801 64
1315996861 63
1315996921 62
1315996981 64
1315997041 63
1315997101 65
1315997161 64
1315997222 64
1315997282 66
1315997341 65
1315997401 63
1315997461 66
1315997521 66
1315997581 65
1315997641 66
1315997701 68
1315997761 69
1315997821 73
1315997882 72
1315997941 72
1315998001 73
1315998061 74
1315998121 72
1315998181 74
1315998241 74
1315998301 74
1315998361 72
1315998421 72
1315998482 72
1315998542 73
1315998601 75
1315998661 78
1315998721 79
1315998781 80
1315998841 81
1315998901 80
1315998961 88
1315999021 87
1315999081 86
1315999141 89
1315999201 90
1315999261 87
1315999321 90
1315999382 86
1315999442 89
1315999501 89
1315999561 86
1315999621 88
1315999681 86
1315999741 82
1315999801 89
1315999861 86
1315999921 86
1315999982 87
1316000041 86
1316000101 88
1316000161 88
1316000221 84
1316000281 87
1316000341 89
1316000401 87
1316000461 87
1316000521 92
1316000581 91
1316000641 89
1316000701 88
1316000761 90
1316000821 90
1316000881 90
1316000941 88
1316001001 86
1316001061 88
1316001122 81
1316001182 85
1316001241 88
1316001301 89
1316001361 86
1316001421 85
1316001481 88
1316001541 91
1316001601 89
1316001661 93
1316001722 90
1316001781 89
1316001841 91
1316001901 91
1316001961 95
1316002021 95
1316002081 95
1316002141 99
1316002202 101
1316002261 96
1316002321 103
1316002381 109
1316002441 108
1316002501 112
1316002561 110
1316002621 111
1316002681 112
1316002741 111
1316002802 114
1316002861 116
1316002921 114
1316002981 113
1316003041 115
1316003101 116
1316003161 120
1316003221 118
1316003281 119
1316003341 119
1316003402 118
1316003461 119
1316003521 115
1316003581 115
1316003641 116
1316003701 111
1316003761 117
1316003821 116
1316003881 114
1316003941 115
1316004002 114
1316004062 117
1316004121 120
1316004181 122
1316004241 122
1316004301 123
1316004361 120
1316004421 118
1316004481 120
1316004541 115
1316004602 115
1316004661 117
1316004721 118
1316004781 115
1316004841 118
1316004901 116
1316004961 115
1316005021 116
1316005081 114
1316005141 114
1316005202 111
1316005261 110
1316005321 108
1316005381 108
1316005441 107
1316005501 105
1316005561 103
1316005621 104
1316005681 104
1316005742 105
1316005802 106
1316005861 106
1316005921 104
1316005981 104
1316006041 103
1316006101 100
1316006161 98
1316006221 103
1316006281 102
1316006341 98
1316006401 102
1316006461 98
1316006521 101
1316006581 98
1316006642 99
1316006702 101
1316006761 101
1316006821 100
1316006881 100
1316006941 102
1316007001 98
1316007061 98
1316007121 103
1316007182 101
1316007242 99
1316007301 102
1316007361 98
1316007421 103
1316007481 102
1316007541 105
1316007601 106
1316007662 107
1316007721 105
1316007781 107
1316007841 104
1316007901 100
1316007961 99
1316008021 97
1316008081 99
1316008141 98
1316008202 95
1316008262 100
1316008321 100
1316008381 100
1316008441 100
1316008501 101
1316008562 102
1316008621 100
1316008681 98
1316008741 100
1316008802 102
1316008861 102
1316008921 107
1316008981 105
1316009041 104
1316009101 107
1316009161 109
1316009221 106
1316009281 106
1316009341 103
1316009402 105
1316009461 100
1316009521 99
1316009581 98
1316009641 100
1316009701 97
1316009761 98
1316009821 94
1316009881 93
1316009941 94
1316010002 93
1316010061 95
1316010121 95
1316010181 96
1316010241 99
1316010301 97
1316010361 97
1316010421 98
1316010482 97
1316010542 97
1316010601 96
1316010661 94
1316010721 92
1316010781 95
1316010841 93
1316010901 95
1316010961 96
1316011021 96
1316011082 96
1316011142 95
1316011201 95
1316011261 94
1316011321 94
1316011381 94
1316011441 94
1316011501 93
1316011561 89
1316011621 89
1316011682 91
1316011742 87
1316011801 88
1316011861 90
1316011921 88
1316011981 83
1316012042 88
1316012101 87
1316012161 90
1316012221 92
1316012281 91
1316012341 92
1316012401 87
1316012461 83
1316012521 82
1316012582 82
1316012641 77
1316012701 77
1316012761 77
1316012821 76
1316012881 77
1316012941 76
1316013001 76
1316013062 76
1316013122 75
1316013181 70
1316013241 76
1316013301 76
1316013361 78
1316013421 76
1316013481 75
1316013541 70
1316013601 70
1316013661 70
1316013722 71
1316013781 70
1316013841 67
1316013901 66
1316013961 65
1316014021 64
1316014081 65
1316014141 65
1316014201 63
1316014262 64
1316014321 61
1316014381 64
1316014441 58
1316014501 61
1316014561 60
1316014621 58
1316014681 56
1316014741 59
1316014801 62
1316014861 62
1316014921 62
1316014981 59
1316015041 59
1316015101 58
1316015161 56
1316015221 56
1316015281 56
1316015341 54
1316015401 56
1316015461 53
1316015522 56
1316015581 56
1316015641 57
1316015701 54
1316015761 57
1316015821 56
1316015882 57
1316015942 54
1316016001 54
