1309190461 13
1309190521 13
1309190581 13
1309190641 14
1309190701 15
1309190761 15
1309190821 14
1309190881 15
1309190941 13
1309191002 14
1309191061 14
1309191121 15
1309191181 13
1309191241 13
1309191301 14
1309191361 14
1309191421 14
1309191481 13
1309191541 14
1309191601 13
1309191661 12
1309191722 12
1309191781 13
1309191841 13
1309191901 12
1309191961 12
1309192021 13
1309192081 13
1309192141 10
1309192201 11
1309192261 11
1309192321 11
1309192381 12
1309192442 11
1309192501 12
1309192561 12
1309192622 11
1309192681 12
1309192741 12
1309192801 11
1309192861 12
1309192921 11
1309192981 11
1309193041 12
1309193101 13
1309193161 12
1309193221 11
1309193281 12
1309193341 13
1309193402 13
1309193461 12
1309193521 13
1309193581 12
1309193641 13
1309193701 14
1309193761 15
1309193821 15
1309193881 15
1309193941 14
1309194001 13
1309194061 12
1309194121 12
1309194181 12
1309194241 13
1309194301 11
1309194361 13
1309194422 13
1309194481 11
1309194541 13
1309194601 13
1309194661 13
1309194721 11
1309194781 12
1309194841 12
1309194901 13
1309194961 10
1309195021 13
1309195081 13
1309195141 12
1309195201 12
1309195261 12
1309195321 12
1309195381 10
1309195441 9
1309195501 9
1309195561 11
1309195621 9
1309195681 9
1309195741 10
1309195802 10
1309195861 10
1309195921 10
1309195981 11
1309196041 10
1309196101 9
1309196161 7
1309196221 10
1309196281 9
1309196341 8
1309196401 11
1309196461 11
1309196522 11
1309196581 10
1309196641 9
1309196701 9
1309196761 10
1309196821 8
1309196881 10
1309196941 9
1309197001 7
1309197061 9
1309197121 9
1309197181 9
1309197241 9
1309197302 9
1309197361 7
1309197421 9
1309197481 6
1309197541 9
1309197601 9
1309197661 7
1309197721 9
1309197781 9
1309197842 9
1309197901 9
1309197961 9
1309198021 7
1309198081 9
1309198141 6
1309198201 9
1309198261 9
1309198321 7
1309198381 9
1309198441 9
1309198501 9
1309198561 9
1309198621 9
1309198682 7
1309198741 9
1309198801 7
1309198861 8
1309198921 9
1309198981 7
1309199041 9
1309199101 9
1309199161 9
1309199221 9
1309199281 9
1309199341 7
1309199402 9
1309199461 7
1309199521 8
1309199581 9
1309199641 7
1309199701 8
1309199761 8
1309199821 8
1309199881 8
1309199941 8
1309200001 5
1309200061 8
1309200122 6
1309200181 8
1309200241 8
1309200301 7
1309200361 8
1309200421 8
1309200481 8
1309200541 8
1309200601 8
1309200661 5
1309200721 8
1309200781 7
1309200842 8
1309200901 7
1309200961 7
1309201021 8
1309201081 8
1309201141 8
1309201201 8
1309201261 8
1309201321 6
1309201381 8
1309201441 7
1309201501 8
1309201562 7
1309201621 7
1309201681 8
1309201741 8
1309201801 8
1309201861 8
1309201921 8
1309201981 4
1309202041 8
1309202101 7
1309202161 8
1309202221 7
1309202282 8
1309202342 7
1309202401 8
1309202461 8
1309202521 8
1309202581 9
1309202641 6
1309202701 9
1309202761 8
1309202821 9
1309202881 8
1309202941 9
1309203001 8
1309203061 9
1309203122 8
1309203181 7
1309203241 7
1309203301 5
1309203361 8
1309203421 7
1309203481 8
1309203541 7
1309203601 8
1309203661 8
1309203721 8
1309203781 8
1309203842 7
1309203901 7
1309203961 5
1309204021 8
1309204081 7
1309204141 8
1309204201 7
1309204261 7
1309204321 8
1309204381 8
1309204441 8
1309204501 7
1309204561 8
1309204622 6
1309204681 7
1309204741 7
1309204801 8
1309204861 7
1309204921 7
1309204981 8
1309205041 8
1309205101 8
1309205161 7
1309205221 8
1309205281 7
1309205341 7
1309205402 7
1309205461 8
1309205521 7
1309205581 7
1309205641 8
1309205701 8
1309205761 7
1309205821 6
1309205881 7
1309205941 7
1309206001 5
1309206062 6
1309206121 7
1309206181 6
1309206241 6
1309206301 7
1309206361 7
1309206421 7
1309206481 5
1309206541 7
1309206601 7
1309206661 5
1309206721 6
1309206781 7
1309206842 6
1309206901 6
1309206961 7
1309207021 7
1309207081 7
1309207141 5
1309207201 7
1309207261 7
1309207321 5
1309207381 6
1309207441 7
1309207502 6
1309207562 6
1309207621 7
1309207681 7
1309207741 7
1309207801 5
1309207861 7
1309207921 7
1309207981 5
1309208041 7
1309208101 6
1309208161 6
1309208221 6
1309208282 7
1309208341 7
1309208401 7
1309208461 6
1309208521 7
1309208581 7
1309208641 5
1309208701 7
1309208761 6
1309208821 6
1309208881 6
1309208941 7
1309209002 7
1309209061 7
1309209121 6
1309209181 7
1309209241 7
1309209301 5
1309209361 7
1309209421 6
1309209481 6
1309209541 6
1309209601 7
1309209661 7
1309209722 7
1309209781 6
1309209841 6
1309209901 8
1309209961 6
1309210021 8
1309210081 7
1309210141 7
1309210201 7
1309210261 8
1309210321 8
1309210381 8
1309210442 8
1309210501 8
1309210561 8
1309210621 6
1309210681 8
1309210741 7
1309210801 7
1309210861 7
1309210921 7
1309210981 8
1309211041 8
1309211101 7
1309211162 8
1309211221 8
1309211281 6
1309211341 9
1309211401 8
1309211461 9
1309211521 8
1309211581 8
1309211641 9
1309211701 9
1309211761 9
1309211821 9
1309211882 9
1309211941 7
1309212001 8
1309212061 7
1309212121 7
1309212181 7
1309212241 7
1309212301 8
1309212361 8
1309212421 7
1309212481 7
1309212541 7
1309212601 6
1309212662 7
1309212721 6
1309212781 6
1309212841 6
1309212901 5
1309212961 7
1309213021 7
1309213081 7
1309213141 7
1309213201 7
1309213261 8
1309213321 8
1309213382 7
1309213441 7
1309213501 7
1309213561 6
1309213621 8
1309213681 8
1309213741 7
1309213801 8
1309213861 8
1309213921 8
1309213981 8
1309214041 8
1309214101 7
1309214161 6
1309214221 5
1309214281 7
1309214342 7
1309214401 6
1309214461 6
1309214521 6
1309214581 7
1309214641 6
1309214701 7
1309214761 7
1309214821 6
1309214881 5
1309214941 7
1309215002 7
1309215061 6
1309215121 6
1309215181 6
1309215241 7
1309215301 6
1309215361 7
1309215421 7
1309215481 6
1309215541 7
1309215601 8
1309215661 8
1309215722 7
1309215781 7
1309215841 9
1309215901 10
1309215961 9
1309216021 11
1309216081 11
1309216141 10
1309216201 9
1309216261 10
1309216321 11
1309216381 10
1309216442 9
1309216501 9
1309216561 11
1309216621 11
1309216681 12
1309216741 11
1309216801 11
1309216861 10
1309216921 11
1309216981 12
1309217041 11
1309217101 11
1309217161 12
1309217222 11
1309217281 9
1309217341 11
1309217401 11
1309217461 11
1309217521 10
1309217581 12
1309217641 13
1309217701 13
1309217761 12
1309217821 14
1309217881 15
1309217942 13
1309218001 15
1309218061 15
1309218121 14
1309218181 13
1309218241 15
1309218301 15
1309218361 15
1309218421 14
1309218481 14
1309218541 16
1309218602 14
1309218661 18
1309218721 19
1309218781 20
1309218841 19
1309218901 22
1309218961 24
1309219021 24
1309219081 25
1309219141 25
1309219201 29
1309219261 27
1309219322 29
1309219381 28
1309219441 29
1309219501 27
1309219561 29
1309219621 29
1309219681 30
1309219741 30
1309219801 29
1309219861 29
1309219921 29
1309219981 30
1309220042 30
1309220101 31
1309220161 31
1309220221 31
1309220281 32
1309220341 32
1309220401 32
1309220461 32
1309220521 34
1309220581 33
1309220641 34
1309220701 34
1309220762 35
1309220821 40
1309220881 39
1309220941 41
1309221001 43
1309221061 42
1309221121 45
1309221181 44
1309221241 42
1309221301 44
1309221361 44
1309221422 43
1309221481 46
1309221541 43
1309221601 45
1309221661 47
1309221721 46
1309221781 51
1309221841 51
1309221901 51
1309221961 49
1309222021 49
1309222082 48
1309222141 51
1309222201 50
1309222261 52
1309222321 53
1309222381 51
1309222441 50
1309222501 49
1309222561 49
1309222621 49
1309222681 51
1309222741 50
1309222801 48
1309222861 47
1309222921 49
1309222981 50
1309223041 52
1309223101 52
1309223161 50
1309223221 49
1309223281 49
1309223341 52
1309223401 50
1309223461 52
1309223522 50
1309223581 49
1309223641 49
1309223701 50
1309223761 51
1309223821 51
1309223881 52
1309223941 51
1309224001 54
1309224061 56
1309224121 55
1309224182 56
1309224241 54
1309224301 55
1309224361 55
1309224421 55
1309224481 55
1309224541 56
1309224601 54
1309224661 55
1309224721 53
1309224782 56
1309224841 58
1309224901 60
1309224961 61
1309225021 62
1309225081 62
1309225141 62
1309225201 64
1309225261 66
1309225321 65
1309225381 61
1309225442 58
1309225501 59
1309225561 59
1309225621 58
1309225681 57
1309225741 59
1309225801 58
1309225861 55
1309225921 59
1309225981 62
1309226041 61
1309226102 61
1309226162 63
1309226221 63
1309226281 63
1309226341 64
1309226401 64
1309226461 65
1309226521 62
1309226581 63
1309226641 63
1309226701 60
1309226761 58
1309226822 57
1309226881 58
1309226941 58
1309227001 57
1309227061 59
1309227121 58
1309227181 55
1309227241 60
1309227301 60
1309227361 62
1309227421 63
1309227482 61
1309227541 61
1309227601 64
1309227661 63
1309227721 68
1309227781 66
1309227841 68
1309227901 69
1309227961 71
1309228021 69
1309228081 70
1309228141 71
1309228202 72
1309228261 70
1309228321 65
1309228381 66
1309228441 64
1309228501 66
1309228561 64
1309228621 64
1309228681 61
1309228741 63
1309228801 59
1309228862 60
1309228921 63
1309228981 62
1309229041 61
1309229101 62
1309229161 60
1309229221 61
1309229281 62
1309229341 60
1309229401 62
1309229461 61
1309229522 57
1309229581 60
1309229641 60
1309229701 58
1309229761 59
1309229821 59
1309229881 59
1309229941 56
1309230001 55
1309230061 56
1309230121 54
1309230181 55
1309230242 56
1309230301 55
1309230361 58
1309230421 58
1309230481 58
1309230541 55
1309230601 56
1309230661 59
1309230721 60
1309230781 61
1309230842 65
1309230901 63
1309230961 65
1309231021 64
1309231081 65
1309231141 66
1309231201 65
1309231261 66
1309231321 71
1309231381 68
1309231441 65
1309231501 63
1309231562 61
1309231621 63
1309231681 63
1309231741 61
1309231801 62
1309231861 56
1309231921 55
1309231981 58
1309232041 59
1309232101 58
1309232161 54
1309232221 53
1309232282 56
1309232341 57
1309232401 56
1309232461 55
1309232521 55
1309232581 57
1309232641 55
1309232701 58
1309232761 60
1309232821 63
1309232881 63
1309232942 63
1309233001 64
1309233061 63
1309233121 64
1309233181 63
1309233241 64
1309233301 61
1309233361 60
1309233421 58
1309233482 59
1309233541 58
1309233601 58
1309233661 59
1309233721 60
1309233781 59
1309233841 59
1309233901 60
1309233961 62
1309234021 62
1309234082 55
1309234141 57
1309234201 57
1309234261 57
1309234321 54
1309234381 54
1309234441 55
1309234501 54
1309234561 52
1309234621 52
1309234681 52
1309234741 51
1309234802 52
1309234861 52
1309234921 51
1309234981 53
1309235041 51
1309235101 51
1309235161 52
1309235221 51
1309235281 53
1309235341 53
1309235402 52
1309235461 50
1309235521 50
1309235581 48
1309235641 49
1309235701 50
1309235761 48
1309235821 46
1309235881 48
1309235941 49
1309236001 48
1309236061 49
1309236122 47
1309236182 48
1309236241 49
1309236301 48
1309236361 50
1309236421 52
1309236481 51
1309236541 54
1309236601 54
1309236661 55
1309236721 53
1309236781 51
1309236842 52
1309236901 58
1309236961 56
1309237021 56
1309237081 58
1309237141 57
1309237201 55
1309237261 57
1309237321 56
1309237381 55
1309237441 55
1309237502 52
1309237561 55
1309237621 55
1309237681 56
1309237741 54
1309237801 55
1309237861 53
1309237921 54
1309237981 54
1309238041 51
1309238101 52
1309238161 51
1309238222 52
1309238281 52
1309238341 53
1309238401 54
1309238461 54
1309238521 54
1309238581 54
1309238641 52
1309238701 53
1309238761 53
1309238821 56
1309238882 56
1309238941 58
1309239001 58
1309239061 59
1309239121 62
1309239181 61
1309239241 62
1309239301 62
1309239361 62
1309239421 61
1309239481 63
1309239542 62
1309239601 62
1309239661 61
1309239721 58
1309239781 62
1309239841 62
1309239901 60
1309239961 65
1309240021 65
1309240081 67
1309240141 67
1309240202 68
1309240261 69
1309240321 68
1309240381 63
1309240441 64
1309240501 61
1309240561 64
1309240621 63
1309240681 61
1309240741 60
1309240802 64
1309240861 64
1309240921 67
1309240981 68
1309241041 67
1309241101 70
1309241161 67
1309241221 66
1309241281 70
1309241341 69
1309241401 68
1309241462 67
1309241521 68
1309241581 69
1309241641 69
1309241701 68
1309241761 67
1309241821 67
1309241881 62
1309241941 59
1309242001 59
1309242062 60
1309242122 60
1309242181 60
1309242241 61
1309242301 58
1309242361 60
1309242421 61
1309242481 63
1309242541 62
1309242601 61
1309242661 64
1309242721 63
1309242782 62
1309242841 61
1309242901 61
1309242961 61
1309243021 60
1309243081 63
1309243141 61
1309243201 62
1309243261 63
1309243322 64
1309243381 65
1309243441 66
1309243501 66
1309243561 65
1309243621 66
1309243681 63
1309243741 65
1309243801 67
1309243861 65
1309243921 66
1309243981 67
1309244041 65
1309244102 68
1309244161 66
1309244221 62
1309244281 62
1309244341 63
1309244401 59
1309244461 59
1309244521 56
1309244581 58
1309244641 59
1309244702 59
1309244761 58
1309244821 60
1309244881 59
1309244941 57
1309245001 58
1309245061 60
1309245121 58
1309245181 59
1309245241 63
1309245301 62
1309245361 65
1309245421 66
1309245481 68
1309245541 71
1309245601 69
1309245661 69
1309245721 68
1309245781 67
1309245841 64
1309245901 65
1309245961 64
1309246021 62
1309246081 61
1309246142 58
1309246201 62
1309246261 60
1309246321 60
1309246381 62
1309246441 61
1309246501 61
1309246561 58
1309246621 62
1309246681 62
1309246741 62
1309246801 62
1309246862 62
1309246921 62
1309246981 61
1309247041 61
1309247101 64
1309247161 64
1309247221 63
1309247281 61
1309247341 60
1309247401 57
1309247461 60
1309247522 61
1309247581 56
1309247641 54
1309247701 53
1309247761 52
1309247821 50
1309247881 53
1309247941 51
1309248001 50
1309248061 46
1309248121 46
1309248182 45
1309248241 43
1309248301 43
1309248361 43
1309248421 42
1309248481 40
1309248541 41
1309248601 42
1309248661 40
1309248721 38
1309248782 39
1309248841 39
1309248901 38
1309248961 38
1309249021 32
1309249081 30
1309249141 32
1309249201 29
1309249261 30
1309249321 30
1309249381 31
1309249441 29
1309249502 26
1309249561 27
1309249621 26
1309249681 26
1309249741 28
1309249801 28
1309249861 28
1309249921 30
1309249981 27
1309250041 30
1309250101 32
1309250161 32
1309250222 33
1309250281 32
1309250341 30
1309250401 31
1309250461 30
1309250521 32
1309250581 33
1309250641 30
1309250701 27
1309250761 27
1309250821 27
1309250881 27
1309250941 24
1309251002 24
1309251061 24
1309251121 24
1309251181 23
1309251241 23
1309251301 24
1309251361 25
1309251421 27
1309251481 27
1309251541 31
1309251601 30
1309251662 32
1309251721 29
1309251781 31
1309251841 30
1309251901 29
1309251961 27
1309252021 27
1309252081 27
1309252141 26
1309252201 25
1309252261 23
1309252321 23
1309252381 23
1309252442 25
1309252501 25
1309252561 23
1309252621 23
1309252681 22
1309252741 20
1309252801 20
1309252861 18
1309252921 19
1309252981 18
1309253041 17
1309253101 18
1309253162 18
1309253221 16
1309253281 19
1309253341 17
1309253401 19
1309253461 21
1309253521 18
1309253581 20
1309253641 21
1309253701 19
1309253761 18
1309253821 19
1309253882 16
1309253941 18
1309254001 16
1309254061 15
1309254121 16
1309254182 13
1309254241 12
1309254301 15
1309254361 15
1309254421 14
1309254481 15
1309254541 15
1309254601 15
1309254661 16
1309254721 17
1309254781 17
1309254841 17
1309254901 17
1309254961 17
1309255021 18
1309255081 16
1309255141 14
1309255201 14
1309255261 13
1309255321 14
1309255381 15
1309255441 16
1309255501 16
1309255561 15
1309255622 13
1309255681 17
1309255741 16
1309255801 16
1309255861 17
1309255921 14
1309255981 16
1309256041 15
1309256101 15
1309256161 16
1309256221 16
1309256281 15
1309256342 18
1309256401 17
1309256461 18
1309256521 19
1309256581 18
1309256641 19
1309256701 18
1309256761 18
1309256821 18
1309256881 17
1309256941 16
1309257001 17
1309257061 15
1309257121 18
1309257181 18
1309257241 19
1309257301 18
1309257361 18
1309257421 18
1309257481 17
1309257541 18
1309257601 17
1309257661 18
1309257722 16
1309257781 17
1309257841 16
1309257901 18
1309257961 17
1309258021 17
1309258081 17
1309258141 17
1309258201 18
1309258261 18
1309258321 17
1309258381 15
1309258442 16
1309258501 16
1309258561 16
1309258621 16
1309258681 17
1309258741 16
1309258801 17
1309258861 17
1309258921 17
1309258981 17
1309259041 16
1309259101 15
1309259162 19
1309259222 18
1309259281 19
1309259341 21
1309259401 21
1309259461 21
1309259521 21
1309259581 22
1309259641 21
1309259701 20
1309259761 21
1309259821 23
1309259881 21
1309259942 19
1309260001 19
1309260061 18
1309260121 18
1309260181 19
1309260241 18
1309260301 18
1309260361 16
1309260421 18
1309260481 18
1309260541 19
1309260601 19
1309260661 21
1309260722 20
1309260781 20
1309260841 20
1309260901 20
1309260961 18
1309261021 18
1309261081 20
1309261141 18
1309261201 19
1309261261 16
1309261321 17
1309261381 19
1309261441 20
1309261502 20
1309261561 19
1309261621 18
1309261681 20
1309261741 22
1309261801 21
1309261861 20
1309261921 19
1309261981 19
1309262041 19
1309262101 19
1309262161 20
1309262222 18
1309262281 16
1309262341 19
1309262401 19
1309262461 19
1309262521 19
1309262581 16
1309262641 19
1309262701 18
1309262761 18
1309262821 22
1309262881 19
1309262942 19
1309263001 21
1309263061 22
1309263121 22
1309263181 20
1309263241 21
1309263301 22
1309263361 21
1309263421 20
1309263481 23
1309263541 21
1309263602 22
1309263661 24
1309263721 24
1309263781 25
1309263841 22
1309263901 21
1309263961 21
1309264021 20
1309264081 22
1309264141 20
1309264201 19
1309264261 17
1309264322 20
1309264381 19
1309264441 20
1309264501 22
1309264561 22
1309264621 21
1309264681 22
1309264741 21
1309264801 20
1309264861 18
1309264921 19
1309264982 21
1309265041 18
1309265101 18
1309265161 19
1309265221 20
1309265281 20
1309265341 21
1309265401 21
1309265461 21
1309265521 21
1309265581 20
1309265641 22
1309265702 21
1309265761 22
1309265821 21
1309265881 20
1309265941 21
1309266001 21
1309266061 23
1309266121 21
1309266181 21
1309266241 21
1309266301 22
1309266362 21
1309266421 22
1309266481 20
1309266541 22
1309266601 22
1309266661 22
1309266721 20
1309266781 22
1309266841 23
1309266901 23
1309266961 25
1309267021 25
1309267081 26
1309267142 23
1309267201 25
1309267261 25
1309267321 25
1309267381 24
1309267441 23
1309267501 26
1309267561 23
1309267621 24
1309267681 24
1309267741 24
1309267801 22
1309267862 24
1309267921 24
1309267981 22
1309268041 24
1309268101 20
1309268161 23
1309268221 22
1309268281 22
1309268341 24
1309268401 25
1309268461 24
1309268521 27
1309268581 29
1309268642 27
1309268701 27
1309268761 24
1309268821 27
1309268881 25
1309268941 22
1309269001 24
1309269061 24
1309269121 24
1309269181 22
1309269241 24
1309269301 25
1309269362 24
1309269421 22
1309269481 25
1309269541 23
1309269601 22
1309269661 21
1309269721 19
1309269781 23
1309269841 22
1309269901 22
1309269961 22
1309270022 20
1309270081 21
1309270141 22
1309270201 18
1309270261 19
1309270321 20
1309270381 16
1309270441 18
1309270501 18
1309270561 19
1309270621 19
1309270681 16
1309270742 17
1309270801 17
1309270861 16
1309270921 18
1309270981 19
1309271041 19
1309271101 23
1309271161 22
1309271221 23
1309271281 23
1309271341 21
1309271402 22
1309271461 22
1309271521 19
1309271581 19
1309271641 18
1309271701 14
1309271761 18
1309271821 18
1309271881 19
1309271941 19
1309272001 19
1309272061 19
1309272121 19
1309272181 18
1309272241 18
1309272301 19
1309272361 21
1309272421 20
1309272481 22
1309272541 23
1309272601 23
1309272661 23
1309272721 24
1309272781 23
1309272842 22
1309272901 21
1309272961 21
1309273021 24
1309273081 23
1309273141 22
1309273201 22
1309273261 22
1309273321 21
1309273381 22
1309273441 22
1309273502 23
1309273561 21
1309273621 21
1309273681 20
1309273741 20
1309273801 21
1309273861 22
1309273921 21
1309273981 20
1309274041 20
1309274101 19
1309274161 17
1309274221 19
1309274282 20
1309274341 20
1309274401 18
1309274461 19
1309274521 18
1309274581 19
1309274641 17
1309274701 19
1309274761 18
1309274821 18
1309274881 17
1309274941 17
1309275002 18
1309275061 18
1309275121 19
1309275181 18
1309275241 19
1309275301 17
1309275361 18
1309275421 14
1309275481 17
1309275541 17
1309275601 16
1309275661 16
1309275722 17
1309275781 18
1309275841 18
1309275901 18
1309275961 19
1309276021 18
1309276081 15
1309276141 18
1309276201 18
1309276261 17
1309276321 16
1309276381 17
1309276442 15
1309276501 16
1309276561 14
1309276621 15
1309276681 14
1309276741 13
1309276801 13
