1307462461 12
1307462521 11
1307462581 11
1307462641 12
1307462701 12
1307462761 13
1307462821 13
1307462881 12
1307462941 12
1307463001 13
1307463061 11
1307463121 12
1307463181 12
1307463241 11
1307463302 12
1307463362 13
1307463421 13
1307463481 14
1307463541 14
1307463601 12
1307463661 14
1307463721 14
1307463781 14
1307463841 13
1307463901 11
1307463961 12
1307464022 10
1307464082 10
1307464141 11
1307464201 11
1307464261 9
1307464321 9
1307464381 10
1307464441 8
1307464501 9
1307464561 8
1307464621 7
1307464681 8
1307464742 8
1307464801 9
1307464861 9
1307464921 8
1307464981 8
1307465041 10
1307465101 9
1307465161 10
1307465221 10
1307465281 10
1307465341 10
1307465401 10
1307465462 11
1307465521 11
1307465581 10
1307465641 9
1307465701 10
1307465761 9
1307465821 10
1307465881 9
1307465941 8
1307466001 8
1307466061 8
1307466121 8
1307466181 7
1307466241 7
1307466301 7
1307466361 8
1307466421 7
1307466481 8
1307466541 8
1307466601 7
1307466662 7
1307466721 8
1307466781 9
1307466841 9
1307466901 9
1307466961 9
1307467021 8
1307467081 7
1307467142 9
1307467201 9
1307467261 9
1307467321 9
1307467381 9
1307467441 8
1307467501 8
1307467561 9
1307467621 9
1307467681 9
1307467741 8
1307467801 9
1307467861 9
1307467922 8
1307467981 8
1307468041 9
1307468101 8
1307468161 8
1307468221 9
1307468281 9
1307468341 8
1307468401 8
1307468461 9
1307468521 9
1307468581 8
1307468642 8
1307468701 9
1307468761 8
1307468821 7
1307468881 7
1307468941 7
1307469001 6
1307469061 6
1307469121 7
1307469181 7
1307469241 6
1307469301 6
1307469361 7
1307469421 7
1307469482 6
1307469541 7
1307469601 7
1307469661 7
1307469721 5
1307469781 7
1307469841 7
1307469901 6
1307469961 6
1307470021 6
1307470081 6
1307470141 4
1307470202 5
1307470261 5
1307470321 5
1307470381 3
1307470441 5
1307470501 5
1307470561 4
1307470621 4
1307470681 4
1307470741 4
1307470801 3
1307470861 4
1307470922 4
1307470981 4
1307471041 2
1307471101 4
1307471161 4
1307471221 4
1307471281 4
1307471341 4
1307471401 4
1307471461 2
1307471521 4
1307471581 4
1307471641 4
1307471702 3
1307471761 4
1307471821 4
1307471881 4
1307471941 4
1307472001 4
1307472061 4
1307472121 2
1307472181 4
1307472241 4
1307472301 4
1307472361 3
1307472422 4
1307472481 4
1307472541 4
1307472601 4
1307472661 4
1307472721 4
1307472781 2
1307472841 4
1307472901 4
1307472961 4
1307473021 3
1307473081 4
1307473142 4
1307473201 4
1307473261 4
1307473321 4
1307473381 4
1307473441 3
1307473501 3
1307473561 4
1307473621 4
1307473681 3
1307473741 4
1307473801 4
1307473861 4
1307473922 4
1307473981 4
1307474041 4
1307474101 3
1307474161 3
1307474221 4
1307474281 4
1307474341 3
1307474401 4
1307474461 4
1307474521 4
1307474581 4
1307474642 4
1307474702 3
1307474761 2
1307474821 2
1307474881 3
1307474941 3
1307475001 2
1307475061 3
1307475121 3
1307475181 3
1307475241 3
1307475301 3
1307475361 3
1307475422 2
1307475481 2
1307475541 3
1307475601 3
1307475661 2
1307475721 3
1307475781 3
1307475841 3
1307475901 3
1307475961 3
1307476021 3
1307476081 2
1307476141 2
1307476202 3
1307476261 3
1307476321 2
1307476381 3
1307476441 3
1307476501 3
1307476561 3
1307476621 3
1307476681 3
1307476741 2
1307476801 2
1307476861 3
1307476922 3
1307476981 2
1307477041 3
1307477101 3
1307477161 3
1307477221 3
1307477281 3
1307477341 3
1307477401 2
1307477461 2
1307477521 3
1307477581 4
1307477642 3
1307477701 4
1307477761 4
1307477821 4
1307477881 4
1307477941 4
1307478001 4
1307478061 3
1307478121 3
1307478181 3
1307478241 4
1307478301 3
1307478362 4
1307478421 4
1307478481 4
1307478541 4
1307478601 4
1307478661 4
1307478721 3
1307478781 3
1307478841 3
1307478901 4
1307478961 3
1307479021 4
1307479081 4
1307479142 4
1307479201 4
1307479261 4
1307479321 4
1307479381 3
1307479441 3
1307479501 3
1307479561 4
1307479621 3
1307479681 4
1307479741 4
1307479801 4
1307479862 4
1307479921 4
1307479981 4
1307480041 3
1307480101 3
1307480161 3
1307480221 4
1307480281 3
1307480341 4
1307480401 4
1307480461 4
1307480521 4
1307480582 4
1307480642 4
1307480701 4
1307480761 2
1307480821 3
1307480881 4
1307480941 3
1307481001 4
1307481061 4
1307481121 4
1307481181 4
1307481241 4
1307481302 4
1307481361 5
1307481421 3
1307481481 4
1307481541 6
1307481601 6
1307481661 5
1307481721 6
1307481781 6
1307481841 7
1307481901 8
1307481961 8
1307482021 8
1307482082 6
1307482141 7
1307482201 8
1307482261 8
1307482321 8
1307482381 8
1307482441 8
1307482501 7
1307482561 7
1307482621 8
1307482681 8
1307482741 6
1307482802 7
1307482861 7
1307482921 6
1307482981 7
1307483041 7
1307483101 7
1307483161 6
1307483221 6
1307483281 7
1307483341 6
1307483401 5
1307483461 7
1307483521 7
1307483582 6
1307483641 7
1307483701 7
1307483761 7
1307483821 7
1307483881 5
1307483941 7
1307484001 7
1307484061 6
1307484121 7
1307484181 7
1307484241 6
1307484301 7
1307484362 7
1307484421 7
1307484481 7
1307484541 6
1307484601 7
1307484661 6
1307484721 6
1307484781 7
1307484841 7
1307484901 7
1307484961 6
1307485021 7
1307485082 7
1307485141 7
1307485201 5
1307485261 6
1307485321 5
1307485381 5
1307485441 6
1307485501 6
1307485561 6
1307485621 5
1307485681 6
1307485741 6
1307485802 6
1307485861 6
1307485921 5
1307485981 5
1307486041 5
1307486101 5
1307486161 6
1307486221 7
1307486281 7
1307486341 5
1307486401 7
1307486461 8
1307486521 8
1307486581 8
1307486641 8
1307486702 9
1307486761 10
1307486821 9
1307486881 10
1307486941 10
1307487001 10
1307487061 9
1307487121 9
1307487181 9
1307487241 9
1307487301 8
1307487361 8
1307487422 9
1307487481 8
1307487541 9
1307487601 9
1307487661 8
1307487721 8
1307487781 8
1307487841 8
1307487901 10
1307487961 8
1307488021 9
1307488081 10
1307488142 9
1307488201 9
1307488261 11
1307488321 11
1307488381 10
1307488441 10
1307488501 9
1307488561 10
1307488621 8
1307488681 10
1307488741 11
1307488801 10
1307488862 10
1307488921 11
1307488981 11
1307489041 11
1307489101 10
1307489161 11
1307489221 12
1307489281 10
1307489341 10
1307489401 11
1307489461 9
1307489522 10
1307489581 12
1307489641 12
1307489701 11
1307489761 10
1307489821 11
1307489881 13
1307489941 11
1307490001 12
1307490061 13
1307490121 13
1307490181 13
1307490242 15
1307490301 16
1307490361 15
1307490421 15
1307490481 13
1307490541 16
1307490601 14
1307490661 15
1307490721 15
1307490781 15
1307490841 13
1307490901 14
1307490961 14
1307491022 14
1307491081 15
1307491141 14
1307491201 16
1307491261 15
1307491321 16
1307491381 16
1307491441 16
1307491501 17
1307491561 19
1307491621 20
1307491682 19
1307491741 21
1307491801 21
1307491861 21
1307491921 19
1307491981 19
1307492041 20
1307492101 22
1307492161 23
1307492221 22
1307492281 23
1307492341 20
1307492402 23
1307492461 24
1307492521 26
1307492581 26
1307492641 29
1307492701 27
1307492761 26
1307492821 26
1307492881 26
1307492941 27
1307493001 26
1307493061 29
1307493121 29
1307493182 29
1307493241 27
1307493301 31
1307493361 31
1307493421 33
1307493481 32
1307493541 33
1307493601 29
1307493661 27
1307493721 26
1307493781 28
1307493841 27
1307493902 27
1307493961 27
1307494021 29
1307494081 32
1307494141 31
1307494201 32
1307494261 32
1307494321 31
1307494381 32
1307494441 33
1307494501 31
1307494561 32
1307494621 33
1307494682 31
1307494741 30
1307494801 30
1307494861 29
1307494921 31
1307494981 30
1307495041 31
1307495101 31
1307495161 33
1307495221 32
1307495281 34
1307495341 34
1307495402 35
1307495461 36
1307495521 38
1307495581 36
1307495641 36
1307495701 37
1307495761 37
1307495821 37
1307495881 37
1307495941 37
1307496001 37
1307496061 36
1307496122 36
1307496181 36
1307496241 34
1307496301 34
1307496361 35
1307496421 33
1307496481 33
1307496541 35
1307496601 34
1307496661 34
1307496721 34
1307496781 32
1307496842 36
1307496901 34
1307496961 36
1307497021 37
1307497081 36
1307497141 34
1307497201 37
1307497261 36
1307497321 35
1307497381 36
1307497441 33
1307497502 33
1307497561 35
1307497621 36
1307497681 37
1307497741 37
1307497801 38
1307497861 39
1307497921 37
1307497981 37
1307498041 43
1307498101 42
1307498162 39
1307498221 41
1307498281 40
1307498341 42
1307498401 43
1307498461 45
1307498521 47
1307498581 48
1307498641 46
1307498701 52
1307498761 52
1307498822 51
1307498881 52
1307498941 50
1307499001 49
1307499061 46
1307499121 48
1307499181 47
1307499241 44
1307499301 41
1307499361 44
1307499421 46
1307499481 47
1307499541 50
1307499601 52
1307499661 53
1307499721 53
1307499781 56
1307499841 56
1307499901 55
1307499961 53
1307500022 53
1307500081 51
1307500141 50
1307500201 50
1307500261 51
1307500321 52
1307500381 50
1307500441 50
1307500501 52
1307500561 53
1307500621 50
1307500682 52
1307500741 51
1307500801 52
1307500861 53
1307500921 52
1307500981 56
1307501041 55
1307501101 52
1307501161 53
1307501221 53
1307501281 56
1307501341 55
1307501402 54
1307501461 51
1307501521 56
1307501581 52
1307501641 55
1307501701 54
1307501761 54
1307501821 53
1307501881 52
1307501941 56
1307502001 55
1307502061 54
1307502122 55
1307502181 60
1307502241 59
1307502301 62
1307502361 62
1307502421 63
1307502481 60
1307502541 60
1307502601 60
1307502661 61
1307502721 57
1307502781 56
1307502842 55
1307502901 54
1307502961 52
1307503021 50
1307503081 50
1307503141 50
1307503201 51
1307503261 53
1307503321 52
1307503381 51
1307503441 51
1307503501 51
1307503562 50
1307503621 54
1307503681 55
1307503741 53
1307503801 54
1307503861 52
1307503921 51
1307503981 52
1307504041 52
1307504101 51
1307504161 49
1307504222 47
1307504281 49
1307504341 50
1307504401 48
1307504461 48
1307504521 48
1307504581 47
1307504641 49
1307504701 49
1307504761 47
1307504821 45
1307504882 46
1307504941 46
1307505001 47
1307505061 48
1307505121 47
1307505181 48
1307505241 48
1307505301 45
1307505361 49
1307505421 46
1307505481 45
1307505542 44
1307505601 44
1307505661 44
1307505721 43
1307505781 40
1307505841 41
1307505901 41
1307505961 41
1307506021 41
1307506081 41
1307506141 43
1307506202 43
1307506261 42
1307506321 45
1307506381 44
1307506441 46
1307506501 46
1307506561 45
1307506621 47
1307506681 45
1307506741 50
1307506801 49
1307506861 50
1307506922 50
1307506981 48
1307507041 49
1307507101 49
1307507161 48
1307507221 46
1307507281 46
1307507341 46
1307507401 47
1307507461 46
1307507521 48
1307507581 49
1307507642 47
1307507701 48
1307507761 49
1307507821 48
1307507881 47
1307507941 48
1307508001 48
1307508061 49
1307508121 47
1307508181 50
1307508241 49
1307508301 51
1307508361 50
1307508422 51
1307508481 50
1307508541 49
1307508601 49
1307508661 50
1307508721 49
1307508781 51
1307508841 52
1307508901 53
1307508961 52
1307509021 55
1307509082 55
1307509141 54
1307509201 55
1307509261 55
1307509321 55
1307509381 56
1307509441 55
1307509501 57
1307509561 57
1307509621 54
1307509681 57
1307509742 55
1307509802 54
1307509861 54
1307509921 54
1307509981 53
1307510041 53
1307510101 51
1307510161 55
1307510221 54
1307510281 52
1307510341 54
1307510401 54
1307510462 52
1307510521 54
1307510581 52
1307510641 54
1307510701 56
1307510761 53
1307510821 55
1307510881 54
1307510941 51
1307511001 53
1307511061 54
1307511122 54
1307511181 54
1307511241 54
1307511301 53
1307511361 51
1307511421 53
1307511481 54
1307511541 53
1307511601 54
1307511661 53
1307511721 53
1307511782 51
1307511841 55
1307511901 55
1307511961 55
1307512021 54
1307512081 53
1307512141 52
1307512201 49
1307512261 51
1307512321 52
1307512381 53
1307512441 48
1307512502 48
1307512561 49
1307512621 50
1307512681 53
1307512741 52
1307512801 49
1307512861 50
1307512921 48
1307512981 46
1307513041 47
1307513101 46
1307513161 47
1307513222 46
1307513281 47
1307513341 48
1307513401 47
1307513461 46
1307513521 48
1307513581 49
1307513641 44
1307513701 47
1307513761 45
1307513822 47
1307513881 46
1307513941 47
1307514001 48
1307514061 49
1307514121 49
1307514181 49
1307514241 47
1307514301 49
1307514361 49
1307514421 51
1307514481 47
1307514542 51
1307514601 51
1307514661 52
1307514721 53
1307514781 54
1307514841 56
1307514901 57
1307514961 56
1307515021 54
1307515081 60
1307515141 59
1307515201 61
1307515261 61
1307515321 61
1307515381 58
1307515441 61
1307515501 60
1307515561 59
1307515621 57
1307515681 58
1307515741 57
1307515801 59
1307515862 57
1307515921 54
1307515981 55
1307516041 54
1307516101 53
1307516161 54
1307516221 53
1307516281 55
1307516341 51
1307516401 52
1307516461 56
1307516521 53
1307516581 55
1307516641 55
1307516701 52
1307516761 55
1307516821 55
1307516881 53
1307516941 54
1307517001 55
1307517061 51
1307517121 56
1307517181 59
1307517242 60
1307517301 60
1307517361 59
1307517421 59
1307517481 60
1307517541 60
1307517601 58
1307517661 60
1307517721 58
1307517781 61
1307517841 60
1307517902 59
1307517961 60
1307518021 59
1307518081 59
1307518141 62
1307518201 61
1307518261 60
1307518321 63
1307518381 58
1307518441 59
1307518501 62
1307518562 63
1307518621 63
1307518681 63
1307518741 60
1307518801 61
1307518861 62
1307518921 58
1307518981 59
1307519041 57
1307519101 57
1307519161 57
1307519221 55
1307519281 54
1307519342 57
1307519401 58
1307519461 58
1307519521 58
1307519581 59
1307519641 61
1307519701 62
1307519761 61
1307519821 62
1307519881 60
1307519942 57
1307520001 56
1307520061 59
1307520121 58
1307520181 54
1307520241 56
1307520301 54
1307520361 56
1307520421 54
1307520481 55
1307520541 56
1307520601 59
1307520661 54
1307520722 52
1307520781 53
1307520841 51
1307520901 52
1307520961 47
1307521021 50
1307521081 48
1307521141 47
1307521201 44
1307521261 44
1307521321 43
1307521381 39
1307521442 41
1307521501 41
1307521561 43
1307521621 42
1307521681 43
1307521741 43
1307521801 42
1307521861 41
1307521921 41
1307521981 45
1307522041 43
1307522101 44
1307522162 43
1307522221 43
1307522281 44
1307522341 41
1307522401 44
1307522461 44
1307522521 43
1307522581 43
1307522641 43
1307522701 43
1307522761 43
1307522821 41
1307522882 40
1307522941 40
1307523001 37
1307523061 40
1307523121 40
1307523181 37
1307523241 40
1307523301 40
1307523361 40
1307523421 40
1307523481 40
1307523542 41
1307523602 41
1307523661 41
1307523721 42
1307523781 40
1307523841 39
1307523901 36
1307523961 37
1307524021 35
1307524081 36
1307524141 33
1307524201 33
1307524262 33
1307524321 30
1307524381 30
1307524441 26
1307524501 26
1307524561 25
1307524621 26
1307524681 27
1307524741 26
1307524801 25
1307524861 25
1307524921 26
1307524982 25
1307525042 25
1307525101 27
1307525161 26
1307525221 26
1307525281 25
1307525341 25
1307525401 26
1307525461 24
1307525521 25
1307525581 26
1307525641 26
1307525701 27
1307525762 25
1307525821 25
1307525881 26
1307525941 22
1307526001 22
1307526061 24
1307526121 24
1307526181 25
1307526241 25
1307526301 24
1307526361 26
1307526421 24
1307526482 24
1307526541 26
1307526601 25
1307526661 22
1307526721 24
1307526781 24
1307526841 22
1307526901 21
1307526961 21
1307527021 21
1307527081 20
1307527142 19
1307527201 19
1307527261 20
1307527321 17
1307527381 18
1307527441 19
1307527501 20
1307527561 19
1307527621 20
1307527681 19
1307527741 20
1307527801 19
1307527862 21
1307527921 20
1307527981 18
1307528041 21
1307528101 19
1307528161 18
1307528221 19
1307528281 20
1307528341 18
1307528401 20
1307528461 18
1307528521 21
1307528581 20
1307528642 17
1307528701 18
1307528761 19
1307528821 20
1307528881 18
1307528941 19
1307529001 18
1307529061 18
1307529121 17
1307529181 20
1307529241 20
1307529302 18
1307529361 21
1307529421 21
1307529481 22
1307529541 23
1307529601 24
1307529661 26
1307529721 24
1307529781 25
1307529841 27
1307529901 25
1307529961 23
1307530022 23
1307530081 25
1307530141 24
1307530201 23
1307530261 21
1307530321 23
1307530381 20
1307530441 20
1307530501 21
1307530561 20
1307530621 18
1307530681 18
1307530742 20
1307530801 19
1307530861 18
1307530921 17
1307530981 18
1307531041 18
1307531101 19
1307531161 21
1307531221 20
1307531281 18
1307531341 20
1307531402 23
1307531462 23
1307531521 23
1307531581 23
1307531641 20
1307531701 22
1307531761 21
1307531821 21
1307531881 20
1307531941 18
1307532001 17
1307532061 20
1307532122 20
1307532181 20
1307532241 18
1307532301 16
1307532361 16
1307532421 18
1307532481 19
1307532541 19
1307532601 21
1307532661 19
1307532721 20
1307532781 24
1307532842 24
1307532901 24
1307532961 24
1307533021 25
1307533081 25
1307533141 23
1307533201 22
1307533261 22
1307533321 22
1307533381 18
1307533441 22
1307533501 21
1307533562 21
1307533621 22
1307533681 21
1307533741 22
1307533801 20
1307533861 21
1307533921 19
1307533981 19
1307534041 18
1307534101 19
1307534161 17
1307534221 17
1307534282 18
1307534341 18
1307534401 17
1307534461 15
1307534521 18
1307534581 18
1307534641 19
1307534701 19
1307534761 21
1307534821 21
1307534881 22
1307534941 22
1307535002 23
1307535062 22
1307535121 21
1307535181 22
1307535241 21
1307535301 23
1307535361 22
1307535421 23
1307535481 21
1307535541 21
1307535601 24
1307535661 25
1307535722 24
1307535781 26
1307535841 27
1307535901 25
1307535961 26
1307536021 23
1307536081 24
1307536141 25
1307536201 24
1307536261 23
1307536321 21
1307536381 19
1307536441 23
1307536502 24
1307536561 22
1307536621 25
1307536681 23
1307536741 23
1307536801 25
1307536861 27
1307536921 27
1307536981 25
1307537041 25
1307537101 25
1307537162 25
1307537221 22
1307537281 24
1307537341 23
1307537401 24
1307537461 24
1307537521 24
1307537581 25
1307537641 23
1307537701 24
1307537761 24
1307537821 27
1307537882 27
1307537941 27
1307538001 27
1307538061 29
1307538121 30
1307538181 29
1307538241 26
1307538301 27
1307538361 26
1307538421 24
1307538481 26
1307538541 27
1307538602 25
1307538661 23
1307538721 24
1307538781 24
1307538841 24
1307538901 25
1307538961 26
1307539021 27
1307539081 26
1307539141 26
1307539201 25
1307539262 25
1307539321 26
1307539381 27
1307539441 28
1307539501 26
1307539561 26
1307539621 25
1307539681 26
1307539741 24
1307539801 22
1307539861 23
1307539921 25
1307539982 24
1307540041 23
1307540101 22
1307540161 22
1307540221 22
1307540281 22
1307540341 22
1307540401 22
1307540461 22
1307540521 22
1307540582 24
1307540641 24
1307540701 24
1307540761 23
1307540821 25
1307540881 26
1307540941 26
1307541001 25
1307541061 25
1307541121 27
1307541181 27
1307541242 27
1307541301 26
1307541361 26
1307541421 25
1307541481 27
1307541541 28
1307541601 31
1307541661 29
1307541721 25
1307541781 30
1307541841 30
1307541901 31
1307541962 31
1307542021 29
1307542081 30
1307542141 26
1307542201 25
1307542261 25
1307542321 24
1307542381 22
1307542441 22
1307542501 23
1307542561 21
1307542621 23
1307542682 22
1307542741 21
1307542801 25
1307542861 24
1307542921 25
1307542981 24
1307543041 25
1307543101 24
1307543161 24
1307543221 22
1307543281 21
1307543341 22
1307543402 18
1307543461 20
1307543521 20
1307543581 19
1307543641 18
1307543701 17
1307543761 18
1307543821 18
1307543881 18
1307543941 20
1307544001 19
1307544061 19
1307544122 19
1307544181 19
1307544241 20
1307544301 21
1307544361 21
1307544421 21
1307544481 21
1307544541 22
1307544601 23
1307544661 22
1307544721 23
1307544781 21
1307544842 21
1307544901 22
1307544961 23
1307545021 23
1307545081 22
1307545141 20
1307545201 19
1307545261 19
1307545321 18
1307545381 17
1307545441 18
1307545501 17
1307545562 19
1307545621 20
1307545681 21
1307545741 20
1307545801 20
1307545861 22
1307545921 21
1307545981 21
1307546041 19
1307546101 21
1307546161 17
1307546222 20
1307546281 20
1307546341 21
1307546401 21
1307546461 21
1307546521 20
1307546581 19
1307546641 20
1307546701 17
1307546761 20
1307546821 18
1307546881 22
1307546942 21
1307547002 21
1307547061 20
1307547121 21
1307547181 19
1307547241 20
1307547301 20
1307547361 16
1307547421 18
1307547481 15
1307547541 16
1307547601 16
1307547662 15
1307547721 15
1307547781 16
1307547841 16
1307547901 17
1307547961 17
1307548021 15
1307548081 16
1307548141 16
1307548201 15
1307548261 14
1307548321 14
1307548382 15
1307548442 15
1307548501 14
1307548561 14
1307548621 13
1307548681 11
1307548741 12
