1312560061 48
1312560121 49
1312560181 46
1312560241 43
1312560301 47
1312560361 45
1312560421 46
1312560481 45
1312560542 42
1312560601 44
1312560661 44
1312560721 42
1312560781 43
1312560841 40
1312560901 36
1312560961 38
1312561021 36
1312561081 37
1312561141 39
1312561201 38
1312561261 37
1312561321 37
1312561381 38
1312561441 37
1312561501 36
1312561561 36
1312561622 32
1312561681 34
1312561741 33
1312561801 35
1312561861 34
1312561921 33
1312561981 32
1312562041 35
1312562101 34
1312562161 33
1312562222 36
1312562281 34
1312562341 38
1312562401 36
1312562461 37
1312562521 37
1312562581 38
1312562641 35
1312562701 38
1312562761 36
1312562822 37
1312562881 36
1312562941 36
1312563001 37
1312563061 36
1312563121 37
1312563181 35
1312563241 34
1312563301 33
1312563361 33
1312563421 29
1312563482 31
1312563542 27
1312563601 29
1312563661 28
1312563721 29
1312563782 28
1312563841 30
1312563901 30
1312563961 29
1312564021 29
1312564082 27
1312564142 28
1312564201 25
1312564261 27
1312564321 26
1312564381 25
1312564441 23
1312564501 23
1312564561 25
1312564622 23
1312564681 21
1312564741 20
1312564801 21
1312564861 20
1312564921 20
1312564982 20
1312565041 20
1312565101 19
1312565161 19
1312565221 20
1312565281 20
1312565341 18
1312565401 18
1312565461 17
1312565521 19
1312565581 18
1312565642 18
1312565701 18
1312565761 17
1312565821 17
1312565881 17
1312565941 15
1312566001 17
1312566061 16
1312566121 16
1312566181 17
1312566241 17
1312566302 18
1312566361 18
1312566421 17
1312566481 16
1312566541 17
1312566601 15
1312566661 17
1312566721 14
1312566781 15
1312566841 15
1312566901 13
1312566961 15
1312567021 16
1312567081 16
1312567141 14
1312567201 16
1312567261 16
1312567321 14
1312567381 14
1312567441 15
1312567501 14
1312567561 14
1312567622 15
1312567681 14
1312567741 13
1312567801 10
1312567861 14
1312567921 14
1312567981 15
1312568041 14
1312568101 15
1312568161 14
1312568222 15
1312568281 15
1312568341 15
1312568401 15
1312568461 13
1312568521 13
1312568581 13
1312568641 12
1312568701 13
1312568761 12
1312568821 12
1312568881 13
1312568942 13
1312569001 13
1312569061 13
1312569121 13
1312569181 11
1312569241 12
1312569301 12
1312569361 13
1312569421 11
1312569482 12
1312569541 13
1312569601 13
1312569661 13
1312569721 13
1312569781 14
1312569841 14
1312569901 13
1312569962 13
1312570021 14
1312570081 13
1312570141 13
1312570201 13
1312570261 13
1312570321 13
1312570381 12
1312570441 13
1312570501 14
1312570561 13
1312570621 11
1312570682 14
1312570741 13
1312570801 16
1312570861 17
1312570921 16
1312570981 17
1312571041 16
1312571101 16
1312571161 16
1312571222 15
1312571281 13
1312571341 15
1312571401 14
1312571461 14
1312571521 14
1312571581 14
1312571641 13
1312571701 12
1312571762 12
1312571822 13
1312571881 11
1312571941 11
1312572001 12
1312572061 13
1312572121 13
1312572181 12
1312572241 13
1312572301 13
1312572361 13
1312572422 12
1312572481 13
1312572541 12
1312572601 11
1312572661 11
1312572721 13
1312572781 13
1312572841 13
1312572901 13
1312572961 13
1312573022 13
1312573081 12
1312573141 11
1312573201 12
1312573261 8
1312573321 11
1312573381 12
1312573441 12
1312573501 13
1312573561 13
1312573622 13
1312573681 13
1312573741 13
1312573801 12
1312573861 13
1312573921 10
1312573981 12
1312574041 13
1312574101 12
1312574161 13
1312574221 13
1312574282 13
1312574342 13
1312574401 13
1312574461 12
1312574521 12
1312574581 11
1312574641 13
1312574701 14
1312574761 13
1312574821 14
1312574881 14
1312574942 14
1312575001 13
1312575061 13
1312575121 10
1312575181 11
1312575241 12
1312575301 11
1312575361 12
1312575421 11
1312575481 13
1312575541 13
1312575602 13
1312575661 13
1312575721 13
1312575781 11
1312575841 11
1312575901 11
1312575961 12
1312576021 12
1312576081 11
1312576141 11
1312576202 11
1312576261 11
1312576321 11
1312576381 11
1312576441 8
1312576501 11
1312576561 9
1312576622 11
1312576681 11
1312576741 11
1312576802 11
1312576861 11
1312576921 11
1312576981 11
1312577041 11
1312577101 8
1312577161 10
1312577221 8
1312577281 9
1312577341 10
1312577401 10
1312577461 9
1312577521 10
1312577581 11
1312577641 11
1312577701 11
1312577761 9
1312577821 11
1312577881 10
1312577941 11
1312578001 11
1312578061 11
1312578122 10
1312578181 10
1312578241 10
1312578301 10
1312578361 11
1312578421 9
1312578481 11
1312578541 10
1312578601 12
1312578661 12
1312578722 12
1312578781 12
1312578841 11
1312578901 11
1312578961 11
1312579021 12
1312579081 11
1312579141 11
1312579201 11
1312579261 12
1312579322 12
1312579381 11
1312579441 12
1312579501 11
1312579561 12
1312579621 12
1312579681 11
1312579741 11
1312579801 13
1312579861 13
1312579922 14
1312579981 14
1312580041 13
1312580101 14
1312580161 12
1312580221 13
1312580281 12
1312580341 12
1312580401 9
1312580461 12
1312580521 11
1312580581 12
1312580641 12
1312580701 11
1312580761 11
1312580821 12
1312580881 12
1312580941 11
1312581001 11
1312581061 9
1312581121 12
1312581181 12
1312581242 12
1312581301 12
1312581361 11
1312581421 11
1312581481 11
1312581541 12
1312581601 11
1312581661 11
1312581721 11
1312581781 10
1312581841 12
1312581902 12
1312581961 12
1312582021 11
1312582081 9
1312582141 11
1312582201 11
1312582261 11
1312582321 10
1312582381 10
1312582442 9
1312582501 11
1312582561 12
1312582621 12
1312582681 12
1312582741 9
1312582801 11
1312582861 13
1312582921 15
1312582981 14
1312583041 15
1312583102 14
1312583161 15
1312583221 15
1312583281 15
1312583341 15
1312583401 14
1312583461 13
1312583521 13
1312583581 15
1312583641 13
1312583702 15
1312583761 14
1312583821 15
1312583881 15
1312583941 16
1312584001 16
1312584061 14
1312584121 14
1312584181 13
1312584241 15
1312584302 15
1312584361 14
1312584421 15
1312584481 16
1312584541 16
1312584601 17
1312584661 18
1312584721 15
1312584781 17
1312584842 16
1312584901 17
1312584961 16
1312585021 17
1312585081 19
1312585141 19
1312585201 17
1312585261 17
1312585321 17
1312585382 16
1312585442 17
1312585501 17
1312585561 18
1312585621 17
1312585681 19
1312585741 19
1312585801 20
1312585861 21
1312585921 21
1312585981 20
1312586041 20
1312586101 20
1312586161 21
1312586221 22
1312586281 20
1312586341 21
1312586401 21
1312586461 20
1312586521 20
1312586582 20
1312586641 19
1312586701 18
1312586761 22
1312586821 23
1312586881 20
1312586941 24
1312587001 24
1312587061 24
1312587121 25
1312587182 26
1312587241 26
1312587301 25
1312587361 22
1312587421 24
1312587481 23
1312587541 20
1312587601 22
1312587661 21
1312587722 21
1312587782 22
1312587841 22
1312587901 22
1312587961 23
1312588021 22
1312588081 22
1312588141 23
1312588201 21
1312588261 22
1312588322 24
1312588381 23
1312588441 25
1312588501 24
1312588561 23
1312588621 26
1312588681 27
1312588741 27
1312588802 26
1312588861 27
1312588921 29
1312588981 31
1312589041 31
1312589101 31
1312589161 31
1312589221 27
1312589281 28
1312589341 31
1312589402 33
1312589461 32
1312589521 32
1312589581 32
1312589641 32
1312589701 33
1312589761 34
1312589821 37
1312589881 37
1312589941 35
1312590001 36
1312590061 37
1312590121 35
1312590181 37
1312590241 39
1312590301 41
1312590361 40
1312590421 38
1312590481 40
1312590542 39
1312590601 41
1312590661 42
1312590721 42
1312590781 42
1312590841 43
1312590901 43
1312590961 45
1312591021 44
1312591081 45
1312591141 43
1312591201 45
1312591261 45
1312591321 45
1312591381 44
1312591442 43
1312591501 44
1312591561 43
1312591621 45
1312591681 44
1312591741 44
1312591801 46
1312591861 44
1312591921 44
1312591981 48
1312592042 45
1312592101 45
1312592161 48
1312592221 52
1312592281 52
1312592341 52
1312592401 48
1312592461 51
1312592521 50
1312592581 48
1312592641 51
1312592702 51
1312592761 51
1312592821 48
1312592881 49
1312592941 50
1312593001 50
1312593061 51
1312593121 50
1312593181 50
1312593241 51
1312593301 49
1312593361 54
1312593421 55
1312593481 54
1312593541 56
1312593601 57
1312593661 57
1312593721 59
1312593781 57
1312593841 54
1312593901 55
1312593961 50
1312594021 54
1312594081 53
1312594141 54
1312594201 54
1312594261 53
1312594321 53
1312594381 55
1312594442 55
1312594501 57
1312594561 57
1312594621 56
1312594681 57
1312594741 57
1312594801 58
1312594862 59
1312594921 60
1312594981 61
1312595041 63
1312595101 60
1312595161 63
1312595221 64
1312595281 62
1312595341 66
1312595402 63
1312595461 62
1312595521 63
1312595581 63
1312595641 63
1312595701 63
1312595761 62
1312595821 61
1312595881 61
1312595942 56
1312596001 58
1312596061 55
1312596121 58
1312596181 59
1312596241 56
1312596301 56
1312596361 54
1312596421 56
1312596481 58
1312596542 59
1312596601 56
1312596661 57
1312596721 55
1312596781 56
1312596841 57
1312596901 57
1312596961 57
1312597021 57
1312597082 57
1312597141 59
1312597201 59
1312597261 59
1312597321 61
1312597381 55
1312597441 64
1312597501 64
1312597561 62
1312597621 63
1312597681 64
1312597742 60
1312597801 64
1312597861 63
1312597921 60
1312597981 61
1312598041 57
1312598101 60
1312598161 61
1312598221 59
1312598281 57
1312598341 60
1312598401 60
1312598461 65
1312598521 67
1312598581 68
1312598641 69
1312598701 68
1312598761 70
1312598821 69
1312598882 67
1312598941 67
1312599001 68
1312599061 68
1312599121 67
1312599181 68
1312599241 68
1312599301 67
1312599361 66
1312599422 65
1312599481 66
1312599541 67
1312599601 68
1312599661 69
1312599721 67
1312599781 66
1312599841 67
1312599901 70
1312599961 72
1312600022 71
1312600081 71
1312600141 71
1312600201 71
1312600261 72
1312600321 73
1312600381 75
1312600441 76
1312600501 75
1312600562 78
1312600621 79
1312600681 77
1312600741 77
1312600801 75
1312600861 74
1312600921 74
1312600981 71
1312601041 70
1312601102 68
1312601161 68
1312601221 66
1312601281 66
1312601341 63
1312601401 66
1312601461 67
1312601521 67
1312601581 68
1312601641 67
1312601702 64
1312601761 62
1312601821 66
1312601881 67
1312601941 67
1312602001 64
1312602061 61
1312602121 62
1312602181 63
1312602241 60
1312602302 59
1312602361 60
1312602421 59
1312602481 57
1312602541 58
1312602601 58
1312602661 57
1312602721 55
1312602781 57
1312602841 55
1312602901 57
1312602961 53
1312603021 52
1312603081 53
1312603141 51
1312603201 52
1312603261 49
1312603321 50
1312603382 49
1312603441 49
1312603501 48
1312603561 51
1312603621 49
1312603681 50
1312603741 49
1312603801 47
1312603861 50
1312603921 53
1312603981 52
1312604042 53
1312604101 53
1312604161 55
1312604221 54
1312604281 55
1312604341 57
1312604401 55
1312604461 53
1312604521 49
1312604581 52
1312604641 50
1312604702 49
1312604761 45
1312604821 45
1312604881 45
1312604941 45
1312605001 46
1312605061 45
1312605121 44
1312605181 43
1312605241 46
1312605302 47
1312605361 46
1312605421 47
1312605481 47
1312605541 53
1312605601 53
1312605661 53
1312605721 51
1312605781 51
1312605842 52
1312605901 51
1312605961 54
1312606021 56
1312606081 55
1312606141 48
1312606201 51
1312606261 50
1312606321 50
1312606381 51
1312606441 49
1312606502 51
1312606561 49
1312606621 49
1312606681 49
1312606741 48
1312606801 51
1312606861 51
1312606921 50
1312606981 49
1312607041 46
1312607102 48
1312607161 45
1312607221 48
1312607281 48
1312607341 50
1312607401 50
1312607461 48
1312607521 50
1312607581 49
1312607641 50
1312607701 48
1312607761 49
1312607821 46
1312607881 49
1312607941 51
1312608001 47
1312608061 50
1312608121 50
1312608181 52
1312608241 53
1312608302 51
1312608361 51
1312608421 54
1312608481 49
1312608541 46
1312608601 46
1312608661 47
1312608721 48
1312608781 45
1312608841 46
1312608902 47
1312608962 48
1312609021 46
1312609081 51
1312609141 52
1312609201 53
1312609261 52
1312609321 51
1312609381 52
1312609441 54
1312609501 50
1312609561 51
1312609621 52
1312609681 50
1312609741 49
1312609801 48
1312609861 49
1312609922 50
1312609981 50
1312610041 49
1312610101 49
1312610161 50
1312610221 49
1312610281 50
1312610341 50
1312610401 50
1312610461 50
1312610521 51
1312610582 48
1312610641 49
1312610701 51
1312610761 52
1312610821 50
1312610881 51
1312610941 51
1312611001 48
1312611061 47
1312611121 47
1312611181 48
1312611242 48
1312611301 46
1312611361 46
1312611421 49
1312611481 48
1312611541 48
1312611601 48
1312611661 48
1312611721 48
1312611782 50
1312611841 47
1312611901 48
1312611961 50
1312612021 49
1312612081 47
1312612141 48
1312612201 49
1312612261 51
1312612321 49
1312612381 49
1312612442 48
1312612501 46
1312612562 46
1312612621 48
1312612682 46
1312612741 50
1312612801 50
1312612861 50
1312612921 52
1312612981 50
1312613041 51
1312613101 51
1312613161 54
1312613221 57
1312613281 55
1312613341 54
1312613401 55
1312613461 56
1312613521 55
1312613581 58
1312613641 59
1312613701 59
1312613762 56
1312613821 55
1312613881 58
1312613941 57
1312614001 58
1312614061 55
1312614121 59
1312614181 56
1312614241 59
1312614301 59
1312614361 59
1312614421 60
1312614482 61
1312614541 62
1312614601 64
1312614661 63
1312614721 65
1312614781 67
1312614841 66
1312614901 67
1312614961 66
1312615022 63
1312615081 62
1312615141 62
1312615201 60
1312615261 60
1312615321 57
1312615381 59
1312615441 61
1312615501 62
1312615561 60
1312615622 59
1312615681 62
1312615741 64
1312615801 66
1312615861 66
1312615921 65
1312615981 64
1312616041 62
1312616101 66
1312616161 66
1312616222 68
1312616281 67
1312616341 66
1312616401 64
1312616461 66
1312616521 66
1312616581 66
1312616641 65
1312616701 62
1312616761 63
1312616822 66
1312616881 68
1312616941 65
1312617001 68
1312617061 71
1312617121 72
1312617181 74
1312617241 74
1312617302 71
1312617362 73
1312617421 69
1312617481 69
1312617541 73
1312617601 69
1312617661 67
1312617721 65
1312617781 65
1312617841 65
1312617901 63
1312617961 63
1312618022 63
1312618081 59
1312618141 61
1312618201 58
1312618261 59
1312618321 61
1312618381 60
1312618441 63
1312618501 62
1312618561 62
1312618622 63
1312618681 61
1312618741 57
1312618801 61
1312618861 61
1312618921 59
1312618981 61
1312619041 57
1312619101 57
1312619161 53
1312619221 54
1312619281 57
1312619341 59
1312619401 57
1312619461 60
1312619521 62
1312619581 60
1312619642 60
1312619702 64
1312619761 63
1312619821 63
1312619881 62
1312619941 60
1312620001 59
1312620061 60
1312620121 56
1312620181 58
1312620242 58
1312620301 56
1312620361 58
1312620421 54
1312620481 55
1312620541 55
1312620601 56
1312620661 55
1312620721 55
1312620781 54
1312620841 55
1312620901 56
1312620961 56
1312621021 54
1312621081 52
1312621141 52
1312621201 54
1312621261 49
1312621321 52
1312621381 48
1312621442 51
1312621501 49
1312621561 48
1312621621 47
1312621681 48
1312621741 48
1312621801 48
1312621861 47
1312621921 47
1312621981 47
1312622042 45
1312622101 48
1312622161 48
1312622221 48
1312622281 46
1312622341 46
1312622401 42
1312622461 40
1312622521 41
1312622581 42
1312622641 41
1312622702 40
1312622761 41
1312622821 43
1312622881 41
1312622941 42
1312623001 43
1312623061 43
1312623121 46
1312623181 46
1312623241 45
1312623301 45
1312623361 46
1312623422 45
1312623481 45
1312623541 45
1312623601 44
1312623661 43
1312623721 42
1312623781 43
1312623841 44
1312623901 41
1312623961 41
1312624021 42
1312624082 42
1312624141 41
1312624201 42
1312624261 40
1312624321 40
1312624381 40
1312624441 41
1312624501 40
1312624561 41
1312624621 40
1312624681 41
1312624742 42
1312624802 43
1312624861 44
1312624921 41
1312624981 41
1312625041 40
1312625101 43
1312625161 41
1312625221 42
1312625281 44
1312625341 45
1312625401 44
1312625462 45
1312625521 43
1312625581 42
1312625641 43
1312625701 41
1312625761 40
1312625821 39
1312625881 37
1312625941 37
1312626001 37
1312626061 36
1312626122 39
1312626181 39
1312626241 36
1312626301 37
1312626361 38
1312626421 38
1312626481 37
1312626541 36
1312626601 37
1312626661 38
1312626721 36
1312626782 38
1312626841 37
1312626901 38
1312626961 35
1312627021 38
1312627081 35
1312627141 36
1312627201 35
1312627262 36
1312627321 35
1312627381 34
1312627441 34
1312627501 35
1312627561 34
1312627621 32
1312627681 36
1312627741 35
1312627801 37
1312627861 33
1312627922 37
1312627981 37
1312628041 37
1312628101 36
1312628161 38
1312628221 38
1312628281 38
1312628341 38
1312628401 38
1312628461 40
1312628522 38
1312628581 39
1312628641 38
1312628701 38
1312628761 37
1312628821 35
1312628881 36
1312628941 37
1312629001 35
1312629061 38
1312629122 38
1312629182 38
1312629241 40
1312629301 37
1312629361 40
1312629421 40
1312629481 39
1312629541 39
1312629601 41
1312629661 42
1312629721 41
1312629782 42
1312629841 41
1312629901 41
1312629961 38
1312630021 42
1312630081 41
1312630141 39
1312630201 38
1312630261 37
1312630321 38
1312630382 39
1312630441 43
1312630501 43
1312630561 44
1312630621 42
1312630681 43
1312630741 43
1312630801 43
1312630861 42
1312630921 43
1312630981 43
1312631041 43
1312631101 45
1312631161 44
1312631221 43
1312631281 40
1312631341 43
1312631401 44
1312631461 43
1312631521 41
1312631581 42
1312631641 43
1312631702 43
1312631761 42
1312631821 44
1312631881 57
1312631941 65
1312632001 69
1312632061 70
1312632121 75
1312632181 74
1312632242 75
1312632302 76
1312632361 78
1312632421 76
1312632481 64
1312632541 54
1312632601 56
1312632661 55
1312632721 50
1312632781 44
1312632842 48
1312632901 49
1312632961 48
1312633021 50
1312633081 52
1312633141 51
1312633201 50
1312633261 50
1312633321 52
1312633381 52
1312633442 52
1312633501 52
1312633561 50
1312633621 50
1312633681 50
1312633741 51
1312633801 49
1312633861 52
1312633921 50
1312633982 53
1312634042 53
1312634101 51
1312634161 54
1312634221 55
1312634281 52
1312634341 53
1312634401 51
1312634461 53
1312634521 52
1312634581 52
1312634641 51
1312634701 53
1312634761 53
1312634821 53
1312634881 56
1312634942 55
1312635001 53
1312635061 52
1312635121 52
1312635181 53
1312635241 50
1312635301 51
1312635361 49
1312635421 48
1312635481 49
1312635542 49
1312635601 49
1312635661 47
1312635721 49
1312635781 49
1312635841 48
1312635901 46
1312635961 52
1312636022 51
1312636081 50
1312636141 52
1312636201 54
1312636261 51
1312636321 47
1312636381 51
1312636441 51
1312636501 51
1312636561 49
1312636622 48
1312636681 48
1312636741 46
1312636801 47
1312636861 49
1312636921 51
1312636981 48
1312637041 50
1312637101 51
1312637162 52
1312637222 51
1312637281 52
1312637341 51
1312637401 54
1312637461 53
1312637521 55
1312637581 54
1312637641 54
1312637701 57
1312637761 58
1312637822 61
1312637881 61
1312637941 62
1312638001 64
1312638061 64
1312638121 64
1312638181 65
1312638241 64
1312638301 63
1312638361 61
1312638422 60
1312638481 60
1312638541 60
1312638601 58
1312638661 59
1312638721 61
1312638781 61
1312638841 59
1312638901 62
1312638961 60
1312639022 62
1312639081 57
1312639141 58
1312639201 60
1312639261 62
1312639321 60
1312639381 60
1312639441 63
1312639501 62
1312639561 60
1312639622 60
1312639681 62
1312639741 61
1312639801 58
1312639861 57
1312639921 59
1312639981 61
1312640041 58
1312640101 60
1312640162 62
1312640222 59
1312640281 60
1312640341 57
1312640401 60
1312640461 59
1312640521 60
1312640581 61
1312640641 61
1312640701 61
1312640762 60
1312640821 61
1312640881 60
1312640941 60
1312641001 59
1312641061 58
1312641121 53
1312641181 53
1312641241 53
1312641302 49
1312641361 52
1312641421 52
1312641481 54
1312641541 53
1312641601 51
1312641661 55
1312641721 53
1312641781 50
1312641841 54
1312641902 55
1312641961 54
1312642021 53
1312642081 51
1312642141 50
1312642201 52
1312642261 48
1312642321 51
1312642381 51
1312642442 48
1312642502 49
1312642561 50
1312642621 50
1312642681 51
1312642741 50
1312642801 51
1312642861 50
1312642921 50
1312642982 50
1312643041 51
1312643101 49
1312643161 49
1312643221 50
1312643281 50
1312643341 51
1312643401 49
1312643461 51
1312643521 47
1312643581 51
1312643642 48
1312643701 51
1312643761 52
1312643821 51
1312643881 51
1312643941 52
1312644001 51
1312644061 52
1312644121 52
1312644181 50
1312644242 50
1312644301 48
1312644361 50
1312644421 49
1312644481 50
1312644541 50
1312644601 50
1312644661 48
1312644721 51
1312644781 51
1312644841 50
1312644902 48
1312644961 42
1312645021 46
1312645081 44
1312645141 44
1312645201 42
1312645261 43
1312645321 44
1312645381 43
1312645441 46
1312645502 46
1312645561 45
1312645621 45
1312645681 45
1312645741 46
1312645801 46
1312645861 43
1312645921 42
1312645981 43
1312646041 40
1312646102 39
1312646161 40
1312646221 42
1312646281 42
1312646341 41
1312646401 41
