1305216061 17
1305216121 16
1305216181 15
1305216242 14
1305216301 14
1305216361 13
1305216421 12
1305216481 11
1305216541 10
1305216601 11
1305216661 10
1305216721 11
1305216781 12
1305216841 12
1305216902 10
1305216961 13
1305217021 13
1305217081 13
1305217141 13
1305217201 13
1305217261 11
1305217321 8
1305217381 9
1305217441 10
1305217501 8
1305217561 6
1305217621 7
1305217682 7
1305217741 9
1305217801 8
1305217861 9
1305217921 9
1305217981 7
1305218041 8
1305218101 9
1305218161 9
1305218221 8
1305218281 9
1305218341 7
1305218401 7
1305218462 7
1305218521 6
1305218581 6
1305218641 4
1305218701 5
1305218761 5
1305218821 6
1305218881 5
1305218941 6
1305219001 6
1305219061 6
1305219121 6
1305219182 6
1305219241 6
1305219301 4
1305219361 4
1305219421 6
1305219481 6
1305219541 5
1305219601 6
1305219661 6
1305219721 6
1305219781 6
1305219842 6
1305219901 6
1305219961 4
1305220021 5
1305220081 6
1305220141 6
1305220201 6
1305220261 7
1305220321 7
1305220381 7
1305220441 7
1305220502 7
1305220561 7
1305220621 4
1305220681 6
1305220741 7
1305220801 6
1305220861 6
1305220921 7
1305220981 7
1305221041 7
1305221101 7
1305221161 7
1305221221 6
1305221281 7
1305221341 5
1305221402 7
1305221462 7
1305221521 6
1305221581 7
1305221641 7
1305221701 7
1305221761 7
1305221821 7
1305221881 5
1305221941 6
1305222001 5
1305222062 6
1305222121 7
1305222181 7
1305222241 8
1305222301 8
1305222361 8
1305222421 8
1305222481 8
1305222541 6
1305222601 8
1305222661 6
1305222721 7
1305222782 7
1305222841 7
1305222901 7
1305222961 7
1305223021 7
1305223081 7
1305223141 7
1305223201 5
1305223261 7
1305223321 5
1305223381 6
1305223442 7
1305223502 7
1305223561 7
1305223621 7
1305223681 7
1305223741 7
1305223801 7
1305223861 4
1305223921 6
1305223981 5
1305224041 5
1305224102 7
1305224161 7
1305224221 7
1305224281 7
1305224341 7
1305224401 7
1305224461 7
1305224521 5
1305224581 7
1305224641 5
1305224702 5
1305224761 7
1305224821 7
1305224881 7
1305224941 7
1305225001 7
1305225061 7
1305225121 7
1305225181 5
1305225241 7
1305225301 5
1305225361 5
1305225422 6
1305225481 6
1305225541 6
1305225601 6
1305225661 6
1305225721 6
1305225781 6
1305225841 4
1305225901 6
1305225961 4
1305226021 5
1305226081 6
1305226142 6
1305226201 6
1305226261 6
1305226321 6
1305226381 6
1305226441 5
1305226501 5
1305226561 6
1305226621 4
1305226681 5
1305226741 6
1305226802 6
1305226861 6
1305226921 6
1305226981 6
1305227041 6
1305227101 4
1305227161 5
1305227221 6
1305227281 5
1305227341 5
1305227401 6
1305227461 6
1305227522 6
1305227581 6
1305227641 6
1305227701 6
1305227761 4
1305227821 5
1305227881 5
1305227941 5
1305228001 5
1305228061 6
1305228121 6
1305228182 6
1305228241 6
1305228301 6
1305228361 6
1305228421 5
1305228481 6
1305228541 4
1305228601 5
1305228661 5
1305228721 6
1305228781 6
1305228841 6
1305228901 6
1305228962 6
1305229021 5
1305229081 5
1305229141 6
1305229201 4
1305229261 5
1305229321 6
1305229381 6
1305229441 6
1305229501 6
1305229561 6
1305229622 6
1305229681 6
1305229741 5
1305229801 6
1305229861 4
1305229921 4
1305229981 6
1305230041 6
1305230101 6
1305230161 6
1305230221 6
1305230282 5
1305230341 6
1305230401 5
1305230461 6
1305230521 4
1305230581 4
1305230641 6
1305230701 6
1305230761 6
1305230821 6
1305230881 6
1305230942 6
1305231001 6
1305231061 5
1305231121 6
1305231181 5
1305231241 4
1305231301 6
1305231361 6
1305231421 6
1305231481 6
1305231541 5
1305231602 6
1305231661 6
1305231721 5
1305231781 5
1305231841 5
1305231901 4
1305231961 6
1305232021 6
1305232081 6
1305232141 6
1305232201 6
1305232262 6
1305232321 6
1305232381 5
1305232441 5
1305232501 5
1305232561 5
1305232621 5
1305232681 6
1305232741 6
1305232801 5
1305232861 6
1305232922 6
1305232981 6
1305233041 5
1305233101 5
1305233161 5
1305233221 5
1305233281 5
1305233341 6
1305233401 6
1305233461 6
1305233522 6
1305233581 6
1305233641 6
1305233701 5
1305233761 5
1305233821 6
1305233881 4
1305233941 5
1305234001 6
1305234061 5
1305234121 6
1305234181 6
1305234242 6
1305234301 6
1305234361 6
1305234421 5
1305234481 6
1305234541 4
1305234601 5
1305234661 6
1305234721 6
1305234781 6
1305234841 6
1305234901 6
1305234962 5
1305235021 6
1305235081 5
1305235141 6
1305235201 5
1305235261 5
1305235321 5
1305235381 6
1305235441 6
1305235501 6
1305235561 6
1305235621 5
1305235682 7
1305235741 6
1305235801 7
1305235861 6
1305235921 6
1305235981 6
1305236041 7
1305236101 7
1305236161 7
1305236221 7
1305236281 6
1305236341 7
1305236402 6
1305236461 7
1305236521 6
1305236581 7
1305236641 6
1305236701 7
1305236761 7
1305236821 7
1305236881 7
1305236941 6
1305237001 7
1305237061 6
1305237122 8
1305237181 6
1305237241 8
1305237301 7
1305237361 8
1305237421 8
1305237481 8
1305237541 8
1305237601 8
1305237661 7
1305237721 7
1305237781 8
1305237841 7
1305237901 8
1305237962 8
1305238021 8
1305238081 7
1305238141 8
1305238201 8
1305238261 8
1305238321 6
1305238381 7
1305238441 8
1305238501 6
1305238562 8
1305238622 8
1305238681 8
1305238741 7
1305238801 6
1305238861 8
1305238921 9
1305238981 7
1305239041 9
1305239101 9
1305239161 6
1305239222 9
1305239281 9
1305239341 9
1305239401 9
1305239461 7
1305239521 8
1305239581 8
1305239641 5
1305239701 9
1305239761 9
1305239822 7
1305239881 9
1305239941 9
1305240001 9
1305240061 9
1305240121 7
1305240181 9
1305240241 9
1305240301 6
1305240361 8
1305240421 7
1305240481 6
1305240542 8
1305240601 9
1305240661 9
1305240721 9
1305240781 8
1305240841 9
1305240901 9
1305240961 7
1305241021 7
1305241081 8
1305241141 6
1305241202 7
1305241261 7
1305241321 7
1305241381 7
1305241441 7
1305241501 7
1305241561 7
1305241621 7
1305241681 6
1305241741 8
1305241801 6
1305241862 8
1305241921 8
1305241981 7
1305242041 7
1305242101 7
1305242161 7
1305242221 7
1305242281 7
1305242341 6
1305242401 7
1305242461 7
1305242521 8
1305242581 8
1305242641 8
1305242701 8
1305242761 8
1305242821 8
1305242881 8
1305242941 9
1305243001 8
1305243061 8
1305243121 7
1305243181 8
1305243241 8
1305243302 9
1305243362 9
1305243421 9
1305243481 8
1305243541 8
1305243601 8
1305243661 6
1305243721 9
1305243781 8
1305243841 10
1305243901 11
1305243961 12
1305244021 12
1305244082 13
1305244141 12
1305244201 12
1305244261 15
1305244321 14
1305244381 15
1305244441 14
1305244501 14
1305244561 16
1305244621 16
1305244682 16
1305244741 17
1305244801 17
1305244861 17
1305244921 18
1305244981 18
1305245041 18
1305245101 16
1305245161 16
1305245221 17
1305245281 18
1305245341 18
1305245402 18
1305245461 16
1305245521 16
1305245581 18
1305245641 18
1305245701 19
1305245761 18
1305245821 18
1305245881 20
1305245941 19
1305246001 20
1305246062 20
1305246121 18
1305246181 20
1305246241 23
1305246301 24
1305246361 24
1305246421 23
1305246481 22
1305246541 25
1305246601 25
1305246661 25
1305246721 24
1305246781 22
1305246842 24
1305246901 25
1305246961 26
1305247021 26
1305247081 26
1305247141 27
1305247201 26
1305247261 28
1305247321 28
1305247381 25
1305247441 21
1305247501 23
1305247561 25
1305247621 24
1305247681 25
1305247741 24
1305247801 26
1305247861 27
1305247921 28
1305247981 28
1305248041 28
1305248101 28
1305248161 28
1305248222 28
1305248281 27
1305248341 27
1305248401 31
1305248461 32
1305248521 31
1305248581 31
1305248641 30
1305248701 31
1305248761 32
1305248821 31
1305248882 31
1305248941 30
1305249001 30
1305249061 30
1305249121 33
1305249181 35
1305249241 36
1305249301 35
1305249361 33
1305249421 33
1305249481 32
1305249541 32
1305249602 32
1305249661 29
1305249721 29
1305249781 31
1305249841 30
1305249901 30
1305249961 28
1305250021 31
1305250081 31
1305250141 30
1305250201 30
1305250261 30
1305250322 30
1305250381 30
1305250441 32
1305250501 34
1305250561 36
1305250621 35
1305250681 37
1305250741 38
1305250801 37
1305250861 34
1305250922 38
1305250982 38
1305251041 38
1305251101 35
1305251161 35
1305251221 36
1305251281 37
1305251341 39
1305251401 40
1305251461 39
1305251521 38
1305251581 36
1305251641 37
1305251701 37
1305251761 36
1305251821 36
1305251881 34
1305251941 32
1305252001 32
1305252061 35
1305252121 36
1305252181 36
1305252241 36
1305252302 36
1305252361 35
1305252421 35
1305252481 35
1305252541 34
1305252601 35
1305252661 35
1305252721 33
1305252781 34
1305252841 33
1305252901 34
1305252961 36
1305253022 37
1305253081 38
1305253141 37
1305253201 37
1305253261 38
1305253321 38
1305253381 39
1305253441 40
1305253501 41
1305253561 38
1305253621 41
1305253681 44
1305253742 44
1305253801 39
1305253861 40
1305253921 40
1305253981 39
1305254041 42
1305254101 41
1305254161 44
1305254221 43
1305254281 40
1305254341 44
1305254401 44
1305254461 44
1305254521 44
1305254581 45
1305254641 45
1305254701 44
1305254761 45
1305254821 43
1305254881 45
1305254941 45
1305255001 46
1305255061 45
1305255121 46
1305255181 48
1305255241 48
1305255302 50
1305255361 46
1305255421 48
1305255481 46
1305255541 47
1305255601 46
1305255661 48
1305255721 47
1305255781 47
1305255841 47
1305255901 46
1305255961 44
1305256021 45
1305256081 44
1305256141 43
1305256201 44
1305256261 44
1305256321 44
1305256381 42
1305256441 41
1305256501 45
1305256561 45
1305256622 44
1305256681 44
1305256741 46
1305256801 48
1305256861 45
1305256921 46
1305256981 41
1305257041 43
1305257101 39
1305257161 42
1305257221 41
1305257281 42
1305257341 39
1305257402 37
1305257461 38
1305257521 39
1305257581 38
1305257641 36
1305257701 39
1305257761 39
1305257821 40
1305257881 39
1305257941 40
1305258001 40
1305258062 39
1305258121 40
1305258181 42
1305258241 43
1305258301 42
1305258361 41
1305258421 42
1305258481 40
1305258541 41
1305258601 41
1305258661 40
1305258721 37
1305258782 37
1305258841 34
1305258901 35
1305258961 35
1305259021 32
1305259081 34
1305259141 33
1305259201 34
1305259261 34
1305259321 36
1305259381 35
1305259441 35
1305259502 33
1305259562 35
1305259621 36
1305259681 37
1305259741 37
1305259801 35
1305259861 36
1305259921 35
1305259981 34
1305260041 35
1305260101 35
1305260161 33
1305260222 32
1305260282 30
1305260341 30
1305260401 30
1305260461 32
1305260521 33
1305260581 34
1305260641 34
1305260701 34
1305260761 33
1305260821 32
1305260881 33
1305260941 32
1305261002 33
1305261061 33
1305261121 33
1305261181 34
1305261241 34
1305261301 35
1305261361 35
1305261421 36
1305261481 36
1305261541 35
1305261601 38
1305261661 38
1305261721 38
1305261781 36
1305261841 36
1305261901 35
1305261961 36
1305262021 35
1305262081 34
1305262141 34
1305262201 33
1305262261 34
1305262321 34
1305262381 34
1305262441 35
1305262501 35
1305262561 35
1305262621 36
1305262681 37
1305262741 38
1305262801 40
1305262861 35
1305262921 39
1305262981 38
1305263041 38
1305263102 38
1305263161 38
1305263221 36
1305263281 38
1305263341 39
1305263401 34
1305263461 38
1305263521 38
1305263581 38
1305263641 37
1305263701 37
1305263761 38
1305263822 39
1305263881 36
1305263941 37
1305264001 34
1305264061 35
1305264121 32
1305264181 34
1305264241 32
1305264301 36
1305264361 36
1305264421 34
1305264481 34
1305264541 34
1305264602 35
1305264661 34
1305264721 35
1305264781 36
1305264841 38
1305264901 34
1305264961 35
1305265021 36
1305265081 35
1305265141 38
1305265201 38
1305265261 40
1305265322 39
1305265381 37
1305265441 39
1305265501 39
1305265561 40
1305265621 40
1305265681 41
1305265741 39
1305265801 37
1305265861 37
1305265921 38
1305265982 37
1305266041 35
1305266101 36
1305266161 35
1305266221 36
1305266281 38
1305266341 39
1305266401 39
1305266461 38
1305266521 38
1305266581 39
1305266641 41
1305266702 39
1305266761 41
1305266821 39
1305266881 40
1305266941 40
1305267001 41
1305267061 42
1305267121 43
1305267181 40
1305267241 42
1305267301 43
1305267361 40
1305267422 42
1305267481 41
1305267541 42
1305267601 42
1305267661 40
1305267721 42
1305267781 41
1305267841 38
1305267901 38
1305267961 40
1305268021 40
1305268081 39
1305268141 40
1305268202 41
1305268261 40
1305268321 43
1305268381 43
1305268441 43
1305268501 44
1305268561 42
1305268621 39
1305268681 40
1305268741 39
1305268801 41
1305268862 39
1305268921 37
1305268981 40
1305269041 41
1305269101 41
1305269161 41
1305269221 42
1305269281 41
1305269341 40
1305269401 40
1305269461 40
1305269521 41
1305269581 40
1305269642 40
1305269702 41
1305269761 40
1305269821 40
1305269881 41
1305269941 39
1305270001 38
1305270061 40
1305270121 40
1305270181 40
1305270241 38
1305270301 41
1305270361 43
1305270421 41
1305270482 43
1305270541 43
1305270601 43
1305270661 41
1305270721 43
1305270781 43
1305270841 45
1305270901 45
1305270961 46
1305271021 48
1305271081 47
1305271141 49
1305271202 49
1305271261 49
1305271321 48
1305271381 49
1305271441 48
1305271501 48
1305271561 46
1305271621 46
1305271681 44
1305271741 45
1305271801 42
1305271861 43
1305271921 39
1305271982 41
1305272041 40
1305272101 38
1305272161 39
1305272221 40
1305272281 42
1305272341 43
1305272401 42
1305272461 44
1305272521 43
1305272581 42
1305272641 43
1305272701 41
1305272761 41
1305272821 42
1305272881 40
1305272941 40
1305273001 41
1305273061 37
1305273121 37
1305273181 37
1305273241 36
1305273301 37
1305273361 37
1305273422 37
1305273481 38
1305273541 34
1305273601 34
1305273661 34
1305273721 34
1305273781 32
1305273841 33
1305273901 32
1305273961 32
1305274021 29
1305274081 27
1305274141 27
1305274202 24
1305274261 26
1305274321 28
1305274381 28
1305274441 27
1305274501 28
1305274561 28
1305274621 29
1305274681 29
1305274741 30
1305274801 30
1305274861 29
1305274921 26
1305274981 27
1305275042 25
1305275101 26
1305275161 22
1305275221 25
1305275281 25
1305275341 26
1305275401 27
1305275461 26
1305275521 27
1305275581 24
1305275641 23
1305275701 22
1305275761 25
1305275822 25
1305275881 24
1305275941 23
1305276001 26
1305276061 25
1305276121 26
1305276181 27
1305276241 26
1305276301 25
1305276361 25
1305276421 25
1305276481 26
1305276541 25
1305276602 23
1305276661 23
1305276721 22
1305276781 21
1305276841 21
1305276901 20
1305276961 17
1305277021 17
1305277081 18
1305277141 19
1305277201 17
1305277261 18
1305277321 17
1305277381 19
1305277441 19
1305277501 22
1305277561 21
1305277621 23
1305277681 22
1305277741 22
1305277801 23
1305277861 22
1305277921 23
1305277981 21
1305278041 22
1305278102 19
1305278161 19
1305278221 15
1305278281 17
1305278341 18
1305278401 17
1305278461 16
1305278521 16
1305278581 15
1305278641 16
1305278701 17
1305278761 17
1305278822 16
1305278881 18
1305278941 17
1305279001 16
1305279061 15
1305279121 14
1305279181 15
1305279241 15
1305279301 14
1305279361 14
1305279421 15
1305279481 11
1305279542 12
1305279601 13
1305279661 13
1305279721 12
1305279781 13
1305279841 12
1305279901 13
1305279961 15
1305280021 14
1305280081 14
1305280141 13
1305280201 14
1305280261 14
1305280322 14
1305280381 12
1305280441 13
1305280501 12
1305280561 13
1305280621 12
1305280681 14
1305280741 13
1305280801 11
1305280861 13
1305280921 13
1305280981 13
1305281042 12
1305281101 12
1305281161 12
1305281221 13
1305281281 12
1305281341 13
1305281401 12
1305281461 12
1305281521 13
1305281581 13
1305281641 12
1305281701 12
1305281762 13
1305281821 13
1305281881 13
1305281941 14
1305282001 15
1305282061 13
1305282121 15
1305282181 18
1305282241 19
1305282301 19
1305282361 16
1305282421 18
1305282481 18
1305282542 18
1305282601 18
1305282661 20
1305282721 19
1305282781 17
1305282841 16
1305282901 17
1305282961 16
1305283021 14
1305283081 15
1305283141 13
1305283201 14
1305283262 14
1305283322 14
1305283381 14
1305283441 15
1305283501 15
1305283561 15
1305283621 14
1305283681 13
1305283741 15
1305283801 15
1305283861 13
1305283921 13
1305283981 16
1305284042 15
1305284101 16
1305284161 16
1305284221 16
1305284281 15
1305284341 14
1305284401 14
1305284461 16
1305284521 15
1305284581 14
1305284641 14
1305284701 13
1305284761 14
1305284822 14
1305284881 14
1305284941 13
1305285001 14
1305285061 13
1305285121 14
1305285181 13
1305285241 13
1305285301 13
1305285361 15
1305285421 16
1305285481 16
1305285541 15
1305285602 14
1305285661 15
1305285721 15
1305285781 15
1305285841 15
1305285901 16
1305285961 13
1305286021 14
1305286081 15
1305286141 15
1305286201 13
1305286261 14
1305286322 13
1305286381 13
1305286441 14
1305286501 12
1305286561 13
1305286621 11
1305286681 12
1305286741 13
1305286801 13
1305286861 11
1305286921 11
1305286981 10
1305287041 10
1305287102 12
1305287161 11
1305287221 12
1305287281 11
1305287341 11
1305287401 12
1305287461 11
1305287521 11
1305287581 12
1305287641 11
1305287701 11
1305287762 11
1305287821 11
1305287881 11
1305287941 12
1305288001 11
1305288061 11
1305288121 11
1305288181 12
1305288241 11
1305288301 11
1305288361 12
1305288421 12
1305288481 11
1305288542 11
1305288601 12
1305288661 11
1305288721 12
1305288781 11
1305288841 11
1305288901 10
1305288961 9
1305289021 11
1305289081 12
1305289141 10
1305289201 11
1305289262 12
1305289321 11
1305289381 11
1305289441 12
1305289501 12
1305289561 11
1305289621 11
1305289681 11
1305289741 11
1305289801 10
1305289861 11
1305289921 11
1305289982 11
1305290041 14
1305290101 14
1305290161 14
1305290221 13
1305290281 14
1305290341 13
1305290401 14
1305290461 13
1305290521 13
1305290581 14
1305290641 14
1305290701 15
1305290761 15
1305290821 16
1305290881 14
1305290941 16
1305291001 15
1305291061 16
1305291121 15
1305291181 15
1305291241 13
1305291302 13
1305291361 13
1305291421 13
1305291481 14
1305291541 12
1305291601 14
1305291661 12
1305291721 15
1305291781 15
1305291841 14
1305291901 13
1305291961 14
1305292022 14
1305292081 14
1305292141 14
1305292201 11
1305292261 13
1305292321 10
1305292381 13
1305292441 13
1305292501 12
1305292561 12
1305292621 11
1305292681 12
1305292741 12
1305292802 12
1305292861 12
1305292921 12
1305292981 8
1305293041 13
1305293101 13
1305293161 12
1305293221 12
1305293281 13
1305293341 12
1305293401 13
1305293461 13
1305293522 13
1305293581 12
1305293641 11
1305293701 13
1305293761 13
1305293821 12
1305293881 11
1305293941 14
1305294001 13
1305294061 14
1305294122 13
1305294181 14
1305294241 12
1305294301 10
1305294361 13
1305294421 13
1305294481 13
1305294541 13
1305294601 14
1305294661 13
1305294721 14
1305294781 14
1305294841 13
1305294901 14
1305294961 10
1305295021 12
1305295081 13
1305295141 13
1305295201 13
1305295261 13
1305295321 12
1305295381 12
1305295441 13
1305295501 11
1305295561 12
1305295622 12
1305295681 11
1305295741 11
1305295801 11
1305295861 13
1305295921 13
1305295981 12
1305296041 11
1305296101 11
1305296161 10
1305296221 10
1305296281 11
1305296342 12
1305296401 11
1305296461 9
1305296521 13
1305296581 14
1305296641 14
1305296701 16
1305296761 16
1305296821 15
1305296881 13
1305296941 13
1305297001 13
1305297061 15
1305297121 14
1305297181 16
1305297241 16
1305297301 14
1305297361 15
1305297421 15
1305297481 15
1305297541 15
1305297601 16
1305297661 16
1305297721 15
1305297782 15
1305297841 17
1305297901 18
1305297961 18
1305298021 19
1305298081 18
1305298141 18
1305298201 19
1305298261 15
1305298321 17
1305298381 15
1305298441 16
1305298502 18
1305298561 17
1305298621 17
1305298681 17
1305298741 16
1305298801 15
1305298861 15
1305298921 15
1305298981 14
1305299041 16
1305299101 18
1305299162 19
1305299221 19
1305299281 21
1305299341 21
1305299401 20
1305299461 20
1305299521 18
1305299581 19
1305299641 15
1305299701 14
1305299761 15
1305299821 17
1305299881 15
1305299941 16
1305300001 16
1305300061 17
1305300121 18
1305300181 19
1305300241 20
1305300301 17
1305300361 18
1305300421 16
1305300481 16
1305300542 14
1305300601 15
1305300661 15
1305300721 13
1305300781 11
1305300841 11
1305300901 11
1305300961 11
1305301021 10
1305301081 11
1305301141 11
1305301201 11
1305301262 12
1305301321 13
1305301381 13
1305301441 12
1305301501 13
1305301561 12
1305301621 11
1305301681 10
1305301741 11
1305301801 9
1305301861 8
1305301921 9
1305301981 9
1305302042 10
1305302101 9
1305302161 8
1305302221 10
1305302281 11
1305302341 10
1305302401 11
