1313510461 31
1313510521 32
1313510582 33
1313510641 32
1313510701 32
1313510761 32
1313510821 30
1313510881 33
1313510941 33
1313511001 32
1313511062 31
1313511121 29
1313511181 28
1313511241 26
1313511301 29
1313511361 28
1313511421 27
1313511481 25
1313511541 28
1313511601 28
1313511662 27
1313511721 26
1313511781 27
1313511841 27
1313511901 21
1313511961 26
1313512021 26
1313512081 24
1313512141 24
1313512202 25
1313512261 23
1313512321 23
1313512381 23
1313512441 24
1313512501 24
1313512562 19
1313512622 23
1313512681 21
1313512741 20
1313512801 21
1313512861 22
1313512921 21
1313512981 22
1313513041 21
1313513102 22
1313513161 22
1313513221 18
1313513281 22
1313513341 21
1313513401 22
1313513461 22
1313513521 21
1313513581 20
1313513641 20
1313513701 21
1313513762 22
1313513821 23
1313513881 19
1313513941 22
1313514001 21
1313514061 21
1313514121 20
1313514181 21
1313514241 21
1313514301 19
1313514361 19
1313514421 17
1313514481 17
1313514542 15
1313514601 17
1313514661 17
1313514721 17
1313514781 17
1313514841 17
1313514901 17
1313514961 18
1313515021 17
1313515082 17
1313515141 17
1313515201 17
1313515262 17
1313515322 17
1313515381 15
1313515441 14
1313515501 16
1313515561 16
1313515621 16
1313515681 15
1313515741 14
1313515801 14
1313515861 15
1313515921 15
1313515982 16
1313516042 15
1313516101 16
1313516161 16
1313516221 17
1313516281 17
1313516341 16
1313516401 14
1313516461 16
1313516521 14
1313516581 15
1313516642 16
1313516701 14
1313516761 13
1313516821 14
1313516881 14
1313516941 13
1313517001 14
1313517061 15
1313517121 16
1313517181 14
1313517242 15
1313517302 15
1313517361 14
1313517421 13
1313517481 14
1313517541 14
1313517601 12
1313517661 7
1313517721 11
1313517781 10
1313517842 10
1313517901 11
1313517961 11
1313518021 11
1313518081 10
1313518141 11
1313518201 11
1313518261 11
1313518321 10
1313518382 11
1313518441 9
1313518501 10
1313518561 11
1313518621 11
1313518681 11
1313518741 11
1313518801 10
1313518861 11
1313518922 11
1313518981 10
1313519041 12
1313519101 9
1313519161 11
1313519221 12
1313519281 12
1313519341 12
1313519401 12
1313519462 11
1313519521 10
1313519581 9
1313519641 10
1313519701 11
1313519761 9
1313519821 8
1313519881 11
1313519942 11
1313520002 11
1313520061 11
1313520121 11
1313520181 10
1313520241 11
1313520301 10
1313520361 11
1313520422 9
1313520482 8
1313520541 11
1313520601 11
1313520661 11
1313520721 10
1313520781 11
1313520841 10
1313520901 11
1313520962 11
1313521021 10
1313521081 10
1313521141 8
1313521201 11
1313521261 11
1313521321 11
1313521382 10
1313521442 10
1313521501 10
1313521561 11
1313521621 11
1313521681 9
1313521741 10
1313521801 8
1313521861 11
1313521922 11
1313521981 11
1313522041 10
1313522101 9
1313522161 10
1313522221 12
1313522281 12
1313522341 10
1313522402 12
1313522461 11
1313522521 13
1313522581 13
1313522641 14
1313522701 13
1313522761 13
1313522821 13
1313522882 13
1313522941 15
1313523001 13
1313523061 14
1313523121 14
1313523181 14
1313523241 12
1313523301 13
1313523362 11
1313523421 12
1313523481 13
1313523541 12
1313523601 12
1313523661 10
1313523721 11
1313523781 12
1313523842 12
1313523901 11
1313523961 12
1313524021 11
1313524081 10
1313524141 11
1313524201 11
1313524261 11
1313524321 11
1313524382 11
1313524441 12
1313524501 12
1313524561 12
1313524621 12
1313524681 11
1313524741 11
1313524801 11
1313524861 11
1313524922 11
1313524981 10
1313525041 11
1313525101 12
1313525161 12
1313525221 12
1313525281 12
1313525341 11
1313525402 11
1313525462 12
1313525521 11
1313525581 11
1313525641 10
1313525701 11
1313525761 12
1313525821 13
1313525881 13
1313525942 13
1313526001 12
1313526061 11
1313526121 12
1313526181 12
1313526241 13
1313526301 11
1313526362 12
1313526422 12
1313526481 12
1313526541 12
1313526601 12
1313526661 11
1313526721 10
1313526781 11
1313526841 11
1313526902 12
1313526961 10
1313527021 10
1313527081 12
1313527141 12
1313527201 12
1313527261 12
1313527321 12
1313527381 10
1313527442 11
1313527501 12
1313527561 11
1313527621 11
1313527681 12
1313527741 13
1313527801 13
1313527861 13
1313527922 12
1313527981 13
1313528041 11
1313528101 12
1313528161 13
1313528221 13
1313528281 12
1313528341 12
1313528401 12
1313528462 12
1313528521 12
1313528581 11
1313528641 12
1313528701 11
1313528761 11
1313528821 11
1313528881 9
1313528942 12
1313529001 12
1313529061 12
1313529121 12
1313529181 12
1313529241 11
1313529301 12
1313529361 11
1313529422 12
1313529481 11
1313529541 9
1313529601 12
1313529661 12
1313529721 12
1313529781 12
1313529841 11
1313529901 11
1313529962 13
1313530021 11
1313530081 13
1313530141 12
1313530201 11
1313530261 13
1313530321 13
1313530381 13
1313530442 13
1313530501 12
1313530561 12
1313530621 13
1313530681 12
1313530741 13
1313530801 11
1313530861 11
1313530922 13
1313530981 13
1313531041 13
1313531101 12
1313531161 12
1313531221 12
1313531281 13
1313531341 12
1313531401 13
1313531461 11
1313531522 12
1313531581 14
1313531641 14
1313531701 14
1313531761 14
1313531821 13
1313531881 13
1313531941 15
1313532001 13
1313532061 15
1313532121 14
1313532182 14
1313532241 15
1313532301 15
1313532361 14
1313532421 15
1313532481 14
1313532542 13
1313532601 14
1313532661 13
1313532721 13
1313532781 12
1313532841 14
1313532901 14
1313532961 14
1313533021 13
1313533081 13
1313533141 14
1313533202 12
1313533261 14
1313533321 13
1313533381 13
1313533441 12
1313533501 14
1313533561 14
1313533621 14
1313533681 15
1313533741 14
1313533802 17
1313533861 16
1313533921 17
1313533981 17
1313534041 16
1313534101 16
1313534161 18
1313534221 18
1313534281 16
1313534341 19
1313534402 18
1313534462 18
1313534521 18
1313534581 19
1313534641 18
1313534701 19
1313534761 19
1313534821 21
1313534881 21
1313534941 21
1313535002 21
1313535061 21
1313535121 20
1313535181 21
1313535241 21
1313535301 19
1313535361 19
1313535421 17
1313535481 20
1313535541 19
1313535602 18
1313535661 19
1313535721 20
1313535781 19
1313535841 21
1313535901 21
1313535961 21
1313536021 20
1313536081 18
1313536141 20
1313536202 20
1313536261 21
1313536321 22
1313536381 21
1313536441 21
1313536501 23
1313536561 21
1313536621 21
1313536681 21
1313536741 21
1313536802 23
1313536861 21
1313536921 22
1313536981 22
1313537041 24
1313537101 22
1313537161 23
1313537221 23
1313537282 25
1313537342 24
1313537401 26
1313537461 25
1313537521 24
1313537581 26
1313537641 26
1313537701 26
1313537761 26
1313537821 27
1313537882 25
1313537942 26
1313538001 25
1313538061 28
1313538121 28
1313538181 27
1313538241 29
1313538301 30
1313538361 30
1313538422 29
1313538481 31
1313538541 29
1313538601 29
1313538661 30
1313538721 31
1313538781 29
1313538841 28
1313538901 30
1313538961 29
1313539022 29
1313539082 27
1313539141 31
1313539201 32
1313539261 31
1313539321 32
1313539381 32
1313539441 31
1313539501 34
1313539561 37
1313539622 37
1313539681 38
1313539741 37
1313539801 40
1313539861 41
1313539921 41
1313539981 45
1313540041 45
1313540102 44
1313540162 46
1313540221 48
1313540281 48
1313540341 47
1313540401 48
1313540461 49
1313540521 48
1313540581 49
1313540641 50
1313540702 51
1313540761 49
1313540821 48
1313540881 48
1313540941 50
1313541001 51
1313541061 48
1313541121 48
1313541181 49
1313541241 55
1313541302 56
1313541361 58
1313541421 59
1313541481 60
1313541541 56
1313541601 61
1313541661 65
1313541721 65
1313541782 63
1313541841 64
1313541901 63
1313541961 65
1313542021 66
1313542081 65
1313542141 66
1313542201 64
1313542261 65
1313542321 71
1313542382 72
1313542441 70
1313542501 73
1313542561 71
1313542621 76
1313542681 78
1313542741 81
1313542801 80
1313542861 84
1313542921 83
1313542982 84
1313543041 83
1313543101 88
1313543161 87
1313543221 84
1313543281 88
1313543341 90
1313543401 91
1313543461 92
1313543522 96
1313543581 97
1313543641 98
1313543701 97
1313543761 96
1313543821 98
1313543881 97
1313543941 98
1313544001 99
1313544061 101
1313544122 101
1313544181 106
1313544241 105
1313544301 102
1313544361 104
1313544421 106
1313544481 104
1313544541 102
1313544601 99
1313544662 102
1313544721 103
1313544781 100
1313544841 106
1313544901 107
1313544961 108
1313545021 110
1313545081 113
1313545141 114
1313545202 117
1313545262 115
1313545321 115
1313545381 119
1313545441 118
1313545501 118
1313545561 119
1313545621 118
1313545681 120
1313545741 121
1313545802 119
1313545861 116
1313545921 120
1313545981 115
1313546041 115
1313546101 117
1313546161 120
1313546221 122
1313546282 123
1313546342 126
1313546401 127
1313546461 131
1313546521 123
1313546581 127
1313546641 130
1313546701 126
1313546761 127
1313546822 124
1313546881 126
1313546941 122
1313547001 119
1313547061 117
1313547121 119
1313547181 113
1313547241 117
1313547301 118
1313547362 120
1313547421 123
1313547481 120
1313547541 121
1313547601 129
1313547661 127
1313547721 126
1313547781 125
1313547841 123
1313547901 124
1313547962 124
1313548021 125
1313548081 130
1313548141 128
1313548201 128
1313548261 130
1313548321 133
1313548381 136
1313548441 140
1313548501 145
1313548561 144
1313548621 147
1313548681 144
1313548741 148
1313548801 145
1313548861 144
1313548921 147
1313548981 144
1313549042 142
1313549102 140
1313549161 142
1313549221 143
1313549281 141
1313549341 140
1313549401 142
1313549461 139
1313549521 140
1313549582 142
1313549641 141
1313549701 140
1313549761 142
1313549821 140
1313549881 140
1313549941 143
1313550001 145
1313550061 139
1313550121 146
1313550182 147
1313550241 148
1313550301 151
1313550361 147
1313550421 147
1313550481 148
1313550541 151
1313550602 153
1313550661 151
1313550721 147
1313550782 150
1313550842 147
1313550901 148
1313550961 147
1313551021 141
1313551081 143
1313551141 140
1313551201 143
1313551261 145
1313551322 143
1313551381 143
1313551441 141
1313551501 142
1313551561 145
1313551621 151
1313551681 151
1313551741 149
1313551802 147
1313551861 145
1313551921 144
1313551981 148
1313552041 148
1313552101 147
1313552161 153
1313552221 151
1313552281 150
1313552342 153
1313552401 150
1313552461 152
1313552521 152
1313552581 149
1313552641 151
1313552701 147
1313552761 143
1313552822 144
1313552882 142
1313552941 142
1313553001 142
1313553061 142
1313553121 143
1313553181 145
1313553241 143
1313553301 143
1313553361 137
1313553421 134
1313553481 136
1313553541 136
1313553601 132
1313553661 128
1313553721 123
1313553781 123
1313553842 118
1313553902 117
1313553961 113
1313554021 110
1313554081 110
1313554141 106
1313554202 103
1313554262 105
1313554321 102
1313554381 103
1313554441 102
1313554501 103
1313554561 106
1313554621 104
1313554681 103
1313554741 105
1313554801 103
1313554861 106
1313554921 105
1313554981 103
1313555041 107
1313555101 108
1313555161 106
1313555221 106
1313555281 108
1313555341 109
1313555401 113
1313555461 113
1313555521 114
1313555581 110
1313555642 110
1313555702 107
1313555761 111
1313555821 109
1313555881 104
1313555941 103
1313556001 106
1313556061 104
1313556121 107
1313556181 107
1313556241 104
1313556302 104
1313556361 102
1313556421 102
1313556481 103
1313556541 101
1313556601 105
1313556661 105
1313556722 105
1313556782 103
1313556841 102
1313556901 101
1313556961 104
1313557021 103
1313557081 104
1313557141 102
1313557201 102
1313557262 103
1313557322 102
1313557381 103
1313557441 102
1313557501 102
1313557561 99
1313557621 102
1313557681 101
1313557741 105
1313557801 103
1313557861 101
1313557921 98
1313557981 100
1313558041 99
1313558101 103
1313558161 102
1313558221 103
1313558281 101
1313558341 101
1313558402 99
1313558461 98
1313558521 100
1313558581 98
1313558641 98
1313558701 93
1313558761 96
1313558821 96
1313558881 97
1313558942 96
1313559002 96
1313559061 94
1313559121 95
1313559181 94
1313559241 95
1313559301 96
1313559361 99
1313559421 98
1313559481 100
1313559542 100
1313559601 99
1313559661 97
1313559721 98
1313559781 101
1313559841 101
1313559901 102
1313559961 97
1313560022 98
1313560081 99
1313560141 100
1313560201 100
1313560261 105
1313560321 107
1313560381 105
1313560441 106
1313560501 106
1313560562 110
1313560621 109
1313560681 106
1313560741 102
1313560801 99
1313560861 103
1313560921 97
1313560981 97
1313561042 99
1313561101 101
1313561161 97
1313561221 98
1313561281 97
1313561341 97
1313561401 97
1313561461 98
1313561521 94
1313561582 98
1313561641 96
1313561701 97
1313561761 99
1313561821 101
1313561881 101
1313561941 105
1313562001 105
1313562062 102
1313562121 107
1313562181 102
1313562241 106
1313562301 106
1313562361 108
1313562421 106
1313562481 108
1313562542 105
1313562601 108
1313562661 104
1313562721 107
1313562781 109
1313562841 103
1313562901 103
1313562961 107
1313563021 109
1313563082 110
1313563141 114
1313563201 112
1313563261 114
1313563321 112
1313563381 108
1313563441 112
1313563501 113
1313563562 111
1313563621 111
1313563681 116
1313563741 118
1313563801 117
1313563861 120
1313563921 117
1313563981 121
1313564041 123
1313564102 121
1313564161 124
1313564221 122
1313564281 120
1313564341 122
1313564402 123
1313564461 120
1313564521 119
1313564581 125
1313564641 124
1313564701 125
1313564761 122
1313564821 124
1313564881 126
1313564942 122
1313565001 120
1313565061 121
1313565121 124
1313565181 121
1313565241 121
1313565301 121
1313565362 121
1313565422 124
1313565482 122
1313565541 123
1313565601 125
1313565661 127
1313565721 130
1313565781 129
1313565841 129
1313565901 127
1313565961 131
1313566022 130
1313566081 133
1313566141 133
1313566201 133
1313566261 138
1313566321 139
1313566381 142
1313566441 146
1313566501 151
1313566561 156
1313566621 156
1313566681 162
1313566741 161
1313566801 163
1313566861 164
1313566921 165
1313566982 165
1313567041 164
1313567101 165
1313567161 159
1313567221 163
1313567281 162
1313567341 164
1313567401 162
1313567461 167
1313567521 167
1313567581 169
1313567641 171
1313567702 170
1313567762 168
1313567821 161
1313567881 164
1313567941 163
1313568001 166
1313568062 154
1313568122 158
1313568181 153
1313568241 154
1313568301 157
1313568361 163
1313568421 154
1313568481 150
1313568541 152
1313568602 156
1313568662 154
1313568721 154
1313568781 153
1313568841 151
1313568901 153
1313568961 153
1313569021 165
1313569081 161
1313569142 157
1313569201 153
1313569261 152
1313569322 146
1313569381 144
1313569441 142
1313569501 141
1313569561 137
1313569622 130
1313569681 137
1313569741 142
1313569801 141
1313569861 142
1313569921 144
1313569981 137
1313570041 136
1313570101 131
1313570162 125
1313570221 125
1313570281 115
1313570341 118
1313570402 116
1313570461 116
1313570521 112
1313570581 112
1313570641 112
1313570701 112
1313570761 113
1313570821 110
1313570881 108
1313570942 103
1313571001 104
1313571061 103
1313571121 103
1313571181 105
1313571241 103
1313571301 99
1313571361 96
1313571421 98
1313571482 92
1313571541 93
1313571601 89
1313571661 87
1313571721 86
1313571781 85
1313571841 87
1313571901 83
1313571961 81
1313572021 82
1313572081 84
1313572141 79
1313572201 80
1313572261 80
1313572321 80
1313572381 80
1313572442 79
1313572501 77
1313572561 78
1313572621 78
1313572681 80
1313572741 78
1313572801 81
1313572861 81
1313572921 82
1313572981 80
1313573042 78
1313573101 81
1313573161 81
1313573221 74
1313573281 73
1313573341 68
1313573401 66
1313573461 64
1313573521 64
1313573582 67
1313573642 68
1313573701 64
1313573761 64
1313573821 66
1313573881 66
1313573941 67
1313574001 65
1313574061 68
1313574122 69
1313574182 63
1313574241 65
1313574301 63
1313574361 67
1313574421 66
1313574482 67
1313574541 65
1313574601 63
1313574661 59
1313574721 63
1313574781 65
1313574841 62
1313574901 62
1313574961 60
1313575021 63
1313575081 64
1313575141 66
1313575202 66
1313575262 64
1313575321 61
1313575381 61
1313575441 61
1313575501 63
1313575561 65
1313575621 64
1313575681 61
1313575742 63
1313575801 63
1313575861 64
1313575921 62
1313575981 63
1313576041 58
1313576101 58
1313576161 56
1313576221 58
1313576281 58
1313576341 58
1313576402 60
1313576461 58
1313576521 57
1313576581 56
1313576641 57
1313576701 53
1313576761 54
1313576821 52
1313576881 51
1313576941 50
1313577002 47
1313577061 50
1313577121 50
1313577181 51
1313577241 50
1313577301 49
1313577361 47
1313577421 49
1313577481 50
1313577541 50
1313577602 51
1313577661 51
1313577721 51
1313577781 49
1313577841 51
1313577901 52
1313577961 50
1313578021 52
1313578081 52
1313578141 52
1313578202 54
1313578261 54
1313578321 56
1313578381 57
1313578441 56
1313578501 56
1313578561 53
1313578621 50
1313578681 53
1313578741 52
1313578801 53
1313578862 53
1313578921 53
1313578981 54
1313579041 56
1313579101 57
1313579161 57
1313579221 56
1313579281 52
1313579342 54
1313579401 52
1313579461 50
1313579521 49
1313579581 47
1313579641 46
1313579701 48
1313579761 49
1313579821 48
1313579881 51
1313579942 52
1313580001 53
1313580061 52
1313580121 55
1313580181 56
1313580241 56
1313580301 53
1313580364 58
1313580421 60
1313580481 57
1313580541 58
1313580601 60
1313580661 60
1313580721 57
1313580782 56
1313580842 60
1313580901 60
1313580961 55
1313581021 56
1313581081 56
1313581141 53
1313581201 50
1313581261 54
1313581322 54
1313581382 55
1313581441 53
1313581501 56
1313581561 54
1313581621 54
1313581681 55
1313581741 54
1313581801 53
1313581861 49
1313581922 51
1313581982 51
1313582041 51
1313582101 50
1313582161 54
1313582221 51
1313582281 52
1313582342 54
1313582402 54
1313582461 54
1313582521 55
1313582581 53
1313582641 56
1313582701 53
1313582761 52
1313582821 52
1313582881 54
1313582942 52
1313583002 53
1313583061 52
1313583121 51
1313583181 52
1313583241 49
1313583301 56
1313583361 54
1313583421 56
1313583481 54
1313583542 57
1313583601 59
1313583661 58
1313583721 59
1313583781 59
1313583841 61
1313583901 55
1313583961 61
1313584021 62
1313584082 62
1313584142 61
1313584201 61
1313584261 61
1313584321 61
1313584381 61
1313584441 60
1313584502 61
1313584561 63
1313584621 58
1313584681 58
1313584741 59
1313584801 61
1313584861 62
1313584921 65
1313584981 65
1313585041 63
1313585102 63
1313585161 63
1313585221 62
1313585281 63
1313585341 63
1313585401 64
1313585461 62
1313585521 61
1313585581 62
1313585641 64
1313585702 62
1313585761 59
1313585821 64
1313585881 64
1313585941 65
1313586001 67
1313586061 67
1313586121 66
1313586181 67
1313586241 66
1313586302 71
1313586361 69
1313586421 68
1313586481 71
1313586541 71
1313586601 72
1313586661 72
1313586721 74
1313586781 72
1313586842 72
1313586902 71
1313586961 75
1313587021 75
1313587081 73
1313587141 75
1313587201 76
1313587262 79
1313587321 77
1313587381 79
1313587441 78
1313587501 78
1313587561 77
1313587621 75
1313587681 78
1313587741 78
1313587801 80
1313587862 79
1313587921 79
1313587981 82
1313588041 81
1313588101 80
1313588161 77
1313588221 79
1313588281 80
1313588341 78
1313588402 78
1313588461 75
1313588521 78
1313588581 78
1313588641 82
1313588701 83
1313588761 88
1313588821 85
1313588881 82
1313588941 80
1313589002 78
1313589061 76
1313589121 76
1313589181 71
1313589241 73
1313589301 71
1313589361 70
1313589421 75
1313589481 80
1313589541 79
1313589602 78
1313589661 81
1313589721 78
1313589781 83
1313589841 83
1313589901 85
1313589961 84
1313590021 81
1313590081 80
1313590141 81
1313590201 79
1313590261 78
1313590321 80
1313590381 81
1313590442 81
1313590501 79
1313590561 82
1313590621 83
1313590681 81
1313590741 79
1313590801 83
1313590862 83
1313590921 81
1313590981 75
1313591041 78
1313591101 77
1313591161 78
1313591221 77
1313591281 78
1313591341 76
1313591402 76
1313591461 78
1313591521 79
1313591581 80
1313591641 76
1313591701 78
1313591761 76
1313591821 73
1313591881 71
1313591941 72
1313592002 75
1313592061 72
1313592121 69
1313592181 69
1313592241 68
1313592301 66
1313592361 64
1313592421 68
1313592481 69
1313592541 66
1313592602 69
1313592661 71
1313592722 71
1313592781 71
1313592841 68
1313592901 68
1313592961 65
1313593021 66
1313593081 66
1313593141 66
1313593201 64
1313593262 63
1313593322 63
1313593381 60
1313593441 63
1313593501 62
1313593561 63
1313593621 61
1313593681 60
1313593741 61
1313593801 61
1313593862 57
1313593921 60
1313593981 60
1313594041 61
1313594101 61
1313594161 62
1313594221 60
1313594281 60
1313594341 62
1313594402 64
1313594461 66
1313594521 62
1313594581 62
1313594641 58
1313594701 59
1313594761 54
1313594822 57
1313594881 57
1313594941 53
1313595001 49
1313595061 48
1313595121 48
1313595181 47
1313595241 44
1313595301 48
1313595361 46
1313595422 42
1313595481 44
1313595541 45
1313595601 43
1313595661 42
1313595721 41
1313595781 39
1313595841 39
1313595901 36
1313595961 39
1313596021 39
1313596082 35
1313596141 37
1313596201 36
1313596261 39
1313596321 40
1313596381 40
1313596441 40
1313596501 40
1313596561 36
1313596621 36
1313596681 33
1313596742 35
1313596801 34
