1314288061 51
1314288121 51
1314288181 50
1314288241 50
1314288302 47
1314288361 45
1314288421 46
1314288481 43
1314288541 42
1314288601 38
1314288661 39
1314288721 41
1314288781 42
1314288841 40
1314288902 42
1314288961 39
1314289021 41
1314289081 41
1314289141 42
1314289201 42
1314289261 39
1314289321 40
1314289381 40
1314289441 40
1314289502 37
1314289561 40
1314289621 39
1314289681 38
1314289741 44
1314289801 44
1314289861 44
1314289921 42
1314289982 42
1314290041 42
1314290101 41
1314290161 38
1314290221 35
1314290281 35
1314290341 35
1314290401 39
1314290461 37
1314290521 38
1314290581 37
1314290642 38
1314290702 34
1314290761 34
1314290821 35
1314290881 36
1314290941 31
1314291001 26
1314291061 28
1314291121 27
1314291181 26
1314291241 27
1314291301 26
1314291362 29
1314291421 25
1314291481 27
1314291541 30
1314291601 31
1314291661 30
1314291721 30
1314291781 29
1314291841 29
1314291901 29
1314291961 29
1314292022 35
1314292082 31
1314292141 30
1314292201 27
1314292261 26
1314292321 25
1314292381 26
1314292441 24
1314292501 23
1314292561 23
1314292621 23
1314292682 24
1314292741 25
1314292801 24
1314292861 25
1314292921 25
1314292981 25
1314293042 24
1314293101 25
1314293161 23
1314293221 25
1314293282 22
1314293342 24
1314293401 24
1314293461 24
1314293521 25
1314293581 23
1314293641 25
1314293701 25
1314293761 25
1314293821 22
1314293881 26
1314293942 21
1314294001 23
1314294061 21
1314294121 23
1314294181 23
1314294241 24
1314294301 23
1314294361 20
1314294421 19
1314294481 20
1314294541 22
1314294602 21
1314294662 22
1314294721 21
1314294781 22
1314294841 19
1314294901 22
1314294961 22
1314295021 19
1314295081 21
1314295141 20
1314295201 21
1314295261 21
1314295321 18
1314295381 21
1314295441 21
1314295501 20
1314295561 20
1314295622 21
1314295681 21
1314295741 23
1314295801 21
1314295861 23
1314295921 24
1314295981 22
1314296041 23
1314296101 23
1314296161 22
1314296222 23
1314296282 21
1314296341 25
1314296401 25
1314296461 25
1314296521 24
1314296581 24
1314296641 22
1314296701 23
1314296761 23
1314296822 23
1314296882 18
1314296941 19
1314297001 23
1314297061 22
1314297121 23
1314297181 23
1314297241 23
1314297301 21
1314297361 22
1314297422 22
1314297481 22
1314297541 17
1314297601 18
1314297661 18
1314297721 18
1314297781 18
1314297841 18
1314297902 18
1314297962 16
1314298021 16
1314298081 18
1314298141 18
1314298201 17
1314298261 18
1314298321 18
1314298381 17
1314298441 16
1314298502 17
1314298561 17
1314298621 15
1314298681 16
1314298741 18
1314298801 16
1314298861 15
1314298922 17
1314298982 17
1314299041 17
1314299101 16
1314299161 16
1314299221 16
1314299281 12
1314299341 13
1314299401 18
1314299462 19
1314299522 18
1314299581 20
1314299641 20
1314299701 20
1314299761 20
1314299821 20
1314299881 20
1314299941 16
1314300002 14
1314300061 15
1314300121 13
1314300181 13
1314300241 14
1314300301 15
1314300361 15
1314300421 15
1314300481 15
1314300542 15
1314300601 13
1314300661 14
1314300721 15
1314300781 14
1314300841 14
1314300901 14
1314300961 15
1314301021 15
1314301081 15
1314301142 15
1314301201 15
1314301261 13
1314301321 14
1314301381 14
1314301441 14
1314301501 14
1314301561 15
1314301621 15
1314301682 15
1314301741 15
1314301801 15
1314301861 15
1314301921 15
1314301981 14
1314302042 14
1314302101 14
1314302161 13
1314302221 14
1314302281 14
1314302341 13
1314302401 16
1314302461 14
1314302521 13
1314302581 14
1314302641 13
1314302702 13
1314302762 14
1314302821 13
1314302881 14
1314302941 14
1314303001 15
1314303061 14
1314303121 14
1314303181 13
1314303241 14
1314303301 14
1314303362 13
1314303421 14
1314303481 13
1314303541 15
1314303601 15
1314303661 16
1314303721 16
1314303781 16
1314303841 14
1314303901 15
1314303962 15
1314304022 15
1314304081 16
1314304141 14
1314304201 14
1314304261 15
1314304321 16
1314304381 16
1314304441 16
1314304501 14
1314304561 14
1314304622 14
1314304681 14
1314304741 15
1314304801 12
1314304861 16
1314304921 16
1314304981 16
1314305041 16
1314305101 16
1314305161 16
1314305222 14
1314305281 15
1314305341 16
1314305401 13
1314305461 15
1314305521 16
1314305581 16
1314305641 16
1314305701 16
1314305762 16
1314305821 16
1314305881 14
1314305941 14
1314306001 14
1314306061 13
1314306121 14
1314306181 15
1314306241 15
1314306302 15
1314306362 15
1314306421 16
1314306481 16
1314306541 14
1314306601 16
1314306661 16
1314306721 18
1314306782 19
1314306841 20
1314306901 20
1314306961 20
1314307021 20
1314307081 21
1314307141 21
1314307201 18
1314307262 15
1314307321 17
1314307381 18
1314307441 18
1314307501 19
1314307561 19
1314307621 19
1314307681 18
1314307741 19
1314307802 19
1314307861 15
1314307921 15
1314307981 15
1314308041 15
1314308101 15
1314308161 16
1314308221 16
1314308281 16
1314308342 15
1314308401 15
1314308461 15
1314308521 14
1314308581 14
1314308641 14
1314308701 14
1314308761 14
1314308821 16
1314308881 16
1314308941 16
1314309002 16
1314309062 16
1314309121 15
1314309181 13
1314309241 14
1314309301 16
1314309361 15
1314309421 15
1314309481 16
1314309541 15
1314309602 16
1314309661 16
1314309721 16
1314309781 17
1314309841 15
1314309901 16
1314309962 17
1314310021 15
1314310081 16
1314310141 17
1314310201 17
1314310261 17
1314310321 17
1314310381 18
1314310441 17
1314310501 15
1314310562 19
1314310621 20
1314310681 19
1314310741 19
1314310801 20
1314310861 20
1314310921 18
1314310981 15
1314311041 18
1314311102 16
1314311161 14
1314311221 16
1314311281 17
1314311341 16
1314311401 17
1314311461 18
1314311521 18
1314311581 17
1314311641 20
1314311701 20
1314311762 19
1314311821 17
1314311881 19
1314311941 20
1314312001 19
1314312061 19
1314312121 20
1314312181 19
1314312241 19
1314312301 24
1314312362 26
1314312421 25
1314312481 22
1314312541 25
1314312601 26
1314312661 25
1314312721 25
1314312781 26
1314312842 19
1314312901 21
1314312961 21
1314313021 20
1314313081 21
1314313141 20
1314313201 22
1314313261 22
1314313322 21
1314313381 22
1314313441 22
1314313501 21
1314313561 23
1314313621 23
1314313681 23
1314313741 23
1314313801 23
1314313861 23
1314313921 24
1314313982 23
1314314042 24
1314314101 26
1314314161 29
1314314221 28
1314314281 27
1314314341 27
1314314401 27
1314314461 26
1314314521 29
1314314581 30
1314314642 29
1314314701 26
1314314761 27
1314314821 28
1314314881 30
1314314941 29
1314315001 26
1314315061 29
1314315121 29
1314315181 31
1314315241 31
1314315302 34
1314315361 26
1314315421 27
1314315481 28
1314315541 28
1314315601 28
1314315662 27
1314315722 26
1314315781 26
1314315841 28
1314315901 27
1314315961 30
1314316021 28
1314316081 28
1314316141 32
1314316201 33
1314316262 37
1314316322 39
1314316381 40
1314316441 44
1314316501 45
1314316561 43
1314316621 46
1314316681 43
1314316741 43
1314316801 50
1314316862 44
1314316922 46
1314316981 48
1314317041 48
1314317101 45
1314317161 52
1314317221 48
1314317281 51
1314317341 50
1314317402 47
1314317462 49
1314317521 44
1314317581 46
1314317641 44
1314317701 49
1314317761 51
1314317821 60
1314317881 62
1314317941 65
1314318002 66
1314318062 66
1314318121 69
1314318181 70
1314318241 71
1314318301 72
1314318361 66
1314318421 66
1314318481 66
1314318541 67
1314318602 67
1314318662 66
1314318721 70
1314318781 65
1314318841 68
1314318901 68
1314318961 70
1314319021 69
1314319081 68
1314319141 66
1314319202 69
1314319261 72
1314319321 71
1314319381 72
1314319441 73
1314319501 73
1314319561 77
1314319621 77
1314319682 80
1314319742 83
1314319801 82
1314319861 82
1314319921 83
1314319981 83
1314320041 87
1314320101 85
1314320161 85
1314320222 88
1314320282 85
1314320341 88
1314320401 90
1314320461 92
1314320521 92
1314320581 92
1314320641 96
1314320701 98
1314320761 96
1314320822 88
1314320881 91
1314320941 87
1314321001 89
1314321061 91
1314321121 90
1314321181 88
1314321241 86
1314321301 86
1314321361 87
1314321422 87
1314321481 92
1314321541 97
1314321601 95
1314321661 98
1314321721 104
1314321781 107
1314321841 107
1314321901 114
1314321962 118
1314322021 120
1314322081 118
1314322141 117
1314322201 118
1314322261 119
1314322321 112
1314322381 114
1314322441 116
1314322502 113
1314322561 111
1314322621 116
1314322681 114
1314322741 118
1314322801 123
1314322861 123
1314322921 131
1314322981 134
1314323041 141
1314323102 144
1314323161 150
1314323221 154
1314323281 159
1314323341 158
1314323401 161
1314323461 161
1314323521 157
1314323582 157
1314323641 161
1314323701 163
1314323761 169
1314323821 169
1314323881 171
1314323941 173
1314324001 168
1314324062 175
1314324122 175
1314324181 177
1314324241 180
1314324301 181
1314324361 181
1314324421 178
1314324481 185
1314324541 185
1314324602 185
1314324662 185
1314324721 194
1314324781 194
1314324841 187
1314324901 187
1314324961 186
1314325021 187
1314325081 189
1314325141 186
1314325202 191
1314325261 188
1314325321 185
1314325381 191
1314325441 192
1314325501 191
1314325561 189
1314325621 193
1314325682 195
1314325742 199
1314325801 198
1314325861 193
1314325921 199
1314325981 202
1314326041 196
1314326102 194
1314326162 194
1314326221 194
1314326281 190
1314326341 188
1314326401 187
1314326461 189
1314326521 183
1314326581 180
1314326642 180
1314326702 179
1314326761 178
1314326821 175
1314326881 173
1314326941 177
1314327001 176
1314327061 188
1314327121 182
1314327181 182
1314327242 186
1314327302 188
1314327361 192
1314327421 190
1314327481 192
1314327541 195
1314327601 194
1314327661 194
1314327722 205
1314327781 207
1314327841 209
1314327901 221
1314327961 228
1314328021 236
1314328081 235
1314328141 235
1314328202 238
1314328261 236
1314328321 246
1314328381 250
1314328441 244
1314328501 240
1314328562 244
1314328621 246
1314328681 255
1314328741 258
1314328801 260
1314328861 259
1314328921 252
1314328981 261
1314329041 260
1314329102 265
1314329161 256
1314329221 261
1314329281 250
1314329342 247
1314329401 247
1314329461 246
1314329521 249
1314329582 245
1314329641 247
1314329701 243
1314329761 240
1314329822 241
1314329881 243
1314329941 250
1314330001 245
1314330061 245
1314330121 243
1314330181 245
1314330241 242
1314330301 240
1314330362 239
1314330421 235
1314330481 235
1314330541 232
1314330601 231
1314330661 230
1314330721 230
1314330781 225
1314330842 226
1314330902 221
1314330961 215
1314331021 213
1314331081 210
1314331141 208
1314331201 211
1314331261 210
1314331322 200
1314331381 196
1314331441 190
1314331501 188
1314331561 182
1314331621 172
1314331681 170
1314331742 170
1314331802 162
1314331861 163
1314331921 165
1314331981 159
1314332041 160
1314332101 156
1314332161 156
1314332221 157
1314332282 156
1314332342 148
1314332401 145
1314332461 146
1314332521 140
1314332581 140
1314332641 138
1314332701 140
1314332761 143
1314332821 145
1314332882 144
1314332941 145
1314333001 144
1314333061 142
1314333121 144
1314333181 139
1314333241 137
1314333301 133
1314333362 130
1314333421 131
1314333481 129
1314333541 131
1314333601 130
1314333661 133
1314333721 131
1314333781 131
1314333841 132
1314333902 129
1314333961 128
1314334021 123
1314334081 122
1314334141 123
1314334201 122
1314334261 122
1314334322 124
1314334381 120
1314334441 116
1314334501 119
1314334561 113
1314334621 117
1314334681 116
1314334741 116
1314334802 118
1314334862 112
1314334921 115
1314334981 112
1314335041 118
1314335101 116
1314335161 119
1314335221 116
1314335281 117
1314335341 115
1314335402 122
1314335462 123
1314335521 125
1314335581 126
1314335641 123
1314335701 121
1314335761 122
1314335821 121
1314335881 125
1314335942 129
1314336001 124
1314336061 127
1314336121 121
1314336181 124
1314336241 124
1314336301 128
1314336361 132
1314336421 132
1314336482 137
1314336541 134
1314336601 130
1314336661 130
1314336721 130
1314336781 129
1314336841 126
1314336901 123
1314336961 123
1314337021 127
1314337081 125
1314337142 128
1314337202 128
1314337261 128
1314337321 129
1314337381 130
1314337441 129
1314337501 134
1314337562 130
1314337621 131
1314337681 132
1314337741 131
1314337801 133
1314337861 132
1314337921 137
1314337981 137
1314338041 137
1314338102 137
1314338161 134
1314338221 132
1314338281 132
1314338341 138
1314338401 136
1314338461 134
1314338521 137
1314338581 138
1314338641 143
1314338702 141
1314338761 140
1314338821 141
1314338881 141
1314338941 133
1314339001 134
1314339061 133
1314339121 136
1314339182 137
1314339241 134
1314339301 140
1314339361 142
1314339421 142
1314339481 144
1314339541 143
1314339601 143
1314339661 144
1314339722 140
1314339781 142
1314339841 145
1314339901 142
1314339961 141
1314340021 138
1314340081 133
1314340141 133
1314340201 138
1314340262 139
1314340322 137
1314340381 140
1314340441 136
1314340501 138
1314340561 140
1314340621 141
1314340681 143
1314340741 140
1314340802 137
1314340862 139
1314340921 140
1314340981 137
1314341041 141
1314341101 141
1314341161 145
1314341221 145
1314341281 144
1314341341 141
1314341402 141
1314341462 143
1314341521 141
1314341581 144
1314341641 145
1314341701 143
1314341761 142
1314341821 142
1314341881 143
1314341941 146
1314342002 139
1314342061 139
1314342121 142
1314342181 141
1314342241 144
1314342301 140
1314342361 139
1314342421 137
1314342481 136
1314342541 134
1314342601 137
1314342662 136
1314342721 137
1314342781 140
1314342841 138
1314342901 142
1314342961 139
1314343021 140
1314343081 141
1314343141 143
1314343202 144
1314343261 140
1314343321 138
1314343381 138
1314343441 136
1314343501 140
1314343561 139
1314343621 140
1314343682 139
1314343742 139
1314343801 137
1314343861 135
1314343921 135
1314343981 131
1314344041 133
1314344101 129
1314344161 128
1314344221 134
1314344282 134
1314344341 135
1314344401 140
1314344461 135
1314344521 142
1314344582 139
1314344641 140
1314344701 141
1314344761 141
1314344821 133
1314344881 133
1314344941 133
1314345001 129
1314345062 129
1314345121 123
1314345181 125
1314345241 124
1314345301 125
1314345361 128
1314345421 124
1314345481 121
1314345542 123
1314345601 123
1314345661 122
1314345721 116
1314345781 113
1314345841 108
1314345901 108
1314345961 105
1314346021 107
1314346081 112
1314346142 110
1314346201 109
1314346261 107
1314346321 106
1314346381 102
1314346441 101
1314346501 98
1314346561 99
1314346621 97
1314346682 90
1314346741 89
1314346801 90
1314346861 88
1314346921 89
1314346981 88
1314347041 88
1314347101 90
1314347161 89
1314347221 92
1314347281 92
1314347341 89
1314347401 93
1314347461 89
1314347521 89
1314347581 85
1314347641 82
1314347701 82
1314347762 84
1314347821 81
1314347881 82
1314347941 81
1314348001 75
1314348061 81
1314348121 78
1314348181 77
1314348241 78
1314348302 73
1314348361 72
1314348421 75
1314348481 70
1314348541 70
1314348601 65
1314348661 68
1314348721 66
1314348781 66
1314348842 65
1314348901 64
1314348961 66
1314349021 66
1314349081 64
1314349141 64
1314349201 64
1314349261 61
1314349322 66
1314349382 65
1314349441 64
1314349501 64
1314349561 59
1314349621 59
1314349681 61
1314349741 61
1314349801 57
1314349861 52
1314349922 49
1314349981 49
1314350041 48
1314350101 47
1314350161 47
1314350221 46
1314350281 47
1314350341 47
1314350402 46
1314350461 49
1314350521 48
1314350581 46
1314350641 46
1314350701 49
1314350761 49
1314350821 49
1314350881 49
1314350942 49
1314351001 47
1314351061 48
1314351121 48
1314351181 48
1314351241 46
1314351301 45
1314351361 46
1314351421 46
1314351482 43
1314351542 42
1314351601 42
1314351661 41
1314351721 39
1314351781 41
1314351841 43
1314351901 41
1314351961 42
1314352021 42
1314352082 43
1314352141 41
1314352201 40
1314352261 39
1314352321 39
1314352381 41
1314352441 45
1314352501 47
1314352561 40
1314352622 51
1314352681 52
1314352741 58
1314352801 59
1314352861 57
1314352921 56
1314352981 54
1314353041 52
1314353101 51
1314353162 52
1314353222 44
1314353281 42
1314353341 45
1314353401 45
1314353461 45
1314353521 47
1314353581 48
1314353641 48
1314353702 47
1314353762 45
1314353821 45
1314353881 44
1314353941 46
1314354001 47
1314354061 47
1314354121 47
1314354181 48
1314354242 48
1314354301 48
1314354361 50
1314354421 50
1314354481 50
1314354541 48
1314354601 49
1314354661 49
1314354722 48
1314354782 47
1314354841 48
1314354901 47
1314354961 45
1314355021 45
1314355081 43
1314355141 43
1314355201 45
1314355261 46
1314355322 46
1314355382 47
1314355441 49
1314355501 48
1314355561 48
1314355621 46
1314355681 47
1314355741 46
1314355801 45
1314355861 49
1314355922 49
1314355981 49
1314356041 50
1314356101 47
1314356161 47
1314356221 48
1314356281 47
1314356341 49
1314356401 49
1314356462 46
1314356521 47
1314356581 46
1314356641 49
1314356701 49
1314356761 49
1314356821 48
1314356881 46
1314356941 48
1314357001 50
1314357062 47
1314357121 50
1314357181 51
1314357241 47
1314357301 51
1314357361 50
1314357421 51
1314357481 52
1314357541 50
1314357601 47
1314357662 55
1314357721 52
1314357781 52
1314357841 51
1314357901 53
1314357961 57
1314358021 56
1314358081 56
1314358141 53
1314358201 53
1314358262 50
1314358321 51
1314358381 52
1314358441 53
1314358501 51
1314358561 46
1314358621 48
1314358681 49
1314358741 49
1314358802 47
1314358861 49
1314358921 49
1314358981 46
1314359041 48
1314359101 47
1314359161 48
1314359221 47
1314359281 48
1314359342 46
1314359402 46
1314359461 45
1314359521 45
1314359581 45
1314359641 44
1314359701 46
1314359761 45
1314359822 44
1314359882 42
1314359941 42
1314360001 44
1314360061 44
1314360121 44
1314360181 46
1314360241 46
1314360301 49
1314360361 53
1314360421 55
1314360482 56
1314360541 58
1314360601 59
1314360661 59
1314360721 58
1314360781 62
1314360843 57
1314360901 56
1314360961 59
1314361022 57
1314361081 59
1314361141 57
1314361201 56
1314361261 56
1314361321 61
1314361381 61
1314361441 64
1314361501 62
1314361561 62
1314361622 67
1314361681 66
1314361741 69
1314361801 68
1314361861 71
1314361921 70
1314361981 74
1314362041 71
1314362101 74
1314362162 73
1314362221 73
1314362281 75
1314362341 72
1314362401 73
1314362461 71
1314362521 73
1314362581 72
1314362641 73
1314362701 71
1314362761 73
1314362822 73
1314362881 72
1314362941 72
1314363001 69
1314363061 71
1314363121 70
1314363181 70
1314363241 71
1314363301 69
1314363361 70
1314363422 69
1314363481 69
1314363541 69
1314363601 69
1314363661 70
1314363721 72
1314363781 74
1314363841 76
1314363901 78
1314363962 74
1314364021 74
1314364081 75
1314364141 75
1314364201 76
1314364261 72
1314364321 68
1314364381 70
1314364441 69
1314364502 69
1314364562 71
1314364621 71
1314364681 69
1314364741 71
1314364801 72
1314364861 70
1314364921 71
1314364981 72
1314365041 70
1314365102 74
1314365161 69
1314365221 70
1314365281 72
1314365341 69
1314365401 70
1314365461 71
1314365521 67
1314365581 66
1314365642 63
1314365701 65
1314365761 65
1314365821 67
1314365881 67
1314365941 67
1314366001 67
1314366061 64
1314366121 67
1314366181 66
1314366241 66
1314366301 65
1314366361 61
1314366421 59
1314366481 58
1314366542 64
1314366601 63
1314366661 64
1314366721 66
1314366781 67
1314366841 67
1314366901 62
1314366961 65
1314367021 66
1314367081 65
1314367142 63
1314367201 63
1314367261 63
1314367321 60
1314367381 62
1314367441 61
1314367501 65
1314367561 62
1314367622 60
1314367681 61
1314367741 59
1314367801 59
1314367861 62
1314367921 60
1314367981 64
1314368041 64
1314368101 63
1314368162 66
1314368222 68
1314368281 68
1314368341 69
1314368401 67
1314368461 66
1314368521 65
1314368581 64
1314368641 70
1314368702 69
1314368762 68
1314368821 68
1314368881 69
1314368941 67
1314369001 66
1314369061 67
1314369121 69
1314369181 65
1314369241 62
1314369302 60
1314369361 61
1314369421 61
1314369481 62
1314369541 66
1314369601 65
1314369661 63
1314369721 66
1314369781 64
1314369841 64
1314369902 63
1314369961 63
1314370021 60
1314370081 60
1314370141 61
1314370201 62
1314370261 62
1314370321 54
1314370381 60
1314370441 62
1314370502 61
1314370561 63
1314370621 62
1314370681 59
1314370741 55
1314370801 57
1314370861 61
1314370921 60
1314370981 60
1314371042 58
1314371102 59
1314371161 58
1314371221 61
1314371281 59
1314371341 61
1314371401 62
1314371461 60
1314371521 59
1314371582 58
1314371641 61
1314371701 61
1314371761 61
1314371821 57
1314371881 57
1314371941 58
1314372001 58
1314372061 58
1314372121 61
1314372182 59
1314372241 60
1314372301 64
1314372361 62
1314372421 63
1314372481 62
1314372541 60
1314372601 55
1314372661 59
1314372721 57
1314372782 52
1314372841 48
1314372901 51
1314372961 51
1314373021 52
1314373081 52
1314373141 49
1314373201 50
1314373262 46
1314373322 50
1314373381 51
1314373441 48
1314373501 51
1314373561 53
1314373621 53
1314373681 53
1314373741 53
1314373802 56
1314373862 56
1314373921 53
1314373981 53
1314374041 49
1314374101 46
1314374161 50
1314374221 51
1314374281 51
1314374341 50
1314374402 49
