1311868861 26
1311868921 27
1311868981 28
1311869041 28
1311869102 29
1311869161 28
1311869221 28
1311869281 26
1311869341 27
1311869401 28
1311869461 28
1311869521 27
1311869581 25
1311869641 25
1311869701 25
1311869761 26
1311869821 26
1311869881 26
1311869941 23
1311870001 26
1311870061 27
1311870122 27
1311870182 27
1311870241 28
1311870301 27
1311870361 29
1311870421 28
1311870481 26
1311870541 24
1311870601 22
1311870661 21
1311870721 23
1311870782 22
1311870841 20
1311870901 19
1311870961 19
1311871021 20
1311871081 19
1311871141 20
1311871201 19
1311871261 18
1311871321 16
1311871382 19
1311871441 20
1311871501 17
1311871561 15
1311871621 16
1311871681 17
1311871741 16
1311871801 15
1311871861 15
1311871921 15
1311871981 16
1311872042 16
1311872101 16
1311872161 15
1311872221 14
1311872281 14
1311872341 15
1311872401 14
1311872461 14
1311872521 14
1311872581 10
1311872641 14
1311872701 14
1311872761 13
1311872822 13
1311872882 14
1311872941 13
1311873001 14
1311873061 14
1311873121 14
1311873181 15
1311873241 10
1311873301 14
1311873361 14
1311873421 13
1311873481 13
1311873541 14
1311873601 14
1311873661 14
1311873721 12
1311873782 13
1311873841 14
1311873901 10
1311873961 14
1311874021 14
1311874081 12
1311874142 14
1311874201 14
1311874261 14
1311874321 14
1311874381 13
1311874441 13
1311874501 14
1311874561 12
1311874621 14
1311874681 15
1311874742 12
1311874801 14
1311874861 13
1311874921 14
1311874981 14
1311875041 14
1311875101 13
1311875162 14
1311875222 13
1311875281 13
1311875341 13
1311875401 10
1311875461 12
1311875521 12
1311875581 11
1311875641 12
1311875701 11
1311875761 8
1311875822 11
1311875881 10
1311875941 11
1311876001 11
1311876061 11
1311876121 8
1311876181 11
1311876241 10
1311876301 11
1311876361 11
1311876421 11
1311876481 10
1311876541 11
1311876601 11
1311876661 11
1311876721 11
1311876781 10
1311876841 11
1311876902 10
1311876961 11
1311877021 11
1311877081 11
1311877141 11
1311877201 11
1311877261 11
1311877321 11
1311877381 12
1311877441 11
1311877502 12
1311877561 11
1311877621 12
1311877681 12
1311877741 12
1311877801 13
1311877861 13
1311877921 13
1311877981 11
1311878041 11
1311878101 9
1311878162 11
1311878221 11
1311878281 11
1311878341 9
1311878401 10
1311878461 9
1311878521 9
1311878581 8
1311878641 9
1311878702 9
1311878761 8
1311878821 9
1311878881 7
1311878941 9
1311879001 8
1311879061 9
1311879121 9
1311879181 9
1311879242 9
1311879301 9
1311879361 8
1311879421 8
1311879481 8
1311879541 7
1311879602 9
1311879661 8
1311879721 9
1311879781 9
1311879841 9
1311879901 9
1311879961 9
1311880022 9
1311880081 7
1311880141 9
1311880201 7
1311880261 9
1311880321 8
1311880381 9
1311880441 9
1311880502 10
1311880561 10
1311880621 9
1311880681 10
1311880741 8
1311880801 10
1311880861 8
1311880921 10
1311880982 9
1311881041 10
1311881101 10
1311881161 9
1311881221 9
1311881281 8
1311881341 10
1311881401 9
1311881461 10
1311881522 8
1311881581 9
1311881641 9
1311881701 10
1311881761 10
1311881821 10
1311881881 10
1311881941 9
1311882002 9
1311882062 8
1311882121 9
1311882181 8
1311882241 7
1311882301 9
1311882361 9
1311882421 9
1311882481 9
1311882541 8
1311882602 8
1311882661 9
1311882721 8
1311882781 8
1311882841 8
1311882901 7
1311882961 9
1311883021 9
1311883081 9
1311883141 9
1311883202 9
1311883261 7
1311883321 9
1311883381 8
1311883441 9
1311883501 7
1311883561 7
1311883621 9
1311883682 9
1311883741 9
1311883801 9
1311883861 8
1311883921 7
1311883981 9
1311884041 8
1311884101 9
1311884161 7
1311884222 7
1311884281 9
1311884341 9
1311884401 9
1311884461 10
1311884521 10
1311884581 8
1311884641 9
1311884702 10
1311884761 10
1311884821 10
1311884881 7
1311884941 10
1311885001 10
1311885061 10
1311885121 9
1311885182 10
1311885241 8
1311885301 8
1311885361 10
1311885421 10
1311885481 10
1311885541 8
1311885601 10
1311885661 10
1311885722 11
1311885781 10
1311885841 11
1311885901 9
1311885961 9
1311886021 10
1311886081 11
1311886141 11
1311886201 9
1311886262 11
1311886321 10
1311886381 11
1311886441 10
1311886501 12
1311886561 10
1311886621 10
1311886681 11
1311886741 12
1311886802 12
1311886862 10
1311886921 11
1311886981 11
1311887041 12
1311887101 11
1311887161 11
1311887221 9
1311887281 9
1311887341 8
1311887401 10
1311887462 10
1311887522 9
1311887581 9
1311887641 10
1311887701 11
1311887761 10
1311887821 11
1311887881 11
1311887941 11
1311888001 10
1311888062 12
1311888121 12
1311888181 13
1311888241 12
1311888301 12
1311888361 13
1311888421 12
1311888481 12
1311888541 11
1311888601 11
1311888661 11
1311888722 12
1311888781 11
1311888841 11
1311888901 11
1311888961 12
1311889021 12
1311889081 11
1311889141 11
1311889201 12
1311889261 10
1311889321 11
1311889382 10
1311889441 10
1311889501 11
1311889561 9
1311889621 10
1311889681 10
1311889741 9
1311889801 9
1311889861 10
1311889921 9
1311889981 10
1311890042 9
1311890101 10
1311890161 11
1311890221 10
1311890281 11
1311890341 12
1311890401 11
1311890461 12
1311890521 13
1311890581 13
1311890641 13
1311890702 11
1311890761 11
1311890821 12
1311890881 11
1311890941 12
1311891001 12
1311891061 11
1311891121 9
1311891181 12
1311891241 12
1311891301 12
1311891362 11
1311891421 12
1311891481 13
1311891541 12
1311891601 12
1311891661 13
1311891721 12
1311891781 10
1311891841 12
1311891901 13
1311891962 13
1311892021 12
1311892081 13
1311892141 13
1311892201 12
1311892261 11
1311892321 11
1311892381 12
1311892441 10
1311892501 12
1311892562 12
1311892621 11
1311892681 11
1311892741 12
1311892801 11
1311892861 12
1311892921 13
1311892981 12
1311893041 12
1311893101 9
1311893161 11
1311893221 12
1311893282 12
1311893341 11
1311893401 12
1311893461 12
1311893521 11
1311893581 11
1311893641 11
1311893701 12
1311893761 10
1311893821 12
1311893882 13
1311893941 14
1311894001 13
1311894061 12
1311894121 15
1311894181 14
1311894241 14
1311894301 14
1311894361 13
1311894421 12
1311894481 12
1311894542 13
1311894601 15
1311894661 14
1311894721 12
1311894781 14
1311894841 14
1311894901 14
1311894961 14
1311895021 17
1311895081 15
1311895142 16
1311895201 17
1311895261 17
1311895321 16
1311895381 17
1311895441 17
1311895501 17
1311895561 18
1311895621 18
1311895681 18
1311895741 20
1311895802 19
1311895861 22
1311895921 22
1311895981 21
1311896041 23
1311896101 23
1311896161 23
1311896221 22
1311896281 24
1311896342 23
1311896401 27
1311896461 28
1311896521 29
1311896581 28
1311896641 27
1311896701 29
1311896761 29
1311896822 30
1311896881 30
1311896941 33
1311897001 30
1311897061 33
1311897121 34
1311897181 35
1311897241 34
1311897301 33
1311897361 34
1311897422 33
1311897481 33
1311897541 31
1311897601 32
1311897661 29
1311897721 32
1311897781 32
1311897841 34
1311897901 32
1311897961 33
1311898022 35
1311898081 36
1311898141 39
1311898201 42
1311898261 42
1311898321 38
1311898381 42
1311898441 45
1311898502 48
1311898561 46
1311898621 46
1311898681 47
1311898741 47
1311898801 46
1311898861 49
1311898921 48
1311898981 49
1311899042 48
1311899101 50
1311899161 52
1311899221 52
1311899281 52
1311899341 48
1311899401 48
1311899461 50
1311899521 51
1311899582 47
1311899641 51
1311899701 52
1311899761 52
1311899821 55
1311899881 57
1311899941 57
1311900001 56
1311900061 56
1311900121 60
1311900181 63
1311900241 61
1311900301 65
1311900361 66
1311900421 66
1311900481 66
1311900541 68
1311900602 72
1311900662 69
1311900721 72
1311900781 73
1311900841 71
1311900901 73
1311900961 77
1311901021 79
1311901081 81
1311901141 80
1311901202 81
1311901261 84
1311901321 83
1311901381 85
1311901441 84
1311901501 82
1311901561 80
1311901621 79
1311901681 80
1311901742 81
1311901801 78
1311901861 80
1311901921 80
1311901981 81
1311902041 80
1311902101 81
1311902161 79
1311902222 85
1311902281 87
1311902341 86
1311902401 88
1311902461 92
1311902521 91
1311902581 94
1311902641 95
1311902701 92
1311902761 100
1311902822 97
1311902881 94
1311902941 100
1311903001 99
1311903061 99
1311903121 100
1311903181 98
1311903241 101
1311903301 100
1311903361 95
1311903422 99
1311903481 98
1311903541 96
1311903601 95
1311903661 93
1311903721 93
1311903781 93
1311903841 95
1311903901 94
1311903962 96
1311904021 90
1311904081 89
1311904141 92
1311904201 91
1311904261 93
1311904321 97
1311904381 94
1311904441 93
1311904502 95
1311904561 93
1311904621 94
1311904681 94
1311904741 93
1311904801 96
1311904861 95
1311904921 94
1311904981 98
1311905041 101
1311905101 98
1311905161 100
1311905221 99
1311905281 100
1311905341 97
1311905401 97
1311905461 96
1311905521 97
1311905581 96
1311905641 96
1311905701 101
1311905761 104
1311905821 110
1311905881 109
1311905941 113
1311906001 112
1311906062 116
1311906121 112
1311906181 111
1311906241 117
1311906301 115
1311906361 112
1311906421 110
1311906481 114
1311906541 112
1311906602 115
1311906661 112
1311906721 116
1311906781 117
1311906841 115
1311906901 116
1311906961 118
1311907022 120
1311907081 118
1311907141 116
1311907201 120
1311907261 121
1311907321 118
1311907381 117
1311907441 116
1311907501 122
1311907562 122
1311907621 119
1311907681 124
1311907741 128
1311907801 126
1311907861 126
1311907921 129
1311907981 135
1311908042 139
1311908101 139
1311908161 140
1311908221 141
1311908281 142
1311908341 141
1311908401 138
1311908461 137
1311908522 135
1311908581 128
1311908641 127
1311908701 128
1311908761 129
1311908821 126
1311908881 125
1311908942 123
1311909001 124
1311909061 126
1311909121 128
1311909181 134
1311909241 134
1311909302 134
1311909362 131
1311909421 138
1311909481 136
1311909541 137
1311909601 137
1311909661 134
1311909721 136
1311909781 131
1311909841 130
1311909902 128
1311909961 126
1311910021 120
1311910081 126
1311910141 123
1311910201 122
1311910262 120
1311910322 121
1311910381 122
1311910441 116
1311910501 116
1311910561 115
1311910621 111
1311910681 113
1311910741 115
1311910802 112
1311910861 111
1311910921 110
1311910981 112
1311911041 113
1311911101 105
1311911161 108
1311911221 111
1311911281 109
1311911341 109
1311911402 106
1311911461 106
1311911521 103
1311911581 98
1311911641 98
1311911701 98
1311911761 96
1311911821 94
1311911881 92
1311911941 93
1311912001 97
1311912061 95
1311912121 89
1311912181 90
1311912241 88
1311912301 89
1311912361 87
1311912421 87
1311912481 83
1311912541 81
1311912602 79
1311912661 81
1311912721 83
1311912781 83
1311912841 83
1311912901 83
1311912961 84
1311913021 87
1311913081 81
1311913142 83
1311913201 85
1311913261 86
1311913321 84
1311913381 81
1311913441 84
1311913501 85
1311913561 84
1311913621 79
1311913681 82
1311913741 84
1311913801 80
1311913861 81
1311913921 79
1311913981 81
1311914041 78
1311914101 78
1311914162 82
1311914221 83
1311914281 84
1311914341 78
1311914401 81
1311914461 80
1311914521 79
1311914581 78
1311914641 79
1311914702 78
1311914762 75
1311914821 74
1311914881 75
1311914941 72
1311915001 70
1311915062 67
1311915121 68
1311915181 67
1311915241 61
1311915301 63
1311915361 62
1311915421 60
1311915481 58
1311915541 58
1311915601 61
1311915661 58
1311915721 63
1311915781 65
1311915841 65
1311915901 65
1311915961 64
1311916021 68
1311916081 66
1311916141 67
1311916201 67
1311916261 67
1311916321 65
1311916381 67
1311916441 68
1311916501 67
1311916561 72
1311916621 70
1311916681 73
1311916741 74
1311916802 75
1311916861 77
1311916921 77
1311916981 78
1311917041 78
1311917101 77
1311917161 77
1311917221 79
1311917281 77
1311917342 78
1311917402 78
1311917461 76
1311917521 76
1311917581 76
1311917641 74
1311917701 76
1311917761 71
1311917821 70
1311917881 73
1311917942 71
1311918001 74
1311918061 77
1311918121 78
1311918181 76
1311918241 79
1311918301 82
1311918361 83
1311918421 83
1311918481 83
1311918542 84
1311918601 83
1311918661 84
1311918721 84
1311918781 82
1311918841 79
1311918901 76
1311918961 79
1311919022 79
1311919081 79
1311919141 81
1311919201 82
1311919261 81
1311919321 84
1311919381 84
1311919441 84
1311919502 84
1311919561 84
1311919621 85
1311919681 79
1311919741 79
1311919801 77
1311919861 78
1311919921 80
1311919981 83
1311920041 85
1311920102 86
1311920161 83
1311920221 87
1311920281 91
1311920341 95
1311920401 97
1311920461 103
1311920521 97
1311920581 98
1311920641 101
1311920701 99
1311920761 100
1311920821 100
1311920881 103
1311920941 103
1311921001 112
1311921062 108
1311921122 111
1311921181 112
1311921241 110
1311921301 112
1311921361 110
1311921421 109
1311921481 114
1311921542 109
1311921601 101
1311921661 105
1311921721 101
1311921781 102
1311921841 104
1311921901 105
1311921961 105
1311922022 103
1311922081 98
1311922141 98
1311922201 94
1311922261 97
1311922321 97
1311922381 99
1311922441 100
1311922502 100
1311922561 100
1311922621 105
1311922681 104
1311922741 103
1311922801 105
1311922861 103
1311922921 108
1311922981 109
1311923042 111
1311923101 109
1311923161 106
1311923221 107
1311923281 113
1311923341 112
1311923401 112
1311923461 107
1311923521 109
1311923582 109
1311923641 104
1311923701 104
1311923761 106
1311923821 105
1311923882 102
1311923941 105
1311924001 104
1311924061 100
1311924121 100
1311924181 100
1311924241 100
1311924301 100
1311924361 100
1311924421 100
1311924481 100
1311924542 100
1311924601 100
1311924661 100
1311924721 100
1311924781 100
1311924841 100
1311924901 100
1311924961 100
1311925021 100
1311925081 100
1311925141 100
1311925201 100
1311925261 100
1311925322 100
1311925381 100
1311925441 100
1311925501 100
1311925561 100
1311925621 100
1311925681 100
1311925741 100
1311925801 100
1311925862 100
1311925921 100
1311925981 100
1311926041 100
1311926102 100
1311926161 100
1311926221 100
1311926281 100
1311926341 100
1311926401 100
1311926461 100
1311926521 100
1311926581 101
1311926641 103
1311926701 6
1311926761 8
1311926821 8
1311926881 12
1311926941 12
1311927001 16
1311927061 17
1311927121 19
1311927181 21
1311927241 22
1311927301 22
1311927361 22
1311927421 23
1311927481 23
1311927542 27
1311927601 27
1311927661 29
1311927721 27
1311927781 26
1311927841 27
1311927901 26
1311927961 25
1311928021 32
1311928082 28
1311928141 30
1311928201 30
1311928261 27
1311928321 30
1311928381 31
1311928441 31
1311928501 33
1311928561 32
1311928621 30
1311928681 34
1311928741 34
1311928801 32
1311928861 36
1311928921 36
1311928981 38
1311929041 39
1311929102 40
1311929161 43
1311929221 42
1311929281 42
1311929341 41
1311929401 43
1311929461 41
1311929521 39
1311929581 39
1311929641 40
1311929702 38
1311929761 38
1311929821 35
1311929881 39
1311929941 40
1311930001 42
1311930061 42
1311930121 42
1311930181 41
1311930241 39
1311930301 39
1311930362 42
1311930421 44
1311930481 40
1311930541 43
1311930601 42
1311930661 42
1311930721 42
1311930781 45
1311930841 47
1311930901 49
1311930962 49
1311931021 50
1311931081 49
1311931141 52
1311931201 53
1311931261 54
1311931321 55
1311931381 53
1311931441 51
1311931501 49
1311931562 47
1311931621 45
1311931681 47
1311931741 44
1311931801 45
1311931861 45
1311931921 45
1311931981 45
1311932041 46
1311932101 47
1311932161 45
1311932222 47
1311932281 45
1311932341 45
1311932401 48
1311932461 48
1311932521 50
1311932581 50
1311932641 49
1311932701 49
1311932761 48
1311932821 47
1311932882 47
1311932941 45
1311933001 47
1311933061 47
1311933121 48
1311933181 46
1311933241 45
1311933301 46
1311933361 47
1311933421 46
1311933481 49
1311933541 50
1311933602 46
1311933661 50
1311933721 47
1311933781 48
1311933841 48
1311933901 46
1311933961 44
1311934021 45
1311934081 41
1311934141 42
1311934202 42
1311934261 41
1311934321 40
1311934381 40
1311934441 41
1311934501 39
1311934561 44
1311934621 46
1311934681 46
1311934741 49
1311934802 48
1311934861 50
1311934921 50
1311934981 51
1311935041 50
1311935101 51
1311935161 46
1311935221 44
1311935281 42
1311935342 38
1311935401 39
1311935461 36
1311935521 36
1311935581 37
1311935641 36
1311935701 36
1311935761 37
1311935821 38
1311935881 39
1311935941 39
1311936001 41
1311936061 40
1311936121 41
1311936181 41
1311936241 41
1311936301 43
1311936361 48
1311936421 45
1311936481 45
1311936542 43
1311936601 42
1311936661 42
1311936721 42
1311936781 40
1311936841 42
1311936901 38
1311936961 36
1311937021 37
1311937081 39
1311937142 37
1311937201 38
1311937261 35
1311937321 38
1311937381 40
1311937441 39
1311937501 39
1311937561 38
1311937622 39
1311937682 39
1311937741 41
1311937801 42
1311937861 42
1311937921 40
1311937981 40
1311938041 40
1311938101 41
1311938161 40
1311938221 40
1311938282 41
1311938341 40
1311938401 39
1311938461 43
1311938521 41
1311938581 43
1311938641 44
1311938701 44
1311938761 45
1311938822 46
1311938881 46
1311938941 47
1311939001 46
1311939061 45
1311939121 46
1311939181 44
1311939241 44
1311939301 45
1311939361 45
1311939421 45
1311939482 46
1311939541 45
1311939601 45
1311939661 45
1311939721 51
1311939781 50
1311939841 52
1311939901 52
1311939961 55
1311940021 54
1311940081 54
1311940142 54
1311940201 51
1311940261 52
1311940321 50
1311940381 50
1311940441 47
1311940501 48
1311940561 46
1311940621 44
1311940681 44
1311940741 44
1311940802 47
1311940861 49
1311940921 46
1311940981 46
1311941041 49
1311941101 47
1311941161 49
1311941221 47
1311941281 46
1311941341 49
1311941402 47
1311941461 47
1311941521 45
1311941581 45
1311941641 44
1311941701 47
1311941761 45
1311941821 48
1311941881 44
1311941941 47
1311942002 46
1311942061 45
1311942121 48
1311942181 48
1311942241 46
1311942301 48
1311942361 49
1311942421 49
1311942481 51
1311942541 48
1311942602 54
1311942661 53
1311942721 50
1311942781 51
1311942841 52
1311942901 52
1311942961 54
1311943021 54
1311943081 54
1311943142 54
1311943202 52
1311943261 52
1311943321 53
1311943381 52
1311943441 53
1311943501 48
1311943561 49
1311943621 48
1311943681 46
1311943741 45
1311943802 43
1311943861 42
1311943921 41
1311943981 40
1311944041 44
1311944101 44
1311944161 45
1311944221 46
1311944281 43
1311944341 47
1311944401 48
1311944462 47
1311944521 48
1311944581 48
1311944641 43
1311944701 46
1311944761 44
1311944821 46
1311944881 45
1311944941 41
1311945002 42
1311945061 41
1311945121 43
1311945181 42
1311945241 45
1311945301 46
1311945361 47
1311945421 46
1311945481 48
1311945541 49
1311945601 47
1311945661 49
1311945721 46
1311945781 48
1311945841 45
1311945901 46
1311945961 47
1311946021 47
1311946081 48
1311946141 47
1311946201 46
1311946261 48
1311946321 45
1311946381 49
1311946441 49
1311946501 51
1311946561 49
1311946621 51
1311946681 50
1311946741 50
1311946802 52
1311946861 51
1311946921 50
1311946981 48
1311947041 51
1311947101 47
1311947161 50
1311947221 50
1311947281 50
1311947341 50
1311947402 50
1311947461 45
1311947521 50
1311947581 50
1311947641 48
1311947701 51
1311947761 51
1311947821 51
1311947881 53
1311947941 53
1311948002 54
1311948061 55
1311948121 54
1311948181 54
1311948241 54
1311948301 53
1311948361 51
1311948421 51
1311948481 52
1311948541 52
1311948602 50
1311948661 52
1311948721 54
1311948781 52
1311948841 53
1311948901 50
1311948961 49
1311949021 49
1311949082 48
1311949141 52
1311949201 51
1311949261 51
1311949321 46
1311949381 46
1311949441 45
1311949501 46
1311949561 44
1311949621 41
1311949681 40
1311949742 39
1311949801 39
1311949861 36
1311949921 38
1311949981 38
1311950041 38
1311950101 39
1311950161 38
1311950221 38
1311950281 37
1311950342 39
1311950402 39
1311950461 40
1311950521 39
1311950581 39
1311950641 38
1311950701 36
1311950761 35
1311950821 35
1311950881 33
1311950941 35
1311951002 35
1311951061 36
1311951121 36
1311951181 34
1311951241 33
1311951301 33
1311951361 35
1311951421 34
1311951481 36
1311951541 32
1311951602 32
1311951661 31
1311951721 31
1311951781 33
1311951841 33
1311951901 34
1311951961 35
1311952021 37
1311952081 37
1311952141 40
1311952201 40
1311952261 40
1311952321 43
1311952381 41
1311952441 44
1311952501 44
1311952561 44
1311952621 39
1311952681 39
1311952741 35
1311952801 39
1311952862 37
1311952921 36
1311952981 36
1311953041 32
1311953101 33
1311953161 32
1311953221 33
1311953281 30
1311953341 31
1311953401 29
1311953461 32
1311953522 30
1311953581 30
1311953641 31
1311953701 28
1311953761 29
1311953821 32
1311953881 31
1311953941 30
1311954001 30
1311954061 29
1311954122 29
1311954181 28
1311954241 30
1311954301 30
1311954361 30
1311954421 29
1311954481 30
1311954541 29
1311954601 26
1311954661 25
1311954721 26
1311954782 25
1311954841 26
1311954901 26
1311954961 24
1311955021 24
1311955081 23
1311955141 23
1311955201 23
