1309968062 13
1309968121 14
1309968181 15
1309968241 16
1309968301 16
1309968361 16
1309968421 15
1309968481 16
1309968541 16
1309968601 16
1309968662 14
1309968721 13
1309968781 12
1309968841 12
1309968901 13
1309968961 12
1309969021 13
1309969081 12
1309969141 12
1309969201 14
1309969261 12
1309969321 10
1309969382 12
1309969441 13
1309969501 13
1309969561 14
1309969621 15
1309969681 14
1309969741 14
1309969801 14
1309969861 14
1309969921 13
1309969982 13
1309970041 14
1309970101 13
1309970161 12
1309970221 12
1309970281 13
1309970341 12
1309970401 12
1309970461 12
1309970521 13
1309970581 11
1309970641 10
1309970701 11
1309970762 11
1309970821 11
1309970881 12
1309970941 12
1309971001 11
1309971061 13
1309971121 13
1309971181 13
1309971241 13
1309971301 13
1309971361 13
1309971421 13
1309971482 10
1309971541 12
1309971601 12
1309971661 10
1309971721 10
1309971781 11
1309971841 11
1309971901 12
1309971961 11
1309972021 11
1309972081 11
1309972141 9
1309972201 11
1309972261 10
1309972321 9
1309972381 8
1309972442 8
1309972501 10
1309972561 10
1309972621 10
1309972681 10
1309972741 10
1309972801 9
1309972861 10
1309972921 10
1309972981 9
1309973041 8
1309973101 4
1309973161 7
1309973221 7
1309973282 7
1309973341 7
1309973401 6
1309973461 6
1309973521 7
1309973581 7
1309973641 7
1309973701 6
1309973761 5
1309973821 6
1309973881 7
1309973942 7
1309974002 7
1309974061 6
1309974121 6
1309974181 7
1309974241 7
1309974301 7
1309974361 6
1309974421 4
1309974481 6
1309974541 7
1309974601 7
1309974662 7
1309974721 6
1309974781 6
1309974841 7
1309974901 7
1309974961 7
1309975021 6
1309975081 4
1309975141 6
1309975201 7
1309975261 7
1309975322 7
1309975381 6
1309975441 6
1309975501 7
1309975561 7
1309975621 7
1309975681 6
1309975741 3
1309975801 5
1309975861 6
1309975921 6
1309975981 6
1309976042 5
1309976101 5
1309976161 6
1309976221 6
1309976281 6
1309976341 6
1309976401 3
1309976461 5
1309976521 6
1309976581 6
1309976641 6
1309976702 6
1309976761 5
1309976821 6
1309976881 6
1309976941 6
1309977001 6
1309977061 4
1309977121 4
1309977181 6
1309977241 6
1309977301 5
1309977361 6
1309977421 6
1309977481 6
1309977541 6
1309977601 6
1309977661 6
1309977721 4
1309977781 4
1309977841 6
1309977901 6
1309977961 6
1309978021 5
1309978081 6
1309978142 6
1309978201 6
1309978261 6
1309978321 6
1309978381 4
1309978441 4
1309978501 6
1309978561 5
1309978621 6
1309978681 5
1309978741 6
1309978802 6
1309978861 6
1309978921 6
1309978981 6
1309979041 4
1309979101 3
1309979161 5
1309979221 4
1309979281 5
1309979341 4
1309979401 5
1309979461 5
1309979522 5
1309979581 5
1309979641 5
1309979701 4
1309979761 3
1309979821 5
1309979881 5
1309979941 4
1309980001 4
1309980061 4
1309980121 4
1309980181 4
1309980242 4
1309980301 4
1309980361 3
1309980421 2
1309980481 4
1309980541 4
1309980601 4
1309980661 4
1309980721 4
1309980781 4
1309980841 4
1309980901 4
1309980962 4
1309981021 3
1309981081 2
1309981141 4
1309981201 5
1309981261 5
1309981321 5
1309981381 5
1309981441 5
1309981501 5
1309981561 5
1309981621 5
1309981682 5
1309981741 3
1309981801 4
1309981861 5
1309981921 4
1309981981 5
1309982041 5
1309982101 5
1309982161 5
1309982221 5
1309982281 4
1309982341 5
1309982401 3
1309982462 4
1309982521 5
1309982581 4
1309982641 5
1309982701 5
1309982761 5
1309982821 5
1309982881 5
1309982941 4
1309983001 5
1309983061 3
1309983121 4
1309983182 5
1309983241 4
1309983301 5
1309983361 5
1309983421 5
1309983481 5
1309983541 5
1309983601 4
1309983661 5
1309983721 3
1309983781 4
1309983842 5
1309983901 4
1309983961 5
1309984021 5
1309984081 5
1309984141 5
1309984201 5
1309984261 5
1309984321 4
1309984381 3
1309984441 4
1309984501 5
1309984562 4
1309984621 5
1309984681 5
1309984741 5
1309984801 5
1309984861 5
1309984921 5
1309984981 5
1309985041 5
1309985101 5
1309985161 6
1309985222 5
1309985281 6
1309985341 6
1309985401 6
1309985461 6
1309985521 6
1309985581 6
1309985641 4
1309985701 5
1309985761 5
1309985821 6
1309985882 5
1309985941 6
1309986001 6
1309986061 6
1309986121 6
1309986181 5
1309986241 6
1309986301 4
1309986361 6
1309986421 5
1309986481 6
1309986541 5
1309986602 6
1309986661 6
1309986721 6
1309986781 6
1309986841 5
1309986901 6
1309986961 3
1309987021 6
1309987081 5
1309987141 6
1309987201 5
1309987262 6
1309987322 6
1309987381 6
1309987441 6
1309987501 5
1309987561 6
1309987621 4
1309987681 6
1309987741 5
1309987801 6
1309987861 5
1309987921 6
1309987982 6
1309988041 6
1309988101 6
1309988161 5
1309988221 6
1309988281 4
1309988341 6
1309988401 5
1309988461 6
1309988521 6
1309988581 6
1309988642 7
1309988701 7
1309988761 7
1309988821 6
1309988881 8
1309988941 5
1309989001 8
1309989061 7
1309989121 8
1309989181 7
1309989241 8
1309989301 8
1309989362 8
1309989421 8
1309989481 7
1309989541 7
1309989601 6
1309989661 7
1309989721 6
1309989781 7
1309989841 6
1309989901 6
1309989962 7
1309990021 7
1309990081 7
1309990141 6
1309990201 7
1309990261 6
1309990321 7
1309990381 6
1309990441 7
1309990501 6
1309990561 6
1309990621 7
1309990682 7
1309990741 7
1309990801 5
1309990861 7
1309990921 6
1309990981 7
1309991041 6
1309991101 7
1309991161 6
1309991221 6
1309991281 7
1309991342 7
1309991401 7
1309991461 6
1309991521 8
1309991581 7
1309991641 9
1309991701 8
1309991761 8
1309991821 8
1309991881 8
1309991941 8
1309992001 7
1309992062 7
1309992121 6
1309992181 7
1309992241 6
1309992301 7
1309992361 7
1309992421 7
1309992481 6
1309992541 7
1309992601 7
1309992661 6
1309992721 7
1309992781 6
1309992841 7
1309992901 6
1309992962 7
1309993021 7
1309993081 6
1309993141 6
1309993201 7
1309993261 7
1309993321 5
1309993381 7
1309993441 6
1309993501 7
1309993561 6
1309993621 7
1309993682 7
1309993742 7
1309993801 6
1309993861 7
1309993921 7
1309993981 5
1309994041 6
1309994101 6
1309994161 7
1309994221 6
1309994281 7
1309994341 7
1309994402 7
1309994462 6
1309994521 7
1309994581 7
1309994641 5
1309994701 6
1309994761 6
1309994821 7
1309994881 7
1309994941 7
1309995001 7
1309995061 7
1309995121 6
1309995182 7
1309995241 7
1309995301 5
1309995361 6
1309995421 7
1309995481 8
1309995541 6
1309995601 7
1309995661 7
1309995721 7
1309995781 6
1309995841 7
1309995902 7
1309995961 5
1309996021 6
1309996081 4
1309996141 5
1309996201 4
1309996261 5
1309996321 5
1309996381 6
1309996441 5
1309996501 6
1309996561 6
1309996622 4
1309996681 6
1309996741 5
1309996801 6
1309996861 7
1309996921 8
1309996981 10
1309997041 11
1309997101 10
1309997161 11
1309997221 11
1309997281 9
1309997342 12
1309997402 11
1309997461 14
1309997521 13
1309997581 12
1309997641 13
1309997701 14
1309997761 13
1309997821 14
1309997881 14
1309997941 13
1309998001 14
1309998061 12
1309998122 13
1309998181 12
1309998241 11
1309998301 14
1309998361 15
1309998421 15
1309998481 16
1309998541 16
1309998601 14
1309998661 16
1309998721 13
1309998781 16
1309998842 14
1309998901 15
1309998961 16
1309999021 15
1309999081 16
1309999141 18
1309999201 17
1309999261 16
1309999321 17
1309999381 16
1309999441 17
1309999502 14
1309999561 14
1309999621 15
1309999681 15
1309999741 16
1309999801 18
1309999861 17
1309999921 19
1309999981 19
1310000041 19
1310000101 19
1310000161 19
1310000222 20
1310000281 19
1310000341 18
1310000401 18
1310000461 18
1310000521 18
1310000581 20
1310000641 18
1310000701 21
1310000761 20
1310000821 21
1310000881 24
1310000942 22
1310001001 22
1310001061 23
1310001121 21
1310001181 26
1310001241 28
1310001301 25
1310001361 27
1310001421 26
1310001481 24
1310001541 27
1310001601 26
1310001662 27
1310001721 27
1310001781 23
1310001841 24
1310001901 25
1310001961 25
1310002021 24
1310002081 23
1310002141 22
1310002201 24
1310002261 22
1310002321 22
1310002381 22
1310002442 21
1310002501 23
1310002561 23
1310002621 24
1310002681 25
1310002741 25
1310002801 28
1310002861 29
1310002921 31
1310002981 29
1310003041 32
1310003102 32
1310003161 36
1310003221 34
1310003281 37
1310003341 35
1310003401 33
1310003461 33
1310003521 35
1310003581 34
1310003641 29
1310003701 27
1310003761 27
1310003822 29
1310003881 27
1310003941 27
1310004001 29
1310004061 27
1310004121 27
1310004181 28
1310004241 28
1310004301 28
1310004361 27
1310004421 28
1310004482 26
1310004541 27
1310004601 27
1310004661 28
1310004721 31
1310004781 32
1310004841 32
1310004901 29
1310004961 30
1310005021 31
1310005081 32
1310005141 32
1310005202 30
1310005261 29
1310005321 27
1310005381 28
1310005441 29
1310005501 30
1310005561 28
1310005621 28
1310005681 29
1310005741 31
1310005801 30
1310005861 30
1310005922 29
1310005981 29
1310006041 29
1310006101 30
1310006161 31
1310006221 32
1310006281 37
1310006341 35
1310006401 36
1310006461 36
1310006521 37
1310006581 36
1310006642 35
1310006701 36
1310006761 37
1310006821 34
1310006881 33
1310006941 35
1310007001 36
1310007061 36
1310007121 35
1310007181 33
1310007241 35
1310007302 32
1310007362 33
1310007421 33
1310007481 32
1310007541 32
1310007601 35
1310007661 37
1310007721 37
1310007781 37
1310007841 37
1310007901 38
1310007962 35
1310008021 38
1310008081 41
1310008141 38
1310008201 40
1310008261 42
1310008321 39
1310008381 40
1310008441 40
1310008501 40
1310008562 41
1310008621 38
1310008681 36
1310008741 38
1310008801 33
1310008861 33
1310008921 35
1310008981 34
1310009041 37
1310009101 37
1310009161 37
1310009222 36
1310009281 33
1310009341 36
1310009401 37
1310009461 33
1310009521 36
1310009581 40
1310009641 37
1310009701 40
1310009761 40
1310009821 41
1310009882 40
1310009942 41
1310010001 41
1310010061 39
1310010121 37
1310010181 38
1310010241 38
1310010301 37
1310010361 36
1310010421 38
1310010481 39
1310010541 38
1310010602 40
1310010661 41
1310010721 39
1310010781 36
1310010841 39
1310010901 38
1310010961 38
1310011021 36
1310011081 36
1310011141 32
1310011201 32
1310011261 32
1310011322 31
1310011381 29
1310011441 29
1310011501 28
1310011561 28
1310011621 28
1310011681 27
1310011741 28
1310011801 28
1310011861 26
1310011921 28
1310011982 28
1310012042 26
1310012101 28
1310012161 28
1310012221 30
1310012281 29
1310012341 29
1310012401 29
1310012461 31
1310012521 31
1310012581 31
1310012641 32
1310012701 30
1310012762 33
1310012821 31
1310012881 32
1310012941 31
1310013001 31
1310013061 31
1310013121 29
1310013181 30
1310013241 29
1310013301 31
1310013361 29
1310013421 31
1310013482 31
1310013541 31
1310013601 32
1310013661 33
1310013721 34
1310013781 34
1310013841 36
1310013901 33
1310013961 34
1310014021 33
1310014081 32
1310014141 33
1310014202 31
1310014261 32
1310014321 31
1310014381 28
1310014441 26
1310014501 29
1310014561 28
1310014621 29
1310014681 29
1310014741 27
1310014801 29
1310014861 28
1310014922 29
1310014981 30
1310015041 29
1310015101 29
1310015161 31
1310015221 32
1310015281 32
1310015341 33
1310015401 32
1310015461 31
1310015521 31
1310015581 31
1310015641 31
1310015701 28
1310015761 29
1310015821 28
1310015881 28
1310015941 30
1310016001 29
1310016061 28
1310016121 30
1310016181 28
1310016241 26
1310016302 28
1310016361 26
1310016421 26
1310016481 25
1310016541 25
1310016601 26
1310016661 27
1310016721 25
1310016781 27
1310016841 28
1310016901 28
1310016961 24
1310017022 26
1310017081 27
1310017141 25
1310017201 28
1310017261 28
1310017321 27
1310017381 28
1310017441 30
1310017501 30
1310017561 31
1310017621 30
1310017681 32
1310017741 34
1310017802 34
1310017862 33
1310017921 35
1310017981 35
1310018041 36
1310018101 37
1310018161 38
1310018221 36
1310018281 35
1310018341 33
1310018401 30
1310018461 33
1310018521 31
1310018582 29
1310018641 28
1310018701 28
1310018761 27
1310018821 29
1310018881 29
1310018941 28
1310019001 30
1310019061 30
1310019121 30
1310019181 31
1310019241 31
1310019302 30
1310019361 30
1310019421 29
1310019481 31
1310019541 31
1310019601 30
1310019661 31
1310019721 30
1310019781 32
1310019841 30
1310019901 32
1310019962 32
1310020022 32
1310020081 32
1310020141 35
1310020201 34
1310020261 32
1310020321 34
1310020381 34
1310020441 34
1310020501 35
1310020561 37
1310020622 35
1310020681 39
1310020741 39
1310020801 39
1310020861 38
1310020921 37
1310020981 41
1310021041 38
1310021101 38
1310021161 39
1310021221 40
1310021282 39
1310021341 39
1310021401 38
1310021461 39
1310021521 40
1310021581 37
1310021641 39
1310021701 38
1310021761 38
1310021821 39
1310021881 38
1310021942 37
1310022001 39
1310022061 37
1310022121 37
1310022181 37
1310022241 38
1310022301 38
1310022361 38
1310022421 37
1310022481 37
1310022541 36
1310022602 36
1310022662 36
1310022721 34
1310022781 34
1310022841 32
1310022901 37
1310022961 36
1310023021 36
1310023081 34
1310023141 36
1310023202 35
1310023261 34
1310023321 37
1310023381 37
1310023441 38
1310023501 37
1310023561 42
1310023621 41
1310023681 40
1310023741 38
1310023801 38
1310023862 42
1310023921 39
1310023981 41
1310024041 41
1310024101 38
1310024161 38
1310024221 39
1310024281 40
1310024341 38
1310024401 37
1310024462 36
1310024521 38
1310024581 35
1310024641 36
1310024701 35
1310024761 32
1310024821 32
1310024881 33
1310024941 30
1310025001 32
1310025061 32
1310025121 32
1310025182 31
1310025241 31
1310025301 29
1310025361 31
1310025421 31
1310025481 32
1310025541 32
1310025601 29
1310025661 29
1310025721 28
1310025781 29
1310025841 27
1310025902 30
1310025961 27
1310026021 31
1310026081 28
1310026141 30
1310026201 29
1310026261 28
1310026321 30
1310026381 31
1310026441 30
1310026501 30
1310026562 31
1310026621 28
1310026681 31
1310026741 30
1310026801 32
1310026861 32
1310026921 30
1310026981 33
1310027041 34
1310027101 34
1310027161 32
1310027221 32
1310027282 29
1310027341 30
1310027401 30
1310027461 29
1310027521 28
1310027581 29
1310027641 28
1310027701 30
1310027761 30
1310027821 26
1310027881 28
1310027941 27
1310028002 29
1310028061 29
1310028121 28
1310028181 24
1310028241 27
1310028301 25
1310028361 30
1310028421 32
1310028481 32
1310028541 31
1310028601 29
1310028661 30
1310028722 29
1310028781 30
1310028841 29
1310028901 28
1310028961 23
1310029021 23
1310029081 22
1310029141 22
1310029201 21
1310029261 22
1310029321 21
1310029381 21
1310029442 20
1310029501 22
1310029561 22
1310029621 21
1310029681 23
1310029741 23
1310029801 22
1310029861 21
1310029921 22
1310029981 23
1310030041 22
1310030102 23
1310030161 22
1310030221 21
1310030281 20
1310030341 22
1310030401 22
1310030461 20
1310030521 21
1310030581 20
1310030641 21
1310030701 18
1310030761 18
1310030821 18
1310030882 20
1310030941 18
1310031001 20
1310031061 20
1310031121 19
1310031181 18
1310031241 19
1310031301 20
1310031361 20
1310031421 20
1310031481 19
1310031541 18
1310031601 17
1310031661 20
1310031721 20
1310031781 20
1310031841 19
1310031901 20
1310031961 21
1310032021 20
1310032081 20
1310032141 23
1310032201 22
1310032261 23
1310032322 23
1310032381 25
1310032441 23
1310032501 25
1310032561 27
1310032621 26
1310032681 25
1310032741 26
1310032801 26
1310032861 24
1310032921 25
1310032982 25
1310033041 25
1310033101 24
1310033161 22
1310033221 24
1310033281 24
1310033341 25
1310033401 24
1310033461 24
1310033521 25
1310033581 25
1310033641 24
1310033702 25
1310033762 23
1310033821 24
1310033881 24
1310033941 21
1310034001 23
1310034061 22
1310034121 21
1310034181 22
1310034241 25
1310034301 25
1310034361 24
1310034421 23
1310034482 24
1310034541 22
1310034601 22
1310034661 24
1310034721 21
1310034781 20
1310034841 21
1310034901 22
1310034961 22
1310035021 20
1310035081 21
1310035142 21
1310035201 20
1310035261 20
1310035321 22
1310035381 21
1310035441 21
1310035501 21
1310035561 20
1310035621 20
1310035681 23
1310035741 22
1310035801 23
1310035862 21
1310035922 22
1310035981 21
1310036041 20
1310036101 20
1310036161 23
1310036221 22
1310036281 20
1310036341 24
1310036401 23
1310036461 24
1310036521 23
1310036582 28
1310036641 25
1310036701 26
1310036761 27
1310036821 28
1310036881 27
1310036941 26
1310037001 28
1310037061 28
1310037121 29
1310037181 27
1310037241 29
1310037302 29
1310037361 29
1310037421 29
1310037481 29
1310037541 28
1310037601 29
1310037661 30
1310037721 27
1310037781 26
1310037841 24
1310037901 23
1310037962 21
1310038021 21
1310038081 21
1310038141 19
1310038201 21
1310038261 20
1310038321 21
1310038381 19
1310038441 20
1310038501 19
1310038561 19
1310038621 21
1310038681 20
1310038742 22
1310038801 21
1310038861 21
1310038921 22
1310038981 23
1310039041 22
1310039101 22
1310039161 24
1310039221 23
1310039281 25
1310039341 23
1310039401 22
1310039462 23
1310039521 22
1310039581 21
1310039641 23
1310039701 22
1310039761 21
1310039821 21
1310039881 19
1310039941 19
1310040001 17
1310040061 17
1310040122 18
1310040182 19
1310040241 18
1310040301 18
1310040361 21
1310040421 18
1310040481 20
1310040541 19
1310040601 19
1310040661 19
1310040721 19
1310040781 18
1310040842 18
1310040901 18
1310040961 19
1310041021 20
1310041081 18
1310041141 20
1310041201 19
1310041261 19
1310041321 18
1310041381 18
1310041441 19
1310041501 18
1310041561 18
1310041622 18
1310041681 20
1310041741 19
1310041801 20
1310041861 19
1310041921 20
1310041981 21
1310042041 20
1310042101 20
1310042161 17
1310042221 18
1310042281 18
1310042342 19
1310042401 19
1310042461 18
1310042521 19
1310042581 18
1310042641 18
1310042701 20
1310042761 18
1310042821 19
1310042881 19
1310042941 19
1310043002 18
1310043061 19
1310043121 19
1310043181 20
1310043241 19
1310043301 19
1310043361 21
1310043421 18
1310043481 21
1310043541 21
1310043601 22
1310043661 23
1310043721 21
1310043781 22
1310043841 21
1310043901 21
1310043961 23
1310044021 24
1310044081 23
1310044141 24
1310044201 25
1310044261 24
1310044321 24
1310044381 22
1310044441 23
1310044501 23
1310044561 19
1310044621 21
1310044681 21
1310044741 19
1310044801 19
1310044861 19
1310044921 18
1310044981 21
1310045041 21
1310045102 22
1310045161 25
1310045221 24
1310045281 27
1310045341 29
1310045401 28
1310045461 29
1310045521 29
1310045581 27
1310045641 27
1310045701 25
1310045761 25
1310045822 24
1310045881 20
1310045941 20
1310046001 20
1310046061 19
1310046121 19
1310046181 23
1310046241 24
1310046301 24
1310046361 22
1310046421 24
1310046482 24
1310046541 23
1310046601 25
1310046661 25
1310046721 25
1310046781 23
1310046841 22
1310046901 22
1310046961 22
1310047021 19
1310047081 20
1310047141 20
1310047202 21
1310047261 22
1310047321 23
1310047381 24
1310047441 23
1310047501 24
1310047561 24
1310047621 24
1310047681 22
1310047741 22
1310047801 22
1310047861 23
1310047921 23
1310047982 21
1310048041 25
1310048101 24
1310048161 24
1310048221 25
1310048281 26
1310048341 24
1310048401 23
1310048461 26
1310048521 24
1310048582 28
1310048641 25
1310048701 26
1310048761 25
1310048821 26
1310048881 27
1310048941 27
1310049001 27
1310049061 24
1310049121 26
1310049181 25
1310049242 26
1310049301 26
1310049361 27
1310049421 27
1310049481 26
1310049541 27
1310049601 23
1310049661 25
1310049721 24
1310049781 23
1310049842 22
1310049901 22
1310049961 23
1310050021 20
1310050081 19
1310050141 19
1310050201 20
1310050261 17
1310050321 19
1310050382 19
1310050441 18
1310050501 17
1310050561 19
1310050621 19
1310050681 18
1310050741 18
1310050801 18
1310050861 18
1310050921 17
1310050982 19
1310051042 20
1310051101 19
1310051161 19
1310051221 22
1310051281 24
1310051341 23
1310051401 24
1310051461 24
1310051521 22
1310051581 21
1310051641 24
1310051701 24
1310051761 24
1310051821 22
1310051881 23
1310051941 24
1310052002 23
1310052061 23
1310052121 23
1310052181 20
1310052241 20
1310052301 22
1310052361 22
1310052421 21
1310052481 21
1310052541 20
1310052602 21
1310052661 20
1310052721 21
1310052781 20
1310052841 18
1310052901 19
1310052961 18
1310053021 17
1310053081 18
1310053142 20
1310053201 20
1310053261 20
1310053321 19
1310053381 20
1310053441 17
1310053501 17
1310053561 17
1310053621 17
1310053681 16
1310053742 15
1310053801 17
1310053861 17
1310053921 19
1310053981 19
1310054041 20
1310054101 19
1310054161 18
1310054221 19
1310054281 20
1310054342 18
