1312300861 53
1312300921 50
1312300981 51
1312301041 51
1312301101 50
1312301161 49
1312301221 49
1312301282 45
1312301341 47
1312301401 47
1312301461 48
1312301521 46
1312301581 46
1312301641 45
1312301701 42
1312301761 48
1312301821 48
1312301882 48
1312301941 47
1312302001 46
1312302061 45
1312302121 47
1312302181 46
1312302241 46
1312302301 45
1312302361 42
1312302421 39
1312302481 42
1312302542 41
1312302601 44
1312302661 42
1312302721 40
1312302781 41
1312302841 39
1312302901 39
1312302961 37
1312303021 36
1312303081 36
1312303142 35
1312303202 31
1312303261 35
1312303321 34
1312303381 33
1312303441 34
1312303501 32
1312303561 30
1312303622 32
1312303681 31
1312303741 28
1312303801 27
1312303861 26
1312303921 30
1312303981 30
1312304041 30
1312304101 30
1312304161 29
1312304221 28
1312304281 27
1312304342 29
1312304401 28
1312304461 27
1312304521 26
1312304582 27
1312304642 26
1312304702 27
1312304761 26
1312304821 23
1312304881 25
1312304941 27
1312305001 28
1312305061 26
1312305121 23
1312305182 26
1312305241 25
1312305301 24
1312305361 24
1312305421 24
1312305481 22
1312305541 23
1312305601 21
1312305661 23
1312305721 22
1312305781 21
1312305841 24
1312305901 24
1312305961 24
1312306021 24
1312306081 23
1312306141 21
1312306202 23
1312306261 19
1312306321 20
1312306381 18
1312306441 17
1312306501 20
1312306561 19
1312306621 20
1312306681 20
1312306741 20
1312306801 18
1312306862 20
1312306921 19
1312306981 20
1312307041 17
1312307101 16
1312307161 20
1312307221 19
1312307281 19
1312307341 17
1312307402 16
1312307461 15
1312307521 15
1312307581 14
1312307641 16
1312307701 14
1312307761 17
1312307821 17
1312307881 18
1312307941 18
1312308001 18
1312308061 16
1312308121 19
1312308182 19
1312308241 18
1312308301 17
1312308361 16
1312308421 18
1312308481 18
1312308541 18
1312308601 18
1312308661 18
1312308722 16
1312308781 16
1312308841 16
1312308901 16
1312308961 16
1312309021 14
1312309081 15
1312309141 15
1312309201 15
1312309261 15
1312309322 15
1312309381 14
1312309441 15
1312309501 15
1312309561 15
1312309621 14
1312309681 12
1312309741 14
1312309801 13
1312309862 14
1312309921 14
1312309981 14
1312310041 13
1312310101 13
1312310161 11
1312310221 13
1312310281 13
1312310342 12
1312310401 14
1312310461 13
1312310521 14
1312310581 14
1312310641 15
1312310701 15
1312310761 12
1312310821 14
1312310881 14
1312310942 14
1312311001 14
1312311061 14
1312311121 13
1312311181 13
1312311241 14
1312311301 14
1312311361 15
1312311421 14
1312311482 13
1312311541 14
1312311601 12
1312311661 12
1312311721 13
1312311781 12
1312311841 12
1312311901 12
1312311961 11
1312312021 11
1312312081 11
1312312142 11
1312312201 12
1312312261 11
1312312321 11
1312312381 11
1312312441 9
1312312501 12
1312312561 12
1312312621 11
1312312681 11
1312312741 12
1312312801 11
1312312861 12
1312312921 12
1312312981 11
1312313041 11
1312313101 10
1312313161 12
1312313221 12
1312313282 11
1312313341 11
1312313401 12
1312313461 11
1312313521 11
1312313581 12
1312313641 11
1312313701 11
1312313761 10
1312313821 12
1312313882 12
1312313941 10
1312314001 11
1312314061 12
1312314121 10
1312314181 11
1312314241 12
1312314301 11
1312314361 12
1312314421 9
1312314482 12
1312314541 12
1312314601 11
1312314661 11
1312314721 12
1312314781 11
1312314841 11
1312314901 12
1312314961 11
1312315021 12
1312315082 10
1312315141 12
1312315201 12
1312315261 11
1312315321 11
1312315381 11
1312315441 12
1312315501 11
1312315561 12
1312315622 11
1312315681 11
1312315741 11
1312315801 11
1312315861 12
1312315921 12
1312315981 12
1312316041 10
1312316101 12
1312316161 11
1312316221 12
1312316281 11
1312316341 11
1312316401 11
1312316461 12
1312316521 13
1312316581 12
1312316641 13
1312316701 11
1312316761 13
1312316821 12
1312316881 13
1312316941 11
1312317002 11
1312317061 10
1312317121 10
1312317181 10
1312317241 9
1312317301 10
1312317361 8
1312317421 10
1312317481 9
1312317541 10
1312317602 7
1312317661 9
1312317721 9
1312317781 9
1312317841 10
1312317901 9
1312317961 10
1312318021 8
1312318081 10
1312318141 9
1312318201 10
1312318262 8
1312318321 9
1312318381 10
1312318441 9
1312318501 10
1312318561 9
1312318621 10
1312318681 9
1312318741 10
1312318801 10
1312318862 8
1312318921 8
1312318981 9
1312319041 10
1312319101 9
1312319161 10
1312319221 9
1312319281 10
1312319341 9
1312319401 10
1312319462 10
1312319521 10
1312319581 9
1312319641 10
1312319701 12
1312319761 11
1312319821 12
1312319881 11
1312319941 13
1312320001 12
1312320061 13
1312320122 12
1312320181 13
1312320241 11
1312320301 11
1312320361 13
1312320421 12
1312320481 13
1312320541 11
1312320601 14
1312320662 13
1312320721 14
1312320781 12
1312320841 12
1312320901 13
1312320961 14
1312321021 15
1312321081 14
1312321141 15
1312321201 14
1312321261 15
1312321322 15
1312321381 16
1312321441 15
1312321501 16
1312321561 15
1312321621 14
1312321681 15
1312321741 14
1312321801 16
1312321861 15
1312321922 15
1312321982 16
1312322041 16
1312322101 14
1312322161 17
1312322221 16
1312322281 16
1312322341 16
1312322401 15
1312322461 14
1312322521 14
1312322581 15
1312322641 15
1312322701 16
1312322762 14
1312322821 14
1312322881 13
1312322941 14
1312323001 13
1312323061 15
1312323121 13
1312323181 11
1312323241 14
1312323301 13
1312323362 13
1312323421 15
1312323481 17
1312323541 16
1312323601 17
1312323661 16
1312323721 18
1312323781 19
1312323841 18
1312323902 20
1312323961 21
1312324021 21
1312324081 19
1312324141 19
1312324201 21
1312324261 20
1312324321 20
1312324381 20
1312324441 18
1312324501 20
1312324562 19
1312324621 19
1312324681 20
1312324741 21
1312324801 19
1312324861 21
1312324921 20
1312324981 20
1312325041 23
1312325102 21
1312325161 22
1312325221 21
1312325281 21
1312325341 22
1312325401 23
1312325461 23
1312325521 25
1312325581 24
1312325642 24
1312325701 25
1312325761 26
1312325821 27
1312325881 27
1312325941 26
1312326001 28
1312326062 28
1312326121 28
1312326182 28
1312326242 28
1312326301 30
1312326361 30
1312326421 29
1312326481 30
1312326541 30
1312326602 28
1312326661 28
1312326721 27
1312326781 26
1312326841 27
1312326901 26
1312326961 26
1312327021 28
1312327081 29
1312327142 29
1312327201 29
1312327261 28
1312327321 32
1312327381 34
1312327441 32
1312327501 34
1312327561 35
1312327621 34
1312327681 37
1312327742 38
1312327801 36
1312327861 36
1312327921 35
1312327981 37
1312328041 37
1312328102 38
1312328161 35
1312328221 40
1312328281 40
1312328341 42
1312328401 45
1312328461 45
1312328521 46
1312328581 46
1312328642 47
1312328701 47
1312328761 47
1312328821 47
1312328881 45
1312328941 45
1312329001 44
1312329061 44
1312329122 43
1312329181 46
1312329241 47
1312329301 48
1312329361 49
1312329421 48
1312329481 49
1312329541 50
1312329602 52
1312329661 53
1312329721 54
1312329781 53
1312329841 54
1312329901 58
1312329961 58
1312330021 61
1312330082 60
1312330141 60
1312330201 60
1312330261 63
1312330321 60
1312330381 61
1312330441 62
1312330501 63
1312330562 60
1312330621 65
1312330681 65
1312330742 66
1312330801 67
1312330861 69
1312330921 70
1312330981 71
1312331041 72
1312331101 74
1312331161 76
1312331221 73
1312331282 74
1312331341 77
1312331401 77
1312331461 78
1312331521 84
1312331581 85
1312331641 87
1312331701 88
1312331761 89
1312331821 91
1312331881 93
1312331941 94
1312332001 100
1312332061 99
1312332121 99
1312332181 95
1312332241 97
1312332302 96
1312332361 100
1312332421 101
1312332481 102
1312332542 105
1312332601 103
1312332661 105
1312332721 107
1312332781 107
1312332841 110
1312332901 107
1312332961 114
1312333021 116
1312333082 120
1312333141 126
1312333201 125
1312333261 131
1312333321 131
1312333381 135
1312333441 136
1312333502 136
1312333561 134
1312333621 137
1312333681 135
1312333741 134
1312333802 137
1312333862 143
1312333921 144
1312333981 144
1312334041 143
1312334101 146
1312334161 144
1312334221 144
1312334281 147
1312334341 149
1312334402 148
1312334461 144
1312334521 143
1312334581 145
1312334642 151
1312334701 152
1312334761 148
1312334821 152
1312334881 150
1312334941 151
1312335002 155
1312335061 153
1312335121 154
1312335181 154
1312335242 149
1312335301 154
1312335361 156
1312335421 157
1312335481 159
1312335542 159
1312335601 160
1312335661 164
1312335721 163
1312335781 164
1312335841 169
1312335901 166
1312335961 165
1312336022 164
1312336081 167
1312336141 167
1312336201 166
1312336261 167
1312336321 169
1312336381 169
1312336441 171
1312336502 168
1312336561 172
1312336621 174
1312336681 173
1312336742 176
1312336801 182
1312336861 177
1312336921 183
1312336981 184
1312337041 185
1312337101 192
1312337161 197
1312337221 195
1312337281 200
1312337341 193
1312337401 196
1312337462 198
1312337521 191
1312337581 194
1312337641 194
1312337702 189
1312337761 188
1312337821 193
1312337882 190
1312337941 191
1312338001 188
1312338061 190
1312338122 192
1312338181 196
1312338242 195
1312338301 196
1312338361 196
1312338422 200
1312338481 198
1312338541 204
1312338601 204
1312338661 202
1312338721 207
1312338781 202
1312338841 210
1312338901 215
1312338961 214
1312339021 211
1312339081 213
1312339141 213
1312339201 215
1312339261 214
1312339322 215
1312339381 213
1312339441 212
1312339502 205
1312339561 208
1312339621 209
1312339681 206
1312339741 199
1312339802 196
1312339861 198
1312339921 201
1312339982 202
1312340041 199
1312340101 205
1312340161 208
1312340222 204
1312340281 207
1312340341 210
1312340402 207
1312340461 206
1312340521 211
1312340581 208
1312340641 203
1312340701 204
1312340761 199
1312340821 203
1312340882 206
1312340941 211
1312341001 211
1312341061 210
1312341121 205
1312341182 208
1312341241 208
1312341301 208
1312341361 213
1312341421 213
1312341481 212
1312341542 203
1312341601 208
1312341661 204
1312341721 208
1312341781 210
1312341841 206
1312341901 207
1312341961 199
1312342021 191
DB Error: connect failed1312342142 183
1312342202 185
1312342261 185
1312342321 185
1312342381 182
1312342441 176
1312342509 166
1312342561 169
1312342621 166
1312342681 171
1312342741 167
1312342801 162
1312342861 159
1312342921 159
1312342981 160
1312343041 163
1312343101 162
1312343161 162
1312343221 161
1312343281 158
1312343341 152
1312343402 156
1312343462 154
1312343521 151
1312343581 152
1312343641 152
1312343702 151
1312343761 148
1312343821 154
1312343881 153
1312343941 152
1312344001 148
1312344061 152
1312344121 153
1312344181 144
1312344241 150
1312344302 148
1312344361 152
1312344421 151
1312344481 153
1312344541 149
1312344602 151
1312344661 151
1312344721 146
1312344781 150
1312344841 150
1312344901 146
1312344962 145
1312345021 137
1312345081 139
1312345141 137
1312345201 139
1312345261 139
1312345321 139
1312345381 142
1312345441 137
1312345501 140
1312345561 139
1312345621 140
1312345681 140
1312345741 139
1312345802 135
1312345861 133
1312345921 134
1312345981 130
1312346041 134
1312346101 130
1312346161 130
1312346222 132
1312346281 133
1312346341 133
1312346401 134
1312346461 134
1312346521 132
1312346581 131
1312346641 129
1312346701 131
1312346761 130
1312346821 130
1312346882 128
1312346941 131
1312347001 128
1312347061 129
1312347121 126
1312347181 129
1312347241 131
1312347301 130
1312347361 131
1312347421 131
1312347481 131
1312347541 128
1312347601 127
1312347661 126
1312347721 131
1312347782 129
1312347841 131
1312347901 128
1312347961 129
1312348021 131
1312348081 136
1312348141 137
1312348201 136
1312348261 138
1312348322 138
1312348381 137
1312348441 135
1312348501 140
1312348561 137
1312348621 139
1312348681 139
1312348741 140
1312348801 139
1312348861 139
1312348921 140
1312348982 139
1312349041 143
1312349101 142
1312349161 147
1312349221 147
1312349281 143
1312349341 141
1312349401 144
1312349461 141
1312349521 141
1312349582 144
1312349641 140
1312349701 143
1312349761 143
1312349821 143
1312349881 146
1312349941 148
1312350002 145
1312350061 141
1312350121 145
1312350181 145
1312350241 145
1312350301 147
1312350362 142
1312350421 144
1312350481 142
1312350541 143
1312350601 145
1312350661 144
1312350721 142
1312350782 140
1312350841 143
1312350901 142
1312350961 144
1312351021 147
1312351081 143
1312351141 144
1312351202 146
1312351261 144
1312351321 145
1312351381 146
1312351441 149
1312351501 146
1312351561 150
1312351622 151
1312351681 150
1312351741 153
1312351801 152
1312351861 158
1312351921 157
1312351981 157
1312352042 154
1312352101 154
1312352161 152
1312352221 147
1312352281 149
1312352341 147
1312352401 154
1312352461 150
1312352522 152
1312352581 150
1312352641 150
1312352701 151
1312352761 150
1312352821 151
1312352881 152
1312352941 154
1312353001 149
1312353061 153
1312353121 154
1312353181 150
1312353241 146
1312353302 150
1312353361 149
1312353421 149
1312353481 149
1312353541 152
1312353601 155
1312353662 154
1312353721 151
1312353781 154
1312353841 154
1312353901 155
1312353961 157
1312354022 157
1312354081 162
1312354141 164
1312354202 164
1312354261 164
1312354322 165
1312354381 160
1312354441 163
1312354501 161
1312354561 163
1312354621 163
1312354681 164
1312354741 157
1312354801 158
1312354862 160
1312354921 153
1312354981 157
1312355041 151
1312355101 154
1312355161 156
1312355221 152
1312355281 152
1312355342 155
1312355401 155
1312355461 155
1312355521 155
1312355581 157
1312355642 156
1312355701 149
1312355761 151
1312355821 153
1312355881 151
1312355941 156
1312356002 156
1312356061 157
1312356121 157
1312356181 161
1312356241 162
1312356301 163
1312356361 164
1312356422 166
1312356481 164
1312356541 165
1312356601 161
1312356661 165
1312356721 168
1312356781 161
1312356841 159
1312356901 161
1312356961 155
1312357021 154
1312357081 161
1312357141 158
1312357201 159
1312357261 157
1312357321 161
1312357381 158
1312357441 156
1312357502 159
1312357561 154
1312357621 155
1312357681 149
1312357741 148
1312357802 148
1312357861 148
1312357921 151
1312357981 151
1312358041 151
1312358101 152
1312358162 155
1312358221 149
1312358281 149
1312358341 149
1312358401 152
1312358461 150
1312358522 152
1312358582 152
1312358641 152
1312358701 150
1312358761 150
1312358821 148
1312358881 147
1312358941 146
1312359002 146
1312359061 141
1312359121 138
1312359181 139
1312359241 142
1312359301 137
1312359362 142
1312359421 141
1312359481 140
1312359541 138
1312359601 131
1312359661 136
1312359721 134
1312359782 134
1312359841 132
1312359901 132
1312359961 130
1312360021 129
1312360081 132
1312360141 131
1312360202 130
1312360262 127
1312360321 123
1312360381 123
1312360441 120
1312360501 122
1312360561 124
1312360621 123
1312360681 122
1312360742 123
1312360801 121
1312360861 121
1312360921 120
1312360981 117
1312361041 116
1312361102 114
1312361161 116
1312361221 115
1312361281 118
1312361342 119
1312361401 117
1312361461 120
1312361522 115
1312361581 114
1312361641 114
1312361701 115
1312361761 115
1312361821 115
1312361881 112
1312361942 110
1312362001 110
1312362061 105
1312362121 107
1312362181 109
1312362241 108
1312362301 108
1312362361 109
1312362422 110
1312362481 107
1312362541 105
1312362601 104
1312362661 102
1312362721 102
1312362781 100
1312362841 101
1312362902 100
1312362962 95
1312363021 94
1312363081 100
1312363141 101
1312363201 99
1312363261 101
1312363321 99
1312363381 100
1312363441 97
1312363502 96
1312363561 94
1312363621 94
1312363681 88
1312363741 85
1312363801 87
1312363861 88
1312363921 86
1312363981 91
1312364041 90
1312364101 96
1312364161 95
1312364222 98
1312364281 99
1312364342 97
1312364401 95
1312364461 96
1312364521 99
1312364581 94
1312364641 94
1312364701 89
1312364762 91
1312364821 89
1312364881 92
1312364941 93
1312365001 92
1312365061 87
1312365121 84
1312365182 88
1312365241 86
1312365301 88
1312365361 87
1312365421 87
1312365481 89
1312365542 90
1312365601 93
1312365661 93
1312365721 95
1312365781 94
1312365841 93
1312365901 92
1312365962 91
1312366022 88
1312366081 91
1312366141 89
1312366201 83
1312366261 83
1312366321 82
1312366381 81
1312366441 79
1312366501 84
1312366561 82
1312366621 83
1312366682 79
1312366741 78
1312366801 80
1312366861 81
1312366921 79
1312366981 79
1312367041 80
1312367101 75
1312367161 76
1312367222 77
1312367281 76
1312367341 76
1312367401 79
1312367461 80
1312367521 78
1312367581 78
1312367642 80
1312367701 76
1312367761 78
1312367821 80
1312367881 77
1312367941 78
1312368001 76
1312368061 77
1312368122 78
1312368182 78
1312368241 76
1312368301 76
1312368361 74
1312368421 72
1312368481 71
1312368541 71
1312368601 71
1312368661 69
1312368722 69
1312368781 66
1312368841 70
1312368901 69
1312368961 68
1312369021 67
1312369081 69
1312369141 68
1312369202 68
1312369261 69
1312369321 69
1312369381 71
1312369441 70
1312369501 72
1312369561 72
1312369621 72
1312369681 69
1312369741 72
1312369801 73
1312369861 69
1312369921 70
1312369981 67
1312370041 72
1312370101 72
1312370161 72
1312370222 72
1312370282 72
1312370341 73
1312370401 73
1312370461 74
1312370521 76
1312370581 77
1312370641 75
1312370701 75
1312370762 77
1312370821 75
1312370881 74
1312370941 77
1312371001 76
1312371061 78
1312371121 74
1312371181 73
1312371241 73
1312371301 73
1312371361 77
1312371421 78
1312371481 78
1312371542 75
1312371601 75
1312371661 78
1312371721 77
1312371781 77
1312371841 80
1312371901 79
1312371961 74
1312372022 79
1312372081 78
1312372141 79
1312372201 79
1312372261 82
1312372321 83
1312372381 84
1312372441 81
1312372501 82
1312372561 81
1312372621 77
1312372681 79
1312372741 77
1312372801 75
1312372861 72
1312372921 74
1312372982 72
1312373041 73
1312373101 73
1312373161 73
1312373221 72
1312373281 71
1312373341 76
1312373401 75
1312373461 77
1312373521 78
1312373582 82
1312373641 83
1312373701 84
1312373761 82
1312373821 87
1312373881 86
1312373941 86
1312374001 88
1312374061 88
1312374121 86
1312374182 83
1312374241 84
1312374301 84
1312374361 88
1312374421 88
1312374481 93
1312374541 91
1312374602 93
1312374661 91
1312374721 90
1312374781 91
1312374841 90
1312374901 93
1312374961 92
1312375021 96
1312375081 95
1312375142 95
1312375201 99
1312375261 98
1312375321 102
1312375381 104
1312375441 101
1312375501 100
1312375561 101
1312375621 101
1312375681 99
1312375741 105
1312375801 107
1312375861 103
1312375921 102
1312375981 102
1312376041 101
1312376102 103
1312376162 106
1312376221 102
1312376281 105
1312376341 104
1312376401 102
1312376461 104
1312376521 106
1312376581 109
1312376641 110
1312376701 109
1312376761 110
1312376821 110
1312376881 107
1312376941 111
1312377001 109
1312377061 112
1312377121 108
1312377182 103
1312377241 101
1312377301 102
1312377361 101
1312377421 104
1312377481 103
1312377541 104
1312377601 102
1312377661 104
1312377722 107
1312377781 106
1312377841 104
1312377901 105
1312377961 104
1312378021 104
1312378081 101
1312378141 96
1312378201 96
1312378261 93
1312378321 92
1312378382 92
1312378441 92
1312378501 91
1312378561 86
1312378621 89
1312378681 90
1312378741 90
1312378801 93
1312378861 97
1312378922 98
1312378981 100
1312379041 99
1312379101 100
1312379161 100
1312379221 99
1312379281 104
1312379341 102
1312379401 98
1312379462 99
1312379521 101
1312379581 105
1312379641 105
1312379701 99
1312379761 103
1312379821 103
1312379881 103
1312379941 103
1312380001 106
1312380061 103
1312380121 100
1312380181 101
1312380241 102
1312380301 99
1312380361 99
1312380421 96
1312380481 97
1312380541 96
1312380601 92
1312380661 96
1312380721 91
1312380781 91
1312380841 96
1312380901 95
1312380961 95
1312381022 93
1312381081 90
1312381141 93
1312381201 89
1312381261 87
1312381321 90
1312381381 87
1312381441 90
1312381501 91
1312381561 90
1312381621 86
1312381681 88
1312381741 86
1312381801 90
1312381861 89
1312381921 88
1312381981 84
1312382041 85
1312382102 87
1312382162 86
1312382222 86
1312382281 87
1312382341 86
1312382401 85
1312382461 90
1312382521 90
1312382581 91
1312382641 90
1312382702 94
1312382761 92
1312382821 90
1312382881 85
1312382941 86
1312383001 81
1312383061 76
1312383121 80
1312383181 78
1312383241 78
1312383302 77
1312383361 78
1312383421 79
1312383481 78
1312383541 78
1312383601 80
1312383661 79
1312383721 78
1312383781 82
1312383841 82
1312383902 79
1312383961 79
1312384021 78
1312384081 78
1312384141 76
1312384201 75
1312384261 70
1312384321 73
1312384381 72
1312384442 71
1312384501 72
1312384561 70
1312384621 70
1312384681 67
1312384741 66
1312384801 67
1312384861 64
1312384922 62
1312384982 63
1312385041 59
1312385101 56
1312385161 55
1312385221 55
1312385281 56
1312385341 60
1312385401 59
1312385461 58
1312385522 57
1312385581 55
1312385641 54
1312385701 56
1312385761 54
1312385821 56
1312385881 55
1312385941 52
1312386001 55
1312386061 54
1312386121 51
1312386181 52
1312386241 52
1312386301 52
1312386362 52
1312386421 53
1312386481 52
1312386541 51
1312386601 50
1312386661 52
1312386721 48
1312386781 48
1312386841 46
1312386901 47
1312386961 48
1312387022 45
1312387081 46
1312387141 45
1312387201 43
