1314720061 18
1314720121 16
1314720181 16
1314720241 17
1314720301 16
1314720361 16
1314720422 16
1314720481 14
1314720541 16
1314720602 16
1314720661 18
1314720721 18
1314720781 13
1314720841 17
1314720901 17
1314720961 17
1314721021 16
1314721081 16
1314721141 16
1314721201 16
1314721262 13
1314721321 15
1314721381 15
1314721441 12
1314721501 15
1314721561 15
1314721621 15
1314721681 14
1314721741 15
1314721808 14
1314721861 15
1314721921 13
1314721981 13
1314722042 13
1314722101 12
1314722161 12
1314722221 13
1314722281 13
1314722341 14
1314722401 15
1314722461 14
1314722521 15
1314722581 15
1314722641 16
1314722702 16
1314722761 15
1314722821 16
1314722881 16
1314722941 15
1314723001 15
1314723061 13
1314723121 13
1314723181 14
1314723241 12
1314723301 13
1314723362 12
1314723422 11
1314723481 13
1314723541 14
1314723601 12
1314723661 14
1314723721 13
1314723781 12
1314723841 12
1314723901 12
1314723961 12
1314724022 11
1314724081 8
1314724141 11
1314724202 11
1314724261 11
1314724321 12
1314724381 11
1314724441 11
1314724501 11
1314724561 12
1314724622 12
1314724682 12
1314724741 9
1314724801 13
1314724861 12
1314724922 11
1314724982 13
1314725041 12
1314725102 12
1314725162 12
1314725221 14
1314725281 14
1314725341 12
1314725401 10
1314725461 13
1314725521 13
1314725581 11
1314725641 11
1314725701 10
1314725761 9
1314725822 8
1314725881 8
1314725941 8
1314726001 7
1314726061 5
1314726121 8
1314726181 8
1314726241 8
1314726301 9
1314726361 9
1314726421 8
1314726482 9
1314726542 9
1314726601 8
1314726661 7
1314726721 7
1314726781 10
1314726841 10
1314726901 10
1314726961 9
1314727021 10
1314727081 9
1314727142 10
1314727202 10
1314727262 10
1314727321 10
1314727381 5
1314727441 10
1314727501 10
1314727561 10
1314727621 9
1314727681 10
1314727741 9
1314727801 10
1314727862 10
1314727921 10
1314727981 9
1314728041 9
1314728101 9
1314728161 8
1314728221 9
1314728281 9
1314728342 9
1314728401 8
1314728461 9
1314728521 9
1314728581 9
1314728641 7
1314728701 9
1314728761 9
1314728821 10
1314728882 9
1314728941 10
1314729001 10
1314729061 9
1314729121 10
1314729181 10
1314729241 6
1314729301 9
1314729362 10
1314729421 9
1314729481 8
1314729541 9
1314729601 9
1314729661 9
1314729722 8
1314729781 10
1314729841 10
1314729901 8
1314729961 9
1314730021 10
1314730081 10
1314730142 9
1314730201 9
1314730261 9
1314730321 9
1314730381 7
1314730441 8
1314730501 6
1314730562 6
1314730621 7
1314730681 8
1314730741 8
1314730801 8
1314730861 8
1314730921 8
1314730982 8
1314731042 7
1314731101 8
1314731161 6
1314731221 7
1314731281 7
1314731341 8
1314731401 7
1314731462 8
1314731521 8
1314731581 8
1314731641 8
1314731701 8
1314731761 8
1314731821 7
1314731881 8
1314731941 9
1314732002 10
1314732061 9
1314732121 10
1314732181 10
1314732241 11
1314732301 10
1314732361 9
1314732421 9
1314732481 8
1314732542 9
1314732601 9
1314732661 10
1314732721 10
1314732781 10
1314732841 10
1314732901 10
1314732961 10
1314733021 9
1314733081 10
1314733142 11
1314733201 10
1314733261 10
1314733321 10
1314733381 10
1314733441 10
1314733501 10
1314733561 10
1314733621 9
1314733681 7
1314733741 6
1314733802 9
1314733861 8
1314733921 8
1314733981 9
1314734041 8
1314734101 9
1314734161 9
1314734221 9
1314734281 9
1314734341 8
1314734402 7
1314734461 8
1314734521 8
1314734581 8
1314734641 9
1314734701 9
1314734761 9
1314734821 9
1314734881 9
1314734941 8
1314735002 8
1314735062 7
1314735121 8
1314735181 9
1314735241 10
1314735301 9
1314735361 10
1314735421 10
1314735481 10
1314735542 10
1314735602 9
1314735661 9
1314735721 8
1314735781 8
1314735841 8
1314735901 9
1314735961 9
1314736021 9
1314736081 9
1314736142 9
1314736201 9
1314736261 9
1314736321 9
1314736381 8
1314736441 8
1314736501 7
1314736561 8
1314736621 7
1314736681 7
1314736741 8
1314736802 10
1314736861 10
1314736921 10
1314736981 10
1314737041 8
1314737101 10
1314737161 9
1314737221 10
1314737281 10
1314737341 9
1314737402 9
1314737461 8
1314737521 9
1314737581 9
1314737641 9
1314737701 8
1314737761 9
1314737821 8
1314737881 9
1314737941 9
1314738002 8
1314738061 8
1314738121 8
1314738181 9
1314738241 9
1314738301 8
1314738361 8
1314738421 9
1314738481 9
1314738541 9
1314738601 8
1314738661 7
1314738722 7
1314738781 6
1314738841 7
1314738901 8
1314738961 6
1314739021 7
1314739081 7
1314739141 8
1314739201 8
1314739261 8
1314739322 7
1314739381 8
1314739441 7
1314739501 8
1314739561 8
1314739621 7
1314739681 8
1314739741 8
1314739801 8
1314739861 8
1314739922 7
1314739981 7
1314740041 8
1314740101 7
1314740161 9
1314740221 9
1314740281 7
1314740341 8
1314740401 9
1314740461 9
1314740521 9
1314740582 9
1314740641 8
1314740701 9
1314740761 7
1314740821 9
1314740881 9
1314740941 7
1314741001 9
1314741061 11
1314741122 11
1314741181 12
1314741241 12
1314741301 10
1314741361 11
1314741421 8
1314741481 11
1314741541 12
1314741601 9
1314741661 8
1314741721 10
1314741781 9
1314741841 10
1314741901 10
1314741961 9
1314742021 9
1314742082 7
1314742141 9
1314742201 9
1314742261 8
1314742321 7
1314742381 9
1314742441 9
1314742501 9
1314742561 9
1314742622 9
1314742682 9
1314742741 6
1314742801 9
1314742861 9
1314742921 8
1314742981 7
1314743041 9
1314743101 9
1314743161 9
1314743221 9
1314743281 9
1314743342 9
1314743401 6
1314743461 9
1314743521 9
1314743581 9
1314743641 8
1314743701 8
1314743762 9
1314743822 9
1314743881 9
1314743941 8
1314744001 8
1314744061 5
1314744121 8
1314744181 6
1314744241 6
1314744302 6
1314744361 6
1314744421 7
1314744481 8
1314744541 8
1314744601 8
1314744661 9
1314744721 8
1314744781 11
1314744842 12
1314744901 12
1314744961 10
1314745021 10
1314745081 11
1314745141 10
1314745201 10
1314745261 9
1314745321 8
1314745382 6
1314745441 7
1314745501 7
1314745561 8
1314745621 7
1314745681 7
1314745741 8
1314745801 8
1314745861 8
1314745922 8
1314745981 7
1314746041 6
1314746101 6
1314746161 7
1314746221 7
1314746281 7
1314746341 7
1314746401 8
1314746462 8
1314746521 8
1314746582 8
1314746642 7
1314746701 5
1314746761 7
1314746821 7
1314746881 8
1314746941 8
1314747001 9
1314747061 11
1314747121 11
1314747182 11
1314747241 11
1314747301 11
1314747361 9
1314747421 13
1314747481 14
1314747541 14
1314747601 16
1314747661 14
1314747722 16
1314747782 16
1314747841 18
1314747901 19
1314747961 19
1314748021 17
1314748081 17
1314748141 17
1314748201 15
1314748262 19
1314748322 19
1314748381 23
1314748441 21
1314748501 21
1314748561 23
1314748621 21
1314748681 21
1314748741 22
1314748802 20
1314748861 18
1314748921 21
1314748981 20
1314749041 22
1314749101 22
1314749161 25
1314749221 29
1314749281 31
1314749342 31
1314749402 33
1314749461 34
1314749521 33
1314749581 34
1314749641 37
1314749701 38
1314749761 38
1314749821 37
1314749881 38
1314749942 37
1314750001 38
1314750061 39
1314750121 41
1314750181 41
1314750241 40
1314750301 44
1314750361 45
1314750421 44
1314750481 46
1314750542 50
1314750602 51
1314750661 53
1314750721 54
1314750781 57
1314750841 58
1314750901 58
1314750961 58
1314751021 60
1314751081 61
1314751142 60
1314751201 60
1314751261 61
1314751321 61
1314751381 58
1314751441 61
1314751501 62
1314751561 65
1314751621 67
1314751682 69
1314751741 70
1314751801 73
1314751861 74
1314751921 74
1314751981 75
1314752041 73
1314752102 76
1314752162 77
1314752222 79
1314752281 76
1314752341 82
1314752401 80
1314752461 86
1314752521 87
1314752583 91
1314752641 94
1314752701 92
1314752762 94
1314752822 91
1314752881 91
1314752941 89
1314753001 91
1314753061 92
1314753121 95
1314753181 95
1314753241 93
1314753302 90
1314753362 88
1314753421 92
1314753481 91
1314753541 91
1314753601 94
1314753661 90
1314753721 88
1314753782 88
1314753841 87
1314753901 89
1314753961 89
1314754021 84
1314754081 85
1314754141 86
1314754201 84
1314754262 88
1314754321 89
1314754381 86
1314754441 84
1314754501 88
1314754561 92
1314754621 93
1314754681 87
1314754742 85
1314754802 84
1314754861 81
1314754921 86
1314754981 89
1314755041 92
1314755101 92
1314755161 89
1314755221 91
1314755281 94
1314755341 96
1314755401 100
1314755461 101
1314755521 104
1314755581 106
1314755641 108
1314755701 106
1314755761 111
1314755821 110
1314755882 111
1314755941 117
1314756001 114
1314756061 119
1314756121 120
1314756181 124
1314756241 124
1314756301 125
1314756361 126
1314756421 126
1314756482 122
1314756542 123
1314756601 121
1314756661 124
1314756721 121
1314756781 120
1314756841 125
1314756901 124
1314756961 124
1314757022 128
1314757081 130
1314757141 131
1314757201 127
1314757261 128
1314757321 129
1314757381 131
1314757441 130
1314757501 137
1314757562 134
1314757621 137
1314757681 134
1314757741 131
1314757801 137
1314757861 134
1314757921 138
1314757981 131
1314758041 136
1314758102 138
1314758161 139
1314758221 136
1314758281 137
1314758341 139
1314758401 140
1314758461 143
1314758521 146
1314758581 145
1314758641 153
1314758701 151
1314758761 156
1314758821 161
1314758881 168
1314758942 166
1314759001 166
1314759061 166
1314759121 166
1314759181 163
1314759241 159
1314759301 160
1314759361 153
1314759422 153
1314759481 153
1314759541 151
1314759601 154
1314759661 150
1314759721 149
1314759781 151
1314759841 152
1314759901 150
1314759961 158
1314760021 154
1314760082 152
1314760142 152
1314760201 155
1314760261 155
1314760321 160
1314760381 160
1314760441 156
1314760501 155
1314760561 153
1314760621 158
1314760682 159
1314760742 154
1314760801 152
1314760861 148
1314760921 152
1314760981 154
1314761041 155
1314761101 157
1314761161 152
1314761222 146
1314761281 146
1314761341 145
1314761401 145
1314761461 142
1314761521 136
1314761581 140
1314761641 137
1314761701 137
1314761762 143
1314761821 144
1314761881 142
1314761941 143
1314762001 142
1314762061 141
1314762121 133
1314762181 138
1314762241 133
1314762302 132
1314762362 132
1314762421 131
1314762481 134
1314762541 139
1314762601 138
1314762661 138
1314762721 142
1314762781 140
1314762841 143
1314762902 145
1314762961 145
1314763021 143
1314763081 147
1314763141 141
1314763201 146
1314763261 145
1314763321 147
1314763382 142
1314763441 143
1314763501 140
1314763561 133
1314763621 135
1314763682 131
1314763742 131
1314763801 131
1314763861 129
1314763921 130
1314763981 127
1314764041 124
1314764101 125
1314764161 126
1314764222 126
1314764281 124
1314764341 128
1314764401 130
1314764461 133
1314764521 131
1314764581 130
1314764642 132
1314764701 128
1314764761 127
1314764821 127
1314764881 127
1314764941 126
1314765001 127
1314765062 123
1314765121 122
1314765181 126
1314765241 123
1314765301 121
1314765361 121
1314765421 121
1314765481 124
1314765542 123
1314765602 121
1314765661 125
1314765721 123
1314765781 122
1314765841 123
1314765901 128
1314765961 130
1314766021 127
1314766081 131
1314766142 129
1314766201 126
1314766261 131
1314766321 132
1314766381 132
1314766441 137
1314766501 135
1314766561 140
1314766621 142
1314766682 146
1314766742 147
1314766801 145
1314766861 143
1314766921 141
1314766981 144
1314767041 145
1314767101 146
1314767161 142
1314767221 141
1314767282 138
1314767341 139
1314767401 139
1314767461 135
1314767521 134
1314767581 136
1314767641 137
1314767701 140
1314767761 142
1314767821 145
1314767882 144
1314767942 143
1314768001 145
1314768061 146
1314768121 146
1314768181 150
1314768241 145
1314768301 143
1314768361 145
1314768421 148
1314768482 157
1314768541 173
1314768601 176
1314768661 184
1314768721 183
1314768781 176
1314768841 185
1314768901 189
1314768961 193
1314769022 191
1314769081 190
1314769141 205
1314769201 214
1314769261 211
1314769321 215
1314769381 215
1314769441 230
1314769502 233
1314769562 237
1314769621 237
1314769681 242
1314769741 242
1314769801 242
1314769861 246
1314769922 245
1314769981 246
1314770041 240
1314770103 241
1314770161 238
1314770221 244
1314770281 246
1314770341 248
1314770401 255
1314770461 261
1314770521 264
1314770582 267
1314770641 263
1314770701 263
1314770761 268
1314770821 265
1314770881 257
1314770941 244
1314771001 229
1314771061 224
1314771122 220
1314771181 213
1314771241 213
1314771301 213
1314771361 205
1314771421 202
1314771481 196
1314771541 187
1314771601 180
1314771661 172
1314771721 173
1314771781 172
1314771841 165
1314771901 171
1314771961 168
1314772022 169
1314772081 170
1314772141 172
1314772201 172
1314772261 171
1314772321 174
1314772381 173
1314772441 172
1314772502 178
1314772561 177
1314772622 179
1314772681 178
1314772741 177
1314772801 180
1314772861 180
1314772921 174
1314772981 177
1314773041 171
1314773101 170
1314773161 171
1314773221 165
1314773281 168
1314773341 166
1314773401 167
1314773461 171
1314773521 175
1314773581 177
1314773641 178
1314773702 179
1314773761 182
1314773821 182
1314773881 181
1314773941 184
1314774001 180
1314774061 184
1314774121 185
1314774181 183
1314774241 186
1314774302 182
1314774361 183
1314774421 187
1314774481 187
1314774541 189
1314774601 194
1314774661 195
1314774721 205
1314774781 204
1314774841 202
1314774901 201
1314774961 197
1314775021 196
1314775081 196
1314775141 192
1314775201 186
1314775261 182
1314775322 182
1314775381 187
1314775441 190
1314775501 189
1314775561 186
1314775621 186
1314775681 187
1314775741 181
1314775801 185
1314775862 190
1314775921 189
1314775981 188
1314776041 183
1314776101 186
1314776161 180
1314776221 181
1314776283 183
1314776342 185
1314776401 188
1314776461 185
1314776521 186
1314776581 188
1314776641 192
1314776701 194
1314776761 198
1314776821 195
1314776881 192
1314776942 196
1314777001 200
1314777061 194
1314777121 193
1314777181 187
1314777241 187
1314777301 184
1314777361 180
1314777422 184
1314777482 181
1314777541 183
1314777601 180
1314777661 179
1314777721 181
1314777781 179
1314777841 177
1314777901 176
1314777961 168
1314778022 164
1314778081 159
1314778141 158
1314778201 157
1314778261 155
1314778321 150
1314778381 142
1314778441 149
1314778501 147
1314778562 146
1314778621 147
1314778681 144
1314778741 139
1314778801 135
1314778861 133
1314778921 131
1314778981 129
1314779041 119
1314779102 115
1314779161 117
1314779221 112
1314779281 117
1314779341 117
1314779401 115
1314779462 116
1314779521 112
1314779581 112
1314779641 114
1314779701 109
1314779761 112
1314779821 110
1314779881 104
1314779942 102
1314780002 99
1314780061 93
1314780121 96
1314780181 93
1314780241 94
1314780301 93
1314780361 87
1314780421 91
1314780482 90
1314780542 88
1314780601 89
1314780662 92
1314780721 94
1314780781 94
1314780841 94
1314780901 93
1314780961 94
1314781021 91
1314781081 95
1314781141 93
1314781201 93
1314781262 92
1314781321 82
1314781381 82
1314781441 79
1314781501 76
1314781561 76
1314781621 75
1314781681 72
1314781741 69
1314781802 69
1314781861 72
1314781921 70
1314781981 72
1314782041 72
1314782101 71
1314782161 67
1314782221 70
1314782281 69
1314782342 68
1314782401 67
1314782461 64
1314782521 63
1314782581 62
1314782641 61
1314782701 62
1314782761 59
1314782821 60
1314782881 54
1314782941 58
1314783002 60
1314783061 61
1314783121 62
1314783181 57
1314783241 60
1314783301 59
1314783361 59
1314783422 58
1314783482 60
1314783541 57
1314783601 51
1314783661 53
1314783721 53
1314783781 56
1314783841 50
1314783901 51
1314783961 53
1314784022 49
1314784081 52
1314784141 50
1314784201 47
1314784261 43
1314784321 47
1314784381 45
1314784441 46
1314784502 46
1314784562 48
1314784621 49
1314784681 47
1314784741 49
1314784801 51
1314784861 51
1314784921 49
1314784981 52
1314785041 54
1314785101 52
1314785162 47
1314785221 47
1314785281 47
1314785341 45
1314785401 43
1314785461 42
1314785521 42
1314785581 45
1314785641 47
1314785701 49
1314785762 50
1314785821 50
1314785881 48
1314785941 49
1314786001 49
1314786061 47
1314786121 45
1314786181 44
1314786241 44
1314786301 42
1314786362 45
1314786421 43
1314786481 44
1314786541 45
1314786601 48
1314786661 49
1314786721 51
1314786781 50
1314786841 50
1314786901 52
1314786962 50
1314787021 51
1314787081 51
1314787141 50
1314787201 51
1314787261 51
1314787321 51
1314787381 52
1314787441 52
1314787502 53
1314787562 55
1314787621 55
1314787681 56
1314787741 57
1314787801 56
1314787861 55
1314787921 57
1314787981 56
1314788041 56
1314788102 56
1314788161 54
1314788221 58
1314788281 55
1314788341 59
1314788401 63
1314788461 61
1314788521 63
1314788582 62
1314788642 62
1314788701 63
1314788761 62
1314788821 64
1314788881 65
1314788941 62
1314789001 62
1314789061 64
1314789122 66
1314789182 64
1314789241 66
1314789301 71
1314789361 70
1314789421 73
1314789481 73
1314789541 72
1314789601 72
1314789661 76
1314789722 74
1314789781 77
1314789841 75
1314789901 74
1314789961 78
1314790021 74
1314790081 79
1314790141 78
1314790201 75
1314790262 72
1314790321 74
1314790381 75
1314790441 74
1314790501 72
1314790561 73
1314790621 74
1314790681 75
1314790741 77
1314790801 81
1314790862 81
1314790921 77
1314790981 79
1314791041 77
1314791101 80
1314791161 85
1314791221 83
1314791281 85
1314791341 89
1314791402 85
1314791462 86
1314791521 90
1314791581 89
1314791641 93
1314791701 94
1314791761 96
1314791821 101
1314791881 99
1314791941 100
1314792002 104
1314792061 103
1314792121 99
1314792181 100
1314792241 98
1314792301 101
1314792361 100
1314792421 96
1314792481 93
1314792541 96
1314792602 98
1314792661 99
1314792721 95
1314792781 95
1314792841 100
1314792901 98
1314792961 101
1314793021 100
1314793081 100
1314793141 96
1314793202 99
1314793261 103
1314793321 103
1314793381 101
1314793441 104
1314793501 106
1314793561 101
1314793621 106
1314793681 109
1314793742 110
1314793802 108
1314793861 111
1314793921 112
1314793981 120
1314794041 117
1314794101 118
1314794161 123
1314794221 120
1314794281 118
1314794341 119
1314794402 123
1314794461 128
1314794521 127
1314794581 121
1314794641 116
1314794702 114
1314794761 111
1314794821 113
1314794881 116
1314794941 115
1314795001 115
1314795061 111
1314795121 116
1314795181 115
1314795242 118
1314795301 119
1314795361 120
1314795421 119
1314795481 121
1314795541 118
1314795601 116
1314795661 114
1314795721 117
1314795781 115
1314795842 119
1314795902 119
1314795961 120
1314796021 121
1314796081 126
1314796141 132
1314796201 134
1314796261 134
1314796321 136
1314796381 137
1314796442 136
1314796501 132
1314796561 136
1314796621 134
1314796681 134
1314796741 133
1314796801 130
1314796861 130
1314796921 129
1314796982 131
1314797041 131
1314797101 132
1314797161 123
1314797221 128
1314797281 126
1314797341 126
1314797401 125
1314797461 125
1314797521 121
1314797582 118
1314797642 116
1314797701 117
1314797761 120
1314797821 127
1314797881 123
1314797941 123
1314798001 121
1314798061 125
1314798121 126
1314798181 126
1314798242 126
1314798302 128
1314798361 128
1314798421 123
1314798481 129
1314798541 129
1314798601 132
1314798661 133
1314798721 131
1314798782 131
1314798842 134
1314798901 131
1314798961 130
1314799021 128
1314799081 129
1314799141 128
1314799201 125
1314799261 128
1314799321 128
1314799382 127
1314799441 128
1314799501 131
1314799561 125
1314799621 124
1314799681 124
1314799741 123
1314799801 125
1314799861 121
1314799921 123
1314799982 122
1314800041 122
1314800101 124
1314800161 125
1314800221 121
1314800281 120
1314800341 118
1314800401 118
1314800461 113
1314800522 116
1314800581 116
1314800641 115
1314800701 115
1314800761 115
1314800821 116
1314800881 113
1314800941 113
1314801001 112
1314801062 111
1314801121 106
1314801181 105
1314801241 105
1314801301 105
1314801361 107
1314801421 105
1314801481 107
1314801541 110
1314801601 107
1314801661 104
1314801721 104
1314801782 105
1314801842 102
1314801901 102
1314801961 100
1314802021 102
1314802081 99
1314802141 101
1314802201 99
1314802261 98
1314802321 99
1314802381 97
1314802442 103
1314802502 99
1314802561 100
1314802621 104
1314802681 98
1314802741 97
1314802801 101
1314802861 100
1314802921 99
1314802981 98
1314803041 96
1314803102 93
1314803161 88
1314803221 83
1314803281 87
1314803341 84
1314803401 82
1314803461 83
1314803521 80
1314803581 74
1314803641 74
1314803702 71
1314803762 69
1314803821 67
1314803881 65
1314803941 61
1314804001 60
1314804061 62
1314804121 64
1314804181 65
1314804241 61
1314804302 61
1314804361 61
1314804421 55
1314804481 56
1314804541 56
1314804601 58
1314804661 58
1314804721 55
1314804782 58
1314804841 58
1314804901 55
1314804961 53
1314805021 55
1314805081 51
1314805141 51
1314805201 50
1314805262 49
1314805322 50
1314805381 49
1314805441 50
1314805501 49
1314805561 49
1314805621 49
1314805681 49
1314805741 47
1314805801 46
1314805862 46
1314805921 45
1314805981 45
1314806041 42
1314806101 44
1314806161 46
1314806221 44
1314806281 44
1314806341 40
1314806401 44
