1304438401 18
1304438461 19
1304438521 19
1304438581 17
1304438641 20
1304438701 20
1304438761 19
1304438821 20
1304438881 18
1304438942 18
1304439001 19
1304439061 18
1304439121 19
1304439181 18
1304439241 18
1304439301 16
1304439361 19
1304439421 18
1304439481 19
1304439541 19
1304439601 18
1304439662 19
1304439721 17
1304439781 18
1304439841 18
1304439901 17
1304439961 16
1304440021 18
1304440081 17
1304440141 16
1304440201 18
1304440261 16
1304440321 17
1304440381 17
1304440442 16
1304440501 17
1304440561 15
1304440621 16
1304440681 16
1304440741 15
1304440801 14
1304440861 16
1304440921 15
1304440981 15
1304441041 15
1304441101 15
1304441162 16
1304441221 15
1304441281 15
1304441341 17
1304441401 16
1304441461 15
1304441521 15
1304441581 16
1304441641 16
1304441701 16
1304441761 15
1304441821 17
1304441882 16
1304441941 16
1304442001 17
1304442061 16
1304442121 16
1304442181 16
1304442241 16
1304442301 14
1304442361 15
1304442421 14
1304442481 14
1304442542 15
1304442601 15
1304442661 15
1304442721 14
1304442781 14
1304442841 14
1304442901 15
1304442961 14
1304443021 15
1304443081 14
1304443141 12
1304443201 13
1304443261 13
1304443322 14
1304443381 11
1304443441 12
1304443501 13
1304443561 14
1304443621 13
1304443681 13
1304443741 14
1304443801 14
1304443861 15
1304443921 15
1304443982 14
1304444041 11
1304444101 12
1304444161 13
1304444221 14
1304444281 14
1304444341 13
1304444401 12
1304444461 11
1304444521 12
1304444581 12
1304444641 12
1304444702 11
1304444761 10
1304444821 11
1304444881 12
1304444941 11
1304445001 12
1304445061 11
1304445121 12
1304445181 12
1304445241 12
1304445301 11
1304445361 11
1304445421 10
1304445481 10
1304445541 12
1304445601 11
1304445661 12
1304445721 12
1304445781 12
1304445841 12
1304445902 12
1304445961 12
1304446021 11
1304446081 10
1304446141 10
1304446201 12
1304446261 11
1304446321 12
1304446381 12
1304446441 12
1304446501 12
1304446562 11
1304446621 12
1304446681 11
1304446741 11
1304446801 11
1304446861 12
1304446921 10
1304446981 12
1304447041 12
1304447101 12
1304447161 11
1304447221 9
1304447281 11
1304447342 10
1304447401 10
1304447461 10
1304447521 10
1304447581 9
1304447641 11
1304447701 11
1304447761 11
1304447821 11
1304447881 9
1304447941 11
1304448001 9
1304448061 10
1304448122 10
1304448181 10
1304448241 9
1304448301 11
1304448361 11
1304448421 11
1304448481 11
1304448541 9
1304448601 11
1304448661 9
1304448721 10
1304448782 10
1304448842 10
1304448901 9
1304448961 11
1304449021 11
1304449081 11
1304449141 11
1304449201 9
1304449261 11
1304449321 9
1304449381 10
1304449442 10
1304449501 11
1304449561 10
1304449621 11
1304449681 11
1304449741 11
1304449801 10
1304449861 9
1304449921 11
1304449981 11
1304450041 10
1304450101 10
1304450161 10
1304450222 10
1304450281 11
1304450341 11
1304450401 11
1304450461 10
1304450521 9
1304450581 9
1304450641 11
1304450701 11
1304450761 9
1304450821 10
1304450881 10
1304450941 11
1304451002 11
1304451061 11
1304451121 10
1304451181 9
1304451241 8
1304451301 10
1304451361 10
1304451421 8
1304451481 9
1304451541 9
1304451601 10
1304451661 9
1304451721 10
1304451781 10
1304451841 8
1304451901 7
1304451961 10
1304452021 10
1304452081 9
1304452141 9
1304452201 9
1304452261 10
1304452321 10
1304452381 10
1304452441 10
1304452502 9
1304452561 8
1304452621 10
1304452681 10
1304452741 9
1304452801 9
1304452861 10
1304452921 10
1304452981 10
1304453041 10
1304453101 10
1304453161 8
1304453222 8
1304453282 10
1304453341 10
1304453401 9
1304453461 8
1304453521 10
1304453581 10
1304453641 10
1304453701 9
1304453761 10
1304453821 8
1304453881 8
1304453941 10
1304454002 10
1304454061 9
1304454121 8
1304454181 10
1304454241 10
1304454301 10
1304454361 10
1304454421 10
1304454481 7
1304454541 8
1304454601 10
1304454661 10
1304454721 9
1304454782 8
1304454841 10
1304454901 10
1304454961 9
1304455021 10
1304455081 10
1304455141 7
1304455201 10
1304455261 10
1304455321 11
1304455381 10
1304455441 11
1304455502 13
1304455561 13
1304455621 12
1304455681 13
1304455741 13
1304455801 9
1304455861 11
1304455921 11
1304455981 11
1304456041 10
1304456101 9
1304456161 10
1304456221 10
1304456281 10
1304456341 10
1304456401 10
1304456461 7
1304456521 9
1304456581 9
1304456641 9
1304456701 10
1304456761 8
1304456821 10
1304456882 10
1304456941 10
1304457001 10
1304457061 10
1304457121 7
1304457181 8
1304457241 9
1304457301 9
1304457361 10
1304457421 8
1304457481 10
1304457541 10
1304457602 10
1304457661 10
1304457721 10
1304457781 8
1304457841 8
1304457901 9
1304457961 9
1304458021 10
1304458081 8
1304458141 10
1304458201 10
1304458261 10
1304458322 10
1304458381 10
1304458441 8
1304458501 8
1304458561 9
1304458621 9
1304458681 10
1304458741 8
1304458801 10
1304458861 10
1304458921 10
1304458982 10
1304459041 10
1304459101 8
1304459161 9
1304459221 9
1304459281 9
1304459341 10
1304459401 9
1304459461 10
1304459521 10
1304459581 10
1304459641 9
1304459702 10
1304459761 9
1304459821 9
1304459881 8
1304459941 9
1304460001 8
1304460061 10
1304460121 10
1304460181 10
1304460241 10
1304460301 10
1304460361 10
1304460421 9
1304460482 9
1304460541 10
1304460601 10
1304460661 7
1304460721 10
1304460781 10
1304460841 10
1304460901 10
1304460961 10
1304461021 10
1304461081 9
1304461142 7
1304461201 10
1304461261 10
1304461321 7
1304461381 10
1304461441 10
1304461501 10
1304461561 9
1304461621 10
1304461682 10
1304461741 9
1304461801 7
1304461861 10
1304461921 10
1304461981 7
1304462041 10
1304462101 10
1304462161 9
1304462221 11
1304462281 11
1304462341 11
1304462402 10
1304462461 9
1304462521 11
1304462581 11
1304462641 8
1304462701 11
1304462761 11
1304462821 10
1304462881 10
1304462941 10
1304463001 10
1304463062 8
1304463121 8
1304463181 9
1304463241 10
1304463301 7
1304463361 9
1304463421 10
1304463481 10
1304463541 10
1304463601 10
1304463661 10
1304463721 8
1304463781 9
1304463842 9
1304463901 9
1304463961 6
1304464021 7
1304464081 9
1304464141 9
1304464201 9
1304464261 9
1304464321 9
1304464381 8
1304464441 7
1304464501 9
1304464561 9
1304464621 6
1304464681 7
1304464741 8
1304464801 8
1304464861 8
1304464921 8
1304464981 8
1304465041 7
1304465101 5
1304465162 7
1304465221 7
1304465281 4
1304465341 6
1304465401 8
1304465461 8
1304465521 8
1304465581 8
1304465641 8
1304465701 10
1304465761 8
1304465821 10
1304465882 10
1304465941 7
1304466001 10
1304466061 9
1304466121 10
1304466181 10
1304466241 10
1304466301 10
1304466361 10
1304466421 8
1304466481 10
1304466542 10
1304466601 7
1304466661 11
1304466721 10
1304466781 11
1304466841 11
1304466901 10
1304466961 10
1304467021 10
1304467081 8
1304467141 10
1304467201 10
1304467261 7
1304467322 10
1304467381 9
1304467441 10
1304467501 9
1304467561 9
1304467621 9
1304467681 9
1304467741 8
1304467801 11
1304467861 11
1304467921 9
1304467982 12
1304468041 13
1304468101 14
1304468161 14
1304468221 16
1304468281 16
1304468341 17
1304468401 16
1304468461 19
1304468521 19
1304468582 17
1304468641 19
1304468701 18
1304468761 19
1304468821 18
1304468881 20
1304468941 20
1304469001 18
1304469061 20
1304469122 21
1304469181 20
1304469241 19
1304469301 22
1304469361 21
1304469421 22
1304469481 21
1304469541 22
1304469601 23
1304469661 23
1304469722 25
1304469781 27
1304469841 26
1304469901 25
1304469961 28
1304470021 28
1304470081 28
1304470141 27
1304470201 27
1304470262 27
1304470321 27
1304470381 29
1304470441 29
1304470501 28
1304470561 29
1304470621 31
1304470681 33
1304470741 33
1304470801 32
1304470861 32
1304470921 31
1304470982 32
1304471041 34
1304471101 34
1304471161 32
1304471221 33
1304471281 34
1304471341 34
1304471401 36
1304471461 34
1304471521 34
1304471581 33
1304471642 33
1304471701 35
1304471761 36
1304471821 36
1304471881 37
1304471941 37
1304472001 37
1304472061 37
1304472121 37
1304472181 38
1304472241 36
1304472301 35
1304472362 36
1304472421 33
1304472481 38
1304472541 39
1304472601 39
1304472661 41
1304472721 41
1304472781 41
1304472841 42
1304472901 43
1304472961 43
1304473021 43
1304473082 42
1304473141 43
1304473201 45
1304473261 43
1304473321 42
1304473381 39
1304473441 41
1304473501 42
1304473561 43
1304473621 42
1304473681 40
1304473741 41
1304473802 41
1304473861 40
1304473921 40
1304473981 43
1304474041 41
1304474101 42
1304474161 42
1304474221 42
1304474281 42
1304474341 44
1304474401 45
1304474462 45
1304474521 43
1304474581 43
1304474641 44
1304474701 43
1304474761 44
1304474821 44
1304474881 42
1304474941 44
1304475001 46
1304475061 45
1304475122 50
1304475181 49
1304475241 51
1304475301 51
1304475361 50
1304475421 50
1304475481 47
1304475541 48
1304475601 44
1304475661 44
1304475721 40
1304475782 42
1304475841 40
1304475901 41
1304475961 39
1304476021 38
1304476081 38
1304476141 37
1304476201 38
1304476261 40
1304476321 40
1304476381 39
1304476441 41
1304476502 40
1304476561 42
1304476621 43
1304476681 43
1304476741 41
1304476801 42
1304476861 40
1304476921 41
1304476981 40
1304477041 39
1304477101 40
1304477161 38
1304477222 37
1304477281 39
1304477341 37
1304477401 38
1304477461 40
1304477521 40
1304477581 43
1304477641 42
1304477701 42
1304477761 43
1304477821 41
1304477881 44
1304477942 42
1304478001 43
1304478061 43
1304478121 43
1304478181 41
1304478241 42
1304478301 42
1304478361 42
1304478421 43
1304478481 40
1304478541 41
1304478601 39
1304478662 37
1304478721 38
1304478781 38
1304478841 36
1304478901 38
1304478961 38
1304479021 38
1304479081 40
1304479141 40
1304479201 40
1304479261 39
1304479321 36
1304479381 40
1304479441 41
1304479501 40
1304479561 40
1304479621 40
1304479681 38
1304479741 39
1304479801 38
1304479861 38
1304479921 37
1304479981 37
1304480041 39
1304480102 38
1304480161 38
1304480221 38
1304480281 38
1304480341 36
1304480401 38
1304480461 39
1304480521 39
1304480581 39
1304480641 38
1304480701 37
1304480761 38
1304480822 40
1304480881 39
1304480941 38
1304481001 39
1304481061 40
1304481121 39
1304481181 38
1304481241 38
1304481301 40
1304481361 42
1304481421 43
1304481481 43
1304481541 44
1304481601 41
1304481662 42
1304481721 43
1304481781 40
1304481841 37
1304481901 35
1304481961 34
1304482021 34
1304482081 34
1304482141 35
1304482201 34
1304482261 35
1304482321 36
1304482382 37
1304482441 38
1304482501 38
1304482561 37
1304482621 37
1304482681 39
1304482741 38
1304482801 38
1304482861 35
1304482921 35
1304482981 35
1304483041 35
1304483102 33
1304483161 34
1304483221 33
1304483281 33
1304483341 34
1304483401 35
1304483461 34
1304483521 36
1304483581 38
1304483641 39
1304483701 39
1304483762 39
1304483821 38
1304483881 39
1304483941 39
1304484001 40
1304484061 39
1304484121 38
1304484181 38
1304484241 37
1304484301 37
1304484362 36
1304484422 36
1304484481 36
1304484541 35
1304484601 34
1304484661 34
1304484721 35
1304484781 35
1304484841 36
1304484901 36
1304484961 37
1304485021 37
1304485081 37
1304485142 37
1304485201 40
1304485261 38
1304485321 39
1304485381 40
1304485441 40
1304485501 39
1304485561 39
1304485621 40
1304485681 39
1304485741 40
1304485801 38
1304485861 40
1304485921 40
1304485981 40
1304486041 38
1304486101 40
1304486161 41
1304486221 40
1304486281 42
1304486341 42
1304486401 41
1304486461 42
1304486522 42
1304486581 42
1304486641 43
1304486701 41
1304486761 41
1304486821 42
1304486881 41
1304486941 43
1304487001 43
1304487061 45
1304487121 44
1304487181 48
1304487242 49
1304487301 50
1304487361 51
1304487421 50
1304487481 48
1304487541 46
1304487601 45
1304487661 47
1304487721 50
1304487781 49
1304487841 46
1304487901 46
1304487962 43
1304488021 44
1304488081 45
1304488141 46
1304488201 45
1304488261 47
1304488321 43
1304488381 43
1304488441 44
1304488501 45
1304488561 48
1304488621 48
1304488682 54
1304488741 53
1304488801 54
1304488861 51
1304488921 53
1304488981 53
1304489041 53
1304489101 52
1304489161 52
1304489221 53
1304489281 50
1304489341 51
1304489401 55
1304489461 52
1304489521 55
1304489581 54
1304489641 58
1304489702 59
1304489761 60
1304489821 60
1304489881 62
1304489941 62
1304490001 65
1304490061 69
1304490121 70
1304490181 68
1304490241 66
1304490301 71
1304490361 67
1304490422 69
1304490481 68
1304490541 69
1304490601 72
1304490661 73
1304490721 70
1304490781 72
1304490841 68
1304490901 70
1304490961 68
1304491021 64
1304491081 67
1304491141 66
1304491201 63
1304491261 61
1304491322 64
1304491381 65
1304491441 69
1304491501 66
1304491561 74
1304491621 75
1304491681 76
1304491741 75
1304491801 77
1304491861 76
1304491921 75
1304491981 73
1304492041 70
1304492101 72
1304492161 66
1304492221 68
1304492281 68
1304492341 66
1304492401 64
1304492461 66
1304492521 68
1304492581 68
1304492641 71
1304492701 73
1304492761 71
1304492821 68
1304492882 66
1304492941 66
1304493001 64
1304493061 62
1304493121 61
1304493181 61
1304493241 59
1304493301 56
1304493361 61
1304493421 60
1304493481 64
1304493542 64
1304493601 63
1304493661 63
1304493721 63
1304493781 62
1304493841 64
1304493901 63
1304493961 62
1304494021 64
1304494081 62
1304494141 62
1304494201 64
1304494262 61
1304494322 59
1304494381 62
1304494441 61
1304494501 61
1304494561 63
1304494621 65
1304494681 64
1304494741 66
1304494801 65
1304494861 66
1304494921 66
1304494981 62
1304495042 62
1304495101 64
1304495161 63
1304495221 59
1304495281 60
1304495341 61
1304495401 60
1304495461 57
1304495521 55
1304495581 56
1304495641 55
1304495701 55
1304495762 52
1304495821 54
1304495881 52
1304495941 50
1304496001 50
1304496061 50
1304496121 49
1304496181 47
1304496241 45
1304496301 45
1304496361 46
1304496421 46
1304496481 45
1304496542 46
1304496601 46
1304496661 46
1304496721 45
1304496781 44
1304496841 43
1304496901 41
1304496961 39
1304497021 37
1304497081 38
1304497141 34
1304497201 34
1304497262 32
1304497321 32
1304497381 32
1304497441 31
1304497501 32
1304497561 32
1304497621 31
1304497681 29
1304497741 28
1304497801 27
1304497861 29
1304497921 31
1304497981 31
1304498042 32
1304498101 32
1304498161 30
1304498221 29
1304498281 30
1304498341 28
1304498401 30
1304498461 31
1304498521 30
1304498581 31
1304498641 31
1304498701 30
1304498761 32
1304498821 32
1304498881 29
1304498941 30
1304499001 29
1304499061 29
1304499121 29
1304499181 29
1304499241 30
1304499301 26
1304499361 28
1304499421 28
1304499481 28
1304499542 26
1304499601 28
1304499661 27
1304499721 27
1304499781 28
1304499841 26
1304499901 30
1304499961 28
1304500021 31
1304500081 31
1304500141 31
1304500201 29
1304500261 28
1304500321 29
1304500382 26
1304500441 27
1304500501 26
1304500561 29
1304500621 24
1304500681 27
1304500741 27
1304500801 25
1304500861 26
1304500921 24
1304500981 24
1304501041 23
1304501102 22
1304501161 21
1304501221 23
1304501281 21
1304501341 22
1304501401 22
1304501461 22
1304501521 25
1304501581 24
1304501641 25
1304501701 26
1304501761 27
1304501822 27
1304501881 29
1304501941 30
1304502001 30
1304502061 30
1304502121 32
1304502181 28
1304502241 28
1304502301 26
1304502361 26
1304502421 25
1304502481 25
1304502542 25
1304502601 23
1304502661 23
1304502721 24
1304502781 26
1304502841 26
1304502901 25
1304502961 23
1304503021 24
1304503081 25
1304503141 25
1304503201 27
1304503262 29
1304503321 27
1304503381 29
1304503441 29
1304503501 31
1304503561 30
1304503621 29
1304503681 29
1304503741 28
1304503801 30
1304503861 30
1304503921 29
1304503981 28
1304504042 28
1304504101 27
1304504161 28
1304504221 28
1304504281 26
1304504341 29
1304504401 28
1304504461 30
1304504521 29
1304504581 28
1304504641 30
1304504701 30
1304504762 29
1304504821 30
1304504881 29
1304504941 28
1304505001 31
1304505061 31
1304505121 32
1304505181 31
1304505241 30
1304505301 31
1304505361 30
1304505421 27
1304505482 27
1304505541 29
1304505601 27
1304505661 28
1304505721 30
1304505781 30
1304505841 29
1304505901 30
1304505961 29
1304506021 29
1304506081 28
1304506141 28
1304506201 25
1304506262 24
1304506321 26
1304506381 27
1304506441 27
1304506501 25
1304506561 27
1304506621 26
1304506681 27
1304506741 27
1304506801 27
1304506861 26
1304506921 22
1304506981 26
1304507042 27
1304507101 28
1304507161 27
1304507221 29
1304507281 29
1304507341 28
1304507401 29
1304507461 31
1304507521 32
1304507581 28
1304507641 29
1304507701 30
1304507762 28
1304507821 28
1304507881 28
1304507941 29
1304508001 27
1304508061 30
1304508121 28
1304508181 27
1304508241 28
1304508301 28
1304508361 29
1304508421 28
1304508482 28
1304508541 27
1304508601 29
1304508661 25
1304508721 28
1304508781 29
1304508841 29
1304508901 29
1304508961 31
1304509021 30
1304509081 30
1304509141 30
1304509202 30
1304509261 30
1304509321 28
1304509381 29
1304509441 28
1304509501 28
1304509561 29
1304509621 31
1304509681 31
1304509741 31
1304509801 31
1304509861 32
1304509921 32
1304509982 32
1304510041 31
1304510101 30
1304510161 30
1304510221 30
1304510281 31
1304510341 29
1304510401 31
1304510461 31
1304510521 32
1304510581 30
1304510642 33
1304510701 34
1304510761 32
1304510821 34
1304510881 33
1304510941 31
1304511001 30
1304511061 28
1304511121 30
1304511181 31
1304511241 31
1304511301 30
1304511361 28
1304511422 26
1304511481 26
1304511541 29
1304511601 29
1304511661 30
1304511721 28
1304511781 29
1304511841 27
1304511901 29
1304511961 30
1304512021 30
1304512081 29
1304512141 33
1304512201 33
1304512261 32
1304512321 32
1304512381 33
1304512441 32
1304512501 30
1304512561 33
1304512621 31
1304512681 33
1304512741 31
1304512802 32
1304512861 31
1304512921 32
1304512981 32
1304513041 30
1304513101 32
1304513161 30
1304513221 33
1304513281 33
1304513341 33
1304513401 33
1304513461 33
1304513522 34
1304513581 33
1304513641 34
1304513701 32
1304513761 33
1304513821 34
1304513881 33
1304513941 32
1304514001 34
1304514061 34
1304514121 33
1304514182 36
1304514241 35
1304514301 36
1304514361 35
1304514421 36
1304514481 36
1304514541 36
1304514601 34
1304514661 36
1304514721 36
1304514781 34
1304514841 34
1304514901 32
1304514962 33
1304515021 30
1304515081 30
1304515141 29
1304515201 29
1304515261 27
1304515321 25
1304515381 28
1304515441 28
1304515501 28
1304515561 26
1304515621 28
1304515682 28
1304515741 29
1304515801 28
1304515861 29
1304515921 30
1304515981 28
1304516041 29
1304516101 30
1304516161 29
1304516221 30
1304516281 30
1304516341 28
1304516402 29
1304516461 29
1304516521 26
1304516581 28
1304516641 28
1304516701 29
1304516761 30
1304516821 26
1304516881 29
1304516941 26
1304517001 27
1304517061 27
1304517122 29
1304517181 25
1304517241 28
1304517301 26
1304517361 25
1304517421 25
1304517481 23
1304517541 26
1304517601 25
1304517661 25
1304517721 25
1304517781 26
1304517841 23
1304517902 24
1304517961 25
1304518021 25
1304518081 24
1304518141 21
1304518201 23
1304518261 24
1304518321 26
1304518381 25
1304518441 26
1304518501 26
1304518561 27
1304518622 26
1304518681 27
1304518741 27
1304518801 26
1304518861 25
1304518921 25
1304518981 25
1304519041 25
1304519101 27
1304519161 26
1304519221 28
1304519281 27
1304519342 28
1304519401 28
1304519461 27
1304519521 26
1304519581 29
1304519641 28
1304519701 25
1304519761 25
1304519821 27
1304519881 26
1304519941 24
1304520002 25
1304520061 27
1304520121 27
1304520181 27
1304520241 27
1304520301 28
1304520361 27
1304520421 26
1304520481 29
1304520541 31
1304520601 30
1304520661 26
1304520721 31
1304520782 28
1304520841 31
1304520901 30
1304520961 30
1304521021 29
1304521081 31
1304521141 29
1304521201 28
1304521261 30
1304521321 29
1304521381 31
1304521441 30
1304521502 31
1304521561 30
1304521621 30
1304521681 29
1304521741 29
1304521801 31
1304521861 31
1304521921 25
1304521981 28
1304522041 28
1304522101 29
1304522161 29
1304522221 28
1304522282 29
1304522341 29
1304522401 29
1304522461 29
1304522521 28
1304522581 28
1304522641 27
1304522701 29
1304522761 30
1304522821 30
1304522881 30
1304522941 34
1304523002 33
1304523061 32
1304523121 35
1304523181 33
1304523241 32
1304523301 32
1304523361 32
1304523421 32
1304523481 30
1304523541 30
1304523601 30
1304523661 31
1304523722 28
1304523781 26
1304523841 28
1304523901 27
1304523961 28
1304524021 27
1304524081 28
1304524141 27
1304524201 28
1304524261 27
1304524321 28
1304524381 26
1304524442 27
1304524501 25
1304524561 26
1304524621 25
1304524681 25
1304524741 24
1304524801 20
