1304524861 25
1304524921 26
1304524981 26
1304525041 24
1304525102 24
1304525161 24
1304525221 25
1304525281 24
1304525341 22
1304525401 24
1304525461 20
1304525521 20
1304525581 20
1304525641 18
1304525701 20
1304525761 19
1304525822 19
1304525881 19
1304525941 20
1304526001 18
1304526061 20
1304526121 19
1304526181 19
1304526241 19
1304526301 17
1304526361 18
1304526421 17
1304526481 17
1304526542 17
1304526601 17
1304526661 16
1304526721 18
1304526781 18
1304526841 17
1304526901 18
1304526961 18
1304527021 18
1304527081 17
1304527141 18
1304527201 18
1304527262 18
1304527321 18
1304527381 17
1304527441 20
1304527501 20
1304527561 21
1304527621 20
1304527681 21
1304527741 19
1304527801 19
1304527861 19
1304527921 20
1304527982 20
1304528041 19
1304528101 20
1304528161 19
1304528221 19
1304528281 18
1304528341 19
1304528401 19
1304528461 18
1304528521 16
1304528581 17
1304528641 14
1304528701 14
1304528761 13
1304528822 13
1304528881 13
1304528941 12
1304529001 13
1304529061 14
1304529121 13
1304529181 12
1304529241 14
1304529301 11
1304529361 14
1304529421 15
1304529481 15
1304529541 15
1304529601 13
1304529661 14
1304529721 13
1304529781 11
1304529841 11
1304529901 13
1304529961 11
1304530021 11
1304530081 12
1304530141 12
1304530201 12
1304530261 10
1304530321 12
1304530381 12
1304530441 11
1304530501 10
1304530561 11
1304530621 12
1304530681 12
1304530741 12
1304530801 12
1304530861 12
1304530922 8
1304530981 10
1304531041 9
1304531101 9
1304531161 8
1304531221 7
1304531281 11
1304531341 11
1304531401 11
1304531461 11
1304531521 11
1304531582 9
1304531641 11
1304531701 10
1304531761 10
1304531821 10
1304531881 10
1304531941 8
1304532001 10
1304532061 10
1304532121 10
1304532181 10
1304532241 8
1304532301 10
1304532362 9
1304532421 10
1304532481 9
1304532541 10
1304532601 8
1304532661 9
1304532721 9
1304532781 9
1304532841 9
1304532901 8
1304532961 10
1304533021 9
1304533082 9
1304533141 9
1304533201 10
1304533261 9
1304533321 10
1304533381 10
1304533441 10
1304533501 9
1304533561 8
1304533621 8
1304533681 9
1304533741 8
1304533802 8
1304533861 9
1304533921 8
1304533981 9
1304534041 9
1304534101 9
1304534161 9
1304534221 7
1304534281 6
1304534341 9
1304534401 8
1304534461 8
1304534522 9
1304534581 8
1304534641 9
1304534701 9
1304534761 9
1304534821 9
1304534881 6
1304534941 6
1304535001 9
1304535061 8
1304535121 9
1304535181 10
1304535241 9
1304535301 10
1304535362 10
1304535421 10
1304535481 10
1304535541 7
1304535601 8
1304535661 10
1304535721 8
1304535781 9
1304535841 10
1304535901 9
1304535961 10
1304536022 10
1304536081 10
1304536141 10
1304536201 7
1304536261 7
1304536321 10
1304536381 9
1304536441 9
1304536501 10
1304536561 9
1304536621 10
1304536681 10
1304536741 10
1304536802 10
1304536861 7
1304536921 7
1304536981 9
1304537041 9
1304537101 9
1304537161 10
1304537221 9
1304537281 10
1304537341 10
1304537401 10
1304537461 10
1304537521 7
1304537582 6
1304537641 8
1304537701 9
1304537761 9
1304537821 9
1304537881 8
1304537941 9
1304538001 9
1304538061 9
1304538121 9
1304538181 8
1304538241 6
1304538301 7
1304538362 8
1304538421 9
1304538481 9
1304538541 8
1304538601 9
1304538661 9
1304538721 9
1304538781 8
1304538841 8
1304538901 6
1304538961 7
1304539021 9
1304539082 9
1304539141 9
1304539201 8
1304539261 9
1304539321 9
1304539381 9
1304539441 9
1304539501 8
1304539561 7
1304539621 6
1304539681 9
1304539741 9
1304539801 9
1304539862 8
1304539921 9
1304539981 9
1304540041 9
1304540101 9
1304540161 8
1304540221 7
1304540281 6
1304540341 9
1304540401 9
1304540461 9
1304540521 8
1304540581 9
1304540642 8
1304540701 9
1304540761 9
1304540821 9
1304540881 6
1304540941 6
1304541001 9
1304541061 9
1304541121 9
1304541181 8
1304541241 9
1304541301 8
1304541362 9
1304541421 9
1304541481 8
1304541541 7
1304541601 5
1304541661 9
1304541721 9
1304541781 9
1304541841 9
1304541901 9
1304541961 8
1304542021 9
1304542081 9
1304542142 8
1304542201 7
1304542261 6
1304542321 9
1304542381 9
1304542441 9
1304542501 9
1304542561 9
1304542621 8
1304542681 9
1304542741 9
1304542801 9
1304542862 6
1304542921 8
1304542981 8
1304543041 8
1304543101 7
1304543161 8
1304543221 8
1304543281 7
1304543341 8
1304543401 8
1304543461 8
1304543521 4
1304543581 8
1304543642 8
1304543701 8
1304543761 7
1304543821 8
1304543881 8
1304543941 8
1304544001 6
1304544061 7
1304544121 6
1304544181 4
1304544241 7
1304544302 7
1304544362 7
1304544421 6
1304544481 7
1304544541 7
1304544601 7
1304544661 6
1304544721 7
1304544781 6
1304544841 5
1304544901 7
1304544961 7
1304545021 7
1304545082 6
1304545141 7
1304545201 7
1304545261 7
1304545321 6
1304545381 6
1304545441 7
1304545501 6
1304545561 6
1304545621 7
1304545681 7
1304545741 6
1304545801 7
1304545862 7
1304545921 7
1304545981 6
1304546041 6
1304546101 6
1304546161 6
1304546221 6
1304546281 7
1304546341 7
1304546401 6
1304546461 7
1304546521 7
1304546581 7
1304546642 6
1304546701 5
1304546761 5
1304546821 4
1304546881 4
1304546941 4
1304547001 4
1304547061 4
1304547121 3
1304547181 4
1304547241 3
1304547301 4
1304547362 3
1304547421 4
1304547481 3
1304547541 4
1304547601 4
1304547661 4
1304547721 4
1304547781 3
1304547841 4
1304547901 3
1304547961 4
1304548021 3
1304548081 4
1304548142 3
1304548201 4
1304548261 4
1304548321 4
1304548381 4
1304548441 3
1304548501 4
1304548561 3
1304548621 5
1304548681 4
1304548741 5
1304548801 4
1304548861 5
1304548922 5
1304548981 5
1304549041 5
1304549101 4
1304549161 5
1304549221 4
1304549281 5
1304549341 4
1304549401 5
1304549461 4
1304549521 5
1304549581 5
1304549641 5
1304549701 5
1304549761 4
1304549821 4
1304549881 4
1304549941 5
1304550001 4
1304550061 6
1304550122 5
1304550182 6
1304550241 7
1304550301 7
1304550361 7
1304550421 6
1304550481 6
1304550541 6
1304550601 6
1304550661 5
1304550721 6
1304550781 5
1304550841 5
1304550902 5
1304550962 5
1304551021 5
1304551081 4
1304551141 4
1304551201 5
1304551261 4
1304551321 5
1304551381 6
1304551441 5
1304551501 6
1304551561 6
1304551622 7
1304551681 7
1304551741 6
1304551801 7
1304551861 7
1304551921 7
1304551981 8
1304552041 10
1304552101 9
1304552161 11
1304552221 11
1304552281 12
1304552342 12
1304552401 13
1304552461 12
1304552521 13
1304552581 12
1304552641 12
1304552701 14
1304552761 13
1304552821 13
1304552881 15
1304552941 15
1304553001 15
1304553061 16
1304553122 14
1304553181 17
1304553241 17
1304553301 19
1304553361 19
1304553421 20
1304553481 18
1304553541 20
1304553601 18
1304553661 20
1304553721 21
1304553781 20
1304553841 22
1304553902 21
1304553961 22
1304554021 20
1304554081 23
1304554141 22
1304554201 23
1304554261 21
1304554321 21
1304554381 20
1304554441 20
1304554501 22
1304554561 23
1304554622 23
1304554681 22
1304554741 23
1304554801 24
1304554861 26
1304554921 27
1304554981 27
1304555041 27
1304555101 25
1304555161 28
1304555221 28
1304555281 27
1304555341 31
1304555402 29
1304555461 28
1304555521 27
1304555581 26
1304555641 27
1304555701 27
1304555761 26
1304555821 29
1304555881 29
1304555941 26
1304556002 30
1304556061 29
1304556121 28
1304556181 30
1304556241 29
1304556301 30
1304556361 30
1304556421 30
1304556481 32
1304556541 34
1304556601 30
1304556661 34
1304556721 34
1304556782 34
1304556841 33
1304556901 33
1304556961 35
1304557021 35
1304557081 35
1304557141 34
1304557201 33
1304557261 32
1304557321 35
1304557381 36
1304557441 35
1304557502 33
1304557561 32
1304557621 36
1304557681 34
1304557741 37
1304557801 38
1304557861 37
1304557921 35
1304557981 39
1304558041 39
1304558101 39
1304558162 38
1304558221 36
1304558281 36
1304558341 39
1304558401 38
1304558461 40
1304558521 40
1304558581 37
1304558641 41
1304558701 41
1304558761 41
1304558821 42
1304558882 44
1304558941 46
1304559001 45
1304559061 46
1304559121 46
1304559181 47
1304559241 48
1304559301 48
1304559361 47
1304559421 47
1304559481 46
1304559541 45
1304559602 47
1304559661 45
1304559721 44
1304559781 44
1304559841 44
1304559901 43
1304559961 46
1304560021 46
1304560081 47
1304560141 45
1304560201 44
1304560262 47
1304560321 48
1304560381 45
1304560441 43
1304560501 46
1304560561 46
1304560621 45
1304560681 47
1304560741 47
1304560801 45
1304560861 47
1304560921 47
1304560981 46
1304561041 48
1304561101 48
1304561161 47
1304561221 48
1304561281 49
1304561341 50
1304561401 49
1304561461 50
1304561521 52
1304561581 52
1304561641 51
1304561702 54
1304561761 54
1304561821 49
1304561881 49
1304561941 49
1304562001 49
1304562061 47
1304562121 47
1304562181 48
1304562241 48
1304562301 45
1304562362 46
1304562422 46
1304562481 45
1304562541 44
1304562601 47
1304562661 45
1304562721 45
1304562781 46
1304562841 46
1304562901 45
1304562961 47
1304563021 46
1304563081 45
1304563142 47
1304563201 47
1304563261 46
1304563321 48
1304563381 48
1304563441 43
1304563501 46
1304563561 45
1304563621 45
1304563681 47
1304563741 46
1304563801 44
1304563862 47
1304563921 44
1304563981 46
1304564041 48
1304564101 49
1304564161 49
1304564221 51
1304564281 48
1304564341 50
1304564401 52
1304564461 50
1304564521 52
1304564582 52
1304564641 54
1304564701 52
1304564761 55
1304564821 54
1304564881 54
1304564941 54
1304565001 55
1304565061 55
1304565121 53
1304565182 55
1304565241 53
1304565301 55
1304565361 58
1304565421 62
1304565481 62
1304565541 60
1304565601 60
1304565661 59
1304565721 59
1304565781 56
1304565842 60
1304565901 61
1304565961 58
1304566021 59
1304566081 57
1304566141 59
1304566201 60
1304566261 62
1304566321 65
1304566381 63
1304566441 63
1304566501 61
1304566561 61
1304566622 60
1304566681 61
1304566741 60
1304566801 60
1304566861 59
1304566921 55
1304566981 58
1304567041 59
1304567101 58
1304567161 56
1304567221 59
1304567281 58
1304567341 60
1304567401 57
1304567461 61
1304567521 61
1304567581 62
1304567641 63
1304567701 63
1304567761 63
1304567821 61
1304567881 62
1304567942 59
1304568001 66
1304568061 68
1304568121 67
1304568181 67
1304568241 66
1304568301 65
1304568361 67
1304568421 67
1304568481 66
1304568541 66
1304568602 63
1304568661 61
1304568721 63
1304568781 64
1304568841 64
1304568901 65
1304568961 62
1304569021 61
1304569081 63
1304569141 63
1304569201 60
1304569261 61
1304569321 61
1304569382 57
1304569441 57
1304569501 59
1304569561 59
1304569621 57
1304569681 58
1304569741 57
1304569801 59
1304569861 57
1304569921 58
1304569981 61
1304570041 60
1304570101 58
1304570162 63
1304570221 63
1304570281 66
1304570341 64
1304570401 64
1304570461 61
1304570521 65
1304570581 63
1304570641 62
1304570701 64
1304570761 60
1304570821 60
1304570882 61
1304570941 63
1304571001 65
1304571061 64
1304571121 65
1304571181 66
1304571241 65
1304571301 67
1304571361 68
1304571421 66
1304571481 65
1304571542 65
1304571601 63
1304571661 62
1304571721 60
1304571781 61
1304571841 61
1304571901 59
1304571961 58
1304572021 61
1304572081 60
1304572141 61
1304572202 58
1304572261 60
1304572321 61
1304572381 65
1304572441 67
1304572501 64
1304572561 64
1304572621 61
1304572681 66
1304572741 67
1304572801 65
1304572862 64
1304572921 62
1304572981 58
1304573041 55
1304573101 56
1304573161 55
1304573221 55
1304573281 50
1304573341 53
1304573401 51
1304573462 56
1304573521 53
1304573581 51
1304573641 53
1304573701 54
1304573761 55
1304573821 55
1304573881 53
1304573941 57
1304574001 61
1304574062 59
1304574121 59
1304574181 58
1304574241 59
1304574301 62
1304574361 63
1304574421 67
1304574481 66
1304574541 61
1304574602 61
1304574661 58
1304574721 58
1304574781 57
1304574841 56
1304574901 53
1304574961 53
1304575021 50
1304575082 52
1304575141 51
1304575201 50
1304575261 52
1304575321 54
1304575381 53
1304575441 52
1304575501 52
1304575561 53
1304575622 52
1304575681 53
1304575741 55
1304575801 52
1304575861 54
1304575921 55
1304575981 56
1304576041 55
1304576101 52
1304576161 54
1304576221 56
1304576281 52
1304576341 54
1304576401 55
1304576461 55
1304576521 54
1304576581 55
1304576641 58
1304576701 57
1304576761 56
1304576821 57
1304576882 57
1304576941 56
1304577001 56
1304577061 57
1304577121 54
1304577181 57
1304577241 53
1304577301 54
1304577361 52
1304577421 48
1304577481 50
1304577542 48
1304577601 50
1304577661 47
1304577721 52
1304577781 50
1304577841 50
1304577901 51
1304577961 51
1304578021 52
1304578081 48
1304578141 48
1304578202 47
1304578261 51
1304578321 51
1304578381 51
1304578441 55
1304578501 54
1304578561 50
1304578621 55
1304578681 54
1304578742 57
1304578801 58
1304578861 56
1304578921 56
1304578981 55
1304579041 54
1304579101 50
1304579161 53
1304579221 51
1304579281 51
1304579341 48
1304579401 47
1304579462 45
1304579522 44
1304579581 43
1304579641 43
1304579701 43
1304579761 44
1304579821 42
1304579881 44
1304579941 44
1304580001 44
1304580061 45
1304580121 44
1304580182 45
1304580241 47
1304580301 47
1304580361 46
1304580421 45
1304580481 47
1304580541 46
1304580601 47
1304580661 46
1304580721 44
1304580781 46
1304580841 46
1304580901 48
1304580962 48
1304581021 47
1304581081 48
1304581141 50
1304581201 48
1304581261 47
1304581321 49
1304581381 47
1304581441 48
1304581501 48
1304581561 48
1304581621 47
1304581682 48
1304581741 49
1304581801 47
1304581861 50
1304581921 49
1304581981 46
1304582041 49
1304582101 50
1304582161 51
1304582221 49
1304582281 48
1304582341 49
1304582401 48
1304582462 46
1304582521 44
1304582581 45
1304582641 40
1304582701 41
1304582761 39
1304582821 42
1304582881 38
1304582941 38
1304583001 38
1304583061 36
1304583122 34
1304583181 34
1304583241 35
1304583301 33
1304583361 33
1304583421 34
1304583481 33
1304583541 31
1304583601 32
1304583661 31
1304583721 32
1304583781 34
1304583841 32
1304583902 32
1304583961 33
1304584021 32
1304584081 31
1304584141 28
1304584201 29
1304584261 30
1304584321 30
1304584381 27
1304584441 27
1304584501 26
1304584562 27
1304584621 26
1304584681 27
1304584741 26
1304584801 26
1304584861 25
1304584921 24
1304584981 26
1304585041 26
1304585101 25
1304585161 24
1304585221 24
1304585282 25
1304585341 25
1304585401 25
1304585461 23
1304585521 23
1304585581 22
1304585641 22
1304585701 23
1304585761 22
1304585821 23
1304585881 23
1304585941 25
1304586001 24
1304586062 24
1304586121 23
1304586181 23
1304586241 23
1304586301 24
1304586361 24
1304586421 21
1304586481 22
1304586541 21
1304586601 22
1304586661 22
1304586721 21
1304586782 20
1304586841 22
1304586901 21
1304586961 20
1304587021 21
1304587081 20
1304587141 21
1304587201 22
1304587261 21
1304587321 22
1304587381 24
1304587441 24
1304587502 24
1304587561 25
1304587621 23
1304587681 24
1304587741 22
1304587801 23
1304587861 24
1304587921 23
1304587981 20
1304588041 19
1304588101 20
1304588162 20
1304588221 21
1304588281 18
1304588341 19
1304588401 17
1304588461 21
1304588521 21
1304588581 20
1304588641 23
1304588701 21
1304588761 21
1304588821 22
1304588882 22
1304588941 21
1304589001 23
1304589061 18
1304589121 22
1304589181 24
1304589241 19
1304589301 23
1304589361 21
1304589421 21
1304589481 22
1304589541 22
1304589601 21
1304589661 20
1304589721 18
1304589781 20
1304589841 20
1304589901 18
1304589961 18
1304590021 16
1304590081 18
1304590141 20
1304590201 19
1304590261 19
1304590322 17
1304590381 15
1304590441 18
1304590501 18
1304590561 18
1304590621 20
1304590681 20
1304590741 16
1304590801 17
1304590861 17
1304590921 17
1304590981 18
1304591042 16
1304591101 17
1304591161 17
1304591221 14
1304591281 16
1304591341 15
1304591401 16
1304591461 16
1304591521 17
1304591581 16
1304591641 17
1304591701 16
1304591762 18
1304591821 19
1304591881 16
1304591941 17
1304592001 19
1304592061 19
1304592121 19
1304592181 19
1304592241 19
1304592301 19
1304592361 16
1304592421 17
1304592482 19
1304592541 18
1304592601 18
1304592661 18
1304592721 17
1304592781 16
1304592841 18
1304592901 16
1304592961 16
1304593021 15
1304593081 15
1304593141 15
1304593202 13
1304593261 15
1304593321 15
1304593381 15
1304593441 14
1304593501 15
1304593561 17
1304593621 17
1304593681 14
1304593741 16
1304593801 17
1304593861 16
1304593922 18
1304593981 17
1304594041 19
1304594101 19
1304594161 18
1304594221 20
1304594281 20
1304594341 20
1304594401 18
1304594461 16
1304594521 17
1304594581 17
1304594641 18
1304594702 16
1304594761 16
1304594821 18
1304594881 19
1304594941 19
1304595001 19
1304595061 19
1304595121 18
1304595181 21
1304595241 21
1304595301 22
1304595361 20
1304595422 21
1304595481 22
1304595541 23
1304595601 23
1304595661 23
1304595721 23
1304595781 23
1304595841 23
1304595901 22
1304595961 24
1304596021 26
1304596081 26
1304596142 26
1304596201 27
1304596261 26
1304596321 26
1304596381 25
1304596441 24
1304596501 25
1304596561 25
1304596621 21
1304596681 21
1304596741 23
1304596801 22
1304596862 22
1304596921 22
1304596981 22
1304597041 23
1304597101 22
1304597161 24
1304597221 24
1304597281 25
1304597341 25
1304597401 25
1304597461 24
1304597521 25
1304597581 26
1304597642 24
1304597701 24
1304597761 25
1304597821 27
1304597881 25
1304597941 26
1304598001 25
1304598061 28
1304598121 26
1304598181 28
1304598241 28
1304598301 26
1304598362 25
1304598421 24
1304598481 27
1304598541 24
1304598601 28
1304598661 26
1304598721 26
1304598781 25
1304598841 26
1304598901 25
1304598961 27
1304599021 26
1304599082 25
1304599141 25
1304599201 23
1304599261 25
1304599321 24
1304599381 24
1304599441 25
1304599501 26
1304599561 25
1304599621 28
1304599681 26
1304599742 28
1304599801 29
1304599861 28
1304599921 30
1304599981 28
1304600041 28
1304600101 28
1304600161 25
1304600221 25
1304600281 24
1304600341 25
1304600401 24
1304600462 23
1304600521 24
1304600581 23
1304600641 23
1304600701 23
1304600761 22
1304600821 22
1304600881 26
1304600941 25
1304601001 25
1304601061 26
1304601121 24
1304601182 26
1304601241 26
1304601301 26
1304601361 25
1304601421 22
1304601481 21
1304601541 22
1304601601 22
1304601661 22
1304601721 23
1304601781 23
1304601841 24
1304601902 24
1304601961 25
1304602021 24
1304602081 23
1304602141 23
1304602201 23
1304602261 22
1304602321 23
1304602381 23
1304602441 22
1304602501 24
1304602561 23
1304602622 22
1304602681 22
1304602741 21
1304602801 22
1304602861 23
1304602921 21
1304602981 22
1304603041 22
1304603101 23
1304603161 23
1304603221 24
1304603281 25
1304603342 23
1304603401 24
1304603461 24
1304603521 24
1304603581 23
1304603641 26
1304603701 26
1304603761 27
1304603821 27
1304603881 26
1304603941 27
1304604001 26
1304604062 26
1304604121 26
1304604181 28
1304604241 26
1304604301 27
1304604361 27
1304604421 26
1304604481 24
1304604541 25
1304604601 25
1304604661 27
1304604721 26
1304604781 23
1304604841 28
1304604901 27
1304604961 31
1304605021 31
1304605081 30
1304605141 34
1304605201 32
1304605261 33
1304605321 33
1304605381 34
1304605442 34
1304605501 32
1304605561 33
1304605621 34
1304605681 34
1304605741 32
1304605801 33
1304605861 33
1304605921 34
1304605981 33
1304606041 30
1304606101 32
1304606162 30
1304606221 32
1304606281 32
1304606341 30
1304606401 33
1304606461 32
1304606521 32
1304606581 32
1304606641 32
1304606701 33
1304606761 32
1304606821 33
1304606882 34
1304606941 34
1304607001 31
1304607061 32
1304607121 34
1304607181 34
1304607241 31
1304607301 31
1304607361 31
1304607421 31
1304607481 31
1304607541 31
1304607602 30
1304607661 28
1304607721 25
1304607781 29
1304607841 30
1304607901 29
1304607961 29
1304608021 29
1304608081 28
1304608141 29
1304608201 30
1304608261 29
1304608322 28
1304608381 28
1304608441 28
1304608501 27
1304608561 29
1304608621 28
1304608681 28
1304608741 28
1304608801 26
1304608861 26
1304608921 25
1304608982 22
1304609041 25
1304609101 24
1304609161 24
1304609221 23
1304609281 24
1304609341 24
1304609401 23
1304609461 24
1304609521 24
1304609581 23
1304609641 20
1304609702 23
1304609761 21
1304609821 23
1304609881 22
1304609941 23
1304610001 23
1304610061 22
1304610121 23
1304610181 23
1304610241 23
1304610301 21
1304610361 22
1304610422 20
1304610481 22
1304610541 21
1304610601 21
1304610661 20
1304610721 19
1304610781 20
1304610841 19
1304610901 18
1304610961 21
1304611021 21
1304611082 20
1304611142 20
1304611201 21
