1314374461 47
1314374521 48
1314374582 49
1314374641 46
1314374701 42
1314374761 42
1314374821 42
1314374881 43
1314374941 43
1314375001 43
1314375061 42
1314375122 41
1314375182 42
1314375241 43
1314375301 41
1314375361 41
1314375421 41
1314375481 39
1314375541 40
1314375601 37
1314375661 40
1314375722 40
1314375781 36
1314375841 38
1314375901 36
1314375961 30
1314376021 33
1314376081 31
1314376141 32
1314376201 31
1314376261 29
1314376321 29
1314376381 28
1314376441 30
1314376502 30
1314376561 29
1314376621 29
1314376681 30
1314376741 28
1314376801 30
1314376861 30
1314376921 29
1314376982 30
1314377042 30
1314377101 29
1314377161 29
1314377221 28
1314377281 27
1314377341 28
1314377401 26
1314377461 26
1314377521 27
1314377582 23
1314377641 23
1314377701 25
1314377761 25
1314377821 26
1314377881 25
1314377941 23
1314378001 25
1314378061 23
1314378121 22
1314378182 24
1314378241 20
1314378301 20
1314378361 21
1314378421 19
1314378482 20
1314378541 20
1314378601 21
1314378661 22
1314378721 21
1314378781 20
1314378841 21
1314378902 18
1314378962 19
1314379021 20
1314379081 20
1314379141 19
1314379201 19
1314379261 18
1314379321 19
1314379381 18
1314379441 19
1314379501 19
1314379562 16
1314379621 17
1314379681 19
1314379741 20
1314379801 17
1314379861 20
1314379921 21
1314379981 21
1314380041 20
1314380102 20
1314380161 20
1314380221 17
1314380281 20
1314380341 19
1314380401 18
1314380461 17
1314380521 16
1314380581 17
1314380642 16
1314380702 16
1314380761 14
1314380821 14
1314380881 12
1314380941 15
1314381001 15
1314381061 14
1314381121 14
1314381181 15
1314381241 15
1314381302 15
1314381361 15
1314381421 14
1314381481 14
1314381541 13
1314381601 15
1314381661 14
1314381721 15
1314381781 16
1314381841 16
1314381901 16
1314381961 17
1314382022 16
1314382081 17
1314382141 16
1314382201 16
1314382261 16
1314382321 16
1314382381 13
1314382441 15
1314382502 16
1314382562 15
1314382621 15
1314382681 14
1314382741 16
1314382801 16
1314382861 18
1314382921 17
1314382981 18
1314383042 16
1314383101 17
1314383161 17
1314383221 17
1314383281 14
1314383341 12
1314383401 13
1314383461 11
1314383522 12
1314383581 13
1314383641 13
1314383701 11
1314383761 13
1314383821 13
1314383881 13
1314383941 12
1314384002 13
1314384061 13
1314384121 12
1314384181 11
1314384241 14
1314384301 14
1314384361 12
1314384421 14
1314384482 14
1314384542 14
1314384601 12
1314384661 14
1314384721 14
1314384781 13
1314384841 11
1314384901 12
1314384961 13
1314385022 11
1314385082 13
1314385141 13
1314385201 13
1314385261 13
1314385321 13
1314385381 13
1314385441 13
1314385501 11
1314385561 12
1314385622 12
1314385681 10
1314385741 12
1314385801 10
1314385861 12
1314385921 13
1314385981 14
1314386041 14
1314386101 15
1314386161 14
1314386222 15
1314386281 15
1314386341 15
1314386401 12
1314386461 13
1314386521 12
1314386581 12
1314386641 11
1314386701 12
1314386761 12
1314386822 11
1314386881 12
1314386941 12
1314387001 12
1314387061 12
1314387121 13
1314387181 12
1314387241 13
1314387302 11
1314387362 12
1314387421 12
1314387481 11
1314387541 12
1314387601 11
1314387661 10
1314387721 15
1314387781 15
1314387841 14
1314387902 15
1314387962 14
1314388021 15
1314388081 15
1314388141 15
1314388201 16
1314388261 12
1314388321 11
1314388382 12
1314388441 12
1314388501 12
1314388561 12
1314388621 11
1314388681 11
1314388741 10
1314388801 12
1314388861 12
1314388921 12
1314388982 14
1314389042 14
1314389101 13
1314389161 14
1314389221 14
1314389281 13
1314389341 13
1314389401 12
1314389461 14
1314389521 11
1314389581 12
1314389641 13
1314389702 13
1314389761 12
1314389821 13
1314389881 13
1314389941 14
1314390001 13
1314390061 13
1314390121 13
1314390181 13
1314390241 12
1314390302 12
1314390361 12
1314390421 11
1314390481 12
1314390541 11
1314390601 11
1314390661 11
1314390721 10
1314390781 13
1314390841 13
1314390902 13
1314390961 13
1314391021 13
1314391081 12
1314391141 12
1314391201 12
1314391261 13
1314391321 10
1314391381 10
1314391441 14
1314391501 14
1314391562 14
1314391621 14
1314391681 14
1314391741 13
1314391801 13
1314391861 13
1314391921 14
1314391981 13
1314392041 11
1314392101 12
1314392162 12
1314392221 12
1314392281 12
1314392341 12
1314392401 11
1314392461 11
1314392521 11
1314392581 12
1314392641 10
1314392701 11
1314392762 12
1314392822 12
1314392881 12
1314392941 12
1314393001 12
1314393061 12
1314393121 12
1314393181 10
1314393241 14
1314393301 15
1314393361 15
1314393421 16
1314393482 16
1314393541 16
1314393601 16
1314393661 15
1314393721 16
1314393781 14
1314393841 13
1314393901 14
1314393961 15
1314394021 14
1314394081 15
1314394141 15
1314394202 15
1314394261 15
1314394321 13
1314394381 14
1314394441 12
1314394501 13
1314394561 13
1314394621 14
1314394681 13
1314394741 14
1314394801 14
1314394862 14
1314394922 14
1314394981 13
1314395041 13
1314395101 14
1314395161 12
1314395221 13
1314395281 15
1314395341 14
1314395401 15
1314395462 15
1314395522 15
1314395581 16
1314395641 16
1314395701 17
1314395761 19
1314395821 18
1314395881 19
1314395941 20
1314396003 19
1314396061 20
1314396121 20
1314396181 19
1314396241 16
1314396301 16
1314396361 17
1314396421 20
1314396482 20
1314396542 20
1314396601 20
1314396661 19
1314396721 20
1314396781 20
1314396841 19
1314396901 15
1314396961 15
1314397021 18
1314397082 18
1314397142 20
1314397201 21
1314397261 22
1314397321 22
1314397381 22
1314397441 23
1314397501 24
1314397561 19
1314397622 20
1314397682 20
1314397741 18
1314397801 19
1314397861 19
1314397921 19
1314397981 19
1314398041 20
1314398101 21
1314398161 21
1314398222 18
1314398281 22
1314398341 24
1314398401 23
1314398461 23
1314398521 22
1314398581 23
1314398641 22
1314398701 22
1314398761 23
1314398821 18
1314398881 18
1314398941 18
1314399001 19
1314399061 19
1314399121 19
1314399181 18
1314399241 19
1314399301 17
1314399362 18
1314399421 19
1314399481 20
1314399541 17
1314399601 17
1314399661 16
1314399721 17
1314399781 17
1314399841 18
1314399901 18
1314399961 17
1314400021 17
1314400082 16
1314400141 16
1314400201 15
1314400261 16
1314400321 16
1314400381 16
1314400441 14
1314400501 15
1314400561 16
1314400622 16
1314400681 15
1314400741 19
1314400801 20
1314400861 19
1314400921 20
1314400981 20
1314401041 20
1314401101 20
1314401162 19
1314401222 22
1314401281 19
1314401341 17
1314401401 19
1314401461 18
1314401521 19
1314401581 20
1314401641 21
1314401702 20
1314401762 19
1314401821 18
1314401881 19
1314401941 21
1314402001 22
1314402061 23
1314402121 21
1314402181 22
1314402241 20
1314402302 21
1314402361 20
1314402421 20
1314402481 18
1314402541 20
1314402601 19
1314402661 18
1314402721 19
1314402781 18
1314402841 19
1314402902 18
1314402961 19
1314403021 19
1314403081 21
1314403141 19
1314403201 24
1314403261 26
1314403321 25
1314403381 25
1314403442 25
1314403501 26
1314403561 25
1314403621 25
1314403681 24
1314403741 23
1314403801 17
1314403861 24
1314403921 30
1314403981 29
1314404042 30
1314404102 31
1314404161 31
1314404221 31
1314404281 30
1314404341 30
1314404401 29
1314404461 22
1314404521 24
1314404581 28
1314404642 28
1314404702 29
1314404761 31
1314404821 31
1314404881 32
1314404941 33
1314405001 34
1314405061 33
1314405121 30
1314405181 30
1314405241 30
1314405302 32
1314405361 33
1314405421 31
1314405481 32
1314405541 30
1314405601 30
1314405661 31
1314405721 32
1314405781 30
1314405841 31
1314405902 32
1314405961 32
1314406021 34
1314406081 33
1314406141 33
1314406201 31
1314406261 32
1314406321 31
1314406381 32
1314406442 33
1314406502 33
1314406561 33
1314406621 35
1314406681 37
1314406741 36
1314406801 38
1314406861 38
1314406921 36
1314406981 36
1314407042 40
1314407101 37
1314407161 38
1314407221 34
1314407281 35
1314407341 32
1314407401 34
1314407461 32
1314407521 32
1314407582 31
1314407641 30
1314407701 32
1314407761 34
1314407821 33
1314407881 33
1314407941 34
1314408001 33
1314408062 36
1314408121 35
1314408181 32
1314408241 35
1314408301 33
1314408361 33
1314408421 35
1314408481 34
1314408541 35
1314408601 33
1314408662 33
1314408721 35
1314408781 35
1314408841 29
1314408901 34
1314408961 30
1314409021 33
1314409081 32
1314409141 32
1314409202 32
1314409262 32
1314409321 32
1314409381 34
1314409441 32
1314409501 37
1314409561 40
1314409621 41
1314409681 41
1314409741 41
1314409801 43
1314409862 46
1314409921 46
1314409981 45
1314410041 46
1314410101 43
1314410161 42
1314410221 41
1314410281 42
1314410341 44
1314410401 44
1314410462 42
1314410522 41
1314410581 42
1314410641 41
1314410701 40
1314410761 43
1314410821 44
1314410881 46
1314410941 46
1314411002 46
1314411062 48
1314411121 46
1314411181 46
1314411241 47
1314411301 43
1314411361 44
1314411421 47
1314411481 47
1314411541 45
1314411602 47
1314411661 48
1314411721 50
1314411781 49
1314411841 51
1314411901 51
1314411961 49
1314412021 51
1314412082 52
1314412141 55
1314412201 52
1314412261 54
1314412321 54
1314412381 53
1314412441 50
1314412501 50
1314412561 45
1314412621 43
1314412682 45
1314412741 47
1314412801 47
1314412861 43
1314412921 46
1314412981 47
1314413041 47
1314413101 49
1314413161 51
1314413221 51
1314413282 49
1314413342 46
1314413401 49
1314413461 49
1314413521 47
1314413581 51
1314413641 50
1314413701 51
1314413761 52
1314413821 55
1314413881 54
1314413941 54
1314414001 54
1314414061 55
1314414121 54
1314414181 56
1314414241 57
1314414301 56
1314414361 52
1314414421 49
1314414481 52
1314414542 53
1314414601 51
1314414661 50
1314414721 50
1314414781 44
1314414841 43
1314414901 44
1314414961 43
1314415021 43
1314415082 47
1314415141 46
1314415201 45
1314415261 46
1314415321 48
1314415381 47
1314415441 45
1314415501 44
1314415561 46
1314415621 42
1314415682 37
1314415742 42
1314415801 44
1314415861 43
1314415921 40
1314415981 41
1314416041 42
1314416101 41
1314416161 42
1314416221 45
1314416281 39
1314416342 37
1314416401 40
1314416461 40
1314416521 41
1314416581 40
1314416641 43
1314416701 42
1314416761 40
1314416821 38
1314416881 37
1314416942 40
1314417001 41
1314417061 40
1314417121 41
1314417181 40
1314417241 40
1314417301 40
1314417361 40
1314417421 39
1314417482 40
1314417541 37
1314417601 40
1314417661 44
1314417721 41
1314417781 42
1314417841 43
1314417901 43
1314417961 42
1314418021 44
1314418082 44
1314418141 46
1314418201 39
1314418261 43
1314418321 42
1314418381 44
1314418441 43
1314418501 43
1314418561 42
1314418622 41
1314418682 39
1314418741 40
1314418801 41
1314418861 42
1314418921 47
1314418981 44
1314419041 46
1314419101 47
1314419161 46
1314419221 45
1314419282 44
1314419342 42
1314419401 44
1314419461 39
1314419521 40
1314419581 39
1314419641 40
1314419701 38
1314419761 38
1314419821 39
1314419881 38
1314419942 35
1314420002 31
1314420061 34
1314420121 34
1314420181 36
1314420241 36
1314420301 36
1314420361 36
1314420421 37
1314420481 38
1314420541 37
1314420602 38
1314420662 34
1314420721 33
1314420781 34
1314420841 33
1314420901 36
1314420961 38
1314421021 38
1314421081 39
1314421141 38
1314421202 39
1314421262 40
1314421321 38
1314421381 39
1314421441 37
1314421501 36
1314421561 36
1314421621 36
1314421681 37
1314421741 37
1314421801 37
1314421862 34
1314421922 35
1314421981 34
1314422041 36
1314422101 36
1314422161 36
1314422221 34
1314422281 35
1314422341 35
1314422401 37
1314422462 40
1314422522 39
1314422581 38
1314422641 37
1314422701 39
1314422761 39
1314422821 40
1314422881 39
1314422941 41
1314423001 40
1314423061 40
1314423121 44
1314423182 44
1314423242 45
1314423301 45
1314423361 43
1314423421 43
1314423481 43
1314423541 42
1314423601 42
1314423661 41
1314423721 43
1314423781 40
1314423842 43
1314423902 43
1314423961 45
1314424021 45
1314424081 46
1314424141 44
1314424201 45
1314424261 45
1314424321 45
1314424381 45
1314424442 41
1314424502 40
1314424561 42
1314424621 43
1314424681 42
1314424741 41
1314424801 42
1314424861 41
1314424921 43
1314424981 40
1314425042 42
1314425102 45
1314425161 42
1314425221 44
1314425281 46
1314425341 46
1314425401 43
1314425461 47
1314425521 44
1314425581 46
1314425641 46
1314425702 45
1314425761 47
1314425821 46
1314425881 44
1314425941 45
1314426001 45
1314426061 42
1314426121 42
1314426182 40
1314426241 41
1314426301 40
1314426361 38
1314426421 38
1314426481 41
1314426541 41
1314426601 42
1314426661 40
1314426721 41
1314426782 42
1314426841 42
1314426901 43
1314426961 43
1314427021 45
1314427081 45
1314427141 44
1314427201 44
1314427261 41
1314427322 42
1314427382 45
1314427441 43
1314427501 44
1314427561 44
1314427621 44
1314427681 40
1314427741 41
1314427801 39
1314427861 42
1314427922 39
1314427981 40
1314428041 41
1314428101 41
1314428161 40
1314428221 42
1314428281 41
1314428341 41
1314428401 43
1314428461 43
1314428522 43
1314428582 43
1314428641 44
1314428701 46
1314428761 49
1314428821 48
1314428881 49
1314428941 48
1314429001 50
1314429061 48
1314429121 46
1314429182 50
1314429241 49
1314429301 47
1314429361 46
1314429421 42
1314429481 46
1314429541 47
1314429601 48
1314429661 51
1314429721 53
1314429782 53
1314429841 51
1314429901 50
1314429961 53
1314430021 55
1314430081 55
1314430141 56
1314430201 56
1314430261 55
1314430321 52
1314430381 50
1314430442 55
1314430502 55
1314430561 55
1314430621 53
1314430681 52
1314430741 52
1314430802 52
1314430861 54
1314430921 55
1314430981 52
1314431041 53
1314431101 55
1314431161 55
1314431221 56
1314431281 58
1314431341 57
1314431402 58
1314431461 60
1314431521 65
1314431581 63
1314431641 62
1314431701 65
1314431761 62
1314431822 62
1314431881 60
1314431941 56
1314432001 58
1314432061 56
1314432121 54
1314432181 56
1314432241 51
1314432301 52
1314432362 55
1314432422 52
1314432481 54
1314432541 55
1314432601 51
1314432661 53
1314432721 55
1314432781 56
1314432841 59
1314432901 57
1314432962 56
1314433021 56
1314433081 56
1314433141 57
1314433201 58
1314433261 56
1314433321 56
1314433381 55
1314433441 55
1314433502 53
1314433561 53
1314433621 53
1314433681 53
1314433741 53
1314433801 52
1314433861 54
1314433921 54
1314433981 53
1314434041 55
1314434102 53
1314434161 53
1314434221 55
1314434281 54
1314434341 54
1314434401 55
1314434461 53
1314434521 53
1314434581 58
1314434642 57
1314434702 57
1314434761 58
1314434821 56
1314434881 56
1314434941 55
1314435001 55
1314435061 56
1314435121 52
1314435181 51
1314435241 52
1314435302 51
1314435361 48
1314435421 50
1314435481 51
1314435541 51
1314435601 49
1314435661 48
1314435721 49
1314435781 45
1314435841 42
1314435902 44
1314435962 44
1314436021 44
1314436081 43
1314436141 44
1314436201 46
1314436261 43
1314436321 43
1314436381 46
1314436441 44
1314436502 43
1314436561 42
1314436621 40
1314436681 42
1314436741 44
1314436801 44
1314436861 42
1314436921 41
1314436982 37
1314437042 40
1314437101 39
1314437161 39
1314437221 37
1314437281 36
1314437341 36
1314437401 36
1314437461 38
1314437521 37
1314437582 35
1314437641 35
1314437701 37
1314437761 37
1314437821 37
1314437881 38
1314437941 34
1314438001 37
1314438061 37
1314438122 39
1314438182 42
1314438241 38
1314438301 40
1314438361 41
1314438421 41
1314438481 39
1314438541 38
1314438601 37
1314438661 38
1314438722 39
1314438781 36
1314438841 38
1314438901 34
1314438961 34
1314439021 35
1314439081 35
1314439141 37
1314439201 36
1314439261 34
1314439321 36
1314439381 35
1314439441 35
1314439501 34
1314439561 35
1314439621 37
1314439681 34
1314439741 36
1314439802 36
1314439861 39
1314439921 35
1314439981 37
1314440041 35
1314440101 36
1314440161 35
1314440221 35
1314440281 37
1314440341 35
1314440402 35
1314440461 37
1314440521 36
1314440581 36
1314440641 36
1314440701 35
1314440761 37
1314440821 37
1314440881 38
1314440941 38
1314441001 37
1314441062 37
1314441122 37
1314441181 37
1314441241 37
1314441301 38
1314441361 40
1314441421 40
1314441481 39
1314441541 39
1314441601 39
1314441661 37
1314441722 40
1314441781 40
1314441841 41
1314441901 38
1314441961 38
1314442021 39
1314442081 40
1314442141 40
1314442201 39
1314442261 38
1314442322 36
1314442381 39
1314442441 37
1314442501 40
1314442561 40
1314442621 39
1314442681 42
1314442741 40
1314442801 39
1314442861 41
1314442921 41
1314442982 39
1314443041 40
1314443101 40
1314443161 38
1314443221 39
1314443281 39
1314443341 40
1314443401 39
1314443461 37
1314443521 39
1314443582 42
1314443641 41
1314443701 48
1314443761 47
1314443821 48
1314443881 49
1314443941 48
1314444001 47
1314444061 47
1314444121 45
1314444182 46
1314444241 49
1314444301 43
1314444361 45
1314444421 47
1314444481 48
1314444541 49
1314444601 49
1314444661 50
1314444721 52
1314444782 50
1314444841 52
1314444901 52
1314444961 51
1314445021 50
1314445081 49
1314445141 48
1314445201 52
1314445261 53
1314445321 51
1314445382 50
1314445441 49
1314445501 51
1314445561 52
1314445621 52
1314445681 52
1314445741 50
1314445801 48
1314445861 49
1314445921 50
1314445981 54
1314446042 51
1314446101 52
1314446161 54
1314446221 53
1314446281 52
1314446341 52
1314446401 53
1314446461 53
1314446521 51
1314446581 55
1314446641 54
1314446702 55
1314446762 55
1314446821 57
1314446881 57
1314446941 59
1314447001 57
1314447061 57
1314447121 56
1314447181 52
1314447241 58
1314447302 58
1314447362 57
1314447421 55
1314447481 57
1314447541 57
1314447601 57
1314447661 58
1314447721 59
1314447781 61
1314447841 58
1314447902 59
1314447961 56
1314448021 55
1314448081 53
1314448141 58
1314448201 56
1314448261 59
1314448321 59
1314448381 57
1314448441 56
1314448501 55
1314448561 59
1314448621 60
1314448681 60
1314448741 61
1314448802 62
1314448862 60
1314448921 59
1314448981 58
1314449041 60
1314449101 61
1314449161 58
1314449221 59
1314449281 58
1314449341 55
1314449402 57
1314449461 57
1314449521 57
1314449581 56
1314449641 56
1314449701 58
1314449761 57
1314449821 56
1314449881 57
1314449941 58
1314450002 59
1314450061 58
1314450121 59
1314450181 59
1314450241 58
1314450301 59
1314450361 64
1314450421 62
1314450481 66
1314450542 67
1314450602 67
1314450661 68
1314450721 67
1314450781 65
1314450841 63
1314450901 62
1314450961 63
1314451021 65
1314451081 63
1314451141 60
1314451202 62
1314451261 61
1314451321 65
1314451381 68
1314451441 69
1314451501 65
1314451562 63
1314451622 65
1314451681 68
1314451741 67
1314451803 66
1314451861 63
1314451921 66
1314451981 66
1314452041 63
1314452101 64
1314452161 59
1314452222 67
1314452281 64
1314452341 66
1314452401 63
1314452461 65
1314452521 65
1314452581 65
1314452641 67
1314452702 65
1314452762 66
1314452821 60
1314452881 61
1314452941 61
1314453001 65
1314453061 65
1314453121 65
1314453181 68
1314453241 67
1314453301 68
1314453362 65
1314453421 68
1314453481 69
1314453541 67
1314453601 67
1314453661 71
1314453721 68
1314453781 67
1314453841 70
1314453901 72
1314453962 70
1314454021 68
1314454081 68
1314454141 66
1314454201 66
1314454261 65
1314454321 65
1314454381 67
1314454441 66
1314454501 66
1314454562 66
1314454622 67
1314454681 69
1314454741 69
1314454801 68
1314454861 66
1314454921 64
1314454981 64
1314455041 61
1314455101 64
1314455161 64
1314455221 60
1314455282 55
1314455342 62
1314455401 59
1314455461 61
1314455521 64
1314455581 61
1314455641 64
1314455701 61
1314455761 63
1314455821 62
1314455881 62
1314455942 62
1314456001 66
1314456061 63
1314456121 62
1314456181 64
1314456241 66
1314456301 66
1314456361 66
1314456421 65
1314456481 63
1314456542 59
1314456601 60
1314456661 59
1314456721 57
1314456781 58
1314456841 60
1314456901 63
1314456961 60
1314457021 62
1314457081 63
1314457142 61
1314457201 62
1314457261 61
1314457321 61
1314457381 60
1314457441 58
1314457501 63
1314457561 63
1314457621 64
1314457682 67
1314457742 66
1314457801 63
1314457861 67
1314457921 66
1314457981 65
1314458041 60
1314458101 57
1314458161 62
1314458221 59
1314458281 60
1314458342 61
1314458401 61
1314458461 61
1314458521 61
1314458581 64
1314458641 62
1314458701 62
1314458761 60
1314458821 60
1314458881 57
1314458941 59
1314459002 60
1314459061 58
1314459121 58
1314459181 55
1314459241 57
1314459301 52
1314459361 52
1314459421 53
1314459481 54
1314459541 52
1314459602 52
1314459661 52
1314459721 47
1314459781 48
1314459841 45
1314459901 47
1314459961 49
1314460021 47
1314460081 47
1314460141 45
1314460202 45
1314460261 43
1314460321 43
1314460381 42
1314460441 42
1314460501 40
1314460561 37
1314460621 36
1314460681 37
1314460741 37
1314460802 36
