1313251261 34
1313251321 34
1313251381 35
1313251441 33
1313251501 31
1313251561 31
1313251621 32
1313251681 33
1313251742 31
1313251802 31
1313251861 31
1313251921 29
1313251981 28
1313252041 28
1313252101 28
1313252161 28
1313252221 30
1313252281 29
1313252341 31
1313252402 31
1313252461 31
1313252521 31
1313252581 31
1313252641 30
1313252701 32
1313252761 32
1313252821 29
1313252881 26
1313252941 24
1313253002 27
1313253061 26
1313253121 26
1313253181 26
1313253241 25
1313253301 25
1313253361 26
1313253421 26
1313253481 26
1313253541 26
1313253602 22
1313253661 22
1313253721 21
1313253781 21
1313253841 20
1313253901 20
1313253961 21
1313254021 22
1313254081 22
1313254141 20
1313254201 20
1313254261 20
1313254322 20
1313254381 18
1313254441 21
1313254501 20
1313254561 18
1313254621 20
1313254681 21
1313254741 21
1313254801 20
1313254861 19
1313254922 20
1313254982 21
1313255041 18
1313255101 20
1313255162 19
1313255221 16
1313255281 16
1313255341 17
1313255401 17
1313255461 17
1313255521 16
1313255581 17
1313255641 17
1313255701 15
1313255761 17
1313255822 17
1313255881 16
1313255942 15
1313256001 16
1313256061 16
1313256121 15
1313256181 14
1313256241 13
1313256301 15
1313256361 14
1313256421 14
1313256482 15
1313256541 14
1313256601 15
1313256661 15
1313256721 16
1313256781 16
1313256841 17
1313256901 17
1313256961 16
1313257021 16
1313257081 15
1313257142 17
1313257201 15
1313257261 16
1313257321 17
1313257381 17
1313257441 16
1313257501 17
1313257561 16
1313257621 16
1313257681 17
1313257741 15
1313257802 16
1313257861 16
1313257921 14
1313257981 16
1313258041 16
1313258101 14
1313258161 14
1313258221 13
1313258281 12
1313258341 14
1313258401 14
1313258461 12
1313258521 13
1313258581 12
1313258641 12
1313258701 12
1313258761 12
1313258822 11
1313258882 12
1313258941 12
1313259001 11
1313259061 12
1313259121 12
1313259181 12
1313259241 11
1313259301 9
1313259361 9
1313259422 10
1313259482 10
1313259541 9
1313259601 10
1313259661 9
1313259721 10
1313259781 9
1313259841 10
1313259902 10
1313259961 10
1313260021 9
1313260081 7
1313260141 9
1313260201 8
1313260261 9
1313260321 8
1313260382 7
1313260442 8
1313260501 8
1313260561 8
1313260621 8
1313260681 8
1313260741 6
1313260801 8
1313260862 7
1313260921 7
1313260981 8
1313261041 8
1313261101 7
1313261161 8
1313261221 8
1313261281 8
1313261342 8
1313261402 6
1313261461 8
1313261521 8
1313261581 8
1313261641 7
1313261701 8
1313261761 8
1313261821 8
1313261882 9
1313261942 9
1313262001 8
1313262061 7
1313262121 9
1313262181 8
1313262241 7
1313262301 7
1313262361 6
1313262421 7
1313262482 8
1313262542 7
1313262601 7
1313262661 7
1313262721 4
1313262781 7
1313262841 7
1313262901 6
1313262961 7
1313263021 7
1313263081 6
1313263142 6
1313263201 6
1313263261 6
1313263321 6
1313263381 3
1313263441 6
1313263501 6
1313263561 5
1313263621 6
1313263682 6
1313263741 6
1313263801 6
1313263861 6
1313263921 6
1313263981 6
1313264041 3
1313264101 6
1313264161 6
1313264222 4
1313264281 6
1313264341 6
1313264401 6
1313264461 6
1313264521 6
1313264581 6
1313264641 5
1313264701 4
1313264761 6
1313264822 6
1313264881 6
1313264941 7
1313265001 7
1313265061 7
1313265121 7
1313265181 7
1313265241 7
1313265302 6
1313265361 5
1313265421 7
1313265481 6
1313265541 5
1313265601 6
1313265661 6
1313265721 6
1313265781 6
1313265841 6
1313265902 6
1313265961 6
1313266021 5
1313266081 6
1313266141 5
1313266201 5
1313266261 6
1313266321 6
1313266381 6
1313266441 6
1313266502 6
1313266561 6
1313266621 6
1313266681 6
1313266741 6
1313266801 5
1313266861 6
1313266921 6
1313266981 6
1313267041 6
1313267102 5
1313267161 7
1313267221 7
1313267281 6
1313267341 7
1313267401 7
1313267461 6
1313267521 7
1313267581 7
1313267641 7
1313267702 7
1313267761 7
1313267821 6
1313267881 7
1313267941 6
1313268001 7
1313268061 7
1313268121 7
1313268181 7
1313268241 7
1313268302 7
1313268361 6
1313268421 7
1313268481 7
1313268541 5
1313268601 6
1313268661 8
1313268721 8
1313268781 8
1313268841 8
1313268901 8
1313268962 7
1313269021 8
1313269081 8
1313269141 8
1313269201 6
1313269261 6
1313269321 7
1313269381 7
1313269441 7
1313269501 7
1313269562 7
1313269622 6
1313269681 7
1313269741 7
1313269801 7
1313269861 6
1313269921 6
1313269981 6
1313270041 6
1313270101 6
1313270161 6
1313270222 5
1313270281 5
1313270341 6
1313270401 6
1313270461 6
1313270521 5
1313270581 5
1313270641 6
1313270701 6
1313270762 6
1313270821 6
1313270881 5
1313270941 5
1313271001 6
1313271061 6
1313271121 6
1313271181 5
1313271241 6
1313271302 6
1313271361 6
1313271421 6
1313271481 6
1313271541 5
1313271601 5
1313271661 6
1313271721 6
1313271781 6
1313271841 4
1313271902 6
1313271961 6
1313272021 6
1313272081 6
1313272141 6
1313272201 5
1313272261 4
1313272321 6
1313272381 8
1313272441 8
1313272502 7
1313272561 8
1313272621 8
1313272681 8
1313272741 9
1313272801 9
1313272861 8
1313272921 9
1313272981 7
1313273041 9
1313273102 9
1313273161 8
1313273221 9
1313273281 9
1313273341 10
1313273401 10
1313273461 10
1313273521 9
1313273582 10
1313273641 10
1313273701 12
1313273761 11
1313273821 11
1313273881 12
1313273941 10
1313274001 14
1313274061 14
1313274122 14
1313274181 12
1313274241 13
1313274301 12
1313274361 14
1313274421 14
1313274481 13
1313274541 14
1313274602 11
1313274661 13
1313274721 13
1313274781 12
1313274841 12
1313274901 12
1313274961 12
1313275021 12
1313275081 14
1313275142 13
1313275201 14
1313275261 13
1313275321 14
1313275381 13
1313275441 13
1313275501 14
1313275561 13
1313275621 13
1313275681 14
1313275742 15
1313275802 14
1313275861 13
1313275921 15
1313275981 15
1313276041 14
1313276101 14
1313276161 15
1313276221 14
1313276281 13
1313276341 14
1313276402 15
1313276461 14
1313276521 14
1313276581 15
1313276641 14
1313276701 15
1313276761 16
1313276821 16
1313276881 17
1313276941 16
1313277002 18
1313277061 19
1313277121 17
1313277181 19
1313277241 19
1313277301 19
1313277361 19
1313277421 20
1313277481 18
1313277542 21
1313277602 19
1313277661 17
1313277721 19
1313277781 17
1313277841 17
1313277901 18
1313277961 17
1313278021 18
1313278081 18
1313278142 14
1313278201 17
1313278261 17
1313278321 16
1313278381 16
1313278441 16
1313278501 16
1313278561 16
1313278621 15
1313278682 17
1313278741 17
1313278801 17
1313278861 17
1313278921 16
1313278981 16
1313279041 18
1313279101 15
1313279161 19
1313279221 20
1313279282 18
1313279341 19
1313279401 17
1313279461 19
1313279521 19
1313279581 19
1313279641 17
1313279701 18
1313279761 18
1313279821 17
1313279882 19
1313279941 18
1313280001 18
1313280061 19
1313280121 21
1313280181 21
1313280241 21
1313280301 21
1313280361 19
1313280421 20
1313280481 19
1313280542 22
1313280601 22
1313280661 18
1313280721 18
1313280781 20
1313280841 21
1313280901 22
1313280961 22
1313281021 20
1313281081 20
1313281142 20
1313281201 26
1313281261 26
1313281321 27
1313281381 27
1313281441 28
1313281501 28
1313281561 28
1313281621 29
1313281681 30
1313281742 29
1313281801 27
1313281861 27
1313281921 27
1313281981 27
1313282041 28
1313282101 27
1313282161 27
1313282221 25
1313282281 27
1313282341 28
1313282402 28
1313282461 29
1313282521 28
1313282581 26
1313282641 24
1313282701 27
1313282761 28
1313282821 27
1313282881 27
1313282941 30
1313283002 28
1313283062 27
1313283121 28
1313283181 29
1313283241 28
1313283301 26
1313283361 27
1313283421 29
1313283481 27
1313283541 29
1313283601 27
1313283662 29
1313283721 29
1313283781 31
1313283841 32
1313283901 31
1313283961 33
1313284021 34
1313284081 36
1313284141 36
1313284201 37
1313284262 35
1313284322 34
1313284381 34
1313284441 35
1313284501 33
1313284561 32
1313284621 34
1313284681 34
1313284741 31
1313284801 36
1313284861 37
1313284922 38
1313284981 39
1313285041 39
1313285101 41
1313285161 41
1313285221 40
1313285281 41
1313285341 41
1313285401 39
1313285461 42
1313285522 41
1313285581 41
1313285641 41
1313285701 42
1313285761 41
1313285821 40
1313285881 40
1313285941 40
1313286001 40
1313286062 39
1313286122 42
1313286181 43
1313286241 43
1313286301 44
1313286361 43
1313286421 45
1313286481 46
1313286541 46
1313286602 45
1313286661 45
1313286721 46
1313286781 41
1313286841 41
1313286901 40
1313286961 40
1313287021 42
1313287081 39
1313287142 43
1313287201 40
1313287261 41
1313287321 43
1313287381 43
1313287441 43
1313287501 46
1313287561 46
1313287622 44
1313287681 45
1313287741 44
1313287801 47
1313287861 48
1313287921 48
1313287981 50
1313288041 50
1313288101 48
1313288162 50
1313288221 49
1313288281 51
1313288341 52
1313288401 53
1313288461 52
1313288521 52
1313288581 50
1313288641 51
1313288702 50
1313288761 50
1313288821 53
1313288881 53
1313288941 52
1313289001 51
1313289061 58
1313289121 58
1313289181 56
1313289242 60
1313289301 60
1313289361 60
1313289421 58
1313289481 56
1313289541 53
1313289601 53
1313289661 50
1313289721 49
1313289782 50
1313289842 47
1313289901 51
1313289961 50
1313290021 51
1313290081 50
1313290141 47
1313290201 48
1313290261 45
1313290321 49
1313290382 49
1313290442 46
1313290501 44
1313290561 45
1313290621 44
1313290681 44
1313290741 46
1313290801 45
1313290861 43
1313290922 42
1313290981 44
1313291041 43
1313291101 43
1313291161 44
1313291221 45
1313291281 44
1313291341 45
1313291401 45
1313291461 44
1313291522 45
1313291581 45
1313291641 46
1313291701 46
1313291761 45
1313291821 48
1313291881 47
1313291941 47
1313292001 43
1313292062 44
1313292121 43
1313292181 42
1313292241 41
1313292301 43
1313292361 45
1313292421 44
1313292481 45
1313292541 43
1313292601 41
1313292662 43
1313292721 40
1313292781 41
1313292841 39
1313292901 40
1313292961 38
1313293021 33
1313293081 34
1313293141 35
1313293202 36
1313293262 33
1313293321 34
1313293381 35
1313293441 35
1313293501 33
1313293561 35
1313293621 37
1313293681 38
1313293741 37
1313293801 39
1313293862 40
1313293921 41
1313293981 39
1313294041 41
1313294101 39
1313294161 38
1313294221 39
1313294281 36
1313294342 38
1313294402 34
1313294461 39
1313294521 35
1313294581 34
1313294641 32
1313294701 34
1313294761 34
1313294821 32
1313294882 31
1313294942 28
1313295001 30
1313295061 31
1313295121 32
1313295181 30
1313295241 33
1313295301 30
1313295361 32
1313295421 36
1313295482 38
1313295541 37
1313295601 39
1313295661 32
1313295721 38
1313295781 38
1313295841 38
1313295901 37
1313295961 33
1313296021 32
1313296082 33
1313296142 34
1313296201 33
1313296261 36
1313296321 34
1313296381 36
1313296441 36
1313296501 35
1313296561 36
1313296621 35
1313296681 39
1313296742 40
1313296801 38
1313296861 38
1313296921 41
1313296981 40
1313297041 41
1313297101 39
1313297161 38
1313297221 38
1313297281 38
1313297342 39
1313297401 39
1313297461 38
1313297521 36
1313297581 36
1313297641 37
1313297701 39
1313297761 39
1313297821 36
1313297881 36
1313297941 37
1313298002 38
1313298061 37
1313298121 39
1313298181 39
1313298241 38
1313298301 40
1313298361 41
1313298421 41
1313298482 39
1313298541 41
1313298601 43
1313298661 44
1313298721 44
1313298781 45
1313298841 44
1313298901 44
1313298961 44
1313299022 43
1313299082 42
1313299141 39
1313299201 36
1313299261 35
1313299321 36
1313299381 36
1313299441 37
1313299501 36
1313299561 35
1313299621 35
1313299681 36
1313299742 35
1313299801 36
1313299861 37
1313299921 33
1313299981 35
1313300041 36
1313300101 36
1313300161 37
1313300221 36
1313300281 37
1313300342 34
1313300401 35
1313300461 35
1313300521 34
1313300581 34
1313300641 37
1313300701 37
1313300761 39
1313300821 38
1313300882 41
1313300941 44
1313301001 43
1313301061 42
1313301121 41
1313301181 41
1313301241 43
1313301301 43
1313301361 41
1313301421 43
1313301481 40
1313301542 42
1313301601 43
1313301661 43
1313301721 43
1313301781 42
1313301841 42
1313301901 44
1313301961 44
1313302021 44
1313302081 43
1313302142 40
1313302201 41
1313302261 43
1313302321 43
1313302381 41
1313302441 42
1313302501 44
1313302561 44
1313302621 43
1313302681 45
1313302741 43
1313302802 45
1313302861 46
1313302921 46
1313302981 44
1313303041 42
1313303101 44
1313303161 44
1313303221 43
1313303281 39
1313303342 41
1313303402 39
1313303461 38
1313303521 42
1313303581 42
1313303641 40
1313303701 39
1313303761 41
1313303821 43
1313303881 46
1313303942 44
1313304002 45
1313304061 45
1313304121 44
1313304181 44
1313304241 45
1313304301 42
1313304361 44
1313304421 46
1313304481 47
1313304542 48
1313304602 47
1313304661 47
1313304721 45
1313304781 46
1313304841 46
1313304901 45
1313304961 45
1313305021 45
1313305081 43
1313305141 43
1313305202 41
1313305261 43
1313305321 44
1313305381 45
1313305441 45
1313305501 44
1313305561 46
1313305621 47
1313305682 47
1313305742 49
1313305801 46
1313305861 48
1313305921 48
1313305981 48
1313306041 46
1313306101 50
1313306161 48
1313306221 48
1313306282 51
1313306341 50
1313306401 50
1313306461 47
1313306521 50
1313306581 51
1313306641 50
1313306701 50
1313306761 53
1313306821 50
1313306882 49
1313306941 48
1313307001 50
1313307061 52
1313307121 49
1313307181 51
1313307241 50
1313307301 50
1313307361 48
1313307421 54
1313307482 51
1313307541 51
1313307601 52
1313307661 50
1313307721 52
1313307781 49
1313307841 51
1313307901 47
1313307961 50
1313308021 50
1313308082 51
1313308141 51
1313308201 48
1313308261 48
1313308321 46
1313308381 47
1313308441 46
1313308501 47
1313308562 41
1313308622 42
1313308681 44
1313308741 45
1313308801 47
1313308861 44
1313308921 45
1313308981 46
1313309041 44
1313309101 46
1313309162 46
1313309222 39
1313309281 43
1313309341 44
1313309401 44
1313309461 43
1313309521 45
1313309581 43
1313309641 47
1313309702 45
1313309762 47
1313309821 47
1313309881 44
1313309941 46
1313310001 46
1313310061 48
1313310121 48
1313310181 47
1313310241 46
1313310302 45
1313310361 47
1313310421 46
1313310481 43
1313310541 49
1313310601 50
1313310661 51
1313310721 48
1313310781 50
1313310842 51
1313310901 54
1313310961 52
1313311021 53
1313311081 52
1313311141 46
1313311201 50
1313311261 50
1313311321 52
1313311381 52
1313311442 53
1313311501 50
1313311561 49
1313311621 49
1313311681 50
1313311741 49
1313311801 45
1313311861 46
1313311921 46
1313311982 47
1313312042 47
1313312101 47
1313312161 49
1313312221 49
1313312281 50
1313312341 49
1313312401 48
1313312461 45
1313312521 45
1313312582 47
1313312641 46
1313312701 47
1313312761 46
1313312821 42
1313312881 41
1313312941 39
1313313001 39
1313313061 39
1313313121 38
1313313182 39
1313313241 39
1313313301 37
1313313361 36
1313313421 38
1313313481 38
1313313541 36
1313313601 38
1313313662 39
1313313722 37
1313313781 38
1313313841 36
1313313901 36
1313313961 33
1313314021 35
1313314081 33
1313314141 36
1313314201 34
1313314262 36
1313314322 36
1313314381 35
1313314441 35
1313314501 36
1313314561 37
1313314621 37
1313314681 38
1313314741 38
1313314801 40
1313314861 40
1313314922 39
1313314981 38
1313315041 41
1313315101 41
1313315161 41
1313315221 38
1313315281 41
1313315341 42
1313315401 41
1313315462 37
1313315522 40
1313315581 37
1313315641 39
1313315701 37
1313315761 37
1313315821 37
1313315881 37
1313315941 37
1313316001 35
1313316061 36
1313316122 36
1313316182 36
1313316241 33
1313316301 36
1313316361 36
1313316421 37
1313316481 35
1313316541 37
1313316601 37
1313316661 35
1313316722 35
1313316782 36
1313316841 36
1313316901 38
1313316961 41
1313317021 39
1313317081 38
1313317141 38
1313317201 38
1313317261 39
1313317321 38
1313317382 34
1313317441 37
1313317501 34
1313317561 34
1313317621 38
1313317681 38
1313317741 36
1313317801 37
1313317861 37
1313317921 38
1313317981 37
1313318042 39
1313318101 39
1313318161 38
1313318221 37
1313318281 40
1313318341 40
1313318401 39
1313318461 39
1313318521 39
1313318581 42
1313318641 37
1313318702 40
1313318761 39
1313318821 40
1313318881 39
1313318941 40
1313319001 42
1313319061 44
1313319121 44
1313319181 46
1313319241 45
1313319301 46
1313319362 47
1313319422 45
1313319481 46
1313319541 43
1313319601 45
1313319661 45
1313319721 41
1313319781 41
1313319841 40
1313319901 41
1313319961 42
1313320021 42
1313320082 39
1313320141 40
1313320201 38
1313320261 38
1313320321 38
1313320381 37
1313320441 38
1313320501 35
1313320561 36
1313320621 39
1313320681 38
1313320742 38
1313320802 39
1313320861 38
1313320921 39
1313320981 38
1313321041 39
1313321101 39
1313321161 38
1313321221 35
1313321281 39
1313321342 41
1313321401 41
1313321461 42
1313321521 40
1313321581 44
1313321641 42
1313321701 43
1313321761 44
1313321821 46
1313321881 47
1313321941 46
1313322002 50
1313322061 51
1313322121 52
1313322181 47
1313322241 51
1313322301 50
1313322361 52
1313322421 49
1313322481 48
1313322541 51
1313322602 46
1313322661 46
1313322721 47
1313322781 47
1313322841 48
1313322901 46
1313322961 48
1313323021 48
1313323081 49
1313323141 49
1313323202 49
1313323261 49
1313323321 50
1313323381 51
1313323441 47
1313323501 48
1313323561 47
1313323621 49
1313323681 50
1313323741 50
1313323802 50
1313323861 49
1313323921 49
1313323981 48
1313324041 49
1313324101 48
1313324161 49
1313324221 48
1313324281 45
1313324341 43
1313324402 45
1313324461 46
1313324521 46
1313324581 47
1313324641 46
1313324701 45
1313324761 44
1313324821 47
1313324881 47
1313324941 47
1313325002 47
1313325062 47
1313325121 45
1313325181 47
1313325241 48
1313325301 48
1313325361 45
1313325421 47
1313325481 46
1313325541 46
1313325601 49
1313325662 52
1313325721 53
1313325781 54
1313325841 56
1313325901 55
1313325961 58
1313326021 57
1313326081 57
1313326141 54
1313326202 53
1313326261 56
1313326321 58
1313326381 58
1313326441 60
1313326501 62
1313326561 59
1313326621 59
1313326681 64
1313326742 65
1313326801 63
1313326861 62
1313326921 66
1313326981 62
1313327041 66
1313327101 67
1313327161 67
1313327221 64
1313327281 64
1313327342 66
1313327401 64
1313327461 65
1313327521 62
1313327581 64
1313327641 61
1313327701 62
1313327761 62
1313327821 63
1313327882 60
1313327942 61
1313328001 59
1313328061 59
1313328121 60
1313328181 61
1313328241 59
1313328301 56
1313328361 56
1313328421 55
1313328482 57
1313328541 55
1313328601 58
1313328661 57
1313328721 54
1313328781 56
1313328841 58
1313328902 60
1313328962 60
1313329021 62
1313329081 60
1313329141 58
1313329201 59
1313329261 58
1313329321 59
1313329381 60
1313329441 60
1313329502 59
1313329561 60
1313329621 59
1313329681 56
1313329741 61
1313329801 58
1313329861 59
1313329921 59
1313329981 55
1313330041 56
1313330102 54
1313330161 52
1313330221 54
1313330281 56
1313330341 57
1313330401 55
1313330461 55
1313330521 58
1313330581 60
1313330642 55
1313330702 57
1313330761 57
1313330821 53
1313330881 55
1313330941 51
1313331001 51
1313331061 50
1313331121 46
1313331181 44
1313331242 47
1313331301 47
1313331361 45
1313331421 47
1313331481 47
1313331541 49
1313331601 50
1313331661 47
1313331721 49
1313331781 48
1313331842 52
1313331901 52
1313331961 53
1313332021 51
1313332081 47
1313332141 49
1313332201 50
1313332261 50
1313332321 50
1313332382 51
1313332442 47
1313332501 50
1313332561 48
1313332621 47
1313332681 46
1313332741 44
1313332801 46
1313332861 44
1313332921 45
1313332981 46
1313333042 46
1313333101 45
1313333161 48
1313333221 48
1313333281 50
1313333341 46
1313333401 48
1313333461 48
1313333521 47
1313333581 44
1313333642 46
1313333702 43
1313333761 44
1313333821 44
1313333881 42
1313333941 42
1313334001 38
1313334061 39
1313334121 38
1313334181 38
1313334241 32
1313334301 33
1313334362 34
1313334421 35
1313334481 35
1313334541 36
1313334601 36
1313334661 36
1313334721 34
1313334781 33
1313334841 34
1313334902 35
1313334961 32
1313335021 31
1313335081 34
1313335141 35
1313335201 33
1313335261 35
1313335321 35
1313335381 32
1313335441 32
1313335502 30
1313335561 32
1313335621 32
1313335681 29
1313335741 31
1313335801 30
1313335861 29
1313335921 31
1313335981 31
1313336041 29
1313336102 29
1313336161 28
1313336221 30
1313336281 29
1313336341 28
1313336401 29
1313336461 30
1313336521 29
1313336581 30
1313336641 29
1313336702 27
1313336762 24
1313336821 26
1313336881 27
1313336941 27
1313337001 25
1313337061 25
1313337121 25
1313337181 24
1313337241 26
1313337301 25
1313337361 27
1313337421 23
1313337482 25
1313337541 25
1313337601 28
