1313683262 50
1313683321 50
1313683381 48
1313683441 48
1313683501 45
1313683561 44
1313683621 45
1313683681 46
1313683741 45
1313683802 42
1313683861 40
1313683921 40
1313683981 38
1313684041 37
1313684101 38
1313684161 34
1313684221 36
1313684281 36
1313684341 34
1313684402 33
1313684462 33
1313684521 33
1313684581 32
1313684641 32
1313684701 32
1313684761 29
1313684821 29
1313684881 31
1313684941 30
1313685002 29
1313685061 26
1313685121 29
1313685181 30
1313685241 28
1313685301 29
1313685361 28
1313685421 24
1313685481 24
1313685541 25
1313685602 25
1313685662 24
1313685721 23
1313685781 23
1313685841 23
1313685901 22
1313685961 21
1313686021 22
1313686081 20
1313686141 20
1313686201 22
1313686262 22
1313686322 20
1313686381 21
1313686441 20
1313686501 20
1313686561 20
1313686621 20
1313686681 20
1313686741 17
1313686801 19
1313686862 20
1313686922 18
1313686981 19
1313687041 21
1313687101 20
1313687161 21
1313687221 20
1313687281 20
1313687341 20
1313687401 19
1313687461 19
1313687521 21
1313687581 17
1313687641 18
1313687701 20
1313687761 19
1313687821 16
1313687881 19
1313687941 18
1313688001 18
1313688061 17
1313688121 17
1313688181 19
1313688241 17
1313688302 17
1313688361 17
1313688421 16
1313688481 15
1313688541 17
1313688601 16
1313688661 16
1313688721 16
1313688781 15
1313688841 16
1313688901 14
1313688962 16
1313689022 16
1313689081 14
1313689141 14
1313689201 14
1313689261 14
1313689321 15
1313689381 14
1313689441 15
1313689501 15
1313689561 12
1313689622 15
1313689682 15
1313689741 13
1313689801 14
1313689861 14
1313689921 15
1313689981 15
1313690041 14
1313690101 16
1313690161 16
1313690222 14
1313690281 15
1313690341 15
1313690401 14
1313690461 14
1313690521 15
1313690581 14
1313690641 13
1313690701 13
1313690761 15
1313690822 15
1313690881 13
1313690941 14
1313691001 14
1313691061 14
1313691121 15
1313691181 16
1313691241 15
1313691301 14
1313691362 15
1313691421 15
1313691481 14
1313691541 14
1313691601 15
1313691661 15
1313691721 15
1313691781 14
1313691841 14
1313691901 13
1313691961 14
1313692021 14
1313692081 14
1313692141 14
1313692201 13
1313692261 13
1313692321 14
1313692381 16
1313692441 16
1313692502 16
1313692561 13
1313692621 16
1313692681 16
1313692741 15
1313692801 16
1313692861 15
1313692921 15
1313692982 13
1313693041 14
1313693101 14
1313693161 14
1313693221 11
1313693281 14
1313693341 14
1313693401 13
1313693462 14
1313693521 13
1313693581 14
1313693641 13
1313693701 13
1313693761 14
1313693822 13
1313693882 12
1313693941 13
1313694001 13
1313694061 12
1313694121 11
1313694181 9
1313694241 10
1313694302 10
1313694361 11
1313694421 12
1313694481 10
1313694541 10
1313694601 11
1313694661 12
1313694722 11
1313694781 12
1313694841 12
1313694901 12
1313694961 11
1313695021 11
1313695081 12
1313695141 10
1313695202 10
1313695261 11
1313695321 12
1313695381 11
1313695441 11
1313695501 11
1313695561 11
1313695621 11
1313695682 12
1313695741 12
1313695801 12
1313695861 11
1313695921 11
1313695981 12
1313696041 11
1313696102 11
1313696161 11
1313696221 12
1313696281 10
1313696341 12
1313696401 10
1313696461 12
1313696522 11
1313696582 11
1313696641 11
1313696701 11
1313696761 11
1313696821 11
1313696881 11
1313696942 10
1313697001 12
1313697061 10
1313697121 12
1313697181 11
1313697241 12
1313697301 11
1313697362 11
1313697421 11
1313697481 11
1313697541 11
1313697601 11
1313697661 12
1313697721 10
1313697781 12
1313697842 11
1313697901 12
1313697961 11
1313698021 11
1313698081 11
1313698141 11
1313698201 11
1313698262 12
1313698321 11
1313698381 10
1313698441 12
1313698501 11
1313698561 12
1313698621 12
1313698681 12
1313698742 11
1313698801 10
1313698861 9
1313698921 11
1313698981 10
1313699041 10
1313699101 12
1313699161 12
1313699222 12
1313699281 11
1313699341 12
1313699401 11
1313699461 11
1313699521 10
1313699581 12
1313699641 11
1313699702 9
1313699761 11
1313699821 11
1313699881 11
1313699941 11
1313700001 12
1313700061 11
1313700121 11
1313700182 10
1313700242 11
1313700301 12
1313700361 11
1313700421 11
1313700481 12
1313700541 11
1313700601 11
1313700661 11
1313700722 10
1313700781 10
1313700841 9
1313700901 9
1313700961 10
1313701021 10
1313701081 10
1313701141 11
1313701201 11
1313701262 11
1313701321 11
1313701381 11
1313701441 10
1313701501 10
1313701561 7
1313701621 10
1313701681 10
1313701741 10
1313701802 11
1313701862 11
1313701921 11
1313701981 11
1313702041 11
1313702101 10
1313702161 10
1313702221 8
1313702281 10
1313702341 10
1313702401 10
1313702462 11
1313702521 11
1313702581 10
1313702641 11
1313702701 11
1313702761 10
1313702821 10
1313702881 8
1313702941 10
1313703001 10
1313703061 10
1313703122 12
1313703182 12
1313703241 11
1313703301 12
1313703361 12
1313703421 12
1313703481 11
1313703541 10
1313703601 10
1313703661 11
1313703721 11
1313703782 12
1313703841 12
1313703901 11
1313703961 12
1313704021 11
1313704081 11
1313704141 11
1313704201 10
1313704261 10
1313704321 11
1313704382 10
1313704441 12
1313704501 12
1313704561 11
1313704621 12
1313704681 12
1313704741 11
1313704801 11
1313704861 12
1313704921 11
1313704982 12
1313705042 11
1313705101 12
1313705161 12
1313705221 12
1313705281 12
1313705341 12
1313705401 11
1313705461 9
1313705521 12
1313705581 11
1313705642 13
1313705701 13
1313705761 14
1313705821 13
1313705881 14
1313705941 14
1313706001 14
1313706061 15
1313706121 11
1313706182 14
1313706241 11
1313706301 13
1313706361 14
1313706421 13
1313706481 13
1313706541 14
1313706601 14
1313706661 14
1313706722 14
1313706782 10
1313706841 12
1313706902 12
1313706961 12
1313707021 13
1313707081 12
1313707141 12
1313707201 14
1313707261 13
1313707321 14
1313707381 14
1313707441 13
1313707502 12
1313707561 12
1313707621 13
1313707681 14
1313707741 13
1313707801 15
1313707861 14
1313707921 15
1313707981 16
1313708041 15
1313708102 14
1313708161 14
1313708221 14
1313708281 14
1313708341 15
1313708401 12
1313708461 13
1313708521 11
1313708582 12
1313708641 14
1313708701 14
1313708761 14
1313708821 13
1313708881 13
1313708941 13
1313709001 14
1313709061 14
1313709121 14
1313709182 14
1313709242 14
1313709301 14
1313709361 14
1313709421 14
1313709481 13
1313709541 13
1313709601 15
1313709661 17
1313709721 18
1313709781 19
1313709842 18
1313709901 19
1313709961 18
1313710021 18
1313710081 20
1313710141 20
1313710201 19
1313710261 20
1313710321 21
1313710381 21
1313710442 20
1313710501 20
1313710561 21
1313710621 22
1313710681 22
1313710741 21
1313710801 19
1313710861 23
1313710921 22
1313710982 24
1313711042 23
1313711101 24
1313711161 22
1313711221 22
1313711281 23
1313711341 23
1313711401 24
1313711461 20
1313711521 22
1313711582 22
1313711641 23
1313711701 21
1313711761 23
1313711821 22
1313711881 21
1313711941 23
1313712001 24
1313712061 21
1313712122 21
1313712182 23
1313712241 25
1313712301 26
1313712361 26
1313712421 29
1313712481 28
1313712541 29
1313712602 31
1313712662 33
1313712721 31
1313712781 29
1313712841 30
1313712901 31
1313712961 34
1313713021 33
1313713081 35
1313713141 34
1313713202 32
1313713261 34
1313713321 36
1313713381 36
1313713441 37
1313713501 36
1313713561 37
1313713621 37
1313713681 38
1313713741 38
1313713802 38
1313713861 37
1313713921 42
1313713981 42
1313714041 43
1313714101 45
1313714161 41
1313714221 45
1313714282 50
1313714342 50
1313714401 54
1313714461 54
1313714521 49
1313714581 52
1313714641 57
1313714702 56
1313714762 58
1313714821 58
1313714881 60
1313714941 63
1313715001 66
1313715061 68
1313715121 71
1313715181 77
1313715242 76
1313715301 77
1313715361 81
1313715421 84
1313715481 84
1313715541 87
1313715601 85
1313715661 89
1313715722 88
1313715781 87
1313715841 89
1313715901 89
1313715961 88
1313716021 86
1313716081 89
1313716141 88
1313716201 89
1313716262 90
1313716321 88
1313716381 90
1313716441 92
1313716501 88
1313716561 91
1313716621 93
1313716681 90
1313716741 97
1313716801 97
1313716862 96
1313716921 98
1313716981 96
1313717041 98
1313717101 101
1313717161 98
1313717221 100
1313717281 102
1313717341 102
1313717402 102
1313717461 105
1313717521 106
1313717581 105
1313717641 102
1313717701 106
1313717761 105
1313717821 104
1313717881 106
1313717942 110
1313718001 108
1313718061 110
1313718121 106
1313718181 107
1313718241 107
1313718301 107
1313718361 109
1313718421 112
1313718482 110
1313718541 107
1313718601 111
1313718661 108
1313718721 110
1313718781 115
1313718841 113
1313718901 112
1313718962 113
1313719022 112
1313719081 113
1313719141 113
1313719201 112
1313719261 110
1313719321 114
1313719381 109
1313719441 118
1313719501 118
1313719561 117
1313719621 116
1313719681 115
1313719742 116
1313719802 117
1313719861 121
1313719921 121
1313719981 121
1313720041 116
1313720101 118
1313720161 120
1313720221 120
1313720281 117
1313720342 114
1313720402 115
1313720461 109
1313720521 108
1313720581 110
1313720641 110
1313720701 111
1313720761 107
1313720821 110
1313720881 112
1313720942 114
1313721001 117
1313721061 117
1313721121 120
1313721181 118
1313721241 118
1313721301 122
1313721361 121
1313721421 126
1313721482 129
1313721542 125
1313721601 123
1313721661 126
1313721721 124
1313721781 121
1313721841 124
1313721901 122
1313721961 124
1313722021 122
1313722082 123
1313722141 121
1313722201 123
1313722261 123
1313722321 125
1313722381 126
1313722441 123
1313722501 123
1313722561 124
1313722621 125
1313722682 120
1313722742 120
1313722801 118
1313722861 114
1313722921 116
1313722981 118
1313723041 118
1313723101 119
1313723161 121
1313723221 117
1313723281 113
1313723342 113
1313723402 110
1313723461 113
1313723521 115
1313723581 117
1313723642 112
1313723702 114
1313723761 110
1313723821 112
1313723881 116
1313723941 114
1313724001 117
1313724061 116
1313724121 112
1313724181 111
1313724242 112
1313724301 109
1313724361 114
1313724421 115
1313724481 113
1313724541 113
1313724601 112
1313724661 115
1313724722 116
1313724782 118
1313724841 117
1313724901 118
1313724961 111
1313725021 110
1313725081 107
1313725141 112
1313725201 111
1313725261 111
1313725322 109
1313725382 107
1313725441 109
1313725501 109
1313725561 110
1313725621 107
1313725681 107
1313725741 103
1313725802 104
1313725861 104
1313725921 103
1313725981 104
1313726041 105
1313726101 107
1313726161 104
1313726222 106
1313726281 108
1313726341 111
1313726401 110
1313726461 115
1313726521 112
1313726581 108
1313726641 106
1313726701 106
1313726762 110
1313726821 107
1313726881 106
1313726941 107
1313727001 103
1313727061 98
1313727121 101
1313727181 100
1313727241 99
1313727302 98
1313727361 98
1313727421 99
1313727481 96
1313727541 95
1313727601 99
1313727661 102
1313727721 102
1313727782 97
1313727841 99
1313727901 99
1313727961 99
1313728021 101
1313728081 100
1313728141 97
1313728201 96
1313728262 91
1313728322 91
1313728381 91
1313728441 90
1313728501 90
1313728561 90
1313728621 88
1313728681 87
1313728741 87
1313728802 90
1313728861 86
1313728921 90
1313728981 93
1313729041 90
1313729101 88
1313729161 88
1313729221 84
1313729281 84
1313729342 82
1313729401 82
1313729461 85
1313729521 82
1313729581 82
1313729641 85
1313729702 83
1313729762 82
1313729821 82
1313729881 84
1313729941 81
1313730001 80
1313730061 77
1313730121 74
1313730181 76
1313730241 76
1313730302 76
1313730361 76
1313730421 79
1313730481 77
1313730541 81
1313730601 79
1313730661 78
1313730721 76
1313730781 76
1313730841 76
1313730902 77
1313730961 79
1313731021 78
1313731081 85
1313731141 83
1313731201 83
1313731261 84
1313731321 86
1313731381 85
1313731442 82
1313731501 82
1313731561 79
1313731621 83
1313731681 82
1313731741 85
1313731801 81
1313731861 84
1313731922 82
1313731982 83
1313732041 83
1313732101 87
1313732161 89
1313732221 90
1313732281 91
1313732341 91
1313732402 90
1313732462 95
1313732521 94
1313732581 98
1313732641 99
1313732701 94
1313732761 93
1313732821 98
1313732881 95
1313732941 98
1313733001 99
1313733061 98
1313733121 97
1313733181 99
1313733241 104
1313733301 101
1313733361 101
1313733421 100
1313733481 98
1313733542 97
1313733601 98
1313733661 94
1313733721 100
1313733781 100
1313733841 98
1313733901 103
1313733961 100
1313734021 99
1313734082 102
1313734142 101
1313734201 101
1313734261 99
1313734321 99
1313734381 94
1313734441 93
1313734501 94
1313734561 92
1313734621 95
1313734681 96
1313734741 92
1313734802 93
1313734861 94
1313734921 95
1313734981 98
1313735041 103
1313735101 101
1313735161 102
1313735221 105
1313735282 107
1313735341 108
1313735401 109
1313735461 105
1313735521 103
1313735581 104
1313735641 102
1313735701 107
1313735761 108
1313735821 105
1313735881 105
1313735941 107
1313736001 108
1313736061 110
1313736121 113
1313736181 110
1313736242 111
1313736302 114
1313736361 117
1313736421 118
1313736481 116
1313736541 118
1313736601 119
1313736661 117
1313736721 117
1313736781 117
1313736841 119
1313736902 118
1313736961 120
1313737021 114
1313737082 121
1313737142 120
1313737201 121
1313737261 127
1313737321 125
1313737381 121
1313737441 124
1313737501 121
1313737561 118
1313737621 119
1313737682 116
1313737742 116
1313737801 118
1313737861 116
1313737921 116
1313737981 115
1313738041 113
1313738101 113
1313738161 116
1313738221 118
1313738282 115
1313738342 120
1313738401 119
1313738461 121
1313738521 122
1313738581 122
1313738641 123
1313738701 125
1313738761 123
1313738821 127
1313738882 127
1313738941 127
1313739001 131
1313739061 133
1313739121 132
1313739181 131
1313739241 131
1313739301 128
1313739361 127
1313739422 125
1313739481 127
1313739541 127
1313739601 126
1313739662 125
1313739721 127
1313739781 129
1313739841 126
1313739901 125
1313739961 127
1313740021 124
1313740081 127
1313740141 124
1313740201 124
1313740262 119
1313740321 120
1313740381 120
1313740441 117
1313740501 120
1313740561 121
1313740621 118
1313740681 118
1313740741 118
1313740802 119
1313740861 117
1313740921 115
1313740981 116
1313741041 118
1313741101 114
1313741161 114
1313741221 114
1313741281 105
1313741342 105
1313741402 104
1313741461 103
1313741521 102
1313741581 98
1313741641 102
1313741701 102
1313741762 99
1313741821 97
1313741881 98
1313741941 95
1313742001 98
1313742061 99
1313742121 97
1313742181 95
1313742241 92
1313742301 94
1313742362 93
1313742421 94
1313742481 94
1313742541 92
1313742601 96
1313742661 92
1313742721 94
1313742781 93
1313742841 90
1313742901 92
1313742961 95
1313743021 95
1313743081 91
1313743141 92
1313743201 86
1313743261 90
1313743321 92
1313743381 92
1313743441 92
1313743502 89
1313743561 90
1313743621 88
1313743681 86
1313743741 86
1313743801 81
1313743861 82
1313743921 78
1313743982 83
1313744041 79
1313744101 79
1313744161 77
1313744221 75
1313744281 75
1313744341 74
1313744401 73
1313744461 71
1313744521 73
1313744581 70
1313744642 75
1313744701 73
1313744761 77
1313744821 78
1313744881 78
1313744941 77
1313745001 73
1313745061 74
1313745121 71
1313745181 78
1313745242 73
1313745301 73
1313745361 69
1313745421 71
1313745481 72
1313745541 73
1313745601 73
1313745661 78
1313745721 76
1313745781 75
1313745842 76
1313745901 75
1313745961 76
1313746021 76
1313746081 77
1313746141 73
1313746201 73
1313746261 69
1313746321 68
1313746381 66
1313746442 67
1313746501 65
1313746561 63
1313746621 63
1313746681 69
1313746741 70
1313746801 72
1313746861 72
1313746921 73
1313746981 72
1313747042 75
1313747102 74
1313747161 74
1313747221 72
1313747281 71
1313747341 71
1313747401 71
1313747461 70
1313747521 67
1313747582 66
1313747641 68
1313747701 67
1313747761 67
1313747821 69
1313747881 64
1313747941 67
1313748001 67
1313748065 64
1313748121 66
1313748181 66
1313748241 63
1313748301 66
1313748361 65
1313748422 67
1313748482 71
1313748541 70
1313748601 67
1313748661 70
1313748721 70
1313748781 66
1313748841 68
1313748901 68
1313748961 66
1313749022 62
1313749081 61
1313749141 62
1313749201 65
1313749261 63
1313749321 64
1313749381 65
1313749441 62
1313749501 66
1313749561 65
1313749622 64
1313749681 62
1313749741 63
1313749801 65
1313749861 67
1313749921 66
1313749981 66
1313750041 64
1313750101 63
1313750161 64
1313750222 66
1313750281 62
1313750341 63
1313750401 60
1313750461 60
1313750521 63
1313750581 63
1313750641 64
1313750701 64
1313750761 63
1313750821 64
1313750882 63
1313750941 67
1313751001 69
1313751061 70
1313751121 67
1313751181 69
1313751241 67
1313751301 67
1313751361 66
1313751421 66
1313751482 68
1313751541 64
1313751601 63
1313751661 62
1313751721 63
1313751781 64
1313751841 65
1313751901 64
1313751961 64
1313752022 63
1313752082 63
1313752141 61
1313752201 65
1313752261 62
1313752321 64
1313752381 64
1313752441 63
1313752501 63
1313752562 62
1313752622 62
1313752681 61
1313752741 64
1313752801 63
1313752861 64
1313752921 63
1313752981 63
1313753041 61
1313753101 61
1313753161 61
1313753222 61
1313753281 58
1313753341 60
1313753401 61
1313753461 58
1313753521 60
1313753581 61
1313753641 62
1313753701 62
1313753761 62
1313753822 59
1313753881 60
1313753941 61
1313754001 60
1313754061 59
1313754121 59
1313754181 60
1313754241 62
1313754301 60
1313754362 63
1313754422 63
1313754481 64
1313754541 61
1313754601 64
1313754661 64
1313754721 65
1313754781 69
1313754841 66
1313754901 70
1313754962 68
1313755022 69
1313755081 68
1313755141 68
1313755201 68
1313755261 68
1313755321 70
1313755381 69
1313755441 71
1313755501 72
1313755562 73
1313755621 71
1313755681 74
1313755741 74
1313755801 78
1313755861 78
1313755921 79
1313755981 79
1313756041 82
1313756102 80
1313756161 83
1313756221 81
1313756281 82
1313756341 82
1313756401 76
1313756461 76
1313756521 76
1313756581 74
1313756641 71
1313756701 72
1313756762 71
1313756821 71
1313756881 73
1313756941 72
1313757001 71
1313757061 73
1313757121 74
1313757181 76
1313757241 76
1313757301 77
1313757362 76
1313757422 74
1313757481 71
1313757541 72
1313757601 71
1313757661 72
1313757721 69
1313757781 73
1313757841 72
1313757901 71
1313757962 72
1313758021 73
1313758081 72
1313758141 71
1313758201 73
1313758261 73
1313758321 71
1313758381 69
1313758441 71
1313758502 69
1313758561 69
1313758621 70
1313758681 68
1313758741 67
1313758801 68
1313758861 64
1313758921 65
1313758981 63
1313759042 66
1313759101 68
1313759161 66
1313759221 68
1313759281 69
1313759341 70
1313759401 68
1313759461 70
1313759521 68
1313759582 71
1313759642 73
1313759701 75
1313759761 74
1313759821 72
1313759881 76
1313759941 74
1313760001 72
1313760061 72
1313760121 73
1313760182 73
1313760242 68
1313760301 69
1313760361 67
1313760421 71
1313760481 70
1313760541 72
1313760601 73
1313760661 72
1313760721 72
1313760782 69
1313760842 72
1313760901 72
1313760961 71
1313761021 69
1313761081 68
1313761141 68
1313761201 71
1313761261 70
1313761322 71
1313761381 69
1313761441 69
1313761501 72
1313761561 74
1313761621 74
1313761681 74
1313761741 75
1313761801 76
1313761862 75
1313761921 73
1313761981 75
1313762041 74
1313762101 73
1313762161 72
1313762221 71
1313762281 76
1313762341 72
1313762401 69
1313762461 72
1313762521 71
1313762581 70
1313762641 70
1313762701 69
1313762761 70
1313762822 70
1313762882 71
1313762941 72
1313763001 73
1313763061 72
1313763121 72
1313763181 71
1313763241 71
1313763301 71
1313763362 71
1313763422 72
1313763481 67
1313763541 69
1313763601 67
1313763661 70
1313763721 72
1313763781 71
1313763841 70
1313763902 76
1313763961 77
1313764021 73
1313764081 73
1313764141 76
1313764201 75
1313764261 73
1313764321 70
1313764381 70
1313764441 69
1313764502 63
1313764561 67
1313764621 69
1313764681 69
1313764741 67
1313764801 70
1313764861 72
1313764921 72
1313764982 73
1313765041 75
1313765101 72
1313765161 71
1313765221 74
1313765281 75
1313765341 72
1313765402 73
1313765461 68
1313765521 69
1313765581 67
1313765641 68
1313765701 66
1313765761 64
1313765821 65
1313765881 65
1313765941 68
1313766002 64
1313766061 68
1313766121 70
1313766181 70
1313766241 71
1313766301 71
1313766361 65
1313766421 67
1313766481 69
1313766542 68
1313766601 70
1313766661 69
1313766721 68
1313766781 67
1313766841 66
1313766901 65
1313766961 65
1313767021 63
1313767082 61
1313767142 62
1313767201 62
1313767261 62
1313767321 62
1313767381 62
1313767441 62
1313767501 60
1313767561 61
1313767622 60
1313767682 55
1313767741 56
1313767801 57
1313767861 52
1313767921 53
1313767981 53
1313768041 52
1313768101 53
1313768162 51
1313768222 53
1313768281 54
1313768341 51
1313768401 49
1313768461 49
1313768521 48
1313768581 49
1313768641 51
1313768702 50
1313768761 50
1313768821 46
1313768881 46
1313768941 46
1313769001 44
1313769061 43
1313769121 39
1313769182 40
1313769242 40
1313769301 40
1313769361 42
1313769421 39
1313769481 41
1313769541 40
