1318348861 62
1318348921 61
1318348981 59
1318349042 58
1318349101 58
1318349161 58
1318349221 58
1318349281 59
1318349341 56
1318349401 54
1318349461 51
1318349522 51
1318349581 50
1318349641 48
1318349701 47
1318349761 47
1318349821 47
1318349881 46
1318349941 45
1318350002 47
1318350062 47
1318350121 45
1318350181 46
1318350241 45
1318350301 47
1318350361 47
1318350421 46
1318350481 47
1318350541 46
1318350602 46
1318350661 45
1318350721 46
1318350781 45
1318350841 42
1318350901 38
1318350961 40
1318351021 41
1318351082 41
1318351142 40
1318351201 40
1318351261 41
1318351321 41
1318351381 41
1318351441 39
1318351501 38
1318351561 37
1318351621 38
1318351682 38
1318351741 37
1318351801 38
1318351861 36
1318351921 37
1318351981 37
1318352041 37
1318352101 36
1318352161 32
1318352222 34
1318352281 36
1318352341 37
1318352401 35
1318352461 36
1318352521 34
1318352581 34
1318352641 34
1318352702 32
1318352761 33
1318352821 29
1318352881 32
1318352941 31
1318353001 32
1318353061 33
1318353121 33
1318353181 32
1318353241 33
1318353301 34
1318353361 32
1318353421 32
1318353481 31
1318353541 32
1318353601 31
1318353662 30
1318353721 32
1318353781 32
1318353841 29
1318353901 31
1318353961 32
1318354021 31
1318354081 30
1318354141 29
1318354201 28
1318354262 29
1318354321 28
1318354381 28
1318354441 30
1318354501 29
1318354561 29
1318354621 30
1318354681 28
1318354742 28
1318354801 29
1318354861 28
1318354921 30
1318354981 29
1318355041 28
1318355101 27
1318355161 28
1318355221 28
1318355282 27
1318355342 28
1318355401 27
1318355461 28
1318355521 26
1318355581 29
1318355641 29
1318355701 27
1318355761 26
1318355822 28
1318355881 27
1318355941 26
1318356001 27
1318356062 27
1318356121 27
1318356181 21
1318356241 27
1318356301 27
1318356361 27
1318356421 26
1318356481 26
1318356541 25
1318356602 25
1318356662 24
1318356721 26
1318356781 26
1318356841 25
1318356901 27
1318356961 26
1318357021 27
1318357081 26
1318357142 26
1318357201 25
1318357261 26
1318357321 25
1318357381 25
1318357441 25
1318357501 23
1318357561 24
1318357622 22
1318357681 22
1318357741 21
1318357801 22
1318357861 22
1318357921 22
1318357981 21
1318358042 19
1318358102 21
1318358161 22
1318358221 22
1318358281 20
1318358341 22
1318358401 22
1318358461 20
1318358521 21
1318358582 22
1318358642 18
1318358701 19
1318358761 20
1318358821 20
1318358881 20
1318358941 19
1318359001 19
1318359061 20
1318359122 20
1318359181 20
1318359241 20
1318359301 17
1318359361 17
1318359421 20
1318359481 20
1318359541 21
1318359601 20
1318359662 20
1318359721 21
1318359781 21
1318359841 21
1318359901 20
1318359961 18
1318360021 16
1318360081 20
1318360141 20
1318360202 20
1318360261 20
1318360321 17
1318360381 20
1318360441 20
1318360501 20
1318360561 19
1318360621 19
1318360681 15
1318360742 20
1318360801 20
1318360861 20
1318360921 20
1318360981 17
1318361041 19
1318361101 19
1318361161 20
1318361221 19
1318361282 19
1318361342 16
1318361401 18
1318361461 18
1318361521 19
1318361581 19
1318361641 16
1318361701 18
1318361762 18
1318361822 18
1318361881 18
1318361941 17
1318362001 17
1318362061 19
1318362121 19
1318362181 20
1318362241 20
1318362302 18
1318362362 20
1318362421 18
1318362481 19
1318362541 20
1318362601 18
1318362661 17
1318362721 19
1318362782 19
1318362841 20
1318362901 19
1318362961 18
1318363021 21
1318363081 19
1318363141 20
1318363201 22
1318363261 19
1318363321 19
1318363382 22
1318363442 22
1318363501 22
1318363561 21
1318363621 19
1318363681 22
1318363741 20
1318363801 20
1318363862 21
1318363921 19
1318363981 18
1318364041 19
1318364101 20
1318364161 21
1318364221 20
1318364281 19
1318364341 19
1318364401 21
1318364462 19
1318364521 20
1318364581 19
1318364641 18
1318364701 20
1318364761 20
1318364821 21
1318364881 21
1318364941 17
1318365002 19
1318365062 20
1318365121 19
1318365181 19
1318365241 18
1318365301 19
1318365361 20
1318365421 19
1318365481 21
1318365541 21
1318365602 19
1318365661 20
1318365721 21
1318365781 19
1318365841 20
1318365901 21
1318365961 20
1318366021 21
1318366081 19
1318366142 22
1318366202 20
1318366261 20
1318366321 22
1318366381 23
1318366441 21
1318366501 19
1318366561 20
1318366621 20
1318366682 21
1318366741 20
1318366801 21
1318366861 20
1318366921 20
1318366981 20
1318367041 21
1318367101 21
1318367161 21
1318367222 21
1318367281 21
1318367341 22
1318367401 21
1318367461 23
1318367521 23
1318367581 23
1318367641 25
1318367701 25
1318367762 26
1318367821 25
1318367881 25
1318367941 24
1318368001 26
1318368061 26
1318368121 26
1318368181 26
1318368241 25
1318368302 25
1318368361 24
1318368421 24
1318368481 23
1318368541 24
1318368601 24
1318368661 24
1318368722 24
1318368781 24
1318368841 24
1318368901 25
1318368961 24
1318369021 25
1318369081 25
1318369141 25
1318369202 26
1318369261 25
1318369321 26
1318369381 26
1318369441 26
1318369501 23
1318369561 25
1318369621 27
1318369681 26
1318369741 27
1318369801 26
1318369861 27
1318369921 28
1318369981 30
1318370041 29
1318370101 31
1318370161 32
1318370222 28
1318370281 30
1318370341 29
1318370401 29
1318370461 27
1318370521 28
1318370581 28
1318370642 29
1318370702 30
1318370761 30
1318370821 31
1318370881 30
1318370941 31
1318371001 29
1318371061 29
1318371121 26
1318371182 26
1318371242 26
1318371301 25
1318371361 25
1318371421 25
1318371481 24
1318371541 21
1318371601 24
1318371661 23
1318371722 23
1318371781 21
1318371841 20
1318371901 21
1318371961 21
1318372021 19
1318372081 22
1318372141 22
1318372202 19
1318372262 22
1318372321 20
1318372381 20
1318372441 20
1318372501 20
1318372561 21
1318372621 21
1318372681 20
1318372742 23
1318372801 23
1318372861 20
1318372921 22
1318372981 23
1318373041 21
1318373101 22
1318373162 20
1318373221 23
1318373281 23
1318373341 22
1318373401 25
1318373461 24
1318373521 22
1318373581 24
1318373641 25
1318373702 24
1318373761 27
1318373821 24
1318373881 25
1318373941 25
1318374001 25
1318374061 25
1318374121 26
1318374182 24
1318374241 27
1318374301 28
1318374361 27
1318374421 28
1318374481 25
1318374541 27
1318374601 25
1318374662 30
1318374722 30
1318374781 30
1318374841 33
1318374901 34
1318374961 34
1318375021 36
1318375081 36
1318375142 38
1318375201 41
1318375261 40
1318375321 45
1318375382 45
1318375441 41
1318375501 39
1318375561 45
1318375621 46
1318375681 45
1318375741 45
1318375801 46
1318375862 49
1318375921 50
1318375981 50
1318376041 53
1318376101 52
1318376161 53
1318376221 56
1318376281 61
1318376341 61
1318376402 64
1318376461 61
1318376521 63
1318376581 65
1318376641 69
1318376701 73
1318376761 70
1318376821 70
1318376882 69
1318376942 71
1318377001 70
1318377061 77
1318377121 76
1318377181 78
1318377241 79
1318377301 82
1318377361 86
1318377422 83
1318377481 82
1318377541 83
1318377601 82
1318377661 83
1318377721 83
1318377781 83
1318377841 85
1318377901 84
1318377962 83
1318378021 83
1318378081 86
1318378141 89
1318378201 92
1318378261 93
1318378321 97
1318378381 102
1318378441 103
1318378502 104
1318378561 106
1318378621 107
1318378681 109
1318378741 108
1318378801 111
1318378861 112
1318378921 113
1318378981 115
1318379042 115
1318379101 120
1318379161 120
1318379221 123
1318379281 126
1318379341 128
1318379401 132
1318379461 132
1318379522 135
1318379582 137
1318379641 142
1318379701 145
1318379761 148
1318379821 153
1318379881 151
1318379941 151
1318380001 147
1318380062 152
1318380122 151
1318380181 152
1318380241 149
1318380301 155
1318380361 158
1318380421 165
1318380481 172
1318380541 172
1318380602 175
1318380662 176
1318380721 176
1318380782 180
1318380841 186
1318380901 188
1318380961 190
1318381021 181
1318381081 185
1318381141 187
1318381201 185
1318381261 185
1318381322 191
1318381381 191
1318381441 193
1318381501 189
1318381561 190
1318381621 193
1318381681 194
1318381742 204
1318381802 202
1318381861 201
1318381921 198
1318381981 196
1318382041 195
1318382101 191
1318382161 198
1318382221 198
1318382281 192
1318382342 189
1318382401 191
1318382461 193
1318382521 197
1318382581 195
1318382641 201
1318382701 202
1318382761 200
1318382821 201
1318382881 203
1318382942 209
1318383001 212
1318383061 207
1318383121 204
1318383181 208
1318383241 202
1318383301 204
1318383361 208
1318383421 211
1318383481 210
1318383541 208
1318383601 210
1318383661 214
1318383721 215
1318383781 216
1318383841 220
1318383902 219
1318383961 224
1318384021 224
1318384081 226
1318384141 226
1318384201 232
1318384261 229
1318384321 241
1318384381 243
1318384442 238
1318384501 238
1318384561 239
1318384621 241
1318384681 248
1318384741 242
1318384801 238
1318384861 243
1318384921 231
1318384982 234
1318385041 237
1318385101 234
1318385161 237
1318385221 245
1318385281 246
1318385341 245
1318385402 248
1318385461 246
1318385521 244
1318385581 249
1318385641 248
1318385701 251
1318385761 245
1318385821 240
1318385882 244
1318385941 251
1318386004 251
1318386061 259
1318386121 260
1318386181 260
1318386241 262
1318386301 266
1318386361 267
1318386421 269
1318386481 270
1318386542 279
1318386602 280
1318386661 280
1318386721 283
1318386781 282
1318386841 280
1318386901 280
1318386961 277
1318387021 282
1318387082 285
1318387142 276
1318387201 278
1318387261 283
1318387321 281
1318387381 282
1318387441 286
1318387502 286
1318387561 287
1318387622 285
1318387681 279
1318387741 277
1318387801 274
1318387861 276
1318387921 283
1318387981 284
1318388041 291
1318388101 293
1318388161 298
1318388221 300
1318388281 305
1318388341 308
1318388401 300
1318388461 300
1318388522 299
1318388581 289
1318388641 287
1318388701 286
1318388761 281
1318388821 287
1318388882 286
1318388941 291
1318389001 294
1318389061 295
1318389121 294
1318389181 298
1318389241 288
1318389302 293
1318389361 294
1318389421 295
1318389481 291
1318389541 290
1318389601 288
1318389661 291
1318389721 301
1318389782 296
1318389841 297
1318389901 289
1318389961 296
1318390021 289
1318390081 296
1318390141 289
1318390201 290
1318390261 283
1318390322 277
1318390381 278
1318390441 281
1318390501 276
1318390561 270
1318390621 268
1318390681 265
1318390742 267
1318390801 274
1318390861 269
1318390921 274
1318390981 279
1318391041 276
1318391101 281
1318391161 280
1318391222 277
1318391281 271
1318391341 279
1318391401 280
1318391461 276
1318391521 278
1318391581 276
1318391642 277
1318391701 273
1318391761 267
1318391821 269
1318391881 266
1318391941 264
1318392001 258
1318392061 262
1318392122 259
1318392182 257
1318392241 259
1318392301 263
1318392361 264
1318392421 263
1318392481 271
1318392541 264
1318392601 259
1318392661 254
1318392722 258
1318392781 258
1318392841 255
1318392901 253
1318392961 258
1318393021 255
1318393081 250
1318393142 249
1318393201 253
1318393261 259
1318393321 254
1318393381 256
1318393441 252
1318393502 255
1318393562 257
1318393621 255
1318393681 254
1318393741 258
1318393801 256
1318393861 257
1318393921 260
1318393982 250
1318394042 255
1318394101 251
1318394161 243
1318394221 248
1318394281 248
1318394341 250
1318394401 250
1318394461 247
1318394521 251
1318394581 259
1318394642 254
1318394701 256
1318394761 261
1318394821 260
1318394881 262
1318394941 268
1318395001 266
1318395061 272
1318395121 267
1318395182 277
1318395241 279
1318395301 275
1318395361 278
1318395421 277
1318395481 280
1318395541 272
1318395601 268
1318395661 270
1318395722 267
1318395781 263
1318395841 270
1318395901 272
1318395961 268
1318396021 269
1318396081 273
1318396141 270
1318396202 271
1318396262 270
1318396321 271
1318396381 272
1318396441 270
1318396501 275
1318396561 279
1318396621 285
1318396681 280
1318396742 281
1318396802 284
1318396861 286
1318396921 283
1318396981 282
1318397041 284
1318397101 278
1318397161 281
1318397222 271
1318397281 277
1318397341 274
1318397401 280
1318397461 276
1318397522 286
1318397582 282
1318397641 284
1318397701 287
1318397761 291
1318397821 298
1318397881 297
1318397941 306
1318398001 297
1318398061 296
1318398121 296
1318398181 299
1318398241 301
1318398302 300
1318398361 301
1318398421 316
1318398481 321
1318398541 334
1318398601 341
1318398662 342
1318398722 349
1318398782 367
1318398841 377
1318398901 382
1318398961 376
1318399022 373
1318399082 371
1318399141 373
1318399201 376
1318399261 378
1318399321 369
1318399381 363
1318399442 366
1318399501 364
1318399561 377
1318399622 373
1318399681 379
1318399741 376
1318399801 381
1318399861 382
1318399922 387
1318399981 392
1318400041 398
1318400101 401
1318400161 411
1318400221 411
1318400281 431
1318400342 445
1318400402 445
1318400462 457
1318400521 455
1318400581 456
1318400641 455
1318400703 459
1318400761 447
1318400821 450
1318400882 444
1318400941 439
1318401002 452
1318401061 445
1318401122 448
1318401181 441
1318401241 442
1318401301 453
1318401363 458
1318401421 455
1318401481 445
1318401548 450
1318401605 441
1318401661 453
1318401721 450
1318401781 442
1318401841 431
1318401901 433
1318401962 426
1318402021 419
1318402081 402
1318402141 389
1318402202 393
1318402261 393
1318402321 394
1318402381 397
1318402441 395
1318402501 393
1318402561 394
1318402622 397
1318402682 396
1318402741 390
1318402801 386
1318402862 386
1318402922 395
1318402981 382
1318403041 385
1318403102 380
1318403161 398
1318403222 398
1318403281 393
1318403343 390
1318403403 395
1318403461 391
1318403521 397
1318403581 400
1318403641 405
1318403703 393
1318403761 389
1318403822 396
1318403881 405
1318403941 396
1318404001 388
1318404061 389
1318404121 387
1318404182 402
1318404241 389
1318404310 385
1318404361 376
1318404421 383
1318404481 378
1318404542 378
1318404602 378
1318404661 372
1318404722 367
1318404781 363
1318404841 369
1318404902 367
1318404961 369
1318405021 361
1318405081 368
1318405141 375
1318405201 364
1318405261 368
1318405321 368
1318405383 366
1318405441 369
1318405502 368
1318405564 357
1318405622 355
1318405681 362
1318405741 354
1318405801 349
1318405861 337
1318405921 318
1318405982 322
1318406041 315
1318406101 312
1318406161 307
1318406222 287
1318406281 280
1318406341 274
1318406401 270
1318406461 267
1318406521 272
1318406581 268
1318406641 271
1318406701 270
1318406762 265
1318406822 268
1318406881 259
1318406941 261
1318407001 256
1318407061 253
1318407121 248
1318407181 244
1318407241 237
1318407301 236
1318407361 230
1318407422 232
1318407481 230
1318407541 232
1318407601 242
1318407661 234
1318407721 235
1318407781 225
1318407841 225
1318407901 221
1318407961 222
1318408022 206
1318408082 203
1318408141 197
1318408201 192
1318408261 196
1318408321 195
1318408381 192
1318408441 188
1318408501 186
1318408562 179
1318408621 181
1318408681 173
1318408741 180
1318408801 174
1318408861 172
1318408921 171
1318408981 170
1318409042 168
1318409101 162
1318409161 168
1318409221 169
1318409281 171
1318409341 169
1318409401 172
1318409461 166
1318409521 168
1318409582 166
1318409641 162
1318409701 159
1318409761 157
1318409821 152
1318409881 148
1318409941 145
1318410001 147
1318410061 149
1318410121 136
1318410181 141
1318410242 137
1318410301 135
1318410361 137
1318410421 137
1318410481 137
1318410541 137
1318410601 134
1318410661 134
1318410721 133
1318410781 128
1318410842 124
1318410901 124
1318410961 124
1318411021 126
1318411081 123
1318411141 117
1318411201 117
1318411261 110
1318411321 110
1318411381 111
1318411441 109
1318411502 108
1318411561 106
1318411621 107
1318411681 103
1318411741 107
1318411801 105
1318411861 106
1318411921 105
1318411981 96
1318412041 102
1318412102 102
1318412162 101
1318412221 99
1318412281 98
1318412341 99
1318412401 97
1318412461 96
1318412521 97
1318412581 96
1318412641 94
1318412701 96
1318412761 97
1318412822 98
1318412881 99
1318412941 96
1318413001 94
1318413061 94
1318413123 93
1318413181 92
1318413242 88
1318413301 84
1318413361 85
1318413421 85
1318413482 83
1318413542 79
1318413601 82
1318413661 78
1318413721 80
1318413781 83
1318413841 85
1318413901 89
1318413961 86
1318414021 83
1318414081 88
1318414141 85
1318414202 83
1318414261 88
1318414321 89
1318414381 89
1318414441 85
1318414501 82
1318414561 83
1318414621 86
1318414681 81
1318414741 85
1318414801 84
1318414862 80
1318414921 77
1318414981 78
1318415041 85
1318415101 83
1318415161 81
1318415221 81
1318415281 85
1318415341 85
1318415401 84
1318415462 85
1318415521 87
1318415581 82
1318415641 76
1318415701 79
1318415761 84
1318415821 88
1318415881 85
1318415942 84
1318416002 89
1318416061 89
1318416121 87
1318416181 88
1318416241 89
1318416301 87
1318416361 92
1318416421 87
1318416481 91
1318416541 94
1318416602 93
1318416661 92
1318416721 91
1318416781 90
1318416841 87
1318416901 87
1318416961 80
1318417021 85
1318417082 86
1318417141 83
1318417201 83
1318417261 84
1318417321 83
1318417381 88
1318417441 90
1318417501 87
1318417561 88
1318417622 89
1318417682 89
1318417741 88
1318417801 91
1318417861 87
1318417921 88
1318417981 89
1318418041 91
1318418102 91
1318418162 90
1318418221 90
1318418281 90
1318418341 88
1318418401 84
1318418461 87
1318418521 87
1318418581 88
1318418641 86
1318418702 88
1318418761 88
1318418821 84
1318418881 87
1318418941 89
1318419001 90
1318419061 90
1318419121 88
1318419181 92
1318419241 98
1318419302 94
1318419362 96
1318419421 96
1318419481 99
1318419541 100
1318419601 97
1318419661 93
1318419721 99
1318419781 96
1318419842 100
1318419901 104
1318419961 105
1318420021 104
1318420081 98
1318420141 100
1318420201 102
1318420261 103
1318420321 102
1318420382 105
1318420442 101
1318420501 103
1318420561 99
1318420621 102
1318420681 106
1318420741 106
1318420801 111
1318420861 114
1318420922 112
1318420981 110
1318421041 107
1318421101 111
1318421161 112
1318421221 110
1318421281 112
1318421341 116
1318421401 116
1318421461 115
1318421522 123
1318421581 121
1318421641 123
1318421701 125
1318421761 123
1318421821 128
1318421881 127
1318421941 128
1318422001 128
1318422062 129
1318422121 123
1318422181 129
1318422241 130
1318422301 132
1318422361 131
1318422421 128
1318422481 130
1318422541 129
1318422602 135
1318422662 133
1318422721 135
1318422781 127
1318422841 134
1318422901 131
1318422961 135
1318423021 131
1318423081 137
1318423141 137
1318423201 134
1318423261 140
1318423321 138
1318423382 139
1318423441 144
1318423501 145
1318423561 143
1318423621 142
1318423681 142
1318423741 147
1318423801 142
1318423861 143
1318423922 138
1318423981 138
1318424041 132
1318424101 135
1318424161 136
1318424221 137
1318424281 127
1318424341 131
1318424401 133
1318424462 134
1318424521 140
1318424581 133
1318424641 137
1318424701 129
1318424761 132
1318424821 132
1318424881 129
1318424941 128
1318425002 126
1318425061 132
1318425121 129
1318425181 131
1318425241 128
1318425305 134
1318425361 130
1318425421 137
1318425482 142
1318425543 137
1318425602 133
1318425662 130
1318425722 130
1318425781 129
1318425842 123
1318425901 122
1318425961 118
1318426021 114
1318426081 115
1318426141 116
1318426201 112
1318426261 111
1318426321 114
1318426382 119
1318426442 119
1318426501 119
1318426562 119
1318426621 121
1318426681 118
1318426741 119
1318426801 123
1318426861 121
1318426921 123
1318426981 122
1318427041 120
1318427101 120
1318427162 120
1318427221 120
1318427281 120
1318427341 119
1318427401 118
1318427461 119
1318427521 114
1318427581 115
1318427641 114
1318427702 115
1318427762 116
1318427821 119
1318427881 122
1318427941 121
1318428001 119
1318428061 117
1318428121 116
1318428181 116
1318428241 117
1318428302 118
1318428361 120
1318428421 116
1318428481 119
1318428541 112
1318428601 120
1318428661 120
1318428721 121
1318428781 121
1318428841 123
1318428902 123
1318428961 119
1318429021 119
1318429081 112
1318429141 115
1318429201 111
1318429261 114
1318429321 111
1318429382 107
1318429441 103
1318429502 102
1318429561 107
1318429621 104
1318429681 102
1318429741 104
1318429801 105
1318429861 103
1318429921 104
1318429981 104
1318430041 99
1318430102 97
1318430161 96
1318430221 96
1318430281 93
1318430341 94
1318430401 97
1318430461 94
1318430521 96
1318430581 98
1318430641 96
1318430702 95
1318430761 96
1318430821 94
1318430881 100
1318430941 100
1318431001 100
1318431061 100
1318431121 101
1318431181 104
1318431241 105
1318431302 103
1318431361 101
1318431421 99
1318431481 98
1318431541 97
1318431601 95
1318431661 96
1318431721 95
1318431781 94
1318431842 100
1318431901 99
1318431961 97
1318432021 95
1318432081 96
1318432141 96
1318432201 93
1318432261 94
1318432321 93
1318432382 94
1318432441 93
1318432501 91
1318432561 92
1318432621 93
1318432681 90
1318432741 90
1318432801 90
1318432862 90
1318432922 89
1318432981 86
1318433041 87
1318433101 89
1318433161 89
1318433221 89
1318433281 90
1318433341 89
1318433402 88
1318433461 86
1318433521 88
1318433581 87
1318433641 82
1318433701 82
1318433761 82
1318433821 87
1318433881 83
1318433942 83
1318434001 82
1318434061 83
1318434121 86
1318434181 88
1318434241 87
1318434301 86
1318434361 86
1318434421 84
1318434482 81
1318434541 80
1318434601 79
1318434661 78
1318434721 74
1318434781 71
1318434841 73
1318434901 70
1318434961 67
1318435022 68
1318435081 68
1318435141 67
1318435201 65
