1304352061 19
1304352121 18
1304352181 18
1304352241 17
1304352301 16
1304352361 16
1304352421 16
1304352481 17
1304352541 17
1304352602 19
1304352661 19
1304352721 19
1304352781 18
1304352841 18
1304352901 15
1304352961 17
1304353021 16
1304353081 17
1304353141 14
1304353201 12
1304353262 15
1304353321 15
1304353381 14
1304353441 13
1304353501 14
1304353561 12
1304353621 13
1304353681 12
1304353741 14
1304353801 13
1304353861 14
1304353921 13
1304353982 15
1304354041 15
1304354101 14
1304354161 14
1304354221 13
1304354281 14
1304354341 15
1304354401 14
1304354461 13
1304354521 13
1304354581 12
1304354642 14
1304354701 14
1304354761 13
1304354821 14
1304354881 13
1304354941 12
1304355001 14
1304355061 13
1304355121 14
1304355181 13
1304355241 13
1304355302 14
1304355361 14
1304355421 13
1304355481 14
1304355541 12
1304355601 12
1304355661 13
1304355721 14
1304355781 14
1304355841 12
1304355901 12
1304355961 13
1304356021 12
1304356081 10
1304356141 12
1304356201 11
1304356261 10
1304356321 12
1304356381 12
1304356441 12
1304356502 12
1304356561 12
1304356621 12
1304356681 12
1304356741 11
1304356801 10
1304356861 10
1304356921 9
1304356981 11
1304357041 11
1304357102 10
1304357162 9
1304357221 10
1304357281 10
1304357341 9
1304357401 9
1304357461 8
1304357521 6
1304357581 6
1304357641 8
1304357701 8
1304357761 8
1304357821 7
1304357882 8
1304357941 8
1304358001 7
1304358061 8
1304358121 7
1304358181 6
1304358241 5
1304358301 7
1304358361 7
1304358421 7
1304358481 6
1304358541 7
1304358602 7
1304358661 6
1304358721 7
1304358781 7
1304358841 6
1304358901 5
1304358961 7
1304359021 7
1304359081 7
1304359141 6
1304359201 7
1304359261 7
1304359322 5
1304359381 6
1304359441 7
1304359501 6
1304359561 5
1304359621 7
1304359681 7
1304359741 7
1304359801 6
1304359861 7
1304359921 7
1304359981 5
1304360042 6
1304360101 7
1304360161 6
1304360221 5
1304360281 7
1304360341 7
1304360401 7
1304360461 6
1304360521 7
1304360581 7
1304360642 6
1304360701 5
1304360761 7
1304360821 6
1304360881 5
1304360941 7
1304361001 7
1304361061 7
1304361121 6
1304361181 7
1304361241 7
1304361302 6
1304361361 5
1304361421 7
1304361481 6
1304361541 5
1304361601 7
1304361661 7
1304361721 7
1304361781 6
1304361841 7
1304361902 7
1304361961 6
1304362021 5
1304362081 7
1304362141 6
1304362201 5
1304362261 7
1304362321 7
1304362381 7
1304362441 6
1304362501 7
1304362562 7
1304362621 6
1304362681 6
1304362741 6
1304362801 6
1304362861 5
1304362921 7
1304362981 7
1304363041 7
1304363101 6
1304363162 7
1304363221 7
1304363281 6
1304363341 6
1304363401 6
1304363461 6
1304363521 6
1304363581 7
1304363641 8
1304363701 8
1304363761 7
1304363822 9
1304363881 10
1304363941 10
1304364001 8
1304364061 9
1304364121 9
1304364181 9
1304364241 10
1304364301 10
1304364361 10
1304364421 9
1304364481 9
1304364541 9
1304364602 9
1304364661 7
1304364721 8
1304364781 8
1304364841 7
1304364901 8
1304364961 8
1304365021 7
1304365081 6
1304365141 7
1304365201 7
1304365261 7
1304365322 4
1304365381 5
1304365441 6
1304365501 6
1304365561 7
1304365621 7
1304365681 7
1304365741 6
1304365801 7
1304365861 7
1304365921 7
1304365981 5
1304366042 5
1304366101 7
1304366161 5
1304366221 7
1304366281 7
1304366341 7
1304366401 6
1304366461 7
1304366521 7
1304366581 7
1304366641 5
1304366701 5
1304366762 7
1304366821 5
1304366881 7
1304366941 7
1304367001 7
1304367061 7
1304367121 7
1304367181 7
1304367241 7
1304367301 5
1304367361 5
1304367421 7
1304367482 5
1304367541 7
1304367601 7
1304367661 6
1304367721 7
1304367781 7
1304367841 7
1304367901 7
1304367961 5
1304368021 5
1304368081 7
1304368141 5
1304368201 7
1304368262 8
1304368321 7
1304368381 8
1304368441 8
1304368501 8
1304368561 8
1304368621 7
1304368681 6
1304368741 8
1304368801 7
1304368861 8
1304368921 8
1304368982 8
1304369041 8
1304369101 8
1304369161 8
1304369221 8
1304369281 7
1304369341 7
1304369401 8
1304369461 6
1304369521 7
1304369581 6
1304369642 7
1304369701 7
1304369761 7
1304369821 6
1304369881 7
1304369941 6
1304370001 6
1304370061 7
1304370121 6
1304370181 7
1304370241 6
1304370301 6
1304370362 6
1304370421 6
1304370481 5
1304370541 6
1304370601 5
1304370661 5
1304370721 6
1304370781 4
1304370841 6
1304370901 6
1304370961 6
1304371021 6
1304371081 6
1304371142 4
1304371201 6
1304371261 5
1304371321 5
1304371381 6
1304371441 5
1304371501 6
1304371561 7
1304371621 7
1304371681 7
1304371741 7
1304371801 5
1304371861 7
1304371922 6
1304371982 6
1304372041 7
1304372101 6
1304372161 6
1304372221 7
1304372281 7
1304372341 7
1304372401 7
1304372461 5
1304372521 7
1304372581 6
1304372641 6
1304372701 7
1304372762 6
1304372821 6
1304372881 7
1304372941 7
1304373001 7
1304373061 7
1304373121 5
1304373181 7
1304373241 6
1304373301 5
1304373361 7
1304373421 6
1304373481 6
1304373542 7
1304373601 7
1304373661 7
1304373721 7
1304373781 6
1304373841 7
1304373901 6
1304373961 6
1304374021 7
1304374081 6
1304374141 6
1304374201 7
1304374261 7
1304374322 7
1304374381 6
1304374441 6
1304374501 8
1304374561 7
1304374621 8
1304374681 9
1304374741 8
1304374801 8
1304374861 9
1304374921 9
1304374981 10
1304375042 9
1304375101 8
1304375161 10
1304375221 7
1304375281 9
1304375341 10
1304375401 9
1304375461 10
1304375521 10
1304375581 9
1304375641 9
1304375702 8
1304375761 7
1304375821 9
1304375881 8
1304375941 8
1304376001 9
1304376061 7
1304376121 9
1304376181 9
1304376241 9
1304376301 9
1304376361 8
1304376421 7
1304376481 8
1304376541 7
1304376601 7
1304376662 8
1304376721 6
1304376781 8
1304376841 8
1304376901 8
1304376961 8
1304377021 7
1304377081 7
1304377141 8
1304377201 7
1304377261 7
1304377321 8
1304377382 6
1304377441 8
1304377501 8
1304377561 8
1304377621 8
1304377681 7
1304377741 7
1304377801 9
1304377861 8
1304377921 8
1304377981 8
1304378041 9
1304378102 11
1304378161 11
1304378221 11
1304378281 10
1304378341 9
1304378401 9
1304378461 9
1304378521 8
1304378581 9
1304378641 8
1304378701 9
1304378761 10
1304378822 10
1304378881 11
1304378941 11
1304379001 10
1304379061 10
1304379121 10
1304379181 10
1304379241 10
1304379301 7
1304379361 8
1304379421 9
1304379482 8
1304379541 8
1304379601 8
1304379661 7
1304379721 8
1304379781 7
1304379841 7
1304379901 9
1304379961 7
1304380021 10
1304380081 11
1304380141 11
1304380202 11
1304380261 13
1304380321 12
1304380381 15
1304380441 13
1304380501 14
1304380561 15
1304380621 12
1304380681 13
1304380741 14
1304380801 15
1304380861 14
1304380922 14
1304380981 13
1304381041 13
1304381101 13
1304381161 12
1304381221 13
1304381281 12
1304381341 12
1304381401 13
1304381461 12
1304381521 14
1304381581 14
1304381642 12
1304381701 11
1304381761 14
1304381821 13
1304381881 13
1304381941 14
1304382001 15
1304382061 15
1304382121 13
1304382181 14
1304382241 14
1304382301 14
1304382362 11
1304382421 13
1304382481 14
1304382541 11
1304382601 14
1304382661 16
1304382721 16
1304382781 16
1304382841 17
1304382901 16
1304382961 17
1304383021 14
1304383082 14
1304383142 17
1304383201 13
1304383261 16
1304383321 18
1304383381 17
1304383441 16
1304383501 19
1304383561 18
1304383621 19
1304383681 18
1304383741 18
1304383802 18
1304383862 17
1304383921 17
1304383981 21
1304384041 21
1304384101 21
1304384161 21
1304384221 21
1304384281 21
1304384341 20
1304384401 23
1304384461 24
1304384521 24
1304384582 23
1304384641 23
1304384701 21
1304384761 23
1304384821 22
1304384881 23
1304384941 22
1304385001 21
1304385061 25
1304385121 27
1304385181 25
1304385242 25
1304385301 25
1304385361 24
1304385421 25
1304385481 27
1304385541 27
1304385601 26
1304385661 24
1304385721 25
1304385781 28
1304385841 29
1304385902 28
1304385961 31
1304386021 32
1304386081 31
1304386141 34
1304386201 32
1304386261 33
1304386321 31
1304386381 33
1304386441 37
1304386501 37
1304386561 36
1304386622 35
1304386681 38
1304386741 35
1304386801 35
1304386861 36
1304386921 35
1304386981 33
1304387041 36
1304387101 36
1304387161 37
1304387221 39
1304387281 38
1304387342 39
1304387401 38
1304387461 37
1304387521 39
1304387581 42
1304387641 43
1304387701 44
1304387761 43
1304387821 41
1304387881 42
1304387941 44
1304388001 46
1304388062 45
1304388121 46
1304388181 47
1304388241 50
1304388301 51
1304388361 51
1304388421 51
1304388481 50
1304388541 48
1304388601 48
1304388661 48
1304388721 49
1304388782 46
1304388841 43
1304388901 44
1304388961 44
1304389021 44
1304389081 45
1304389141 47
1304389201 46
1304389261 46
1304389321 47
1304389381 48
1304389441 48
1304389502 51
1304389561 53
1304389621 55
1304389681 56
1304389741 56
1304389801 57
1304389861 56
1304389921 57
1304389981 59
1304390041 58
1304390101 54
1304390161 54
1304390221 55
1304390282 54
1304390341 52
1304390401 52
1304390461 53
1304390521 51
1304390581 54
1304390641 56
1304390701 56
1304390761 58
1304390821 59
1304390881 60
1304390941 60
1304391002 60
1304391061 56
1304391121 57
1304391181 54
1304391241 54
1304391301 51
1304391361 54
1304391421 54
1304391481 54
1304391541 56
1304391602 55
1304391661 56
1304391721 55
1304391781 54
1304391841 54
1304391901 52
1304391961 49
1304392021 53
1304392081 53
1304392141 53
1304392202 52
1304392261 53
1304392321 52
1304392381 52
1304392441 57
1304392501 58
1304392561 59
1304392621 60
1304392681 62
1304392741 59
1304392801 62
1304392861 61
1304392922 62
1304392981 62
1304393041 57
1304393101 56
1304393161 55
1304393221 50
1304393281 50
1304393341 53
1304393401 52
1304393461 53
1304393521 52
1304393581 51
1304393642 55
1304393701 54
1304393761 52
1304393821 53
1304393881 54
1304393941 53
1304394001 55
1304394061 55
1304394121 53
1304394181 54
1304394241 55
1304394302 58
1304394361 58
1304394421 57
1304394481 57
1304394541 55
1304394601 56
1304394661 56
1304394721 55
1304394781 54
1304394841 52
1304394901 50
1304394961 50
1304395022 50
1304395081 49
1304395141 52
1304395201 53
1304395261 53
1304395321 53
1304395381 50
1304395441 50
1304395501 53
1304395561 54
1304395621 53
1304395682 51
1304395741 50
1304395801 49
1304395861 47
1304395921 49
1304395981 50
1304396041 49
1304396101 49
1304396161 48
1304396221 49
1304396281 48
1304396341 48
1304396402 49
1304396461 50
1304396521 48
1304396581 51
1304396641 50
1304396701 52
1304396761 49
1304396821 50
1304396881 53
1304396941 53
1304397001 53
1304397062 54
1304397121 56
1304397181 55
1304397241 56
1304397301 55
1304397361 58
1304397421 56
1304397481 59
1304397541 60
1304397601 59
1304397661 59
1304397721 56
1304397782 55
1304397841 56
1304397901 54
1304397961 57
1304398021 57
1304398081 55
1304398141 56
1304398201 55
1304398261 55
1304398321 55
1304398381 57
1304398441 56
1304398502 55
1304398561 54
1304398621 55
1304398681 53
1304398741 54
1304398801 53
1304398861 54
1304398921 58
1304398981 58
1304399041 57
1304399101 61
1304399162 58
1304399222 60
1304399281 60
1304399341 60
1304399401 60
1304399461 57
1304399521 61
1304399581 57
1304399641 57
1304399701 55
1304399761 57
1304399821 58
1304399882 59
1304399941 58
1304400001 60
1304400061 60
1304400121 58
1304400181 59
1304400241 58
1304400301 59
1304400361 56
1304400421 54
1304400481 52
1304400542 52
1304400601 53
1304400661 52
1304400721 52
1304400781 51
1304400841 52
1304400901 55
1304400961 58
1304401021 59
1304401081 62
1304401142 58
1304401201 60
1304401261 61
1304401321 56
1304401381 61
1304401441 59
1304401501 59
1304401561 53
1304401621 58
1304401681 54
1304401741 59
1304401801 54
1304401862 56
1304401921 59
1304401981 58
1304402041 59
1304402101 58
1304402161 57
1304402221 54
1304402281 55
1304402341 57
1304402402 61
1304402461 59
1304402521 56
1304402581 57
1304402641 59
1304402701 54
1304402761 57
1304402821 56
1304402881 60
1304402941 54
1304403001 52
1304403062 54
1304403121 52
1304403181 52
1304403241 48
1304403301 51
1304403361 53
1304403421 54
1304403481 51
1304403541 52
1304403601 51
1304403661 53
1304403722 55
1304403781 53
1304403841 55
1304403901 57
1304403961 55
1304404021 56
1304404081 54
1304404141 57
1304404201 60
1304404261 58
1304404321 61
1304404381 62
1304404442 63
1304404501 60
1304404561 62
1304404621 60
1304404681 60
1304404741 59
1304404801 57
1304404861 56
1304404921 56
1304404981 56
1304405041 55
1304405101 56
1304405161 57
1304405222 57
1304405281 58
1304405341 60
1304405401 61
1304405461 63
1304405521 61
1304405581 62
1304405641 62
1304405701 61
1304405761 60
1304405821 60
1304405881 57
1304405942 57
1304406002 59
1304406061 56
1304406121 54
1304406181 53
1304406241 55
1304406301 53
1304406361 52
1304406421 52
1304406481 56
1304406541 56
1304406601 60
1304406661 60
1304406722 60
1304406781 59
1304406841 59
1304406901 63
1304406961 65
1304407021 65
1304407081 65
1304407141 65
1304407201 68
1304407261 72
1304407321 72
1304407381 72
1304407442 69
1304407501 68
1304407561 66
1304407621 66
1304407681 66
1304407741 65
1304407801 62
1304407861 63
1304407921 65
1304407981 64
1304408041 65
1304408101 68
1304408161 67
1304408221 64
1304408281 65
1304408341 65
1304408401 60
1304408461 64
1304408521 62
1304408581 62
1304408641 62
1304408701 60
1304408761 58
1304408821 58
1304408881 58
1304408941 60
1304409001 59
1304409061 57
1304409121 62
1304409181 61
1304409241 62
1304409301 64
1304409361 64
1304409421 65
1304409481 61
1304409541 58
1304409601 53
1304409661 50
1304409721 51
1304409781 48
1304409841 48
1304409901 47
1304409961 46
1304410021 47
1304410081 44
1304410141 46
1304410201 46
1304410261 47
1304410322 47
1304410381 48
1304410441 48
1304410501 51
1304410561 51
1304410621 52
1304410681 56
1304410741 53
1304410801 56
1304410861 55
1304410921 53
1304410982 56
1304411042 55
1304411101 52
1304411161 50
1304411221 48
1304411281 48
1304411341 47
1304411401 47
1304411461 47
1304411521 41
1304411582 42
1304411641 42
1304411701 41
1304411761 44
1304411821 40
1304411881 40
1304411941 40
1304412001 38
1304412061 39
1304412121 40
1304412181 40
1304412242 37
1304412302 38
1304412361 36
1304412421 38
1304412481 38
1304412541 40
1304412601 38
1304412661 37
1304412721 36
1304412781 37
1304412841 35
1304412901 36
1304412962 35
1304413021 32
1304413081 32
1304413141 29
1304413201 31
1304413261 33
1304413321 33
1304413381 32
1304413441 34
1304413501 32
1304413561 33
1304413621 33
1304413681 30
1304413742 34
1304413801 32
1304413861 31
1304413921 30
1304413981 28
1304414041 25
1304414101 24
1304414161 26
1304414221 26
1304414281 25
1304414341 24
1304414401 22
1304414461 25
1304414522 25
1304414581 24
1304414641 24
1304414701 24
1304414761 22
1304414821 25
1304414881 25
1304414941 25
1304415001 25
1304415061 23
1304415121 24
1304415181 23
1304415241 24
1304415301 25
1304415361 23
1304415421 22
1304415481 24
1304415541 24
1304415601 24
1304415661 22
1304415721 22
1304415781 22
1304415842 23
1304415901 22
1304415961 23
1304416021 24
1304416081 24
1304416141 24
1304416201 25
1304416261 25
1304416321 26
1304416381 24
1304416441 24
1304416502 24
1304416561 24
1304416621 24
1304416681 23
1304416741 23
1304416801 24
1304416861 24
1304416921 23
1304416981 26
1304417041 27
1304417101 27
1304417162 27
1304417221 28
1304417281 27
1304417341 27
1304417401 26
1304417461 26
1304417521 24
1304417581 25
1304417641 24
1304417701 27
1304417762 26
1304417822 24
1304417881 26
1304417941 26
1304418001 28
1304418061 27
1304418121 28
1304418181 27
1304418241 29
1304418301 27
1304418361 29
1304418421 28
1304418482 28
1304418541 27
1304418601 26
1304418661 28
1304418721 28
1304418781 28
1304418841 24
1304418901 25
1304418961 24
1304419021 24
1304419081 23
1304419141 24
1304419202 23
1304419261 22
1304419321 24
1304419381 26
1304419441 24
1304419501 23
1304419561 26
1304419621 26
1304419681 25
1304419741 25
1304419801 26
1304419862 28
1304419921 25
1304419981 23
1304420041 25
1304420101 24
1304420161 23
1304420221 24
1304420281 24
1304420341 24
1304420401 24
1304420461 23
1304420521 24
1304420581 23
1304420641 24
1304420702 24
1304420761 25
1304420821 27
1304420881 27
1304420941 27
1304421001 26
1304421061 26
1304421121 27
1304421181 26
1304421241 26
1304421301 28
1304421361 27
1304421422 25
1304421481 26
1304421541 27
1304421601 26
1304421661 25
1304421721 25
1304421781 26
1304421841 25
1304421901 22
1304421961 25
1304422021 26
1304422082 25
1304422142 23
1304422201 25
1304422261 24
1304422321 25
1304422381 24
1304422441 25
1304422501 25
1304422561 24
1304422621 25
1304422681 25
1304422741 25
1304422801 25
1304422861 27
1304422922 24
1304422981 26
1304423041 24
1304423101 25
1304423161 25
1304423221 26
1304423281 28
1304423341 28
1304423401 25
1304423462 27
1304423521 27
1304423581 27
1304423641 29
1304423701 29
1304423761 28
1304423821 28
1304423881 28
1304423941 28
1304424001 28
1304424061 26
1304424121 27
1304424181 27
1304424241 26
1304424301 26
1304424361 26
1304424421 27
1304424481 27
1304424541 28
1304424601 27
1304424662 29
1304424722 29
1304424781 28
1304424841 28
1304424901 27
1304424961 26
1304425021 23
1304425081 26
1304425141 26
1304425201 26
1304425261 24
1304425321 26
1304425382 26
1304425441 25
1304425501 25
1304425561 24
1304425621 26
1304425681 23
1304425741 25
1304425801 27
1304425861 27
1304425921 27
1304425981 27
1304426041 29
1304426102 28
1304426161 28
1304426221 27
1304426281 26
1304426341 25
1304426401 25
1304426461 26
1304426521 26
1304426581 25
1304426641 22
1304426701 24
1304426762 23
1304426821 24
1304426881 24
1304426941 23
1304427001 24
1304427061 26
1304427121 25
1304427181 26
1304427241 27
1304427301 27
1304427361 28
1304427421 26
1304427482 26
1304427541 27
1304427601 26
1304427661 24
1304427721 28
1304427781 28
1304427841 27
1304427901 28
1304427961 27
1304428021 26
1304428081 26
1304428141 27
1304428202 27
1304428261 25
1304428321 25
1304428381 26
1304428441 26
1304428501 25
1304428561 26
1304428621 26
1304428681 27
1304428741 28
1304428801 28
1304428862 27
1304428921 27
1304428981 29
1304429041 29
1304429101 30
1304429161 29
1304429221 28
1304429281 28
1304429341 27
1304429401 29
1304429461 27
1304429522 24
1304429582 25
1304429641 25
1304429701 24
1304429761 25
1304429821 25
1304429881 26
1304429941 26
1304430001 26
1304430061 27
1304430121 26
1304430181 25
1304430241 28
1304430302 27
1304430361 28
1304430421 26
1304430481 25
1304430541 25
1304430601 25
1304430661 26
1304430721 27
1304430781 26
1304430841 26
1304430902 27
1304430962 29
1304431021 28
1304431081 28
1304431141 28
1304431201 28
1304431261 26
1304431321 28
1304431381 25
1304431441 24
1304431502 25
1304431561 27
1304431621 28
1304431681 27
1304431741 28
1304431801 27
1304431861 28
1304431921 28
1304431981 29
1304432041 26
1304432101 28
1304432161 28
1304432221 31
1304432281 31
1304432341 29
1304432401 31
1304432461 30
1304432521 28
1304432581 29
1304432641 30
1304432701 29
1304432762 25
1304432821 25
1304432881 26
1304432941 27
1304433001 25
1304433061 27
1304433121 26
1304433181 26
1304433241 25
1304433301 25
1304433361 25
1304433422 25
1304433481 24
1304433541 23
1304433601 23
1304433661 24
1304433721 24
1304433781 23
1304433841 27
1304433901 27
1304433961 26
1304434021 26
1304434081 28
1304434142 29
1304434201 29
1304434261 27
1304434321 28
1304434381 28
1304434441 25
1304434501 26
1304434561 27
1304434621 28
1304434681 27
1304434741 28
1304434802 28
1304434861 29
1304434921 29
1304434981 29
1304435041 29
1304435101 29
1304435161 29
1304435221 28
1304435281 27
1304435341 27
1304435401 25
1304435461 23
1304435522 24
1304435581 23
1304435641 23
1304435701 21
1304435761 23
1304435821 21
1304435881 21
1304435941 21
1304436001 22
1304436061 23
1304436121 22
1304436181 23
1304436242 23
1304436301 23
1304436361 21
1304436421 22
1304436481 21
1304436541 20
1304436601 21
1304436661 20
1304436721 21
1304436781 20
1304436841 20
1304436902 20
1304436961 20
1304437021 20
1304437081 20
1304437141 19
1304437201 17
1304437261 20
1304437321 19
1304437381 19
1304437441 18
1304437501 18
1304437561 18
1304437622 17
1304437681 19
1304437741 19
1304437801 18
1304437861 15
1304437921 17
1304437981 17
1304438041 19
1304438101 19
1304438161 18
1304438221 17
1304438282 17
1304438341 19
