1315584062 35
1315584122 36
1315584181 34
1315584241 33
1315584301 35
1315584361 33
1315584421 33
1315584481 34
1315584542 31
1315584601 31
1315584661 31
1315584721 29
1315584781 31
1315584841 29
1315584901 25
1315584961 28
1315585021 27
1315585081 27
1315585141 26
1315585201 25
1315585261 26
1315585321 24
1315585381 23
1315585442 24
1315585502 24
1315585561 21
1315585621 22
1315585681 22
1315585741 24
1315585801 23
1315585861 23
1315585922 23
1315585981 23
1315586041 25
1315586101 24
1315586161 24
1315586221 21
1315586281 24
1315586341 24
1315586401 24
1315586461 24
1315586521 23
1315586581 24
1315586642 21
1315586701 23
1315586761 23
1315586821 21
1315586881 19
1315586941 22
1315587001 24
1315587061 25
1315587121 24
1315587181 24
1315587241 23
1315587302 22
1315587361 23
1315587421 23
1315587481 21
1315587541 22
1315587601 24
1315587661 22
1315587721 22
1315587781 20
1315587842 20
1315587901 21
1315587961 21
1315588021 21
1315588081 20
1315588141 18
1315588201 17
1315588262 20
1315588321 20
1315588381 20
1315588441 20
1315588501 20
1315588561 17
1315588621 17
1315588682 15
1315588741 15
1315588801 16
1315588861 15
1315588921 16
1315588982 14
1315589042 15
1315589102 17
1315589161 18
1315589221 19
1315589281 19
1315589341 18
1315589401 16
1315589461 17
1315589521 16
1315589581 18
1315589641 16
1315589702 17
1315589761 18
1315589821 17
1315589881 17
1315589941 16
1315590001 16
1315590061 15
1315590122 15
1315590182 15
1315590242 16
1315590301 14
1315590361 15
1315590421 15
1315590481 15
1315590541 14
1315590601 15
1315590661 14
1315590721 14
1315590781 13
1315590841 14
1315590902 14
1315590961 13
1315591021 14
1315591081 15
1315591141 15
1315591201 14
1315591261 14
1315591321 14
1315591382 14
1315591441 12
1315591501 14
1315591561 12
1315591621 10
1315591681 12
1315591741 12
1315591802 12
1315591861 12
1315591921 13
1315591981 13
1315592041 13
1315592101 11
1315592161 13
1315592221 12
1315592281 13
1315592341 13
1315592402 12
1315592461 12
1315592521 12
1315592581 12
1315592641 12
1315592701 10
1315592761 11
1315592821 12
1315592881 11
1315592941 12
1315593002 12
1315593061 11
1315593121 11
1315593181 12
1315593241 12
1315593301 12
1315593361 9
1315593421 11
1315593482 12
1315593541 11
1315593601 12
1315593661 11
1315593721 12
1315593781 10
1315593841 12
1315593901 12
1315593961 12
1315594021 10
1315594081 9
1315594141 10
1315594201 10
1315594261 11
1315594321 10
1315594382 11
1315594441 9
1315594501 11
1315594561 11
1315594621 11
1315594681 11
1315594741 10
1315594802 10
1315594861 10
1315594921 11
1315594981 10
1315595041 11
1315595101 9
1315595162 10
1315595221 10
1315595281 10
1315595341 10
1315595401 10
1315595461 10
1315595521 10
1315595582 11
1315595641 10
1315595701 11
1315595761 10
1315595821 11
1315595881 9
1315595941 11
1315596002 11
1315596061 10
1315596121 10
1315596181 10
1315596241 11
1315596301 10
1315596361 12
1315596421 10
1315596482 11
1315596542 9
1315596601 10
1315596661 11
1315596721 10
1315596781 10
1315596841 11
1315596901 11
1315596962 10
1315597022 9
1315597081 9
1315597141 10
1315597201 10
1315597261 11
1315597321 11
1315597381 10
1315597441 10
1315597502 11
1315597561 10
1315597621 10
1315597681 10
1315597741 9
1315597801 8
1315597861 9
1315597922 10
1315597982 10
1315598041 9
1315598101 9
1315598161 10
1315598221 10
1315598281 10
1315598341 9
1315598401 9
1315598461 10
1315598521 9
1315598582 10
1315598641 10
1315598701 9
1315598761 9
1315598821 10
1315598881 10
1315598941 10
1315599001 10
1315599061 10
1315599122 9
1315599181 9
1315599241 9
1315599301 10
1315599361 9
1315599421 9
1315599481 10
1315599541 10
1315599601 10
1315599662 8
1315599721 10
1315599781 9
1315599841 10
1315599901 9
1315599961 10
1315600021 9
1315600081 9
1315600141 10
1315600202 10
1315600261 9
1315600321 8
1315600381 10
1315600441 9
1315600501 10
1315600561 10
1315600621 10
1315600682 9
1315600741 10
1315600801 11
1315600861 11
1315600921 10
1315600981 9
1315601041 11
1315601101 10
1315601162 11
1315601222 11
1315601281 10
1315601341 9
1315601401 9
1315601461 10
1315601521 10
1315601581 9
1315601641 8
1315601701 11
1315601762 11
1315601821 11
1315601881 11
1315601941 10
1315602001 10
1315602061 9
1315602121 11
1315602181 11
1315602241 11
1315602302 9
1315602361 8
1315602421 10
1315602481 10
1315602541 10
1315602601 10
1315602661 8
1315602721 9
1315602781 10
1315602842 8
1315602902 9
1315602961 9
1315603021 9
1315603081 10
1315603141 10
1315603201 10
1315603261 10
1315603321 8
1315603381 9
1315603442 10
1315603502 8
1315603561 11
1315603621 10
1315603681 10
1315603741 11
1315603801 11
1315603861 11
1315603921 10
1315603982 10
1315604042 11
1315604101 12
1315604161 9
1315604221 10
1315604281 10
1315604341 10
1315604401 11
1315604462 11
1315604521 11
1315604581 11
1315604641 11
1315604701 12
1315604761 11
1315604821 12
1315604881 11
1315604941 11
1315605002 11
1315605062 12
1315605121 12
1315605181 11
1315605241 11
1315605301 9
1315605361 12
1315605421 11
1315605481 12
1315605541 14
1315605602 13
1315605661 14
1315605721 14
1315605781 13
1315605842 13
1315605902 13
1315605961 13
1315606021 12
1315606081 13
1315606141 13
1315606201 13
1315606261 11
1315606321 13
1315606382 13
1315606441 13
1315606501 13
1315606561 12
1315606621 13
1315606681 10
1315606741 9
1315606801 12
1315606862 12
1315606921 11
1315606981 12
1315607041 12
1315607101 12
1315607161 11
1315607221 13
1315607281 14
1315607341 13
1315607401 13
1315607461 15
1315607522 16
1315607581 17
1315607641 18
1315607701 17
1315607761 18
1315607821 17
1315607881 17
1315607941 17
1315608002 15
1315608062 16
1315608121 16
1315608181 15
1315608241 18
1315608301 18
1315608361 17
1315608421 17
1315608481 17
1315608541 17
1315608601 17
1315608662 16
1315608722 18
1315608781 17
1315608841 16
1315608901 17
1315608961 16
1315609021 16
1315609081 18
1315609142 18
1315609202 18
1315609261 18
1315609321 18
1315609381 19
1315609441 19
1315609501 18
1315609561 20
1315609621 19
1315609681 20
1315609742 22
1315609802 21
1315609861 20
1315609921 21
1315609981 21
1315610041 22
1315610101 21
1315610161 22
1315610221 24
1315610281 23
1315610342 23
1315610401 24
1315610461 26
1315610521 23
1315610581 23
1315610641 24
1315610701 25
1315610761 23
1315610821 24
1315610881 23
1315610941 24
1315611001 24
1315611061 24
1315611121 25
1315611182 23
1315611241 24
1315611301 26
1315611361 25
1315611421 23
1315611481 25
1315611541 24
1315611601 26
1315611662 26
1315611722 28
1315611781 28
1315611841 28
1315611901 32
1315611961 32
1315612021 32
1315612081 31
1315612141 31
1315612201 31
1315612262 31
1315612321 29
1315612381 33
1315612441 32
1315612501 25
1315612561 28
1315612621 30
1315612681 28
1315612741 29
1315612802 27
1315612861 30
1315612921 31
1315612981 30
1315613041 29
1315613101 31
1315613161 29
1315613221 30
1315613281 29
1315613342 30
1315613401 33
1315613461 31
1315613522 34
1315613581 32
1315613641 31
1315613701 32
1315613761 33
1315613821 31
1315613881 32
1315613941 31
1315614001 31
1315614061 30
1315614122 27
1315614181 31
1315614241 29
1315614301 29
1315614361 29
1315614421 27
1315614481 30
1315614541 28
1315614601 29
1315614661 29
1315614721 29
1315614781 28
1315614841 29
1315614901 31
1315614961 32
1315615021 32
1315615081 30
1315615141 31
1315615202 29
1315615261 32
1315615321 30
1315615381 32
1315615441 30
1315615501 32
1315615561 33
1315615621 36
1315615681 39
1315615741 37
1315615802 41
1315615862 41
1315615921 42
1315615981 40
1315616041 41
1315616101 36
1315616161 39
1315616221 38
1315616281 37
1315616341 38
1315616402 36
1315616461 38
1315616521 37
1315616581 38
1315616641 38
1315616701 37
1315616761 34
1315616821 35
1315616881 35
1315616942 38
1315617001 38
1315617061 37
1315617121 38
1315617181 37
1315617241 40
1315617301 40
1315617361 38
1315617421 41
1315617481 40
1315617542 39
1315617601 41
1315617661 43
1315617721 42
1315617781 44
1315617841 42
1315617901 45
1315617961 46
1315618021 43
1315618082 45
1315618141 45
1315618201 44
1315618261 43
1315618321 43
1315618381 42
1315618441 44
1315618501 42
1315618561 42
1315618621 43
1315618682 43
1315618741 43
1315618801 45
1315618861 43
1315618921 46
1315618981 47
1315619041 48
1315619101 50
1315619161 49
1315619221 50
1315619282 50
1315619342 51
1315619401 50
1315619461 52
1315619521 51
1315619581 48
1315619641 50
1315619701 51
1315619761 51
1315619821 50
1315619881 51
1315619941 52
1315620002 52
1315620061 50
1315620121 54
1315620181 54
1315620241 53
1315620301 53
1315620361 55
1315620421 55
1315620481 55
1315620541 55
1315620602 55
1315620661 52
1315620721 50
1315620781 52
1315620841 49
1315620901 52
1315620961 51
1315621021 51
1315621081 49
1315621141 50
1315621201 48
1315621262 47
1315621321 47
1315621381 47
1315621441 49
1315621501 48
1315621561 48
1315621621 48
1315621681 47
1315621741 45
1315621801 45
1315621862 45
1315621921 42
1315621981 46
1315622041 46
1315622101 47
1315622161 47
1315622221 50
1315622281 48
1315622341 49
1315622401 48
1315622462 52
1315622521 52
1315622581 50
1315622641 53
1315622701 49
1315622761 51
1315622821 49
1315622881 52
1315622941 54
1315623001 51
1315623061 55
1315623122 53
1315623181 55
1315623241 56
1315623301 60
1315623361 59
1315623421 59
1315623481 58
1315623541 55
1315623601 60
1315623661 60
1315623721 63
1315623782 58
1315623845 61
1315623901 60
1315623961 62
1315624021 63
1315624081 64
1315624141 66
1315624202 62
1315624261 60
1315624321 63
1315624381 63
1315624441 58
1315624501 58
1315624561 58
1315624621 57
1315624681 57
1315624741 55
1315624802 58
1315624861 58
1315624921 57
1315624981 56
1315625041 54
1315625101 52
1315625161 55
1315625221 55
1315625281 54
1315625341 57
1315625401 58
1315625462 55
1315625521 56
1315625581 59
1315625641 57
1315625701 58
1315625761 59
1315625821 59
1315625881 62
1315625941 59
1315626001 61
1315626062 61
1315626121 61
1315626181 61
1315626241 59
1315626301 57
1315626361 57
1315626421 56
1315626481 57
1315626541 59
1315626601 56
1315626662 56
1315626721 52
1315626781 51
1315626841 54
1315626901 54
1315626961 54
1315627021 54
1315627081 53
1315627141 51
1315627202 51
1315627262 49
1315627321 49
1315627381 47
1315627441 48
1315627501 46
1315627561 45
1315627621 45
1315627681 40
1315627741 43
1315627801 40
1315627862 43
1315627922 44
1315627981 44
1315628041 44
1315628101 44
1315628161 44
1315628221 47
1315628281 46
1315628341 44
1315628401 46
1315628461 47
1315628522 45
1315628582 48
1315628641 50
1315628701 49
1315628761 48
1315628821 45
1315628881 47
1315628941 47
1315629001 48
1315629061 46
1315629121 48
1315629182 44
1315629241 43
1315629301 44
1315629361 41
1315629421 41
1315629481 40
1315629541 42
1315629601 37
1315629661 37
1315629721 36
1315629782 36
1315629842 33
1315629901 34
1315629961 33
1315630021 33
1315630081 33
1315630141 35
1315630201 40
1315630261 40
1315630321 40
1315630381 41
1315630442 40
1315630501 38
1315630561 39
1315630621 38
1315630681 39
1315630741 38
1315630801 37
1315630861 37
1315630921 33
1315630982 35
1315631042 36
1315631101 35
1315631161 36
1315631221 34
1315631281 34
1315631341 31
1315631401 32
1315631461 32
1315631521 33
1315631582 32
1315631641 32
1315631701 34
1315631761 34
1315631821 34
1315631881 33
1315631941 33
1315632001 34
1315632061 34
1315632122 33
1315632181 33
1315632241 31
1315632301 31
1315632361 34
1315632421 34
1315632481 35
1315632541 35
1315632601 36
1315632661 36
1315632722 37
1315632781 35
1315632841 39
1315632901 39
1315632961 37
1315633021 38
1315633081 37
1315633141 40
1315633201 40
1315633261 41
1315633322 42
1315633382 42
1315633441 41
1315633501 39
1315633561 40
1315633621 40
1315633681 40
1315633741 39
1315633801 37
1315633862 37
1315633922 38
1315633981 38
1315634041 36
1315634101 39
1315634161 39
1315634221 40
1315634281 42
1315634341 41
1315634401 38
1315634462 41
1315634521 39
1315634581 40
1315634641 40
1315634701 39
1315634761 38
1315634821 40
1315634881 39
1315634941 40
1315635002 40
1315635061 38
1315635121 39
1315635181 42
1315635241 41
1315635301 43
1315635361 45
1315635421 42
1315635481 43
1315635541 43
1315635601 44
1315635662 42
1315635721 40
1315635781 38
1315635841 38
1315635901 37
1315635961 37
1315636021 38
1315636081 38
1315636141 40
1315636201 40
1315636261 39
1315636322 41
1315636381 40
1315636441 41
1315636501 40
1315636561 40
1315636621 41
1315636681 38
1315636741 36
1315636801 37
1315636862 38
1315636922 39
1315636981 39
1315637041 38
1315637101 36
1315637161 35
1315637221 35
1315637281 34
1315637341 35
1315637401 35
1315637461 35
1315637521 36
1315637581 37
1315637641 38
1315637701 39
1315637761 39
1315637821 40
1315637881 41
1315637942 39
1315638002 39
1315638061 40
1315638121 37
1315638181 37
1315638241 38
1315638301 39
1315638361 41
1315638421 39
1315638481 38
1315638541 40
1315638602 39
1315638662 38
1315638721 41
1315638781 38
1315638841 38
1315638901 40
1315638961 37
1315639021 39
1315639081 40
1315639141 40
1315639201 41
1315639262 43
1315639322 39
1315639381 43
1315639441 46
1315639501 45
1315639561 45
1315639621 44
1315639681 46
1315639741 45
1315639801 47
1315639861 49
1315639921 51
1315639982 51
1315640042 50
1315640101 51
1315640161 52
1315640221 52
1315640281 50
1315640341 50
1315640401 49
1315640461 52
1315640521 51
1315640581 48
1315640641 49
1315640701 50
1315640761 49
1315640821 50
1315640881 48
1315640941 52
1315641001 54
1315641061 56
1315641122 57
1315641182 57
1315641241 55
1315641301 56
1315641361 54
1315641421 55
1315641481 53
1315641541 51
1315641601 51
1315641661 52
1315641721 55
1315641782 56
1315641841 55
1315641901 54
1315641961 54
1315642021 52
1315642081 56
1315642141 53
1315642201 49
1315642261 47
1315642322 50
1315642381 51
1315642441 53
1315642501 49
1315642561 53
1315642621 55
1315642681 54
1315642741 53
1315642801 56
1315642861 58
1315642921 58
1315642982 59
1315643041 59
1315643101 59
1315643161 57
1315643221 56
1315643281 55
1315643341 58
1315643401 54
1315643461 54
1315643521 54
1315643581 56
1315643642 59
1315643702 59
1315643761 60
1315643821 62
1315643881 62
1315643941 62
1315644001 63
1315644061 64
1315644121 63
1315644181 61
1315644242 61
1315644301 59
1315644361 60
1315644421 61
1315644481 59
1315644541 59
1315644601 61
1315644661 60
1315644721 58
1315644781 60
1315644842 59
1315644901 59
1315644961 59
1315645021 59
1315645081 61
1315645141 60
1315645201 57
1315645261 59
1315645321 57
1315645382 57
1315645441 57
1315645501 59
1315645561 58
1315645621 56
1315645681 57
1315645742 55
1315645802 59
1315645861 53
1315645921 50
1315645981 47
1315646041 46
1315646101 46
1315646161 45
1315646222 47
1315646281 46
1315646341 46
1315646401 45
1315646461 47
1315646521 45
1315646581 47
1315646641 46
1315646701 47
1315646762 49
1315646821 47
1315646881 49
1315646941 49
1315647001 50
1315647061 52
1315647121 53
1315647181 53
1315647241 50
1315647301 48
1315647362 49
1315647421 50
1315647481 53
1315647541 53
1315647601 51
1315647661 51
1315647721 54
1315647781 53
1315647841 52
1315647902 52
1315647962 52
1315648022 51
1315648081 48
1315648141 49
1315648201 48
1315648261 48
1315648321 48
1315648381 50
1315648441 52
1315648501 50
1315648561 48
1315648622 46
1315648681 45
1315648741 48
1315648801 49
1315648861 47
1315648921 46
1315648981 47
1315649041 45
1315649101 46
1315649161 47
1315649221 46
1315649282 47
1315649341 42
1315649401 46
1315649461 45
1315649521 45
1315649581 47
1315649641 48
1315649701 45
1315649761 47
1315649822 47
1315649882 47
1315649941 47
1315650001 46
1315650061 46
1315650121 45
1315650181 40
1315650241 42
1315650301 42
1315650361 40
1315650421 41
1315650481 41
1315650541 40
1315650601 39
1315650661 39
1315650721 37
1315650781 37
1315650841 37
1315650902 37
1315650961 34
1315651021 33
1315651081 34
1315651141 32
1315651201 28
1315651261 29
1315651321 30
1315651381 31
1315651441 30
1315651502 32
1315651561 31
1315651621 30
1315651681 27
1315651741 28
1315651801 27
1315651861 27
1315651921 25
1315651981 24
1315652041 26
1315652102 27
1315652161 28
1315652221 28
1315652281 27
1315652341 31
1315652401 34
1315652461 31
1315652521 30
1315652581 29
1315652642 28
1315652702 29
1315652761 30
1315652821 30
1315652881 29
1315652941 27
1315653001 27
1315653061 25
1315653121 26
1315653181 25
1315653242 25
1315653302 26
1315653361 26
1315653421 25
1315653481 25
1315653541 25
1315653601 23
1315653661 25
1315653721 24
1315653781 25
1315653841 24
1315653902 24
1315653961 25
1315654021 27
1315654081 26
1315654141 24
1315654201 24
1315654261 22
1315654321 24
1315654381 24
1315654441 22
1315654502 25
1315654562 24
1315654621 25
1315654681 25
1315654741 26
1315654801 26
1315654861 26
1315654921 26
1315654981 27
1315655041 25
1315655102 24
1315655161 28
1315655221 27
1315655281 28
1315655341 30
1315655401 30
1315655461 29
1315655521 28
1315655581 28
1315655641 29
1315655701 29
1315655762 27
1315655821 27
1315655881 28
1315655941 30
1315656001 31
1315656061 31
1315656121 31
1315656181 32
1315656241 31
1315656301 32
1315656362 31
1315656421 32
1315656481 32
1315656541 31
1315656601 31
1315656661 32
1315656721 34
1315656781 33
1315656841 34
1315656901 30
1315656961 30
1315657022 29
1315657081 30
1315657141 30
1315657201 31
1315657261 33
1315657321 31
1315657381 34
1315657441 34
1315657501 30
1315657562 32
1315657622 35
1315657681 35
1315657741 37
1315657801 36
1315657861 35
1315657921 37
1315657981 38
1315658041 38
1315658101 39
1315658161 37
1315658221 38
1315658281 38
1315658341 38
1315658401 39
1315658462 37
1315658521 36
1315658581 37
1315658641 39
1315658701 38
1315658761 41
1315658821 40
1315658881 43
1315658941 41
1315659001 41
1315659061 42
1315659122 41
1315659181 40
1315659241 40
1315659301 39
1315659361 39
1315659421 36
1315659481 37
1315659541 37
1315659601 37
1315659661 37
1315659722 38
1315659781 38
1315659841 39
1315659901 42
1315659961 42
1315660021 42
1315660081 41
1315660141 41
1315660201 42
1315660261 42
1315660322 42
1315660382 43
1315660441 42
1315660501 40
1315660561 39
1315660621 39
1315660681 42
1315660741 40
1315660801 42
1315660861 43
1315660921 44
1315660982 43
1315661041 42
1315661101 43
1315661161 45
1315661221 45
1315661281 42
1315661341 45
1315661401 43
1315661461 44
1315661521 45
1315661582 45
1315661642 48
1315661701 47
1315661761 46
1315661821 48
1315661881 49
1315661941 51
1315662001 51
1315662061 49
1315662121 51
1315662181 54
1315662242 49
1315662301 50
1315662361 49
1315662421 49
1315662481 47
1315662541 46
1315662601 48
1315662661 48
1315662721 49
1315662781 47
1315662842 49
1315662901 48
1315662961 47
1315663021 47
1315663081 48
1315663141 45
1315663201 44
1315663261 48
1315663321 49
1315663381 47
1315663442 48
1315663501 50
1315663561 49
1315663621 47
1315663681 50
1315663741 52
1315663801 50
1315663861 52
1315663921 50
1315663982 52
1315664042 53
1315664101 53
1315664161 55
1315664221 56
1315664281 53
1315664341 53
1315664401 54
1315664461 49
1315664521 52
1315664582 54
1315664641 50
1315664701 52
1315664761 50
1315664821 53
1315664881 52
1315664941 51
1315665001 54
1315665061 54
1315665122 49
1315665181 48
1315665241 51
1315665301 48
1315665361 48
1315665421 46
1315665481 50
1315665541 48
1315665601 49
1315665661 49
1315665722 47
1315665781 48
1315665841 47
1315665901 49
1315665961 48
1315666021 49
1315666081 50
1315666141 52
1315666201 53
1315666261 54
1315666322 56
1315666381 57
1315666441 56
1315666501 52
1315666561 57
1315666621 56
1315666681 55
1315666741 55
1315666802 51
1315666861 53
1315666921 52
1315666981 53
1315667041 56
1315667101 54
1315667161 51
1315667221 49
1315667281 49
1315667342 47
1315667402 48
1315667461 47
1315667521 48
1315667581 45
1315667641 44
1315667701 45
1315667761 46
1315667821 46
1315667882 45
1315667941 47
1315668001 46
1315668061 46
1315668121 44
1315668181 43
1315668241 43
1315668301 44
1315668362 44
1315668422 43
1315668482 40
1315668541 37
1315668601 40
1315668661 37
1315668721 37
1315668781 39
1315668841 37
1315668901 38
1315668962 39
1315669021 39
1315669081 39
1315669141 39
1315669201 40
1315669261 41
1315669321 39
1315669381 37
1315669441 38
1315669502 38
1315669561 36
1315669621 40
1315669681 43
1315669741 41
1315669801 36
1315669861 34
1315669921 32
1315669981 32
1315670041 34
1315670102 32
1315670161 32
1315670221 29
1315670281 26
1315670341 30
1315670401 29
