1308240061 20
1308240121 23
1308240181 20
1308240241 19
1308240301 19
1308240362 18
1308240421 20
1308240481 19
1308240541 20
1308240601 20
1308240661 18
1308240721 18
1308240781 18
1308240841 18
1308240901 19
1308240961 18
1308241021 17
1308241082 18
1308241141 17
1308241201 18
1308241261 18
1308241321 18
1308241381 19
1308241441 18
1308241501 18
1308241561 17
1308241621 16
1308241681 17
1308241741 19
1308241801 19
1308241862 19
1308241921 17
1308241981 16
1308242041 17
1308242101 15
1308242161 16
1308242221 17
1308242281 15
1308242341 17
1308242401 17
1308242461 17
1308242521 17
1308242581 16
1308242642 16
1308242701 16
1308242761 17
1308242821 16
1308242881 15
1308242941 12
1308243001 15
1308243061 15
1308243121 15
1308243181 14
1308243241 14
1308243301 15
1308243362 13
1308243421 16
1308243481 16
1308243541 16
1308243601 14
1308243661 15
1308243721 15
1308243781 15
1308243841 14
1308243901 13
1308243961 15
1308244021 15
1308244081 14
1308244141 13
1308244202 13
1308244261 13
1308244321 13
1308244381 12
1308244441 13
1308244501 12
1308244561 12
1308244621 12
1308244681 13
1308244741 14
1308244801 13
1308244861 13
1308244922 13
1308244982 14
1308245041 14
1308245101 14
1308245161 13
1308245221 12
1308245281 11
1308245341 12
1308245401 11
1308245461 12
1308245521 12
1308245581 11
1308245642 12
1308245701 11
1308245761 11
1308245821 9
1308245881 10
1308245941 9
1308246001 11
1308246061 10
1308246121 10
1308246181 10
1308246241 9
1308246301 10
1308246362 10
1308246421 9
1308246481 8
1308246541 10
1308246601 9
1308246661 10
1308246721 9
1308246781 10
1308246841 10
1308246901 9
1308246961 10
1308247021 10
1308247082 9
1308247141 8
1308247201 9
1308247261 7
1308247321 9
1308247382 8
1308247441 9
1308247501 9
1308247561 8
1308247621 9
1308247681 10
1308247741 8
1308247801 10
1308247861 11
1308247921 11
1308247981 11
1308248041 10
1308248102 11
1308248161 11
1308248221 10
1308248281 11
1308248341 11
1308248401 9
1308248461 9
1308248521 9
1308248581 10
1308248641 10
1308248701 9
1308248761 10
1308248822 10
1308248881 9
1308248941 10
1308249001 10
1308249061 8
1308249121 9
1308249181 9
1308249241 10
1308249301 10
1308249361 9
1308249421 10
1308249481 10
1308249542 9
1308249601 10
1308249661 10
1308249721 9
1308249781 9
1308249841 9
1308249901 10
1308249961 10
1308250021 10
1308250081 8
1308250141 9
1308250202 9
1308250262 10
1308250321 9
1308250381 9
1308250441 10
1308250501 10
1308250561 10
1308250621 10
1308250681 10
1308250741 8
1308250801 10
1308250861 9
1308250921 10
1308250981 8
1308251042 7
1308251101 9
1308251161 9
1308251221 9
1308251281 9
1308251341 9
1308251401 7
1308251461 7
1308251521 7
1308251581 8
1308251641 7
1308251702 6
1308251762 8
1308251821 8
1308251881 8
1308251941 8
1308252001 7
1308252061 7
1308252121 8
1308252181 7
1308252242 8
1308252301 7
1308252361 6
1308252421 8
1308252481 8
1308252541 8
1308252601 8
1308252661 7
1308252721 5
1308252782 8
1308252841 8
1308252901 8
1308252961 8
1308253021 7
1308253081 8
1308253141 8
1308253201 8
1308253261 8
1308253321 8
1308253382 7
1308253441 8
1308253501 7
1308253561 7
1308253621 8
1308253681 7
1308253741 8
1308253801 8
1308253861 9
1308253921 9
1308253981 9
1308254041 8
1308254102 9
1308254161 8
1308254221 8
1308254281 8
1308254341 8
1308254401 9
1308254461 8
1308254521 8
1308254581 8
1308254641 8
1308254701 7
1308254761 8
1308254822 7
1308254881 6
1308254941 7
1308255001 7
1308255061 8
1308255121 8
1308255181 8
1308255241 6
1308255301 8
1308255361 7
1308255421 8
1308255481 8
1308255541 6
1308255601 8
1308255661 8
1308255721 8
1308255781 8
1308255841 8
1308255901 7
1308255961 8
1308256021 7
1308256081 8
1308256141 8
1308256202 6
1308256261 7
1308256321 8
1308256381 7
1308256441 8
1308256501 7
1308256561 7
1308256621 8
1308256681 7
1308256741 8
1308256801 7
1308256861 6
1308256921 7
1308256982 8
1308257041 7
1308257101 8
1308257161 7
1308257221 7
1308257281 8
1308257341 7
1308257401 8
1308257461 7
1308257521 6
1308257581 7
1308257641 8
1308257701 7
1308257762 8
1308257821 8
1308257881 7
1308257941 8
1308258001 7
1308258061 8
1308258121 8
1308258181 6
1308258241 7
1308258301 8
1308258361 7
1308258421 8
1308258481 8
1308258542 7
1308258601 8
1308258661 7
1308258721 7
1308258781 8
1308258841 7
1308258901 7
1308258961 8
1308259021 7
1308259081 8
1308259141 8
1308259201 7
1308259261 9
1308259322 8
1308259381 8
1308259441 8
1308259501 8
1308259561 9
1308259621 8
1308259681 8
1308259741 9
1308259801 9
1308259861 8
1308259921 9
1308259982 8
1308260042 9
1308260101 9
1308260161 7
1308260221 9
1308260281 9
1308260341 8
1308260401 9
1308260461 8
1308260521 8
1308260581 9
1308260641 7
1308260702 9
1308260762 9
1308260821 7
1308260881 8
1308260941 9
1308261001 9
1308261061 9
1308261121 8
1308261181 8
1308261241 9
1308261301 8
1308261361 8
1308261422 9
1308261481 8
1308261541 7
1308261601 8
1308261661 9
1308261721 9
1308261781 8
1308261841 10
1308261901 9
1308261961 9
1308262021 10
1308262081 10
1308262141 9
1308262202 10
1308262261 10
1308262321 10
1308262381 10
1308262441 7
1308262501 10
1308262561 9
1308262621 7
1308262681 9
1308262741 9
1308262801 7
1308262861 8
1308262922 9
1308262981 9
1308263041 9
1308263101 8
1308263161 10
1308263221 10
1308263281 8
1308263341 10
1308263401 10
1308263461 10
1308263521 10
1308263581 11
1308263641 11
1308263701 9
1308263762 8
1308263821 10
1308263881 10
1308263941 8
1308264001 9
1308264061 9
1308264121 9
1308264181 8
1308264241 7
1308264301 7
1308264361 6
1308264421 6
1308264481 7
1308264541 7
1308264601 5
1308264661 6
1308264721 7
1308264781 7
1308264841 7
1308264901 7
1308264961 7
1308265021 5
1308265081 5
1308265141 6
1308265201 6
1308265262 3
1308265321 6
1308265381 7
1308265441 7
1308265501 7
1308265561 7
1308265621 7
1308265681 6
1308265741 5
1308265801 6
1308265862 6
1308265921 3
1308265981 6
1308266041 7
1308266101 7
1308266161 7
1308266221 8
1308266281 9
1308266341 9
1308266401 9
1308266462 8
1308266522 9
1308266581 6
1308266641 9
1308266701 9
1308266761 9
1308266821 9
1308266881 8
1308266941 10
1308267001 10
1308267061 10
1308267122 10
1308267181 11
1308267241 8
1308267301 11
1308267361 14
1308267421 16
1308267481 16
1308267541 17
1308267601 19
1308267661 20
1308267721 18
1308267781 18
1308267842 19
1308267901 17
1308267961 18
1308268021 18
1308268081 19
1308268141 19
1308268201 18
1308268261 20
1308268321 20
1308268381 21
1308268441 20
1308268501 21
1308268562 19
1308268621 19
1308268681 20
1308268741 23
1308268801 22
1308268861 24
1308268921 23
1308268981 22
1308269041 24
1308269101 23
1308269161 24
1308269222 23
1308269281 24
1308269341 24
1308269401 24
1308269461 21
1308269521 25
1308269581 25
1308269641 25
1308269701 26
1308269761 25
1308269821 25
1308269881 26
1308269942 25
1308270001 28
1308270061 28
1308270121 26
1308270181 28
1308270241 29
1308270301 28
1308270361 27
1308270421 27
1308270481 24
1308270541 29
1308270601 27
1308270661 27
1308270722 28
1308270781 28
1308270841 26
1308270901 26
1308270961 26
1308271021 25
1308271081 26
1308271141 22
1308271201 27
1308271261 27
1308271321 26
1308271382 26
1308271441 29
1308271501 29
1308271561 29
1308271621 28
1308271681 29
1308271741 29
1308271801 28
1308271861 31
1308271921 33
1308271981 33
1308272041 32
1308272102 34
1308272161 34
1308272221 34
1308272281 35
1308272341 35
1308272401 33
1308272461 33
1308272521 33
1308272581 33
1308272641 32
1308272701 33
1308272761 36
1308272822 38
1308272881 36
1308272941 38
1308273001 37
1308273061 36
1308273121 35
1308273181 35
1308273241 36
1308273301 37
1308273361 34
1308273421 38
1308273481 37
1308273542 36
1308273601 37
1308273661 37
1308273721 37
1308273781 38
1308273841 37
1308273901 40
1308273961 40
1308274021 41
1308274081 43
1308274141 44
1308274202 43
1308274261 47
1308274321 47
1308274381 45
1308274441 47
1308274501 44
1308274561 49
1308274621 48
1308274681 50
1308274741 49
1308274801 48
1308274861 46
1308274921 44
1308274981 43
1308275041 41
1308275101 41
1308275161 42
1308275221 43
1308275281 43
1308275341 44
1308275401 43
1308275461 42
1308275522 44
1308275581 45
1308275641 44
1308275701 45
1308275761 43
1308275821 45
1308275881 43
1308275941 45
1308276001 44
1308276061 44
1308276122 45
1308276181 45
1308276241 46
1308276301 43
1308276361 44
1308276421 40
1308276481 45
1308276541 44
1308276601 44
1308276661 45
1308276721 45
1308276781 45
1308276842 43
1308276901 48
1308276961 47
1308277021 45
1308277081 46
1308277141 47
1308277201 48
1308277261 49
1308277321 47
1308277381 47
1308277441 47
1308277502 46
1308277561 45
1308277621 46
1308277681 46
1308277741 47
1308277801 47
1308277861 46
1308277921 48
1308277981 49
1308278041 50
1308278101 50
1308278162 48
1308278221 49
1308278281 50
1308278341 48
1308278401 49
1308278461 51
1308278521 49
1308278581 48
1308278641 47
1308278701 49
1308278761 47
1308278821 44
1308278882 41
1308278941 43
1308279001 45
1308279061 44
1308279121 44
1308279181 47
1308279241 47
1308279301 44
1308279361 46
1308279421 45
1308279481 45
1308279542 44
1308279601 43
1308279661 41
1308279721 46
1308279781 44
1308279841 46
1308279901 45
1308279961 46
1308280021 47
1308280081 45
1308280141 45
1308280201 43
1308280261 43
1308280321 41
1308280381 43
1308280441 44
1308280501 42
1308280561 43
1308280621 41
1308280681 42
1308280742 42
1308280801 43
1308280861 44
1308280921 44
1308280981 44
1308281041 44
1308281101 45
1308281161 47
1308281221 46
1308281281 46
1308281341 46
1308281402 48
1308281461 49
1308281521 50
1308281581 50
1308281641 51
1308281701 51
1308281761 51
1308281821 52
1308281881 51
1308281941 49
1308282001 47
1308282062 48
1308282121 47
1308282181 48
1308282241 47
1308282301 49
1308282361 48
1308282421 48
1308282481 47
1308282541 47
1308282601 45
1308282661 45
1308282721 45
1308282782 47
1308282842 48
1308282901 45
1308282961 44
1308283021 48
1308283081 48
1308283141 47
1308283201 48
1308283261 48
1308283321 45
1308283381 45
1308283441 42
1308283502 44
1308283561 42
1308283621 44
1308283681 42
1308283741 42
1308283801 40
1308283861 37
1308283921 40
1308283981 41
1308284041 41
1308284101 41
1308284162 44
1308284221 43
1308284281 43
1308284341 44
1308284401 45
1308284461 46
1308284521 46
1308284581 45
1308284641 50
1308284701 51
1308284761 48
1308284821 52
1308284882 51
1308284941 52
1308285001 50
1308285061 50
1308285121 52
1308285181 53
1308285241 52
1308285301 53
1308285361 54
1308285421 50
1308285482 53
1308285541 54
1308285601 53
1308285661 54
1308285721 54
1308285781 51
1308285841 51
1308285901 51
1308285961 48
1308286021 48
1308286081 45
1308286142 46
1308286201 47
1308286261 45
1308286321 46
1308286381 45
1308286441 48
1308286501 50
1308286561 49
1308286621 50
1308286681 50
1308286741 54
1308286801 54
1308286862 54
1308286921 52
1308286981 51
1308287041 53
1308287101 51
1308287161 52
1308287221 50
1308287281 52
1308287341 48
1308287401 51
1308287461 52
1308287522 52
1308287581 52
1308287641 49
1308287701 49
1308287761 51
1308287821 50
1308287881 49
1308287941 48
1308288001 52
1308288061 50
1308288122 50
1308288181 49
1308288241 50
1308288301 49
1308288361 51
1308288421 51
1308288481 51
1308288541 50
1308288601 48
1308288661 51
1308288721 50
1308288782 50
1308288841 49
1308288901 52
1308288961 53
1308289021 54
1308289081 55
1308289141 51
1308289201 51
1308289261 48
1308289321 51
1308289382 52
1308289441 50
1308289501 49
1308289561 48
1308289621 47
1308289681 47
1308289741 49
1308289801 49
1308289861 49
1308289921 50
1308289981 51
1308290042 51
1308290101 53
1308290161 58
1308290221 59
1308290281 57
1308290341 58
1308290401 56
1308290461 57
1308290521 54
1308290581 54
1308290641 52
1308290701 52
1308290762 49
1308290821 51
1308290881 54
1308290941 56
1308291001 55
1308291061 56
1308291121 55
1308291181 54
1308291241 56
1308291301 53
1308291361 55
1308291421 56
1308291482 58
1308291541 59
1308291601 56
1308291661 57
1308291721 56
1308291781 55
1308291841 54
1308291901 55
1308291961 53
1308292021 50
1308292081 51
1308292142 52
1308292201 50
1308292261 54
1308292321 53
1308292381 54
1308292441 54
1308292501 52
1308292561 53
1308292621 53
1308292681 53
1308292741 53
1308292801 55
1308292862 52
1308292921 53
1308292981 54
1308293041 52
1308293101 51
1308293161 49
1308293221 52
1308293281 48
1308293341 50
1308293401 49
1308293461 47
1308293522 48
1308293581 48
1308293641 47
1308293701 49
1308293761 49
1308293821 48
1308293881 50
1308293941 48
1308294001 50
1308294061 52
1308294121 53
1308294182 52
1308294241 53
1308294301 51
1308294361 50
1308294421 51
1308294481 50
1308294541 47
1308294601 51
1308294661 49
1308294721 51
1308294781 52
1308294842 53
1308294901 52
1308294961 55
1308295021 54
1308295081 54
1308295141 56
1308295201 53
1308295261 54
1308295321 51
1308295381 54
1308295441 52
1308295502 52
1308295562 51
1308295621 52
1308295681 50
1308295741 52
1308295801 50
1308295861 50
1308295921 48
1308295981 45
1308296041 47
1308296101 46
1308296161 48
1308296222 46
1308296281 48
1308296341 46
1308296401 47
1308296461 48
1308296521 50
1308296581 48
1308296641 48
1308296701 48
1308296761 45
1308296822 45
1308296881 44
1308296941 44
1308297001 46
1308297061 42
1308297121 43
1308297181 45
1308297241 43
1308297301 44
1308297361 43
1308297421 42
1308297481 42
1308297542 39
1308297601 37
1308297661 38
1308297721 33
1308297781 32
1308297841 31
1308297901 30
1308297961 30
1308298021 30
1308298081 30
1308298141 32
1308298202 30
1308298261 31
1308298321 32
1308298381 33
1308298441 34
1308298501 35
1308298561 34
1308298621 32
1308298681 34
1308298741 32
1308298801 34
1308298862 36
1308298921 36
1308298981 37
1308299041 37
1308299101 35
1308299161 35
1308299221 38
1308299281 34
1308299341 32
1308299401 30
1308299461 30
1308299521 29
1308299582 26
1308299641 28
1308299701 29
1308299761 30
1308299821 30
1308299881 30
1308299941 29
1308300001 30
1308300061 28
1308300121 29
1308300181 31
1308300242 31
1308300301 28
1308300361 27
1308300421 29
1308300481 29
1308300541 30
1308300601 28
1308300661 28
1308300721 30
1308300781 28
1308300842 29
1308300901 28
1308300961 28
1308301021 25
1308301081 24
1308301141 24
1308301201 24
1308301261 23
1308301321 23
1308301381 24
1308301441 22
1308301501 23
1308301562 23
1308301621 23
1308301681 23
1308301741 24
1308301801 25
1308301861 25
1308301921 25
1308301981 24
1308302041 26
1308302101 26
1308302161 25
1308302222 23
1308302281 23
1308302341 23
1308302401 23
1308302461 23
1308302521 23
1308302581 25
1308302641 23
1308302701 26
1308302761 26
1308302821 28
1308302882 26
1308302942 26
1308303001 26
1308303061 26
1308303121 26
1308303181 26
1308303241 24
1308303301 23
1308303361 23
1308303421 23
1308303481 24
1308303542 23
1308303601 22
1308303661 24
1308303721 24
1308303781 22
1308303841 24
1308303901 25
1308303961 25
1308304021 23
1308304081 23
1308304142 24
1308304202 23
1308304261 23
1308304321 23
1308304381 23
1308304441 23
1308304501 22
1308304561 23
1308304621 23
1308304681 21
1308304741 20
1308304802 21
1308304861 18
1308304921 20
1308304981 21
1308305041 19
1308305101 20
1308305161 20
1308305221 21
1308305281 21
1308305341 20
1308305401 20
1308305462 21
1308305521 19
1308305581 21
1308305641 19
1308305701 19
1308305761 21
1308305821 21
1308305881 21
1308305941 21
1308306001 20
1308306062 20
1308306121 20
1308306181 20
1308306241 22
1308306301 21
1308306361 21
1308306421 22
1308306481 23
1308306541 22
1308306601 22
1308306661 22
1308306721 22
1308306781 21
1308306842 21
1308306901 21
1308306961 21
1308307021 22
1308307081 20
1308307141 19
1308307201 19
1308307261 20
1308307321 22
1308307381 22
1308307441 21
1308307501 24
1308307562 23
1308307621 23
1308307681 23
1308307741 24
1308307801 24
1308307861 23
1308307921 22
1308307981 24
1308308041 23
1308308101 21
1308308161 20
1308308221 20
1308308282 21
1308308341 21
1308308401 20
1308308461 20
1308308521 20
1308308581 21
1308308641 22
1308308701 20
1308308761 21
1308308821 20
1308308881 19
1308308942 21
1308309001 21
1308309061 20
1308309121 19
1308309181 18
1308309241 20
1308309301 21
1308309361 20
1308309421 21
1308309481 19
1308309541 20
1308309601 22
1308309661 22
1308309721 19
1308309781 17
1308309841 20
1308309901 20
1308309961 19
1308310021 20
1308310081 20
1308310141 20
1308310201 19
1308310261 20
1308310321 20
1308310381 19
1308310442 17
1308310501 17
1308310561 17
1308310621 16
1308310681 18
1308310741 16
1308310801 18
1308310861 19
1308310921 19
1308310981 19
1308311041 19
1308311101 20
1308311162 18
1308311221 20
1308311281 19
1308311341 19
1308311401 16
1308311461 18
1308311521 17
1308311581 17
1308311641 16
1308311701 15
1308311761 17
1308311821 15
1308311882 16
1308311941 16
1308312001 16
1308312061 15
1308312121 17
1308312181 16
1308312241 15
1308312301 18
1308312361 20
1308312421 19
1308312481 22
1308312541 21
1308312602 24
1308312661 24
1308312721 23
1308312781 25
1308312841 24
1308312901 22
1308312961 24
1308313021 23
1308313081 22
1308313141 22
1308313202 21
1308313261 22
1308313321 22
1308313381 20
1308313441 21
1308313501 19
1308313561 20
1308313621 21
1308313681 19
1308313741 21
1308313801 19
1308313861 21
1308313922 22
1308313981 22
1308314041 21
1308314101 22
1308314161 20
1308314221 22
1308314281 22
1308314341 22
1308314401 21
1308314461 24
1308314521 27
1308314581 31
1308314642 31
1308314702 30
1308314761 30
1308314821 28
1308314881 31
1308314941 29
1308315001 31
1308315061 26
1308315121 27
1308315181 25
1308315241 28
1308315301 28
1308315362 28
1308315421 27
1308315481 27
1308315541 27
1308315601 26
1308315661 24
1308315721 26
1308315781 25
1308315841 25
1308315901 24
1308315961 23
1308316022 24
1308316081 23
1308316141 24
1308316201 23
1308316261 25
1308316321 20
1308316381 26
1308316441 24
1308316501 26
1308316561 26
1308316621 26
1308316682 24
1308316741 24
1308316801 26
1308316861 26
1308316921 27
1308316981 27
1308317041 27
1308317101 26
1308317161 27
1308317221 27
1308317281 26
1308317341 27
1308317402 27
1308317461 25
1308317521 24
1308317581 23
1308317641 24
1308317701 25
1308317761 24
1308317821 23
1308317881 24
1308317941 25
1308318001 24
1308318061 22
1308318122 24
1308318181 21
1308318241 21
1308318301 23
1308318361 23
1308318421 22
1308318481 22
1308318541 22
1308318601 22
1308318661 23
1308318721 22
1308318781 23
1308318841 21
1308318901 21
1308318961 23
1308319021 22
1308319081 23
1308319141 24
1308319201 25
1308319261 26
1308319321 25
1308319381 26
1308319441 29
1308319501 29
1308319561 27
1308319622 29
1308319681 29
1308319741 27
1308319801 28
1308319861 27
1308319921 27
1308319981 25
1308320041 25
1308320101 26
1308320161 26
1308320221 26
1308320281 25
1308320341 25
1308320402 26
1308320461 24
1308320521 25
1308320581 25
1308320641 27
1308320701 25
1308320761 25
1308320821 27
1308320881 30
1308320941 29
1308321001 27
1308321061 27
1308321122 26
1308321181 25
1308321241 23
1308321301 24
1308321361 22
1308321421 22
1308321481 20
1308321541 22
1308321601 23
1308321661 23
1308321721 23
1308321782 23
1308321841 22
1308321901 24
1308321961 25
1308322021 23
1308322081 23
1308322141 24
1308322201 28
1308322261 28
1308322321 28
1308322381 26
1308322441 27
1308322502 26
1308322561 27
1308322621 25
1308322681 27
1308322741 25
1308322801 24
1308322861 24
1308322921 24
1308322981 25
1308323041 24
1308323101 23
1308323161 21
1308323222 24
1308323281 24
1308323341 25
1308323401 23
1308323461 26
1308323521 27
1308323581 26
1308323641 28
1308323701 27
1308323761 28
1308323821 26
1308323881 26
1308323942 26
1308324001 25
1308324061 21
1308324121 22
1308324181 23
1308324241 21
1308324301 21
1308324361 21
1308324421 22
1308324481 20
1308324541 19
1308324601 20
1308324662 19
1308324721 17
1308324781 20
1308324841 20
1308324901 19
1308324961 20
1308325021 20
1308325081 20
1308325141 19
1308325201 18
1308325261 19
1308325321 20
1308325382 17
1308325441 19
1308325501 21
1308325561 20
1308325621 23
1308325681 23
1308325741 24
1308325801 24
1308325861 23
1308325921 23
1308325981 23
1308326041 20
1308326102 19
1308326161 19
1308326221 15
1308326281 17
1308326341 16
