1312128061 29
1312128121 30
1312128181 29
1312128241 29
1312128302 29
1312128361 31
1312128421 30
1312128481 29
1312128541 30
1312128601 29
1312128661 30
1312128721 29
1312128781 30
1312128841 28
1312128902 26
1312128961 25
1312129021 27
1312129081 25
1312129141 25
1312129201 24
1312129261 24
1312129321 26
1312129381 24
1312129441 26
1312129502 26
1312129561 24
1312129621 22
1312129681 23
1312129741 20
1312129801 19
1312129861 18
1312129921 16
1312129981 17
1312130042 18
1312130101 18
1312130161 17
1312130221 18
1312130281 19
1312130341 18
1312130401 18
1312130461 17
1312130521 18
1312130581 17
1312130641 16
1312130702 15
1312130761 13
1312130821 10
1312130881 12
1312130941 13
1312131001 13
1312131061 14
1312131121 14
1312131181 13
1312131241 11
1312131302 12
1312131361 12
1312131421 12
1312131481 10
1312131541 9
1312131601 14
1312131661 15
1312131721 17
1312131781 17
1312131842 16
1312131901 16
1312131961 17
1312132021 17
1312132081 17
1312132141 16
1312132201 13
1312132261 13
1312132321 11
1312132381 10
1312132442 10
1312132502 9
1312132561 10
1312132621 10
1312132681 11
1312132741 11
1312132801 9
1312132861 9
1312132922 10
1312132981 9
1312133041 10
1312133101 11
1312133161 9
1312133221 11
1312133281 10
1312133341 10
1312133401 9
1312133461 7
1312133522 10
1312133581 10
1312133641 9
1312133701 9
1312133761 9
1312133821 8
1312133881 8
1312133941 8
1312134001 8
1312134061 8
1312134121 4
1312134182 7
1312134241 6
1312134301 7
1312134361 7
1312134421 7
1312134481 6
1312134541 7
1312134601 7
1312134661 6
1312134721 7
1312134781 5
1312134841 7
1312134902 5
1312134961 7
1312135021 7
1312135081 7
1312135141 6
1312135201 7
1312135261 8
1312135321 7
1312135382 8
1312135441 7
1312135501 8
1312135561 7
1312135621 8
1312135681 8
1312135741 8
1312135801 7
1312135861 7
1312135921 7
1312135981 7
1312136042 6
1312136101 6
1312136161 6
1312136221 6
1312136281 7
1312136341 7
1312136401 7
1312136461 7
1312136521 7
1312136581 5
1312136641 7
1312136701 6
1312136762 6
1312136821 6
1312136881 6
1312136941 7
1312137001 7
1312137061 6
1312137121 7
1312137181 7
1312137241 5
1312137301 7
1312137361 6
1312137421 6
1312137481 7
1312137541 7
1312137601 6
1312137661 7
1312137721 7
1312137781 7
1312137841 7
1312137901 6
1312137961 7
1312138021 7
1312138082 6
1312138141 7
1312138201 7
1312138261 6
1312138321 6
1312138381 7
1312138441 7
1312138501 6
1312138561 7
1312138621 6
1312138681 5
1312138742 5
1312138801 6
1312138861 6
1312138921 5
1312138981 5
1312139041 6
1312139101 6
1312139161 5
1312139221 5
1312139281 5
1312139341 5
1312139402 4
1312139461 5
1312139521 5
1312139581 4
1312139641 4
1312139701 5
1312139761 5
1312139821 4
1312139881 5
1312139941 4
1312140001 5
1312140061 5
1312140122 6
1312140181 6
1312140241 5
1312140301 5
1312140361 6
1312140421 6
1312140481 5
1312140541 6
1312140601 6
1312140661 5
1312140721 4
1312140782 5
1312140842 5
1312140901 5
1312140961 4
1312141021 5
1312141081 5
1312141141 5
1312141201 4
1312141261 4
1312141321 4
1312141381 3
1312141441 4
1312141502 4
1312141561 4
1312141621 3
1312141681 4
1312141741 4
1312141801 4
1312141861 4
1312141921 6
1312141981 6
1312142041 5
1312142101 5
1312142162 6
1312142221 6
1312142281 7
1312142341 7
1312142401 7
1312142461 7
1312142521 5
1312142581 6
1312142641 6
1312142701 5
1312142762 6
1312142821 6
1312142881 4
1312142941 5
1312143001 5
1312143061 4
1312143121 5
1312143181 4
1312143241 5
1312143301 5
1312143361 4
1312143421 5
1312143481 5
1312143541 4
1312143601 5
1312143661 5
1312143721 4
1312143781 5
1312143841 4
1312143901 5
1312143961 4
1312144022 3
1312144081 4
1312144141 4
1312144201 3
1312144261 4
1312144321 4
1312144381 3
1312144441 4
1312144501 4
1312144562 4
1312144622 4
1312144681 3
1312144741 4
1312144801 4
1312144861 3
1312144921 4
1312144981 4
1312145041 3
1312145101 2
1312145161 3
1312145221 3
1312145282 3
1312145341 2
1312145401 3
1312145461 3
1312145521 2
1312145581 2
1312145641 3
1312145701 3
1312145761 2
1312145821 3
1312145881 3
1312145942 3
1312146001 2
1312146061 3
1312146121 3
1312146181 3
1312146241 2
1312146301 3
1312146361 3
1312146421 2
1312146481 3
1312146542 3
1312146601 3
1312146661 2
1312146721 3
1312146781 3
1312146841 3
1312146901 3
1312146961 4
1312147021 4
1312147081 4
1312147141 3
1312147202 4
1312147261 4
1312147321 4
1312147381 4
1312147441 4
1312147501 3
1312147561 2
1312147621 3
1312147681 3
1312147741 3
1312147801 2
1312147861 3
1312147921 3
1312147981 2
1312148041 3
1312148101 4
1312148161 4
1312148221 3
1312148281 4
1312148341 4
1312148401 4
1312148462 5
1312148521 5
1312148581 6
1312148641 5
1312148701 7
1312148761 6
1312148821 6
1312148881 5
1312148941 7
1312149001 7
1312149061 6
1312149122 6
1312149181 6
1312149241 6
1312149301 4
1312149361 6
1312149421 6
1312149481 6
1312149541 5
1312149601 6
1312149661 6
1312149721 6
1312149781 6
1312149842 6
1312149901 6
1312149961 5
1312150021 6
1312150081 6
1312150141 6
1312150201 4
1312150261 5
1312150321 6
1312150381 7
1312150441 7
1312150502 7
1312150561 6
1312150621 5
1312150681 6
1312150741 7
1312150801 7
1312150861 6
1312150921 5
1312150981 7
1312151041 7
1312151102 8
1312151161 8
1312151221 8
1312151281 7
1312151341 8
1312151401 8
1312151461 8
1312151521 7
1312151581 6
1312151641 8
1312151701 7
1312151762 9
1312151821 9
1312151881 10
1312151941 9
1312152001 9
1312152061 9
1312152121 9
1312152181 8
1312152241 9
1312152301 8
1312152361 9
1312152422 10
1312152481 10
1312152541 10
1312152601 9
1312152661 10
1312152721 11
1312152781 10
1312152841 8
1312152901 10
1312152961 10
1312153021 11
1312153081 10
1312153142 12
1312153201 13
1312153261 12
1312153321 13
1312153381 13
1312153441 12
1312153501 13
1312153561 11
1312153621 13
1312153681 13
1312153741 12
1312153801 10
1312153861 11
1312153921 9
1312153981 10
1312154041 10
1312154101 8
1312154161 9
1312154221 7
1312154282 8
1312154341 9
1312154401 9
1312154461 8
1312154521 9
1312154581 9
1312154641 9
1312154701 9
1312154761 9
1312154821 10
1312154881 10
1312154941 11
1312155001 11
1312155061 11
1312155121 10
1312155181 12
1312155241 12
1312155301 11
1312155361 13
1312155421 11
1312155481 13
1312155541 11
1312155601 14
1312155661 15
1312155721 15
1312155781 15
1312155841 16
1312155901 15
1312155961 15
1312156021 16
1312156081 15
1312156141 18
1312156202 19
1312156261 18
1312156321 19
1312156381 18
1312156441 23
1312156501 25
1312156561 23
1312156621 22
1312156681 24
1312156741 24
1312156802 22
1312156861 24
1312156921 24
1312156981 24
1312157041 21
1312157101 24
1312157161 24
1312157221 26
1312157281 28
1312157341 29
1312157402 30
1312157462 30
1312157521 30
1312157581 33
1312157641 34
1312157701 30
1312157761 32
1312157821 35
1312157881 32
1312157941 33
1312158002 32
1312158061 32
1312158121 36
1312158181 34
1312158241 33
1312158301 38
1312158361 37
1312158421 35
1312158481 35
1312158542 37
1312158601 37
1312158661 40
1312158721 37
1312158781 42
1312158841 42
1312158901 41
1312158961 48
1312159021 50
1312159081 52
1312159141 52
1312159201 54
1312159261 56
1312159321 57
1312159381 58
1312159441 56
1312159501 60
1312159561 55
1312159621 59
1312159682 61
1312159741 58
1312159801 59
1312159861 55
1312159921 58
1312159981 61
1312160041 67
1312160101 67
1312160162 67
1312160222 65
1312160281 67
1312160341 70
1312160401 69
1312160461 69
1312160521 68
1312160581 68
1312160641 67
1312160701 69
1312160761 70
1312160821 75
1312160881 77
1312160941 76
1312161001 77
1312161061 76
1312161122 80
1312161181 80
1312161241 80
1312161301 81
1312161361 81
1312161421 79
1312161481 81
1312161541 82
1312161601 82
1312161661 86
1312161722 84
1312161781 82
1312161841 84
1312161901 82
1312161961 78
1312162021 81
1312162081 83
1312162141 83
1312162202 82
1312162261 81
1312162321 81
1312162381 81
1312162441 81
1312162501 79
1312162561 84
1312162621 80
1312162681 83
1312162742 82
1312162802 84
1312162861 88
1312162921 89
1312162981 94
1312163041 96
1312163101 97
1312163161 94
1312163221 102
1312163281 99
1312163341 100
1312163402 103
1312163461 103
1312163521 105
1312163581 103
1312163641 100
1312163701 103
1312163761 109
1312163822 104
1312163881 104
1312163941 105
1312164001 101
1312164061 105
1312164121 102
1312164181 107
1312164241 107
1312164301 105
1312164362 102
1312164421 105
1312164482 107
1312164541 106
1312164601 109
1312164661 103
1312164722 101
1312164781 99
1312164841 103
1312164901 101
1312164961 98
1312165021 98
1312165081 98
1312165141 104
1312165202 101
1312165261 105
1312165321 106
1312165381 107
1312165441 101
1312165502 105
1312165561 102
1312165621 105
1312165681 104
1312165741 105
1312165801 110
1312165861 109
1312165921 111
1312165981 112
1312166041 113
1312166101 116
1312166161 119
1312166221 111
1312166281 114
1312166341 116
1312166401 116
1312166461 117
1312166521 113
1312166581 117
1312166641 115
1312166701 115
1312166761 116
1312166821 118
1312166881 113
1312166941 114
1312167001 113
1312167061 110
1312167121 117
1312167181 119
1312167241 120
1312167301 120
1312167361 120
1312167421 120
1312167481 122
1312167541 123
1312167601 120
1312167662 126
1312167721 126
1312167781 118
1312167841 129
1312167901 128
1312167961 124
1312168021 123
1312168082 122
1312168141 123
1312168201 126
1312168261 127
1312168321 124
1312168381 125
1312168441 124
1312168502 136
1312168561 138
1312168621 137
1312168681 138
1312168741 140
1312168801 143
1312168862 144
1312168921 143
1312168981 147
1312169041 143
1312169101 130
1312169161 127
1312169221 131
1312169281 127
1312169342 131
1312169401 129
1312169461 132
1312169521 132
1312169581 123
1312169641 129
1312169702 129
1312169762 135
1312169821 130
1312169881 129
1312169941 128
1312170001 123
1312170061 122
1312170121 120
1312170182 120
1312170241 124
1312170301 123
1312170361 119
1312170421 122
1312170482 121
1312170541 111
1312170601 117
1312170661 114
1312170721 111
1312170781 112
1312170841 105
1312170902 109
1312170961 107
1312171021 103
1312171081 101
1312171141 101
1312171201 102
1312171261 108
1312171321 110
1312171381 109
1312171441 106
1312171501 104
1312171561 106
1312171621 105
1312171681 103
1312171742 103
1312171801 98
1312171861 94
1312171921 94
1312171981 92
1312172041 91
1312172101 87
1312172161 91
1312172221 94
1312172281 93
1312172341 93
1312172401 94
1312172461 90
1312172521 93
1312172581 93
1312172642 94
1312172701 94
1312172761 94
1312172821 94
1312172881 91
1312172941 91
1312173001 90
1312173061 91
1312173121 89
1312173182 91
1312173241 88
1312173301 90
1312173361 86
1312173421 89
1312173481 91
1312173541 91
1312173601 90
1312173662 95
1312173721 94
1312173781 93
1312173841 94
1312173901 90
1312173961 91
1312174021 86
1312174081 88
1312174141 80
1312174202 83
1312174261 80
1312174321 83
1312174381 83
1312174441 83
1312174501 82
1312174561 83
1312174621 82
1312174681 84
1312174741 84
1312174802 83
1312174861 83
1312174921 84
1312174981 86
1312175041 89
1312175101 92
1312175161 88
1312175222 89
1312175281 91
1312175341 92
1312175401 93
1312175461 94
1312175521 92
1312175581 95
1312175641 96
1312175701 95
1312175762 96
1312175821 95
1312175881 92
1312175941 92
1312176001 92
1312176061 90
1312176121 91
1312176181 94
1312176241 94
1312176302 96
1312176361 100
1312176421 101
1312176481 101
1312176541 105
1312176601 102
1312176661 102
1312176721 105
1312176781 101
1312176841 103
1312176901 106
1312176961 106
1312177021 109
1312177081 109
1312177141 115
1312177202 112
1312177261 112
1312177321 109
1312177381 111
1312177441 110
1312177501 109
1312177561 108
1312177621 106
1312177681 108
1312177741 102
1312177801 104
1312177861 105
1312177921 107
1312177981 108
1312178041 105
1312178102 108
1312178161 113
1312178221 114
1312178281 118
1312178341 122
1312178402 119
1312178461 128
1312178521 125
1312178581 123
1312178641 121
1312178701 121
1312178761 122
1312178821 126
1312178882 124
1312178941 125
1312179001 125
1312179061 122
1312179121 123
1312179181 124
1312179241 127
1312179301 131
1312179362 132
1312179422 134
1312179481 132
1312179541 133
1312179601 134
1312179663 137
1312179721 134
1312179781 137
1312179841 131
1312179901 132
1312179961 129
1312180021 129
1312180081 132
1312180141 134
1312180206 133
1312180261 134
1312180321 139
1312180381 137
1312180441 142
1312180501 138
1312180561 145
1312180621 142
1312180687 141
1312180742 145
1312180811 150
1312180861 145
1312180922 150
1312180981 158
1312181041 159
1312181102 160
1312181161 158
1312181221 161
1312181281 157
1312181341 157
1312181401 160
1312181462 157
1312181521 156
1312181581 156
1312181641 159
1312181701 152
1312181761 152
1312181821 156
1312181886 152
1312181941 153
1312182002 156
1312182061 149
1312182121 148
1312182182 150
1312182241 145
1312182301 145
1312182361 140
1312182421 145
1312182481 145
1312182542 142
1312182601 142
1312182661 145
1312182722 149
1312182781 148
1312182841 150
1312182901 156
1312182961 151
1312183021 151
1312183081 150
1312183141 148
1312183202 150
1312183261 152
1312183321 152
1312183381 149
1312183442 149
1312183501 146
1312183561 146
1312183621 145
1312183681 147
1312183741 146
1312183802 143
1312183861 143
1312183921 138
1312183982 138
1312184041 135
1312184102 137
1312184161 137
1312184221 139
1312184281 142
1312184341 144
1312184401 144
1312184462 140
1312184522 141
1312184581 142
1312184641 142
1312184701 140
1312184761 141
1312184822 136
1312184881 137
1312184941 132
1312185001 130
1312185061 126
1312185122 122
1312185181 119
1312185241 123
1312185306 115
1312185361 115
1312185421 112
1312185481 111
1312185543 113
1312185601 109
1312185661 118
1312185722 112
1312185781 109
1312185841 109
1312185901 115
1312185961 108
1312186021 106
1312186081 106
1312186141 103
1312186202 101
1312186261 97
1312186325 97
1312186381 95
1312186441 94
1312186501 94
1312186561 95
1312186621 93
1312186681 93
1312186741 93
1312186802 95
1312186861 95
1312186921 95
1312186982 95
1312187041 90
1312187101 91
1312187161 89
1312187221 92
1312187282 92
1312187341 92
1312187401 88
1312187461 88
1312187521 89
1312187582 90
1312187642 91
1312187701 92
1312187761 89
1312187822 86
1312187881 84
1312187941 84
1312188001 82
1312188061 81
1312188121 83
1312188181 83
1312188242 82
1312188301 80
1312188361 80
1312188421 82
1312188481 84
1312188541 88
1312188602 87
1312188661 85
1312188721 84
1312188781 82
1312188841 85
1312188901 87
1312188961 88
1312189021 86
1312189081 83
1312189141 80
1312189201 74
1312189261 79
1312189321 80
1312189381 80
1312189442 83
1312189501 81
1312189561 81
1312189621 81
1312189681 81
1312189741 80
1312189801 81
1312189861 77
1312189921 80
1312189981 79
1312190041 78
1312190101 79
1312190162 77
1312190221 79
1312190281 82
1312190341 80
1312190401 80
1312190461 81
1312190521 80
1312190581 86
1312190641 82
1312190701 79
1312190761 80
1312190821 77
1312190881 75
1312190941 76
1312191001 77
1312191061 76
1312191121 81
1312191181 78
1312191242 81
1312191301 81
1312191362 79
1312191421 80
1312191481 83
1312191541 81
1312191602 82
1312191661 82
1312191721 82
1312191781 80
1312191841 80
1312191901 79
1312191961 79
1312192022 81
1312192081 79
1312192141 77
1312192201 79
1312192261 76
1312192321 73
1312192381 75
1312192441 73
1312192502 77
1312192561 82
1312192621 77
1312192681 79
1312192742 80
1312192802 78
1312192861 79
1312192921 76
1312192981 78
1312193041 76
1312193101 76
1312193161 73
1312193221 73
1312193281 72
1312193342 71
1312193401 68
1312193461 67
1312193521 68
1312193581 66
1312193641 64
1312193702 63
1312193761 64
1312193821 66
1312193881 67
1312193941 68
1312194001 67
1312194061 65
1312194121 61
1312194181 64
1312194241 63
1312194301 63
1312194361 62
1312194421 62
1312194481 62
1312194541 61
1312194602 61
1312194661 63
1312194721 65
1312194781 64
1312194841 64
1312194901 64
1312194961 64
1312195021 65
1312195081 65
1312195142 65
1312195202 64
1312195261 60
1312195321 62
1312195381 64
1312195441 67
1312195501 67
1312195561 66
1312195621 65
1312195682 65
1312195741 68
1312195801 68
1312195861 69
1312195921 68
1312195981 67
1312196041 67
1312196101 67
1312196161 64
1312196221 65
1312196281 64
1312196341 64
1312196401 66
1312196461 68
1312196521 66
1312196581 66
1312196642 67
1312196701 68
1312196761 67
1312196821 68
1312196881 66
1312196941 69
1312197001 70
1312197061 71
1312197121 70
1312197181 69
1312197242 73
1312197301 71
1312197361 73
1312197421 70
1312197481 70
1312197541 71
1312197601 71
1312197661 72
1312197721 74
1312197782 78
1312197841 76
1312197901 78
1312197961 79
1312198021 78
1312198081 82
1312198141 81
1312198201 84
1312198261 80
1312198321 79
1312198382 78
1312198441 76
1312198501 76
1312198561 79
1312198621 83
1312198681 79
1312198741 80
1312198801 78
1312198861 80
1312198921 80
1312198981 76
1312199041 77
1312199101 76
1312199161 72
1312199221 69
1312199281 68
1312199341 67
1312199401 70
1312199461 68
1312199521 68
1312199581 69
1312199642 68
1312199701 68
1312199761 72
1312199821 71
1312199881 73
1312199941 74
1312200001 74
1312200061 77
1312200121 75
1312200182 75
1312200241 77
1312200301 75
1312200361 76
1312200421 78
1312200481 78
1312200541 78
1312200601 81
1312200661 78
1312200721 83
1312200781 80
1312200841 80
1312200901 84
1312200961 79
1312201021 82
1312201081 81
1312201141 81
1312201201 79
1312201261 79
1312201321 82
1312201381 83
1312201441 84
1312201502 86
1312201561 89
1312201621 89
1312201681 93
1312201741 92
1312201801 90
1312201861 93
1312201921 93
1312201981 92
1312202041 92
1312202101 90
1312202161 95
1312202221 95
1312202282 92
1312202341 92
1312202401 92
1312202461 95
1312202521 96
1312202581 98
1312202641 96
1312202701 95
1312202761 97
1312202821 98
1312202882 97
1312202941 96
1312203001 95
1312203061 91
1312203121 94
1312203181 93
1312203241 95
1312203301 91
1312203361 91
1312203422 87
1312203481 88
1312203541 85
1312203601 87
1312203661 87
1312203721 90
1312203781 88
1312203841 88
1312203901 89
1312203961 87
1312204021 89
1312204081 92
1312204142 94
1312204202 92
1312204261 93
1312204321 88
1312204381 89
1312204441 86
1312204501 91
1312204561 91
1312204621 88
1312204681 93
1312204742 90
1312204801 92
1312204861 95
1312204921 94
1312204981 99
1312205041 102
1312205101 101
1312205161 105
1312205221 107
1312205281 103
1312205341 108
1312205402 106
1312205461 100
1312205521 101
1312205581 102
1312205641 100
1312205701 100
1312205761 98
1312205821 97
1312205882 97
1312205941 97
1312206001 96
1312206061 101
1312206121 100
1312206181 106
1312206241 106
1312206301 106
1312206361 105
1312206422 103
1312206481 106
1312206541 106
1312206601 108
1312206661 105
1312206721 103
1312206781 99
1312206841 101
1312206901 101
1312206962 100
1312207022 99
1312207081 95
1312207141 95
1312207201 96
1312207261 95
1312207321 94
1312207381 89
1312207441 92
1312207501 93
1312207561 90
1312207621 91
1312207681 92
1312207741 92
1312207801 88
1312207861 90
1312207921 89
1312207981 90
1312208041 85
1312208101 89
1312208161 85
1312208221 88
1312208281 87
1312208341 89
1312208401 88
1312208461 89
1312208522 93
1312208581 89
1312208641 84
1312208701 86
1312208761 86
1312208821 86
1312208881 85
1312208941 87
1312209001 87
1312209062 87
1312209121 86
1312209181 85
1312209241 84
1312209301 83
1312209361 84
1312209421 84
1312209481 83
1312209541 80
1312209602 85
1312209661 80
1312209721 78
1312209781 76
1312209841 79
1312209901 76
1312209961 79
1312210021 79
1312210081 80
1312210141 80
1312210202 78
1312210261 79
1312210321 79
1312210381 79
1312210441 81
1312210501 76
1312210561 75
1312210621 77
1312210681 80
1312210741 81
1312210802 82
1312210861 78
1312210921 81
1312210981 82
1312211041 81
1312211101 83
1312211161 85
1312211221 81
1312211281 82
1312211342 80
1312211401 80
1312211461 81
1312211521 81
1312211581 84
1312211641 80
1312211701 77
1312211761 74
1312211821 74
1312211882 70
1312211941 74
1312212001 72
1312212061 72
1312212121 69
1312212181 68
1312212241 70
1312212301 69
1312212361 70
1312212422 69
1312212481 69
1312212541 65
1312212601 69
1312212661 65
1312212721 66
1312212782 65
1312212841 64
1312212901 64
1312212961 62
1312213021 61
1312213081 59
1312213141 62
1312213201 58
1312213261 58
1312213321 57
1312213382 54
1312213441 55
1312213501 55
1312213561 54
1312213621 53
1312213681 53
1312213741 52
1312213801 49
1312213861 48
1312213921 47
1312213982 44
1312214041 46
1312214101 44
1312214161 43
1312214221 41
1312214281 41
1312214341 37
1312214401 40
