1304611261 21
1304611321 21
1304611381 20
1304611441 21
1304611501 20
1304611561 17
1304611621 21
1304611681 19
1304611741 20
1304611801 20
1304611862 20
1304611921 19
1304611981 18
1304612041 18
1304612101 18
1304612161 18
1304612221 15
1304612281 18
1304612341 17
1304612401 17
1304612461 17
1304612521 16
1304612581 16
1304612642 18
1304612701 17
1304612761 14
1304612821 16
1304612881 15
1304612941 14
1304613001 14
1304613061 14
1304613121 14
1304613181 14
1304613241 12
1304613301 14
1304613361 14
1304613422 12
1304613481 15
1304613541 13
1304613601 15
1304613661 16
1304613721 16
1304613781 16
1304613841 15
1304613901 13
1304613961 15
1304614021 14
1304614081 11
1304614142 14
1304614202 11
1304614261 11
1304614321 12
1304614381 11
1304614441 11
1304614501 12
1304614561 10
1304614621 10
1304614681 9
1304614741 8
1304614801 8
1304614862 7
1304614921 7
1304614982 8
1304615041 8
1304615101 8
1304615161 7
1304615221 6
1304615281 8
1304615341 6
1304615401 8
1304615461 8
1304615521 7
1304615581 7
1304615641 8
1304615701 8
1304615762 8
1304615821 7
1304615881 7
1304615941 8
1304616001 6
1304616062 8
1304616121 8
1304616181 7
1304616241 7
1304616301 8
1304616361 8
1304616421 8
1304616481 7
1304616541 7
1304616601 8
1304616661 6
1304616721 7
1304616781 7
1304616842 5
1304616901 6
1304616961 7
1304617021 7
1304617081 6
1304617141 7
1304617201 6
1304617261 7
1304617321 7
1304617381 6
1304617441 7
1304617502 5
1304617561 6
1304617621 7
1304617681 7
1304617741 6
1304617801 7
1304617861 6
1304617921 7
1304617981 7
1304618041 6
1304618101 6
1304618161 4
1304618222 6
1304618281 6
1304618341 6
1304618401 6
1304618461 6
1304618521 6
1304618581 6
1304618641 6
1304618701 6
1304618761 6
1304618821 4
1304618881 6
1304618941 6
1304619002 6
1304619061 6
1304619121 6
1304619181 5
1304619241 6
1304619301 6
1304619361 6
1304619421 6
1304619481 4
1304619541 5
1304619601 6
1304619661 6
1304619721 6
1304619782 6
1304619841 5
1304619901 6
1304619961 6
1304620021 6
1304620081 6
1304620141 4
1304620201 5
1304620261 5
1304620321 6
1304620381 6
1304620441 6
1304620502 5
1304620561 6
1304620621 6
1304620681 6
1304620741 6
1304620801 5
1304620861 4
1304620921 5
1304620981 6
1304621041 6
1304621102 6
1304621161 5
1304621221 6
1304621281 6
1304621341 6
1304621401 6
1304621461 5
1304621521 5
1304621581 6
1304621641 6
1304621701 6
1304621762 6
1304621821 5
1304621881 6
1304621941 6
1304622001 6
1304622061 6
1304622121 4
1304622181 5
1304622241 6
1304622301 6
1304622362 6
1304622421 5
1304622481 5
1304622541 6
1304622601 6
1304622661 6
1304622721 6
1304622781 3
1304622841 6
1304622901 6
1304622962 6
1304623021 6
1304623081 5
1304623141 5
1304623201 6
1304623261 6
1304623321 6
1304623381 6
1304623441 3
1304623501 6
1304623561 6
1304623622 6
1304623681 6
1304623741 6
1304623801 4
1304623861 6
1304623921 6
1304623981 6
1304624041 6
1304624101 5
1304624161 6
1304624221 6
1304624282 6
1304624341 6
1304624401 6
1304624461 4
1304624521 6
1304624581 6
1304624641 6
1304624701 5
1304624761 5
1304624821 6
1304624882 6
1304624941 6
1304625001 6
1304625061 6
1304625121 4
1304625181 6
1304625241 6
1304625301 5
1304625361 5
1304625421 5
1304625481 6
1304625541 6
1304625601 6
1304625661 6
1304625721 6
1304625781 4
1304625841 6
1304625901 5
1304625961 5
1304626021 5
1304626081 5
1304626141 6
1304626201 6
1304626261 6
1304626322 6
1304626381 6
1304626441 4
1304626501 5
1304626561 4
1304626621 4
1304626681 4
1304626741 4
1304626801 5
1304626861 5
1304626921 5
1304626981 5
1304627041 5
1304627102 4
1304627161 5
1304627221 4
1304627281 4
1304627341 4
1304627401 4
1304627461 5
1304627521 5
1304627581 5
1304627641 5
1304627701 5
1304627761 5
1304627822 5
1304627881 4
1304627941 4
1304628001 4
1304628061 4
1304628121 5
1304628181 5
1304628241 5
1304628301 5
1304628361 5
1304628421 5
1304628481 5
1304628541 5
1304628602 5
1304628661 4
1304628721 5
1304628781 4
1304628841 5
1304628901 5
1304628961 4
1304629021 5
1304629081 5
1304629141 4
1304629201 5
1304629261 5
1304629322 4
1304629381 5
1304629441 4
1304629501 5
1304629561 5
1304629621 4
1304629681 5
1304629741 5
1304629801 4
1304629861 5
1304629921 5
1304629981 4
1304630042 5
1304630102 4
1304630161 5
1304630221 5
1304630281 4
1304630341 5
1304630401 5
1304630461 5
1304630521 5
1304630581 5
1304630641 4
1304630701 5
1304630762 4
1304630821 5
1304630881 5
1304630941 4
1304631001 5
1304631061 6
1304631121 6
1304631181 6
1304631241 6
1304631301 5
1304631361 6
1304631422 5
1304631481 6
1304631541 7
1304631601 5
1304631661 6
1304631721 5
1304631781 6
1304631841 6
1304631901 6
1304631961 5
1304632021 6
1304632081 5
1304632141 6
1304632202 6
1304632261 5
1304632321 5
1304632381 5
1304632441 5
1304632501 5
1304632561 5
1304632621 4
1304632681 5
1304632741 4
1304632803 4
1304632861 5
1304632921 5
1304632981 5
1304633042 6
1304633101 6
1304633161 6
1304633221 6
1304633281 5
1304633341 6
1304633401 6
1304633461 5
1304633521 4
1304633581 4
1304633641 4
1304633702 5
1304633761 5
1304633821 5
1304633881 5
1304633941 6
1304634001 5
1304634061 7
1304634121 7
1304634181 6
1304634241 6
1304634301 5
1304634361 6
1304634422 6
1304634481 6
1304634541 6
1304634601 6
1304634661 4
1304634721 5
1304634782 5
1304634841 5
1304634901 5
1304634961 4
1304635021 5
1304635081 5
1304635141 5
1304635201 4
1304635261 5
1304635321 4
1304635381 5
1304635442 4
1304635501 5
1304635561 5
1304635621 5
1304635681 5
1304635741 5
1304635801 5
1304635861 4
1304635921 5
1304635981 4
1304636041 5
1304636101 4
1304636162 5
1304636221 5
1304636281 5
1304636341 5
1304636401 4
1304636461 5
1304636521 5
1304636581 6
1304636641 5
1304636701 6
1304636761 5
1304636821 5
1304636881 6
1304636942 6
1304637001 6
1304637061 6
1304637121 5
1304637181 5
1304637241 4
1304637301 3
1304637361 4
1304637421 3
1304637481 3
1304637541 2
1304637601 2
1304637661 2
1304637721 3
1304637781 3
1304637841 3
1304637901 3
1304637961 3
1304638021 5
1304638081 5
1304638141 5
1304638201 6
1304638261 7
1304638321 6
1304638381 7
1304638441 7
1304638502 7
1304638561 6
1304638621 5
1304638681 8
1304638741 8
1304638801 8
1304638861 7
1304638921 8
1304638981 7
1304639041 9
1304639101 9
1304639161 10
1304639222 10
1304639281 8
1304639341 12
1304639401 11
1304639461 12
1304639521 11
1304639581 12
1304639641 11
1304639701 12
1304639761 12
1304639821 12
1304639881 12
1304639941 8
1304640002 13
1304640061 12
1304640121 14
1304640181 13
1304640241 14
1304640301 14
1304640361 14
1304640421 15
1304640481 16
1304640541 16
1304640601 12
1304640661 16
1304640722 16
1304640781 17
1304640841 17
1304640901 18
1304640961 17
1304641021 16
1304641081 17
1304641141 19
1304641201 18
1304641261 15
1304641321 19
1304641381 19
1304641441 19
1304641501 19
1304641561 20
1304641621 19
1304641681 18
1304641741 17
1304641801 19
1304641861 18
1304641921 13
1304641981 16
1304642041 15
1304642101 16
1304642162 15
1304642221 17
1304642281 16
1304642341 16
1304642401 15
1304642461 16
1304642521 17
1304642581 16
1304642641 20
1304642701 20
1304642761 19
1304642821 20
1304642881 19
1304642942 19
1304643001 19
1304643061 19
1304643121 20
1304643181 18
1304643241 17
1304643301 22
1304643361 22
1304643421 22
1304643481 25
1304643541 25
1304643601 25
1304643661 25
1304643722 26
1304643781 27
1304643841 27
1304643901 28
1304643961 29
1304644021 27
1304644081 27
1304644141 28
1304644201 29
1304644261 29
1304644321 26
1304644381 27
1304644442 27
1304644501 25
1304644561 27
1304644621 27
1304644681 26
1304644741 27
1304644801 30
1304644861 31
1304644921 32
1304644981 31
1304645041 33
1304645101 34
1304645162 34
1304645222 36
1304645281 35
1304645341 35
1304645401 37
1304645461 37
1304645521 36
1304645581 38
1304645641 39
1304645701 37
1304645761 37
1304645821 38
1304645881 38
1304645941 39
1304646002 38
1304646061 39
1304646121 39
1304646181 38
1304646241 35
1304646301 36
1304646361 35
1304646421 35
1304646481 38
1304646541 37
1304646601 37
1304646661 38
1304646721 37
1304646782 38
1304646841 38
1304646901 36
1304646961 37
1304647021 38
1304647081 36
1304647141 35
1304647201 36
1304647261 38
1304647321 37
1304647381 37
1304647441 39
1304647502 40
1304647561 38
1304647621 40
1304647681 39
1304647741 39
1304647801 38
1304647861 39
1304647921 40
1304647981 39
1304648041 36
1304648101 37
1304648161 38
1304648222 38
1304648281 39
1304648341 39
1304648401 37
1304648461 38
1304648521 39
1304648581 37
1304648641 34
1304648701 36
1304648761 37
1304648821 38
1304648881 38
1304648942 39
1304649001 38
1304649061 39
1304649121 40
1304649181 41
1304649241 41
1304649301 40
1304649361 41
1304649421 41
1304649481 42
1304649541 42
1304649601 39
1304649662 40
1304649721 40
1304649781 42
1304649841 42
1304649901 42
1304649961 40
1304650021 39
1304650081 40
1304650141 39
1304650201 41
1304650261 37
1304650321 40
1304650381 42
1304650442 43
1304650501 43
1304650561 44
1304650621 44
1304650681 45
1304650741 43
1304650801 45
1304650861 44
1304650921 45
1304650981 45
1304651041 45
1304651101 47
1304651162 45
1304651221 47
1304651281 46
1304651341 46
1304651401 48
1304651461 47
1304651521 44
1304651581 47
1304651641 47
1304651701 48
1304651761 47
1304651821 48
1304651882 46
1304651941 48
1304652001 46
1304652061 48
1304652121 47
1304652181 48
1304652241 49
1304652301 48
1304652361 48
1304652421 45
1304652481 46
1304652541 46
1304652601 46
1304652662 46
1304652721 46
1304652781 41
1304652841 43
1304652901 41
1304652961 43
1304653021 43
1304653081 45
1304653141 45
1304653201 44
1304653261 43
1304653322 45
1304653381 46
1304653441 46
1304653501 51
1304653561 49
1304653621 49
1304653681 48
1304653741 48
1304653801 48
1304653861 46
1304653921 46
1304653982 45
1304654041 46
1304654101 47
1304654161 47
1304654221 48
1304654281 48
1304654341 46
1304654401 48
1304654461 49
1304654521 48
1304654581 48
1304654642 47
1304654701 47
1304654761 48
1304654821 45
1304654881 47
1304654941 48
1304655001 48
1304655061 46
1304655121 45
1304655181 46
1304655241 46
1304655301 47
1304655362 46
1304655421 46
1304655481 47
1304655541 47
1304655601 47
1304655661 49
1304655721 48
1304655781 48
1304655841 45
1304655901 45
1304655961 45
1304656021 47
1304656081 47
1304656142 48
1304656201 47
1304656261 46
1304656321 47
1304656381 47
1304656441 46
1304656501 47
1304656561 48
1304656621 47
1304656681 48
1304656741 46
1304656801 48
1304656861 47
1304656922 47
1304656981 44
1304657041 47
1304657101 45
1304657161 46
1304657221 46
1304657281 42
1304657341 46
1304657401 46
1304657461 49
1304657521 50
1304657581 51
1304657642 52
1304657701 51
1304657761 51
1304657821 52
1304657881 54
1304657941 53
1304658001 53
1304658061 52
1304658121 49
1304658181 47
1304658241 47
1304658302 50
1304658361 49
1304658421 48
1304658481 45
1304658541 46
1304658601 46
1304658661 46
1304658721 47
1304658781 49
1304658841 47
1304658901 48
1304658962 47
1304659021 50
1304659081 51
1304659141 51
1304659201 52
1304659261 51
1304659321 52
1304659381 52
1304659441 51
1304659501 52
1304659561 51
1304659622 51
1304659681 50
1304659741 50
1304659801 53
1304659861 55
1304659921 57
1304659981 58
1304660041 56
1304660101 54
1304660161 53
1304660221 55
1304660281 55
1304660342 55
1304660401 54
1304660461 60
1304660521 57
1304660581 58
1304660641 60
1304660701 58
1304660761 57
1304660821 57
1304660881 58
1304660941 61
1304661002 61
1304661061 55
1304661121 61
1304661181 60
1304661241 61
1304661301 63
1304661361 66
1304661421 62
1304661481 63
1304661541 62
1304661601 60
1304661662 58
1304661722 54
1304661781 54
1304661841 53
1304661901 51
1304661961 47
1304662021 48
1304662081 48
1304662141 45
1304662201 46
1304662261 48
1304662321 48
1304662382 48
1304662441 47
1304662501 46
1304662561 44
1304662621 45
1304662681 45
1304662741 46
1304662801 45
1304662861 46
1304662921 41
1304662981 44
1304663042 46
1304663101 45
1304663161 45
1304663221 44
1304663281 46
1304663341 44
1304663401 43
1304663461 44
1304663521 42
1304663581 43
1304663641 43
1304663701 44
1304663762 45
1304663822 44
1304663881 47
1304663941 50
1304664001 51
1304664061 50
1304664121 53
1304664181 51
1304664241 50
1304664301 50
1304664361 52
1304664421 48
1304664482 46
1304664541 47
1304664601 49
1304664661 49
1304664721 48
1304664781 49
1304664841 48
1304664901 49
1304664961 50
1304665021 55
1304665081 54
1304665141 50
1304665202 50
1304665261 49
1304665321 50
1304665381 46
1304665441 46
1304665501 47
1304665561 46
1304665621 43
1304665681 44
1304665741 41
1304665801 42
1304665862 43
1304665922 43
1304665981 42
1304666041 44
1304666101 43
1304666161 45
1304666221 46
1304666281 45
1304666341 45
1304666401 43
1304666461 46
1304666521 46
1304666581 45
1304666642 44
1304666701 44
1304666761 44
1304666821 45
1304666881 43
1304666941 44
1304667001 43
1304667061 40
1304667121 42
1304667181 42
1304667241 40
1304667301 42
1304667361 42
1304667421 40
1304667481 43
1304667541 43
1304667601 44
1304667661 46
1304667722 47
1304667781 48
1304667841 48
1304667901 45
1304667961 43
1304668021 42
1304668081 41
1304668141 38
1304668201 39
1304668261 38
1304668321 37
1304668382 38
1304668441 38
1304668501 37
1304668561 37
1304668621 36
1304668681 36
1304668741 34
1304668801 32
1304668861 30
1304668921 30
1304668981 31
1304669041 32
1304669101 33
1304669162 33
1304669221 32
1304669281 32
1304669341 33
1304669401 31
1304669461 32
1304669521 32
1304669581 31
1304669641 31
1304669701 29
1304669761 29
1304669821 30
1304669882 28
1304669941 27
1304670001 26
1304670061 26
1304670121 25
1304670181 25
1304670241 24
1304670301 23
1304670361 25
1304670421 25
1304670481 27
1304670541 27
1304670602 27
1304670661 27
1304670721 23
1304670781 25
1304670841 22
1304670901 24
1304670961 24
1304671021 21
1304671081 21
1304671141 21
1304671201 19
1304671261 19
1304671321 18
1304671382 19
1304671441 19
1304671501 17
1304671561 16
1304671621 17
1304671681 15
1304671741 18
1304671801 19
1304671861 17
1304671921 19
1304671981 17
1304672041 19
1304672101 18
1304672162 18
1304672221 17
1304672281 19
1304672341 19
1304672401 19
1304672461 20
1304672521 17
1304672581 19
1304672641 18
1304672701 20
1304672761 21
1304672822 20
1304672881 19
1304672941 19
1304673001 19
1304673061 19
1304673121 21
1304673181 20
1304673241 20
1304673301 19
1304673361 20
1304673421 19
1304673482 19
1304673542 20
1304673601 21
1304673661 20
1304673721 18
1304673781 19
1304673841 19
1304673901 19
1304673961 20
1304674021 20
1304674081 19
1304674141 18
1304674201 15
1304674262 14
1304674321 13
1304674381 11
1304674441 14
1304674501 14
1304674561 11
1304674621 14
1304674681 14
1304674741 14
1304674801 15
1304674861 15
1304674921 15
1304674981 13
1304675042 13
1304675101 16
1304675161 15
1304675221 14
1304675281 15
1304675341 13
1304675401 13
1304675461 15
1304675521 15
1304675581 15
1304675641 13
1304675701 14
1304675761 15
1304675821 15
1304675882 13
1304675941 15
1304676001 14
1304676061 13
1304676121 14
1304676181 14
1304676241 14
1304676301 10
1304676361 12
1304676421 14
1304676481 15
1304676542 14
1304676601 15
1304676661 15
1304676721 14
1304676781 15
1304676841 14
1304676901 15
1304676961 11
1304677021 14
1304677081 15
1304677141 18
1304677201 17
1304677262 17
1304677321 17
1304677381 16
1304677441 16
1304677501 15
1304677561 16
1304677621 14
1304677681 12
1304677741 11
1304677801 14
1304677861 14
1304677921 14
1304677982 14
1304678041 14
1304678101 15
1304678161 14
1304678221 15
1304678281 16
1304678341 13
1304678401 14
1304678461 14
1304678521 15
1304678581 15
1304678642 15
1304678701 13
1304678761 13
1304678821 9
1304678881 11
1304678941 12
1304679001 10
1304679061 13
1304679121 13
1304679181 13
1304679241 13
1304679301 14
1304679362 14
1304679421 14
1304679481 12
1304679541 12
1304679601 9
1304679661 9
1304679721 9
1304679781 11
1304679841 12
1304679901 11
1304679961 12
1304680021 12
1304680081 12
1304680141 12
1304680201 12
1304680261 11
1304680321 10
1304680381 11
1304680441 13
1304680501 13
1304680561 12
1304680621 12
1304680681 11
1304680742 11
1304680801 12
1304680861 11
1304680921 10
1304680981 11
1304681041 11
1304681101 10
1304681161 10
1304681221 10
1304681281 11
1304681341 9
1304681401 9
1304681462 10
1304681521 10
1304681581 10
1304681641 10
1304681701 9
1304681761 9
1304681821 9
1304681881 9
1304681941 8
1304682001 8
1304682061 9
1304682121 9
1304682182 6
1304682241 7
1304682301 8
1304682361 10
1304682421 10
1304682481 10
1304682541 11
1304682601 10
1304682661 8
1304682721 9
1304682782 9
1304682842 9
1304682901 9
1304682961 9
1304683021 9
1304683081 9
1304683141 8
1304683201 9
1304683261 9
1304683321 7
1304683381 10
1304683441 9
1304683501 8
1304683562 9
1304683621 9
1304683681 9
1304683741 9
1304683801 9
1304683861 9
1304683921 9
1304683981 5
1304684041 8
1304684101 10
1304684161 8
1304684222 11
1304684281 11
1304684341 11
1304684401 10
1304684461 11
1304684521 11
1304684581 13
1304684641 10
1304684701 11
1304684761 12
1304684821 10
1304684881 12
1304684942 12
1304685001 12
1304685061 12
1304685121 13
1304685181 12
1304685241 11
1304685301 8
1304685361 11
1304685421 9
1304685481 9
1304685541 10
1304685601 10
1304685661 10
1304685722 9
1304685781 9
1304685841 9
1304685901 9
1304685961 9
1304686021 10
1304686081 9
1304686141 9
1304686201 10
1304686261 10
1304686321 9
1304686381 11
1304686441 11
1304686502 11
1304686561 9
1304686621 10
1304686681 11
1304686741 11
1304686801 10
1304686861 11
1304686921 11
1304686981 10
1304687041 11
1304687101 13
1304687161 12
1304687221 11
1304687282 11
1304687341 12
1304687401 13
1304687461 12
1304687521 13
1304687581 13
1304687641 12
1304687701 13
1304687761 14
1304687821 13
1304687881 13
1304687942 14
1304688002 15
1304688061 15
1304688121 14
1304688181 15
1304688241 15
1304688301 14
1304688361 15
1304688421 15
1304688481 13
1304688541 13
1304688601 13
1304688661 14
1304688722 14
1304688781 13
1304688841 16
1304688901 16
1304688961 15
1304689021 17
1304689081 17
1304689141 16
1304689201 14
1304689261 16
1304689321 17
1304689381 18
1304689441 16
1304689502 16
1304689561 16
1304689621 15
1304689681 17
1304689741 16
1304689801 17
1304689861 16
1304689921 17
1304689981 15
1304690041 16
1304690101 15
1304690161 15
1304690222 16
1304690281 14
1304690341 15
1304690401 16
1304690461 15
1304690521 16
1304690581 16
1304690641 16
1304690701 16
1304690761 15
1304690821 12
1304690881 15
1304690942 14
1304691002 13
1304691061 12
1304691121 13
1304691181 13
1304691241 14
1304691301 14
1304691361 14
1304691421 13
1304691481 14
1304691541 13
1304691601 12
1304691662 13
1304691721 12
1304691781 13
1304691841 12
1304691901 13
1304691961 13
1304692021 13
1304692081 10
1304692141 13
1304692201 13
1304692261 13
1304692321 13
1304692381 14
1304692442 14
1304692501 15
1304692561 17
1304692621 17
1304692681 16
1304692741 15
1304692801 16
1304692861 15
1304692921 14
1304692981 15
1304693041 16
1304693102 14
1304693161 12
1304693221 14
1304693281 14
1304693341 14
1304693401 14
1304693461 15
1304693521 15
1304693581 14
1304693641 14
1304693701 15
1304693761 14
1304693822 14
1304693881 16
1304693941 16
1304694001 17
1304694061 16
1304694121 16
1304694181 17
1304694241 15
1304694301 14
1304694361 15
1304694421 14
1304694481 12
1304694542 14
1304694601 13
1304694661 13
1304694721 11
1304694781 12
1304694841 11
1304694901 11
1304694961 11
1304695021 12
1304695081 13
1304695141 12
1304695201 12
1304695262 13
1304695321 13
1304695381 12
1304695441 13
1304695501 13
1304695561 13
1304695621 13
1304695681 13
1304695741 12
1304695801 12
1304695861 13
1304695921 13
1304695982 13
1304696041 12
1304696101 11
1304696161 13
1304696221 12
1304696281 12
1304696341 12
1304696401 11
1304696461 10
1304696521 11
1304696581 11
1304696641 11
1304696702 11
1304696761 10
1304696821 11
1304696881 10
1304696941 10
1304697001 10
1304697061 10
1304697121 9
1304697181 10
1304697241 10
1304697301 9
1304697361 8
1304697422 8
1304697481 10
1304697541 9
1304697601 10
