1309795261 14
1309795321 13
1309795381 12
1309795441 10
1309795501 9
1309795561 10
1309795621 10
1309795681 9
1309795741 9
1309795801 10
1309795861 8
1309795922 9
1309795981 10
1309796041 9
1309796101 10
1309796161 9
1309796221 10
1309796281 11
1309796341 9
1309796401 10
1309796461 9
1309796521 9
1309796581 9
1309796641 9
1309796701 7
1309796761 8
1309796821 8
1309796881 7
1309796941 7
1309797001 6
1309797061 5
1309797121 5
1309797181 6
1309797242 6
1309797301 6
1309797361 5
1309797421 6
1309797481 6
1309797541 6
1309797601 6
1309797661 5
1309797721 5
1309797781 4
1309797841 6
1309797902 6
1309797961 6
1309798021 5
1309798081 5
1309798141 6
1309798201 6
1309798261 6
1309798321 6
1309798381 5
1309798441 5
1309798502 6
1309798561 7
1309798621 8
1309798681 7
1309798741 6
1309798801 9
1309798861 9
1309798921 11
1309798983 11
1309799041 9
1309799101 11
1309799161 11
1309799221 10
1309799281 10
1309799341 10
1309799401 7
1309799461 7
1309799521 5
1309799581 5
1309799641 5
1309799702 3
1309799761 2
1309799821 5
1309799882 6
1309799941 6
1309800001 6
1309800062 7
1309800121 7
1309800181 6
1309800241 7
1309800301 7
1309800361 6
1309800421 4
1309800481 4
1309800541 4
1309800601 4
1309800661 3
1309800721 3
1309800781 3
1309800841 2
1309800901 3
1309800961 3
1309801021 2
1309801081 3
1309801141 2
1309801202 3
1309801261 3
1309801321 3
1309801381 3
1309801441 3
1309801502 3
1309801561 3
1309801621 3
1309801681 2
1309801741 3
1309801801 2
1309801861 3
1309801921 3
1309801981 3
1309802042 3
1309802101 2
1309802161 3
1309802221 3
1309802281 3
1309802341 3
1309802401 2
1309802461 1
1309802521 2
1309802582 2
1309802641 2
1309802701 2
1309802761 2
1309802821 1
1309802881 2
1309802941 2
1309803001 2
1309803061 2
1309803121 1
1309803182 2
1309803242 2
1309803301 2
1309803361 2
1309803421 2
1309803481 1
1309803541 2
1309803601 2
1309803661 2
1309803721 2
1309803781 2
1309803841 1
1309803902 1
1309803961 1
1309804021 1
1309804081 1
1309804141 0
1309804201 1
1309804261 1
1309804321 1
1309804381 1
1309804441 1
1309804502 1
1309804562 1
1309804621 1
1309804681 1
1309804741 1
1309804801 0
1309804861 1
1309804921 1
1309804982 1
1309805041 1
1309805101 1
1309805161 1
1309805221 1
1309805281 1
1309805341 1
1309805402 1
1309805461 0
1309805521 1
1309805581 1
1309805641 1
1309805701 1
1309805761 1
1309805821 1
1309805882 1
1309805941 1
1309806001 1
1309806061 1
1309806121 1
1309806181 0
1309806241 1
1309806301 1
1309806361 1
1309806422 1
1309806481 1
1309806541 1
1309806601 1
1309806661 1
1309806721 1
1309806781 1
1309806841 0
1309806901 1
1309806962 1
1309807021 1
1309807081 1
1309807141 1
1309807201 1
1309807261 1
1309807321 1
1309807381 1
1309807441 1
1309807502 0
1309807562 1
1309807621 1
1309807681 1
1309807741 1
1309807801 1
1309807861 1
1309807921 1
1309807981 1
1309808041 1
1309808102 1
1309808161 0
1309808221 1
1309808281 1
1309808341 1
1309808401 1
1309808461 1
1309808521 1
1309808581 1
1309808641 1
1309808702 1
1309808761 1
1309808821 1
1309808881 0
1309808941 1
1309809001 1
1309809061 1
1309809121 1
1309809181 1
1309809241 1
1309809302 1
1309809362 1
1309809421 1
1309809481 1
1309809541 0
1309809601 1
1309809661 1
1309809721 1
1309809781 1
1309809841 1
1309809901 1
1309809962 1
1309810021 1
1309810081 1
1309810141 1
1309810201 0
1309810261 1
1309810321 1
1309810381 1
1309810441 1
1309810501 1
1309810562 1
1309810621 1
1309810681 1
1309810741 1
1309810801 1
1309810861 0
1309810921 1
1309810981 1
1309811041 1
1309811101 1
1309811162 1
1309811221 1
1309811281 1
1309811341 1
1309811401 1
1309811461 1
1309811521 0
1309811581 1
1309811641 1
1309811701 1
1309811762 1
1309811821 1
1309811881 1
1309811941 1
1309812001 1
1309812061 1
1309812121 1
1309812181 1
1309812242 0
1309812301 1
1309812361 1
1309812421 1
1309812481 1
1309812541 1
1309812601 1
1309812661 1
1309812721 1
1309812781 1
1309812842 1
1309812901 0
1309812961 1
1309813021 1
1309813081 1
1309813141 1
1309813201 1
1309813261 1
1309813321 2
1309813382 3
1309813441 3
1309813501 3
1309813561 2
1309813621 3
1309813681 3
1309813741 3
1309813801 3
1309813861 3
1309813921 3
1309813982 3
1309814041 4
1309814101 4
1309814161 4
1309814221 3
1309814281 3
1309814341 3
1309814401 3
1309814461 3
1309814522 2
1309814581 3
1309814641 2
1309814701 3
1309814761 3
1309814821 3
1309814881 3
1309814941 3
1309815001 3
1309815062 3
1309815121 3
1309815181 3
1309815241 1
1309815301 1
1309815361 2
1309815421 2
1309815481 2
1309815541 2
1309815601 2
1309815662 2
1309815721 2
1309815781 2
1309815841 2
1309815901 1
1309815961 1
1309816021 1
1309816081 1
1309816141 2
1309816201 2
1309816262 2
1309816321 2
1309816381 2
1309816441 2
1309816501 2
1309816561 1
1309816621 2
1309816681 2
1309816741 1
1309816801 2
1309816861 2
1309816921 2
1309816981 2
1309817041 2
1309817101 2
1309817162 2
1309817221 1
1309817281 2
1309817341 2
1309817401 1
1309817461 2
1309817521 2
1309817581 2
1309817641 2
1309817701 2
1309817762 2
1309817821 2
1309817881 2
1309817941 2
1309818001 2
1309818061 1
1309818121 2
1309818181 2
1309818241 2
1309818302 2
1309818361 2
1309818421 2
1309818481 2
1309818541 3
1309818601 2
1309818661 3
1309818721 3
1309818781 4
1309818841 4
1309818902 4
1309818961 4
1309819021 4
1309819081 4
1309819141 4
1309819201 4
1309819261 4
1309819321 5
1309819381 4
1309819441 5
1309819501 5
1309819561 5
1309819621 5
1309819681 6
1309819742 5
1309819801 6
1309819861 5
1309819921 4
1309819981 4
1309820041 4
1309820101 5
1309820161 5
1309820221 5
1309820281 5
1309820342 5
1309820401 4
1309820461 5
1309820521 5
1309820581 4
1309820641 4
1309820701 4
1309820761 5
1309820822 5
1309820881 6
1309820941 5
1309821001 5
1309821061 4
1309821121 5
1309821181 5
1309821241 4
1309821301 4
1309821362 4
1309821421 5
1309821481 4
1309821541 5
1309821601 5
1309821661 5
1309821721 5
1309821781 5
1309821841 5
1309821902 4
1309821961 5
1309822021 4
1309822081 5
1309822141 4
1309822201 5
1309822261 5
1309822321 4
1309822381 5
1309822441 6
1309822502 6
1309822561 5
1309822621 6
1309822681 5
1309822741 6
1309822801 5
1309822861 6
1309822921 6
1309822981 6
1309823041 4
1309823101 5
1309823162 5
1309823221 4
1309823281 5
1309823341 5
1309823401 6
1309823461 5
1309823521 6
1309823581 6
1309823641 6
1309823701 6
1309823761 5
1309823821 6
1309823882 5
1309823941 5
1309824001 5
1309824061 7
1309824121 6
1309824181 7
1309824241 8
1309824301 8
1309824361 10
1309824421 9
1309824481 9
1309824541 8
1309824602 9
1309824661 7
1309824721 9
1309824781 9
1309824841 9
1309824901 10
1309824961 9
1309825021 11
1309825081 11
1309825141 12
1309825202 10
1309825262 13
1309825321 12
1309825381 13
1309825441 13
1309825501 11
1309825561 11
1309825621 10
1309825681 12
1309825742 11
1309825801 12
1309825861 10
1309825921 10
1309825981 9
1309826041 8
1309826101 11
1309826161 10
1309826221 11
1309826282 10
1309826341 12
1309826401 13
1309826461 13
1309826521 11
1309826581 13
1309826641 13
1309826701 10
1309826761 11
1309826821 12
1309826882 11
1309826941 12
1309827001 12
1309827061 13
1309827121 13
1309827181 11
1309827241 13
1309827301 13
1309827361 12
1309827421 12
1309827482 12
1309827541 10
1309827601 11
1309827661 11
1309827721 13
1309827781 13
1309827841 12
1309827901 14
1309827961 14
1309828022 11
1309828081 15
1309828141 15
1309828201 16
1309828261 17
1309828321 16
1309828381 17
1309828441 18
1309828501 16
1309828562 17
1309828622 18
1309828681 15
1309828741 17
1309828801 15
1309828861 17
1309828921 18
1309828981 17
1309829041 17
1309829101 19
1309829161 18
1309829221 20
1309829282 20
1309829341 19
1309829401 20
1309829461 17
1309829521 20
1309829581 19
1309829641 20
1309829701 21
1309829761 22
1309829821 21
1309829881 21
1309829942 22
1309830001 22
1309830061 21
1309830121 21
1309830181 22
1309830241 21
1309830301 20
1309830361 21
1309830421 21
1309830481 20
1309830542 21
1309830602 20
1309830661 20
1309830721 19
1309830781 20
1309830841 18
1309830901 18
1309830961 19
1309831021 19
1309831081 19
1309831141 18
1309831202 19
1309831261 18
1309831321 17
1309831381 18
1309831441 21
1309831501 19
1309831561 19
1309831621 20
1309831681 20
1309831741 19
1309831801 22
1309831861 22
1309831922 20
1309831981 20
1309832041 19
1309832101 21
1309832161 20
1309832221 20
1309832281 21
1309832341 21
1309832401 20
1309832461 24
1309832521 24
1309832581 23
1309832641 22
1309832701 22
1309832761 23
1309832821 22
1309832881 21
1309832942 22
1309833001 19
1309833061 18
1309833121 20
1309833181 20
1309833241 20
1309833301 19
1309833361 21
1309833421 20
1309833481 19
1309833542 20
1309833602 21
1309833661 20
1309833721 22
1309833781 23
1309833841 23
1309833901 23
1309833961 22
1309834021 24
1309834082 23
1309834142 24
1309834201 23
1309834261 25
1309834321 24
1309834381 25
1309834441 24
1309834501 26
1309834561 27
1309834621 27
1309834681 27
1309834741 25
1309834802 25
1309834861 25
1309834921 24
1309834981 24
1309835041 25
1309835101 24
1309835161 23
1309835221 23
1309835281 25
1309835341 24
1309835402 24
1309835461 22
1309835521 25
1309835581 25
1309835641 25
1309835701 28
1309835761 27
1309835821 26
1309835881 26
1309835941 30
1309836001 30
1309836061 29
1309836121 29
1309836182 28
1309836241 29
1309836301 28
1309836361 25
1309836421 28
1309836481 26
1309836541 25
1309836601 26
1309836661 26
1309836721 26
1309836781 27
1309836841 25
1309836901 28
1309836961 27
1309837021 26
1309837081 28
1309837142 25
1309837201 25
1309837261 26
1309837321 25
1309837381 24
1309837441 26
1309837501 24
1309837561 26
1309837621 24
1309837681 24
1309837741 25
1309837801 24
1309837862 24
1309837921 27
1309837981 25
1309838041 26
1309838101 27
1309838161 27
1309838221 28
1309838281 26
1309838341 25
1309838401 26
1309838461 25
1309838521 20
1309838582 25
1309838641 23
1309838701 20
1309838761 19
1309838821 18
1309838881 20
1309838941 19
1309839001 17
1309839061 19
1309839121 19
1309839181 17
1309839241 17
1309839302 18
1309839362 18
1309839421 17
1309839481 17
1309839541 18
1309839601 17
1309839661 15
1309839721 17
1309839781 15
1309839841 17
1309839901 18
1309839961 18
1309840021 19
1309840082 18
1309840141 18
1309840201 18
1309840261 17
1309840321 15
1309840381 18
1309840441 17
1309840501 16
1309840561 18
1309840621 18
1309840681 18
1309840742 17
1309840801 18
1309840861 18
1309840921 16
1309840981 14
1309841041 17
1309841101 18
1309841161 18
1309841221 18
1309841281 18
1309841341 19
1309841401 18
1309841462 19
1309841521 19
1309841581 16
1309841641 17
1309841701 18
1309841761 19
1309841821 18
1309841881 19
1309841941 19
1309842001 19
1309842061 18
1309842121 19
1309842181 19
1309842242 16
1309842301 14
1309842361 15
1309842421 16
1309842481 16
1309842541 16
1309842601 16
1309842661 16
1309842721 16
1309842781 18
1309842841 17
1309842901 16
1309842962 14
1309843021 16
1309843081 16
1309843141 16
1309843201 17
1309843261 17
1309843321 17
1309843381 15
1309843441 17
1309843501 16
1309843561 16
1309843621 13
1309843682 18
1309843741 16
1309843801 17
1309843861 18
1309843921 17
1309843981 18
1309844041 18
1309844101 19
1309844161 17
1309844221 18
1309844281 18
1309844342 20
1309844401 19
1309844461 19
1309844521 20
1309844581 19
1309844641 19
1309844701 18
1309844761 19
1309844821 18
1309844881 18
1309844942 18
1309845001 19
1309845061 19
1309845121 18
1309845181 19
1309845241 19
1309845301 19
1309845361 17
1309845421 16
1309845481 17
1309845541 17
1309845601 17
1309845662 19
1309845721 20
1309845781 20
1309845841 19
1309845901 21
1309845961 21
1309846021 20
1309846081 18
1309846141 22
1309846201 21
1309846261 22
1309846322 23
1309846381 24
1309846441 23
1309846501 22
1309846561 24
1309846621 24
1309846681 23
1309846741 23
1309846801 23
1309846861 25
1309846921 25
1309846982 25
1309847041 26
1309847101 26
1309847161 26
1309847221 27
1309847281 27
1309847341 24
1309847401 25
1309847461 24
1309847521 24
1309847582 26
1309847641 28
1309847701 28
1309847761 29
1309847821 30
1309847881 32
1309847941 31
1309848001 29
1309848061 28
1309848122 27
1309848182 26
1309848241 25
1309848301 26
1309848361 25
1309848421 26
1309848481 25
1309848541 25
1309848601 24
1309848661 22
1309848722 22
1309848781 20
1309848841 20
1309848901 19
1309848961 18
1309849021 20
1309849081 20
1309849141 21
1309849201 20
1309849262 20
1309849321 20
1309849381 21
1309849441 21
1309849501 21
1309849561 20
1309849621 15
1309849681 18
1309849741 17
1309849801 20
1309849862 18
1309849921 19
1309849981 19
1309850041 20
1309850101 23
1309850161 23
1309850221 22
1309850281 20
1309850341 22
1309850401 21
1309850461 21
1309850522 22
1309850581 23
1309850641 22
1309850701 23
1309850761 24
1309850821 24
1309850881 23
1309850941 23
1309851001 23
1309851061 23
1309851121 22
1309851181 24
1309851241 23
1309851301 23
1309851361 24
1309851421 25
1309851481 24
1309851541 21
1309851601 24
1309851661 25
1309851722 25
1309851781 24
1309851841 25
1309851901 24
1309851961 26
1309852021 25
1309852081 26
1309852141 27
1309852201 27
1309852261 26
1309852321 24
1309852382 24
1309852441 25
1309852501 24
1309852561 25
1309852621 27
1309852681 25
1309852741 26
1309852801 23
1309852861 24
1309852921 24
1309852981 25
1309853041 24
1309853102 22
1309853161 21
1309853221 21
1309853281 22
1309853341 21
1309853401 22
1309853461 22
1309853521 23
1309853581 22
1309853641 21
1309853702 23
1309853761 20
1309853821 22
1309853881 22
1309853941 23
1309854001 23
1309854061 23
1309854121 23
1309854181 23
1309854241 22
1309854302 22
1309854361 23
1309854421 22
1309854481 22
1309854541 23
1309854601 24
1309854661 21
1309854721 22
1309854781 23
1309854841 25
1309854901 25
1309854961 23
1309855021 24
1309855081 23
1309855141 21
1309855201 20
1309855261 22
1309855321 22
1309855381 22
1309855441 20
1309855501 19
1309855562 19
1309855621 17
1309855681 17
1309855741 17
1309855801 18
1309855861 17
1309855921 17
1309855981 17
1309856041 18
1309856102 18
1309856162 20
1309856221 21
1309856281 21
1309856341 19
1309856401 20
1309856461 20
1309856522 19
1309856581 21
1309856641 22
1309856701 22
1309856761 21
1309856821 18
1309856881 20
1309856941 20
1309857001 18
1309857061 18
1309857121 18
1309857182 16
1309857242 16
1309857301 18
1309857361 18
1309857421 18
1309857481 16
1309857541 17
1309857601 17
1309857661 16
1309857721 16
1309857781 15
1309857842 14
1309857901 13
1309857961 15
1309858021 16
1309858081 16
1309858141 16
1309858201 16
1309858261 16
1309858321 15
1309858381 14
1309858442 12
1309858501 14
1309858561 15
1309858621 15
1309858681 15
1309858741 15
1309858801 15
1309858861 15
1309858921 14
1309858982 13
1309859042 13
1309859101 13
1309859161 11
1309859221 11
1309859281 12
1309859341 12
1309859401 11
1309859461 12
1309859521 12
1309859581 12
1309859641 11
1309859702 11
1309859761 13
1309859821 12
1309859881 12
1309859941 13
1309860001 12
1309860061 13
1309860121 13
1309860181 13
1309860241 13
1309860302 12
1309860361 12
1309860421 13
1309860481 13
1309860541 12
1309860601 14
1309860661 12
1309860721 14
1309860781 14
1309860841 15
1309860902 16
1309860961 14
1309861021 16
1309861081 16
1309861141 16
1309861201 14
1309861261 16
1309861321 15
1309861381 16
1309861441 15
1309861501 14
1309861562 13
1309861621 11
1309861681 14
1309861741 14
1309861801 14
1309861861 13
1309861921 14
1309861981 13
1309862041 14
1309862102 13
1309862162 14
1309862221 12
1309862281 12
1309862341 14
1309862401 14
1309862461 14
1309862521 12
1309862581 13
1309862641 13
1309862701 13
1309862762 12
1309862821 12
1309862881 13
1309862941 12
1309863001 13
1309863061 14
1309863121 14
1309863181 14
1309863241 12
1309863301 14
1309863362 13
1309863421 13
1309863481 13
1309863541 14
1309863601 13
1309863661 13
1309863721 14
1309863781 13
1309863841 14
1309863901 14
1309863961 13
1309864021 13
1309864081 12
1309864141 12
1309864201 12
1309864261 13
1309864321 13
1309864381 13
1309864441 12
1309864501 12
1309864561 13
1309864622 12
1309864681 12
1309864741 11
1309864801 13
1309864861 13
1309864921 12
1309864981 13
1309865041 13
1309865101 12
1309865161 12
1309865221 13
1309865282 12
1309865341 14
1309865401 11
1309865461 13
1309865521 15
1309865581 15
1309865641 15
1309865701 15
1309865761 14
1309865821 14
1309865882 15
1309865941 13
1309866001 15
1309866061 14
1309866121 13
1309866181 14
1309866241 15
1309866301 15
1309866361 15
1309866421 14
1309866482 14
1309866541 15
1309866601 16
1309866661 14
1309866721 15
1309866781 15
1309866841 15
1309866901 16
1309866961 16
1309867021 16
1309867082 15
1309867141 14
1309867201 15
1309867261 16
1309867321 15
1309867381 15
1309867441 16
1309867501 17
1309867561 19
1309867621 21
1309867682 21
1309867741 21
1309867801 20
1309867861 20
1309867921 21
1309867981 22
1309868041 21
1309868101 20
1309868161 20
1309868221 22
1309868281 22
1309868342 22
1309868401 21
1309868461 21
1309868521 19
1309868581 20
1309868641 23
1309868701 25
1309868761 24
1309868821 22
1309868881 23
1309868942 23
1309869001 21
1309869061 22
1309869121 26
1309869181 24
1309869241 24
1309869301 24
1309869361 24
1309869421 25
1309869481 26
1309869542 28
1309869601 28
1309869661 27
1309869721 26
1309869781 25
1309869841 25
1309869901 22
1309869961 24
1309870021 23
1309870081 24
1309870141 23
1309870201 22
1309870261 24
1309870321 22
1309870381 23
1309870441 22
1309870501 22
1309870561 23
1309870621 23
1309870681 23
1309870742 22
1309870801 24
1309870861 24
1309870921 24
1309870981 25
1309871041 24
1309871101 25
1309871161 23
1309871221 23
1309871281 23
1309871341 24
1309871402 23
1309871461 21
1309871521 21
1309871581 22
1309871641 22
1309871701 20
1309871761 21
1309871821 20
1309871881 21
1309871941 22
1309872001 21
1309872061 21
1309872122 22
1309872181 21
1309872241 21
1309872301 21
1309872361 19
1309872421 20
1309872481 20
1309872541 21
1309872601 20
1309872661 19
1309872721 18
1309872781 18
1309872842 17
1309872901 18
1309872961 17
1309873021 19
1309873081 18
1309873141 20
1309873201 20
1309873261 20
1309873321 21
1309873381 22
1309873441 23
1309873501 22
1309873561 23
1309873621 22
1309873681 19
1309873741 23
1309873801 23
1309873861 23
1309873921 23
1309873981 22
1309874041 21
1309874101 22
1309874161 21
1309874221 21
1309874282 22
1309874341 16
1309874401 21
1309874461 20
1309874521 20
1309874581 20
1309874641 21
1309874701 21
1309874761 20
1309874822 19
1309874881 21
1309874941 20
1309875001 20
1309875061 22
1309875121 20
1309875181 22
1309875241 21
1309875301 22
1309875361 25
1309875421 24
1309875481 23
1309875541 25
1309875601 22
1309875661 23
1309875721 23
1309875781 22
1309875841 22
1309875901 20
1309875961 19
1309876021 22
1309876081 22
1309876142 21
1309876201 22
1309876261 21
1309876321 22
1309876381 21
1309876441 21
1309876501 22
1309876561 22
1309876621 19
1309876681 21
1309876741 21
1309876801 22
1309876862 22
1309876921 23
1309876981 22
1309877041 23
1309877101 22
1309877161 23
1309877221 23
1309877281 17
1309877341 19
1309877401 16
1309877461 17
1309877522 13
1309877581 14
1309877641 14
1309877701 14
1309877761 12
1309877821 14
1309877881 14
1309877941 11
1309878001 15
1309878061 15
1309878121 14
1309878181 13
1309878241 13
1309878301 13
1309878361 13
1309878421 13
1309878481 13
1309878541 13
1309878601 11
1309878661 11
1309878721 13
1309878781 13
1309878841 12
1309878902 12
1309878961 13
1309879021 12
1309879081 12
1309879141 12
1309879201 13
1309879261 9
1309879321 9
1309879381 12
1309879441 12
1309879501 11
1309879562 10
1309879621 12
1309879681 12
1309879741 12
1309879801 12
1309879861 12
1309879921 11
1309879981 10
1309880041 13
1309880101 13
1309880161 12
1309880222 11
1309880281 13
1309880341 13
1309880401 13
1309880461 12
1309880521 13
1309880581 13
1309880641 9
1309880701 12
1309880761 12
1309880821 11
1309880882 10
1309880942 12
1309881001 12
1309881061 13
1309881121 12
1309881181 13
1309881241 13
1309881301 11
1309881361 12
1309881422 12
1309881481 12
1309881541 10
1309881601 11
