1305302461 10
1305302521 9
1305302581 9
1305302641 9
1305302701 8
1305302762 9
1305302821 8
1305302881 9
1305302941 8
1305303001 7
1305303061 8
1305303121 7
1305303181 7
1305303241 8
1305303301 8
1305303361 7
1305303421 7
1305303481 7
1305303542 9
1305303601 9
1305303661 8
1305303721 9
1305303781 8
1305303841 7
1305303901 8
1305303961 8
1305304021 7
1305304081 6
1305304141 6
1305304201 6
1305304261 6
1305304321 5
1305304381 6
1305304441 5
1305304501 5
1305304561 6
1305304621 5
1305304681 5
1305304741 4
1305304801 5
1305304861 5
1305304921 5
1305304981 4
1305305041 5
1305305101 5
1305305161 3
1305305221 5
1305305281 5
1305305341 5
1305305401 3
1305305461 5
1305305522 5
1305305581 5
1305305641 4
1305305701 5
1305305761 5
1305305821 3
1305305881 4
1305305941 4
1305306001 4
1305306061 2
1305306121 3
1305306181 4
1305306241 4
1305306301 3
1305306361 4
1305306421 4
1305306481 3
1305306541 4
1305306601 4
1305306661 4
1305306721 3
1305306781 3
1305306841 4
1305306901 4
1305306961 3
1305307021 5
1305307081 5
1305307141 4
1305307202 5
1305307261 5
1305307321 5
1305307381 4
1305307441 4
1305307501 5
1305307561 5
1305307621 3
1305307681 4
1305307741 4
1305307801 3
1305307861 4
1305307922 4
1305307981 4
1305308041 4
1305308101 4
1305308161 5
1305308221 5
1305308281 4
1305308341 5
1305308401 5
1305308461 5
1305308521 5
1305308581 5
1305308641 4
1305308702 4
1305308762 4
1305308821 5
1305308881 5
1305308941 4
1305309001 5
1305309061 5
1305309121 5
1305309181 5
1305309241 5
1305309301 4
1305309361 5
1305309421 4
1305309481 5
1305309542 5
1305309601 4
1305309662 4
1305309721 5
1305309781 5
1305309841 5
1305309901 5
1305309961 3
1305310021 5
1305310081 5
1305310141 5
1305310201 5
1305310261 5
1305310321 6
1305310382 6
1305310441 6
1305310501 6
1305310561 6
1305310621 5
1305310681 5
1305310741 6
1305310801 6
1305310861 5
1305310921 4
1305310981 4
1305311041 5
1305311102 5
1305311161 5
1305311221 5
1305311281 4
1305311341 5
1305311401 5
1305311461 5
1305311521 5
1305311581 5
1305311641 3
1305311701 5
1305311761 5
1305311822 5
1305311881 4
1305311941 3
1305312001 4
1305312061 4
1305312121 4
1305312181 4
1305312241 4
1305312301 2
1305312361 4
1305312422 4
1305312481 4
1305312541 4
1305312601 3
1305312661 4
1305312721 4
1305312781 4
1305312841 4
1305312901 4
1305312961 2
1305313021 5
1305313082 5
1305313141 5
1305313201 5
1305313261 4
1305313321 5
1305313381 5
1305313441 5
1305313501 5
1305313561 5
1305313622 3
1305313682 4
1305313741 4
1305313801 3
1305313861 3
1305313921 2
1305313981 3
1305314041 3
1305314101 3
1305314161 3
1305314221 3
1305314282 1
1305314341 3
1305314401 3
1305314461 3
1305314521 3
1305314581 2
1305314641 3
1305314701 3
1305314761 3
1305314821 3
1305314881 3
1305314942 1
1305315001 3
1305315061 3
1305315121 3
1305315181 3
1305315241 2
1305315301 3
1305315361 3
1305315421 3
1305315481 3
1305315541 3
1305315601 1
1305315662 3
1305315721 3
1305315781 3
1305315841 3
1305315901 3
1305315961 2
1305316021 3
1305316081 3
1305316141 3
1305316201 3
1305316261 1
1305316322 3
1305316381 3
1305316441 3
1305316501 3
1305316561 3
1305316621 3
1305316681 3
1305316741 3
1305316801 3
1305316861 3
1305316921 1
1305316982 3
1305317041 3
1305317101 4
1305317161 4
1305317221 3
1305317281 4
1305317341 4
1305317401 4
1305317461 4
1305317521 4
1305317582 2
1305317641 4
1305317701 3
1305317761 3
1305317821 3
1305317881 2
1305317941 3
1305318001 3
1305318061 3
1305318121 3
1305318182 3
1305318241 1
1305318301 3
1305318361 3
1305318421 3
1305318481 3
1305318541 2
1305318601 3
1305318661 3
1305318721 3
1305318781 3
1305318841 3
1305318902 2
1305318961 2
1305319021 3
1305319081 3
1305319141 3
1305319201 2
1305319261 3
1305319321 3
1305319381 3
1305319441 3
1305319501 3
1305319562 2
1305319621 2
1305319681 3
1305319741 3
1305319801 3
1305319861 2
1305319921 3
1305319981 3
1305320041 3
1305320101 3
1305320162 3
1305320221 2
1305320281 2
1305320341 3
1305320401 3
1305320461 3
1305320521 2
1305320581 3
1305320641 3
1305320701 3
1305320761 3
1305320822 3
1305320881 2
1305320941 3
1305321001 3
1305321061 3
1305321121 3
1305321181 2
1305321241 3
1305321301 3
1305321361 3
1305321421 3
1305321482 3
1305321541 2
1305321601 3
1305321661 3
1305321721 3
1305321781 3
1305321841 2
1305321901 3
1305321961 3
1305322021 3
1305322081 3
1305322141 2
1305322201 2
1305322262 3
1305322321 3
1305322381 3
1305322441 3
1305322501 2
1305322561 3
1305322621 3
1305322681 3
1305322741 3
1305322801 2
1305322861 2
1305322922 3
1305322981 3
1305323041 3
1305323101 3
1305323161 2
1305323221 3
1305323281 3
1305323341 3
1305323401 3
1305323461 2
1305323521 2
1305323581 3
1305323642 3
1305323701 3
1305323761 3
1305323821 2
1305323881 3
1305323941 3
1305324001 3
1305324061 3
1305324121 2
1305324181 2
1305324241 3
1305324301 3
1305324362 3
1305324421 3
1305324481 2
1305324541 3
1305324601 3
1305324661 3
1305324721 3
1305324781 2
1305324841 2
1305324901 3
1305324961 3
1305325021 3
1305325082 4
1305325141 3
1305325201 4
1305325261 4
1305325321 4
1305325381 4
1305325441 3
1305325501 3
1305325561 4
1305325621 4
1305325681 3
1305325742 4
1305325801 4
1305325861 3
1305325921 4
1305325981 4
1305326041 4
1305326101 3
1305326161 3
1305326221 4
1305326281 4
1305326341 4
1305326401 4
1305326462 4
1305326521 3
1305326581 4
1305326641 4
1305326701 4
1305326761 3
1305326821 3
1305326881 4
1305326941 4
1305327002 3
1305327061 4
1305327121 4
1305327181 3
1305327241 4
1305327301 4
1305327361 4
1305327421 3
1305327481 3
1305327541 4
1305327602 4
1305327662 4
1305327721 5
1305327781 5
1305327841 5
1305327901 5
1305327961 5
1305328021 5
1305328081 5
1305328141 3
1305328201 5
1305328261 5
1305328322 5
1305328381 5
1305328441 5
1305328501 5
1305328561 5
1305328621 5
1305328681 5
1305328741 5
1305328801 3
1305328861 5
1305328921 5
1305328981 5
1305329041 4
1305329102 5
1305329161 5
1305329221 5
1305329281 5
1305329341 5
1305329401 5
1305329461 3
1305329521 6
1305329581 6
1305329641 6
1305329701 5
1305329762 7
1305329821 7
1305329881 7
1305329941 7
1305330001 8
1305330061 8
1305330121 4
1305330181 8
1305330241 8
1305330301 8
1305330361 7
1305330421 7
1305330481 7
1305330541 7
1305330602 7
1305330661 7
1305330721 7
1305330781 4
1305330841 7
1305330901 7
1305330961 6
1305331021 7
1305331081 7
1305331141 7
1305331201 7
1305331261 7
1305331322 7
1305331381 5
1305331441 4
1305331501 7
1305331561 7
1305331621 7
1305331681 7
1305331741 7
1305331801 7
1305331861 7
1305331921 7
1305331981 7
1305332041 6
1305332102 6
1305332161 6
1305332221 7
1305332281 7
1305332341 7
1305332401 7
1305332461 7
1305332521 7
1305332581 7
1305332641 8
1305332701 7
1305332761 8
1305332822 7
1305332881 7
1305332941 7
1305333001 7
1305333061 7
1305333121 8
1305333181 8
1305333241 6
1305333301 8
1305333361 6
1305333421 8
1305333482 8
1305333541 8
1305333601 8
1305333661 8
1305333721 7
1305333781 7
1305333841 8
1305333901 6
1305333961 7
1305334021 5
1305334081 8
1305334141 8
1305334201 8
1305334261 8
1305334321 8
1305334381 8
1305334441 9
1305334501 9
1305334561 8
1305334621 7
1305334681 6
1305334741 9
1305334801 10
1305334861 10
1305334922 10
1305334981 10
1305335041 9
1305335101 11
1305335161 11
1305335221 11
1305335281 11
1305335341 9
1305335401 10
1305335461 11
1305335521 11
1305335581 11
1305335641 10
1305335702 10
1305335761 11
1305335821 11
1305335881 9
1305335941 11
1305336001 9
1305336061 10
1305336121 10
1305336181 9
1305336241 10
1305336301 9
1305336361 11
1305336421 12
1305336481 12
1305336541 10
1305336601 12
1305336661 10
1305336721 12
1305336781 12
1305336841 11
1305336901 13
1305336961 11
1305337021 13
1305337082 14
1305337141 14
1305337201 13
1305337261 14
1305337321 13
1305337381 15
1305337441 16
1305337501 16
1305337561 16
1305337621 14
1305337682 16
1305337741 16
1305337801 15
1305337861 16
1305337921 16
1305337981 14
1305338041 16
1305338101 16
1305338161 18
1305338221 16
1305338281 16
1305338341 16
1305338402 17
1305338461 16
1305338521 17
1305338581 18
1305338641 15
1305338701 17
1305338761 17
1305338821 18
1305338881 17
1305338941 18
1305339001 18
1305339061 18
1305339122 18
1305339181 16
1305339241 18
1305339301 14
1305339361 17
1305339421 16
1305339481 17
1305339541 16
1305339601 17
1305339661 17
1305339721 16
1305339782 17
1305339842 16
1305339901 18
1305339961 18
1305340021 17
1305340081 16
1305340141 16
1305340201 15
1305340261 17
1305340321 17
1305340381 16
1305340441 15
1305340502 16
1305340561 12
1305340621 15
1305340681 14
1305340741 15
1305340801 16
1305340861 16
1305340921 17
1305340981 18
1305341041 18
1305341101 19
1305341161 20
1305341222 19
1305341281 18
1305341341 19
1305341401 19
1305341461 19
1305341521 20
1305341581 22
1305341641 22
1305341701 20
1305341761 21
1305341821 22
1305341881 22
1305341942 18
1305342001 19
1305342061 20
1305342121 21
1305342181 19
1305342241 20
1305342301 19
1305342361 18
1305342421 18
1305342481 19
1305342541 19
1305342601 18
1305342661 17
1305342722 17
1305342781 19
1305342841 18
1305342901 18
1305342961 19
1305343021 19
1305343081 18
1305343141 18
1305343201 19
1305343261 18
1305343321 16
1305343381 18
1305343442 20
1305343501 19
1305343561 19
1305343621 21
1305343681 21
1305343741 20
1305343801 20
1305343861 20
1305343921 19
1305343981 18
1305344041 18
1305344101 19
1305344162 17
1305344221 16
1305344281 18
1305344341 18
1305344401 17
1305344461 18
1305344521 17
1305344581 16
1305344641 15
1305344701 16
1305344761 16
1305344822 14
1305344881 13
1305344941 14
1305345001 12
1305345061 12
1305345121 13
1305345181 13
1305345241 13
1305345301 14
1305345361 15
1305345421 15
1305345481 12
1305345541 13
1305345602 13
1305345661 12
1305345721 12
1305345781 13
1305345841 12
1305345901 12
1305345961 12
1305346021 14
1305346081 15
1305346141 14
1305346201 15
1305346262 15
1305346321 14
1305346381 13
1305346441 14
1305346501 14
1305346561 14
1305346621 13
1305346681 14
1305346741 14
1305346801 12
1305346861 13
1305346921 14
1305346982 14
1305347041 13
1305347101 12
1305347161 15
1305347221 14
1305347281 13
1305347341 14
1305347401 14
1305347461 14
1305347521 13
1305347581 14
1305347641 15
1305347701 13
1305347762 13
1305347821 14
1305347881 13
1305347941 13
1305348001 14
1305348061 13
1305348121 13
1305348181 14
1305348241 13
1305348301 12
1305348361 11
1305348421 12
1305348481 13
1305348541 12
1305348601 13
1305348661 13
1305348721 13
1305348781 12
1305348841 13
1305348901 13
1305348961 13
1305349021 14
1305349081 13
1305349142 14
1305349201 13
1305349261 14
1305349321 15
1305349381 14
1305349441 15
1305349501 15
1305349561 13
1305349621 11
1305349681 14
1305349741 15
1305349802 15
1305349861 13
1305349921 14
1305349981 14
1305350041 13
1305350101 14
1305350161 13
1305350221 13
1305350281 11
1305350341 12
1305350401 12
1305350461 13
1305350522 12
1305350581 12
1305350641 12
1305350701 13
1305350761 13
1305350821 12
1305350881 12
1305350941 11
1305351001 13
1305351061 12
1305351121 14
1305351181 13
1305351241 14
1305351302 12
1305351361 14
1305351421 14
1305351481 14
1305351541 12
1305351601 13
1305351661 14
1305351721 13
1305351781 13
1305351841 12
1305351901 12
1305351961 11
1305352022 13
1305352081 14
1305352141 15
1305352201 14
1305352261 13
1305352321 14
1305352381 14
1305352441 15
1305352501 14
1305352561 15
1305352621 14
1305352681 15
1305352742 14
1305352801 16
1305352861 16
1305352921 16
1305352981 14
1305353041 15
1305353101 18
1305353161 17
1305353221 18
1305353281 17
1305353341 18
1305353401 15
1305353462 18
1305353521 19
1305353581 20
1305353641 20
1305353701 20
1305353761 19
1305353821 19
1305353881 17
1305353941 17
1305354001 17
1305354061 14
1305354122 14
1305354181 13
1305354241 11
1305354301 13
1305354361 12
1305354421 12
1305354481 12
1305354541 12
1305354601 13
1305354661 13
1305354721 14
1305354781 14
1305354841 14
1305354902 12
1305354961 14
1305355021 13
1305355081 12
1305355141 13
1305355201 12
1305355261 13
1305355321 11
1305355381 13
1305355441 14
1305355501 14
1305355561 13
1305355622 15
1305355681 15
1305355741 15
1305355801 16
1305355861 15
1305355921 14
1305355981 15
1305356041 14
1305356101 13
1305356161 14
1305356221 13
1305356281 13
1305356342 14
1305356401 13
1305356461 13
1305356521 13
1305356581 11
1305356641 14
1305356701 13
1305356761 14
1305356821 15
1305356881 15
1305356941 15
1305357001 16
1305357062 15
1305357121 15
1305357181 17
1305357241 16
1305357301 16
1305357361 16
1305357421 15
1305357481 15
1305357541 15
1305357601 15
1305357661 17
1305357722 16
1305357781 14
1305357841 16
1305357901 15
1305357961 16
1305358021 16
1305358081 15
1305358141 13
1305358201 12
1305358261 11
1305358321 11
1305358381 12
1305358442 12
1305358501 14
1305358561 12
1305358621 14
1305358681 13
1305358741 14
1305358801 13
1305358861 12
1305358921 13
1305358981 11
1305359041 9
1305359101 10
1305359162 11
1305359221 12
1305359281 12
1305359341 12
1305359401 13
1305359461 13
1305359521 14
1305359581 14
1305359641 13
1305359701 12
1305359761 14
1305359821 13
1305359881 15
1305359942 15
1305360001 16
1305360061 16
1305360121 16
1305360181 16
1305360241 16
1305360301 15
1305360361 14
1305360421 15
1305360481 13
1305360541 15
1305360602 15
1305360661 16
1305360721 16
1305360781 16
1305360841 16
1305360901 16
1305360961 16
1305361021 14
1305361081 15
1305361141 14
1305361201 14
1305361261 13
1305361322 13
1305361381 13
1305361441 13
1305361501 14
1305361561 12
1305361621 12
1305361681 11
1305361741 12
1305361801 10
1305361861 11
1305361921 10
1305361981 10
1305362042 11
1305362101 10
1305362161 11
1305362221 11
1305362281 12
1305362341 11
1305362401 11
1305362461 11
1305362521 12
1305362581 11
1305362641 11
1305362701 11
1305362761 12
1305362822 9
1305362881 11
1305362941 10
1305363001 11
1305363061 10
1305363121 11
1305363181 12
1305363241 11
1305363301 11
1305363361 11
1305363421 12
1305363481 11
1305363542 12
1305363601 12
1305363661 13
1305363721 13
1305363781 13
1305363841 13
1305363901 12
1305363961 11
1305364021 10
1305364081 10
1305364141 11
1305364201 10
1305364262 11
1305364321 12
1305364381 12
1305364441 12
1305364501 12
1305364561 12
1305364621 12
1305364681 12
1305364741 11
1305364801 12
1305364861 11
1305364921 11
1305364982 11
1305365041 13
1305365101 13
1305365161 13
1305365221 13
1305365281 12
1305365341 13
1305365401 13
1305365461 14
1305365521 11
1305365581 13
1305365642 12
1305365701 12
1305365761 13
1305365821 13
1305365881 12
1305365941 13
1305366001 13
1305366061 13
1305366121 13
1305366181 10
1305366241 14
1305366301 13
1305366362 13
1305366421 14
1305366481 13
1305366541 13
1305366601 12
1305366661 12
1305366721 13
1305366781 14
1305366841 10
1305366901 13
1305366961 12
1305367021 13
1305367081 13
1305367142 12
1305367201 11
1305367261 13
1305367321 13
1305367381 14
1305367441 13
1305367501 13
1305367561 15
1305367621 13
1305367681 15
1305367741 15
1305367801 15
1305367862 14
1305367921 14
1305367981 14
1305368041 13
1305368101 11
1305368161 11
1305368221 15
1305368281 14
1305368341 15
1305368401 15
1305368461 15
1305368521 14
1305368582 14
1305368641 16
1305368701 16
1305368761 14
1305368821 12
1305368881 13
1305368941 12
1305369001 15
1305369061 14
1305369121 15
1305369181 15
1305369241 13
1305369302 14
1305369361 13
1305369421 13
1305369481 13
1305369541 13
1305369601 13
1305369661 13
1305369721 14
1305369781 14
1305369841 14
1305369902 13
1305369961 14
1305370021 13
1305370081 12
1305370141 13
1305370201 11
1305370261 12
1305370321 9
1305370381 13
1305370441 13
1305370501 12
1305370561 12
1305370622 11
1305370681 12
1305370741 11
1305370801 11
1305370861 10
1305370921 12
1305370981 8
1305371041 12
1305371101 13
1305371161 13
1305371221 13
1305371281 15
1305371342 16
1305371401 16
1305371461 15
1305371521 15
1305371581 15
1305371641 14
1305371701 15
1305371761 14
1305371821 15
1305371881 13
1305371941 16
1305372001 15
1305372062 16
1305372121 16
1305372181 15
1305372241 14
1305372301 16
1305372361 17
1305372421 17
1305372481 17
1305372541 15
1305372601 15
1305372661 14
1305372721 15
1305372781 14
1305372842 14
1305372901 13
1305372961 14
1305373021 14
1305373081 14
1305373141 14
1305373201 15
1305373261 14
1305373321 14
1305373381 15
1305373441 14
1305373501 15
1305373561 13
1305373621 15
1305373681 14
1305373741 13
1305373801 14
1305373861 14
1305373921 14
1305373981 13
1305374041 13
1305374101 12
1305374161 13
1305374222 12
1305374281 14
1305374341 14
1305374401 12
1305374461 13
1305374521 12
1305374581 13
1305374641 12
1305374701 12
1305374761 13
1305374821 15
1305374882 12
1305374941 13
1305375001 15
1305375061 15
1305375121 15
1305375181 15
1305375241 16
1305375301 16
1305375361 14
1305375421 14
1305375481 15
1305375541 15
1305375602 14
1305375661 15
1305375721 15
1305375781 14
1305375841 15
1305375901 15
1305375961 15
1305376021 15
1305376081 15
1305376141 15
1305376201 15
1305376262 13
1305376321 15
1305376381 15
1305376441 14
1305376501 14
1305376561 14
1305376621 12
1305376681 14
1305376741 15
1305376801 15
1305376861 17
1305376921 16
1305376982 17
1305377041 17
1305377101 17
1305377161 16
1305377221 16
1305377281 15
1305377341 15
1305377401 17
1305377461 16
1305377521 18
1305377581 17
1305377641 18
1305377702 18
1305377761 17
1305377821 18
1305377881 18
1305377941 18
1305378001 17
1305378061 17
1305378121 16
1305378181 19
1305378241 18
1305378301 19
1305378361 19
1305378421 18
1305378482 19
1305378541 19
1305378601 18
1305378661 19
1305378721 19
1305378781 19
1305378841 21
1305378901 18
1305378961 20
1305379021 21
1305379081 20
1305379142 20
1305379201 20
1305379261 18
1305379321 19
1305379381 15
1305379441 19
1305379501 19
1305379561 19
1305379621 20
1305379681 20
1305379741 22
1305379801 21
1305379862 22
1305379921 22
1305379981 22
1305380041 17
1305380101 21
1305380161 20
1305380221 19
1305380281 19
1305380341 16
1305380401 20
1305380461 19
1305380522 20
1305380581 20
1305380641 21
1305380701 19
1305380761 23
1305380821 24
1305380881 24
1305380941 25
1305381001 23
1305381061 25
1305381121 24
1305381181 25
1305381242 25
1305381301 24
1305381361 23
1305381421 22
1305381481 24
1305381541 23
1305381601 26
1305381661 24
1305381721 24
1305381781 24
1305381841 22
1305381901 23
1305381962 22
1305382021 21
1305382081 20
1305382141 19
1305382201 16
1305382261 18
1305382321 17
1305382381 18
1305382441 18
1305382501 16
1305382561 18
1305382621 18
1305382681 18
1305382742 18
1305382801 17
1305382861 17
1305382921 17
1305382981 17
1305383041 18
1305383101 18
1305383161 18
1305383221 15
1305383281 16
1305383341 17
1305383401 17
1305383461 15
1305383522 17
1305383581 17
1305383641 15
1305383701 17
1305383761 17
1305383821 17
1305383881 15
1305383941 14
1305384001 14
1305384061 14
1305384121 13
1305384182 15
1305384241 15
1305384301 15
1305384361 15
1305384421 16
1305384481 16
1305384541 15
1305384601 15
1305384661 15
1305384721 15
1305384781 13
1305384841 14
1305384902 16
1305384961 14
1305385021 14
1305385081 15
1305385141 15
1305385201 14
1305385261 15
1305385321 15
1305385381 13
1305385441 11
1305385501 11
1305385561 14
1305385622 12
1305385681 14
1305385741 14
1305385801 13
1305385861 14
1305385921 14
1305385981 15
1305386041 15
1305386101 12
1305386161 10
1305386222 13
1305386282 12
1305386341 14
1305386401 14
1305386461 12
1305386521 12
1305386581 13
1305386641 14
1305386701 14
1305386761 12
1305386821 14
1305386881 12
1305386941 12
1305387001 13
1305387062 13
1305387121 12
1305387181 10
1305387241 11
1305387301 11
1305387361 11
1305387421 8
1305387481 10
1305387541 8
1305387601 8
1305387661 9
1305387721 9
1305387782 8
1305387841 6
1305387901 8
1305387961 8
1305388021 7
1305388081 5
1305388141 8
1305388201 7
1305388261 7
1305388321 8
1305388381 8
1305388441 9
1305388501 7
1305388562 9
1305388621 9
1305388681 9
1305388741 6
