1317139261 44
1317139321 41
1317139381 41
1317139441 45
1317139501 44
1317139561 40
1317139621 40
1317139681 43
1317139741 43
1317139801 43
1317139861 45
1317139921 45
1317139981 44
1317140042 44
1317140101 46
1317140161 47
1317140221 45
1317140281 43
1317140341 40
1317140401 41
1317140461 39
1317140521 38
1317140581 36
1317140641 34
1317140702 35
1317140761 33
1317140821 32
1317140881 31
1317140941 30
1317141001 32
1317141061 32
1317141121 32
1317141181 28
1317141241 26
1317141302 26
1317141361 28
1317141421 28
1317141481 30
1317141541 28
1317141601 28
1317141661 27
1317141721 27
1317141781 29
1317141842 28
1317141901 27
1317141961 25
1317142021 28
1317142081 27
1317142141 30
1317142201 27
1317142261 30
1317142321 28
1317142381 27
1317142441 30
1317142502 28
1317142561 30
1317142621 28
1317142681 29
1317142741 30
1317142801 30
1317142861 28
1317142921 30
1317142981 27
1317143041 26
1317143101 28
1317143161 26
1317143221 27
1317143282 29
1317143341 27
1317143401 26
1317143461 25
1317143521 25
1317143582 27
1317143642 25
1317143702 25
1317143761 26
1317143821 23
1317143881 20
1317143942 22
1317144002 22
1317144061 23
1317144121 22
1317144181 20
1317144241 22
1317144301 21
1317144361 21
1317144421 22
1317144481 21
1317144541 19
1317144601 21
1317144661 22
1317144722 23
1317144781 23
1317144841 21
1317144901 23
1317144961 23
1317145021 22
1317145081 23
1317145141 22
1317145201 18
1317145261 20
1317145321 19
1317145382 20
1317145442 19
1317145501 18
1317145561 17
1317145621 19
1317145681 18
1317145741 18
1317145801 19
1317145861 18
1317145921 19
1317145981 19
1317146042 20
1317146101 19
1317146161 19
1317146221 18
1317146281 20
1317146341 19
1317146401 19
1317146461 18
1317146521 17
1317146581 20
1317146641 20
1317146702 17
1317146761 18
1317146821 19
1317146881 19
1317146941 20
1317147001 18
1317147061 19
1317147121 20
1317147181 18
1317147242 18
1317147301 19
1317147361 18
1317147421 19
1317147481 18
1317147541 19
1317147601 19
1317147661 16
1317147721 16
1317147781 19
1317147842 18
1317147901 19
1317147961 18
1317148021 19
1317148081 19
1317148141 17
1317148201 19
1317148262 19
1317148322 17
1317148381 16
1317148441 19
1317148501 18
1317148561 19
1317148622 18
1317148682 19
1317148741 19
1317148801 18
1317148861 20
1317148921 20
1317148981 18
1317149041 18
1317149102 18
1317149161 19
1317149221 19
1317149281 18
1317149341 18
1317149401 19
1317149461 17
1317149521 18
1317149582 18
1317149641 16
1317149701 17
1317149761 18
1317149821 16
1317149881 18
1317149941 17
1317150001 16
1317150061 17
1317150122 16
1317150182 17
1317150241 16
1317150301 15
1317150361 15
1317150421 17
1317150481 16
1317150541 16
1317150601 16
1317150662 17
1317150721 17
1317150781 16
1317150841 16
1317150901 16
1317150961 16
1317151021 15
1317151081 17
1317151141 16
1317151202 16
1317151261 16
1317151321 17
1317151381 17
1317151441 16
1317151501 16
1317151561 16
1317151621 14
1317151681 15
1317151742 17
1317151801 16
1317151861 16
1317151921 16
1317151981 16
1317152041 17
1317152101 16
1317152161 16
1317152221 16
1317152282 14
1317152341 15
1317152401 17
1317152461 15
1317152521 15
1317152581 16
1317152641 16
1317152701 16
1317152761 14
1317152822 15
1317152881 15
1317152941 13
1317153001 14
1317153061 16
1317153121 14
1317153181 14
1317153241 15
1317153301 16
1317153361 16
1317153421 15
1317153482 15
1317153541 16
1317153601 13
1317153661 14
1317153721 16
1317153781 15
1317153841 15
1317153901 15
1317153961 16
1317154021 16
1317154082 15
1317154142 15
1317154201 16
1317154261 13
1317154321 13
1317154381 15
1317154441 15
1317154501 15
1317154561 15
1317154621 16
1317154681 16
1317154741 15
1317154802 15
1317154861 16
1317154921 13
1317154981 13
1317155041 15
1317155101 15
1317155161 16
1317155221 14
1317155281 16
1317155341 15
1317155401 15
1317155462 15
1317155522 16
1317155581 15
1317155641 13
1317155701 15
1317155761 14
1317155821 16
1317155881 15
1317155941 16
1317156001 16
1317156061 15
1317156122 15
1317156181 16
1317156241 13
1317156301 14
1317156361 15
1317156421 14
1317156481 16
1317156541 15
1317156601 15
1317156662 16
1317156721 15
1317156781 15
1317156841 16
1317156901 12
1317156961 14
1317157021 15
1317157081 14
1317157141 16
1317157202 15
1317157261 16
1317157321 15
1317157381 15
1317157441 15
1317157501 16
1317157561 13
1317157621 14
1317157681 14
1317157742 13
1317157801 15
1317157861 14
1317157921 15
1317157981 15
1317158041 14
1317158101 15
1317158161 14
1317158221 11
1317158282 14
1317158341 14
1317158401 13
1317158461 15
1317158521 14
1317158581 14
1317158641 15
1317158701 13
1317158762 15
1317158821 15
1317158881 10
1317158941 14
1317159001 14
1317159061 13
1317159121 15
1317159181 14
1317159241 14
1317159302 15
1317159362 14
1317159421 17
1317159481 17
1317159541 13
1317159601 16
1317159661 16
1317159721 16
1317159781 17
1317159841 17
1317159902 17
1317159961 18
1317160021 17
1317160081 17
1317160141 16
1317160201 15
1317160261 17
1317160321 17
1317160381 17
1317160441 18
1317160501 18
1317160562 17
1317160621 18
1317160681 17
1317160741 18
1317160801 18
1317160861 17
1317160921 18
1317160981 18
1317161041 17
1317161101 18
1317161161 18
1317161221 17
1317161282 19
1317161342 18
1317161401 18
1317161461 16
1317161521 15
1317161581 18
1317161641 17
1317161701 16
1317161761 18
1317161821 18
1317161881 18
1317161942 19
1317162002 18
1317162061 19
1317162121 18
1317162181 15
1317162241 18
1317162301 19
1317162361 19
1317162421 19
1317162481 18
1317162542 18
1317162602 16
1317162661 18
1317162721 18
1317162781 17
1317162841 16
1317162901 15
1317162961 14
1317163021 16
1317163081 16
1317163141 15
1317163202 15
1317163262 12
1317163321 13
1317163381 14
1317163441 13
1317163501 12
1317163561 13
1317163621 11
1317163681 13
1317163741 13
1317163801 14
1317163862 15
1317163921 14
1317163981 15
1317164041 16
1317164101 16
1317164161 15
1317164221 16
1317164281 16
1317164341 17
1317164402 19
1317164461 20
1317164521 19
1317164581 18
1317164641 17
1317164701 18
1317164761 17
1317164821 17
1317164881 18
1317164941 17
1317165002 18
1317165061 18
1317165121 17
1317165181 19
1317165241 17
1317165301 17
1317165361 18
1317165421 18
1317165481 17
1317165542 19
1317165602 17
1317165661 22
1317165721 22
1317165781 24
1317165841 28
1317165901 28
1317165961 30
1317166021 30
1317166081 29
1317166142 27
1317166202 30
1317166261 29
1317166321 32
1317166381 33
1317166441 34
1317166501 37
1317166561 38
1317166621 39
1317166681 42
1317166742 45
1317166802 49
1317166861 54
1317166921 53
1317166981 53
1317167041 54
1317167101 55
1317167161 53
1317167221 55
1317167281 57
1317167341 62
1317167402 57
1317167461 54
1317167521 62
1317167581 61
1317167641 62
1317167701 63
1317167762 66
1317167821 68
1317167881 67
1317167941 64
1317168001 66
1317168061 68
1317168121 63
1317168181 66
1317168241 64
1317168302 63
1317168361 64
1317168421 62
1317168481 66
1317168541 68
1317168601 71
1317168661 75
1317168721 75
1317168781 77
1317168841 80
1317168902 80
1317168961 83
1317169021 82
1317169081 85
1317169141 87
1317169201 83
1317169261 89
1317169321 92
1317169381 95
1317169441 95
1317169502 98
1317169562 98
1317169621 99
1317169681 99
1317169741 101
1317169801 109
1317169861 104
1317169921 107
1317169981 105
1317170041 109
1317170101 111
1317170161 113
1317170222 115
1317170281 117
1317170341 113
1317170401 113
1317170461 115
1317170521 116
1317170582 119
1317170641 123
1317170701 126
1317170762 124
1317170822 126
1317170881 124
1317170941 126
1317171001 130
1317171061 131
1317171121 133
1317171181 138
1317171241 134
1317171301 137
1317171361 134
1317171421 134
1317171482 137
1317171541 136
1317171601 130
1317171661 133
1317171721 134
1317171781 133
1317171841 135
1317171901 136
1317171961 140
1317172022 145
1317172081 146
1317172141 146
1317172201 144
1317172261 150
1317172321 148
1317172381 149
1317172441 148
1317172501 143
1317172562 145
1317172622 144
1317172681 146
1317172741 146
1317172801 145
1317172861 144
1317172921 145
1317172981 144
1317173041 147
1317173101 149
1317173161 151
1317173221 154
1317173281 153
1317173341 157
1317173401 162
1317173461 157
1317173522 155
1317173581 162
1317173641 157
1317173701 164
1317173761 163
1317173821 164
1317173881 165
1317173941 171
1317174001 170
1317174062 174
1317174121 177
1317174181 178
1317174241 178
1317174301 177
1317174361 183
1317174421 187
1317174481 184
1317174541 188
1317174601 182
1317174662 186
1317174722 188
1317174781 186
1317174841 190
1317174901 189
1317174961 187
1317175021 190
1317175081 189
1317175141 186
1317175201 191
1317175262 190
1317175321 191
1317175381 196
1317175441 193
1317175501 195
1317175561 195
1317175621 191
1317175681 194
1317175741 190
1317175802 192
1317175861 185
1317175921 184
1317175981 187
1317176041 185
1317176101 186
1317176161 186
1317176221 190
1317176281 198
1317176342 190
1317176401 195
1317176461 188
1317176521 186
1317176581 181
1317176641 190
1317176702 188
1317176762 214
1317176822 216
1317176881 215
1317176941 225
1317177001 226
1317177061 237
1317177121 236
1317177181 238
1317177241 235
1317177303 235
1317177361 215
1317177421 220
1317177481 219
1317177541 217
1317177602 212
1317177661 212
1317177721 214
1317177781 217
1317177841 221
1317177901 226
1317177961 226
1317178021 228
1317178081 225
1317178141 225
1317178201 227
1317178262 232
1317178321 235
1317178381 235
1317178441 238
1317178501 241
1317178561 236
1317178621 235
1317178681 244
1317178742 243
1317178801 251
1317178862 246
1317178922 245
1317178982 245
1317179042 250
1317179101 251
1317179161 247
1317179221 254
1317179281 251
1317179341 256
1317179401 257
1317179461 256
1317179522 259
1317179581 262
1317179641 255
1317179701 257
1317179761 255
1317179821 248
1317179881 255
1317179941 263
1317180002 254
1317180061 257
1317180121 251
1317180182 247
1317180242 245
1317180301 251
1317180361 247
1317180421 240
1317180481 231
1317180541 226
1317180601 234
1317180661 236
1317180722 238
1317180781 232
1317180841 231
1317180901 237
1317180961 247
1317181021 245
1317181082 246
1317181142 237
1317181201 240
1317181261 242
1317181321 237
1317181381 236
1317181441 234
1317181501 221
1317181561 221
1317181622 224
1317181681 226
1317181741 234
1317181801 227
1317181861 226
1317181921 226
1317181981 229
1317182041 226
1317182101 226
1317182162 228
1317182222 220
1317182281 220
1317182341 220
1317182401 220
1317182461 222
1317182521 218
1317182581 218
1317182641 215
1317182702 213
1317182761 212
1317182821 217
1317182881 207
1317182941 204
1317183001 201
1317183061 193
1317183121 198
1317183181 195
1317183241 196
1317183301 193
1317183362 192
1317183421 188
1317183481 190
1317183541 185
1317183601 185
1317183661 186
1317183721 182
1317183781 184
1317183841 186
1317183901 185
1317183961 181
1317184022 187
1317184081 189
1317184141 189
1317184201 196
1317184261 197
1317184321 194
1317184381 187
1317184441 184
1317184501 188
1317184561 188
1317184622 187
1317184681 193
1317184741 192
1317184801 186
1317184861 185
1317184921 186
1317184981 190
1317185041 187
1317185101 190
1317185162 190
1317185221 188
1317185281 182
1317185341 182
1317185401 186
1317185461 189
1317185521 197
1317185581 197
1317185641 197
1317185701 193
1317185761 193
1317185822 197
1317185882 196
1317185941 202
1317186001 194
1317186061 192
1317186121 187
1317186181 189
1317186241 194
1317186301 196
1317186362 197
1317186422 198
1317186481 195
1317186541 192
1317186601 200
1317186661 197
1317186721 200
1317186782 202
1317186842 202
1317186901 200
1317186961 201
1317187021 203
1317187081 202
1317187141 209
1317187201 210
1317187261 214
1317187321 217
1317187382 218
1317187442 218
1317187501 224
1317187561 223
1317187621 224
1317187681 233
1317187741 235
1317187801 239
1317187862 235
1317187922 240
1317187981 239
1317188041 238
1317188101 239
1317188161 241
1317188221 234
1317188281 231
1317188341 225
1317188402 228
1317188461 221
1317188522 217
1317188581 221
1317188641 228
1317188701 237
1317188761 248
1317188821 251
1317188882 261
1317188941 268
1317189001 285
1317189061 293
1317189121 299
1317189181 302
1317189241 295
1317189302 292
1317189362 291
1317189421 295
1317189481 294
1317189541 308
1317189601 304
1317189661 305
1317189721 306
1317189782 303
1317189841 316
1317189901 310
1317189961 305
1317190021 311
1317190081 299
1317190142 278
1317190202 268
1317190261 269
1317190321 264
1317190381 269
1317190441 257
1317190501 260
1317190561 260
1317190622 258
1317190681 262
1317190741 271
1317190801 273
1317190861 274
1317190921 274
1317190981 290
1317191042 303
1317191101 305
1317191161 300
1317191221 301
1317191281 308
1317191342 304
1317191402 305
1317191461 307
1317191521 312
1317191581 295
1317191641 295
1317191701 292
1317191761 281
1317191822 278
1317191882 278
1317191941 281
1317192001 282
1317192061 285
1317192121 285
1317192190 285
1317192241 288
1317192301 295
1317192361 301
1317192421 301
1317192481 293
1317192541 301
1317192602 303
1317192661 301
1317192722 298
1317192782 300
1317192842 294
1317192901 292
1317192961 295
1317193021 294
1317193082 297
1317193141 293
1317193201 285
1317193270 287
1317193321 298
1317193381 292
1317193441 302
1317193502 303
1317193561 306
1317193621 310
1317193681 311
1317193741 311
1317193801 315
1317193861 318
1317193921 320
1317193981 320
1317194041 317
1317194102 313
1317194161 314
1317194221 314
1317194281 319
1317194342 316
1317194402 313
1317194462 311
1317194521 295
1317194582 305
1317194642 288
1317194702 289
1317194761 277
1317194821 278
1317194881 277
1317194941 272
1317195004 264
1317195061 260
1317195121 269
1317195181 264
1317195241 269
1317195302 262
1317195362 265
1317195421 261
1317195481 252
1317195541 253
1317195602 256
1317195661 255
1317195721 255
1317195781 248
1317195841 240
1317195902 244
1317195961 247
1317196022 245
1317196081 245
1317196141 244
1317196201 232
1317196261 227
1317196321 233
1317196381 234
1317196441 232
1317196502 235
1317196562 230
1317196621 231
1317196681 234
1317196741 227
1317196804 226
1317196861 220
1317196921 213
1317196981 207
1317197041 207
1317197101 202
1317197161 197
1317197221 196
1317197281 197
1317197341 197
1317197402 197
1317197461 196
1317197521 194
1317197581 193
1317197641 187
1317197701 182
1317197762 185
1317197822 185
1317197881 176
1317197941 180
1317198001 182
1317198061 179
1317198121 181
1317198181 174
1317198242 176
1317198301 178
1317198361 180
1317198421 175
1317198481 169
1317198541 169
1317198601 171
1317198661 168
1317198721 156
1317198781 160
1317198841 158
1317198902 156
1317198962 152
1317199021 150
1317199081 149
1317199141 141
1317199201 146
1317199261 142
1317199321 140
1317199382 141
1317199441 144
1317199501 144
1317199562 144
1317199621 146
1317199681 145
1317199741 142
1317199801 136
1317199861 141
1317199921 141
1317199981 139
1317200041 145
1317200101 137
1317200162 134
1317200221 128
1317200281 125
1317200341 123
1317200401 120
1317200461 120
1317200521 120
1317200581 118
1317200641 116
1317200702 116
1317200761 116
1317200821 120
1317200881 119
1317200941 116
1317201002 116
1317201062 114
1317201121 115
1317201181 114
1317201241 108
1317201301 104
1317201361 97
1317201421 98
1317201481 98
1317201541 102
1317201601 101
1317201661 101
1317201721 97
1317201781 94
1317201841 94
1317201901 94
1317201961 92
1317202021 89
1317202081 88
1317202141 87
1317202202 83
1317202261 83
1317202321 82
1317202381 81
1317202441 79
1317202501 79
1317202561 80
1317202621 80
1317202681 80
1317202742 84
1317202802 86
1317202861 86
1317202921 85
1317202981 84
1317203041 86
1317203101 84
1317203161 86
1317203221 86
1317203281 83
1317203342 75
1317203402 74
1317203461 78
1317203521 75
1317203581 75
1317203641 73
1317203701 76
1317203761 79
1317203821 81
1317203882 83
1317203942 83
1317204001 82
1317204061 80
1317204121 86
1317204181 83
1317204241 84
1317204301 85
1317204361 85
1317204422 83
1317204481 80
1317204541 80
1317204601 78
1317204661 72
1317204721 72
1317204781 73
1317204841 70
1317204901 72
1317204961 69
1317205022 73
1317205081 75
1317205141 76
1317205201 73
1317205261 77
1317205321 73
1317205381 76
1317205441 75
1317205501 76
1317205562 74
1317205622 72
1317205681 77
1317205741 77
1317205801 78
1317205861 74
1317205921 76
1317205981 75
1317206041 76
1317206101 75
1317206161 77
1317206222 75
1317206281 75
1317206341 74
1317206401 73
1317206461 74
1317206521 73
1317206581 73
1317206641 72
1317206701 72
1317206761 72
1317206821 71
1317206881 65
1317206941 67
1317207005 72
1317207061 72
1317207121 74
1317207181 74
1317207241 73
1317207301 74
1317207361 74
1317207421 73
1317207482 75
1317207541 75
1317207601 76
1317207661 76
1317207721 73
1317207781 75
1317207841 77
1317207901 78
1317207961 77
1317208022 79
1317208081 78
1317208141 75
1317208201 81
1317208261 78
1317208321 77
1317208381 76
1317208441 74
1317208501 74
1317208562 77
1317208621 77
1317208681 77
1317208741 77
1317208801 74
1317208861 75
1317208921 77
1317208981 74
1317209041 76
1317209101 73
1317209162 73
1317209221 70
1317209281 75
1317209341 73
1317209401 68
1317209461 74
1317209521 75
1317209581 74
1317209641 75
1317209701 75
1317209762 78
1317209821 80
1317209881 75
1317209941 78
1317210001 81
1317210061 82
1317210121 83
1317210181 84
1317210241 83
1317210302 85
1317210362 85
1317210421 81
1317210481 82
1317210541 86
1317210601 81
1317210661 79
1317210721 82
1317210781 80
1317210841 83
1317210902 84
1317210961 87
1317211021 88
1317211081 88
1317211141 89
1317211201 90
1317211261 90
1317211321 92
1317211381 93
1317211441 91
1317211501 92
1317211561 90
1317211621 93
1317211681 93
1317211741 95
1317211801 97
1317211861 95
1317211921 94
1317211981 96
1317212042 96
1317212101 96
1317212161 95
1317212221 92
1317212281 91
1317212341 91
1317212401 87
1317212461 88
1317212521 91
1317212582 92
1317212642 94
1317212701 93
1317212761 95
1317212821 92
1317212881 94
1317212941 92
1317213001 93
1317213061 91
1317213121 89
1317213181 89
1317213242 92
1317213301 91
1317213361 92
1317213421 91
1317213481 91
1317213541 95
1317213601 99
1317213661 100
1317213722 99
1317213782 98
1317213841 100
1317213901 96
1317213961 99
1317214021 99
1317214081 103
1317214141 98
1317214201 101
1317214261 100
1317214322 101
1317214382 100
1317214441 105
1317214501 105
1317214561 106
1317214621 111
1317214681 111
1317214741 111
1317214801 111
1317214861 115
1317214921 114
1317214981 116
1317215042 114
1317215102 119
1317215161 114
1317215221 119
1317215281 119
1317215341 119
1317215402 118
1317215461 114
1317215521 117
1317215581 115
1317215641 113
1317215701 114
1317215761 114
1317215821 117
1317215881 115
1317215941 116
1317216001 114
1317216061 114
1317216121 115
1317216181 116
1317216241 114
1317216302 114
1317216361 114
1317216421 116
1317216481 121
1317216541 120
1317216601 123
1317216661 126
1317216721 127
1317216781 125
1317216841 125
1317216902 125
1317216962 127
1317217021 122
1317217081 117
1317217141 113
1317217201 117
1317217261 120
1317217321 119
1317217381 121
1317217441 120
1317217501 120
1317217561 121
1317217622 123
1317217681 123
1317217741 126
1317217801 121
1317217861 120
1317217921 119
1317217981 119
1317218041 114
1317218101 116
1317218162 118
1317218221 116
1317218281 114
1317218341 113
1317218401 111
1317218461 112
1317218521 114
1317218582 112
1317218641 114
1317218701 111
1317218761 108
1317218821 104
1317218881 109
1317218941 110
1317219001 107
1317219061 107
1317219122 107
1317219181 104
1317219241 107
1317219301 102
1317219361 105
1317219421 107
1317219481 108
1317219542 107
1317219601 106
1317219661 104
1317219721 104
1317219781 105
1317219841 106
1317219901 109
1317219961 100
1317220021 106
1317220081 106
1317220141 105
1317220202 105
1317220261 104
1317220321 103
1317220381 103
1317220441 97
1317220501 101
1317220561 103
1317220621 103
1317220681 106
1317220741 109
1317220801 112
1317220862 112
1317220921 115
1317220981 113
1317221041 113
1317221101 113
1317221161 116
1317221221 110
1317221281 107
1317221341 102
1317221401 102
1317221462 101
1317221522 97
1317221581 102
1317221641 101
1317221701 100
1317221761 100
1317221821 100
1317221881 101
1317221941 103
1317222001 102
1317222061 100
1317222122 96
1317222181 92
1317222241 93
1317222301 90
1317222361 87
1317222421 90
1317222481 83
1317222541 84
1317222601 80
1317222662 80
1317222721 79
1317222781 77
1317222841 77
1317222901 79
1317222961 80
1317223021 78
1317223081 77
1317223141 72
1317223201 77
1317223261 76
1317223322 75
1317223382 77
1317223441 74
1317223501 70
1317223561 67
1317223621 64
1317223681 63
1317223741 61
1317223801 56
1317223861 59
1317223921 58
1317223981 59
1317224042 57
1317224101 55
1317224161 56
1317224221 52
1317224281 51
1317224341 51
1317224401 51
1317224461 51
1317224521 51
1317224581 49
1317224641 49
1317224702 47
1317224761 45
1317224821 46
1317224881 46
1317224941 47
1317225001 45
1317225061 44
1317225121 40
1317225181 41
1317225241 39
1317225301 41
1317225361 39
1317225421 38
1317225481 39
1317225541 41
1317225601 42
