1310054401 19
1310054461 20
1310054521 18
1310054581 18
1310054641 17
1310054701 18
1310054761 17
1310054822 18
1310054881 17
1310054941 19
1310055001 17
1310055061 16
1310055121 17
1310055181 18
1310055241 18
1310055302 17
1310055361 18
1310055421 17
1310055481 18
1310055541 17
1310055601 16
1310055661 16
1310055721 15
1310055781 17
1310055842 17
1310055901 16
1310055961 15
1310056021 16
1310056081 15
1310056141 14
1310056201 15
1310056261 16
1310056321 16
1310056382 14
1310056441 19
1310056501 19
1310056561 18
1310056621 17
1310056681 19
1310056741 18
1310056801 18
1310056861 18
1310056921 17
1310056982 16
1310057041 14
1310057101 15
1310057161 15
1310057221 13
1310057281 14
1310057341 13
1310057401 11
1310057461 14
1310057521 14
1310057582 15
1310057641 15
1310057701 15
1310057761 15
1310057821 16
1310057881 14
1310057941 15
1310058001 15
1310058061 15
1310058122 18
1310058181 16
1310058241 14
1310058301 14
1310058361 15
1310058421 15
1310058482 15
1310058541 15
1310058601 15
1310058661 12
1310058721 11
1310058781 13
1310058841 11
1310058901 13
1310058962 12
1310059021 12
1310059081 13
1310059141 12
1310059201 12
1310059261 13
1310059321 12
1310059381 11
1310059441 13
1310059501 13
1310059561 12
1310059621 12
1310059682 12
1310059741 12
1310059801 12
1310059861 13
1310059921 12
1310059981 10
1310060041 9
1310060101 11
1310060161 11
1310060222 10
1310060281 10
1310060341 10
1310060401 11
1310060461 10
1310060521 10
1310060581 10
1310060641 10
1310060701 7
1310060762 9
1310060821 9
1310060881 8
1310060941 8
1310061001 9
1310061061 8
1310061121 9
1310061181 9
1310061241 9
1310061301 9
1310061361 7
1310061421 9
1310061482 9
1310061541 8
1310061601 7
1310061661 9
1310061721 8
1310061781 9
1310061841 8
1310061901 9
1310061961 10
1310062021 9
1310062082 10
1310062141 10
1310062201 9
1310062261 8
1310062321 10
1310062381 10
1310062441 9
1310062501 9
1310062561 8
1310062621 9
1310062681 8
1310062741 9
1310062801 9
1310062861 8
1310062921 8
1310062981 9
1310063041 9
1310063101 8
1310063161 7
1310063221 7
1310063282 8
1310063341 7
1310063401 8
1310063461 8
1310063521 7
1310063581 8
1310063641 7
1310063701 8
1310063761 8
1310063821 7
1310063882 7
1310063941 8
1310064001 7
1310064061 8
1310064121 7
1310064181 8
1310064241 8
1310064301 7
1310064362 8
1310064421 8
1310064481 7
1310064541 8
1310064601 9
1310064661 8
1310064721 8
1310064781 8
1310064841 9
1310064901 9
1310064962 8
1310065021 9
1310065081 8
1310065141 7
1310065201 7
1310065261 8
1310065321 7
1310065381 7
1310065441 8
1310065501 8
1310065562 8
1310065621 7
1310065681 8
1310065741 8
1310065801 7
1310065861 7
1310065921 8
1310065981 8
1310066041 6
1310066101 8
1310066162 8
1310066221 8
1310066281 7
1310066341 8
1310066401 7
1310066461 7
1310066521 7
1310066581 8
1310066641 8
1310066701 6
1310066762 8
1310066821 8
1310066881 9
1310066941 8
1310067001 9
1310067061 9
1310067121 8
1310067181 7
1310067242 9
1310067301 9
1310067361 7
1310067421 9
1310067481 8
1310067541 8
1310067601 7
1310067661 8
1310067721 8
1310067781 7
1310067841 6
1310067902 8
1310067961 8
1310068021 8
1310068081 8
1310068141 8
1310068201 8
1310068261 6
1310068321 8
1310068381 8
1310068441 6
1310068502 6
1310068561 8
1310068621 8
1310068681 9
1310068741 9
1310068801 9
1310068861 9
1310068921 8
1310068981 9
1310069042 9
1310069101 8
1310069161 6
1310069221 8
1310069281 8
1310069341 9
1310069401 9
1310069461 9
1310069521 8
1310069581 8
1310069642 8
1310069702 8
1310069761 7
1310069821 4
1310069881 8
1310069941 7
1310070001 8
1310070061 8
1310070121 9
1310070181 8
1310070241 9
1310070302 9
1310070361 9
1310070421 8
1310070481 6
1310070541 9
1310070601 8
1310070661 9
1310070721 8
1310070781 8
1310070841 7
1310070902 8
1310070961 8
1310071021 8
1310071081 7
1310071141 4
1310071201 8
1310071261 7
1310071321 8
1310071381 8
1310071441 8
1310071502 7
1310071561 8
1310071621 8
1310071681 8
1310071741 8
1310071801 5
1310071861 9
1310071921 8
1310071981 9
1310072041 9
1310072101 9
1310072162 8
1310072221 9
1310072281 8
1310072341 8
1310072401 8
1310072461 4
1310072521 8
1310072581 7
1310072641 8
1310072702 8
1310072761 8
1310072821 7
1310072881 8
1310072941 8
1310073001 8
1310073061 9
1310073121 6
1310073181 8
1310073241 8
1310073301 9
1310073362 9
1310073421 9
1310073481 8
1310073541 9
1310073601 9
1310073661 8
1310073721 9
1310073781 8
1310073841 7
1310073901 8
1310073961 9
1310074021 9
1310074082 9
1310074141 7
1310074201 9
1310074261 9
1310074321 9
1310074381 8
1310074441 8
1310074501 8
1310074561 8
1310074621 9
1310074682 9
1310074741 9
1310074801 8
1310074861 8
1310074921 8
1310074981 8
1310075041 7
1310075101 6
1310075161 7
1310075221 7
1310075281 8
1310075341 8
1310075401 7
1310075461 7
1310075521 8
1310075581 8
1310075641 8
1310075701 7
1310075761 6
1310075821 6
1310075881 6
1310075942 7
1310076001 7
1310076061 6
1310076121 6
1310076181 8
1310076241 8
1310076301 8
1310076362 7
1310076421 7
1310076481 8
1310076541 7
1310076601 8
1310076661 8
1310076721 8
1310076781 4
1310076841 7
1310076901 7
1310076961 7
1310077022 6
1310077081 5
1310077141 7
1310077201 7
1310077261 7
1310077321 7
1310077381 7
1310077441 4
1310077501 6
1310077561 6
1310077621 6
1310077681 5
1310077742 4
1310077801 6
1310077861 6
1310077921 6
1310077981 6
1310078041 6
1310078101 5
1310078161 6
1310078221 6
1310078281 6
1310078341 5
1310078401 3
1310078462 6
1310078521 6
1310078581 6
1310078641 6
1310078701 6
1310078761 6
1310078821 6
1310078881 6
1310078941 6
1310079001 5
1310079061 4
1310079121 6
1310079181 6
1310079241 6
1310079301 6
1310079361 5
1310079421 6
1310079481 7
1310079541 7
1310079602 7
1310079661 6
1310079721 5
1310079781 7
1310079841 7
1310079901 8
1310079961 7
1310080021 8
1310080081 7
1310080141 8
1310080201 8
1310080261 7
1310080322 8
1310080381 6
1310080441 8
1310080501 8
1310080561 8
1310080621 6
1310080681 8
1310080741 7
1310080801 8
1310080861 9
1310080921 8
1310080982 11
1310081041 9
1310081101 11
1310081161 11
1310081221 11
1310081281 10
1310081341 11
1310081401 12
1310081462 11
1310081521 10
1310081581 8
1310081641 10
1310081701 7
1310081761 11
1310081821 11
1310081881 11
1310081942 11
1310082001 9
1310082061 10
1310082121 11
1310082181 10
1310082241 10
1310082301 11
1310082361 8
1310082421 10
1310082481 12
1310082542 12
1310082601 12
1310082661 11
1310082721 11
1310082781 11
1310082841 10
1310082901 11
1310082961 13
1310083021 11
1310083082 12
1310083141 12
1310083201 14
1310083261 14
1310083321 15
1310083381 15
1310083441 15
1310083501 14
1310083561 14
1310083621 15
1310083682 13
1310083741 13
1310083801 14
1310083861 15
1310083921 15
1310083981 15
1310084041 14
1310084101 14
1310084161 13
1310084221 15
1310084282 17
1310084341 16
1310084401 17
1310084461 18
1310084521 19
1310084581 19
1310084641 19
1310084701 19
1310084761 20
1310084821 18
1310084881 17
1310084941 20
1310085001 19
1310085061 19
1310085121 20
1310085181 22
1310085241 23
1310085301 23
1310085361 21
1310085421 22
1310085482 22
1310085541 24
1310085601 24
1310085661 25
1310085721 26
1310085781 25
1310085841 25
1310085901 25
1310085961 26
1310086021 24
1310086081 24
1310086142 23
1310086201 25
1310086261 26
1310086321 25
1310086381 28
1310086441 31
1310086501 31
1310086561 31
1310086622 34
1310086681 33
1310086741 31
1310086801 31
1310086861 32
1310086921 31
1310086981 29
1310087041 33
1310087101 34
1310087162 33
1310087221 30
1310087281 32
1310087341 30
1310087401 28
1310087461 31
1310087521 30
1310087581 34
1310087642 29
1310087701 31
1310087761 30
1310087821 31
1310087881 31
1310087941 33
1310088001 32
1310088061 30
1310088121 30
1310088181 30
1310088242 31
1310088301 30
1310088361 33
1310088421 32
1310088481 33
1310088541 33
1310088601 34
1310088661 32
1310088721 32
1310088782 31
1310088841 29
1310088901 31
1310088961 30
1310089021 32
1310089081 33
1310089141 36
1310089202 36
1310089261 38
1310089321 37
1310089381 34
1310089441 36
1310089501 35
1310089561 36
1310089621 34
1310089681 35
1310089741 34
1310089802 34
1310089861 33
1310089921 38
1310089981 38
1310090041 38
1310090101 38
1310090161 39
1310090221 40
1310090281 40
1310090341 41
1310090401 41
1310090461 41
1310090521 37
1310090581 38
1310090641 39
1310090701 37
1310090761 37
1310090821 39
1310090881 38
1310090942 38
1310091001 37
1310091061 37
1310091121 39
1310091181 40
1310091241 36
1310091301 38
1310091361 36
1310091421 38
1310091482 39
1310091541 39
1310091601 38
1310091661 38
1310091721 36
1310091781 36
1310091841 39
1310091901 38
1310091961 40
1310092021 39
1310092082 41
1310092141 41
1310092201 43
1310092261 46
1310092321 47
1310092381 47
1310092441 46
1310092501 45
1310092562 46
1310092621 42
1310092681 41
1310092741 43
1310092801 41
1310092861 40
1310092921 40
1310092981 41
1310093041 40
1310093102 45
1310093161 45
1310093221 45
1310093281 47
1310093341 48
1310093401 48
1310093461 46
1310093521 48
1310093581 46
1310093641 51
1310093702 49
1310093761 46
1310093821 48
1310093881 43
1310093941 43
1310094001 42
1310094061 45
1310094121 44
1310094181 44
1310094242 41
1310094301 40
1310094361 43
1310094421 41
1310094481 43
1310094541 43
1310094601 43
1310094661 43
1310094721 41
1310094782 44
1310094841 43
1310094901 44
1310094961 43
1310095021 43
1310095081 42
1310095141 40
1310095201 42
1310095261 40
1310095321 42
1310095381 44
1310095442 43
1310095501 41
1310095561 40
1310095621 40
1310095681 42
1310095741 40
1310095801 39
1310095861 37
1310095921 40
1310095981 38
1310096042 41
1310096101 41
1310096161 44
1310096221 44
1310096281 42
1310096341 42
1310096401 41
1310096461 42
1310096521 38
1310096582 39
1310096641 40
1310096701 40
1310096761 37
1310096821 40
1310096881 39
1310096941 40
1310097001 40
1310097062 38
1310097121 41
1310097181 39
1310097241 39
1310097301 39
1310097361 38
1310097421 38
1310097481 39
1310097541 43
1310097602 42
1310097661 44
1310097721 42
1310097781 42
1310097841 40
1310097901 44
1310097961 43
1310098022 42
1310098081 42
1310098141 39
1310098201 38
1310098261 38
1310098321 35
1310098381 34
1310098441 32
1310098501 34
1310098562 33
1310098621 34
1310098681 34
1310098741 34
1310098801 35
1310098861 35
1310098921 37
1310098981 37
1310099041 39
1310099102 35
1310099161 37
1310099221 36
1310099281 36
1310099341 37
1310099401 38
1310099461 38
1310099521 38
1310099581 39
1310099641 37
1310099702 39
1310099761 37
1310099821 38
1310099881 37
1310099941 37
1310100001 37
1310100061 35
1310100121 36
1310100181 37
1310100242 36
1310100301 36
1310100361 40
1310100421 40
1310100481 39
1310100541 38
1310100601 40
1310100661 41
1310100721 40
1310100781 41
1310100842 44
1310100901 44
1310100961 42
1310101021 45
1310101081 45
1310101141 46
1310101201 44
1310101261 46
1310101321 43
1310101381 43
1310101442 45
1310101501 45
1310101561 47
1310101621 45
1310101681 46
1310101741 47
1310101801 47
1310101861 46
1310101921 50
1310101981 49
1310102041 47
1310102102 47
1310102161 47
1310102221 46
1310102281 48
1310102341 47
1310102401 46
1310102461 47
1310102521 46
1310102581 46
1310102642 47
1310102701 45
1310102761 44
1310102821 45
1310102881 45
1310102941 44
1310103001 46
1310103061 47
1310103121 48
1310103181 45
1310103241 45
1310103302 46
1310103361 47
1310103421 47
1310103481 46
1310103541 48
1310103601 49
1310103661 48
1310103721 49
1310103781 48
1310103841 47
1310103902 49
1310103961 45
1310104021 47
1310104081 48
1310104141 47
1310104201 48
1310104261 48
1310104321 49
1310104381 47
1310104441 45
1310104502 45
1310104561 46
1310104621 44
1310104681 44
1310104741 45
1310104801 44
1310104861 43
1310104921 46
1310104981 49
1310105041 48
1310105102 44
1310105161 47
1310105221 47
1310105281 48
1310105341 47
1310105401 51
1310105461 49
1310105521 49
1310105582 49
1310105641 51
1310105701 54
1310105761 50
1310105821 52
1310105881 51
1310105941 50
1310106001 50
1310106061 50
1310106122 48
1310106181 48
1310106241 48
1310106301 46
1310106361 49
1310106421 49
1310106481 48
1310106541 49
1310106601 50
1310106661 50
1310106722 55
1310106781 54
1310106841 54
1310106901 55
1310106961 52
1310107021 51
1310107081 51
1310107141 53
1310107201 47
1310107262 50
1310107321 45
1310107381 46
1310107441 44
1310107501 42
1310107561 43
1310107621 42
1310107681 42
1310107741 43
1310107802 45
1310107861 43
1310107921 43
1310107981 42
1310108041 43
1310108101 44
1310108161 45
1310108221 45
1310108281 44
1310108342 41
1310108401 41
1310108461 41
1310108521 41
1310108581 41
1310108641 42
1310108701 43
1310108761 41
1310108821 43
1310108882 41
1310108941 37
1310109001 39
1310109061 39
1310109121 41
1310109181 40
1310109241 39
1310109301 38
1310109361 39
1310109421 40
1310109482 40
1310109541 39
1310109601 39
1310109661 38
1310109721 38
1310109781 39
1310109841 41
1310109901 41
1310109961 44
1310110022 40
1310110081 42
1310110141 41
1310110201 41
1310110261 38
1310110321 41
1310110381 41
1310110441 42
1310110501 43
1310110562 43
1310110621 44
1310110681 45
1310110741 45
1310110801 44
1310110861 45
1310110921 38
1310110981 43
1310111042 42
1310111101 38
1310111161 41
1310111221 38
1310111281 40
1310111341 41
1310111401 38
1310111461 40
1310111521 39
1310111581 37
1310111641 41
1310111702 42
1310111762 38
1310111821 41
1310111881 40
1310111941 41
1310112001 42
1310112061 43
1310112121 44
1310112181 40
1310112241 38
1310112301 41
1310112362 40
1310112421 39
1310112481 39
1310112541 38
1310112601 39
1310112661 37
1310112721 37
1310112781 38
1310112841 38
1310112901 35
1310112962 38
1310113021 41
1310113081 41
1310113141 42
1310113201 40
1310113261 39
1310113321 39
1310113381 38
1310113441 39
1310113501 39
1310113562 39
1310113621 38
1310113681 37
1310113741 39
1310113801 40
1310113861 40
1310113921 40
1310113981 39
1310114042 40
1310114101 38
1310114161 37
1310114221 36
1310114281 39
1310114341 35
1310114401 36
1310114461 35
1310114521 34
1310114582 35
1310114641 32
1310114701 36
1310114761 36
1310114821 33
1310114881 31
1310114941 31
1310115001 30
1310115061 31
1310115121 30
1310115181 29
1310115242 31
1310115301 30
1310115361 31
1310115421 31
1310115481 33
1310115541 34
1310115601 34
1310115661 33
1310115721 34
1310115781 34
1310115841 31
1310115902 32
1310115961 30
1310116021 30
1310116081 27
1310116141 30
1310116201 29
1310116261 30
1310116321 28
1310116381 29
1310116441 30
1310116502 29
1310116561 31
1310116621 30
1310116681 28
1310116741 27
1310116801 31
1310116861 31
1310116921 32
1310116981 29
1310117041 30
1310117102 33
1310117161 32
1310117221 40
1310117281 42
1310117341 43
1310117401 40
1310117461 43
1310117521 42
1310117581 43
1310117641 44
1310117702 43
1310117761 44
1310117821 39
1310117881 38
1310117941 39
1310118001 40
1310118061 36
1310118121 40
1310118182 41
1310118241 37
1310118301 34
1310118361 41
1310118421 37
1310118481 38
1310118541 37
1310118601 37
1310118661 37
1310118722 33
1310118781 36
1310118841 37
1310118901 38
1310118961 31
1310119021 33
1310119081 31
1310119141 29
1310119201 30
1310119262 29
1310119321 27
1310119381 27
1310119441 29
1310119501 26
1310119561 25
1310119621 25
1310119681 24
1310119741 25
1310119801 23
1310119861 24
1310119922 24
1310119981 21
1310120041 19
1310120101 23
1310120161 21
1310120221 19
1310120281 20
1310120341 20
1310120401 21
1310120461 19
1310120522 21
1310120581 20
1310120641 21
1310120701 20
1310120761 20
1310120821 20
1310120881 21
1310120941 20
1310121001 20
1310121061 21
1310121121 19
1310121182 21
1310121241 20
1310121301 20
1310121361 20
1310121421 19
1310121481 19
1310121541 19
1310121601 17
1310121661 19
1310121721 19
1310121782 17
1310121841 18
1310121901 16
1310121961 16
1310122021 17
1310122081 15
1310122141 16
1310122201 17
1310122261 15
1310122321 17
1310122381 17
1310122442 17
1310122501 18
1310122561 17
1310122621 18
1310122681 18
1310122741 17
1310122801 18
1310122861 18
1310122921 18
1310122981 17
1310123042 17
1310123101 18
1310123161 17
1310123221 17
1310123281 18
1310123341 18
1310123401 18
1310123461 17
1310123521 18
1310123581 19
1310123642 18
1310123701 20
1310123761 20
1310123821 20
1310123881 19
1310123941 18
1310124001 19
1310124061 20
1310124121 18
1310124182 18
1310124241 19
1310124301 15
1310124361 17
1310124421 16
1310124481 17
1310124541 17
1310124601 18
1310124661 18
1310124721 17
1310124781 18
1310124842 18
1310124901 19
1310124961 18
1310125021 18
1310125081 16
1310125141 16
1310125201 14
1310125261 15
1310125321 16
1310125381 17
1310125441 15
1310125502 18
1310125561 18
1310125621 17
1310125681 19
1310125741 20
1310125801 21
1310125861 21
1310125921 21
1310125981 21
1310126041 23
1310126102 20
1310126161 22
1310126221 22
1310126281 21
1310126341 21
1310126401 20
1310126461 21
1310126521 20
1310126581 19
1310126641 19
1310126702 20
1310126761 20
1310126821 22
1310126881 23
1310126941 21
1310127001 22
1310127061 23
1310127121 24
1310127181 23
1310127241 24
1310127301 23
1310127362 24
1310127421 21
1310127481 21
1310127541 21
1310127601 20
1310127661 20
1310127721 20
1310127781 22
1310127841 22
1310127902 21
1310127961 18
1310128021 20
1310128081 20
1310128141 21
1310128201 19
1310128261 20
1310128321 21
1310128381 21
1310128441 20
1310128502 22
1310128561 21
1310128621 20
1310128681 22
1310128741 22
1310128801 22
1310128861 19
1310128921 19
1310128981 18
1310129041 21
1310129101 20
1310129161 20
1310129222 19
1310129281 18
1310129341 18
1310129401 19
1310129461 19
1310129521 18
1310129581 18
1310129641 15
1310129701 18
1310129761 18
1310129821 18
1310129881 18
1310129941 18
1310130001 17
1310130061 18
1310130121 17
1310130181 17
1310130241 18
1310130301 17
1310130361 20
1310130421 19
1310130482 18
1310130541 19
1310130601 20
1310130661 19
1310130721 19
1310130781 17
1310130841 16
1310130901 16
1310130961 14
1310131021 17
1310131081 16
1310131141 15
1310131202 14
1310131261 14
1310131321 15
1310131381 15
1310131441 14
1310131501 13
1310131561 17
1310131621 17
1310131681 19
1310131741 18
1310131801 18
1310131861 17
1310131922 18
1310131981 19
1310132041 20
1310132101 17
1310132161 15
1310132221 16
1310132281 15
1310132341 16
1310132401 17
1310132461 17
1310132522 15
1310132582 17
1310132641 16
1310132701 17
1310132761 17
1310132821 17
1310132881 17
1310132941 17
1310133001 16
1310133061 17
1310133121 17
1310133181 15
1310133241 18
1310133302 17
1310133361 17
1310133421 16
1310133481 18
1310133541 18
1310133601 20
1310133661 20
1310133721 21
1310133781 21
1310133841 18
1310133901 20
1310133962 19
1310134021 20
1310134081 16
1310134141 19
1310134201 19
1310134261 18
1310134321 17
1310134381 17
1310134441 17
1310134501 16
1310134561 17
1310134621 16
1310134682 19
1310134741 14
1310134801 19
1310134861 19
1310134921 19
1310134981 19
1310135041 20
1310135101 18
1310135161 20
1310135221 19
1310135281 19
1310135341 19
1310135402 17
1310135461 20
1310135521 20
1310135581 21
1310135641 20
1310135701 20
1310135761 18
1310135821 17
1310135881 16
1310135941 18
1310136001 15
1310136061 16
1310136122 17
1310136181 17
1310136241 19
1310136301 19
1310136361 19
1310136421 18
1310136481 18
1310136541 17
1310136601 19
1310136661 15
1310136721 19
1310136782 20
1310136841 19
1310136901 20
1310136961 21
1310137021 21
1310137081 22
1310137141 24
1310137201 24
1310137261 25
1310137321 23
1310137381 24
1310137441 26
1310137501 25
1310137561 24
1310137621 24
1310137681 26
1310137741 24
1310137801 23
1310137861 21
1310137921 22
1310137981 19
1310138041 20
1310138102 21
1310138161 22
1310138221 20
1310138281 18
1310138341 19
1310138401 18
1310138461 18
1310138521 18
1310138581 19
1310138641 18
1310138701 20
1310138761 20
1310138822 21
1310138881 19
1310138941 23
1310139001 23
1310139061 22
1310139121 21
1310139181 21
1310139241 22
1310139301 21
1310139361 20
1310139421 20
1310139481 19
1310139542 17
1310139601 19
1310139661 19
1310139721 17
1310139781 16
1310139841 18
1310139901 20
1310139961 20
1310140021 20
1310140081 20
1310140141 16
1310140202 19
1310140261 21
1310140321 21
1310140381 20
1310140441 19
1310140501 18
1310140561 18
1310140621 17
1310140681 18
1310140741 18
1310140801 14
