1311955261 22
1311955321 21
1311955381 20
1311955441 19
1311955501 19
1311955561 21
1311955621 22
1311955681 21
1311955741 20
1311955801 20
1311955862 20
1311955921 20
1311955981 21
1311956041 22
1311956101 23
1311956161 21
1311956221 17
1311956281 19
1311956341 19
1311956401 18
1311956462 19
1311956521 18
1311956581 16
1311956641 17
1311956701 16
1311956761 18
1311956821 19
1311956881 16
1311956941 18
1311957001 18
1311957061 18
1311957121 17
1311957182 17
1311957241 15
1311957301 17
1311957361 16
1311957421 16
1311957481 18
1311957541 16
1311957601 17
1311957661 19
1311957721 19
1311957781 19
1311957842 19
1311957901 18
1311957961 19
1311958021 20
1311958081 20
1311958141 19
1311958201 20
1311958261 19
1311958321 19
1311958381 18
1311958441 18
1311958501 19
1311958561 19
1311958621 20
1311958681 19
1311958741 19
1311958802 18
1311958861 18
1311958921 20
1311958981 23
1311959041 21
1311959101 22
1311959161 20
1311959222 20
1311959282 22
1311959341 22
1311959401 22
1311959461 22
1311959521 21
1311959581 21
1311959641 20
1311959701 19
1311959761 19
1311959821 18
1311959881 18
1311959941 19
1311960002 19
1311960061 17
1311960121 18
1311960181 17
1311960241 16
1311960301 16
1311960361 16
1311960421 15
1311960481 16
1311960542 16
1311960601 16
1311960661 17
1311960721 16
1311960781 18
1311960841 18
1311960901 17
1311960961 17
1311961021 17
1311961081 15
1311961141 16
1311961202 16
1311961261 15
1311961321 13
1311961381 12
1311961441 13
1311961501 13
1311961561 12
1311961621 12
1311961681 11
1311961741 11
1311961802 10
1311961861 11
1311961921 11
1311961981 9
1311962041 9
1311962101 10
1311962161 9
1311962221 8
1311962281 10
1311962341 9
1311962402 9
1311962461 8
1311962521 9
1311962581 9
1311962641 9
1311962701 8
1311962761 7
1311962821 7
1311962881 7
1311962942 8
1311963001 8
1311963061 8
1311963121 7
1311963181 7
1311963241 8
1311963301 8
1311963361 8
1311963421 8
1311963482 7
1311963541 7
1311963601 8
1311963661 8
1311963721 8
1311963781 8
1311963841 7
1311963901 8
1311963961 8
1311964021 8
1311964081 6
1311964141 8
1311964202 7
1311964261 8
1311964321 8
1311964381 8
1311964441 7
1311964501 7
1311964561 8
1311964621 8
1311964681 8
1311964742 6
1311964801 8
1311964861 8
1311964921 7
1311964981 8
1311965041 8
1311965101 7
1311965161 7
1311965221 8
1311965282 8
1311965341 8
1311965401 8
1311965461 7
1311965521 7
1311965581 6
1311965641 7
1311965701 7
1311965762 7
1311965821 7
1311965881 6
1311965941 7
1311966001 6
1311966061 6
1311966121 7
1311966181 7
1311966241 7
1311966302 7
1311966361 7
1311966421 7
1311966481 7
1311966541 7
1311966601 7
1311966661 6
1311966722 6
1311966781 7
1311966841 7
1311966901 7
1311966961 7
1311967021 7
1311967081 7
1311967141 7
1311967202 7
1311967261 7
1311967321 6
1311967381 6
1311967441 7
1311967502 7
1311967562 7
1311967621 6
1311967681 7
1311967741 6
1311967801 6
1311967861 7
1311967921 7
1311967982 6
1311968041 5
1311968101 7
1311968161 7
1311968221 7
1311968281 6
1311968341 7
1311968401 6
1311968461 6
1311968521 6
1311968581 6
1311968642 6
1311968701 6
1311968761 6
1311968821 7
1311968881 7
1311968941 6
1311969001 7
1311969061 6
1311969121 7
1311969182 7
1311969241 7
1311969301 4
1311969361 6
1311969421 6
1311969481 7
1311969541 7
1311969601 7
1311969661 7
1311969722 6
1311969781 7
1311969841 7
1311969901 7
1311969961 4
1311970021 6
1311970081 7
1311970141 7
1311970201 6
1311970262 7
1311970321 7
1311970381 6
1311970441 7
1311970501 7
1311970561 7
1311970621 4
1311970681 5
1311970741 6
1311970801 6
1311970861 5
1311970922 6
1311970981 6
1311971041 5
1311971101 6
1311971161 6
1311971221 6
1311971281 3
1311971341 5
1311971401 6
1311971461 6
1311971521 5
1311971582 6
1311971641 6
1311971701 5
1311971761 6
1311971821 6
1311971881 6
1311971941 3
1311972001 4
1311972062 5
1311972121 5
1311972181 4
1311972241 5
1311972301 5
1311972361 4
1311972421 5
1311972481 5
1311972541 5
1311972601 4
1311972662 4
1311972721 5
1311972781 5
1311972841 4
1311972901 5
1311972961 5
1311973021 4
1311973081 5
1311973141 6
1311973201 5
1311973262 5
1311973321 5
1311973381 6
1311973441 6
1311973501 5
1311973561 6
1311973621 6
1311973681 5
1311973741 6
1311973801 6
1311973862 5
1311973921 5
1311973981 5
1311974041 6
1311974101 6
1311974161 5
1311974221 6
1311974281 6
1311974341 5
1311974401 5
1311974461 6
1311974521 5
1311974582 5
1311974641 5
1311974701 6
1311974761 6
1311974821 6
1311974881 7
1311974941 7
1311975001 7
1311975061 6
1311975121 7
1311975181 6
1311975242 6
1311975301 6
1311975361 7
1311975421 6
1311975481 6
1311975541 7
1311975601 6
1311975661 7
1311975721 6
1311975781 7
1311975842 6
1311975901 6
1311975961 6
1311976021 7
1311976081 6
1311976141 7
1311976201 7
1311976261 7
1311976321 7
1311976381 6
1311976441 7
1311976502 6
1311976561 6
1311976621 6
1311976681 7
1311976741 7
1311976801 8
1311976861 8
1311976921 8
1311976981 8
1311977041 7
1311977101 9
1311977162 8
1311977221 8
1311977281 9
1311977341 6
1311977401 8
1311977461 9
1311977521 9
1311977581 9
1311977641 9
1311977701 7
1311977762 9
1311977821 9
1311977881 9
1311977941 10
1311978001 9
1311978061 9
1311978121 11
1311978181 11
1311978241 11
1311978301 11
1311978362 10
1311978421 10
1311978481 9
1311978541 9
1311978601 9
1311978661 7
1311978721 10
1311978781 10
1311978841 10
1311978902 10
1311978961 10
1311979021 9
1311979081 10
1311979141 9
1311979201 10
1311979261 10
1311979321 8
1311979381 11
1311979441 11
1311979502 13
1311979561 13
1311979621 13
1311979681 12
1311979741 13
1311979801 12
1311979861 10
1311979921 12
1311979981 8
1311980041 10
1311980102 9
1311980161 9
1311980221 10
1311980281 10
1311980341 9
1311980401 10
1311980461 10
1311980521 7
1311980581 9
1311980641 9
1311980701 9
1311980761 10
1311980821 11
1311980881 11
1311980941 11
1311981001 11
1311981061 11
1311981122 11
1311981181 8
1311981241 11
1311981301 10
1311981361 10
1311981421 10
1311981481 9
1311981541 9
1311981601 8
1311981662 8
1311981721 9
1311981781 10
1311981841 6
1311981901 10
1311981961 10
1311982021 10
1311982081 12
1311982141 12
1311982201 12
1311982262 12
1311982321 12
1311982381 12
1311982441 13
1311982501 10
1311982561 12
1311982621 11
1311982681 11
1311982741 12
1311982801 12
1311982862 12
1311982921 12
1311982982 12
1311983041 12
1311983101 12
1311983161 12
1311983221 13
1311983281 13
1311983341 12
1311983401 13
1311983462 13
1311983521 13
1311983581 14
1311983641 12
1311983701 14
1311983761 12
1311983821 12
1311983881 13
1311983941 13
1311984002 14
1311984061 17
1311984121 17
1311984181 16
1311984241 18
1311984301 17
1311984361 19
1311984421 17
1311984481 19
1311984541 18
1311984602 19
1311984661 19
1311984721 21
1311984781 21
1311984841 19
1311984901 20
1311984961 21
1311985021 24
1311985082 21
1311985141 24
1311985201 22
1311985261 22
1311985321 21
1311985381 24
1311985441 24
1311985501 22
1311985561 22
1311985621 24
1311985681 26
1311985742 24
1311985801 27
1311985861 26
1311985921 28
1311985981 28
1311986041 28
1311986101 28
1311986161 28
1311986222 28
1311986282 28
1311986341 31
1311986401 30
1311986461 31
1311986521 29
1311986581 31
1311986641 32
1311986701 33
1311986761 33
1311986821 32
1311986881 34
1311986942 34
1311987001 34
1311987061 34
1311987121 34
1311987181 31
1311987241 32
1311987301 33
1311987361 33
1311987421 35
1311987481 31
1311987541 31
1311987601 36
1311987661 33
1311987721 34
1311987781 34
1311987841 35
1311987901 37
1311987961 36
1311988021 37
1311988082 39
1311988141 40
1311988201 36
1311988261 37
1311988321 39
1311988381 41
1311988441 42
1311988501 38
1311988561 40
1311988621 40
1311988682 41
1311988741 38
1311988801 40
1311988861 42
1311988921 43
1311988981 43
1311989041 41
1311989101 42
1311989161 40
1311989221 41
1311989282 42
1311989341 42
1311989401 42
1311989461 39
1311989521 39
1311989581 41
1311989641 42
1311989701 42
1311989761 43
1311989821 38
1311989882 40
1311989941 41
1311990001 39
1311990061 47
1311990121 45
1311990181 43
1311990241 43
1311990301 44
1311990361 45
1311990421 44
1311990482 41
1311990541 45
1311990601 45
1311990661 42
1311990721 45
1311990781 43
1311990841 47
1311990901 45
1311990961 44
1311991021 45
1311991082 43
1311991141 42
1311991201 45
1311991261 42
1311991321 43
1311991381 41
1311991441 44
1311991501 46
1311991561 46
1311991621 44
1311991682 43
1311991741 43
1311991801 40
1311991861 40
1311991921 39
1311991981 40
1311992041 37
1311992101 40
1311992161 40
1311992221 41
1311992282 42
1311992341 38
1311992401 43
1311992461 42
1311992521 44
1311992581 45
1311992641 45
1311992701 48
1311992761 49
1311992821 48
1311992881 47
1311992942 50
1311993001 48
1311993061 48
1311993121 49
1311993181 47
1311993241 47
1311993301 44
1311993361 47
1311993421 49
1311993482 51
1311993541 51
1311993601 51
1311993661 50
1311993721 48
1311993781 47
1311993841 47
1311993901 45
1311993961 45
1311994021 45
1311994082 43
1311994141 45
1311994201 42
1311994261 43
1311994321 45
1311994381 47
1311994441 47
1311994501 47
1311994561 47
1311994621 51
1311994681 52
1311994742 50
1311994801 51
1311994861 53
1311994921 55
1311994981 53
1311995041 51
1311995101 50
1311995161 48
1311995221 48
1311995281 48
1311995341 48
1311995402 46
1311995461 47
1311995521 43
1311995581 45
1311995641 43
1311995701 45
1311995761 44
1311995821 42
1311995881 43
1311995941 43
1311996001 45
1311996062 43
1311996121 45
1311996181 43
1311996241 46
1311996301 43
1311996361 45
1311996421 44
1311996481 44
1311996541 42
1311996601 41
1311996661 44
1311996722 44
1311996781 43
1311996841 43
1311996901 43
1311996961 41
1311997021 43
1311997081 43
1311997141 45
1311997201 44
1311997261 42
1311997321 40
1311997382 44
1311997442 44
1311997501 45
1311997561 48
1311997621 48
1311997681 48
1311997741 46
1311997801 49
1311997861 47
1311997921 49
1311997981 47
1311998041 48
1311998102 48
1311998161 45
1311998221 46
1311998281 43
1311998341 46
1311998401 46
1311998461 49
1311998521 45
1311998581 48
1311998641 45
1311998702 47
1311998761 45
1311998821 43
1311998881 44
1311998941 43
1311999001 41
1311999061 38
1311999121 39
1311999181 38
1311999241 38
1311999301 36
1311999361 38
1311999421 38
1311999481 38
1311999541 35
1311999601 36
1311999661 37
1311999721 36
1311999781 37
1311999841 38
1311999901 39
1311999962 38
1312000022 35
1312000081 41
1312000141 40
1312000201 40
1312000261 42
1312000321 43
1312000381 43
1312000441 44
1312000501 44
1312000561 46
1312000621 45
1312000681 43
1312000742 44
1312000801 43
1312000861 41
1312000921 42
1312000981 44
1312001041 42
1312001101 41
1312001161 43
1312001221 45
1312001281 40
1312001341 42
1312001402 40
1312001461 40
1312001521 41
1312001581 40
1312001641 44
1312001701 44
1312001761 44
1312001821 45
1312001881 46
1312001941 47
1312002001 47
1312002061 48
1312002121 45
1312002181 45
1312002241 40
1312002301 41
1312002361 43
1312002421 43
1312002481 42
1312002541 40
1312002601 40
1312002661 41
1312002722 43
1312002781 44
1312002841 45
1312002901 44
1312002961 42
1312003021 44
1312003081 46
1312003141 44
1312003201 44
1312003262 45
1312003321 43
1312003381 41
1312003441 43
1312003501 43
1312003561 44
1312003621 40
1312003681 43
1312003741 44
1312003801 44
1312003862 42
1312003921 43
1312003981 44
1312004041 42
1312004101 41
1312004161 41
1312004221 42
1312004281 42
1312004341 42
1312004401 42
1312004461 44
1312004522 40
1312004581 44
1312004641 37
1312004701 40
1312004761 41
1312004821 39
1312004881 37
1312004941 36
1312005001 38
1312005061 39
1312005121 41
1312005182 38
1312005241 41
1312005301 38
1312005361 41
1312005421 43
1312005481 43
1312005541 44
1312005601 40
1312005661 42
1312005721 44
1312005782 45
1312005841 43
1312005901 42
1312005961 43
1312006021 43
1312006081 44
1312006141 45
1312006201 47
1312006261 46
1312006321 48
1312006382 48
1312006441 48
1312006501 50
1312006561 47
1312006621 50
1312006681 48
1312006741 47
1312006801 46
1312006861 46
1312006921 44
1312006982 46
1312007041 45
1312007101 44
1312007161 40
1312007221 43
1312007281 45
1312007341 45
1312007401 45
1312007461 42
1312007521 44
1312007581 45
1312007642 46
1312007701 45
1312007761 46
1312007821 43
1312007881 41
1312007941 44
1312008001 45
1312008061 44
1312008122 43
1312008181 43
1312008241 44
1312008301 45
1312008361 42
1312008421 45
1312008481 43
1312008541 44
1312008601 45
1312008662 46
1312008721 47
1312008781 46
1312008841 46
1312008901 45
1312008961 47
1312009021 46
1312009081 49
1312009141 48
1312009201 48
1312009261 47
1312009322 49
1312009381 48
1312009441 47
1312009501 47
1312009561 49
1312009621 47
1312009681 46
1312009741 46
1312009801 48
1312009861 51
1312009921 50
1312009981 53
1312010042 51
1312010101 52
1312010161 53
1312010221 55
1312010281 55
1312010341 52
1312010401 54
1312010461 53
1312010521 53
1312010581 53
1312010642 53
1312010701 52
1312010761 50
1312010821 50
1312010881 50
1312010941 51
1312011001 52
1312011061 52
1312011121 53
1312011181 51
1312011241 52
1312011301 54
1312011361 57
1312011421 55
1312011481 54
1312011541 53
1312011602 47
1312011661 47
1312011721 48
1312011781 49
1312011841 50
1312011901 51
1312011961 51
1312012021 50
1312012081 50
1312012141 52
1312012201 52
1312012261 51
1312012322 51
1312012382 51
1312012441 48
1312012501 49
1312012561 47
1312012621 47
1312012681 47
1312012741 46
1312012801 44
1312012861 43
1312012921 43
1312012981 40
1312013041 41
1312013101 41
1312013161 39
1312013221 39
1312013281 39
1312013341 39
1312013401 38
1312013461 39
1312013521 36
1312013581 39
1312013641 36
1312013702 35
1312013762 39
1312013821 38
1312013881 39
1312013941 40
1312014001 40
1312014061 40
1312014121 43
1312014181 43
1312014241 42
1312014301 42
1312014361 42
1312014421 44
1312014481 41
1312014541 44
1312014601 45
1312014661 46
1312014721 43
1312014781 44
1312014841 47
1312014901 47
1312014961 46
1312015022 47
1312015081 48
1312015141 48
1312015201 48
1312015261 45
1312015321 48
1312015381 46
1312015441 44
1312015501 42
1312015561 45
1312015621 43
1312015682 43
1312015741 40
1312015801 41
1312015861 42
1312015921 40
1312015981 40
1312016041 40
1312016101 40
1312016161 39
1312016221 38
1312016282 39
1312016341 38
1312016401 39
1312016461 37
1312016521 37
1312016581 37
1312016641 37
1312016701 37
1312016761 37
1312016821 32
1312016882 35
1312016941 37
1312017001 36
1312017061 37
1312017121 35
1312017181 37
1312017241 38
1312017301 38
1312017361 38
1312017421 39
1312017482 39
1312017541 37
1312017601 38
1312017661 38
1312017721 41
1312017781 37
1312017841 41
1312017901 40
1312017961 39
1312018022 37
1312018081 38
1312018141 36
1312018201 37
1312018261 38
1312018321 37
1312018381 37
1312018441 36
1312018501 39
1312018561 36
1312018621 37
1312018682 35
1312018741 34
1312018801 33
1312018861 34
1312018921 33
1312018981 35
1312019041 34
1312019101 32
1312019161 34
1312019221 35
1312019282 35
1312019341 37
1312019401 36
1312019461 36
1312019521 37
1312019581 36
1312019641 36
1312019701 36
1312019761 33
1312019821 33
1312019882 34
1312019941 35
1312020001 38
1312020061 37
1312020121 36
1312020181 37
1312020241 35
1312020301 35
1312020361 36
1312020421 34
1312020482 35
1312020541 36
1312020601 36
1312020661 36
1312020721 35
1312020781 35
1312020841 37
1312020901 35
1312020961 37
1312021021 37
1312021081 33
1312021142 35
1312021202 33
1312021261 33
1312021321 33
1312021381 36
1312021441 35
1312021501 37
1312021561 37
1312021621 37
1312021681 37
1312021741 32
1312021802 36
1312021861 36
1312021921 35
1312021981 32
1312022041 36
1312022101 35
1312022161 35
1312022221 35
1312022281 34
1312022341 33
1312022402 33
1312022461 33
1312022521 33
1312022581 32
1312022641 31
1312022701 33
1312022761 34
1312022821 34
1312022881 35
1312022941 36
1312023001 36
1312023062 37
1312023121 38
1312023181 38
1312023241 37
1312023301 35
1312023361 34
1312023421 36
1312023481 35
1312023541 36
1312023601 37
1312023661 38
1312023722 38
1312023781 39
1312023841 38
1312023901 39
1312023961 40
1312024021 40
1312024081 39
1312024141 39
1312024201 37
1312024261 37
1312024322 38
1312024381 38
1312024441 38
1312024501 38
1312024561 38
1312024621 37
1312024681 37
1312024741 35
1312024801 38
1312024861 39
1312024921 39
1312024981 40
1312025041 42
1312025101 41
1312025161 42
1312025221 42
1312025281 46
1312025342 48
1312025401 45
1312025461 47
1312025521 47
1312025581 45
1312025641 42
1312025701 44
1312025761 45
1312025821 44
1312025881 44
1312025942 46
1312026001 46
1312026061 44
1312026121 46
1312026181 47
1312026241 46
1312026301 41
1312026361 43
1312026421 44
1312026481 46
1312026541 42
1312026602 44
1312026661 44
1312026721 41
1312026782 42
1312026841 40
1312026901 41
1312026961 39
1312027021 40
1312027081 38
1312027141 38
1312027201 39
1312027261 40
1312027321 38
1312027382 37
1312027441 40
1312027501 41
1312027561 41
1312027621 39
1312027681 37
1312027741 41
1312027801 39
1312027861 36
1312027922 36
1312027981 36
1312028041 36
1312028101 36
1312028161 38
1312028221 39
1312028281 39
1312028341 38
1312028401 40
1312028461 39
1312028521 39
1312028581 39
1312028641 38
1312028701 37
1312028761 38
1312028821 39
1312028881 42
1312028941 42
1312029002 41
1312029061 41
1312029121 42
1312029181 44
1312029241 44
1312029301 44
1312029361 40
1312029421 44
1312029481 43
1312029541 42
1312029602 43
1312029661 45
1312029721 45
1312029781 42
1312029841 43
1312029901 43
1312029961 41
1312030021 39
1312030081 41
1312030142 41
1312030201 40
1312030261 42
1312030321 43
1312030381 43
1312030441 43
1312030501 43
1312030561 43
1312030621 39
1312030682 41
1312030741 40
1312030801 41
1312030861 41
1312030921 42
1312030981 43
1312031041 41
1312031101 41
1312031161 42
1312031221 45
1312031281 43
1312031341 43
1312031401 38
1312031461 44
1312031521 45
1312031581 47
1312031641 48
1312031702 47
1312031761 47
1312031821 46
1312031881 47
1312031941 47
1312032001 51
1312032061 44
1312032121 47
1312032181 47
1312032242 50
1312032301 52
1312032361 52
1312032421 51
1312032481 49
1312032541 52
1312032601 51
1312032661 53
1312032721 50
1312032781 51
1312032842 47
1312032901 49
1312032961 50
1312033021 51
1312033081 51
1312033141 51
1312033201 53
1312033261 51
1312033321 51
1312033381 50
1312033442 51
1312033501 48
1312033561 49
1312033621 49
1312033681 50
1312033741 50
1312033801 51
1312033861 49
1312033921 51
1312033981 52
1312034042 52
1312034101 52
1312034161 53
1312034221 52
1312034281 53
1312034341 53
1312034401 51
1312034461 49
1312034521 46
1312034581 47
1312034642 47
1312034701 50
1312034761 48
1312034821 48
1312034881 47
1312034941 47
1312035001 51
1312035061 50
1312035121 49
1312035181 50
1312035241 51
1312035302 51
1312035361 52
1312035421 52
1312035481 52
1312035541 49
1312035601 46
1312035661 47
1312035721 48
1312035782 45
1312035841 48
1312035901 47
1312035961 44
1312036021 49
1312036081 48
1312036141 50
1312036201 48
1312036261 46
1312036321 47
1312036382 47
1312036441 42
1312036501 45
1312036561 45
1312036621 46
1312036681 47
1312036741 46
1312036801 46
1312036861 46
1312036921 46
1312036981 44
1312037041 43
1312037101 44
1312037161 45
1312037221 45
1312037281 45
1312037341 46
1312037401 44
1312037461 45
1312037521 45
1312037582 46
1312037641 45
1312037701 42
1312037761 42
1312037821 39
1312037881 41
1312037941 41
1312038001 40
1312038061 38
1312038122 37
1312038181 36
1312038241 38
1312038301 36
1312038361 37
1312038421 37
1312038481 35
1312038541 37
1312038601 40
1312038662 42
1312038721 40
1312038781 42
1312038841 43
1312038901 44
1312038961 42
1312039021 42
1312039081 44
1312039141 42
1312039201 40
1312039262 39
1312039321 40
1312039381 38
1312039441 40
1312039501 40
1312039561 39
1312039621 37
1312039681 35
1312039741 35
1312039801 37
1312039862 37
1312039921 36
1312039981 37
1312040041 36
1312040101 36
1312040161 36
1312040221 36
1312040281 34
1312040341 35
1312040401 31
1312040462 32
1312040521 34
1312040581 34
1312040641 34
1312040701 34
1312040761 34
1312040821 32
1312040881 32
1312040941 31
1312041001 29
1312041061 30
1312041122 28
1312041181 26
1312041241 22
1312041301 25
1312041361 25
1312041421 26
1312041481 26
1312041541 28
1312041601 27
